1478186168112 lifecam22 3346.65258789 5381.62890625 4.71384334564
1478186168169 lifecam22 3347.04223633 5381.60253906 4.71500253677
1478186168239 lifecam22 3346.76318359 5381.45996094 4.7136516571
1478186168572 lifecam22 3347.19042969 5381.89306641 4.71635055542
1478186168633 lifecam22 3346.91162109 5381.75048828 4.71499872208
1478186168701 lifecam22 3346.91162109 5381.75048828 4.71499872208
1478186168773 lifecam22 3347.19042969 5381.89306641 4.71635055542
1478186168837 lifecam22 3346.95141602 5381.79101562 4.71538448334
1478186169044 lifecam22 3346.95141602 5381.79101562 4.71538448334
1478186169104 lifecam22 3346.78442383 5381.48144531 4.71384477615
1478186169171 lifecam22 3346.50439453 5381.33837891 4.712495327
1478186169238 lifecam22 3346.91162109 5381.75048828 4.71499872208
1478186169308 lifecam22 3346.91162109 5381.75048828 4.71499872208
1478186169567 lifecam22 3347.19042969 5381.89306641 4.71635055542
1478186169648 lifecam22 3346.76318359 5381.45996094 4.7136516571
1478186169716 lifecam22 3347.19042969 5381.89306641 4.71635055542
1478186169770 lifecam22 3347.19042969 5381.89306641 4.71635055542
1478186169832 lifecam22 3346.69238281 5381.66943359 4.71422719955
1478186170171 lifecam22 3346.76318359 5381.45996094 4.7136516571
1478186170243 lifecam22 3346.76318359 5381.45996094 4.7136516571
1478186170304 lifecam22 3346.78442383 5381.48144531 4.71384477615
1478186170369 lifecam22 3346.91162109 5381.75048828 4.71499872208
1478186170446 lifecam22 3347.04223633 5381.60253906 4.71500253677
1478186170709 lifecam22 3346.59326172 5381.14794922 4.7121090889
1478186170774 lifecam22 3346.67285156 5381.64941406 4.71403551102
1478186170843 lifecam22 3346.63720703 5380.77392578 4.71133232117
1478186170912 lifecam22 3346.20800781 5380.19970703 4.70861816406
1478186170979 lifecam22 3345.66650391 5379.79394531 4.70610952377
1478186171247 lifecam22 3346.03149414 5380.72021484 4.70940923691
1478186171302 lifecam22 3346.40161133 5380.25683594 4.70919704437
1478186171379 lifecam22 3346.78637695 5381.20507812 4.71269083023
1478186171446 lifecam22 3345.77783203 5379.63085938 4.70474672318
1478186171508 lifecam22 3346.35375977 5379.9375 4.70764112473
1478186171778 lifecam22 3347.19042969 5381.89306641 4.71635055542
1478186171844 lifecam22 3350.90698242 5383.42382812 4.73076486588
1478186171912 lifecam22 3353.23950195 5383.140625 4.72811412811
1478186171971 lifecam22 3352.73974609 5383.98193359 4.73596668243
1478186172046 lifecam22 3352.84985352 5384.38769531 4.73972797394
1478186172370 lifecam22 3336.0168457 5376.21044922 4.68577861786
1478186172441 lifecam22 3328.70483398 5374.82958984 4.68301486969
1478186172519 lifecam22 3321.52929688 5372.59472656 4.6644654274
1478186172569 lifecam22 3314.81835938 5372.10351562 4.66751718521
1478186172644 lifecam22 3307.8046875 5371.84472656 4.66503047943
1478186172782 lifecam22 3293.53051758 5368.95166016 4.64642810822
1478186172843 lifecam22 3286.06225586 5367.4453125 4.64043092728
1478186172911 lifecam22 3279.39575195 5367.25878906 4.63735103607
1478186172981 lifecam22 3272.57299805 5366.93066406 4.63563251495
1478186173037 lifecam22 3266.01464844 5366.66308594 4.63622283936
1478186173311 lifecam22 3239.77050781 5365.24169922 4.6194190979
1478186173382 lifecam22 3233.36035156 5364.76416016 4.61959218979
1478186173447 lifecam22 3226.1484375 5365.27783203 4.6145067215
1478186173509 lifecam22 3219.43554688 5363.74853516 4.60892820358
1478186173581 lifecam22 3212.36767578 5363.87353516 4.60361099243
1478186173916 lifecam22 3177.42407227 5360.88037109 4.56677150726
1478186173976 lifecam22 3169.86938477 5360.84521484 4.56424665451
1478186174050 lifecam22 3163.78222656 5360.91699219 4.55982303619
1478186174109 lifecam22 3156.8347168 5360.99023438 4.55767869949
1478186174179 lifecam22 3148.89013672 5360.90136719 4.54969978333
1478186174379 lifecam22 3128.37231445 5360.27099609 4.53441572189
1478186174448 lifecam22 3120.36108398 5360.68066406 4.52564764023
1478186174513 lifecam22 3113.79370117 5360.65380859 4.52469682693
1478186174579 lifecam22 3107.45849609 5360.87255859 4.52306365967
1478186174647 lifecam22 3100.68261719 5361.38378906 4.51916217804
1478186174915 lifecam22 3072.03051758 5361.62207031 4.49498128891
1478186174979 lifecam22 3065.56420898 5362.890625 4.49383163452
1478186175050 lifecam22 3057.82666016 5363.32421875 4.48720169067
1478186175117 lifecam22 2955.99536133 5328.89550781 0.098315551877
1478186175181 lifecam22 3045.01879883 5364.45068359 4.48073148727
1478186175526 lifecam22 3011.30712891 5367.41015625 4.4612402916
1478186175585 lifecam22 3004.56640625 5367.01513672 4.45223522186
1478186175649 lifecam22 2997.42504883 5368.6484375 4.44544410706
1478186175708 lifecam22 2990.17797852 5368.20068359 4.43726491928
1478186175780 lifecam22 2983.94433594 5369.70361328 4.43721818924
1478186176053 lifecam22 2955.05834961 5373.02197266 4.41342639923
1478186176116 lifecam22 2948.66577148 5373.93359375 4.41042900085
1478186176175 lifecam22 2942.07836914 5375.28955078 4.40569972992
1478186176254 lifecam22 2934.63208008 5375.26855469 4.39659738541
1478186176312 lifecam22 2927.3269043 5376.52539062 4.39526557922
1478186176650 lifecam22 2893.35107422 5382.13671875 4.37006092072
1478186176704 lifecam22 2887.05859375 5383.34375 4.36766624451
1478186176780 lifecam22 2879.5847168 5383.81445312 4.35940361023
1478186176851 lifecam22 2872.97924805 5386.69335938 4.35594129562
1478186176917 lifecam22 2865.81005859 5387.41357422 4.35229539871
1478186177182 lifecam22 2839.04663086 5393.93701172 4.33840847015
1478186177248 lifecam22 2831.44360352 5395.10644531 4.32924365997
1478186177323 lifecam22 2826.10888672 5397.23925781 4.32615470886
1478186177388 lifecam22 2818.92797852 5398.34667969 4.31859111786
1478186177451 lifecam22 2812.41845703 5400.04248047 4.31801509857
1478186177717 lifecam22 2784.19335938 5406.71435547 4.28708171844
1478186177791 lifecam22 2777.50952148 5407.84863281 4.28148603439
1478186177850 lifecam22 2770.57763672 5410.41308594 4.27936077118
1478186177920 lifecam22 2764.15820312 5411.56640625 4.27152967453
1478186177992 lifecam22 2755.47436523 5413.11279297 4.26122379303
1478186178252 lifecam22 2730.49975586 5421.17822266 4.2498717308
1478186178316 lifecam22 2724.23901367 5424.03759766 4.24912214279
1478186178386 lifecam22 2718.03051758 5426.70507812 4.24468708038
1478186178455 lifecam22 2710.59155273 5427.50927734 4.23770332336
1478186178518 lifecam22 2705.19824219 5430.38720703 4.23757362366
1478186178716 lifecam22 2685.30102539 5436.46044922 4.22040557861
1478186178793 lifecam22 2677.984375 5439.31884766 4.21797323227
1478186178857 lifecam22 2672.16894531 5442.01220703 4.21280479431
1478186178931 lifecam22 2664.78369141 5444.47998047 4.20237493515
1478186178988 lifecam22 2659.51904297 5446.89208984 4.20604515076
1478186179328 lifecam22 2626.49682617 5458.55566406 4.17673921585
1478186179379 lifecam22 2620.36645508 5461.84570312 4.17373561859
1478186179459 lifecam22 2612.43969727 5463.69189453 4.16394233704
1478186179528 lifecam22 2606.51220703 5466.02587891 4.1562128067
1478186179597 lifecam22 2598.40722656 5468.52734375 4.14720726013
1478186179857 lifecam22 2572.09106445 5478.83642578 4.12784814835
1478186179921 lifecam22 2567.00537109 5482.80908203 4.12965583801
1478186179990 lifecam22 2559.72851562 5485.171875 4.12107992172
1478186180060 lifecam22 2554.4387207 5488.53759766 4.12467479706
1478186180125 lifecam22 2547.53173828 5490.95996094 4.11214208603
1478186180397 lifecam22 2522.20849609 5504.28271484 4.09821367264
1478186180455 lifecam22 2516.33203125 5506.98291016 4.09399795532
1478186180523 lifecam22 2508.85473633 5510.20898438 4.08577203751
1478186180581 lifecam22 2502.50854492 5513.13378906 4.07694292068
1478186180658 lifecam22 2496.69799805 5516.32714844 4.07585334778
1478186180993 lifecam22 2467.1472168 5533.98681641 4.05748462677
1478186181055 lifecam22 2461.67993164 5537.61035156 4.0573682785
1478186181123 lifecam22 2454.10620117 5540.8828125 4.04281568527
1478186181191 lifecam22 2448.80151367 5543.86865234 4.04088163376
1478186181258 lifecam22 2442.75878906 5547.58691406 4.03991556168
1478186181525 lifecam22 2415.46044922 5560.59130859 4.00389814377
1478186181588 lifecam22 2411.90722656 5564.63671875 4.01239681244
1478186181655 lifecam22 2403.14331055 5567.51611328 3.98846054077
1478186181725 lifecam22 2397.69238281 5571.70947266 3.98808479309
1478186181779 lifecam22 2392.92382812 5575.4140625 3.98824095726
1478186182124 lifecam22 2366.16601562 5594.92431641 3.97975611687
1478186182186 lifecam22 2358.29614258 5598.0390625 3.96822428703
1478186182267 lifecam22 2352.8203125 5602.265625 3.96345257759
1478186182325 lifecam22 2348.15356445 5606.37695312 3.9626057148
1478186182392 lifecam22 2340.89086914 5610.37402344 3.94880986214
1478186182671 lifecam22 2316.70361328 5627.29199219 3.91685271263
1478186182721 lifecam22 2313.24560547 5630.64453125 3.92017889023
1478186182788 lifecam22 2305.53076172 5636.45703125 3.90559911728
1478186182857 lifecam22 2300.5402832 5640.07275391 3.90509867668
1478186182924 lifecam22 2295.90673828 5643.58349609 3.90758347511
1478186183268 lifecam22 2266.59399414 5664.84082031 3.87813138962
1478186183326 lifecam22 2259.47167969 5669.52050781 3.85992264748
1478186183399 lifecam22 2255.68408203 5673.30517578 3.86866545677
1478186183466 lifecam22 2249.53027344 5678.421875 3.85508656502
1478186183526 lifecam22 2243.31420898 5682.90722656 3.84922599792
1478186183807 lifecam22 2222.86352539 5700.78564453 3.83236670494
1478186183854 lifecam22 2217.75634766 5705.31396484 3.83080005646
1478186183935 lifecam22 2212.24829102 5710.11035156 3.82620167732
1478186183989 lifecam22 2207.49291992 5713.99804688 3.8213634491
1478186184054 lifecam22 2201.23217773 5719.27978516 3.81356883049
1478186184400 lifecam22 2176.53540039 5742.68310547 3.79032564163
1478186184456 lifecam22 2172.13867188 5747.27441406 3.79150438309
1478186184529 lifecam22 2167.19091797 5752.23242188 3.78428602219
1478186184587 lifecam22 2161.72607422 5757.2734375 3.7805109024
1478186184654 lifecam22 2156.94384766 5762.49804688 3.77562403679
1478186184931 lifecam22 2136.95654297 5782.50488281 3.7544260025
1478186184999 lifecam22 2132.22680664 5787.18701172 3.75034117699
1478186185059 lifecam22 2126.43237305 5792.21972656 3.74256491661
1478186185132 lifecam22 2120.78369141 5797.56982422 3.73378157616
1478186185196 lifecam22 2116.3425293 5801.96923828 3.73057985306
1478186185466 lifecam22 2097.40258789 5821.87695312 3.71097946167
1478186185530 lifecam22 2092.70092773 5828.22119141 3.70168185234
1478186185589 lifecam22 2087.97851562 5832.66015625 3.69959568977
1478186185671 lifecam22 2083.16699219 5838.73291016 3.69154500961
1478186185727 lifecam22 2080.15454102 5843.27978516 3.69460678101
1478186186071 lifecam22 2057.67114258 5870.50830078 3.67244553566
1478186186132 lifecam22 2053.67333984 5875.03369141 3.66844940186
1478186186195 lifecam22 2049.57543945 5881.22509766 3.6645424366
1478186186261 lifecam22 2043.6348877 5886.76708984 3.65349936485
1478186186334 lifecam22 2040.22155762 5891.93994141 3.64809250832
1478186186533 lifecam22 2026.65930176 5908.76269531 3.63479137421
1478186186598 lifecam22 2022.19641113 5913.92285156 3.6249294281
1478186186667 lifecam22 2017.94006348 5920.03320312 3.62312412262
1478186186736 lifecam22 2013.68737793 5926.25195312 3.61463499069
1478186186798 lifecam22 2008.87536621 5931.40332031 3.60600662231
1478186187071 lifecam22 1993.24133301 5953.34570312 3.59436273575
1478186187133 lifecam22 1989.29016113 5959.14892578 3.58907222748
1478186187198 lifecam22 1986.35754395 5965.32910156 3.58978939056
1478186187266 lifecam22 1979.76611328 5971.39404297 3.57402515411
1478186187332 lifecam22 1976.19616699 5977.10742188 3.56892538071
1478186187600 lifecam22 1961.13952637 6000.65625 3.55058383942
1478186187675 lifecam22 1958.19750977 6005.45996094 3.55107450485
1478186187728 lifecam22 1954.7076416 6012.02246094 3.54478406906
1478186187800 lifecam22 1950.52941895 6017.70654297 3.53968286514
1478186187879 lifecam22 1947.33520508 6023.21435547 3.53456830978
1478186188137 lifecam22 1943.95080566 6034.56689453 3.54811000824
1478186188198 lifecam22 1944.07629395 6035.81445312 3.5521697998
1478186188272 lifecam22 1943.9005127 6035.15429688 3.54949998856
1478186188336 lifecam22 1944.17810059 6035.21582031 3.55273008347
1478186188399 lifecam22 1943.63525391 6035.14892578 3.54721736908
1478186188595 lifecam22 1943.57092285 6035.15625 3.54841518402
1478186188662 lifecam22 1943.9630127 6035.23486328 3.55032968521
1478186188733 lifecam22 1944.04272461 6035.10400391 3.55052566528
1478186188802 lifecam22 1943.99108887 6035.32421875 3.54967451096
1478186188867 lifecam22 1943.69885254 6035.22900391 3.54805755615
1478186189138 lifecam22 1943.88562012 6035.11914062 3.54974746704
1478186189203 lifecam22 1944.2355957 6035.21728516 3.55147361755
1478186189271 lifecam22 1944.03796387 6035.10205078 3.55044841766
1478186189329 lifecam22 1943.609375 6035.61328125 3.54871034622
1478186189405 lifecam22 1943.9630127 6035.23486328 3.55032968521
1478186189738 lifecam22 1943.78149414 6035.52880859 3.54863739014
1478186189804 lifecam22 1943.69885254 6035.22900391 3.54805755615
1478186189870 lifecam22 1943.48815918 6035.43408203 3.54701566696
1478186189934 lifecam22 1944.17272949 6035.13720703 3.55064296722
1478186190003 lifecam22 1943.9005127 6035.15429688 3.54949998856
1478186190339 lifecam22 1943.93762207 6035.13476562 3.54844331741
1478186190402 lifecam22 1943.82971191 6035.61083984 3.5492978096
1478186190462 lifecam22 1943.68969727 6035.359375 3.54845952988
1478186190548 lifecam22 1943.75256348 6035.43945312 3.54929065704
1478186190598 lifecam22 1943.9005127 6035.15429688 3.54949998856
1478186190874 lifecam22 1943.9630127 6035.23486328 3.55032968521
1478186190930 lifecam22 1943.73876953 6035.421875 3.54910850525
1478186190995 lifecam22 1943.75256348 6035.43945312 3.54929065704
1478186191064 lifecam22 1943.47314453 6035.41748047 3.54682588577
1478186191137 lifecam22 1943.19812012 6035.54296875 3.54493808746
1478186191406 lifecam22 1943.828125 6035.17578125 3.5489616394
1478186191478 lifecam22 1944.05712891 6035.29736328 3.5513625145
1478186191538 lifecam22 1943.53308105 6035.51513672 3.54769611359
1478186191602 lifecam22 1943.99108887 6035.32421875 3.54967451096
1478186191683 lifecam22 1943.9005127 6035.15429688 3.54949998856
1478186191877 lifecam22 1943.73876953 6035.421875 3.54910850525
1478186191942 lifecam22 1943.9630127 6035.23486328 3.55032968521
1478186192013 lifecam22 1943.76013184 6035.32910156 3.54894685745
1478186192076 lifecam22 1943.90820312 6035.04394531 3.54915714264
1478186192134 lifecam22 1943.73632812 6035.52783203 3.5483789444
1478186192408 lifecam22 1943.47314453 6035.41748047 3.54682588577
1478186192477 lifecam22 1943.67565918 6035.34179688 3.54827404022
