1478186445872 lifecam22 3346.55175781 5374.72509766 4.68913602829
1478186445931 lifecam22 3346.70385742 5374.72216797 4.68916988373
1478186446002 lifecam22 3345.98144531 5374.41357422 4.68596887589
1478186446064 lifecam22 3345.70751953 5374.42382812 4.68592786789
1478186446128 lifecam22 3345.57104492 5374.84521484 4.68593788147
1478186446404 lifecam22 3345.22436523 5374.71191406 4.68461608887
1478186446463 lifecam22 3345.22436523 5374.71191406 4.68461608887
1478186446533 lifecam22 3345.53588867 5374.66113281 4.68562364578
1478186446606 lifecam22 3345.515625 5374.81738281 4.68544626236
1478186446661 lifecam22 3345.22729492 5374.36914062 4.68398427963
1478186446936 lifecam22 3343.87329102 5374.71191406 4.68884849548
1478186447003 lifecam22 3344.24316406 5374.9609375 4.69097948074
1478186447068 lifecam22 3344.46899414 5374.71191406 4.69178104401
1478186447136 lifecam22 3344.02856445 5374.86132812 4.68908643723
1478186447211 lifecam22 3344.33251953 5375.00390625 4.6906042099
1478186447474 lifecam22 3344.20849609 5375.03466797 4.68952035904
1478186447535 lifecam22 3344.27026367 5375.22851562 4.69007301331
1478186447596 lifecam22 3344.18505859 5374.87158203 4.68930578232
1478186447670 lifecam22 3343.99243164 5374.74560547 4.68772363663
1478186448004 lifecam22 3344.26855469 5374.94140625 4.68872404099
1478186448065 lifecam22 3344.25756836 5375.91259766 4.69000339508
1478186448138 lifecam22 3344.71948242 5375.55908203 4.68680763245
1478186448213 lifecam22 3345.00976562 5375.33007812 4.68705272675
1478186448270 lifecam22 3349.17041016 5375.84326172 4.68770027161
1478186448531 lifecam22 3351.71606445 5379.09082031 4.7022061348
1478186448598 lifecam22 3346.96020508 5378.24169922 4.69870758057
1478186448661 lifecam22 3344.57055664 5375.24951172 4.69144964218
1478186448730 lifecam22 3345.19311523 5375.37646484 4.69312763214
1478186448803 lifecam22 3343.25268555 5376.42041016 4.68787002563
1478186449078 lifecam22 3317.6652832 5374.18896484 4.70482873917
1478186449137 lifecam22 3310.13378906 5374.10498047 4.70004320145
1478186449206 lifecam22 3303.30273438 5374.00585938 4.70150947571
1478186449272 lifecam22 3296.11523438 5373.42626953 4.69720125198
1478186449335 lifecam22 3287.61108398 5370.71435547 4.67773675919
1478186449548 lifecam22 3265.84448242 5366.46923828 4.6509013176
1478186449603 lifecam22 3258.9921875 5366.16113281 4.64949178696
1478186449680 lifecam22 3251.99194336 5366.16162109 4.64949274063
1478186449740 lifecam22 3245.52563477 5365.73925781 4.64510583878
1478186449805 lifecam22 3239.10058594 5365.30371094 4.64130735397
1478186450013 lifecam22 3217.11206055 5361.76806641 4.6179561615
1478186450076 lifecam22 3209.99072266 5361.05126953 4.61509847641
1478186450138 lifecam22 3203.83203125 5360.86425781 4.61036968231
1478186450192 lifecam22 3196.86767578 5361.17822266 4.60805225372
1478186450277 lifecam22 3190.18115234 5361.06445312 4.60594797134
1478186450602 lifecam22 3156.88818359 5358.92333984 4.58652830124
1478186450673 lifecam22 3150.26269531 5359.30126953 4.57933950424
1478186450743 lifecam22 3142.50390625 5358.26708984 4.57014036179
1478186450807 lifecam22 3135.58300781 5358.18017578 4.56267261505
1478186450871 lifecam22 3128.1628418 5357.89746094 4.55683374405
1478186451143 lifecam22 3100.55908203 5358.44238281 4.53936624527
1478186451208 lifecam22 3093.42919922 5358.28271484 4.5327091217
1478186451276 lifecam22 3086.53808594 5358.49755859 4.52971744537
1478186451342 lifecam22 3079.61572266 5358.93603516 4.52749586105
1478186451411 lifecam22 3073.15527344 5358.71484375 4.52154064178
1478186451743 lifecam22 3037.09790039 5359.54589844 4.49077653885
1478186451801 lifecam22 3030.08105469 5359.62841797 4.49016427994
1478186451875 lifecam22 3023.21337891 5360.13183594 4.48206043243
1478186451948 lifecam22 3015.95629883 5360.390625 4.47819900513
1478186452008 lifecam22 3009.91088867 5360.53955078 4.47160148621
1478186452281 lifecam22 2982.79541016 5364.13867188 4.45936536789
1478186452339 lifecam22 2976.47460938 5364.71728516 4.45691394806
1478186452399 lifecam22 2969.88061523 5366.16943359 4.45651197433
1478186452483 lifecam22 2962.06689453 5365.96142578 4.44395256042
1478186452536 lifecam22 2955.64892578 5367.32958984 4.43898153305
1478186452892 lifecam22 2920.87524414 5370.68408203 4.40995121002
1478186452947 lifecam22 2914.02856445 5371.41748047 4.40553951263
1478186453005 lifecam22 2906.30883789 5372.63867188 4.39752149582
1478186453075 lifecam22 2898.37597656 5372.50537109 4.38713026047
1478186453154 lifecam22 2892.23730469 5374.79296875 4.38895082474
1478186453481 lifecam22 2857.11303711 5379.44824219 4.36446475983
1478186453546 lifecam22 2850.34375 5381.33251953 4.36113071442
1478186453618 lifecam22 2844.44360352 5383.07470703 4.36062240601
1478186453744 lifecam22 2830.78417969 5386.07470703 4.34997177124
1478186454019 lifecam22 2802.60058594 5391.05957031 4.32612323761
1478186454150 lifecam22 2790.28881836 5395.32373047 4.32071876526
1478186454218 lifecam22 2784.52954102 5397.14453125 4.32138395309
1478186454273 lifecam22 2776.48510742 5397.62792969 4.3091211319
1478186454612 lifecam22 2743.08081055 5406.81494141 4.28380537033
1478186454671 lifecam22 2737.28857422 5408.81933594 4.28149271011
1478186454740 lifecam22 2730.80517578 5410.73144531 4.27938604355
1478186454810 lifecam22 2723.75512695 5412.30078125 4.27180671692
1478186454872 lifecam22 2717.31884766 5414.81542969 4.27049303055
1478186455152 lifecam22 2688.39135742 5421.67333984 4.23870944977
1478186455212 lifecam22 2682.92773438 5424.13183594 4.24314880371
1478186455286 lifecam22 2676.55004883 5425.80615234 4.23269224167
1478186455350 lifecam22 2669.20385742 5428.10986328 4.22802448273
1478186455414 lifecam22 2663.18041992 5430.47558594 4.22781896591
1478186455694 lifecam22 2636.76171875 5439.27685547 4.20589399338
1478186455748 lifecam22 2630.55908203 5441.66650391 4.20278358459
1478186455815 lifecam22 2624.18554688 5444.95214844 4.20158815384
1478186455878 lifecam22 2616.49462891 5446.85595703 4.19237327576
1478186455941 lifecam22 2611.16821289 5449.7421875 4.19063997269
1478186456282 lifecam22 2579.19091797 5463.55957031 4.17368078232
1478186456344 lifecam22 2571.19921875 5465.09033203 4.15966701508
1478186456416 lifecam22 2564.98339844 5468.13183594 4.15342998505
1478186456484 lifecam22 2559.03710938 5470.80322266 4.15195226669
1478186456544 lifecam22 2550.73461914 5473.53710938 4.14020586014
1478186456818 lifecam22 2524.01049805 5484.45605469 4.11296415329
1478186456872 lifecam22 2518.56030273 5487.30273438 4.11657524109
1478186456953 lifecam22 2511.60913086 5490.578125 4.1116528511
1478186457017 lifecam22 2505.26245117 5493.15234375 4.10265445709
1478186457082 lifecam22 2499.31689453 5496.22265625 4.10433483124
1478186457413 lifecam22 2467.72412109 5512.11816406 4.07796525955
1478186457479 lifecam22 2463.38989258 5516.15820312 4.08291816711
1478186457551 lifecam22 2457.29638672 5518.6796875 4.07994270325
1478186457610 lifecam22 2451.33032227 5521.92919922 4.07567691803
1478186457685 lifecam22 2443.21142578 5525.50390625 4.06019592285
1478186457954 lifecam22 2419.10668945 5539.16601562 4.04290533066
1478186458017 lifecam22 2414.22827148 5543.38427734 4.04088449478
1478186458084 lifecam22 2408.14257812 5546.27246094 4.03609800339
1478186458151 lifecam22 2401.16894531 5549.57763672 4.02707242966
1478186458209 lifecam22 2395.01318359 5553.79541016 4.0178976059
1478186458550 lifecam22 2364.6171875 5570.84326172 3.99375748634
1478186458610 lifecam22 2358.8269043 5574.90478516 3.99160027504
1478186458678 lifecam22 2351.88525391 5577.74169922 3.97923874855
1478186458748 lifecam22 2345.9609375 5581.22802734 3.97617506981
1478186458810 lifecam22 2340.46875 5585.48388672 3.97452759743
1478186459087 lifecam22 2316.83764648 5600.87304688 3.95174765587
1478186459147 lifecam22 2311.90795898 5604.234375 3.95178842545
1478186459221 lifecam22 2307.11157227 5609.00878906 3.94868731499
1478186459297 lifecam22 2297.32470703 5613.02490234 3.92736697197
1478186459359 lifecam22 2296.21655273 5617.99951172 3.94082784653
1478186459631 lifecam22 2271.95092773 5632.1171875 3.91665458679
1478186459684 lifecam22 2266.24829102 5637.29736328 3.90918469429
1478186459759 lifecam22 2261.66259766 5641.62695312 3.91444468498
1478186459818 lifecam22 2256.4284668 5646.12402344 3.90801692009
1478186459893 lifecam22 2249.46142578 5651.09814453 3.89715409279
1478186460165 lifecam22 2228.19067383 5668.26123047 3.88027691841
1478186460221 lifecam22 2221.40649414 5672.87158203 3.86995315552
1478186460288 lifecam22 2216.56054688 5677.21044922 3.86624121666
1478186460353 lifecam22 2210.21508789 5681.28515625 3.85907649994
1478186460420 lifecam22 2204.12255859 5686.55224609 3.84491825104
1478186460698 lifecam22 2182.31225586 5703.63183594 3.82481193542
1478186460764 lifecam22 2176.67553711 5708.29101562 3.82149600983
1478186460827 lifecam22 2172.44726562 5713.07373047 3.8219370842
1478186460887 lifecam22 2167.80712891 5717.56201172 3.81722974777
1478186460959 lifecam22 2162.44360352 5722.19140625 3.8155040741
1478186461226 lifecam22 2142.46606445 5741.10546875 3.7995326519
1478186461280 lifecam22 2137.20068359 5746.31103516 3.79278874397
1478186461357 lifecam22 2132.24169922 5750.99169922 3.7857170105
1478186461426 lifecam22 2127.70678711 5755.86767578 3.78273105621
1478186461496 lifecam22 2122.87719727 5760.38916016 3.78004932404
1478186461697 lifecam22 2107.6496582 5775.10107422 3.75952029228
1478186461757 lifecam22 2103.07421875 5780.375 3.75539016724
1478186461829 lifecam22 2097.9699707 5785.33886719 3.75048160553
1478186461893 lifecam22 2093.60302734 5791.28320312 3.74990391731
1478186461955 lifecam22 2087.98461914 5795.93847656 3.74078822136
1478186462238 lifecam22 2067.93774414 5816.49414062 3.71806979179
1478186462295 lifecam22 2062.82592773 5821.01318359 3.71047401428
1478186462359 lifecam22 2058.15917969 5826.48242188 3.70902037621
1478186462423 lifecam22 2054.2409668 5831.43212891 3.70375609398
1478186462494 lifecam22 2049.21508789 5836.85693359 3.70372200012
1478186462761 lifecam22 2030.74890137 5858.02001953 3.6748342514
1478186462818 lifecam22 2026.92468262 5863.04882812 3.67954921722
1478186462896 lifecam22 2023.74743652 5868.19189453 3.6777510643
1478186462960 lifecam22 2017.26818848 5874.20654297 3.66330003738
1478186463029 lifecam22 2013.9732666 5879.18164062 3.66677737236
1478186463309 lifecam22 1997.20715332 5901.35498047 3.64740943909
1478186463365 lifecam22 1992.34143066 5906.46484375 3.6383023262
1478186463426 lifecam22 1987.88317871 5912.73974609 3.63255882263
1478186463494 lifecam22 1984.39855957 5917.95703125 3.63033103943
1478186463565 lifecam22 1980.66748047 5923.30517578 3.62746047974
1478186463835 lifecam22 1961.64611816 5946.76611328 3.59853029251
1478186463898 lifecam22 1958.20410156 5952.34521484 3.59391546249
1478186463964 lifecam22 1954.83044434 5958.12939453 3.59066820145
1478186464036 lifecam22 1949.29321289 5963.03369141 3.58404064178
1478186464296 lifecam22 1934.89086914 5986.21044922 3.57142925262
1478186464361 lifecam22 1929.90808105 5991.64697266 3.55684614182
1478186464431 lifecam22 1926.46362305 5997.59716797 3.55656337738
1478186464508 lifecam22 1923.39770508 6003.76367188 3.55672550201
1478186464566 lifecam22 1924.60864258 6005.07421875 3.56782436371
1478186464836 lifecam22 1924.60314941 6004.11914062 3.56207370758
1478186464897 lifecam22 1924.37268066 6004.11181641 3.56125497818
1478186464969 lifecam22 1924.75500488 6004.17041016 3.5635509491
1478186465033 lifecam22 1924.37268066 6004.11181641 3.56125497818
1478186465100 lifecam22 1924.60314941 6004.11914062 3.56207370758
1478186465374 lifecam22 1924.91760254 6003.78369141 3.56344652176
1478186465431 lifecam22 1924.53393555 6004.05322266 3.56239700317
1478186465497 lifecam22 1924.93701172 6003.89208984 3.56533813477
1478186465567 lifecam22 1924.7401123 6004.08349609 3.56425476074
1478186465627 lifecam22 1924.9810791 6003.76806641 3.56523036957
1478186465895 lifecam22 1925.03894043 6003.640625 3.56522512436
1478186465966 lifecam22 1924.9810791 6003.76806641 3.56523036957
1478186466029 lifecam22 1924.70581055 6003.88427734 3.56451892853
1478186466104 lifecam22 1924.80810547 6003.93701172 3.56310462952
1478186466164 lifecam22 1924.57702637 6003.92871094 3.56228685379
1478186466440 lifecam22 1924.53393555 6004.05322266 3.56239700317
1478186466495 lifecam22 1924.76464844 6004.06103516 3.56321382523
1478186466570 lifecam22 1924.80810547 6003.93701172 3.56310462952
1478186466637 lifecam22 1924.85498047 6003.95947266 3.56443929672
1478186466703 lifecam22 1924.93701172 6003.89208984 3.56533813477
1478186466906 lifecam22 1924.9810791 6003.76806641 3.56523036957
1478186466965 lifecam22 1924.9810791 6003.76806641 3.56523036957
1478186467034 lifecam22 1924.80810547 6003.93701172 3.56310462952
1478186467102 lifecam22 1924.9810791 6003.76806641 3.56523036957
1478186467165 lifecam22 1924.76464844 6004.06103516 3.56321382523
1478186467443 lifecam22 1924.80810547 6003.93701172 3.56310462952
1478186467502 lifecam22 1925.18652344 6003.79638672 3.56708526611
1478186467564 lifecam22 1924.93701172 6003.89208984 3.56533813477
1478186467633 lifecam22 1924.93701172 6003.89208984 3.56533813477
1478186467704 lifecam22 1924.57702637 6003.92871094 3.56228685379
1478186467903 lifecam22 1924.69396973 6004.01806641 3.56330108643
1478186467968 lifecam22 1925.03894043 6003.640625 3.56522512436
1478186468035 lifecam22 1924.9810791 6003.76806641 3.56523036957
1478186468105 lifecam22 1924.76464844 6004.06103516 3.56321382523
1478186468171 lifecam22 1924.99487305 6003.76464844 3.56533288956
1478186468501 lifecam22 1924.93701172 6003.89208984 3.56533813477
1478186468569 lifecam22 1924.9810791 6003.76806641 3.56523036957
1478186468629 lifecam22 1924.9810791 6003.76806641 3.56523036957
1478186468698 lifecam22 1924.76464844 6004.06103516 3.56321382523
1478186468764 lifecam22 1924.76464844 6004.06103516 3.56321382523
1478186468968 lifecam22 1924.80810547 6003.93701172 3.56310462952
1478186469032 lifecam22 1924.73205566 6004.07519531 3.5643081665
1478186469118 lifecam22 1924.55981445 6004.24365234 3.56218194962
1478186469164 lifecam22 1924.50927734 6004.28515625 3.561627388
1478186469240 lifecam22 1925.18652344 6003.79638672 3.56708526611
1478186469504 lifecam22 1924.9810791 6003.76806641 3.56523036957
1478186469572 lifecam22 1924.93701172 6003.89208984 3.56533813477
1478186469640 lifecam22 1924.70581055 6003.88427734 3.56451892853
1478186469708 lifecam22 1924.9810791 6003.76806641 3.56523036957
