1478190530000 lifecam22 3346.73779297 5372.91308594 4.6859793663
1478190530070 lifecam22 3346.50170898 5372.80957031 4.68610811234
1478190530275 lifecam22 3346.71899414 5373.13134766 4.68811321259
1478190530336 lifecam22 3346.89697266 5373.23779297 4.69045257568
1478190530406 lifecam22 3346.76269531 5373.25195312 4.69056129456
1478190530472 lifecam22 3346.55102539 5373.33496094 4.68993711472
1478190530540 lifecam22 3346.49438477 5373.28076172 4.6907787323
1478190530806 lifecam22 3346.65161133 5373.28808594 4.69088983536
1478190530876 lifecam22 3346.26733398 5373.20849609 4.69001197815
1478190530938 lifecam22 3346.44824219 5373.23730469 4.69034099579
1478190531009 lifecam22 3346.76269531 5373.25195312 4.69056129456
1478190531072 lifecam22 3346.65161133 5373.28808594 4.69088983536
1478190531408 lifecam22 3346.65161133 5373.28808594 4.69088983536
1478190531472 lifecam22 3346.30517578 5373.38525391 4.69037055969
1478190531541 lifecam22 3345.95532227 5373.47949219 4.68981647491
1478190531611 lifecam22 3346.30517578 5373.38525391 4.69037055969
1478190531676 lifecam22 3346.10205078 5373.33496094 4.68982219696
1478190532017 lifecam22 3345.72631836 5373.12255859 4.68903017044
1478190532077 lifecam22 3345.56103516 5373.25 4.68883609772
1478190532143 lifecam22 3345.90649414 5373.15087891 4.68935632706
1478190532209 lifecam22 3346.56396484 5373.34570312 4.6914358139
1478190532273 lifecam22 3346.65161133 5373.28808594 4.69088983536
1478190532612 lifecam22 3346.21313477 5373.29931641 4.68949651718
1478190532677 lifecam22 3345.1628418 5373.01513672 4.68783473969
1478190532742 lifecam22 3344.73803711 5373.03710938 4.68794870377
1478190532808 lifecam22 3344.81591797 5373.52832031 4.69282245636
1478190532877 lifecam22 3344.84985352 5373.98876953 4.69595003128
1478190533145 lifecam22 3344.81591797 5373.52832031 4.69282245636
1478190533211 lifecam22 3345.07739258 5373.35986328 4.68839073181
1478190533282 lifecam22 3345.07299805 5373.19580078 4.68559122086
1478190533343 lifecam22 3346.08642578 5373.24755859 4.69139957428
1478190533411 lifecam22 3346.63867188 5373.62792969 4.69670581818
1478190533746 lifecam22 3344.85839844 5373.00439453 4.68909835815
1478190533811 lifecam22 3345.30126953 5373.14355469 4.68913936615
1478190533879 lifecam22 3346.02587891 5373.35351562 4.70009183884
1478190533949 lifecam22 3345.08349609 5373.91308594 4.69808769226
1478190534011 lifecam22 3344.67529297 5373.68652344 4.69151353836
1478190534278 lifecam22 3337.71337891 5374.11181641 4.69627189636
1478190534350 lifecam22 3331.59716797 5374.20947266 4.70421409607
1478190534405 lifecam22 3322.82641602 5370.96142578 4.67625141144
1478190534479 lifecam22 3317.0625 5373.8828125 4.69943523407
1478190534555 lifecam22 3307.43945312 5368.35498047 4.66290330887
1478190534742 lifecam22 3287.73754883 5366.46972656 4.64963579178
1478190534809 lifecam22 3281.23706055 5366.22216797 4.65003347397
1478190534878 lifecam22 3274.5925293 5365.82177734 4.64658355713
1478190534950 lifecam22 3267.3034668 5364.55224609 4.63566303253
1478190535014 lifecam22 3260.09204102 5363.72607422 4.62779712677
1478190535283 lifecam22 3231.43505859 5361.05664062 4.61012506485
1478190535342 lifecam22 3224.734375 5359.90136719 4.60497617722
1478190535415 lifecam22 3217.50683594 5359.23632812 4.597178936
1478190535476 lifecam22 3211.85498047 5359.93066406 4.5960817337
1478190535542 lifecam22 3204.72265625 5359.82714844 4.59361886978
1478190535745 lifecam22 3184.48657227 5359.24365234 4.58389854431
1478190535809 lifecam22 3178.02832031 5358.9453125 4.58200645447
1478190535882 lifecam22 3170.63793945 5358.19628906 4.57036972046
1478190535949 lifecam22 3163.39233398 5357.91357422 4.563580513
1478190536011 lifecam22 3156.52978516 5358.54492188 4.56149578094
1478190536285 lifecam22 3129.04418945 5359.04101562 4.54454278946
1478190536348 lifecam22 3122.56347656 5359.17333984 4.54262256622
1478190536411 lifecam22 3115.23754883 5358.85449219 4.53374385834
1478190536480 lifecam22 3108.76879883 5359.46044922 4.53240156174
1478190536550 lifecam22 3100.55664062 5358.44042969 4.51762628555
1478190536818 lifecam22 3072.33178711 5358.58544922 4.49439382553
1478190536877 lifecam22 3065.50708008 5359.09423828 4.49148654938
1478190536957 lifecam22 3058.49731445 5359.32324219 4.48812818527
1478190537025 lifecam22 3051.24291992 5359.93701172 4.48025560379
1478190537083 lifecam22 3044.41455078 5360.51904297 4.4782204628
1478190537354 lifecam22 3018.47753906 5363.81884766 4.46582698822
1478190537414 lifecam22 3010.55053711 5364.04101562 4.461414814
1478190537479 lifecam22 3004.75488281 5365.12597656 4.4570441246
1478190537556 lifecam22 2997.9296875 5366.27636719 4.45347595215
1478190537622 lifecam22 2991.16723633 5366.25634766 4.45048618317
1478190537821 lifecam22 2969.71972656 5368.67626953 4.43106746674
1478190537881 lifecam22 2963.46508789 5369.26416016 4.42405414581
1478190537946 lifecam22 2956.34838867 5370.22802734 4.41802692413
1478190538081 lifecam22 2941.84326172 5372.65576172 4.40815830231
1478190538347 lifecam22 2915.02783203 5376.78857422 4.39277219772
1478190538484 lifecam22 2901.42797852 5378.87304688 4.38593864441
1478190538550 lifecam22 2893.46264648 5379.80859375 4.37302398682
1478190538621 lifecam22 2885.88525391 5380.20800781 4.36313152313
1478190538817 lifecam22 2864.84008789 5383.81787109 4.34761667252
1478190538884 lifecam22 2857.76538086 5385.03320312 4.34052944183
1478190538953 lifecam22 2851.51318359 5387.21337891 4.34539556503
1478190539025 lifecam22 2844.33911133 5388.30273438 4.33639335632
1478190539086 lifecam22 2838.09375 5390.31494141 4.33177518845
1478190539357 lifecam22 2811.91845703 5396.90332031 4.31813955307
1478190539417 lifecam22 2804.99780273 5398.85839844 4.31125831604
1478190539495 lifecam22 2798.35717773 5400.20458984 4.31188106537
1478190539555 lifecam22 2792.2800293 5402.53320312 4.30630111694
1478190539624 lifecam22 2785.3671875 5404.25292969 4.30194807053
1478190539886 lifecam22 2759.21606445 5411.52294922 4.28321409225
1478190539956 lifecam22 2751.3190918 5413.15576172 4.27083873749
1478190540019 lifecam22 2743.84570312 5415.28955078 4.26012659073
1478190540084 lifecam22 2738.17578125 5417.60888672 4.26347446442
1478190540151 lifecam22 2731.62573242 5419.4140625 4.2592215538
1478190540361 lifecam22 2710.74438477 5425.39648438 4.24286079407
1478190540419 lifecam22 2704.32275391 5426.11865234 4.23107528687
1478190540485 lifecam22 2697.58129883 5429.21386719 4.23397541046
1478190540549 lifecam22 2690.18505859 5429.92871094 4.22001075745
1478190540625 lifecam22 2683.18359375 5433.42871094 4.21589422226
1478190540897 lifecam22 2658.07983398 5442.90869141 4.20049858093
1478190540958 lifecam22 2652.7043457 5445.70996094 4.20304679871
1478190541019 lifecam22 2645.27832031 5447.71484375 4.19376707077
1478190541093 lifecam22 2640.34008789 5450.4453125 4.19171142578
1478190541146 lifecam22 2632.17724609 5452.67822266 4.18428659439
1478190541426 lifecam22 2607.64135742 5463.22119141 4.17220973969
1478190541495 lifecam22 2600.97680664 5465.95849609 4.16372346878
1478190541551 lifecam22 2592.39257812 5467.72802734 4.14824724197
1478190541624 lifecam22 2586.98803711 5470.48388672 4.14869022369
1478190541689 lifecam22 2581.11474609 5473.34912109 4.14637708664
1478190541956 lifecam22 2554.83544922 5485.33496094 4.1272277832
1478190542020 lifecam22 2548.10888672 5489.15087891 4.12242889404
1478190542085 lifecam22 2541.33935547 5491.37744141 4.11679935455
1478190542157 lifecam22 2533.90966797 5494.40332031 4.1059627533
1478190542236 lifecam22 2527.51977539 5496.57373047 4.10175514221
1478190542428 lifecam22 2509.26269531 5505.86035156 4.09086036682
1478190542489 lifecam22 2502.74072266 5509.20849609 4.08311462402
1478190542556 lifecam22 2496.21142578 5511.91552734 4.07988786697
1478190542621 lifecam22 2491.63500977 5515.47607422 4.08138751984
1478190542692 lifecam22 2484.3659668 5518.58056641 4.06999921799
1478190542959 lifecam22 2459.8527832 5532.05322266 4.05276727676
1478190543020 lifecam22 2455.00390625 5535.26220703 4.05411481857
1478190543091 lifecam22 2447.17480469 5538.72900391 4.04355859756
1478190543157 lifecam22 2441.89257812 5542.65283203 4.03829526901
1478190543225 lifecam22 2436.54003906 5545.67919922 4.04126214981
1478190543422 lifecam22 2419.32592773 5557.25683594 4.02963590622
1478190543489 lifecam22 2412.17822266 5560.59228516 4.01784181595
1478190543558 lifecam22 2406.12963867 5564.02246094 4.01357650757
1478190543631 lifecam22 2398.92797852 5567.796875 4.00138759613
1478190543694 lifecam22 2393.50463867 5571.68847656 3.9985537529
1478190543964 lifecam22 2369.125 5586.41259766 3.97757220268
1478190544024 lifecam22 2363.70898438 5590.03955078 3.97111868858
1478190544098 lifecam22 2357.47167969 5593.18212891 3.97274565697
1478190544155 lifecam22 2350.70922852 5597.79541016 3.9610683918
1478190544228 lifecam22 2344.52075195 5601.37353516 3.95123457909
1478190544496 lifecam22 2323.00415039 5616.90771484 3.93289399147
1478190544566 lifecam22 2316.16748047 5621.1015625 3.92925715446
1478190544624 lifecam22 2310.07373047 5625.72949219 3.9197280407
1478190544698 lifecam22 2306.57543945 5629.76074219 3.92681598663
1478190544765 lifecam22 2298.93652344 5632.98242188 3.91365695
1478190544958 lifecam22 2282.77099609 5645.56201172 3.90152955055
1478190545031 lifecam22 2277.87109375 5650.92480469 3.89860606194
1478190545100 lifecam22 2272.55126953 5655.13330078 3.8979434967
1478190545160 lifecam22 2268.69042969 5659.13720703 3.89950370789
1478190545230 lifecam22 2261.91064453 5663.58007812 3.8851993084
1478190545498 lifecam22 2239.22875977 5681.74462891 3.8613755703
1478190545557 lifecam22 2232.5090332 5686.27832031 3.84841537476
1478190545629 lifecam22 2226.43603516 5690.53564453 3.84164500237
1478190545700 lifecam22 2221.54711914 5695.31494141 3.84095430374
1478190545765 lifecam22 2215.68847656 5699.77001953 3.83387923241
1478190545970 lifecam22 2200.61352539 5713.59130859 3.82256698608
1478190546030 lifecam22 2195.88085938 5718.20703125 3.82031464577
1478190546091 lifecam22 2190.70654297 5722.93847656 3.81650471687
1478190546162 lifecam22 2185.7590332 5727.12548828 3.81459760666
1478190546235 lifecam22 2181.43579102 5732.27050781 3.81501126289
1478190546567 lifecam22 2154.84863281 5755.31982422 3.78079819679
1478190546636 lifecam22 2149.20141602 5760.62060547 3.77411103249
1478190546691 lifecam22 2145.16894531 5765.46972656 3.77287960052
1478190546772 lifecam22 2140.40576172 5770.28076172 3.76987862587
1478190546837 lifecam22 2135.73461914 5774.97705078 3.7642416954
1478190547042 lifecam22 2120.67504883 5790.23193359 3.7507417202
1478190547095 lifecam22 2116.3996582 5795.77587891 3.74595427513
1478190547165 lifecam22 2110.69165039 5800.78173828 3.73732304573
1478190547239 lifecam22 2106.45996094 5806.41015625 3.73674583435
1478190547298 lifecam22 2100.79150391 5811.03271484 3.72412347794
1478190547567 lifecam22 2081.93969727 5831.32763672 3.70671105385
1478190547628 lifecam22 2076.79589844 5836.69482422 3.7035908699
1478190547705 lifecam22 2072.82617188 5842.02929688 3.69959068298
1478190547769 lifecam22 2068.23168945 5847.68115234 3.69079947472
1478190547837 lifecam22 2063.68432617 5852.93261719 3.68900609016
1478190548159 lifecam22 2041.81750488 5879.53759766 3.66698265076
1478190548234 lifecam22 2036.74816895 5884.58056641 3.65704870224
1478190548300 lifecam22 2032.12976074 5890.67089844 3.65179491043
1478190548370 lifecam22 2028.60681152 5894.89599609 3.65124201775
1478190548429 lifecam22 2024.31848145 5901.31298828 3.64224505424
1478190548765 lifecam22 2004.08605957 5928.69384766 3.62359714508
1478190548829 lifecam22 1998.3458252 5935.42089844 3.61041164398
1478190548901 lifecam22 1995.44226074 5940.78125 3.61091423035
1478190548962 lifecam22 1990.07507324 5946.27636719 3.60152816772
1478190549027 lifecam22 1986.42907715 5951.65722656 3.60107374191
1478190549303 lifecam22 1970.45202637 5974.41113281 3.5806593895
1478190549368 lifecam22 1964.70996094 5980.5625 3.56809425354
1478190549426 lifecam22 1961.86914062 5986.09570312 3.56639623642
1478190549496 lifecam22 1957.40576172 5992.18359375 3.5582075119
1478190549563 lifecam22 1953.86865234 5997.78320312 3.55850934982
1478190549855 lifecam22 1939.29870605 6021.73291016 3.54154968262
1478190549910 lifecam22 1936.57495117 6027.31005859 3.53849935532
1478190549966 lifecam22 1938.08752441 6030.73876953 3.55611419678
1478190550026 lifecam22 1939.40771484 6027.93066406 3.55683135986
1478190550109 lifecam22 1938.72839355 6029.8125 3.5570473671
1478190550433 lifecam22 1938.55517578 6029.24755859 3.55462932587
1478190550503 lifecam22 1938.52807617 6029.04785156 3.55361890793
1478190550565 lifecam22 1938.79333496 6029.05517578 3.55592441559
1478190550637 lifecam22 1938.72021484 6029.17578125 3.55576753616
1478190550703 lifecam22 1938.71618652 6029.18261719 3.55448484421
