1478190464500 lifecam22 3351.88061523 5377.015625 4.71592855453
1478190464559 lifecam22 3351.44775391 5375.74707031 4.71300601959
1478190464637 lifecam22 3351.41064453 5376.82177734 4.712890625
1478190464909 lifecam22 3351.76513672 5377.33398438 4.71629810333
1478190464967 lifecam22 3352.19458008 5377.02734375 4.71746683121
1478190465033 lifecam22 3352.10766602 5377.08837891 4.71667575836
1478190465109 lifecam22 3352.10791016 5377.08789062 4.71667671204
1478190465175 lifecam22 3352.08251953 5377.640625 4.71659660339
1478190465436 lifecam22 3351.99414062 5377.26757812 4.71567106247
1478190465505 lifecam22 3352.04101562 5377.16796875 4.71607780457
1478190465567 lifecam22 3352.10766602 5377.08837891 4.71667575836
1478190465636 lifecam22 3351.7097168 5377.57958984 4.71864032745
1478190465712 lifecam22 3351.36035156 5377.23486328 4.71525144577
1478190465980 lifecam22 3350.89135742 5377.03320312 4.71454524994
1478190466051 lifecam22 3351.16601562 5377.17626953 4.71731472015
1478190466105 lifecam22 3351.19189453 5376.78466797 4.71493768692
1478190466183 lifecam22 3350.76953125 5377.05615234 4.7160577774
1478190466243 lifecam22 3351.16967773 5377.00683594 4.71569633484
1478190466569 lifecam22 3351.10986328 5375.31201172 4.7087059021
1478190466646 lifecam22 3350.84863281 5375.08984375 4.70776748657
1478190466707 lifecam22 3350.51098633 5375.27929688 4.70706224442
1478190466774 lifecam22 3350.81030273 5375.42431641 4.7097196579
1478190466833 lifecam22 3350.51098633 5375.27929688 4.70706224442
1478190467167 lifecam22 3350.23535156 5375.31298828 4.7084903717
1478190467239 lifecam22 3350.45654297 5375.24511719 4.7091794014
1478190467309 lifecam22 3350.23535156 5375.31298828 4.7084903717
1478190467376 lifecam22 3350.41992188 5375.34667969 4.70886182785
1478190467433 lifecam22 3350.64135742 5375.27929688 4.70955133438
1478190467714 lifecam22 3350.23535156 5375.31298828 4.7084903717
1478190467770 lifecam22 3350.23535156 5375.31298828 4.7084903717
1478190467847 lifecam22 3349.96240234 5375.29150391 4.70951271057
1478190467905 lifecam22 3350.41992188 5375.34667969 4.70886182785
1478190467977 lifecam22 3350.0703125 5375.01611328 4.70686531067
1478190468317 lifecam22 3349.28149414 5375.25927734 4.70773172379
1478190468380 lifecam22 3349.84082031 5375.71923828 4.71108341217
1478190468447 lifecam22 3349.35107422 5375.7578125 4.71000814438
1478190468519 lifecam22 3349.14111328 5375.76171875 4.7099738121
1478190468577 lifecam22 3348.98779297 5375.75195312 4.71242713928
1478190468855 lifecam22 3349.30908203 5375.91943359 4.71283197403
1478190468917 lifecam22 3348.89819336 5375.80615234 4.7116317749
1478190468981 lifecam22 3349.5078125 5375.68945312 4.71069860458
1478190469040 lifecam22 3349.32055664 5375.38720703 4.7090344429
1478190469110 lifecam22 3349.45507812 5375.64013672 4.71149110794
1478190469437 lifecam22 3350.89453125 5375.55126953 4.70979642868
1478190469504 lifecam22 3350.52172852 5375.50732422 4.70925807953
1478190469586 lifecam22 3350.77490234 5375.34521484 4.70766353607
1478190469647 lifecam22 3351.43383789 5375.56298828 4.70994615555
1478190469714 lifecam22 3351.31811523 5375.34472656 4.70781564713
1478190470054 lifecam22 3351.93408203 5376.63037109 4.69825077057
1478190470108 lifecam22 3352.21557617 5377.2734375 4.70077753067
1478190470182 lifecam22 3351.93408203 5376.37451172 4.69825029373
1478190470245 lifecam22 3351.4934082 5374.32324219 4.69547176361
1478190470315 lifecam22 3351.4934082 5374.32324219 4.69547176361
1478190470594 lifecam22 3324.86376953 5373.8125 4.70172786713
1478190470649 lifecam22 3317.59863281 5374.18115234 4.70422649384
1478190470706 lifecam22 3309.90771484 5373.38574219 4.69307279587
1478190470784 lifecam22 3302.30688477 5371.82910156 4.6778383255
1478190470841 lifecam22 3295.37719727 5370.24511719 4.67363786697
1478190471173 lifecam22 3262.17236328 5365.40673828 4.65577602386
1478190471243 lifecam22 3255.46411133 5363.39355469 4.64088106155
1478190471317 lifecam22 3247.27612305 5362.88916016 4.63419866562
1478190471386 lifecam22 3240.84765625 5361.48681641 4.63134431839
1478190471448 lifecam22 3234.01953125 5362.37890625 4.62860488892
1478190471716 lifecam22 3207.00097656 5360.47607422 4.60864257812
1478190471785 lifecam22 3200.58007812 5359.80419922 4.6044459343
1478190471849 lifecam22 3192.96459961 5359.42529297 4.60044336319
1478190471921 lifecam22 3186.08227539 5359.06640625 4.59569501877
1478190471989 lifecam22 3179.33911133 5359.28662109 4.59531879425
1478190472317 lifecam22 3144.39111328 5358.18505859 4.5701212883
1478190472376 lifecam22 3138.85522461 5358.03857422 4.56653308868
1478190472448 lifecam22 3130.65625 5358.20458984 4.55822038651
1478190472515 lifecam22 3124.03759766 5357.89404297 4.55264043808
1478190472575 lifecam22 3116.125 5357.38330078 4.54258966446
1478190472858 lifecam22 3088.52075195 5358.18066406 4.52668237686
1478190472921 lifecam22 3081.0065918 5357.2109375 4.51825523376
1478190472976 lifecam22 3074.68261719 5358.19189453 4.51492738724
1478190473048 lifecam22 3067.52001953 5358.08935547 4.51364517212
1478190473118 lifecam22 3061.20629883 5359.07763672 4.50872468948
1478190473390 lifecam22 3033.73925781 5360.13964844 4.4905257225
1478190473446 lifecam22 3026.70849609 5360.12109375 4.4811501503
1478190473514 lifecam22 3019.49316406 5361.8203125 4.4801402092
1478190473590 lifecam22 3013.06567383 5361.44091797 4.47667455673
1478190473649 lifecam22 3006.59277344 5362.92431641 4.47409105301
1478190473987 lifecam22 2972.56933594 5366.35595703 4.44825792313
1478190474042 lifecam22 2965.60961914 5367.05810547 4.44697761536
1478190474120 lifecam22 2958.21337891 5368.20068359 4.43950986862
1478190474185 lifecam22 2951.99291992 5368.5703125 4.43231773376
1478190474250 lifecam22 2944.75292969 5368.97998047 4.42734861374
1478190474526 lifecam22 2915.96411133 5372.390625 4.40312623978
1478190474593 lifecam22 2908.47070312 5373.39550781 4.39749193192
1478190474657 lifecam22 2901.24902344 5374.91357422 4.39449691772
1478190474721 lifecam22 2894.30419922 5375.47558594 4.38521337509
1478190474785 lifecam22 2886.51904297 5376.06738281 4.37767696381
1478190475121 lifecam22 2854.44140625 5381.93603516 4.36095762253
1478190475178 lifecam22 2847.08618164 5383.89746094 4.35458660126
1478190475260 lifecam22 2839.08862305 5384.74414062 4.34475517273
1478190475324 lifecam22 2833.57397461 5386.33642578 4.34248065948
1478190475384 lifecam22 2826.09375 5387.41748047 4.33693933487
1478190475717 lifecam22 2793.10742188 5396.57421875 4.31954097748
1478190475792 lifecam22 2785.43530273 5397.16455078 4.30423498154
1478190475854 lifecam22 2779.08178711 5400.2109375 4.31073188782
1478190475920 lifecam22 2773.37304688 5401.65527344 4.30350828171
1478190475987 lifecam22 2766.18310547 5403.83837891 4.30255699158
1478190476329 lifecam22 2732.11450195 5411.60498047 4.27290534973
1478190476397 lifecam22 2724.85522461 5413.375 4.25895404816
1478190476447 lifecam22 2718.69042969 5414.89990234 4.26010370255
1478190476521 lifecam22 2710.14453125 5417.42285156 4.24860239029
1478190476590 lifecam22 2704.14941406 5420.16503906 4.24884700775
1478190476862 lifecam22 2678.57495117 5428.59179688 4.23384141922
1478190476991 lifecam22 2665.47045898 5432.62695312 4.22190284729
1478190477060 lifecam22 2659.26000977 5435.15576172 4.21736860275
1478190477125 lifecam22 2652.6628418 5437.36572266 4.21359014511
1478190477383 lifecam22 2626.91137695 5447.00488281 4.19456577301
1478190477465 lifecam22 2619.51025391 5449.01855469 4.18506288528
1478190477518 lifecam22 2614.35253906 5452.265625 4.18749856949
1478190477589 lifecam22 2607.2746582 5454.54980469 4.1816573143
1478190477656 lifecam22 2601.07641602 5456.88671875 4.17600345612
1478190477996 lifecam22 2567.43286133 5470.39648438 4.15178537369
1478190478058 lifecam22 2560.57714844 5473.41552734 4.14622831345
1478190478129 lifecam22 2554.44482422 5475.66503906 4.13910055161
1478190478184 lifecam22 2547.83862305 5478.34472656 4.1375336647
1478190478261 lifecam22 2540.24414062 5480.85986328 4.12473773956
1478190478531 lifecam22 2515.94213867 5493.82714844 4.11384105682
1478190478592 lifecam22 2510.50292969 5496.87109375 4.10937023163
1478190478662 lifecam22 2502.56201172 5499.20214844 4.09930372238
1478190478730 lifecam22 2497.28808594 5503.19482422 4.09964179993
1478190478792 lifecam22 2490.00097656 5505.56103516 4.0906586647
1478190479054 lifecam22 2465.14868164 5517.62988281 4.07097482681
1478190479118 lifecam22 2458.79272461 5521.52685547 4.06398677826
1478190479190 lifecam22 2453.38012695 5524.25390625 4.06195831299
1478190479268 lifecam22 2447.2253418 5528.44335938 4.05865716934
1478190479322 lifecam22 2441.09033203 5531.453125 4.05265903473
1478190479596 lifecam22 2417.55371094 5546.11767578 4.03906726837
1478190479663 lifecam22 2411.46166992 5548.90380859 4.03250646591
1478190479734 lifecam22 2403.24804688 5552.82910156 4.01615571976
1478190479795 lifecam22 2398.69262695 5556.83544922 4.02122068405
1478190479872 lifecam22 2392.24951172 5559.69140625 4.01581573486
1478190480199 lifecam22 2361.67578125 5577.56591797 3.98627209663
1478190480264 lifecam22 2355.37426758 5580.68603516 3.97749972343
1478190480331 lifecam22 2351.40917969 5585.79589844 3.98766160011
1478190480400 lifecam22 2345.1730957 5588.82324219 3.9797270298
1478190480459 lifecam22 2339.11425781 5593.59082031 3.96616005898
1478190480736 lifecam22 2315.8347168 5608.48291016 3.94941687584
1478190480798 lifecam22 2309.40136719 5613.6171875 3.94062256813
1478190480859 lifecam22 2302.91430664 5617.31542969 3.9337117672
1478190480936 lifecam22 2298.46362305 5620.83642578 3.92992377281
1478190480997 lifecam22 2291.5847168 5625.01953125 3.92357993126
1478190481329 lifecam22 2262.83496094 5646.45361328 3.89327502251
1478190481392 lifecam22 2257.69311523 5649.89892578 3.88897895813
1478190481468 lifecam22 2250.72973633 5655.16601562 3.88193440437
1478190481524 lifecam22 2246.11181641 5659.37988281 3.87795233727
1478190481590 lifecam22 2240.59008789 5663.58496094 3.87801480293
1478190481865 lifecam22 2218.58300781 5681.40332031 3.85710048676
1478190481927 lifecam22 2213.97949219 5685.58837891 3.85234451294
1478190481997 lifecam22 2208.32275391 5690.56982422 3.84579777718
1478190482066 lifecam22 2203.31445312 5694.74072266 3.84634518623
1478190482130 lifecam22 2198.97412109 5698.7734375 3.84147691727
1478190482477 lifecam22 2172.45556641 5722.4453125 3.82199645042
1478190482537 lifecam22 2165.84936523 5727.35253906 3.80727577209
1478190482602 lifecam22 2161.0793457 5731.4140625 3.8064160347
1478190482663 lifecam22 2157.11645508 5736.29443359 3.80417060852
1478190482739 lifecam22 2150.88574219 5741.29541016 3.79502511024
1478190483071 lifecam22 2125.14624023 5765.37695312 3.7641108036
1478190483137 lifecam22 2120.88647461 5770.15722656 3.76188278198
1478190483200 lifecam22 2115.32324219 5775.04052734 3.75569629669
1478190483272 lifecam22 2110.24365234 5780.30615234 3.75100898743
1478190483328 lifecam22 2106.06640625 5785.07861328 3.74657320976
1478190483597 lifecam22 2086.52099609 5805.33544922 3.73379564285
1478190483660 lifecam22 2081.40527344 5810.68164062 3.7264945507
1478190483731 lifecam22 2078.25292969 5815.81689453 3.7265625
1478190483808 lifecam22 2073.06689453 5821.12207031 3.72076058388
1478190483867 lifecam22 2069.67919922 5826.25927734 3.71977186203
1478190484143 lifecam22 2049.7824707 5846.31347656 3.69552707672
1478190484203 lifecam22 2045.82214355 5851.7109375 3.68903541565
1478190484265 lifecam22 2041.04699707 5857.77148438 3.6878118515
1478190484331 lifecam22 2036.53112793 5862.6484375 3.67823314667
1478190484392 lifecam22 2032.49523926 5868.60449219 3.67634320259
1478190484664 lifecam22 2015.68908691 5889.81689453 3.66047763824
1478190484742 lifecam22 2009.64318848 5895.70019531 3.65003967285
1478190484799 lifecam22 2005.78771973 5900.72998047 3.64382100105
1478190484863 lifecam22 2000.65124512 5906.32763672 3.63562059402
1478190484933 lifecam22 1996.91125488 5912.24609375 3.63111066818
1478190485137 lifecam22 1983.5994873 5928.28808594 3.61880540848
1478190485205 lifecam22 1977.95214844 5934.78955078 3.60480165482
1478190485264 lifecam22 1975.05664062 5939.96875 3.60723686218
1478190485337 lifecam22 1972.0715332 5945.43164062 3.60902929306
1478190485667 lifecam22 1952.88769531 5974.05810547 3.58459806442
1478190485739 lifecam22 1947.74047852 5980.9609375 3.5734205246
1478190485807 lifecam22 1943.43127441 5985.86181641 3.5708656311
1478190485876 lifecam22 1940.21276855 5991.45556641 3.56722974777
1478190485936 lifecam22 1936.77429199 5997.88378906 3.56485080719
1478190486215 lifecam22 1931.95361328 6008.14990234 3.57482910156
1478190486275 lifecam22 1931.36242676 6009.55712891 3.56982326508
1478190486341 lifecam22 1931.51037598 6008.86279297 3.57251834869
1478190486398 lifecam22 1931.25830078 6009.48046875 3.57008504868
1478190486472 lifecam22 1931.34069824 6009.04785156 3.5730509758
1478190486805 lifecam22 1931.34619141 6009.359375 3.57035636902
1478190486876 lifecam22 1931.07336426 6009.47314453 3.56832695007
1478190486934 lifecam22 1931.20654297 6009.53125 3.56832742691
1478190487008 lifecam22 1931.41418457 6009.32080078 3.57208347321
1478190487074 lifecam22 1931.36242676 6009.55712891 3.56982326508
1478190487465 lifecam22 1931.44921875 6009.40966797 3.57144355774
1478190487541 lifecam22 1931.50524902 6009.29785156 3.56999063492
