1478186218648 lifecam22 3345.80175781 5376.28564453 4.68034648895
1478186218860 lifecam22 3345.82421875 5376.43164062 4.68169689178
1478186218920 lifecam22 3346.36621094 5376.96582031 4.68544340134
1478186218983 lifecam22 3346.26147461 5376.69042969 4.68421077728
1478186219047 lifecam22 3346.62890625 5377.70947266 4.69247055054
1478186219124 lifecam22 3345.52001953 5376.57421875 4.68520259857
1478186219452 lifecam22 3346.39208984 5376.78466797 4.68400096893
1478186219514 lifecam22 3347.36401367 5378.54052734 4.69527196884
1478186219586 lifecam22 3346.82421875 5377.76269531 4.69068336487
1478186219648 lifecam22 3346.06640625 5376.234375 4.67996740341
1478186219719 lifecam22 3346.31542969 5376.47509766 4.68227434158
1478186220046 lifecam22 3346.15527344 5377.34228516 4.68888568878
1478186220127 lifecam22 3345.54101562 5377.32568359 4.68839550018
1478186220185 lifecam22 3344.99487305 5376.94238281 4.68595552444
1478186220255 lifecam22 3345.7097168 5377.57958984 4.68966197968
1478186220315 lifecam22 3344.98242188 5376.74755859 4.68560361862
1478186220713 lifecam22 3346.47949219 5379.21289062 4.69837665558
1478186220783 lifecam22 3345.77734375 5378.69726562 4.69602394104
1478186220844 lifecam22 3345.87060547 5378.63720703 4.69562292099
1478186220915 lifecam22 3346.3034668 5378.63623047 4.69417095184
1478186220988 lifecam22 3346.10766602 5379.00976562 4.69774770737
1478186221256 lifecam22 3345.78149414 5378.70458984 4.6947016716
1478186221311 lifecam22 3345.62915039 5378.28417969 4.69341659546
1478186221376 lifecam22 3346.00756836 5379.04345703 4.69800329208
1478186221460 lifecam22 3346.27246094 5379.26660156 4.69893360138
1478186221522 lifecam22 3345.91674805 5378.69335938 4.69601774216
1478186221855 lifecam22 3346.37329102 5379.23291016 4.69867515564
1478186221925 lifecam22 3345.89111328 5378.79248047 4.69563579559
1478186221989 lifecam22 3345.81616211 5378.33935547 4.69399356842
1478186222056 lifecam22 3345.79101562 5378.69628906 4.69614362717
1478186222120 lifecam22 3345.74560547 5378.40185547 4.69455194473
1478186222458 lifecam22 3346.22021484 5378.56933594 4.69495344162
1478186222518 lifecam22 3346.38232422 5378.97558594 4.69757270813
1478186222591 lifecam22 3345.47485352 5378.15185547 4.69343471527
1478186222645 lifecam22 3345.97436523 5378.72167969 4.69510412216
1478186222721 lifecam22 3345.92797852 5378.96972656 4.69731664658
1478186223058 lifecam22 3346.42797852 5378.90136719 4.69810152054
1478186223124 lifecam22 3346.33129883 5378.92626953 4.69703626633
1478186223181 lifecam22 3345.67358398 5378.20214844 4.69394159317
1478186223253 lifecam22 3345.625 5377.75341797 4.69107580185
1478186223322 lifecam22 3345.8203125 5378.45605469 4.69376277924
1478186223580 lifecam22 3346.30737305 5377.93164062 4.68876552582
1478186223657 lifecam22 3346.03833008 5377.25878906 4.68239879608
1478186223732 lifecam22 3345.87109375 5377.20410156 4.68344783783
1478186223790 lifecam22 3345.8515625 5377.34082031 4.68450593948
1478186223853 lifecam22 3345.85205078 5377.50097656 4.68452978134
1478186224126 lifecam22 3345.90893555 5378.41113281 4.69464254379
1478186224182 lifecam22 3345.73510742 5377.43701172 4.68813943863
1478186224257 lifecam22 3345.29003906 5377.40527344 4.68767786026
1478186224329 lifecam22 3346.51098633 5376.93359375 4.68754577637
1478186224397 lifecam22 3349.19238281 5375.91113281 4.68189811707
1478186224660 lifecam22 3349.06762695 5375.60400391 4.68019866943
1478186224729 lifecam22 3349.56347656 5376.22265625 4.68362379074
1478186224799 lifecam22 3348.73339844 5374.64599609 4.67726802826
1478186224865 lifecam22 3348.54614258 5375.15527344 4.67699337006
1478186224913 lifecam22 3345.24829102 5372.44482422 4.66024923325
1478186225127 lifecam22 3328.79492188 5373.07421875 4.65830564499
1478186225188 lifecam22 3328.11279297 5374.06689453 4.6797246933
1478186225266 lifecam22 3320.53466797 5373.61425781 4.67356824875
1478186225320 lifecam22 3312.73413086 5372.56787109 4.67133283615
1478186225392 lifecam22 3306.45068359 5372.19140625 4.663854599
1478186225656 lifecam22 3276.09667969 5366.93847656 4.62973356247
1478186225737 lifecam22 3269.16015625 5367.13330078 4.62782812119
1478186225790 lifecam22 3262.51611328 5366.33935547 4.62356472015
1478186225856 lifecam22 3255.39379883 5365.34375 4.62048721313
1478186225928 lifecam22 3248.59301758 5364.98144531 4.61055803299
1478186226196 lifecam22 3221.79736328 5362.91894531 4.59442186356
1478186226255 lifecam22 3215.26171875 5364.04785156 4.59535837173
1478186226322 lifecam22 3207.35351562 5361.88427734 4.58020114899
1478186226391 lifecam22 3200.27490234 5361.60253906 4.57360029221
1478186226453 lifecam22 3193.54711914 5362.13330078 4.56961631775
1478186226664 lifecam22 3172.35180664 5362.05664062 4.55937671661
1478186226727 lifecam22 3166.40722656 5361.62158203 4.55438518524
1478186226796 lifecam22 3159.33276367 5361.21386719 4.54805374146
1478186226870 lifecam22 3152.10742188 5361.81201172 4.54407167435
1478186226927 lifecam22 3144.71069336 5362.16552734 4.53883647919
1478186227196 lifecam22 3116.75927734 5361.98828125 4.51665878296
1478186227258 lifecam22 3109.36035156 5361.60644531 4.51003360748
1478186227329 lifecam22 3103.16943359 5361.71875 4.50518608093
1478186227401 lifecam22 3094.27197266 5361.45703125 4.49629020691
1478186227466 lifecam22 3088.85107422 5363.00976562 4.49965763092
1478186227655 lifecam22 3068.13574219 5364.70898438 4.48516607285
1478186227723 lifecam22 3061.171875 5364.37451172 4.47904348373
1478186227803 lifecam22 3055.13427734 5365.36914062 4.47699642181
1478186227867 lifecam22 3047.48828125 5365.41748047 4.4696559906
1478186227937 lifecam22 3040.89013672 5366.60986328 4.46955633163
1478186228199 lifecam22 3012.56762695 5368.28857422 4.4439702034
1478186228265 lifecam22 3006.78442383 5368.61523438 4.43852186203
1478186228341 lifecam22 2999.58007812 5370.60888672 4.43667554855
1478186228398 lifecam22 2993.29956055 5370.24023438 4.43011760712
1478186228462 lifecam22 2986.12695312 5371.93554688 4.42726707458
1478186228738 lifecam22 2958.76513672 5375.36621094 4.40486288071
1478186228799 lifecam22 2952.0612793 5376.58251953 4.40236854553
1478186228859 lifecam22 2945.0871582 5377.74511719 4.39878845215
1478186228929 lifecam22 2937.24121094 5378.44189453 4.39267396927
1478186229002 lifecam22 2930.5324707 5379.90039062 4.38590908051
1478186229270 lifecam22 2902.65332031 5382.76171875 4.36391592026
1478186229324 lifecam22 2896.07568359 5384.91357422 4.36419677734
1478186229400 lifecam22 2888.56176758 5386.16162109 4.35377550125
1478186229467 lifecam22 2882.23681641 5388.28027344 4.35345077515
1478186229532 lifecam22 2875.51171875 5390.27539062 4.34951734543
1478186229801 lifecam22 2848.71850586 5394.83251953 4.33122014999
1478186229866 lifecam22 2841.4609375 5397.390625 4.32562446594
1478186229935 lifecam22 2834.11279297 5397.78076172 4.31686735153
1478186229994 lifecam22 2827.94970703 5400.55957031 4.31350708008
1478186230064 lifecam22 2820.15161133 5401.23486328 4.30468130112
1478186230207 lifecam22 2807.72631836 5404.76660156 4.29774856567
1478186230274 lifecam22 2801.28149414 5406.71289062 4.29365682602
1478186230338 lifecam22 2794.421875 5408.51416016 4.28744506836
1478186230391 lifecam22 2787.78564453 5411.00683594 4.28557777405
1478186230465 lifecam22 2779.95629883 5412.35107422 4.2744436264
1478186230743 lifecam22 2754.17016602 5420.40429688 4.25689506531
1478186230805 lifecam22 2746.07104492 5421.26074219 4.25116682053
1478186230864 lifecam22 2739.93701172 5423.64697266 4.2448220253
1478186230940 lifecam22 2734.44067383 5426.31738281 4.24817323685
1478186231000 lifecam22 2727.61743164 5427.95068359 4.23948287964
1478186231270 lifecam22 2699.80224609 5436.56689453 4.21547889709
1478186231330 lifecam22 2694.02587891 5438.87402344 4.21085834503
1478186231407 lifecam22 2688.18164062 5441.73144531 4.20904254913
1478186231469 lifecam22 2682.27416992 5444.49511719 4.21124792099
1478186231537 lifecam22 2676.07104492 5447.19580078 4.2085146904
1478186231810 lifecam22 2649.57055664 5456.35839844 4.18543767929
1478186231862 lifecam22 2644.34619141 5459.42382812 4.18770599365
1478186231928 lifecam22 2637.54394531 5462.07226562 4.18021249771
1478186232003 lifecam22 2630.04296875 5463.27587891 4.16926002502
1478186232067 lifecam22 2623.06494141 5466.77441406 4.16333341599
1478186232334 lifecam22 2596.38500977 5476.87890625 4.13756561279
1478186232405 lifecam22 2589.52832031 5479.4296875 4.13124513626
1478186232468 lifecam22 2583.3137207 5482.23876953 4.1292924881
1478186232542 lifecam22 2576.23291016 5485.16015625 4.1213927269
1478186232806 lifecam22 2550.92016602 5497.16894531 4.10869598389
1478186232870 lifecam22 2544.59619141 5499.92724609 4.10416841507
1478186232940 lifecam22 2539.36523438 5503.63818359 4.10456037521
1478186233003 lifecam22 2532.22021484 5506.17382812 4.09212732315
1478186233068 lifecam22 2526.88183594 5510.01611328 4.09290933609
1478186233279 lifecam22 2507.23876953 5519.296875 4.07080316544
1478186233339 lifecam22 2501.05273438 5522.58642578 4.07384490967
1478186233397 lifecam22 2494.55102539 5526.54736328 4.06167316437
1478186233472 lifecam22 2488.99267578 5529.65576172 4.06188058853
1478186233540 lifecam22 2482.34667969 5532.98388672 4.05197906494
1478186233811 lifecam22 2458.52368164 5546.40478516 4.03975486755
1478186233880 lifecam22 2452.64550781 5549.8828125 4.03267049789
1478186233932 lifecam22 2444.86621094 5552.93066406 4.01519727707
1478186234014 lifecam22 2440.9855957 5557.09277344 4.02323198318
1478186234078 lifecam22 2433.92260742 5560.41455078 4.01306962967
1478186234333 lifecam22 2409.24414062 5574.54101562 3.99219870567
1478186234410 lifecam22 2404.62280273 5579.20800781 3.99781632423
1478186234471 lifecam22 2396.92407227 5582.37744141 3.97794651985
1478186234550 lifecam22 2390.11474609 5586.22265625 3.97357773781
1478186234609 lifecam22 2386.83349609 5590.10644531 3.98286223412
1478186234807 lifecam22 2369.65820312 5601.87792969 3.96890473366
1478186234870 lifecam22 2361.88623047 5604.93212891 3.9522664547
1478186234943 lifecam22 2357.67773438 5609.046875 3.95214629173
1478186235013 lifecam22 2349.83398438 5613.90478516 3.93940806389
1478186235079 lifecam22 2343.31787109 5617.79736328 3.92510199547
1478186235347 lifecam22 2323.57641602 5634.19726562 3.91664791107
1478186235407 lifecam22 2318.07519531 5638.51904297 3.90914320946
1478186235471 lifecam22 2311.0793457 5644.18359375 3.90233492851
1478186235546 lifecam22 2306.08032227 5646.63525391 3.90376138687
1478186235606 lifecam22 2299.03125 5651.15576172 3.89062047005
1478186235811 lifecam22 2282.67138672 5664.56103516 3.87741065025
1478186235878 lifecam22 2277.78979492 5668.10449219 3.87216830254
1478186235942 lifecam22 2271.82861328 5672.59423828 3.86636137962
1478186235996 lifecam22 2264.85791016 5677.52001953 3.85450029373
1478186236080 lifecam22 2260.16601562 5681.921875 3.85467028618
1478186236142 lifecam22 2253.63867188 5686.29589844 3.84232282639
1478186236290 lifecam22 2244.12548828 5695.22070312 3.84285449982
1478186236345 lifecam22 2239.30981445 5699.88232422 3.8375210762
1478186236412 lifecam22 2232.42163086 5704.07373047 3.82705163956
1478186236475 lifecam22 2228.8190918 5708.50585938 3.82912349701
1478186236545 lifecam22 2222.10864258 5712.80371094 3.81811094284
1478186236813 lifecam22 2203.44921875 5732.0703125 3.80920910835
1478186236880 lifecam22 2197.15136719 5736.96386719 3.80240797997
1478186236952 lifecam22 2191.91821289 5741.81933594 3.79206442833
1478186237011 lifecam22 2186.64941406 5746.4375 3.78790569305
1478186237080 lifecam22 2181.9753418 5750.94921875 3.78476452827
1478186237417 lifecam22 2157.75708008 5776.06542969 3.75953197479
1478186237481 lifecam22 2152.43359375 5781.06982422 3.75478672981
1478186237542 lifecam22 2148.80395508 5785.89599609 3.75498437881
1478186237605 lifecam22 2142.69750977 5790.59082031 3.74570012093
1478186237671 lifecam22 2137.76245117 5796.13671875 3.73812842369
1478186237881 lifecam22 2122.00463867 5810.97216797 3.71863245964
1478186237942 lifecam22 2116.81616211 5816.83740234 3.71326112747
1478186238013 lifecam22 2112.30004883 5821.54248047 3.70571208
1478186238080 lifecam22 2107.68847656 5826.39599609 3.7052834034
1478186238144 lifecam22 2102.99609375 5831.64941406 3.699903965
1478186238420 lifecam22 2085.71582031 5852.90478516 3.68563079834
1478186238476 lifecam22 2081.23876953 5858.13183594 3.68116784096
1478186238544 lifecam22 2078.14477539 5863.15332031 3.68130707741
1478186238612 lifecam22 2072.61914062 5868.41162109 3.67536401749
1478186238678 lifecam22 2068.83813477 5874.03173828 3.66963934898
1478186238945 lifecam22 2050.95385742 5895.79199219 3.64858007431
1478186239017 lifecam22 2047.3182373 5900.88574219 3.64711904526
1478186239086 lifecam22 2042.38269043 5907.26953125 3.64006137848
1478186239158 lifecam22 2039.59558105 5912.62548828 3.63906908035
1478186239207 lifecam22 2033.95959473 5918.64208984 3.62824440002
1478186239480 lifecam22 2017.24499512 5941.17236328 3.6071472168
1478186239549 lifecam22 2013.51672363 5947.00195312 3.60449743271
1478186239608 lifecam22 2007.0447998 5952.74560547 3.5901222229
1478186239684 lifecam22 2003.9708252 5957.98876953 3.59126281738
1478186239748 lifecam22 2001.08508301 5963.84277344 3.58980751038
1478186240022 lifecam22 1984.12097168 5986.27001953 3.56655550003
1478186240082 lifecam22 1980.46789551 5992.15136719 3.55734109879
1478186240151 lifecam22 1976.54589844 5997.66699219 3.55742502213
1478186240205 lifecam22 1973.47473145 6003.82666016 3.55075502396
1478186240284 lifecam22 1969.60290527 6009.56201172 3.55096054077
1478186240620 lifecam22 1951.39099121 6039.67431641 3.52658510208
1478186240679 lifecam22 1948.52062988 6045.31298828 3.52345228195
1478186240746 lifecam22 1947.69616699 6049.75048828 3.53062820435
1478186240815 lifecam22 1949.53955078 6048.92578125 3.53688049316
1478186240882 lifecam22 1949.55957031 6049.23242188 3.53691720963
1478186241151 lifecam22 1949.36645508 6048.90136719 3.5379357338
1478186241210 lifecam22 1949.55957031 6049.23242188 3.53691720963
1478186241280 lifecam22 1949.29919434 6049.20849609 3.53687238693
1478186241362 lifecam22 1949.56103516 6049.24316406 3.5369682312
1478186241404 lifecam22 1949.65222168 6048.76416016 3.53855657578
1478186241677 lifecam22 1949.55957031 6049.23242188 3.53691720963
1478186241761 lifecam22 1949.36779785 6049.11425781 3.53740024567
1478186241825 lifecam22 1949.36132812 6049.21337891 3.53769540787
1478186241888 lifecam22 1949.52062988 6049.04199219 3.53844594955
1478186241951 lifecam22 1949.80822754 6048.91650391 3.53911733627
1478186242155 lifecam22 1949.52062988 6049.04199219 3.53844594955
1478186242223 lifecam22 1949.29431152 6049.10644531 3.53646993637
1478186242290 lifecam22 1949.52258301 6049.25537109 3.53791189194
1478186242351 lifecam22 1949.52807617 6049.14550781 3.53756761551
1478186242425 lifecam22 1949.52941895 6049.15625 3.53761720657
1478186242693 lifecam22 1949.52941895 6049.15625 3.53761720657
1478186242756 lifecam22 1949.72692871 6048.97900391 3.53908205032
1478186242819 lifecam22 1949.36645508 6048.90136719 3.5379357338
1478186242882 lifecam22 1949.52807617 6049.14550781 3.53756761551
1478186242947 lifecam22 1949.36132812 6049.21337891 3.53769540787
1478186243216 lifecam22 1949.36132812 6049.21337891 3.53769540787
1478186243281 lifecam22 1949.55407715 6049.34228516 3.53726196289
1478186243350 lifecam22 1949.52258301 6049.25537109 3.53791189194
1478186243410 lifecam22 1949.14489746 6049.06689453 3.53636264801
1478186243488 lifecam22 1949.52941895 6049.15625 3.53761720657
1478186243750 lifecam22 1949.36132812 6049.21337891 3.53769540787
1478186243823 lifecam22 1949.53491211 6049.04638672 3.53727293015
1478186243882 lifecam22 1949.29138184 6049.25439453 3.534719944
1478186243955 lifecam22 1949.52807617 6049.14550781 3.53756761551
1478186244226 lifecam22 1949.5793457 6048.90380859 3.53824901581
1478186244289 lifecam22 1949.36682129 6049.10351562 3.53735256195
1478186244359 lifecam22 1949.52258301 6049.25537109 3.53791189194
1478186244424 lifecam22 1949.52807617 6049.14550781 3.53756761551
1478186244484 lifecam22 1949.36132812 6049.21337891 3.53769540787
1478186244754 lifecam22 1949.36132812 6049.21337891 3.53769540787
1478186244828 lifecam22 1949.52258301 6049.25537109 3.53791189194
1478186244894 lifecam22 1949.83728027 6048.99267578 3.5384144783
1478186244964 lifecam22 1949.52941895 6049.15625 3.53761720657
1478186245017 lifecam22 1949.53491211 6049.04638672 3.53727293015
1478186245301 lifecam22 1949.29431152 6049.10644531 3.53646993637
