1477660979746 lifecam22 3366.91455078 4775.25341797 4.68692493439
1477660979813 lifecam22 3366.88916016 4774.88720703 4.68464183807
1477660979880 lifecam22 3366.85205078 4775.18896484 4.68772602081
1477660979948 lifecam22 3366.4921875 4774.81933594 4.68425798416
1477660980016 lifecam22 3366.99951172 4775.29833984 4.68771266937
1477660980081 lifecam22 3366.85009766 4775.4296875 4.68886041641
1477660980150 lifecam22 3367.06591797 4775.42382812 4.68886709213
1477660980215 lifecam22 3366.74414062 4775.17773438 4.68655443192
1477660980276 lifecam22 3366.74414062 4775.17773438 4.68655443192
1477660980343 lifecam22 3366.85009766 4775.4296875 4.68886041641
1477660980412 lifecam22 3366.99951172 4775.29833984 4.68771266937
1477660980477 lifecam22 3366.96508789 4775.17138672 4.68655776978
1477660980541 lifecam22 3366.74414062 4775.17773438 4.68655443192
1477660980683 lifecam22 3366.74414062 4775.17773438 4.68655443192
1477660980747 lifecam22 3366.74414062 4775.17773438 4.68655443192
1477660980815 lifecam22 3366.85009766 4775.4296875 4.68886041641
1477660980878 lifecam22 3366.74414062 4775.17773438 4.68655443192
1477660980943 lifecam22 3366.96508789 4775.17138672 4.68655776978
1477660981078 lifecam22 3366.74414062 4775.17773438 4.68655443192
1477660981146 lifecam22 3366.74414062 4775.17773438 4.68655443192
1477660981214 lifecam22 3366.74414062 4775.17773438 4.68655443192
1477660981278 lifecam22 3366.74414062 4775.17773438 4.68655443192
1477660981349 lifecam22 3366.96508789 4775.17138672 4.68655776978
1477660981412 lifecam22 3366.74414062 4775.17773438 4.68655443192
1477660981478 lifecam22 3366.65942383 4775.1328125 4.68576669693
1477660981548 lifecam22 3366.96508789 4775.17138672 4.68655776978
1477660981611 lifecam22 3366.65942383 4775.1328125 4.68576669693
1477660981678 lifecam22 3366.91455078 4775.25341797 4.68692493439
1477660981811 lifecam22 3366.65942383 4775.1328125 4.68576669693
1477660981880 lifecam22 3366.65942383 4775.1328125 4.68576669693
1477660981949 lifecam22 3366.88037109 4775.12646484 4.68577051163
1477660982016 lifecam22 3367.14111328 4775.24707031 4.68693161011
1477660982078 lifecam22 3366.65942383 4775.1328125 4.68576669693
1477660982147 lifecam22 3366.88037109 4775.12646484 4.68577051163
1477660982214 lifecam22 3367.14111328 4775.24707031 4.68693161011
1477660982280 lifecam22 3367.28100586 4775.24365234 4.68693494797
1477660982347 lifecam22 3366.88916016 4774.88720703 4.68464183807
1477660982414 lifecam22 3367.14111328 4775.24707031 4.68693161011
1477660982553 lifecam22 3367.28100586 4775.24365234 4.68693494797
1477660982616 lifecam22 3366.88037109 4775.12646484 4.68577051163
1477660982685 lifecam22 3367.26123047 4775.22265625 4.68674087524
1477660982753 lifecam22 3367.26123047 4775.22265625 4.68674087524
1477660982816 lifecam22 3367.98339844 4775.52392578 4.68965435028
1477660982888 lifecam22 3367.68237305 4775.36083984 4.68810224533
1477660982951 lifecam22 3367.98339844 4775.52392578 4.68965435028
1477660983018 lifecam22 3367.83398438 4775.45898438 4.68902826309
1477660983089 lifecam22 3367.98339844 4775.52392578 4.68965435028
1477660983155 lifecam22 3367.76196289 4775.68066406 4.68967580795
1477660983220 lifecam22 3368.11401367 4775.87792969 4.69154262543
1477660983286 lifecam22 3367.68237305 4775.36083984 4.68810224533
1477660983353 lifecam22 3366.4465332 4774.63476562 4.68387269974
1477660983420 lifecam22 3367.26123047 4775.22265625 4.68674087524
1477660983486 lifecam22 3366.65942383 4775.1328125 4.68576669693
1477660983555 lifecam22 3362.44897461 4776.60107422 4.6983833313
1477660983620 lifecam22 3351.73510742 4776.16748047 4.69772338867
1477660983685 lifecam22 3345.26660156 4773.93408203 4.68332386017
1477660983756 lifecam22 3339.25634766 4771.37939453 4.68675327301
1477660983823 lifecam22 3332.04492188 4771.68066406 4.69617986679
1477660983888 lifecam22 3327.59277344 4771.83447266 4.70364570618
1477660983952 lifecam22 3320.69067383 4772.06298828 4.7084479332
1477660984022 lifecam22 3314.51196289 4772.11816406 4.71060419083
1477660984087 lifecam22 3306.72460938 4771.23925781 4.70821905136
1477660984152 lifecam22 3298.90771484 4769.26318359 4.69817972183
1477660984231 lifecam22 3294.50415039 4770.25292969 4.70707893372
1477660984288 lifecam22 3286.47607422 4766.26660156 4.69354009628
1477660984354 lifecam22 3281.38110352 4767.46337891 4.70178747177
1477660984419 lifecam22 3276.40380859 4765.77099609 4.71519184113
1477660984483 lifecam22 3269.4140625 4765.52783203 4.71288013458
1477660984620 lifecam22 3253.80273438 4762.51367188 4.69832849503
1477660984684 lifecam22 3246.75805664 4762.33007812 4.69792938232
1477660984749 lifecam22 3239.21826172 4760.7578125 4.69310188293
1477660984817 lifecam22 3232.84057617 4758.76904297 4.69381093979
1477660984882 lifecam22 3226.55883789 4758.265625 4.70384979248
1477660985017 lifecam22 3216.3347168 4759.67431641 4.72273826599
1477660985087 lifecam22 3209.56298828 4759.40722656 4.72121715546
1477660985151 lifecam22 3204.67382812 4760.42089844 4.73073482513
1477660985217 lifecam22 3196.78808594 4758.46875 4.72219085693
1477660985286 lifecam22 3190.13183594 4757.61035156 4.7197933197
1477660985352 lifecam22 3183.81518555 4756.72216797 4.72687721252
1477660985417 lifecam22 3179.50268555 4755.69775391 4.74198150635
1477660985486 lifecam22 3171.17016602 4753.36572266 4.73022079468
1477660985552 lifecam22 3163.97753906 4752.39990234 4.72114562988
1477660985618 lifecam22 3157.61547852 4752.39990234 4.72114849091
1477660985753 lifecam22 3141.80712891 4748.20263672 4.69836807251
1477660985820 lifecam22 3136.37817383 4747.55517578 4.71257734299
1477660985886 lifecam22 3130.69799805 4747.31738281 4.72333431244
1477660985954 lifecam22 3122.41381836 4744.52783203 4.71288108826
1477660986019 lifecam22 3115.41381836 4744.52783203 4.71288061142
1477660986085 lifecam22 3108.4140625 4744.52783203 4.71288061142
1477660986155 lifecam22 3101.01000977 4743.55859375 4.70921373367
1477660986218 lifecam22 3094.80175781 4742.94628906 4.7103433609
1477660986285 lifecam22 3091.00341797 4741.73828125 4.73890733719
1477660986354 lifecam22 3083.0065918 4739.09277344 4.72656345367
1477660986488 lifecam22 3073.15283203 4740.69824219 4.74260425568
1477660986554 lifecam22 3066.48925781 4740.35253906 4.73940420151
1477660986621 lifecam22 3059.43481445 4739.82568359 4.73855352402
1477660986686 lifecam22 3052.89428711 4737.98974609 4.7335562706
1477660986755 lifecam22 3046.9831543 4734.84667969 4.73724412918
1477660986826 lifecam22 3039.8269043 4733.84960938 4.73316717148
1477660986886 lifecam22 3032.19091797 4732.56298828 4.72732448578
1477660986952 lifecam22 3024.58764648 4730.99316406 4.71729755402
1477660987021 lifecam22 3017.64355469 4731.1953125 4.71921348572
1477660987086 lifecam22 3011.04223633 4730.92919922 4.72047328949
1477660987222 lifecam22 2999.27783203 4727.33789062 4.73618078232
1477660987290 lifecam22 2991.29052734 4724.78125 4.72366857529
1477660987354 lifecam22 2984.52197266 4724.67822266 4.7237701416
1477660987421 lifecam22 2977.52197266 4724.67822266 4.7237701416
1477660987492 lifecam22 2971.14355469 4725.03515625 4.72712373734
1477660987557 lifecam22 2966.46142578 4724.82568359 4.74477148056
1477660987621 lifecam22 2960.52294922 4723.20214844 4.7529258728
1477660987689 lifecam22 2955.63891602 4722.4140625 4.75524234772
1477660987754 lifecam22 2948.61962891 4722.45898438 4.75685548782
1477660987821 lifecam22 2940.2043457 4719.62890625 4.74196004868
1477660987960 lifecam22 2928.30078125 4717.98925781 4.74830722809
1477660988024 lifecam22 2921.31933594 4714.14941406 4.74261045456
1477660988089 lifecam22 2915.08789062 4713.95068359 4.74296712875
1477660988160 lifecam22 2907.39013672 4711.76855469 4.73182153702
1477660988223 lifecam22 2900.47802734 4711.38769531 4.73042392731
1477660988293 lifecam22 2895.33081055 4711.69824219 4.74558782578
1477660988357 lifecam22 2889.33349609 4710.04638672 4.75426435471
1477660988422 lifecam22 2883.02197266 4709.76123047 4.7564239502
1477660988489 lifecam22 2875.29125977 4708.25341797 4.75045681
1477660988558 lifecam22 2868.43457031 4707.39990234 4.7476348877
1477660988692 lifecam22 2855.50463867 4705.64990234 4.75433349609
1477660988759 lifecam22 2850.46777344 4705.59423828 4.7649230957
1477660988825 lifecam22 2843.34790039 4703.66064453 4.76539230347
1477660988888 lifecam22 2836.38232422 4701.76416016 4.75713157654
1477660988958 lifecam22 2829.22192383 4701.25537109 4.75743341446
1477660989032 lifecam22 2823.515625 4699.77685547 4.76176309586
1477660989090 lifecam22 2817.83618164 4699.13183594 4.7695069313
1477660989158 lifecam22 2810.8125 4696.98242188 4.76524400711
1477660989224 lifecam22 2803.60913086 4695.45214844 4.75904273987
1477660989293 lifecam22 2796.15234375 4694.0703125 4.75189971924
1477660989425 lifecam22 2783.05200195 4692.26367188 4.75952911377
1477660989494 lifecam22 2777.11743164 4691.72216797 4.76270580292
1477660989556 lifecam22 2770.33984375 4688.93310547 4.76087856293
1477660989624 lifecam22 2764.27783203 4689.04931641 4.76152181625
1477660989692 lifecam22 2757.79125977 4687.41015625 4.75714540482
1477660989768 lifecam22 2751.29125977 4686.25488281 4.76465654373
1477660989826 lifecam22 2745.09277344 4685.82714844 4.76933526993
1477660989895 lifecam22 2739.6875 4683.65966797 4.77170658112
1477660989960 lifecam22 2732.74731445 4683.11181641 4.7718091011
1477660990025 lifecam22 2725.56054688 4681.42773438 4.76406145096
1477660990159 lifecam22 2714.07275391 4680.84082031 4.78202295303
1477660990224 lifecam22 2707.46166992 4679.26416016 4.78078126907
1477660990296 lifecam22 2700.10693359 4676.69921875 4.7709145546
1477660990362 lifecam22 2692.74389648 4674.94628906 4.76298427582
1477660990424 lifecam22 2685.53320312 4673.94824219 4.76301050186
1477660990560 lifecam22 2672.90429688 4672.00244141 4.77371931076
1477660990629 lifecam22 2665.97119141 4669.375 4.76894330978
1477660990694 lifecam22 2658.78881836 4668.54589844 4.76631879807
1477660990763 lifecam22 2652.04858398 4667.07470703 4.7700548172
1477660990827 lifecam22 2645.76879883 4666.24072266 4.77473163605
1477660990892 lifecam22 2639.60498047 4664.65283203 4.77530050278
1477660990961 lifecam22 2631.36791992 4662.43603516 4.76932001114
1477660991031 lifecam22 2625.18408203 4662.37109375 4.77007627487
1477660991094 lifecam22 2619.09790039 4661.74755859 4.7800359726
1477660991160 lifecam22 2612.59912109 4660.62060547 4.78166007996
1477660991293 lifecam22 2600.61523438 4657.5234375 4.78388929367
1477660991359 lifecam22 2594.42285156 4656.82226562 4.78311920166
1477660991430 lifecam22 2589.20556641 4655.43554688 4.79024887085
1477660991495 lifecam22 2582.22802734 4653.99462891 4.78709793091
1477660991561 lifecam22 2575.35327148 4652.07275391 4.78424930573
1477660991631 lifecam22 2568.17944336 4648.50878906 4.77077722549
1477660991696 lifecam22 2561.86376953 4648.06201172 4.77620697021
1477660991761 lifecam22 2555.19677734 4646.87109375 4.77988386154
1477660991828 lifecam22 2548.99780273 4646.01708984 4.78247308731
1477660991897 lifecam22 2542.20898438 4644.8671875 4.78412628174
1477660992027 lifecam22 2528.90234375 4642.89746094 4.78815078735
1477660992098 lifecam22 2522.29248047 4641.33300781 4.78981208801
1477660992163 lifecam22 2516.96801758 4641.07861328 4.79636907578
1477660992228 lifecam22 2509.81738281 4639.57226562 4.79512071609
1477660992297 lifecam22 2503.21142578 4638.02978516 4.79400157928
1477660992364 lifecam22 2496.66455078 4637.16650391 4.80069541931
1477660992429 lifecam22 2490.09716797 4635.453125 4.80321836472
1477660992495 lifecam22 2483.69067383 4632.79541016 4.79697751999
1477660992565 lifecam22 2476.60864258 4630.828125 4.7924952507
1477660992630 lifecam22 2470.30126953 4629.05859375 4.79648017883
1477660992764 lifecam22 2457.31152344 4626.45410156 4.79341888428
1477660992830 lifecam22 2450.96582031 4625.55957031 4.79586839676
1477660992896 lifecam22 2443.84594727 4623.81347656 4.7932882309
1477660992965 lifecam22 2438.16308594 4622.15576172 4.79738807678
1477660993029 lifecam22 2431.58007812 4621.34326172 4.79906845093
1477660993107 lifecam22 2424.76123047 4619.93261719 4.79801797867
1477660993164 lifecam22 2417.90307617 4617.82958984 4.79866790771
1477660993231 lifecam22 2412.07519531 4616.95849609 4.80287265778
1477660993298 lifecam22 2405.48144531 4614.60595703 4.80237483978
1477660993364 lifecam22 2399.96289062 4614.04296875 4.80510520935
1477660993498 lifecam22 2387.26196289 4610.57324219 4.80691146851
1477660993564 lifecam22 2381.01000977 4609.13623047 4.80982398987
1477660993632 lifecam22 2374.45996094 4608.41455078 4.81270647049
1477660993696 lifecam22 2367.59130859 4606.60302734 4.80680847168
1477660993763 lifecam22 2361.42602539 4605.59082031 4.8139257431
1477660993842 lifecam22 2354.28491211 4603.79785156 4.81219387054
1477660993901 lifecam22 2348.03613281 4602.05078125 4.81109046936
1477660993966 lifecam22 2341.00097656 4599.91162109 4.80715417862
1477660994032 lifecam22 2334.34985352 4599.37890625 4.81404972076
1477660994103 lifecam22 2327.61474609 4596.84130859 4.81254482269
1477660994232 lifecam22 2313.48974609 4593.36572266 4.80582618713
1477660994300 lifecam22 2307.54980469 4591.87744141 4.81246614456
1477660994367 lifecam22 2300.68188477 4589.4453125 4.81061220169
1477660994435 lifecam22 2294.68457031 4588.72167969 4.81528759003
1477660994502 lifecam22 2288.63061523 4587.76025391 4.81740236282
1477660994630 lifecam22 2276.42773438 4585.72314453 4.82546138763
1477660994701 lifecam22 2269.97485352 4583.40429688 4.82408046722
1477660994769 lifecam22 2263.81933594 4582.41796875 4.82413244247
1477660994832 lifecam22 2257.13183594 4579.77050781 4.82240152359
1477660994900 lifecam22 2250.4519043 4578.20751953 4.82128143311
1477660994972 lifecam22 2244.33007812 4576.10986328 4.82059383392
1477660995035 lifecam22 2237.28051758 4573.26855469 4.81243419647
1477660995100 lifecam22 2231.53857422 4572.66992188 4.81924295425
1477660995162 lifecam20 2165.8828125 4565.64355469 4.78047943115
1477660995167 lifecam22 2162.28173828 4564.13769531 4.77924776077
1477660995233 lifecam22 2159.65649414 4563.90234375 4.7822637558
1477660995234 lifecam20 2156.23974609 4563.81640625 4.77976799011
1477660995363 lifecam20 2149.84472656 4563.78710938 4.78592538834
1477660995367 lifecam22 2143.38916016 4562.73339844 4.78941440582
1477660995432 lifecam20 2140.27294922 4562.59570312 4.79338216782
1477660995437 lifecam22 2137.48828125 4562.11035156 4.79588699341
1477660995491 lifecam20 2134.45947266 4562.41210938 4.79979753494
1477660995499 lifecam22 2130.76367188 4561.43603516 4.79818153381
1477660995565 lifecam20 2127.54492188 4561.73583984 4.80140542984
1477660995569 lifecam22 2124.41552734 4561.27734375 4.80101299286
1477660995630 lifecam20 2121.3828125 4561.30566406 4.80488681793
1477660995635 lifecam22 2118.35986328 4560.39355469 4.80851554871
1477660995761 lifecam20 2112.33789062 4559.94726562 4.81660366058
1477660995767 lifecam22 2105.55615234 4557.92675781 4.81449460983
1477660995833 lifecam20 2102.90673828 4558.80566406 4.82297372818
1477660995838 lifecam22 2099.37573242 4558.17333984 4.82255172729
1477660995903 lifecam22 2096.2097168 4557.09130859 4.82344436646
1477660995904 lifecam20 2092.90917969 4557.13134766 4.82685947418
1477660995957 lifecam20 2089.59521484 4556.25292969 4.82694292068
1477660995970 lifecam22 2086.03564453 4555.00927734 4.82396173477
1477660996032 lifecam20 2082.95507812 4554.12353516 4.82654953003
1477660996037 lifecam22 2079.40869141 4552.62207031 4.82392501831
1477660996100 lifecam22 2076.34448242 4552.01171875 4.82413864136
1477660996103 lifecam20 2072.86987305 4551.06591797 4.82169914246
1477660996157 lifecam20 2069.43505859 4550.12890625 4.82108688354
1477660996166 lifecam22 2066.59716797 4549.63574219 4.82616567612
1477660996230 lifecam20 2063.35473633 4549.14404297 4.82726764679
1477660996235 lifecam22 2059.57226562 4547.90429688 4.82428598404
1477660996298 lifecam20 2056.48632812 4547.19287109 4.82635259628
1477660996303 lifecam22 2053.35546875 4546.73730469 4.82789707184
1477660996359 lifecam20 2049.92089844 4546.00585938 4.82873916626
1477660996367 lifecam22 2046.49487305 4545.27734375 4.82911205292
1477660996503 lifecam20 2040.21081543 4543.91015625 4.8308467865
1477660996506 lifecam22 2034.55895996 4542.90429688 4.83806371689
1477660996568 lifecam22 2031.22424316 4541.265625 4.83350801468
1477660996569 lifecam20 2027.89758301 4540.04833984 4.83363389969
1477660996629 lifecam20 2024.48168945 4539.42675781 4.83245515823
1477660996636 lifecam22 2021.52172852 4539.05957031 4.83447790146
1477660996699 lifecam20 2018.2331543 4538.28710938 4.83699607849
1477660996703 lifecam22 2014.80822754 4537.38867188 4.83930873871
1477660996771 lifecam22 2011.76904297 4536.47265625 4.83910989761
1477660996774 lifecam20 2008.54125977 4535.94970703 4.84014177322
1477660996841 lifecam22 2005.1496582 4534.70703125 4.83729076385
1477660996899 lifecam20 1998.12390137 4532.11767578 4.83317232132
1477660996904 lifecam22 1994.86083984 4531.01855469 4.83452749252
1477660996966 lifecam20 1992.11108398 4530.25927734 4.83537912369
1477660996970 lifecam22 1989.50561523 4529.70996094 4.83583450317
1477660997026 lifecam20 1985.92687988 4528.97558594 4.83789157867
1477660997034 lifecam22 1982.29992676 4527.7734375 4.83669471741
1477660997097 lifecam20 1979.40246582 4527.12109375 4.83761692047
1477660997106 lifecam22 1976.18322754 4526.37988281 4.83769416809
1477660997227 lifecam20 1969.40405273 4524.70849609 4.83701133728
1477660997237 lifecam22 1963.1574707 4523.35742188 4.84012031555
1477660997293 lifecam20 1959.53259277 4522.50830078 4.84102010727
1477660997302 lifecam22 1955.94104004 4521.46679688 4.84050369263
1477660997366 lifecam20 1953.09729004 4520.56835938 4.84274148941
1477660997370 lifecam22 1949.89904785 4519.54394531 4.84312438965
1477660997436 lifecam22 1946.72766113 4519.02441406 4.8457531929
1477660997438 lifecam20 1942.9486084 4518.18066406 4.844165802
1477660997493 lifecam20 1939.6472168 4517.27539062 4.84629392624
1477660997503 lifecam22 1936.23852539 4516.07861328 4.84528446198
1477660997634 lifecam20 1929.58105469 4514.6640625 4.84625577927
1477660997638 lifecam22 1922.8293457 4513.06689453 4.84749078751
1477660997696 lifecam20 1919.30859375 4511.86328125 4.84670639038
1477660997702 lifecam22 1916.62548828 4510.87548828 4.8478064537
1477660997766 lifecam20 1913.33666992 4510.11669922 4.84939146042
1477660997771 lifecam22 1909.48510742 4508.96679688 4.84675168991
1477660997834 lifecam20 1906.13305664 4507.78515625 4.8459687233
1477660997838 lifecam22 1903.29821777 4506.87646484 4.84753656387
1477660997896 lifecam20 1899.86987305 4505.57177734 4.84641981125
1477660997906 lifecam22 1896.83276367 4504.61132812 4.84867525101
1477660997964 lifecam20 1893.44140625 4504.18554688 4.85042619705
1477660997974 lifecam22 1890.015625 4503.37695312 4.84937620163
1477660998034 lifecam20 1886.72485352 4502.55761719 4.85021066666
1477660998038 lifecam22 1883.38720703 4501.74804688 4.84902143478
1477660998107 lifecam22 1880.2232666 4500.99023438 4.85359334946
1477660998108 lifecam20 1876.45751953 4499.97509766 4.85315656662
1477660998161 lifecam20 1873.23999023 4499.11376953 4.85196781158
1477660998172 lifecam22 1870.27954102 4498.078125 4.8489818573
1477660998235 lifecam20 1867.13500977 4497.04394531 4.85215997696
1477660998242 lifecam22 1863.93652344 4496.10058594 4.85288047791
1477660998366 lifecam20 1857.71557617 4494.82519531 4.85363149643
1477660998371 lifecam22 1851.26538086 4493.14941406 4.85511779785
1477660998435 lifecam20 1847.96740723 4491.76611328 4.85471963882
1477660998439 lifecam22 1844.56005859 4490.26660156 4.85364294052
1477660998503 lifecam20 1841.41918945 4489.63964844 4.85427856445
1477660998508 lifecam22 1838.59863281 4489.28320312 4.85533761978
1477660998560 lifecam20 1834.97167969 4487.93164062 4.85474252701
1477660998571 lifecam22 1831.546875 4486.51855469 4.85511922836
1477660998630 lifecam20 1828.74560547 4485.71191406 4.85522031784
1477660998638 lifecam22 1825.62109375 4484.59179688 4.85432577133
1477660998766 lifecam20 1818.88208008 4482.80566406 4.85603189468
1477660998773 lifecam22 1812.4206543 4480.8828125 4.85615873337
1477660998834 lifecam20 1809.2064209 4479.86230469 4.85609531403
1477660998840 lifecam22 1806.28393555 4479.08251953 4.85765171051
1477660998902 lifecam20 1802.84667969 4478.4765625 4.85909938812
1477660998906 lifecam22 1799.75878906 4477.93164062 4.8607916832
1477660998971 lifecam22 1796.2421875 4477.07421875 4.86001443863
1477660998972 lifecam20 1793.22631836 4476.59619141 4.86244010925
1477660999034 lifecam20 1789.58764648 4475.76269531 4.86292362213
1477660999042 lifecam22 1786.52685547 4475.12207031 4.86597108841
1477660999102 lifecam20 1783.32202148 4474.11035156 4.86427259445
1477660999107 lifecam22 1780.05273438 4472.71582031 4.86137771606
1477660999169 lifecam20 1776.48278809 4471.72460938 4.86303949356
1477660999174 lifecam22 1773.37451172 4471.15039062 4.86612892151
1477660999232 lifecam20 1770.03015137 4470.04882812 4.8659119606
1477660999239 lifecam22 1766.53344727 4468.89941406 4.86476564407
1477660999296 lifecam20 1763.34594727 4468.09375 4.86447191238
1477660999306 lifecam22 1760.18835449 4467.21875 4.86517620087
1477660999374 lifecam20 1756.25378418 4466.22851562 4.86615610123
1477660999377 lifecam22 1752.828125 4465.12402344 4.86612939835
1477660999502 lifecam20 1746.44995117 4462.70507812 4.86291599274
1477660999507 lifecam22 1739.99267578 4460.56152344 4.86383581161
1477660999570 lifecam20 1736.54858398 4459.05517578 4.86297035217
1477660999574 lifecam22 1733.42175293 4457.71972656 4.86061191559
1477660999642 lifecam22 1729.96508789 4456.54248047 4.86048555374
1477660999644 lifecam20 1726.61767578 4455.71191406 4.86295509338
1477660999700 lifecam20 1723.40087891 4454.82128906 4.86168527603
1477660999707 lifecam22 1720.48498535 4454.03564453 4.86138343811
1477660999771 lifecam20 1716.83251953 4453.13476562 4.8624162674
1477660999777 lifecam22 1713.63586426 4452.53710938 4.86615180969
1477660999901 lifecam20 1707.25244141 4451.38476562 4.8694152832
1477660999909 lifecam22 1700.66320801 4449.63378906 4.86885023117
1477660999964 lifecam20 1697.1920166 4448.25732422 4.86742162704
1477660999973 lifecam22 1694.15075684 4447.33007812 4.86953401566
1477661000038 lifecam20 1691.05981445 4446.84960938 4.87237739563
1477661000042 lifecam22 1688.07458496 4446.45556641 4.87495470047
1477661000102 lifecam20 1684.91821289 4445.20800781 4.87617635727
1477661000109 lifecam22 1681.76452637 4443.55078125 4.87497091293
1477661000167 lifecam20 1678.40527344 4442.79931641 4.87537908554
1477661000178 lifecam22 1675.13891602 4441.91455078 4.87633800507
1477661000244 lifecam20 1672.08398438 4441.03857422 4.87633037567
1477661000249 lifecam22 1669.42504883 4440.41894531 4.87698125839
1477661000307 lifecam22 1665.63879395 4438.49511719 4.87397146225
1477661000310 lifecam20 1662.20239258 4436.94628906 4.87394189835
1477661000370 lifecam20 1659.33557129 4436.30175781 4.87419986725
1477661000375 lifecam22 1656.88623047 4435.82519531 4.87671852112
1477661000438 lifecam20 1653.42480469 4434.15332031 4.87443971634
1477661000442 lifecam22 1650.04931641 4432.73144531 4.87404251099
1477661000507 lifecam22 1646.86889648 4431.72265625 4.87363052368
1477661000510 lifecam20 1643.72644043 4430.90039062 4.87516880035
1477661000641 lifecam20 1637.11621094 4429.05712891 4.87738227844
1477661000644 lifecam22 1630.75744629 4427.10449219 4.87960910797
1477661000707 lifecam20 1627.25488281 4426.35693359 4.8808298111
1477661000710 lifecam22 1624.03881836 4425.59082031 4.88095426559
1477661000766 lifecam20 1621.01660156 4424.76074219 4.88203668594
1477661000775 lifecam22 1617.81274414 4423.70117188 4.88228368759
1477661000832 lifecam20 1614.02172852 4422.75292969 4.88061523438
1477661000841 lifecam22 1610.84008789 4421.98583984 4.88206911087
1477661000908 lifecam20 1607.53393555 4420.30957031 4.88037109375
1477661000910 lifecam22 1604.23413086 4418.79931641 4.87933778763
1477661001036 lifecam20 1597.76098633 4417.19921875 4.8820605278
1477661001042 lifecam22 1591.24804688 4415.39746094 4.88310480118
1477661001106 lifecam20 1587.62243652 4414.44042969 4.88341093063
1477661001110 lifecam22 1584.15795898 4413.22070312 4.88240194321
1477661001176 lifecam22 1580.98681641 4412.31054688 4.88358879089
1477661001179 lifecam20 1577.79223633 4411.21777344 4.88420915604
1477661001238 lifecam20 1574.3684082 4410.01074219 4.88348722458
1477661001245 lifecam22 1571.06335449 4408.53369141 4.88204193115
1477661001308 lifecam20 1567.89770508 4407.45019531 4.88379955292
1477661001312 lifecam22 1565.5135498 4407.02441406 4.88824987411
1477661001432 lifecam20 1558.94165039 4404.92138672 4.88805484772
1477661001441 lifecam22 1552.43505859 4402.42871094 4.88651657104
1477661001500 lifecam20 1549.0090332 4401.41943359 4.88729381561
1477661001509 lifecam22 1545.53417969 4400.53662109 4.88796758652
1477661001574 lifecam20 1542.09570312 4400.0078125 4.88974189758
1477661001579 lifecam22 1538.98950195 4399.57519531 4.89273118973
1477661001632 lifecam20 1535.65087891 4398.546875 4.89314126968
1477661001641 lifecam22 1532.31994629 4397.23828125 4.89251470566
1477661001706 lifecam20 1528.7512207 4395.97851562 4.89088869095
1477661001710 lifecam22 1525.3840332 4394.49316406 4.8894329071
1477661001774 lifecam20 1522.55249023 4393.70849609 4.89228773117
1477661001780 lifecam22 1519.54943848 4393.00585938 4.89308261871
1477661001842 lifecam22 1516.42382812 4391.72607422 4.89388751984
1477661001844 lifecam20 1512.93823242 4390.19140625 4.89200687408
1477661001904 lifecam20 1509.69567871 4389.41113281 4.89181852341
1477661001911 lifecam22 1506.71118164 4388.2890625 4.89094781876
1477661001974 lifecam20 1503.43212891 4386.81152344 4.89056634903
1477661001977 lifecam22 1500.32055664 4385.85888672 4.89228487015
1477661002043 lifecam22 1497.08227539 4384.67480469 4.89210796356
1477661002045 lifecam20 1494.20214844 4383.90429688 4.89380645752
1477661002169 lifecam20 1487.40478516 4381.41113281 4.89428949356
1477661002243 lifecam20 1403.8927002 4382.75341797 4.88984489441
1477661002246 lifecam22 1475.3951416 4377.55371094 4.8966178894
1477661002305 lifecam20 1471.48510742 4376.30273438 4.89537096024
1477661002310 lifecam22 1467.76049805 4374.75048828 4.89312124252
1477661002371 lifecam20 1464.75634766 4374.24755859 4.89554786682
1477661002380 lifecam22 1461.70751953 4373.74804688 4.89835357666
1477661002442 lifecam20 1457.9251709 4372.75390625 4.89981985092
1477661002447 lifecam22 1454.62744141 4372.07128906 4.90262269974
1477661002512 lifecam20 1451.26660156 4370.91503906 4.90135335922
1477661002514 lifecam22 1448.21240234 4370.11914062 4.90254163742
1477661002569 lifecam20 1444.61547852 4369.27441406 4.9029006958
1477661002578 lifecam22 1441.07519531 4367.875 4.89893007278
1477661002642 lifecam20 1438.05444336 4367.00195312 4.90068340302
1477661002648 lifecam22 1434.65429688 4365.6015625 4.90066146851
1477661002710 lifecam22 1431.66259766 4364.9375 4.90220165253
1477661002712 lifecam20 1428.08032227 4363.6484375 4.89979219437
1477661002771 lifecam20 1424.6262207 4362.49023438 4.90079545975
1477661002777 lifecam22 1420.95922852 4361.13964844 4.89988327026
1477661002913 lifecam20 1413.97924805 4358.92480469 4.90151357651
1477661002917 lifecam22 1407.42614746 4356.56347656 4.90268325806
1477661002970 lifecam20 1404.06640625 4355.27050781 4.90275526047
1477661002979 lifecam22 1400.71142578 4353.64404297 4.90044641495
1477661003035 lifecam20 1397.5300293 4352.32617188 4.90041780472
1477661003048 lifecam22 1394.64868164 4351.49707031 4.90339040756
1477661003115 lifecam20 1390.86914062 4350.04882812 4.90041828156
1477661003117 lifecam22 1387.38916016 4348.79345703 4.89940786362
1477661003173 lifecam20 1383.97155762 4347.72460938 4.90146350861
1477661003178 lifecam22 1380.71826172 4346.43798828 4.90108394623
1477661003310 lifecam20 1374.26879883 4344.68896484 4.90315294266
1477661003313 lifecam22 1367.99707031 4343.24707031 4.90643167496
1477661003378 lifecam22 1364.03735352 4341.45605469 4.90402078629
1477661003380 lifecam20 1360.30273438 4340.61425781 4.90650177002
1477661003436 lifecam20 1356.96911621 4339.65917969 4.90623617172
1477661003445 lifecam22 1354.38110352 4338.9765625 4.90933179855
1477661003513 lifecam20 1351.15039062 4337.55566406 4.90879392624
1477661003517 lifecam22 1347.96508789 4336.36767578 4.90892791748
1477661003578 lifecam20 1344.62158203 4335.32861328 4.91008806229
1477661003582 lifecam22 1341.67443848 4334.30029297 4.9120464325
1477661003707 lifecam20 1335.14746094 4331.75683594 4.91268777847
1477661003715 lifecam22 1328.73974609 4329.16210938 4.91198253632
1477661003781 lifecam20 1326.21264648 4328.56005859 4.91262769699
1477661003784 lifecam22 1323.57897949 4328.20849609 4.91478347778
1477661003837 lifecam20 1320.11193848 4326.99511719 4.9173541069
1477661003845 lifecam22 1316.74047852 4325.46728516 4.91798639297
1477661003904 lifecam20 1313.67773438 4324.00878906 4.91599225998
1477661003912 lifecam22 1310.62670898 4322.69726562 4.91625785828
1477661003978 lifecam20 1307.24523926 4321.421875 4.9171333313
1477661003983 lifecam22 1304.27099609 4319.98925781 4.91551303864
1477661004039 lifecam20 1300.72680664 4318.57519531 4.91246318817
1477661004046 lifecam22 1297.42907715 4317.203125 4.91035318375
1477661004106 lifecam20 1294.21411133 4316.28515625 4.91189289093
1477661004115 lifecam22 1290.64709473 4314.96777344 4.91134166718
1477661004177 lifecam20 1287.48217773 4313.91552734 4.91287136078
1477661004181 lifecam22 1284.37280273 4312.90771484 4.91426086426
1477661004246 lifecam22 1281.68530273 4312.23339844 4.91686630249
1477661004247 lifecam20 1278.53710938 4311.45019531 4.91726589203
1477661004307 lifecam20 1274.90490723 4310.07617188 4.91642618179
1477661004313 lifecam22 1271.58349609 4308.99023438 4.91533231735
1477661004451 lifecam20 1265.03442383 4307.07226562 4.91812038422
1477661004453 lifecam22 1258.5847168 4304.75585938 4.9197845459
1477661004509 lifecam20 1255.55041504 4303.37207031 4.91992759705
1477661004515 lifecam22 1252.58251953 4302.421875 4.92246055603
1477661004578 lifecam20 1248.92529297 4301.36328125 4.92309474945
1477661004584 lifecam22 1245.78808594 4300.56494141 4.9254155159
1477661004646 lifecam20 1242.33203125 4299.46972656 4.92515993118
1477661004650 lifecam22 1238.73291016 4298.00097656 4.92264413834
1477661004696 lifecam20 1235.31152344 4296.54492188 4.9223856926
1477661004710 lifecam22 1232.30541992 4295.3203125 4.92399644852
1477661004848 lifecam20 1225.7277832 4292.93554688 4.92446947098
1477661004851 lifecam22 1219.37353516 4290.06738281 4.92140865326
1477661004916 lifecam22 1216.07458496 4288.65429688 4.92304515839
1477661004917 lifecam20 1213.00952148 4287.28027344 4.9240899086
1477661004977 lifecam20 1209.37133789 4286.00097656 4.92309617996
1477661004982 lifecam22 1206.42016602 4284.94433594 4.92179059982
1477661005046 lifecam20 1203.07885742 4283.70996094 4.9224023819
1477661005051 lifecam22 1199.87365723 4282.41992188 4.92222118378
1477661005114 lifecam20 1196.65136719 4281.66796875 4.92418766022
1477661005120 lifecam22 1193.55297852 4280.90039062 4.92642974854
1477661005178 lifecam20 1190.32177734 4279.65820312 4.92568588257
1477661005185 lifecam22 1187.11987305 4278.39941406 4.9246764183
1477661005242 lifecam20 1183.55419922 4276.82519531 4.92409324646
1477661005251 lifecam22 1180.45654297 4275.4375 4.9257144928
1477661005316 lifecam20 1177.81835938 4274.82421875 4.92817640305
1477661005319 lifecam22 1174.99853516 4274.00195312 4.92900705338
1477661005378 lifecam20 1171.91162109 4272.66210938 4.92948865891
1477661005383 lifecam22 1168.86962891 4271.46484375 4.93017053604
1477661005446 lifecam20 1165.796875 4270.23339844 4.93114805222
1477661005450 lifecam22 1162.83825684 4268.69482422 4.93150520325
1477661005574 lifecam20 1155.9552002 4265.86962891 4.93062782288
1477661005587 lifecam22 1149.38720703 4263.10839844 4.92867183685
1477661005640 lifecam20 1146.65722656 4262.25976562 4.92944908142
1477661005656 lifecam22 1144.05273438 4261.36181641 4.93134403229
1477661005706 lifecam20 1140.33007812 4259.46728516 4.92960977554
1477661005720 lifecam22 1137.05078125 4258.26416016 4.93059539795
1477661005774 lifecam20 1134.12683105 4257.46044922 4.93116426468
1477661005787 lifecam22 1131.12792969 4256.05957031 4.92952060699
1477661005839 lifecam20 1127.81201172 4254.56347656 4.92969322205
1477661005856 lifecam22 1124.91687012 4253.67675781 4.93358612061
1477661005912 lifecam20 1121.62475586 4252.95214844 4.93639707565
1477661005926 lifecam22 1118.06542969 4251.75830078 4.93645429611
1477661005974 lifecam20 1114.80151367 4250.76074219 4.93761062622
1477661005989 lifecam22 1112.00280762 4249.95507812 4.93966722488
1477661006039 lifecam20 1108.97473145 4248.94238281 4.94026994705
1477661006056 lifecam22 1105.81872559 4247.86328125 4.94115638733
1477661006106 lifecam20 1102.38793945 4246.66992188 4.94037771225
1477661006123 lifecam22 1099.24279785 4245.37695312 4.93898916245
1477661006177 lifecam20 1096.14135742 4243.90722656 4.94113922119
1477661006189 lifecam22 1092.97717285 4242.22460938 4.93934965134
1477661006306 lifecam20 1085.82556152 4239.41699219 4.93672990799
1477661006326 lifecam22 1079.55981445 4237.32763672 4.93896961212
1477661006377 lifecam20 1076.64086914 4236.62353516 4.9427728653
1477661006390 lifecam22 1073.43505859 4235.0625 4.94199562073
1477661006443 lifecam20 1069.87890625 4233.30957031 4.93955516815
1477661006458 lifecam22 1066.80651855 4231.89746094 4.93980646133
1477661006506 lifecam20 1063.29833984 4230.22119141 4.93852043152
1477661006525 lifecam22 1059.90405273 4228.75439453 4.93767642975
1477661006576 lifecam20 1056.98815918 4227.72460938 4.93968343735
1477661006592 lifecam22 1053.96643066 4226.08300781 4.93765354156
1477661006642 lifecam20 1050.68286133 4224.46875 4.93602561951
1477661006656 lifecam22 1047.55932617 4223.24804688 4.93764972687
1477661006706 lifecam20 1044.52624512 4222.42382812 4.94055366516
1477661006724 lifecam22 1041.28063965 4221.43603516 4.94113302231
1477661006774 lifecam20 1037.70788574 4219.96875 4.93977069855
1477661006794 lifecam22 1034.79467773 4218.86132812 4.94114685059
1477661006842 lifecam20 1031.66015625 4218.12109375 4.94271707535
1477661006855 lifecam22 1028.70874023 4217.27246094 4.94385910034
1477661006905 lifecam20 1025.66467285 4216.01171875 4.9447183609
1477661006924 lifecam22 1022.42456055 4214.93066406 4.94647789001
1477661006981 lifecam20 1018.68994141 4213.45068359 4.94643545151
1477661006994 lifecam22 1015.68969727 4211.89257812 4.94595956802
1477661007044 lifecam20 1013.13287354 4211.19628906 4.94696426392
1477661007058 lifecam22 1010.34368896 4210.35888672 4.94790267944
1477661007114 lifecam20 1006.69262695 4208.51513672 4.94844245911
1477661007125 lifecam22 1003.60498047 4206.73925781 4.94830274582
1477661007175 lifecam20 1000.44232178 4205.9296875 4.9487452507
1477661007192 lifecam22 996.953674316 4204.61865234 4.94704914093
1477661007243 lifecam20 994.14050293 4203.01708984 4.9475402832
1477661007259 lifecam22 991.697509766 4202.35058594 4.95286941528
1477661007375 lifecam20 985.324951172 4199.88574219 4.95332479477
1477661007393 lifecam22 979.353759766 4196.92089844 4.95044898987
1477661007442 lifecam20 975.96862793 4195.28564453 4.9494934082
1477661007461 lifecam22 972.686523438 4193.3125 4.94831037521
1477661007514 lifecam20 969.256347656 4191.61865234 4.94599723816
1477661007526 lifecam22 966.619384766 4191.04296875 4.94791698456
1477661007576 lifecam20 963.624938965 4190.07617188 4.95074272156
1477661007592 lifecam22 960.079040527 4188.50830078 4.94963359833
1477661007641 lifecam20 957.090332031 4187.546875 4.950278759
1477661007660 lifecam22 954.090698242 4186.40136719 4.95154428482
1477661007716 lifecam20 950.353088379 4185.12988281 4.95234966278
1477661007775 lifecam20 947.583435059 4183.96484375 4.95262765884
1477661007792 lifecam22 941.429321289 4181.80615234 4.95507860184
1477661007835 lifecam20 937.55480957 4180.62304688 4.95540380478
1477661007847 lifecam22 934.251098633 4179.31201172 4.95530605316
1477661007917 lifecam20 931.264160156 4177.84960938 4.95602607727
1477661007920 lifecam22 928.204528809 4176.49853516 4.95665502548
1477661007985 lifecam22 925.347961426 4175.54199219 4.95866775513
1477661007986 lifecam20 922.12121582 4174.4296875 4.95928096771
1477661008050 lifecam20 918.712524414 4173.07324219 4.95849943161
1477661008116 lifecam20 915.503479004 4171.87744141 4.96052217484
1477661008121 lifecam22 909.207336426 4169.27636719 4.96070051193
1477661008188 lifecam20 905.98236084 4168.23583984 4.96256732941
1477661008191 lifecam22 902.911254883 4166.94287109 4.96348714828
1477661008245 lifecam20 899.618225098 4165.23828125 4.96293354034
1477661008256 lifecam22 896.642089844 4163.71289062 4.96157217026
1477661008317 lifecam20 893.536621094 4162.34912109 4.96308994293
1477661008322 lifecam22 890.290893555 4160.64501953 4.96363019943
1477661008385 lifecam20 887.001647949 4159.05664062 4.96090984344
1477661008448 lifecam20 883.937011719 4157.56591797 4.96198892593
1477661008453 lifecam22 877.754394531 4154.91552734 4.96186542511
1477661008514 lifecam20 873.838256836 4153.67871094 4.96087312698
1477661008523 lifecam22 870.506286621 4152.08984375 4.96060609818
1477661008589 lifecam20 867.602294922 4150.99560547 4.96208333969
1477661008590 lifecam22 864.964538574 4150.30078125 4.96333789825
1477661008654 lifecam22 865.772583008 4150.61669922 4.9640789032
1477661008656 lifecam20 865.272949219 4150.38085938 4.96357679367
1477661008715 lifecam20 865.891357422 4150.47363281 4.96246862411
1477661008724 lifecam22 865.911560059 4150.3984375 4.96189880371
1477661008855 lifecam20 865.810791016 4150.41064453 4.96277332306
1477661008858 lifecam22 865.806030273 4150.5859375 4.9637131691
1477661008914 lifecam20 865.696655273 4150.69628906 4.96556949615
1477661008922 lifecam22 865.707458496 4150.47216797 4.96447944641
1477661008981 lifecam20 865.751342773 4150.44335938 4.96420621872
1477661008992 lifecam22 865.770141602 4150.70849609 4.96572351456
1477661009056 lifecam20 865.885253906 4150.78613281 4.96560621262
1477661009059 lifecam22 865.860351562 4150.56933594 4.96423959732
1477661009115 lifecam20 865.82598877 4150.53125 4.96444511414
1477661009124 lifecam22 865.850952148 4150.74804688 4.96581220627
1477661009252 lifecam20 865.771118164 4150.75878906 4.9645242691
1477661009256 lifecam22 865.647216797 4150.39453125 4.96257638931
1477661009314 lifecam20 865.805297852 4150.33105469 4.96384620667
1477661009320 lifecam22 865.847412109 4150.47900391 4.9645652771
1477661009383 lifecam20 865.733764648 4150.62988281 4.96453666687
1477661009390 lifecam22 865.753417969 4150.58105469 4.96456670761
1477661009448 lifecam20 865.61328125 4150.39111328 4.96356630325
1477661009456 lifecam22 865.65045166 4150.44042969 4.96339797974
1477661009521 lifecam22 865.59362793 4150.44042969 4.96353578568
1477661009522 lifecam20 865.697387695 4150.45898438 4.96251153946
1477661009586 lifecam20 865.719970703 4150.62011719 4.96439218521
1477661009591 lifecam22 865.797363281 4150.734375 4.96470022202
1477661009647 lifecam20 865.705688477 4150.48144531 4.9626455307
1477661009657 lifecam22 865.710083008 4150.58398438 4.96356678009
1477661009726 lifecam20 865.811767578 4150.66601562 4.96467781067
1477661009728 lifecam22 865.692260742 4150.40380859 4.96365118027
1477661009784 lifecam20 865.640136719 4150.41113281 4.96378326416
1477661009789 lifecam22 865.755249023 4150.57080078 4.96388912201
1477661009849 lifecam20 865.811096191 4150.74414062 4.96484470367
1477661009856 lifecam22 865.815490723 4150.84667969 4.96576547623
1477661009980 lifecam20 865.805175781 4150.67089844 4.96530914307
1477661009989 lifecam22 865.805175781 4150.67089844 4.96530914307
1477661010050 lifecam20 865.748718262 4150.75292969 4.96555519104
1477661010058 lifecam22 865.74432373 4150.65039062 4.96463441849
1477661010120 lifecam20 865.729980469 4150.52441406 4.9629778862
1477661010123 lifecam22 865.687744141 4150.37646484 4.96225881577
1477661010188 lifecam22 865.595458984 4150.56884766 4.96317100525
1477661010190 lifecam20 865.639770508 4150.65625 4.96441078186
1477661010248 lifecam20 865.585510254 4150.57177734 4.96376752853
1477661010256 lifecam22 865.720092773 4150.52734375 4.96357440948
1477661010392 lifecam20 865.551635742 4150.33349609 4.96214437485
1477661010395 lifecam22 865.588195801 4150.40039062 4.96253538132
1477661010451 lifecam20 865.823730469 4150.625 4.96463489532
1477661010456 lifecam22 865.714233398 4150.546875 4.96485757828
1477661010519 lifecam20 865.814208984 4150.51464844 4.96433973312
1477661010525 lifecam22 865.866577148 4150.41210938 4.9632806778
1477661010588 lifecam20 865.630981445 4150.28320312 4.96155405045
1477661010593 lifecam22 865.635009766 4150.38134766 4.96244049072
1477661010648 lifecam20 865.592773438 4150.59863281 4.965051651
