1477663331063 lifecam22 3377.58300781 4778.75732422 4.70860528946
1477663331133 lifecam22 3377.109375 4777.98876953 4.70432424545
1477663331200 lifecam22 3377.06298828 4778.234375 4.70391130447
1477663331269 lifecam22 3377.109375 4777.98876953 4.70432424545
1477663331330 lifecam22 3377.00439453 4778.13867188 4.70447492599
1477663331399 lifecam22 3377.109375 4777.98876953 4.70432424545
1477663331467 lifecam22 3377.109375 4777.98876953 4.70432424545
1477663331531 lifecam22 3377.33496094 4778.36083984 4.70635986328
1477663331668 lifecam22 3377.33496094 4778.36083984 4.70635986328
1477663331732 lifecam22 3377.33496094 4778.36083984 4.70635986328
1477663331800 lifecam22 3377.109375 4777.98876953 4.70432424545
1477663331868 lifecam22 3377.06298828 4778.234375 4.70391130447
1477663331936 lifecam22 3377.109375 4777.98876953 4.70432424545
1477663332001 lifecam22 3377.26464844 4778.58251953 4.7057299614
1477663332068 lifecam22 3377.58300781 4778.75732422 4.70860528946
1477663332140 lifecam22 3377.78344727 4779.10644531 4.71042060852
1477663332198 lifecam22 3377.60644531 4779.14501953 4.7099032402
1477663332267 lifecam22 3378.05322266 4779.52685547 4.71287107468
1477663332396 lifecam22 3378.05297852 4779.52636719 4.712870121
1477663332461 lifecam22 3377.53588867 4778.70947266 4.70817804337
1477663332526 lifecam22 3377.53588867 4778.70947266 4.70817804337
1477663332594 lifecam22 3377.26464844 4778.58251953 4.7057299614
1477663332727 lifecam22 3377.53588867 4778.70947266 4.70817804337
1477663332797 lifecam22 3377.26464844 4778.58251953 4.7057299614
1477663332866 lifecam22 3377.06298828 4778.234375 4.70391130447
1477663332927 lifecam22 3377.26464844 4778.58251953 4.7057299614
1477663332994 lifecam22 3377.26464844 4778.58251953 4.7057299614
1477663333064 lifecam22 3377.51269531 4778.97851562 4.70797300339
1477663333128 lifecam22 3377.26464844 4778.58251953 4.7057299614
1477663333195 lifecam22 3377.26464844 4778.58251953 4.7057299614
1477663333263 lifecam22 3373.65966797 4778.06347656 4.70477771759
1477663333331 lifecam22 3376.9543457 4777.6875 4.70292663574
1477663333463 lifecam22 3359.44506836 4777.29199219 4.70166158676
1477663333529 lifecam22 3355.38769531 4776.39501953 4.69783449173
1477663333594 lifecam22 3347.92553711 4775.58935547 4.69129085541
1477663333662 lifecam22 3341.38769531 4776.39501953 4.69783449173
1477663333729 lifecam22 3335.74072266 4775.77783203 4.69614839554
1477663333796 lifecam22 3328.55834961 4776.02685547 4.69699621201
1477663333863 lifecam22 3322.8137207 4776.55957031 4.70228481293
1477663333931 lifecam22 3316.83007812 4776.234375 4.70355939865
1477663333997 lifecam22 3309.85424805 4776.39355469 4.70497894287
1477663334063 lifecam22 3301.58837891 4772.79589844 4.68856954575
1477663334141 lifecam22 3296.00927734 4772.39306641 4.69892787933
1477663334201 lifecam22 3289.34790039 4772.15136719 4.70197105408
1477663334271 lifecam22 3282.49609375 4772.15966797 4.70330476761
1477663334339 lifecam22 3275.6652832 4772.18945312 4.70483160019
1477663334402 lifecam22 3269.06738281 4772.31396484 4.70846796036
1477663334472 lifecam22 3262.55395508 4772.52783203 4.71288108826
1477663334539 lifecam22 3255.41455078 4772.52783203 4.71288013458
1477663334601 lifecam22 3248.4140625 4772.52734375 4.71287822723
1477663334670 lifecam22 3241.41430664 4772.52734375 4.71287965775
1477663334738 lifecam22 3235.33105469 4772.89306641 4.71635198593
1477663334813 lifecam22 3227.41430664 4772.52783203 4.71288061142
1477663334870 lifecam22 3222.52441406 4773.44677734 4.72159147263
1477663334939 lifecam22 3218.43554688 4774.29394531 4.73228597641
1477663335006 lifecam22 3210.81616211 4773.08740234 4.72744369507
1477663335071 lifecam22 3204.18603516 4771.90722656 4.71988868713
1477663335210 lifecam22 3192.62573242 4770.62451172 4.728723526
1477663335271 lifecam22 3184.75952148 4767.01953125 4.71753692627
1477663335340 lifecam22 3177.80615234 4765.45019531 4.70848703384
1477663335408 lifecam22 3171.55419922 4765.52783203 4.71287965775
1477663335470 lifecam22 3164.55371094 4765.52783203 4.71288013458
1477663335538 lifecam22 3157.55395508 4765.52783203 4.71288061142
1477663335608 lifecam22 3150.55395508 4765.52783203 4.71288108826
1477663335676 lifecam22 3143.55395508 4765.52783203 4.71288061142
1477663335737 lifecam22 3136.55395508 4765.52783203 4.71288061142
1477663335806 lifecam22 3129.55371094 4765.52734375 4.71287918091
1477663335876 lifecam22 3122.55395508 4765.52783203 4.71288013458
1477663335940 lifecam22 3115.55371094 4765.52783203 4.71287965775
1477663336008 lifecam22 3108.96337891 4765.77001953 4.71518516541
1477663336076 lifecam22 3102.55664062 4766.05615234 4.71963357925
1477663336137 lifecam22 3096.57739258 4765.03857422 4.72596168518
1477663336275 lifecam22 3083.27075195 4762.01513672 4.73184871674
1477663336343 lifecam22 3076.00634766 4760.98339844 4.73053836823
1477663336407 lifecam22 3071.92431641 4762.45703125 4.74509334564
1477663336475 lifecam22 3065.67749023 4762.22412109 4.74511289597
1477663336543 lifecam22 3058.63232422 4761.61767578 4.74185943604
1477663336607 lifecam22 3051.69775391 4761.68017578 4.74243450165
1477663336676 lifecam22 3045.18725586 4761.72705078 4.74287080765
1477663336744 lifecam22 3038.96289062 4761.53955078 4.74113702774
1477663336806 lifecam22 3032.01806641 4761.62402344 4.74327087402
1477663336875 lifecam22 3025.76318359 4760.12158203 4.73351669312
1477663336942 lifecam22 3018.82495117 4759.74853516 4.7314696312
1477663337074 lifecam22 3006.51708984 4755.73388672 4.73853588104
1477663337143 lifecam22 2999.80224609 4755.60595703 4.73966360092
1477663337211 lifecam22 2992.66308594 4755.20019531 4.73828315735
1477663337273 lifecam22 2985.90478516 4755.12060547 4.73862504959
1477663337342 lifecam22 2978.5012207 4754.36572266 4.73507404327
1477663337410 lifecam22 2972.40307617 4755.03222656 4.74037885666
1477663337473 lifecam22 2964.45825195 4753.90722656 4.73303174973
1477663337543 lifecam22 2959.66894531 4754.47998047 4.74203920364
1477663337613 lifecam22 2953.06420898 4754.57666016 4.74435997009
1477663337672 lifecam22 2947.20361328 4754.8984375 4.75110054016
1477663337742 lifecam22 2941.58935547 4754.92431641 4.76242685318
1477663337810 lifecam22 2935.33056641 4754.02392578 4.7674036026
1477663337877 lifecam22 2928.07080078 4752.2734375 4.76413297653
1477663338010 lifecam22 2913.65625 4750.20410156 4.75575828552
1477663338078 lifecam22 2906.27978516 4749.37841797 4.75193786621
1477663338140 lifecam22 2899.18212891 4748.94091797 4.74980688095
1477663338210 lifecam22 2892.34960938 4748.70947266 4.75164461136
1477663338281 lifecam22 2885.88818359 4748.53320312 4.75237894058
1477663338341 lifecam22 2878.78491211 4748.42578125 4.75382137299
1477663338411 lifecam22 2874.69213867 4748.39550781 4.77163505554
1477663338478 lifecam22 2868.20043945 4747.38818359 4.76835155487
1477663338546 lifecam22 2860.99682617 4744.93652344 4.76156520844
1477663338610 lifecam22 2854.1953125 4744.64257812 4.75948905945
1477663338678 lifecam22 2846.82617188 4743.38330078 4.75405788422
1477663338748 lifecam22 2840.27734375 4742.30078125 4.75223016739
1477663338812 lifecam22 2834.39599609 4742.34863281 4.75349473953
1477663338882 lifecam22 2826.48974609 4740.91650391 4.74941015244
1477663338947 lifecam22 2822.85766602 4741.75976562 4.76946783066
1477663339014 lifecam22 2815.83154297 4741.23925781 4.77125453949
1477663339077 lifecam22 2809.78369141 4740.83740234 4.774725914
1477663339145 lifecam22 2802.53588867 4739.36669922 4.77163600922
1477663339213 lifecam22 2796.71289062 4740.19628906 4.77747344971
1477663339276 lifecam22 2789.69042969 4739.40478516 4.77533245087
1477663339414 lifecam22 2775.9465332 4738.32958984 4.77439880371
1477663339478 lifecam22 2768.98681641 4737.58789062 4.77391767502
1477663339546 lifecam22 2762.58666992 4737.43017578 4.77948236465
1477663339614 lifecam22 2756.42675781 4736.92382812 4.784055233
1477663339679 lifecam22 2749.50610352 4735.88769531 4.78538703918
1477663339747 lifecam22 2742.42358398 4733.08837891 4.77565050125
1477663339816 lifecam22 2735.13916016 4732.12304688 4.76942300797
1477663339877 lifecam22 2727.47631836 4730.11328125 4.76210260391
1477663339947 lifecam22 2720.53686523 4729.83007812 4.76355266571
1477663340014 lifecam22 2713.48266602 4729.11279297 4.75958108902
1477663340083 lifecam22 2707.20825195 4728.79150391 4.7626376152
1477663340145 lifecam22 2701.55175781 4728.61376953 4.77143669128
1477663340217 lifecam22 2695.51367188 4728.06494141 4.77589559555
1477663340284 lifecam22 2687.84106445 4726.41992188 4.77047491074
1477663340345 lifecam22 2682.86035156 4727.38916016 4.78116703033
1477663340420 lifecam22 2676.0703125 4725.81738281 4.77998018265
1477663340480 lifecam22 2669.55957031 4725.58789062 4.78153133392
1477663340544 lifecam22 2663.40966797 4725.38378906 4.78675460815
1477663340614 lifecam22 2657.23486328 4724.23925781 4.79077386856
1477663340681 lifecam22 2651.36328125 4723.484375 4.79430770874
1477663340814 lifecam22 2637.82006836 4722.09765625 4.79210472107
1477663340882 lifecam22 2629.62255859 4720.07861328 4.78392028809
1477663340950 lifecam22 2623.39550781 4719.734375 4.78686237335
1477663341015 lifecam22 2616.58105469 4719.63916016 4.78844118118
1477663341084 lifecam22 2610.40527344 4718.94628906 4.79265785217
1477663341152 lifecam22 2603.88305664 4718.32470703 4.79520988464
1477663341212 lifecam22 2596.89819336 4717.12792969 4.79559898376
1477663341282 lifecam22 2590.50805664 4716.49414062 4.79545879364
1477663341350 lifecam22 2583.33422852 4716.03564453 4.79608726501
1477663341418 lifecam22 2576.43359375 4713.99658203 4.79127407074
1477663341480 lifecam22 2569.23632812 4712.59082031 4.79000854492
1477663341549 lifecam22 2563.10180664 4711.82861328 4.79193687439
1477663341620 lifecam22 2556.44482422 4710.42089844 4.79125452042
1477663341682 lifecam22 2549.36401367 4709.73486328 4.79000425339
1477663341751 lifecam22 2543.61499023 4710.33154297 4.79878854752
1477663341820 lifecam22 2536.10546875 4709.04492188 4.79482316971
1477663341879 lifecam22 2530.21826172 4708.26025391 4.79663515091
1477663341949 lifecam22 2524.40258789 4707.59033203 4.80407953262
1477663342017 lifecam22 2517.97973633 4707.54003906 4.80553722382
1477663342080 lifecam22 2511.09082031 4705.77880859 4.8048491478
1477663342211 lifecam22 2498.10473633 4703.75195312 4.80285453796
1477663342280 lifecam22 2491.24560547 4701.26074219 4.80106306076
1477663342347 lifecam22 2485.06542969 4700.57910156 4.79897022247
1477663342410 lifecam22 2478.39453125 4699.27490234 4.79983377457
1477663342477 lifecam22 2472.67236328 4698.60253906 4.80350160599
1477663342545 lifecam22 2465.63891602 4698.26220703 4.80660438538
1477663342608 lifecam22 2459.06396484 4697.27685547 4.80456972122
1477663342676 lifecam22 2452.50195312 4696.93261719 4.80658340454
1477663342743 lifecam22 2445.53857422 4696.30566406 4.8072271347
1477663342808 lifecam22 2439.35864258 4695.48095703 4.81135082245
1477663342945 lifecam22 2426.52734375 4693.71240234 4.81733942032
1477663343011 lifecam22 2419.77368164 4692.82226562 4.81506443024
1477663343076 lifecam22 2411.92114258 4691.09033203 4.80995225906
1477663343145 lifecam22 2405.95727539 4690.234375 4.81515073776
1477663343213 lifecam22 2399.14916992 4688.55371094 4.81458234787
1477663343277 lifecam22 2393.25317383 4687.67529297 4.81746768951
1477663343346 lifecam22 2385.95458984 4686.58349609 4.81735134125
1477663343412 lifecam22 2379.08618164 4685.13916016 4.81369447708
1477663343476 lifecam22 2372.00634766 4684.26367188 4.81335639954
1477663343544 lifecam22 2365.82763672 4683.88330078 4.8153629303
1477663343617 lifecam22 2359.29077148 4683.24316406 4.82100582123
1477663343678 lifecam22 2353.27050781 4681.80322266 4.82365274429
1477663343743 lifecam22 2347.41333008 4681.56640625 4.82624959946
1477663343820 lifecam22 2340.3125 4680.07519531 4.82580471039
1477663343884 lifecam22 2333.58374023 4678.65527344 4.82127094269
1477663344021 lifecam22 2320.28564453 4675.26025391 4.82240104675
1477663344085 lifecam22 2314.32666016 4674.61035156 4.82374000549
1477663344155 lifecam22 2306.73876953 4672.74169922 4.81776618958
1477663344222 lifecam22 2301.1640625 4672.7421875 4.8232421875
1477663344283 lifecam22 2293.44702148 4671.27050781 4.82550954819
1477663344347 lifecam22 2288.20996094 4670.80371094 4.82869386673
1477663344412 lifecam22 2280.60327148 4669.26806641 4.82596683502
1477663344481 lifecam22 2274.84814453 4668.64355469 4.82888650894
1477663344548 lifecam22 2268.70239258 4668.35498047 4.83419466019
1477663344611 lifecam22 2262.30493164 4666.8828125 4.83185482025
1477663344687 lifecam22 2255.92407227 4666.15673828 4.83550977707
1477663344748 lifecam22 2249.35327148 4665.17675781 4.83656072617
1477663344813 lifecam22 2242.78100586 4663.62011719 4.83732461929
1477663344881 lifecam22 2235.63500977 4661.94335938 4.83525037766
1477663344946 lifecam22 2229.04077148 4661.11474609 4.83429098129
1477663345081 lifecam22 2215.91113281 4658.828125 4.83979415894
1477663345148 lifecam22 2209.26660156 4656.87646484 4.83696699142
1477663345216 lifecam22 2201.9855957 4655.65820312 4.83679151535
1477663345280 lifecam22 2195.48364258 4655.3515625 4.83711957932
1477663345348 lifecam22 2188.25415039 4654.20703125 4.83637523651
1477663345416 lifecam22 2182.34472656 4653.03369141 4.84050798416
1477663345479 lifecam22 2177.03564453 4652.56298828 4.84497737885
1477663345547 lifecam22 2170.05908203 4649.79248047 4.84453487396
1477663345615 lifecam22 2163.921875 4649.66259766 4.84477043152
1477663345679 lifecam22 2156.31030273 4647.67529297 4.84150075912
1477663345817 lifecam22 2144.43237305 4645.38378906 4.84550666809
1477663345881 lifecam22 2137.74414062 4643.33691406 4.84407234192
1477663345948 lifecam22 2131.2409668 4642.14306641 4.84321975708
1477663346016 lifecam22 2124.26538086 4641.03662109 4.84187364578
1477663346084 lifecam22 2118.35205078 4640.48291016 4.84828615189
1477663346150 lifecam22 2111.31640625 4639.1015625 4.84750556946
1477663346216 lifecam22 2105.00585938 4638.61816406 4.85048151016
1477663346283 lifecam22 2098.14501953 4637.46826172 4.85141324997
1477663346347 lifecam22 2091.47192383 4636.04296875 4.85008859634
1477663346415 lifecam22 2084.9597168 4635.00048828 4.85295581818
1477663346491 lifecam22 2078.36132812 4633.87841797 4.85668373108
1477663346548 lifecam22 2072.49804688 4633.49560547 4.86236906052
1477663346616 lifecam22 2065.06811523 4631.61816406 4.85867786407
1477663346685 lifecam22 2058.68701172 4629.87792969 4.8573102951
1477663346754 lifecam22 2051.26855469 4627.33789062 4.85395908356
1477663346884 lifecam22 2039.15356445 4625.48632812 4.86162519455
1477663346952 lifecam22 2031.7487793 4623.76318359 4.85703897476
1477663347016 lifecam22 2024.8527832 4622.27783203 4.85160923004
1477663347084 lifecam22 2018.06860352 4621.27099609 4.8579287529
1477663347150 lifecam22 2011.61621094 4620.03222656 4.85681676865
1477663347223 lifecam22 2005.94873047 4618.99560547 4.85858488083
1477663347284 lifecam22 1999.38232422 4617.73925781 4.86036348343
1477663347352 lifecam22 1992.73876953 4616.99951172 4.86396121979
1477663347417 lifecam22 1985.90380859 4614.11914062 4.85964727402
1477663347485 lifecam22 1979.67175293 4613.78955078 4.86257219315
1477663347620 lifecam22 1967.2857666 4610.5078125 4.86231088638
1477663347683 lifecam22 1960.83410645 4608.63183594 4.86454057693
1477663347753 lifecam22 1954.59069824 4607.45117188 4.86469316483
1477663347821 lifecam22 1948.59875488 4606.92041016 4.87163543701
1477663347887 lifecam22 1940.85400391 4605.35693359 4.86902952194
1477663347946 lifecam20 1871.33703613 4599.93652344 4.82601547241
1477663347959 lifecam22 1868.47155762 4599.62890625 4.82762670517
1477663348007 lifecam20 1865.04907227 4599.61132812 4.82929468155
1477663348018 lifecam22 1861.42431641 4598.42480469 4.82696533203
1477663348071 lifecam20 1857.51916504 4597.44628906 4.82165813446
1477663348084 lifecam22 1854.44458008 4597.08447266 4.82428741455
1477663348140 lifecam20 1851.24499512 4597.10107422 4.82627487183
1477663348151 lifecam22 1847.96948242 4596.43164062 4.82599782944
1477663348209 lifecam20 1844.88256836 4596.91503906 4.83400011063
1477663348220 lifecam22 1841.22973633 4596.20654297 4.8340883255
1477663348339 lifecam20 1834.96704102 4596.35742188 4.84029054642
1477663348354 lifecam22 1828.35009766 4595.14306641 4.84208440781
1477663348406 lifecam20 1824.55981445 4594.13623047 4.84037590027
1477663348419 lifecam22 1821.49438477 4593.36816406 4.84255933762
1477663348479 lifecam20 1818.01318359 4593.09179688 4.84387159348
1477663348489 lifecam22 1814.12695312 4592.01318359 4.84155607224
1477663348540 lifecam20 1811.57348633 4592.52441406 4.84982204437
1477663348554 lifecam22 1808.49719238 4591.87597656 4.85057020187
1477663348607 lifecam20 1805.29492188 4592.25488281 4.85496759415
1477663348623 lifecam22 1802.06445312 4591.22998047 4.85538005829
1477663348679 lifecam20 1799.02050781 4591.2734375 4.85804176331
1477663348692 lifecam22 1795.86401367 4590.60205078 4.85651111603
1477663348738 lifecam20 1792.32641602 4590.16064453 4.8568482399
1477663348750 lifecam22 1788.99975586 4589.79248047 4.8594455719
1477663348807 lifecam20 1786.23632812 4589.53515625 4.86291694641
1477663348819 lifecam22 1782.86608887 4588.91748047 4.86317777634
1477663348874 lifecam20 1779.22375488 4589.12109375 4.86743545532
1477663348887 lifecam22 1775.73706055 4588.42480469 4.86802244186
1477663348950 lifecam20 1773.12133789 4589.36816406 4.87696123123
1477663348956 lifecam22 1770.39611816 4588.66601562 4.8781504631
1477663349075 lifecam20 1763.74023438 4587.20556641 4.87877178192
1477663349090 lifecam22 1757.26782227 4585.70605469 4.87935352325
1477663349148 lifecam20 1754.14746094 4584.80664062 4.87790298462
1477663349157 lifecam22 1750.90698242 4583.69921875 4.8760843277
1477663349207 lifecam20 1747.68652344 4583.08398438 4.87748765945
1477663349220 lifecam22 1744.57641602 4582.75195312 4.87919569016
1477663349275 lifecam20 1741.15039062 4581.47705078 4.87734222412
1477663349287 lifecam22 1737.74707031 4580.00390625 4.8753080368
1477663349345 lifecam20 1734.44506836 4579.59277344 4.87595272064
1477663349354 lifecam22 1731.50183105 4578.93066406 4.8761267662
1477663349428 lifecam22 1728.07104492 4577.89990234 4.87591743469
1477663349474 lifecam20 1721.4921875 4576.49414062 4.87772512436
1477663349487 lifecam22 1718.34716797 4575.89746094 4.87874555588
1477663349545 lifecam20 1714.83068848 4574.98730469 4.87711381912
1477663349556 lifecam22 1711.62475586 4574.39257812 4.87753772736
1477663349608 lifecam20 1708.08081055 4573.93310547 4.87827205658
1477663349620 lifecam22 1704.12426758 4573.14306641 4.87875175476
1477663349675 lifecam20 1701.12609863 4572.91064453 4.88237857819
1477663349689 lifecam22 1698.36669922 4572.82128906 4.88589572906
1477663349744 lifecam20 1695.01000977 4572.3671875 4.88783121109
1477663349817 lifecam20 1691.49536133 4571.61132812 4.88744497299
1477663349824 lifecam22 1685.12890625 4570.43457031 4.88889932632
1477663349874 lifecam20 1681.64245605 4569.47363281 4.88731813431
1477663349887 lifecam22 1678.49865723 4568.52392578 4.88627576828
1477663349942 lifecam20 1675.0501709 4568.08105469 4.88761520386
1477663349955 lifecam22 1671.09960938 4567.4765625 4.88790130615
1477663350003 lifecam20 1667.89733887 4566.63037109 4.88921499252
1477663350021 lifecam22 1665.33227539 4565.73632812 4.89014196396
1477663350075 lifecam20 1661.85803223 4565.07714844 4.8917632103
1477663350096 lifecam22 1658.28588867 4564.30175781 4.89251089096
1477663350169 lifecam22 1655.18676758 4563.36523438 4.89246082306
1477663350211 lifecam20 1648.13110352 4560.93212891 4.88811254501
1477663350231 lifecam22 1644.68994141 4559.578125 4.88534402847
1477663350268 lifecam20 1641.3157959 4558.69726562 4.88684272766
1477663350284 lifecam22 1638.13305664 4557.70800781 4.8887796402
1477663350344 lifecam20 1634.76391602 4556.91015625 4.88853025436
1477663350364 lifecam22 1631.71740723 4556.34472656 4.88947343826
1477663350412 lifecam20 1628.29052734 4555.38623047 4.88793563843
1477663350431 lifecam22 1625.0637207 4554.64746094 4.8865237236
1477663350480 lifecam20 1621.79711914 4554.37695312 4.89030456543
1477663350542 lifecam20 1618.28198242 4553.31542969 4.88707494736
1477663350565 lifecam22 1611.49023438 4551.74804688 4.88734722137
1477663350610 lifecam20 1607.99560547 4551.44238281 4.8911280632
1477663350631 lifecam22 1604.56665039 4550.87792969 4.89318609238
1477663350680 lifecam20 1601.28588867 4549.97998047 4.89248657227
1477663350695 lifecam22 1598.15039062 4549.14013672 4.89233732224
1477663350743 lifecam20 1595.36096191 4548.65332031 4.89342498779
1477663350764 lifecam22 1592.37451172 4548.04296875 4.89424037933
1477663350811 lifecam20 1588.50268555 4546.71044922 4.89317941666
1477663350831 lifecam22 1584.93994141 4545.30566406 4.89265012741
1477663350881 lifecam20 1582.44995117 4545.39013672 4.89691400528
1477663350899 lifecam22 1579.99975586 4545.41308594 4.90039300919
1477663350941 lifecam20 1576.44152832 4544.22460938 4.90004491806
1477663350963 lifecam22 1573.38269043 4543.30761719 4.90061616898
1477663351009 lifecam20 1569.93554688 4542.671875 4.90126800537
1477663351031 lifecam22 1566.56640625 4541.47363281 4.89972734451
1477663351078 lifecam20 1563.08203125 4540.26464844 4.89758634567
1477663351099 lifecam22 1560.21777344 4539.48388672 4.89856767654
1477663351146 lifecam20 1557.41442871 4538.875 4.90136480331
1477663351163 lifecam22 1553.84692383 4537.84375 4.90066623688
1477663351237 lifecam22 1550.83337402 4537.19628906 4.90135192871
1477663351280 lifecam20 1543.37939453 4535.3984375 4.900370121
1477663351300 lifecam22 1539.73120117 4534.61132812 4.90103769302
1477663351345 lifecam20 1536.4375 4533.77441406 4.90088129044
1477663351362 lifecam22 1533.48339844 4532.83398438 4.90085697174
1477663351409 lifecam20 1530.22363281 4532.25097656 4.90235757828
1477663351434 lifecam22 1526.47790527 4531.46728516 4.90243148804
1477663351478 lifecam20 1523.39892578 4530.74658203 4.90351724625
1477663351499 lifecam22 1519.99731445 4529.69775391 4.90131521225
1477663351546 lifecam20 1516.6105957 4529.04980469 4.90125894547
1477663351611 lifecam20 1512.36865234 4528.04394531 4.9003610611
1477663351634 lifecam22 1505.83813477 4526.5078125 4.90165233612
1477663351677 lifecam20 1503.18286133 4526.02050781 4.90364837646
1477663351700 lifecam22 1500.25 4525.46191406 4.90563869476
1477663351745 lifecam20 1496.32885742 4524.390625 4.90638208389
1477663351770 lifecam22 1492.91687012 4523.49414062 4.90771150589
1477663351809 lifecam20 1489.36999512 4522.75292969 4.90819501877
1477663351833 lifecam22 1486.0637207 4522.30273438 4.91066646576
1477663351878 lifecam20 1482.64794922 4521.46289062 4.91170120239
1477663351891 lifecam22 1479.50317383 4520.70703125 4.91227245331
1477663351951 lifecam20 1476.65820312 4520.09863281 4.9128370285
1477663351960 lifecam22 1473.66601562 4519.23046875 4.91377210617
1477663352016 lifecam20 1469.32250977 4518.08886719 4.91349649429
1477663352025 lifecam22 1465.15808105 4516.67236328 4.91008043289
1477663352078 lifecam20 1461.78881836 4515.80078125 4.90960788727
1477663352091 lifecam22 1458.48046875 4514.99560547 4.91056060791
1477663352148 lifecam20 1455.46533203 4514.05371094 4.91165494919
1477663352159 lifecam22 1452.64208984 4513.60058594 4.9137134552
1477663352220 lifecam20 1449.25061035 4513.05957031 4.91412973404
1477663352227 lifecam22 1445.37207031 4511.95996094 4.91337013245
1477663352346 lifecam20 1437.5925293 4510.05712891 4.91161680222
1477663352361 lifecam22 1430.8717041 4508.63671875 4.91299200058
1477663352414 lifecam20 1427.92138672 4508.09277344 4.91427183151
1477663352429 lifecam22 1425.08447266 4507.25097656 4.91393089294
1477663352478 lifecam20 1421.93237305 4506.13183594 4.91415596008
1477663352493 lifecam22 1418.71728516 4504.86621094 4.91351366043
1477663352549 lifecam20 1415.33654785 4504.06054688 4.91378211975
1477663352560 lifecam22 1411.9888916 4503.19140625 4.91467237473
1477663352614 lifecam20 1407.99853516 4502.34179688 4.91535711288
1477663352626 lifecam22 1404.74829102 4501.66015625 4.91610956192
1477663352746 lifecam20 1398.38391113 4500.01074219 4.91660451889
1477663352760 lifecam22 1391.77575684 4498.21533203 4.91711473465
1477663352815 lifecam20 1388.57543945 4497.01513672 4.91798353195
1477663352829 lifecam22 1385.54382324 4495.86621094 4.91813230515
1477663352885 lifecam20 1382.05639648 4495.12109375 4.91859769821
1477663352897 lifecam22 1378.5592041 4494.28125 4.92061853409
1477663352946 lifecam20 1374.91833496 4493.09375 4.92024612427
1477663352960 lifecam22 1371.8371582 4492.00537109 4.91871833801
1477663353014 lifecam20 1368.46008301 4491.04882812 4.91736650467
1477663353027 lifecam22 1365.1784668 4490.01660156 4.91719913483
1477663353086 lifecam20 1361.78173828 4489.45410156 4.91939115524
1477663353096 lifecam22 1358.7800293 4489.18457031 4.92333650589
1477663353145 lifecam20 1355.40893555 4488.56445312 4.92569065094
1477663353158 lifecam22 1351.79150391 4487.75878906 4.92547607422
1477663353213 lifecam20 1348.53540039 4487.10742188 4.92510461807
1477663353226 lifecam22 1345.36962891 4486.27148438 4.92535161972
1477663353282 lifecam20 1341.70092773 4485.29345703 4.92551612854
1477663353294 lifecam22 1338.25854492 4484.53027344 4.92587709427
1477663353347 lifecam20 1335.23657227 4483.70605469 4.92710208893
1477663353359 lifecam22 1332.34692383 4482.59375 4.92742919922
1477663353482 lifecam20 1325.76489258 4480.95068359 4.93034601212
1477663353496 lifecam22 1318.94946289 4479.3046875 4.93169116974
1477663353555 lifecam20 1315.59326172 4478.47167969 4.93093633652
1477663353565 lifecam22 1312.39428711 4477.52197266 4.93043279648
1477663353615 lifecam20 1308.42663574 4476.21142578 4.92881393433
1477663353627 lifecam22 1305.13989258 4475.06933594 4.92737483978
1477663353681 lifecam20 1302.08447266 4474.39648438 4.92975616455
1477663353697 lifecam22 1298.83422852 4473.24121094 4.93019914627
1477663353750 lifecam20 1295.48999023 4471.88818359 4.92792034149
1477663353762 lifecam22 1292.33154297 4470.84277344 4.92812919617
1477663353825 lifecam20 1289.140625 4469.80273438 4.92868995667
1477663353832 lifecam22 1285.87011719 4468.72949219 4.92862176895
1477663353881 lifecam20 1282.25634766 4467.78857422 4.92955493927
1477663353894 lifecam22 1279.22668457 4466.88378906 4.93131446838
1477663353950 lifecam20 1275.92626953 4466.01074219 4.93120098114
1477663353963 lifecam22 1272.64233398 4465.18554688 4.93018817902
1477663354017 lifecam20 1269.08374023 4464.25488281 4.92948627472
1477663354027 lifecam22 1265.91149902 4463.48583984 4.93022251129
1477663354082 lifecam20 1262.60449219 4462.83886719 4.93176412582
1477663354096 lifecam22 1259.34008789 4462.12646484 4.93352603912
1477663354220 lifecam20 1252.85522461 4460.42773438 4.93519258499
1477663354233 lifecam22 1246.82568359 4458.77783203 4.9378824234
1477663354281 lifecam20 1243.52929688 4458.14941406 4.93943786621
1477663354297 lifecam22 1240.17443848 4457.66796875 4.94114255905
1477663354350 lifecam20 1236.8828125 4456.45898438 4.9409365654
1477663354363 lifecam22 1233.43237305 4454.81347656 4.9379734993
1477663354423 lifecam20 1230.03295898 4454.22851562 4.94051980972
1477663354431 lifecam22 1226.3527832 4452.98291016 4.94028949738
1477663354481 lifecam20 1222.66088867 4451.46289062 4.93764019012
1477663354494 lifecam22 1220.44458008 4451.06933594 4.93944406509
1477663354619 lifecam20 1214.17028809 4448.88476562 4.93833589554
1477663354631 lifecam22 1208.08508301 4446.62402344 4.9382019043
1477663354682 lifecam20 1204.15283203 4445.19433594 4.93711280823
1477663354696 lifecam22 1200.76867676 4443.95214844 4.93755531311
1477663354750 lifecam20 1198.29736328 4443.38378906 4.9394774437
1477663354764 lifecam22 1194.91333008 4442.00585938 4.93757104874
1477663354819 lifecam20 1190.91479492 4440.83740234 4.93795633316
1477663354832 lifecam22 1187.62939453 4439.94775391 4.93845367432
1477663354882 lifecam20 1184.09350586 4439.23388672 4.93942689896
1477663354897 lifecam22 1180.84899902 4438.61572266 4.94231557846
1477663354950 lifecam20 1177.93994141 4437.91162109 4.94427251816
1477663354963 lifecam22 1175.34863281 4437.33886719 4.94583177567
1477663355018 lifecam20 1171.73339844 4436.29980469 4.94461250305
1477663355030 lifecam22 1167.89135742 4435.16748047 4.94243431091
1477663355088 lifecam20 1164.29638672 4434.45947266 4.94362020493
1477663355097 lifecam22 1160.84790039 4433.55322266 4.94429969788
1477663355149 lifecam20 1157.56884766 4432.66845703 4.94576883316
1477663355161 lifecam22 1154.66564941 4431.8828125 4.94661998749
1477663355217 lifecam20 1151.52954102 4430.8359375 4.946144104
1477663355229 lifecam22 1147.7532959 4429.74609375 4.94744777679
1477663355353 lifecam20 1140.69165039 4428.16210938 4.95032215118
1477663355362 lifecam22 1134.55444336 4426.32421875 4.95099687576
1477663355418 lifecam20 1131.61450195 4425.21679688 4.95119714737
1477663355432 lifecam22 1128.80664062 4424.29980469 4.95276260376
1477663355487 lifecam20 1125.44030762 4422.91162109 4.9512219429
1477663355500 lifecam22 1122.32373047 4421.90332031 4.95062541962
1477663355550 lifecam20 1119.38061523 4421.125 4.95228433609
1477663355563 lifecam22 1116.18359375 4419.66503906 4.95115852356
1477663355617 lifecam20 1112.84082031 4418.90917969 4.95352125168
1477663355632 lifecam22 1109.69970703 4418.05761719 4.95594739914
1477663355685 lifecam20 1106.21569824 4416.68164062 4.95472764969
1477663355698 lifecam22 1103.01855469 4415.57177734 4.95414686203
1477663355756 lifecam20 1099.48083496 4414.47460938 4.95188856125
1477663355765 lifecam22 1096.0489502 4413.31835938 4.95031452179
1477663355816 lifecam20 1092.57336426 4412.31640625 4.94920682907
1477663355829 lifecam22 1089.5324707 4411.55419922 4.95096826553
1477663355885 lifecam20 1086.15405273 4411.10742188 4.95624351501
1477663355897 lifecam22 1082.7565918 4410.26220703 4.95700407028
1477663355953 lifecam20 1079.65661621 4408.77441406 4.95501995087
1477663355964 lifecam22 1076.35253906 4407.78808594 4.95621347427
1477663356041 lifecam22 1073.40686035 4406.76220703 4.95549440384
1477663356087 lifecam20 1066.77709961 4404.66113281 4.95571327209
1477663356098 lifecam22 1063.18005371 4403.17871094 4.95490503311
1477663356155 lifecam20 1059.85534668 4402.29052734 4.95437145233
1477663356167 lifecam22 1056.96606445 4401.49804688 4.95535230637
1477663356217 lifecam20 1053.65905762 4400.05957031 4.9544634819
1477663356232 lifecam22 1050.95898438 4398.80859375 4.95336675644
1477663356287 lifecam20 1048.16491699 4398.10449219 4.95644855499
1477663356299 lifecam22 1045.02258301 4397.15917969 4.95893192291
1477663356356 lifecam20 1041.40612793 4396.07763672 4.95841217041
1477663356425 lifecam20 1037.85876465 4394.51757812 4.95647525787
1477663356435 lifecam22 1031.78344727 4392.296875 4.95713996887
1477663356484 lifecam20 1029.10766602 4391.75488281 4.96047353745
1477663356497 lifecam22 1026.16235352 4390.97460938 4.96102666855
1477663356553 lifecam20 1022.30041504 4389.95947266 4.96072244644
1477663356565 lifecam22 1019.04602051 4389.203125 4.9611158371
1477663356623 lifecam20 1015.80310059 4388.3046875 4.9620757103
1477663356632 lifecam22 1012.63366699 4387.20410156 4.96215677261
1477663356686 lifecam20 1009.25256348 4386.49121094 4.96386480331
1477663356697 lifecam22 1005.35742188 4385.52636719 4.96632146835
1477663356824 lifecam20 998.379638672 4383.51367188 4.96655035019
1477663356835 lifecam22 992.340209961 4381.66113281 4.96565389633
1477663356886 lifecam20 989.637573242 4380.62109375 4.96637964249
1477663356955 lifecam20 986.523254395 4379.8125 4.96796941757
1477663356968 lifecam22 979.958312988 4377.29199219 4.96787071228
1477663357021 lifecam20 975.957519531 4375.6171875 4.96554231644
1477663357037 lifecam22 973.234863281 4374.68847656 4.96597194672
1477663357084 lifecam20 970.312255859 4373.85449219 4.96669387817
1477663357100 lifecam22 967.049804688 4372.91699219 4.967648983
1477663357153 lifecam20 963.751586914 4371.90917969 4.96912384033
1477663357166 lifecam22 960.64453125 4370.53125 4.9678106308
1477663357224 lifecam20 956.995117188 4369.15527344 4.96625900269
1477663357235 lifecam22 953.703979492 4368.06201172 4.96619367599
1477663357295 lifecam20 950.541809082 4366.75927734 4.96574735641
1477663357302 lifecam22 947.735534668 4365.36523438 4.96600914001
1477663357355 lifecam20 944.509216309 4364.48876953 4.96758174896
1477663357368 lifecam22 940.881652832 4363.47851562 4.96649122238
1477663357421 lifecam20 937.596923828 4362.40966797 4.96745157242
1477663357435 lifecam22 934.73260498 4361.58886719 4.97158718109
1477663357490 lifecam20 931.490783691 4360.68798828 4.97186660767
1477663357552 lifecam20 927.991210938 4359.83496094 4.97254562378
1477663357565 lifecam22 921.016845703 4357.93408203 4.9723367691
1477663357621 lifecam20 917.116943359 4356.94628906 4.97326517105
1477663357636 lifecam22 913.750732422 4355.85595703 4.97432947159
1477663357691 lifecam20 910.598144531 4354.83300781 4.97400188446
1477663357702 lifecam22 908.090454102 4353.84472656 4.97394990921
1477663357754 lifecam20 905.033325195 4352.46484375 4.97508144379
1477663357765 lifecam22 901.961181641 4351.22216797 4.97544288635
1477663357820 lifecam20 898.862915039 4350.43066406 4.97583007812
1477663357836 lifecam22 895.791259766 4349.38183594 4.97770261765
1477663357892 lifecam20 892.377502441 4348.46142578 4.97895526886
1477663357910 lifecam22 889.31237793 4347.58300781 4.97818899155
1477663357956 lifecam20 885.762023926 4345.75146484 4.97729063034
1477663357971 lifecam22 882.380371094 4344.45214844 4.97896099091
1477663358015 lifecam20 879.513305664 4343.76708984 4.97920608521
1477663358029 lifecam22 876.89440918 4342.43945312 4.97661066055
1477663358088 lifecam20 873.627807617 4341.18457031 4.97731399536
1477663358102 lifecam22 870.462158203 4340.05078125 4.97795534134
1477663358156 lifecam20 867.366638184 4338.91992188 4.97849369049
1477663358171 lifecam22 863.752746582 4337.45458984 4.97841596603
1477663358289 lifecam20 856.539855957 4334.71582031 4.97615718842
1477663358303 lifecam22 850.066894531 4332.18652344 4.97526407242
1477663358363 lifecam20 847.146179199 4331.41552734 4.97758245468
1477663358370 lifecam22 844.304077148 4330.68457031 4.97957229614
1477663358424 lifecam20 840.768310547 4329.48681641 4.97928619385
1477663358434 lifecam22 837.59552002 4328.64013672 4.98004293442
1477663358491 lifecam20 837.188354492 4328.27246094 4.97885656357
1477663358502 lifecam22 838.309204102 4328.71972656 4.98075151443
1477663358558 lifecam20 838.691162109 4328.98583984 4.98056554794
1477663358571 lifecam22 838.691162109 4328.98583984 4.98056554794
1477663358622 lifecam20 838.370239258 4328.80126953 4.98065805435
1477663358639 lifecam22 838.111572266 4328.74658203 4.98020458221
1477663358689 lifecam20 838.663513184 4329.07128906 4.98085451126
1477663358703 lifecam22 838.8515625 4329.09619141 4.98062753677
1477663358762 lifecam20 838.495605469 4328.89453125 4.97955226898
1477663358770 lifecam22 838.528015137 4328.95019531 4.98055505753
1477663358831 lifecam20 838.616821289 4329.00195312 4.98087930679
1477663358837 lifecam22 838.655029297 4328.97558594 4.98055696487
1477663358892 lifecam20 838.450927734 4328.87841797 4.98065853119
1477663358902 lifecam22 838.363952637 4328.90527344 4.97998189926
1477663359024 lifecam20 838.360778809 4328.99316406 4.98076295853
1477663359041 lifecam22 838.338623047 4328.96191406 4.98108100891
1477663359088 lifecam20 838.341796875 4328.87451172 4.98029994965
1477663359103 lifecam22 838.341796875 4328.87451172 4.98029994965
1477663359157 lifecam20 838.618164062 4329.00292969 4.98026180267
1477663359170 lifecam22 838.656677246 4328.97705078 4.97993993759
1477663359225 lifecam20 838.301269531 4328.81494141 4.97984838486
1477663359237 lifecam22 838.301269531 4328.81494141 4.97984838486
1477663359292 lifecam20 838.712646484 4328.97363281 4.97979402542
1477663359302 lifecam22 838.712646484 4328.97363281 4.97979402542
1477663359427 lifecam20 838.727416992 4329.00390625 4.98060083389
1477663359437 lifecam22 838.688903809 4329.02929688 4.98092269897
1477663359500 lifecam20 838.798095703 4329.11181641 4.98141717911
1477663359507 lifecam22 838.836608887 4329.0859375 4.98109531403
1477663359556 lifecam20 838.316162109 4328.82519531 4.97938013077
1477663359572 lifecam22 838.316162109 4328.82519531 4.97938013077
1477663359625 lifecam20 838.6484375 4328.96972656 4.98047208786
1477663359638 lifecam22 838.6484375 4328.96972656 4.98047208786
1477663359692 lifecam20 838.727416992 4329.00390625 4.98060083389
1477663359757 lifecam20 838.727416992 4329.00390625 4.98060083389
1477663359769 lifecam22 838.75982666 4329.05957031 4.98160409927
1477663359824 lifecam20 838.412719727 4328.90429688 4.98098134995
1477663359836 lifecam22 838.380249023 4328.84863281 4.97997808456
1477663359892 lifecam20 838.704528809 4328.96679688 4.98032617569
1477663359904 lifecam22 838.666015625 4328.99267578 4.98064851761
1477663359956 lifecam20 838.285583496 4328.87695312 4.98044347763
1477663359968 lifecam22 838.394714355 4328.88085938 4.98080253601
1477663360024 lifecam20 838.778991699 4328.92089844 4.98084259033
1477663360037 lifecam22 838.708374023 4328.89160156 4.98016214371
1477663360157 lifecam20 838.306518555 4328.91015625 4.98009586334
1477663360171 lifecam22 838.306518555 4328.91015625 4.98009586334
1477663360224 lifecam20 838.377075195 4328.93652344 4.98075914383
1477663360236 lifecam22 838.360778809 4328.99316406 4.98076295853
1477663360285 lifecam20 838.767211914 4329.05761719 4.98046016693
1477663360300 lifecam22 838.684020996 4329.02246094 4.98088693619
1477663360360 lifecam20 838.151000977 4328.93457031 4.98067140579
1477663360376 lifecam22 838.250488281 4328.91308594 4.980240345
1477663360424 lifecam20 838.656677246 4328.97705078 4.97993993759
1477663360438 lifecam22 838.689086914 4329.03271484 4.98094320297
1477663360493 lifecam20 838.393310547 4328.79248047 4.98054122925
1477663360505 lifecam22 838.322387695 4328.76269531 4.97985982895
1477663360565 lifecam20 838.478088379 4328.87988281 4.98056507111
1477663360574 lifecam22 838.516601562 4328.85449219 4.98024368286
1477663360628 lifecam20 838.537963867 4328.87792969 4.97989749908
1477663360638 lifecam22 838.537963867 4328.87792969 4.97989749908
1477663360694 lifecam20 838.154541016 4328.68017578 4.97889041901
1477663360707 lifecam22 838.116027832 4328.70605469 4.97921228409
1477663360760 lifecam20 838.123291016 4328.61181641 4.97888088226
1477663360776 lifecam22 838.194213867 4328.64160156 4.97956228256
1477663360892 lifecam20 838.680847168 4329.02539062 4.9814748764
1477663360905 lifecam22 838.6484375 4328.96972656 4.98047208786
1477663360964 lifecam20 838.142028809 4328.81738281 4.98021173477
1477663360974 lifecam22 838.103515625 4328.84277344 4.98053359985
1477663361030 lifecam20 838.663269043 4329.08105469 4.98143386841
1477663361041 lifecam22 838.663269043 4329.08105469 4.98143386841
1477663361094 lifecam20 838.282531738 4328.96484375 4.98122549057
1477663361105 lifecam22 838.282531738 4328.96484375 4.98122549057
1477663361160 lifecam20 838.322387695 4328.76269531 4.97985982895
1477663361172 lifecam22 838.322387695 4328.76269531 4.97985982895
1477663361229 lifecam20 838.609924316 4328.99560547 4.9807934761
1477663361249 lifecam22 838.6484375 4328.96972656 4.98047208786
1477663361291 lifecam20 838.704528809 4328.96679688 4.98032617569
1477663361312 lifecam22 838.62713623 4329.01953125 4.98043966293
1477663361359 lifecam20 838.624389648 4329.10742188 4.98122501373
1477663361380 lifecam22 838.701782227 4329.05566406 4.98111200333
1477663361427 lifecam20 838.712646484 4328.97363281 4.97979402542
1477663361450 lifecam22 838.651550293 4328.96972656 4.97990322113
1477663361493 lifecam20 838.263061523 4328.84716797 4.98023080826
1477663361513 lifecam22 838.285583496 4328.87695312 4.98044347763
1477663361588 lifecam22 838.32409668 4328.8515625 4.98012208939
1477663361630 lifecam20 838.584411621 4328.94628906 4.97987604141
1477663361648 lifecam22 838.616821289 4329.00195312 4.98087930679
1477663361697 lifecam20 838.609985352 4328.99902344 4.9808139801
1477663361712 lifecam22 838.561279297 4329.0 4.97981500626
1477663361761 lifecam20 838.213745117 4328.84570312 4.9791893959
1477663361780 lifecam22 838.230102539 4328.7890625 4.97918558121
1477663361830 lifecam20 838.637512207 4328.86474609 4.97950077057
1477663361847 lifecam22 838.576416016 4328.86035156 4.97960996628
1477663361897 lifecam20 838.658447266 4328.97265625 4.97996902466
1477663361959 lifecam20 838.52331543 4328.94238281 4.97998523712
1477663361981 lifecam22 838.616821289 4329.00195312 4.98087930679
1477663362027 lifecam20 838.75982666 4329.05957031 4.98160409927
1477663362051 lifecam22 838.698791504 4329.0546875 4.98171281815
1477663362096 lifecam20 838.280517578 4328.87402344 4.98042631149
1477663362118 lifecam22 838.209594727 4328.84423828 4.97974491119
1477663362159 lifecam20 838.53302002 4328.9609375 4.98066997528
1477663362180 lifecam22 838.593994141 4328.96484375 4.98056077957
1477663362227 lifecam20 838.674072266 4328.99951172 4.9801158905
1477663362248 lifecam22 838.712646484 4328.97363281 4.97979402542
1477663362296 lifecam20 838.85925293 4329.12304688 4.98136854172
1477663362317 lifecam22 838.85925293 4329.12304688 4.98136854172
1477663362359 lifecam20 838.380249023 4328.84863281 4.97997808456
1477663362378 lifecam22 838.450927734 4328.87841797 4.98065853119
1477663362427 lifecam20 838.714050293 4328.81445312 4.98003530502
1477663362448 lifecam22 838.746765137 4328.87304688 4.98046350479
1477663362495 lifecam20 838.830749512 4329.09179688 4.98170948029
1477663362516 lifecam22 838.785522461 4329.19921875 4.98219490051
1477663362563 lifecam20 838.87902832 4329.08789062 4.98152828217
1477663362583 lifecam22 838.879882812 4328.99023438 4.98012876511
1477663362648 lifecam22 838.971069336 4328.96777344 4.98078298569
1477663362696 lifecam20 838.962768555 4328.96533203 4.98072099686
1477663362709 lifecam22 838.909179688 4329.06005859 4.98114538193
1477663362764 lifecam20 838.599487305 4328.81835938 4.97914075851
1477663362779 lifecam22 838.549316406 4328.19140625 4.97418546677
1477663362827 lifecam20 840.00402832 4328.45507812 4.97557592392
1477663362842 lifecam22 841.000854492 4329.56933594 4.97903108597
1477663362896 lifecam20 841.225952148 4333.65234375 4.98168325424
1477663362909 lifecam22 841.932983398 4337.93359375 4.97950410843
1477663362966 lifecam20 843.225708008 4342.99414062 4.97542667389
1477663363028 lifecam20 833.723266602 4340.37890625 4.97702264786
1477663363040 lifecam22 821.854248047 4337.91064453 4.97369909286
1477663363096 lifecam20 809.129272461 4329.04199219 4.97154855728
1477663363108 lifecam22 799.344604492 4321.23779297 4.97180271149
1477663363164 lifecam20 798.075561523 4321.25488281 4.97632360458
1477663363178 lifecam22 798.293395996 4322.95605469 4.98435592651
1477663363231 lifecam20 799.366333008 4327.46142578 5.00192785263
1477663363244 lifecam22 800.478637695 4331.72607422 5.01976680756
1477663363295 lifecam20 803.227783203 4334.82470703 5.03058958054
1477663363307 lifecam22 806.565795898 4337.84082031 5.03798961639
1477663363384 lifecam22 815.005126953 4338.42089844 5.02208709717
1477663363431 lifecam20 831.268432617 4338.59960938 4.98776578903
