1478873299208 lifecam22 3204.41650391 5861.76855469 4.70332717896
1478873299266 lifecam22 3204.49926758 5861.99951172 4.70540475845
1478873299332 lifecam22 3204.41650391 5861.76855469 4.70332717896
1478873299397 lifecam22 3204.47900391 5861.40673828 4.70127391815
1478873299466 lifecam22 3204.0378418 5861.6484375 4.70216083527
1478873299668 lifecam22 3204.49926758 5861.99951172 4.70540475845
1478873299731 lifecam22 3204.35083008 5861.30859375 4.69888305664
1478873299804 lifecam22 3204.35351562 5861.17578125 4.69769382477
1478873299871 lifecam22 3204.67138672 5861.94238281 4.70605182648
1478873299930 lifecam22 3204.32495117 5861.28564453 4.69866895676
1478873300203 lifecam22 3204.18847656 5861.5703125 4.70117902756
1478873300259 lifecam22 3204.41650391 5861.76855469 4.70332717896
1478873300332 lifecam22 3204.32226562 5861.41894531 4.69986104965
1478873300400 lifecam22 3204.37670898 5861.33837891 4.69790124893
1478873300463 lifecam22 3204.37670898 5861.33837891 4.69790124893
1478873300679 lifecam22 3204.35351562 5861.17578125 4.69769382477
1478873300729 lifecam22 3204.32226562 5861.41894531 4.69986104965
1478873300807 lifecam22 3204.28125 5861.53857422 4.69966936111
1478873300870 lifecam22 3204.78540039 5861.50244141 4.69822263718
1478873300932 lifecam22 3203.68261719 5861.37158203 4.69542455673
1478873301130 lifecam22 3204.32495117 5861.28564453 4.69866895676
1478873301199 lifecam22 3197.87670898 5861.1640625 4.69773578644
1478873301267 lifecam22 3190.87548828 5861.02294922 4.69772386551
1478873301337 lifecam22 3181.84716797 5857.62890625 4.6743016243
1478873301400 lifecam22 3175.43017578 5853.8515625 4.65114402771
1478873301610 lifecam22 3152.36474609 5847.55273438 4.60958003998
1478873301672 lifecam22 3143.92675781 5844.69091797 4.58948945999
1478873301737 lifecam22 3135.9362793 5842.25537109 4.56823348999
1478873301809 lifecam22 3127.90551758 5841.09130859 4.55448770523
1478873301875 lifecam22 3120.87426758 5839.95458984 4.54269838333
1478873302070 lifecam22 3098.50244141 5837.04101562 4.50668239594
1478873302132 lifecam22 3090.68823242 5836.37792969 4.49068403244
1478873302210 lifecam22 3082.71826172 5834.99169922 4.47336626053
1478873302270 lifecam22 3074.40332031 5833.68652344 4.4593129158
1478873302338 lifecam22 3067.32421875 5832.84375 4.4438533783
1478873302473 lifecam22 3050.59375 5831.625 4.4058842659
1478873302545 lifecam22 3042.50683594 5831.46191406 4.39276504517
1478873302607 lifecam22 3034.90161133 5831.04248047 4.37815666199
1478873302686 lifecam22 3028.19018555 5830.76464844 4.36508703232
1478873302737 lifecam22 3018.32543945 5829.88037109 4.34367847443
1478873302878 lifecam22 3002.62036133 5829.76513672 4.31261205673
1478873302947 lifecam22 2996.37988281 5831.48388672 4.31087446213
1478873303009 lifecam22 2989.86206055 5831.61767578 4.296210289
1478873303076 lifecam22 2980.34423828 5832.38085938 4.27602863312
1478873303141 lifecam22 2974.69287109 5833.76367188 4.26728725433
1478873303274 lifecam22 2957.89086914 5835.25 4.23110198975
1478873303335 lifecam22 2949.50830078 5836.70605469 4.21771192551
1478873303409 lifecam22 2941.5390625 5837.46875 4.20518636703
1478873303473 lifecam22 2935.47631836 5838.29736328 4.18950223923
1478873303538 lifecam22 2927.67626953 5840.20947266 4.17633008957
1478873303677 lifecam22 2912.63110352 5844.02783203 4.14507102966
1478873303738 lifecam22 2905.16796875 5845.03759766 4.13320493698
1478873303868 lifecam22 2890.94555664 5849.20556641 4.10877180099
1478873303936 lifecam22 2882.00390625 5851.27246094 4.08789587021
1478873304083 lifecam22 2867.29370117 5855.31933594 4.05824184418
1478873304152 lifecam22 2859.47412109 5857.31103516 4.03969144821
1478873304207 lifecam22 2850.046875 5860.703125 4.01687669754
1478873304270 lifecam22 2843.41430664 5862.61914062 4.00910663605
1478873304338 lifecam22 2835.47729492 5866.18212891 3.99023723602
1478873304478 lifecam22 2821.89477539 5872.36572266 3.96209073067
1478873304550 lifecam22 2810.94482422 5875.13183594 3.92341947556
1478873304602 lifecam22 2806.81640625 5877.49902344 3.93246722221
1478873304741 lifecam22 2792.46850586 5884.20996094 3.89946436882
1478873304881 lifecam22 2778.63037109 5892.28564453 3.86714291573
1478873304951 lifecam22 2772.14208984 5895.19775391 3.85360813141
1478873305016 lifecam22 2765.0144043 5899.69482422 3.83740568161
1478873305072 lifecam22 2757.30053711 5903.39648438 3.82263231277
1478873305146 lifecam22 2750.32910156 5907.47802734 3.80430006981
1478873305277 lifecam22 2737.30664062 5915.15332031 3.77566289902
1478873305339 lifecam22 2729.95410156 5919.99023438 3.75522565842
1478873305415 lifecam22 2725.37744141 5924.30761719 3.74928593636
1478873305475 lifecam22 2718.38427734 5929.00488281 3.73242235184
1478873305550 lifecam22 2711.97094727 5934.25439453 3.71619319916
1478873305680 lifecam22 2700.37133789 5943.12207031 3.6910378933
1478873305744 lifecam22 2694.06591797 5949.22021484 3.67261195183
1478873305807 lifecam22 2687.76074219 5953.23925781 3.66079258919
1478873305879 lifecam22 2683.00512695 5958.42285156 3.64933180809
1478873305942 lifecam22 2675.45581055 5963.703125 3.62843608856
1478873306144 lifecam22 2657.83764648 5979.93359375 3.58376169205
1478873306208 lifecam22 2653.19384766 5985.38525391 3.56708240509
1478873306270 lifecam22 2646.7878418 5990.73974609 3.55276107788
1478873306342 lifecam22 2641.23364258 5996.36474609 3.53636550903
1478873306416 lifecam22 2635.60424805 6002.14746094 3.52234697342
1478873306546 lifecam22 2626.01464844 6013.27587891 3.49681711197
1478873306619 lifecam22 2621.64526367 6019.47949219 3.48485040665
1478873306687 lifecam22 2616.58837891 6025.51757812 3.47047185898
1478873306742 lifecam22 2612.49926758 6032.10400391 3.45633411407
1478873306811 lifecam22 2607.94604492 6037.75244141 3.44322538376
1478873307020 lifecam22 2592.91015625 6057.22851562 3.39386177063
1478873307083 lifecam22 2589.50708008 6063.81982422 3.3795337677
1478873307146 lifecam22 2585.07543945 6069.09521484 3.36949825287
1478873307208 lifecam22 2581.5065918 6075.72607422 3.3599486351
1478873307276 lifecam22 2576.68212891 6082.46191406 3.33895301819
1478873307413 lifecam22 2568.94970703 6095.43408203 3.30925703049
1478873307487 lifecam22 2564.52416992 6103.11181641 3.29291772842
1478873307538 lifecam22 2560.87011719 6109.42675781 3.27873754501
1478873307607 lifecam22 2556.85888672 6116.61621094 3.26082658768
1478873307680 lifecam22 2553.42993164 6123.91992188 3.24996757507
1478873307812 lifecam22 2545.64697266 6138.23876953 3.21503639221
1478873307888 lifecam22 2542.84692383 6145.26660156 3.20180225372
1478873307952 lifecam22 2541.88061523 6150.44970703 3.19947004318
1478873308012 lifecam22 2539.4921875 6157.31640625 3.18797969818
1478873308081 lifecam22 2535.59448242 6164.41601562 3.16534900665
1478873308228 lifecam22 2529.07275391 6181.11279297 3.13774371147
1478873308288 lifecam22 2526.92089844 6187.78271484 3.11693787575
1478873308353 lifecam22 2523.83618164 6195.78662109 3.09986758232
1478873308417 lifecam22 2525.67700195 6195.24169922 3.10922551155
1478873308485 lifecam22 2524.73608398 6194.66796875 3.10454726219
1478873308617 lifecam22 2524.68164062 6194.86523438 3.10399794579
1478873308681 lifecam22 2524.88867188 6195.08300781 3.10452437401
1478873308749 lifecam22 2525.2487793 6194.83007812 3.10657906532
1478873308825 lifecam22 2524.92602539 6194.88769531 3.10493254662
1478873308883 lifecam22 2525.20361328 6194.74951172 3.10617518425
1478873309019 lifecam22 2524.64648438 6195.04296875 3.10363745689
1478873309081 lifecam22 2525.2097168 6194.87011719 3.10623002052
1478873309148 lifecam22 2524.91064453 6195.04492188 3.1047604084
1478873309212 lifecam22 2524.96923828 6194.98583984 3.10530924797
1478873309275 lifecam22 2524.63134766 6195.20068359 3.10346484184
1478873309418 lifecam22 2524.64648438 6195.04296875 3.10363745689
1478873309490 lifecam22 2524.92602539 6194.88769531 3.10493254662
1478873309546 lifecam22 2524.91064453 6195.04492188 3.1047604084
