1478879211249 lifecam22 3193.00976562 5854.92724609 4.60864639282
1478879211311 lifecam22 3193.16137695 5855.54882812 4.61073637009
1478879211374 lifecam22 3193.31713867 5855.18457031 4.60877752304
1478879211441 lifecam22 3192.81640625 5855.03125 4.60936450958
1478879211508 lifecam22 3192.92797852 5854.73144531 4.60677099228
1478879211645 lifecam22 3192.98730469 5854.76367188 4.60599327087
1478879211708 lifecam22 3192.9296875 5855.1171875 4.6066160202
1478879211773 lifecam22 3192.98730469 5854.90917969 4.60845708847
1478879211848 lifecam22 3193.03881836 5854.69726562 4.60526847839
1478879211917 lifecam22 3193.05249023 5854.45654297 4.60569763184
1478879212116 lifecam22 3193.23486328 5854.20458984 4.60361671448
1478879212178 lifecam22 3193.00170898 5854.53808594 4.60377407074
1478879212241 lifecam22 3193.07592773 5854.59179688 4.60567045212
1478879212307 lifecam22 3192.85131836 5854.28173828 4.602643013
1478879212377 lifecam22 3193.14990234 5854.65527344 4.60379314423
1478879212523 lifecam22 3193.31225586 5854.5234375 4.60532426834
1478879212580 lifecam22 3193.58203125 5854.87109375 4.60744380951
1478879212647 lifecam22 3192.97680664 5854.25488281 4.60377407074
1478879212708 lifecam22 3193.74853516 5853.69628906 4.60098934174
1478879212779 lifecam22 3194.03344727 5854.17773438 4.60431957245
1478879212983 lifecam22 3192.54663086 5854.82519531 4.60845088959
1478879213045 lifecam22 3193.28393555 5855.02001953 4.61108970642
1478879213110 lifecam22 3188.87231445 5856.25634766 4.61644411087
1478879213176 lifecam22 3179.85961914 5859.78417969 4.63312149048
1478879213245 lifecam22 3179.39672852 5860.38867188 4.64578151703
1478879213383 lifecam22 3169.61425781 5868.078125 4.69538974762
1478879213444 lifecam22 3169.7668457 5870.02197266 4.71450233459
1478879213517 lifecam22 3163.20678711 5873.13232422 4.73605108261
1478879213576 lifecam22 3157.35864258 5874.34082031 4.7406334877
1478879213644 lifecam22 3154.37817383 5878.44726562 4.76806688309
1478879213852 lifecam22 3140.80297852 5882.47363281 4.80725193024
1478879213916 lifecam22 3136.82763672 5884.68652344 4.82505321503
1478879213980 lifecam22 3132.51416016 5886.05175781 4.83592128754
1478879214047 lifecam22 3127.65600586 5886.74951172 4.8507809639
1478879214113 lifecam22 3123.68774414 5888.62646484 4.87101984024
1478879214313 lifecam22 3109.20581055 5892.77490234 4.91827201843
1478879214381 lifecam22 3104.85131836 5894.19873047 4.93709278107
1478879214445 lifecam22 3100.50317383 5895.43701172 4.95252513885
1478879214512 lifecam22 3096.05224609 5896.35253906 4.96807050705
1478879214580 lifecam22 3091.02880859 5897.16845703 4.98610639572
1478879214712 lifecam22 3081.33520508 5897.94873047 5.01216268539
1478879214790 lifecam22 3078.08740234 5899.65234375 5.03348302841
1478879214853 lifecam22 3072.97973633 5898.85546875 5.0412273407
1478879214912 lifecam22 3068.22631836 5900.23876953 5.05999326706
1478879214982 lifecam22 3064.43164062 5900.35888672 5.07739257812
1478879215120 lifecam22 3054.87158203 5900.6015625 5.10395288467
1478879215180 lifecam22 3050.04052734 5902.10693359 5.12562513351
1478879215248 lifecam22 3046.03076172 5903.30078125 5.14624786377
1478879215311 lifecam22 3040.76635742 5901.55810547 5.15541982651
1478879215380 lifecam22 3035.85522461 5904.50439453 5.18650054932
1478879215584 lifecam22 3022.28393555 5903.74169922 5.23105239868
1478879215650 lifecam22 3017.56811523 5904.46777344 5.25281715393
1478879215723 lifecam22 3012.70336914 5904.61132812 5.26891756058
1478879215783 lifecam22 3008.61962891 5904.28564453 5.28567361832
1478879215851 lifecam22 3003.88305664 5904.27050781 5.30226802826
1478879215996 lifecam22 2994.35522461 5902.72802734 5.33280229568
1478879216061 lifecam22 2989.38232422 5901.74951172 5.34574842453
1478879216123 lifecam22 2984.14013672 5901.38232422 5.36609077454
1478879216189 lifecam22 2979.74731445 5901.14013672 5.38293123245
1478879216255 lifecam22 2975.11669922 5901.37451172 5.40380001068
1478879216454 lifecam22 2960.97338867 5897.55419922 5.45207214355
1478879216515 lifecam22 2956.359375 5895.36816406 5.46679544449
1478879216592 lifecam22 2952.49829102 5895.61914062 5.48732471466
1478879216660 lifecam22 2948.42504883 5893.89550781 5.50650310516
1478879216714 lifecam22 2943.44946289 5890.61328125 5.50918149948
1478879216920 lifecam22 2930.328125 5887.32666016 5.56696557999
1478879216984 lifecam22 2925.5390625 5885.45947266 5.58320140839
1478879217051 lifecam22 2921.51074219 5885.82910156 5.6099524498
1478879217115 lifecam22 2917.58740234 5882.69140625 5.62554264069
1478879217183 lifecam22 2912.46313477 5880.25 5.63554525375
1478879217329 lifecam22 2904.11816406 5877.26464844 5.67461252213
1478879217384 lifecam22 2899.77294922 5874.82861328 5.68814229965
1478879217454 lifecam22 2895.35449219 5873.30566406 5.70921325684
1478879217524 lifecam22 2891.46020508 5870.90869141 5.72279071808
1478879217591 lifecam22 2886.94140625 5867.79638672 5.73832702637
1478879217796 lifecam22 2874.66333008 5861.77441406 5.79442977905
1478879217859 lifecam22 2871.09619141 5858.02441406 5.80644512177
1478879217926 lifecam22 2866.56347656 5854.94091797 5.82184267044
1478879217986 lifecam22 2863.1574707 5852.93017578 5.84264850616
1478879218049 lifecam22 2859.31274414 5849.54296875 5.85095071793
1478879218257 lifecam22 2847.86328125 5841.93457031 5.90834188461
1478879218320 lifecam22 2843.98779297 5838.24658203 5.9240064621
1478879218385 lifecam22 2840.98120117 5836.10107422 5.94066572189
1478879218450 lifecam22 2837.61645508 5831.95556641 5.95435190201
1478879218518 lifecam22 2833.66088867 5829.19873047 5.9698343277
1478879218657 lifecam22 2826.31005859 5822.75927734 6.00594806671
1478879218722 lifecam22 2823.36328125 5818.82861328 6.02093362808
1478879218791 lifecam22 2819.44189453 5815.53662109 6.04185771942
1478879218855 lifecam22 2817.11474609 5811.01806641 6.05039644241
1478879218920 lifecam22 2813.19604492 5807.86425781 6.07193756104
1478879219120 lifecam22 2803.80834961 5796.67529297 6.11957025528
1478879219198 lifecam22 2801.41113281 5792.45068359 6.13738536835
1478879219257 lifecam22 2798.34594727 5789.54248047 6.15559482574
1478879219320 lifecam22 2795.84521484 5785.23828125 6.17220497131
1478879219388 lifecam22 2792.78198242 5782.26464844 6.19429302216
1478879219529 lifecam22 2787.63720703 5772.84814453 6.22248411179
1478879219588 lifecam22 2783.85913086 5771.18652344 6.24907445908
1478879219660 lifecam22 2782.88378906 5764.64013672 6.25426197052
1478879219718 lifecam22 2780.49414062 5759.33349609 6.26703119278
1478879219798 lifecam22 2775.89550781 5757.67919922 0.0153821157292
1478879219994 lifecam22 2772.44726562 5741.81103516 0.0411858037114
1478879220056 lifecam22 2768.72631836 5739.71826172 0.0672072842717
1478879220128 lifecam22 2767.140625 5735.63427734 0.0918935015798
1478879220189 lifecam22 2765.40283203 5731.3984375 0.107080891728
1478879220255 lifecam22 2765.1472168 5726.88330078 0.114628382027
1478879220400 lifecam22 2765.24707031 5728.07226562 0.11269492656
1478879220465 lifecam22 2764.98461914 5727.28564453 0.117188990116
1478879220528 lifecam22 2765.26123047 5727.67333984 0.112906754017
1478879220595 lifecam22 2765.3203125 5727.25 0.112725801766
1478879220660 lifecam22 2765.26123047 5727.67333984 0.112906754017
1478879220862 lifecam22 2765.44702148 5727.26660156 0.111548833549
