1478878933690 lifecam22 3191.14404297 5857.82080078 4.60432481766
1478878933756 lifecam22 3191.11157227 5857.92480469 4.60395860672
1478878933824 lifecam22 3190.95605469 5857.640625 4.60246753693
1478878933959 lifecam22 3191.53564453 5858.00097656 4.6065454483
1478878934024 lifecam22 3191.00415039 5857.71240234 4.60317420959
1478878934085 lifecam22 3191.4921875 5858.39257812 4.60750722885
1478878934153 lifecam22 3191.10620117 5857.76757812 4.60505771637
1478878934220 lifecam22 3191.72705078 5858.54931641 4.60918426514
1478878934360 lifecam22 3191.15405273 5857.83886719 4.60576248169
1478878934424 lifecam22 3191.46899414 5858.21923828 4.60842514038
1478878934482 lifecam22 3191.25634766 5858.04785156 4.60650491714
1478878934553 lifecam22 3191.76049805 5858.44580078 4.60955047607
1478878934614 lifecam22 3191.70922852 5858.30322266 4.6082110405
1478878934825 lifecam22 3192.18652344 5856.80419922 4.59616184235
1478878934896 lifecam22 3192.48388672 5858.04052734 4.60226011276
1478878934951 lifecam22 3191.35253906 5857.70703125 4.60227203369
1478878935018 lifecam22 3190.53662109 5858.93457031 4.60928630829
1478878935088 lifecam22 3190.91259766 5857.73681641 4.60328197479
1478878935226 lifecam22 3188.13134766 5859.38085938 4.61127614975
1478878935291 lifecam22 3179.40258789 5862.59179688 4.63474273682
1478878935355 lifecam22 3178.41552734 5864.26367188 4.65087509155
1478878935419 lifecam22 3173.98364258 5866.84326172 4.66660261154
1478878935489 lifecam22 3167.70117188 5868.34814453 4.67841005325
1478878935617 lifecam22 3163.50610352 5877.94335938 4.73779201508
1478878935681 lifecam22 3158.05810547 5875.26757812 4.72319221497
1478878935760 lifecam22 3151.30322266 5877.45263672 4.73569107056
1478878935820 lifecam22 3149.37011719 5878.84130859 4.7595076561
1478878935890 lifecam22 3143.69189453 5881.23144531 4.77408599854
1478878936014 lifecam22 3136.14306641 5885.59814453 4.81941795349
1478878936088 lifecam22 3131.18408203 5888.12402344 4.83463287354
1478878936157 lifecam22 3125.61474609 5888.00097656 4.83861398697
1478878936222 lifecam22 3121.90087891 5890.84375 4.86034345627
1478878936288 lifecam22 3118.43994141 5891.765625 4.87719917297
1478878936364 lifecam22 3113.40234375 5894.27246094 4.89960718155
1478878936427 lifecam22 3108.74194336 5895.42871094 4.91051197052
1478878936491 lifecam22 3104.94677734 5897.35253906 4.93360185623
1478878936556 lifecam22 3100.52856445 5898.86279297 4.95039319992
1478878936624 lifecam22 3095.66259766 5899.48339844 4.96299648285
1478878936750 lifecam22 3085.66430664 5899.93359375 4.98890590668
1478878936825 lifecam22 3081.359375 5901.234375 5.00582170486
1478878936897 lifecam22 3077.13134766 5902.92724609 5.02778673172
1478878936957 lifecam22 3071.81884766 5904.140625 5.04177045822
1478878937020 lifecam22 3067.51220703 5904.36035156 5.05905532837
1478878937164 lifecam22 3057.96337891 5905.17626953 5.08832979202
1478878937226 lifecam22 3053.09521484 5904.95996094 5.10364770889
1478878937292 lifecam22 3048.56640625 5905.77880859 5.12014722824
1478878937359 lifecam22 3043.85229492 5905.97119141 5.13868618011
1478878937425 lifecam22 3040.33789062 5906.3515625 5.15153598785
1478878937568 lifecam22 3031.13842773 5906.25683594 5.18247127533
1478878937628 lifecam22 3026.5078125 5905.25732422 5.19627046585
1478878937694 lifecam22 3021.31396484 5905.86767578 5.21429681778
1478878937762 lifecam22 3016.625 5905.34326172 5.22648143768
1478878937823 lifecam22 3011.41333008 5905.5390625 5.24740505219
1478878937965 lifecam22 3002.33789062 5906.52197266 5.28544378281
1478878938028 lifecam22 2998.27368164 5906.63134766 5.30749607086
1478878938092 lifecam22 2993.00854492 5905.26025391 5.32151651382
1478878938160 lifecam22 2988.61035156 5906.04394531 5.33969688416
1478878938226 lifecam22 2983.48242188 5904.48828125 5.35469722748
1478878938364 lifecam22 2974.50537109 5903.75634766 5.39193964005
1478878938422 lifecam22 2969.37670898 5902.70898438 5.40881156921
1478878938491 lifecam22 2964.96313477 5901.43017578 5.4237947464
1478878938559 lifecam22 2960.08007812 5899.30322266 5.43899154663
1478878938620 lifecam22 2955.13647461 5899.91113281 5.4613237381
1478878938757 lifecam22 2946.04101562 5897.32763672 5.49191331863
1478878938822 lifecam22 2942.11914062 5898.44921875 5.5244178772
1478878938895 lifecam22 2937.87646484 5894.58105469 5.52763605118
1478878938966 lifecam22 2933.62866211 5894.48681641 5.54746341705
1478878939028 lifecam22 2928.37255859 5891.80712891 5.55990982056
1478878939167 lifecam22 2919.53051758 5888.85791016 5.59745740891
1478878939229 lifecam22 2916.39355469 5887.35107422 5.61562204361
1478878939296 lifecam22 2911.42285156 5884.59082031 5.62764883041
1478878939359 lifecam22 2907.2578125 5881.40869141 5.63416194916
1478878939426 lifecam22 2903.40551758 5880.03076172 5.65708446503
1478878939565 lifecam22 2895.09179688 5875.76708984 5.69219493866
1478878939625 lifecam22 2890.12451172 5874.46435547 5.71128940582
1478878939699 lifecam22 2886.19946289 5871.04443359 5.72379398346
1478878939767 lifecam22 2882.22827148 5868.18017578 5.73695993423
1478878939829 lifecam22 2878.0324707 5866.74560547 5.75778484344
1478878939965 lifecam22 2869.91137695 5862.42529297 5.79610729218
1478878940032 lifecam22 2865.60400391 5858.46875 5.80427265167
1478878940096 lifecam22 2861.79858398 5855.55957031 5.81583213806
1478878940155 lifecam22 2858.50292969 5852.80029297 5.83540153503
1478878940230 lifecam22 2854.12060547 5850.75976562 5.85738039017
1478878940360 lifecam22 2845.39892578 5845.68896484 5.89701795578
1478878940424 lifecam22 2843.09399414 5841.66503906 5.90466690063
1478878940496 lifecam22 2837.8371582 5838.58349609 5.92742300034
1478878940562 lifecam22 2834.42578125 5836.00244141 5.94471693039
1478878940633 lifecam22 2831.68066406 5832.39257812 5.95702934265
1478878940757 lifecam22 2824.69018555 5826.70117188 5.99555587769
1478878940835 lifecam22 2820.87988281 5822.09765625 6.00753355026
1478878940898 lifecam22 2817.99804688 5819.98974609 6.02787494659
1478878940961 lifecam22 2815.37695312 5815.53710938 6.03976535797
1478878941029 lifecam22 2811.86328125 5812.91601562 6.05933332443
1478878941164 lifecam22 2806.04345703 5805.30273438 6.09028720856
1478878941233 lifecam22 2803.328125 5801.31787109 6.10227155685
1478878941299 lifecam22 2799.60180664 5797.95019531 6.12261486053
1478878941357 lifecam22 2795.36914062 5794.81591797 6.14789390564
1478878941431 lifecam22 2793.47241211 5790.05615234 6.15729188919
1478878941569 lifecam22 2786.55761719 5783.84375 6.20297050476
1478878941633 lifecam22 2785.46826172 5778.06445312 6.20990514755
1478878941703 lifecam22 2781.98803711 5775.21923828 6.23173713684
1478878941769 lifecam22 2778.00170898 5771.97802734 6.25730705261
1478878941834 lifecam22 2778.02172852 5765.10791016 6.25845861435
1478878942028 lifecam22 2770.28491211 5753.41796875 0.0191611703485
1478878942091 lifecam22 2769.10668945 5747.36523438 0.0311023630202
1478878942167 lifecam22 2765.4597168 5744.90917969 0.0566315129399
1478878942233 lifecam22 2763.6940918 5740.87988281 0.0788149312139
1478878942299 lifecam22 2762.57080078 5735.54785156 0.0884673073888
1478878942440 lifecam22 2765.11230469 5729.55810547 0.0821384862065
1478878942494 lifecam22 2764.21679688 5730.96533203 0.0868772864342
1478878942567 lifecam22 2764.59448242 5729.59375 0.0843059569597
1478878942635 lifecam22 2764.36865234 5730.44433594 0.0858257338405
1478878942702 lifecam22 2764.21044922 5730.45654297 0.0872690081596
1478878942905 lifecam22 2764.62817383 5730.09423828 0.0836699754
1478878942967 lifecam22 2764.55493164 5730.00585938 0.0829399228096
1478878943030 lifecam22 2764.36865234 5730.44433594 0.0858257338405
1478878943098 lifecam22 2764.77709961 5730.21679688 0.0834411978722
1478878943167 lifecam22 2764.36865234 5730.44433594 0.0858257338405
1478878943304 lifecam22 2764.62817383 5730.09423828 0.0836699754
