1478879079047 lifecam22 3194.72192383 5856.79736328 4.60595703125
1478879079111 lifecam22 3194.75463867 5856.69238281 4.60503053665
1478879079181 lifecam22 3194.69921875 5856.7734375 4.6044716835
1478879079245 lifecam22 3194.66601562 5856.87890625 4.60539722443
1478879079387 lifecam22 3194.43017578 5856.67333984 4.60215568542
1478879079451 lifecam22 3194.84765625 5857.01855469 4.60446453094
1478879079509 lifecam22 3194.69873047 5857.03271484 4.60557126999
1478879079578 lifecam22 3194.74267578 5856.53417969 4.60504817963
1478879079646 lifecam22 3195.05541992 5856.66210938 4.6065735817
1478879079781 lifecam22 3194.87060547 5857.01123047 4.60442876816
1478879079847 lifecam22 3194.84765625 5857.01855469 4.60446453094
1478879079909 lifecam22 3194.76757812 5857.31640625 4.60596323013
1478879079981 lifecam22 3195.51074219 5857.49609375 4.60843992233
1478879080047 lifecam22 3195.5456543 5857.67480469 4.60992002487
1478879080243 lifecam22 3196.66601562 5857.0234375 4.61166143417
1478879080310 lifecam22 3198.95507812 5856.92822266 4.6197886467
1478879080382 lifecam22 3199.21972656 5856.14013672 4.60976314545
1478879080446 lifecam22 3199.32250977 5859.44091797 4.62055921555
1478879080515 lifecam22 3195.11669922 5857.56982422 4.61255025864
1478879080655 lifecam22 3195.89208984 5857.94775391 4.61163187027
1478879080719 lifecam22 3187.58935547 5858.07568359 4.61127996445
1478879080783 lifecam22 3183.2590332 5863.94384766 4.64584779739
1478879080846 lifecam22 3179.55322266 5863.52978516 4.64332485199
1478879080907 lifecam22 3173.53979492 5867.10400391 4.66745567322
1478879081109 lifecam22 3163.75683594 5872.66308594 4.71252393723
1478879081183 lifecam22 3159.20385742 5875.46875 4.73587226868
1478879081249 lifecam22 3155.44042969 5879.12353516 4.76032209396
1478879081315 lifecam22 3150.48754883 5879.45703125 4.76744651794
1478879081381 lifecam22 3145.07128906 5882.24560547 4.78165197372
1478879081457 lifecam22 3142.48657227 5883.90087891 4.80808877945
1478879081519 lifecam22 3137.67895508 5886.53662109 4.82819080353
1478879081578 lifecam22 3132.9921875 5887.48828125 4.83482980728
1478879081644 lifecam22 3128.86010742 5890.12841797 4.85433721542
1478879081711 lifecam22 3124.45751953 5890.64599609 4.8670797348
1478879081772 lifecam22 3119.80639648 5892.29199219 4.88936567307
1478879081854 lifecam22 3115.01782227 5893.07519531 4.89844226837
1478879081911 lifecam22 3110.1784668 5894.16015625 4.91359758377
1478879081984 lifecam22 3107.07421875 5895.85058594 4.9322810173
1478879082052 lifecam22 3101.05981445 5895.80126953 4.94439601898
1478879082117 lifecam22 3096.41748047 5896.88378906 4.95751905441
1478879082311 lifecam22 3083.65234375 5900.04492188 5.0110411644
1478879082383 lifecam22 3078.21459961 5900.53613281 5.0245013237
1478879082445 lifecam22 3073.83227539 5900.57275391 5.03952884674
1478879082518 lifecam22 3069.02905273 5902.02490234 5.05772686005
1478879082585 lifecam22 3064.73876953 5902.31396484 5.07226133347
1478879082663 lifecam22 3059.61035156 5903.29980469 5.0938000679
1478879082718 lifecam22 3055.42675781 5903.46289062 5.10641717911
1478879082780 lifecam22 3050.68920898 5903.00244141 5.11913061142
1478879082854 lifecam22 3044.90991211 5903.59179688 5.1368303299
1478879082922 lifecam22 3042.03222656 5903.0859375 5.15046691895
1478879083114 lifecam22 3026.84716797 5904.97070312 5.20411634445
1478879083182 lifecam22 3023.57275391 5905.84765625 5.22429990768
1478879083246 lifecam22 3018.66748047 5905.94873047 5.24477577209
1478879083313 lifecam22 3014.02783203 5905.62939453 5.2602686882
1478879083386 lifecam22 3009.02783203 5905.22900391 5.27693796158
1478879083521 lifecam22 3000.27001953 5905.12646484 5.3130440712
1478879083586 lifecam22 2995.06152344 5903.29199219 5.32312726974
1478879083653 lifecam22 2990.62597656 5902.18847656 5.33417367935
1478879083721 lifecam22 2986.50195312 5902.95458984 5.35772275925
1478879083790 lifecam22 2980.87939453 5901.86425781 5.37580108643
1478879083985 lifecam22 2966.86010742 5899.05566406 5.42447042465
1478879084054 lifecam22 2962.41040039 5900.06298828 5.45047473907
1478879084119 lifecam22 2957.84204102 5896.96337891 5.46072101593
1478879084185 lifecam22 2953.36743164 5896.20019531 5.47671079636
1478879084379 lifecam22 2939.48046875 5893.00439453 5.53255367279
1478879084451 lifecam22 2935.44824219 5891.91796875 5.55376529694
1478879084520 lifecam22 2931.73120117 5889.83056641 5.56718444824
1478879084723 lifecam22 2917.56469727 5883.59619141 5.61216497421
1478879084788 lifecam22 2913.22387695 5882.2890625 5.63209581375
1478879084856 lifecam22 2908.7668457 5879.12841797 5.63968896866
1478879084917 lifecam22 2903.96435547 5877.29150391 5.65756702423
1478879084989 lifecam22 2900.68774414 5877.34912109 5.68803453445
1478879085050 lifecam22 2895.54711914 5873.68798828 5.69745969772
1478879085121 lifecam22 2892.40307617 5872.35888672 5.71386289597
1478879085187 lifecam22 2888.09130859 5868.4296875 5.72805118561
1478879085254 lifecam22 2883.66723633 5868.19482422 5.74989891052
1478879085320 lifecam22 2880.50537109 5863.28320312 5.75524091721
1478879085457 lifecam22 2873.20092773 5858.95996094 5.78709983826
1478879085522 lifecam22 2868.50244141 5856.57421875 5.80525875092
1478879085589 lifecam22 2864.625 5854.12548828 5.82699108124
1478879085656 lifecam22 2860.41992188 5850.52392578 5.83753156662
1478879085725 lifecam22 2856.16479492 5849.02880859 5.85947561264
1478879085855 lifecam22 2848.18945312 5843.36083984 5.89715242386
1478879085918 lifecam22 2845.71191406 5839.43505859 5.90652608871
1478879085989 lifecam22 2841.0012207 5837.35058594 5.93231153488
1478879086057 lifecam22 2837.91479492 5833.52539062 5.94347476959
1478879086118 lifecam22 2833.47924805 5831.34619141 5.9663567543
1478879086257 lifecam22 2826.89208984 5824.32568359 5.99371814728
1478879086317 lifecam22 2823.53857422 5821.58154297 6.01504850388
1478879086381 lifecam22 2819.97631836 5818.53857422 6.03503608704
1478879086456 lifecam22 2816.72192383 5813.80322266 6.04758262634
1478879086522 lifecam22 2813.13476562 5810.44433594 6.06553649902
1478879086665 lifecam22 2806.74853516 5802.99902344 6.09540271759
1478879086725 lifecam22 2803.96313477 5799.13720703 6.11052370071
1478879086784 lifecam22 2800.97631836 5795.59277344 6.12696743011
1478879086861 lifecam22 2798.75439453 5791.94238281 6.1428527832
1478879086927 lifecam22 2795.77075195 5788.12744141 6.16125869751
1478879087128 lifecam22 2788.52392578 5776.37255859 6.20826816559
1478879087193 lifecam22 2786.36206055 5771.11035156 6.21660041809
1478879087257 lifecam22 2785.20507812 5765.62060547 6.22591638565
1478879087326 lifecam22 2781.12548828 5765.39990234 6.2598118782
1478879087390 lifecam22 2777.70458984 5760.53710938 6.27898931503
1478879087528 lifecam22 2774.9375 5751.26318359 0.0232113040984
1478879087597 lifecam22 2771.70727539 5746.69287109 0.0429530777037
1478879087660 lifecam22 2770.05761719 5741.89257812 0.0531830228865
1478879087718 lifecam22 2767.64404297 5737.24511719 0.0697749331594
1478879087789 lifecam22 2765.15893555 5733.63720703 0.0898169875145
1478879087869 lifecam22 2765.85400391 5728.10791016 0.0897150710225
1478879087931 lifecam22 2766.02441406 5729.51269531 0.0849618390203
1478879087995 lifecam22 2766.69335938 5728.90332031 0.0832281783223
1478879088060 lifecam22 2766.46533203 5729.29980469 0.0837188437581
1478879088129 lifecam22 2766.35229492 5728.83544922 0.084993198514
1478879088329 lifecam22 2766.58398438 5729.06347656 0.0815104991198
1478879088389 lifecam22 2766.56420898 5728.98144531 0.0830665305257
1478879088462 lifecam22 2766.30444336 5729.30078125 0.0851718783379
1478879088527 lifecam22 2766.35986328 5728.90673828 0.0848842263222
