1478879008541 lifecam22 3192.14941406 5858.98144531 4.59222126007
1478879008603 lifecam22 3192.37646484 5859.12402344 4.59414863586
1478879008675 lifecam22 3192.4230957 5859.41210938 4.59668493271
1478879008733 lifecam22 3192.42504883 5859.06933594 4.59336614609
1478879008796 lifecam22 3192.70092773 5859.11962891 4.59701299667
1478879009005 lifecam22 3192.10058594 5859.03466797 4.59300088882
1478879009070 lifecam22 3192.16162109 5859.24609375 4.59335517883
1478879009135 lifecam22 3192.12231445 5859.08740234 4.59314727783
1478879009202 lifecam22 3192.42504883 5859.06933594 4.59336614609
1478879009271 lifecam22 3192.64575195 5859.08789062 4.59530067444
1478879009474 lifecam22 3192.61987305 5859.19433594 4.59623098373
1478879009540 lifecam22 3192.4519043 5859.06347656 4.5922203064
1478879009604 lifecam22 3192.42504883 5859.06933594 4.59336614609
1478879009676 lifecam22 3192.7265625 5859.01269531 4.59608268738
1478879009742 lifecam22 3192.67285156 5859.08300781 4.5941567421
1478879009935 lifecam22 3192.73388672 5859.04003906 4.59237241745
1478879010006 lifecam22 3192.78613281 5859.83496094 4.59451293945
1478879010072 lifecam22 3192.36132812 5859.51708984 4.59223270416
1478879010135 lifecam22 3192.4909668 5859.22216797 4.59242963791
1478879010204 lifecam22 3193.42236328 5859.02880859 4.59316635132
1478879010344 lifecam22 3192.58740234 5859.30126953 4.59575366974
1478879010408 lifecam22 3192.18188477 5859.34277344 4.59460306168
1478879010472 lifecam22 3193.13256836 5860.46044922 4.60454893112
1478879010539 lifecam22 3186.72924805 5862.33349609 4.61585712433
1478879010606 lifecam22 3180.61572266 5866.11376953 4.63628530502
1478879010741 lifecam22 3175.96240234 5872.74072266 4.68957138062
1478879010811 lifecam22 3169.89526367 5874.90283203 4.6979060173
1478879010869 lifecam22 3168.61303711 5878.23828125 4.72634410858
1478879010937 lifecam22 3162.10351562 5878.29199219 4.72817707062
1478879011005 lifecam22 3157.13867188 5879.61376953 4.73897266388
1478879011139 lifecam22 3151.34716797 5887.15917969 4.79345655441
1478879011210 lifecam22 3144.65136719 5887.31689453 4.79475212097
1478879011275 lifecam22 3140.25268555 5889.16308594 4.80601501465
1478879011339 lifecam22 3136.24829102 5889.97412109 4.82230472565
1478879011404 lifecam22 3131.69628906 5892.11132812 4.83618831635
1478879011475 lifecam22 3128.16796875 5894.52685547 4.86276531219
1478879011541 lifecam22 3123.6472168 5895.55224609 4.87561607361
1478879011595 lifecam22 3118.02685547 5896.65283203 4.88414716721
1478879011666 lifecam22 3114.25488281 5898.765625 4.90991783142
1478879011747 lifecam22 3109.56835938 5900.15087891 4.92634344101
1478879011935 lifecam22 3096.27539062 5903.48291016 4.97580242157
1478879012001 lifecam22 3091.40576172 5905.09179688 4.99341773987
1478879012066 lifecam22 3087.34057617 5904.26660156 5.00256633759
1478879012132 lifecam22 3082.58154297 5905.88867188 5.02031946182
1478879012199 lifecam22 3078.23657227 5905.31591797 5.03173303604
1478879012340 lifecam22 3068.90429688 5906.56201172 5.0662651062
1478879012404 lifecam22 3062.93652344 5905.47851562 5.07208442688
1478879012463 lifecam22 3059.04150391 5907.30029297 5.0941362381
1478879012532 lifecam22 3054.22900391 5907.56689453 5.11514949799
1478879012599 lifecam22 3048.91894531 5907.52978516 5.12358999252
1478879012803 lifecam22 3035.99975586 5908.67871094 5.18108701706
1478879012869 lifecam22 3030.99023438 5910.24853516 5.20290374756
1478879012935 lifecam22 3027.40454102 5910.47412109 5.22314929962
1478879013000 lifecam22 3022.58544922 5909.90234375 5.2348613739
1478879013064 lifecam22 3017.8515625 5910.06103516 5.24951457977
1478879013207 lifecam22 3008.52099609 5909.56640625 5.2818031311
1478879013277 lifecam22 3003.79321289 5908.41015625 5.29783916473
1478879013336 lifecam22 2998.63256836 5910.08691406 5.32301616669
1478879013400 lifecam22 2993.8894043 5907.81347656 5.33205652237
1478879013468 lifecam22 2988.72436523 5908.85595703 5.35970401764
1478879013614 lifecam22 2979.76977539 5907.00976562 5.38851976395
1478879013669 lifecam22 2975.03540039 5906.69433594 5.40696287155
1478879013731 lifecam22 2970.72436523 5904.55859375 5.42057752609
1478879013809 lifecam22 2965.73193359 5904.07910156 5.43831300735
1478879013872 lifecam22 2961.78466797 5902.83496094 5.45250272751
1478879013937 lifecam22 2957.18261719 5902.29248047 5.47375583649
1478879014072 lifecam22 2948.28369141 5900.92382812 5.51216220856
1478879014138 lifecam22 2943.29345703 5897.74853516 5.51858949661
1478879014202 lifecam22 2938.76733398 5896.453125 5.53595256805
1478879014266 lifecam22 2934.11645508 5895.20458984 5.55548858643
1478879014336 lifecam22 2929.60180664 5892.45800781 5.56316280365
1478879014475 lifecam22 2921.52246094 5891.45507812 5.6125998497
1478879014536 lifecam22 2917.00292969 5888.98681641 5.62721538544
1478879014608 lifecam22 2912.73706055 5886.39160156 5.64425325394
1478879014672 lifecam22 2908.0612793 5884.96679688 5.66165351868
1478879014739 lifecam22 2904.11035156 5882.00244141 5.67267513275
1478879014933 lifecam22 2891.50585938 5875.47363281 5.7257976532
1478879015003 lifecam22 2887.82177734 5873.13623047 5.73985433578
1478879015069 lifecam22 2883.53540039 5871.24609375 5.75859165192
1478879015134 lifecam22 2878.71948242 5868.5625 5.77698421478
1478879015203 lifecam22 2875.19897461 5865.26318359 5.79032325745
1478879015340 lifecam22 2867.77294922 5860.07177734 5.81770086288
1478879015472 lifecam22 2859.99267578 5855.18261719 5.85718727112
1478879015537 lifecam22 2854.84863281 5851.92138672 5.87249946594
1478879015602 lifecam22 2852.43188477 5849.14306641 5.88308191299
1478879015738 lifecam22 2844.28613281 5843.37841797 5.91925287247
1478879015805 lifecam22 2841.73974609 5839.78417969 5.93633842468
1478879015877 lifecam22 2837.35571289 5836.85449219 5.95399332047
1478879015941 lifecam22 2834.78735352 5832.38183594 5.96336078644
1478879016006 lifecam22 2830.05273438 5829.66308594 5.99069738388
1478879016219 lifecam22 2820.37353516 5820.66113281 6.03885269165
1478879016281 lifecam22 2817.62109375 5816.68701172 6.05107593536
1478879016349 lifecam22 2813.37915039 5814.33447266 6.07995080948
1478879016413 lifecam22 2810.55664062 5810.13183594 6.0887260437
1478879016481 lifecam22 2807.13500977 5806.76806641 6.11067485809
1478879016557 lifecam22 2804.12744141 5802.67675781 6.12522172928
1478879016615 lifecam22 2800.99023438 5799.43896484 6.14330768585
1478879016685 lifecam22 2798.78637695 5795.10058594 6.15696573257
1478879016751 lifecam22 2795.87744141 5790.99560547 6.17154884338
1478879016815 lifecam22 2793.71606445 5786.72363281 6.18740797043
1478879017020 lifecam22 2785.64819336 5772.72363281 6.22862148285
1478879017088 lifecam22 2782.46313477 5772.04492188 6.2566576004
1478879017143 lifecam22 2780.73632812 5765.96777344 6.2660741806
1478879017211 lifecam22 2777.10009766 5761.69726562 0.0040214699693
1478879017276 lifecam22 2775.83764648 5757.11425781 0.0159228481352
1478879017420 lifecam22 2773.52148438 5747.27392578 0.0348834432662
1478879017484 lifecam22 2771.39770508 5743.48779297 0.0511458553374
1478879017550 lifecam22 2768.62841797 5741.04248047 0.0826318785548
1478879017618 lifecam22 2766.96484375 5735.921875 0.0972289592028
1478879017688 lifecam22 2766.1171875 5732.93554688 0.106507726014
1478879017814 lifecam22 2766.17089844 5734.69970703 0.105998344719
1478879017890 lifecam22 2766.22485352 5734.78564453 0.10543102771
1478879017953 lifecam22 2766.44238281 5734.46533203 0.103699989617
1478879018017 lifecam22 2766.22485352 5734.78564453 0.10543102771
1478879018085 lifecam22 2766.02954102 5734.83154297 0.10718613863
1478879018279 lifecam22 2766.22485352 5734.78564453 0.10543102771
1478879018344 lifecam22 2766.22485352 5734.78564453 0.10543102771
1478879018419 lifecam22 2766.22485352 5734.78564453 0.10543102771
1478879018488 lifecam22 2766.22485352 5734.78564453 0.10543102771
1478879018553 lifecam22 2766.22485352 5734.78564453 0.10543102771
1478879018680 lifecam22 2766.22485352 5734.78564453 0.10543102771
