1478878714478 lifecam22 3192.20581055 5858.56591797 4.60036325455
1478878714610 lifecam22 3192.63378906 5858.52099609 4.6004576683
1478878714686 lifecam22 3192.85083008 5857.91162109 4.59738636017
1478878714740 lifecam22 3192.88330078 5857.54101562 4.59664487839
1478878714812 lifecam22 3192.58447266 5857.35107422 4.59299468994
1478878714881 lifecam22 3192.76171875 5857.98876953 4.59696626663
1478878715010 lifecam22 3192.75292969 5858.11816406 4.59812450409
1478878715080 lifecam22 3192.8515625 5857.65917969 4.59508991241
1478878715146 lifecam22 3192.85083008 5857.91162109 4.59738636017
1478878715207 lifecam22 3193.03271484 5858.05712891 4.59790706635
1478878715276 lifecam22 3193.15844727 5857.77099609 4.59648752213
1478878715410 lifecam22 3192.89160156 5857.4609375 4.59439611435
1478878715482 lifecam22 3193.41577148 5857.83740234 4.59741020203
1478878715549 lifecam22 3192.66577148 5856.57910156 4.58526945114
1478878715612 lifecam22 3192.29931641 5854.83007812 4.57206106186
1478878715685 lifecam22 3193.21826172 5854.74658203 4.57389497757
1478878715818 lifecam22 3191.92041016 5856.875 4.58863592148
1478878715885 lifecam22 3191.76708984 5855.81542969 4.58067703247
1478878715945 lifecam22 3191.18066406 5855.92871094 4.58167457581
1478878716016 lifecam22 3181.63818359 5858.97607422 4.59562397003
1478878716082 lifecam22 3178.99316406 5861.16552734 4.61064386368
1478878716219 lifecam22 3169.74121094 5865.17285156 4.63981819153
1478878716274 lifecam22 3165.96582031 5866.10107422 4.64910030365
1478878716348 lifecam22 3159.6472168 5868.15380859 4.65569829941
1478878716417 lifecam22 3154.39648438 5870.48095703 4.66785573959
1478878716481 lifecam22 3155.30102539 5874.18359375 4.70083618164
1478878716678 lifecam22 3139.66967773 5878.36328125 4.73527479172
1478878716749 lifecam22 3135.96044922 5881.58789062 4.76547193527
1478878716818 lifecam22 3131.46459961 5884.55957031 4.7805223465
1478878716884 lifecam22 3126.58691406 5886.30322266 4.79765319824
1478878716948 lifecam22 3122.56787109 5887.90722656 4.81355810165
1478878717082 lifecam22 3115.13256836 5892.82958984 4.85727834702
1478878717151 lifecam22 3109.92529297 5893.40429688 4.86580514908
1478878717209 lifecam22 3105.32714844 5895.79150391 4.88142967224
1478878717277 lifecam22 3100.88208008 5896.60107422 4.89856672287
1478878717340 lifecam22 3096.62329102 5897.45849609 4.91509389877
1478878717414 lifecam22 3092.27539062 5898.92529297 4.92821502686
1478878717486 lifecam22 3087.10253906 5898.44921875 4.94183158875
1478878717552 lifecam22 3082.51513672 5901.40966797 4.96299934387
1478878717618 lifecam22 3078.22167969 5901.77783203 4.97906923294
1478878717689 lifecam22 3072.55688477 5903.82568359 4.99784374237
1478878717885 lifecam22 3059.48876953 5904.88867188 5.03911304474
1478878717956 lifecam22 3055.42089844 5906.77246094 5.06171226501
1478878718007 lifecam22 3051.17602539 5906.8515625 5.07745075226
1478878718082 lifecam22 3045.84863281 5906.921875 5.08963012695
1478878718146 lifecam22 3042.02978516 5907.45263672 5.10578775406
1478878718284 lifecam22 3032.12768555 5907.80371094 5.13830566406
1478878718352 lifecam22 3027.578125 5907.86474609 5.15461492538
1478878718420 lifecam22 3023.52929688 5908.19580078 5.16884946823
1478878718483 lifecam22 3018.65209961 5908.13378906 5.18671751022
1478878718552 lifecam22 3013.54345703 5908.73144531 5.2048535347
1478878718622 lifecam22 3009.18774414 5908.63232422 5.21999120712
1478878718687 lifecam22 3004.32910156 5908.38623047 5.23917198181
1478878718753 lifecam22 2999.64331055 5908.75146484 5.25650262833
1478878718819 lifecam22 2994.97436523 5908.55126953 5.27440643311
1478878718889 lifecam22 2990.24365234 5909.09716797 5.29270553589
1478878719026 lifecam22 2980.74511719 5907.95996094 5.32477474213
1478878719090 lifecam22 2975.81420898 5906.23535156 5.33636569977
1478878719153 lifecam22 2971.43579102 5906.66748047 5.36106872559
1478878719220 lifecam22 2967.01513672 5905.42773438 5.37249565125
1478878719286 lifecam22 2961.68261719 5905.48291016 5.39646244049
1478878719422 lifecam22 2952.17211914 5902.91845703 5.42558002472
1478878719486 lifecam22 2947.54150391 5901.94970703 5.44062376022
1478878719553 lifecam22 2943.40917969 5900.17919922 5.45553779602
1478878719621 lifecam22 2939.04443359 5899.04345703 5.46670055389
1478878719691 lifecam22 2934.69750977 5899.60400391 5.49846363068
1478878719827 lifecam22 2925.47680664 5897.7578125 5.53890562057
1478878719892 lifecam22 2921.14648438 5892.71777344 5.53523683548
1478878719956 lifecam22 2916.1784668 5892.81738281 5.55949163437
1478878720019 lifecam22 2912.98583984 5891.79150391 5.58393478394
1478878720082 lifecam22 2908.6328125 5889.80957031 5.59874343872
1478878720226 lifecam22 2899.47192383 5886.06738281 5.62829875946
1478878720281 lifecam22 2895.20263672 5884.23681641 5.64776754379
1478878720355 lifecam22 2890.79541016 5882.32763672 5.66529798508
1478878720419 lifecam22 2886.39013672 5880.609375 5.67968511581
1478878720487 lifecam22 2882.27856445 5879.51660156 5.703602314
1478878720625 lifecam22 2873.85839844 5874.32519531 5.73385763168
1478878720692 lifecam22 2869.8137207 5871.91992188 5.74682855606
1478878720758 lifecam22 2864.74121094 5869.94189453 5.76883792877
1478878720822 lifecam22 2861.11791992 5868.93164062 5.79041719437
1478878720891 lifecam22 2857.62207031 5864.35595703 5.79874420166
1478878721028 lifecam22 2849.09106445 5858.94628906 5.83149957657
1478878721088 lifecam22 2845.69042969 5854.59716797 5.84153413773
1478878721155 lifecam22 2841.03344727 5853.23681641 5.86499500275
1478878721223 lifecam22 2837.47802734 5850.76855469 5.88863754272
1478878721291 lifecam22 2833.79125977 5847.2890625 5.90071392059
1478878721426 lifecam22 2826.90136719 5840.45800781 5.92939996719
1478878721491 lifecam22 2822.95727539 5837.546875 5.95012426376
1478878721553 lifecam22 2819.51367188 5834.65917969 5.96447134018
1478878721622 lifecam22 2817.14135742 5831.60449219 5.98150730133
1478878721696 lifecam22 2812.59326172 5827.93115234 5.99731492996
1478878721828 lifecam22 2805.8972168 5820.87548828 6.03027677536
1478878721891 lifecam22 2803.63061523 5817.69238281 6.04360151291
1478878721961 lifecam22 2800.16821289 5814.07763672 6.06311798096
1478878722021 lifecam22 2796.89501953 5810.23730469 6.07690048218
1478878722090 lifecam22 2794.41015625 5807.04980469 6.09346914291
1478878722226 lifecam22 2788.38745117 5798.74707031 6.12379169464
1478878722291 lifecam22 2784.30151367 5795.70800781 6.15119314194
1478878722359 lifecam22 2781.25415039 5792.28662109 6.16858434677
1478878722422 lifecam22 2778.35668945 5788.05078125 6.1869635582
1478878722485 lifecam22 2775.25537109 5784.43896484 6.20546674728
1478878722619 lifecam22 2769.06762695 5778.25537109 6.24967956543
1478878722696 lifecam22 2768.2956543 5771.68115234 6.25343704224
1478878722765 lifecam22 2765.68774414 5767.24462891 6.2693066597
1478878722830 lifecam22 2761.42285156 5765.77636719 0.0173206981272
1478878722896 lifecam22 2760.73974609 5760.20214844 0.024918500334
1478878723033 lifecam22 2755.83666992 5751.0625 0.0540830604732
1478878723090 lifecam22 2753.62817383 5747.421875 0.0712445452809
1478878723152 lifecam22 2755.44433594 5742.125 0.0569265522063
1478878723226 lifecam22 2754.5390625 5746.46923828 0.066058576107
1478878723290 lifecam22 2756.34033203 5742.77587891 0.0509697832167
1478878723423 lifecam22 2755.61450195 5744.10498047 0.0572300627828
1478878723499 lifecam22 2755.08959961 5745.26611328 0.0615463927388
1478878723556 lifecam22 2755.09350586 5745.12792969 0.0615622475743
1478878723624 lifecam22 2755.36865234 5744.72265625 0.0592266954482
1478878723695 lifecam22 2755.08959961 5745.26611328 0.0615463927388
1478878723831 lifecam22 2755.08959961 5745.26611328 0.0615463927388
1478878723900 lifecam22 2754.96948242 5745.50390625 0.062538921833
1478878723956 lifecam22 2755.36499023 5744.86083984 0.0592119134963
1478878724030 lifecam22 2755.36499023 5744.86083984 0.0592119134963
