1478879147082 lifecam22 3191.37036133 5851.55517578 4.57807016373
1478879147286 lifecam22 3191.29541016 5851.09033203 4.57121229172
1478879147350 lifecam22 3191.70288086 5850.48974609 4.57125139236
1478879147416 lifecam22 3191.4387207 5850.04492188 4.56789016724
1478879147485 lifecam22 3191.65771484 5849.97070312 4.57012367249
1478879147551 lifecam22 3191.43701172 5849.81884766 4.5658531189
1478879147692 lifecam22 3191.47753906 5850.09667969 4.56841659546
1478879147755 lifecam22 3191.56225586 5850.00976562 4.5690073967
1478879147824 lifecam22 3191.6418457 5850.55029297 4.57169294357
1478879147877 lifecam22 3191.14941406 5850.00097656 4.56704759598
1478879147950 lifecam22 3191.02050781 5850.11914062 4.56791448593
1478879148156 lifecam22 3191.05029297 5850.38427734 4.56932640076
1478879148218 lifecam22 3191.13549805 5850.52783203 4.56960296631
1478879148285 lifecam22 3191.24560547 5851.02783203 4.57057905197
1478879148355 lifecam22 3191.76293945 5850.41796875 4.56552171707
1478879148416 lifecam22 3190.86938477 5851.42529297 4.56848907471
1478879148556 lifecam22 3192.67626953 5850.44189453 4.56714439392
1478879148609 lifecam22 3191.9777832 5851.32421875 4.57174158096
1478879148692 lifecam22 3190.9074707 5850.87207031 4.57420778275
1478879148755 lifecam22 3191.38720703 5851.01123047 4.57323026657
1478879148818 lifecam22 3192.27661133 5852.44726562 4.58918094635
1478879149021 lifecam22 3178.19750977 5860.91845703 4.632563591
1478879149085 lifecam22 3172.89916992 5864.20361328 4.65528964996
1478879149154 lifecam22 3166.81640625 5865.15966797 4.65757274628
1478879149219 lifecam22 3164.36328125 5866.16748047 4.66849756241
1478879149285 lifecam22 3160.50976562 5868.71435547 4.68797683716
1478879149420 lifecam22 3150.39697266 5871.81738281 4.7085723877
1478879149488 lifecam22 3149.50048828 5877.70800781 4.75176048279
1478879149554 lifecam22 3144.05493164 5877.74267578 4.75712490082
1478879149621 lifecam22 3137.95092773 5878.85400391 4.76788568497
1478879149692 lifecam22 3135.99462891 5882.38671875 4.80240297318
1478879149898 lifecam22 3121.37109375 5888.1484375 4.84501791
1478879149952 lifecam22 3117.10400391 5889.65917969 4.8634519577
1478879150022 lifecam22 3113.39257812 5890.91845703 4.88235712051
1478879150087 lifecam22 3107.73974609 5891.65820312 4.89230871201
1478879150154 lifecam22 3104.07397461 5894.34326172 4.91505146027
1478879150354 lifecam22 3090.29003906 5896.77099609 4.95524215698
1478879150419 lifecam22 3084.74365234 5896.38623047 4.96705341339
1478879150488 lifecam22 3080.68432617 5897.70751953 4.98015785217
1478879150557 lifecam22 3076.38061523 5898.95654297 5.00573253632
1478879150622 lifecam22 3070.96484375 5899.67822266 5.0175151825
1478879150760 lifecam22 3061.43041992 5901.24462891 5.05160188675
1478879150821 lifecam22 3057.46655273 5901.47265625 5.06331729889
1478879150893 lifecam22 3052.81713867 5903.61669922 5.09108018875
1478879150961 lifecam22 3048.48339844 5902.31982422 5.09701919556
1478879151025 lifecam22 3043.1159668 5903.41113281 5.11608219147
1478879151227 lifecam22 3030.96459961 5904.40917969 5.16498422623
1478879151289 lifecam22 3026.35205078 5903.20166016 5.17771339417
1478879151356 lifecam22 3020.61889648 5904.69677734 5.19895219803
1478879151422 lifecam22 3017.18115234 5904.12695312 5.21483755112
1478879151489 lifecam22 3011.0546875 5904.11376953 5.2352514267
1478879151685 lifecam22 2997.22094727 5904.14208984 5.2843375206
1478879151763 lifecam22 2993.53295898 5904.29443359 5.30462741852
1478879151827 lifecam22 2987.83837891 5903.39794922 5.31721019745
1478879151887 lifecam22 2983.47631836 5903.28027344 5.33483171463
1478879151957 lifecam22 2978.93774414 5903.61425781 5.35631895065
1478879152158 lifecam22 2964.94580078 5900.25390625 5.40025901794
1478879152225 lifecam22 2959.66308594 5899.59570312 5.41895961761
1478879152292 lifecam22 2955.31005859 5898.9375 5.43808221817
1478879152356 lifecam22 2950.59716797 5896.76025391 5.45183372498
1478879152425 lifecam22 2946.01049805 5895.05224609 5.46471786499
1478879152563 lifecam22 2936.54785156 5893.58203125 5.49977779388
1478879152625 lifecam22 2932.39550781 5891.72851562 5.52030706406
1478879152698 lifecam22 2928.41479492 5890.78955078 5.53608369827
1478879152763 lifecam22 2924.16918945 5889.91015625 5.5620098114
1478879152822 lifecam22 2919.71337891 5888.22753906 5.58002567291
1478879153018 lifecam22 2906.99560547 5883.30078125 5.62556791306
1478879153093 lifecam22 2903.43505859 5880.46044922 5.6405415535
1478879153159 lifecam22 2898.15673828 5878.97509766 5.66036558151
1478879153227 lifecam22 2894.28027344 5876.46630859 5.67469072342
1478879153293 lifecam22 2889.55737305 5874.26855469 5.69041109085
1478879153425 lifecam22 2881.32446289 5870.68066406 5.73056554794
1478879153485 lifecam22 2877.23291016 5867.58691406 5.74051237106
1478879153554 lifecam22 2873.34790039 5865.11523438 5.7557516098
1478879153628 lifecam22 2868.71508789 5862.99414062 5.77816152573
1478879153699 lifecam22 2864.99023438 5859.95166016 5.78901338577
1478879153894 lifecam22 2852.63427734 5852.52636719 5.84357833862
1478879153952 lifecam22 2849.47998047 5849.88183594 5.85908031464
1478879154027 lifecam22 2845.87915039 5845.97558594 5.8672413826
1478879154095 lifecam22 2841.67626953 5843.59375 5.8877363205
1478879154160 lifecam22 2837.7734375 5840.81494141 5.90750074387
1478879154299 lifecam22 2829.56298828 5834.38769531 5.94320869446
1478879154361 lifecam22 2826.37280273 5831.39794922 5.9581284523
1478879154427 lifecam22 2822.75390625 5827.74462891 5.97451925278
1478879154495 lifecam22 2819.27734375 5824.97216797 5.99164247513
1478879154766 lifecam22 2806.93505859 5811.31884766 6.05364894867
1478879154832 lifecam22 2804.42895508 5807.13476562 6.06808662415
1478879154897 lifecam22 2801.34667969 5802.91650391 6.08243703842
1478879154966 lifecam22 2797.55151367 5800.50244141 6.10795497894
1478879155029 lifecam22 2794.72558594 5795.74951172 6.12033605576
1478879155223 lifecam22 2786.59716797 5783.16015625 6.16440820694
1478879155297 lifecam22 2784.68579102 5779.50976562 6.17928171158
1478879155359 lifecam22 2780.08862305 5777.08935547 6.20907926559
1478879155431 lifecam22 2778.60668945 5771.28808594 6.21432685852
1478879155491 lifecam22 2776.96020508 5766.97460938 6.22758960724
1478879155634 lifecam22 2771.00073242 5759.59375 6.27048206329
1478879155689 lifecam22 2769.75976562 5755.94628906 0.00215787114576
1478879155761 lifecam22 2767.85693359 5752.51611328 0.0238110497594
1478879155832 lifecam22 2763.38110352 5748.58496094 0.0479109883308
1478879155897 lifecam22 2763.09814453 5742.66845703 0.0500262379646
1478879156095 lifecam22 2761.05004883 5736.74658203 0.0649151206017
1478879156161 lifecam22 2761.00561523 5735.30615234 0.0656048730016
1478879156230 lifecam22 2760.95825195 5735.859375 0.0642806962132
1478879156297 lifecam22 2760.99511719 5735.5546875 0.0640881732106
1478879156364 lifecam22 2761.03100586 5735.65625 0.0637055113912
1478879156497 lifecam22 2760.99511719 5735.5546875 0.0640881732106
1478879156565 lifecam22 2760.99511719 5735.5546875 0.0640881732106
1478879156630 lifecam22 2760.99511719 5735.5546875 0.0640881732106
1478879156702 lifecam22 2760.99511719 5735.5546875 0.0640881732106
