1478878466755 lifecam22 3191.7265625 5858.63769531 4.58878469467
1478878466826 lifecam22 3191.69873047 5858.74511719 4.58970880508
1478878466895 lifecam22 3191.88891602 5859.15966797 4.58975219727
1478878466957 lifecam22 3192.14355469 5859.09570312 4.5895075798
1478878467023 lifecam22 3192.42358398 5859.17041016 4.59314250946
1478878467162 lifecam22 3189.69042969 5857.76855469 4.55104064941
1478878467221 lifecam22 3187.99853516 5857.81591797 4.54143428802
1478878467285 lifecam22 3188.24389648 5858.44189453 4.54774522781
1478878467353 lifecam22 3186.23583984 5857.16699219 4.5530333519
1478878467419 lifecam22 3187.24975586 5858.39746094 4.56187343597
1478878467624 lifecam22 3187.56591797 5858.93896484 4.57591629028
1478878467692 lifecam22 3188.06347656 5858.81347656 4.58051395416
1478878467758 lifecam22 3190.29199219 5859.84814453 4.59809684753
1478878467825 lifecam22 3190.90209961 5859.85449219 4.60017776489
1478878467889 lifecam22 3189.56103516 5859.26416016 4.59045267105
1478878468039 lifecam22 3188.19311523 5858.54003906 4.58455944061
1478878468094 lifecam22 3188.11254883 5859.11083984 4.58717870712
1478878468164 lifecam22 3187.89868164 5858.95996094 4.58542156219
1478878468224 lifecam22 3187.45996094 5859.88818359 4.58946037292
1478878468295 lifecam22 3187.09179688 5861.11083984 4.59855508804
1478878468492 lifecam22 3184.31591797 5861.71923828 4.58383703232
1478878468564 lifecam22 3184.93041992 5860.25634766 4.58913469315
1478878468631 lifecam22 3191.28930664 5861.45605469 4.58901882172
1478878468703 lifecam22 3187.84106445 5860.38134766 4.57909202576
1478878468767 lifecam22 3185.14233398 5859.4140625 4.58325338364
1478878468909 lifecam22 3185.7277832 5859.20214844 4.58341884613
1478878468963 lifecam22 3186.61914062 5859.32958984 4.58448648453
1478878469033 lifecam22 3185.52026367 5859.51074219 4.58867835999
1478878469162 lifecam22 3176.51220703 5864.17285156 4.62014055252
1478878469223 lifecam22 3171.01293945 5867.03320312 4.63350057602
1478878469367 lifecam22 3162.79638672 5870.56103516 4.65472650528
1478878469433 lifecam22 3160.87158203 5874.10205078 4.68480348587
1478878469498 lifecam22 3155.15307617 5874.96240234 4.69127225876
1478878469565 lifecam22 3148.87646484 5875.1640625 4.6977353096
1478878469630 lifecam22 3145.32470703 5879.15429688 4.72573328018
1478878469770 lifecam22 3137.8190918 5885.18701172 4.76558876038
1478878469835 lifecam22 3133.69458008 5887.04833984 4.78736686707
1478878469900 lifecam22 3129.44555664 5888.17138672 4.79759120941
1478878469963 lifecam22 3124.44677734 5890.5859375 4.81447649002
1478878470027 lifecam22 3119.44482422 5891.83251953 4.83029747009
1478878470231 lifecam22 3106.63842773 5896.80126953 4.88501834869
1478878470291 lifecam22 3102.5402832 5898.02783203 4.89581298828
1478878470359 lifecam22 3097.66113281 5898.78125 4.91536855698
1478878470433 lifecam22 3093.33105469 5899.44873047 4.92607879639
1478878470498 lifecam22 3087.65063477 5900.70800781 4.94370985031
1478878470643 lifecam22 3079.10571289 5903.59130859 4.98150014877
1478878470693 lifecam22 3074.0168457 5904.63085938 4.9977555275
1478878470767 lifecam22 3069.79345703 5905.03173828 5.01081085205
1478878470830 lifecam22 3065.47680664 5906.17480469 5.03351783752
1478878470899 lifecam22 3061.77709961 5907.08203125 5.0507273674
1478878470966 lifecam22 3057.0012207 5907.56005859 5.06561803818
1478878471107 lifecam22 3047.39379883 5906.88525391 5.0885720253
1478878471168 lifecam22 3042.6171875 5908.40869141 5.10795116425
1478878471235 lifecam22 3038.70800781 5907.61767578 5.1219496727
1478878471295 lifecam22 3034.16821289 5908.44726562 5.14084005356
1478878471370 lifecam22 3029.39111328 5908.13671875 5.15579557419
1478878471506 lifecam22 3019.68457031 5908.73730469 5.18979549408
1478878471570 lifecam22 3015.92578125 5910.12792969 5.21501588821
1478878471635 lifecam22 3010.35546875 5909.43603516 5.22743988037
1478878471694 lifecam22 3006.11352539 5909.95996094 5.24528741837
1478878471772 lifecam22 3001.19824219 5910.03662109 5.26088571548
1478878471971 lifecam22 2987.22021484 5909.47460938 5.31747722626
1478878472035 lifecam22 2982.47753906 5908.15478516 5.328373909
1478878472102 lifecam22 2977.61181641 5907.72558594 5.34470176697
1478878472169 lifecam22 2973.28076172 5908.33203125 5.37128973007
1478878472367 lifecam22 2958.54785156 5904.32470703 5.41216087341
1478878472437 lifecam22 2953.98217773 5904.09765625 5.43518352509
1478878472502 lifecam22 2949.73486328 5902.21240234 5.44396591187
1478878472570 lifecam22 2944.33154297 5900.62109375 5.46363973618
1478878472637 lifecam22 2940.97045898 5899.73388672 5.47672367096
1478878472832 lifecam22 2927.63061523 5896.34765625 5.53310680389
1478878472909 lifecam22 2923.06640625 5895.24853516 5.55759477615
1478878472967 lifecam22 2919.57299805 5892.43798828 5.5678653717
1478878473038 lifecam22 2914.62255859 5891.375 5.5891251564
1478878473095 lifecam22 2910.12304688 5888.47167969 5.59528779984
1478878473248 lifecam22 2901.61303711 5885.93554688 5.63519620895
1478878473370 lifecam22 2892.72070312 5881.390625 5.66645431519
1478878473440 lifecam22 2889.06298828 5880.15966797 5.68671274185
1478878473505 lifecam22 2884.35595703 5877.55664062 5.70579910278
1478878473773 lifecam22 2868.83398438 5867.83105469 5.76978683472
1478878473838 lifecam22 2864.08007812 5864.8125 5.78255319595
1478878473905 lifecam22 2861.13818359 5862.65673828 5.79789352417
1478878473971 lifecam22 2856.10839844 5860.30419922 5.82048749924
1478878474104 lifecam22 2848.00366211 5855.25732422 5.85850143433
1478878474169 lifecam22 2843.25488281 5853.18408203 5.87965106964
1478878474240 lifecam22 2840.69604492 5848.91748047 5.88597011566
1478878474299 lifecam22 2836.34448242 5846.85449219 5.9100561142
1478878474367 lifecam22 2833.27026367 5843.58886719 5.92513847351
1478878474572 lifecam22 2823.00390625 5832.82470703 5.9687666893
1478878474642 lifecam22 2819.65991211 5830.57421875 5.9856967926
1478878474698 lifecam22 2817.46166992 5825.67041016 5.99615526199
1478878474774 lifecam22 2813.55786133 5822.06005859 6.01024150848
1478878474840 lifecam22 2811.2277832 5818.72070312 6.02677726746
1478878474980 lifecam22 2804.13085938 5811.08105469 6.06169986725
1478878475039 lifecam22 2799.71484375 5808.95410156 6.08707237244
1478878475106 lifecam22 2797.12255859 5805.11767578 6.10333490372
1478878475174 lifecam22 2794.41748047 5801.60644531 6.11866283417
1478878475233 lifecam22 2791.96777344 5796.78710938 6.1312417984
1478878475443 lifecam22 2783.08227539 5784.60400391 6.18249320984
1478878475509 lifecam22 2779.74072266 5782.73144531 6.20429563522
1478878475574 lifecam22 2778.78515625 5776.55957031 6.20972633362
1478878475641 lifecam22 2776.41210938 5772.26367188 6.2232875824
1478878475709 lifecam22 2774.38037109 5770.25 6.24500370026
1478878475901 lifecam22 2766.60253906 5755.05615234 0.00954562798142
1478878475972 lifecam22 2762.87744141 5753.89697266 0.043864313513
1478878476041 lifecam22 2761.86621094 5749.09960938 0.0572559274733
1478878476103 lifecam22 2760.6262207 5743.06445312 0.0627683997154
1478878476176 lifecam22 2758.26757812 5739.15771484 0.0826081633568
1478878476320 lifecam22 2759.39501953 5740.75683594 0.0765560269356
1478878476377 lifecam22 2759.05932617 5739.24755859 0.0792409777641
1478878476443 lifecam22 2759.43774414 5740.30761719 0.076381392777
1478878476511 lifecam22 2759.1027832 5739.60546875 0.0773014426231
1478878476576 lifecam22 2758.94287109 5740.31640625 0.0797383263707
1478878476778 lifecam22 2758.84033203 5740.27099609 0.0806936696172
1478878476845 lifecam22 2758.84033203 5740.27099609 0.0806936696172
1478878476907 lifecam22 2759.17626953 5740.13183594 0.0788574889302
1478878476978 lifecam22 2758.85913086 5740.11523438 0.0806035473943
1478878477043 lifecam22 2759.10961914 5739.734375 0.0785279944539
1478878477245 lifecam22 2759.17626953 5740.13183594 0.0788574889302
