1478878611457 lifecam22 3192.46069336 5856.50390625 4.58856534958
1478878611514 lifecam22 3191.91162109 5855.93994141 4.57775735855
1478878611588 lifecam22 3192.94140625 5856.953125 4.58336877823
1478878611656 lifecam22 3192.28491211 5855.83300781 4.58116674423
1478878611721 lifecam22 3192.94091797 5857.38037109 4.592253685
1478878611849 lifecam22 3192.72143555 5857.94726562 4.59485387802
1478878611919 lifecam22 3192.94091797 5857.38037109 4.592253685
1478878611981 lifecam22 3192.74853516 5857.71582031 4.59277629852
1478878612043 lifecam22 3192.9050293 5857.48779297 4.59319067001
1478878612111 lifecam22 3192.9050293 5857.48779297 4.59319067001
1478878612256 lifecam22 3192.56591797 5857.49609375 4.59014749527
1478878612315 lifecam22 3193.09008789 5857.86865234 4.59315538406
1478878612385 lifecam22 3192.65795898 5857.54833984 4.59341669083
1478878612451 lifecam22 3192.86743164 5857.84960938 4.59255552292
1478878612513 lifecam22 3192.60058594 5857.5390625 4.59046792984
1478878612667 lifecam22 3192.94091797 5857.38037109 4.592253685
1478878612711 lifecam22 3192.56469727 5857.99121094 4.5910654068
1478878612855 lifecam22 3193.5324707 5858.52929688 4.5903172493
1478878612920 lifecam22 3192.61352539 5858.28271484 4.59674930573
1478878613120 lifecam22 3191.36352539 5859.40283203 4.6015753746
1478878613188 lifecam22 3183.66821289 5861.66308594 4.62033462524
1478878613257 lifecam22 3180.32080078 5863.94433594 4.63386726379
1478878613320 lifecam22 3178.69238281 5867.06640625 4.65755033493
1478878613388 lifecam22 3174.36181641 5869.70605469 4.67542362213
1478878613462 lifecam22 3168.69677734 5872.08007812 4.68721628189
1478878613525 lifecam22 3162.25561523 5873.27587891 4.69348478317
1478878613589 lifecam22 3159.64794922 5876.40283203 4.71965074539
1478878613662 lifecam22 3155.95996094 5877.82666016 4.73293972015
1478878613724 lifecam22 3149.89086914 5878.31689453 4.73988866806
1478878613789 lifecam22 3145.59008789 5881.02587891 4.7598695755
1478878613919 lifecam22 3137.49169922 5886.06982422 4.79237174988
1478878613986 lifecam22 3133.33837891 5887.71533203 4.80457544327
1478878614057 lifecam22 3128.08959961 5888.14404297 4.81534481049
1478878614124 lifecam22 3124.02563477 5891.51708984 4.83698129654
1478878614189 lifecam22 3120.41674805 5892.69042969 4.85847759247
1478878614323 lifecam22 3111.31079102 5895.70458984 4.88852596283
1478878614388 lifecam22 3106.12133789 5895.77832031 4.90167474747
1478878614458 lifecam22 3101.98730469 5897.00292969 4.91583299637
1478878614521 lifecam22 3096.62915039 5898.22265625 4.92921304703
1478878614589 lifecam22 3093.35400391 5899.98681641 4.95022392273
1478878614664 lifecam22 3087.60498047 5900.65234375 4.96754074097
1478878614725 lifecam22 3083.28491211 5901.81445312 4.98082113266
1478878614796 lifecam22 3078.64794922 5902.44482422 4.99746179581
1478878614859 lifecam22 3074.8503418 5903.22070312 5.01282024384
1478878614927 lifecam22 3069.94824219 5904.22216797 5.03274917603
1478878615128 lifecam22 3056.6862793 5907.01806641 5.08682966232
1478878615193 lifecam22 3052.24267578 5907.71630859 5.10339593887
1478878615258 lifecam22 3047.39453125 5907.84960938 5.11952972412
1478878615323 lifecam22 3042.35327148 5907.88769531 5.13298606873
1478878615391 lifecam22 3037.73754883 5908.95263672 5.15391349792
1478878615456 lifecam22 3033.25927734 5909.01513672 5.16949987411
1478878615526 lifecam22 3028.26367188 5909.38818359 5.18414068222
1478878615584 lifecam22 3023.76611328 5910.32617188 5.2044916153
1478878615650 lifecam22 3019.33325195 5909.61328125 5.21867227554
1478878615719 lifecam22 3014.98608398 5909.66308594 5.23539543152
1478878615921 lifecam22 3000.64233398 5908.90136719 5.28323125839
1478878615989 lifecam22 2995.82958984 5907.50878906 5.29557275772
1478878616052 lifecam22 2991.47705078 5908.64697266 5.317237854
1478878616124 lifecam22 2986.66967773 5907.04394531 5.33258104324
1478878616188 lifecam22 2981.64257812 5905.13378906 5.34039545059
1478878616332 lifecam22 2971.70068359 5904.40576172 5.37972736359
1478878616393 lifecam22 2967.46435547 5902.13476562 5.3907084465
1478878616461 lifecam22 2962.31665039 5901.82226562 5.40937662125
1478878616528 lifecam22 2957.82910156 5901.58837891 5.42827177048
1478878616585 lifecam22 2953.50292969 5898.76416016 5.44099187851
1478878616671 lifecam22 2948.7980957 5900.19335938 5.46918010712
1478878616729 lifecam22 2944.35742188 5897.66748047 5.48383998871
1478878616795 lifecam22 2939.27319336 5897.40722656 5.50491714478
1478878616857 lifecam22 2935.76635742 5897.546875 5.52643728256
1478878616926 lifecam22 2930.43579102 5895.31054688 5.53624391556
1478878617121 lifecam22 2918.70117188 5890.70410156 5.58880186081
1478878617194 lifecam22 2913.97314453 5887.72265625 5.60160446167
1478878617259 lifecam22 2908.63427734 5886.11328125 5.61899995804
1478878617321 lifecam22 2904.74755859 5885.07568359 5.64533519745
1478878617463 lifecam22 2896.69750977 5880.97851562 5.67546415329
1478878617527 lifecam22 2891.93408203 5879.8203125 5.6996307373
1478878617595 lifecam22 2887.92480469 5876.703125 5.71011686325
1478878617670 lifecam22 2883.94848633 5874.37353516 5.72503614426
1478878617731 lifecam22 2880.14794922 5872.38476562 5.74087810516
1478878618064 lifecam22 2859.73266602 5859.89111328 5.82712030411
1478878618127 lifecam22 2856.19921875 5856.21875 5.83677768707
1478878618261 lifecam22 2847.91748047 5851.12939453 5.87233495712
1478878618330 lifecam22 2844.8125 5846.92822266 5.88481044769
1478878618396 lifecam22 2841.05395508 5844.41455078 5.9007153511
1478878618462 lifecam22 2837.20410156 5841.07763672 5.9234919548
1478878618531 lifecam22 2832.94091797 5839.24658203 5.9455742836
1478878618732 lifecam22 2823.12719727 5828.26806641 5.984416008
1478878618789 lifecam22 2819.78344727 5825.46044922 6.00837755203
1478878618858 lifecam22 2817.06835938 5821.28857422 6.01876974106
1478878618934 lifecam22 2813.43041992 5818.15673828 6.03701162338
1478878619002 lifecam22 2810.35644531 5813.79589844 6.05326461792
1478878619067 lifecam22 2806.41821289 5812.03808594 6.07651901245
1478878619136 lifecam22 2803.66577148 5806.63720703 6.08846855164
1478878619201 lifecam22 2800.79736328 5803.03564453 6.10061454773
1478878619265 lifecam22 2798.35986328 5799.58984375 6.11774730682
1478878619406 lifecam22 2793.22802734 5791.60009766 6.14627838135
1478878619458 lifecam22 2788.88500977 5789.45214844 6.17419481277
1478878619533 lifecam22 2787.71801758 5784.49316406 6.18121576309
1478878619595 lifecam22 2785.06762695 5779.52685547 6.19448757172
1478878619668 lifecam22 2783.03466797 5776.97021484 6.21251249313
1478878619858 lifecam22 2774.10009766 5764.89599609 6.26915836334
1478878619924 lifecam22 2768.5078125 5761.29052734 0.0190114434808
1478878619991 lifecam22 2769.99804688 5754.23681641 0.00499207200482
1478878620060 lifecam22 2766.27807617 5752.01806641 0.0384461320937
1478878620126 lifecam22 2765.75683594 5746.71972656 0.0418962836266
1478878620263 lifecam22 2759.23608398 5739.48193359 0.0950251147151
1478878620332 lifecam22 2759.34545898 5738.55371094 0.0979575440288
1478878620399 lifecam22 2760.51074219 5739.90234375 0.0902056097984
1478878620466 lifecam22 2760.18652344 5738.85009766 0.0902439951897
1478878620531 lifecam22 2760.64575195 5739.20996094 0.0891814827919
1478878620657 lifecam22 2760.19824219 5738.83154297 0.0888820439577
1478878620727 lifecam22 2760.19091797 5739.26074219 0.0911786034703
1478878620800 lifecam22 2760.13305664 5739.18212891 0.0916519761086
1478878620866 lifecam22 2760.28686523 5739.01855469 0.0893128588796
1478878620936 lifecam22 2760.36669922 5739.07226562 0.0904778838158
1478878621061 lifecam22 2760.45141602 5739.07324219 0.0904064774513
1478878621139 lifecam22 2760.45166016 5739.26171875 0.0909459069371
1478878621201 lifecam22 2759.98754883 5739.42822266 0.0928264334798
