1478879188944 lifecam22 3191.69018555 5857.19091797 4.61228752136
1478879189016 lifecam22 3192.10546875 5857.44042969 4.61277389526
1478879189082 lifecam22 3191.80664062 5856.95214844 4.61031246185
1478879189150 lifecam22 3192.52124023 5857.51953125 4.61526155472
1478879189280 lifecam22 3192.22192383 5857.53710938 4.61484241486
1478879189350 lifecam22 3192.28686523 5857.49804688 4.61194419861
1478879189416 lifecam22 3192.09228516 5857.45800781 4.6113615036
1478879189478 lifecam22 3192.19555664 5857.26660156 4.61129760742
1478879189549 lifecam22 3192.09228516 5857.45800781 4.6113615036
1478879189625 lifecam22 3191.95556641 5856.71484375 4.60576200485
1478879189682 lifecam22 3192.1965332 5857.0078125 4.60767221451
1478879189751 lifecam22 3192.09814453 5857.04199219 4.60914325714
1478879189817 lifecam22 3192.44580078 5857.35595703 4.61215353012
1478879189887 lifecam22 3192.23144531 5857.41503906 4.61112928391
1478879190086 lifecam22 3192.23095703 5857.43896484 4.61020517349
1478879190159 lifecam22 3192.50610352 5856.83349609 4.60500526428
1478879190215 lifecam22 3192.58984375 5856.78417969 4.60339689255
1478879190284 lifecam22 3192.40527344 5857.03417969 4.60514497757
1478879190351 lifecam22 3191.98022461 5857.49414062 4.60757350922
1478879190483 lifecam22 3191.8972168 5857.28369141 4.61087846756
1478879190555 lifecam22 3191.84692383 5857.5078125 4.61285066605
1478879190619 lifecam22 3192.64331055 5858.39257812 4.62408161163
1478879190690 lifecam22 3185.39501953 5859.17480469 4.63009357452
1478879190745 lifecam22 3178.86181641 5860.51904297 4.62975978851
1478879190888 lifecam22 3173.23974609 5865.54150391 4.66910123825
1478879190955 lifecam22 3168.80029297 5868.08544922 4.68813276291
1478879191023 lifecam22 3162.04516602 5868.29931641 4.69031429291
1478879191089 lifecam22 3159.05102539 5872.65380859 4.71952390671
1478879191154 lifecam22 3158.68432617 5878.09472656 4.76055240631
1478879191228 lifecam22 3151.57006836 5877.84716797 4.75792121887
1478879191287 lifecam22 3147.01635742 5879.234375 4.77155351639
1478879191357 lifecam22 3144.26196289 5881.94921875 4.79453897476
1478879191423 lifecam22 3139.29516602 5883.05712891 4.80754518509
1478879191487 lifecam22 3134.83544922 5885.36376953 4.82317018509
1478879191627 lifecam22 3126.16357422 5888.94091797 4.854824543
1478879191685 lifecam22 3121.27954102 5889.79492188 4.87216663361
1478879191754 lifecam22 3116.79052734 5891.22314453 4.88782310486
1478879191826 lifecam22 3112.76733398 5892.29541016 4.89976501465
1478879191891 lifecam22 3107.37597656 5892.68066406 4.91268014908
1478879192085 lifecam22 3093.64941406 5897.10742188 4.96685028076
1478879192156 lifecam22 3089.11791992 5897.64355469 4.98202419281
1478879192222 lifecam22 3083.93896484 5898.48242188 4.9965839386
1478879192290 lifecam22 3079.71801758 5899.65917969 5.01424598694
1478879192352 lifecam22 3074.95288086 5899.47509766 5.03085947037
1478879192492 lifecam22 3066.59765625 5901.38085938 5.06612586975
1478879192558 lifecam22 3062.02856445 5902.70556641 5.08475351334
1478879192619 lifecam22 3057.38818359 5901.61572266 5.09091424942
1478879192692 lifecam22 3052.60058594 5902.68066406 5.10988235474
1478879192760 lifecam22 3048.2331543 5902.27783203 5.12080574036
1478879192891 lifecam22 3038.98388672 5905.13818359 5.16795825958
1478879192960 lifecam22 3033.63598633 5902.99755859 5.17525482178
1478879193017 lifecam22 3029.02270508 5905.08740234 5.19794082642
1478879193090 lifecam22 3025.1706543 5904.71142578 5.21427154541
1478879193157 lifecam22 3020.10009766 5904.96826172 5.23378753662
1478879193293 lifecam22 3010.5534668 5905.29394531 5.26330900192
1478879193354 lifecam22 3005.54589844 5905.33544922 5.28710889816
1478879193425 lifecam22 3001.92285156 5906.22119141 5.30514764786
1478879193491 lifecam22 2996.23144531 5904.50976562 5.31911563873
1478879193554 lifecam22 2992.2578125 5904.80273438 5.33879518509
1478879193699 lifecam22 2982.98046875 5902.19873047 5.36653470993
1478879193755 lifecam22 2977.69482422 5902.32714844 5.38417482376
1478879193827 lifecam22 2972.94311523 5901.23535156 5.40318632126
1478879193897 lifecam22 2967.93945312 5901.26757812 5.42103004456
1478879193955 lifecam22 2963.29248047 5899.05175781 5.43367099762
1478879194098 lifecam22 2954.47021484 5897.16064453 5.46868133545
1478879194158 lifecam22 2949.99462891 5896.54248047 5.49012088776
1478879194223 lifecam22 2945.97753906 5893.49462891 5.49768590927
1478879194291 lifecam22 2940.47558594 5893.21728516 5.52373504639
1478879194554 lifecam22 2924.52709961 5886.62744141 5.58645200729
1478879194626 lifecam22 2918.71020508 5884.62451172 5.60139226913
1478879194697 lifecam22 2915.11499023 5883.5078125 5.62355518341
1478879194765 lifecam22 2910.75415039 5881.06201172 5.63867521286
1478879194820 lifecam22 2906.12280273 5881.09033203 5.66370153427
1478879194960 lifecam22 2897.9597168 5876.12207031 5.68967819214
1478879195085 lifecam22 2889.21459961 5871.09423828 5.72459983826
1478879195159 lifecam22 2885.73486328 5868.95263672 5.7379693985
1478879195219 lifecam22 2880.78076172 5866.03710938 5.75675582886
1478879195361 lifecam22 2873.90380859 5859.68310547 5.78251552582
1478879195417 lifecam22 2869.1796875 5858.62207031 5.80365180969
1478879195484 lifecam22 2865.79931641 5854.58349609 5.81716108322
1478879195559 lifecam22 2860.99462891 5853.24169922 5.84145784378
1478879195628 lifecam22 2857.29833984 5850.24267578 5.85238552094
1478879195750 lifecam22 2848.99609375 5845.7578125 5.89598894119
1478879195831 lifecam22 2845.12963867 5842.19189453 5.90817022324
1478879195894 lifecam22 2841.77124023 5839.57666016 5.92591810226
1478879195960 lifecam22 2837.17407227 5836.87011719 5.94891214371
1478879196029 lifecam22 2834.73242188 5833.39892578 5.95959234238
1478879196160 lifecam22 2827.99023438 5827.13330078 5.992436409
1478879196229 lifecam22 2825.25732422 5822.44921875 6.00499010086
1478879196288 lifecam22 2821.66235352 5819.28955078 6.02216386795
1478879196355 lifecam22 2818.42895508 5815.98632812 6.03677940369
1478879196427 lifecam22 2815.18505859 5811.52880859 6.05111455917
1478879196566 lifecam22 2808.58642578 5804.43603516 6.08611345291
1478879196629 lifecam22 2805.8815918 5800.64941406 6.10169267654
1478879196701 lifecam22 2802.86938477 5796.81738281 6.11740064621
1478879196769 lifecam22 2800.02172852 5793.35595703 6.13809537888
1478879196829 lifecam22 2796.1875 5789.68994141 6.15652704239
1478879196969 lifecam22 2790.89379883 5781.84960938 6.19205522537
1478879197032 lifecam22 2787.01513672 5778.421875 6.21091461182
1478879197088 lifecam22 2785.83349609 5773.39892578 6.2219452858
1478879197157 lifecam22 2782.91479492 5770.93554688 6.24686574936
1478879197229 lifecam22 2782.29589844 5764.68066406 6.25343465805
1478879197367 lifecam22 2775.05004883 5759.30957031 0.0220282711089
1478879197430 lifecam22 2774.5300293 5753.40478516 0.0281027015299
1478879197496 lifecam22 2771.70629883 5749.03173828 0.0411006845534
1478879197562 lifecam22 2769.72485352 5744.00878906 0.0549678243697
1478879197629 lifecam22 2767.29321289 5740.97753906 0.0740045905113
1478879197766 lifecam22 2764.38598633 5730.61572266 0.09476274997
1478879197834 lifecam22 2764.12670898 5728.48242188 0.10641104728
1478879197895 lifecam22 2765.85522461 5728.96484375 0.0880863144994
1478879197955 lifecam22 2765.765625 5728.671875 0.0962963625789
1478879198030 lifecam22 2765.7265625 5728.49951172 0.0887531638145
1478879198233 lifecam22 2765.91308594 5728.32421875 0.0896691605449
1478879198302 lifecam22 2765.7265625 5728.49951172 0.0887531638145
1478879198358 lifecam22 2765.79907227 5728.94335938 0.0926319956779
1478879198423 lifecam22 2765.75512695 5728.58203125 0.0907542109489
1478879198492 lifecam22 2765.72485352 5728.74755859 0.0923047736287
1478879198634 lifecam22 2765.98852539 5728.52148438 0.0899948477745
1478879198706 lifecam22 2765.83984375 5728.52832031 0.090254843235
1478879198764 lifecam22 2765.84472656 5728.50634766 0.0913422703743
1478879198833 lifecam22 2765.65625 5728.92871094 0.093977868557
1478879198898 lifecam22 2765.35327148 5729.04492188 0.0953016877174
1478879199034 lifecam22 2765.94213867 5728.68359375 0.0914803147316
1478879199096 lifecam22 2765.98852539 5728.52148438 0.0899948477745
1478879199167 lifecam22 2765.70849609 5728.61962891 0.0911286473274
