1478879308872 lifecam22 3190.15722656 5851.09814453 4.58094835281
1478879308939 lifecam22 3191.07641602 5851.34570312 4.58459234238
1478879309135 lifecam22 3190.86499023 5851.43457031 4.58384037018
1478879309198 lifecam22 3190.48608398 5850.87646484 4.58071804047
1478879309265 lifecam22 3191.07641602 5851.34570312 4.58459234238
1478879309335 lifecam22 3190.48608398 5850.87646484 4.58071804047
1478879309401 lifecam22 3190.82495117 5851.27636719 4.58362960815
1478879309539 lifecam22 3190.26464844 5850.70068359 4.57883358002
1478879309604 lifecam22 3190.23510742 5850.80908203 4.57975435257
1478879309675 lifecam22 3190.02636719 5850.78271484 4.57921552658
1478879309732 lifecam22 3190.23510742 5850.80908203 4.57975435257
1478879309802 lifecam22 3190.27587891 5850.96679688 4.57996606827
1478879309939 lifecam22 3190.93432617 5850.82128906 4.58087873459
1478879310006 lifecam22 3191.27685547 5851.42822266 4.58386611938
1478879310065 lifecam22 3191.13476562 5850.58544922 4.58155632019
1478879310134 lifecam22 3191.7199707 5851.11083984 4.58263254166
1478879310202 lifecam22 3191.9543457 5850.29150391 4.57742786407
1478879310345 lifecam22 3193.35961914 5850.53662109 4.57541131973
1478879310401 lifecam22 3192.13085938 5852.06445312 4.58823442459
1478879310472 lifecam22 3191.54150391 5852.13085938 4.58918476105
1478879310538 lifecam22 3191.80224609 5852.09082031 4.58670711517
1478879310603 lifecam22 3192.35644531 5853.79199219 4.60128593445
1478879310743 lifecam22 3180.09594727 5860.75732422 4.63432359695
1478879310798 lifecam22 3178.70800781 5861.80273438 4.65479707718
1478879310864 lifecam22 3174.31274414 5867.14892578 4.67863130569
1478879310935 lifecam22 3168.95385742 5867.93310547 4.68949842453
1478879311003 lifecam22 3161.80004883 5868.08544922 4.68813180923
1478879311137 lifecam22 3157.64379883 5876.48925781 4.75177431107
1478879311204 lifecam22 3151.41381836 5877.83154297 4.75782585144
1478879311273 lifecam22 3146.85449219 5878.60253906 4.76847791672
1478879311341 lifecam22 3143.82788086 5880.65234375 4.79315328598
1478879311408 lifecam22 3138.15332031 5881.53320312 4.79987049103
1478879311605 lifecam22 3126.08496094 5886.71630859 4.84818887711
1478879311674 lifecam22 3120.80737305 5887.26757812 4.86180830002
1478879311739 lifecam22 3116.38378906 5889.72851562 4.88027858734
1478879311806 lifecam22 3111.66186523 5889.68212891 4.88679885864
1478879311866 lifecam22 3107.21313477 5892.765625 4.92002105713
1478879312010 lifecam22 3098.47460938 5894.79003906 4.95056676865
1478879312068 lifecam22 3094.46386719 5897.08935547 4.97030544281
1478879312141 lifecam22 3089.74169922 5896.96728516 4.98463487625
1478879312200 lifecam22 3084.47265625 5898.19677734 4.99900436401
1478879312269 lifecam22 3079.74853516 5898.99023438 5.014585495
1478879312344 lifecam22 3075.48950195 5900.58544922 5.03791093826
1478879312403 lifecam22 3071.58740234 5900.62060547 5.0487446785
1478879312467 lifecam22 3066.36547852 5901.68847656 5.07076740265
1478879312534 lifecam22 3061.546875 5900.89013672 5.07706880569
1478879312608 lifecam22 3057.66967773 5901.53466797 5.09605407715
1478879312749 lifecam22 3047.43798828 5902.28173828 5.12879085541
1478879312801 lifecam22 3042.5625 5903.11523438 5.14552307129
1478879312876 lifecam22 3038.98242188 5904.58984375 5.16689348221
1478879312944 lifecam22 3033.80712891 5903.79003906 5.17833375931
1478879313008 lifecam22 3029.86572266 5905.16845703 5.19903230667
1478879313202 lifecam22 3016.20727539 5903.64111328 5.2418217659
1478879313276 lifecam22 3011.07714844 5904.16015625 5.25953674316
1478879313346 lifecam22 3006.23388672 5902.79248047 5.27388954163
1478879313411 lifecam22 3001.93164062 5903.61230469 5.29305791855
1478879313478 lifecam22 2996.44189453 5902.16015625 5.31062555313
1478879313608 lifecam22 2987.02050781 5902.109375 5.34769535065
1478879313680 lifecam22 2982.63842773 5900.81591797 5.36128950119
1478879313743 lifecam22 2978.02856445 5900.25292969 5.37793922424
1478879313804 lifecam22 2973.21606445 5899.21533203 5.39350652695
1478879313880 lifecam22 2969.06835938 5897.82080078 5.4076666832
1478879314015 lifecam22 2956.80957031 5890.15234375 5.41326093674
1478879314074 lifecam22 2954.51660156 5894.66503906 5.45791864395
1478879314143 lifecam22 2950.38720703 5895.80712891 5.48486042023
1478879314211 lifecam22 2946.58081055 5894.9609375 5.50943660736
1478879314279 lifecam22 2940.32836914 5892.72558594 5.52286863327
1478879314477 lifecam22 2927.35644531 5889.19677734 5.57719373703
1478879314542 lifecam22 2922.87963867 5886.44287109 5.58759212494
1478879314610 lifecam22 2918.0378418 5886.43798828 5.61438369751
1478879314682 lifecam22 2914.59887695 5884.26611328 5.62904262543
1478879314815 lifecam22 2905.67089844 5880.61035156 5.66162538528
1478879314880 lifecam22 2902.1496582 5877.8828125 5.67866659164
1478879314948 lifecam22 2898.20776367 5874.48583984 5.68439483643
1478879315078 lifecam22 2890.35644531 5869.49755859 5.71576118469
1478879315209 lifecam22 2882.1965332 5865.60742188 5.75071954727
1478879315277 lifecam22 2877.53271484 5863.734375 5.77006292343
1478879315346 lifecam22 2873.80517578 5859.58789062 5.7779083252
1478879315404 lifecam22 2868.68823242 5858.87744141 5.80739927292
1478879315470 lifecam22 2864.32006836 5856.9140625 5.82603979111
1478879315612 lifecam22 2856.84277344 5851.44677734 5.85798311234
1478879315684 lifecam22 2852.58886719 5848.26855469 5.87547969818
1478879315749 lifecam22 2848.43115234 5844.77490234 5.89153289795
1478879315806 lifecam22 2845.25732422 5842.10205078 5.90679502487
1478879315876 lifecam22 2841.87963867 5838.71435547 5.92067098618
1478879315953 lifecam22 2838.74121094 5835.83642578 5.93732738495
1478879316012 lifecam22 2834.67651367 5832.0390625 5.9532327652
1478879316072 lifecam22 2832.04614258 5828.41259766 5.96590995789
1478879316203 lifecam22 2824.39233398 5822.41064453 6.00556993484
1478879316274 lifecam22 2821.32299805 5818.86376953 6.02009963989
1478879316409 lifecam22 2814.65014648 5811.99365234 6.04920005798
1478879316482 lifecam22 2811.51049805 5807.61181641 6.06841039658
1478879316537 lifecam22 2807.58447266 5805.54492188 6.0920290947
1478879316602 lifecam22 2805.91210938 5799.48925781 6.09916973114
1478879316675 lifecam22 2801.64282227 5797.47216797 6.12270450592
1478879316816 lifecam22 2796.1875 5789.68994141 6.15652704239
1478879316879 lifecam22 2795.35131836 5785.27929688 6.15965080261
1478879316941 lifecam22 2791.30029297 5781.1484375 6.18604183197
1478879317004 lifecam22 2788.35009766 5777.68505859 6.19997549057
1478879317072 lifecam22 2785.70947266 5773.04345703 6.22008609772
1478879317276 lifecam22 2777.10913086 5762.31054688 6.28219032288
1478879317342 lifecam22 2775.2590332 5759.52001953 0.0188787635416
1478879317403 lifecam22 2774.78295898 5753.72265625 0.0245425142348
1478879317470 lifecam22 2770.84204102 5749.45556641 0.0451045669615
1478879317539 lifecam22 2768.35253906 5745.5078125 0.0641217902303
1478879317676 lifecam22 2766.02172852 5734.98925781 0.0796980336308
1478879317745 lifecam22 2763.45043945 5731.10253906 0.0975496247411
1478879317814 lifecam22 2763.92724609 5728.1015625 0.0985590815544
1478879317878 lifecam22 2764.47875977 5729.99951172 0.0918629765511
1478879317939 lifecam22 2764.64599609 5728.62841797 0.0907278805971
1478879318142 lifecam22 2764.35546875 5729.61914062 0.0920112878084
1478879318209 lifecam22 2764.52514648 5728.77783203 0.0910010933876
1478879318272 lifecam22 2764.82177734 5728.82666016 0.0901501849294
1478879318340 lifecam22 2764.65795898 5729.55273438 0.0912056565285
1478879318408 lifecam22 2764.38525391 5729.27001953 0.0919563174248
1478879318542 lifecam22 2764.9597168 5728.65917969 0.0882728695869
1478879318608 lifecam22 2764.41748047 5729.05175781 0.0925323441625
1478879318679 lifecam22 2764.38525391 5729.27001953 0.0919563174248
1478879318744 lifecam22 2764.40600586 5729.16015625 0.0918405801058
1478879318818 lifecam22 2764.25292969 5729.43603516 0.0937754511833
1478879319010 lifecam22 2764.01586914 5729.73144531 0.0957352519035
1478879319075 lifecam22 2764.55615234 5728.88427734 0.0906527712941
1478879319148 lifecam22 2764.40332031 5729.16064453 0.0925872847438
1478879319206 lifecam22 2764.40332031 5729.16064453 0.0925872847438
