1478878526453 lifecam22 3191.7890625 5859.06738281 4.5977268219
1478878526521 lifecam22 3191.50073242 5858.95556641 4.59530305862
1478878526584 lifecam22 3191.96826172 5858.9375 4.59574079514
1478878526656 lifecam22 3191.73242188 5859.00976562 4.59607887268
1478878526796 lifecam22 3191.6484375 5859.08496094 4.59528875351
1478878526846 lifecam22 3191.69140625 5858.84716797 4.59458494186
1478878526922 lifecam22 3191.93310547 5858.89355469 4.59530591965
1478878526989 lifecam22 3192.14624023 5858.68847656 4.59375524521
1478878527055 lifecam22 3192.32617188 5859.33398438 4.60092401505
1478878527186 lifecam22 3192.54785156 5858.46289062 4.59325361252
1478878527252 lifecam22 3192.85986328 5858.60595703 4.59624385834
1478878527322 lifecam22 3192.53710938 5858.3359375 4.59210443497
1478878527388 lifecam22 3192.11621094 5858.68359375 4.59084844589
1478878527448 lifecam22 3191.82080078 5859.10791016 4.59046697617
1478878527583 lifecam22 3192.19189453 5859.37988281 4.59472036362
1478878527655 lifecam22 3192.05175781 5859.38867188 4.59738349915
1478878527720 lifecam22 3191.83959961 5858.74462891 4.59102869034
1478878527789 lifecam22 3191.84985352 5858.96826172 4.59451580048
1478878527855 lifecam22 3193.01977539 5860.24560547 4.60750150681
1478878527984 lifecam22 3179.18017578 5864.17919922 4.62535667419
1478878528051 lifecam22 3178.4128418 5866.99658203 4.64939117432
1478878528123 lifecam22 3173.63867188 5870.96386719 4.67288827896
1478878528191 lifecam22 3168.29101562 5873.08447266 4.68361520767
1478878528259 lifecam22 3162.87475586 5875.02294922 4.69772100449
1478878528387 lifecam22 3155.79052734 5878.24560547 4.73040866852
1478878528458 lifecam22 3150.14990234 5879.92626953 4.73926544189
1478878528526 lifecam22 3148.34008789 5885.89160156 4.77555274963
1478878528586 lifecam22 3143.95458984 5886.65966797 4.7890920639
1478878528658 lifecam22 3138.45263672 5887.65185547 4.7959189415
1478878528792 lifecam22 3129.9074707 5890.66650391 4.82629585266
1478878528864 lifecam22 3124.92260742 5892.69384766 4.84193134308
1478878528922 lifecam22 3120.53808594 5893.89501953 4.86135196686
1478878528987 lifecam22 3116.67822266 5896.00390625 4.8806810379
1478878529053 lifecam22 3111.27294922 5897.23779297 4.89450597763
1478878529194 lifecam22 3102.0703125 5899.91503906 4.92928028107
1478878529259 lifecam22 3098.71655273 5901.31298828 4.94362354279
1478878529317 lifecam22 3093.65063477 5901.97998047 4.96487951279
1478878529391 lifecam22 3088.61083984 5903.06933594 4.97765207291
1478878529457 lifecam22 3084.6262207 5902.52441406 4.98916864395
1478878529535 lifecam22 3079.42016602 5904.95458984 5.00890827179
1478878529593 lifecam22 3076.19287109 5904.14453125 5.02034044266
1478878529663 lifecam22 3070.22363281 5904.50048828 5.03444623947
1478878529725 lifecam22 3066.59228516 5906.52246094 5.05406475067
1478878529792 lifecam22 3062.4296875 5906.71484375 5.07383728027
1478878529933 lifecam22 3052.51147461 5907.75732422 5.10558271408
1478878529995 lifecam22 3047.64868164 5909.85449219 5.13146924973
1478878530061 lifecam22 3042.87744141 5908.24414062 5.13654232025
1478878530124 lifecam22 3038.82275391 5910.61523438 5.16887807846
1478878530194 lifecam22 3033.75 5909.08886719 5.17235469818
1478878530327 lifecam22 3024.42773438 5910.40673828 5.21161174774
1478878530393 lifecam22 3020.63330078 5911.17285156 5.22775125504
1478878530461 lifecam22 3015.03125 5910.15380859 5.24144697189
1478878530522 lifecam22 3011.62402344 5910.67871094 5.2606306076
1478878530593 lifecam22 3006.26147461 5910.2890625 5.27630567551
1478878530798 lifecam22 2991.74853516 5909.03613281 5.32657957077
1478878530862 lifecam22 2986.90917969 5909.00976562 5.34725952148
1478878530932 lifecam22 2981.98413086 5907.68359375 5.362200737
1478878530996 lifecam22 2977.58349609 5906.80371094 5.37909841537
1478878531061 lifecam22 2972.56176758 5904.67529297 5.38835430145
1478878531190 lifecam22 2963.68969727 5903.28613281 5.4251742363
1478878531259 lifecam22 2959.1472168 5903.76904297 5.4512796402
1478878531322 lifecam22 2955.68212891 5901.30810547 5.45615291595
1478878531394 lifecam22 2950.22851562 5898.79296875 5.47129917145
1478878531460 lifecam22 2943.96948242 5897.18798828 5.49295186996
1478878531597 lifecam22 2937.87426758 5895.84521484 5.53168582916
1478878531666 lifecam22 2933.50634766 5895.33007812 5.54777479172
1478878531729 lifecam22 2928.54345703 5892.39746094 5.56113004684
1478878531794 lifecam22 2923.81738281 5890.64794922 5.57547855377
1478878531862 lifecam22 2919.74707031 5889.53613281 5.59429121017
1478878531989 lifecam22 2911.47827148 5886.35107422 5.63030385971
1478878532067 lifecam22 2905.69165039 5886.04492188 5.65681695938
1478878532195 lifecam22 2897.78857422 5881.18652344 5.68584346771
1478878532394 lifecam22 2885.42138672 5874.73876953 5.73685455322
1478878532463 lifecam22 2881.30786133 5871.96679688 5.75426149368
1478878532599 lifecam22 2873.6105957 5866.47998047 5.78226613998
1478878532793 lifecam22 2861.42675781 5858.50878906 5.83240699768
1478878532931 lifecam22 2853.12597656 5853.48193359 5.8686003685
1478878532998 lifecam22 2849.56567383 5851.25097656 5.88681745529
1478878533268 lifecam22 2835.21826172 5838.76806641 5.95009326935
1478878533321 lifecam22 2831.81982422 5835.11279297 5.96810150146
1478878533390 lifecam22 2828.99853516 5830.41162109 5.97680187225
1478878533455 lifecam22 2825.27075195 5827.35986328 5.99483442307
1478878533598 lifecam22 2818.109375 5820.96777344 6.03311729431
1478878533667 lifecam22 2815.87158203 5817.25390625 6.04766368866
1478878533730 lifecam22 2811.79833984 5814.31494141 6.06653356552
1478878533799 lifecam22 2808.91870117 5810.37744141 6.08244037628
1478878533863 lifecam22 2805.78442383 5806.26660156 6.09703683853
1478878534001 lifecam22 2799.73754883 5799.22753906 6.13318777084
1478878534068 lifecam22 2798.17553711 5795.48144531 6.1412396431
1478878534133 lifecam22 2794.46533203 5790.75927734 6.16660881042
1478878534198 lifecam22 2791.67602539 5787.50488281 6.18318843842
1478878534268 lifecam22 2787.7199707 5784.30029297 6.20761871338
1478878534401 lifecam22 2784.36547852 5774.23828125 6.22658777237
1478878534469 lifecam22 2780.50927734 5771.71777344 6.25376319885
1478878534535 lifecam22 2777.76953125 5767.44433594 6.27432870865
1478878534600 lifecam22 2776.20532227 5763.79443359 0.00871116388589
1478878534669 lifecam22 2774.08422852 5760.39257812 0.0281091369689
1478878534791 lifecam22 2768.86889648 5751.87060547 0.0607843995094
1478878534867 lifecam22 2767.6640625 5747.10400391 0.0710517764091
1478878534932 lifecam22 2766.72314453 5741.29638672 0.0763633921742
1478878534999 lifecam22 2765.62548828 5736.38378906 0.0843353867531
1478878535068 lifecam22 2766.15161133 5733.8203125 0.0857951045036
1478878535204 lifecam22 2766.58081055 5734.47900391 0.0810996964574
1478878535265 lifecam22 2766.5378418 5734.93798828 0.079499065876
1478878535334 lifecam22 2766.55688477 5734.82861328 0.0793804526329
1478878535398 lifecam22 2766.41625977 5734.81591797 0.0806622058153
1478878535468 lifecam22 2766.3762207 5734.72119141 0.0810727477074
1478878535541 lifecam22 2766.73779297 5734.56640625 0.077424235642
1478878535597 lifecam22 2766.41625977 5734.81591797 0.0806622058153
