1478879256986 lifecam22 3191.21850586 5850.24414062 4.58502960205
1478879257186 lifecam22 3191.22827148 5849.47460938 4.58196353912
1478879257249 lifecam22 3191.37719727 5849.72460938 4.58305025101
1478879257321 lifecam22 3191.22827148 5849.47460938 4.58196353912
1478879257387 lifecam22 3191.22827148 5849.47460938 4.58196353912
1478879257455 lifecam22 3191.36279297 5849.70898438 4.58293581009
1478879257650 lifecam22 3191.52636719 5850.47363281 4.58624839783
1478879257717 lifecam22 3191.36279297 5849.70898438 4.58293581009
1478879257790 lifecam22 3191.36279297 5849.70898438 4.58293581009
1478879257854 lifecam22 3191.55273438 5849.02734375 4.581407547
1478879257922 lifecam22 3191.73022461 5848.14941406 4.57516336441
1478879258058 lifecam22 3191.57128906 5847.79003906 4.57046747208
1478879258124 lifecam22 3192.17407227 5847.71777344 4.57074356079
1478879258188 lifecam22 3191.54199219 5848.24658203 4.57344818115
1478879258256 lifecam22 3190.56762695 5849.50878906 4.58108854294
1478879258323 lifecam22 3190.890625 5849.99609375 4.58352947235
1478879258521 lifecam22 3186.31420898 5853.60107422 4.60352468491
1478879258590 lifecam22 3179.84179688 5858.93701172 4.63678312302
1478879258662 lifecam22 3180.57885742 5861.03662109 4.66316747665
1478879258726 lifecam22 3175.09423828 5865.42529297 4.68062973022
1478879258793 lifecam22 3169.80712891 5867.42822266 4.69711637497
1478879258927 lifecam22 3162.06030273 5871.10449219 4.72900056839
1478879258991 lifecam22 3156.98217773 5873.18603516 4.73908805847
1478879259056 lifecam22 3153.57495117 5876.18994141 4.75808906555
1478879259123 lifecam22 3150.42016602 5879.22607422 4.78153467178
1478879259188 lifecam22 3145.28344727 5880.27636719 4.79274606705
1478879259395 lifecam22 3131.14404297 5884.29345703 4.83424901962
1478879259453 lifecam22 3127.64306641 5886.24462891 4.85640048981
1478879259515 lifecam22 3120.85620117 5887.20898438 4.86280107498
1478879259585 lifecam22 3117.78125 5888.52050781 4.87646436691
1478879259653 lifecam22 3113.38256836 5889.24267578 4.89630889893
1478879259861 lifecam22 3100.18457031 5893.58496094 4.94957351685
1478879259927 lifecam22 3095.80224609 5894.3671875 4.96161317825
1478879259993 lifecam22 3089.98046875 5894.55957031 4.97536230087
1478879260058 lifecam22 3086.67553711 5896.11474609 4.99397563934
1478879260126 lifecam22 3081.37207031 5895.81103516 5.00788640976
1478879260266 lifecam22 3072.33691406 5898.11523438 5.0423579216
1478879260326 lifecam22 3067.73901367 5899.69677734 5.06148958206
1478879260393 lifecam22 3063.61865234 5899.95751953 5.07640028
1478879260461 lifecam22 3058.61938477 5900.21826172 5.0934419632
1478879260525 lifecam22 3054.36425781 5901.23193359 5.11131238937
1478879260667 lifecam22 3045.37109375 5902.67480469 5.1474738121
1478879260722 lifecam22 3040.30371094 5902.5 5.16729688644
1478879260787 lifecam22 3034.93457031 5902.53662109 5.18032407761
1478879260862 lifecam22 3031.38745117 5902.79443359 5.19495439529
1478879260919 lifecam22 3026.38671875 5902.75 5.21126174927
1478879261124 lifecam22 3012.25073242 5903.5859375 5.26349639893
1478879261188 lifecam22 3007.6328125 5904.31005859 5.28609466553
1478879261255 lifecam22 3002.75732422 5903.609375 5.29944801331
1478879261319 lifecam22 2997.97436523 5902.68457031 5.31576442719
1478879261389 lifecam22 2993.51147461 5902.60498047 5.33455896378
1478879261529 lifecam22 2983.85473633 5900.95068359 5.36765289307
1478879261596 lifecam22 2980.08520508 5899.609375 5.37504816055
1478879261666 lifecam22 2975.32861328 5897.96191406 5.38970088959
1478879261733 lifecam22 2970.44262695 5897.19775391 5.40951442719
1478879261793 lifecam22 2966.02880859 5896.55859375 5.42528438568
1478879261996 lifecam22 2952.80712891 5892.66992188 5.47113275528
1478879262059 lifecam22 2947.42431641 5892.92382812 5.50308609009
1478879262125 lifecam22 2943.56494141 5891.01953125 5.51368379593
1478879262190 lifecam22 2938.30712891 5888.29003906 5.52835941315
1478879262261 lifecam22 2934.02880859 5889.11962891 5.55362558365
1478879262469 lifecam22 2920.60400391 5885.25683594 5.61005067825
1478879262527 lifecam22 2915.48364258 5882.17724609 5.62417602539
1478879262594 lifecam22 2912.04296875 5880.86132812 5.63782930374
1478879262670 lifecam22 2908.01977539 5877.13476562 5.64950037003
1478879262728 lifecam22 2904.27050781 5876.1953125 5.66747999191
1478879262925 lifecam22 2891.03125 5870.29101562 5.72162485123
1478879262995 lifecam22 2885.83691406 5868.16748047 5.74637365341
1478879263064 lifecam22 2882.41552734 5864.91845703 5.75227975845
1478879263135 lifecam22 2877.88818359 5861.42285156 5.76847267151
1478879263325 lifecam22 2866.76391602 5854.91162109 5.82006597519
1478879263397 lifecam22 2862.97216797 5852.06152344 5.83441019058
1478879263464 lifecam22 2859.13378906 5848.75 5.8451089859
1478879263531 lifecam22 2855.73681641 5846.69335938 5.86799860001
1478879263593 lifecam22 2850.90161133 5844.91113281 5.88982486725
1478879263792 lifecam22 2839.53979492 5835.56933594 5.94053077698
1478879263866 lifecam22 2835.67456055 5832.60791016 5.96010875702
1478879263925 lifecam22 2832.41845703 5828.45654297 5.97096061707
1478879263991 lifecam22 2829.54785156 5825.80224609 5.99048233032
1478879264058 lifecam22 2826.03466797 5822.37304688 6.00729560852
1478879264198 lifecam22 2819.15576172 5814.63720703 6.03816843033
1478879264267 lifecam22 2815.9909668 5810.88427734 6.05075120926
1478879264331 lifecam22 2812.39111328 5808.36230469 6.07282114029
1478879264388 lifecam22 2810.77978516 5803.22851562 6.07894277573
1478879264457 lifecam22 2806.8984375 5799.58300781 6.10017824173
1478879264663 lifecam22 2796.81176758 5789.23974609 6.15984582901
1478879264727 lifecam22 2795.13330078 5784.77001953 6.17273616791
1478879264798 lifecam22 2791.79663086 5781.24023438 6.18975114822
1478879264857 lifecam22 2788.74658203 5777.46484375 6.2095284462
1478879264927 lifecam22 2786.02197266 5773.04541016 6.22394800186
1478879265058 lifecam22 2782.22290039 5764.90722656 6.25544166565
1478879265125 lifecam22 2779.97827148 5760.19287109 6.26929330826
1478879265197 lifecam22 2775.89257812 5757.84326172 0.0141844181344
1478879265256 lifecam22 2775.03442383 5753.93066406 0.0234203990549
1478879265325 lifecam22 2774.6394043 5747.30957031 0.0270879920572
1478879265464 lifecam22 2768.35864258 5739.78076172 0.0688400939107
1478879265536 lifecam22 2767.06176758 5734.25878906 0.0774262547493
1478879265596 lifecam22 2765.34594727 5730.23974609 0.101092882454
1478879265660 lifecam22 2763.52563477 5727.03564453 0.114492349327
1478879265725 lifecam22 2763.78100586 5728.81982422 0.11334580183
1478879265929 lifecam22 2763.76879883 5728.03662109 0.114157021046
1478879265993 lifecam22 2763.43164062 5728.58642578 0.116782017052
1478879266062 lifecam22 2763.53588867 5728.36425781 0.117313094437
