1478878911052 lifecam22 3194.00634766 5859.96484375 4.62302875519
1478878911118 lifecam22 3194.27905273 5859.65332031 4.62168741226
1478878911257 lifecam22 3193.80786133 5859.97460938 4.62271356583
1478878911320 lifecam22 3193.69628906 5859.48876953 4.61959457397
1478878911386 lifecam22 3193.32763672 5859.44873047 4.61745214462
1478878911452 lifecam22 3194.24633789 5859.89404297 4.62126016617
1478878911518 lifecam22 3194.26831055 5859.67919922 4.62190771103
1478878911662 lifecam22 3193.43188477 5859.65234375 4.61823225021
1478878911719 lifecam22 3193.42944336 5859.65136719 4.61821174622
1478878911790 lifecam22 3193.54614258 5859.88916016 4.62047624588
1478878911850 lifecam22 3194.10986328 5860.05322266 4.62254524231
1478878911917 lifecam22 3193.46240234 5860.05908203 4.62069034576
1478878912119 lifecam22 3193.66455078 5859.73046875 4.61916971207
1478878912188 lifecam22 3193.66455078 5859.73046875 4.61916971207
1478878912255 lifecam22 3194.35571289 5859.0625 4.61387491226
1478878912324 lifecam22 3194.35571289 5859.0625 4.61387491226
1478878912388 lifecam22 3195.23632812 5859.21972656 4.61623001099
1478878912512 lifecam22 3194.19091797 5860.25097656 4.61946058273
1478878912579 lifecam22 3192.77636719 5859.95898438 4.6247420311
1478878912654 lifecam22 3194.38183594 5859.86621094 4.62135696411
1478878912725 lifecam22 3193.48779297 5859.82421875 4.62240552902
1478878912780 lifecam22 3188.15136719 5858.51904297 4.61484193802
1478878912928 lifecam22 3179.68017578 5865.54736328 4.66208696365
1478878912980 lifecam22 3174.09008789 5867.08691406 4.66885995865
1478878913057 lifecam22 3168.01074219 5868.35253906 4.68113660812
1478878913123 lifecam22 3165.34765625 5872.39355469 4.70885562897
1478878913188 lifecam22 3162.99975586 5875.34765625 4.73399686813
1478878913385 lifecam22 3149.12402344 5880.70068359 4.7722826004
1478878913453 lifecam22 3144.95214844 5880.61425781 4.77970600128
1478878913515 lifecam22 3140.85327148 5883.69238281 4.80891942978
1478878913591 lifecam22 3137.50268555 5885.53710938 4.82415819168
1478878913658 lifecam22 3131.53466797 5886.37939453 4.83592939377
1478878913786 lifecam22 3123.41723633 5890.12011719 4.87238550186
1478878913855 lifecam22 3118.8371582 5892.32275391 4.88903999329
1478878913923 lifecam22 3114.21484375 5892.89697266 4.89910078049
1478878913992 lifecam22 3109.5871582 5895.09570312 4.92038536072
1478878914055 lifecam22 3105.70214844 5896.12939453 4.93979930878
1478878914193 lifecam22 3096.40112305 5899.14208984 4.97363185883
1478878914260 lifecam22 3092.23291016 5900.73779297 4.9955329895
1478878914324 lifecam22 3087.11645508 5901.03857422 5.00688409805
1478878914389 lifecam22 3082.37548828 5901.8515625 5.02178955078
1478878914459 lifecam22 3078.15698242 5902.0625 5.03413724899
1478878914530 lifecam22 3073.67700195 5903.33691406 5.05515813828
1478878914589 lifecam22 3068.55151367 5903.06591797 5.06174278259
1478878914650 lifecam22 3064.05957031 5904.57910156 5.08605194092
1478878914722 lifecam22 3059.35131836 5904.56982422 5.09995174408
1478878914931 lifecam22 3045.32128906 5905.46728516 5.14955949783
1478878914986 lifecam22 3040.11132812 5905.39404297 5.16590929031
1478878915057 lifecam22 3036.04052734 5904.21875 5.17428016663
1478878915125 lifecam22 3031.64379883 5906.70410156 5.20399045944
1478878915182 lifecam22 3026.95458984 5905.21533203 5.2095246315
1478878915328 lifecam22 3017.97607422 5904.19775391 5.23886108398
1478878915392 lifecam22 3013.29443359 5905.75683594 5.26737213135
1478878915458 lifecam22 3008.02880859 5904.98486328 5.28090858459
1478878915519 lifecam22 3003.83325195 5905.28320312 5.30268764496
1478878915588 lifecam22 2998.81762695 5904.90039062 5.31589508057
1478878915723 lifecam22 2989.61816406 5903.44775391 5.3506231308
1478878915793 lifecam22 2985.35107422 5902.76367188 5.36232709885
1478878915854 lifecam22 2980.37280273 5902.03369141 5.38331317902
1478878915923 lifecam22 2974.93505859 5901.82177734 5.40140104294
1478878915990 lifecam22 2970.95605469 5900.52050781 5.41684341431
1478878916124 lifecam22 2961.72094727 5899.91845703 5.45866012573
1478878916189 lifecam22 2957.13110352 5897.53027344 5.4719004631
1478878916255 lifecam22 2952.90551758 5896.55322266 5.48586893082
1478878916323 lifecam22 2948.5546875 5896.27050781 5.51031351089
1478878916391 lifecam22 2943.171875 5896.94775391 5.54146289825
1478878916528 lifecam22 2934.50073242 5892.41748047 5.56648778915
1478878916592 lifecam22 2929.67993164 5891.47949219 5.58239889145
1478878916667 lifecam22 2925.17993164 5889.05224609 5.59598731995
1478878916727 lifecam22 2921.55126953 5888.90039062 5.61990261078
1478878916792 lifecam22 2916.37109375 5885.92285156 5.63490772247
1478878916922 lifecam22 2908.53710938 5882.32080078 5.66928052902
1478878916992 lifecam22 2904.80004883 5879.27392578 5.67410039902
1478878917130 lifecam22 2896.33862305 5873.65136719 5.70195150375
1478878917195 lifecam22 2892.47680664 5871.45751953 5.72233963013
1478878917324 lifecam22 2884.0612793 5867.01025391 5.7544336319
1478878917395 lifecam22 2879.30981445 5864.73876953 5.77637672424
1478878917464 lifecam22 2874.88574219 5863.15673828 5.79767036438
1478878917531 lifecam22 2872.01538086 5857.87353516 5.79789924622
1478878917595 lifecam22 2867.89794922 5855.89404297 5.81872224808
1478878917731 lifecam22 2860.04711914 5851.28808594 5.85752630234
1478878917793 lifecam22 2855.99829102 5847.93212891 5.87180614471
1478878917855 lifecam22 2852.04980469 5845.37451172 5.89215803146
1478878917925 lifecam22 2849.57543945 5842.18115234 5.90029907227
1478878917999 lifecam22 2844.43823242 5839.48681641 5.9237909317
1478878918125 lifecam22 2837.40429688 5833.32226562 5.95794391632
1478878918199 lifecam22 2832.89648438 5831.31298828 5.98013973236
1478878918263 lifecam22 2829.7355957 5827.41992188 5.9948554039
1478878918330 lifecam22 2825.82104492 5824.95947266 6.01728534698
1478878918399 lifecam22 2823.45654297 5820.53466797 6.0278635025
1478878918531 lifecam22 2816.28027344 5814.02734375 6.06433820724
1478878918598 lifecam22 2813.59985352 5810.00830078 6.0825715065
1478878918661 lifecam22 2810.4621582 5807.10449219 6.09913444519
1478878918719 lifecam22 2808.02929688 5803.02734375 6.10899877548
1478878918794 lifecam22 2805.48193359 5798.19091797 6.12278556824
1478878918921 lifecam22 2800.00073242 5790.34082031 6.15329694748
1478878918989 lifecam22 2795.57641602 5788.59472656 6.18261671066
1478878919064 lifecam22 2792.74682617 5783.77685547 6.20122480392
1478878919124 lifecam22 2791.20507812 5778.93896484 6.211332798
1478878919195 lifecam22 2785.83569336 5777.98388672 6.24728918076
1478878919337 lifecam22 2782.61889648 5766.02685547 6.25991725922
1478878919390 lifecam22 2779.82714844 5762.70214844 6.27775335312
1478878919458 lifecam22 2777.07617188 5759.13378906 0.0157585777342
1478878919530 lifecam22 2774.80444336 5754.15332031 0.0255538839847
1478878919592 lifecam22 2774.6550293 5747.57568359 0.028214039281
1478878919733 lifecam22 2770.10571289 5741.79638672 0.0784810110927
1478878919801 lifecam22 2768.30761719 5736.31640625 0.0909344553947
1478878919862 lifecam22 2765.81616211 5732.546875 0.109623841941
1478878919935 lifecam22 2764.90478516 5728.01757812 0.119980633259
1478878919995 lifecam22 2765.12939453 5729.23632812 0.118134319782
1478878920198 lifecam22 2765.12939453 5729.23632812 0.118134319782
1478878920264 lifecam22 2764.90234375 5729.28662109 0.118852548301
1478878920331 lifecam22 2765.12939453 5729.23632812 0.118134319782
1478878920401 lifecam22 2765.30249023 5729.21386719 0.116572447121
1478878920465 lifecam22 2765.15942383 5729.07128906 0.116698682308
1478878920535 lifecam22 2765.30249023 5729.21386719 0.116572447121
1478878920595 lifecam22 2765.38623047 5729.02001953 0.115977831185
1478878920667 lifecam22 2765.21386719 5729.04248047 0.117537923157
1478878920732 lifecam22 2765.30249023 5729.21386719 0.116572447121
1478878920801 lifecam22 2765.21386719 5729.04248047 0.117537923157
