1478878811765 lifecam22 3191.86523438 5859.04199219 4.60086488724
1478878811836 lifecam22 3192.55322266 5858.86279297 4.60332536697
1478878811896 lifecam22 3193.13134766 5858.91845703 4.60089874268
1478878811959 lifecam22 3192.67114258 5859.20214844 4.60409450531
1478878812027 lifecam22 3192.6315918 5859.03222656 4.6025094986
1478878812166 lifecam22 3192.6315918 5859.03222656 4.6025094986
1478878812230 lifecam22 3192.67016602 5859.09130859 4.60157060623
1478878812296 lifecam22 3192.38916016 5858.99804688 4.60038089752
1478878812366 lifecam22 3192.6315918 5859.03222656 4.6025094986
1478878812429 lifecam22 3192.6315918 5859.03222656 4.6025094986
1478878812566 lifecam22 3192.78271484 5859.26806641 4.60367155075
1478878812631 lifecam22 3192.38916016 5858.99804688 4.60038089752
1478878812702 lifecam22 3192.91381836 5859.12744141 4.60369873047
1478878812763 lifecam22 3192.44726562 5859.04589844 4.59972476959
1478878812835 lifecam22 3192.67114258 5859.20214844 4.60409450531
1478878813033 lifecam22 3192.53149414 5859.64355469 4.59622812271
1478878813164 lifecam22 3191.27880859 5859.69482422 4.60190296173
1478878813234 lifecam22 3192.05126953 5858.80517578 4.60013866425
1478878813298 lifecam22 3191.85668945 5859.17431641 4.60202789307
1478878813502 lifecam22 3179.85595703 5864.69384766 4.63951921463
1478878813568 lifecam22 3176.99316406 5866.68652344 4.65195703506
1478878813632 lifecam22 3171.69824219 5867.74707031 4.66285848618
1478878813706 lifecam22 3169.04199219 5873.3046875 4.6949057579
1478878813758 lifecam22 3163.32348633 5874.62890625 4.7017531395
1478878813904 lifecam22 3155.14794922 5877.97558594 4.73549509048
1478878813963 lifecam22 3150.57958984 5879.48828125 4.74785470963
1478878814034 lifecam22 3145.01782227 5881.77783203 4.76257228851
1478878814100 lifecam22 3142.16845703 5884.45849609 4.78520727158
1478878814166 lifecam22 3137.36621094 5886.60986328 4.79727268219
1478878814366 lifecam22 3124.77026367 5892.46044922 4.85504627228
1478878814434 lifecam22 3119.42749023 5893.68847656 4.86724042892
1478878814500 lifecam22 3115.78051758 5895.61425781 4.88487482071
1478878814568 lifecam22 3111.62841797 5896.03271484 4.90189552307
1478878814632 lifecam22 3106.84399414 5898.35839844 4.9233379364
1478878814763 lifecam22 3097.19165039 5899.20361328 4.94785356522
1478878814836 lifecam22 3093.96630859 5900.5390625 4.96386432648
1478878814902 lifecam22 3088.58203125 5901.37158203 4.97868490219
1478878814966 lifecam22 3084.66137695 5903.51025391 5.00162696838
1478878815030 lifecam22 3079.22167969 5902.34960938 5.01005458832
1478878815233 lifecam22 3065.88842773 5906.08349609 5.06478643417
1478878815301 lifecam22 3061.19848633 5906.63720703 5.08325338364
1478878815369 lifecam22 3057.33666992 5906.92822266 5.09533596039
1478878815436 lifecam22 3052.03442383 5906.94775391 5.1106262207
1478878815499 lifecam22 3047.5871582 5908.28369141 5.12875843048
1478878815645 lifecam22 3037.85009766 5907.46533203 5.1576499939
1478878815694 lifecam22 3033.89233398 5908.53564453 5.1811003685
1478878815773 lifecam22 3029.05200195 5908.49609375 5.19404792786
1478878815836 lifecam22 3024.14794922 5908.40136719 5.21015882492
1478878815898 lifecam22 3019.3581543 5907.57373047 5.22335100174
1478878816106 lifecam22 3004.77685547 5909.14208984 5.28252506256
1478878816169 lifecam22 3000.59106445 5907.67138672 5.29197835922
1478878816237 lifecam22 2995.56665039 5907.01611328 5.31023836136
1478878816304 lifecam22 2991.61035156 5906.828125 5.32900905609
1478878816367 lifecam22 2985.81054688 5906.03662109 5.34782648087
1478878816511 lifecam22 2976.62084961 5904.71435547 5.38191080093
1478878816573 lifecam22 2973.29882812 5903.28076172 5.38869142532
1478878816638 lifecam22 2968.35571289 5902.93847656 5.41100931168
1478878816710 lifecam22 2963.79321289 5901.68505859 5.42318820953
1478878816776 lifecam22 2959.41064453 5900.87255859 5.44363927841
1478878816975 lifecam22 2944.77612305 5898.08642578 5.50411462784
1478878817038 lifecam22 2941.47949219 5897.62646484 5.52162885666
1478878817106 lifecam22 2936.54589844 5894.08789062 5.53183221817
1478878817235 lifecam22 2927.33569336 5891.62548828 5.56674861908
1478878817438 lifecam22 2914.48291016 5887.4296875 5.62029933929
1478878817498 lifecam22 2910.19604492 5886.39111328 5.63746833801
1478878817571 lifecam22 2905.41503906 5883.70361328 5.65243577957
1478878817639 lifecam22 2901.48413086 5882.97167969 5.67887306213
1478878817710 lifecam22 2896.59326172 5879.61621094 5.68960380554
1478878817850 lifecam22 2888.38549805 5875.81982422 5.7234711647
1478878817904 lifecam22 2883.63208008 5873.62304688 5.74258232117
1478878817971 lifecam22 2879.87304688 5869.91943359 5.75311803818
1478878818040 lifecam22 2875.96411133 5868.02587891 5.77253627777
1478878818109 lifecam22 2872.2512207 5865.7578125 5.78574848175
1478878818301 lifecam22 2860.67822266 5857.45166016 5.83667945862
1478878818367 lifecam22 2856.80004883 5855.50683594 5.85310173035
1478878818440 lifecam22 2853.86694336 5850.68066406 5.86093235016
1478878818508 lifecam22 2849.22387695 5847.95458984 5.8776679039
1478878818572 lifecam22 2845.72705078 5845.65722656 5.90131616592
1478878818777 lifecam22 2834.77001953 5836.01318359 5.95268440247
1478878818842 lifecam22 2831.56762695 5833.22021484 5.9687795639
1478878818906 lifecam22 2827.13085938 5830.38232422 5.98903799057
1478878818975 lifecam22 2824.1628418 5826.62646484 6.0024189949
1478878819039 lifecam22 2820.70849609 5822.47900391 6.01538515091
1478878819177 lifecam22 2813.69262695 5816.62890625 6.05461835861
1478878819241 lifecam22 2810.70166016 5812.65136719 6.06926059723
1478878819302 lifecam22 2808.52856445 5809.13818359 6.08192014694
1478878819367 lifecam22 2804.41333008 5805.84033203 6.10622501373
1478878819440 lifecam22 2801.43579102 5801.92529297 6.12029600143
1478878819583 lifecam22 2794.84692383 5795.0859375 6.1600856781
1478878819646 lifecam22 2792.76196289 5789.54394531 6.16872119904
1478878819709 lifecam22 2789.62646484 5786.47265625 6.18586492538
1478878819778 lifecam22 2786.18896484 5783.73486328 6.21025753021
1478878819847 lifecam22 2785.30029297 5777.87841797 6.21409511566
1478878820041 lifecam22 2777.98022461 5766.61767578 6.27069377899
1478878820107 lifecam22 2777.04248047 5760.52490234 6.27266120911
1478878820176 lifecam22 2773.47973633 5759.81347656 0.0282214321196
1478878820243 lifecam22 2770.49121094 5755.22314453 0.0457157567143
1478878820311 lifecam22 2769.1328125 5749.40625 0.0546061396599
1478878820511 lifecam22 2764.08251953 5734.95605469 0.0918541625142
1478878820578 lifecam22 2762.74291992 5733.98876953 0.100845992565
1478878820645 lifecam22 2763.54638672 5735.17578125 0.0954231619835
1478878820713 lifecam22 2762.84301758 5734.70458984 0.100822985172
1478878820771 lifecam22 2763.4621582 5734.71777344 0.0964706614614
1478878820916 lifecam22 2763.3828125 5734.65234375 0.0972259789705
1478878820974 lifecam22 2763.4621582 5734.71777344 0.0964706614614
1478878821039 lifecam22 2763.11450195 5734.73144531 0.0982057452202
1478878821110 lifecam22 2763.11450195 5734.73144531 0.0982057452202
1478878821179 lifecam22 2763.3828125 5734.65234375 0.0972259789705
1478878821379 lifecam22 2763.11450195 5734.73144531 0.0982057452202
1478878821445 lifecam22 2763.3828125 5734.65234375 0.0972259789705
1478878821512 lifecam22 2763.40356445 5734.49755859 0.0971385911107
1478878821578 lifecam22 2763.3828125 5734.65234375 0.0972259789705
1478878821641 lifecam22 2763.11450195 5734.73144531 0.0982057452202
1478878821783 lifecam22 2763.11450195 5734.73144531 0.0982057452202
1478878821846 lifecam22 2763.3828125 5734.65234375 0.0972259789705
