1478879029835 lifecam22 3188.75024414 5857.95117188 4.59544181824
1478879029903 lifecam22 3188.31030273 5858.01171875 4.59272193909
1478879030042 lifecam22 3188.15576172 5857.76074219 4.58897256851
1478879030105 lifecam22 3188.33813477 5857.74169922 4.58903837204
1478879030169 lifecam22 3188.51123047 5857.93115234 4.5883975029
1478879030234 lifecam22 3189.1105957 5858.26855469 4.59108066559
1478879030302 lifecam22 3189.36987305 5857.65332031 4.58826828003
1478879030443 lifecam22 3188.65063477 5857.35400391 4.58593273163
1478879030507 lifecam22 3188.29858398 5857.53759766 4.58576011658
1478879030570 lifecam22 3187.54296875 5855.68945312 4.57427787781
1478879030630 lifecam22 3186.375 5855.33251953 4.57437992096
1478879030706 lifecam22 3185.9152832 5854.61425781 4.56982803345
1478879030834 lifecam22 3186.27880859 5855.08886719 4.57450962067
1478879030902 lifecam22 3186.18969727 5855.0703125 4.5717587471
1478879031109 lifecam22 3186.9453125 5855.93457031 4.57431077957
1478879031238 lifecam22 3187.62597656 5857.15283203 4.58003520966
1478879031304 lifecam22 3190.50634766 5858.53710938 4.59567689896
1478879031372 lifecam22 3190.48803711 5856.68359375 4.58902597427
1478879031439 lifecam22 3187.19433594 5857.52441406 4.58413553238
1478879031507 lifecam22 3187.82080078 5857.30419922 4.58430719376
1478879031634 lifecam22 3185.44287109 5858.3671875 4.59638500214
1478879031699 lifecam22 3178.52075195 5862.48291016 4.62171983719
1478879031778 lifecam22 3176.73632812 5863.69921875 4.63004159927
1478879031840 lifecam22 3172.84594727 5867.35205078 4.65671825409
1478879031907 lifecam22 3167.17041016 5869.18261719 4.67041778564
1478879032037 lifecam22 3161.86816406 5876.8984375 4.72324848175
1478879032105 lifecam22 3156.09008789 5877.80859375 4.73280096054
1478879032173 lifecam22 3150.43896484 5878.76367188 4.7388586998
1478879032238 lifecam22 3146.58105469 5879.80029297 4.74935150146
1478879032297 lifecam22 3144.20385742 5884.98486328 4.78506040573
1478879032379 lifecam22 3138.36547852 5885.18603516 4.78638029099
1478879032442 lifecam22 3133.64111328 5887.27978516 4.80170583725
1478879032508 lifecam22 3129.34716797 5888.42626953 4.81442213058
1478879032574 lifecam22 3124.28027344 5890.32763672 4.826587677
1478879032641 lifecam22 3121.1550293 5893.07275391 4.85553884506
1478879032843 lifecam22 3106.97485352 5897.00634766 4.89817142487
1478879032908 lifecam22 3103.02685547 5898.21142578 4.91659736633
1478879032975 lifecam22 3098.20996094 5899.46240234 4.93139314651
1478879033042 lifecam22 3094.14746094 5900.95751953 4.9471745491
1478879033102 lifecam22 3089.51513672 5901.40966797 4.96299934387
1478879033233 lifecam22 3080.49194336 5902.42773438 4.99002742767
1478879033307 lifecam22 3075.29003906 5903.39599609 5.00809431076
1478879033373 lifecam22 3070.97924805 5904.66015625 5.02666091919
1478879033440 lifecam22 3065.72705078 5905.41064453 5.04387378693
1478879033507 lifecam22 3060.86157227 5905.41162109 5.05192708969
1478879033646 lifecam22 3052.45605469 5906.77832031 5.08722352982
1478879033708 lifecam22 3047.57788086 5906.4140625 5.10410022736
1478879033773 lifecam22 3042.42260742 5907.05175781 5.11971950531
1478879033843 lifecam22 3038.76831055 5907.93017578 5.13606834412
1478879033911 lifecam22 3033.65478516 5908.21630859 5.15661239624
1478879034041 lifecam22 3024.12353516 5909.66796875 5.19368505478
1478879034109 lifecam22 3020.0390625 5908.79931641 5.20355224609
1478879034178 lifecam22 3014.97143555 5907.87841797 5.21767854691
1478879034242 lifecam22 3010.35742188 5909.47314453 5.24297523499
1478879034303 lifecam22 3005.86669922 5908.66455078 5.25661897659
1478879034446 lifecam22 2996.45092773 5908.51171875 5.2909913063
1478879034511 lifecam22 2990.74023438 5908.50146484 5.31036376953
1478879034578 lifecam22 2987.49731445 5907.67675781 5.32438516617
1478879034641 lifecam22 2981.95922852 5906.81591797 5.34111642838
1478879034708 lifecam22 2977.2019043 5906.78515625 5.36052322388
1478879034848 lifecam22 2968.4206543 5905.11523438 5.38901567459
1478879034912 lifecam22 2964.53564453 5904.35351562 5.4070019722
1478879034977 lifecam22 2959.7421875 5904.55078125 5.43124818802
1478879035044 lifecam22 2954.47973633 5902.59960938 5.44052124023
1478879035108 lifecam22 2949.48876953 5901.73583984 5.46031618118
1478879035249 lifecam22 2940.88061523 5900.74267578 5.5040602684
1478879035305 lifecam22 2936.48071289 5897.93457031 5.51366615295
1478879035443 lifecam22 2927.7902832 5895.76904297 5.54903841019
1478879035509 lifecam22 2922.68652344 5893.3828125 5.5623049736
1478879035649 lifecam22 2913.95849609 5891.22802734 5.60312700272
1478879035713 lifecam22 2909.20874023 5889.71386719 5.62456464767
1478879035780 lifecam22 2905.6105957 5886.71875 5.6314663887
1478879035845 lifecam22 2900.53173828 5884.46337891 5.64564418793
1478879035912 lifecam22 2897.25292969 5882.82958984 5.66374826431
1478879036037 lifecam22 2888.39599609 5878.35644531 5.69596672058
1478879036110 lifecam22 2883.57983398 5875.93847656 5.71688175201
1478879036177 lifecam22 2879.83911133 5875.10009766 5.73604154587
1478879036245 lifecam22 2876.33007812 5869.9375 5.74346733093
1478879036304 lifecam22 2871.72314453 5869.56396484 5.76702833176
1478879036442 lifecam22 2862.94042969 5865.05371094 5.80474281311
1478879036514 lifecam22 2860.33764648 5861.05175781 5.81184673309
1478879036578 lifecam22 2855.61254883 5859.01611328 5.83277368546
1478879036647 lifecam22 2852.5546875 5856.71826172 5.84708452225
1478879036846 lifecam22 2841.98852539 5846.20410156 5.88888168335
1478879036917 lifecam22 2836.16845703 5844.89990234 5.91873884201
1478879036980 lifecam22 2833.53491211 5840.67089844 5.92916440964
1478879037040 lifecam22 2829.33935547 5837.56494141 5.94823217392
1478879037104 lifecam22 2826.27954102 5834.64648438 5.96377277374
1478879037251 lifecam22 2819.07910156 5829.16113281 6.00275373459
1478879037312 lifecam22 2815.55151367 5825.48583984 6.01931190491
1478879037374 lifecam22 2811.48339844 5822.38427734 6.0375123024
1478879037441 lifecam22 2808.88378906 5818.97167969 6.05131912231
1478879037507 lifecam22 2805.50634766 5814.57177734 6.06371831894
1478879037575 lifecam22 2802.921875 5811.32421875 6.07979440689
1478879037640 lifecam22 2799.81201172 5807.51025391 6.09645080566
1478879037705 lifecam22 2796.84350586 5803.68701172 6.11129570007
1478879037787 lifecam22 2792.77270508 5800.58349609 6.13468074799
1478879037850 lifecam22 2789.61157227 5795.93164062 6.15310764313
1478879037983 lifecam22 2784.22460938 5788.2265625 6.18550205231
1478879038046 lifecam22 2781.1953125 5784.35498047 6.20356559753
1478879038115 lifecam22 2778.42041016 5780.21191406 6.22017240524
1478879038182 lifecam22 2776.58129883 5776.48974609 6.23676872253
1478879038245 lifecam22 2773.81616211 5772.05908203 6.25553369522
1478879038385 lifecam22 2768.91650391 5765.99121094 0.0116155799478
1478879038446 lifecam22 2768.15356445 5760.49560547 0.0199249405414
1478879038516 lifecam22 2768.14648438 5754.25634766 0.0223769564182
1478879038584 lifecam22 2763.98901367 5751.88378906 0.0497969985008
1478879038641 lifecam22 2761.56567383 5747.00097656 0.0656241774559
1478879038788 lifecam22 2760.98046875 5735.61376953 0.0670258402824
1478879038847 lifecam22 2760.89282227 5739.03417969 0.0691069960594
1478879038912 lifecam22 2760.41967773 5739.19580078 0.0733268931508
1478879038984 lifecam22 2760.29980469 5738.42871094 0.0741419270635
1478879039049 lifecam22 2760.53833008 5738.36035156 0.0720229819417
1478879039181 lifecam22 2760.53833008 5738.36035156 0.0720229819417
1478879039242 lifecam22 2760.6652832 5738.52490234 0.0721119120717
1478879039316 lifecam22 2760.69165039 5738.36572266 0.0719385817647
1478879039382 lifecam22 2760.53833008 5738.36035156 0.0720229819417
1478879039444 lifecam22 2760.6652832 5738.52490234 0.0721119120717
1478879039522 lifecam22 2760.69165039 5738.36572266 0.0719385817647
1478879039584 lifecam22 2760.2734375 5738.58740234 0.0743137001991
