1478873940944 lifecam22 3199.27197266 5861.85351562 4.66419696808
1478873941003 lifecam22 3198.98486328 5861.74462891 4.66301250458
1478873941066 lifecam22 3199.32299805 5861.93212891 4.66497135162
1478873941132 lifecam22 3199.32299805 5861.93212891 4.66497135162
1478873941198 lifecam22 3198.72509766 5861.53613281 4.66112709045
1478873941398 lifecam22 3198.73071289 5861.69580078 4.66241693497
1478873941465 lifecam22 3198.73071289 5861.69580078 4.66241693497
1478873941536 lifecam22 3198.34985352 5861.34375 4.6604475975
1478873941606 lifecam22 3198.67700195 5861.61328125 4.6616024971
1478873941665 lifecam22 3198.76367188 5861.43310547 4.66151618958
1478873941871 lifecam22 3198.76928711 5861.26464844 4.66128063202
1478873941928 lifecam22 3199.44335938 5861.60791016 4.66487026215
1478873941998 lifecam22 3199.05834961 5861.37402344 4.66246604919
1478873942065 lifecam22 3198.34985352 5861.34375 4.6604475975
1478873942135 lifecam22 3199.37304688 5861.50488281 4.66386318207
1478873942342 lifecam22 3200.32080078 5862.6328125 4.66700458527
1478873942462 lifecam22 3199.21826172 5861.96630859 4.66401290894
1478873942531 lifecam22 3198.7902832 5861.61035156 4.6629948616
1478873942598 lifecam22 3199.32299805 5861.93212891 4.66497135162
1478873942731 lifecam22 3181.95532227 5859.17724609 4.64517402649
1478873942799 lifecam22 3175.72680664 5856.88378906 4.62862920761
1478873942864 lifecam22 3167.97583008 5855.5390625 4.61814546585
1478873942934 lifecam22 3159.77294922 5853.94775391 4.60477590561
1478873943002 lifecam22 3152.94628906 5851.96679688 4.58843231201
1478873943198 lifecam22 3129.57202148 5847.60253906 4.54533624649
1478873943264 lifecam22 3122.23754883 5846.04003906 4.53309345245
1478873943333 lifecam22 3114.56518555 5844.65673828 4.52052688599
1478873943399 lifecam22 3106.72509766 5843.89257812 4.50200653076
1478873943461 lifecam22 3100.04541016 5843.53759766 4.49576282501
1478873943606 lifecam22 3084.22070312 5841.78857422 4.46343564987
1478873943667 lifecam22 3075.81689453 5839.7578125 4.44557666779
1478873943734 lifecam22 3067.80126953 5839.79492188 4.4314494133
1478873943797 lifecam22 3059.75366211 5839.12548828 4.41504144669
1478873943870 lifecam22 3051.65966797 5838.21386719 4.3958439827
1478873944069 lifecam22 3028.51806641 5837.79248047 4.35226106644
1478873944137 lifecam22 3019.85986328 5837.70361328 4.33604955673
1478873944201 lifecam22 3012.06713867 5838.14404297 4.32028532028
1478873944265 lifecam22 3005.19946289 5838.66601562 4.30911779404
1478873944330 lifecam22 2997.52246094 5839.52734375 4.29732275009
1478873944475 lifecam22 2982.58837891 5840.38037109 4.26775217056
1478873944540 lifecam22 2974.39941406 5840.83789062 4.25017213821
1478873944599 lifecam22 2967.89331055 5842.73242188 4.24305105209
1478873944668 lifecam22 2959.33666992 5843.29541016 4.2255563736
1478873944743 lifecam22 2951.88696289 5844.1875 4.20687294006
1478873944941 lifecam22 2929.20288086 5848.62597656 4.16329622269
1478873945000 lifecam22 2921.41601562 5849.60693359 4.14952087402
1478873945067 lifecam22 2912.90673828 5851.36572266 4.13115978241
1478873945134 lifecam22 2907.05273438 5852.84716797 4.12363481522
1478873945201 lifecam22 2898.13818359 5854.50097656 4.10181331635
1478873945400 lifecam22 2875.94946289 5861.10009766 4.06001663208
1478873945472 lifecam22 2867.42041016 5864.15966797 4.041888237
1478873945541 lifecam22 2860.23852539 5866.734375 4.02811193466
1478873945603 lifecam22 2854.43530273 5869.68994141 4.01859331131
1478873945676 lifecam22 2844.59521484 5871.66552734 3.99515104294
1478873945818 lifecam22 2833.18408203 5878.27001953 3.98366141319
1478873945865 lifecam22 2825.12792969 5879.19189453 3.96618056297
1478873945938 lifecam22 2815.06005859 5884.41455078 3.93514990807
1478873946007 lifecam22 2806.62939453 5886.78222656 3.91624426842
1478873946072 lifecam22 2801.86743164 5890.37646484 3.90779900551
1478873946134 lifecam22 2795.45117188 5894.9609375 3.89631938934
1478873946274 lifecam22 2779.92138672 5901.85839844 3.85821604729
1478873946338 lifecam22 2773.45898438 5905.03564453 3.84419465065
1478873946403 lifecam22 2765.66235352 5909.02294922 3.82753443718
1478873946470 lifecam22 2759.76464844 5913.08935547 3.81285500526
1478873946535 lifecam22 2752.00366211 5917.63330078 3.79367423058
1478873946687 lifecam22 2740.18041992 5926.76611328 3.76722311974
1478873946739 lifecam22 2733.90795898 5931.09423828 3.75622105598
1478873946806 lifecam22 2727.66772461 5935.47314453 3.73867416382
1478873946875 lifecam22 2720.26269531 5940.32519531 3.722666502
1478873946941 lifecam22 2715.34472656 5944.26220703 3.71104669571
1478873947141 lifecam22 2695.49194336 5958.88916016 3.65803956985
1478873947212 lifecam22 2689.22924805 5964.04541016 3.6441617012
1478873947273 lifecam22 2683.4675293 5969.109375 3.63086128235
1478873947338 lifecam22 2678.15429688 5974.18115234 3.61396360397
1478873947400 lifecam22 2670.53759766 5980.15722656 3.59594917297
1478873947608 lifecam22 2653.39135742 5996.24560547 3.5479016304
1478873947683 lifecam22 2649.40014648 6001.52587891 3.5396065712
1478873947743 lifecam22 2642.84228516 6008.50439453 3.52033376694
1478873947810 lifecam22 2639.86767578 6012.48388672 3.51781892776
1478873947880 lifecam22 2634.56811523 6018.93847656 3.50061798096
1478873948076 lifecam22 2618.33129883 6037.44677734 3.45274734497
1478873948136 lifecam22 2616.06152344 6043.29638672 3.45020627975
1478873948212 lifecam22 2610.51635742 6049.17578125 3.43248081207
1478873948274 lifecam22 2607.04711914 6055.07373047 3.42213630676
1478873948339 lifecam22 2602.02661133 6062.38574219 3.40367984772
1478873948478 lifecam22 2593.12597656 6074.71191406 3.3747677803
1478873948541 lifecam22 2589.33129883 6080.83007812 3.36081171036
1478873948605 lifecam22 2583.77416992 6088.33154297 3.33998584747
1478873948679 lifecam22 2579.80664062 6094.8359375 3.32224321365
1478873948748 lifecam22 2575.8425293 6101.55029297 3.30762767792
1478873948951 lifecam22 2564.29931641 6121.94287109 3.26791620255
1478873949013 lifecam22 2561.75634766 6129.48486328 3.25427627563
1478873949079 lifecam22 2557.88500977 6135.984375 3.23760795593
1478873949142 lifecam22 2554.59472656 6142.54785156 3.22376775742
1478873949206 lifecam22 2552.22485352 6149.29541016 3.21117448807
1478873949349 lifecam22 2545.64355469 6164.42919922 3.17604970932
1478873949414 lifecam22 2540.93359375 6171.96630859 3.16024065018
1478873949476 lifecam22 2539.44433594 6179.36181641 3.15658569336
1478873949544 lifecam22 2535.11010742 6187.83984375 3.12849450111
1478873949609 lifecam22 2533.55957031 6194.55273438 3.11339640617
1478873949815 lifecam22 2527.20507812 6216.5390625 3.07551026344
1478873949881 lifecam22 2527.0637207 6216.12353516 3.07436013222
1478873949948 lifecam22 2527.02392578 6215.29492188 3.0743868351
1478873950012 lifecam22 2527.015625 6215.26367188 3.07432579994
1478873950078 lifecam22 2527.07885742 6215.22509766 3.07494711876
1478873950288 lifecam22 2526.98120117 6215.20019531 3.07402634621
1478873950341 lifecam22 2527.12084961 6215.31933594 3.0753057003
1478873950417 lifecam22 2527.07885742 6215.22509766 3.07494711876
1478873950481 lifecam22 2527.015625 6215.26367188 3.07432579994
1478873950549 lifecam22 2526.70263672 6215.40820312 3.07125067711
1478873950745 lifecam22 2527.17822266 6215.40576172 3.07459187508
1478873950818 lifecam22 2527.14575195 6215.68994141 3.0753595829
