1478873345335 lifecam22 3196.1484375 5862.95849609 4.6444144249
1478873345477 lifecam22 3196.66894531 5862.37060547 4.64127206802
1478873345534 lifecam22 3196.40698242 5863.06152344 4.64557170868
1478873345606 lifecam22 3196.66894531 5862.37060547 4.64127206802
1478873345683 lifecam22 3196.09179688 5862.87353516 4.64358377457
1478873345741 lifecam22 3196.33300781 5862.8828125 4.64317464828
1478873345938 lifecam22 3196.35009766 5863.04833984 4.64347362518
1478873346006 lifecam22 3196.06738281 5862.55224609 4.64122676849
1478873346069 lifecam22 3196.61010742 5863.12890625 4.64442634583
1478873346141 lifecam22 3196.59179688 5862.98486328 4.64432907104
1478873346201 lifecam22 3196.17041016 5862.77441406 4.64071655273
1478873346348 lifecam22 3196.41235352 5863.35742188 4.64257383347
1478873346414 lifecam22 3196.05932617 5863.18798828 4.64191198349
1478873346476 lifecam22 3196.03857422 5862.54199219 4.63845682144
1478873346538 lifecam22 3196.26953125 5863.11474609 4.64142990112
1478873346616 lifecam22 3196.28344727 5863.12353516 4.64031076431
1478873346739 lifecam22 3196.39599609 5863.87255859 4.64091873169
1478873346812 lifecam22 3196.47412109 5864.3203125 4.64395189285
1478873346872 lifecam22 3196.3515625 5864.58398438 4.64378356934
1478873346936 lifecam22 3196.2578125 5863.37304688 4.64120769501
1478873347011 lifecam22 3195.65527344 5862.86035156 4.64169692993
1478873347153 lifecam22 3192.83374023 5862.82910156 4.64059305191
1478873347212 lifecam22 3181.17260742 5861.27490234 4.63009929657
1478873347282 lifecam22 3176.66455078 5859.04980469 4.61726379395
1478873347343 lifecam22 3169.05371094 5857.66308594 4.600897789
1478873347410 lifecam22 3159.72192383 5854.80273438 4.58317756653
1478873347545 lifecam22 3146.08984375 5851.68554688 4.5560965538
1478873347606 lifecam22 3137.44506836 5850.34863281 4.53630876541
1478873347672 lifecam22 3129.72021484 5849.66699219 4.52616119385
1478873347743 lifecam22 3122.43066406 5848.11523438 4.51204013824
1478873347804 lifecam22 3113.76391602 5847.515625 4.49170589447
1478873347948 lifecam22 3098.89160156 5845.47314453 4.46719026566
1478873348012 lifecam22 3090.60571289 5844.26611328 4.4490237236
1478873348084 lifecam22 3083.46118164 5843.49609375 4.43823814392
1478873348141 lifecam22 3075.73193359 5843.09960938 4.42299127579
1478873348210 lifecam22 3067.33398438 5842.52539062 4.40760374069
1478873348353 lifecam22 3051.91259766 5842.36230469 4.37884902954
1478873348417 lifecam22 3043.23461914 5840.9453125 4.35683059692
1478873348474 lifecam22 3035.72387695 5840.81201172 4.34123039246
1478873348540 lifecam22 3027.6628418 5841.83935547 4.33023738861
1478873348607 lifecam22 3020.36645508 5840.6875 4.31175518036
1478873348744 lifecam22 3004.41381836 5841.92675781 4.28258752823
1478873348813 lifecam22 2998.40136719 5843.53271484 4.27348089218
1478873348877 lifecam22 2989.42675781 5843.8125 4.25776576996
1478873348944 lifecam22 2983.12817383 5845.59472656 4.25027132034
1478873349012 lifecam22 2973.12817383 5846.62060547 4.22501373291
1478873349146 lifecam22 2959.51855469 5848.97802734 4.19881772995
1478873349218 lifecam22 2951.35180664 5850.06933594 4.18657302856
1478873349279 lifecam22 2944.53442383 5851.56640625 4.171854496
1478873349348 lifecam22 2936.17578125 5853.31591797 4.15606737137
1478873349410 lifecam22 2928.34545898 5855.00292969 4.14146089554
1478873349557 lifecam22 2914.99609375 5858.84228516 4.11695814133
1478873349620 lifecam22 2905.77319336 5860.26464844 4.09780263901
1478873349688 lifecam22 2898.95068359 5862.43896484 4.08219337463
1478873349745 lifecam22 2890.84277344 5864.43847656 4.067507267
1478873349819 lifecam22 2882.87695312 5867.00683594 4.04846191406
1478873349954 lifecam22 2867.63720703 5871.58105469 4.01818561554
1478873350016 lifecam22 2860.96972656 5875.16308594 4.00562763214
1478873350080 lifecam22 2853.28759766 5877.08251953 3.99114394188
1478873350146 lifecam22 2847.46435547 5879.40673828 3.97985672951
1478873350218 lifecam22 2839.82543945 5884.36669922 3.96809983253
1478873350353 lifecam22 2823.05883789 5889.84130859 3.9168150425
1478873350423 lifecam22 2813.76464844 5892.51513672 3.89334416389
1478873350486 lifecam22 2807.3828125 5896.70019531 3.88373279572
1478873350541 lifecam22 2802.72290039 5899.68652344 3.87709093094
1478873350618 lifecam22 2793.96484375 5904.59570312 3.85712409019
1478873350751 lifecam22 2779.83398438 5911.58691406 3.82915568352
1478873350822 lifecam22 2774.29956055 5914.91455078 3.81839585304
1478873350883 lifecam22 2767.58496094 5919.15332031 3.80018281937
1478873350961 lifecam22 2761.15527344 5923.671875 3.78963160515
1478873351021 lifecam22 2754.21875 5927.72949219 3.77114200592
1478873351155 lifecam22 2741.33007812 5936.31933594 3.74456524849
1478873351214 lifecam22 2736.01611328 5940.90820312 3.73246622086
1478873351286 lifecam22 2728.88989258 5946.55224609 3.71334505081
1478873351349 lifecam22 2723.99316406 5950.51269531 3.70547533035
1478873351418 lifecam22 2717.25708008 5955.66796875 3.68692040443
1478873351614 lifecam22 2697.1730957 5970.57421875 3.63460731506
1478873351693 lifecam22 2691.97509766 5976.32128906 3.61976051331
1478873351746 lifecam22 2686.37890625 5981.32617188 3.6099896431
1478873351811 lifecam22 2681.31933594 5986.65283203 3.59882688522
1478873351896 lifecam22 2675.27416992 5992.74121094 3.58005046844
1478873352032 lifecam22 2664.06835938 6003.64697266 3.54951810837
1478873352090 lifecam22 2659.24414062 6008.56005859 3.53606367111
1478873352152 lifecam22 2653.03955078 6014.29150391 3.51855373383
1478873352218 lifecam22 2648.34106445 6020.11914062 3.50361442566
1478873352278 lifecam22 2642.96875 6026.28808594 3.48873519897
1478873352420 lifecam22 2633.59008789 6038.97363281 3.46032047272
1478873352484 lifecam22 2629.9387207 6043.69238281 3.45611619949
1478873352558 lifecam22 2625.18115234 6050.56494141 3.44121694565
1478873352610 lifecam22 2621.07373047 6056.63330078 3.42632484436
1478873352680 lifecam22 2615.453125 6063.14501953 3.4088640213
1478873352822 lifecam22 2606.58813477 6075.79296875 3.37726593018
1478873352889 lifecam22 2602.50268555 6082.61279297 3.36215877533
1478873352946 lifecam22 2598.6574707 6088.69140625 3.35062408447
1478873353015 lifecam22 2593.71435547 6096.72021484 3.33189344406
1478873353081 lifecam22 2590.00244141 6102.10986328 3.31903600693
1478873353286 lifecam22 2578.63256836 6122.42578125 3.27535057068
1478873353359 lifecam22 2573.99975586 6130.13574219 3.25806045532
1478873353425 lifecam22 2570.53051758 6136.69140625 3.23938751221
1478873353492 lifecam22 2567.15234375 6144.52636719 3.22585058212
1478873353555 lifecam22 2564.50097656 6149.68701172 3.21238040924
1478873353689 lifecam22 2558.02807617 6163.75683594 3.19064903259
1478873353745 lifecam22 2555.42163086 6171.06103516 3.17316865921
1478873353816 lifecam22 2550.6862793 6180.97900391 3.14629554749
1478873353883 lifecam22 2550.61694336 6187.75634766 3.14578819275
1478873353947 lifecam22 2549.29052734 6194.72802734 3.13023400307
1478873354154 lifecam22 2540.51464844 6216.82763672 3.07755637169
1478873354223 lifecam22 2538.72460938 6224.56738281 3.06552100182
1478873354290 lifecam22 2536.76855469 6231.00341797 3.05680584908
1478873354358 lifecam22 2537.85449219 6230.77099609 3.05929303169
1478873354423 lifecam22 2537.66210938 6229.67724609 3.06155562401
1478873354558 lifecam22 2537.86401367 6229.84570312 3.06125426292
1478873354625 lifecam22 2537.64916992 6229.80664062 3.06177687645
1478873354681 lifecam22 2537.7890625 6230.37548828 3.06019473076
1478873354747 lifecam22 2537.77392578 6229.80029297 3.06172013283
1478873354817 lifecam22 2537.86401367 6229.84570312 3.06125426292
1478873355024 lifecam22 2537.70800781 6230.16357422 3.0595805645
1478873355090 lifecam22 2537.67895508 6230.19824219 3.06056189537
1478873355159 lifecam22 2537.75268555 6229.98583984 3.06139683723
1478873355228 lifecam22 2537.86352539 6230.00439453 3.06114220619
1478873355291 lifecam22 2537.86401367 6229.84570312 3.06125426292
1478873355424 lifecam22 2537.75268555 6229.98583984 3.06139683723
1478873355486 lifecam22 2537.86401367 6229.84570312 3.06125426292
1478873355554 lifecam22 2537.77441406 6229.64160156 3.06183171272
1478873355627 lifecam22 2537.84082031 6229.87792969 3.06224989891
1478873355821 lifecam22 2537.86401367 6229.84570312 3.06125426292
1478873355897 lifecam22 2537.75268555 6229.98583984 3.06139683723
1478873355958 lifecam22 2537.90063477 6229.79785156 3.06163859367
1478873356019 lifecam22 2537.86401367 6229.84570312 3.06125426292
