1478873919760 lifecam22 3205.30029297 5863.22851562 4.70749139786
1478873919836 lifecam22 3205.45996094 5863.38964844 4.70765972137
1478873919901 lifecam22 3205.47094727 5863.70068359 4.70922803879
1478873919974 lifecam22 3205.48193359 5863.57324219 4.7080373764
1478873920170 lifecam22 3205.48193359 5863.57324219 4.7080373764
1478873920234 lifecam22 3206.36914062 5864.61767578 4.71373462677
1478873920298 lifecam22 3206.39672852 5864.51660156 4.71277332306
1478873920365 lifecam22 3205.71704102 5864.08886719 4.71016597748
1478873920432 lifecam22 3206.39672852 5864.51660156 4.71277332306
1478873920569 lifecam22 3206.39672852 5864.51660156 4.71277332306
1478873920630 lifecam22 3206.14208984 5864.43115234 4.71046209335
1478873920703 lifecam22 3206.39672852 5864.51660156 4.71277332306
1478873920768 lifecam22 3205.66186523 5864.01123047 4.71079158783
1478873920841 lifecam22 3206.04052734 5864.42578125 4.71447277069
1478873920970 lifecam22 3198.01049805 5861.71630859 4.69893407822
1478873921036 lifecam22 3190.68579102 5861.39550781 4.69602680206
1478873921101 lifecam22 3182.58496094 5856.62353516 4.65907430649
1478873921175 lifecam22 3177.58496094 5856.40087891 4.65945100784
1478873921236 lifecam22 3169.5612793 5853.71826172 4.65232563019
1478873921374 lifecam22 3154.28759766 5849.18408203 4.61905813217
1478873921437 lifecam22 3146.21704102 5846.90234375 4.60486125946
1478873921507 lifecam22 3139.26171875 5845.93505859 4.59483528137
1478873921570 lifecam22 3131.77294922 5844.20654297 4.57745885849
1478873921636 lifecam22 3123.55273438 5842.82470703 4.56308841705
1478873921834 lifecam22 3100.43701172 5837.78515625 4.51713514328
1478873921907 lifecam22 3093.20751953 5836.97900391 4.50246524811
1478873921972 lifecam22 3084.91357422 5836.53857422 4.49074888229
1478873922035 lifecam22 3077.72827148 5835.10009766 4.47607517242
1478873922101 lifecam22 3070.15429688 5834.61914062 4.45936965942
1478873922240 lifecam22 3053.80102539 5832.5 4.42379713058
1478873922305 lifecam22 3045.6262207 5830.96386719 4.40648937225
1478873922372 lifecam22 3038.11499023 5831.15332031 4.39280366898
1478873922438 lifecam22 3029.71508789 5830.91601562 4.37639474869
1478873922503 lifecam22 3022.15063477 5830.42822266 4.3642206192
1478873922564 lifecam22 3015.00415039 5831.64501953 4.35490465164
1478873922634 lifecam22 3007.0090332 5831.27587891 4.34100246429
1478873922699 lifecam22 2999.87915039 5832.00488281 4.32747888565
1478873922772 lifecam22 2991.31420898 5832.6796875 4.30789661407
1478873922838 lifecam22 2983.98071289 5832.85205078 4.29415035248
1478873922969 lifecam22 2968.46459961 5833.60302734 4.26786375046
1478873923041 lifecam22 2962.14379883 5834.84326172 4.25735759735
1478873923103 lifecam22 2953.93212891 5836.05859375 4.24094724655
1478873923170 lifecam22 2945.44189453 5836.22314453 4.22543621063
1478873923240 lifecam22 2938.50805664 5837.44726562 4.20925140381
1478873923377 lifecam22 2923.16088867 5839.25146484 4.17681360245
1478873923442 lifecam22 2914.85351562 5841.30761719 4.15792131424
1478873923505 lifecam22 2906.8203125 5842.35595703 4.14049005508
1478873923569 lifecam22 2898.94458008 5844.46582031 4.12845373154
1478873923635 lifecam22 2892.57592773 5845.7734375 4.11942720413
1478873923769 lifecam22 2877.68652344 5850.48046875 4.09023094177
1478873923841 lifecam22 2869.28149414 5852.35693359 4.06846380234
1478873923909 lifecam22 2861.66625977 5855.18359375 4.05797243118
1478873923970 lifecam22 2853.66333008 5857.20068359 4.04074239731
1478873924037 lifecam22 2845.5480957 5859.95800781 4.02293539047
1478873924176 lifecam22 2829.45483398 5865.68652344 3.98616528511
1478873924244 lifecam22 2823.36303711 5868.55224609 3.97671413422
1478873924308 lifecam22 2818.46044922 5871.77832031 3.97554755211
1478873924373 lifecam22 2809.54980469 5874.08740234 3.95732665062
1478873924438 lifecam22 2801.20898438 5877.703125 3.93207859993
1478873924642 lifecam22 2781.4699707 5888.15087891 3.89362883568
1478873924702 lifecam22 2773.08666992 5891.34960938 3.87137341499
1478873924769 lifecam22 2766.4675293 5895.97460938 3.85575866699
1478873924841 lifecam22 2758.80859375 5898.39697266 3.83898282051
1478873924906 lifecam22 2751.87670898 5902.99902344 3.82001900673
1478873925114 lifecam22 2732.81811523 5915.71923828 3.77914500237
1478873925179 lifecam22 2726.52246094 5920.21972656 3.76570320129
1478873925244 lifecam22 2719.66552734 5924.12255859 3.74848651886
1478873925308 lifecam22 2714.05639648 5929.06298828 3.73864030838
1478873925371 lifecam22 2705.85327148 5933.51513672 3.71679067612
1478873925505 lifecam22 2694.62524414 5943.65087891 3.68744015694
1478873925572 lifecam22 2687.55541992 5947.89892578 3.67169380188
1478873925642 lifecam22 2682.47338867 5952.69628906 3.65934157372
1478873925704 lifecam22 2676.58959961 5957.48095703 3.64851784706
1478873925782 lifecam22 2670.30981445 5962.74755859 3.62910938263
1478873925981 lifecam22 2653.40991211 5978.23535156 3.58446025848
1478873926046 lifecam22 2647.17871094 5984.16357422 3.57075452805
1478873926114 lifecam22 2642.44140625 5989.58154297 3.56111049652
1478873926180 lifecam22 2636.34326172 5995.27099609 3.54429531097
1478873926244 lifecam22 2631.99633789 6001.17919922 3.53622436523
1478873926378 lifecam22 2621.73095703 6012.82080078 3.50300741196
1478873926444 lifecam22 2616.10058594 6018.83691406 3.48447084427
1478873926508 lifecam22 2611.91772461 6023.86962891 3.47362565994
1478873926575 lifecam22 2605.97216797 6030.90185547 3.45717954636
1478873926781 lifecam22 2592.7578125 6048.78417969 3.41766166687
1478873926848 lifecam22 2588.53857422 6055.16015625 3.40130233765
1478873926914 lifecam22 2583.53222656 6061.37353516 3.38559627533
1478873926979 lifecam22 2580.01733398 6067.90576172 3.37326049805
1478873927046 lifecam22 2574.95947266 6074.47802734 3.35642910004
1478873927187 lifecam22 2566.97827148 6088.18164062 3.32729721069
1478873927246 lifecam22 2562.94262695 6094.89648438 3.31393575668
1478873927311 lifecam22 2558.92529297 6102.27685547 3.29180765152
1478873927381 lifecam22 2556.09692383 6108.57421875 3.28571271896
1478873927438 lifecam22 2551.03857422 6115.64746094 3.26424741745
1478873927581 lifecam22 2544.59887695 6130.01513672 3.23905706406
1478873927649 lifecam22 2542.29150391 6136.32910156 3.22913122177
1478873927708 lifecam22 2539.01782227 6142.22607422 3.21608734131
1478873927772 lifecam22 2535.64624023 6149.69677734 3.20377063751
1478873927843 lifecam22 2532.89550781 6157.14990234 3.18416500092
1478873927973 lifecam22 2525.91748047 6172.42138672 3.15603733063
1478873928047 lifecam22 2521.9675293 6180.1796875 3.13307499886
1478873928115 lifecam22 2519.70922852 6186.45800781 3.11486697197
1478873928180 lifecam22 2521.875 6188.16894531 3.13584828377
1478873928311 lifecam22 2521.26196289 6187.94384766 3.12995839119
1478873928377 lifecam22 2520.27954102 6187.66162109 3.12044072151
1478873928445 lifecam22 2521.18530273 6187.45751953 3.12922072411
1478873928513 lifecam22 2520.81665039 6187.60058594 3.12565636635
1478873928578 lifecam22 2521.18530273 6187.45751953 3.12922072411
1478873928785 lifecam22 2521.01049805 6187.51757812 3.12753176689
1478873928849 lifecam22 2520.77734375 6187.64501953 3.12527775764
1478873928911 lifecam22 2521.18530273 6187.45751953 3.12922072411
1478873928981 lifecam22 2521.18530273 6187.45751953 3.12922072411
1478873929045 lifecam22 2521.18530273 6187.45751953 3.12922072411
1478873929179 lifecam22 2521.2265625 6187.42382812 3.12962031364
1478873929249 lifecam22 2520.77734375 6187.64501953 3.12527775764
1478873929316 lifecam22 2521.18530273 6187.45751953 3.12922072411
1478873929383 lifecam22 2521.01049805 6187.51757812 3.12753176689
1478873929447 lifecam22 2521.18530273 6187.45751953 3.12922072411
1478873929590 lifecam22 2520.81665039 6187.60058594 3.12565636635
