1478873147096 lifecam22 3204.98022461 5867.17431641 4.69866466522
1478873147170 lifecam22 3205.13354492 5866.90283203 4.70003986359
1478873147306 lifecam22 3205.13354492 5866.90283203 4.70003986359
1478873147359 lifecam22 3204.93530273 5867.27490234 4.69826221466
1478873147426 lifecam22 3205.19482422 5867.64013672 4.70059299469
1478873147496 lifecam22 3204.93530273 5867.27490234 4.69826221466
1478873147560 lifecam22 3204.93530273 5867.27490234 4.69826221466
1478873147769 lifecam22 3204.67236328 5867.64941406 4.70055866241
1478873147903 lifecam22 3204.93530273 5867.27490234 4.69826221466
1478873147976 lifecam22 3204.93530273 5867.27490234 4.69826221466
1478873148038 lifecam22 3204.72070312 5866.80957031 4.69633769989
1478873148238 lifecam22 3205.05395508 5867.64257812 4.70058393478
1478873148308 lifecam22 3205.10888672 5867.69482422 4.69982337952
1478873148364 lifecam22 3204.87475586 5868.02294922 4.69772291183
1478873148436 lifecam22 3204.61450195 5868.078125 4.69538879395
1478873148499 lifecam22 3204.94018555 5868.08740234 4.69830703735
1478873148697 lifecam22 3203.98876953 5865.48339844 4.68980407715
1478873148766 lifecam22 3204.67236328 5867.64941406 4.70055866241
1478873148843 lifecam22 3189.03173828 5864.08300781 4.67469930649
1478873148897 lifecam22 3184.92773438 5861.46679688 4.66327285767
1478873148970 lifecam22 3181.44067383 5862.37402344 4.67513465881
1478873149174 lifecam22 3157.55493164 5854.93896484 4.61947250366
1478873149241 lifecam22 3147.81811523 5851.39697266 4.59727144241
1478873149305 lifecam22 3141.16210938 5850.37207031 4.58310270309
1478873149374 lifecam22 3132.13964844 5847.93652344 4.56382083893
1478873149433 lifecam22 3124.06420898 5846.06347656 4.54654121399
1478873149629 lifecam22 3101.77270508 5842.50048828 4.50479221344
1478873149700 lifecam22 3092.45898438 5839.88330078 4.48416900635
1478873149763 lifecam22 3085.8269043 5839.05029297 4.47028541565
1478873149832 lifecam22 3077.60742188 5838.02587891 4.45588684082
1478873149899 lifecam22 3070.01171875 5837.6015625 4.44318294525
1478873150100 lifecam22 3048.04858398 5837.70117188 4.4070687294
1478873150167 lifecam22 3040.33911133 5837.26171875 4.39322376251
1478873150239 lifecam22 3031.7487793 5836.55224609 4.37459230423
1478873150291 lifecam22 3023.08056641 5836.48291016 4.35672998428
1478873150366 lifecam22 3016.05004883 5836.30761719 4.34687566757
1478873150576 lifecam22 2992.64770508 5836.60498047 4.29640340805
1478873150632 lifecam22 2985.046875 5837.58007812 4.28328800201
1478873150698 lifecam22 2977.87329102 5838.27929688 4.26747179031
1478873150768 lifecam22 2970.13623047 5838.19677734 4.25514936447
1478873150836 lifecam22 2961.9987793 5839.18652344 4.23650407791
1478873151041 lifecam22 2938.8581543 5842.70117188 4.19453477859
1478873151109 lifecam22 2929.69506836 5843.38671875 4.17212247849
1478873151175 lifecam22 2923.54345703 5845.32421875 4.16122579575
1478873151237 lifecam22 2915.1887207 5846.92822266 4.14475822449
1478873151298 lifecam22 2909.19262695 5848.40332031 4.13925933838
1478873151511 lifecam22 2884.83618164 5854.21679688 4.08676815033
1478873151564 lifecam22 2877.55493164 5855.99023438 4.07544279099
1478873151644 lifecam22 2869.45996094 5858.265625 4.05797576904
1478873151711 lifecam22 2863.38378906 5861.65234375 4.04870033264
1478873151770 lifecam22 2857.87548828 5863.35693359 4.04632663727
1478873151971 lifecam22 2834.35888672 5871.38867188 3.98998236656
1478873152045 lifecam22 2825.62402344 5874.32568359 3.97723817825
1478873152102 lifecam22 2816.26489258 5877.02148438 3.94153308868
1478873152165 lifecam22 2809.72729492 5880.81835938 3.9317214489
1478873152234 lifecam22 2802.89746094 5882.93017578 3.91626358032
1478873152449 lifecam22 2781.50708008 5893.77832031 3.87228560448
1478873152509 lifecam22 2775.21826172 5898.27636719 3.8623008728
1478873152573 lifecam22 2768.84814453 5901.86865234 3.84994506836
1478873152646 lifecam22 2761.54370117 5905.88623047 3.83137226105
1478873152706 lifecam22 2754.76928711 5910.17919922 3.81534147263
1478873152912 lifecam22 2734.29418945 5922.671875 3.7668094635
1478873152984 lifecam22 2727.15649414 5926.80175781 3.75110435486
1478873153048 lifecam22 2721.86376953 5930.63769531 3.74093198776
1478873153101 lifecam22 2714.26367188 5935.53955078 3.71896290779
1478873153173 lifecam22 2708.38476562 5939.94921875 3.706564188
1478873153310 lifecam22 2695.06445312 5949.00195312 3.67590427399
1478873153379 lifecam22 2689.31103516 5955.4921875 3.66196489334
1478873153447 lifecam22 2683.51025391 5960.17626953 3.64768147469
1478873153500 lifecam22 2678.54541016 5964.39160156 3.63494920731
1478873153576 lifecam22 2673.35180664 5969.85498047 3.62262916565
1478873153700 lifecam22 2662.19213867 5980.4140625 3.59590673447
1478873153777 lifecam22 2655.89868164 5985.79296875 3.58227443695
1478873153848 lifecam22 2650.46899414 5991.36035156 3.5649933815
1478873153909 lifecam22 2644.46679688 5996.64794922 3.54909706116
1478873153979 lifecam22 2638.171875 6002.98291016 3.52978563309
1478873154107 lifecam22 2629.27929688 6014.37109375 3.50320863724
1478873154180 lifecam22 2624.45776367 6019.89550781 3.49248886108
1478873154246 lifecam22 2619.28613281 6026.45898438 3.47527933121
1478873154314 lifecam22 2613.60571289 6032.56689453 3.45898866653
1478873154379 lifecam22 2610.23193359 6037.95654297 3.44935131073
1478873154514 lifecam22 2599.82421875 6050.80419922 3.41865968704
1478873154586 lifecam22 2595.44677734 6057.29785156 3.40130233765
1478873154648 lifecam22 2590.91943359 6063.85107422 3.38876199722
1478873154704 lifecam22 2585.70556641 6070.90673828 3.36750125885
1478873154775 lifecam22 2582.28149414 6076.90917969 3.35686826706
1478873154911 lifecam22 2574.203125 6090.09375 3.32732915878
1478873154984 lifecam22 2569.72265625 6096.88378906 3.31291866302
1478873155043 lifecam22 2565.37011719 6103.58398438 3.29899835587
1478873155105 lifecam22 2561.88769531 6110.81152344 3.28092384338
1478873155183 lifecam22 2557.83300781 6116.95507812 3.27013778687
1478873155312 lifecam22 2551.68676758 6130.91015625 3.24281597137
1478873155378 lifecam22 2548.03735352 6136.97998047 3.23044681549
1478873155442 lifecam22 2545.29003906 6143.94628906 3.21591949463
1478873155514 lifecam22 2541.75463867 6150.34863281 3.20198488235
1478873155581 lifecam22 2540.30541992 6157.18994141 3.1956205368
1478873155713 lifecam22 2531.78393555 6172.64111328 3.15401315689
1478873155781 lifecam22 2529.52832031 6180.94433594 3.14209413528
1478873155842 lifecam22 2526.97729492 6187.57519531 3.11748957634
1478873155905 lifecam22 2524.59057617 6195.25927734 3.103069067
1478873155979 lifecam22 2526.96313477 6197.87207031 3.12030243874
1478873156109 lifecam22 2527.46289062 6195.4453125 3.1252477169
1478873156180 lifecam22 2525.65917969 6195.26416016 3.10905814171
1478873156246 lifecam22 2526.23193359 6195.51269531 3.11447691917
1478873156310 lifecam22 2525.89819336 6195.72900391 3.11261773109
1478873156372 lifecam22 2525.60473633 6195.47314453 3.10851264
1478873156514 lifecam22 2526.20849609 6195.53417969 3.1142513752
1478873156573 lifecam22 2525.94384766 6195.53417969 3.11173796654
1478873156643 lifecam22 2526.13256836 6195.47607422 3.11353850365
1478873156711 lifecam22 2526.13110352 6195.47265625 3.11352324486
1478873156790 lifecam22 2526.06665039 6195.54980469 3.11290383339
1478873156978 lifecam22 2526.14355469 6195.61083984 3.11363005638
1478873157044 lifecam22 2526.08862305 6195.52539062 3.11311554909
1478873157111 lifecam22 2525.90014648 6195.58349609 3.11131596565
1478873157183 lifecam22 2525.82519531 6195.52490234 3.1106107235
1478873157239 lifecam22 2525.84716797 6195.50048828 3.11082243919
1478873157383 lifecam22 2525.96777344 6195.51269531 3.11196827888
1478873157445 lifecam22 2525.79174805 6195.703125 3.11160588264
1478873157519 lifecam22 2526.19897461 6195.69677734 3.11414504051
1478873157574 lifecam22 2525.72485352 6195.48535156 3.10965657234
