1478873897264 lifecam22 3208.14208984 5863.97900391 4.76065254211
1478873897331 lifecam22 3208.41870117 5863.98974609 4.7606754303
1478873897398 lifecam22 3208.41870117 5863.98974609 4.7606754303
1478873897526 lifecam22 3208.41870117 5863.98974609 4.7606754303
1478873897600 lifecam22 3208.02563477 5863.56054688 4.75937318802
1478873897665 lifecam22 3208.11816406 5863.52197266 4.75900650024
1478873897732 lifecam22 3207.29248047 5862.75195312 4.75412511826
1478873897801 lifecam22 3207.57324219 5863.25390625 4.75623130798
1478873897937 lifecam22 3207.64453125 5863.47412109 4.7569899559
1478873898000 lifecam22 3207.88598633 5863.27441406 4.75796937943
1478873898065 lifecam22 3207.57324219 5863.25390625 4.75623130798
1478873898137 lifecam22 3207.97460938 5863.57958984 4.75955677032
1478873898197 lifecam22 3208.09545898 5863.78076172 4.76012182236
1478873898334 lifecam22 3208.70654297 5863.68945312 4.75792217255
1478873898401 lifecam22 3207.6027832 5863.44628906 4.75134086609
1478873898471 lifecam22 3207.2578125 5863.39404297 4.74300956726
1478873898529 lifecam22 3207.31665039 5862.99316406 4.73931312561
1478873898601 lifecam22 3206.4921875 5863.20263672 4.73113393784
1478873898808 lifecam22 3207.00732422 5862.17041016 4.75126266479
1478873898870 lifecam22 3208.4050293 5863.08789062 4.75618362427
1478873898935 lifecam22 3200.25170898 5858.57373047 4.71924352646
1478873899005 lifecam22 3192.29516602 5858.19335938 4.71920156479
1478873899072 lifecam22 3183.64086914 5854.21142578 4.6956243515
1478873899206 lifecam22 3166.97387695 5848.23046875 4.65525197983
1478873899269 lifecam22 3162.75634766 5847.16601562 4.65387296677
1478873899332 lifecam22 3155.93554688 5845.81933594 4.64597463608
1478873899399 lifecam22 3147.07519531 5843.38525391 4.62633609772
1478873899467 lifecam22 3140.0847168 5840.91015625 4.61335134506
1478873899604 lifecam22 3124.22900391 5837.21435547 4.58050823212
1478873899673 lifecam22 3116.56738281 5835.86816406 4.56611251831
1478873899732 lifecam22 3109.57714844 5834.42871094 4.55446815491
1478873899806 lifecam22 3102.41577148 5832.83203125 4.5396900177
1478873899867 lifecam22 3094.46166992 5831.59130859 4.52688980103
1478873900066 lifecam22 3071.32617188 5828.88769531 4.48222827911
1478873900139 lifecam22 3063.32519531 5828.83105469 4.47186088562
1478873900200 lifecam22 3054.87915039 5826.24853516 4.44745588303
1478873900267 lifecam22 3048.18701172 5826.72558594 4.43942070007
1478873900335 lifecam22 3038.99560547 5824.734375 4.41871356964
1478873900471 lifecam22 3023.6796875 5824.15185547 4.38773345947
1478873900535 lifecam22 3015.8515625 5823.53710938 4.37353277206
1478873900603 lifecam22 3008.13842773 5824.79248047 4.35786533356
1478873900671 lifecam22 2999.79370117 5824.32128906 4.34208679199
1478873900733 lifecam22 2993.03515625 5825.35595703 4.33145666122
1478873900940 lifecam22 2969.72827148 5825.90771484 4.28627061844
1478873900996 lifecam22 2961.59960938 5826.83105469 4.27258729935
1478873901074 lifecam22 2954.01586914 5827.32275391 4.25336265564
1478873901137 lifecam22 2947.12670898 5828.69970703 4.24513196945
1478873901206 lifecam22 2938.78686523 5828.83105469 4.22641515732
1478873901335 lifecam22 2922.15209961 5830.6640625 4.19236850739
1478873901398 lifecam22 2915.71435547 5831.58251953 4.17959499359
1478873901475 lifecam22 2907.99291992 5833.82910156 4.16993665695
1478873901530 lifecam22 2899.33862305 5834.40625 4.14575719833
1478873901595 lifecam22 2892.75976562 5836.94433594 4.1360077858
1478873901733 lifecam22 2877.94628906 5840.4921875 4.11126708984
1478873901808 lifecam22 2870.56542969 5842.44091797 4.09309244156
1478873901876 lifecam22 2862.6003418 5844.98339844 4.07805395126
1478873901944 lifecam22 2855.00170898 5847.70214844 4.06367063522
1478873902009 lifecam22 2846.83032227 5849.83984375 4.04565763474
1478873902143 lifecam22 2833.5703125 5854.39160156 4.02827835083
1478873902208 lifecam22 2825.59545898 5857.71972656 4.01557540894
1478873902274 lifecam22 2816.3996582 5860.15673828 3.98282575607
1478873902341 lifecam22 2810.21777344 5862.99951172 3.98010325432
1478873902403 lifecam22 2803.24365234 5865.79150391 3.96458625793
1478873902613 lifecam22 2780.28564453 5876.44628906 3.90668606758
1478873902678 lifecam22 2773.55761719 5880.13232422 3.89370560646
1478873902737 lifecam22 2766.9453125 5882.125 3.88449263573
1478873902805 lifecam22 2759.69873047 5886.94873047 3.86675953865
1478873902873 lifecam22 2752.75488281 5889.94433594 3.85035252571
1478873903016 lifecam22 2739.04418945 5898.67773438 3.8193731308
1478873903075 lifecam22 2731.62744141 5903.16796875 3.80038118362
1478873903140 lifecam22 2725.8125 5907.19189453 3.78736114502
1478873903205 lifecam22 2718.54931641 5911.51025391 3.77117323875
1478873903275 lifecam22 2712.81958008 5916.20556641 3.75903224945
1478873903474 lifecam22 2693.72436523 5929.84228516 3.71479034424
1478873903542 lifecam22 2687.07080078 5934.65673828 3.69847679138
1478873903607 lifecam22 2681.37988281 5938.85009766 3.68598747253
1478873903673 lifecam22 2674.28491211 5944.31787109 3.66365695
1478873903737 lifecam22 2668.71435547 5948.55517578 3.65304875374
1478873903873 lifecam22 2656.65917969 5959.07080078 3.62183475494
1478873903939 lifecam22 2650.38183594 5964.11083984 3.60350227356
1478873904006 lifecam22 2645.32763672 5969.32568359 3.58941268921
1478873904078 lifecam22 2639.54931641 5974.24658203 3.58169603348
1478873904143 lifecam22 2634.39770508 5980.25244141 3.56314373016
1478873904272 lifecam22 2623.26293945 5991.22949219 3.53534030914
1478873904343 lifecam22 2619.00854492 5997.40527344 3.52695894241
1478873904411 lifecam22 2612.8034668 6003.41210938 3.50608730316
1478873904475 lifecam22 2608.77832031 6009.67382812 3.49626255035
1478873904543 lifecam22 2602.64868164 6015.21289062 3.47719526291
1478873904738 lifecam22 2589.21679688 6033.76318359 3.44076442719
1478873904807 lifecam22 2584.39916992 6040.28466797 3.42395114899
1478873904872 lifecam22 2579.38427734 6046.34814453 3.40808916092
1478873904943 lifecam22 2575.93212891 6052.1875 3.40036439896
1478873905010 lifecam22 2570.94042969 6059.03076172 3.3765835762
1478873905150 lifecam22 2562.3425293 6071.51025391 3.34602165222
1478873905210 lifecam22 2559.15649414 6077.92089844 3.33834552765
1478873905279 lifecam22 2553.38061523 6085.33398438 3.31553649902
1478873905347 lifecam22 2551.08032227 6091.91796875 3.30728149414
1478873905410 lifecam22 2546.73120117 6099.02636719 3.29073572159
1478873905547 lifecam22 2539.77197266 6113.70556641 3.25943565369
1478873905613 lifecam22 2535.91430664 6119.69580078 3.24624919891
1478873905682 lifecam22 2532.79248047 6126.90917969 3.22867488861
1478873905741 lifecam22 2529.41992188 6134.54882812 3.21482276917
1478873905811 lifecam22 2525.6706543 6141.77050781 3.19784593582
1478873906006 lifecam22 2515.84277344 6164.45166016 3.1488366127
1478873906084 lifecam22 2514.08227539 6170.52148438 3.13370108604
1478873906140 lifecam22 2515.67797852 6173.81542969 3.14779663086
1478873906213 lifecam22 2514.23095703 6171.00585938 3.13379311562
1478873906277 lifecam22 2515.63818359 6172.79736328 3.14731025696
1478873906413 lifecam22 2514.8293457 6172.59667969 3.1396586895
1478873906481 lifecam22 2514.4309082 6172.57275391 3.13587737083
1478873906549 lifecam22 2514.4309082 6172.57275391 3.13587737083
1478873906612 lifecam22 2514.88769531 6172.54589844 3.14020752907
1478873906684 lifecam22 2514.6550293 6172.49658203 3.13799643517
1478873906820 lifecam22 2514.67675781 6172.60546875 3.13821387291
1478873906881 lifecam22 2514.67675781 6172.60546875 3.13821387291
1478873906949 lifecam22 2514.48852539 6172.6484375 3.13643050194
1478873907018 lifecam22 2514.7175293 6172.57128906 3.13859772682
1478873907081 lifecam22 2514.67675781 6172.60546875 3.13821387291
