1478874221762 lifecam22 3206.88476562 5865.54199219 4.72249078751
1478874221904 lifecam22 3206.88476562 5865.54199219 4.72249078751
1478874221970 lifecam22 3206.91430664 5865.84814453 4.72537231445
1478874222032 lifecam22 3206.88476562 5865.54199219 4.72249078751
1478874222105 lifecam22 3206.26708984 5865.29541016 4.72016382217
1478874222163 lifecam22 3206.82910156 5865.33886719 4.7205748558
1478874222298 lifecam22 3206.78466797 5865.1953125 4.71921920776
1478874222370 lifecam22 3206.29516602 5865.19335938 4.71920204163
1478874222425 lifecam22 3206.78466797 5865.1953125 4.71921920776
1478874222494 lifecam22 3207.10522461 5865.23730469 4.71961355209
1478874222563 lifecam22 3207.00927734 5864.99365234 4.71730899811
1478874222701 lifecam22 3206.6315918 5864.75 4.71499729156
1478874222763 lifecam22 3206.50341797 5866.29736328 4.72958469391
1478874222839 lifecam22 3206.91259766 5865.43945312 4.72152471542
1478874222908 lifecam22 3206.46801758 5865.61962891 4.72321939468
1478874222972 lifecam22 3199.12915039 5863.39599609 4.70902204514
1478874223173 lifecam22 3174.81567383 5856.23486328 4.67435455322
1478874223242 lifecam22 3167.07641602 5852.88720703 4.65325689316
1478874223304 lifecam22 3160.45581055 5850.33886719 4.64008378983
1478874223362 lifecam22 3152.93481445 5848.45458984 4.62381696701
1478874223442 lifecam22 3145.30297852 5846.57080078 4.60724830627
1478874223576 lifecam22 3129.69702148 5842.79394531 4.57666635513
1478874223634 lifecam22 3121.44433594 5840.640625 4.5548043251
1478874223698 lifecam22 3113.42504883 5839.32421875 4.54395532608
1478874223765 lifecam22 3106.88476562 5838.77050781 4.53446674347
1478874223832 lifecam22 3100.0715332 5837.57421875 4.52403020859
1478874223983 lifecam22 3084.60693359 5836.59570312 4.49563550949
1478874224034 lifecam22 3076.04248047 5834.27978516 4.47619962692
1478874224107 lifecam22 3067.75244141 5833.640625 4.4611787796
1478874224166 lifecam22 3059.51831055 5831.95654297 4.43891429901
1478874224230 lifecam22 3051.94360352 5831.56494141 4.42484807968
1478874224373 lifecam22 3035.5390625 5830.11279297 4.39387893677
1478874224436 lifecam22 3029.73632812 5831.140625 4.38473558426
1478874224507 lifecam22 3020.90966797 5829.1328125 4.36423683167
1478874224575 lifecam22 3012.26318359 5829.92041016 4.34460830688
1478874224628 lifecam22 3004.44799805 5830.21826172 4.33328533173
1478874224771 lifecam22 2990.63647461 5831.49072266 4.31184625626
1478874224834 lifecam22 2982.4309082 5831.33447266 4.29477548599
1478874224909 lifecam22 2975.14575195 5832.43212891 4.28224229813
1478874224975 lifecam22 2967.39208984 5833.63720703 4.2672662735
1478874225038 lifecam22 2959.63818359 5834.50341797 4.25578308105
1478874225183 lifecam22 2943.87133789 5836.81201172 4.22327566147
1478874225241 lifecam22 2935.94604492 5837.87060547 4.21071577072
1478874225305 lifecam22 2930.08618164 5838.97314453 4.19712018967
1478874225372 lifecam22 2922.51586914 5840.40576172 4.18684959412
1478874225445 lifecam22 2915.15112305 5842.13964844 4.17616939545
1478874225501 lifecam22 2906.76831055 5844.00634766 4.15573263168
1478874225582 lifecam22 2898.39550781 5844.97119141 4.13377761841
1478874225645 lifecam22 2891.46533203 5847.46972656 4.12281036377
1478874225702 lifecam22 2882.99560547 5849.06396484 4.10729789734
1478874225770 lifecam22 2875.64746094 5850.875 4.09213113785
1478874225845 lifecam22 2866.14404297 5852.87744141 4.06704521179
1478874226042 lifecam22 2843.52416992 5860.36816406 4.01998376846
1478874226110 lifecam22 2837.89819336 5863.33544922 4.01447153091
1478874226175 lifecam22 2829.04785156 5866.24121094 3.99611544609
1478874226240 lifecam22 2822.18505859 5868.17724609 3.97915482521
1478874226311 lifecam22 2816.50512695 5872.48486328 3.97082614899
1478874226438 lifecam22 2800.93457031 5877.59521484 3.93554568291
1478874226512 lifecam22 2793.15771484 5881.70214844 3.91641736031
1478874226574 lifecam22 2786.24755859 5883.93212891 3.9028840065
1478874226639 lifecam22 2780.45336914 5888.69384766 3.89275097847
1478874226701 lifecam22 2771.45922852 5891.65478516 3.86896824837
1478874226911 lifecam22 2750.88305664 5903.19677734 3.82826209068
1478874226978 lifecam22 2744.0378418 5908.65380859 3.8099091053
1478874227042 lifecam22 2737.13623047 5911.20947266 3.7918586731
1478874227109 lifecam22 2731.17382812 5915.77539062 3.78064060211
1478874227170 lifecam22 2724.1315918 5920.37060547 3.76008272171
1478874227309 lifecam22 2712.14233398 5929.60351562 3.73534345627
1478874227371 lifecam22 2705.4934082 5934.07958984 3.7180109024
1478874227439 lifecam22 2699.66821289 5939.50732422 3.70790076256
1478874227502 lifecam22 2694.19506836 5943.44970703 3.69615650177
1478874227571 lifecam22 2687.03222656 5949.13232422 3.67654371262
1478874227780 lifecam22 2667.92358398 5963.75244141 3.6265411377
1478874227845 lifecam22 2663.72094727 5969.58496094 3.61485910416
1478874227914 lifecam22 2657.8293457 5974.70117188 3.60828542709
1478874227978 lifecam22 2651.99755859 5980.26855469 3.5879573822
1478874228037 lifecam22 2647.27441406 5985.74121094 3.58004999161
1478874228177 lifecam22 2636.4699707 5996.56982422 3.54751300812
1478874228245 lifecam22 2629.62646484 6002.32128906 3.52679204941
1478874228307 lifecam22 2626.08447266 6007.95507812 3.51884365082
1478874228369 lifecam22 2620.24511719 6013.69580078 3.50094747543
1478874228440 lifecam22 2615.12548828 6019.45507812 3.48769235611
1478874228572 lifecam22 2605.94995117 6032.22314453 3.46204900742
1478874228639 lifecam22 2601.8515625 6037.82763672 3.45200538635
1478874228713 lifecam22 2596.90576172 6044.37060547 3.43296146393
1478874228777 lifecam22 2592.10522461 6050.98339844 3.41792583466
1478874228838 lifecam22 2587.51269531 6057.59814453 3.40008926392
1478874229044 lifecam22 2574.35009766 6076.83691406 3.35582780838
1478874229112 lifecam22 2570.13427734 6083.21875 3.34110403061
1478874229175 lifecam22 2565.79516602 6090.34423828 3.32351779938
1478874229247 lifecam22 2562.06225586 6096.58935547 3.31012964249
1478874229304 lifecam22 2557.04589844 6103.95068359 3.29232406616
1478874229443 lifecam22 2549.56347656 6117.59033203 3.26167726517
1478874229509 lifecam22 2545.92773438 6124.66894531 3.24674654007
1478874229582 lifecam22 2542.93579102 6132.58740234 3.23127222061
1478874229652 lifecam22 2539.49755859 6138.37060547 3.22188186646
1478874229707 lifecam22 2538.17431641 6145.28369141 3.21440124512
1478874229789 lifecam22 2533.78027344 6152.81689453 3.19306707382
1478874229846 lifecam22 2532.78857422 6159.79931641 3.18805742264
1478874229908 lifecam22 2531.01513672 6164.28857422 3.18153524399
1478874229971 lifecam22 2525.75097656 6172.32177734 3.15695810318
1478874230041 lifecam22 2524.51757812 6179.78515625 3.15269041061
1478874230177 lifecam22 2519.89160156 6187.12402344 3.11665415764
1478874230248 lifecam22 2520.0012207 6186.84716797 3.11772608757
1478874230311 lifecam22 2520.48706055 6187.26220703 3.12246060371
1478874230379 lifecam22 2521.02587891 6186.77783203 3.12768292427
1478874230447 lifecam22 2521.0847168 6186.99072266 3.12825083733
1478874230581 lifecam22 2520.79394531 6187.04492188 3.12543749809
1478874230650 lifecam22 2521.0859375 6186.85742188 3.12826371193
1478874230714 lifecam22 2521.12646484 6186.95654297 3.12865185738
1478874230780 lifecam22 2520.83300781 6187.00537109 3.12581562996
1478874230847 lifecam22 2521.02709961 6186.91650391 3.12769389153
1478874230980 lifecam22 2520.99072266 6186.97753906 3.1273419857
1478874231051 lifecam22 2520.85400391 6187.11865234 3.12601780891
1478874231110 lifecam22 2520.85131836 6186.84179688 3.12599110603
1478874231179 lifecam22 2521.16552734 6187.18896484 3.12903094292
