1478873440021 lifecam22 3205.5168457 5865.29199219 4.71321821213
1478873440088 lifecam22 3205.58911133 5865.74414062 4.71877479553
1478873440157 lifecam22 3205.38305664 5865.90917969 4.7193274498
1478873440222 lifecam22 3206.36108398 5866.93554688 4.73409795761
1478873440485 lifecam22 3205.65356445 5864.64892578 4.70841360092
1478873440553 lifecam22 3205.68041992 5865.05273438 4.71225452423
1478873440621 lifecam22 3205.62890625 5864.75097656 4.70938014984
1478873440687 lifecam22 3205.46142578 5864.59423828 4.707862854
1478873440826 lifecam22 3205.65527344 5865.15576172 4.71322870255
1478873440894 lifecam22 3205.50146484 5865.16064453 4.71185874939
1478873440957 lifecam22 3205.65527344 5865.15576172 4.71322870255
1478873441025 lifecam22 3205.70336914 5865.07226562 4.71244525909
1478873441089 lifecam22 3205.43212891 5864.71923828 4.70762968063
1478873441292 lifecam22 3204.65893555 5864.17041016 4.6982088089
1478873441358 lifecam22 3204.21435547 5864.28271484 4.69644212723
1478873441420 lifecam22 3204.81982422 5864.59716797 4.69722652435
1478873441492 lifecam22 3205.02807617 5864.08789062 4.70035219193
1478873441551 lifecam22 3205.5144043 5866.14648438 4.72254419327
1478873441750 lifecam22 3189.34765625 5860.95751953 4.68791103363
1478873441828 lifecam22 3182.97119141 5861.14746094 4.6896481514
1478873441890 lifecam22 3174.22143555 5858.65429688 4.66872167587
1478873441958 lifecam22 3166.39379883 5856.59423828 4.65308856964
1478873442018 lifecam22 3159.87304688 5853.62841797 4.63900709152
1478873442158 lifecam22 3143.76220703 5849.04003906 4.60717344284
1478873442217 lifecam22 3136.63867188 5846.73144531 4.58993768692
1478873442293 lifecam22 3128.79760742 5845.78271484 4.57983970642
1478873442358 lifecam22 3121.50219727 5843.11035156 4.56334018707
1478873442416 lifecam22 3113.84082031 5842.61279297 4.55002117157
1478873442557 lifecam22 3098.06567383 5838.4921875 4.51180696487
1478873442620 lifecam22 3091.19628906 5838.5234375 4.5052022934
1478873442695 lifecam22 3083.01611328 5835.75195312 4.48786354065
1478873442756 lifecam22 3075.72607422 5836.08935547 4.47642278671
1478873442822 lifecam22 3066.64575195 5834.31396484 4.45663738251
1478873442960 lifecam22 3051.36816406 5833.51318359 4.42740821838
1478873443033 lifecam22 3044.05004883 5832.73632812 4.41067457199
1478873443096 lifecam22 3036.51049805 5833.24658203 4.40214300156
1478873443163 lifecam22 3028.22338867 5833.13476562 4.38491153717
1478873443229 lifecam22 3020.9074707 5833.37548828 4.37554264069
1478873443358 lifecam22 3005.75756836 5833.19482422 4.34175682068
1478873443425 lifecam22 2997.11328125 5833.35546875 4.32859516144
1478873443489 lifecam22 2990.67602539 5834.00634766 4.31426858902
1478873443552 lifecam22 2980.92211914 5833.74169922 4.29294395447
1478873443621 lifecam22 2973.94702148 5834.90380859 4.28052091599
1478873443752 lifecam22 2957.90844727 5835.56787109 4.24960279465
1478873443825 lifecam22 2950.98095703 5837.20214844 4.23377943039
1478873443891 lifecam22 2942.96582031 5837.18896484 4.22332859039
1478873443956 lifecam22 2935.23168945 5838.72460938 4.20604896545
1478873444028 lifecam22 2926.82373047 5839.52539062 4.19105482101
1478873444104 lifecam22 2920.84594727 5840.9296875 4.18204927444
1478873444156 lifecam22 2912.3371582 5842.98486328 4.16039276123
1478873444229 lifecam22 2904.46801758 5844.33642578 4.14763307571
1478873444288 lifecam22 2897.20263672 5846.14404297 4.1335234642
1478873444360 lifecam22 2889.89428711 5848.36767578 4.1203250885
1478873444499 lifecam22 2874.06616211 5852.35546875 4.08674144745
1478873444559 lifecam22 2866.93603516 5854.54443359 4.07631778717
1478873444620 lifecam22 2860.00952148 5856.73632812 4.06465816498
1478873444699 lifecam22 2851.71557617 5858.99511719 4.04314613342
1478873444759 lifecam22 2842.90136719 5861.46533203 4.0200715065
1478873444958 lifecam22 2823.26147461 5869.79638672 3.99244046211
1478873445024 lifecam22 2815.02075195 5872.69824219 3.96852111816
1478873445091 lifecam22 2805.16479492 5874.91259766 3.94449925423
1478873445157 lifecam22 2800.56518555 5877.86425781 3.93494820595
1478873445226 lifecam22 2790.67773438 5881.02929688 3.90632891655
1478873445361 lifecam22 2777.05517578 5889.25 3.87783503532
1478873445426 lifecam22 2768.79321289 5892.10253906 3.8587076664
1478873445489 lifecam22 2764.3815918 5895.87011719 3.85381436348
1478873445557 lifecam22 2755.77880859 5900.37597656 3.83137845993
1478873445626 lifecam22 2750.13061523 5904.45996094 3.8240172863
1478873445831 lifecam22 2729.89648438 5917.08251953 3.78260040283
1478873445893 lifecam22 2724.83520508 5920.96728516 3.77425432205
1478873445955 lifecam22 2716.95581055 5925.02783203 3.75138950348
1478873446030 lifecam22 2711.64013672 5930.32714844 3.73946857452
1478873446095 lifecam22 2705.34619141 5934.49853516 3.72599411011
1478873446171 lifecam22 2699.48242188 5939.68408203 3.71316742897
1478873446229 lifecam22 2692.71313477 5944.28808594 3.69364786148
1478873446298 lifecam22 2685.94262695 5949.50341797 3.67848110199
1478873446360 lifecam22 2679.80517578 5954.31884766 3.6601960659
1478873446427 lifecam22 2673.85791016 5958.65087891 3.64838504791
1478873446636 lifecam22 2657.62207031 5973.87353516 3.60927963257
1478873446695 lifecam22 2650.37084961 5980.21875 3.58407258987
1478873446767 lifecam22 2645.28808594 5986.15625 3.57230806351
1478873446832 lifecam22 2639.95117188 5991.17871094 3.5569653511
1478873446893 lifecam22 2635.79296875 5996.47509766 3.54792976379
1478873447030 lifecam22 2624.43408203 6007.63818359 3.51666545868
1478873447092 lifecam22 2618.67431641 6014.98193359 3.49808692932
1478873447168 lifecam22 2613.05615234 6019.55371094 3.48262262344
1478873447230 lifecam22 2608.28955078 6027.15820312 3.46643400192
1478873447298 lifecam22 2604.02612305 6031.12744141 3.4571762085
1478873447429 lifecam22 2593.57470703 6044.76074219 3.42424440384
1478873447502 lifecam22 2588.67358398 6050.77734375 3.40862226486
1478873447560 lifecam22 2584.98510742 6057.60009766 3.39548492432
1478873447629 lifecam22 2579.79003906 6063.57128906 3.38382339478
1478873447696 lifecam22 2576.13183594 6069.375 3.36614656448
1478873447827 lifecam22 2568.15405273 6082.39501953 3.3385477066
1478873447898 lifecam22 2564.39306641 6089.8359375 3.32580089569
1478873447965 lifecam22 2560.13037109 6096.35058594 3.31402587891
1478873448030 lifecam22 2556.99780273 6103.5859375 3.30104207993
1478873448103 lifecam22 2552.7578125 6109.14746094 3.28638315201
1478873448232 lifecam22 2545.95556641 6123.86376953 3.25630807877
1478873448305 lifecam22 2541.9831543 6130.65722656 3.23920059204
1478873448370 lifecam22 2538.54760742 6138.6484375 3.22248220444
1478873448432 lifecam22 2536.76806641 6144.21337891 3.21348237991
1478873448497 lifecam22 2532.27539062 6152.83984375 3.19136428833
1478873448633 lifecam22 2526.62304688 6164.97705078 3.16800165176
1478873448701 lifecam22 2522.68652344 6173.97949219 3.14629745483
1478873448765 lifecam22 2522.49584961 6181.33349609 3.14178371429
1478873448838 lifecam22 2518.12817383 6189.3359375 3.11706519127
1478873448897 lifecam22 2522.72753906 6187.48583984 3.14626979828
1478873449028 lifecam22 2522.69140625 6188.01464844 3.14597129822
1478873449100 lifecam22 2522.6340332 6188.01513672 3.14596891403
1478873449171 lifecam22 2522.64233398 6188.046875 3.1456785202
1478873449238 lifecam22 2522.64233398 6188.046875 3.1456785202
1478873449299 lifecam22 2522.67773438 6187.51806641 3.14597654343
1478873449498 lifecam22 2522.66992188 6187.48632812 3.14626836777
1478873449566 lifecam22 2522.49584961 6188.47412109 3.14178466797
1478873449634 lifecam22 2522.49584961 6188.47412109 3.14178466797
1478873449701 lifecam22 2522.49584961 6188.47412109 3.14178466797
1478873449766 lifecam22 2522.64233398 6188.046875 3.1456785202
1478873449905 lifecam22 2522.6340332 6188.01513672 3.14596891403
1478873450032 lifecam22 2522.6340332 6188.01513672 3.14596891403
1478873450095 lifecam22 2522.6340332 6188.01513672 3.14596891403
1478873450164 lifecam22 2522.67773438 6187.51806641 3.14597654343
1478873450241 lifecam22 2522.6340332 6188.01513672 3.14596891403
