1478874263438 lifecam22 3198.24414062 5862.94580078 4.69346618652
1478874263495 lifecam22 3198.52099609 5862.390625 4.69464731216
1478874263557 lifecam22 3198.89794922 5862.56591797 4.69555139542
1478874263627 lifecam22 3199.35620117 5863.29638672 4.70072603226
1478874263699 lifecam22 3198.26196289 5862.78662109 4.69619703293
1478874263895 lifecam22 3198.47290039 5862.36572266 4.69558954239
1478874263966 lifecam22 3199.42944336 5863.07568359 4.6962928772
1478874264035 lifecam22 3200.01513672 5862.96582031 4.69888067245
1478874264104 lifecam22 3200.1550293 5862.99902344 4.696352005
1478874264162 lifecam22 3201.38183594 5863.31787109 4.69832801819
1478874264302 lifecam22 3200.83276367 5863.59033203 4.69605255127
1478874264364 lifecam22 3200.39697266 5863.16796875 4.69224452972
1478874264432 lifecam22 3197.9699707 5863.16894531 4.68471717834
1478874264492 lifecam22 3197.46240234 5863.26025391 4.68400859833
1478874264560 lifecam22 3197.18554688 5863.12548828 4.68401098251
1478874264763 lifecam22 3197.67260742 5862.54003906 4.69227695465
1478874264841 lifecam22 3199.31835938 5861.52734375 4.68924188614
1478874264904 lifecam22 3196.34008789 5860.96630859 4.68784761429
1478874264972 lifecam22 3184.12158203 5858.56933594 4.6683511734
1478874265041 lifecam22 3182.27124023 5859.65966797 4.68118619919
1478874265172 lifecam22 3165.00390625 5854.05712891 4.63948249817
1478874265236 lifecam22 3158.88818359 5852.53955078 4.63110113144
1478874265305 lifecam22 3149.81958008 5849.81591797 4.61292266846
1478874265366 lifecam22 3142.57958984 5848.13378906 4.59598302841
1478874265437 lifecam22 3135.63110352 5846.75830078 4.58353948593
1478874265636 lifecam22 3111.27270508 5841.80029297 4.53674793243
1478874265703 lifecam22 3103.49560547 5840.48974609 4.51930379868
1478874265771 lifecam22 3095.32519531 5839.11279297 4.50468015671
1478874265837 lifecam22 3087.88037109 5837.33447266 4.490442276
1478874265903 lifecam22 3080.91845703 5837.15380859 4.47649335861
1478874266040 lifecam22 3064.47119141 5835.34228516 4.44427394867
1478874266105 lifecam22 3057.01611328 5834.14794922 4.43008947372
1478874266172 lifecam22 3048.37890625 5833.81298828 4.41477537155
1478874266239 lifecam22 3041.16772461 5833.91943359 4.39970731735
1478874266303 lifecam22 3033.05712891 5832.78222656 4.3827548027
1478874266506 lifecam22 3010.24707031 5833.01367188 4.34116077423
1478874266572 lifecam22 3002.28369141 5833.50683594 4.32514429092
1478874266639 lifecam22 2995.27490234 5833.58935547 4.31473875046
1478874266704 lifecam22 2987.65893555 5834.44384766 4.30303621292
1478874266774 lifecam22 2981.72045898 5835.47070312 4.29437398911
1478874266903 lifecam22 2964.94482422 5836.9921875 4.25990009308
1478874266972 lifecam22 2956.59130859 5838.28369141 4.23945569992
1478874267038 lifecam22 2947.93261719 5838.41943359 4.22310972214
1478874267104 lifecam22 2941.71508789 5840.14306641 4.21397781372
1478874267172 lifecam22 2933.34960938 5840.79296875 4.19481754303
1478874267308 lifecam22 2918.05688477 5844.4453125 4.16592979431
1478874267373 lifecam22 2909.45239258 5845.42333984 4.14784908295
1478874267439 lifecam22 2902.48974609 5847.16650391 4.13261556625
1478874267506 lifecam22 2895.078125 5848.64306641 4.11897850037
1478874267571 lifecam22 2888.01000977 5851.06396484 4.10626840591
1478874267775 lifecam22 2864.14941406 5856.91503906 4.05809926987
1478874267841 lifecam22 2855.80273438 5859.91845703 4.04138851166
1478874267908 lifecam22 2850.62646484 5862.56396484 4.03757476807
1478874267973 lifecam22 2842.25244141 5865.13867188 4.01986837387
1478874268041 lifecam22 2834.66918945 5867.85839844 4.00195121765
1478874268242 lifecam22 2812.10742188 5876.32275391 3.95410585403
1478874268309 lifecam22 2804.39086914 5880.85449219 3.93720459938
1478874268375 lifecam22 2796.1640625 5882.89306641 3.91447281837
1478874268439 lifecam22 2789.67871094 5887.48095703 3.90259051323
1478874268509 lifecam22 2785.5559082 5890.85693359 3.90005207062
1478874268642 lifecam22 2770.38671875 5897.69628906 3.86650061607
1478874268707 lifecam22 2762.71264648 5901.18603516 3.84547472
1478874268777 lifecam22 2756.24267578 5905.10644531 3.83083939552
1478874268844 lifecam22 2748.65966797 5909.24658203 3.81048512459
1478874268906 lifecam22 2741.79785156 5913.25244141 3.79299330711
1478874269111 lifecam22 2722.38598633 5926.60205078 3.75048351288
1478874269175 lifecam22 2715.31396484 5931.04003906 3.73138022423
1478874269241 lifecam22 2709.23510742 5936.32714844 3.72256755829
1478874269306 lifecam22 2703.78295898 5940.91601562 3.70857381821
1478874269373 lifecam22 2696.89379883 5946.52783203 3.69340538979
1478874269509 lifecam22 2685.32397461 5956.04248047 3.66404652596
1478874269576 lifecam22 2678.19921875 5960.68164062 3.6467871666
1478874269711 lifecam22 2667.35766602 5971.12841797 3.61980581284
1478874269775 lifecam22 2663.13867188 5976.70019531 3.61152791977
1478874269973 lifecam22 2646.3840332 5992.49267578 3.56526231766
1478874270043 lifecam22 2640.67822266 5997.58007812 3.55364894867
1478874270110 lifecam22 2634.609375 6003.8359375 3.53245401382
1478874270175 lifecam22 2629.58447266 6009.56591797 3.52201557159
1478874270242 lifecam22 2624.00683594 6015.8203125 3.50286006927
1478874270384 lifecam22 2615.15039062 6027.15722656 3.47710132599
1478874270446 lifecam22 2610.54956055 6033.90136719 3.46422576904
1478874270512 lifecam22 2605.91943359 6039.28369141 3.45191526413
1478874270579 lifecam22 2599.90966797 6046.63525391 3.42952156067
1478874270645 lifecam22 2595.72021484 6052.60400391 3.41461610794
1478874270844 lifecam22 2582.60400391 6071.81982422 3.37085342407
1478874270911 lifecam22 2577.88525391 6078.31347656 3.35657930374
1478874270979 lifecam22 2573.9453125 6084.34619141 3.34484624863
1478874271046 lifecam22 2570.09912109 6091.22851562 3.32858181
1478874271111 lifecam22 2564.74951172 6098.35107422 3.30939626694
1478874271251 lifecam22 2556.58374023 6112.49853516 3.28002977371
1478874271311 lifecam22 2553.83764648 6119.31982422 3.26216125488
1478874271377 lifecam22 2550.43383789 6126.04541016 3.25204229355
1478874271444 lifecam22 2546.54663086 6133.32910156 3.2356262207
1478874271512 lifecam22 2544.37304688 6140.43457031 3.22103786469
1478874271710 lifecam22 2534.84838867 6162.59912109 3.17645597458
1478874271783 lifecam22 2532.21948242 6169.72753906 3.16496801376
1478874271848 lifecam22 2529.33398438 6176.43554688 3.14537906647
1478874271914 lifecam22 2526.78271484 6182.73242188 3.13316321373
1478874271979 lifecam22 2526.11328125 6189.79980469 3.13161301613
1478874272116 lifecam22 2526.74194336 6196.44140625 3.13302826881
1478874272180 lifecam22 2525.30249023 6195.09912109 3.12578845024
1478874272245 lifecam22 2526.57275391 6196.16748047 3.13419079781
1478874272315 lifecam22 2525.63574219 6195.64599609 3.12601494789
1478874272379 lifecam22 2526.3203125 6195.74023438 3.13203215599
1478874272582 lifecam22 2526.03613281 6195.71728516 3.12953686714
1478874272651 lifecam22 2525.94262695 6195.79980469 3.12870240211
1478874272715 lifecam22 2525.77783203 6195.65576172 3.12726616859
1478874272784 lifecam22 2526.10961914 6195.79394531 3.12876057625
