1478874241332 lifecam22 3208.96240234 5863.51269531 4.75627326965
1478874241398 lifecam22 3208.98779297 5863.38623047 4.75513648987
1478874241468 lifecam22 3209.11914062 5863.07421875 4.75230360031
1478874241600 lifecam22 3208.64892578 5863.37353516 4.75511789322
1478874241676 lifecam22 3208.63427734 5863.50048828 4.756254673
1478874241727 lifecam22 3206.83764648 5863.09423828 4.73792505264
1478874241795 lifecam22 3206.77734375 5863.17626953 4.7386636734
1478874241868 lifecam22 3207.18383789 5863.00146484 4.739757061
1478874242000 lifecam22 3207.21289062 5863.04589844 4.74126052856
1478874242067 lifecam22 3206.93359375 5862.90576172 4.73622465134
1478874242135 lifecam22 3207.01464844 5863.13183594 4.74070644379
1478874242203 lifecam22 3206.80883789 5862.79150391 4.73256206512
1478874242256 lifecam22 3205.72802734 5861.09277344 4.70809745789
1478874242399 lifecam22 3212.69824219 5867.68017578 4.74243497849
1478874242477 lifecam22 3210.34814453 5865.44384766 4.73335838318
1478874242536 lifecam22 3211.51757812 5865.59472656 4.73865509033
1478874242602 lifecam22 3209.83105469 5862.27587891 4.73036289215
1478874242671 lifecam22 3207.50512695 5861.62597656 4.71860170364
1478874242872 lifecam22 3193.72875977 5862.40820312 4.74079036713
1478874242935 lifecam22 3184.85571289 5857.24023438 4.70654773712
1478874243004 lifecam22 3177.32348633 5854.47802734 4.68798589706
1478874243070 lifecam22 3170.57739258 5851.21630859 4.66119670868
1478874243134 lifecam22 3166.09985352 5851.12744141 4.66788673401
1478874243335 lifecam22 3141.45678711 5842.72851562 4.61382007599
1478874243404 lifecam22 3133.98193359 5841.39550781 4.59917974472
1478874243472 lifecam22 3126.10766602 5839.78271484 4.58460664749
1478874243537 lifecam22 3118.77124023 5838.40820312 4.57041597366
1478874243605 lifecam22 3110.71850586 5837.31591797 4.55723810196
1478874243739 lifecam22 3095.12353516 5834.63818359 4.5276184082
1478874243804 lifecam22 3086.28857422 5831.90283203 4.503469944
1478874243869 lifecam22 3078.77319336 5831.29736328 4.49068307877
1478874243937 lifecam22 3071.80932617 5829.94042969 4.47988700867
1478874244001 lifecam22 3063.99536133 5829.46630859 4.46531867981
1478874244204 lifecam22 3040.17456055 5827.94921875 4.4197511673
1478874244271 lifecam22 3033.47851562 5826.41650391 4.4068312645
1478874244339 lifecam22 3025.47265625 5826.52490234 4.39191389084
1478874244406 lifecam22 3017.55883789 5826.00488281 4.37654447556
1478874244472 lifecam22 3009.95092773 5825.81787109 4.36046075821
1478874244673 lifecam22 2986.62695312 5827.30078125 4.32067918777
1478874244738 lifecam22 2978.25537109 5827.36474609 4.30232810974
1478874244806 lifecam22 2971.11157227 5828.72216797 4.29015016556
1478874244870 lifecam22 2963.12841797 5829.13330078 4.27149581909
1478874244935 lifecam22 2954.68212891 5829.33447266 4.2499871254
1478874245076 lifecam22 2940.72851562 5831.67480469 4.23121070862
1478874245137 lifecam22 2932.98461914 5831.73876953 4.21641397476
1478874245203 lifecam22 2925.41064453 5833.82617188 4.20245218277
1478874245271 lifecam22 2918.02978516 5836.00488281 4.19252490997
1478874245334 lifecam22 2909.52856445 5836.67578125 4.16833972931
1478874245535 lifecam22 2885.46582031 5842.13525391 4.12207126617
1478874245608 lifecam22 2878.51269531 5843.51416016 4.10536146164
1478874245678 lifecam22 2869.59838867 5845.50634766 4.09075164795
1478874245742 lifecam22 2863.66650391 5847.63769531 4.07972717285
1478874245811 lifecam22 2856.15673828 5849.81152344 4.06588411331
1478874245949 lifecam22 2842.52929688 5855.41552734 4.04757213593
1478874246002 lifecam22 2833.91040039 5857.92382812 4.02616024017
1478874246073 lifecam22 2826.75585938 5861.23095703 4.01043224335
1478874246141 lifecam22 2819.4050293 5863.15966797 3.99341464043
1478874246207 lifecam22 2812.31274414 5865.36425781 3.97772192955
1478874246408 lifecam22 2788.05908203 5875.84130859 3.91681599617
1478874246475 lifecam22 2781.59619141 5878.21191406 3.90851926804
1478874246540 lifecam22 2773.80151367 5881.73291016 3.89124822617
1478874246607 lifecam22 2768.23901367 5885.98535156 3.87842392921
1478874246679 lifecam22 2761.02026367 5888.99707031 3.8606979847
1478874246876 lifecam22 2740.5925293 5900.86425781 3.81994080544
1478874246942 lifecam22 2733.36132812 5905.53369141 3.80346441269
1478874247008 lifecam22 2727.05126953 5909.92285156 3.78833532333
1478874247076 lifecam22 2719.67626953 5914.40332031 3.76988935471
1478874247144 lifecam22 2715.07958984 5918.22070312 3.76170420647
1478874247341 lifecam22 2694.421875 5933.28027344 3.71402430534
1478874247410 lifecam22 2689.00317383 5936.98144531 3.70432853699
1478874247475 lifecam22 2682.94360352 5942.25927734 3.68320631981
1478874247539 lifecam22 2675.09936523 5947.38378906 3.66680264473
1478874247607 lifecam22 2670.97583008 5951.91064453 3.65985608101
1478874247739 lifecam22 2658.34228516 5962.40966797 3.62534427643
1478874247810 lifecam22 2653.44189453 5967.93554688 3.61344099045
1478874247873 lifecam22 2647.64233398 5972.13378906 3.59923458099
1478874247941 lifecam22 2641.84106445 5978.60839844 3.58236598969
1478874248009 lifecam22 2635.53222656 5983.44580078 3.56383323669
1478874248211 lifecam22 2620.16113281 6000.48095703 3.52757787704
1478874248278 lifecam22 2614.34130859 6006.6015625 3.50645828247
1478874248344 lifecam22 2610.68798828 6012.98632812 3.49610948563
1478874248410 lifecam22 2605.06884766 6018.70166016 3.48244047165
1478874248477 lifecam22 2600.60400391 6025.27441406 3.46715259552
1478874248614 lifecam22 2591.08007812 6037.35302734 3.43864679337
1478874248684 lifecam22 2586.52514648 6042.83056641 3.42486619949
1478874248746 lifecam22 2582.30908203 6049.44238281 3.41054487228
1478874248814 lifecam22 2577.01660156 6056.82128906 3.38957309723
1478874248878 lifecam22 2573.37109375 6062.18359375 3.38193893433
1478874249081 lifecam22 2558.95117188 6081.87109375 3.33006572723
1478874249147 lifecam22 2555.36474609 6089.94189453 3.31208992004
1478874249211 lifecam22 2550.72924805 6096.36669922 3.29757404327
1478874249276 lifecam22 2547.48632812 6102.25244141 3.28554821014
1478874249342 lifecam22 2543.95166016 6109.46728516 3.27368497849
1478874249482 lifecam22 2538.05175781 6122.88330078 3.25141382217
1478874249543 lifecam22 2534.17456055 6130.48632812 3.23364162445
1478874249612 lifecam22 2531.96679688 6137.41992188 3.22369003296
1478874249685 lifecam22 2529.48046875 6143.23046875 3.21012210846
1478874249745 lifecam22 2526.50708008 6150.46777344 3.1989607811
1478874249949 lifecam22 2517.81079102 6173.09130859 3.15443706512
1478874250015 lifecam22 2518.2722168 6171.54589844 3.15923643112
1478874250079 lifecam22 2518.24169922 6172.34765625 3.15591049194
1478874250145 lifecam22 2518.45922852 6171.68603516 3.16065406799
1478874250209 lifecam22 2518.41674805 6171.95458984 3.15952301025
1478874250419 lifecam22 2518.04418945 6172.41601562 3.15528249741
1478874250479 lifecam22 2518.17504883 6171.99023438 3.15783405304
1478874250548 lifecam22 2518.21850586 6172.0234375 3.15888261795
1478874250613 lifecam22 2518.43505859 6171.79541016 3.15964174271
1478874250684 lifecam22 2518.30517578 6172.14013672 3.15644645691
1478874250889 lifecam22 2518.43505859 6171.79541016 3.15964174271
1478874250952 lifecam22 2518.44067383 6171.84521484 3.1605348587
1478874251016 lifecam22 2518.30517578 6172.14013672 3.15644645691
1478874251080 lifecam22 2518.10766602 6172.20849609 3.15581798553
