1478873729205 lifecam22 3204.32202148 5862.85400391 4.71293354034
1478873729271 lifecam22 3203.56030273 5861.65185547 4.70173692703
1478873729337 lifecam22 3204.28369141 5862.81201172 4.71255397797
1478873729402 lifecam22 3204.30810547 5863.12646484 4.7141456604
1478873729530 lifecam22 3204.24853516 5862.76464844 4.7109375
1478873729604 lifecam22 3204.42626953 5862.47070312 4.7071685791
1478873729678 lifecam22 3204.34448242 5862.69628906 4.70916080475
1478873729735 lifecam22 3204.17773438 5862.38525391 4.70595312119
1478873729796 lifecam22 3204.45483398 5862.38574219 4.70641851425
1478873730006 lifecam22 3204.53735352 5862.43505859 4.70560789108
1478873730075 lifecam22 3204.4074707 5862.20019531 4.70596933365
1478873730138 lifecam22 3203.73657227 5862.77050781 4.70844459534
1478873730202 lifecam22 3203.10546875 5862.72412109 4.70910549164
1478873730268 lifecam22 3205.17871094 5863.66650391 4.71428966522
1478873730411 lifecam22 3205.35058594 5863.58056641 4.70942735672
1478873730471 lifecam22 3205.01147461 5862.16992188 4.69894504547
1478873730541 lifecam22 3205.18408203 5862.02880859 4.70049524307
1478873730607 lifecam22 3205.01025391 5861.71630859 4.69893455505
1478873730670 lifecam22 3204.37670898 5861.33837891 4.69790124893
1478873730880 lifecam22 3192.69433594 5860.77050781 4.68896150589
1478873730940 lifecam22 3187.52612305 5858.48144531 4.67744541168
1478873731001 lifecam22 3182.15185547 5859.07617188 4.68238162994
1478873731070 lifecam22 3174.01025391 5855.89013672 4.6665391922
1478873731137 lifecam22 3165.26611328 5852.40771484 4.64017152786
1478873731341 lifecam22 3143.62744141 5846.32177734 4.59765481949
1478873731406 lifecam22 3135.7956543 5844.62304688 4.58098220825
1478873731471 lifecam22 3126.28613281 5841.69384766 4.55865716934
1478873731539 lifecam22 3120.11962891 5840.00439453 4.54593133926
1478873731607 lifecam22 3110.62207031 5838.49267578 4.52674055099
1478873731744 lifecam22 3096.49926758 5836.56494141 4.50243616104
1478873731800 lifecam22 3087.27001953 5834.89746094 4.48033046722
1478873731872 lifecam22 3080.21801758 5834.76123047 4.46870040894
1478873731939 lifecam22 3071.99536133 5833.20166016 4.45448446274
1478873732010 lifecam22 3064.7800293 5833.27392578 4.44360542297
1478873732213 lifecam22 3042.09643555 5832.06933594 4.40302848816
1478873732273 lifecam22 3033.22998047 5831.6171875 4.38358640671
1478873732341 lifecam22 3026.33325195 5831.79443359 4.3733382225
1478873732403 lifecam22 3017.8894043 5832.09863281 4.35621023178
1478873732472 lifecam22 3010.81689453 5831.53173828 4.34340620041
1478873732671 lifecam22 2986.99609375 5832.31396484 4.29624700546
1478873732738 lifecam22 2979.07861328 5832.82568359 4.27539634705
1478873732810 lifecam22 2972.97485352 5834.65722656 4.27037000656
1478873732870 lifecam22 2965.17114258 5834.72851562 4.25864076614
1478873732937 lifecam22 2956.96679688 5835.25341797 4.23502063751
1478873733072 lifecam22 2941.09619141 5838.23242188 4.20470905304
1478873733138 lifecam22 2932.98657227 5839.46972656 4.19069194794
1478873733204 lifecam22 2925.43237305 5840.46679688 4.1739730835
1478873733272 lifecam22 2918.10791016 5842.35205078 4.1639881134
1478873733340 lifecam22 2910.44238281 5843.56982422 4.15194559097
1478873733475 lifecam22 2893.25610352 5847.12646484 4.11032915115
1478873733537 lifecam22 2886.34106445 5848.83740234 4.0986123085
1478873733608 lifecam22 2880.3737793 5850.92871094 4.0869717598
1478873733683 lifecam22 2870.56567383 5852.26416016 4.06305551529
1478873733743 lifecam22 2865.10180664 5855.02636719 4.0587477684
1478873733943 lifecam22 2842.50878906 5861.88769531 4.01304721832
1478873734005 lifecam22 2834.6015625 5864.92480469 3.9955561161
1478873734076 lifecam22 2828.34472656 5868.17529297 3.98907589912
1478873734140 lifecam22 2818.7734375 5870.86572266 3.96280145645
1478873734208 lifecam22 2812.53540039 5874.8046875 3.95085263252
1478873734414 lifecam22 2791.27905273 5884.63232422 3.90386986732
1478873734480 lifecam22 2781.76879883 5887.18212891 3.87513542175
1478873734541 lifecam22 2775.94018555 5891.20068359 3.86614346504
1478873734605 lifecam22 2769.81079102 5895.28613281 3.8568789959
1478873734683 lifecam22 2762.80151367 5899.08935547 3.84153318405
1478873734878 lifecam22 2743.82958984 5911.22705078 3.80156159401
1478873734949 lifecam22 2735.80737305 5915.74951172 3.77953982353
1478873735015 lifecam22 2729.37011719 5920.08447266 3.76605653763
1478873735077 lifecam22 2722.44384766 5923.93798828 3.7504901886
1478873735142 lifecam22 2716.28515625 5928.99707031 3.73687434196
1478873735285 lifecam22 2703.53076172 5938.60058594 3.70310640335
1478873735346 lifecam22 2696.50830078 5943.25878906 3.68471050262
1478873735410 lifecam22 2690.55786133 5948.58105469 3.67245554924
1478873735474 lifecam22 2685.5390625 5953.74951172 3.66265010834
1478873735541 lifecam22 2679.03955078 5958.68847656 3.64720034599
1478873735684 lifecam22 2667.68676758 5968.85986328 3.61445665359
1478873735750 lifecam22 2662.32714844 5973.48876953 3.6049656868
1478873735810 lifecam22 2656.15820312 5979.35302734 3.58449077606
1478873735882 lifecam22 2651.04077148 5984.38330078 3.57655715942
1478873735947 lifecam22 2645.37670898 5990.25878906 3.55769348145
1478873736152 lifecam22 2629.00341797 6006.96875 3.51470565796
1478873736210 lifecam22 2622.97045898 6012.80859375 3.49573278427
1478873736276 lifecam22 2618.71508789 6018.74316406 3.4823641777
1478873736344 lifecam22 2613.50390625 6024.92138672 3.46516656876
1478873736412 lifecam22 2608.83056641 6030.83398438 3.45318937302
1478873736617 lifecam22 2594.66503906 6049.6015625 3.4076051712
1478873736688 lifecam22 2591.42236328 6056.81201172 3.39574861526
1478873736746 lifecam22 2586.59863281 6062.43945312 3.38333845139
1478873736807 lifecam22 2582.27832031 6069.12939453 3.36672258377
1478873736876 lifecam22 2578.20043945 6074.97851562 3.35739517212
1478873737021 lifecam22 2569.48950195 6089.31787109 3.32446813583
1478873737084 lifecam22 2565.86376953 6095.83740234 3.31336545944
1478873737147 lifecam22 2562.54345703 6102.45556641 3.29720115662
1478873737212 lifecam22 2558.65820312 6108.96923828 3.28500986099
1478873737277 lifecam22 2555.11352539 6115.81298828 3.27081108093
1478873737482 lifecam22 2544.16064453 6137.09521484 3.2215423584
1478873737552 lifecam22 2541.23608398 6144.11230469 3.20691156387
1478873737618 lifecam22 2538.01318359 6149.95556641 3.20196437836
1478873737689 lifecam22 2535.22290039 6157.3671875 3.18280935287
1478873737752 lifecam22 2529.75097656 6166.765625 3.14825296402
1478873737951 lifecam22 2524.20947266 6188.56787109 3.1115834713
1478873738017 lifecam22 2524.14013672 6193.43212891 3.11004137993
1478873738082 lifecam22 2526.92749023 6189.04736328 3.13211035728
1478873738148 lifecam22 2526.11523438 6190.61816406 3.12454819679
1478873738215 lifecam22 2526.80541992 6189.21826172 3.13169741631
1478873738349 lifecam22 2526.33813477 6189.71630859 3.12868189812
1478873738414 lifecam22 2526.23120117 6190.63232422 3.12637829781
1478873738481 lifecam22 2526.27075195 6190.54248047 3.12675499916
1478873738546 lifecam22 2526.71484375 6190.11425781 3.12957692146
1478873738614 lifecam22 2526.09667969 6190.12402344 3.12646842003
