1478873803179 lifecam22 3206.16699219 5864.79931641 4.71423482895
1478873803253 lifecam22 3205.96582031 5864.78466797 4.71238231659
1478873803320 lifecam22 3205.70849609 5865.10107422 4.71412992477
1478873803390 lifecam22 3206.30053711 5865.49609375 4.72061252594
1478873803591 lifecam22 3206.84301758 5865.19775391 4.71923828125
1478873803658 lifecam22 3206.48632812 5865.50195312 4.72211360931
1478873803713 lifecam22 3206.7355957 5865.82617188 4.7261633873
1478873803790 lifecam22 3206.35302734 5864.89404297 4.71636104584
1478873803848 lifecam22 3207.10107422 5865.49560547 4.72300004959
1478873804057 lifecam22 3207.10107422 5865.49560547 4.72300004959
1478873804125 lifecam22 3206.49755859 5865.05029297 4.71730136871
1478873804188 lifecam22 3207.10717773 5865.37402344 4.72184085846
1478873804255 lifecam22 3206.31884766 5864.69824219 4.71450376511
1478873804323 lifecam22 3205.85864258 5864.59130859 4.71051549911
1478873804523 lifecam22 3206.36914062 5864.61767578 4.71373462677
1478873804591 lifecam22 3206.14257812 5864.43115234 4.71046257019
1478873804659 lifecam22 3205.59741211 5864.20947266 4.70421457291
1478873804727 lifecam22 3204.71337891 5864.11230469 4.69627380371
1478873804784 lifecam22 3205.07958984 5864.17822266 4.69955682755
1478873804990 lifecam22 3206.23876953 5866.12451172 4.72654342651
1478873805055 lifecam22 3206.45166016 5865.57861328 4.721534729
1478873805125 lifecam22 3197.36938477 5862.71289062 4.6931977272
1478873805191 lifecam22 3190.23413086 5861.23193359 4.69199037552
1478873805254 lifecam22 3181.26806641 5856.15722656 4.65254545212
1478873805397 lifecam22 3167.16162109 5853.00537109 4.637778759
1478873805457 lifecam22 3159.66308594 5849.66992188 4.61430501938
1478873805524 lifecam22 3151.82177734 5847.94335938 4.59965181351
1478873805594 lifecam22 3144.00073242 5846.25878906 4.58750200272
1478873805664 lifecam22 3136.79150391 5844.04101562 4.56679010391
1478873805862 lifecam22 3113.44482422 5839.06347656 4.52515554428
1478873805923 lifecam22 3106.19702148 5838.69287109 4.5161485672
1478873805994 lifecam22 3098.25048828 5838.01660156 4.50171136856
1478873806059 lifecam22 3091.16357422 5836.75488281 4.49107170105
1478873806123 lifecam22 3083.55737305 5836.44482422 4.47689962387
1478873806323 lifecam22 3060.49780273 5834.8828125 4.43402576447
1478873806384 lifecam22 3052.14331055 5832.60888672 4.41263961792
1478873806453 lifecam22 3044.21533203 5833.54833984 4.40246105194
1478873806530 lifecam22 3035.66235352 5832.60839844 4.38422346115
1478873806590 lifecam22 3029.85620117 5833.17382812 4.37732505798
1478873806787 lifecam22 3004.94677734 5833.09277344 4.32529878616
1478873806864 lifecam22 2998.46411133 5833.36035156 4.31182670593
1478873806927 lifecam22 2989.36865234 5833.81347656 4.29358243942
1478873806984 lifecam22 2982.16357422 5834.03076172 4.27750253677
1478873807060 lifecam22 2975.40942383 5835.19482422 4.26803636551
1478873807264 lifecam22 2950.72265625 5838.10742188 4.22351312637
1478873807329 lifecam22 2943.2121582 5839.58300781 4.20733070374
1478873807388 lifecam22 2937.05688477 5841.00097656 4.19842624664
1478873807460 lifecam22 2928.37646484 5841.96826172 4.17820262909
1478873807520 lifecam22 2920.92431641 5843.48583984 4.16175889969
1478873807729 lifecam22 2897.69311523 5848.07763672 4.1210899353
1478873807797 lifecam22 2890.63061523 5849.79882812 4.10828447342
1478873807863 lifecam22 2882.05004883 5851.34765625 4.08803367615
1478873807926 lifecam22 2874.73828125 5853.16748047 4.07290029526
1478873807995 lifecam22 2868.50878906 5856.25732422 4.06316041946
1478873808197 lifecam22 2844.94824219 5863.65576172 4.01296424866
1478873808263 lifecam22 2837.07080078 5866.24121094 3.9989733696
1478873808327 lifecam22 2829.89648438 5868.92822266 3.98388266563
1478873808394 lifecam22 2823.86132812 5872.13574219 3.96708655357
1478873808462 lifecam22 2812.51098633 5874.83203125 3.93350744247
1478873808666 lifecam22 2792.56835938 5884.35449219 3.89794230461
1478873808733 lifecam22 2785.83032227 5889.30615234 3.88206076622
1478873808797 lifecam22 2779.84814453 5892.79003906 3.87209868431
1478873808864 lifecam22 2772.19262695 5896.80664062 3.85054183006
1478873808929 lifecam22 2765.60302734 5900.79833984 3.83853721619
1478873809068 lifecam22 2752.55004883 5908.39355469 3.81454133987
1478873809123 lifecam22 2744.95605469 5912.62988281 3.79633331299
1478873809197 lifecam22 2738.27050781 5916.72119141 3.78076791763
1478873809263 lifecam22 2731.45532227 5921.36669922 3.76396012306
1478873809330 lifecam22 2724.89770508 5925.24169922 3.74947547913
1478873809533 lifecam22 2705.76806641 5939.99560547 3.70454859734
1478873809592 lifecam22 2701.10351562 5943.80078125 3.69844961166
1478873809653 lifecam22 2694.71362305 5948.96582031 3.67986130714
1478873809723 lifecam22 2688.97094727 5954.90917969 3.66371750832
1478873809797 lifecam22 2682.17553711 5959.59326172 3.64655923843
1478873809991 lifecam22 2664.78442383 5975.01757812 3.60677576065
1478873810059 lifecam22 2659.08569336 5979.90380859 3.59059238434
1478873810122 lifecam22 2653.64819336 5985.85351562 3.57636165619
1478873810192 lifecam22 2646.88696289 5991.14453125 3.5538315773
1478873810258 lifecam22 2642.9440918 5996.25585938 3.54569911957
1478873810464 lifecam22 2627.41015625 6013.50439453 3.50303220749
1478873810519 lifecam22 2621.90209961 6019.38378906 3.48542070389
1478873810599 lifecam22 2618.27197266 6025.22119141 3.47662830353
1478873810667 lifecam22 2611.86376953 6032.25683594 3.45490980148
1478873810722 lifecam22 2607.82397461 6037.70751953 3.44331026077
1478873810931 lifecam22 2593.99951172 6057.43017578 3.39803981781
1478873810995 lifecam22 2589.12792969 6063.93945312 3.38774967194
1478873811058 lifecam22 2584.94335938 6069.55273438 3.36904525757
1478873811125 lifecam22 2580.21850586 6076.80175781 3.35659313202
1478873811189 lifecam22 2576.01098633 6082.47265625 3.3448472023
1478873811400 lifecam22 2564.5090332 6103.52636719 3.29836702347
1478873811467 lifecam22 2560.7668457 6110.30078125 3.28158140182
1478873811533 lifecam22 2556.9284668 6116.56201172 3.26778793335
1478873811601 lifecam22 2554.03125 6123.99169922 3.25330972672
1478873811669 lifecam22 2549.59301758 6130.17431641 3.23919773102
1478873811863 lifecam22 2541.2019043 6151.43457031 3.19746303558
1478873811938 lifecam22 2540.41308594 6157.28417969 3.1979227066
1478873811996 lifecam22 2536.56640625 6164.55419922 3.17738056183
1478873812064 lifecam22 2532.26489258 6172.41064453 3.15613603592
1478873812127 lifecam22 2529.87719727 6180.70458984 3.1442732811
1478873812331 lifecam22 2525.38891602 6196.57910156 3.11152338982
1478873812394 lifecam22 2524.36401367 6195.79101562 3.10217785835
1478873812461 lifecam22 2525.2668457 6196.11083984 3.11049437523
1478873812526 lifecam22 2524.42749023 6195.87011719 3.10275149345
1478873812595 lifecam22 2524.68164062 6196.18115234 3.10504984856
1478873812794 lifecam22 2524.71533203 6196.00341797 3.10409760475
1478873812864 lifecam22 2524.76464844 6195.79199219 3.10460019112
1478873812929 lifecam22 2524.8996582 6195.93554688 3.10583615303
1478873812994 lifecam22 2524.52856445 6195.90332031 3.10368418694
1478873813062 lifecam22 2524.68603516 6195.73339844 3.10387778282
1478873813266 lifecam22 2524.68164062 6196.18115234 3.10504984856
1478873813332 lifecam22 2524.42749023 6195.87011719 3.10275149345
1478873813397 lifecam22 2524.55078125 6195.87792969 3.1038954258
