1478874031875 lifecam22 3204.64257812 5861.63330078 4.71167373657
1478874031946 lifecam22 3204.71362305 5860.95117188 4.70583152771
1478874032003 lifecam22 3204.63427734 5861.02099609 4.70517778397
1478874032071 lifecam22 3204.59423828 5861.00097656 4.70498752594
1478874032136 lifecam22 3204.76953125 5860.87451172 4.70387458801
1478874032274 lifecam22 3204.97265625 5860.65576172 4.70447301865
1478874032343 lifecam22 3204.88427734 5860.9765625 4.70738220215
1478874032408 lifecam22 3204.81323242 5859.80664062 4.70428085327
1478874032471 lifecam22 3205.10498047 5860.33789062 4.70688056946
1478874032537 lifecam22 3204.94287109 5860.73876953 4.70914936066
1478874032686 lifecam22 3204.65966797 5860.80566406 4.7080488205
1478874032737 lifecam22 3204.90234375 5860.71875 4.70895719528
1478874032803 lifecam22 3204.70898438 5860.98339844 4.70967102051
1478874032875 lifecam22 3204.96728516 5861.41845703 4.71611070633
1478874032939 lifecam22 3204.72290039 5862.02880859 4.71652555466
1478874033080 lifecam22 3204.26586914 5861.640625 4.70182275772
1478874033139 lifecam22 3204.14819336 5861.40820312 4.70097160339
1478874033202 lifecam22 3204.79858398 5860.76708984 4.70290517807
1478874033277 lifecam22 3204.80249023 5860.63769531 4.70172643661
1478874033335 lifecam22 3204.33691406 5862.08056641 4.71947002411
1478874033474 lifecam22 3198.34692383 5860.50878906 4.70195960999
1478874033538 lifecam22 3191.17871094 5859.66259766 4.70044565201
1478874033607 lifecam22 3182.66601562 5856.86572266 4.68697881699
1478874033679 lifecam22 3176.09057617 5853.30908203 4.65808916092
1478874033743 lifecam22 3167.93945312 5851.49462891 4.64783716202
1478874033882 lifecam22 3154.27490234 5848.28759766 4.62474727631
1478874033949 lifecam22 3146.49438477 5846.7578125 4.61261558533
1478874034018 lifecam22 3138.90722656 5843.97216797 4.59739208221
1478874034080 lifecam22 3130.86230469 5842.51708984 4.57860517502
1478874034141 lifecam22 3122.77294922 5840.18701172 4.56332349777
1478874034280 lifecam22 3107.09375 5837.68652344 4.53406143188
1478874034348 lifecam22 3099.83300781 5835.74902344 4.51821613312
1478874034404 lifecam22 3092.84033203 5835.68457031 4.50792837143
1478874034475 lifecam22 3083.42407227 5832.87353516 4.48578643799
1478874034546 lifecam22 3076.05444336 5832.38720703 4.47089004517
1478874034744 lifecam22 3053.00488281 5829.67138672 4.42478084564
1478874034816 lifecam22 3045.35888672 5830.02734375 4.41577672958
1478874034881 lifecam22 3038.11303711 5830.23144531 4.40402269363
1478874034946 lifecam22 3029.69555664 5829.67138672 4.38215732574
1478874035013 lifecam22 3022.56347656 5830.06933594 4.37503623962
1478874035144 lifecam22 3006.76513672 5829.33056641 4.34583854675
1478874035213 lifecam22 2999.16308594 5830.07763672 4.33314275742
1478874035281 lifecam22 2991.76245117 5830.48486328 4.31690263748
1478874035346 lifecam22 2983.05615234 5830.88232422 4.29897642136
1478874035407 lifecam22 2975.66162109 5831.51611328 4.28165769577
1478874035548 lifecam22 2961.33496094 5832.84375 4.26140213013
1478874035607 lifecam22 2952.69238281 5833.18652344 4.23654079437
1478874035684 lifecam22 2945.00073242 5834.33007812 4.22577476501
1478874035741 lifecam22 2937.95019531 5835.20458984 4.21037721634
1478874035812 lifecam22 2930.73461914 5836.33496094 4.19800806046
1478874036018 lifecam22 2906.9909668 5840.59912109 4.15282487869
1478874036074 lifecam22 2899.42089844 5842.68359375 4.13602828979
1478874036153 lifecam22 2890.63696289 5844.64892578 4.11772727966
1478874036207 lifecam22 2882.62597656 5846.30371094 4.09929275513
1478874036274 lifecam22 2876.4699707 5848.93701172 4.09238147736
1478874036418 lifecam22 2861.20336914 5852.70068359 4.0618596077
1478874036489 lifecam22 2854.84765625 5854.70214844 4.05498313904
1478874036541 lifecam22 2845.96606445 5857.21191406 4.03180408478
1478874036605 lifecam22 2840.33666992 5860.70605469 4.0243768692
1478874036679 lifecam22 2832.26831055 5863.40527344 4.01111125946
1478874036816 lifecam22 2815.69189453 5869.12451172 3.97201943398
1478874036884 lifecam22 2810.40380859 5872.17871094 3.9640955925
1478874036952 lifecam22 2801.31445312 5875.28466797 3.93819475174
1478874037017 lifecam22 2792.55932617 5878.72265625 3.91575980186
1478874037085 lifecam22 2789.15063477 5882.03955078 3.91985344887
1478874037218 lifecam22 2773.5690918 5888.39697266 3.88120818138
1478874037273 lifecam22 2767.14648438 5893.36767578 3.868465662
1478874037346 lifecam22 2759.57299805 5896.81738281 3.84712934494
1478874037412 lifecam22 2753.24731445 5900.41259766 3.83567261696
1478874037479 lifecam22 2746.19946289 5905.25097656 3.81358337402
1478874037612 lifecam22 2732.10717773 5913.36181641 3.78226852417
1478874037687 lifecam22 2725.12329102 5917.27441406 3.76893472672
1478874037747 lifecam22 2718.01782227 5921.62744141 3.7502655983
1478874037808 lifecam22 2712.17114258 5926.515625 3.73619937897
1478874037883 lifecam22 2705.34570312 5930.13623047 3.72175931931
1478874038082 lifecam22 2686.8996582 5944.56005859 3.67716264725
1478874038152 lifecam22 2679.54296875 5950.27929688 3.65740942955
1478874038222 lifecam22 2674.56079102 5954.46044922 3.64588689804
1478874038285 lifecam22 2668.40942383 5959.95117188 3.62971401215
1478874038351 lifecam22 2662.78662109 5965.6953125 3.61556005478
1478874038486 lifecam22 2653.01000977 5975.78466797 3.59285926819
1478874038554 lifecam22 2646.81298828 5981.25097656 3.58144283295
1478874038618 lifecam22 2642.50341797 5986.16455078 3.5707244873
1478874038681 lifecam22 2635.92456055 5992.23535156 3.55237817764
1478874038747 lifecam22 2630.12133789 5997.5625 3.53556108475
1478874038886 lifecam22 2620.5300293 6008.93652344 3.50868415833
1478874038949 lifecam22 2616.83984375 6015.06738281 3.50012874603
1478874039016 lifecam22 2610.97973633 6021.02490234 3.48027181625
1478874039083 lifecam22 2605.45751953 6027.64208984 3.46426916122
1478874039151 lifecam22 2601.05810547 6033.46386719 3.45215272903
1478874039356 lifecam22 2586.67919922 6052.11865234 3.40214490891
1478874039422 lifecam22 2581.28710938 6059.25195312 3.3847360611
1478874039479 lifecam22 2577.12011719 6065.453125 3.36989593506
1478874039553 lifecam22 2573.52148438 6072.06787109 3.35748958588
1478874039619 lifecam22 2568.86010742 6078.71582031 3.34202289581
1478874039758 lifecam22 2560.72949219 6092.27685547 3.31139278412
1478874039883 lifecam22 2552.75048828 6106.87841797 3.28044176102
1478874039950 lifecam22 2549.63012695 6112.46630859 3.26953935623
1478874040021 lifecam22 2546.34375 6120.56982422 3.2540397644
1478874040160 lifecam22 2540.44311523 6133.78564453 3.22954368591
1478874040218 lifecam22 2535.98681641 6141.27490234 3.20746994019
1478874040287 lifecam22 2533.56054688 6148.76123047 3.19796037674
1478874040345 lifecam22 2527.96948242 6156.9609375 3.16977596283
1478874040413 lifecam22 2526.23803711 6162.44726562 3.16950654984
1478874040544 lifecam22 2522.48461914 6173.86328125 3.14400529861
1478874040622 lifecam22 2518.69824219 6184.06835938 3.12196660042
1478874040681 lifecam22 2518.40893555 6189.05712891 3.1181704998
1478874040755 lifecam22 2517.70214844 6185.99658203 3.11130166054
1478874040817 lifecam22 2517.56298828 6187.61914062 3.10816407204
1478874040957 lifecam22 2517.38037109 6187.25439453 3.10817599297
1478874041024 lifecam22 2517.70166016 6186.89794922 3.10991168022
1478874041083 lifecam22 2517.38037109 6187.25439453 3.10817599297
1478874041155 lifecam22 2517.27954102 6187.06787109 3.10853934288
1478874041220 lifecam22 2517.16333008 6187.29003906 3.10744023323
1478874041297 lifecam22 2517.72119141 6186.87792969 3.11008620262
1478874041349 lifecam22 2517.48071289 6186.99267578 3.10913825035
1478874041426 lifecam22 2517.70166016 6186.89794922 3.10991168022
1478874041483 lifecam22 2517.95092773 6186.81445312 3.11056637764
1478874041549 lifecam22 2517.48071289 6186.99267578 3.10913825035
1478874041753 lifecam22 2517.84130859 6187.04394531 3.10989260674
1478874041818 lifecam22 2517.62963867 6187.17041016 3.1088321209
1478874041889 lifecam22 2517.70166016 6186.89794922 3.10991168022
1478874041959 lifecam22 2517.70166016 6186.89794922 3.10991168022
1478874042022 lifecam22 2517.8503418 6187.07519531 3.10960268974
1478874042161 lifecam22 2517.84130859 6187.04394531 3.10989260674
1478874042225 lifecam22 2517.70166016 6186.89794922 3.10991168022
1478874042294 lifecam22 2517.94189453 6186.78320312 3.11085677147
1478874042351 lifecam22 2517.94189453 6186.78320312 3.11085677147
