1478873204585 lifecam22 3195.01586914 5862.40332031 4.64071464539
1478873204725 lifecam22 3195.21142578 5862.41601562 4.64246177673
1478873204784 lifecam22 3194.83959961 5862.21044922 4.64056873322
1478873204859 lifecam22 3194.53613281 5861.97070312 4.63930177689
1478873204921 lifecam22 3195.12207031 5862.59912109 4.64289140701
1478873204992 lifecam22 3195.12207031 5862.59912109 4.64289140701
1478873205123 lifecam22 3195.00195312 5862.37646484 4.64193439484
1478873205195 lifecam22 3194.70605469 5862.26708984 4.64098405838
1478873205255 lifecam22 3194.93310547 5862.26123047 4.64211177826
1478873205321 lifecam22 3194.65625 5862.19238281 4.64025688171
1478873205386 lifecam22 3194.80932617 5862.21826172 4.64161396027
1478873205521 lifecam22 3194.46704102 5861.85595703 4.63947629929
1478873205583 lifecam22 3194.9387207 5862.58007812 4.64257764816
1478873205653 lifecam22 3194.75 5862.24267578 4.64179944992
1478873205718 lifecam22 3194.52661133 5861.83056641 4.63929271698
1478873205787 lifecam22 3195.13598633 5862.62597656 4.6416721344
1478873205998 lifecam22 3194.92675781 5863.59960938 4.64170074463
1478873206063 lifecam22 3194.96459961 5862.90576172 4.64035320282
1478873206127 lifecam22 3195.03466797 5862.26269531 4.63858747482
1478873206184 lifecam22 3193.96508789 5862.09863281 4.64131832123
1478873206253 lifecam22 3194.72387695 5861.87451172 4.63837528229
1478873206394 lifecam22 3193.54223633 5862.00585938 4.63884162903
1478873206461 lifecam22 3185.06176758 5862.46630859 4.63659763336
1478873206525 lifecam22 3178.12915039 5860.71679688 4.62919473648
1478873206585 lifecam22 3170.875 5856.36962891 4.60541057587
1478873206653 lifecam22 3162.26049805 5855.92382812 4.59291505814
1478873206859 lifecam22 3140.38671875 5850.87109375 4.55090808868
1478873206921 lifecam22 3131.88598633 5848.77587891 4.53337240219
1478873206991 lifecam22 3124.69311523 5848.31103516 4.5233297348
1478873207062 lifecam22 3115.17651367 5845.57324219 4.49990081787
1478873207265 lifecam22 3093.91577148 5843.40234375 4.46488571167
1478873207333 lifecam22 3085.24072266 5842.71191406 4.44479942322
1478873207393 lifecam22 3077.12817383 5842.23193359 4.42976140976
1478873207462 lifecam22 3070.2980957 5841.36474609 4.41771221161
1478873207530 lifecam22 3061.84155273 5841.24072266 4.40170001984
1478873207667 lifecam22 3046.58837891 5841.04199219 4.37586593628
1478873207721 lifecam22 3039.37036133 5841.15087891 4.35917949677
1478873207793 lifecam22 3030.92431641 5840.89648438 4.34435892105
1478873207862 lifecam22 3023.32128906 5840.64355469 4.32495307922
1478873207933 lifecam22 3014.54125977 5841.52685547 4.30994653702
1478873208061 lifecam22 3000.29467773 5842.20703125 4.28560972214
1478873208132 lifecam22 2990.9987793 5842.84960938 4.2641620636
1478873208186 lifecam22 2983.88989258 5843.14306641 4.24790716171
1478873208268 lifecam22 2976.26269531 5845.21972656 4.24000644684
1478873208331 lifecam22 2968.54614258 5844.79003906 4.2201833725
1478873208463 lifecam22 2951.29394531 5847.33544922 4.18345928192
1478873208538 lifecam22 2945.55566406 5849.09033203 4.17343521118
1478873208598 lifecam22 2936.52172852 5850.49414062 4.15320587158
1478873208665 lifecam22 2930.31616211 5852.43457031 4.14674758911
1478873208728 lifecam22 2922.93286133 5854.28222656 4.13296031952
1478873208865 lifecam22 2908.81054688 5858.27587891 4.10681200027
1478873208934 lifecam22 2898.73999023 5859.93212891 4.08388280869
1478873209000 lifecam22 2892.27490234 5861.44580078 4.06954240799
1478873209067 lifecam22 2885.17773438 5864.29101562 4.06226873398
1478873209125 lifecam22 2878.01904297 5866.33740234 4.04431343079
1478873209328 lifecam22 2855.50610352 5874.22705078 3.99876570702
1478873209388 lifecam22 2848.76831055 5877.60693359 3.99060177803
1478873209469 lifecam22 2840.97753906 5879.8125 3.97410488129
1478873209527 lifecam22 2832.66967773 5883.11279297 3.95278811455
1478873209587 lifecam22 2826.42358398 5886.79785156 3.93757176399
1478873209729 lifecam22 2811.2956543 5893.77392578 3.90190005302
1478873209805 lifecam22 2803.64013672 5896.63427734 3.8900744915
1478873209861 lifecam22 2797.70239258 5899.74658203 3.88112306595
1478873209923 lifecam22 2790.58642578 5904.48535156 3.85855770111
1478873209994 lifecam22 2781.9284668 5908.79394531 3.84150719643
1478873210140 lifecam22 2768.84423828 5916.32666016 3.8102684021
1478873210193 lifecam22 2762.5078125 5920.43408203 3.79477858543
1478873210266 lifecam22 2755.73535156 5924.01708984 3.7786450386
1478873210333 lifecam22 2749.41381836 5929.13330078 3.76884937286
1478873210390 lifecam22 2743.18945312 5933.25390625 3.74939250946
1478873210603 lifecam22 2722.5715332 5946.72753906 3.70309948921
1478873210664 lifecam22 2716.90356445 5951.50097656 3.68931627274
1478873210730 lifecam22 2710.67602539 5955.67480469 3.67229866982
1478873210802 lifecam22 2704.88525391 5961.23144531 3.65894675255
1478873210870 lifecam22 2698.53881836 5966.12646484 3.64357209206
1478873211069 lifecam22 2680.85009766 5982.75146484 3.59640312195
1478873211129 lifecam22 2675.22729492 5987.76367188 3.58533334732
1478873211196 lifecam22 2670.35009766 5993.12353516 3.57048511505
1478873211261 lifecam22 2665.24902344 5998.71191406 3.55652523041
1478873211326 lifecam22 2659.21289062 6003.96826172 3.54146814346
1478873211473 lifecam22 2648.83203125 6015.73095703 3.51208400726
1478873211530 lifecam22 2644.64453125 6021.72851562 3.50339221954
1478873211593 lifecam22 2639.16748047 6027.92724609 3.48293113708
1478873211661 lifecam22 2635.42993164 6033.63427734 3.47434711456
1478873211730 lifecam22 2629.34741211 6040.02246094 3.45460748672
1478873211858 lifecam22 2619.44677734 6051.99023438 3.42205810547
1478873211925 lifecam22 2614.84448242 6058.34082031 3.40879535675
1478873211998 lifecam22 2610.18164062 6064.98681641 3.39481115341
1478873212067 lifecam22 2606.36083984 6070.30615234 3.38277292252
1478873212125 lifecam22 2601.21777344 6078.75927734 3.35881996155
1478873212269 lifecam22 2594.47851562 6090.58544922 3.33938932419
1478873212335 lifecam22 2589.31933594 6098.13818359 3.32312393188
1478873212403 lifecam22 2586.37548828 6104.81591797 3.31183099747
1478873212470 lifecam22 2581.68457031 6111.43896484 3.29190206528
1478873212538 lifecam22 2578.29589844 6117.26416016 3.27922058105
1478873212674 lifecam22 2571.01513672 6131.43408203 3.24992370605
1478873212793 lifecam22 2564.46582031 6144.98730469 3.22412586212
1478873212864 lifecam22 2560.36254883 6153.20996094 3.20501089096
1478873212935 lifecam22 2558.16894531 6158.85107422 3.19539785385
1478873212995 lifecam22 2555.77319336 6164.80859375 3.18527793884
1478873213193 lifecam22 2547.73388672 6188.18164062 3.14115738869
1478873213264 lifecam22 2542.87768555 6196.63867188 3.11617779732
1478873213337 lifecam22 2540.64916992 6202.66455078 3.10198664665
1478873213404 lifecam22 2539.66455078 6209.62207031 3.10070443153
1478873213462 lifecam22 2537.44750977 6217.18652344 3.0774371624
1478873213537 lifecam22 2535.70947266 6224.89306641 3.06712937355
1478873213596 lifecam22 2536.1159668 6227.71484375 3.06919026375
1478873213664 lifecam22 2535.65307617 6225.43505859 3.06771874428
1478873213731 lifecam22 2536.20532227 6226.57470703 3.07074046135
1478873213806 lifecam22 2535.63476562 6225.39355469 3.06757044792
1478873213947 lifecam22 2535.88598633 6225.83935547 3.07104325294
1478873214004 lifecam22 2536.07592773 6225.45703125 3.0715944767
1478873214075 lifecam22 2536.31079102 6225.78857422 3.07359147072
1478873214138 lifecam22 2535.89770508 6225.52197266 3.06992983818
1478873214204 lifecam22 2536.37036133 6224.96044922 3.07597899437
1478873214411 lifecam22 2536.44506836 6225.00488281 3.07551884651
1478873214472 lifecam22 2536.28417969 6225.51416016 3.07208800316
1478873214539 lifecam22 2536.3581543 6225.42431641 3.07287192345
1478873214605 lifecam22 2536.07421875 6225.46191406 3.07156300545
1478873214676 lifecam22 2536.06884766 6225.62548828 3.07003474236
1478873214809 lifecam22 2536.56567383 6225.16699219 3.07377648354
1478873214874 lifecam22 2536.09423828 6225.43408203 3.07178997993
1478873214943 lifecam22 2536.43774414 6225.17333984 3.07395815849
1478873215011 lifecam22 2536.48974609 6224.97753906 3.07453179359
1478873215074 lifecam22 2536.10107422 6225.26611328 3.07334923744
