1478874054976 lifecam22 3204.51708984 5864.62158203 4.73013591766
1478874055043 lifecam22 3203.95776367 5864.27783203 4.72679424286
1478874055106 lifecam22 3204.44213867 5864.75439453 4.72988462448
1478874055170 lifecam22 3204.30200195 5864.5 4.72882080078
1478874055307 lifecam22 3204.34570312 5864.35888672 4.72883701324
1478874055371 lifecam22 3204.64135742 5864.84130859 4.73068904877
1478874055434 lifecam22 3204.33398438 5864.58349609 4.72976303101
1478874055503 lifecam22 3204.40527344 5864.65625 4.72917556763
1478874055571 lifecam22 3204.30200195 5864.5 4.72882080078
1478874055780 lifecam22 3204.37695312 5864.87402344 4.72967529297
1478874055845 lifecam22 3204.51708984 5864.62158203 4.73013591766
1478874055906 lifecam22 3204.52880859 5865.03662109 4.73242282867
1478874055971 lifecam22 3204.51708984 5864.62158203 4.73013591766
1478874056047 lifecam22 3204.71337891 5865.21630859 4.73280191422
1478874056179 lifecam22 3204.35742188 5864.60888672 4.72998523712
1478874056303 lifecam22 3205.35522461 5865.24755859 4.73068714142
1478874056372 lifecam22 3205.17871094 5864.2265625 4.72286844254
1478874056436 lifecam22 3204.60400391 5864.90820312 4.72880744934
1478874056586 lifecam22 3204.45654297 5864.50341797 4.72888946533
1478874056646 lifecam22 3197.76660156 5862.69775391 4.71404504776
1478874056706 lifecam22 3184.90209961 5860.12939453 4.70083093643
1478874056778 lifecam22 3182.60449219 5857.02490234 4.68763494492
1478874056848 lifecam22 3175.87475586 5857.00390625 4.68879175186
1478874056987 lifecam22 3158.92504883 5850.83984375 4.64346218109
1478874057051 lifecam22 3152.14355469 5849.23486328 4.63378667831
1478874057117 lifecam22 3143.90771484 5847.18896484 4.61935377121
1478874057181 lifecam22 3135.37646484 5844.28955078 4.59635162354
1478874057252 lifecam22 3128.61206055 5843.34033203 4.58727455139
1478874057304 lifecam22 3120.34399414 5840.25878906 4.56889772415
1478874057385 lifecam22 3113.75195312 5840.05859375 4.55643987656
1478874057448 lifecam22 3104.84228516 5838.03564453 4.54153347015
1478874057515 lifecam22 3098.49707031 5836.63330078 4.52791833878
1478874057579 lifecam22 3089.47021484 5835.47900391 4.51015233994
1478874057646 lifecam22 3082.60107422 5833.69628906 4.49679851532
1478874057782 lifecam22 3066.08764648 5831.50927734 4.46245002747
1478874057904 lifecam22 3051.10180664 5831.30078125 4.43818283081
1478874057972 lifecam22 3043.69580078 5830.56689453 4.42547082901
1478874058042 lifecam22 3036.23242188 5831.23339844 4.41425228119
1478874058117 lifecam22 3027.75268555 5829.98925781 4.39504432678
1478874058181 lifecam22 3019.2109375 5829.63720703 4.37588262558
1478874058242 lifecam22 3011.78833008 5829.67089844 4.35832738876
1478874058315 lifecam22 3005.29492188 5829.63427734 4.35034179688
1478874058378 lifecam22 2996.32470703 5829.7734375 4.33024120331
1478874058517 lifecam22 2981.08496094 5830.54052734 4.30671024323
1478874058572 lifecam22 2973.12304688 5830.70117188 4.28610897064
1478874058651 lifecam22 2966.41479492 5831.79296875 4.27484321594
1478874058704 lifecam22 2957.16259766 5831.58642578 4.25368595123
1478874058772 lifecam22 2951.1328125 5833.31787109 4.2457075119
1478874058913 lifecam22 2933.84692383 5835.22460938 4.20923948288
1478874058977 lifecam22 2926.43310547 5836.01269531 4.19666576385
1478874059051 lifecam22 2918.71142578 5836.765625 4.17733478546
1478874059117 lifecam22 2910.92919922 5839.42285156 4.16551494598
1478874059178 lifecam22 2903.97607422 5840.10742188 4.15414047241
1478874059321 lifecam22 2887.88085938 5843.13183594 4.12214231491
1478874059381 lifecam22 2881.43725586 5845.27929688 4.11040019989
1478874059447 lifecam22 2873.63085938 5847.84570312 4.09564065933
1478874059508 lifecam22 2865.90991211 5849.85253906 4.08296346664
1478874059576 lifecam22 2858.87719727 5852.51708984 4.06704854965
1478874059711 lifecam22 2844.65942383 5856.90673828 4.04466104507
1478874059787 lifecam22 2835.93505859 5860.16894531 4.02198314667
1478874059851 lifecam22 2828.33520508 5861.30908203 4.00779056549
1478874059910 lifecam22 2822.32006836 5865.00097656 4.00022792816
1478874059980 lifecam22 2814.47290039 5867.45117188 3.97726988792
1478874060119 lifecam22 2797.52270508 5873.94824219 3.93745398521
1478874060182 lifecam22 2792.69848633 5876.76318359 3.92921257019
1478874060242 lifecam22 2782.81567383 5880.57470703 3.90283226967
1478874060310 lifecam22 2778.37475586 5884.29199219 3.89936256409
1478874060376 lifecam22 2771.68652344 5888.01318359 3.88582253456
1478874060579 lifecam22 2748.86450195 5899.63330078 3.83147287369
1478874060647 lifecam22 2743.0168457 5903.94970703 3.82250261307
1478874060710 lifecam22 2735.31982422 5908.02636719 3.80345153809
1478874060782 lifecam22 2728.80200195 5912.16308594 3.78491353989
1478874060850 lifecam22 2722.87597656 5916.03125 3.77479767799
1478874061051 lifecam22 2702.09741211 5928.53320312 3.72675609589
1478874061116 lifecam22 2696.11279297 5933.96875 3.71008253098
1478874061188 lifecam22 2689.85839844 5938.3203125 3.69747304916
1478874061248 lifecam22 2685.22851562 5942.53955078 3.68769979477
1478874061322 lifecam22 2677.96582031 5948.19775391 3.66487431526
1478874061452 lifecam22 2666.21630859 5958.70556641 3.6364235878
1478874061523 lifecam22 2659.90405273 5963.37207031 3.6206445694
1478874061587 lifecam22 2654.20581055 5969.06640625 3.60884714127
1478874061653 lifecam22 2649.3449707 5974.12939453 3.60060453415
1478874061721 lifecam22 2643.61743164 5979.82324219 3.58405160904
1478874061860 lifecam22 2633.57739258 5990.00439453 3.55668115616
1478874061927 lifecam22 2627.48657227 5996.59716797 3.54184913635
1478874061989 lifecam22 2623.7722168 6001.58837891 3.53024196625
1478874062053 lifecam22 2617.63037109 6007.78125 3.51505851746
1478874062119 lifecam22 2613.11279297 6013.18066406 3.50105476379
1478874062320 lifecam22 2596.78857422 6032.38378906 3.44950723648
1478874062386 lifecam22 2591.28173828 6038.26416016 3.4322385788
1478874062451 lifecam22 2587.68701172 6043.98144531 3.423391819
1478874062518 lifecam22 2582.26904297 6050.71484375 3.40316677094
1478874062586 lifecam22 2577.31176758 6057.44970703 3.38827085495
1478874062713 lifecam22 2568.76757812 6070.06835938 3.35896253586
1478874062797 lifecam22 2565.96850586 6076.49560547 3.35242033005
1478874062855 lifecam22 2561.32421875 6083.77099609 3.33084344864
1478874062921 lifecam22 2557.48022461 6090.49755859 3.31996917725
1478874062987 lifecam22 2553.7590332 6096.58251953 3.30579471588
1478874063123 lifecam22 2546.36254883 6109.26220703 3.27911996841
1478874063186 lifecam22 2543.66235352 6116.7265625 3.26704883575
1478874063256 lifecam22 2539.56396484 6123.30712891 3.25325393677
1478874063317 lifecam22 2536.33911133 6131.43359375 3.23541545868
1478874063379 lifecam22 2531.95654297 6138.36767578 3.21808862686
1478874063519 lifecam22 2527.25488281 6151.50927734 3.19538068771
1478874063586 lifecam22 2524.53417969 6157.3359375 3.1825094223
1478874063663 lifecam22 2519.99707031 6165.03369141 3.15961360931
1478874063720 lifecam22 2517.74902344 6172.67919922 3.15366077423
1478874063787 lifecam22 2515.50878906 6180.82666016 3.14190387726
1478874063920 lifecam22 2516.33984375 6179.81054688 3.14390611649
1478874063993 lifecam22 2516.30957031 6180.37939453 3.14592123032
1478874064056 lifecam22 2517.57739258 6179.00830078 3.15308380127
1478874064125 lifecam22 2516.70703125 6179.65625 3.14847898483
1478874064188 lifecam22 2516.72070312 6179.49707031 3.14858913422
1478874064393 lifecam22 2516.09326172 6180.39208984 3.14509439468
1478874064453 lifecam22 2517.14624023 6179.47119141 3.15013885498
1478874064516 lifecam22 2516.45068359 6179.78662109 3.14723348618
1478874064587 lifecam22 2516.72070312 6179.49707031 3.14858913422
1478874064647 lifecam22 2516.61401367 6179.75830078 3.14756584167
1478874064789 lifecam22 2516.72070312 6179.49707031 3.14858913422
1478874064857 lifecam22 2516.50634766 6179.58349609 3.14779520035
1478874064924 lifecam22 2516.38305664 6179.71728516 3.14656925201
1478874064989 lifecam22 2516.65014648 6179.57373047 3.14788770676
1478874065059 lifecam22 2517.30908203 6179.15185547 3.15175962448
