1478876362364 lifecam22 3192.21875 5860.57519531 4.59529447556
1478876362426 lifecam22 3192.21875 5860.57519531 4.59529447556
1478876362494 lifecam22 3192.5234375 5860.27148438 4.59554433823
1478876362554 lifecam22 3192.54760742 5860.81738281 4.59663057327
1478876362826 lifecam22 3192.48120117 5860.75732422 4.59744358063
1478876362896 lifecam22 3192.28100586 5860.75292969 4.59569787979
1478876362960 lifecam22 3192.09448242 5860.62792969 4.59416723251
1478876363027 lifecam22 3192.04296875 5860.82470703 4.59603357315
1478876363095 lifecam22 3192.34570312 5861.18847656 4.59840202332
1478876363232 lifecam22 3192.52832031 5861.34521484 4.598716259
1478876363290 lifecam22 3192.27758789 5861.01855469 4.59678506851
1478876363358 lifecam22 3192.28100586 5860.75292969 4.59569787979
1478876363421 lifecam22 3192.26855469 5860.60986328 4.59439516068
1478876363494 lifecam22 3192.57592773 5860.85986328 4.59704637527
1478876363703 lifecam22 3192.24389648 5860.85791016 4.59529256821
1478876363764 lifecam22 3192.32250977 5861.42529297 4.59917593002
1478876363823 lifecam22 3193.20556641 5861.44726562 4.59169054031
1478876363889 lifecam22 3194.63720703 5861.37939453 4.59418582916
1478876363963 lifecam22 3192.1315918 5860.52294922 4.59457302094
1478876364171 lifecam22 3187.05029297 5861.07958984 4.59570932388
1478876364225 lifecam22 3178.67822266 5863.50537109 4.60980939865
1478876364299 lifecam22 3174.88037109 5863.26269531 4.60763692856
1478876364366 lifecam22 3168.1784668 5864.76171875 4.61159467697
1478876364432 lifecam22 3161.33837891 5865.29785156 4.61778450012
1478876364634 lifecam22 3143.86303711 5868.93017578 4.63320875168
1478876364704 lifecam22 3138.3034668 5869.95214844 4.63985395432
1478876364768 lifecam22 3131.83935547 5870.07373047 4.64297294617
1478876364835 lifecam22 3129.99414062 5871.58203125 4.66202116013
1478876364897 lifecam22 3124.21044922 5872.5 4.66884279251
1478876365163 lifecam22 3099.61254883 5874.93652344 4.6953754425
1478876365229 lifecam22 3092.61450195 5875.07763672 4.69538879395
1478876365300 lifecam22 3086.73120117 5875.52148438 4.70240449905
1478876365365 lifecam22 3081.5769043 5876.40527344 4.71196365356
1478876365431 lifecam22 3078.23242188 5877.68017578 4.73026132584
1478876365572 lifecam22 3065.40795898 5877.84033203 4.734375
1478876365632 lifecam22 3060.23828125 5878.05957031 4.73779058456
1478876365694 lifecam22 3053.62866211 5878.30712891 4.74244117737
1478876365767 lifecam22 3049.94213867 5878.68554688 4.75429153442
1478876365834 lifecam22 3043.24609375 5879.69091797 4.75793743134
1478876366035 lifecam22 3026.12207031 5879.41699219 4.77527761459
1478876366092 lifecam22 3020.56152344 5880.11962891 4.78715419769
1478876366167 lifecam22 3015.32958984 5880.60205078 4.79601573944
1478876366234 lifecam22 3010.62158203 5881.28759766 4.80237674713
1478876366300 lifecam22 3004.33422852 5881.00097656 4.80859994888
1478876366501 lifecam22 2988.02929688 5882.09960938 4.83829402924
1478876366564 lifecam22 2982.54833984 5881.86914062 4.84118175507
1478876366635 lifecam22 2976.2980957 5881.42382812 4.84612226486
1478876366705 lifecam22 2969.97705078 5880.01416016 4.8449754715
1478876366747 lifecam20 3262.19262695 4815.89990234 4.42299985886
1478876366773 lifecam22 3259.24438477 4816.15087891 4.43012619019
1478876366970 lifecam22 2946.00195312 5878.03466797 4.86624574661
1478876367027 lifecam22 2940.25 5878.03808594 4.87466144562
1478876367094 lifecam22 2934.28515625 5876.63623047 4.88179636002
1478876367167 lifecam22 2928.91625977 5876.51171875 4.88484382629
1478876367235 lifecam22 2923.19091797 5876.36669922 4.89670610428
1478876367374 lifecam22 2911.59399414 5874.98779297 4.91346311569
1478876367430 lifecam22 2906.7097168 5874.98876953 4.91666936874
1478876367497 lifecam22 2901.26660156 5873.26464844 4.92329597473
1478876367567 lifecam22 2895.22607422 5873.48388672 4.9320397377
1478876367636 lifecam22 2888.87011719 5871.375 4.9319024086
1478876367907 lifecam22 2866.32739258 5869.49267578 4.96845579147
1478876367974 lifecam22 2861.65527344 5868.0390625 4.97500228882
1478876368037 lifecam22 2855.95800781 5867.95556641 4.98177719116
1478876368102 lifecam22 2850.36279297 5867.12744141 4.98883628845
1478876368171 lifecam22 2844.78613281 5865.77441406 4.99553585052
1478876368368 lifecam22 2827.39697266 5862.21386719 5.01011896133
1478876368431 lifecam22 2822.61694336 5861.08447266 5.01571846008
1478876368497 lifecam22 2816.83129883 5859.50634766 5.01905679703
1478876368564 lifecam22 2811.06689453 5858.10009766 5.02611446381
1478876368637 lifecam22 2804.73779297 5857.09375 5.03470420837
1478876368838 lifecam22 2787.57226562 5852.79931641 5.05597448349
1478876368905 lifecam22 2783.40039062 5851.9609375 5.0617723465
1478876368963 lifecam22 2777.62011719 5850.99853516 5.07523107529
1478876369033 lifecam22 2771.49633789 5848.59667969 5.07693862915
1478876369103 lifecam22 2766.29443359 5847.78271484 5.08676624298
1478876369310 lifecam22 2750.31494141 5840.92089844 5.10006761551
1478876369367 lifecam22 2745.15332031 5839.59277344 5.10611200333
1478876369439 lifecam22 2738.45947266 5837.27148438 5.11038732529
1478876369505 lifecam22 2733.47900391 5836.26367188 5.12171888351
1478876369572 lifecam22 2727.68823242 5834.37451172 5.1253786087
1478876369709 lifecam22 2716.41723633 5831.50292969 5.14926290512
1478876369771 lifecam22 2711.81396484 5830.44921875 5.15770292282
1478876369843 lifecam22 2705.90576172 5827.72167969 5.15810966492
1478876369909 lifecam22 2701.38696289 5826.49169922 5.16921520233
1478876369974 lifecam22 2695.54003906 5825.19580078 5.17700481415
1478876370175 lifecam22 2679.27685547 5818.33447266 5.19284343719
1478876370234 lifecam22 2673.68579102 5815.13134766 5.19464492798
1478876370306 lifecam22 2667.95654297 5812.90966797 5.2025141716
1478876370374 lifecam22 2662.7734375 5811.53271484 5.21758747101
1478876370437 lifecam22 2657.46337891 5809.64892578 5.22265338898
1478876370640 lifecam22 2641.47753906 5801.13427734 5.23989915848
1478876370700 lifecam22 2636.20532227 5799.60400391 5.24749851227
1478876370778 lifecam22 2631.39160156 5796.27832031 5.24900579453
1478876370844 lifecam22 2625.64526367 5793.66015625 5.25570869446
1478876370886 lifecam20 3090.02685547 4772.72265625 4.62836647034
1478876370909 lifecam22 3087.51806641 4771.06494141 4.63070726395
1478876371108 lifecam22 2605.40698242 5782.22363281 5.27724981308
1478876371168 lifecam22 2600.53344727 5780.68945312 5.2902302742
1478876371236 lifecam22 2595.34765625 5777.16943359 5.29581928253
1478876371300 lifecam22 2590.18457031 5776.41357422 5.31069517136
1478876371375 lifecam22 2586.03417969 5771.54980469 5.30817270279
1478876371515 lifecam22 2575.75537109 5765.72607422 5.31812667847
1478876371577 lifecam22 2569.91113281 5764.06445312 5.33478689194
1478876371644 lifecam22 2566.14599609 5761.68164062 5.34042644501
1478876371709 lifecam22 2560.47973633 5759.01171875 5.35183048248
1478876371781 lifecam22 2556.31445312 5755.19091797 5.35338258743
1478876371981 lifecam22 2542.19995117 5744.73144531 5.36776447296
1478876372040 lifecam22 2536.36181641 5743.29296875 5.37991285324
1478876372104 lifecam22 2531.57080078 5740.63769531 5.391954422
1478876372175 lifecam22 2526.27734375 5737.85302734 5.39792346954
1478876372243 lifecam22 2521.81787109 5734.16845703 5.40401887894
1478876372447 lifecam22 2507.53027344 5723.55126953 5.42069721222
1478876372507 lifecam22 2503.18725586 5721.84960938 5.43569946289
1478876372577 lifecam22 2499.06689453 5716.45751953 5.43198013306
1478876372642 lifecam22 2494.47949219 5712.41601562 5.43110227585
1478876372711 lifecam22 2489.9453125 5708.6171875 5.43929195404
1478876372907 lifecam22 2476.31640625 5699.49609375 5.46410512924
1478876372982 lifecam22 2470.73339844 5695.37841797 5.47488117218
1478876373044 lifecam22 2466.91162109 5692.90625 5.4833855629
1478876373113 lifecam22 2462.09814453 5689.421875 5.49329805374
1478876373179 lifecam22 2458.03149414 5684.97265625 5.49351263046
1478876373381 lifecam22 2444.84301758 5675.17480469 5.52636194229
1478876373447 lifecam22 2441.07836914 5670.48291016 5.52402305603
1478876373509 lifecam22 2436.4309082 5666.71728516 5.53009557724
1478876373578 lifecam22 2431.65991211 5661.95458984 5.53198814392
1478876373645 lifecam22 2427.18066406 5659.41894531 5.54596567154
1478876373851 lifecam22 2414.88037109 5647.54443359 5.56736326218
1478876373918 lifecam22 2410.47705078 5643.67285156 5.57366609573
1478876373979 lifecam22 2406.40698242 5640.44580078 5.58384227753
1478876374049 lifecam22 2402.41796875 5635.97802734 5.58575201035
1478876374115 lifecam22 2398.06835938 5632.33300781 5.59558582306
1478876374246 lifecam22 2389.80639648 5624.24462891 5.61088037491
1478876374313 lifecam22 2386.50341797 5619.54589844 5.60828542709
1478876374380 lifecam22 2382.83203125 5615.44238281 5.62273168564
1478876374447 lifecam22 2379.07495117 5612.42822266 5.63207674026
1478876374513 lifecam22 2374.73803711 5606.98486328 5.63570261002
1478876374705 lifecam22 2362.60717773 5594.30566406 5.65312480927
1478876374777 lifecam22 2360.09204102 5588.54492188 5.6551117897
1478876374838 lifecam22 2354.9284668 5584.90576172 5.66825580597
1478876374913 lifecam22 2351.72924805 5579.33886719 5.66613101959
1478876374982 lifecam22 2348.6184082 5576.34082031 5.67946529388
1478876375182 lifecam22 2337.02319336 5564.02099609 5.70507764816
1478876375251 lifecam22 2333.41381836 5558.66699219 5.70715141296
1478876375315 lifecam22 2329.6472168 5555.30615234 5.71912336349
1478876375383 lifecam22 2326.75317383 5549.70849609 5.71920394897
1478876375450 lifecam22 2323.31884766 5546.00146484 5.72865962982
1478876375649 lifecam22 2312.84033203 5530.39648438 5.74749517441
1478876375713 lifecam22 2308.71044922 5526.53515625 5.75729131699
1478876375786 lifecam22 2305.08422852 5522.35009766 5.76808595657
1478876375853 lifecam22 2302.50048828 5517.59619141 5.77088356018
1478876375914 lifecam22 2299.23925781 5512.51611328 5.77443599701
1478876376055 lifecam22 2292.90332031 5502.36523438 5.78401136398
1478876376112 lifecam22 2289.13696289 5498.24072266 5.7987704277
1478876376181 lifecam22 2286.59277344 5494.50292969 5.80550193787
1478876376250 lifecam22 2283.03027344 5489.37792969 5.81222391129
1478876376316 lifecam22 2280.5144043 5484.74169922 5.81596279144
1478876376373 lifecam22 2277.66235352 5478.61083984 5.81417655945
1478876376521 lifecam22 2270.97851562 5469.75097656 5.83823823929
1478876376581 lifecam22 2268.6862793 5463.26708984 5.83725881577
1478876376643 lifecam22 2265.23876953 5458.51513672 5.84406423569
1478876376722 lifecam22 2265.17138672 5454.0 5.83909845352
1478876376785 lifecam22 2266.12011719 5455.35693359 5.83902311325
1478876377048 lifecam22 2266.16943359 5453.87988281 5.83315753937
1478876377117 lifecam22 2266.08129883 5454.28515625 5.83505630493
1478876377185 lifecam22 2266.08129883 5454.28515625 5.83505630493
1478876377249 lifecam22 2266.12670898 5454.00927734 5.83262252808
1478876377316 lifecam22 2266.11328125 5453.68212891 5.83135604858
1478876377454 lifecam22 2266.08081055 5453.40234375 5.82898235321
1478876377511 lifecam22 2266.1640625 5454.31542969 5.83435297012
1478876377578 lifecam22 2266.09301758 5454.61279297 5.83632421494
1478876377645 lifecam22 2266.09301758 5454.61279297 5.83632421494
1478876377718 lifecam22 2266.11181641 5453.64208984 5.8310303688
1478876377925 lifecam22 2266.34838867 5453.24853516 5.8287115097
