1478876540968 lifecam22 3190.1315918 5860.11279297 4.58987236023
1478876541036 lifecam22 3190.06005859 5859.9453125 4.58826684952
1478876541098 lifecam22 3190.39501953 5859.80615234 4.58772182465
1478876541165 lifecam22 3190.70263672 5860.14501953 4.58972787857
1478876541212 lifecam20 3373.09228516 4807.27929688 4.30481910706
1478876541233 lifecam22 3372.40820312 4807.19433594 4.30316352844
1478876541369 lifecam22 3190.07324219 5859.56201172 4.58382415771
1478876541439 lifecam22 3190.21557617 5859.69287109 4.58738899231
1478876541506 lifecam22 3190.43261719 5859.86669922 4.58926200867
1478876541569 lifecam22 3190.14550781 5859.87597656 4.58674860001
1478876541611 lifecam20 3372.32421875 4805.24755859 4.2931060791
1478876541632 lifecam22 3372.50610352 4805.51464844 4.29565477371
1478876541767 lifecam22 3189.88134766 5860.19335938 4.58760452271
1478876541843 lifecam22 3190.06005859 5859.9453125 4.58826684952
1478876541906 lifecam22 3190.24414062 5860.20654297 4.58965873718
1478876541976 lifecam22 3190.74633789 5859.93359375 4.58911514282
1478876542042 lifecam22 3191.13623047 5860.23095703 4.59108829498
1478876542162 lifecam22 3191.13623047 5860.23095703 4.59108829498
1478876542240 lifecam22 3192.06323242 5859.68164062 4.58954763412
1478876542301 lifecam22 3191.78564453 5859.74414062 4.58972835541
1478876542364 lifecam22 3191.7331543 5859.96582031 4.58778429031
1478876542431 lifecam22 3192.88427734 5861.34619141 4.5903377533
1478876542486 lifecam20 3373.69384766 4805.98242188 4.29490089417
1478876542503 lifecam22 3373.4140625 4805.58496094 4.29850387573
1478876542572 lifecam22 3373.4921875 4805.96289062 4.29823684692
1478876542639 lifecam22 3192.49438477 5861.18505859 4.59722137451
1478876542708 lifecam22 3190.82714844 5861.33740234 4.59774208069
1478876542775 lifecam22 3180.64477539 5862.69433594 4.60207223892
1478876542907 lifecam22 3170.85791016 5864.55957031 4.61196756363
1478876542966 lifecam22 3163.46972656 5864.93066406 4.61945295334
1478876543034 lifecam22 3157.43579102 5866.21142578 4.62355279922
1478876543100 lifecam22 3152.29174805 5866.85498047 4.62989521027
1478876543171 lifecam22 3147.95361328 5869.33349609 4.64595794678
1478876543283 lifecam20 3351.27514648 4810.43945312 4.32418394089
1478876543313 lifecam22 3346.51367188 4812.05566406 4.33540344238
1478876543378 lifecam22 3343.44091797 4812.02050781 4.33858203888
1478876543440 lifecam22 3125.95898438 5873.75390625 4.68067979813
1478876543508 lifecam22 3119.37597656 5874.10351562 4.68436956406
1478876543575 lifecam22 3113.35498047 5874.96337891 4.69307088852
1478876543709 lifecam22 3102.85742188 5876.58984375 4.71366119385
1478876543775 lifecam22 3098.44824219 5877.96289062 4.72758817673
1478876543841 lifecam22 3092.53686523 5877.75683594 4.73098993301
1478876543901 lifecam22 3085.49902344 5877.43994141 4.72817754745
1478876543973 lifecam22 3079.90478516 5877.61621094 4.7312297821
1478876544106 lifecam22 3067.95092773 5877.65527344 4.73537158966
1478876544176 lifecam22 3061.60644531 5879.30273438 4.74761819839
1478876544243 lifecam22 3057.59790039 5878.63085938 4.74659061432
1478876544304 lifecam22 3051.69213867 5879.76171875 4.76006031036
1478876544374 lifecam22 3045.66210938 5879.58154297 4.75990819931
1478876544511 lifecam22 3033.66552734 5879.02978516 4.76833629608
1478876544574 lifecam22 3028.15600586 5879.21875 4.77950811386
1478876544644 lifecam22 3022.95898438 5880.19970703 4.79237937927
1478876544704 lifecam22 3017.72729492 5879.25195312 4.79399633408
1478876544772 lifecam22 3011.98632812 5878.98095703 4.80010032654
1478876544916 lifecam22 2999.82250977 5879.26904297 4.81087684631
1478876544970 lifecam22 2995.29248047 5880.81201172 4.83031463623
1478876545037 lifecam22 2989.15869141 5879.96679688 4.83303403854
1478876545110 lifecam22 2983.45507812 5880.50097656 4.84014081955
1478876545171 lifecam22 2977.57617188 5879.38916016 4.84221982956
1478876545307 lifecam22 2966.69458008 5879.84179688 4.86320114136
1478876545375 lifecam22 2961.39892578 5880.42675781 4.87041950226
1478876545442 lifecam22 2955.24658203 5879.14794922 4.87492370605
1478876545514 lifecam22 2949.62670898 5879.15820312 4.88060617447
1478876545574 lifecam22 2943.0859375 5877.01904297 4.88073253632
1478876545710 lifecam22 2931.4296875 5876.29296875 4.89382982254
1478876545780 lifecam22 2925.70288086 5876.00830078 4.90677881241
1478876545840 lifecam22 2919.27685547 5876.48828125 4.91249895096
1478876545910 lifecam22 2914.04858398 5875.21728516 4.91817998886
1478876545974 lifecam22 2908.33154297 5874.97412109 4.92118024826
1478876546110 lifecam22 2897.6237793 5873.29345703 4.93949651718
1478876546179 lifecam22 2891.84472656 5872.56591797 4.94445037842
1478876546245 lifecam22 2885.60375977 5871.1953125 4.94965696335
1478876546313 lifecam22 2880.62133789 5870.51464844 4.95630788803
1478876546381 lifecam22 2875.74487305 5870.28125 4.96654558182
1478876546510 lifecam22 2863.67993164 5867.32226562 4.97295236588
1478876546577 lifecam22 2858.03442383 5866.26611328 4.9769244194
1478876546643 lifecam22 2851.68359375 5864.44335938 4.98388338089
1478876546709 lifecam22 2845.8449707 5863.58154297 4.98905658722
1478876546775 lifecam22 2840.84619141 5863.07470703 4.99987030029
1478876546918 lifecam22 2830.5078125 5861.31787109 5.01461553574
1478876546972 lifecam22 2824.06494141 5859.61230469 5.01885938644
1478876547049 lifecam22 2817.92871094 5858.02148438 5.02452087402
1478876547115 lifecam22 2812.54345703 5857.61914062 5.03718423843
1478876547179 lifecam22 2807.23291016 5857.23828125 5.0453338623
1478876547374 lifecam22 2791.32421875 5851.65039062 5.05911970139
1478876547445 lifecam22 2784.94702148 5850.90283203 5.06962347031
1478876547507 lifecam22 2779.51708984 5848.55371094 5.07411527634
1478876547579 lifecam22 2774.16088867 5848.21582031 5.0843000412
1478876547649 lifecam22 2768.67138672 5846.06445312 5.09078454971
1478876547840 lifecam22 2753.04711914 5841.03710938 5.10909891129
1478876547916 lifecam22 2746.95727539 5840.24414062 5.11854887009
1478876547982 lifecam22 2742.25952148 5838.08154297 5.12482786179
1478876548046 lifecam22 2735.89550781 5836.08789062 5.12842416763
1478876548188 lifecam22 2725.18188477 5831.48876953 5.13676214218
1478876548314 lifecam22 2714.60888672 5828.19970703 5.15007305145
1478876548383 lifecam22 2708.84155273 5826.49951172 5.15892982483
1478876548448 lifecam22 2702.22338867 5823.43066406 5.16114425659
1478876548578 lifecam22 2691.70898438 5819.59960938 5.17473888397
1478876548653 lifecam22 2686.57250977 5817.72119141 5.17928743362
1478876548708 lifecam22 2680.765625 5814.76464844 5.18659734726
1478876548775 lifecam22 2675.70385742 5814.09082031 5.19759607315
1478876548845 lifecam22 2669.90698242 5811.10253906 5.20559120178
1478876548979 lifecam22 2659.97875977 5807.33398438 5.22525930405
1478876549055 lifecam22 2654.98632812 5804.99560547 5.22821187973
1478876549109 lifecam22 2649.68823242 5803.01074219 5.23367929459
1478876549182 lifecam22 2644.85766602 5799.91210938 5.24080133438
1478876549250 lifecam22 2639.23413086 5798.45654297 5.24995660782
1478876549384 lifecam22 2627.82177734 5792.88867188 5.26162147522
1478876549449 lifecam22 2623.2199707 5790.46386719 5.27115821838
1478876549516 lifecam22 2617.68579102 5787.57666016 5.27544021606
1478876549582 lifecam22 2613.50512695 5784.88818359 5.28599071503
1478876549642 lifecam22 2608.15698242 5782.81445312 5.29219055176
1478876549776 lifecam22 2598.00537109 5776.83544922 5.30268096924
1478876549856 lifecam22 2593.62670898 5773.83740234 5.30809545517
1478876549915 lifecam22 2588.42578125 5770.1953125 5.30756950378
1478876549984 lifecam22 2583.32885742 5767.91845703 5.31961727142
1478876550049 lifecam22 2578.36987305 5764.24023438 5.32284164429
1478876550187 lifecam22 2568.34082031 5759.20068359 5.3400812149
1478876550250 lifecam22 2563.50610352 5757.34619141 5.34981536865
1478876550316 lifecam22 2558.68041992 5754.60693359 5.36004400253
1478876550386 lifecam22 2553.66796875 5749.35839844 5.35809850693
1478876550451 lifecam22 2549.11132812 5748.25878906 5.37216091156
1478876550588 lifecam22 2538.33837891 5741.16601562 5.38103103638
1478876550654 lifecam22 2534.29077148 5737.71826172 5.38683176041
1478876550710 lifecam22 2528.78979492 5735.03222656 5.39645004272
1478876550781 lifecam22 2524.59912109 5730.58398438 5.39671897888
1478876550854 lifecam22 2520.59155273 5728.39208984 5.40711212158
1478876551050 lifecam22 2505.37890625 5718.45019531 5.43459320068
1478876551119 lifecam22 2501.55053711 5715.24658203 5.43795871735
1478876551187 lifecam22 2495.97900391 5712.75048828 5.44694423676
1478876551248 lifecam22 2492.44970703 5709.21289062 5.45501756668
1478876551318 lifecam22 2487.5065918 5704.96630859 5.45627403259
1478876551451 lifecam22 2478.43408203 5697.21191406 5.46786308289
1478876551521 lifecam22 2474.8125 5695.43017578 5.48967409134
1478876551585 lifecam22 2470.40283203 5689.03662109 5.47938728333
1478876551657 lifecam22 2465.99414062 5686.23486328 5.48246002197
1478876551724 lifecam22 2461.74169922 5683.52050781 5.50135421753
1478876551854 lifecam22 2452.56958008 5675.66015625 5.50769281387
1478876551925 lifecam22 2447.65380859 5672.42675781 5.52053070068
1478876551985 lifecam22 2443.15991211 5671.50439453 5.5436964035
1478876552055 lifecam22 2439.41601562 5668.60791016 5.55182409286
1478876552121 lifecam22 2434.55786133 5662.44628906 5.54916191101
1478876552259 lifecam22 2425.9855957 5654.20019531 5.55672883987
1478876552321 lifecam22 2421.30957031 5650.98828125 5.56856298447
1478876552382 lifecam22 2417.73852539 5647.03662109 5.57691860199
1478876552451 lifecam22 2413.51220703 5642.51123047 5.58071470261
1478876552522 lifecam22 2409.20532227 5636.74316406 5.57563066483
1478876552668 lifecam22 2402.17626953 5628.86474609 5.58394384384
1478876552723 lifecam22 2397.81738281 5624.74121094 5.59779930115
1478876552793 lifecam22 2393.10668945 5623.34326172 5.61799955368
1478876552853 lifecam22 2388.75292969 5617.56494141 5.61851930618
1478876552922 lifecam22 2384.16455078 5613.57910156 5.62259626389
1478876553057 lifecam22 2377.27905273 5606.31396484 5.64449834824
1478876553104 lifecam20 2965.95214844 4678.09863281 4.8217587471
1478876553126 lifecam22 2963.80371094 4675.41259766 4.82076597214
1478876553189 lifecam22 2961.88232422 4673.57324219 4.8282995224
1478876553256 lifecam22 2365.87915039 5592.33789062 5.65425252914
1478876553319 lifecam22 2363.38916016 5586.93017578 5.6561589241
1478876553457 lifecam22 2355.46484375 5577.80029297 5.67166376114
1478876553522 lifecam22 2351.68676758 5574.09667969 5.6768989563
1478876553592 lifecam22 2348.05126953 5570.55615234 5.69029998779
1478876553661 lifecam22 2343.25488281 5566.01953125 5.69768714905
1478876553728 lifecam22 2339.98583984 5561.80126953 5.70281410217
1478876553858 lifecam22 2332.52172852 5551.85351562 5.70951080322
1478876553927 lifecam22 2328.70849609 5548.58740234 5.73052978516
1478876553982 lifecam22 2325.69433594 5543.58886719 5.73072338104
1478876554052 lifecam22 2321.68481445 5539.72509766 5.74236726761
1478876554123 lifecam22 2318.28686523 5534.00097656 5.7426815033
1478876554249 lifecam22 2311.86206055 5524.81152344 5.75897216797
1478876554326 lifecam22 2308.89526367 5519.48583984 5.76216697693
1478876554389 lifecam22 2306.3840332 5515.0390625 5.76571702957
1478876554452 lifecam22 2301.90356445 5510.86474609 5.77864313126
1478876554520 lifecam22 2299.19116211 5505.51464844 5.78375482559
1478876554658 lifecam22 2292.43432617 5495.03808594 5.79132461548
1478876554726 lifecam22 2288.84399414 5491.23632812 5.79988861084
1478876554806 lifecam22 2286.31689453 5484.89355469 5.8040971756
1478876554853 lifecam22 2282.76757812 5480.7421875 5.81363964081
1478876554927 lifecam22 2279.2668457 5475.76513672 5.82159805298
1478876555126 lifecam22 2271.92358398 5461.71484375 5.84012794495
1478876555189 lifecam22 2269.04150391 5456.43701172 5.84542703629
1478876555256 lifecam22 2266.93505859 5450.328125 5.84067869186
1478876555326 lifecam22 2268.07568359 5448.56103516 5.83159780502
1478876555387 lifecam22 2268.48876953 5449.60058594 5.83144807816
1478876555568 lifecam20 3554.62524414 3749.88305664 3.99901843071
1478876555605 lifecam22 2911.33300781 4599.55761719 4.91631555557
1478876555659 lifecam22 2911.34863281 4599.68554688 4.91675901413
1478876555718 lifecam22 2267.81738281 5450.03320312 5.83624315262
1478876555787 lifecam22 2267.98168945 5449.43505859 5.83376073837
1478876555860 lifecam22 2268.07763672 5449.79492188 5.83574581146
1478876555999 lifecam22 2267.89379883 5449.72998047 5.83581495285
1478876556063 lifecam22 2267.92382812 5449.62841797 5.83379745483
1478876556128 lifecam22 2268.28271484 5449.40576172 5.83342313766
1478876556194 lifecam22 2268.07763672 5449.79492188 5.83574581146
1478876556262 lifecam22 2267.86767578 5449.25537109 5.83269166946
1478876556404 lifecam22 2267.9140625 5449.31884766 5.83259010315
1478876556455 lifecam22 2268.1887207 5449.63134766 5.83552742004
1478876556528 lifecam22 2268.04101562 5449.58886719 5.83526992798
1478876556594 lifecam22 2267.90356445 5449.70507812 5.83689451218
1478876556657 lifecam22 2267.62939453 5449.96240234 5.8362197876
1478876556800 lifecam22 2267.9140625 5449.31884766 5.83259010315
1478876556857 lifecam22 2267.77270508 5449.85449219 5.83715009689
