1478876325366 lifecam22 3189.92773438 5862.82910156 4.61217308044
1478876325434 lifecam22 3189.57470703 5862.91992188 4.61268806458
1478876325572 lifecam22 3189.94775391 5862.40820312 4.61244487762
1478876325640 lifecam22 3190.37768555 5862.69189453 4.61427783966
1478876325703 lifecam22 3189.63305664 5862.15673828 4.60976600647
1478876325763 lifecam22 3189.94042969 5862.40527344 4.61240673065
1478876325831 lifecam22 3190.17041016 5862.58349609 4.61432981491
1478876325974 lifecam22 3190.796875 5862.70166016 4.61619234085
1478876326029 lifecam22 3190.26782227 5862.34521484 4.61225318909
1478876326103 lifecam22 3190.87280273 5862.63134766 4.61564922333
1478876326171 lifecam22 3191.17724609 5862.45214844 4.61462306976
1478876326236 lifecam22 3190.57324219 5862.16650391 4.61123514175
1478876326378 lifecam22 3190.72363281 5862.24609375 4.61220216751
1478876326442 lifecam22 3191.17724609 5862.45214844 4.61462306976
1478876326510 lifecam22 3191.29736328 5862.41845703 4.61445951462
1478876326569 lifecam22 3191.19213867 5862.32861328 4.61234617233
1478876326641 lifecam22 3190.80419922 5861.84033203 4.60739040375
1478876326844 lifecam22 3191.26245117 5862.74511719 4.60965585709
1478876326908 lifecam22 3191.06225586 5863.0078125 4.61453199387
1478876326969 lifecam22 3190.35205078 5863.25146484 4.61533689499
1478876327039 lifecam22 3191.09741211 5862.77832031 4.61372661591
1478876327106 lifecam22 3190.64477539 5863.67675781 4.61829948425
1478876327243 lifecam22 3184.74975586 5864.36523438 4.6221036911
1478876327306 lifecam22 3178.04492188 5865.90429688 4.63446044922
1478876327374 lifecam22 3172.78759766 5864.99023438 4.62813282013
1478876327431 lifecam22 3166.43066406 5866.17382812 4.63460683823
1478876327508 lifecam22 3160.22094727 5868.53466797 4.63978004456
1478876327635 lifecam22 3152.46264648 5872.20019531 4.67114925385
1478876327707 lifecam22 3147.40551758 5872.90087891 4.68462991714
1478876327776 lifecam22 3140.53686523 5873.28857422 4.6857919693
1478876327835 lifecam22 3133.90087891 5873.22216797 4.68902635574
1478876327905 lifecam22 3127.98120117 5874.84814453 4.69867420197
1478876328044 lifecam22 3115.92529297 5875.52929688 4.71022701263
1478876328106 lifecam22 3112.765625 5877.68701172 4.73022222519
1478876328175 lifecam22 3107.10351562 5877.82714844 4.73297023773
1478876328239 lifecam22 3100.40771484 5877.84033203 4.73437404633
1478876328441 lifecam22 3081.98876953 5878.71777344 4.74875593185
1478876328508 lifecam22 3077.01269531 5879.84277344 4.75936841965
1478876328577 lifecam22 3070.85839844 5880.34765625 4.76649951935
1478876328638 lifecam22 3066.41918945 5880.140625 4.77607297897
1478876328707 lifecam22 3060.40429688 5880.45117188 4.77853536606
1478876328783 lifecam22 3053.99511719 5879.44580078 4.77798032761
1478876328844 lifecam22 3047.87109375 5879.79882812 4.78583955765
1478876328907 lifecam22 3041.43676758 5878.97705078 4.78787136078
1478876328972 lifecam22 3037.87719727 5879.79736328 4.8015961647
1478876329041 lifecam22 3030.58520508 5878.05566406 4.79703760147
1478876329108 lifecam22 3026.04052734 5878.67138672 4.80493021011
1478876329244 lifecam22 3014.57397461 5878.70849609 4.82484960556
1478876329309 lifecam22 3008.77124023 5878.84521484 4.83172893524
1478876329377 lifecam22 3003.30932617 5879.11425781 4.83686113358
1478876329442 lifecam22 2997.42236328 5879.25634766 4.84382200241
1478876329507 lifecam22 2992.01367188 5878.61523438 4.85117530823
1478876329648 lifecam22 2980.59375 5877.91113281 4.86511325836
1478876329701 lifecam22 2975.02172852 5879.04345703 4.87517547607
1478876329771 lifecam22 2969.19458008 5877.67236328 4.88245868683
1478876329845 lifecam22 2963.79638672 5877.63232422 4.88759326935
1478876329913 lifecam22 2956.9753418 5875.8984375 4.88698005676
1478876330109 lifecam22 2939.85058594 5875.23291016 4.9147977829
1478876330176 lifecam22 2934.64404297 5874.875 4.9187335968
1478876330245 lifecam22 2928.60668945 5874.16503906 4.92683601379
1478876330309 lifecam22 2922.82739258 5874.03710938 4.93624925613
1478876330377 lifecam22 2917.38793945 5873.38378906 4.94190120697
1478876330516 lifecam22 2905.76611328 5870.91455078 4.95253372192
1478876330582 lifecam22 2899.92773438 5870.23242188 4.95550823212
1478876330646 lifecam22 2894.76538086 5869.36572266 4.9660654068
1478876330709 lifecam22 2889.09716797 5868.22412109 4.97408819199
1478876330780 lifecam22 2883.99023438 5867.27587891 4.97678613663
1478876330984 lifecam22 2866.56518555 5862.04736328 4.98751926422
1478876331044 lifecam22 2860.7277832 5863.18164062 5.00344944
1478876331112 lifecam22 2855.51000977 5861.05322266 5.00717878342
1478876331179 lifecam22 2849.54272461 5859.82568359 5.01016044617
1478876331245 lifecam22 2843.87158203 5858.296875 5.01589298248
1478876331442 lifecam22 2827.50952148 5854.88427734 5.04098510742
1478876331506 lifecam22 2821.76220703 5855.39404297 5.05638170242
1478876331579 lifecam22 2817.09716797 5853.12451172 5.05914735794
1478876331620 lifecam20 3185.75268555 4802.45507812 4.5300860405
1478876331644 lifecam22 3183.31591797 4802.4375 4.5362071991
1478876331703 lifecam22 3179.90087891 4800.47363281 4.53360891342
1478876331848 lifecam22 2794.21435547 5846.03369141 5.08243894577
1478876331918 lifecam22 2789.27587891 5845.77001953 5.09201574326
1478876331985 lifecam22 2784.2565918 5844.72412109 5.1001958847
1478876332048 lifecam22 2778.88085938 5843.84570312 5.11001443863
1478876332105 lifecam22 2773.02319336 5842.50732422 5.12070083618
1478876332255 lifecam22 2761.68261719 5837.43212891 5.12544345856
1478876332310 lifecam22 2755.90966797 5835.33691406 5.13384723663
1478876332381 lifecam22 2752.28417969 5833.90039062 5.13809490204
1478876332449 lifecam22 2745.29052734 5832.59326172 5.14905738831
1478876332514 lifecam22 2741.36450195 5828.85986328 5.14653682709
1478876332716 lifecam22 2723.8840332 5823.09130859 5.16957139969
1478876332775 lifecam22 2719.12744141 5820.62695312 5.17342424393
1478876332847 lifecam22 2712.99243164 5818.43359375 5.17926645279
1478876332915 lifecam22 2708.27026367 5816.38330078 5.18959093094
1478876332981 lifecam22 2702.36328125 5815.23779297 5.19525289536
1478876333179 lifecam22 2686.75488281 5808.171875 5.21777582169
1478876333249 lifecam22 2681.28491211 5807.90234375 5.23477220535
1478876333315 lifecam22 2675.6262207 5804.36279297 5.23660373688
1478876333383 lifecam22 2670.60107422 5801.68212891 5.24166297913
1478876333450 lifecam22 2665.31445312 5799.06591797 5.24653339386
1478876333585 lifecam22 2654.52026367 5793.40917969 5.25858354568
1478876333647 lifecam22 2649.17749023 5791.07666016 5.2695775032
1478876333711 lifecam22 2644.30761719 5788.64111328 5.27421236038
1478876333778 lifecam22 2639.12036133 5785.6640625 5.28137207031
1478876333852 lifecam22 2633.55371094 5783.76123047 5.29093027115
1478876334051 lifecam22 2618.76904297 5776.25439453 5.31036376953
1478876334120 lifecam22 2614.21875 5773.49658203 5.31825304031
1478876334183 lifecam22 2608.90405273 5770.50732422 5.32277059555
1478876334251 lifecam22 2604.41674805 5766.28320312 5.32637262344
1478876334313 lifecam22 2598.99511719 5763.97509766 5.33227396011
1478876334454 lifecam22 2588.91162109 5756.91845703 5.34002304077
1478876334512 lifecam22 2584.15673828 5754.66210938 5.35020303726
1478876334581 lifecam22 2579.29638672 5751.32080078 5.35891723633
1478876334642 lifecam22 2573.89477539 5748.6796875 5.36512470245
1478876334719 lifecam22 2569.80908203 5744.79492188 5.36644744873
1478876334854 lifecam22 2560.16796875 5739.15332031 5.38607978821
1478876334912 lifecam22 2555.10791016 5736.70117188 5.39265203476
1478876334984 lifecam22 2550.35083008 5731.87011719 5.39496135712
1478876335049 lifecam22 2545.11938477 5729.95166016 5.40628147125
1478876335115 lifecam22 2541.13842773 5725.61279297 5.40939855576
1478876335253 lifecam22 2531.5715332 5719.9375 5.42913722992
1478876335317 lifecam22 2527.29003906 5716.47607422 5.43167352676
1478876335385 lifecam22 2522.01269531 5711.60791016 5.43013381958
1478876335448 lifecam22 2518.06567383 5708.85253906 5.44022512436
1478876335514 lifecam22 2512.43554688 5708.92333984 5.46939611435
1478876335653 lifecam22 2503.7590332 5700.84863281 5.47535562515
1478876335712 lifecam22 2499.31713867 5696.73486328 5.48108053207
1478876335780 lifecam22 2494.77978516 5692.79052734 5.48341608047
1478876335846 lifecam22 2490.64624023 5692.02050781 5.50975465775
1478876335918 lifecam22 2486.22802734 5685.35107422 5.49583768845
1478876336059 lifecam22 2478.45849609 5679.85351562 5.52184963226
1478876336117 lifecam22 2474.10961914 5674.76611328 5.51985168457
1478876336185 lifecam22 2469.44750977 5671.12402344 5.52578639984
1478876336253 lifecam22 2465.11279297 5667.97363281 5.53523540497
1478876336312 lifecam22 2459.95605469 5662.77246094 5.53627681732
1478876336458 lifecam22 2451.98291016 5656.29248047 5.55783319473
1478876336521 lifecam22 2447.85058594 5653.36035156 5.56933450699
1478876336585 lifecam22 2443.03613281 5647.10791016 5.5667963028
1478876336645 lifecam22 2439.16015625 5642.82861328 5.56874608994
1478876336719 lifecam22 2434.43359375 5640.22021484 5.58357667923
1478876336923 lifecam22 2423.51220703 5628.16796875 5.60470724106
1478876336986 lifecam22 2418.62084961 5624.41503906 5.61113166809
1478876337054 lifecam22 2415.75561523 5618.39453125 5.61020278931
1478876337112 lifecam22 2410.84521484 5615.13476562 5.62348127365
1478876337183 lifecam22 2406.81884766 5612.55126953 5.63743209839
1478876337254 lifecam22 2401.95654297 5608.17529297 5.64207077026
1478876337387 lifecam22 2394.71484375 5599.16455078 5.65217828751
1478876337453 lifecam22 2390.74780273 5595.20263672 5.65978765488
1478876337514 lifecam22 2388.171875 5590.38769531 5.6663775444
1478876337652 lifecam22 2380.44458008 5580.63134766 5.67569684982
1478876337724 lifecam22 2376.90307617 5577.60644531 5.68537425995
1478876337786 lifecam22 2373.31860352 5570.67675781 5.67882871628
1478876337854 lifecam22 2369.4387207 5567.74951172 5.69444227219
1478876337926 lifecam22 2365.54370117 5563.49804688 5.70401382446
1478876337996 lifecam22 2362.01147461 5558.51123047 5.70569372177
1478876338059 lifecam22 2358.3203125 5554.81396484 5.71642160416
1478876338123 lifecam22 2354.64331055 5549.29003906 5.71927404404
1478876338183 lifecam22 2350.89086914 5547.04199219 5.73824691772
1478876338250 lifecam22 2347.28857422 5541.63867188 5.73960781097
1478876338321 lifecam22 2344.05566406 5537.28759766 5.74662256241
1478876338393 lifecam22 2341.06469727 5532.15869141 5.75188302994
1478876338458 lifecam22 2337.42749023 5527.00097656 5.75535202026
1478876338520 lifecam22 2333.44018555 5523.30078125 5.77061748505
1478876338587 lifecam22 2330.53100586 5517.85498047 5.77193880081
1478876338660 lifecam22 2327.64819336 5512.43994141 5.77449131012
1478876338796 lifecam22 2321.3203125 5502.04003906 5.78313064575
1478876338858 lifecam22 2318.43115234 5496.79882812 5.7922706604
1478876338918 lifecam22 2314.19506836 5493.62109375 5.80480861664
1478876338990 lifecam22 2311.54760742 5487.81787109 5.81048536301
1478876339057 lifecam22 2307.50878906 5484.34619141 5.8236579895
1478876339196 lifecam22 2302.0534668 5474.64746094 5.83329343796
1478876339256 lifecam22 2299.8269043 5468.765625 5.83933496475
1478876339324 lifecam22 2296.41455078 5463.87988281 5.84118890762
1478876339391 lifecam22 2294.45751953 5458.12646484 5.84648180008
1478876339456 lifecam22 2290.47070312 5454.62207031 5.86124658585
1478876339595 lifecam22 2285.9128418 5444.01318359 5.87409639359
1478876339665 lifecam22 2283.4909668 5439.00439453 5.87659978867
1478876339725 lifecam22 2281.32739258 5433.40576172 5.87801265717
1478876339795 lifecam22 2282.30224609 5430.76611328 5.86558246613
1478876339860 lifecam22 2282.08520508 5433.51416016 5.87346506119
1478876339998 lifecam22 2281.97973633 5432.64990234 5.87095308304
1478876340065 lifecam22 2281.80688477 5432.5546875 5.87078046799
1478876340124 lifecam22 2281.88037109 5432.33691406 5.86814689636
1478876340194 lifecam22 2281.89038086 5432.6171875 5.87156248093
1478876340253 lifecam22 2281.96362305 5432.3984375 5.86892127991
1478876340454 lifecam22 2281.89648438 5432.58789062 5.8701710701
1478876340523 lifecam22 2281.97973633 5432.64990234 5.87095308304
1478876340591 lifecam22 2281.88598633 5432.35058594 5.86936950684
1478876340661 lifecam22 2281.88037109 5432.33691406 5.86814689636
