1478876197762 lifecam22 3191.45410156 5856.24169922 4.58914327621
1478876197909 lifecam22 3191.90966797 5855.94970703 4.58961820602
1478876197967 lifecam22 3191.70947266 5856.32714844 4.58986234665
1478876198031 lifecam22 3191.69238281 5856.06835938 4.58638286591
1478876198100 lifecam22 3191.74291992 5856.06689453 4.58935499191
1478876198165 lifecam22 3191.74267578 5856.20654297 4.59047031403
1478876198368 lifecam22 3191.73535156 5856.32763672 4.59030056
1478876198434 lifecam22 3191.73535156 5856.32763672 4.59030056
1478876198497 lifecam22 3191.73535156 5856.45166016 4.59141778946
1478876198561 lifecam22 3191.46606445 5856.40429688 4.58910751343
1478876198630 lifecam22 3191.45410156 5856.24169922 4.58914327621
1478876198777 lifecam22 3191.99584961 5856.17041016 4.58772993088
1478876198892 lifecam22 3191.9597168 5856.11572266 4.58869075775
1478876198964 lifecam22 3191.97119141 5856.27636719 4.58865499496
1478876199031 lifecam22 3192.31542969 5856.39990234 4.58902311325
1478876199300 lifecam22 3192.87963867 5855.75146484 4.58672142029
1478876199366 lifecam22 3191.94995117 5855.73388672 4.58516550064
1478876199434 lifecam22 3192.64868164 5855.09228516 4.58026170731
1478876199498 lifecam22 3190.73413086 5854.95068359 4.58029270172
1478876199646 lifecam22 3175.32763672 5859.49169922 4.6018371582
1478876199699 lifecam22 3171.51123047 5858.94726562 4.60158014297
1478876199775 lifecam22 3164.18505859 5861.52490234 4.61456441879
1478876199838 lifecam22 3158.36669922 5861.40136719 4.61476707458
1478876199968 lifecam22 3146.80493164 5863.42675781 4.62819766998
1478876200034 lifecam22 3143.15014648 5865.46435547 4.64368247986
1478876200104 lifecam22 3136.64477539 5865.87890625 4.64785575867
1478876200166 lifecam22 3131.33007812 5867.83300781 4.66107940674
1478876200234 lifecam22 3124.27514648 5867.93554688 4.65943193436
1478876200374 lifecam22 3112.31201172 5869.08447266 4.66132640839
1478876200437 lifecam22 3109.68798828 5871.43798828 4.683781147
1478876200507 lifecam22 3104.16894531 5872.77148438 4.69180107117
1478876200571 lifecam22 3098.49560547 5872.45751953 4.69262886047
1478876200636 lifecam22 3091.70751953 5872.92089844 4.69453239441
1478876200772 lifecam22 3078.26611328 5872.35644531 4.69227647781
1478876200843 lifecam22 3071.97705078 5873.15917969 4.69863891602
1478876200909 lifecam22 3067.13256836 5873.59960938 4.71121549606
1478876200968 lifecam22 3062.48754883 5876.64941406 4.72819805145
1478876201044 lifecam22 3057.98706055 5877.46777344 4.74527740479
1478876201176 lifecam22 3045.91748047 5877.8125 4.75778198242
1478876201236 lifecam22 3039.61987305 5877.45849609 4.75685453415
1478876201306 lifecam22 3033.41723633 5877.36523438 4.76092720032
1478876201372 lifecam22 3029.15087891 5878.53173828 4.77482366562
1478876201431 lifecam22 3023.51928711 5877.69775391 4.78289318085
1478876201512 lifecam22 3018.10302734 5878.03515625 4.78806591034
1478876201574 lifecam22 3011.91918945 5877.8203125 4.79031181335
1478876201637 lifecam22 3006.3984375 5876.98291016 4.78996133804
1478876201704 lifecam22 3000.31835938 5877.64599609 4.79841947556
1478876201773 lifecam22 2995.97802734 5877.91650391 4.81323051453
1478876201907 lifecam22 2983.2980957 5878.14648438 4.82440662384
1478876201970 lifecam22 2977.20019531 5879.35351562 4.83236932755
1478876202037 lifecam22 2971.46459961 5878.34570312 4.83465480804
1478876202106 lifecam22 2966.20751953 5878.09082031 4.84462499619
1478876202179 lifecam22 2961.01123047 5878.15869141 4.85507774353
1478876202314 lifecam22 2949.38647461 5876.82080078 4.85902452469
1478876202373 lifecam22 2943.06958008 5876.55371094 4.86669063568
1478876202443 lifecam22 2937.22607422 5876.07763672 4.87506246567
1478876202507 lifecam22 2931.01733398 5875.70898438 4.88256216049
1478876202570 lifecam22 2926.23193359 5874.89355469 4.88270378113
1478876202706 lifecam22 2914.35766602 5875.08837891 4.90308904648
1478876202773 lifecam22 2908.93603516 5874.08691406 4.9068479538
1478876202845 lifecam22 2902.85058594 5873.84570312 4.91274166107
1478876202911 lifecam22 2897.29125977 5872.72558594 4.92205667496
1478876202969 lifecam22 2890.73120117 5871.38720703 4.92427015305
1478876203113 lifecam22 2880.27661133 5870.27880859 4.94190263748
1478876203175 lifecam22 2874.22851562 5870.08544922 4.94745016098
1478876203240 lifecam22 2869.40625 5868.19628906 4.95173358917
1478876203308 lifecam22 2863.28466797 5867.75488281 4.95881414413
1478876203373 lifecam22 2857.26318359 5866.13623047 4.96248435974
1478876203580 lifecam22 2840.85693359 5863.75927734 4.98434114456
1478876203640 lifecam22 2834.55834961 5863.02783203 4.99179887772
1478876203705 lifecam22 2829.10009766 5862.11230469 4.99829149246
1478876203776 lifecam22 2824.13354492 5862.11181641 5.00959920883
1478876203843 lifecam22 2818.03100586 5859.12304688 5.01070213318
1478876204043 lifecam22 2801.51220703 5856.77734375 5.03689002991
1478876204110 lifecam22 2796.09863281 5854.89697266 5.03686666489
1478876204174 lifecam22 2791.38354492 5854.38134766 5.05020189285
1478876204241 lifecam22 2784.83496094 5852.10595703 5.05010175705
1478876204309 lifecam22 2779.87744141 5850.24414062 5.05630064011
1478876204449 lifecam22 2768.56518555 5847.69238281 5.07158565521
1478876204512 lifecam22 2762.90795898 5846.29296875 5.07700395584
1478876204572 lifecam22 2757.32275391 5844.78320312 5.08395862579
1478876204640 lifecam22 2752.32983398 5843.60693359 5.0919713974
1478876204706 lifecam22 2745.67675781 5841.56689453 5.09747934341
1478876204843 lifecam22 2735.72387695 5838.51220703 5.11531114578
1478876204914 lifecam22 2730.9206543 5837.30517578 5.11981725693
1478876204982 lifecam22 2723.7277832 5834.74023438 5.12304735184
1478876205045 lifecam22 2719.18066406 5833.09082031 5.13030338287
1478876205112 lifecam22 2714.23950195 5832.09765625 5.13997745514
1478876205242 lifecam22 2703.44360352 5827.48876953 5.14871311188
1478876205314 lifecam22 2696.72387695 5823.79443359 5.15370225906
1478876205378 lifecam22 2690.83447266 5824.04833984 5.168364048
1478876205442 lifecam22 2685.97607422 5821.57470703 5.17140293121
1478876205508 lifecam22 2681.53955078 5821.57226562 5.18795347214
1478876205652 lifecam22 2669.90844727 5816.12451172 5.19623565674
1478876205709 lifecam22 2664.40161133 5812.90234375 5.20221948624
1478876205785 lifecam22 2659.49780273 5811.19580078 5.20741510391
1478876205847 lifecam22 2654.78344727 5809.63085938 5.21497154236
1478876205921 lifecam22 2648.77563477 5804.93701172 5.21942853928
1478876206048 lifecam22 2639.11083984 5800.66357422 5.22977161407
1478876206116 lifecam22 2632.71801758 5798.19238281 5.23798131943
1478876206181 lifecam22 2627.96435547 5796.56542969 5.24838495255
1478876206247 lifecam22 2622.60986328 5793.79492188 5.25363636017
1478876206312 lifecam22 2617.92236328 5791.89648438 5.26237773895
1478876206513 lifecam22 2602.28369141 5783.84375 5.28375148773
1478876206582 lifecam22 2596.6315918 5781.58300781 5.28965806961
1478876206646 lifecam22 2592.07763672 5779.01708984 5.29577922821
1478876206709 lifecam22 2586.57983398 5775.546875 5.30066156387
1478876206781 lifecam22 2581.7434082 5773.75244141 5.31278181076
1478876206918 lifecam22 2572.07446289 5766.63916016 5.31630373001
1478876206980 lifecam22 2567.09326172 5763.92675781 5.32566547394
1478876207045 lifecam22 2561.55688477 5759.60058594 5.32193756104
1478876207112 lifecam22 2556.48291016 5757.00732422 5.33392190933
1478876207176 lifecam22 2551.67431641 5754.47412109 5.34229707718
1478876207375 lifecam22 2537.21582031 5745.42675781 5.36474847794
1478876207446 lifecam22 2532.39013672 5743.50878906 5.37430429459
1478876207513 lifecam22 2527.7253418 5739.88964844 5.37916898727
1478876207580 lifecam22 2523.52441406 5738.55322266 5.39377832413
1478876207646 lifecam22 2518.45068359 5734.18652344 5.39629125595
1478876207851 lifecam22 2505.57128906 5724.03955078 5.41108417511
1478876207914 lifecam22 2499.07177734 5720.30175781 5.42026329041
1478876207980 lifecam22 2494.66601562 5717.85009766 5.4303150177
1478876208044 lifecam22 2489.84863281 5714.06787109 5.43536472321
1478876208113 lifecam22 2485.34692383 5710.80175781 5.44157600403
1478876208247 lifecam22 2476.45141602 5705.38916016 5.46333503723
1478876208314 lifecam22 2471.16772461 5701.34179688 5.46821308136
1478876208380 lifecam22 2466.79003906 5699.5625 5.48307323456
1478876208450 lifecam22 2462.44067383 5694.17236328 5.4783873558
1478876208516 lifecam22 2458.21240234 5691.64892578 5.48903560638
1478876208655 lifecam22 2449.8815918 5684.40576172 5.50436067581
1478876208714 lifecam22 2444.67626953 5678.43505859 5.50314188004
1478876208782 lifecam22 2440.66259766 5676.48144531 5.5185880661
1478876208853 lifecam22 2436.03417969 5671.95898438 5.5216422081
1478876208914 lifecam22 2431.21972656 5668.07714844 5.52856254578
1478876208991 lifecam22 2426.68457031 5665.00292969 5.53815889359
1478876209055 lifecam22 2422.83886719 5661.20458984 5.54332304001
1478876209117 lifecam22 2418.95825195 5658.49707031 5.55969524384
1478876209185 lifecam22 2414.25561523 5653.16015625 5.55968427658
1478876209250 lifecam22 2410.31787109 5647.94433594 5.55852651596
1478876209389 lifecam22 2402.03564453 5641.15917969 5.57419633865
1478876209455 lifecam22 2399.01196289 5636.11962891 5.57917022705
1478876209516 lifecam22 2394.25048828 5633.05175781 5.58865880966
1478876209580 lifecam22 2390.76074219 5628.82666016 5.59703111649
1478876209652 lifecam22 2386.43334961 5625.04736328 5.60108757019
1478876209798 lifecam22 2378.22998047 5617.91552734 5.62568950653
1478876209848 lifecam22 2373.84204102 5612.93798828 5.62871646881
1478876209923 lifecam22 2369.97607422 5608.35986328 5.63059902191
1478876209991 lifecam22 2365.29418945 5603.66015625 5.63222169876
1478876210049 lifecam22 2362.62255859 5600.99658203 5.65098714828
1478876210255 lifecam22 2350.45849609 5588.76708984 5.67151069641
1478876210318 lifecam22 2346.85449219 5583.93505859 5.67774629593
1478876210384 lifecam22 2343.17407227 5580.12695312 5.68592834473
1478876210451 lifecam22 2339.83032227 5574.39111328 5.68375444412
1478876210517 lifecam22 2335.85229492 5569.83007812 5.69071435928
1478876210661 lifecam22 2328.14135742 5560.14794922 5.70422649384
1478876210714 lifecam22 2324.62207031 5556.375 5.71029472351
1478876210792 lifecam22 2321.46826172 5550.90087891 5.71423864365
1478876210856 lifecam22 2318.34008789 5547.03808594 5.72317075729
1478876210915 lifecam22 2314.04516602 5542.32958984 5.73439693451
1478876211054 lifecam22 2307.35791016 5532.640625 5.7456817627
1478876211115 lifecam22 2305.15209961 5527.79589844 5.74878692627
1478876211183 lifecam22 2301.27148438 5524.18212891 5.76263952255
1478876211249 lifecam22 2298.56835938 5518.80322266 5.76459932327
1478876211318 lifecam22 2294.84741211 5513.96386719 5.77109622955
1478876211397 lifecam22 2291.88232422 5508.80566406 5.77541255951
1478876211460 lifecam22 2288.5324707 5504.20214844 5.78038263321
1478876211521 lifecam22 2284.94775391 5499.75292969 5.79426717758
1478876211581 lifecam22 2281.57519531 5495.35400391 5.79957866669
1478876211650 lifecam22 2279.52246094 5490.37548828 5.79970407486
1478876211796 lifecam22 2272.70532227 5481.45947266 5.82251262665
1478876211858 lifecam22 2269.68652344 5476.53271484 5.83095359802
1478876211922 lifecam22 2265.91894531 5471.04052734 5.83478164673
1478876211991 lifecam22 2263.55541992 5465.28515625 5.83709430695
1478876212054 lifecam22 2261.49243164 5459.56152344 5.82968521118
1478876212255 lifecam22 2263.33203125 5458.76025391 5.81947040558
1478876212324 lifecam22 2263.58691406 5458.6484375 5.81951904297
1478876212393 lifecam22 2263.2878418 5458.54882812 5.81891965866
1478876212454 lifecam22 2263.33935547 5458.72558594 5.82052183151
1478876212521 lifecam22 2263.33203125 5458.76025391 5.81947040558
1478876212667 lifecam22 2263.56323242 5458.31396484 5.81685495377
1478876212717 lifecam22 2263.2878418 5458.54882812 5.81891965866
1478876212791 lifecam22 2263.2878418 5458.54882812 5.81891965866
1478876212858 lifecam22 2263.17114258 5458.56103516 5.81979656219
1478876212922 lifecam22 2263.13769531 5458.69873047 5.82073783875
1478876213125 lifecam22 2263.37353516 5459.01171875 5.82163381577
1478876213191 lifecam22 2263.2878418 5458.54882812 5.81891965866
1478876213261 lifecam22 2263.2878418 5458.54882812 5.81891965866
1478876213327 lifecam22 2263.38305664 5458.93701172 5.82107400894
1478876213389 lifecam22 2263.40332031 5458.8515625 5.82055187225
