1478876883771 lifecam22 3191.44921875 5859.31005859 4.58715963364
1478876883840 lifecam22 3191.1315918 5859.38134766 4.58547210693
1478876883905 lifecam22 3191.78564453 5859.74414062 4.58972835541
1478876884040 lifecam22 3191.30834961 5859.36669922 4.58702850342
1478876884105 lifecam22 3191.4519043 5859.47900391 4.58573913574
1478876884170 lifecam22 3191.36621094 5859.57226562 4.5862159729
1478876884237 lifecam22 3191.40307617 5859.46728516 4.58662509918
1478876884307 lifecam22 3191.5534668 5859.43359375 4.58666563034
1478876884437 lifecam22 3191.37670898 5859.44628906 4.58510923386
1478876884503 lifecam22 3191.10595703 5859.36083984 4.5839600563
1478876884572 lifecam22 3191.14208984 5859.25585938 4.58436775208
1478876884638 lifecam22 3191.30834961 5859.36669922 4.58702850342
1478876884699 lifecam22 3191.09594727 5859.59521484 4.58516168594
1478876884770 lifecam22 3191.95751953 5859.93798828 4.58237457275
1478876884839 lifecam22 3191.92333984 5860.23974609 4.58423471451
1478876884906 lifecam22 3191.59448242 5859.421875 4.57972383499
1478876884975 lifecam22 3190.25634766 5859.97607422 4.58378887177
1478876885042 lifecam22 3191.02026367 5858.97949219 4.58484220505
1478876885243 lifecam22 3189.90844727 5857.82128906 4.57935619354
1478876885305 lifecam22 3178.80200195 5859.15478516 4.57798910141
1478876885370 lifecam22 3173.87109375 5860.4140625 4.58462905884
1478876885439 lifecam22 3168.984375 5861.3515625 4.58753442764
1478876885507 lifecam22 3162.36572266 5863.58056641 4.60018539429
1478876885644 lifecam22 3151.18188477 5865.71289062 4.61039495468
1478876885695 lifecam22 3144.36352539 5865.56933594 4.61057186127
1478876885767 lifecam22 3140.18334961 5866.94335938 4.618663311
1478876885838 lifecam22 3134.44091797 5868.87646484 4.63111877441
1478876885910 lifecam22 3129.55004883 5869.83398438 4.64029836655
1478876886108 lifecam22 3109.35644531 5871.66162109 4.65251684189
1478876886173 lifecam22 3103.73632812 5870.51953125 4.64443588257
1478876886242 lifecam22 3100.31103516 5872.52880859 4.65940570831
1478876886308 lifecam22 3095.24780273 5874.08007812 4.67194795609
1478876886378 lifecam22 3089.9934082 5875.25439453 4.68198299408
1478876886510 lifecam22 3077.64868164 5875.47900391 4.68898153305
1478876886575 lifecam22 3072.32470703 5875.44580078 4.70067739487
1478876886640 lifecam22 3065.42773438 5875.84326172 4.70303344727
1478876886707 lifecam22 3059.92480469 5876.35400391 4.7091794014
1478876886777 lifecam22 3054.33178711 5876.96875 4.7149720192
1478876886911 lifecam22 3043.04248047 5878.83886719 4.73295783997
1478876886977 lifecam22 3037.78979492 5878.51464844 4.73666000366
1478876887043 lifecam22 3031.40307617 5878.86914062 4.73982095718
1478876887106 lifecam22 3025.75756836 5879.60351562 4.74903059006
1478876887173 lifecam22 3019.57885742 5880.14746094 4.75525999069
1478876887314 lifecam22 3010.49731445 5882.41210938 4.77864742279
1478876887378 lifecam22 3003.7722168 5882.08544922 4.7804775238
1478876887438 lifecam22 2997.98852539 5881.26708984 4.78180122375
1478876887506 lifecam22 2991.76269531 5880.85351562 4.78557825089
1478876887576 lifecam22 2986.72338867 5881.85498047 4.8014216423
1478876887779 lifecam22 2969.69799805 5880.44042969 4.81244897842
1478876887843 lifecam22 2963.26757812 5880.95800781 4.81549596786
1478876887904 lifecam22 2958.6472168 5880.10107422 4.83141946793
1478876887968 lifecam22 2953.46240234 5880.99609375 4.84054994583
1478876888042 lifecam22 2946.56567383 5880.59179688 4.84328746796
1478876888178 lifecam22 2934.3046875 5881.32421875 4.86112546921
1478876888240 lifecam22 2929.24047852 5880.23193359 4.86664152145
1478876888313 lifecam22 2923.81591797 5880.8046875 4.87577199936
1478876888376 lifecam22 2917.71728516 5879.63232422 4.87855052948
1478876888443 lifecam22 2912.50683594 5880.54980469 4.89203214645
1478876888586 lifecam22 2900.59594727 5879.30908203 4.90183258057
1478876888640 lifecam22 2894.76025391 5877.19628906 4.90745735168
1478876888713 lifecam22 2889.66040039 5877.09521484 4.91628265381
1478876888781 lifecam22 2883.94628906 5876.17236328 4.91900920868
1478876888846 lifecam22 2877.72412109 5874.78662109 4.92188167572
1478876889043 lifecam22 2861.17871094 5873.88574219 4.94654512405
1478876889110 lifecam22 2855.68066406 5873.41845703 4.95586824417
1478876889178 lifecam22 2849.00146484 5871.65087891 4.95555782318
1478876889246 lifecam22 2843.93212891 5870.71533203 4.95916795731
1478876889312 lifecam22 2838.21191406 5869.27001953 4.96750307083
1478876889452 lifecam22 2827.72119141 5868.30224609 4.98772478104
1478876889511 lifecam22 2821.90673828 5866.79882812 4.99058198929
1478876889579 lifecam22 2816.00463867 5865.19824219 4.99433231354
1478876889647 lifecam22 2811.19311523 5863.79101562 4.99758911133
1478876889709 lifecam22 2804.1496582 5862.17041016 5.00488185883
1478876889912 lifecam22 2787.15551758 5859.38964844 5.02416038513
1478876889978 lifecam22 2782.57177734 5857.63232422 5.03600215912
1478876890045 lifecam22 2776.71777344 5856.62646484 5.04150676727
1478876890114 lifecam22 2771.42089844 5854.88134766 5.04527902603
1478876890171 lifecam22 2766.03857422 5853.51904297 5.05300998688
1478876890312 lifecam22 2755.39941406 5852.95214844 5.07795763016
1478876890376 lifecam22 2749.46826172 5850.94335938 5.07890748978
1478876890448 lifecam22 2743.81933594 5848.50195312 5.08237075806
1478876890507 lifecam22 2737.66455078 5845.66699219 5.08346366882
1478876890579 lifecam22 2732.31738281 5843.66845703 5.08968734741
1478876890719 lifecam22 2721.56494141 5842.60302734 5.11436510086
1478876890786 lifecam22 2715.1015625 5839.98583984 5.11297607422
1478876890838 lifecam22 2709.42089844 5838.81542969 5.12118625641
1478876890907 lifecam22 2704.26953125 5837.43554688 5.1311173439
1478876890982 lifecam22 2698.93115234 5836.45947266 5.14219808578
1478876891119 lifecam22 2687.80615234 5832.34912109 5.15183639526
1478876891180 lifecam22 2682.56176758 5829.64257812 5.15499830246
1478876891251 lifecam22 2678.03881836 5827.63427734 5.15823078156
1478876891319 lifecam22 2672.44506836 5824.26074219 5.16275405884
1478876891378 lifecam22 2667.65625 5823.88476562 5.17953300476
1478876891522 lifecam22 2655.91015625 5817.87841797 5.18649148941
1478876891582 lifecam22 2650.5559082 5816.73193359 5.19570064545
1478876891652 lifecam22 2645.87011719 5813.92529297 5.20047998428
1478876891715 lifecam22 2639.56860352 5813.25830078 5.2166428566
1478876891917 lifecam22 2624.70336914 5805.84716797 5.23846006393
1478876891978 lifecam22 2619.23193359 5803.48828125 5.2425122261
1478876892044 lifecam22 2613.05883789 5800.71728516 5.25066566467
1478876892114 lifecam22 2608.75878906 5798.14160156 5.25460481644
1478876892180 lifecam22 2603.53808594 5795.76660156 5.25966215134
1478876892316 lifecam22 2593.31152344 5791.13525391 5.27486371994
1478876892376 lifecam22 2589.11962891 5786.92236328 5.27648067474
1478876892442 lifecam22 2582.7578125 5785.34033203 5.28957033157
1478876892516 lifecam22 2577.875 5780.70556641 5.28667116165
1478876892582 lifecam22 2572.80810547 5779.77685547 5.29949331284
1478876892653 lifecam22 2567.38183594 5775.75976562 5.30088615417
1478876892711 lifecam22 2562.71337891 5773.63769531 5.31048679352
1478876892776 lifecam22 2557.9140625 5771.35351562 5.31719303131
1478876892848 lifecam22 2552.8137207 5767.89550781 5.3221783638
1478876892910 lifecam22 2548.18066406 5764.79589844 5.32789993286
1478876893044 lifecam22 2539.04589844 5759.12841797 5.33796691895
1478876893117 lifecam22 2533.09643555 5755.46826172 5.34708404541
1478876893184 lifecam22 2528.95605469 5753.45996094 5.35462427139
1478876893250 lifecam22 2523.83520508 5749.81933594 5.36477994919
1478876893317 lifecam22 2518.59594727 5746.9296875 5.37048149109
1478876893453 lifecam22 2509.0480957 5741.20605469 5.38585996628
1478876893519 lifecam22 2503.87255859 5737.82617188 5.3885216713
1478876893584 lifecam22 2499.80029297 5734.00390625 5.39587688446
1478876893656 lifecam22 2494.1015625 5731.01953125 5.40243673325
1478876893717 lifecam22 2490.01171875 5727.24023438 5.41151952744
1478876893858 lifecam22 2480.61376953 5720.140625 5.42421340942
1478876893913 lifecam22 2475.61499023 5717.20410156 5.43014764786
1478876893986 lifecam22 2471.71337891 5713.19189453 5.42917537689
1478876894054 lifecam22 2466.99365234 5710.82080078 5.44100522995
1478876894110 lifecam22 2462.05664062 5707.76611328 5.4523525238
1478876894318 lifecam22 2448.07495117 5696.97363281 5.47214365005
1478876894387 lifecam22 2443.34082031 5694.25390625 5.48251199722
1478876894452 lifecam22 2440.02075195 5692.86767578 5.50406599045
1478876894520 lifecam22 2433.94335938 5689.90380859 5.5154337883
1478876894585 lifecam22 2430.18969727 5684.03320312 5.50627374649
1478876894721 lifecam22 2421.05224609 5678.82275391 5.52702999115
1478876894782 lifecam22 2417.61035156 5672.87597656 5.52349042892
1478876894856 lifecam22 2412.53710938 5669.89794922 5.53451633453
1478876894921 lifecam22 2410.55078125 5664.55517578 5.53954935074
1478876894985 lifecam22 2405.31591797 5661.25976562 5.54870605469
1478876895122 lifecam22 2396.25024414 5653.71875 5.55918836594
1478876895188 lifecam22 2391.01538086 5649.46630859 5.56712293625
1478876895253 lifecam22 2387.53491211 5646.00439453 5.57096242905
1478876895320 lifecam22 2382.8815918 5643.28417969 5.59444618225
1478876895387 lifecam22 2378.96801758 5638.73046875 5.59288549423
1478876895522 lifecam22 2371.05249023 5630.88867188 5.60553884506
1478876895587 lifecam22 2366.42675781 5625.29003906 5.60205459595
1478876895658 lifecam22 2363.24072266 5620.48632812 5.61201190948
1478876895724 lifecam22 2359.11669922 5618.89892578 5.62832689285
1478876895792 lifecam22 2356.24072266 5611.85205078 5.62300634384
1478876895923 lifecam22 2347.97387695 5602.95898438 5.63412380219
1478876895986 lifecam22 2343.51611328 5601.484375 5.65099382401
1478876896049 lifecam22 2339.51513672 5596.83837891 5.66067123413
1478876896111 lifecam22 2335.39916992 5592.79052734 5.66460418701
1478876896181 lifecam22 2332.05908203 5586.80419922 5.66539096832
1478876896324 lifecam22 2324.56274414 5577.87255859 5.68035411835
1478876896382 lifecam22 2321.3137207 5573.79052734 5.6868224144
1478876896447 lifecam22 2317.45947266 5568.81689453 5.69258022308
1478876896513 lifecam22 2314.55737305 5563.92529297 5.69490528107
1478876896577 lifecam22 2310.68896484 5560.50244141 5.70678520203
1478876896786 lifecam22 2300.36083984 5546.96679688 5.72435760498
1478876896853 lifecam22 2296.57543945 5542.00097656 5.7312297821
1478876896922 lifecam22 2292.58251953 5538.36083984 5.74416017532
1478876896984 lifecam22 2289.34057617 5532.45507812 5.7433757782
1478876897046 lifecam22 2285.68164062 5528.34912109 5.7492814064
1478876897194 lifecam22 2279.36767578 5519.72753906 5.77020263672
1478876897252 lifecam22 2275.82788086 5513.57421875 5.77228307724
1478876897317 lifecam22 2272.53100586 5508.89746094 5.77794885635
1478876897379 lifecam22 2269.36938477 5503.23583984 5.78117704391
1478876897443 lifecam22 2267.23754883 5499.42919922 5.78791046143
1478876897512 lifecam22 2263.39477539 5495.10009766 5.79873323441
1478876897654 lifecam22 2256.93310547 5484.99511719 5.80911159515
1478876897715 lifecam22 2254.55493164 5479.609375 5.81757307053
1478876897792 lifecam22 2251.80444336 5474.63378906 5.81813192368
1478876897851 lifecam22 2253.44458008 5475.25976562 5.81337547302
1478876897917 lifecam22 2253.13769531 5476.03466797 5.81799507141
1478876898066 lifecam22 2253.27490234 5475.70166016 5.81803607941
1478876898126 lifecam22 2253.0402832 5475.72900391 5.81869983673
1478876898193 lifecam22 2253.08642578 5475.93408203 5.81934642792
1478876898250 lifecam22 2253.00805664 5475.00292969 5.81674623489
1478876898321 lifecam22 2253.05688477 5475.79541016 5.81579637527
1478876898461 lifecam22 2253.52197266 5475.30371094 5.81577110291
1478876898524 lifecam22 2252.72900391 5475.40380859 5.81687450409
1478876898591 lifecam22 2253.14916992 5474.83789062 5.81530046463
1478876898666 lifecam22 2253.15649414 5475.09863281 5.81639528275
1478876898731 lifecam22 2253.42407227 5475.50976562 5.81604480743
1478876898857 lifecam22 2253.41479492 5474.76708984 5.81012010574
1478876898928 lifecam22 2253.24609375 5474.67822266 5.81404829025
