1478876292850 lifecam22 3190.87939453 5858.87841797 4.58735084534
1478876292988 lifecam22 3191.27001953 5859.04492188 4.58946800232
1478876293054 lifecam22 3191.55151367 5859.12304688 4.59071874619
1478876293119 lifecam22 3191.17944336 5858.86230469 4.58769083023
1478876293162 lifecam20 3278.93383789 4840.17382812 5.86749505997
1478876293187 lifecam22 3279.04101562 4840.18164062 5.86842393875
1478876293228 lifecam20 3279.04101562 4840.18164062 5.86842393875
1478876293252 lifecam22 3278.83105469 4840.21337891 5.86771297455
1478876293457 lifecam22 3191.12475586 5858.95800781 4.58712863922
1478876293519 lifecam22 3191.4152832 5859.00097656 4.59076213837
1478876293565 lifecam20 3279.05175781 4840.24316406 5.86903047562
1478876293587 lifecam22 3279.01611328 4840.22412109 5.86873626709
1478876293655 lifecam22 3278.92919922 4840.29492188 5.86791276932
1478876293711 lifecam22 3279.04736328 4840.31201172 5.86893606186
1478876293855 lifecam22 3191.12475586 5858.95800781 4.58712863922
1478876293922 lifecam22 3191.17016602 5859.10498047 4.58852672577
1478876293987 lifecam22 3191.12475586 5858.95800781 4.58712863922
1478876294056 lifecam22 3191.2824707 5859.20166016 4.58829593658
1478876294122 lifecam22 3191.09423828 5859.20361328 4.58665037155
1478876294253 lifecam22 3191.10546875 5859.75488281 4.582654953
1478876294318 lifecam22 3189.79492188 5859.58447266 4.58437538147
1478876294383 lifecam22 3191.34521484 5859.17578125 4.58506774902
1478876294454 lifecam22 3189.81518555 5858.87841797 4.58458566666
1478876294519 lifecam22 3190.91772461 5859.14306641 4.58994722366
1478876294665 lifecam22 3185.01416016 5859.66845703 4.59049987793
1478876294714 lifecam22 3176.48999023 5859.78173828 4.5886259079
1478876294784 lifecam22 3171.56176758 5860.59033203 4.59060049057
1478876294858 lifecam22 3165.16845703 5861.69335938 4.59623193741
1478876294902 lifecam20 3265.92822266 4841.58935547 5.87176561356
1478876294928 lifecam22 3262.99438477 4842.02685547 5.87389421463
1478876294963 lifecam20 3262.99438477 4842.02685547 5.87389421463
1478876295122 lifecam22 3143.09277344 5866.50195312 4.62224626541
1478876295189 lifecam22 3135.74804688 5867.1875 4.62428379059
1478876295256 lifecam22 3130.0300293 5868.32763672 4.62821960449
1478876295323 lifecam22 3124.37133789 5868.98583984 4.63382005692
1478876295383 lifecam22 3120.05981445 5870.66503906 4.6474943161
1478876295522 lifecam22 3110.09960938 5872.80712891 4.66661024094
1478876295570 lifecam20 3377.50195312 4910.58105469 5.89979124069
1478876295592 lifecam22 3374.33886719 4910.95898438 5.90227842331
1478876295661 lifecam22 3371.203125 4911.34082031 5.90481328964
1478876295725 lifecam22 3091.14306641 5874.88964844 4.682305336
1478876295772 lifecam20 3367.99414062 4911.84277344 5.90786409378
1478876295789 lifecam22 3364.66162109 4911.84375 5.90934801102
1478876295935 lifecam22 3072.52197266 5875.60253906 4.69907808304
1478876295987 lifecam22 3071.74926758 5878.56982422 4.72808074951
1478876296049 lifecam22 3063.79833984 5878.47998047 4.72726964951
1478876296116 lifecam22 3057.64404297 5878.38037109 4.72662115097
1478876296164 lifecam20 3212.13818359 4849.78369141 5.93606805801
1478876296189 lifecam22 3208.67260742 4850.07666016 5.93866634369
1478876296332 lifecam22 3038.56445312 5878.26123047 4.73577833176
1478876296364 lifecam20 3202.62646484 4849.87304688 5.94153881073
1478876296395 lifecam22 3200.16259766 4849.79296875 5.94209957123
1478876296460 lifecam22 3197.37719727 4849.73583984 5.94292259216
1478876296520 lifecam22 3022.66772461 5879.08740234 4.74925613403
1478876296588 lifecam22 3016.98486328 5879.89599609 4.75825643539
1478876296784 lifecam22 3000.64868164 5880.50927734 4.78001832962
1478876296862 lifecam22 2995.21533203 5881.07324219 4.78686904907
1478876296930 lifecam22 2990.91699219 5881.97070312 4.8025970459
1478876296993 lifecam22 2983.81054688 5881.95507812 4.80506849289
1478876297057 lifecam22 2978.26367188 5882.0546875 4.80988359451
1478876297191 lifecam22 2966.45605469 5881.70117188 4.82296085358
1478876297259 lifecam22 2961.55883789 5881.38525391 4.83695983887
1478876297325 lifecam22 2954.76171875 5881.34716797 4.83895206451
1478876297383 lifecam22 2949.38745117 5881.11474609 4.84767055511
1478876297451 lifecam22 2943.35644531 5881.32861328 4.85144948959
1478876297588 lifecam22 2932.45703125 5879.97412109 4.86308813095
1478876297666 lifecam22 2925.88598633 5879.10449219 4.86696815491
1478876297728 lifecam22 2920.48950195 5878.43847656 4.87468719482
1478876297798 lifecam22 2915.16113281 5878.85791016 4.88336420059
1478876297861 lifecam22 2908.36694336 5877.07861328 4.88460254669
1478876297998 lifecam22 2897.48779297 5877.36181641 4.90561008453
1478876298034 lifecam20 3271.19604492 4912.85839844 6.01929092407
1478876298054 lifecam22 3268.51293945 4913.16308594 6.02561044693
1478876298125 lifecam22 3265.44482422 4912.109375 6.02655220032
1478876298193 lifecam22 2880.6105957 5876.13134766 4.92716741562
1478876298259 lifecam22 2875.15063477 5875.11132812 4.93615055084
1478876298396 lifecam22 2863.80517578 5873.01367188 4.94241762161
1478876298455 lifecam22 2858.03369141 5871.42919922 4.9506521225
1478876298527 lifecam22 2852.87060547 5871.73095703 4.95890188217
1478876298594 lifecam22 2847.65795898 5870.97802734 4.96529150009
1478876298664 lifecam22 2842.140625 5870.35595703 4.9746928215
1478876298802 lifecam22 2830.32861328 5868.12451172 4.98409795761
1478876298861 lifecam22 2824.02294922 5867.72167969 4.99475622177
1478876298923 lifecam22 2818.21240234 5865.45458984 4.99463033676
1478876298996 lifecam22 2813.234375 5864.34960938 5.00055551529
1478876299061 lifecam22 2807.79956055 5863.46533203 5.00991201401
1478876299198 lifecam22 2796.20556641 5860.95849609 5.02210283279
1478876299263 lifecam22 2790.65429688 5860.78710938 5.03276157379
1478876299330 lifecam22 2785.22998047 5858.96386719 5.04078817368
1478876299396 lifecam22 2779.37402344 5857.65380859 5.04409837723
1478876299463 lifecam22 2774.06958008 5855.87011719 5.05032539368
1478876299661 lifecam22 2757.76245117 5852.19384766 5.07594347
1478876299727 lifecam22 2750.72583008 5850.50927734 5.07934999466
1478876299794 lifecam22 2746.00170898 5848.42089844 5.08246707916
1478876299862 lifecam22 2739.98657227 5847.31494141 5.09027910233
1478876299929 lifecam22 2734.6472168 5844.23925781 5.09276247025
1478876300058 lifecam22 2724.99511719 5842.01953125 5.11491346359
1478876300124 lifecam22 2718.5012207 5839.90869141 5.11674070358
1478876300198 lifecam22 2714.03027344 5838.05078125 5.12407159805
1478876300258 lifecam22 2707.83764648 5836.94970703 5.13337850571
1478876300330 lifecam22 2702.04541016 5834.10449219 5.13309288025
1478876300464 lifecam22 2690.94897461 5830.99072266 5.14556360245
1478876300531 lifecam22 2685.82617188 5829.61962891 5.15521812439
1478876300592 lifecam22 2679.71826172 5829.40527344 5.17163610458
1478876300666 lifecam22 2674.51928711 5825.22509766 5.17359161377
1478876300734 lifecam22 2669.36669922 5823.87695312 5.18025636673
1478876300868 lifecam22 2659.04711914 5820.46679688 5.19908571243
1478876300934 lifecam22 2652.94384766 5818.61083984 5.20840406418
1478876300987 lifecam22 2647.9753418 5815.23388672 5.20543527603
1478876301063 lifecam22 2642.14648438 5812.25390625 5.20951318741
1478876301130 lifecam22 2637.45117188 5809.68212891 5.21884775162
1478876301267 lifecam22 2626.41259766 5803.59130859 5.22307014465
1478876301328 lifecam22 2620.80151367 5802.27929688 5.2327375412
1478876301398 lifecam22 2615.09155273 5798.81738281 5.24076080322
1478876301466 lifecam22 2610.42895508 5798.60986328 5.25476980209
1478876301533 lifecam22 2604.9453125 5794.54492188 5.25871706009
1478876301665 lifecam22 2595.17407227 5791.10107422 5.27640962601
1478876301733 lifecam22 2590.26782227 5786.88574219 5.27633142471
1478876301800 lifecam22 2585.42553711 5786.45263672 5.2909116745
1478876301870 lifecam22 2581.50463867 5783.04882812 5.29509449005
1478876301933 lifecam22 2575.49511719 5780.18457031 5.30156087875
1478876302072 lifecam22 2565.8762207 5774.04052734 5.31098175049
1478876302137 lifecam22 2561.12182617 5770.86816406 5.31696844101
1478876302202 lifecam22 2556.21557617 5768.23876953 5.3240852356
1478876302266 lifecam22 2551.13500977 5765.14013672 5.330534935
1478876302309 lifecam20 2958.91162109 4793.3125 6.23891687393
1478876302325 lifecam22 2956.43212891 4792.33837891 6.2439994812
1478876302473 lifecam22 2535.66381836 5757.17773438 5.35629892349
1478876302531 lifecam22 2530.97070312 5753.98535156 5.35996818542
1478876302601 lifecam22 2525.65039062 5750.58642578 5.36957120895
1478876302658 lifecam22 2520.90307617 5749.12402344 5.38048458099
1478876302723 lifecam22 2516.40039062 5746.22460938 5.38801670074
1478876302861 lifecam22 2506.58959961 5738.21875 5.39255619049
1478876302935 lifecam22 2501.84423828 5734.81738281 5.39925575256
1478876303001 lifecam22 2496.85302734 5731.04980469 5.40233659744
1478876303068 lifecam22 2492.72387695 5727.54833984 5.40917110443
1478876303134 lifecam22 2487.4934082 5725.07568359 5.42129659653
1478876303271 lifecam22 2477.68212891 5718.26318359 5.43382263184
1478876303333 lifecam22 2474.05053711 5714.15625 5.43650150299
1478876303397 lifecam22 2468.96118164 5712.08886719 5.44764566422
1478876303465 lifecam22 2465.17724609 5707.39306641 5.45320558548
1478876303532 lifecam22 2459.87133789 5705.73876953 5.47089290619
1478876303667 lifecam22 2451.80517578 5697.14990234 5.47027683258
1478876303736 lifecam22 2447.07324219 5695.32470703 5.49132680893
1478876303801 lifecam22 2442.64916992 5689.58154297 5.48407936096
1478876303870 lifecam22 2438.77441406 5685.86181641 5.48726320267
1478876303937 lifecam22 2433.85229492 5683.65332031 5.50889730453
1478876304077 lifecam22 2425.47998047 5676.22314453 5.52503013611
1478876304141 lifecam22 2420.82226562 5672.50732422 5.53130149841
1478876304199 lifecam22 2416.453125 5668.61376953 5.53457355499
1478876304268 lifecam22 2412.28564453 5665.77636719 5.54417324066
1478876304336 lifecam22 2407.49536133 5660.95068359 5.54297399521
1478876304474 lifecam22 2398.78027344 5654.30322266 5.56355190277
1478876304537 lifecam22 2394.48339844 5650.37060547 5.57488584518
1478876304603 lifecam22 2390.68041992 5647.63867188 5.58657455444
1478876304678 lifecam22 2386.65234375 5641.47705078 5.57962608337
1478876304740 lifecam22 2382.5703125 5637.36865234 5.58552980423
1478876304937 lifecam22 2370.02636719 5624.94677734 5.60581874847
1478876305001 lifecam22 2365.87353516 5621.51611328 5.61483621597
1478876305137 lifecam22 2358.54296875 5612.94238281 5.63135004044
1478876305204 lifecam22 2354.31640625 5609.26171875 5.63536882401
1478876305278 lifecam22 2350.24438477 5604.47851562 5.64393901825
1478876305334 lifecam22 2347.22412109 5601.35058594 5.65538406372
1478876305407 lifecam22 2342.91723633 5595.2109375 5.65552568436
1478876305472 lifecam22 2339.4074707 5590.35205078 5.65537881851
1478876305536 lifecam22 2335.61889648 5585.93652344 5.66253471375
1478876305681 lifecam22 2328.74731445 5578.03320312 5.68164920807
1478876305739 lifecam22 2324.33984375 5573.80859375 5.68678474426
1478876305810 lifecam22 2320.65380859 5570.53417969 5.7005238533
1478876305874 lifecam22 2317.31689453 5565.19775391 5.70577383041
1478876305943 lifecam22 2313.26220703 5560.52587891 5.70903301239
1478876306070 lifecam22 2306.11474609 5551.50878906 5.72465705872
1478876306140 lifecam22 2303.04150391 5547.38818359 5.7339720726
1478876306207 lifecam22 2298.7253418 5542.62939453 5.74069643021
1478876306272 lifecam22 2295.99072266 5538.47363281 5.74902915955
1478876306339 lifecam22 2292.41210938 5533.0 5.75329637527
1478876306544 lifecam22 2282.99243164 5518.77050781 5.7663025856
1478876306608 lifecam22 2279.48461914 5514.38916016 5.775203228
1478876306667 lifecam22 2276.24023438 5510.95361328 5.78705358505
1478876306740 lifecam22 2272.22143555 5504.38085938 5.78817415237
1478876306812 lifecam22 2269.16552734 5501.27539062 5.80328416824
1478876306934 lifecam22 2263.11206055 5490.31542969 5.81043386459
1478876307010 lifecam22 2259.82983398 5484.65234375 5.8151679039
1478876307072 lifecam22 2257.7434082 5479.90185547 5.82008123398
1478876307140 lifecam22 2254.81445312 5473.92236328 5.81858682632
1478876307208 lifecam22 2256.60986328 5471.40917969 5.80984687805
1478876307284 lifecam22 2255.90527344 5473.7265625 5.81754302979
1478876307342 lifecam22 2256.18041992 5472.15136719 5.81285333633
1478876307408 lifecam22 2256.45605469 5472.86669922 5.81378412247
1478876307475 lifecam22 2256.24389648 5472.55957031 5.8141169548
1478876307540 lifecam22 2256.35498047 5472.86621094 5.81457424164
1478876307669 lifecam22 2256.15136719 5472.22753906 5.81217718124
1478876307732 lifecam22 2256.0949707 5472.7109375 5.81469011307
1478876307807 lifecam22 2256.36279297 5472.21386719 5.81169033051
1478876307881 lifecam22 2256.42114258 5472.60498047 5.81292581558
1478876307939 lifecam22 2256.24804688 5472.55419922 5.81283187866
1478876308070 lifecam22 2256.36279297 5472.21386719 5.81169033051
1478876308136 lifecam22 2256.36279297 5472.21386719 5.81169033051
1478876308202 lifecam22 2256.33984375 5472.59814453 5.81353235245
