1478876072043 lifecam22 3190.04931641 5857.82958984 4.57696771622
1478876072109 lifecam22 3189.57666016 5857.49511719 4.57345485687
1478876072254 lifecam22 3189.2175293 5857.36230469 4.57299232483
1478876072302 lifecam22 3189.25927734 5857.52001953 4.57320261002
1478876072375 lifecam22 3189.02246094 5857.47509766 4.57244300842
1478876072441 lifecam22 3189.61279297 5857.75634766 4.57565498352
1478876072508 lifecam22 3189.68896484 5857.55957031 4.57524776459
1478876072703 lifecam22 3190.1940918 5857.95849609 4.57826185226
1478876072774 lifecam22 3190.23510742 5858.11669922 4.57847595215
1478876072840 lifecam22 3190.24487305 5857.99169922 4.57736873627
1478876072912 lifecam22 3189.83447266 5857.18457031 4.57454681396
1478876072977 lifecam22 3191.76464844 5857.57861328 4.57444381714
1478876073120 lifecam22 3191.25292969 5857.60839844 4.57252120972
1478876073179 lifecam22 3191.40942383 5857.58740234 4.57388305664
1478876073248 lifecam22 3191.40820312 5857.99902344 4.57602787018
1478876073311 lifecam22 3191.36987305 5857.82714844 4.57456970215
1478876073377 lifecam22 3191.50292969 5857.50878906 4.57074785233
1478876073521 lifecam22 3196.36669922 5858.46191406 4.58427238464
1478876073580 lifecam22 3193.35205078 5859.07568359 4.58666276932
1478876073648 lifecam22 3193.72485352 5859.45507812 4.58810997009
1478876073713 lifecam22 3194.85107422 5859.46142578 4.58969020844
1478876073780 lifecam22 3187.99267578 5858.75390625 4.5837931633
1478876073926 lifecam22 3173.00732422 5860.19628906 4.58760070801
1478876073982 lifecam22 3169.23046875 5862.71582031 4.60094070435
1478876074041 lifecam22 3161.14916992 5863.55224609 4.60723400116
1478876074112 lifecam22 3157.21679688 5865.21777344 4.6134262085
1478876074180 lifecam22 3151.10498047 5865.72607422 4.62199687958
1478876074316 lifecam22 3141.18286133 5867.64501953 4.63355827332
1478876074383 lifecam22 3136.08007812 5869.88134766 4.64800453186
1478876074447 lifecam22 3130.50390625 5870.64697266 4.65213823318
1478876074511 lifecam22 3124.21386719 5871.76416016 4.65909099579
1478876074582 lifecam22 3117.6315918 5872.63916016 4.66364192963
1478876074714 lifecam22 3104.68164062 5873.921875 4.67286491394
1478876074781 lifecam22 3101.05395508 5875.21875 4.6860499382
1478876074850 lifecam22 3096.54199219 5875.62744141 4.69416427612
1478876074913 lifecam22 3091.40039062 5876.45507812 4.70474290848
1478876074980 lifecam22 3086.03613281 5876.44628906 4.7106795311
1478876075114 lifecam22 3071.70654297 5875.94482422 4.70615339279
1478876075184 lifecam22 3065.19970703 5876.08251953 4.70631217957
1478876075249 lifecam22 3059.87036133 5875.99267578 4.71531915665
1478876075315 lifecam22 3055.44604492 5877.18164062 4.72643375397
1478876075379 lifecam22 3049.61376953 5877.89501953 4.73642539978
1478876075509 lifecam22 3037.76879883 5878.95458984 4.75116539001
1478876075576 lifecam22 3030.93408203 5879.70605469 4.75239086151
1478876075648 lifecam22 3025.01220703 5879.23486328 4.75976753235
1478876075716 lifecam22 3021.52587891 5879.43017578 4.76932287216
1478876075783 lifecam22 3014.86083984 5880.45605469 4.77698040009
1478876075923 lifecam22 3005.01147461 5881.07373047 4.7963309288
1478876075987 lifecam22 2998.95483398 5880.54833984 4.79635763168
1478876076049 lifecam22 2993.62939453 5880.5234375 4.80646514893
1478876076118 lifecam22 2988.34399414 5880.78759766 4.81318759918
1478876076184 lifecam22 2981.80078125 5880.03564453 4.81513977051
1478876076313 lifecam22 2970.75756836 5880.69140625 4.83652925491
1478876076384 lifecam22 2964.16186523 5880.43847656 4.83765935898
1478876076450 lifecam22 2959.13867188 5881.03466797 4.84767341614
1478876076513 lifecam22 2953.15649414 5881.00683594 4.85280990601
1478876076577 lifecam22 2948.15795898 5880.77197266 4.86764240265
1478876076716 lifecam22 2935.93408203 5879.1875 4.87102031708
1478876076786 lifecam22 2930.41625977 5880.12011719 4.88177204132
1478876076851 lifecam22 2924.36621094 5879.54541016 4.89501190186
1478876076914 lifecam22 2918.83105469 5878.69482422 4.89643001556
1478876076986 lifecam22 2912.57763672 5877.47998047 4.89826011658
1478876077117 lifecam22 2901.54150391 5876.89453125 4.91630315781
1478876077184 lifecam22 2895.2199707 5873.93066406 4.90876245499
1478876077251 lifecam22 2889.65869141 5875.17480469 4.92214012146
1478876077317 lifecam22 2883.46289062 5873.4921875 4.9299902916
1478876077379 lifecam22 2877.36645508 5873.52050781 4.93754577637
1478876077576 lifecam22 2861.51464844 5870.22363281 4.95770072937
1478876077647 lifecam22 2856.3359375 5870.3125 4.96501970291
1478876077709 lifecam22 2850.20068359 5868.71777344 4.96934843063
1478876077779 lifecam22 2845.00708008 5868.21923828 4.97887992859
1478876077925 lifecam22 2833.99194336 5865.04248047 4.987616539
1478876077989 lifecam22 2827.12890625 5864.16748047 4.99127054214
1478876078052 lifecam22 2822.72436523 5862.3828125 4.99791431427
1478876078119 lifecam22 2816.25 5862.80859375 5.00882911682
1478876078182 lifecam22 2811.57348633 5861.484375 5.01607227325
1478876078315 lifecam22 2799.70483398 5859.18115234 5.02839565277
1478876078387 lifecam22 2794.58959961 5858.48876953 5.03895998001
1478876078443 lifecam22 2789.62402344 5858.11083984 5.0491271019
1478876078512 lifecam22 2784.19116211 5857.09130859 5.05999040604
1478876078586 lifecam22 2777.46923828 5855.1484375 5.06370449066
1478876078723 lifecam22 2766.65209961 5851.85791016 5.07167196274
1478876078793 lifecam22 2760.63671875 5849.39990234 5.07192373276
1478876078851 lifecam22 2756.07470703 5848.72021484 5.08419704437
1478876078920 lifecam22 2749.03491211 5845.3671875 5.08448028564
1478876078984 lifecam22 2744.77246094 5845.14501953 5.09525108337
1478876079122 lifecam22 2732.71606445 5840.74951172 5.10331010818
1478876079185 lifecam22 2727.59204102 5839.50048828 5.10860967636
1478876079251 lifecam22 2722.69213867 5838.21679688 5.12137985229
1478876079318 lifecam22 2716.40649414 5835.78662109 5.12342500687
1478876079386 lifecam22 2711.51269531 5834.28613281 5.13497209549
1478876079522 lifecam22 2700.07763672 5830.05615234 5.1467924118
1478876079581 lifecam22 2695.04418945 5829.34912109 5.15688800812
1478876079646 lifecam22 2689.38232422 5827.01318359 5.16374111176
1478876079712 lifecam22 2684.58569336 5824.9140625 5.1706533432
1478876079784 lifecam22 2679.42114258 5822.31298828 5.17349290848
1478876079915 lifecam22 2667.87207031 5818.20410156 5.18886041641
1478876079982 lifecam22 2662.48071289 5815.90527344 5.19636917114
1478876080055 lifecam22 2656.76879883 5814.32666016 5.20599222183
1478876080123 lifecam22 2651.91748047 5811.54931641 5.21014738083
1478876080262 lifecam22 2640.52026367 5807.35205078 5.22396469116
1478876080319 lifecam22 2635.45727539 5806.59716797 5.23941326141
1478876080388 lifecam22 2630.54321289 5803.77685547 5.24208688736
1478876080453 lifecam22 2625.07177734 5800.33203125 5.24658823013
1478876080523 lifecam22 2620.16674805 5797.88378906 5.24971151352
1478876080716 lifecam22 2604.68920898 5789.89599609 5.26859760284
1478876080794 lifecam22 2599.23095703 5787.99707031 5.28205966949
1478876080856 lifecam22 2593.71337891 5784.61328125 5.28221273422
1478876080923 lifecam22 2589.10644531 5782.65283203 5.29029035568
1478876080989 lifecam22 2583.42016602 5778.75390625 5.29509449005
1478876081121 lifecam22 2573.78051758 5774.21777344 5.31097888947
1478876081193 lifecam22 2569.93579102 5770.47607422 5.31386947632
1478876081259 lifecam22 2563.88891602 5768.21582031 5.32068347931
1478876081321 lifecam22 2561.15161133 5763.65283203 5.3243598938
1478876081390 lifecam22 2554.46850586 5760.16796875 5.32529783249
1478876081520 lifecam22 2544.83447266 5754.90673828 5.34218168259
1478876081591 lifecam22 2540.08007812 5751.59179688 5.34922838211
1478876081661 lifecam22 2535.31396484 5750.54199219 5.3619890213
1478876081721 lifecam22 2530.48364258 5746.33447266 5.36619281769
1478876081791 lifecam22 2525.65966797 5744.76513672 5.37934541702
1478876081925 lifecam22 2516.00683594 5737.97119141 5.3911986351
1478876081990 lifecam22 2511.15039062 5734.62841797 5.39986181259
1478876082058 lifecam22 2505.95092773 5731.30126953 5.40571546555
1478876082127 lifecam22 2500.88427734 5728.98242188 5.41282129288
1478876082190 lifecam22 2496.97949219 5726.74169922 5.42936038971
1478876082265 lifecam22 2492.15820312 5722.38427734 5.42802810669
1478876082322 lifecam22 2487.65136719 5717.72558594 5.4259314537
1478876082387 lifecam22 2482.83666992 5714.54882812 5.43630170822
1478876082457 lifecam22 2478.49462891 5711.10009766 5.44238138199
1478876082524 lifecam22 2473.8737793 5707.93945312 5.452272892
1478876082661 lifecam22 2463.80688477 5702.12060547 5.47269392014
1478876082728 lifecam22 2459.44824219 5698.93164062 5.47709989548
1478876082791 lifecam22 2455.26782227 5694.29248047 5.48009729385
1478876082860 lifecam22 2451.01660156 5691.70556641 5.49060058594
1478876082927 lifecam22 2446.23706055 5685.92822266 5.48802900314
1478876083129 lifecam22 2433.78808594 5676.50634766 5.51796293259
1478876083194 lifecam22 2429.47363281 5671.93408203 5.51766490936
1478876083259 lifecam22 2424.60473633 5668.22998047 5.52709960938
1478876083326 lifecam22 2420.31738281 5664.34521484 5.53116321564
1478876083393 lifecam22 2415.97143555 5660.68554688 5.54063415527
1478876083472 lifecam22 2411.7746582 5657.16064453 5.54474973679
1478876083526 lifecam22 2407.42895508 5653.06494141 5.55901432037
1478876083595 lifecam22 2402.99853516 5649.30224609 5.56268262863
1478876083666 lifecam22 2399.52026367 5646.04101562 5.57477331161
1478876083728 lifecam22 2395.17480469 5641.66308594 5.57638072968
1478876083927 lifecam22 2382.48999023 5629.46777344 5.60247325897
1478876083995 lifecam22 2379.0144043 5625.82958984 5.6049284935
1478876084064 lifecam22 2374.35742188 5621.30908203 5.60842514038
1478876084130 lifecam22 2371.18554688 5618.11328125 5.62258958817
1478876084193 lifecam22 2366.58496094 5613.52246094 5.62923383713
1478876084267 lifecam22 2362.74658203 5608.82373047 5.62856721878
1478876084333 lifecam22 2357.61914062 5605.00097656 5.63961076736
1478876084393 lifecam22 2354.56567383 5601.85791016 5.65413951874
1478876084463 lifecam22 2350.3137207 5596.51171875 5.65353059769
1478876084529 lifecam22 2346.16845703 5592.09960938 5.65906429291
1478876084730 lifecam22 2336.24560547 5578.92919922 5.68020820618
1478876084798 lifecam22 2332.65893555 5573.9921875 5.68016767502
1478876084861 lifecam22 2329.12524414 5567.89257812 5.67788028717
1478876084929 lifecam22 2325.62817383 5564.85742188 5.69195127487
1478876084996 lifecam22 2322.60742188 5558.66503906 5.69072151184
1478876085134 lifecam22 2314.4050293 5550.86865234 5.71172428131
1478876085197 lifecam22 2311.37597656 5546.69091797 5.71609163284
1478876085262 lifecam22 2306.96142578 5542.10644531 5.73237705231
1478876085328 lifecam22 2304.00830078 5536.80859375 5.7320561409
1478876085398 lifecam22 2300.87695312 5533.88037109 5.74532651901
1478876085527 lifecam22 2292.9519043 5524.40771484 5.75959539413
1478876085597 lifecam22 2289.84667969 5519.12988281 5.76682376862
1478876085669 lifecam22 2286.390625 5514.4609375 5.7697634697
1478876085731 lifecam22 2284.00683594 5509.37792969 5.77583599091
1478876085800 lifecam22 2280.30078125 5504.90478516 5.78202819824
1478876085996 lifecam22 2270.97436523 5491.35644531 5.803586483
1478876086065 lifecam22 2267.85546875 5485.17285156 5.80654621124
1478876086131 lifecam22 2264.25756836 5481.85644531 5.81899166107
1478876086197 lifecam22 2261.54443359 5475.84326172 5.82069444656
1478876086264 lifecam22 2258.25073242 5471.65576172 5.83057022095
1478876086407 lifecam22 2259.19970703 5467.27636719 5.81915283203
1478876086464 lifecam22 2258.7487793 5466.87841797 5.82445240021
1478876086532 lifecam22 2258.88916016 5466.75927734 5.81887245178
1478876086598 lifecam22 2258.7487793 5466.87841797 5.82445240021
1478876086669 lifecam22 2259.26660156 5466.60009766 5.81865024567
1478876086869 lifecam22 2258.74658203 5466.76806641 5.82123994827
1478876086927 lifecam22 2258.63696289 5466.55566406 5.8199968338
1478876087000 lifecam22 2258.86962891 5466.45996094 5.81897783279
1478876087058 lifecam22 2258.79858398 5466.71533203 5.8220911026
1478876087126 lifecam22 2258.71240234 5466.56689453 5.81813764572
