1478876851579 lifecam22 3190.56689453 5857.69287109 4.5841178894
1478876851655 lifecam22 3190.50146484 5857.91259766 4.5846414566
1478876851714 lifecam22 3190.4855957 5857.77099609 4.58334064484
1478876851788 lifecam22 3190.84277344 5857.77832031 4.58527517319
1478876851927 lifecam22 3190.89208984 5858.07958984 4.58544254303
1478876851991 lifecam22 3190.44189453 5857.73095703 4.58291435242
1478876852054 lifecam22 3190.6940918 5857.79736328 4.58387947083
1478876852120 lifecam22 3190.77587891 5857.71972656 4.58465719223
1478876852186 lifecam22 3190.82543945 5858.02197266 4.58482694626
1478876852325 lifecam22 3190.6940918 5857.79736328 4.58387947083
1478876852381 lifecam22 3190.6940918 5857.79736328 4.58387947083
1478876852447 lifecam22 3190.6940918 5857.79736328 4.58387947083
1478876852522 lifecam22 3190.82543945 5858.02197266 4.58482694626
1478876852585 lifecam22 3190.61694336 5857.99462891 4.5842871666
1478876852796 lifecam22 3190.69067383 5857.91357422 4.57993984222
1478876852859 lifecam22 3191.28100586 5858.46484375 4.58398294449
1478876852916 lifecam22 3189.20776367 5858.07226562 4.58181142807
1478876852987 lifecam22 3190.52270508 5857.65283203 4.58369159698
1478876853057 lifecam22 3189.04150391 5857.37597656 4.57899808884
1478876853258 lifecam22 3172.84228516 5856.69140625 4.56572294235
1478876853324 lifecam22 3170.27783203 5857.44238281 4.57247591019
1478876853389 lifecam22 3163.89892578 5858.61279297 4.57272386551
1478876853453 lifecam22 3157.97314453 5859.79443359 4.58152294159
1478876853523 lifecam22 3152.66992188 5861.27490234 4.58707427979
1478876853658 lifecam22 3142.03564453 5864.79296875 4.60913944244
1478876853725 lifecam22 3136.27197266 5865.62060547 4.6125292778
1478876853785 lifecam22 3129.75634766 5866.91064453 4.61739969254
1478876853859 lifecam22 3124.60546875 5868.12744141 4.62406778336
1478876853924 lifecam22 3120.63208008 5869.89746094 4.63805913925
1478876854060 lifecam22 3109.25244141 5872.24023438 4.65535068512
1478876854124 lifecam22 3103.17114258 5872.78710938 4.65967321396
1478876854187 lifecam22 3096.35180664 5872.93554688 4.66005325317
1478876854254 lifecam22 3089.3112793 5873.37597656 4.66053342819
1478876854316 lifecam22 3082.83862305 5873.45214844 4.66295194626
1478876854457 lifecam22 3073.7109375 5874.67578125 4.67793512344
1478876854518 lifecam22 3068.65893555 5875.14111328 4.68201398849
1478876854591 lifecam22 3062.54125977 5876.23486328 4.68989181519
1478876854661 lifecam22 3056.84765625 5875.54638672 4.69107246399
1478876854719 lifecam22 3049.14038086 5876.57910156 4.6905632019
1478876854855 lifecam22 3039.56201172 5878.83789062 4.72130441666
1478876854926 lifecam22 3033.08911133 5878.40625 4.7225985527
1478876854990 lifecam22 3028.38476562 5879.88916016 4.733751297
1478876855057 lifecam22 3022.89038086 5880.14501953 4.74217987061
1478876855123 lifecam22 3016.94042969 5880.26806641 4.74322748184
1478876855194 lifecam22 3010.05322266 5879.38037109 4.74246025085
1478876855259 lifecam22 3004.72924805 5880.00634766 4.75140619278
1478876855322 lifecam22 2998.89941406 5880.28466797 4.75751018524
1478876855387 lifecam22 2995.22143555 5881.94873047 4.77673482895
1478876855450 lifecam22 2988.68383789 5882.12744141 4.77961206436
1478876855596 lifecam22 2976.84814453 5882.46435547 4.78990793228
1478876855663 lifecam22 2970.65307617 5882.04345703 4.79796028137
1478876855730 lifecam22 2966.04101562 5882.75341797 4.80926084518
1478876855795 lifecam22 2959.58422852 5883.25683594 4.8136882782
1478876855862 lifecam22 2955.21459961 5882.921875 4.82318592072
1478876855997 lifecam22 2942.19091797 5881.17480469 4.82505464554
1478876856062 lifecam22 2938.19287109 5882.19677734 4.84253644943
1478876856128 lifecam22 2931.60595703 5881.06689453 4.84080696106
1478876856194 lifecam22 2926.86401367 5882.38427734 4.85589170456
1478876856260 lifecam22 2920.14526367 5881.71044922 4.85727643967
1478876856395 lifecam22 2908.43115234 5881.20214844 4.87529087067
1478876856460 lifecam22 2902.84472656 5881.07226562 4.87936449051
1478876856524 lifecam22 2896.0625 5880.28369141 4.88517665863
1478876856590 lifecam22 2891.05615234 5879.96972656 4.8948969841
1478876856660 lifecam22 2884.54711914 5878.52539062 4.89624357224
1478876856793 lifecam22 2873.65014648 5878.11816406 4.90973758698
1478876856864 lifecam22 2868.44287109 5876.88818359 4.92012548447
1478876856930 lifecam22 2862.14086914 5876.04833984 4.92183351517
1478876856993 lifecam22 2856.12988281 5873.93847656 4.92197704315
1478876857061 lifecam22 2850.51855469 5873.94970703 4.93444061279
1478876857259 lifecam22 2834.88671875 5873.59716797 4.96218109131
1478876857328 lifecam22 2829.10131836 5872.84326172 4.96769237518
1478876857391 lifecam22 2822.17822266 5870.97363281 4.9670009613
1478876857461 lifecam22 2817.24731445 5870.43457031 4.98034954071
1478876857528 lifecam22 2812.24829102 5869.32373047 4.98381328583
1478876857658 lifecam22 2800.9465332 5867.66503906 4.99889564514
1478876857729 lifecam22 2795.59277344 5865.07324219 4.99997901917
1478876857798 lifecam22 2789.8425293 5865.17919922 5.01173877716
1478876857863 lifecam22 2784.40136719 5863.01611328 5.01581287384
1478876857931 lifecam22 2778.33642578 5862.27636719 5.02242326736
1478876858061 lifecam22 2767.3984375 5859.38623047 5.03324604034
1478876858130 lifecam22 2761.27734375 5858.84326172 5.04243612289
1478876858198 lifecam22 2755.52856445 5856.41308594 5.04271125793
1478876858254 lifecam22 2750.03564453 5855.44433594 5.05356502533
1478876858321 lifecam22 2744.00976562 5853.28808594 5.0575170517
1478876858470 lifecam22 2733.44238281 5851.29052734 5.07593011856
1478876858533 lifecam22 2728.47094727 5850.23925781 5.08159971237
1478876858598 lifecam22 2721.98193359 5848.77148438 5.09242868423
1478876858668 lifecam22 2716.55859375 5846.18017578 5.09474992752
1478876858735 lifecam22 2711.28808594 5844.91015625 5.10170984268
1478876858861 lifecam22 2700.19335938 5841.83935547 5.11901283264
1478876858934 lifecam22 2695.03979492 5839.75195312 5.12543201447
1478876859001 lifecam22 2689.84521484 5840.09130859 5.13583183289
1478876859064 lifecam22 2683.60009766 5836.97900391 5.14073133469
1478876859129 lifecam22 2678.29272461 5835.24023438 5.14415550232
1478876859205 lifecam22 2673.54467773 5833.06347656 5.15141391754
1478876859268 lifecam22 2668.0612793 5830.62158203 5.15465068817
1478876859333 lifecam22 2661.53149414 5828.87255859 5.16926431656
1478876859391 lifecam22 2657.0612793 5825.36865234 5.16630935669
1478876859465 lifecam22 2651.01025391 5823.13574219 5.17061662674
1478876859668 lifecam22 2635.01367188 5817.99462891 5.19727993011
1478876859729 lifecam22 2630.12988281 5816.27734375 5.20603179932
1478876859791 lifecam22 2625.36352539 5814.8671875 5.21911096573
1478876859866 lifecam22 2619.86328125 5812.47265625 5.2249879837
1478876859931 lifecam22 2613.68310547 5808.57421875 5.22266292572
1478876860068 lifecam22 2603.06884766 5804.68896484 5.23727321625
1478876860135 lifecam22 2597.90820312 5801.82861328 5.24820947647
1478876860202 lifecam22 2592.86865234 5799.11474609 5.25026512146
1478876860266 lifecam22 2588.17797852 5796.87744141 5.2626376152
1478876860335 lifecam22 2583.10400391 5795.20361328 5.27153110504
1478876860539 lifecam22 2567.55322266 5785.75927734 5.2825884819
1478876860603 lifecam22 2562.18457031 5782.52636719 5.28667545319
1478876860671 lifecam22 2557.56958008 5780.00585938 5.2947010994
1478876860722 lifecam22 2552.80322266 5776.63574219 5.29989528656
1478876860798 lifecam22 2546.80712891 5774.52832031 5.31177806854
1478876860870 lifecam22 2542.15161133 5771.41259766 5.31478309631
1478876860926 lifecam22 2536.95214844 5768.68994141 5.32024145126
1478876861002 lifecam22 2533.18139648 5766.61865234 5.33485794067
1478876861069 lifecam22 2526.83056641 5763.88671875 5.33752775192
1478876861133 lifecam22 2523.33154297 5760.22070312 5.34486532211
1478876861332 lifecam22 2508.22241211 5751.80761719 5.36655378342
1478876861400 lifecam22 2503.63598633 5747.3203125 5.36735868454
1478876861467 lifecam22 2499.11450195 5744.67138672 5.37617397308
1478876861533 lifecam22 2493.67749023 5741.73291016 5.38095712662
1478876861601 lifecam22 2488.93383789 5738.54638672 5.39002466202
1478876861682 lifecam22 2484.18383789 5736.42480469 5.39937829971
1478876861733 lifecam22 2479.09545898 5732.05908203 5.40047454834
1478876861804 lifecam22 2474.65209961 5729.42773438 5.41121006012
1478876861870 lifecam22 2470.04736328 5727.06005859 5.42212247849
1478876861936 lifecam22 2464.40136719 5723.328125 5.4287314415
1478876862069 lifecam22 2455.53076172 5715.95654297 5.43700695038
1478876862136 lifecam22 2450.89526367 5713.00927734 5.44691419601
1478876862203 lifecam22 2446.91308594 5709.1171875 5.45243310928
1478876862268 lifecam22 2441.32714844 5707.57568359 5.47008180618
1478876862335 lifecam22 2437.82666016 5700.76025391 5.45695304871
1478876862472 lifecam22 2428.57885742 5695.73681641 5.48245477676
1478876862538 lifecam22 2423.60766602 5692.07080078 5.48774957657
1478876862603 lifecam22 2418.6809082 5688.77392578 5.50253295898
1478876862672 lifecam22 2415.04174805 5685.06787109 5.50625419617
1478876862740 lifecam22 2410.55908203 5680.59863281 5.51283359528
1478876862872 lifecam22 2402.36108398 5673.96240234 5.52515888214
1478876862933 lifecam22 2397.48950195 5670.27099609 5.5337395668
1478876863000 lifecam22 2393.87548828 5665.78515625 5.5305185318
1478876863064 lifecam22 2388.97583008 5662.19580078 5.54504823685
1478876863123 lifecam22 2385.30053711 5659.82421875 5.55826282501
1478876863329 lifecam22 2372.8137207 5646.65917969 5.57229471207
1478876863394 lifecam22 2368.28100586 5643.29833984 5.5821762085
1478876863462 lifecam22 2363.41455078 5638.921875 5.58594608307
1478876863523 lifecam22 2360.20996094 5635.47705078 5.59959936142
1478876863592 lifecam22 2355.73120117 5631.98388672 5.60678768158
1478876863736 lifecam22 2346.62695312 5623.55615234 5.61769723892
1478876863797 lifecam22 2343.29858398 5620.81591797 5.63351535797
1478876863859 lifecam22 2339.83349609 5615.78027344 5.63344430923
1478876863930 lifecam22 2335.71899414 5611.32421875 5.63684892654
1478876863991 lifecam22 2332.24389648 5606.80419922 5.6457567215
1478876864144 lifecam22 2324.61376953 5596.09912109 5.64462661743
1478876864197 lifecam22 2320.54150391 5592.37158203 5.65479660034
1478876864264 lifecam22 2316.99609375 5588.03710938 5.6649723053
1478876864333 lifecam22 2312.5534668 5583.93701172 5.66998815536
1478876864399 lifecam22 2309.64111328 5579.12451172 5.67974472046
1478876864460 lifecam22 2305.02392578 5574.39550781 5.68256521225
1478876864598 lifecam22 2298.13720703 5566.68945312 5.70221376419
1478876864663 lifecam22 2294.47167969 5561.94970703 5.71035861969
1478876864737 lifecam22 2291.95483398 5557.00048828 5.71162843704
1478876864805 lifecam22 2287.87841797 5552.10058594 5.7157869339
1478876864868 lifecam22 2285.57543945 5547.32080078 5.7194018364
1478876865005 lifecam22 2278.62548828 5538.40820312 5.73487281799
1478876865066 lifecam22 2273.81884766 5535.03271484 5.74754428864
1478876865128 lifecam22 2270.41040039 5530.48535156 5.75993156433
1478876865201 lifecam22 2266.99829102 5525.16210938 5.76017713547
1478876865269 lifecam22 2264.16308594 5520.51611328 5.76829338074
1478876865411 lifecam22 2257.46459961 5512.77246094 5.78949928284
1478876865470 lifecam22 2254.05053711 5506.85644531 5.79295778275
1478876865536 lifecam22 2250.55761719 5502.32080078 5.79817867279
1478876865606 lifecam22 2248.06445312 5496.23583984 5.796479702
1478876865670 lifecam22 2244.40283203 5491.35986328 5.80245542526
1478876865879 lifecam22 2244.93652344 5488.42871094 5.80045700073
1478876865937 lifecam22 2245.36791992 5488.40527344 5.79552602768
1478876866000 lifecam22 2244.93652344 5488.42871094 5.80045700073
1478876866067 lifecam22 2245.37353516 5488.05126953 5.79391479492
1478876866140 lifecam22 2245.15478516 5488.17431641 5.79741001129
1478876866340 lifecam22 2245.34399414 5487.81738281 5.79310464859
1478876866398 lifecam22 2245.2277832 5488.40380859 5.79806423187
1478876866468 lifecam22 2245.19873047 5488.16894531 5.79725265503
1478876866536 lifecam22 2245.34399414 5487.81738281 5.79310464859
1478876866605 lifecam22 2245.15478516 5488.17431641 5.79741001129
1478876866743 lifecam22 2245.16137695 5487.71875 5.79267835617
1478876866804 lifecam22 2245.2277832 5488.40380859 5.79806423187
1478876866871 lifecam22 2245.39770508 5487.98779297 5.79466962814
1478876866939 lifecam22 2245.04003906 5488.37597656 5.79941177368
1478876867003 lifecam22 2245.42700195 5488.22216797 5.79547834396
1478876867206 lifecam22 2245.22119141 5487.79980469 5.79239988327
1478876867265 lifecam22 2245.15551758 5487.98095703 5.79557704926
1478876867334 lifecam22 2245.3125 5487.96679688 5.79524850845
1478876867399 lifecam22 2244.97583008 5487.75488281 5.79423141479
1478876867472 lifecam22 2245.42700195 5488.22216797 5.79547834396
1478876867615 lifecam22 2245.25854492 5487.796875 5.79368495941
1478876867674 lifecam22 2245.37158203 5487.76367188 5.79361343384
