1478876434867 lifecam22 3188.35498047 5855.30273438 4.56353521347
1478876434939 lifecam22 3188.92456055 5855.44482422 4.56688308716
1478876435005 lifecam22 3188.30493164 5855.38916016 4.56281137466
1478876435206 lifecam22 3188.60742188 5855.22216797 4.56303358078
1478876435268 lifecam22 3188.09057617 5855.11279297 4.56141328812
1478876435332 lifecam22 3189.06762695 5855.5390625 4.56674337387
1478876435407 lifecam22 3188.02856445 5855.31982422 4.56065034866
1478876435464 lifecam22 3188.67260742 5855.38134766 4.56591320038
1478876435606 lifecam22 3188.62133789 5855.35253906 4.56421756744
1478876435674 lifecam22 3188.3815918 5855.19287109 4.5626039505
1478876435732 lifecam22 3188.60742188 5855.22216797 4.56303358078
1478876435807 lifecam22 3188.64111328 5855.27734375 4.56214809418
1478876435877 lifecam22 3188.85839844 5855.28466797 4.56400108337
1478876436012 lifecam22 3188.85839844 5855.28466797 4.56400108337
1478876436079 lifecam22 3188.87768555 5855.3125 4.56285524368
1478876436147 lifecam22 3188.61401367 5855.62011719 4.56268692017
1478876436200 lifecam22 3188.49267578 5855.56591797 4.56200122833
1478876436273 lifecam22 3189.73071289 5854.88769531 4.55807924271
1478876436416 lifecam22 3188.17480469 5855.67529297 4.56409692764
1478876436478 lifecam22 3188.58178711 5855.08691406 4.56165838242
1478876436544 lifecam22 3187.91308594 5855.36376953 4.56214284897
1478876436609 lifecam22 3187.31396484 5854.88671875 4.55940437317
1478876436676 lifecam22 3177.65014648 5855.28125 4.55595350266
1478876436873 lifecam22 3160.79077148 5859.13671875 4.5744638443
1478876436939 lifecam22 3155.67895508 5860.87158203 4.58417415619
1478876437009 lifecam22 3150.06030273 5861.58447266 4.5864815712
1478876437080 lifecam22 3143.93725586 5864.08789062 4.59525251389
1478876437146 lifecam22 3138.77783203 5865.10498047 4.60184621811
1478876437275 lifecam22 3127.20385742 5867.45703125 4.61441993713
1478876437336 lifecam22 3121.70654297 5867.68798828 4.62007522583
1478876437409 lifecam22 3115.72412109 5869.32373047 4.62808465958
1478876437477 lifecam22 3109.55175781 5869.3125 4.6276679039
1478876437541 lifecam22 3103.55908203 5870.05126953 4.63161754608
1478876437745 lifecam22 3088.00366211 5872.78271484 4.65740871429
1478876437815 lifecam22 3082.53662109 5874.74853516 4.67067718506
1478876437879 lifecam22 3076.35107422 5875.07958984 4.67430114746
1478876437937 lifecam22 3069.078125 5875.28417969 4.6708278656
1478876438012 lifecam22 3062.52734375 5875.61035156 4.67687749863
1478876438082 lifecam22 3056.79833984 5876.06787109 4.68036842346
1478876438147 lifecam22 3051.62744141 5876.57128906 4.68681907654
1478876438211 lifecam22 3048.04492188 5878.94873047 4.70645523071
1478876438277 lifecam22 3043.04907227 5881.01660156 4.71617412567
1478876438343 lifecam22 3036.73461914 5880.39501953 4.7223649025
1478876438482 lifecam22 3023.78686523 5878.24414062 4.71825790405
1478876438546 lifecam22 3019.47998047 5880.70068359 4.73334789276
1478876438606 lifecam22 3014.04589844 5880.72363281 4.73745059967
1478876438680 lifecam22 3008.54101562 5880.68017578 4.74445199966
1478876438747 lifecam22 3002.88061523 5882.05126953 4.7520160675
1478876438887 lifecam22 2991.11181641 5883.48974609 4.76953458786
1478876438940 lifecam22 2984.97705078 5882.84667969 4.77148294449
1478876439016 lifecam22 2980.10498047 5884.28417969 4.78493070602
1478876439075 lifecam22 2974.25585938 5884.30224609 4.79238271713
1478876439144 lifecam22 2968.4609375 5884.96972656 4.79669761658
1478876439284 lifecam22 2957.21020508 5884.07373047 4.81174755096
1478876439347 lifecam22 2950.6340332 5882.3046875 4.80675268173
1478876439412 lifecam22 2945.33691406 5883.06689453 4.81595563889
1478876439480 lifecam22 2938.93310547 5882.14013672 4.81731843948
1478876439545 lifecam22 2932.93383789 5881.47265625 4.82244873047
1478876439688 lifecam22 2920.93554688 5881.57226562 4.84114360809
1478876439743 lifecam22 2914.94604492 5881.81298828 4.84560060501
1478876439816 lifecam22 2910.41210938 5881.6875 4.85660219193
1478876439884 lifecam22 2904.85864258 5882.51123047 4.86976861954
1478876439948 lifecam22 2898.96704102 5881.63378906 4.87528562546
1478876440143 lifecam22 2881.91064453 5881.19921875 4.89767408371
1478876440208 lifecam22 2875.83081055 5880.46582031 4.90388298035
1478876440280 lifecam22 2870.75073242 5878.69775391 4.90379953384
1478876440340 lifecam22 2864.56176758 5878.41357422 4.91047334671
1478876440412 lifecam22 2859.6953125 5876.94091797 4.91900205612
1478876440549 lifecam22 2848.06176758 5876.28125 4.93033361435
1478876440618 lifecam22 2842.06616211 5877.02832031 4.94579029083
1478876440686 lifecam22 2836.44970703 5876.02832031 4.95019245148
1478876440742 lifecam22 2830.79541016 5874.46972656 4.95174694061
1478876440950 lifecam22 2814.61914062 5872.3984375 4.97238683701
1478876441016 lifecam22 2807.82519531 5870.99804688 4.97628736496
1478876441079 lifecam22 2803.18188477 5870.05371094 4.98448801041
1478876441148 lifecam22 2797.15869141 5868.36669922 4.98792219162
1478876441216 lifecam22 2791.37597656 5866.86376953 4.99058485031
1478876441343 lifecam22 2779.51391602 5864.76123047 5.00481128693
1478876441412 lifecam22 2773.68652344 5863.50048828 5.0120677948
1478876441484 lifecam22 2769.45751953 5863.37841797 5.02421426773
1478876441549 lifecam22 2762.73974609 5861.24951172 5.02646398544
1478876441615 lifecam22 2757.21875 5859.41601562 5.02827739716
1478876441752 lifecam22 2746.22167969 5856.83789062 5.04439926147
1478876441818 lifecam22 2740.81347656 5857.04833984 5.05836248398
1478876441885 lifecam22 2734.63842773 5854.50439453 5.06050539017
1478876441950 lifecam22 2729.33398438 5853.57177734 5.06632184982
1478876442015 lifecam22 2723.79052734 5851.12011719 5.07039308548
1478876442213 lifecam22 2708.46459961 5848.32226562 5.09997987747
1478876442284 lifecam22 2702.34521484 5846.33642578 5.10492229462
1478876442345 lifecam22 2695.77172852 5844.70410156 5.11336565018
1478876442418 lifecam22 2690.64282227 5843.40136719 5.12024116516
1478876442481 lifecam22 2685.48901367 5840.20019531 5.12227106094
1478876442620 lifecam22 2673.86669922 5835.93457031 5.13131093979
1478876442680 lifecam22 2669.36914062 5837.51416016 5.1551027298
1478876442751 lifecam22 2662.38720703 5833.33349609 5.14918231964
1478876442813 lifecam22 2659.54052734 5832.95068359 5.16662979126
1478876442885 lifecam22 2653.68505859 5830.42431641 5.16543340683
1478876443016 lifecam22 2641.96435547 5824.99560547 5.17192363739
1478876443083 lifecam22 2637.26293945 5822.58056641 5.18225622177
1478876443152 lifecam22 2631.43847656 5820.58642578 5.18867349625
1478876443221 lifecam22 2625.75927734 5818.85107422 5.19671297073
1478876443283 lifecam22 2620.22460938 5816.16552734 5.20258760452
1478876443361 lifecam22 2614.77294922 5813.47753906 5.20791292191
1478876443420 lifecam22 2610.06665039 5810.37255859 5.20977544785
1478876443485 lifecam22 2604.07763672 5808.61767578 5.21858787537
1478876443553 lifecam22 2599.16723633 5806.38818359 5.22931623459
1478876443620 lifecam22 2593.58520508 5804.3203125 5.2381529808
1478876443816 lifecam22 2579.03735352 5795.03857422 5.24690055847
1478876443890 lifecam22 2573.97070312 5794.07958984 5.26113080978
1478876443951 lifecam22 2569.02758789 5791.38574219 5.26553106308
1478876444024 lifecam22 2563.99511719 5789.51953125 5.2757601738
1478876444084 lifecam22 2558.0456543 5785.42382812 5.27977228165
1478876444229 lifecam22 2548.35668945 5780.90380859 5.29791593552
1478876444286 lifecam22 2543.31494141 5778.28076172 5.30181741714
1478876444348 lifecam22 2538.30615234 5774.55078125 5.30959415436
1478876444414 lifecam22 2533.27783203 5771.69433594 5.31154251099
1478876444479 lifecam22 2528.65673828 5770.44091797 5.32618999481
1478876444616 lifecam22 2518.48583984 5763.55859375 5.33205413818
1478876444690 lifecam22 2513.51660156 5759.76953125 5.33319377899
1478876444757 lifecam22 2508.91601562 5759.0859375 5.35309076309
1478876444820 lifecam22 2503.46972656 5753.93261719 5.3482875824
1478876444891 lifecam22 2498.26538086 5751.25048828 5.3572435379
1478876445029 lifecam22 2488.43945312 5745.43652344 5.37355566025
1478876445086 lifecam22 2484.02392578 5743.32958984 5.38165092468
1478876445153 lifecam22 2479.72851562 5739.34423828 5.38933420181
1478876445215 lifecam22 2473.86132812 5735.55517578 5.38936805725
1478876445287 lifecam22 2469.17211914 5733.16113281 5.40153932571
1478876445429 lifecam22 2459.65234375 5725.67675781 5.40994930267
1478876445493 lifecam22 2455.50561523 5722.18310547 5.41483020782
1478876445557 lifecam22 2450.67749023 5718.65576172 5.41846561432
1478876445624 lifecam22 2446.25756836 5715.24072266 5.43130207062
1478876445691 lifecam22 2441.46362305 5712.1484375 5.43607330322
1478876445893 lifecam22 2427.03051758 5702.44921875 5.46226119995
1478876445954 lifecam22 2422.38720703 5700.64501953 5.47437524796
1478876446019 lifecam22 2418.84667969 5694.59765625 5.46688652039
1478876446091 lifecam22 2413.51318359 5692.48876953 5.48263549805
1478876446156 lifecam22 2408.97973633 5688.56445312 5.48985671997
1478876446290 lifecam22 2400.15771484 5683.62646484 5.51492977142
1478876446353 lifecam22 2397.73022461 5676.59326172 5.50835418701
1478876446419 lifecam22 2391.15161133 5676.63769531 5.5267791748
1478876446489 lifecam22 2388.43676758 5670.50927734 5.52112770081
1478876446558 lifecam22 2383.47729492 5669.18798828 5.54620409012
1478876446693 lifecam22 2375.06640625 5659.49365234 5.54776191711
1478876446757 lifecam22 2370.14453125 5657.16015625 5.56280088425
1478876446821 lifecam22 2365.85839844 5652.60205078 5.5669670105
1478876446891 lifecam22 2362.31787109 5649.12988281 5.56920528412
1478876446961 lifecam22 2356.69165039 5644.4296875 5.57617425919
1478876447098 lifecam22 2349.30908203 5637.20117188 5.59599256516
1478876447159 lifecam22 2344.91577148 5632.09765625 5.59413480759
1478876447219 lifecam22 2341.46069336 5626.70898438 5.59761857986
1478876447296 lifecam22 2337.46777344 5624.53662109 5.61237335205
1478876447357 lifecam22 2334.34130859 5617.90136719 5.60638952255
1478876447561 lifecam22 2322.2565918 5606.75146484 5.63474750519
1478876447629 lifecam22 2317.30102539 5601.62207031 5.63712930679
1478876447691 lifecam22 2313.97216797 5597.87255859 5.64449882507
1478876447754 lifecam22 2310.50561523 5594.7421875 5.6580581665
1478876447831 lifecam22 2306.29345703 5589.14941406 5.65969800949
1478876447960 lifecam22 2299.50439453 5580.60253906 5.67356920242
1478876448030 lifecam22 2294.47045898 5577.15673828 5.68494749069
1478876448098 lifecam22 2292.15527344 5571.88769531 5.68619680405
1478876448161 lifecam22 2287.44506836 5568.26416016 5.69943475723
1478876448221 lifecam22 2285.64697266 5562.97509766 5.69656515121
1478876448363 lifecam22 2277.14672852 5553.93701172 5.71269512177
1478876448419 lifecam22 2274.1015625 5550.69775391 5.72660398483
1478876448488 lifecam22 2269.94848633 5546.12451172 5.73147916794
1478876448555 lifecam22 2266.47436523 5541.13964844 5.73680257797
1478876448624 lifecam22 2262.81298828 5536.50927734 5.74588918686
1478876448752 lifecam22 2256.48120117 5526.35107422 5.75328493118
1478876448824 lifecam22 2252.35083008 5521.63818359 5.76073646545
1478876448894 lifecam22 2249.32617188 5518.31591797 5.77433347702
1478876448963 lifecam22 2246.83862305 5512.16259766 5.76984882355
1478876449028 lifecam22 2243.8815918 5507.57861328 5.77754449844
1478876449141 lifecam20 2899.25341797 4628.73095703 4.8882818222
1478876449160 lifecam22 2896.3359375 4623.09472656 4.89046669006
1478876449223 lifecam22 2896.33544922 4622.88818359 4.89012670517
1478876449296 lifecam22 2239.93579102 5496.14453125 5.77128171921
1478876449365 lifecam22 2238.38452148 5495.79589844 5.77809762955
1478876449422 lifecam22 2239.17553711 5496.05712891 5.77568483353
1478876449560 lifecam22 2239.12426758 5495.45996094 5.77322101593
1478876449626 lifecam22 2239.01269531 5495.63427734 5.7748670578
1478876449699 lifecam22 2238.94848633 5495.90771484 5.77688741684
1478876449765 lifecam22 2238.82983398 5495.95117188 5.77675485611
1478876449830 lifecam22 2238.93457031 5495.92089844 5.77581071854
1478876449963 lifecam22 2238.82983398 5495.95117188 5.77675485611
1478876450029 lifecam22 2238.79614258 5496.06542969 5.77753591537
1478876450086 lifecam22 2238.82983398 5495.95117188 5.77675485611
1478876450164 lifecam22 2238.94848633 5495.90771484 5.77688741684
1478876450230 lifecam22 2238.82983398 5495.95117188 5.77675485611
