1478876506249 lifecam22 3192.12060547 5860.15917969 4.60956382751
1478876506389 lifecam22 3191.79199219 5860.31738281 4.6090798378
1478876506451 lifecam22 3191.8659668 5860.09033203 4.60986375809
1478876506516 lifecam22 3192.24609375 5860.37548828 4.61050844193
1478876506585 lifecam22 3191.99609375 5860.33789062 4.60836172104
1478876506649 lifecam22 3191.6887207 5860.0078125 4.60480642319
1478876506788 lifecam22 3192.31445312 5860.20556641 4.60870504379
1478876506846 lifecam22 3192.359375 5860.62792969 4.61139297485
1478876506913 lifecam22 3192.4453125 5860.43896484 4.61095809937
1478876506986 lifecam22 3192.359375 5860.62792969 4.61139297485
1478876507054 lifecam22 3191.90551758 5860.04248047 4.60673856735
1478876507247 lifecam22 3192.12768555 5860.56201172 4.61052656174
1478876507321 lifecam22 3192.50268555 5860.10498047 4.60562372208
1478876507386 lifecam22 3192.46557617 5860.24609375 4.6040391922
1478876507452 lifecam22 3192.24584961 5859.68408203 4.59751224518
1478876507518 lifecam22 3192.53515625 5859.12988281 4.59423923492
1478876507721 lifecam22 3192.71557617 5859.40185547 4.59559679031
1478876507783 lifecam22 3191.56494141 5859.89648438 4.60501289368
1478876507848 lifecam22 3192.64550781 5859.20117188 4.60134887695
1478876507919 lifecam22 3192.26245117 5859.41162109 4.60276603699
1478876507986 lifecam22 3192.87695312 5859.71435547 4.60657167435
1478876508127 lifecam22 3179.75048828 5863.30322266 4.62789583206
1478876508181 lifecam22 3177.38476562 5863.41113281 4.62936258316
1478876508253 lifecam22 3170.99780273 5865.41748047 4.64441728592
1478876508319 lifecam22 3165.23413086 5865.78320312 4.64751386642
1478876508388 lifecam22 3158.78759766 5865.15722656 4.64374399185
1478876508579 lifecam22 3139.51513672 5866.20458984 4.64600849152
1478876508656 lifecam22 3134.41088867 5867.35205078 4.65644836426
1478876508725 lifecam22 3130.50708008 5868.76660156 4.66841030121
1478876508783 lifecam22 3126.2434082 5872.05273438 4.68778991699
1478876508859 lifecam22 3119.85961914 5871.70947266 4.68865776062
1478876509044 lifecam22 3099.80444336 5873.37841797 4.69709014893
1478876509122 lifecam22 3094.05810547 5874.80517578 4.70838451385
1478876509183 lifecam22 3088.87524414 5875.80175781 4.71901512146
1478876509252 lifecam22 3085.51342773 5877.58447266 4.73962020874
1478876509314 lifecam22 3080.33105469 5877.40283203 4.75375032425
1478876509520 lifecam22 3060.82861328 5877.44921875 4.75671815872
1478876509589 lifecam22 3056.02661133 5877.48193359 4.76524019241
1478876509636 lifecam20 3305.31152344 4814.51367188 4.38382530212
1478876509653 lifecam22 3302.47314453 4815.29589844 4.38907241821
1478876509724 lifecam22 3299.96679688 4814.7578125 4.39378166199
1478876509791 lifecam22 3039.49121094 5878.76806641 4.79085063934
1478876509991 lifecam22 3020.92626953 5877.65429688 4.79870080948
1478876510058 lifecam22 3015.99365234 5876.62451172 4.80589580536
1478876510124 lifecam22 3011.1315918 5877.79443359 4.81885766983
1478876510163 lifecam20 3283.10742188 4815.71972656 4.41613912582
1478876510180 lifecam22 3279.87158203 4814.82324219 4.41277647018
1478876510258 lifecam22 3277.22070312 4815.31054688 4.41772937775
1478876510390 lifecam22 2987.44067383 5876.69677734 4.83337974548
1478876510456 lifecam22 2982.48681641 5877.74365234 4.85464191437
1478876510519 lifecam22 2976.72094727 5876.79736328 4.853764534
1478876510589 lifecam22 2970.98364258 5877.73046875 4.86297225952
1478876510660 lifecam22 2964.29125977 5876.93603516 4.86326599121
1478876510859 lifecam22 2946.88696289 5875.22216797 4.88357591629
1478876510906 lifecam20 3250.69506836 4812.92089844 4.44151973724
1478876510925 lifecam22 3247.82080078 4812.65869141 4.44547224045
1478876510991 lifecam22 3245.26025391 4812.75878906 4.44934511185
1478876511052 lifecam22 3242.21826172 4811.89550781 4.45096969604
1478876511119 lifecam22 2923.80419922 5872.00634766 4.9029045105
1478876511327 lifecam22 2906.66235352 5870.22021484 4.92828941345
1478876511386 lifecam22 2900.86474609 5870.49951172 4.93962812424
1478876511458 lifecam22 2895.35083008 5869.84570312 4.94771671295
1478876511526 lifecam22 2890.27978516 5869.33789062 4.95352554321
1478876511593 lifecam22 2884.42089844 5868.88232422 4.95621919632
1478876511789 lifecam22 2868.05102539 5864.75097656 4.97788000107
1478876511852 lifecam22 2861.93066406 5864.59033203 4.98842382431
1478876511927 lifecam22 2856.8659668 5860.96923828 4.98090982437
1478876511991 lifecam22 2850.67114258 5860.74902344 4.98828029633
1478876512061 lifecam22 2845.40771484 5859.65576172 4.99695396423
1478876512185 lifecam22 2833.69384766 5858.24462891 5.01299333572
1478876512262 lifecam22 2828.9128418 5857.19921875 5.0226650238
1478876512330 lifecam22 2823.84936523 5856.94970703 5.03196048737
1478876512393 lifecam22 2817.99536133 5855.64453125 5.03826141357
1478876512459 lifecam22 2811.97119141 5853.77001953 5.04098272324
1478876512586 lifecam22 2800.77001953 5851.00195312 5.05572938919
1478876512656 lifecam22 2795.07519531 5850.30126953 5.06760263443
1478876512726 lifecam22 2789.56201172 5848.00244141 5.06913709641
1478876512792 lifecam22 2784.22631836 5846.50292969 5.07636451721
1478876512858 lifecam22 2777.56420898 5843.66113281 5.0736451149
1478876512991 lifecam22 2767.47143555 5840.39501953 5.08975601196
1478876513059 lifecam22 2761.77758789 5840.47021484 5.10125494003
1478876513124 lifecam22 2757.26049805 5837.69140625 5.10578489304
1478876513188 lifecam22 2751.23095703 5838.21826172 5.1206612587
1478876513259 lifecam22 2744.9609375 5833.98779297 5.12246608734
1478876513336 lifecam22 2740.83789062 5833.26367188 5.13108682632
1478876513391 lifecam22 2734.00292969 5830.41064453 5.13254356384
1478876513462 lifecam22 2730.01074219 5829.33740234 5.14149951935
1478876513505 lifecam20 3142.31787109 4789.61035156 4.57025909424
1478876513530 lifecam22 3139.15722656 4788.58544922 4.57373952866
1478876513594 lifecam22 3136.75878906 4787.515625 4.57447290421
1478876513790 lifecam22 2702.26220703 5818.74707031 5.17501068115
1478876513869 lifecam22 2696.7956543 5816.64941406 5.17927503586
1478876513927 lifecam22 2690.72363281 5814.29443359 5.18575286865
1478876513994 lifecam22 2686.38061523 5813.29199219 5.1965675354
1478876514063 lifecam22 2680.97558594 5812.49609375 5.21186065674
1478876514198 lifecam22 2669.54370117 5807.33398438 5.21849393845
1478876514266 lifecam22 2664.09838867 5805.22021484 5.22226285934
1478876514332 lifecam22 2659.34130859 5802.13818359 5.23401117325
1478876514397 lifecam22 2654.35131836 5800.79248047 5.24108695984
1478876514464 lifecam22 2648.70654297 5797.65478516 5.24450874329
1478876514594 lifecam22 2637.8203125 5791.97509766 5.25574016571
1478876514668 lifecam22 2632.52929688 5788.640625 5.25816774368
1478876514705 lifecam20 3093.51611328 4769.62988281 4.62881565094
1478876514721 lifecam22 3091.04003906 4768.21923828 4.63179683685
1478876514798 lifecam22 3088.64941406 4767.65234375 4.63919496536
1478876514864 lifecam22 2617.41943359 5782.9765625 5.28910303116
1478876514993 lifecam22 2606.71484375 5776.72509766 5.29517173767
1478876515067 lifecam22 2602.43945312 5773.36962891 5.30295419693
1478876515132 lifecam22 2595.89501953 5770.37646484 5.3045759201
1478876515198 lifecam22 2591.54980469 5766.28759766 5.3112282753
1478876515262 lifecam22 2586.56494141 5765.50537109 5.3260512352
1478876515397 lifecam22 2577.88793945 5759.48535156 5.33672189713
1478876515460 lifecam22 2572.66137695 5755.39794922 5.33531904221
1478876515534 lifecam22 2568.06738281 5753.17626953 5.3473777771
1478876515601 lifecam22 2562.50024414 5750.26074219 5.35304641724
1478876515666 lifecam22 2558.96801758 5747.01513672 5.35898685455
1478876515798 lifecam22 2548.43188477 5740.86132812 5.37528753281
1478876515868 lifecam22 2543.49243164 5738.96972656 5.38850831985
1478876515931 lifecam22 2538.16064453 5735.296875 5.39222335815
1478876516000 lifecam22 2533.84106445 5731.9140625 5.39746761322
1478876516065 lifecam22 2528.765625 5729.67431641 5.40967464447
1478876516200 lifecam22 2519.62109375 5723.30957031 5.42604541779
1478876516267 lifecam22 2514.66064453 5718.17773438 5.42059659958
1478876516333 lifecam22 2510.21606445 5715.60058594 5.4295759201
1478876516400 lifecam22 2506.19628906 5712.60351562 5.44017219543
1478876516468 lifecam22 2501.63891602 5710.14697266 5.44702720642
1478876516603 lifecam22 2491.68041992 5701.48925781 5.45416784286
1478876516661 lifecam22 2486.99267578 5698.10595703 5.46664476395
1478876516737 lifecam22 2483.38989258 5694.56933594 5.46987247467
1478876516799 lifecam22 2477.82226562 5691.58642578 5.48375606537
1478876516873 lifecam22 2474.10595703 5685.88623047 5.47822237015
1478876517003 lifecam22 2465.84814453 5679.8125 5.49714803696
1478876517068 lifecam22 2460.51904297 5676.44628906 5.5079574585
1478876517134 lifecam22 2457.61376953 5671.66162109 5.5068821907
1478876517198 lifecam22 2452.89941406 5670.01660156 5.52932929993
1478876517242 lifecam20 3003.76220703 4709.94970703 4.76417398453
1478876517256 lifecam22 3001.67236328 4707.40136719 4.76287555695
1478876517394 lifecam22 2439.71630859 5656.73583984 5.5362610817
1478876517467 lifecam22 2434.93920898 5654.13183594 5.54603147507
1478876517533 lifecam22 2430.51196289 5649.57275391 5.55012369156
1478876517602 lifecam22 2427.03222656 5647.34765625 5.56753921509
1478876517670 lifecam22 2421.50244141 5643.68994141 5.58089399338
1478876517812 lifecam22 2414.03613281 5635.35400391 5.58674240112
1478876517860 lifecam22 2410.08837891 5630.62939453 5.58904314041
1478876517937 lifecam22 2404.93725586 5626.75195312 5.59985971451
1478876518001 lifecam22 2401.34667969 5625.60449219 5.62151145935
1478876518062 lifecam22 2397.61938477 5619.78417969 5.61460876465
1478876518201 lifecam22 2389.33398438 5611.10986328 5.62921190262
1478876518269 lifecam22 2385.93920898 5606.41357422 5.63438510895
1478876518333 lifecam22 2381.2644043 5602.03271484 5.63795089722
1478876518395 lifecam22 2377.47314453 5597.91796875 5.6412525177
1478876518462 lifecam22 2373.94165039 5594.72460938 5.65752077103
1478876518604 lifecam22 2366.34667969 5584.75341797 5.66662073135
1478876518667 lifecam22 2362.30541992 5579.72021484 5.67019462585
1478876518728 lifecam22 2358.22558594 5575.5078125 5.67570638657
1478876518806 lifecam22 2355.70629883 5572.22363281 5.68904161453
1478876518868 lifecam22 2351.88183594 5567.50732422 5.68991041183
1478876519006 lifecam22 2344.6796875 5558.2578125 5.70678329468
1478876519065 lifecam22 2341.9050293 5552.11132812 5.70307350159
1478876519139 lifecam22 2337.58764648 5548.17431641 5.71345806122
1478876519200 lifecam22 2333.93457031 5543.32470703 5.71882581711
1478876519269 lifecam22 2330.32592773 5539.24902344 5.72569656372
1478876519410 lifecam22 2322.67919922 5531.86767578 5.75101232529
1478876519471 lifecam22 2320.10839844 5525.81787109 5.75225019455
1478876519531 lifecam22 2316.44311523 5520.92919922 5.75705289841
1478876519605 lifecam22 2312.53320312 5517.60253906 5.77360773087
1478876519675 lifecam22 2309.73828125 5513.00488281 5.7807598114
1478876519809 lifecam22 2304.16479492 5502.65966797 5.78455781937
1478876519876 lifecam22 2299.82202148 5498.01220703 5.79391002655
1478876519932 lifecam22 2297.27246094 5493.12207031 5.79976558685
1478876519997 lifecam22 2293.99243164 5488.36523438 5.80767059326
1478876520067 lifecam22 2290.62768555 5483.23925781 5.81134033203
1478876520204 lifecam22 2284.38769531 5473.2109375 5.82094573975
1478876520267 lifecam22 2280.62475586 5468.00292969 5.83108949661
1478876520331 lifecam22 2278.36206055 5464.14550781 5.83902549744
1478876520401 lifecam22 2275.22998047 5458.21728516 5.84418821335
1478876520472 lifecam22 2272.49682617 5454.56689453 5.85628414154
1478876520606 lifecam22 2270.93920898 5443.12304688 5.84102392197
1478876520669 lifecam22 2271.28588867 5445.94824219 5.84340906143
1478876520737 lifecam22 2271.36987305 5444.34082031 5.84258174896
1478876520802 lifecam22 2271.61279297 5445.203125 5.84167909622
1478876520876 lifecam22 2271.27880859 5444.56933594 5.84297323227
1478876521007 lifecam22 2271.20776367 5444.76660156 5.8443107605
1478876521068 lifecam22 2271.53198242 5444.81347656 5.84322929382
1478876521143 lifecam22 2271.38305664 5444.92236328 5.84358930588
1478876521206 lifecam22 2271.47436523 5444.69433594 5.8431968689
1478876521271 lifecam22 2271.45458984 5444.7265625 5.84225797653
1478876521411 lifecam22 2271.35253906 5444.72363281 5.84305906296
