1478875638697 lifecam22 3192.47802734 5861.15234375 4.59567308426
1478875638831 lifecam22 3192.35717773 5860.27148438 4.59535598755
1478875638899 lifecam22 3192.51147461 5860.67285156 4.59766435623
1478875638973 lifecam22 3191.70898438 5860.04931641 4.59365224838
1478875639036 lifecam22 3192.86206055 5860.69921875 4.59690093994
1478875639103 lifecam22 3192.44018555 5859.98193359 4.59397554398
1478875639305 lifecam22 3192.48168945 5859.73632812 4.59317874908
1478875639369 lifecam22 3192.20751953 5860.04199219 4.59422492981
1478875639435 lifecam22 3191.82568359 5861.03710938 4.59751319885
1478875639500 lifecam22 3191.97094727 5860.90966797 4.59403944016
1478875639566 lifecam22 3192.20751953 5860.04199219 4.59422492981
1478875639704 lifecam22 3192.20751953 5860.04199219 4.59422492981
1478875639772 lifecam22 3191.76708984 5859.95898438 4.59424448013
1478875639837 lifecam22 3192.46313477 5859.85302734 4.59283828735
1478875639912 lifecam22 3192.16650391 5859.89404297 4.59282636642
1478875639974 lifecam22 3191.96044922 5860.11962891 4.59461355209
1478875640173 lifecam22 3192.50463867 5859.50488281 4.5872759819
1478875640240 lifecam22 3192.78735352 5858.49755859 4.58096408844
1478875640305 lifecam22 3193.27441406 5859.64306641 4.58533334732
1478875640370 lifecam22 3192.45605469 5860.38671875 4.59376621246
1478875640437 lifecam22 3192.33496094 5860.04003906 4.58917045593
1478875640637 lifecam22 3180.78857422 5858.19091797 4.57458686829
1478875640709 lifecam22 3172.46728516 5859.703125 4.58007192612
1478875640773 lifecam22 3171.42919922 5860.76318359 4.59066534042
1478875640838 lifecam22 3163.94458008 5861.27099609 4.59084653854
1478875640906 lifecam22 3157.94677734 5862.67041016 4.5985956192
1478875641040 lifecam22 3146.42016602 5866.20996094 4.61377811432
1478875641103 lifecam22 3141.49414062 5867.28759766 4.62194299698
1478875641170 lifecam22 3135.71728516 5869.12890625 4.63063430786
1478875641235 lifecam22 3130.19091797 5869.95166016 4.64044475555
1478875641305 lifecam22 3123.58447266 5870.19140625 4.63759374619
1478875641443 lifecam22 3110.90893555 5870.7265625 4.64144849777
1478875641506 lifecam22 3104.3371582 5870.72558594 4.64318656921
1478875641571 lifecam22 3102.63232422 5872.80371094 4.66481733322
1478875641641 lifecam22 3095.46435547 5873.53173828 4.66746616364
1478875641706 lifecam22 3090.5690918 5873.14990234 4.67724227905
1478875641909 lifecam22 3070.97729492 5875.01757812 4.69095516205
1478875641972 lifecam22 3064.89892578 5875.32666016 4.69794034958
1478875642038 lifecam22 3059.97827148 5876.8046875 4.71161651611
1478875642104 lifecam22 3055.88769531 5878.23339844 4.72488689423
1478875642172 lifecam22 3050.60571289 5879.86279297 4.73607492447
1478875642312 lifecam22 3038.10375977 5879.43798828 4.73990631104
1478875642373 lifecam22 3031.31103516 5879.27392578 4.74342346191
1478875642439 lifecam22 3026.57202148 5879.42333984 4.75126504898
1478875642507 lifecam22 3022.47265625 5881.59570312 4.76853942871
1478875642571 lifecam22 3016.62207031 5880.04492188 4.767619133
1478875642711 lifecam22 3004.98706055 5880.9765625 4.77920770645
1478875642776 lifecam22 2998.68994141 5881.171875 4.78128051758
1478875642841 lifecam22 2993.01757812 5881.94482422 4.7901597023
1478875642907 lifecam22 2987.68139648 5881.79248047 4.80158472061
1478875642973 lifecam22 2982.25439453 5882.48144531 4.80688714981
1478875643180 lifecam22 2963.81054688 5881.13183594 4.81799077988
1478875643241 lifecam22 2959.95385742 5882.36279297 4.83939552307
1478875643307 lifecam22 2953.46240234 5880.99609375 4.84054994583
1478875643375 lifecam22 2947.99169922 5881.09814453 4.84131145477
1478875643440 lifecam22 2940.59838867 5879.32714844 4.84381055832
1478875643580 lifecam22 2928.83740234 5878.21875 4.85890817642
1478875643644 lifecam22 2924.01318359 5879.71679688 4.86943101883
1478875643708 lifecam22 2917.94799805 5879.54785156 4.87848138809
1478875643778 lifecam22 2913.04663086 5879.26513672 4.88739204407
1478875643843 lifecam22 2907.03344727 5879.71142578 4.89844036102
1478875644046 lifecam22 2889.3972168 5876.71972656 4.91348695755
1478875644111 lifecam22 2884.61669922 5876.76708984 4.9235124588
1478875644176 lifecam22 2877.61206055 5874.84326172 4.9202671051
1478875644243 lifecam22 2873.00024414 5875.06542969 4.93446063995
1478875644307 lifecam22 2867.8112793 5872.86328125 4.93460893631
1478875644446 lifecam22 2855.51904297 5871.80664062 4.94812631607
1478875644513 lifecam22 2850.58325195 5871.4453125 4.95786428452
1478875644574 lifecam22 2845.0168457 5870.89746094 4.96432971954
1478875644642 lifecam22 2838.79125977 5870.734375 4.97538280487
1478875644713 lifecam22 2833.61791992 5870.015625 4.98170900345
1478875644914 lifecam22 2816.38916016 5866.99121094 5.00053787231
1478875644977 lifecam22 2811.27636719 5864.9296875 5.00602340698
1478875645044 lifecam22 2805.00512695 5863.36914062 5.00846815109
1478875645111 lifecam22 2800.1105957 5861.48193359 5.01063108444
1478875645176 lifecam22 2793.49707031 5859.75244141 5.01180076599
1478875645314 lifecam22 2783.65795898 5857.67724609 5.03012609482
1478875645380 lifecam22 2777.15356445 5855.73339844 5.03405380249
1478875645444 lifecam22 2771.60864258 5856.06982422 5.04708147049
1478875645510 lifecam22 2765.20629883 5853.29101562 5.05217504501
1478875645579 lifecam22 2760.59765625 5852.26855469 5.05805969238
1478875645778 lifecam22 2743.16040039 5847.95263672 5.08093309402
1478875645849 lifecam22 2738.36083984 5846.8984375 5.09078502655
1478875645912 lifecam22 2733.01831055 5845.63623047 5.09530353546
1478875645985 lifecam22 2728.80883789 5844.67871094 5.10835981369
1478875646049 lifecam22 2722.36279297 5842.12304688 5.11011743546
1478875646184 lifecam22 2711.03564453 5837.96142578 5.12044000626
1478875646249 lifecam22 2705.19189453 5835.875 5.12742233276
1478875646313 lifecam22 2699.45019531 5834.47998047 5.13749361038
1478875646377 lifecam22 2693.49365234 5831.54638672 5.13570594788
1478875646445 lifecam22 2688.66357422 5832.02490234 5.15745067596
1478875646649 lifecam22 2673.14672852 5825.75390625 5.16964530945
1478875646718 lifecam22 2667.77807617 5824.14208984 5.18200778961
1478875646782 lifecam22 2662.02661133 5821.09375 5.18172645569
1478875646849 lifecam22 2657.55224609 5819.45898438 5.19586086273
1478875646916 lifecam22 2651.38476562 5816.52929688 5.19599199295
1478875647057 lifecam22 2640.25341797 5811.77490234 5.20804834366
1478875647119 lifecam22 2635.56640625 5809.20800781 5.21795701981
1478875647184 lifecam22 2630.01220703 5806.50488281 5.22067928314
1478875647247 lifecam22 2624.65087891 5805.16601562 5.22972011566
1478875647313 lifecam22 2619.88085938 5801.36376953 5.23196077347
1478875647519 lifecam22 2604.07617188 5793.85498047 5.25143861771
1478875647585 lifecam22 2597.94482422 5790.79150391 5.25918674469
1478875647648 lifecam22 2593.74121094 5789.39550781 5.27095031738
1478875647714 lifecam22 2588.25292969 5786.30957031 5.27570343018
1478875647785 lifecam22 2584.80371094 5784.51367188 5.28390312195
1478875647985 lifecam22 2568.18676758 5775.91992188 5.30190992355
1478875648049 lifecam22 2563.94067383 5773.57470703 5.31286382675
1478875648114 lifecam22 2557.75708008 5771.30273438 5.32141971588
1478875648183 lifecam22 2553.52246094 5767.20019531 5.32343769073
1478875648251 lifecam22 2548.33984375 5764.0234375 5.32859373093
1478875648386 lifecam22 2538.58520508 5759.24951172 5.34788751602
1478875648449 lifecam22 2533.30908203 5756.12109375 5.35096359253
1478875648514 lifecam22 2529.66186523 5753.53417969 5.35992431641
1478875648583 lifecam22 2524.55664062 5750.93945312 5.37036752701
1478875648650 lifecam22 2519.64941406 5746.12451172 5.3640203476
1478875648788 lifecam22 2509.68603516 5740.06933594 5.3790974617
1478875648852 lifecam22 2505.0925293 5736.13232422 5.38413333893
1478875648916 lifecam22 2500.1628418 5734.63916016 5.40102672577
1478875648981 lifecam22 2495.39013672 5730.20263672 5.39826345444
1478875649049 lifecam22 2490.02148438 5727.54052734 5.41444730759
1478875649253 lifecam22 2476.40600586 5715.75439453 5.42499160767
1478875649319 lifecam22 2471.22729492 5714.43212891 5.43564176559
1478875649382 lifecam22 2467.21899414 5710.45166016 5.44577217102
1478875649450 lifecam22 2462.41992188 5707.7578125 5.45258140564
1478875649521 lifecam22 2458.05078125 5703.47949219 5.46311664581
1478875649717 lifecam22 2445.16210938 5692.39550781 5.4795627594
1478875649790 lifecam22 2440.93945312 5687.84228516 5.47732925415
1478875649851 lifecam22 2436.1706543 5685.71972656 5.49201393127
1478875649917 lifecam22 2431.63232422 5680.9140625 5.49571275711
1478875649985 lifecam22 2426.85083008 5678.27880859 5.50843334198
1478875650120 lifecam22 2418.9362793 5670.52587891 5.52106618881
1478875650185 lifecam22 2413.31079102 5668.81103516 5.53901576996
1478875650249 lifecam22 2410.27392578 5662.50634766 5.53191137314
1478875650317 lifecam22 2405.33129883 5660.61474609 5.54985189438
1478875650385 lifecam22 2401.44604492 5656.76220703 5.55106163025
1478875650523 lifecam22 2392.24560547 5649.33789062 5.56604099274
1478875650586 lifecam22 2389.03979492 5643.28125 5.56529283524
1478875650658 lifecam22 2384.27148438 5641.86914062 5.58120107651
1478875650720 lifecam22 2380.28222656 5637.26757812 5.58452796936
1478875650788 lifecam22 2376.10742188 5634.72558594 5.59611749649
1478875650987 lifecam22 2364.10791016 5620.07128906 5.61092948914
1478875651050 lifecam22 2359.5637207 5617.14550781 5.62059307098
1478875651123 lifecam22 2354.99682617 5612.90625 5.62775325775
1478875651190 lifecam22 2352.29077148 5606.89550781 5.62957763672
1478875651253 lifecam22 2348.37060547 5603.08447266 5.63202953339
1478875651388 lifecam22 2340.62084961 5595.36523438 5.65526676178
1478875651453 lifecam22 2337.68041992 5589.03417969 5.64992189407
1478875651516 lifecam22 2332.59375 5584.22363281 5.65479660034
1478875651589 lifecam22 2329.54858398 5581.96044922 5.67228126526
1478875651662 lifecam22 2325.16821289 5577.82470703 5.67970848083
1478875651791 lifecam22 2318.27539062 5568.31591797 5.69031238556
1478875651850 lifecam22 2314.37670898 5563.39648438 5.69346952438
1478875651921 lifecam22 2311.24267578 5560.17578125 5.70763969421
1478875651992 lifecam22 2307.24707031 5554.67871094 5.71250963211
1478875652049 lifecam22 2304.70996094 5550.17578125 5.71648311615
1478875652191 lifecam22 2298.1784668 5539.65185547 5.71901416779
1478875652257 lifecam22 2294.2277832 5536.23583984 5.73604106903
1478875652320 lifecam22 2291.01708984 5531.33154297 5.737844944
1478875652385 lifecam22 2286.79541016 5527.37304688 5.75108909607
1478875652451 lifecam22 2283.88696289 5522.83984375 5.75632476807
1478875652597 lifecam22 2276.78369141 5513.91748047 5.7706656456
1478875652661 lifecam22 2272.90869141 5508.09326172 5.77685403824
1478875652723 lifecam22 2269.96923828 5505.09033203 5.78794384003
1478875652793 lifecam22 2266.69897461 5498.21679688 5.79010772705
1478875652857 lifecam22 2262.61083984 5496.33251953 5.81036567688
1478875652997 lifecam22 2256.99829102 5485.17382812 5.81077766418
1478875653063 lifecam22 2254.96508789 5478.95166016 5.8140835762
1478875653117 lifecam22 2253.31274414 5473.37792969 5.81333780289
1478875653193 lifecam22 2252.57714844 5469.98291016 5.80915355682
1478875653259 lifecam22 2253.97949219 5470.43847656 5.7997174263
1478875653518 lifecam22 2253.90527344 5469.43798828 5.79465675354
1478875653583 lifecam22 2253.90527344 5469.43798828 5.79465675354
1478875653650 lifecam22 2253.9284668 5469.39160156 5.79541921616
1478875653718 lifecam22 2253.9284668 5469.39160156 5.79541921616
1478875653857 lifecam22 2253.9519043 5469.61425781 5.79623413086
1478875653925 lifecam22 2253.72802734 5469.29296875 5.79540586472
1478875653995 lifecam22 2253.9519043 5469.61425781 5.79623413086
1478875654053 lifecam22 2253.90527344 5469.43798828 5.79465675354
1478875654126 lifecam22 2253.96264648 5469.50683594 5.79566431046
