1478876789560 lifecam22 3192.67041016 5857.54150391 4.5962934494
1478876789623 lifecam22 3192.93969727 5857.59472656 4.59861135483
1478876789697 lifecam22 3192.67041016 5857.54150391 4.5962934494
1478876789763 lifecam22 3192.67041016 5857.54150391 4.5962934494
1478876789817 lifecam22 3192.67041016 5857.54150391 4.5962934494
1478876789954 lifecam22 3193.08642578 5858.11621094 4.60196256638
1478876790025 lifecam22 3192.67041016 5857.54150391 4.5962934494
1478876790091 lifecam22 3192.93969727 5857.59472656 4.59861135483
1478876790157 lifecam22 3192.93261719 5857.62011719 4.59848737717
1478876790225 lifecam22 3192.93969727 5857.59472656 4.59861135483
1478876790356 lifecam22 3192.67041016 5857.54150391 4.5962934494
1478876790423 lifecam22 3192.67041016 5857.54150391 4.5962934494
1478876790487 lifecam22 3192.67041016 5857.54150391 4.5962934494
1478876790557 lifecam22 3192.93261719 5857.62011719 4.59848737717
1478876790618 lifecam22 3193.45947266 5857.74121094 4.60172891617
1478876790762 lifecam22 3192.64282227 5857.78222656 4.59586620331
1478876790826 lifecam22 3194.98046875 5858.41650391 4.60070991516
1478876790897 lifecam22 3196.52294922 5858.84423828 4.60601568222
1478876790957 lifecam22 3194.03833008 5858.71386719 4.60118579865
1478876791028 lifecam22 3193.86083984 5857.55419922 4.59795999527
1478876791158 lifecam22 3193.52416992 5857.20117188 4.59412479401
1478876791227 lifecam22 3186.50146484 5858.17626953 4.59570217133
1478876791294 lifecam22 3178.69995117 5859.046875 4.60561418533
1478876791352 lifecam22 3175.56494141 5860.62597656 4.61264133453
1478876791419 lifecam22 3168.34472656 5861.10449219 4.61680698395
1478876791561 lifecam22 3157.75927734 5863.80810547 4.63514375687
1478876791626 lifecam22 3151.45947266 5864.22460938 4.63973855972
1478876791699 lifecam22 3145.17724609 5865.22070312 4.64227294922
1478876791765 lifecam22 3139.40283203 5865.70263672 4.6465678215
1478876791831 lifecam22 3135.53271484 5867.63525391 4.65978431702
1478876791960 lifecam22 3124.86669922 5869.75830078 4.6766166687
1478876792025 lifecam22 3119.11547852 5870.15625 4.68206310272
1478876792088 lifecam22 3112.81567383 5871.67236328 4.68827009201
1478876792161 lifecam22 3105.96435547 5872.078125 4.68959093094
1478876792226 lifecam22 3099.17871094 5872.28173828 4.69149875641
1478876792431 lifecam22 3084.17919922 5874.97021484 4.72486114502
1478876792494 lifecam22 3078.37231445 5875.8671875 4.73497629166
1478876792562 lifecam22 3073.05786133 5876.82763672 4.74289703369
1478876792628 lifecam22 3067.70532227 5877.94677734 4.76044750214
1478876792826 lifecam22 3049.75537109 5875.69140625 4.75795125961
1478876792895 lifecam22 3043.48022461 5876.51953125 4.76981210709
1478876792961 lifecam22 3038.13305664 5873.78613281 4.76040410995
1478876793029 lifecam22 3031.74487305 5875.10693359 4.769967556
1478876793097 lifecam22 3026.62768555 5875.2578125 4.77698278427
1478876793167 lifecam22 3020.72973633 5876.46484375 4.78612470627
1478876793233 lifecam22 3015.32299805 5876.89794922 4.79896640778
1478876793297 lifecam22 3011.58081055 5878.70751953 4.81802606583
1478876793363 lifecam22 3004.40869141 5877.30712891 4.81664800644
1478876793426 lifecam22 2999.26293945 5878.32080078 4.82462692261
1478876793570 lifecam22 2987.41503906 5877.61914062 4.83660554886
1478876793626 lifecam22 2982.07568359 5877.55566406 4.84204816818
1478876793695 lifecam22 2976.12182617 5876.24853516 4.84671020508
1478876793765 lifecam22 2970.36743164 5876.18310547 4.84884595871
1478876793831 lifecam22 2964.37719727 5875.88427734 4.85630989075
1478876793969 lifecam22 2952.98754883 5876.07519531 4.87456512451
1478876794028 lifecam22 2947.640625 5876.16894531 4.8846821785
1478876794099 lifecam22 2941.41088867 5875.79931641 4.88682413101
1478876794165 lifecam22 2935.58398438 5875.34716797 4.89399862289
1478876794230 lifecam22 2930.43164062 5875.36132812 4.90501022339
1478876794369 lifecam22 2917.18945312 5872.89892578 4.90647983551
1478876794432 lifecam22 2911.3684082 5870.73828125 4.91030073166
1478876794494 lifecam22 2906.23657227 5871.83935547 4.92463493347
1478876794561 lifecam22 2900.32519531 5868.74169922 4.91963338852
1478876794629 lifecam22 2895.57714844 5869.97070312 4.93424510956
1478876794826 lifecam22 2877.89135742 5866.09765625 4.95115041733
1478876794893 lifecam22 2872.28100586 5865.640625 4.9603638649
1478876794965 lifecam22 2866.77319336 5865.703125 4.96853733063
1478876795031 lifecam22 2862.30151367 5863.92626953 4.97200870514
1478876795092 lifecam22 2856.04296875 5864.12988281 4.98252248764
1478876795228 lifecam22 2845.4831543 5862.87744141 5.0012011528
1478876795301 lifecam22 2838.81787109 5860.66650391 5.00420236588
1478876795365 lifecam22 2833.46020508 5859.59521484 5.00899410248
1478876795434 lifecam22 2827.453125 5858.07568359 5.01487064362
1478876795500 lifecam22 2822.68505859 5857.53369141 5.02605581284
1478876795627 lifecam22 2812.02246094 5854.89941406 5.03595733643
1478876795707 lifecam22 2806.48364258 5854.46923828 5.04415941238
1478876795765 lifecam22 2799.6237793 5852.24365234 5.0510969162
1478876795837 lifecam22 2794.51733398 5851.60205078 5.06000900269
1478876795905 lifecam22 2788.85546875 5850.01220703 5.06824684143
1478876796031 lifecam22 2778.31860352 5846.96533203 5.07952165604
1478876796102 lifecam22 2772.17089844 5844.4609375 5.08118438721
1478876796169 lifecam22 2766.68579102 5844.04833984 5.09317159653
1478876796231 lifecam22 2761.09082031 5840.56835938 5.09200668335
1478876796298 lifecam22 2755.76806641 5839.16992188 5.0982003212
1478876796432 lifecam22 2744.90771484 5835.92480469 5.1103978157
1478876796503 lifecam22 2738.83666992 5832.52050781 5.1123585701
1478876796555 lifecam22 2734.3046875 5832.49365234 5.12500238419
1478876796628 lifecam22 2729.07861328 5831.66503906 5.13710737228
1478876796695 lifecam22 2722.72241211 5829.07763672 5.13795757294
1478876796828 lifecam22 2711.6015625 5826.17724609 5.15701389313
1478876796897 lifecam22 2706.34765625 5822.79296875 5.15934801102
1478876796966 lifecam22 2701.20043945 5822.37207031 5.1712346077
1478876797029 lifecam22 2695.3269043 5819.56933594 5.1731543541
1478876797099 lifecam22 2689.93847656 5817.34570312 5.17944908142
1478876797234 lifecam22 2680.0690918 5813.47021484 5.19771051407
1478876797296 lifecam22 2673.81835938 5810.91894531 5.20198583603
1478876797367 lifecam22 2669.11499023 5807.99511719 5.20319986343
1478876797431 lifecam22 2663.00244141 5805.57080078 5.21018648148
1478876797497 lifecam22 2659.09082031 5804.625 5.22551012039
1478876797628 lifecam22 2646.77978516 5799.8984375 5.23764944077
1478876797697 lifecam22 2641.93945312 5797.86474609 5.24621582031
1478876797773 lifecam22 2636.26782227 5795.44824219 5.25070285797
1478876797837 lifecam22 2632.23999023 5793.57080078 5.26523256302
1478876797907 lifecam22 2625.92016602 5790.23779297 5.26297569275
1478876798044 lifecam22 2616.52075195 5784.9296875 5.2778801918
1478876798096 lifecam22 2610.92236328 5781.13769531 5.28104972839
1478876798165 lifecam22 2607.31591797 5779.06835938 5.28891944885
1478876798228 lifecam22 2601.04467773 5775.53613281 5.29418945312
1478876798294 lifecam22 2597.15942383 5773.05712891 5.29998636246
1478876798505 lifecam22 2580.91992188 5764.63330078 5.3168759346
1478876798571 lifecam22 2576.04833984 5760.93359375 5.3242354393
1478876798634 lifecam22 2571.50561523 5758.80566406 5.33369159698
1478876798698 lifecam22 2566.93408203 5755.63720703 5.34010839462
1478876798776 lifecam22 2561.06176758 5752.44873047 5.34580755234
1478876798969 lifecam22 2546.40722656 5744.57958984 5.37455129623
1478876799034 lifecam22 2542.54345703 5741.78027344 5.37606668472
1478876799105 lifecam22 2537.34741211 5738.08398438 5.38274908066
1478876799162 lifecam22 2533.55004883 5735.22167969 5.39211845398
1478876799234 lifecam22 2527.55419922 5732.31347656 5.40009260178
1478876799437 lifecam22 2513.15576172 5722.38818359 5.42354297638
1478876799503 lifecam22 2508.80371094 5718.65380859 5.42506074905
1478876799571 lifecam22 2504.36621094 5715.19042969 5.43131065369
1478876799639 lifecam22 2499.03198242 5711.75146484 5.43931055069
1478876799703 lifecam22 2495.26782227 5708.44042969 5.44272756577
1478876799845 lifecam22 2486.23779297 5702.52636719 5.462495327
1478876799905 lifecam22 2481.1184082 5698.34765625 5.46833229065
1478876799971 lifecam22 2477.66503906 5695.44824219 5.47576522827
1478876800039 lifecam22 2472.90917969 5690.31787109 5.47200489044
1478876800101 lifecam22 2468.09765625 5688.66015625 5.49304819107
1478876800302 lifecam22 2454.21337891 5676.390625 5.50723457336
1478876800369 lifecam22 2451.03955078 5673.16357422 5.5190615654
1478876800439 lifecam22 2446.60742188 5669.77001953 5.52788734436
1478876800502 lifecam22 2441.96508789 5664.63232422 5.52528858185
1478876800575 lifecam22 2437.12915039 5662.06835938 5.54063034058
1478876800778 lifecam22 2424.98388672 5650.609375 5.56199836731
1478876800845 lifecam22 2420.94677734 5646.98095703 5.56554746628
1478876800904 lifecam22 2416.82202148 5642.1171875 5.56671333313
1478876800975 lifecam22 2412.03930664 5638.85058594 5.58189105988
1478876801040 lifecam22 2408.47924805 5633.97265625 5.5783033371
1478876801166 lifecam22 2399.48681641 5625.87109375 5.60018157959
1478876801243 lifecam22 2396.15893555 5622.40527344 5.60621070862
1478876801309 lifecam22 2391.21411133 5619.02636719 5.61489486694
1478876801440 lifecam22 2383.4296875 5610.84716797 5.63169908524
1478876801506 lifecam22 2379.89160156 5606.50683594 5.63493204117
1478876801575 lifecam22 2375.68359375 5602.390625 5.64199209213
1478876801643 lifecam22 2372.00366211 5599.18896484 5.65460062027
1478876801710 lifecam22 2369.37548828 5593.41210938 5.65134239197
1478876801769 lifecam22 2364.44555664 5588.91748047 5.65702009201
1478876801845 lifecam22 2361.08666992 5584.71582031 5.66650867462
1478876802046 lifecam22 2349.61035156 5571.45703125 5.68637657166
1478876802111 lifecam22 2345.8581543 5566.84179688 5.69451570511
1478876802175 lifecam22 2342.61328125 5562.98242188 5.70076751709
1478876802235 lifecam22 2338.28833008 5556.32421875 5.70198011398
1478876802309 lifecam22 2335.03735352 5553.55615234 5.71278953552
1478876802515 lifecam22 2324.37084961 5539.50585938 5.73106193542
1478876802579 lifecam22 2321.39697266 5533.43994141 5.7317609787
1478876802645 lifecam22 2317.47143555 5529.59472656 5.74223041534
1478876802703 lifecam22 2314.56201172 5524.87353516 5.7519698143
1478876802780 lifecam22 2310.75976562 5520.9296875 5.75874233246
1478876802914 lifecam22 2303.38769531 5512.54443359 5.77855110168
1478876802978 lifecam22 2300.68212891 5507.50341797 5.78118610382
1478876803045 lifecam22 2297.80834961 5502.99951172 5.788210392
1478876803111 lifecam22 2294.65112305 5497.24804688 5.79267311096
1478876803178 lifecam22 2291.74023438 5491.54541016 5.79750776291
1478876803376 lifecam22 2282.95214844 5477.06738281 5.8143491745
1478876803446 lifecam22 2280.00219727 5471.88134766 5.81881523132
1478876803512 lifecam22 2276.79638672 5467.74462891 5.82819128036
1478876803573 lifecam22 2273.62915039 5462.61376953 5.83476781845
1478876803647 lifecam22 2270.10986328 5458.21728516 5.84881925583
1478876803788 lifecam22 2269.50585938 5448.38134766 5.83176517487
1478876803845 lifecam22 2268.81176758 5451.02685547 5.83383274078
1478876803906 lifecam22 2269.30273438 5449.63671875 5.83389854431
1478876803973 lifecam22 2268.66992188 5450.66748047 5.83729124069
1478876804041 lifecam22 2268.57958984 5450.20605469 5.83591222763
1478876804240 lifecam22 2268.65405273 5450.60009766 5.83834552765
1478876804308 lifecam22 2268.87329102 5449.96435547 5.83379173279
1478876804380 lifecam22 2269.00415039 5449.90185547 5.83497095108
1478876804448 lifecam22 2268.92016602 5450.78662109 5.83689403534
