1478876042461 lifecam22 3192.703125 5859.62011719 4.61070966721
1478876042527 lifecam22 3192.93676758 5859.67675781 4.61147451401
1478876042589 lifecam22 3193.05810547 5859.75927734 4.61247301102
1478876042659 lifecam22 3193.0925293 5859.55224609 4.61170053482
1478876042723 lifecam22 3192.81152344 5859.5625 4.6116938591
1478876042934 lifecam22 3192.68188477 5859.88085938 4.61302423477
1478876042994 lifecam22 3192.35473633 5859.78417969 4.61186790466
1478876043055 lifecam22 3192.37548828 5859.69824219 4.61090183258
1478876043130 lifecam22 3192.86621094 5860.08154297 4.61247301102
1478876043192 lifecam22 3192.56518555 5859.75634766 4.61011981964
1478876043394 lifecam22 3192.77319336 5859.77050781 4.60933017731
1478876043460 lifecam22 3193.19726562 5859.84326172 4.61298942566
1478876043523 lifecam22 3194.26586914 5858.50683594 4.60080718994
1478876043592 lifecam22 3195.32373047 5859.39160156 4.60156011581
1478876043674 lifecam22 3193.56567383 5858.36914062 4.59606838226
1478876043798 lifecam22 3198.62426758 5859.68554688 4.61380815506
1478876043865 lifecam22 3198.68408203 5859.05615234 4.60542869568
1478876043925 lifecam22 3198.10253906 5859.60449219 4.61601448059
1478876043997 lifecam22 3195.05957031 5858.86474609 4.60379886627
1478876044065 lifecam22 3196.60791016 5858.77685547 4.6055021286
1478876044200 lifecam22 3182.92822266 5861.18603516 4.61552667618
1478876044265 lifecam22 3178.78125 5862.64501953 4.62847232819
1478876044324 lifecam22 3174.11645508 5862.40283203 4.62866020203
1478876044388 lifecam22 3165.49682617 5863.78515625 4.63323020935
1478876044459 lifecam22 3161.66601562 5865.09277344 4.64542293549
1478876044661 lifecam22 3145.93139648 5868.28857422 4.66955709457
1478876044727 lifecam22 3139.04785156 5868.10400391 4.67058324814
1478876044794 lifecam22 3132.25146484 5869.10107422 4.67338466644
1478876044866 lifecam22 3125.35571289 5868.64160156 4.67431735992
1478876044926 lifecam22 3118.87646484 5869.66943359 4.67649459839
1478876045066 lifecam22 3112.49707031 5872.78222656 4.70969390869
1478876045138 lifecam22 3105.87036133 5873.29150391 4.71320819855
1478876045195 lifecam22 3099.90258789 5872.55126953 4.71449613571
1478876045259 lifecam22 3092.59375 5873.67236328 4.71569490433
1478876045331 lifecam22 3088.33251953 5873.17285156 4.72841358185
1478876045467 lifecam22 3075.72680664 5873.86035156 4.73384904861
1478876045538 lifecam22 3071.30834961 5876.14453125 4.75127363205
1478876045596 lifecam22 3065.2746582 5876.01318359 4.75592565536
1478876045670 lifecam22 3060.17407227 5877.95849609 4.76852750778
1478876045725 lifecam22 3054.23071289 5877.80712891 4.77390384674
1478876045870 lifecam22 3041.5925293 5876.99462891 4.7813205719
1478876045925 lifecam22 3036.98413086 5877.12451172 4.79217863083
1478876046008 lifecam22 3030.95239258 5876.63964844 4.79107618332
1478876046064 lifecam22 3025.44799805 5877.85009766 4.79765796661
1478876046132 lifecam22 3019.0168457 5876.33886719 4.80347251892
1478876046325 lifecam22 3002.22509766 5877.7578125 4.82924175262
1478876046393 lifecam22 2996.65527344 5876.40820312 4.82787942886
1478876046463 lifecam22 2989.73046875 5875.62646484 4.82821989059
1478876046526 lifecam22 2984.91259766 5875.47802734 4.84201097488
1478876046675 lifecam22 2973.32617188 5874.66650391 4.85031080246
1478876046729 lifecam22 2968.22949219 5875.21484375 4.85891389847
1478876046800 lifecam22 2962.16162109 5873.83642578 4.86899995804
1478876046870 lifecam22 2957.01489258 5874.06152344 4.87523317337
1478876046939 lifecam22 2951.02783203 5873.17285156 4.88172006607
1478876047077 lifecam22 2938.38256836 5872.44873047 4.89717149734
1478876047134 lifecam22 2933.87939453 5872.73779297 4.905397892
1478876047202 lifecam22 2928.10839844 5873.00927734 4.91626405716
1478876047262 lifecam22 2922.65869141 5871.70849609 4.9211602211
1478876047333 lifecam22 2916.40722656 5871.11279297 4.92620992661
1478876047467 lifecam22 2904.92993164 5870.20751953 4.94504165649
1478876047536 lifecam22 2899.28271484 5869.484375 4.95341682434
1478876047604 lifecam22 2893.60473633 5867.93945312 4.95252561569
1478876047672 lifecam22 2888.26245117 5867.38330078 4.96286582947
1478876047735 lifecam22 2883.05151367 5866.82714844 4.97092485428
1478876047871 lifecam22 2870.4206543 5863.92041016 4.97763252258
1478876047934 lifecam22 2865.87768555 5863.36669922 4.98408508301
1478876048005 lifecam22 2859.81225586 5863.17578125 4.99689865112
1478876048069 lifecam22 2853.98413086 5861.95703125 4.99993419647
1478876048130 lifecam22 2848.33789062 5860.30175781 5.00364589691
1478876048268 lifecam22 2838.27929688 5858.31982422 5.02027320862
1478876048333 lifecam22 2832.5324707 5857.19824219 5.02727413177
1478876048402 lifecam22 2825.95874023 5855.3203125 5.0314822197
1478876048466 lifecam22 2821.17041016 5853.34277344 5.03338241577
1478876048530 lifecam22 2814.87426758 5852.29541016 5.03937482834
1478876048669 lifecam22 2804.56689453 5849.32470703 5.05029010773
1478876048732 lifecam22 2798.82983398 5846.84619141 5.05793428421
1478876048799 lifecam22 2793.14135742 5846.70214844 5.06872034073
1478876048866 lifecam22 2786.90795898 5845.41552734 5.07822561264
1478876048934 lifecam22 2781.66943359 5843.92333984 5.08086824417
1478876049001 lifecam22 2776.31054688 5842.39648438 5.09258556366
1478876049067 lifecam22 2770.97290039 5841.63085938 5.09988164902
1478876049135 lifecam22 2765.44311523 5838.57666016 5.09953117371
1478876049201 lifecam22 2760.26660156 5839.02880859 5.11902713776
1478876049267 lifecam22 2754.72412109 5836.51904297 5.12241792679
1478876049469 lifecam22 2738.33056641 5828.65429688 5.12931442261
1478876049536 lifecam22 2732.58398438 5827.44824219 5.13990449905
1478876049603 lifecam22 2728.08764648 5826.30224609 5.14859676361
1478876049667 lifecam22 2722.82543945 5826.02197266 5.16448020935
1478876049738 lifecam22 2716.25073242 5823.58349609 5.1672372818
1478876049938 lifecam22 2700.42163086 5818.23291016 5.19133329391
1478876050002 lifecam22 2694.86865234 5816.15185547 5.19570398331
1478876050066 lifecam22 2689.51831055 5812.60595703 5.1979393959
1478876050134 lifecam22 2683.58764648 5810.93994141 5.20365715027
1478876050202 lifecam22 2679.15136719 5806.41796875 5.20211172104
1478876050403 lifecam22 2662.91235352 5800.171875 5.22803354263
1478876050472 lifecam22 2657.78808594 5797.6171875 5.23301744461
1478876050540 lifecam22 2652.61108398 5795.23974609 5.23830461502
1478876050602 lifecam22 2646.51074219 5793.33837891 5.25104951859
1478876050674 lifecam22 2642.23144531 5791.86181641 5.26345682144
1478876050877 lifecam22 2626.72460938 5783.99804688 5.28408956528
1478876050942 lifecam22 2621.87255859 5781.17626953 5.29100847244
1478876051011 lifecam22 2616.86938477 5779.14404297 5.29754924774
1478876051079 lifecam22 2611.07421875 5775.49414062 5.30309009552
1478876051143 lifecam22 2606.83496094 5773.41162109 5.30724906921
1478876051340 lifecam22 2591.0168457 5764.06103516 5.3304400444
1478876051402 lifecam22 2586.47924805 5761.35742188 5.33673048019
1478876051470 lifecam22 2581.08666992 5758.77587891 5.34201431274
1478876051547 lifecam22 2576.44873047 5756.29931641 5.35360956192
1478876051602 lifecam22 2571.97485352 5754.05322266 5.36042690277
1478876051810 lifecam22 2556.94213867 5744.015625 5.37896585464
1478876051881 lifecam22 2552.83691406 5740.06103516 5.38022470474
1478876051941 lifecam22 2547.50805664 5735.73583984 5.37823438644
1478876052007 lifecam22 2543.55371094 5733.65136719 5.39132499695
1478876052076 lifecam22 2538.26855469 5730.08300781 5.39695549011
1478876052278 lifecam22 2523.52685547 5719.88085938 5.41843271255
1478876052338 lifecam22 2519.19946289 5717.83007812 5.43240785599
1478876052410 lifecam22 2514.61401367 5713.515625 5.43123292923
1478876052473 lifecam22 2509.47583008 5710.47998047 5.44157600403
1478876052537 lifecam22 2505.46069336 5707.890625 5.45171976089
1478876052739 lifecam22 2491.49975586 5695.64355469 5.47078752518
1478876052815 lifecam22 2486.83178711 5692.83691406 5.47481107712
1478876052878 lifecam22 2483.92211914 5688.90722656 5.48204898834
1478876052938 lifecam22 2478.83691406 5685.99121094 5.48995637894
1478876053020 lifecam22 2474.6394043 5681.75244141 5.49644136429
1478876053217 lifecam22 2461.26953125 5673.13818359 5.53447675705
1478876053277 lifecam22 2456.1315918 5669.46142578 5.53968095779
1478876053341 lifecam22 2452.54663086 5664.86376953 5.54168558121
1478876053405 lifecam22 2447.9934082 5661.16357422 5.54617357254
1478876053474 lifecam22 2443.1862793 5657.41894531 5.55696678162
1478876053685 lifecam22 2431.29638672 5646.84863281 5.58001565933
1478876053742 lifecam22 2427.24902344 5641.66503906 5.57831907272
1478876053813 lifecam22 2422.63916016 5637.47363281 5.58337163925
1478876053881 lifecam22 2419.24169922 5633.68261719 5.59066295624
1478876053944 lifecam22 2415.71362305 5628.70605469 5.59024477005
1478876054076 lifecam22 2406.91064453 5619.46240234 5.60318517685
1478876054142 lifecam22 2402.80688477 5617.56738281 5.61723470688
1478876054207 lifecam22 2398.05004883 5611.60644531 5.61949872971
1478876054273 lifecam22 2395.11914062 5607.89453125 5.62692975998
1478876054344 lifecam22 2391.08886719 5602.89501953 5.62950754166
1478876054485 lifecam22 2382.60620117 5595.76269531 5.65482282639
1478876054542 lifecam22 2378.52075195 5591.39208984 5.65880298615
1478876054614 lifecam22 2374.8046875 5586.82617188 5.6639790535
1478876054681 lifecam22 2371.94018555 5582.93652344 5.67180299759
1478876054742 lifecam22 2367.52050781 5579.38476562 5.68164253235
1478876054883 lifecam22 2360.05664062 5568.71240234 5.68771743774
1478876054949 lifecam22 2356.59863281 5564.859375 5.69759321213
1478876055011 lifecam22 2352.72900391 5560.56884766 5.70429229736
1478876055078 lifecam22 2349.05493164 5556.04589844 5.71417236328
1478876055141 lifecam22 2345.91503906 5551.49365234 5.71751070023
1478876055277 lifecam22 2339.25634766 5541.95068359 5.72842359543
1478876055342 lifecam22 2335.39257812 5538.0546875 5.73875284195
1478876055412 lifecam22 2332.15209961 5533.77978516 5.74891805649
1478876055480 lifecam22 2329.49487305 5528.58447266 5.74817609787
1478876055544 lifecam22 2325.41235352 5523.3671875 5.75404453278
1478876055681 lifecam22 2319.83520508 5513.82470703 5.76466369629
1478876055745 lifecam22 2315.34643555 5509.49267578 5.77835130692
1478876055813 lifecam22 2311.81323242 5505.65380859 5.7885222435
1478876055878 lifecam22 2309.08544922 5499.4140625 5.78494215012
1478876055955 lifecam22 2305.10473633 5495.93017578 5.80171775818
1478876056079 lifecam22 2298.99511719 5485.83154297 5.80985069275
1478876056154 lifecam22 2296.46484375 5479.45410156 5.81234502792
1478876056216 lifecam22 2292.53125 5476.10058594 5.82512331009
1478876056279 lifecam22 2290.77856445 5469.84082031 5.82536840439
1478876056344 lifecam22 2287.13671875 5466.31591797 5.83628892899
1478876056486 lifecam22 2282.14331055 5456.12060547 5.85037136078
1478876056553 lifecam22 2279.14038086 5450.14257812 5.85325288773
1478876056615 lifecam22 2276.66333008 5444.515625 5.85470819473
1478876056678 lifecam22 2274.74389648 5439.67480469 5.85613250732
1478876056744 lifecam22 2275.56030273 5440.83105469 5.85380554199
1478876056883 lifecam22 2275.50927734 5440.11767578 5.85130405426
1478876056951 lifecam22 2275.54052734 5439.98632812 5.84917354584
1478876057018 lifecam22 2275.69580078 5440.47070312 5.85249948502
1478876057081 lifecam22 2275.50927734 5440.11767578 5.85130405426
1478876057145 lifecam22 2275.8293457 5440.54248047 5.85157251358
1478876057350 lifecam22 2275.81762695 5440.62939453 5.85333776474
1478876057415 lifecam22 2275.75610352 5439.9765625 5.84872055054
1478876057482 lifecam22 2275.54614258 5440.80566406 5.85497570038
1478876057545 lifecam22 2275.62329102 5440.07910156 5.85021877289
1478876057614 lifecam22 2275.76171875 5440.00341797 5.85008096695
1478876057747 lifecam22 2275.62329102 5440.07910156 5.85021877289
1478876057818 lifecam22 2275.62329102 5440.07910156 5.85021877289
