1478876577355 lifecam22 3189.70068359 5857.00244141 4.58919620514
1478876577427 lifecam22 3190.35620117 5857.45117188 4.59461736679
1478876577486 lifecam22 3189.66308594 5857.10400391 4.58878660202
1478876577562 lifecam22 3190.35986328 5856.9609375 4.59148693085
1478876577694 lifecam22 3190.53417969 5856.97021484 4.590528965
1478876577755 lifecam22 3191.09179688 5857.13916016 4.59280252457
1478876577824 lifecam22 3190.20043945 5857.07958984 4.59106445312
1478876577890 lifecam22 3189.84936523 5856.75390625 4.58715200424
1478876577954 lifecam22 3190.43652344 5857.14746094 4.59199619293
1478876578160 lifecam22 3190.72705078 5856.86035156 4.59105300903
1478876578223 lifecam22 3190.64135742 5856.79394531 4.59036493301
1478876578289 lifecam22 3190.29272461 5856.78417969 4.58980321884
1478876578363 lifecam22 3190.71899414 5856.98193359 4.590883255
1478876578429 lifecam22 3190.5234375 5857.32568359 4.59371566772
1478876578622 lifecam22 3190.97094727 5857.04443359 4.59178638458
1478876578696 lifecam22 3190.93115234 5856.89160156 4.59035730362
1478876578755 lifecam22 3191.40405273 5856.88720703 4.58817052841
1478876578831 lifecam22 3192.27954102 5857.53710938 4.58926200867
1478876578891 lifecam22 3191.75 5857.23730469 4.59097290039
1478876579102 lifecam22 3190.93115234 5856.89160156 4.59035730362
1478876579165 lifecam22 3182.78344727 5855.83105469 4.58118677139
1478876579226 lifecam22 3173.29199219 5856.71923828 4.58447599411
1478876579291 lifecam22 3171.18261719 5857.43457031 4.59094905853
1478876579358 lifecam22 3163.5456543 5859.11376953 4.59413814545
1478876579561 lifecam22 3146.50048828 5862.70751953 4.61339139938
1478876579631 lifecam22 3141.02294922 5863.75146484 4.62220001221
1478876579693 lifecam22 3135.13037109 5864.90527344 4.62750291824
1478876579770 lifecam22 3129.74584961 5866.07861328 4.63572311401
1478876579830 lifecam22 3123.05322266 5866.07226562 4.63222742081
1478876580027 lifecam22 3105.47680664 5867.02539062 4.64406394958
1478876580101 lifecam22 3102.30664062 5870.58935547 4.66476774216
1478876580164 lifecam22 3095.99194336 5870.87109375 4.67265367508
1478876580231 lifecam22 3091.72167969 5873.59472656 4.68743419647
1478876580300 lifecam22 3084.37255859 5872.71777344 4.68910598755
1478876580435 lifecam22 3071.24194336 5872.99560547 4.69206523895
1478876580499 lifecam22 3066.56445312 5875.33837891 4.70843219757
1478876580564 lifecam22 3059.75683594 5874.89697266 4.70800876617
1478876580634 lifecam22 3057.33740234 5877.63330078 4.73236560822
1478876580707 lifecam22 3051.22558594 5877.79833984 4.73396873474
1478876580900 lifecam22 3033.28295898 5877.08056641 4.75242805481
1478876580967 lifecam22 3027.64086914 5878.88867188 4.75769615173
1478876581032 lifecam22 3022.62988281 5878.13037109 4.76240921021
1478876581099 lifecam22 3016.89794922 5879.85058594 4.77488803864
1478876581160 lifecam22 3010.97192383 5879.21240234 4.77261304855
1478876581364 lifecam22 2992.83276367 5878.75097656 4.79005002975
1478876581434 lifecam22 2987.29174805 5880.31445312 4.80167865753
1478876581501 lifecam22 2982.5390625 5880.02783203 4.8081111908
1478876581567 lifecam22 2976.59716797 5880.15332031 4.81125020981
1478876581635 lifecam22 2970.34814453 5879.59472656 4.81458997726
1478876581763 lifecam22 2960.18383789 5880.01904297 4.83556556702
1478876581833 lifecam22 2953.68017578 5880.26171875 4.84019756317
1478876581894 lifecam22 2947.78613281 5879.97900391 4.84435558319
1478876581968 lifecam22 2940.6328125 5879.08642578 4.84796094894
1478876582033 lifecam22 2935.02416992 5878.56542969 4.85804033279
1478876582241 lifecam22 2917.10131836 5875.91064453 4.86452102661
1478876582300 lifecam22 2912.71191406 5876.81054688 4.87911939621
1478876582369 lifecam22 2906.57885742 5875.86962891 4.88471698761
1478876582435 lifecam22 2901.58911133 5875.07910156 4.88896751404
1478876582481 lifecam20 3228.10717773 4812.48095703 4.44399309158
1478876582503 lifecam22 3224.18017578 4812.09179688 4.44550561905
1478876582768 lifecam22 2872.59350586 5873.11621094 4.92547559738
1478876582839 lifecam22 2867.30078125 5871.76171875 4.93169546127
1478876582897 lifecam22 2861.86035156 5871.79882812 4.9380865097
1478876582970 lifecam22 2855.96118164 5869.8125 4.94425392151
1478876583035 lifecam22 2850.5546875 5870.18652344 4.95345592499
1478876583232 lifecam22 2833.16235352 5866.96630859 4.97149801254
1478876583306 lifecam22 2828.11962891 5867.05224609 4.98213434219
1478876583372 lifecam22 2822.34228516 5865.3828125 4.98136520386
1478876583436 lifecam22 2817.21557617 5863.87695312 4.98932600021
1478876583496 lifecam22 2811.15869141 5863.47753906 4.99492502213
1478876583641 lifecam22 2799.74731445 5861.80664062 5.01430559158
1478876583706 lifecam22 2793.2434082 5860.37402344 5.01515769958
1478876583776 lifecam22 2787.7878418 5859.01318359 5.02021169662
1478876583832 lifecam22 2783.46484375 5857.59912109 5.02957582474
1478876583904 lifecam22 2777.04711914 5855.67333984 5.03557348251
1478876584105 lifecam22 2760.31640625 5851.73535156 5.05137825012
1478876584170 lifecam22 2755.74633789 5850.54638672 5.06497716904
1478876584238 lifecam22 2749.35083008 5847.94091797 5.0596446991
1478876584304 lifecam22 2744.6796875 5846.28222656 5.07195281982
1478876584364 lifecam22 2738.25415039 5845.42431641 5.07761716843
1478876584510 lifecam22 2728.09057617 5842.87255859 5.09591722488
1478876584573 lifecam22 2721.74755859 5841.02148438 5.10218524933
1478876584638 lifecam22 2715.65917969 5839.24902344 5.10784626007
1478876584699 lifecam22 2709.86474609 5838.21435547 5.11618280411
1478876584776 lifecam22 2704.68237305 5835.70068359 5.12057781219
1478876584974 lifecam22 2687.47949219 5831.67089844 5.14628982544
1478876585037 lifecam22 2681.8984375 5828.86816406 5.14942169189
1478876585100 lifecam22 2676.60229492 5826.46044922 5.15142631531
1478876585169 lifecam22 2672.45336914 5825.00244141 5.16348981857
1478876585234 lifecam22 2666.41455078 5823.32958984 5.16949653625
1478876585436 lifecam22 2649.82226562 5817.26611328 5.19100141525
1478876585507 lifecam22 2644.49609375 5814.21972656 5.19539165497
1478876585565 lifecam22 2639.4074707 5813.23730469 5.20724248886
1478876585640 lifecam22 2633.91992188 5811.07177734 5.21726226807
1478876585703 lifecam22 2628.79467773 5808.34765625 5.21819543839
1478876585837 lifecam22 2618.17016602 5802.36572266 5.22701692581
1478876585906 lifecam22 2612.98706055 5800.56738281 5.23737812042
1478876585970 lifecam22 2607.97631836 5797.15966797 5.23930454254
1478876586040 lifecam22 2602.17016602 5794.17724609 5.24003648758
1478876586107 lifecam22 2597.5390625 5791.24462891 5.24692153931
1478876586305 lifecam22 2583.01660156 5784.69873047 5.27006244659
1478876586375 lifecam22 2576.4519043 5780.05957031 5.27405977249
1478876586440 lifecam22 2571.87304688 5779.90185547 5.28970432281
1478876586507 lifecam22 2567.63916016 5776.74462891 5.2960152626
1478876586569 lifecam22 2562.07885742 5774.66259766 5.30644607544
1478876586708 lifecam22 2552.81542969 5769.50195312 5.31807518005
1478876586770 lifecam22 2546.78027344 5765.26416016 5.31701898575
1478876586836 lifecam22 2541.82958984 5761.94726562 5.32525444031
1478876586909 lifecam22 2537.15698242 5759.84472656 5.33527088165
1478876586975 lifecam22 2532.21240234 5756.32958984 5.34032678604
1478876587178 lifecam22 2517.02124023 5747.9921875 5.36343812943
1478876587243 lifecam22 2512.3840332 5745.40917969 5.3686747551
1478876587310 lifecam22 2506.6027832 5742.21044922 5.37573051453
1478876587376 lifecam22 2502.53295898 5739.33642578 5.38332366943
1478876587441 lifecam22 2497.77905273 5736.35400391 5.39320087433
1478876587572 lifecam22 2488.47875977 5729.35742188 5.40135383606
1478876587641 lifecam22 2483.7253418 5726.92871094 5.41180276871
1478876587714 lifecam22 2479.34423828 5722.11669922 5.40805959702
1478876587774 lifecam22 2474.34741211 5718.74121094 5.41516399384
1478876587835 lifecam22 2470.28637695 5713.95947266 5.4183511734
1478876588041 lifecam22 2456.08984375 5704.38330078 5.43809223175
1478876588112 lifecam22 2450.5234375 5703.37353516 5.46144533157
1478876588179 lifecam22 2446.54931641 5697.18212891 5.45286560059
1478876588243 lifecam22 2441.7097168 5695.46533203 5.46969461441
1478876588304 lifecam22 2437.97998047 5692.10986328 5.47874593735
1478876588516 lifecam22 2424.39038086 5679.38037109 5.48613977432
1478876588579 lifecam22 2420.13842773 5678.05224609 5.51063394547
1478876588646 lifecam22 2415.30981445 5672.87597656 5.50421762466
1478876588713 lifecam22 2411.46411133 5668.07763672 5.50528001785
1478876588784 lifecam22 2408.14990234 5666.67871094 5.5267663002
1478876588919 lifecam22 2398.52392578 5658.52050781 5.54149675369
1478876588974 lifecam22 2393.2878418 5654.82421875 5.54621839523
1478876589038 lifecam22 2388.71240234 5650.35400391 5.54979276657
1478876589102 lifecam22 2384.91748047 5648.72363281 5.56275939941
1478876589169 lifecam22 2380.61474609 5644.08105469 5.56901311874
1478876589233 lifecam22 2376.56738281 5642.22314453 5.58969783783
1478876589373 lifecam22 2367.9597168 5632.45898438 5.59171295166
1478876589434 lifecam22 2364.9753418 5629.06591797 5.59911870956
1478876589502 lifecam22 2360.50415039 5623.37255859 5.59561538696
1478876589571 lifecam22 2357.27124023 5619.25976562 5.60392093658
1478876589632 lifecam22 2352.77148438 5614.61279297 5.60664606094
1478876589781 lifecam22 2344.89501953 5606.07324219 5.62476682663
1478876589848 lifecam22 2340.97900391 5603.03417969 5.63085317612
1478876589909 lifecam22 2336.5065918 5598.23535156 5.63799190521
1478876589980 lifecam22 2332.93286133 5594.13867188 5.64451169968
1478876590046 lifecam22 2329.39916992 5589.52929688 5.64943981171
1478876590191 lifecam22 2321.2175293 5581.64208984 5.66907691956
1478876590241 lifecam22 2317.94189453 5576.96435547 5.67655801773
1478876590315 lifecam22 2313.13037109 5572.32568359 5.68133544922
1478876590382 lifecam22 2310.80737305 5567.2421875 5.68537044525
1478876590442 lifecam22 2306.84521484 5563.99316406 5.6934170723
1478876590640 lifecam22 2295.94775391 5550.21972656 5.71586799622
1478876590704 lifecam22 2292.1003418 5547.01708984 5.72500228882
1478876590781 lifecam22 2288.0402832 5541.03417969 5.72996759415
1478876590845 lifecam22 2285.30834961 5536.94628906 5.73912334442
1478876590914 lifecam22 2281.59814453 5530.74902344 5.73697757721
1478876590986 lifecam22 2279.33203125 5527.45410156 5.74843931198
1478876591049 lifecam22 2274.06152344 5523.81201172 5.75941705704
1478876591109 lifecam22 2271.93286133 5517.67871094 5.7610373497
1478876591181 lifecam22 2268.58349609 5512.93457031 5.76768398285
1478876591248 lifecam22 2265.61328125 5508.08789062 5.77092456818
1478876591387 lifecam22 2259.40478516 5498.48535156 5.78098964691
1478876591450 lifecam22 2256.11279297 5493.95947266 5.79047966003
1478876591508 lifecam22 2252.22290039 5489.546875 5.79775333405
1478876591575 lifecam22 2249.31225586 5484.22509766 5.80416059494
1478876591648 lifecam22 2246.52270508 5478.97363281 5.80934143066
1478876591779 lifecam22 2247.54418945 5476.26416016 5.79242181778
1478876591852 lifecam22 2247.94238281 5474.99853516 5.787525177
1478876591919 lifecam22 2247.89770508 5475.76416016 5.78996562958
1478876591984 lifecam22 2247.79736328 5475.45214844 5.79043960571
1478876592049 lifecam22 2247.93017578 5475.68261719 5.79045200348
1478876592187 lifecam22 2247.89135742 5475.43994141 5.78853654861
1478876592249 lifecam22 2248.00952148 5476.15966797 5.79338884354
1478876592317 lifecam22 2248.20727539 5475.51904297 5.79023265839
1478876592383 lifecam22 2247.85205078 5475.23828125 5.78791666031
1478876592448 lifecam22 2248.1472168 5475.71923828 5.79160737991
