1478875850427 lifecam22 3187.21899414 5855.8203125 4.56455945969
1478875850492 lifecam22 3187.99682617 5856.23388672 4.56958723068
1478875850638 lifecam22 3187.85473633 5856.01220703 4.56730079651
1478875850691 lifecam22 3187.73950195 5856.17480469 4.56871795654
1478875850761 lifecam22 3187.4699707 5856.11425781 4.56644582748
1478875850829 lifecam22 3187.36254883 5855.77441406 4.56327438354
1478875850895 lifecam22 3187.79052734 5855.81738281 4.56442070007
1478875851105 lifecam22 3186.89282227 5855.92822266 4.56413221359
1478875851156 lifecam22 3186.98901367 5855.87744141 4.5637550354
1478875851231 lifecam22 3186.98681641 5855.87402344 4.56365251541
1478875851301 lifecam22 3186.69580078 5855.79736328 4.5612616539
1478875851363 lifecam22 3186.98803711 5855.75048828 4.56260585785
1478875851440 lifecam22 3187.16918945 5855.75244141 4.56290578842
1478875851494 lifecam22 3187.47314453 5856.08447266 4.56514549255
1478875851569 lifecam22 3186.7512207 5855.83447266 4.5629940033
1478875851628 lifecam22 3187.24047852 5856.17089844 4.56563520432
1478875851698 lifecam22 3186.82373047 5855.76757812 4.56242847443
1478875851840 lifecam22 3188.33154297 5856.03076172 4.56264257431
1478875851896 lifecam22 3186.76367188 5856.82714844 4.55938386917
1478875851968 lifecam22 3189.75195312 5857.09472656 4.56514358521
1478875852029 lifecam22 3188.6027832 5856.46679688 4.56197595596
1478875852107 lifecam22 3188.94238281 5854.84667969 4.55777215958
1478875852298 lifecam22 3187.36108398 5855.24755859 4.55889463425
1478875852369 lifecam22 3187.83276367 5855.44921875 4.56391716003
1478875852435 lifecam22 3187.79052734 5855.81738281 4.56442070007
1478875852491 lifecam22 3188.41796875 5855.24658203 4.55913257599
1478875852561 lifecam22 3189.62280273 5854.45361328 4.5540599823
1478875852633 lifecam22 3190.41870117 5856.15966797 4.55137586594
1478875852694 lifecam22 3193.62329102 5857.76318359 4.56125831604
1478875852838 lifecam22 3191.69702148 5857.52441406 4.57645368576
1478875853037 lifecam22 3192.1940918 5856.71630859 4.56731987
1478875853098 lifecam22 3186.66967773 5855.56005859 4.5615978241
1478875853160 lifecam22 3177.64257812 5858.45263672 4.5763926506
1478875853228 lifecam22 3174.18383789 5860.02929688 4.58412313461
1478875853296 lifecam22 3168.0871582 5859.53564453 4.5834980011
1478875853434 lifecam22 3156.33447266 5863.51416016 4.60029649734
1478875853499 lifecam22 3150.83447266 5865.43457031 4.60994625092
1478875853564 lifecam22 3144.71118164 5865.42675781 4.61242580414
1478875853631 lifecam22 3140.04760742 5866.84716797 4.62156152725
1478875853707 lifecam22 3134.40600586 5868.90234375 4.63390016556
1478875853830 lifecam22 3123.21606445 5870.11328125 4.64194869995
1478875853900 lifecam22 3116.33178711 5870.23730469 4.6406416893
1478875853969 lifecam22 3110.06860352 5870.45751953 4.64333248138
1478875854034 lifecam22 3103.48535156 5870.28857422 4.64326190948
1478875854098 lifecam22 3099.62866211 5872.24755859 4.65900039673
1478875854234 lifecam22 3090.71142578 5875.21435547 4.68596029282
1478875854301 lifecam22 3084.72875977 5874.83300781 4.68874168396
1478875854365 lifecam22 3078.35205078 5875.53710938 4.69547843933
1478875854428 lifecam22 3071.63793945 5875.24121094 4.69559812546
1478875854496 lifecam22 3065.61352539 5875.94677734 4.70326805115
1478875854639 lifecam22 3055.16625977 5879.01660156 4.72695922852
1478875854698 lifecam22 3050.52001953 5880.35742188 4.7392077446
1478875854775 lifecam22 3044.35620117 5879.58496094 4.73831415176
1478875854895 lifecam22 3031.12890625 5878.93359375 4.74163532257
1478875854963 lifecam22 3025.3215332 5879.15917969 4.74750947952
1478875855032 lifecam22 3020.33813477 5880.38037109 4.75995254517
1478875855096 lifecam22 3014.82006836 5880.58496094 4.76736164093
1478875855165 lifecam22 3009.53710938 5881.64746094 4.77547836304
1478875855234 lifecam22 3004.36474609 5880.70703125 4.77830791473
1478875855368 lifecam22 2993.58789062 5881.08154297 4.79831600189
1478875855432 lifecam22 2987.10571289 5882.22851562 4.80593538284
1478875855502 lifecam22 2981.53076172 5881.0234375 4.80987024307
1478875855569 lifecam22 2975.00390625 5881.42626953 4.81463098526
1478875855633 lifecam22 2969.59790039 5880.61816406 4.81418180466
1478875855776 lifecam22 2958.79272461 5880.90771484 4.83488988876
1478875855829 lifecam22 2953.71875 5880.93896484 4.84386348724
1478875855911 lifecam22 2947.54248047 5881.46923828 4.85054349899
1478875855978 lifecam22 2942.31713867 5880.60644531 4.85969543457
1478875856037 lifecam22 2935.59179688 5881.47607422 4.87114286423
1478875856237 lifecam22 2918.59399414 5879.6953125 4.88912010193
1478875856304 lifecam22 2913.30908203 5880.18066406 4.89872598648
1478875856371 lifecam22 2907.43969727 5879.09277344 4.90007162094
1478875856436 lifecam22 2901.90869141 5878.89111328 4.90812397003
1478875856500 lifecam22 2895.18286133 5877.45800781 4.91162490845
1478875856644 lifecam22 2884.66113281 5876.31005859 4.92293119431
1478875856701 lifecam22 2878.45458984 5875.15966797 4.92751789093
1478875856775 lifecam22 2872.38378906 5874.34375 4.93136167526
1478875856842 lifecam22 2867.17211914 5874.109375 4.94351291656
1478875856899 lifecam22 2861.953125 5873.81738281 4.95289468765
1478875857043 lifecam22 2850.16699219 5871.11376953 4.95807600021
1478875857096 lifecam22 2844.60766602 5870.84423828 4.96908187866
1478875857165 lifecam22 2839.17749023 5869.80273438 4.97823381424
1478875857238 lifecam22 2833.52514648 5869.15869141 4.9824461937
1478875857299 lifecam22 2828.22485352 5867.70556641 4.98903417587
1478875857444 lifecam22 2816.76660156 5863.79931641 4.99407434464
1478875857503 lifecam22 2810.82373047 5862.34716797 4.99816131592
1478875857568 lifecam22 2805.07617188 5861.51855469 5.00836277008
1478875857637 lifecam22 2799.7043457 5860.84033203 5.01459503174
1478875857703 lifecam22 2793.43457031 5858.92871094 5.01980352402
1478875857843 lifecam22 2783.30126953 5857.96972656 5.03936481476
1478875857908 lifecam22 2777.63256836 5856.74853516 5.04792451859
1478875857978 lifecam22 2772.48925781 5855.41455078 5.05559968948
1478875858042 lifecam22 2765.42504883 5853.05566406 5.06024932861
1478875858113 lifecam22 2760.0793457 5853.09472656 5.07009792328
1478875858244 lifecam22 2749.953125 5850.07324219 5.08492803574
1478875858310 lifecam22 2743.98461914 5847.96923828 5.08887243271
1478875858372 lifecam22 2738.53442383 5845.78564453 5.08953142166
1478875858434 lifecam22 2733.80639648 5844.16796875 5.09556531906
1478875858502 lifecam22 2727.60791016 5844.12255859 5.1112742424
1478875858646 lifecam22 2715.46362305 5839.33886719 5.11497592926
1478875858703 lifecam22 2710.43310547 5838.49658203 5.1253452301
1478875858782 lifecam22 2705.17578125 5836.23828125 5.13214445114
1478875858844 lifecam22 2699.29052734 5834.81640625 5.13953113556
1478875858906 lifecam22 2693.78051758 5831.61621094 5.14050865173
1478875859046 lifecam22 2682.47021484 5827.55224609 5.15058135986
1478875859104 lifecam22 2677.94506836 5824.13769531 5.15174818039
1478875859170 lifecam22 2671.90063477 5823.2109375 5.16423797607
1478875859239 lifecam22 2667.67797852 5820.86865234 5.17090368271
1478875859302 lifecam22 2661.21899414 5818.88476562 5.17818260193
1478875859510 lifecam22 2645.78735352 5813.39160156 5.20437574387
1478875859583 lifecam22 2640.12402344 5812.29394531 5.21904659271
1478875859643 lifecam22 2634.6875 5808.69628906 5.22018527985
1478875859709 lifecam22 2630.0456543 5807.02441406 5.22657346725
1478875859780 lifecam22 2624.06396484 5804.12158203 5.23467874527
1478875859916 lifecam22 2613.26904297 5799.10205078 5.24860143661
1478875859974 lifecam22 2609.36450195 5797.49902344 5.25589847565
1478875860047 lifecam22 2603.57543945 5794.29345703 5.26071023941
1478875860113 lifecam22 2598.80908203 5791.58496094 5.26858901978
1478875860171 lifecam22 2593.96411133 5789.27197266 5.27268838882
1478875860314 lifecam22 2583.61425781 5786.17724609 5.29743051529
1478875860374 lifecam22 2577.94702148 5783.08740234 5.30213356018
1478875860439 lifecam22 2573.60180664 5780.65380859 5.30908584595
1478875860505 lifecam22 2568.91186523 5777.96875 5.31656694412
1478875860575 lifecam22 2562.49658203 5773.88427734 5.31855344772
1478875860780 lifecam22 2548.24560547 5764.15625 5.33261537552
1478875860841 lifecam22 2543.79541016 5760.70947266 5.33868789673
1478875860907 lifecam22 2538.64355469 5758.78515625 5.34782552719
1478875860976 lifecam22 2534.15039062 5754.4453125 5.34878969193
1478875861047 lifecam22 2528.66259766 5751.6875 5.35646533966
1478875861186 lifecam22 2519.19604492 5745.36572266 5.36810064316
1478875861251 lifecam22 2514.04980469 5743.14111328 5.38099431992
1478875861314 lifecam22 2509.39208984 5739.73535156 5.38816356659
1478875861374 lifecam22 2504.12475586 5736.77832031 5.39643239975
1478875861445 lifecam22 2500.1027832 5732.42724609 5.3978433609
1478875861707 lifecam22 2481.36474609 5721.04003906 5.43346786499
1478875861776 lifecam22 2476.45019531 5717.07714844 5.43758201599
1478875861844 lifecam22 2471.94580078 5713.93798828 5.44669151306
1478875861907 lifecam22 2467.64038086 5709.98632812 5.45013713837
1478875862046 lifecam22 2458.31689453 5703.69091797 5.4700884819
1478875862115 lifecam22 2453.54467773 5701.01171875 5.48076486588
1478875862175 lifecam22 2449.15283203 5696.29345703 5.48260974884
1478875862240 lifecam22 2445.00927734 5693.23291016 5.48501729965
1478875862310 lifecam22 2439.85766602 5689.43994141 5.49649047852
1478875862520 lifecam22 2427.47192383 5679.22070312 5.51996469498
1478875862583 lifecam22 2422.47583008 5675.35449219 5.52396440506
1478875862645 lifecam22 2419.62133789 5670.73242188 5.52748441696
1478875862710 lifecam22 2414.94580078 5665.93701172 5.52690553665
1478875862779 lifecam22 2410.31640625 5661.859375 5.53224182129
1478875862919 lifecam22 2400.92041016 5653.26367188 5.54352807999
1478875862983 lifecam22 2397.66430664 5652.79394531 5.56800603867
1478875863055 lifecam22 2392.76586914 5647.73095703 5.57022380829
1478875863115 lifecam22 2388.77734375 5643.36230469 5.57157039642
1478875863184 lifecam22 2384.36962891 5639.50732422 5.5841794014
1478875863317 lifecam22 2376.36572266 5631.43066406 5.59638357162
1478875863388 lifecam22 2372.76293945 5627.19580078 5.60271978378
1478875863452 lifecam22 2367.94140625 5625.15283203 5.61855173111
1478875863512 lifecam22 2363.80737305 5619.09521484 5.61491727829
1478875863576 lifecam22 2360.38110352 5615.65527344 5.62193393707
1478875863662 lifecam22 2356.78637695 5612.49902344 5.6377196312
1478875863706 lifecam22 2352.38867188 5607.51855469 5.6398396492
1478875863789 lifecam22 2348.20849609 5603.18017578 5.64914560318
1478875863852 lifecam22 2344.95092773 5598.90380859 5.65393829346
1478875863913 lifecam22 2340.75146484 5594.4453125 5.66069221497
1478875864119 lifecam22 2329.65478516 5582.19335938 5.68420553207
1478875864186 lifecam22 2325.98950195 5578.12304688 5.68980312347
1478875864251 lifecam22 2322.68945312 5572.57666016 5.69106006622
1478875864313 lifecam22 2318.65917969 5568.19970703 5.6993689537
1478875864379 lifecam22 2316.13647461 5563.98583984 5.705327034
1478875864524 lifecam22 2308.71313477 5555.00244141 5.71861982346
1478875864578 lifecam22 2304.89599609 5548.62158203 5.71792507172
1478875864647 lifecam22 2301.4934082 5545.59228516 5.7306432724
1478875864717 lifecam22 2297.74853516 5540.42089844 5.73793935776
1478875864786 lifecam22 2293.46850586 5536.66894531 5.74967050552
1478875864989 lifecam22 2284.08666992 5521.99365234 5.76638460159
1478875865045 lifecam22 2280.59082031 5517.65722656 5.77467775345
1478875865115 lifecam22 2276.84472656 5513.54296875 5.78751468658
1478875865181 lifecam22 2273.79370117 5508.45214844 5.7914891243
1478875865251 lifecam22 2270.86621094 5502.28417969 5.78783655167
1478875865319 lifecam22 2268.09765625 5498.0390625 5.79817247391
1478875865383 lifecam22 2264.76171875 5493.23291016 5.80431747437
1478875865452 lifecam22 2262.46777344 5487.69628906 5.8081278801
1478875865518 lifecam22 2258.25976562 5483.43945312 5.81679773331
1478875865582 lifecam22 2256.515625 5478.22900391 5.82067966461
1478875865710 lifecam22 2255.36645508 5473.77636719 5.81173992157
1478875865793 lifecam22 2255.4765625 5472.68457031 5.81442451477
1478875865857 lifecam22 2255.51660156 5473.74121094 5.81167554855
1478875865927 lifecam22 2255.53564453 5472.17578125 5.81056499481
1478875865994 lifecam22 2256.09716797 5473.12695312 5.8125128746
1478875866117 lifecam22 2255.5925293 5472.82763672 5.8103427887
1478875866182 lifecam22 2255.60009766 5472.81445312 5.81261062622
1478875866250 lifecam22 2255.42382812 5473.00927734 5.81116247177
1478875866319 lifecam22 2255.44921875 5472.96142578 5.81198310852
1478875866385 lifecam22 2255.29833984 5472.76416016 5.81109046936
1478875866527 lifecam22 2255.18164062 5473.11425781 5.81344652176
