1478185985476 lifecam22 3350.07495117 5379.97460938 4.70863294601
1478185985550 lifecam22 3350.72924805 5380.79443359 4.71326541901
1478185985611 lifecam22 3350.69506836 5380.71240234 4.71193695068
1478185985691 lifecam22 3350.96826172 5380.70458984 4.71186876297
1478185985950 lifecam22 3350.68505859 5380.56494141 4.71052932739
1478185986019 lifecam22 3349.79589844 5380.16796875 4.70886230469
1478185986088 lifecam22 3349.85009766 5380.02880859 4.70804023743
1478185986154 lifecam22 3350.01904297 5380.31054688 4.70936250687
1478185986208 lifecam22 3350.08300781 5379.96923828 4.70885324478
1478185986488 lifecam22 3350.15527344 5379.90673828 4.70828914642
1478185986557 lifecam22 3350.51977539 5380.54101562 4.71163892746
1478185986611 lifecam22 3349.10009766 5379.37451172 4.70262289047
1478185986681 lifecam22 3349.77563477 5379.85595703 4.70770645142
1478185986753 lifecam22 3350.06591797 5379.84326172 4.70762062073
1478185986964 lifecam22 3350.38720703 5380.55273438 4.71166992188
1478185987029 lifecam22 3350.38720703 5380.55273438 4.71166992188
1478185987081 lifecam22 3349.8293457 5380.00878906 4.70784854889
1478185987152 lifecam22 3350.06274414 5380.37255859 4.70994663239
1478185987217 lifecam22 3350.06518555 5380.41748047 4.71163606644
1478185987560 lifecam22 3350.48022461 5380.36523438 4.70993185043
1478185987617 lifecam22 3350.28491211 5380.03662109 4.70815229416
1478185987685 lifecam22 3350.47216797 5380.21630859 4.70857715607
1478185987758 lifecam22 3349.6472168 5380.10839844 4.71006727219
1478185987824 lifecam22 3350.26928711 5380.57617188 4.71187257767
1478185988173 lifecam22 3353.68603516 5381.37988281 4.71288156509
1478185988226 lifecam22 3353.50415039 5381.60888672 4.71365070343
1478185988285 lifecam22 3352.87939453 5381.89160156 4.71633768082
1478185988354 lifecam22 3351.125 5381.20117188 4.71423816681
1478185988419 lifecam22 3352.88720703 5381.96191406 4.71998119354
1478185988692 lifecam22 3329.92260742 5374.03662109 4.68921518326
1478185988759 lifecam22 3322.76635742 5373.95410156 4.692445755
1478185988813 lifecam22 3316.7121582 5373.91259766 4.70214414597
1478185988899 lifecam22 3309.63891602 5373.95703125 4.69560718536
1478185988959 lifecam22 3303.49560547 5374.15869141 4.70329999924
1478185989289 lifecam22 3265.89672852 5366.5625 4.65046358109
1478185989361 lifecam22 3258.73608398 5366.49560547 4.64699888229
1478185989431 lifecam22 3252.97265625 5366.55566406 4.64924955368
1478185989492 lifecam22 3246.63183594 5365.45654297 4.64455652237
1478185989557 lifecam22 3238.7956543 5365.48876953 4.63760375977
1478185989826 lifecam22 3213.22998047 5364.55908203 4.62841129303
1478185989889 lifecam22 3205.51928711 5363.47998047 4.61834335327
1478185989961 lifecam22 3197.36669922 5361.96533203 4.60536766052
1478185990030 lifecam22 3190.35424805 5361.22216797 4.59852457047
1478185990095 lifecam22 3182.96606445 5360.72314453 4.59226560593
1478185990369 lifecam22 3156.10888672 5360.50488281 4.58283615112
1478185990434 lifecam22 3147.98852539 5359.07666016 4.5683631897
1478185990496 lifecam22 3140.93701172 5358.25537109 4.56188583374
1478185990569 lifecam22 3134.66625977 5357.81640625 4.55632543564
1478185990622 lifecam22 3127.67236328 5358.78027344 4.55509614944
1478185990888 lifecam22 3099.93164062 5358.69384766 4.53291940689
1478185990966 lifecam22 3092.39501953 5357.98583984 4.52437067032
1478185991028 lifecam22 3085.578125 5358.09765625 4.52435207367
1478185991101 lifecam22 3078.47363281 5359.15869141 4.519510746
1478185991165 lifecam22 3071.91870117 5358.74609375 4.51677465439
1478185991489 lifecam22 3037.99731445 5360.93798828 4.49611616135
1478185991556 lifecam22 3031.21484375 5362.08984375 4.49161052704
1478185991623 lifecam22 3024.6237793 5362.42285156 4.48537635803
1478185991688 lifecam22 3018.26977539 5363.12353516 4.48290395737
1478185991759 lifecam22 3010.64306641 5363.02636719 4.47569084167
1478185992032 lifecam22 2981.4621582 5363.93261719 4.44888067245
1478185992092 lifecam22 2974.88793945 5364.95751953 4.44258117676
1478185992162 lifecam22 2967.45043945 5365.97119141 4.43756198883
1478185992225 lifecam22 2960.57470703 5366.97265625 4.43276023865
1478185992301 lifecam22 2955.37817383 5368.32275391 4.43479585648
1478185992632 lifecam22 2920.8059082 5372.34716797 4.41078138351
1478185992699 lifecam22 2912.67260742 5372.72265625 4.40149259567
1478185992760 lifecam22 2906.93286133 5373.98779297 4.39759635925
1478185992834 lifecam22 2899.41723633 5374.94384766 4.39198112488
1478185992901 lifecam22 2892.35449219 5375.89892578 4.38616037369
1478185993161 lifecam22 2864.92163086 5380.85986328 4.36833906174
1478185993228 lifecam22 2858.2824707 5382.27880859 4.36632299423
1478185993300 lifecam22 2852.15820312 5383.98242188 4.3635725975
1478185993365 lifecam22 2844.94848633 5385.24902344 4.36006689072
1478185993627 lifecam22 2816.84521484 5390.74267578 4.33575677872
1478185993686 lifecam22 2810.59741211 5392.66894531 4.33363246918
1478185993775 lifecam22 2802.8828125 5393.26611328 4.32179450989
1478185993838 lifecam22 2795.87084961 5395.51025391 4.3177781105
1478185993898 lifecam22 2790.05834961 5396.15332031 4.3139424324
1478185994233 lifecam22 2755.82763672 5405.61279297 4.29136037827
1478185994292 lifecam22 2750.50073242 5407.77392578 4.28985786438
1478185994367 lifecam22 2743.00708008 5409.27685547 4.28273820877
1478185994433 lifecam22 2736.67553711 5410.02880859 4.2755279541
1478185994495 lifecam22 2729.43994141 5412.85791016 4.26998853683
1478185994843 lifecam22 2696.85473633 5423.01855469 4.24723482132
1478185994895 lifecam22 2689.33569336 5424.29443359 4.23533296585
1478185994974 lifecam22 2683.64550781 5426.39208984 4.23517751694
1478185995037 lifecam22 2677.01367188 5429.81884766 4.23487854004
1478185995102 lifecam22 2671.37939453 5431.97119141 4.23219394684
1478185995503 lifecam22 2630.47119141 5445.43017578 4.20155763626
1478185995572 lifecam22 2623.11865234 5447.22216797 4.19121599197
1478185995626 lifecam22 2616.74316406 5449.79492188 4.18766069412
1478185995702 lifecam22 2609.34082031 5452.32275391 4.17823791504
1478185995775 lifecam22 2602.98046875 5454.0078125 4.17395782471
1478185995969 lifecam22 2583.11352539 5462.40087891 4.15972614288
1478185996040 lifecam22 2577.75244141 5465.16162109 4.15808963776
1478185996092 lifecam22 2570.40649414 5468.44824219 4.15175151825
1478185996173 lifecam22 2564.44165039 5471.60498047 4.14811897278
1478185996237 lifecam22 2558.23925781 5474.59716797 4.14489459991
1478185996504 lifecam22 2532.99975586 5485.05273438 4.12567520142
1478185996565 lifecam22 2526.64550781 5489.19970703 4.12550067902
1478185996630 lifecam22 2518.44384766 5490.68994141 4.10948991776
1478185996698 lifecam22 2513.92871094 5494.72070312 4.11455869675
1478185996765 lifecam22 2506.55273438 5497.39013672 4.10763978958
1478185997113 lifecam22 2474.2578125 5512.91455078 4.07508182526
1478185997171 lifecam22 2468.6003418 5516.01269531 4.07432031631
1478185997238 lifecam22 2462.37231445 5519.66699219 4.06786298752
1478185997317 lifecam22 2457.26855469 5522.21484375 4.07051944733
1478185997367 lifecam22 2449.57568359 5525.61816406 4.05977582932
1478185997639 lifecam22 2425.43847656 5539.65771484 4.04565620422
1478185997704 lifecam22 2419.49462891 5543.15234375 4.03638935089
1478185997777 lifecam22 2413.5625 5546.1171875 4.02950620651
1478185997848 lifecam22 2406.76318359 5549.33251953 4.02478790283
1478185997909 lifecam22 2401.89941406 5554.66552734 4.02447414398
1478185998169 lifecam22 2377.67016602 5568.42724609 4.00197219849
1478185998245 lifecam22 2371.2265625 5572.390625 3.9918987751
1478185998304 lifecam22 2365.44116211 5575.640625 3.99065613747
1478185998374 lifecam22 2361.05834961 5580.09472656 3.99068713188
1478185998441 lifecam22 2354.3137207 5583.08105469 3.98150348663
1478185998712 lifecam22 2331.05810547 5598.66259766 3.96568036079
1478185998778 lifecam22 2322.60205078 5602.16601562 3.94706439972
1478185998842 lifecam22 2320.31884766 5605.25683594 3.95628237724
1478185998906 lifecam22 2311.06518555 5611.32861328 3.93775320053
1478185998977 lifecam22 2305.1640625 5614.29492188 3.92737030983
1478185999246 lifecam22 2283.77392578 5630.38916016 3.91134428978
1478185999303 lifecam22 2276.36987305 5634.43359375 3.90701174736
1478185999380 lifecam22 2271.30932617 5638.64648438 3.90397238731
1478185999441 lifecam22 2267.2175293 5642.9140625 3.90753102303
1478185999504 lifecam22 2259.72314453 5647.58984375 3.88985800743
1478185999847 lifecam22 2232.18823242 5669.6640625 3.86314678192
1478185999914 lifecam22 2228.11865234 5674.61181641 3.86509346962
1478185999979 lifecam22 2223.24121094 5679.31542969 3.86390662193
1478186000037 lifecam22 2217.11743164 5683.61083984 3.85530757904
1478186000106 lifecam22 2212.44140625 5688.07226562 3.85022807121
1478186000381 lifecam22 2192.57666016 5705.77099609 3.8394241333
1478186000445 lifecam22 2186.73583984 5710.45654297 3.83280491829
1478186000500 lifecam22 2180.62158203 5714.640625 3.82332229614
1478186000570 lifecam22 2174.3425293 5719.50830078 3.81066560745
1478186000644 lifecam22 2168.74145508 5724.32910156 3.80175089836
1478186000907 lifecam22 2147.1862793 5743.32324219 3.78170228004
1478186000978 lifecam22 2142.80541992 5748.64941406 3.78029966354
1478186001048 lifecam22 2137.48828125 5752.25390625 3.77497220039
1478186001107 lifecam22 2133.06176758 5757.83300781 3.77279424667
1478186001173 lifecam22 2127.94897461 5762.81152344 3.77036190033
1478186001436 lifecam22 2109.68774414 5782.453125 3.75365257263
1478186001519 lifecam22 2104.65625 5788.07275391 3.74775576591
1478186001579 lifecam22 2100.18188477 5792.42822266 3.74234127998
1478186001637 lifecam22 2094.83422852 5798.09423828 3.73757600784
1478186001711 lifecam22 2089.87524414 5802.81005859 3.73332238197
1478186001986 lifecam22 2072.38916016 5824.20800781 3.7142367363
1478186002047 lifecam22 2067.11157227 5828.96191406 3.70845270157
1478186002116 lifecam22 2062.97875977 5833.82128906 3.70445179939
1478186002185 lifecam22 2058.0637207 5839.65527344 3.69668936729
1478186002247 lifecam22 2052.89428711 5844.89404297 3.69029283524
1478186002586 lifecam22 2028.61682129 5872.015625 3.66056513786
1478186002646 lifecam22 2025.11047363 5876.76806641 3.6577694416
1478186002715 lifecam22 2019.60266113 5881.74804688 3.64892458916
1478186002789 lifecam22 2015.01501465 5887.52978516 3.64684247971
1478186002846 lifecam22 2011.77844238 5892.71044922 3.64341235161
1478186003120 lifecam22 1995.10461426 5914.66503906 3.62925004959
1478186003188 lifecam22 1992.43493652 5920.59130859 3.62520170212
1478186003247 lifecam22 1986.77258301 5925.89111328 3.62082529068
1478186003306 lifecam22 1983.75817871 5931.21240234 3.61648178101
1478186003374 lifecam22 1979.70275879 5937.55859375 3.61386203766
1478186003711 lifecam22 1957.83898926 5967.01953125 3.57659101486
1478186003777 lifecam22 1954.72167969 5972.32324219 3.57735109329
1478186003855 lifecam22 1951.17663574 5978.40625 3.57522344589
1478186003919 lifecam22 1947.95373535 5984.19238281 3.5710310936
1478186003966 lifecam22 1944.61083984 5989.64160156 3.56949186325
1478186004241 lifecam22 1930.40869141 6012.38623047 3.55519628525
1478186004317 lifecam22 1932.21643066 6011.52880859 3.56380224228
1478186004384 lifecam22 1932.51086426 6010.95458984 3.56144714355
1478186004448 lifecam22 1931.74316406 6011.40527344 3.56305789948
1478186004505 lifecam22 1932.37084961 6011.24951172 3.56272172928
