1478185874572 lifecam22 3353.31420898 5380.66455078 4.70829677582
1478185874644 lifecam22 3353.38256836 5380.47216797 4.70774793625
1478185874715 lifecam22 3353.12353516 5380.35498047 4.70657920837
1478185874788 lifecam22 3353.57299805 5380.78222656 4.70946359634
1478185875049 lifecam22 3353.52563477 5380.99316406 4.71020793915
1478185875110 lifecam22 3353.57299805 5380.78222656 4.70946359634
1478185875174 lifecam22 3353.31420898 5380.66455078 4.70829677582
1478185875244 lifecam22 3354.01757812 5381.46240234 4.71347570419
1478185875306 lifecam22 3353.09472656 5380.58642578 4.70751905441
1478185875584 lifecam22 3353.57299805 5380.78222656 4.70946359634
1478185875656 lifecam22 3353.35327148 5380.70410156 4.70868301392
1478185875718 lifecam22 3353.35327148 5380.70410156 4.70868301392
1478185875776 lifecam22 3353.09472656 5380.58642578 4.70751905441
1478185875847 lifecam22 3353.57299805 5380.78222656 4.70946359634
1478185876182 lifecam22 3353.38256836 5380.47216797 4.70774793625
1478185876246 lifecam22 3353.12353516 5380.35498047 4.70657920837
1478185876313 lifecam22 3353.38256836 5380.47216797 4.70774793625
1478185876380 lifecam22 3353.36279297 5380.45214844 4.70755338669
1478185876451 lifecam22 3353.57299805 5380.78222656 4.70946359634
1478185876802 lifecam22 3353.80615234 5381.13134766 4.71156454086
1478185876847 lifecam22 3353.36279297 5380.45214844 4.70755338669
1478185876921 lifecam22 3353.58276367 5380.52978516 4.70833683014
1478185876920 lifecam20 3157.78686523 4878.36230469 5.00674152374
1478185876984 lifecam22 3158.40112305 4879.07470703 5.01104259491
1478185877052 lifecam22 3158.13110352 4879.01318359 5.01045942307
1478185877396 lifecam22 3331.00292969 5374.10205078 4.66649341583
1478185877449 lifecam22 3327.40087891 5374.28222656 4.67264175415
1478185877520 lifecam22 3323.15722656 5373.39404297 4.66754150391
1478185877585 lifecam22 3314.23120117 5374.08740234 4.67742538452
1478185877652 lifecam22 3307.88476562 5371.8828125 4.66426992416
1478185878047 lifecam22 3266.43725586 5367.52050781 4.63780117035
1478185878120 lifecam22 3258.66870117 5366.50976562 4.63019800186
1478185878187 lifecam22 3251.58813477 5365.00732422 4.61874103546
1478185878251 lifecam22 3244.66894531 5365.08886719 4.61582708359
1478185878323 lifecam22 3236.98925781 5364.42333984 4.61165046692
1478185878655 lifecam22 3204.17211914 5363.04541016 4.59188508987
1478185878726 lifecam22 3196.44946289 5362.12744141 4.5862660408
1478185878792 lifecam22 3190.51000977 5364.71533203 4.58792686462
1478185879317 lifecam22 3133.63085938 5360.30566406 4.53988456726
1478185879395 lifecam22 3126.09716797 5360.79931641 4.53959465027
1478185879466 lifecam22 3119.08911133 5361.44824219 4.53521680832
1478185879523 lifecam22 3112.68261719 5360.64404297 4.52511692047
1478185879789 lifecam22 3085.50244141 5361.52880859 4.51107549667
1478185879859 lifecam22 3078.60522461 5361.63867188 4.50437927246
1478185879923 lifecam22 3071.73999023 5361.63330078 4.49551916122
1478185879992 lifecam22 3064.61694336 5362.81982422 4.49347734451
1478185880059 lifecam22 3057.76196289 5362.35107422 4.48796081543
1478185880388 lifecam22 3023.12939453 5364.73339844 4.4620885849
1478185880457 lifecam22 3015.56274414 5365.23144531 4.45597648621
1478185880526 lifecam22 3007.92407227 5366.31738281 4.45262908936
1478185880578 lifecam22 3000.17944336 5365.62255859 4.44170188904
1478185880659 lifecam22 2994.98828125 5366.64257812 4.44346761703
1478185880980 lifecam22 2961.00537109 5371.21435547 4.41842556
1478185881054 lifecam22 2953.59375 5371.83203125 4.41250228882
1478185881123 lifecam22 2946.92871094 5373.06445312 4.4117565155
1478185881192 lifecam22 2939.75341797 5374.00634766 4.40515375137
1478185881250 lifecam22 2933.23339844 5375.49804688 4.40483570099
1478185881467 lifecam22 2912.68505859 5378.67431641 4.38803672791
1478185881527 lifecam22 2905.44750977 5378.78955078 4.37955474854
1478185881589 lifecam22 2898.04882812 5380.52587891 4.37638092041
1478185881647 lifecam22 2891.78515625 5382.22265625 4.37085485458
1478185881724 lifecam22 2884.71850586 5383.20214844 4.36939239502
1478185882064 lifecam22 2851.1003418 5389.32666016 4.33843564987
1478185882115 lifecam22 2843.35083008 5390.41943359 4.32873535156
1478185882183 lifecam22 2837.02856445 5392.28271484 4.32961940765
1478185882252 lifecam22 2829.93823242 5393.36279297 4.32292366028
1478185882326 lifecam22 2823.65722656 5396.03515625 4.31984901428
1478185882586 lifecam22 2796.49682617 5401.28955078 4.30246734619
1478185882656 lifecam22 2790.67407227 5404.27734375 4.30694723129
1478185882737 lifecam22 2785.25512695 5406.20214844 4.3064198494
1478185882787 lifecam22 2779.95483398 5407.51318359 4.30501079559
1478185882855 lifecam22 2777.54541016 5410.359375 4.31917762756
1478185889003 lifecam22 2204.80834961 5715.98388672 3.81441235542
1478185889071 lifecam22 2200.49584961 5719.99414062 3.81535243988
1478185889135 lifecam22 2195.19824219 5724.65673828 3.81197929382
1478185889207 lifecam22 2191.09643555 5728.84570312 3.81003212929
1478185889274 lifecam22 2183.73291016 5733.98535156 3.79563808441
1478185889541 lifecam22 2163.07788086 5751.87353516 3.77600717545
1478185889596 lifecam22 2157.52490234 5757.29541016 3.76687836647
1478185889665 lifecam22 2153.04174805 5761.73730469 3.76516222954
1478185889730 lifecam22 2148.12402344 5767.22412109 3.76224040985
1478185889797 lifecam22 2143.28491211 5771.91943359 3.75322723389
1478185890000 lifecam22 2129.55297852 5787.41259766 3.74506211281
1478185890075 lifecam22 2124.19750977 5791.90478516 3.73953986168
1478185890137 lifecam22 2121.23876953 5796.9375 3.74159932137
1478185890198 lifecam22 2115.21459961 5802.70654297 3.73002290726
1478185890266 lifecam22 2110.53515625 5806.90234375 3.7265625
1478185890539 lifecam22 2092.83642578 5828.1875 3.71003746986
1478185890606 lifecam22 2087.37963867 5833.13378906 3.69982099533
1478185890666 lifecam22 2082.99414062 5838.83300781 3.69555568695
1478185890737 lifecam22 2077.94140625 5843.69873047 3.68925476074
1478185890817 lifecam22 2073.54785156 5849.45751953 3.68435025215
1478185891016 lifecam22 2060.93212891 5865.39794922 3.67583537102
1478185891069 lifecam22 2055.56616211 5871.10839844 3.66445994377
1478185891138 lifecam22 2050.39428711 5876.45458984 3.65600323677
1478185891204 lifecam22 2046.76184082 5882.10205078 3.65402746201
1478185891270 lifecam22 2041.26037598 5886.75146484 3.64825057983
1478185891599 lifecam22 2020.57995605 5914.42138672 3.62639856339
1478185891668 lifecam22 2017.59191895 5920.24804688 3.62538862228
1478185891745 lifecam22 2011.57629395 5925.49902344 3.61174249649
1478185891805 lifecam22 2008.4552002 5931.04541016 3.61239528656
1478185891867 lifecam22 2004.59411621 5936.09375 3.60826396942
1478185892082 lifecam22 1991.30725098 5954.31445312 3.58626413345
1478185892149 lifecam22 1988.05187988 5959.7734375 3.58631229401
1478185892201 lifecam22 1985.63122559 5965.95556641 3.59022188187
1478185892267 lifecam22 1982.10656738 5970.43310547 3.58643579483
1478185892342 lifecam22 1976.89208984 5977.09277344 3.57744026184
1478185892603 lifecam22 1962.14025879 6000.85351562 3.55923652649
1478185892670 lifecam22 1957.43823242 6007.29101562 3.54912900925
1478185892735 lifecam22 1952.78515625 6012.83398438 3.5356426239
1478185892813 lifecam22 1948.80358887 6019.08447266 3.53381681442
1478185892877 lifecam22 1945.67297363 6025.71777344 3.53175115585
1478185893210 lifecam22 1944.02600098 6035.02587891 3.54891395569
1478185893270 lifecam22 1943.0411377 6034.46630859 3.54078054428
1478185893338 lifecam22 1943.06347656 6034.80517578 3.54216861725
1478185893419 lifecam22 1943.78723145 6034.57519531 3.54370450974
1478185893478 lifecam22 1943.58679199 6035.21533203 3.54571485519
1478185893686 lifecam22 1944.1307373 6034.85009766 3.54650259018
1478185893735 lifecam22 1943.59851074 6035.06542969 3.54509496689
1478185893816 lifecam22 1943.79870605 6034.15722656 3.54117393494
1478185893877 lifecam22 1944.03344727 6034.22607422 3.54463148117
1478185893938 lifecam22 1943.53173828 6035.12109375 3.54364347458
1478185894289 lifecam22 1943.72619629 6034.74755859 3.5450258255
1478185894349 lifecam22 1944.04760742 6034.80322266 3.54684352875
1478185894408 lifecam22 1943.79614258 6034.63232422 3.54398441315
1478185894476 lifecam22 1943.49645996 6035.04785156 3.54537963867
1478185894540 lifecam22 1943.74658203 6034.44921875 3.54412126541
1478185894815 lifecam22 1943.95556641 6035.00585938 3.54789972305
1478185894873 lifecam22 1943.83581543 6034.88427734 3.54645013809
1478185894940 lifecam22 1943.87329102 6034.64892578 3.54591321945
1478185895014 lifecam22 1943.14233398 6035.07763672 3.54129505157
1478185895077 lifecam22 1943.79614258 6034.63232422 3.54398441315
