1478186367812 lifecam22 3348.71801758 5381.75244141 4.71501684189
1478186367885 lifecam22 3348.61254883 5381.56835938 4.71326494217
1478186367946 lifecam22 3348.80786133 5381.71142578 4.7146282196
1478186368210 lifecam22 3348.77270508 5381.73193359 4.71482133865
1478186368288 lifecam22 3348.69824219 5381.79345703 4.71540498734
1478186368420 lifecam22 3348.67822266 5381.77294922 4.71521043777
1478186368479 lifecam22 3348.66723633 5381.56787109 4.71326398849
1478186368690 lifecam22 3348.62792969 5381.99804688 4.71734476089
1478186368749 lifecam22 3347.63256836 5381.77197266 4.71519947052
1478186368813 lifecam22 3347.43261719 5381.71044922 4.71461868286
1478186368875 lifecam22 3346.91162109 5381.75048828 4.71499872208
1478186368952 lifecam22 3346.91162109 5381.75048828 4.71499872208
1478186369218 lifecam22 3346.37182617 5381.50195312 4.7112402916
1478186369283 lifecam22 3346.62817383 5381.61962891 4.71235609055
1478186369352 lifecam22 3346.91162109 5381.75048828 4.71499872208
1478186369417 lifecam22 3346.65258789 5381.62890625 4.71384334564
1478186369487 lifecam22 3347.5769043 5382.11572266 4.71846246719
1478186369827 lifecam22 3347.19042969 5381.89306641 4.71635055542
1478186369884 lifecam22 3346.91162109 5381.75048828 4.71499872208
1478186369942 lifecam22 3346.62841797 5381.61962891 4.71235609055
1478186370018 lifecam22 3346.91162109 5381.75048828 4.71499872208
1478186370083 lifecam22 3347.5769043 5382.11572266 4.71846246719
1478186370479 lifecam22 3347.41015625 5381.97460938 4.71712398529
1478186370552 lifecam22 3347.19042969 5381.89306641 4.71635055542
1478186370617 lifecam22 3347.19042969 5381.89306641 4.71635055542
1478186370681 lifecam22 3347.19042969 5381.89306641 4.71635055542
1478186370750 lifecam22 3346.91162109 5381.75048828 4.71499872208
1478186371024 lifecam22 3347.19042969 5381.89306641 4.71635055542
1478186371083 lifecam22 3346.91162109 5381.75048828 4.71499872208
1478186371155 lifecam22 3347.19042969 5381.89306641 4.71635055542
1478186371216 lifecam22 3347.5769043 5382.11572266 4.71846246719
1478186371288 lifecam22 3348.5012207 5382.60546875 4.72308778763
1478186371629 lifecam22 3347.62597656 5382.96240234 4.71441793442
1478186371684 lifecam22 3347.109375 5382.24267578 4.71115922928
1478186371761 lifecam22 3349.734375 5383.16894531 4.72564983368
1478186371818 lifecam22 3346.41381836 5381.52783203 4.71288108826
1478186371892 lifecam22 3346.65258789 5381.62890625 4.71384334564
1478186372227 lifecam22 3320.02319336 5375.08691406 4.67471313477
1478186372278 lifecam22 3311.91455078 5373.85302734 4.66785097122
1478186372346 lifecam22 3306.73730469 5374.10986328 4.67736387253
1478186372420 lifecam22 3299.76025391 5373.72802734 4.67349863052
1478186372484 lifecam22 3292.03759766 5373.26904297 4.66714096069
1478186372829 lifecam22 3255.9777832 5367.89355469 4.62925338745
1478186372877 lifecam22 3249.05883789 5367.05078125 4.6258893013
1478186372946 lifecam22 3242.40380859 5366.61181641 4.62389564514
1478186373022 lifecam22 3235.05932617 5365.39697266 4.61098098755
1478186373079 lifecam22 3228.97705078 5365.07128906 4.6129193306
1478186373422 lifecam22 3194.37744141 5363.37011719 4.58900547028
1478186373491 lifecam22 3187.24462891 5363.19042969 4.5806145668
1478186373559 lifecam22 3180.49829102 5362.95800781 4.57717037201
1478186373626 lifecam22 3173.1953125 5362.10302734 4.57168722153
1478186373681 lifecam22 3166.91748047 5363.61572266 4.57486867905
1478186374022 lifecam22 3131.80151367 5363.48876953 4.54638671875
1478186374078 lifecam22 3126.68383789 5363.32275391 4.54795789719
1478186374158 lifecam22 3118.51416016 5363.71582031 4.54056453705
1478186374227 lifecam22 3112.51757812 5363.82666016 4.53775310516
1478186374290 lifecam22 3105.12060547 5363.73876953 4.53141307831
1478186374635 lifecam22 3068.97167969 5362.42480469 4.49233436584
1478186374681 lifecam22 3061.9152832 5362.95800781 4.4895401001
1478186374824 lifecam22 3048.81884766 5364.46533203 4.48936510086
1478186375227 lifecam22 3006.87573242 5368.18798828 4.45649909973
1478186375295 lifecam22 3000.22363281 5368.5 4.4514131546
1478186375351 lifecam22 2994.50195312 5369.93896484 4.45208263397
1478186375420 lifecam22 2986.76464844 5370.28222656 4.4444642067
1478186375489 lifecam22 2980.05029297 5370.55712891 4.43877506256
1478186375831 lifecam22 2946.27050781 5376.25146484 4.41725873947
1478186375898 lifecam22 2939.25366211 5376.76269531 4.41237020493
1478186375957 lifecam22 2932.20825195 5377.98095703 4.40522050858
1478186376027 lifecam22 2924.77709961 5378.46386719 4.40021371841
1478186376087 lifecam22 2917.59179688 5379.78271484 4.39328145981
1478186376439 lifecam22 2882.17236328 5383.81494141 4.35947179794
1478186376491 lifecam22 2874.86010742 5385.42041016 4.35203027725
1478186376565 lifecam22 2868.12060547 5386.32666016 4.35198831558
1478186376629 lifecam22 2861.33056641 5388.20996094 4.35195016861
1478186376694 lifecam22 2855.92016602 5389.79248047 4.35283756256
1478186376966 lifecam22 2827.91235352 5395.59863281 4.32615566254
1478186377035 lifecam22 2821.72412109 5397.21630859 4.32612323761
1478186377090 lifecam22 2814.95654297 5399.20898438 4.32513332367
1478186377162 lifecam22 2807.14819336 5400.59912109 4.31202936172
1478186377228 lifecam22 2801.05981445 5402.42724609 4.30921411514
1478186377496 lifecam22 2774.45532227 5409.01171875 4.29176521301
1478186377566 lifecam22 2768.27270508 5411.93017578 4.29071140289
1478186377622 lifecam22 2761.32226562 5413.83544922 4.28338432312
1478186377701 lifecam22 2755.55639648 5416.55029297 4.28291797638
1478186377760 lifecam22 2748.15307617 5418.10888672 4.27485847473
1478186378034 lifecam22 2721.72607422 5425.41894531 4.25303888321
1478186378090 lifecam22 2713.95605469 5426.07324219 4.24340629578
1478186378165 lifecam22 2707.16918945 5428.60595703 4.23991107941
1478186378237 lifecam22 2699.97509766 5430.22119141 4.23053026199
1478186378303 lifecam22 2694.34985352 5433.37011719 4.23195075989
1478186378566 lifecam22 2666.99536133 5441.63720703 4.2074341774
1478186378631 lifecam22 2661.33642578 5443.65234375 4.200922966
1478186378692 lifecam22 2655.35839844 5447.21582031 4.20863723755
1478186378764 lifecam22 2649.29174805 5449.41455078 4.19969367981
1478186378845 lifecam22 2642.17089844 5451.09863281 4.19307374954
1478186379103 lifecam22 2616.86254883 5462.34570312 4.18148040771
1478186379169 lifecam22 2609.69262695 5464.32666016 4.17084169388
1478186379233 lifecam22 2603.08447266 5466.80615234 4.16660928726
1478186379297 lifecam22 2596.85327148 5469.79785156 4.16541147232
1478186379361 lifecam22 2589.56225586 5472.17919922 4.15561485291
1478186379560 lifecam22 2570.48339844 5480.359375 4.13959932327
1478186379634 lifecam22 2564.203125 5484.23876953 4.13750171661
1478186379692 lifecam22 2556.30102539 5486.52734375 4.12359714508
1478186379769 lifecam22 2550.99243164 5489.11230469 4.12370300293
1478186379835 lifecam22 2543.82250977 5492.484375 4.11661100388
1478186380163 lifecam22 2511.94482422 5506.78759766 4.09337425232
1478186380232 lifecam22 2505.33227539 5509.84765625 4.08992099762
1478186380369 lifecam22 2492.62573242 5516.68115234 4.0783033371
1478186380636 lifecam22 2470.02832031 5530.06152344 4.06986093521
1478186380700 lifecam22 2461.79321289 5533.01660156 4.05479383469
1478186380766 lifecam22 2455.58129883 5535.77148438 4.04883050919
1478186380826 lifecam22 2451.4152832 5539.52197266 4.05164480209
1478186380889 lifecam22 2444.10595703 5542.51904297 4.04629421234
1478186381174 lifecam22 2421.31103516 5557.44287109 4.02983760834
1478186381237 lifecam22 2415.16088867 5561.20507812 4.02185916901
1478186381299 lifecam22 2408.44091797 5564.53857422 4.0150885582
1478186381363 lifecam22 2401.55615234 5567.53955078 4.00488615036
1478186381439 lifecam22 2397.12768555 5571.89404297 4.00987815857
1478186381774 lifecam22 2365.42431641 5590.09570312 3.97572517395
1478186381834 lifecam22 2359.00683594 5594.28271484 3.96593976021
1478186381901 lifecam22 2355.52880859 5598.31347656 3.97623157501
1478186381966 lifecam22 2349.046875 5601.00585938 3.9721763134
1478186382037 lifecam22 2342.51757812 5605.42822266 3.959451437
1478186382367 lifecam22 2313.94555664 5624.85839844 3.92332816124
1478186382430 lifecam22 2306.7109375 5630.19726562 3.91920471191
1478186382501 lifecam22 2302.72705078 5634.04101562 3.91862750053
1478186382564 lifecam22 2296.49584961 5638.64208984 3.91114258766
1478186382636 lifecam22 2289.15942383 5642.08203125 3.90245604515
1478186382895 lifecam22 2269.93164062 5659.13867188 3.89983892441
1478186382967 lifecam22 2264.87329102 5663.04785156 3.89454674721
1478186383036 lifecam22 2257.94799805 5668.81835938 3.88001990318
1478186383097 lifecam22 2252.66162109 5672.43505859 3.87769675255
1478186383162 lifecam22 2245.64404297 5676.99414062 3.86379981041
1478186383503 lifecam22 2218.72045898 5699.88330078 3.84159779549
1478186383566 lifecam22 2213.61401367 5704.28759766 3.83641004562
1478186383635 lifecam22 2208.02929688 5708.70410156 3.8331360817
1478186383706 lifecam22 2202.36181641 5712.91064453 3.82290554047
1478186383765 lifecam22 2197.69360352 5717.80810547 3.82502985001
1478186384107 lifecam22 2172.34716797 5740.59667969 3.80272197723
1478186384174 lifecam22 2166.79541016 5745.48681641 3.79724788666
1478186384239 lifecam22 2161.46069336 5750.64892578 3.78659486771
1478186384307 lifecam22 2156.15380859 5754.80517578 3.78273129463
1478186384373 lifecam22 2153.03808594 5759.59912109 3.78451156616
1478186384645 lifecam22 2131.93457031 5780.109375 3.76167941093
1478186384701 lifecam22 2127.76318359 5784.54980469 3.7586722374
1478186384770 lifecam22 2122.50830078 5789.97021484 3.75109529495
1478186384845 lifecam22 2117.63305664 5794.56103516 3.74801898003
1478186384900 lifecam22 2113.01538086 5799.79638672 3.74258780479
1478186385177 lifecam22 2092.08666992 5820.2265625 3.71515679359
1478186385245 lifecam22 2087.6394043 5825.70410156 3.71038842201
1478186385297 lifecam22 2082.70117188 5830.88964844 3.70578503609
1478186385369 lifecam22 2079.17431641 5835.84863281 3.70529985428
1478186385436 lifecam22 2074.88330078 5841.23339844 3.70579862595
1478186385710 lifecam22 2056.3671875 5862.55224609 3.68253517151
1478186385770 lifecam22 2052.62866211 5867.6796875 3.67880916595
1478186385847 lifecam22 2046.7947998 5873.36816406 3.66937589645
1478186385909 lifecam22 2043.14782715 5878.00097656 3.66737318039
1478186385970 lifecam22 2039.29528809 5883.59521484 3.66634750366
1478186386320 lifecam22 2016.72424316 5910.66357422 3.63273334503
1478186386378 lifecam22 2013.24743652 5915.98046875 3.63558578491
1478186386444 lifecam22 2009.42028809 5922.15527344 3.63142967224
1478186386507 lifecam22 2003.60949707 5927.9140625 3.61941242218
1478186386573 lifecam22 1999.77478027 5933.42041016 3.61357021332
1478186386831 lifecam22 1984.1776123 5956.30419922 3.60158205032
1478186386907 lifecam22 1978.3782959 5961.93408203 3.59108686447
1478186386974 lifecam22 1974.55566406 5967.4765625 3.58384275436
1478186387048 lifecam22 1971.375 5973.28710938 3.58359718323
1478186387107 lifecam22 1967.42541504 5979.05859375 3.57714653015
1478186387383 lifecam22 1950.7779541 6002.67138672 3.55478572845
1478186387442 lifecam22 1948.20935059 6008.33496094 3.54954385757
1478186387510 lifecam22 1943.91418457 6014.57177734 3.5463385582
1478186387573 lifecam22 1940.61425781 6019.34619141 3.54273509979
1478186387643 lifecam22 1937.93322754 6025.36425781 3.54280376434
1478186387914 lifecam22 1936.75830078 6031.60888672 3.55563688278
1478186387974 lifecam22 1936.58581543 6030.94287109 3.55048131943
1478186388040 lifecam22 1936.1776123 6030.91992188 3.549284935
1478186388118 lifecam22 1936.80700684 6031.1796875 3.55075788498
1478186388179 lifecam22 1936.84863281 6030.84912109 3.5523481369
1478186388453 lifecam22 1936.93322754 6030.92871094 3.55200386047
1478186388512 lifecam22 1936.81628418 6030.75878906 3.55174636841
1478186388577 lifecam22 1937.26989746 6030.43603516 3.55448961258
1478186388644 lifecam22 1937.10974121 6030.74853516 3.55419921875
1478186388717 lifecam22 1937.00646973 6030.79150391 3.55470561981
1478186388911 lifecam22 1936.84863281 6030.84912109 3.5523481369
1478186388974 lifecam22 1937.03356934 6030.67626953 3.55450725555
1478186389052 lifecam22 1936.98278809 6030.89697266 3.5524392128
1478186389107 lifecam22 1936.88793945 6030.84423828 3.55389547348
1478186389183 lifecam22 1937.89855957 6030.62792969 3.55916166306
1478186389444 lifecam22 1936.82250977 6030.96435547 3.55254840851
1478186389507 lifecam22 1937.00244141 6030.5859375 3.55390739441
1478186389584 lifecam22 1937.03356934 6030.67626953 3.55450725555
1478186389643 lifecam22 1936.97546387 6030.70117188 3.55410671234
1478186389715 lifecam22 1936.88793945 6030.84423828 3.55389547348
1478186389983 lifecam22 1937.03356934 6030.67626953 3.55450725555
1478186390045 lifecam22 1937.00646973 6030.79150391 3.55470561981
1478186390112 lifecam22 1936.97546387 6030.70117188 3.55410671234
1478186390180 lifecam22 1936.82250977 6030.96435547 3.55254840851
1478186390247 lifecam22 1937.16772461 6030.72412109 3.55459976196
1478186390449 lifecam22 1937.11706543 6030.74560547 3.55423212051
1478186390517 lifecam22 1937.02954102 6030.88818359 3.55402088165
1478186390593 lifecam22 1937.00646973 6030.79150391 3.55470561981
1478186390643 lifecam22 1937.03356934 6030.67626953 3.55450725555
1478186390715 lifecam22 1937.20861816 6030.91357422 3.5556306839
1478186390985 lifecam22 1937.5324707 6030.54931641 3.5571231842
1478186391048 lifecam22 1936.6472168 6031.03857422 3.55134439468
1478186391116 lifecam22 1937.03356934 6030.67626953 3.55450725555
1478186391187 lifecam22 1937.27893066 6030.75195312 3.55450344086
1478186391246 lifecam22 1937.6237793 6030.72216797 3.55732679367
1478186391527 lifecam22 1936.93237305 6030.70458984 3.55253410339
1478186391582 lifecam22 1936.83227539 6030.86474609 3.55350208282
1478186391644 lifecam22 1936.57995605 6030.73779297 3.54968166351
1478186391716 lifecam22 1937.03356934 6030.67626953 3.55450725555
1478186391789 lifecam22 1936.82250977 6030.96435547 3.55254840851
1478186391988 lifecam22 1937.20776367 6030.61132812 3.55436325073
1478186392044 lifecam22 1936.94421387 6030.60498047 3.55348777771
