1478190232406 lifecam22 3346.38476562 5375.21826172 4.68969726562
1478190232611 lifecam22 3346.20263672 5375.18310547 4.68930196762
1478190232677 lifecam22 3346.29589844 5374.87060547 4.68887615204
1478190232740 lifecam22 3345.82348633 5375.16894531 4.68978309631
1478190232806 lifecam22 3345.8605957 5374.92675781 4.6875038147
1478190232874 lifecam22 3345.98852539 5375.17871094 4.68864583969
1478190233151 lifecam22 3344.77807617 5375.97412109 4.69571495056
1478190233203 lifecam22 3344.77807617 5375.97412109 4.69571495056
1478190233271 lifecam22 3345.0144043 5375.90722656 4.69644403458
1478190233349 lifecam22 3344.4753418 5375.69433594 4.69302654266
1478190233405 lifecam22 3344.60449219 5375.9453125 4.69417524338
1478190233617 lifecam22 3344.77807617 5375.97412109 4.69571495056
1478190233679 lifecam22 3344.36474609 5375.71337891 4.69322395325
1478190233747 lifecam22 3344.60449219 5375.9453125 4.69417524338
1478190233815 lifecam22 3344.4753418 5375.69433594 4.69302654266
1478190233887 lifecam22 3344.4753418 5375.69433594 4.69302654266
1478190234147 lifecam22 3344.36254883 5375.8515625 4.69320678711
1478190234201 lifecam22 3344.77807617 5375.97412109 4.69571495056
1478190234279 lifecam22 3344.16552734 5375.39746094 4.6913151741
1478190234351 lifecam22 3344.64916992 5375.72265625 4.6945643425
1478190234407 lifecam22 3344.77807617 5375.97412109 4.69571495056
1478190234681 lifecam22 3345.1418457 5376.16015625 4.6975941658
1478190234744 lifecam22 3344.38647461 5375.60986328 4.6934056282
1478190234822 lifecam22 3344.67041016 5375.60205078 4.69343948364
1478190234880 lifecam22 3344.77807617 5375.97412109 4.69571495056
1478190234955 lifecam22 3345.18676758 5376.19921875 4.69797277451
1478190235215 lifecam22 3345.40917969 5376.19384766 4.70132398605
1478190235282 lifecam22 3345.33666992 5376.21044922 4.69933128357
1478190235349 lifecam22 3345.40917969 5376.19384766 4.70132398605
1478190235416 lifecam22 3345.40698242 5376.05712891 4.70000553131
1478190235485 lifecam22 3346.64892578 5376.53076172 4.70537090302
1478190235748 lifecam22 3347.80859375 5375.77783203 4.69542264938
1478190235811 lifecam22 3350.20996094 5375.12451172 4.69895029068
1478190235879 lifecam22 3344.74536133 5375.99462891 4.69525909424
1478190235951 lifecam22 3344.34057617 5375.42919922 4.69419193268
1478190236016 lifecam22 3346.31323242 5376.12109375 4.70408344269
1478190236280 lifecam22 3316.59350586 5371.00537109 4.68391227722
1478190236351 lifecam22 3309.49389648 5370.97851562 4.6796002388
1478190236418 lifecam22 3303.37841797 5366.95605469 4.66178750992
1478190236478 lifecam22 3295.31616211 5367.19238281 4.65561056137
1478190236550 lifecam22 3292.33276367 5367.98730469 4.67393827438
1478190236823 lifecam22 3264.05126953 5366.20751953 4.65124511719
1478190236887 lifecam22 3256.7980957 5365.30761719 4.65064334869
1478190236950 lifecam22 3249.99414062 5365.15966797 4.64651727676
1478190237019 lifecam22 3242.6418457 5364.87695312 4.64098834991
1478190237085 lifecam22 3235.46240234 5363.93896484 4.63477754593
1478190237287 lifecam22 3214.88867188 5361.59472656 4.61072731018
1478190237353 lifecam22 3207.64404297 5361.00488281 4.60519790649
1478190237426 lifecam22 3200.56494141 5360.33691406 4.60005235672
1478190237478 lifecam22 3193.47045898 5359.75195312 4.59608888626
1478190237560 lifecam22 3186.56274414 5359.91503906 4.59319734573
1478190237832 lifecam22 3158.21801758 5358.52294922 4.57177019119
1478190237884 lifecam22 3151.24731445 5358.39453125 4.5674405098
1478190237952 lifecam22 3144.27075195 5357.54589844 4.5620470047
1478190238026 lifecam22 3137.35595703 5357.72851562 4.55478525162
1478190238087 lifecam22 3129.80566406 5356.54248047 4.54860973358
1478190238363 lifecam22 3103.35839844 5357.54736328 4.53441953659
1478190238414 lifecam22 3095.90795898 5357.65673828 4.52792358398
1478190238496 lifecam22 3089.75317383 5357.83398438 4.52391147614
1478190238559 lifecam22 3082.03466797 5358.42919922 4.51642942429
1478190238622 lifecam22 3074.74829102 5357.88134766 4.50837039948
1478190238890 lifecam22 3048.69433594 5360.64892578 4.50005578995
1478190238952 lifecam22 3041.52734375 5360.48339844 4.49133110046
1478190239021 lifecam22 3034.91552734 5361.76953125 4.49055814743
1478190239085 lifecam22 3027.421875 5362.17333984 4.48421525955
1478190239158 lifecam22 3020.73364258 5363.01416016 4.48051166534
1478190239419 lifecam22 2992.57470703 5364.20751953 4.45347309113
1478190239487 lifecam22 2984.31762695 5364.41748047 4.44329786301
1478190239558 lifecam22 2977.95800781 5365.47558594 4.44015598297
1478190239623 lifecam22 2971.23193359 5366.39306641 4.43727684021
1478190239685 lifecam22 2964.00048828 5366.97412109 4.43409395218
1478190239958 lifecam22 2937.59179688 5370.30859375 4.41876983643
1478190240021 lifecam22 2930.13842773 5370.66699219 4.40807914734
1478190240090 lifecam22 2924.13793945 5372.63183594 4.40758228302
1478190240152 lifecam22 2916.55737305 5372.66796875 4.39977741241
1478190240218 lifecam22 2909.25561523 5374.33740234 4.39116096497
1478190240494 lifecam22 2880.84960938 5377.80566406 4.36869335175
1478190240555 lifecam22 2875.16967773 5379.73046875 4.36855554581
1478190240623 lifecam22 2867.06201172 5381.34765625 4.36071014404
1478190240690 lifecam22 2861.9140625 5382.93896484 4.36250019073
1478190240761 lifecam22 2854.59301758 5384.58837891 4.35799694061
1478190241019 lifecam22 2828.22070312 5390.77392578 4.34018182755
1478190241097 lifecam22 2820.89794922 5392.33300781 4.33469057083
1478190241161 lifecam22 2813.3125 5393.53808594 4.32410240173
1478190241232 lifecam22 2806.33447266 5394.97363281 4.32281637192
1478190241280 lifecam22 2799.5859375 5395.74707031 4.31305551529
1478190241497 lifecam22 2778.61328125 5400.60644531 4.29757499695
1478190241555 lifecam22 2772.62255859 5402.72753906 4.29693746567
1478190241631 lifecam22 2766.21411133 5405.06835938 4.29464054108
1478190241688 lifecam22 2759.1105957 5406.20751953 4.28603172302
1478190241761 lifecam22 2752.52978516 5408.08935547 4.27867603302
1478190242095 lifecam22 2719.86303711 5417.046875 4.2588262558
1478190242153 lifecam22 2713.24462891 5419.76660156 4.25433921814
1478190242223 lifecam22 2707.88354492 5422.00878906 4.25635766983
1478190242294 lifecam22 2700.30395508 5424.14599609 4.24502944946
1478190242354 lifecam22 2691.57568359 5425.796875 4.23288822174
1478190242561 lifecam22 2673.31176758 5433.07617188 4.22302389145
1478190242624 lifecam22 2666.76000977 5435.60644531 4.22082853317
1478190242751 lifecam22 2654.48828125 5440.49804688 4.21207904816
1478190242828 lifecam22 2646.59790039 5442.38183594 4.20164680481
1478190243097 lifecam22 2620.74291992 5452.30419922 4.18492126465
1478190243161 lifecam22 2613.91308594 5454.46533203 4.17689943314
1478190243285 lifecam22 2599.82470703 5458.74316406 4.16165447235
1478190243361 lifecam22 2593.07666016 5461.12402344 4.16121149063
1478190243568 lifecam22 2574.25732422 5470.20361328 4.14993047714
1478190243707 lifecam22 2561.78930664 5475.81396484 4.14093637466
1478190243757 lifecam22 2555.21704102 5478.38623047 4.13186073303
1478190243829 lifecam22 2549.68286133 5481.79345703 4.13325738907
1478190244100 lifecam22 2523.85253906 5492.75195312 4.11559677124
1478190244164 lifecam22 2516.82958984 5496.43994141 4.10646772385
1478190244232 lifecam22 2510.18237305 5499.11572266 4.09676027298
1478190244294 lifecam22 2504.11499023 5502.15625 4.09396934509
1478190244361 lifecam22 2498.15844727 5505.85791016 4.09307575226
1478190244637 lifecam22 2473.51464844 5518.82470703 4.07284259796
1478190244699 lifecam22 2466.13623047 5521.38134766 4.06304073334
1478190244762 lifecam22 2461.30957031 5525.55859375 4.06828737259
1478190244825 lifecam22 2454.26220703 5528.4140625 4.05921649933
1478190244900 lifecam22 2445.82714844 5531.99658203 4.0416021347
1478190245164 lifecam22 2423.0769043 5545.21826172 4.03356647491
1478190245228 lifecam22 2416.29516602 5548.63769531 4.02256774902
1478190245296 lifecam22 2410.1328125 5552.52246094 4.01807308197
1478190245372 lifecam22 2405.49902344 5556.32275391 4.01573705673
1478190245426 lifecam22 2398.64404297 5559.77148438 4.01083803177
1478190245635 lifecam22 2383.09790039 5571.44482422 4.01025056839
1478190245697 lifecam22 2376.09692383 5574.82861328 3.99369454384
1478190245769 lifecam22 2370.72753906 5577.97998047 3.99313211441
1478190245835 lifecam22 2362.94580078 5581.74853516 3.97554039955
1478190245888 lifecam22 2359.38769531 5586.09619141 3.99096012115
1478190246172 lifecam22 2334.7265625 5600.34375 3.95582032204
1478190246232 lifecam22 2327.07299805 5604.47900391 3.94211602211
1478190246292 lifecam22 2322.20507812 5608.0390625 3.93990492821
1478190246374 lifecam22 2315.85717773 5613.38134766 3.93523621559
1478190246427 lifecam22 2310.80908203 5617.28173828 3.93166232109
1478190246638 lifecam22 2291.89575195 5629.89501953 3.91178441048
1478190246705 lifecam22 2287.26904297 5633.84912109 3.906945467
1478190246830 lifecam22 2275.93066406 5643.02099609 3.90395379066
1478190246901 lifecam22 2270.90942383 5646.88867188 3.89820075035
1478190246958 lifecam22 2265.63964844 5650.17431641 3.89362359047
1478190247164 lifecam22 2249.7565918 5663.14013672 3.88268208504
1478190247227 lifecam22 2243.00878906 5667.78613281 3.86977458
1478190247303 lifecam22 2237.38134766 5672.68457031 3.86636185646
1478190247362 lifecam22 2232.5546875 5677.15966797 3.86252188683
1478190247429 lifecam22 2226.92578125 5682.20556641 3.8600256443
1478190247647 lifecam22 2210.43969727 5695.18457031 3.84238910675
1478190247708 lifecam22 2206.44873047 5699.37841797 3.84214353561
1478190247832 lifecam22 2195.57470703 5708.15185547 3.83234739304
1478190247906 lifecam22 2190.23291016 5713.40869141 3.82652974129
1478190248176 lifecam22 2168.80883789 5731.96337891 3.80190038681
1478190248237 lifecam22 2162.9921875 5736.73535156 3.79256749153
1478190248304 lifecam22 2157.9152832 5741.85888672 3.78852534294
1478190248373 lifecam22 2153.0625 5746.30126953 3.78572416306
1478190248431 lifecam22 2147.45507812 5751.40185547 3.77983403206
1478190248630 lifecam22 2131.57055664 5765.81152344 3.76317119598
1478190248709 lifecam22 2127.8737793 5770.54394531 3.7639362812
1478190248772 lifecam22 2122.74438477 5776.23339844 3.7567384243
1478190248836 lifecam22 2118.43212891 5781.17333984 3.75475215912
1478190248909 lifecam22 2114.4621582 5785.86962891 3.75055098534
1478190249177 lifecam22 2094.29785156 5806.11572266 3.73098468781
1478190249239 lifecam22 2090.35083008 5811.44287109 3.72638440132
1478190249304 lifecam22 2085.2331543 5816.65820312 3.72136974335
1478190249380 lifecam22 2081.13696289 5822.03564453 3.71794319153
1478190249428 lifecam22 2076.45947266 5827.54101562 3.71365594864
1478190249638 lifecam22 2062.91772461 5842.64404297 3.70084953308
1478190249702 lifecam22 2058.47924805 5848.11181641 3.69329452515
1478190249780 lifecam22 2054.10644531 5852.83740234 3.68808889389
1478190249845 lifecam22 2048.60449219 5858.57519531 3.68022227287
1478190249905 lifecam22 2043.20593262 5863.69628906 3.67125368118
1478190250166 lifecam22 2024.37072754 5885.91162109 3.64739370346
1478190250237 lifecam22 2019.93371582 5891.26416016 3.64234352112
1478190250298 lifecam22 2015.55212402 5897.04345703 3.63526201248
1478190250379 lifecam22 2011.86218262 5902.02441406 3.64068317413
1478190250432 lifecam22 2008.42370605 5907.52099609 3.63403844833
1478190250641 lifecam22 1996.85339355 5924.16015625 3.62545967102
1478190250705 lifecam22 1992.44494629 5929.54150391 3.62129545212
1478190250779 lifecam22 1988.16540527 5935.69482422 3.61117172241
1478190250837 lifecam22 1984.57800293 5941.41601562 3.60919713974
1478190250913 lifecam22 1980.95617676 5946.54785156 3.60630178452
1478190251177 lifecam22 1962.55993652 5970.22070312 3.57509374619
1478190251242 lifecam22 1959.95397949 5974.93603516 3.58055210114
1478190251365 lifecam22 1953.2322998 5986.64648438 3.57515144348
1478190251436 lifecam22 1949.52819824 5993.36865234 3.56770372391
1478190251641 lifecam22 1937.53356934 6010.79150391 3.55034160614
1478190251704 lifecam22 1933.4473877 6016.41210938 3.5463051796
1478190251778 lifecam22 1934.11975098 6019.29736328 3.55632638931
1478190251834 lifecam22 1934.9798584 6017.0 3.55480289459
1478190251907 lifecam22 1934.40515137 6018.36767578 3.55517482758
1478190252110 lifecam22 1934.98547363 6017.70947266 3.55758953094
1478190252179 lifecam22 1934.98547363 6017.70947266 3.55758953094
1478190252235 lifecam22 1934.69616699 6017.93701172 3.55599784851
1478190252307 lifecam22 1934.98547363 6017.70947266 3.55758953094
1478190252369 lifecam22 1934.98547363 6017.70947266 3.55758953094
1478190252580 lifecam22 1934.98547363 6017.70947266 3.55758953094
1478190252640 lifecam22 1935.46972656 6017.52636719 3.55966949463
1478190252704 lifecam22 1935.62316895 6017.671875 3.56036281586
1478190252784 lifecam22 1935.36584473 6017.58154297 3.56018590927
1478190252836 lifecam22 1935.32531738 6017.68945312 3.55907011032
1478190252898 lifecam22 1935.32531738 6017.68945312 3.55907011032
1478190253046 lifecam22 1935.36584473 6017.58154297 3.56018590927
1478190253112 lifecam22 1934.98547363 6017.70947266 3.55758953094
1478190253185 lifecam22 1935.62316895 6017.671875 3.56036281586
1478190253251 lifecam22 1935.02612305 6017.6015625 3.55870771408
1478190253306 lifecam22 1935.62316895 6017.671875 3.56036281586
1478190253510 lifecam22 1934.98547363 6017.70947266 3.55758953094
1478190253575 lifecam22 1935.32531738 6017.68945312 3.55907011032
1478190253659 lifecam22 1935.21948242 6017.73486328 3.55826473236
1478190253709 lifecam22 1935.32531738 6017.68945312 3.55907011032
1478190253778 lifecam22 1935.17907715 6017.84277344 3.55714797974
1478190254045 lifecam22 1935.46972656 6017.52636719 3.55966949463
1478190254110 lifecam22 1935.32531738 6017.68945312 3.55907011032
1478190254179 lifecam22 1935.31555176 6017.59033203 3.55860090256
1478190254243 lifecam22 1935.32531738 6017.68945312 3.55907011032
1478190254315 lifecam22 1935.02612305 6017.6015625 3.55870771408
1478190254585 lifecam22 1935.36584473 6017.58154297 3.56018590927
1478190254651 lifecam22 1935.02612305 6017.6015625 3.55870771408
1478190254716 lifecam22 1935.32531738 6017.68945312 3.55907011032
1478190254773 lifecam22 1935.32531738 6017.68945312 3.55907011032
1478190254849 lifecam22 1935.02612305 6017.6015625 3.55870771408
1478190255110 lifecam22 1935.32287598 6017.58447266 3.55999565125
