1478190559913 lifecam22 3346.20751953 5373.11328125 4.69777011871
1478190560188 lifecam22 3346.68798828 5374.51611328 4.71277093887
1478190560248 lifecam22 3346.41015625 5374.390625 4.71157407761
1478190560317 lifecam22 3346.69750977 5374.66503906 4.71418619156
1478190560392 lifecam22 3346.41015625 5374.390625 4.71157407761
1478190560451 lifecam22 3346.41015625 5374.390625 4.71157407761
1478190560722 lifecam22 3346.41015625 5374.390625 4.71157407761
1478190560782 lifecam22 3346.54663086 5374.10449219 4.70884275436
1478190560850 lifecam22 3346.20532227 5373.65869141 4.70304679871
1478190560925 lifecam22 3346.42651367 5373.71582031 4.70512008667
1478190560987 lifecam22 3346.62963867 5374.32177734 4.71091794968
1478190561193 lifecam22 3346.47460938 5374.03613281 4.70818805695
1478190561249 lifecam22 3347.3203125 5374.26171875 4.71145677567
1478190561316 lifecam22 3347.47998047 5374.01904297 4.70802736282
1478190561390 lifecam22 3347.8581543 5373.97753906 4.70762681961
1478190561445 lifecam22 3347.8581543 5373.97753906 4.70762681961
1478190561736 lifecam22 3347.05932617 5373.50634766 4.7015337944
1478190561794 lifecam22 3347.82177734 5373.92626953 4.70561265945
1478190561845 lifecam22 3348.78051758 5374.26269531 4.70887851715
1478190561922 lifecam22 3348.05029297 5374.00244141 4.70635175705
1478190561987 lifecam22 3345.80566406 5373.515625 4.69112586975
1478190562049 lifecam22 3348.10400391 5374.15429688 4.69536304474
1478190562450 lifecam22 3346.83154297 5374.65380859 4.71407699585
1478190562517 lifecam22 3339.55444336 5374.52783203 4.71288013458
1478190562586 lifecam22 3332.55444336 5374.52783203 4.71288251877
1478190562654 lifecam22 3325.89208984 5373.73632812 4.70531845093
1478190562719 lifecam22 3318.55444336 5374.52783203 4.71288156509
1478190562923 lifecam22 3296.10083008 5366.39306641 4.66004610062
1478190563047 lifecam22 3284.96728516 5366.97460938 4.67086172104
1478190563121 lifecam22 3277.01977539 5366.04541016 4.66556978226
1478190563185 lifecam22 3271.64233398 5365.68066406 4.66209697723
1478190563393 lifecam22 3249.04931641 5361.77001953 4.64179420471
1478190563453 lifecam22 3242.12792969 5361.70507812 4.63733243942
1478190563519 lifecam22 3235.22387695 5360.44726562 4.63520860672
1478190563590 lifecam22 3228.32983398 5360.98193359 4.63381004333
1478190563657 lifecam22 3220.63085938 5359.64453125 4.62269687653
1478190563990 lifecam22 3186.42602539 5357.92382812 4.59615182877
1478190564054 lifecam22 3179.09130859 5357.34619141 4.58558368683
1478190564124 lifecam22 3171.93066406 5357.33837891 4.57865476608
1478190564187 lifecam22 3164.99609375 5357.15429688 4.57701969147
1478190564257 lifecam22 3158.82250977 5357.44335938 4.57704782486
1478190564526 lifecam22 3131.42163086 5356.67675781 4.55769205093
1478190564592 lifecam22 3124.3984375 5355.94580078 4.54827356339
1478190564658 lifecam22 3117.30297852 5356.86669922 4.54734611511
1478190564719 lifecam22 3110.29711914 5355.76904297 4.53629112244
1478190564785 lifecam22 3103.55517578 5357.14160156 4.53633069992
1478190565120 lifecam22 3068.11376953 5357.41894531 4.50875663757
1478190565191 lifecam22 3060.54296875 5357.484375 4.50186729431
1478190565254 lifecam22 3054.3984375 5357.77294922 4.5036854744
1478190565329 lifecam22 3047.02783203 5357.65332031 4.49270486832
1478190565389 lifecam22 3040.04248047 5357.890625 4.49100446701
1478190565661 lifecam22 3013.93896484 5361.01269531 4.47603988647
1478190565725 lifecam22 3006.47436523 5361.00244141 4.46808385849
1478190565795 lifecam22 2999.75097656 5362.00634766 4.46455812454
1478190565853 lifecam22 2992.60180664 5362.03564453 4.45659589767
1478190565926 lifecam22 2985.25073242 5362.29345703 4.45113897324
1478190566202 lifecam22 2957.87744141 5367.32226562 4.43865823746
1478190566257 lifecam22 2951.49023438 5366.88769531 4.42702770233
1478190566324 lifecam22 2944.63842773 5368.49072266 4.42515563965
1478190566394 lifecam22 2938.24584961 5369.02539062 4.4225487709
1478190566455 lifecam22 2930.70800781 5369.92871094 4.41418361664
1478190566734 lifecam22 2902.65820312 5373.50048828 4.38998889923
1478190566791 lifecam22 2895.47290039 5374.02880859 4.3864402771
1478190566866 lifecam22 2888.55175781 5375.67529297 4.37927293777
1478190566929 lifecam22 2881.46191406 5375.66699219 4.37233734131
1478190567003 lifecam22 2874.96972656 5377.3671875 4.37096405029
1478190567334 lifecam22 2840.17871094 5384.13427734 4.34666824341
1478190567398 lifecam22 2833.93432617 5386.04101562 4.34777259827
1478190567461 lifecam22 2827.54980469 5387.76953125 4.34318685532
1478190567530 lifecam22 2820.96679688 5389.99414062 4.33916044235
1478190567593 lifecam22 2813.77368164 5390.97167969 4.33190965652
1478190567866 lifecam22 2786.60571289 5396.67626953 4.30693101883
1478190567930 lifecam22 2779.59179688 5398.92041016 4.30770015717
1478190567990 lifecam22 2773.72924805 5400.23242188 4.30479621887
1478190568065 lifecam22 2767.21679688 5403.18652344 4.30230712891
1478190568129 lifecam22 2760.52099609 5404.90869141 4.29708003998
1478190568397 lifecam22 2732.03369141 5411.58203125 4.26497077942
1478190568461 lifecam22 2725.43774414 5413.57080078 4.26147651672
1478190568534 lifecam22 2720.06030273 5415.97509766 4.26484060287
1478190568665 lifecam22 2706.93652344 5419.84277344 4.25635290146
1478190569004 lifecam22 2671.27270508 5429.41308594 4.21953248978
1478190569069 lifecam22 2665.67626953 5432.36962891 4.21955537796
1478190569133 lifecam22 2660.39599609 5434.40185547 4.2183098793
1478190569197 lifecam22 2653.93945312 5437.11230469 4.21439599991
1478190569265 lifecam22 2647.09399414 5439.86669922 4.21166563034
1478190569464 lifecam22 2627.56030273 5446.84472656 4.20010375977
1478190569522 lifecam22 2620.33569336 5449.42236328 4.18731927872
1478190569603 lifecam22 2613.02856445 5451.77246094 4.18205928802
1478190569667 lifecam22 2608.20605469 5453.30517578 4.18376684189
1478190569736 lifecam22 2601.85522461 5456.45458984 4.17717313766
1478190570004 lifecam22 2575.4296875 5467.72802734 4.15767908096
1478190570067 lifecam22 2568.95825195 5470.49560547 4.15267086029
1478190570130 lifecam22 2563.55761719 5472.90966797 4.15111398697
1478190570203 lifecam22 2555.10668945 5476.07421875 4.13945484161
1478190570266 lifecam22 2549.15014648 5478.40332031 4.13506650925
1478190570531 lifecam22 2522.11132812 5489.38037109 4.11244916916
1478190570598 lifecam22 2515.47583008 5492.44238281 4.10417509079
1478190570663 lifecam22 2508.51879883 5495.02294922 4.10118198395
1478190570736 lifecam22 2503.27392578 5498.34912109 4.0964846611
1478190570803 lifecam22 2495.8840332 5501.66601562 4.08853340149
1478190571005 lifecam22 2478.7890625 5511.32080078 4.0828576088
1478190571065 lifecam22 2473.09765625 5514.72998047 4.07849216461
1478190571132 lifecam22 2466.49145508 5518.26220703 4.07474660873
1478190571196 lifecam22 2460.27783203 5521.18164062 4.06979179382
1478190571268 lifecam22 2454.13476562 5524.95800781 4.06544065475
1478190571604 lifecam22 2424.64599609 5541.7265625 4.0406627655
1478190571667 lifecam22 2417.15136719 5544.46923828 4.0336227417
1478190571733 lifecam22 2411.89868164 5548.7421875 4.03157615662
1478190571804 lifecam22 2404.53417969 5552.26171875 4.01844358444
1478190571868 lifecam22 2399.23657227 5556.23242188 4.017182827
1478190572142 lifecam22 2374.85546875 5570.35644531 3.99295091629
1478190572203 lifecam22 2367.72558594 5574.41064453 3.98825144768
1478190572272 lifecam22 2362.54492188 5577.65332031 3.98512339592
1478190572341 lifecam22 2355.4921875 5580.73144531 3.97492241859
1478190572397 lifecam22 2350.39404297 5584.19775391 3.97483992577
1478190572677 lifecam22 2328.42260742 5599.55859375 3.95857024193
1478190572738 lifecam22 2320.13110352 5604.14550781 3.94467425346
1478190572807 lifecam22 2315.70874023 5608.02685547 3.94306015968
1478190572871 lifecam22 2311.4831543 5611.81640625 3.95006752014
1478190572933 lifecam22 2304.30395508 5616.74267578 3.93241047859
1478190573148 lifecam22 2286.71166992 5628.75097656 3.91430163383
1478190573205 lifecam22 2281.49365234 5633.03564453 3.91656756401
1478190573270 lifecam22 2277.27563477 5637.58642578 3.91666316986
1478190573333 lifecam22 2271.48168945 5642.61230469 3.90944075584
1478190573398 lifecam22 2264.58154297 5646.15673828 3.89675688744
1478190573672 lifecam22 2242.58959961 5663.06689453 3.87972712517
1478190573738 lifecam22 2236.79418945 5667.35644531 3.87231421471
1478190573803 lifecam22 2231.13452148 5672.43798828 3.86636614799
1478190573875 lifecam22 2226.92602539 5676.77392578 3.86849379539
1478190573931 lifecam22 2220.20361328 5681.26416016 3.85891747475
1478190574209 lifecam22 2198.83886719 5698.44775391 3.84230470657
1478190574270 lifecam22 2192.3371582 5703.61474609 3.83212018013
1478190574339 lifecam22 2188.00170898 5707.90625 3.83003330231
1478190574400 lifecam22 2181.49609375 5712.71337891 3.82032775879
1478190574471 lifecam22 2177.24609375 5716.44189453 3.81727719307
1478190574680 lifecam22 2160.92016602 5730.97998047 3.79971957207
1478190574740 lifecam22 2156.01367188 5735.32666016 3.79715657234
1478190574804 lifecam22 2151.80078125 5740.27148438 3.79366493225
1478190574869 lifecam22 2146.81591797 5745.80664062 3.78990221024
1478190574939 lifecam22 2141.55444336 5749.77441406 3.78506970406
1478190575210 lifecam22 2122.17114258 5770.03515625 3.76860761642
1478190575275 lifecam22 2118.09545898 5774.95556641 3.76752924919
1478190575343 lifecam22 2112.59570312 5780.42480469 3.75826644897
1478190575404 lifecam22 2107.02099609 5785.09033203 3.74901819229
1478190575473 lifecam22 2103.39746094 5789.88134766 3.75098204613
1478190575687 lifecam22 2086.84594727 5805.14990234 3.72847247124
1478190575737 lifecam22 2081.79589844 5810.79003906 3.71925783157
1478190575807 lifecam22 2078.02148438 5815.28271484 3.72070837021
1478190575876 lifecam22 2072.9777832 5821.01171875 3.70958828926
1478190575934 lifecam22 2068.29394531 5826.24560547 3.71273946762
1478190576216 lifecam22 2051.18530273 5847.07714844 3.69492173195
1478190576278 lifecam22 2045.56335449 5851.67480469 3.68807911873
1478190576346 lifecam22 2041.87683105 5857.54882812 3.68472599983
1478190576406 lifecam22 2036.0645752 5862.03759766 3.67349028587
1478190576480 lifecam22 2032.55847168 5868.19189453 3.67485237122
1478190576684 lifecam22 2018.72253418 5883.48974609 3.65578913689
1478190576744 lifecam22 2014.28723145 5889.99951172 3.64859008789
1478190576802 lifecam22 2010.15222168 5894.59765625 3.64608287811
1478190576872 lifecam22 2006.96960449 5899.83691406 3.64578866959
1478190576941 lifecam22 2002.31604004 5905.75927734 3.64035987854
1478190577001 lifecam22 1997.47521973 5911.60400391 3.6323184967
1478190577281 lifecam22 1981.96459961 5934.24902344 3.61725568771
1478190577341 lifecam22 1977.99768066 5939.8671875 3.61580896378
1478190577412 lifecam22 1972.82800293 5945.62939453 3.6015124321
1478190577472 lifecam22 1968.71386719 5951.35546875 3.60193252563
1478190577543 lifecam22 1963.7598877 5956.75439453 3.59194421768
1478190577815 lifecam22 1947.89404297 5980.78808594 3.57029771805
1478190577881 lifecam22 1943.70275879 5986.22314453 3.56469631195
1478190577944 lifecam22 1940.70263672 5991.98486328 3.56179571152
1478190578018 lifecam22 1937.01281738 5997.35546875 3.560795784
1478190578076 lifecam22 1934.15722656 6002.95703125 3.55876111984
1478190578411 lifecam22 1930.71887207 6010.22753906 3.55986166
1478190578479 lifecam22 1930.24475098 6010.47412109 3.55663537979
1478190578549 lifecam22 1930.86157227 6010.16650391 3.55958938599
1478190578620 lifecam22 1931.0201416 6009.92773438 3.56158447266
1478190578685 lifecam22 1930.7869873 6010.20361328 3.56077814102
1478190578948 lifecam22 1931.2668457 6009.78710938 3.56292247772
1478190579014 lifecam22 1931.50354004 6009.62011719 3.56334877014
1478190579077 lifecam22 1931.69250488 6009.75878906 3.56409549713
1478190579149 lifecam22 1931.86328125 6009.54980469 3.56495332718
1478190579216 lifecam22 1931.98828125 6009.65332031 3.56491374969
1478190579481 lifecam22 1931.76391602 6009.50195312 3.56498336792
1478190579545 lifecam22 1931.2019043 6009.74755859 3.56114816666
1478190579613 lifecam22 1931.71862793 6009.82714844 3.56349945068
1478190579686 lifecam22 1931.57055664 6009.80126953 3.56325912476
1478190579751 lifecam22 1931.55566406 6009.89794922 3.5623626709
1478190579953 lifecam22 1931.48999023 6009.81689453 3.56281375885
1478190580020 lifecam22 1931.67993164 6009.86083984 3.56316041946
1478190580085 lifecam22 1932.01196289 6009.515625 3.56582689285
1478190580146 lifecam22 1932.19226074 6009.54833984 3.56624317169
