1478614697273 lifecam22 3194.17285156 5863.79150391 4.64269161224
1478614697332 lifecam22 3193.98339844 5863.89257812 4.64482927322
1478614697400 lifecam22 3192.93725586 5863.16357422 4.63713359833
1478614697474 lifecam22 3192.57788086 5863.13183594 4.63514995575
1478614697616 lifecam22 3192.61523438 5863.96142578 4.63735866547
1478614697669 lifecam22 3192.26904297 5863.59814453 4.63645172119
1478614697739 lifecam22 3192.13061523 5863.66992188 4.63743495941
1478614697805 lifecam22 3192.55419922 5863.88574219 4.63664960861
1478614697877 lifecam22 3192.01489258 5863.421875 4.6350274086
1478614698137 lifecam22 3192.20556641 5863.95898438 4.63701534271
1478614698200 lifecam22 3192.49511719 5863.97167969 4.63739776611
1478614698266 lifecam22 3192.0925293 5863.62060547 4.63561487198
1478614698332 lifecam22 3192.34619141 5863.9765625 4.636074543
1478614698410 lifecam22 3192.05810547 5863.72705078 4.63657283783
1478614698541 lifecam22 3192.92456055 5864.17578125 4.63969564438
1478614698603 lifecam22 3192.4296875 5863.90136719 4.63685035706
1478614698677 lifecam22 3192.34619141 5863.9765625 4.636074543
1478614698725 lifecam22 3192.4296875 5863.90136719 4.63685035706
1478614698801 lifecam22 3192.0925293 5863.62060547 4.63561487198
1478614699001 lifecam22 3192.09155273 5863.61865234 4.63428449631
1478614699081 lifecam22 3192.63671875 5863.81054688 4.63742303848
1478614699137 lifecam22 3192.7109375 5863.62158203 4.63701152802
1478614699201 lifecam22 3193.08520508 5863.93603516 4.63898944855
1478614699260 lifecam22 3193.12255859 5863.83105469 4.63804578781
1478614699471 lifecam22 3194.10083008 5864.01660156 4.64063358307
1478614699534 lifecam22 3194.42089844 5864.24609375 4.6430478096
1478614699602 lifecam22 3194.17626953 5864.05761719 4.64108228683
1478614699662 lifecam22 3194.23730469 5864.3828125 4.6414680481
1478614699748 lifecam22 3193.58740234 5864.11328125 4.6397061348
1478614699820 lifecam22 3194.34179688 5864.34326172 4.64251232147
1478614699874 lifecam22 3194.09155273 5864.12255859 4.64160823822
1478614699949 lifecam22 3193.59545898 5863.97753906 4.63982582092
1478614700012 lifecam22 3194.18945312 5864.49951172 4.64382839203
1478614700064 lifecam22 3194.41113281 5864.38134766 4.64292621613
1478614700278 lifecam22 3194.86938477 5864.23095703 4.64074802399
1478614700338 lifecam22 3194.28881836 5864.41162109 4.64053297043
1478614700399 lifecam22 3194.42553711 5864.54101562 4.64053869247
1478614700464 lifecam22 3194.12719727 5864.58398438 4.63791513443
1478614700534 lifecam22 3194.5546875 5864.78564453 4.64018774033
1478614700680 lifecam22 3193.87841797 5864.87988281 4.64315748215
1478614700734 lifecam22 3194.01757812 5864.45751953 4.64070367813
1478614700803 lifecam22 3192.23339844 5863.81103516 4.63566064835
1478614700873 lifecam22 3193.85498047 5864.41748047 4.64276647568
1478614700927 lifecam22 3184.734375 5863.33496094 4.62877750397
1478614701141 lifecam22 3166.67626953 5865.79296875 4.64351177216
1478614701210 lifecam22 3160.26635742 5866.38134766 4.64720821381
1478614701286 lifecam22 3155.48388672 5866.97363281 4.64917230606
1478614701339 lifecam22 3149.03100586 5868.26123047 4.6549282074
1478614701402 lifecam22 3145.09594727 5870.23095703 4.66965484619
1478614701533 lifecam22 3133.79614258 5873.39990234 4.68809461594
1478614701609 lifecam22 3126.90527344 5873.50634766 4.68906354904
1478614701677 lifecam22 3120.11914062 5873.43505859 4.69096708298
1478614701746 lifecam22 3113.95849609 5873.92480469 4.6958861351
1478614701810 lifecam22 3107.42919922 5873.59130859 4.69674682617
1478614701937 lifecam22 3097.84472656 5876.46142578 4.72406864166
1478614702016 lifecam22 3092.73828125 5877.76953125 4.73365068436
1478614702075 lifecam22 3087.58398438 5877.89257812 4.73977661133
1478614702141 lifecam22 3080.91699219 5877.93847656 4.7402048111
1478614702218 lifecam22 3074.51098633 5877.97607422 4.74211406708
1478614702347 lifecam22 3062.15795898 5878.55371094 4.75748634338
1478614702410 lifecam22 3058.36279297 5879.74951172 4.77166700363
1478614702474 lifecam22 3051.90942383 5880.30908203 4.77648067474
1478614702544 lifecam22 3045.64208984 5880.07373047 4.77666330338
1478614702608 lifecam22 3039.58203125 5880.63232422 4.78128767014
1478614702748 lifecam22 3029.19628906 5882.37548828 4.80674886703
1478614702813 lifecam22 3023.20288086 5881.57373047 4.81013154984
1478614702880 lifecam22 3018.16967773 5883.15527344 4.82059907913
1478614702942 lifecam22 3012.37451172 5882.1875 4.82004594803
1478614703006 lifecam22 3006.76391602 5882.0703125 4.82575798035
1478614703206 lifecam22 2989.87133789 5882.21875 4.84855079651
1478614703265 lifecam22 2983.6965332 5882.47509766 4.85601949692
1478614703335 lifecam22 2977.34228516 5882.27880859 4.85980081558
1478614703400 lifecam22 2971.4206543 5881.67675781 4.86570262909
1478614703467 lifecam22 2965.98852539 5881.70800781 4.87319755554
1478614703546 lifecam22 2960.27978516 5880.9765625 4.87685632706
1478614703599 lifecam22 2953.88427734 5880.17822266 4.88330316544
1478614703673 lifecam22 2948.93066406 5880.40234375 4.8948559761
1478614703746 lifecam22 2942.79248047 5879.63525391 4.8981294632
1478614703810 lifecam22 2937.44702148 5879.37792969 4.90448713303
1478614703878 lifecam22 2931.31347656 5877.81542969 4.9081735611
1478614703949 lifecam22 2925.83032227 5878.43115234 4.91508817673
1478614704016 lifecam22 2919.2175293 5875.84228516 4.91320180893
1478614704082 lifecam22 2913.54174805 5876.76464844 4.92547607422
1478614704155 lifecam22 2907.59106445 5875.12744141 4.93295383453
1478614704208 lifecam22 2902.08642578 5876.10498047 4.94145917892
1478614704349 lifecam22 2890.52319336 5874.49462891 4.95574474335
1478614704414 lifecam22 2884.83447266 5873.18505859 4.96008968353
1478614704485 lifecam22 2879.78735352 5874.02587891 4.97593259811
1478614704553 lifecam22 2873.72338867 5872.79101562 4.98198843002
1478614704621 lifecam22 2868.74121094 5872.70751953 4.99155521393
1478614704812 lifecam22 2851.27783203 5868.07226562 5.00115871429
1478614704886 lifecam22 2845.88452148 5865.97460938 5.00472974777
1478614704938 lifecam22 2840.24853516 5866.70068359 5.01648712158
1478614705009 lifecam22 2834.24829102 5864.88525391 5.01994276047
1478614705143 lifecam22 2822.93530273 5863.77001953 5.03401851654
1478614705221 lifecam22 2817.80395508 5861.75292969 5.03962755203
1478614705284 lifecam22 2812.31274414 5861.50537109 5.0497841835
1478614705338 lifecam22 2806.4453125 5859.53222656 5.05537891388
1478614705410 lifecam22 2801.29272461 5858.63037109 5.06535339355
1478614705614 lifecam22 2783.82177734 5854.50585938 5.08655929565
1478614705680 lifecam22 2779.45214844 5851.55615234 5.08345842361
1478614705747 lifecam22 2773.0222168 5850.45214844 5.0942158699
1478614705810 lifecam22 2767.72119141 5848.65673828 5.09886598587
1478614705877 lifecam22 2762.03808594 5848.05273438 5.10828876495
1478614706019 lifecam22 2751.07055664 5844.828125 5.12044763565
1478614706076 lifecam22 2745.01513672 5842.26904297 5.12653827667
1478614706137 lifecam22 2739.4934082 5840.88183594 5.13292789459
1478614706221 lifecam22 2734.07983398 5838.77978516 5.14298725128
1478614706270 lifecam22 2727.77075195 5838.31787109 5.14912605286
1478614706420 lifecam22 2717.65332031 5834.40185547 5.16232824326
1478614706474 lifecam22 2712.33154297 5832.54833984 5.16979265213
1478614706541 lifecam22 2707.23925781 5829.4140625 5.17140579224
1478614706607 lifecam22 2701.359375 5828.08251953 5.18041324615
1478614706674 lifecam22 2696.10888672 5825.82324219 5.18664121628
1478614706881 lifecam22 2679.46191406 5821.42382812 5.2139840126
1478614706952 lifecam22 2674.01977539 5818.61914062 5.21720647812
1478614707017 lifecam22 2668.64648438 5816.53662109 5.22656536102
1478614707080 lifecam22 2663.27929688 5814.78173828 5.23320055008
1478614707144 lifecam22 2658.04248047 5812.09179688 5.238676548
1478614707291 lifecam22 2647.88745117 5805.96777344 5.24908781052
1478614707404 lifecam22 2637.32788086 5800.47363281 5.25722122192
1478614707478 lifecam22 2632.04907227 5798.52880859 5.26498508453
1478614707544 lifecam22 2626.34863281 5794.49072266 5.26641321182
1478614707622 lifecam22 2621.32421875 5793.70800781 5.28216314316
1478614707685 lifecam22 2616.14868164 5790.57617188 5.28847169876
1478614707767 lifecam22 2611.01904297 5789.54394531 5.29927539825
1478614707823 lifecam22 2605.45629883 5786.40576172 5.30288791656
1478614707894 lifecam22 2600.88818359 5782.79736328 5.30685091019
1478614707942 lifecam22 2595.42993164 5781.22265625 5.31658363342
1478614708095 lifecam22 2584.89038086 5776.59228516 5.33699035645
1478614708158 lifecam22 2580.39355469 5772.65869141 5.3403134346
1478614708210 lifecam22 2575.73168945 5769.81933594 5.34353685379
1478614708289 lifecam22 2570.70410156 5766.41259766 5.35035037994
1478614708357 lifecam22 2565.98071289 5763.12597656 5.35250854492
1478614708557 lifecam22 2550.64648438 5755.24658203 5.38241434097
1478614708625 lifecam22 2546.31542969 5752.47363281 5.38749980927
1478614708678 lifecam22 2540.3840332 5748.80273438 5.39007806778
1478614708752 lifecam22 2536.36523438 5745.08544922 5.39551925659
1478614708812 lifecam22 2530.95166016 5743.78173828 5.40866184235
1478614708940 lifecam22 2521.74243164 5736.61914062 5.41800117493
1478614709016 lifecam22 2517.08520508 5732.56396484 5.42321109772
1478614709081 lifecam22 2512.1340332 5728.453125 5.42431020737
1478614709160 lifecam22 2508.03613281 5726.23925781 5.43692970276
1478614709229 lifecam22 2503.35400391 5723.41308594 5.44956970215
1478614709421 lifecam22 2488.5769043 5712.53759766 5.46567153931
1478614709488 lifecam22 2484.67089844 5710.25878906 5.47661352158
1478614709542 lifecam22 2479.60668945 5706.49169922 5.48475885391
1478614709617 lifecam22 2474.39306641 5700.92578125 5.48167705536
1478614709695 lifecam22 2470.078125 5697.9921875 5.49174499512
1478614709823 lifecam22 2461.41430664 5691.36132812 5.50587701797
1478614709879 lifecam22 2456.53271484 5688.04736328 5.51352787018
1478614709943 lifecam22 2452.54980469 5682.47607422 5.51394796371
1478614710014 lifecam22 2448.90039062 5680.48681641 5.52644014359
1478614710084 lifecam22 2445.04785156 5676.00585938 5.52761650085
1478614710222 lifecam22 2434.86743164 5668.43701172 5.54498147964
1478614710287 lifecam22 2430.07983398 5666.32666016 5.55883741379
1478614710361 lifecam22 2425.81762695 5661.29833984 5.55969953537
1478614710418 lifecam22 2421.07543945 5659.73144531 5.57546854019
1478614710491 lifecam22 2418.05078125 5654.90380859 5.58211135864
1478614710615 lifecam22 2408.69091797 5646.47314453 5.59199857712
1478614710692 lifecam22 2405.04272461 5642.03710938 5.59487771988
1478614710767 lifecam22 2400.55615234 5639.86132812 5.60918664932
1478614710830 lifecam22 2397.81665039 5634.83642578 5.61379718781
1478614710887 lifecam22 2393.38989258 5631.08544922 5.6222319603
1478614711027 lifecam22 2385.31616211 5621.87060547 5.62814950943
1478614711081 lifecam22 2380.91503906 5617.92236328 5.63536548615
1478614711149 lifecam22 2376.43652344 5614.32861328 5.64718055725
1478614711214 lifecam22 2372.47314453 5610.22070312 5.65407705307
1478614711285 lifecam22 2368.5480957 5605.68847656 5.65883970261
1478614711426 lifecam22 2360.52539062 5596.69140625 5.66947889328
1478614711480 lifecam22 2356.54907227 5594.19384766 5.68784999847
1478614711544 lifecam22 2352.81054688 5587.45019531 5.68371629715
1478614711619 lifecam22 2348.8684082 5584.83447266 5.69593524933
1478614711698 lifecam22 2345.41015625 5579.28955078 5.69872379303
1478614711828 lifecam22 2338.50585938 5569.02392578 5.70104503632
1478614711884 lifecam22 2335.26513672 5565.90820312 5.71718358994
1478614711948 lifecam22 2331.3034668 5560.33935547 5.71718788147
1478614712016 lifecam22 2327.83129883 5556.74560547 5.731965065
1478614712090 lifecam22 2323.41748047 5552.13574219 5.73778915405
1478614712291 lifecam22 2313.48706055 5537.39306641 5.75178289413
1478614712364 lifecam22 2309.86816406 5534.20654297 5.76648807526
1478614712479 lifecam22 2303.35253906 5525.36914062 5.78129768372
1478614712566 lifecam22 2300.5625 5520.46875 5.78399181366
1478614712747 lifecam22 2290.79052734 5504.82421875 5.80026960373
1478614712815 lifecam22 2286.27929688 5501.43652344 5.81559801102
1478614712890 lifecam22 2283.73535156 5496.50488281 5.82155370712
1478614712957 lifecam22 2280.28369141 5491.4921875 5.82684755325
1478614713025 lifecam22 2277.81762695 5485.89550781 5.82785129547
1478614713095 lifecam22 2273.80957031 5481.19628906 5.83709430695
1478614713158 lifecam22 2270.80810547 5475.61962891 5.84077072144
1478614713239 lifecam22 2268.0859375 5471.30029297 5.85284757614
1478614713290 lifecam22 2264.25561523 5467.09033203 5.86144542694
1478614713350 lifecam22 2261.32763672 5461.11376953 5.86483764648
1478614713559 lifecam22 2253.40478516 5447.03466797 5.88727140427
1478614713633 lifecam22 2250.96435547 5440.44384766 5.88564348221
1478614713680 lifecam22 2247.67602539 5435.54296875 5.89073085785
1478614713751 lifecam22 2244.83691406 5430.00097656 5.90101194382
1478614713958 lifecam22 2237.06567383 5415.79980469 5.92279052734
1478614714029 lifecam22 2233.58032227 5409.33056641 5.92691850662
1478614714101 lifecam22 2232.64282227 5404.0859375 5.93060350418
1478614714151 lifecam22 2228.75146484 5399.83496094 5.94209289551
1478614714228 lifecam22 2227.2878418 5394.47412109 5.94808244705
1478614714365 lifecam22 2222.30737305 5384.59521484 5.96004152298
1478614714422 lifecam22 2220.08374023 5378.80419922 5.96498394012
1478614714504 lifecam22 2217.37304688 5372.71630859 5.96677446365
1478614714558 lifecam22 2214.82788086 5368.82958984 5.98239707947
1478614714624 lifecam22 2211.78662109 5362.8984375 5.99033212662
1478614714764 lifecam22 2207.14990234 5352.89111328 6.00297164917
1478614714825 lifecam22 2205.29003906 5347.08398438 6.0079498291
1478614714894 lifecam22 2202.56347656 5341.87402344 6.01714658737
1478614714958 lifecam22 2200.49682617 5336.73046875 6.0267367363
1478614715019 lifecam22 2197.88183594 5331.03759766 6.0312037468
1478614715233 lifecam22 2191.82421875 5315.11132812 6.05016851425
1478614715294 lifecam22 2191.37963867 5308.81640625 6.05081510544
1478614715354 lifecam22 2189.55932617 5303.20410156 6.05566453934
1478614715423 lifecam22 2188.06347656 5297.71337891 6.0609664917
1478614715487 lifecam22 2184.63256836 5293.75878906 6.08083820343
1478614715633 lifecam22 2181.27246094 5281.96582031 6.08778858185
1478614715697 lifecam22 2179.40625 5276.49609375 6.09851026535
1478614715756 lifecam22 2178.38378906 5270.82958984 6.09868049622
1478614715831 lifecam22 2176.80297852 5264.50439453 6.10618972778
1478614715885 lifecam22 2175.15795898 5259.45166016 6.11249256134
1478614716031 lifecam22 2172.70825195 5249.35351562 6.12885141373
1478614716100 lifecam22 2170.64111328 5243.03759766 6.13249015808
1478614716164 lifecam22 2170.71240234 5236.36328125 6.13108634949
1478614716234 lifecam22 2168.62182617 5231.58740234 6.13938474655
1478614716309 lifecam22 2167.38500977 5225.40820312 6.14535236359
1478614716499 lifecam22 2162.27905273 5209.08837891 6.1743478775
1478614716557 lifecam22 2163.44824219 5202.97070312 6.16354799271
1478614716637 lifecam22 2163.79223633 5202.68554688 6.16126060486
1478614716707 lifecam22 2163.45361328 5204.33349609 6.16654777527
1478614716773 lifecam22 2163.81347656 5202.82128906 6.1612443924
1478614716905 lifecam22 2163.86938477 5202.90576172 6.16084432602
1478614716975 lifecam22 2163.76293945 5203.19873047 6.16221237183
1478614717019 lifecam22 2163.59985352 5203.77880859 6.16447687149
1478614717090 lifecam22 2163.86938477 5202.90576172 6.16084432602
