1477663207476 lifecam22 3377.78344727 4779.3984375 4.71042346954
1477663207533 lifecam22 3377.78344727 4779.3984375 4.71042346954
1477663207602 lifecam22 3377.78344727 4779.3984375 4.71042346954
1477663207668 lifecam22 3377.78344727 4779.10644531 4.71042060852
1477663207734 lifecam22 3377.6328125 4779.47949219 4.71015787125
1477663207869 lifecam22 3378.18774414 4779.77392578 4.71522474289
1477663207933 lifecam22 3377.78344727 4779.3984375 4.71042346954
1477663208000 lifecam22 3377.78344727 4779.3984375 4.71042346954
1477663208070 lifecam22 3377.78344727 4779.3984375 4.71042346954
1477663208132 lifecam22 3377.78344727 4779.3984375 4.71042346954
1477663208269 lifecam22 3377.78344727 4779.3984375 4.71042346954
1477663208335 lifecam22 3377.78344727 4779.3984375 4.71042346954
1477663208404 lifecam22 3378.05322266 4779.52685547 4.71287107468
1477663208471 lifecam22 3378.05322266 4779.52685547 4.71287107468
1477663208601 lifecam22 3377.78344727 4779.3984375 4.71042346954
1477663208669 lifecam22 3377.78344727 4779.3984375 4.71042346954
1477663208738 lifecam22 3378.05322266 4779.52685547 4.71287107468
1477663208800 lifecam22 3378.05322266 4779.52685547 4.71287107468
1477663208868 lifecam22 3378.05322266 4779.52685547 4.71287107468
1477663208936 lifecam22 3378.05322266 4779.52685547 4.71287107468
1477663209004 lifecam22 3379.56860352 4780.39257812 4.72107744217
1477663209069 lifecam22 3379.88891602 4780.55712891 4.7226319313
1477663209140 lifecam22 3383.17211914 4780.81933594 4.72509765625
1477663209202 lifecam22 3381.06713867 4779.31396484 4.7084646225
1477663209337 lifecam22 3378.73242188 4780.12011719 4.71745967865
1477663209405 lifecam22 3381.3359375 4779.70947266 4.71461009979
1477663209467 lifecam22 3378.05322266 4779.52685547 4.71287107468
1477663209539 lifecam22 3365.88867188 4780.55761719 4.7226319313
1477663209671 lifecam22 3356.48046875 4781.10888672 4.72781133652
1477663209738 lifecam22 3346.4543457 4780.41503906 4.72129011154
1477663209805 lifecam22 3342.48046875 4781.10839844 4.72781038284
1477663209871 lifecam22 3335.51635742 4780.86230469 4.7268576622
1477663209938 lifecam22 3327.68237305 4779.04345703 4.71928405762
1477663210011 lifecam22 3320.15698242 4777.95263672 4.71472406387
1477663210072 lifecam22 3313.83056641 4778.33886719 4.71706676483
1477663210136 lifecam22 3307.09643555 4777.61425781 4.7226524353
1477663210204 lifecam22 3302.9675293 4777.42773438 4.74237251282
1477663210271 lifecam22 3296.81469727 4777.35498047 4.74492406845
1477663210407 lifecam22 3282.45141602 4774.56982422 4.7321267128
1477663210472 lifecam22 3275.41577148 4774.38378906 4.73039007187
1477663210538 lifecam22 3269.92163086 4774.609375 4.73249292374
1477663210605 lifecam22 3262.80541992 4774.56884766 4.73211479187
1477663210740 lifecam22 3249.16943359 4773.54296875 4.7270026207
1477663210805 lifecam22 3242.00927734 4773.10742188 4.73115301132
1477663210875 lifecam22 3234.70239258 4770.54589844 4.71763086319
1477663210939 lifecam22 3229.07543945 4770.89990234 4.73822593689
1477663211003 lifecam22 3222.1184082 4768.75585938 4.72720241547
1477663211083 lifecam22 3216.41137695 4769.99462891 4.73884344101
1477663211140 lifecam22 3210.92480469 4770.10986328 4.74324560165
1477663211208 lifecam22 3205.20556641 4770.44580078 4.74834394455
1477663211273 lifecam22 3197.59106445 4769.42578125 4.74375963211
1477663211340 lifecam22 3190.75024414 4769.18554688 4.74263858795
1477663211472 lifecam22 3176.42236328 4768.13623047 4.73739910126
1477663211539 lifecam22 3169.84985352 4768.25048828 4.74138498306
1477663211609 lifecam22 3163.05395508 4768.31835938 4.74489879608
1477663211672 lifecam22 3157.76245117 4766.3203125 4.75377225876
1477663211740 lifecam22 3150.8515625 4766.05078125 4.7589840889
1477663211808 lifecam22 3145.17138672 4766.22070312 4.76261281967
1477663211875 lifecam22 3136.69506836 4764.46875 4.75476074219
1477663211939 lifecam22 3130.90551758 4764.59179688 4.75676965714
1477663212009 lifecam22 3124.85961914 4764.12451172 4.75476551056
1477663212074 lifecam22 3116.72753906 4763.13330078 4.75083065033
1477663212209 lifecam22 3102.58911133 4761.45166016 4.74437618256
1477663212277 lifecam22 3096.69946289 4761.87841797 4.74871683121
1477663212339 lifecam22 3091.47558594 4761.6953125 4.76386785507
1477663212410 lifecam22 3084.46313477 4758.65625 4.75386762619
1477663212476 lifecam22 3076.83813477 4756.20166016 4.7423825264
1477663212539 lifecam22 3070.79663086 4756.71289062 4.74873924255
1477663212608 lifecam22 3065.62109375 4757.20849609 4.7539191246
1477663212677 lifecam22 3058.18457031 4756.56640625 4.75174617767
1477663212742 lifecam22 3051.8659668 4756.25634766 4.74994659424
1477663212809 lifecam22 3044.70336914 4756.03710938 4.75173044205
1477663212883 lifecam22 3038.65332031 4755.81787109 4.75465011597
1477663212942 lifecam22 3031.7668457 4755.32714844 4.7527012825
1477663213008 lifecam22 3026.31494141 4755.42333984 4.76608181
1477663213077 lifecam22 3019.88696289 4755.20605469 4.77039289474
1477663213143 lifecam22 3012.88696289 4754.27294922 4.77062940598
1477663213277 lifecam22 2999.09790039 4752.00195312 4.76549625397
1477663213346 lifecam22 2991.65991211 4750.63525391 4.75825166702
1477663213411 lifecam22 2985.08837891 4749.84960938 4.75947713852
1477663213475 lifecam22 2978.74072266 4750.08056641 4.76275777817
1477663213545 lifecam22 2972.1887207 4749.96289062 4.76399850845
1477663213611 lifecam22 2965.94018555 4749.27539062 4.77338409424
1477663213676 lifecam22 2959.35644531 4748.68212891 4.77528381348
1477663213745 lifecam22 2952.66674805 4745.79101562 4.76514005661
1477663213812 lifecam22 2945.79663086 4745.61962891 4.76614999771
1477663213876 lifecam22 2939.74707031 4745.17626953 4.76616191864
1477663214014 lifecam22 2926.17236328 4743.67724609 4.76327848434
1477663214078 lifecam22 2920.97875977 4743.44238281 4.77411556244
1477663214144 lifecam22 2914.4855957 4742.68164062 4.77540063858
1477663214212 lifecam22 2907.80004883 4741.30273438 4.77644109726
1477663214278 lifecam22 2901.41967773 4740.47265625 4.77632045746
1477663214344 lifecam22 2894.76782227 4740.10400391 4.7778968811
1477663214414 lifecam22 2887.17504883 4739.47900391 4.77493000031
1477663214477 lifecam22 2881.36889648 4739.45800781 4.77952384949
1477663214542 lifecam22 2873.88842773 4738.94287109 4.7775220871
1477663214610 lifecam22 2867.64160156 4738.19677734 4.77922010422
1477663214744 lifecam22 2854.71313477 4736.58789062 4.78820848465
1477663214812 lifecam22 2848.55859375 4736.38574219 4.78943347931
1477663214878 lifecam22 2841.12744141 4734.87548828 4.78554296494
1477663214948 lifecam22 2833.81347656 4732.53662109 4.77473545074
1477663215014 lifecam22 2826.83520508 4732.03759766 4.77583265305
1477663215079 lifecam22 2820.34326172 4730.63867188 4.77226352692
1477663215145 lifecam22 2814.77026367 4730.16503906 4.78234958649
1477663215210 lifecam22 2807.88183594 4729.54638672 4.7829451561
1477663215284 lifecam22 2802.10351562 4729.28710938 4.78751659393
1477663215351 lifecam22 2795.27294922 4729.61279297 4.78925514221
1477663215414 lifecam22 2788.65673828 4728.43164062 4.79046440125
1477663215478 lifecam22 2780.97192383 4726.515625 4.78324270248
1477663215546 lifecam22 2775.6953125 4726.44921875 4.78515577316
1477663215614 lifecam22 2769.26123047 4725.61523438 4.79359817505
1477663215679 lifecam22 2763.3371582 4725.48828125 4.79658317566
1477663215812 lifecam22 2749.65185547 4722.50439453 4.79358291626
1477663215878 lifecam22 2742.83911133 4720.82373047 4.79037332535
1477663215947 lifecam22 2735.57226562 4719.36669922 4.78723239899
1477663216019 lifecam22 2729.50024414 4719.22558594 4.79269266129
1477663216079 lifecam22 2722.76538086 4718.49755859 4.79449033737
1477663216148 lifecam22 2716.08007812 4717.37451172 4.79513406754
1477663216218 lifecam22 2709.20019531 4716.88964844 4.79573202133
1477663216278 lifecam22 2702.70092773 4716.27001953 4.7944893837
1477663216348 lifecam22 2696.60986328 4716.38134766 4.79903411865
1477663216414 lifecam22 2689.30566406 4714.03857422 4.7927031517
1477663216547 lifecam22 2677.46020508 4713.8359375 4.80630493164
1477663216618 lifecam22 2670.94970703 4713.31884766 4.8095998764
1477663216681 lifecam22 2664.22241211 4712.37939453 4.80985975266
1477663216750 lifecam22 2656.82128906 4710.42675781 4.80347108841
1477663216818 lifecam22 2650.19042969 4708.31396484 4.79876708984
1477663216884 lifecam22 2643.79931641 4707.77001953 4.80180358887
1477663216946 lifecam22 2636.82373047 4706.45751953 4.80285453796
1477663217016 lifecam22 2630.61279297 4706.02929688 4.80548238754
1477663217082 lifecam22 2623.67382812 4705.50439453 4.80555486679
1477663217148 lifecam22 2616.26269531 4705.015625 4.80936050415
1477663217229 lifecam22 2609.8527832 4703.47167969 4.80513048172
1477663217282 lifecam22 2603.04833984 4701.66357422 4.80253124237
1477663217348 lifecam22 2597.17529297 4700.59277344 4.80541658401
1477663217417 lifecam22 2590.63769531 4700.70703125 4.81105136871
1477663217485 lifecam22 2583.89941406 4698.98925781 4.80917882919
1477663217615 lifecam22 2571.7355957 4697.84863281 4.81361436844
1477663217682 lifecam22 2563.98657227 4695.37939453 4.81154251099
1477663217752 lifecam22 2559.6237793 4695.58349609 4.81850814819
1477663217814 lifecam22 2551.95141602 4694.90283203 4.82019090652
1477663217882 lifecam22 2546.24414062 4693.99511719 4.81930732727
1477663217960 lifecam22 2538.13061523 4692.64306641 4.81635046005
1477663218083 lifecam22 2525.68017578 4691.76513672 4.8221411705
1477663218150 lifecam22 2519.08227539 4689.76269531 4.8220872879
1477663218218 lifecam22 2512.46630859 4689.04394531 4.82471561432
1477663218350 lifecam22 2498.66577148 4686.73876953 4.82170915604
1477663218418 lifecam22 2491.74584961 4685.33154297 4.81853818893
1477663218481 lifecam22 2485.59960938 4684.06494141 4.8235874176
1477663218550 lifecam22 2478.96972656 4682.36669922 4.8221321106
1477663218619 lifecam22 2472.44750977 4681.21044922 4.82395982742
1477663218685 lifecam22 2465.80639648 4679.84228516 4.82172870636
1477663218751 lifecam22 2458.94702148 4679.86523438 4.82422637939
1477663218820 lifecam22 2452.95239258 4679.10986328 4.82520151138
1477663218884 lifecam22 2446.21533203 4677.76123047 4.82850790024
1477663218950 lifecam22 2440.43286133 4676.64404297 4.82919883728
1477663219088 lifecam22 2427.33813477 4674.73828125 4.83182954788
1477663219153 lifecam22 2420.77856445 4673.65820312 4.83123111725
1477663219219 lifecam22 2413.83105469 4671.82177734 4.83285903931
1477663219288 lifecam22 2407.74829102 4671.30664062 4.83543872833
1477663219354 lifecam22 2400.95654297 4668.76269531 4.83239507675
1477663219422 lifecam22 2394.47241211 4667.87744141 4.83199167252
1477663219488 lifecam22 2387.69848633 4665.90185547 4.82834100723
1477663219552 lifecam22 2381.04296875 4665.13037109 4.82925462723
1477663219618 lifecam22 2374.90844727 4664.05419922 4.83384561539
1477663219685 lifecam22 2367.75463867 4662.69677734 4.83312129974
1477663219819 lifecam22 2354.03344727 4661.29296875 4.83346128464
1477663219888 lifecam22 2348.32714844 4660.46533203 4.83573627472
1477663219954 lifecam22 2342.10449219 4660.17919922 4.84341144562
1477663220019 lifecam22 2335.48901367 4659.16455078 4.84824514389
1477663220089 lifecam22 2329.16577148 4658.04443359 4.84914827347
1477663220154 lifecam22 2321.41235352 4656.17041016 4.84491968155
1477663220221 lifecam22 2315.16210938 4654.61230469 4.84584903717
1477663220287 lifecam22 2308.53540039 4653.10351562 4.84601831436
1477663220355 lifecam22 2302.16137695 4651.08447266 4.84344482422
1477663220420 lifecam22 2295.38134766 4649.19628906 4.84184789658
1477663220490 lifecam22 2288.73486328 4647.95068359 4.83894538879
1477663220553 lifecam22 2282.19995117 4647.48779297 4.84385490417
1477663220622 lifecam22 2275.77148438 4646.453125 4.84507751465
1477663220686 lifecam22 2269.20141602 4645.63085938 4.84787607193
1477663220754 lifecam22 2262.93481445 4643.56152344 4.84817457199
1477663220888 lifecam22 2250.25708008 4640.82617188 4.84683847427
1477663220954 lifecam22 2244.06103516 4640.16503906 4.85059118271
1477663221023 lifecam22 2237.91430664 4639.88330078 4.85536289215
1477663221089 lifecam22 2230.68725586 4636.76611328 4.84938621521
1477663221153 lifecam22 2224.68164062 4635.95263672 4.8492064476
1477663221225 lifecam22 2218.25634766 4634.68945312 4.85347890854
1477663221292 lifecam22 2212.41430664 4633.53955078 4.85581493378
1477663221354 lifecam22 2205.30322266 4632.4765625 4.85568475723
1477663221421 lifecam22 2198.94702148 4631.64160156 4.86035013199
1477663221490 lifecam22 2192.65991211 4630.37695312 4.85852766037
1477663221621 lifecam22 2178.83129883 4628.61279297 4.86593818665
1477663221690 lifecam22 2173.20922852 4626.53613281 4.86288166046
1477663221755 lifecam22 2166.13891602 4625.43652344 4.86239337921
1477663221822 lifecam22 2159.21411133 4623.81445312 4.86169290543
1477663221889 lifecam22 2152.48388672 4622.28857422 4.86062765121
1477663221955 lifecam22 2145.77612305 4620.50146484 4.86052322388
1477663222022 lifecam22 2139.16870117 4619.43408203 4.86070632935
1477663222089 lifecam22 2132.56103516 4617.39941406 4.85877132416
1477663222160 lifecam22 2125.6875 4615.46875 4.85753107071
1477663222220 lifecam22 2119.38769531 4614.54003906 4.86086940765
1477663222297 lifecam22 2111.77514648 4613.04345703 4.85920667648
1477663222358 lifecam22 2106.34912109 4612.75537109 4.86659860611
1477663222423 lifecam22 2099.33520508 4611.671875 4.86615133286
1477663222490 lifecam22 2093.4375 4610.05664062 4.87019777298
1477663222556 lifecam22 2086.86987305 4609.21191406 4.8713517189
1477663222692 lifecam22 2074.52661133 4606.40722656 4.87412214279
1477663222756 lifecam22 2067.47680664 4604.64257812 4.87353849411
1477663222828 lifecam22 2061.31787109 4602.38378906 4.87176418304
1477663222890 lifecam22 2055.0612793 4601.33056641 4.87308740616
1477663222958 lifecam22 2047.97363281 4599.08740234 4.8717455864
1477663223028 lifecam22 2041.70385742 4597.69580078 4.86739873886
1477663223077 lifecam20 1973.83959961 4591.44042969 4.82707118988
1477663223090 lifecam22 1970.38574219 4590.70068359 4.82903528214
1477663223161 lifecam22 1967.51416016 4590.25390625 4.83040428162
1477663223215 lifecam20 1960.01464844 4590.12158203 4.83049964905
1477663223225 lifecam22 1956.10180664 4589.23828125 4.83002996445
1477663223291 lifecam22 1953.52368164 4588.85644531 4.83085680008
1477663223413 lifecam20 1944.47741699 4588.73242188 4.83904361725
1477663223426 lifecam22 1938.08190918 4587.54736328 4.84072065353
1477663223477 lifecam20 1934.58032227 4587.31347656 4.84225797653
1477663223491 lifecam22 1931.30932617 4587.05761719 4.84547042847
1477663223546 lifecam20 1927.73681641 4586.68945312 4.84617328644
1477663223557 lifecam22 1924.26025391 4585.62744141 4.84510183334
1477663223614 lifecam20 1921.55761719 4586.22363281 4.85154485703
1477663223625 lifecam22 1918.21972656 4585.50097656 4.85169649124
1477663223689 lifecam20 1914.92089844 4585.55566406 4.85686063766
1477663223694 lifecam22 1911.58703613 4584.94677734 4.85859680176
1477663223749 lifecam20 1908.4979248 4584.17724609 4.85719490051
1477663223760 lifecam22 1905.59765625 4583.48339844 4.85813808441
1477663223813 lifecam20 1902.38195801 4584.31494141 4.8668680191
1477663223828 lifecam22 1898.67932129 4582.87402344 4.86409139633
1477663223888 lifecam20 1895.46313477 4582.18457031 4.86502599716
1477663223896 lifecam22 1891.93530273 4581.08300781 4.86269950867
1477663223946 lifecam20 1888.97680664 4581.02685547 4.86671495438
1477663223958 lifecam22 1886.05371094 4580.55371094 4.87001466751
1477663224015 lifecam20 1883.10668945 4580.76855469 4.87409114838
1477663224025 lifecam22 1879.81982422 4580.28808594 4.87519550323
1477663224146 lifecam20 1872.97473145 4579.59765625 4.87836647034
1477663224159 lifecam22 1865.77404785 4577.59912109 4.87539482117
1477663224214 lifecam20 1862.71252441 4577.40820312 4.87877035141
1477663224227 lifecam22 1859.4934082 4577.00830078 4.88114595413
1477663224282 lifecam20 1856.31982422 4576.21484375 4.881919384
1477663224296 lifecam22 1853.66442871 4575.47851562 4.88438034058
1477663224352 lifecam20 1850.18676758 4574.90625 4.88432216644
1477663224364 lifecam22 1846.82275391 4574.29150391 4.88448095322
1477663224413 lifecam20 1843.81787109 4573.94726562 4.88749313354
1477663224427 lifecam22 1840.6998291 4573.39355469 4.88772010803
1477663224481 lifecam20 1836.91699219 4571.88085938 4.88575839996
1477663224493 lifecam22 1833.3737793 4570.54394531 4.88604068756
1477663224552 lifecam20 1830.6730957 4570.18115234 4.88549518585
1477663224560 lifecam22 1828.44934082 4570.00048828 4.88729476929
1477663224613 lifecam20 1824.52294922 4568.984375 4.88742303848
1477663224626 lifecam22 1820.59423828 4567.95507812 4.88739204407
1477663224674 lifecam20 1817.67993164 4567.38085938 4.88859272003
1477663224697 lifecam22 1814.69458008 4566.58398438 4.88858270645
1477663224749 lifecam20 1811.22045898 4565.61914062 4.88965797424
1477663224763 lifecam22 1807.89672852 4564.67138672 4.89038181305
1477663224885 lifecam20 1801.24365234 4563.35400391 4.8901014328
1477663224894 lifecam22 1795.14526367 4562.01953125 4.89013624191
1477663224951 lifecam20 1791.50842285 4561.17578125 4.89075136185
1477663224963 lifecam22 1787.63916016 4560.36914062 4.89020586014
1477663225014 lifecam20 1784.66223145 4559.62597656 4.88976097107
1477663225031 lifecam22 1782.00244141 4558.8203125 4.8904094696
1477663225081 lifecam20 1778.125 4558.05664062 4.89010763168
1477663225095 lifecam22 1774.47265625 4557.07080078 4.88978910446
1477663225149 lifecam20 1771.37475586 4556.54296875 4.89092350006
1477663225162 lifecam22 1768.15844727 4556.09033203 4.89215183258
1477663225218 lifecam20 1764.76098633 4555.54882812 4.89372253418
1477663225229 lifecam22 1761.35498047 4554.73925781 4.89317893982
1477663225281 lifecam20 1758.12365723 4553.76074219 4.89421463013
1477663225296 lifecam22 1754.64550781 4552.76953125 4.89473342896
1477663225350 lifecam20 1751.41357422 4552.28710938 4.89620494843
1477663225361 lifecam22 1748.62524414 4551.80761719 4.89833974838
1477663225422 lifecam20 1744.62548828 4550.73339844 4.89621448517
1477663225429 lifecam22 1740.71289062 4549.6796875 4.89440250397
1477663225483 lifecam20 1737.35375977 4548.84472656 4.89352464676
1477663225495 lifecam22 1734.27746582 4548.30664062 4.89683628082
1477663225619 lifecam20 1727.81872559 4546.62597656 4.8988032341
1477663225632 lifecam22 1721.45239258 4544.36035156 4.89600563049
1477663225681 lifecam20 1717.92907715 4543.28320312 4.89563751221
1477663225694 lifecam22 1714.61401367 4542.54833984 4.89719200134
1477663225749 lifecam20 1711.05493164 4541.74365234 4.89634609222
1477663225763 lifecam22 1707.96960449 4541.29003906 4.89726877213
1477663225818 lifecam20 1704.90429688 4540.90332031 4.90058946609
1477663225830 lifecam22 1701.4888916 4539.88574219 4.89903736115
1477663225890 lifecam20 1698.2253418 4539.20019531 4.89987611771
1477663225898 lifecam22 1694.92626953 4538.46777344 4.90033531189
1477663225960 lifecam20 1691.08007812 4537.55957031 4.89938163757
1477663225965 lifecam22 1687.84375 4536.82324219 4.90018463135
1477663226017 lifecam20 1684.39990234 4535.71826172 4.89973306656
1477663226032 lifecam22 1681.48486328 4534.97558594 4.90228366852
1477663226093 lifecam20 1678.28369141 4534.37792969 4.90286254883
1477663226099 lifecam22 1675.39331055 4534.0078125 4.90380048752
1477663226150 lifecam20 1672.33959961 4533.00878906 4.90349626541
1477663226164 lifecam22 1668.80151367 4531.55175781 4.90254735947
1477663226218 lifecam20 1665.53686523 4531.04101562 4.90477085114
1477663226229 lifecam22 1662.171875 4529.87988281 4.90370798111
1477663226349 lifecam20 1655.7364502 4527.74902344 4.9043970108
1477663226364 lifecam22 1649.59228516 4526.02246094 4.90637111664
1477663226418 lifecam20 1646.48291016 4525.47021484 4.9068145752
1477663226428 lifecam22 1643.51977539 4524.45117188 4.9058713913
1477663226485 lifecam20 1639.79125977 4523.10644531 4.90323352814
1477663226498 lifecam22 1635.87451172 4522.15527344 4.9034409523
1477663226548 lifecam20 1632.73876953 4521.28515625 4.90382432938
1477663226561 lifecam22 1629.66149902 4520.421875 4.90318441391
1477663226616 lifecam20 1626.52307129 4519.93554688 4.90533018112
1477663226627 lifecam22 1623.72241211 4519.30175781 4.90641069412
1477663226699 lifecam22 1620.20996094 4518.40185547 4.90716218948
1477663226758 lifecam20 1613.40063477 4517.33740234 4.90999555588
1477663226765 lifecam22 1610.55395508 4516.86230469 4.91043281555
1477663226818 lifecam20 1607.28955078 4516.1953125 4.91181993484
1477663226832 lifecam22 1603.97875977 4515.62890625 4.91429281235
1477663226886 lifecam20 1600.69213867 4514.74609375 4.91432094574
1477663226899 lifecam22 1597.63525391 4514.04980469 4.91523361206
1477663226952 lifecam20 1594.0222168 4513.05566406 4.91410684586
1477663226964 lifecam22 1590.69116211 4512.29101562 4.91476583481
1477663227018 lifecam20 1587.24804688 4511.44921875 4.91553783417
1477663227085 lifecam20 1584.0246582 4510.92089844 4.91753578186
1477663227097 lifecam22 1577.41491699 4508.98535156 4.91658973694
1477663227153 lifecam20 1573.92736816 4507.93896484 4.91536712646
1477663227164 lifecam22 1570.69604492 4507.51074219 4.91870832443
1477663227219 lifecam20 1567.38952637 4506.21289062 4.91847610474
1477663227232 lifecam22 1564.23425293 4504.78369141 4.91680049896
1477663227286 lifecam20 1560.61047363 4503.86035156 4.91571712494
1477663227298 lifecam22 1557.08862305 4502.33935547 4.91163778305
1477663227353 lifecam20 1553.67651367 4501.10253906 4.91201210022
1477663227364 lifecam22 1550.81665039 4500.48632812 4.91472053528
1477663227486 lifecam20 1544.19946289 4498.68066406 4.91450309753
1477663227497 lifecam22 1536.95385742 4496.29833984 4.91130828857
1477663227555 lifecam20 1533.32788086 4495.62451172 4.91191339493
1477663227565 lifecam22 1530.16906738 4495.25976562 4.91668081284
1477663227628 lifecam20 1526.94628906 4494.49121094 4.91635131836
1477663227634 lifecam22 1523.99743652 4493.69726562 4.91562318802
1477663227685 lifecam20 1520.27380371 4492.99902344 4.91788482666
1477663227700 lifecam22 1516.51428223 4492.48046875 4.920109272
1477663227752 lifecam20 1513.43823242 4491.65722656 4.92077636719
1477663227822 lifecam20 1510.30908203 4491.046875 4.92232084274
1477663227833 lifecam22 1504.3059082 4489.04003906 4.92255973816
1477663227884 lifecam20 1500.77233887 4487.63964844 4.92141437531
1477663227897 lifecam22 1497.63598633 4486.65478516 4.92207717896
1477663227952 lifecam20 1494.44702148 4486.29199219 4.92420768738
1477663227964 lifecam22 1491.2713623 4485.80371094 4.92537260056
1477663228021 lifecam20 1487.91674805 4484.71826172 4.9262714386
1477663228034 lifecam22 1484.71606445 4483.69335938 4.92737436295
1477663228093 lifecam20 1481.55444336 4482.9609375 4.92887306213
1477663228101 lifecam22 1478.10949707 4481.44726562 4.92730283737
1477663228157 lifecam20 1474.97070312 4480.54296875 4.92671442032
1477663228224 lifecam20 1471.05004883 4478.87939453 4.92389535904
1477663228235 lifecam22 1464.88110352 4477.07128906 4.92424583435
1477663228291 lifecam20 1461.8314209 4476.73144531 4.92799186707
1477663228300 lifecam22 1458.84680176 4476.0234375 4.9296913147
1477663228352 lifecam20 1455.31616211 4475.203125 4.9288687706
1477663228365 lifecam22 1451.87695312 4474.39892578 4.92824363708
1477663228420 lifecam20 1448.50952148 4473.27783203 4.92705821991
1477663228432 lifecam22 1445.07666016 4472.50634766 4.92732143402
1477663228488 lifecam20 1440.66381836 4471.45410156 4.92549562454
1477663228502 lifecam22 1437.30310059 4470.796875 4.92711734772
1477663228554 lifecam20 1434.64672852 4470.32128906 4.93007040024
1477663228567 lifecam22 1431.31213379 4469.44335938 4.92922115326
1477663228620 lifecam20 1427.84814453 4468.81738281 4.93058443069
1477663228631 lifecam22 1424.45947266 4468.02050781 4.93212127686
1477663228688 lifecam20 1421.00622559 4467.33789062 4.93400764465
1477663228700 lifecam22 1417.4284668 4466.15869141 4.9330830574
1477663228755 lifecam20 1413.79150391 4464.64648438 4.92942667007
1477663228769 lifecam22 1410.67797852 4463.59570312 4.93057727814
1477663228825 lifecam20 1407.17358398 4462.87402344 4.93335103989
1477663228834 lifecam22 1403.93481445 4461.89013672 4.93355560303
1477663228962 lifecam20 1396.90307617 4460.09277344 4.93374538422
1477663228972 lifecam22 1389.82775879 4458.36328125 4.93447875977
1477663229022 lifecam20 1386.50415039 4457.16503906 4.93485164642
1477663229035 lifecam22 1383.43286133 4456.06884766 4.93381738663
1477663229088 lifecam20 1380.06982422 4455.12890625 4.93536615372
1477663229101 lifecam22 1376.63098145 4453.63916016 4.93461751938
1477663229159 lifecam20 1373.16235352 4452.74121094 4.93352890015
1477663229171 lifecam22 1370.20385742 4452.00244141 4.93430233002
1477663229221 lifecam20 1367.11499023 4450.93945312 4.93647432327
1477663229237 lifecam22 1364.0222168 4450.13085938 4.93761396408
1477663229296 lifecam20 1359.80688477 4448.96826172 4.9355711937
1477663229306 lifecam22 1356.10974121 4448.14941406 4.93756437302
1477663229359 lifecam20 1353.02490234 4447.82910156 4.93985939026
1477663229370 lifecam22 1349.92602539 4447.01269531 4.93842458725
1477663229422 lifecam20 1346.5916748 4446.08691406 4.93877363205
1477663229436 lifecam22 1343.16601562 4445.00585938 4.93978309631
1477663229490 lifecam20 1339.60620117 4443.53027344 4.93723678589
1477663229503 lifecam22 1336.82128906 4442.95214844 4.93963813782
1477663229556 lifecam20 1333.67919922 4442.07421875 4.94199943542
1477663229570 lifecam22 1330.55700684 4440.96582031 4.94311523438
1477663229692 lifecam20 1324.10327148 4439.13769531 4.9424996376
1477663229759 lifecam20 1235.78076172 4440.64990234 4.934217453
1477663229768 lifecam22 1310.6673584 4434.23535156 4.94192266464
1477663229827 lifecam20 1308.12219238 4434.01757812 4.9441447258
1477663229836 lifecam22 1304.94250488 4433.03320312 4.94239807129
1477663229882 lifecam20 1301.44238281 4431.43164062 4.94083738327
1477663229901 lifecam22 1298.66259766 4430.34277344 4.94053268433
1477663229956 lifecam20 1295.67053223 4429.45166016 4.94213151932
1477663229970 lifecam22 1292.51123047 4428.32714844 4.94260311127
1477663230027 lifecam20 1289.34814453 4427.41992188 4.94373464584
1477663230088 lifecam20 1285.45654297 4426.33007812 4.94228172302
1477663230101 lifecam22 1279.11132812 4424.71533203 4.94402694702
1477663230159 lifecam20 1275.92236328 4424.14746094 4.94702959061
1477663230169 lifecam22 1273.17822266 4423.66601562 4.9507522583
1477663230225 lifecam20 1269.9284668 4422.76953125 4.95070028305
1477663230236 lifecam22 1266.31542969 4421.78125 4.95057582855
1477663230288 lifecam20 1263.01818848 4421.02441406 4.95188570023
1477663230302 lifecam22 1259.91149902 4419.86474609 4.9518122673
1477663230357 lifecam20 1256.42138672 4419.03222656 4.95240211487
1477663230369 lifecam22 1253.16821289 4418.10058594 4.95185709
1477663230427 lifecam20 1249.96069336 4416.7265625 4.95067977905
1477663230436 lifecam22 1246.64819336 4415.85986328 4.95094013214
1477663230494 lifecam20 1243.26025391 4415.07128906 4.95183134079
1477663230505 lifecam22 1240.39135742 4414.32519531 4.95443439484
1477663230557 lifecam20 1236.77062988 4413.23974609 4.95531654358
1477663230572 lifecam22 1233.20800781 4412.06640625 4.9550280571
1477663230623 lifecam20 1229.78735352 4411.25976562 4.955057621
1477663230638 lifecam22 1226.1817627 4409.94384766 4.95362710953
1477663230695 lifecam20 1222.84179688 4408.84179688 4.95435619354
1477663230705 lifecam22 1219.42431641 4407.65429688 4.95403862
1477663230824 lifecam20 1212.32568359 4405.08935547 4.95220327377
1477663230838 lifecam22 1205.85668945 4402.81054688 4.95328617096
1477663230892 lifecam20 1202.81152344 4401.72705078 4.95365858078
1477663230905 lifecam22 1200.40014648 4400.85449219 4.95360422134
1477663230957 lifecam20 1197.00646973 4399.6796875 4.95479536057
1477663230972 lifecam22 1193.33081055 4398.03759766 4.95314407349
1477663231023 lifecam20 1189.93945312 4397.17382812 4.95269012451
1477663231038 lifecam22 1186.76586914 4396.30957031 4.95149707794
1477663231092 lifecam20 1183.20166016 4395.328125 4.95181894302
1477663231103 lifecam22 1179.92138672 4394.52246094 4.95349550247
1477663231164 lifecam20 1176.82336426 4393.73095703 4.95441913605
1477663231174 lifecam22 1173.70349121 4392.74365234 4.95580530167
1477663231225 lifecam20 1169.83764648 4391.53613281 4.95550680161
1477663231238 lifecam22 1166.79833984 4390.80175781 4.95639228821
1477663231295 lifecam20 1164.05334473 4390.02441406 4.95909738541
1477663231304 lifecam22 1160.89306641 4388.69873047 4.96047210693
1477663231362 lifecam20 1157.30541992 4387.58886719 4.95815372467
1477663231372 lifecam22 1154.13708496 4386.86230469 4.95873117447
1477663231424 lifecam20 1151.17321777 4385.80078125 4.96080541611
1477663231438 lifecam22 1148.02612305 4384.84423828 4.961414814
1477663231562 lifecam20 1140.86425781 4382.99316406 4.96193504333
1477663231572 lifecam22 1135.18139648 4381.21533203 4.96533298492
1477663231625 lifecam20 1132.76049805 4380.05761719 4.96950721741
1477663231637 lifecam22 1129.46557617 4378.89501953 4.97040605545
1477663231694 lifecam20 1126.26135254 4377.86425781 4.96866607666
1477663231703 lifecam22 1123.17626953 4376.24755859 4.96485471725
1477663231759 lifecam20 1119.07543945 4374.50683594 4.96158456802
1477663231771 lifecam22 1116.09008789 4373.9296875 4.96596908569
1477663231823 lifecam20 1113.34289551 4373.38183594 4.96858882904
1477663231836 lifecam22 1109.9197998 4371.71728516 4.96506357193
1477663231897 lifecam20 1106.66882324 4370.50488281 4.96494865417
1477663231909 lifecam22 1103.671875 4369.79101562 4.96637582779
1477663231960 lifecam20 1100.03430176 4368.44140625 4.96561431885
1477663231975 lifecam22 1096.67260742 4367.19921875 4.96534252167
1477663232035 lifecam20 1093.69885254 4366.94628906 4.96818637848
1477663232042 lifecam22 1090.85021973 4366.36523438 4.969145298
1477663232094 lifecam20 1087.49487305 4365.06933594 4.96875238419
1477663232108 lifecam22 1083.74450684 4363.42822266 4.96605443954
1477663232160 lifecam20 1080.15344238 4362.60644531 4.96629619598
1477663232175 lifecam22 1077.3659668 4362.13378906 4.96958494186
1477663232292 lifecam20 1070.93615723 4359.99609375 4.97104167938
1477663232305 lifecam22 1064.28710938 4357.99707031 4.9738612175
1477663232365 lifecam20 1061.03869629 4357.38476562 4.97569322586
1477663232373 lifecam22 1057.77624512 4356.11523438 4.97423744202
1477663232428 lifecam20 1054.29309082 4354.74609375 4.97431182861
1477663232440 lifecam22 1051.1295166 4353.73730469 4.97515058517
1477663232496 lifecam20 1047.87744141 4352.41015625 4.97542762756
1477663232506 lifecam22 1045.04980469 4351.1640625 4.97571468353
1477663232560 lifecam20 1041.55004883 4350.10839844 4.97412014008
1477663232571 lifecam22 1038.20935059 4348.9375 4.97318553925
1477663232703 lifecam20 1031.83862305 4346.3984375 4.97323274612
1477663232710 lifecam22 1025.59521484 4343.72851562 4.97269678116
1477663232759 lifecam20 1022.23754883 4342.58789062 4.97360038757
1477663232776 lifecam22 1019.04467773 4341.71289062 4.97475004196
1477663232828 lifecam20 1015.60217285 4340.71582031 4.97534179688
1477663232841 lifecam22 1012.69085693 4339.63476562 4.97578001022
1477663232895 lifecam20 1009.28295898 4338.54150391 4.97564840317
1477663232908 lifecam22 1005.90930176 4337.55664062 4.97490406036
1477663232959 lifecam20 1002.684021 4336.87597656 4.97703504562
1477663232973 lifecam22 999.394958496 4336.09960938 4.9807844162
1477663233028 lifecam20 996.262878418 4334.50146484 4.97826242447
1477663233038 lifecam22 993.572998047 4333.20605469 4.97815990448
1477663233095 lifecam20 990.273193359 4332.28710938 4.97941589355
1477663233109 lifecam22 986.728515625 4331.0078125 4.97770881653
1477663233162 lifecam20 983.289611816 4329.61181641 4.9770526886
1477663233176 lifecam22 980.452941895 4328.68457031 4.97987556458
1477663233232 lifecam20 977.49029541 4327.95019531 4.98106813431
1477663233241 lifecam22 974.178100586 4326.64648438 4.97903013229
1477663233298 lifecam20 971.055541992 4325.27148438 4.98130893707
1477663233308 lifecam22 968.333251953 4324.28857422 4.98201656342
1477663233430 lifecam20 961.484619141 4322.17480469 4.98238277435
1477663233440 lifecam22 955.379150391 4319.60449219 4.9822063446
1477663233495 lifecam20 952.111694336 4317.77441406 4.97993135452
1477663233509 lifecam22 949.096923828 4316.76855469 4.98266267776
1477663233564 lifecam20 946.077880859 4316.19824219 4.98429012299
1477663233576 lifecam22 942.897766113 4314.96826172 4.98252820969
1477663233630 lifecam20 939.742797852 4313.84326172 4.98411750793
1477663233641 lifecam22 936.358642578 4312.74609375 4.98477268219
1477663233695 lifecam20 933.193847656 4311.99804688 4.98687601089
1477663233769 lifecam20 929.192260742 4310.57128906 4.98453474045
1477663233775 lifecam22 923.193725586 4309.00390625 4.98806715012
1477663233827 lifecam20 920.31463623 4308.37158203 4.98920965195
1477663233841 lifecam22 916.691894531 4306.9765625 4.9866476059
1477663233895 lifecam20 913.105895996 4306.08642578 4.98901224136
1477663233907 lifecam22 909.69744873 4305.35791016 4.99352169037
1477663233959 lifecam20 906.785766602 4304.15429688 4.99460268021
1477663233970 lifecam22 904.244567871 4303.16992188 4.99452209473
1477663234030 lifecam20 900.457641602 4301.94628906 4.99274778366
1477663234041 lifecam22 897.177124023 4300.52832031 4.99224424362
1477663234099 lifecam20 893.873046875 4299.41992188 4.99458169937
1477663234165 lifecam20 890.721557617 4298.12060547 4.99360466003
1477663234178 lifecam22 884.294555664 4295.61035156 4.99343299866
1477663234231 lifecam20 880.827575684 4294.52636719 4.99454545975
1477663234242 lifecam22 877.602600098 4293.2109375 4.99350166321
1477663234295 lifecam20 874.244018555 4291.51074219 4.99056863785
1477663234311 lifecam22 871.370422363 4290.39160156 4.99170827866
1477663234364 lifecam20 868.039550781 4288.88818359 4.99178361893
1477663234377 lifecam22 864.796508789 4287.26367188 4.99115371704
1477663234432 lifecam20 861.533325195 4286.15185547 4.99154424667
1477663234443 lifecam22 857.893371582 4284.7265625 4.9898686409
1477663234501 lifecam20 854.340270996 4283.14160156 4.98814725876
1477663234515 lifecam22 851.794311523 4282.30566406 4.99111413956
1477663234564 lifecam20 850.910400391 4282.70947266 4.99572181702
1477663234583 lifecam22 850.844116211 4282.97900391 4.9982714653
1477663234632 lifecam20 852.137817383 4282.92822266 4.99482059479
1477663234650 lifecam22 852.83782959 4283.0625 4.99369335175
1477663234695 lifecam20 851.809570312 4282.99609375 4.99740600586
1477663234713 lifecam22 851.201293945 4282.73535156 4.99774360657
1477663234763 lifecam20 851.638061523 4282.62402344 4.99424123764
1477663234782 lifecam22 851.956665039 4282.59228516 4.99261283875
1477663234857 lifecam22 851.794311523 4282.59228516 4.99301767349
1477663234901 lifecam20 851.7890625 4282.80078125 4.9948720932
1477663234914 lifecam22 851.943481445 4282.87109375 4.99458551407
1477663234964 lifecam20 851.729431152 4282.46386719 4.99299049377
1477663234982 lifecam22 851.692993164 4282.41699219 4.99318695068
1477663235034 lifecam20 851.67364502 4282.55175781 4.9933757782
1477663235050 lifecam22 851.590393066 4282.41210938 4.99290037155
1477663235099 lifecam20 851.758239746 4282.60253906 4.99271869659
1477663235119 lifecam22 852.182189941 4283.109375 4.99502563477
1477663235163 lifecam20 852.154907227 4283.00878906 4.99521017075
1477663235232 lifecam20 852.16973877 4283.01171875 4.99466562271
1477663235252 lifecam22 851.913879395 4282.78710938 4.99331378937
1477663235299 lifecam20 851.926330566 4282.88476562 4.99367427826
1477663235319 lifecam22 851.877929688 4282.7890625 4.99299764633
1477663235365 lifecam20 852.102661133 4282.88378906 4.99380922318
1477663235381 lifecam22 852.1875 4283.02685547 4.99428892136
1477663235430 lifecam20 851.99609375 4282.82275391 4.99298429489
1477663235453 lifecam22 851.99609375 4282.82275391 4.99298429489
1477663235498 lifecam20 851.946289062 4282.81640625 4.99303770065
1477663235518 lifecam22 851.838134766 4282.82568359 4.99339389801
1477663235584 lifecam22 851.857727051 4282.57910156 4.99165868759
1477663235632 lifecam20 851.869750977 4282.51464844 4.99106359482
