1477660782571 lifecam22 3371.05249023 4769.16650391 4.67372179031
1477660782638 lifecam22 3371.42358398 4769.24462891 4.6771645546
1477660782705 lifecam22 3371.05249023 4769.16650391 4.67372179031
1477660782769 lifecam22 3371.22607422 4769.19384766 4.67533302307
1477660782838 lifecam22 3371.22436523 4769.31201172 4.67658281326
1477660782903 lifecam22 3371.0559082 4768.86474609 4.6738243103
1477660782970 lifecam22 3371.02880859 4768.99951172 4.67483282089
1477660783107 lifecam22 3370.85400391 4768.97363281 4.67322063446
1477660783172 lifecam22 3370.9453125 4769.20263672 4.67531585693
1477660783238 lifecam22 3370.7097168 4768.84863281 4.67060899734
1477660783309 lifecam22 3370.75463867 4769.17919922 4.67356824875
1477660783370 lifecam22 3371.02880859 4768.99951172 4.67483282089
1477660783505 lifecam22 3370.69335938 4768.67724609 4.67179679871
1477660783572 lifecam22 3371.21264648 4769.31982422 4.67647171021
1477660783636 lifecam22 3370.52514648 4768.67529297 4.67024230957
1477660783705 lifecam22 3370.78466797 4768.78076172 4.6726193428
1477660783771 lifecam22 3370.85400391 4768.97363281 4.67322063446
1477660783839 lifecam22 3370.86865234 4768.84619141 4.67208433151
1477660783906 lifecam22 3370.54077148 4768.68261719 4.67038202286
1477660783973 lifecam22 3370.86889648 4769.12548828 4.67462348938
1477660784039 lifecam22 3370.89990234 4768.89453125 4.67236280441
1477660784106 lifecam22 3370.70800781 4768.54882812 4.67066287994
1477660784238 lifecam22 3371.23901367 4769.18505859 4.67545890808
1477660784305 lifecam22 3370.87817383 4768.99707031 4.6734380722
1477660784373 lifecam22 3371.22607422 4769.19384766 4.67533302307
1477660784439 lifecam22 3371.23901367 4769.18505859 4.67545890808
1477660784508 lifecam22 3371.29370117 4769.40380859 4.67461919785
1477660784575 lifecam22 3371.23901367 4769.18505859 4.67545890808
1477660784641 lifecam22 3371.24560547 4769.63671875 4.67671298981
1477660784712 lifecam22 3371.4453125 4769.52929688 4.67730522156
1477660784774 lifecam22 3371.05249023 4769.16650391 4.67372179031
1477660784841 lifecam22 3371.23730469 4769.18457031 4.67544174194
1477660784972 lifecam22 3371.4453125 4769.52929688 4.67730522156
1477660785043 lifecam22 3371.25952148 4769.51025391 4.67557144165
1477660785108 lifecam22 3371.29370117 4769.40380859 4.67461919785
1477660785174 lifecam22 3371.25952148 4769.51025391 4.67557144165
1477660785242 lifecam22 3371.27246094 4769.078125 4.67450666428
1477660785375 lifecam22 3372.88720703 4768.92773438 4.67651891708
1477660785441 lifecam22 3371.21972656 4768.6171875 4.67021369934
1477660785509 lifecam22 3371.0871582 4767.58398438 4.65649175644
1477660785577 lifecam22 3370.94677734 4765.69042969 4.6515250206
1477660785709 lifecam22 3371.16967773 4765.85546875 4.65461730957
1477660785774 lifecam22 3370.22729492 4765.57080078 4.6524848938
1477660785840 lifecam22 3365.58276367 4768.34082031 4.66442966461
1477660785911 lifecam22 3356.19775391 4770.60058594 4.69222164154
1477660785974 lifecam22 3352.72998047 4772.25097656 4.70663356781
1477660786112 lifecam22 3338.06152344 4769.80712891 4.68852853775
1477660786177 lifecam22 3332.02856445 4768.56201172 4.6870675087
1477660786243 lifecam22 3325.96142578 4769.046875 4.68914222717
1477660786309 lifecam22 3318.48339844 4768.59472656 4.68882656097
1477660786377 lifecam22 3312.93432617 4768.8828125 4.69039773941
1477660786441 lifecam22 3305.4375 4768.25488281 4.68711090088
1477660786508 lifecam22 3298.48120117 4767.48144531 4.68236207962
1477660786578 lifecam22 3294.16601562 4768.10644531 4.69000816345
1477660786645 lifecam22 3285.87866211 4766.66650391 4.68134737015
1477660786710 lifecam22 3280.18603516 4766.59228516 4.68392419815
1477660786842 lifecam22 3266.20141602 4765.48632812 4.68406057358
1477660786911 lifecam22 3259.31005859 4765.29980469 4.68502283096
1477660786980 lifecam22 3252.41601562 4765.26220703 4.68596124649
1477660787049 lifecam22 3245.26147461 4765.26416016 4.68459224701
1477660787109 lifecam22 3238.84301758 4764.96240234 4.68975543976
1477660787244 lifecam22 3226.20678711 4765.15332031 4.70195960999
1477660787312 lifecam22 3220.04516602 4765.29589844 4.70586919785
1477660787380 lifecam22 3212.85546875 4765.24023438 4.70654773712
1477660787444 lifecam22 3206.13427734 4765.40234375 4.710293293
1477660787511 lifecam22 3200.14819336 4765.16699219 4.71096563339
1477660787578 lifecam22 3192.3815918 4763.53369141 4.70000505447
1477660787646 lifecam22 3185.953125 4761.99609375 4.6890630722
1477660787714 lifecam22 3177.82617188 4761.59765625 4.68770313263
1477660787778 lifecam22 3173.95556641 4761.96679688 4.6918129921
1477660787847 lifecam22 3167.20385742 4762.04541016 4.6938419342
1477660787977 lifecam22 3155.37646484 4762.33789062 4.69789934158
1477660788043 lifecam22 3148.06787109 4761.03662109 4.69176149368
1477660788112 lifecam22 3141.47607422 4761.8046875 4.6954035759
1477660788179 lifecam22 3134.57861328 4758.56347656 4.69628190994
1477660788245 lifecam22 3128.09545898 4758.31738281 4.70091342926
1477660788321 lifecam22 3121.39404297 4758.19189453 4.70481491089
1477660788382 lifecam22 3114.9230957 4758.30566406 4.70837640762
1477660788446 lifecam22 3108.41381836 4758.52783203 4.71288013458
1477660788512 lifecam22 3101.41381836 4758.52783203 4.71288013458
1477660788583 lifecam22 3094.41381836 4758.52783203 4.71288013458
1477660788712 lifecam22 3080.41381836 4758.52783203 4.71288061142
1477660788783 lifecam22 3074.20898438 4758.9921875 4.71728992462
1477660788845 lifecam22 3068.02539062 4759.18164062 4.7204990387
1477660788913 lifecam22 3061.22753906 4759.53710938 4.7224407196
1477660788983 lifecam22 3052.40112305 4756.42236328 4.70684528351
1477660789116 lifecam22 3041.59570312 4756.81152344 4.71939325333
1477660789180 lifecam22 3037.453125 4756.41503906 4.73488712311
1477660789249 lifecam22 3029.23803711 4752.75390625 4.72204732895
1477660789315 lifecam22 3023.29150391 4752.46679688 4.7217798233
1477660789380 lifecam22 3017.08935547 4752.57568359 4.7228064537
1477660789451 lifecam22 3010.22924805 4751.9921875 4.71729040146
1477660789513 lifecam22 3003.29541016 4752.19384766 4.71920156479
1477660789581 lifecam22 2996.29541016 4752.19384766 4.71920156479
1477660789649 lifecam22 2989.29516602 4752.19384766 4.71920156479
1477660789712 lifecam22 2982.58789062 4751.99316406 4.71729803085
1477660789850 lifecam22 2969.58520508 4752.203125 4.71928739548
1477660789915 lifecam22 2962.52563477 4749.48291016 4.71978139877
1477660789982 lifecam22 2955.75708008 4749.515625 4.72026872635
1477660790047 lifecam22 2950.53564453 4748.29394531 4.73571872711
1477660790117 lifecam22 2943.52636719 4746.23242188 4.72782325745
1477660790248 lifecam22 2930.07373047 4746.07470703 4.72749710083
1477660790315 lifecam22 2922.95678711 4746.09667969 4.72769784927
1477660790383 lifecam22 2915.95678711 4746.09619141 4.72769737244
1477660790452 lifecam22 2910.69116211 4745.73242188 4.72428035736
1477660790582 lifecam22 2897.53881836 4746.66894531 4.73450517654
1477660790649 lifecam22 2891.33764648 4745.46435547 4.73310518265
1477660790718 lifecam22 2885.24658203 4744.65380859 4.74127054214
1477660790785 lifecam22 2879.22363281 4743.85595703 4.74885892868
1477660790849 lifecam22 2871.71264648 4742.32128906 4.74288892746
1477660790983 lifecam22 2857.17700195 4741.03857422 4.7385969162
1477660791051 lifecam22 2849.19116211 4739.41455078 4.72968101501
1477660791117 lifecam22 2843.0847168 4739.74169922 4.73373222351
1477660791183 lifecam22 2836.34936523 4739.72509766 4.73357582092
1477660791250 lifecam22 2830.07617188 4739.99755859 4.73894643784
1477660791316 lifecam22 2823.76464844 4739.95166016 4.73986387253
1477660791385 lifecam22 2816.91967773 4739.89111328 4.74188947678
1477660791451 lifecam22 2811.82226562 4737.55273438 4.75507497787
1477660791520 lifecam22 2805.37988281 4736.23681641 4.7503824234
1477660791582 lifecam22 2798.49047852 4735.59667969 4.748234272
1477660791717 lifecam22 2784.12353516 4733.94042969 4.74013566971
1477660791784 lifecam22 2776.25805664 4732.27539062 4.72937345505
1477660791850 lifecam22 2769.82275391 4732.27441406 4.73090839386
1477660791918 lifecam22 2763.3684082 4732.48095703 4.73733377457
1477660791986 lifecam22 2761.37939453 4733.15527344 4.75699853897
1477660792061 lifecam22 2753.87280273 4731.73535156 4.75684595108
1477660792120 lifecam22 2747.16430664 4730.45068359 4.75656557083
1477660792184 lifecam22 2740.33325195 4730.17578125 4.75659656525
1477660792251 lifecam22 2732.86279297 4729.23583984 4.75203466415
1477660792323 lifecam22 2726.11279297 4728.89306641 4.75147247314
1477660792387 lifecam22 2718.78149414 4727.41162109 4.74476003647
1477660792451 lifecam22 2711.68237305 4726.93115234 4.74536800385
1477660792520 lifecam22 2705.19360352 4727.13916016 4.74857282639
1477660792585 lifecam22 2699.33374023 4726.95556641 4.75888872147
1477660792650 lifecam22 2693.01049805 4726.49609375 4.76599836349
1477660792719 lifecam22 2686.27246094 4724.91650391 4.76501226425
1477660792852 lifecam22 2671.67822266 4722.20800781 4.75507164001
1477660792920 lifecam22 2665.19580078 4722.08300781 4.75497865677
1477660792988 lifecam22 2657.90356445 4721.14111328 4.75378274918
1477660793055 lifecam22 2651.28588867 4721.67871094 4.7563123703
1477660793119 lifecam22 2644.96606445 4721.04785156 4.76373624802
1477660793193 lifecam22 2638.34570312 4720.67236328 4.76748800278
1477660793255 lifecam22 2632.63916016 4720.1328125 4.77247285843
1477660793320 lifecam22 2625.75048828 4717.86376953 4.76738882065
1477660793387 lifecam22 2619.23828125 4717.94628906 4.76793766022
1477660793453 lifecam22 2613.05981445 4716.85546875 4.76677846909
1477660793591 lifecam22 2600.44018555 4715.47412109 4.7686047554
1477660793655 lifecam22 2594.20922852 4713.90966797 4.76845741272
1477660793720 lifecam22 2587.99243164 4712.87060547 4.77068996429
1477660793782 lifecam22 2580.59863281 4711.61523438 4.76779937744
1477660793854 lifecam22 2574.30541992 4710.93261719 4.76730823517
1477660793982 lifecam22 2560.32788086 4710.10449219 4.76465606689
1477660794051 lifecam22 2553.60009766 4709.41748047 4.76585769653
1477660794115 lifecam22 2547.08007812 4708.41162109 4.76965475082
1477660794182 lifecam22 2540.76171875 4708.48779297 4.77489042282
1477660794252 lifecam22 2534.17529297 4707.30859375 4.77555751801
1477660794323 lifecam22 2527.60693359 4707.08740234 4.77797889709
1477660794391 lifecam22 2520.31494141 4706.22460938 4.77845859528
1477660794455 lifecam22 2513.50805664 4704.79589844 4.77560043335
1477660794524 lifecam22 2506.55297852 4703.59472656 4.77809810638
1477660794588 lifecam22 2499.52832031 4702.46484375 4.7759013176
1477660794658 lifecam22 2493.42504883 4701.43115234 4.7816491127
1477660794723 lifecam22 2486.6262207 4700.52783203 4.7815952301
1477660794781 lifecam22 2480.0559082 4700.14160156 4.7813038826
1477660794855 lifecam22 2472.45068359 4698.35742188 4.77613162994
1477660794924 lifecam22 2465.88769531 4697.96484375 4.77619552612
1477660795055 lifecam22 2454.94750977 4696.89501953 4.78406953812
1477660795124 lifecam22 2448.7824707 4696.68896484 4.78889751434
1477660795193 lifecam22 2442.42089844 4694.99853516 4.78910541534
1477660795259 lifecam22 2435.65869141 4694.05322266 4.78420972824
1477660795323 lifecam22 2428.14501953 4691.48046875 4.77951192856
1477660795401 lifecam22 2422.33032227 4691.07763672 4.78231048584
1477660795455 lifecam22 2415.79833984 4690.45654297 4.78725862503
1477660795524 lifecam22 2409.47680664 4689.7890625 4.79024934769
1477660795590 lifecam22 2403.19506836 4689.12451172 4.79221439362
1477660795658 lifecam22 2395.87451172 4688.13818359 4.79172563553
1477660795793 lifecam22 2382.11230469 4686.17333984 4.7893447876
1477660795858 lifecam22 2375.72265625 4685.38476562 4.79374790192
1477660795923 lifecam22 2368.58349609 4684.17822266 4.79264783859
1477660795990 lifecam22 2361.92211914 4683.42382812 4.79515028
1477660796059 lifecam22 2354.99243164 4682.32958984 4.79248189926
1477660796193 lifecam22 2341.29003906 4679.62939453 4.79296875
1477660796259 lifecam22 2334.78125 4678.92431641 4.7946434021
1477660796324 lifecam22 2327.9309082 4677.34667969 4.79440593719
1477660796391 lifecam22 2321.74633789 4676.4375 4.79630851746
1477660796460 lifecam22 2315.41577148 4675.98095703 4.79956769943
1477660796526 lifecam22 2309.2253418 4676.02294922 4.8054432869
1477660796591 lifecam22 2302.51660156 4674.99316406 4.80348062515
1477660796658 lifecam22 2295.97631836 4674.01171875 4.80748653412
1477660796728 lifecam22 2290.13549805 4673.17480469 4.81219244003
1477660796791 lifecam22 2284.03540039 4672.35693359 4.80870246887
1477660796926 lifecam22 2270.44384766 4669.48535156 4.80577659607
1477660796992 lifecam22 2263.90063477 4668.015625 4.804002285
1477660797059 lifecam22 2257.23925781 4665.88623047 4.80306768417
1477660797127 lifecam22 2251.61132812 4665.44042969 4.80726671219
1477660797190 lifecam22 2243.72338867 4663.3125 4.80277729034
1477660797264 lifecam22 2238.5559082 4663.28076172 4.80786132812
1477660797327 lifecam22 2231.21459961 4661.70410156 4.80452442169
1477660797395 lifecam22 2225.78466797 4661.63232422 4.81248044968
1477660797461 lifecam22 2219.15136719 4660.64550781 4.81485319138
1477660797526 lifecam22 2212.73144531 4660.12792969 4.81787204742
1477660797661 lifecam22 2199.24853516 4658.07519531 4.81748151779
1477660797726 lifecam22 2192.38793945 4656.73535156 4.81708431244
1477660797796 lifecam22 2185.73754883 4655.89892578 4.81872034073
1477660797860 lifecam22 2179.18237305 4654.53808594 4.82238483429
1477660797926 lifecam22 2172.26708984 4653.31591797 4.82064151764
1477660798061 lifecam22 2158.49780273 4650.00830078 4.81465435028
1477660798129 lifecam22 2152.0925293 4648.84863281 4.81519699097
1477660798193 lifecam22 2145.19384766 4647.35253906 4.81598758698
1477660798264 lifecam22 2138.29858398 4645.75 4.81354618073
1477660798328 lifecam22 2131.51757812 4645.41943359 4.81520032883
1477660798393 lifecam22 2124.80883789 4644.31054688 4.81535625458
1477660798461 lifecam22 2118.41943359 4643.21240234 4.81542491913
1477660798526 lifecam22 2112.54272461 4642.24951172 4.81858873367
1477660798595 lifecam22 2106.65039062 4640.79541016 4.82588624954
1477660798663 lifecam22 2100.17553711 4640.80224609 4.82799005508
1477660798796 lifecam22 2087.23266602 4638.35009766 4.82809591293
1477660798864 lifecam22 2080.65844727 4636.98681641 4.83063030243
1477660798936 lifecam22 2074.16577148 4635.38232422 4.83328437805
1477660799000 lifecam22 2068.34033203 4634.36279297 4.83475780487
1477660799068 lifecam22 2060.625 4632.89550781 4.83032512665
1477660799137 lifecam22 2053.67651367 4631.71777344 4.82786035538
1477660799201 lifecam22 2047.40283203 4630.63720703 4.83376026154
1477660799271 lifecam22 2040.74975586 4629.66699219 4.83355093002
1477660799334 lifecam22 2034.35009766 4628.375 4.83273172379
1477660799400 lifecam22 2027.68798828 4626.38183594 4.83178710938
1477660799477 lifecam22 2021.29003906 4625.79931641 4.83077573776
1477660799532 lifecam22 2013.92895508 4623.94873047 4.83157157898
1477660799600 lifecam22 2007.91699219 4623.51904297 4.83455848694
1477660799669 lifecam22 2001.52709961 4622.07128906 4.83647346497
1477660799736 lifecam22 1994.4050293 4620.49755859 4.83485746384
1477660799870 lifecam22 1981.78540039 4617.90429688 4.83687210083
1477660799936 lifecam22 1975.56530762 4616.56738281 4.84117078781
1477660800004 lifecam22 1968.6159668 4615.29541016 4.84006595612
1477660800071 lifecam22 1962.05700684 4614.38232422 4.84040498734
1477660800137 lifecam22 1954.55236816 4612.87695312 4.83691930771
1477660800204 lifecam22 1948.18066406 4612.08496094 4.8398809433
1477660800270 lifecam22 1942.5793457 4610.70214844 4.84582185745
1477660800336 lifecam22 1936.10498047 4609.90625 4.84958028793
1477660800406 lifecam22 1929.26745605 4607.97265625 4.84562110901
1477660800468 lifecam22 1922.59643555 4606.01123047 4.84465312958
1477660800533 lifecam22 1916.3828125 4605.6171875 4.84731912613
1477660800587 lifecam20 1846.44067383 4600.03808594 4.80538272858
1477660800597 lifecam22 1843.12890625 4598.81054688 4.80492115021
1477660800661 lifecam20 1839.12744141 4598.31201172 4.80109739304
1477660800667 lifecam22 1835.87585449 4597.40429688 4.80006361008
1477660800730 lifecam22 1832.5670166 4596.56835938 4.79867076874
1477660800732 lifecam20 1829.59179688 4596.50097656 4.80346441269
1477660800787 lifecam20 1825.99353027 4596.20996094 4.80292749405
1477660800796 lifecam22 1822.67285156 4595.74121094 4.80524492264
1477660800930 lifecam22 1816.27197266 4594.86816406 4.80839490891
1477660800932 lifecam20 1809.76538086 4594.62548828 4.81232690811
1477660800999 lifecam22 1806.92358398 4594.37597656 4.81336736679
1477660801001 lifecam20 1803.65856934 4594.75683594 4.81493330002
1477660801055 lifecam20 1800.6081543 4594.84570312 4.82136583328
1477660801066 lifecam22 1796.84936523 4593.94140625 4.82040214539
1477660801129 lifecam20 1794.07165527 4594.62011719 4.82728910446
1477660801135 lifecam22 1791.27661133 4594.18652344 4.82999610901
1477660801190 lifecam20 1787.95715332 4593.94824219 4.83230209351
1477660801204 lifecam22 1784.48828125 4593.22216797 4.83270978928
1477660801257 lifecam20 1781.00878906 4593.13525391 4.83461093903
1477660801270 lifecam22 1777.57727051 4592.58789062 4.83535861969
1477660801328 lifecam20 1774.65551758 4593.12744141 4.8392701149
1477660801333 lifecam22 1771.21728516 4592.56298828 4.83858728409
1477660801398 lifecam22 1767.48498535 4591.78515625 4.83856725693
1477660801398 lifecam20 1763.77697754 4591.25390625 4.8414607048
1477660801455 lifecam20 1761.21655273 4591.99316406 4.84978246689
1477660801472 lifecam22 1758.36340332 4590.84570312 4.85111618042
1477660801522 lifecam20 1754.68212891 4589.85644531 4.8489151001
1477660801536 lifecam22 1751.22021484 4588.95703125 4.84862804413
1477660801656 lifecam20 1744.84240723 4587.84326172 4.85107135773
1477660801672 lifecam22 1737.97216797 4585.75292969 4.84687519073
1477660801725 lifecam20 1734.39819336 4585.22998047 4.84594249725
1477660801739 lifecam22 1731.25488281 4584.58935547 4.84668207169
1477660801790 lifecam20 1728.16967773 4584.58007812 4.85161590576
1477660801807 lifecam22 1725.05822754 4584.24560547 4.85336256027
1477660801860 lifecam20 1721.62695312 4583.53222656 4.85329818726
1477660801873 lifecam22 1718.07946777 4582.96337891 4.85339355469
1477660801923 lifecam20 1714.53137207 4582.36328125 4.85180902481
1477660801941 lifecam22 1711.64477539 4582.04199219 4.85329771042
1477660801994 lifecam20 1708.4432373 4581.14453125 4.85550498962
1477660802058 lifecam20 1705.3236084 4580.90332031 4.85721731186
1477660802071 lifecam22 1698.86987305 4579.50097656 4.85984992981
1477660802122 lifecam20 1695.63842773 4579.05957031 4.86147260666
1477660802143 lifecam22 1692.67932129 4578.1875 4.8617401123
1477660802190 lifecam20 1689.06640625 4577.27929688 4.8612112999
1477660802204 lifecam22 1685.58178711 4576.63623047 4.86140680313
1477660802259 lifecam20 1682.41259766 4576.09179688 4.86142349243
1477660802274 lifecam22 1679.33898926 4575.57519531 4.86132526398
1477660802329 lifecam20 1675.90209961 4574.13232422 4.8604927063
1477660802346 lifecam22 1672.58068848 4572.81542969 4.8602771759
1477660802390 lifecam20 1669.2364502 4572.60546875 4.86147928238
1477660802407 lifecam22 1666.22460938 4572.53417969 4.86470746994
1477660802457 lifecam20 1662.75524902 4571.26611328 4.86289644241
1477660802472 lifecam22 1659.49902344 4569.79785156 4.86060142517
1477660802525 lifecam20 1656.41137695 4569.24121094 4.86231994629
1477660802540 lifecam22 1653.18945312 4568.72167969 4.86232995987
1477660802590 lifecam20 1649.71020508 4567.85009766 4.86186790466
1477660802611 lifecam22 1646.58312988 4566.95507812 4.8634967804
1477660802659 lifecam20 1643.2364502 4566.42431641 4.86543130875
1477660802726 lifecam20 1639.93139648 4565.98242188 4.86601018906
1477660802743 lifecam22 1633.44750977 4564.61425781 4.865878582
1477660802790 lifecam20 1629.97753906 4563.80371094 4.8645658493
1477660802809 lifecam22 1626.4029541 4562.97998047 4.86343097687
1477660802861 lifecam20 1623.109375 4562.42138672 4.86541223526
1477660802874 lifecam22 1619.97363281 4561.86621094 4.86705350876
1477660802925 lifecam20 1616.71142578 4560.93457031 4.86785840988
1477660802941 lifecam22 1613.57592773 4560.109375 4.86854124069
1477660802991 lifecam20 1609.81054688 4559.14746094 4.86680316925
1477660803008 lifecam22 1606.2845459 4558.15527344 4.86585235596
1477660803063 lifecam20 1603.36877441 4557.78173828 4.86675643921
1477660803075 lifecam22 1600.34521484 4557.16113281 4.86674642563
1477660803125 lifecam20 1596.50146484 4556.29345703 4.86802148819
1477660803142 lifecam22 1592.81054688 4555.33496094 4.86821937561
1477660803191 lifecam20 1589.42700195 4554.41308594 4.86740732193
1477660803209 lifecam22 1586.41687012 4553.93847656 4.87117195129
1477660803257 lifecam20 1582.97045898 4552.92382812 4.87012672424
1477660803277 lifecam22 1579.80126953 4552.01367188 4.86824703217
1477660803326 lifecam20 1576.65576172 4551.32421875 4.86870145798
1477660803340 lifecam22 1573.52661133 4550.29785156 4.86834669113
1477660803460 lifecam20 1566.57006836 4548.84960938 4.86957645416
1477660803476 lifecam22 1560.06689453 4547.61230469 4.87196063995
1477660803528 lifecam20 1556.98461914 4547.16162109 4.87399053574
1477660803543 lifecam22 1553.77026367 4546.48730469 4.87422084808
1477660803596 lifecam20 1550.34606934 4546.1796875 4.8753027916
1477660803609 lifecam22 1546.90942383 4545.77099609 4.87724018097
1477660803660 lifecam20 1543.43579102 4544.97314453 4.87985038757
1477660803676 lifecam22 1540.08691406 4543.99658203 4.87923812866
1477660803729 lifecam20 1536.50317383 4542.96679688 4.87530708313
1477660803742 lifecam22 1533.47583008 4542.21582031 4.8759098053
1477660803796 lifecam20 1530.41479492 4541.4296875 4.87812566757
1477660803810 lifecam22 1527.2331543 4540.76904297 4.87995958328
1477660803857 lifecam20 1523.92407227 4539.73583984 4.87955665588
1477660803876 lifecam22 1520.39575195 4538.51464844 4.877368927
1477660803927 lifecam20 1517.23815918 4538.25878906 4.87940454483
1477660803944 lifecam22 1514.20922852 4537.85449219 4.88036966324
1477660803997 lifecam20 1510.12670898 4536.25683594 4.87779951096
1477660804008 lifecam22 1506.86328125 4535.08496094 4.8799290657
1477660804061 lifecam20 1504.27880859 4534.47998047 4.88252830505
1477660804075 lifecam22 1500.94238281 4533.32519531 4.87967634201
1477660804143 lifecam22 1497.8137207 4532.35888672 4.87826633453
1477660804204 lifecam20 1490.50415039 4530.35205078 4.87584114075
1477660804206 lifecam22 1487.03881836 4529.265625 4.87622404099
1477660804272 lifecam22 1484.06201172 4528.81445312 4.87771749496
1477660804273 lifecam20 1481.00195312 4528.37597656 4.87965917587
1477660804326 lifecam20 1477.71655273 4527.67480469 4.8807182312
1477660804340 lifecam22 1474.64916992 4526.91162109 4.88102436066
1477660804400 lifecam20 1471.24169922 4526.22460938 4.88189744949
1477660804404 lifecam22 1467.52001953 4525.640625 4.88267946243
1477660804532 lifecam20 1459.69848633 4524.109375 4.88190746307
1477660804537 lifecam22 1453.00488281 4522.77832031 4.88506174088
1477660804600 lifecam20 1450.13452148 4522.60351562 4.88819408417
1477660804604 lifecam22 1446.97241211 4522.1953125 4.8886551857
1477660804669 lifecam22 1443.81030273 4521.25 4.8881149292
1477660804671 lifecam20 1440.36669922 4520.1953125 4.88764286041
1477660804729 lifecam20 1436.6706543 4519.41796875 4.88703918457
1477660804736 lifecam22 1433.14477539 4518.69873047 4.88854789734
1477660804799 lifecam20 1429.52514648 4517.83300781 4.89020061493
1477660804805 lifecam22 1426.04589844 4516.73144531 4.88922739029
1477660804938 lifecam22 1418.67614746 4514.95214844 4.88838529587
1477660804940 lifecam20 1411.59838867 4512.99316406 4.88736534119
1477660804995 lifecam20 1407.93078613 4512.18554688 4.88703680038
1477660805004 lifecam22 1405.08117676 4511.42919922 4.88938999176
1477660805070 lifecam20 1401.63928223 4510.19042969 4.88975143433
1477660805073 lifecam22 1398.25439453 4508.76171875 4.88963079453
1477660805137 lifecam22 1395.00146484 4507.83740234 4.88829517365
1477660805138 lifecam20 1391.7956543 4507.17871094 4.88935470581
1477660805195 lifecam20 1388.38464355 4506.17578125 4.89019107819
1477660805204 lifecam22 1385.19506836 4505.51513672 4.89234113693
1477660805339 lifecam22 1378.51782227 4504.15234375 4.8936753273
1477660805340 lifecam20 1371.35058594 4502.87402344 4.89473009109
1477660805395 lifecam20 1367.80932617 4502.06689453 4.89514780045
1477660805404 lifecam22 1363.79187012 4500.74755859 4.89175510406
1477660805464 lifecam20 1360.23657227 4499.88623047 4.89098024368
1477660805472 lifecam22 1357.28210449 4499.61425781 4.89459466934
1477660805537 lifecam20 1353.81811523 4498.37548828 4.89369249344
1477660805543 lifecam22 1351.11535645 4497.62695312 4.89704942703
1477660805608 lifecam22 1347.51818848 4496.20117188 4.89501094818
1477660805609 lifecam20 1344.58886719 4495.74511719 4.8995051384
1477660805674 lifecam20 1341.52856445 4495.20898438 4.89890241623
1477660805677 lifecam22 1338.93505859 4495.10449219 4.90041923523
1477660805742 lifecam20 1335.58642578 4493.89355469 4.90147542953
1477660805744 lifecam22 1332.21289062 4492.75585938 4.90394210815
1477660805806 lifecam22 1329.09558105 4492.04199219 4.9030213356
1477660805808 lifecam20 1325.97570801 4491.68847656 4.90433168411
1477660805865 lifecam20 1322.86352539 4490.72070312 4.9052066803
1477660805872 lifecam22 1319.72094727 4489.30810547 4.90326166153
1477660805938 lifecam20 1316.03100586 4488.1875 4.90378284454
1477660805941 lifecam22 1312.56506348 4487.27832031 4.90423822403
1477660806062 lifecam20 1305.73681641 4485.24804688 4.90250349045
1477660806076 lifecam22 1299.28613281 4482.98242188 4.90061235428
1477660806132 lifecam20 1296.17028809 4482.23046875 4.90255308151
1477660806141 lifecam22 1293.21691895 4481.40722656 4.90351486206
1477660806205 lifecam22 1289.95605469 4481.00244141 4.90624237061
1477660806206 lifecam20 1286.27697754 4480.06201172 4.90508317947
1477660806259 lifecam20 1283.29064941 4479.86132812 4.90800094604
1477660806266 lifecam22 1280.18249512 4479.22363281 4.90905475616
1477660806334 lifecam20 1276.6015625 4478.02685547 4.90816545486
1477660806340 lifecam22 1273.32214355 4477.22167969 4.90882253647
1477660806475 lifecam22 1266.91113281 4475.40332031 4.90944766998
1477660806477 lifecam20 1260.17724609 4473.62304688 4.90928459167
1477660806534 lifecam20 1256.46911621 4472.31005859 4.9080748558
1477660806540 lifecam22 1252.94677734 4471.35253906 4.90912294388
1477660806606 lifecam20 1249.8104248 4470.76367188 4.91141033173
1477660806610 lifecam22 1246.94726562 4470.09521484 4.91210269928
1477660806675 lifecam22 1243.25244141 4468.91210938 4.9108080864
1477660806676 lifecam20 1239.53198242 4468.19335938 4.91121101379
1477660806732 lifecam20 1236.3861084 4467.24169922 4.912586689
1477660806741 lifecam22 1233.2565918 4466.25585938 4.9127702713
1477660806873 lifecam22 1226.59179688 4463.76855469 4.91182565689
1477660806875 lifecam20 1219.39892578 4461.26464844 4.9095621109
1477660806935 lifecam20 1216.31494141 4460.34179688 4.91044664383
1477660806942 lifecam22 1213.51831055 4459.71191406 4.91280889511
1477660807005 lifecam20 1210.19433594 4459.1171875 4.9140291214
1477660807009 lifecam22 1206.92089844 4458.35839844 4.91467475891
1477660807072 lifecam20 1203.42224121 4457.40283203 4.91526174545
1477660807076 lifecam22 1200.30651855 4456.52050781 4.91496658325
1477660807141 lifecam22 1196.86108398 4455.55273438 4.91464567184
1477660807142 lifecam20 1193.60180664 4454.87304688 4.91442012787
1477660807201 lifecam20 1190.07861328 4453.90722656 4.91499471664
1477660807212 lifecam22 1187.02294922 4453.20410156 4.9152507782
1477660807275 lifecam20 1184.05957031 4452.36035156 4.91908454895
1477660807278 lifecam22 1180.90600586 4451.20947266 4.92007017136
1477660807342 lifecam22 1177.81958008 4450.59082031 4.92219161987
1477660807345 lifecam20 1174.77661133 4449.83300781 4.92031764984
1477660807403 lifecam20 1171.40380859 4448.61035156 4.92085027695
1477660807409 lifecam22 1168.11291504 4447.09082031 4.91797399521
1477660807472 lifecam20 1164.50158691 4446.27099609 4.91842508316
1477660807476 lifecam22 1161.48144531 4445.58056641 4.92114639282
1477660807599 lifecam20 1154.77416992 4443.32519531 4.91993284225
1477660807607 lifecam22 1148.07397461 4440.87304688 4.91787195206
1477660807672 lifecam20 1145.01879883 4439.80371094 4.9188709259
1477660807677 lifecam22 1142.18286133 4439.02929688 4.92046165466
1477660807741 lifecam20 1138.66674805 4437.96435547 4.9193520546
1477660807746 lifecam22 1135.35058594 4436.828125 4.91811752319
1477660807808 lifecam22 1132.29443359 4435.93359375 4.91729688644
1477660807810 lifecam20 1129.17004395 4435.23632812 4.91794586182
1477660807866 lifecam20 1125.25927734 4433.77441406 4.91617965698
1477660807876 lifecam22 1122.1105957 4432.86230469 4.91864013672
1477660808012 lifecam22 1115.88806152 4431.62451172 4.92156600952
1477660808012 lifecam20 1110.03271484 4430.80566406 4.92718553543
1477660808066 lifecam20 1106.33105469 4430.06933594 4.92785453796
1477660808078 lifecam22 1102.94897461 4429.31933594 4.92872285843
1477660808143 lifecam20 1099.72949219 4428.08056641 4.92811250687
1477660808147 lifecam22 1096.80383301 4427.04443359 4.92851877213
1477660808209 lifecam22 1093.40063477 4426.19091797 4.92865228653
1477660808213 lifecam20 1090.11743164 4425.44921875 4.93095636368
1477660808271 lifecam20 1086.52197266 4424.52050781 4.93014812469
1477660808276 lifecam22 1083.02575684 4423.21875 4.92928743362
1477660808410 lifecam22 1076.3894043 4421.4296875 4.93141222
1477660808412 lifecam20 1069.54418945 4419.34082031 4.93340587616
1477660808467 lifecam20 1066.18554688 4418.32714844 4.93300819397
1477660808479 lifecam22 1063.33935547 4417.15527344 4.93213510513
1477660808539 lifecam20 1059.72265625 4415.98632812 4.9311914444
1477660808544 lifecam22 1056.3692627 4414.67382812 4.93172931671
1477660808611 lifecam20 1053.3182373 4413.23046875 4.9315495491
1477660808614 lifecam22 1050.29174805 4412.07861328 4.93031787872
1477660808676 lifecam22 1047.00317383 4411.03564453 4.93237781525
1477660808679 lifecam20 1043.91796875 4410.18066406 4.93287181854
1477660808745 lifecam20 1040.21337891 4409.00878906 4.93163347244
1477660808753 lifecam22 1037.16467285 4408.00927734 4.93058729172
1477660808810 lifecam20 1033.48242188 4406.93310547 4.93010997772
1477660808813 lifecam22 1030.26025391 4406.18261719 4.93147039413
1477660808878 lifecam22 1026.77001953 4405.32666016 4.93163013458
1477660808879 lifecam20 1023.49536133 4404.890625 4.93364095688
1477660808936 lifecam20 1020.38708496 4403.93261719 4.93427324295
1477660808947 lifecam22 1017.45654297 4403.03417969 4.93444824219
1477660809010 lifecam20 1014.27783203 4402.19921875 4.93735456467
1477660809014 lifecam22 1011.2088623 4401.16210938 4.93930387497
1477660809140 lifecam20 1004.43005371 4398.85888672 4.93867731094
1477660809147 lifecam22 998.081420898 4396.93017578 4.93981313705
1477660809203 lifecam20 995.017333984 4396.4609375 4.94147920609
1477660809211 lifecam22 992.131958008 4395.85546875 4.9422121048
1477660809279 lifecam20 989.005432129 4394.68847656 4.94314432144
1477660809283 lifecam22 985.843322754 4393.578125 4.94301271439
1477660809344 lifecam22 982.629272461 4392.04345703 4.94205760956
1477660809345 lifecam20 979.412353516 4390.66894531 4.93921136856
1477660809403 lifecam20 975.728637695 4389.34521484 4.93789196014
1477660809411 lifecam22 973.044921875 4388.5703125 4.9378156662
1477660809545 lifecam22 966.897094727 4386.10351562 4.93822193146
1477660809547 lifecam20 961.188171387 4384.35888672 4.94161701202
1477660809604 lifecam20 956.955993652 4382.94042969 4.94018793106
1477660809613 lifecam22 953.364501953 4382.16308594 4.9410405159
1477660809674 lifecam20 950.620483398 4381.53173828 4.94283771515
1477660809679 lifecam22 947.565673828 4380.27050781 4.94207048416
1477660809744 lifecam22 944.240783691 4379.25732422 4.94178676605
1477660809745 lifecam20 940.870239258 4378.32519531 4.94256734848
1477660809805 lifecam20 937.078369141 4377.16992188 4.94164562225
1477660809812 lifecam22 933.945861816 4376.43847656 4.94352006912
1477660809948 lifecam22 927.585144043 4373.98046875 4.94237518311
1477660809948 lifecam20 921.214477539 4372.17382812 4.94490480423
1477660810002 lifecam20 917.434814453 4371.14794922 4.94466543198
1477660810013 lifecam22 914.215576172 4370.40527344 4.94686174393
1477660810073 lifecam20 910.739257812 4369.24804688 4.94798946381
1477660810082 lifecam22 907.690124512 4368.52636719 4.95034170151
1477660810147 lifecam20 904.774291992 4367.75878906 4.95121955872
1477660810151 lifecam22 901.6953125 4367.04931641 4.95357131958
1477660810212 lifecam22 897.780639648 4365.28515625 4.95016717911
1477660810214 lifecam20 894.202636719 4364.13671875 4.94937801361
1477660810343 lifecam20 887.392883301 4361.72558594 4.95041561127
1477660810347 lifecam22 881.100585938 4359.62402344 4.95304584503
1477660810413 lifecam22 878.223083496 4358.50146484 4.95290136337
1477660810414 lifecam20 874.953674316 4357.50585938 4.95316457748
1477660810471 lifecam20 872.048278809 4356.46679688 4.95494365692
1477660810481 lifecam22 869.029907227 4355.42041016 4.95472478867
1477660810540 lifecam20 865.138061523 4354.35449219 4.9538602829
1477660810550 lifecam22 861.582763672 4353.01269531 4.95330238342
1477660810615 lifecam22 858.482116699 4352.37011719 4.95447826385
1477660810617 lifecam20 854.97064209 4351.296875 4.95370912552
1477660810740 lifecam20 848.510559082 4349.22070312 4.95608615875
1477660810747 lifecam22 842.186645508 4346.87695312 4.95497512817
1477660810811 lifecam20 838.797485352 4345.47363281 4.95291233063
1477660810815 lifecam22 835.786071777 4344.2734375 4.95398426056
1477660810880 lifecam22 833.091430664 4343.34570312 4.95396566391
1477660810881 lifecam20 830.159301758 4342.61230469 4.95697069168
1477660810940 lifecam20 830.55078125 4342.0078125 4.95289897919
1477660810948 lifecam22 831.765197754 4342.35302734 4.95322179794
1477660811013 lifecam20 831.774597168 4342.42089844 4.95281791687
1477660811016 lifecam22 831.348083496 4342.13964844 4.95176839828
1477660811082 lifecam22 831.487609863 4342.17382812 4.95122289658
1477660811083 lifecam20 831.409912109 4342.16650391 4.95186185837
1477660811140 lifecam20 831.289428711 4342.05419922 4.95097398758
1477660811147 lifecam22 831.149902344 4342.02050781 4.95151948929
1477660811206 lifecam20 831.369384766 4342.2109375 4.95290613174
1477660811214 lifecam22 831.505126953 4342.32714844 4.9531121254
