1478195007791 lifecam22 3344.11767578 5372.95703125 4.6594209671
1478195007854 lifecam22 3344.04467773 5372.75634766 4.65884685516
1478195007923 lifecam22 3344.04467773 5372.75634766 4.65884685516
1478195007992 lifecam22 3344.04467773 5372.75634766 4.65884685516
1478195008323 lifecam22 3344.34350586 5372.89697266 4.6603307724
1478195008378 lifecam22 3344.77832031 5373.16259766 4.66289281845
1478195008451 lifecam22 3344.70556641 5372.96191406 4.66231870651
1478195008531 lifecam22 3344.70556641 5372.96191406 4.66231870651
1478195008591 lifecam22 3344.46923828 5372.88037109 4.66025400162
1478195008930 lifecam22 3347.06665039 5373.90771484 4.66611528397
1478195008999 lifecam22 3348.31835938 5374.99853516 4.67298650742
1478195009061 lifecam22 3348.88305664 5375.07519531 4.67528104782
1478195009133 lifecam22 3350.25415039 5377.03808594 4.68448352814
1478195009193 lifecam22 3350.5065918 5376.86474609 4.68552732468
1478195009527 lifecam22 3331.77807617 5372.58544922 4.66211557388
1478195009583 lifecam22 3328.48486328 5372.52050781 4.6650056839
1478195009653 lifecam22 3320.79882812 5371.00488281 4.65227460861
1478195009726 lifecam22 3312.58129883 5368.38867188 4.63753223419
1478195009792 lifecam22 3306.40234375 5365.78027344 4.61863279343
1478195010058 lifecam22 3275.05249023 5358.60986328 4.56354522705
1478195010123 lifecam22 3268.39111328 5357.66113281 4.55129051208
1478195010194 lifecam22 3260.33544922 5355.9140625 4.53414154053
1478195010258 lifecam22 3252.29370117 5354.27099609 4.51587486267
1478195010324 lifecam22 3244.27099609 5352.73632812 4.50087690353
1478195010601 lifecam22 3213.21044922 5349.34863281 4.44036912918
1478195010652 lifecam22 3206.20043945 5348.55175781 4.42763614655
1478195010724 lifecam22 3199.53344727 5348.6875 4.41560029984
1478195010800 lifecam22 3191.29394531 5348.67089844 4.40300321579
1478195010863 lifecam22 3182.50976562 5347.70996094 4.37956666946
1478195011135 lifecam22 3151.64257812 5347.60449219 4.32291221619
1478195011196 lifecam22 3143.56738281 5347.72265625 4.30920410156
1478195011266 lifecam22 3136.09399414 5348.1171875 4.2940621376
1478195011324 lifecam22 3127.39868164 5347.38818359 4.27342557907
1478195011397 lifecam22 3121.05126953 5349.19628906 4.2679233551
1478195011597 lifecam22 3097.83520508 5351.58984375 4.21488332748
1478195011652 lifecam22 3091.10375977 5353.25 4.20779275894
1478195011716 lifecam22 3082.26367188 5354.23193359 4.18703746796
1478195011792 lifecam22 3075.88378906 5355.54345703 4.17749261856
1478195011865 lifecam22 3067.48291016 5356.54199219 4.16015911102
1478195011920 lifecam22 3061.38647461 5358.79638672 4.1552324295
1478195012200 lifecam22 3030.00732422 5365.49902344 4.08723783493
1478195012264 lifecam22 3022.89868164 5368.35449219 4.07545900345
1478195012317 lifecam22 3014.8137207 5370.69335938 4.05675458908
1478195012389 lifecam22 3008.79516602 5372.94775391 4.04745864868
1478195012663 lifecam22 2979.48925781 5383.77441406 3.98935890198
1478195012735 lifecam22 2972.94628906 5385.68212891 3.97653460503
1478195012787 lifecam22 2965.09765625 5388.26464844 3.96120524406
1478195012860 lifecam22 2954.52246094 5391.953125 3.92748188972
1478195012922 lifecam22 2949.31958008 5394.99853516 3.91729331017
1478195013253 lifecam22 2915.13671875 5413.45214844 3.84900021553
1478195013329 lifecam22 2909.25805664 5417.03955078 3.83358383179
1478195013401 lifecam22 2903.40869141 5420.94189453 3.82200908661
1478195013464 lifecam22 2895.84619141 5425.15625 3.80359864235
1478195013665 lifecam22 2876.35205078 5437.20410156 3.75925850868
1478195013742 lifecam22 2869.62866211 5442.02441406 3.74471116066
1478195013792 lifecam22 2863.08544922 5446.31689453 3.72630691528
1478195013934 lifecam22 2850.06689453 5455.53320312 3.69453430176
1478195014202 lifecam22 2826.91308594 5475.10839844 3.64052867889
1478195014262 lifecam22 2821.91845703 5479.87548828 3.62518358231
1478195014327 lifecam22 2816.38085938 5485.66552734 3.61202907562
1478195014398 lifecam22 2809.15869141 5490.26513672 3.59528160095
1478195014470 lifecam22 2805.34301758 5495.57910156 3.58642721176
1478195014673 lifecam22 2787.18457031 5512.84521484 3.53657913208
1478195014724 lifecam22 2781.9296875 5518.14941406 3.51965427399
1478195014803 lifecam22 2777.00878906 5525.00927734 3.50470495224
1478195014866 lifecam22 2771.45532227 5530.28369141 3.49085187912
1478195014935 lifecam22 2766.64331055 5536.27636719 3.47605037689
1478195015199 lifecam22 2748.92871094 5559.51953125 3.42471170425
1478195015265 lifecam22 2743.80102539 5565.96142578 3.40880775452
1478195015331 lifecam22 2739.52075195 5572.61279297 3.39380884171
1478195015397 lifecam22 2734.79418945 5579.06445312 3.37732791901
1478195015476 lifecam22 2731.03613281 5585.80566406 3.36503410339
1478195015743 lifecam22 2714.52539062 5612.81689453 3.30105543137
1478195015791 lifecam22 2711.31005859 5619.10253906 3.28943252563
1478195015871 lifecam22 2707.26782227 5626.38476562 3.27487325668
1478195015935 lifecam22 2703.5534668 5633.30712891 3.25638771057
1478195016001 lifecam22 2700.6862793 5639.85693359 3.2414932251
