1478194940555 lifecam22 3345.70996094 5377.20117188 4.66467428207
1478194940612 lifecam22 3345.6652832 5377.16210938 4.66428947449
1478194940681 lifecam22 3346.12426758 5377.58398438 4.66696834564
1478194940756 lifecam22 3345.67578125 5377.18994141 4.66313552856
1478194940815 lifecam22 3345.5144043 5377.17871094 4.6629486084
1478194941019 lifecam22 3345.87133789 5377.21289062 4.66486310959
1478194941075 lifecam22 3345.67578125 5377.18994141 4.66313552856
1478194941140 lifecam22 3345.87133789 5377.21289062 4.66486310959
1478194941219 lifecam22 3345.67578125 5377.18994141 4.66313552856
1478194941284 lifecam22 3346.01318359 5377.17236328 4.66314554214
1478194941549 lifecam22 3346.68310547 5377.35888672 4.66661643982
1478194941619 lifecam22 3346.68310547 5377.35888672 4.66661643982
1478194941686 lifecam22 3346.74047852 5377.70458984 4.66699838638
1478194941751 lifecam22 3346.68310547 5377.35888672 4.66661643982
1478194941828 lifecam22 3346.74047852 5377.70458984 4.66699838638
1478194942093 lifecam22 3348.98950195 5379.67626953 4.6785697937
1478194942152 lifecam22 3350.64770508 5379.79003906 4.67891120911
1478194942221 lifecam22 3348.76733398 5379.359375 4.67934989929
1478194942287 lifecam22 3346.24853516 5377.88671875 4.66868209839
1478194942351 lifecam22 3348.06176758 5378.06835938 4.67255353928
1478194942693 lifecam22 3314.72436523 5371.91357422 4.64102172852
1478194942755 lifecam22 3306.92700195 5369.11621094 4.61593341827
1478194942824 lifecam22 3299.03735352 5367.40380859 4.6043753624
1478194942887 lifecam22 3291.49365234 5365.77441406 4.59199571609
1478194942957 lifecam22 3283.62939453 5363.18261719 4.5731921196
1478194943221 lifecam22 3253.82446289 5358.09570312 4.51950454712
1478194943288 lifecam22 3246.16357422 5357.30761719 4.50319957733
1478194943356 lifecam22 3238.09912109 5355.74707031 4.48739147186
1478194943423 lifecam22 3230.46044922 5354.49707031 4.47481250763
1478194943485 lifecam22 3223.84863281 5353.54443359 4.46180677414
1478194943756 lifecam22 3192.45532227 5351.74316406 4.39864492416
1478194943825 lifecam22 3184.6105957 5351.5390625 4.38648462296
1478194943894 lifecam22 3175.51977539 5350.97998047 4.36765861511
1478194943952 lifecam22 3169.34545898 5351.78320312 4.35931825638
1478194944022 lifecam22 3161.39208984 5351.58886719 4.34207296371
1478194944426 lifecam22 3114.92822266 5353.92822266 4.24526071548
1478194944493 lifecam22 3106.79711914 5355.34277344 4.23370790482
1478194944554 lifecam22 3099.37084961 5354.79345703 4.21880912781
1478194944622 lifecam22 3091.61767578 5356.89306641 4.20566034317
1478194944690 lifecam22 3083.38647461 5357.16357422 4.18532133102
1478194944961 lifecam22 3054.51025391 5363.75927734 4.13416862488
1478194945024 lifecam22 3045.51855469 5365.34033203 4.1108751297
1478194945087 lifecam22 3038.35717773 5367.48095703 4.09977483749
1478194945157 lifecam22 3031.21728516 5369.27490234 4.08580875397
1478194945227 lifecam22 3022.73168945 5372.04345703 4.07139348984
1478194945490 lifecam22 2997.37084961 5381.23388672 4.02651834488
1478194945557 lifecam22 2987.73510742 5384.32324219 4.00105333328
1478194945628 lifecam22 2982.09448242 5387.421875 3.99281406403
1478194945691 lifecam22 2974.80932617 5389.95654297 3.98013210297
1478194945757 lifecam22 2965.63818359 5392.89892578 3.95325064659
1478194946093 lifecam22 2929.26782227 5409.32519531 3.87236952782
1478194946162 lifecam22 2923.73364258 5413.27978516 3.86053776741
1478194946230 lifecam22 2917.64355469 5416.28125 3.85022544861
1478194946299 lifecam22 2909.52075195 5421.92724609 3.82842159271
1478194946356 lifecam22 2903.61450195 5425.09667969 3.81759333611
1478194946630 lifecam22 2877.57446289 5441.67626953 3.75842642784
1478194946694 lifecam22 2871.30688477 5446.13378906 3.74286770821
1478194946832 lifecam22 2858.86889648 5455.16015625 3.71256518364
1478194946898 lifecam22 2852.03320312 5459.57910156 3.69651532173
1478194947233 lifecam22 2822.06835938 5484.15966797 3.62269210815
1478194947295 lifecam22 2817.26147461 5488.35400391 3.6120800972
1478194947368 lifecam22 2811.67553711 5493.81152344 3.59970664978
1478194947425 lifecam22 2805.54931641 5500.09082031 3.582051754
1478194947494 lifecam22 2800.6159668 5505.78222656 3.56920719147
1478194947835 lifecam22 2773.01293945 5534.40820312 3.4880604744
1478194947895 lifecam22 2768.24414062 5539.75732422 3.47698259354
1478194947963 lifecam22 2764.68920898 5545.44384766 3.46761131287
1478194948030 lifecam22 2759.77661133 5551.22802734 3.45158433914
1478194948094 lifecam22 2754.4375 5558.20800781 3.43577957153
1478194948432 lifecam22 2731.25878906 5589.33300781 3.35835075378
1478194948497 lifecam22 2727.95458984 5596.23046875 3.34693336487
1478194948563 lifecam22 2723.59863281 5603.39697266 3.32891750336
1478194948629 lifecam22 2719.86083984 5609.59619141 3.31592130661
1478194948695 lifecam22 2716.89794922 5616.51953125 3.30701684952
1478194948960 lifecam22 2702.49047852 5643.91455078 3.2485165596
1478194949028 lifecam22 2699.78222656 5650.89746094 3.2310256958
1478194949101 lifecam22 2697.10766602 5656.80566406 3.22223615646
1478194949172 lifecam22 2692.00561523 5664.50390625 3.19933080673
1478194949229 lifecam22 2690.02001953 5671.35498047 3.19343185425
1478194949497 lifecam22 2676.39648438 5702.81884766 3.11544728279
1478194949567 lifecam22 2674.09545898 5710.10791016 3.09806036949
1478194949623 lifecam22 2675.13452148 5711.859375 3.1122276783
1478194949693 lifecam22 2674.19165039 5710.14208984 3.09901118279
1478194949763 lifecam22 2675.10449219 5711.64550781 3.11068129539
