1478194397718 lifecam22 3349.48120117 5375.37792969 4.7027592659
1478194397774 lifecam22 3349.43481445 5375.34765625 4.70233201981
1478194397907 lifecam22 3348.44067383 5374.71679688 4.69768810272
1478194397974 lifecam22 3349.08959961 5374.99707031 4.70068120956
1478194398312 lifecam22 3349.51049805 5375.23583984 4.70300292969
1478194398376 lifecam22 3349.26025391 5375.17529297 4.70214700699
1478194398442 lifecam22 3348.66210938 5374.88671875 4.69821882248
1478194398507 lifecam22 3349.10961914 5374.87402344 4.70085000992
1478194398577 lifecam22 3349.16625977 5375.09326172 4.70136642456
1478194398907 lifecam22 3348.88110352 5375.08447266 4.70013332367
1478194398978 lifecam22 3348.71557617 5374.96191406 4.6987080574
1478194399045 lifecam22 3348.90063477 5374.8515625 4.70037031174
1478194399109 lifecam22 3348.30444336 5374.70654297 4.69646215439
1478194399165 lifecam22 3349.0847168 5375.12597656 4.70054531097
1478194399510 lifecam22 3349.31274414 5374.99023438 4.69942235947
1478194399577 lifecam22 3349.26000977 5374.96728516 4.69896173477
1478194399643 lifecam22 3349.7878418 5375.30664062 4.70224523544
1478194399709 lifecam22 3350.03833008 5375.36767578 4.7031083107
1478194399775 lifecam22 3349.73071289 5375.11962891 4.70180892944
1478194400038 lifecam22 3349.62329102 5375.49414062 4.70178413391
1478194400112 lifecam22 3348.47045898 5374.67236328 4.6947183609
1478194400185 lifecam22 3349.39746094 5375.10400391 4.69879055023
1478194400243 lifecam22 3349.72509766 5375.01269531 4.69810581207
1478194400312 lifecam22 3347.93847656 5374.25244141 4.69381475449
1478194400583 lifecam22 3348.14013672 5374.64160156 4.69742393494
1478194400644 lifecam22 3348.07421875 5374.58349609 4.69825458527
1478194400713 lifecam22 3348.05932617 5374.70800781 4.69669818878
1478194400783 lifecam22 3347.80102539 5374.62304688 4.69580125809
1478194400846 lifecam22 3347.84545898 5374.37402344 4.69619274139
1478194401178 lifecam22 3347.80102539 5374.62304688 4.69580125809
1478194401242 lifecam22 3347.71948242 5374.68945312 4.69507455826
1478194401309 lifecam22 3348.15332031 5374.80126953 4.69754981995
1478194401374 lifecam22 3347.70629883 5374.53027344 4.69495105743
1478194401448 lifecam22 3347.9675293 5374.91162109 4.6958861351
1478194401712 lifecam22 3347.78759766 5374.46386719 4.69567728043
1478194401776 lifecam22 3347.4440918 5374.50634766 4.69156742096
1478194401852 lifecam22 3347.78759766 5374.46386719 4.69567728043
1478194401913 lifecam22 3348.75097656 5374.84960938 4.69820833206
1478194401983 lifecam22 3348.78076172 5374.90380859 4.69849920273
1478194402187 lifecam22 3348.66650391 5374.62841797 4.69749403
1478194402255 lifecam22 3348.58398438 5374.47167969 4.69570922852
1478194402324 lifecam22 3349.00878906 5374.85302734 4.69806575775
1478194402368 lifecam22 3350.11083984 5375.17871094 4.70374107361
1478194402450 lifecam22 3350.09057617 5375.30175781 4.70357370377
1478194402719 lifecam22 3348.91357422 5375.47705078 4.69435358047
1478194402777 lifecam22 3349.21777344 5375.60888672 4.6956987381
1478194402837 lifecam22 3348.98608398 5377.00195312 4.69800376892
1478194402917 lifecam22 3350.22631836 5378.45605469 4.70530605316
1478194402982 lifecam22 3349.38330078 5376.10595703 4.69511938095
1478194403328 lifecam22 3338.14526367 5374.74316406 4.70856428146
1478194403381 lifecam22 3330.71411133 5374.00634766 4.69752931595
1478194403452 lifecam22 3325.22998047 5371.55371094 4.67904281616
1478194403517 lifecam22 3316.16333008 5369.72753906 4.6645026207
1478194403582 lifecam22 3308.6640625 5365.58105469 4.64145421982
1478194403844 lifecam22 3278.96728516 5357.35253906 4.5831079483
1478194403921 lifecam22 3271.44873047 5356.04345703 4.57271432877
1478194403974 lifecam22 3263.77197266 5354.01708984 4.55558300018
1478194404055 lifecam22 3255.86425781 5352.85888672 4.54194068909
1478194404116 lifecam22 3248.31689453 5351.24951172 4.52661323547
1478194404385 lifecam22 3218.60864258 5347.51416016 4.47363805771
1478194404508 lifecam22 3203.90332031 5345.21875 4.4428563118
1478194404592 lifecam22 3196.18969727 5344.72460938 4.43034934998
1478194404653 lifecam22 3187.32543945 5343.65576172 4.4104475975
1478194404929 lifecam22 3157.02929688 5343.22412109 4.35394477844
1478194404995 lifecam22 3148.65893555 5343.09228516 4.33612251282
1478194405046 lifecam22 3140.46264648 5343.28466797 4.32058572769
1478194405117 lifecam22 3133.66650391 5344.20751953 4.30817890167
1478194405186 lifecam22 3126.81616211 5343.97265625 4.29534101486
1478194405447 lifecam22 3095.46557617 5347.1796875 4.23559856415
1478194405513 lifecam22 3087.43261719 5348.69091797 4.22247982025
1478194405592 lifecam22 3079.11523438 5349.09667969 4.20263671875
1478194405650 lifecam22 3071.17626953 5350.66162109 4.1898431778
1478194405717 lifecam22 3063.95458984 5351.53271484 4.17612457275
1478194405984 lifecam22 3033.50268555 5357.84667969 4.11495780945
1478194406068 lifecam22 3026.42504883 5359.54589844 4.10009813309
1478194406105 lifecam22 3019.87060547 5361.80664062 4.0919752121
1478194406191 lifecam22 3012.16870117 5363.75976562 4.0751619339
1478194406252 lifecam22 3004.84692383 5366.14160156 4.05619955063
1478194406460 lifecam22 2983.46728516 5374.31884766 4.02281713486
1478194406524 lifecam22 2974.80639648 5377.32763672 4.00261449814
1478194406585 lifecam22 2967.15722656 5379.68554688 3.98127293587
1478194406664 lifecam22 2962.42163086 5383.14453125 3.98042941093
1478194406718 lifecam22 2953.66723633 5384.41015625 3.95686793327
1478194407000 lifecam22 2925.86254883 5398.75878906 3.89023971558
1478194407066 lifecam20 2414.56298828 4700.2578125 2.68018198013
1478194407114 lifecam22 2407.74755859 4703.74804688 2.66721701622
1478194407193 lifecam22 2403.53027344 4705.43359375 2.65654325485
1478194407241 lifecam22 2898.17871094 5412.98583984 3.83330512047
1478194407589 lifecam22 2863.18334961 5434.59130859 3.75327539444
1478194407648 lifecam22 2857.35302734 5438.49511719 3.73794841766
1478194407803 lifecam22 2845.44067383 5447.12109375 3.7131562233
1478194407854 lifecam22 2839.47143555 5452.58886719 3.69974255562
1478194408124 lifecam22 2816.19018555 5472.57568359 3.64267802238
1478194408198 lifecam22 2810.14575195 5477.25390625 3.6278014183
1478194408254 lifecam22 2803.31689453 5482.484375 3.60449123383
1478194408324 lifecam22 2798.51708984 5487.86376953 3.59326267242
1478194408391 lifecam22 2792.42431641 5492.62207031 3.58285522461
1478194408666 lifecam22 2771.26782227 5515.02050781 3.52089834213
1478194408723 lifecam22 2767.0234375 5520.4375 3.51162672043
1478194408790 lifecam22 2761.20507812 5526.93261719 3.49178791046
1478194408861 lifecam22 2756.95361328 5533.20849609 3.48040246964
1478194408926 lifecam22 2750.66943359 5538.62207031 3.45859241486
1478194409192 lifecam22 2731.75585938 5564.77978516 3.40012025833
1478194409252 lifecam22 2726.55126953 5570.04052734 3.38316869736
1478194409330 lifecam22 2722.93725586 5577.18554688 3.36887121201
1478194409391 lifecam22 2718.42016602 5582.92773438 3.35894393921
1478194409465 lifecam22 2713.9152832 5589.59521484 3.34211206436
1478194409719 lifecam22 2699.19873047 5615.81689453 3.28708362579
1478194409808 lifecam22 2696.30444336 5622.05908203 3.27600431442
1478194409854 lifecam22 2692.84472656 5629.54296875 3.26137495041
1478194409930 lifecam22 2688.59277344 5637.015625 3.24184846878
