1478194503690 lifecam22 3348.96142578 5374.60888672 4.67726898193
1478194503731 lifecam22 3349.02172852 5375.06201172 4.67767858505
1478194503816 lifecam22 3349.20922852 5374.96679688 4.67810678482
1478194503883 lifecam22 3349.27880859 5375.17138672 4.67869901657
1478194503938 lifecam22 3349.59228516 5375.74560547 4.68140459061
1478194504216 lifecam22 3348.78100586 5375.14404297 4.67692136765
1478194504273 lifecam22 3349.68652344 5375.53320312 4.68087005615
1478194504343 lifecam22 3348.93334961 5375.15429688 4.67697572708
1478194504415 lifecam22 3348.83813477 5374.76708984 4.67615938187
1478194504475 lifecam22 3349.17041016 5375.18408203 4.67765235901
1478194504535 lifecam22 3348.62719727 5374.86474609 4.67560625076
1478194504807 lifecam22 3348.57958984 5374.81640625 4.67518949509
1478194504871 lifecam22 3348.99462891 5375.18994141 4.67749404907
1478194504952 lifecam22 3349.69555664 5375.39599609 4.68096876144
1478194505020 lifecam22 3348.77905273 5374.55664062 4.67558050156
1478194505080 lifecam22 3348.94921875 5375.03857422 4.67710971832
1478194505421 lifecam22 3349.76904297 5375.34082031 4.68171834946
1478194505480 lifecam22 3349.33154297 5375.08642578 4.67798423767
1478194505545 lifecam22 3350.17407227 5375.71582031 4.68398141861
1478194505619 lifecam22 3350.0703125 5375.62744141 4.68306875229
1478194505669 lifecam22 3349.34228516 5374.95849609 4.67808914185
1478194505946 lifecam22 3350.01586914 5375.70654297 4.68118524551
1478194506006 lifecam22 3350.08081055 5375.20654297 4.68175935745
1478194506071 lifecam22 3350.52661133 5377.71533203 4.68320560455
1478194506137 lifecam22 3349.91235352 5374.99804688 4.6752166748
1478194506206 lifecam22 3350.91992188 5378.74023438 4.69044065475
1478194506485 lifecam22 3345.86083984 5375.70947266 4.67416906357
1478194506546 lifecam22 3336.48413086 5373.47070312 4.66503477097
1478194506601 lifecam22 3328.97070312 5372.31982422 4.66334629059
1478194506673 lifecam22 3324.91308594 5372.28662109 4.663169384
1478194506737 lifecam22 3315.25219727 5367.16943359 4.62807130814
1478194507078 lifecam22 3278.26245117 5359.24707031 4.56622123718
1478194507142 lifecam22 3271.81811523 5357.96337891 4.55599832535
1478194507205 lifecam22 3263.65673828 5356.25195312 4.53848075867
1478194507293 lifecam22 3255.21826172 5354.6875 4.52150821686
1478194507362 lifecam22 3246.9387207 5352.70556641 4.50557947159
1478194507616 lifecam22 3216.83691406 5348.69335938 4.44177818298
1478194507672 lifecam22 3208.875 5347.71923828 4.42689800262
1478194507746 lifecam22 3202.80786133 5347.58007812 4.41850185394
1478194507814 lifecam22 3193.48095703 5347.24072266 4.4007601738
1478194507878 lifecam22 3187.09033203 5346.44140625 4.38536024094
1478194508298 lifecam22 3139.83081055 5347.48046875 4.29661512375
1478194508346 lifecam22 3131.9831543 5347.24707031 4.28221416473
1478194508413 lifecam22 3123.59179688 5348.38623047 4.26865816116
1478194508486 lifecam22 3116.1496582 5348.19140625 4.24990367889
1478194508541 lifecam22 3108.50366211 5349.52685547 4.2402586937
1478194508822 lifecam22 3078.49682617 5355.67138672 4.1830406189
1478194508882 lifecam22 3071.30737305 5356.11279297 4.16934585571
1478194508957 lifecam22 3064.0246582 5357.65039062 4.15137624741
1478194509078 lifecam22 3048.11181641 5360.93066406 4.12629032135
1478194509479 lifecam22 3004.12133789 5374.609375 4.03581523895
1478194509564 lifecam22 2997.04125977 5376.64160156 4.0213804245
1478194509602 lifecam22 2989.78198242 5378.96142578 4.00283670425
1478194509681 lifecam22 2982.67236328 5382.24267578 3.99268507957
1478194509957 lifecam22 2953.82958984 5394.09472656 3.93590569496
1478194510012 lifecam22 2944.70751953 5397.38671875 3.90608906746
1478194510094 lifecam22 2937.4699707 5400.23828125 3.8867161274
1478194510164 lifecam22 2929.80249023 5404.22607422 3.86633253098
1478194510224 lifecam22 2923.42993164 5407.12158203 3.85398125648
1478194510813 lifecam22 2865.20703125 5444.75537109 3.727445364
1478194510893 lifecam22 2858.78857422 5449.25097656 3.71389055252
1478194510957 lifecam22 2853.09521484 5453.14111328 3.70207262039
1478194511028 lifecam22 2847.94311523 5458.14599609 3.68890714645
1478194511090 lifecam22 2840.76123047 5463.50048828 3.67192959785
1478194511429 lifecam22 2811.33764648 5488.96386719 3.58588218689
1478194511491 lifecam22 2806.49707031 5494.73291016 3.57978487015
1478194511554 lifecam22 2800.16162109 5500.03320312 3.56194019318
1478194511620 lifecam22 2795.05810547 5505.29150391 3.54711723328
1478194511683 lifecam22 2790.15869141 5511.31201172 3.53598642349
1478194512100 lifecam22 2758.96289062 5546.96875 3.4452252388
1478194512160 lifecam22 2754.66259766 5552.890625 3.43467473984
1478194512238 lifecam22 2749.69360352 5559.54882812 3.41529321671
1478194512286 lifecam22 2744.53735352 5565.46875 3.39844655991
1478194512358 lifecam22 2740.40454102 5572.22558594 3.38286972046
1478194512780 lifecam22 2714.17626953 5611.74072266 3.29002571106
1478194512845 lifecam22 2712.14819336 5617.88867188 3.2851729393
1478194512896 lifecam22 2708.97338867 5624.34033203 3.27249526978
