1478195108547 lifecam22 3345.51171875 5373.22070312 4.65773820877
1478195108750 lifecam22 3345.67578125 5373.08300781 4.65791988373
1478195108821 lifecam22 3345.8515625 5373.37890625 4.65948104858
1478195108881 lifecam22 3345.41503906 5372.99755859 4.65696716309
1478195108932 lifecam22 3345.65332031 5373.21191406 4.65775060654
1478195109019 lifecam22 3345.92260742 5373.17675781 4.65894079208
1478195109282 lifecam22 3345.9934082 5373.37011719 4.6594953537
1478195109341 lifecam22 3346.58764648 5373.61083984 4.66200256348
1478195109421 lifecam22 3345.92260742 5373.17675781 4.65894079208
1478195109472 lifecam22 3346.27929688 5373.48632812 4.66066551208
1478195109540 lifecam22 3345.94848633 5373.33349609 4.65911626816
1478195109808 lifecam22 3348.32714844 5374.41894531 4.67046260834
1478195109873 lifecam22 3345.36401367 5373.76074219 4.6600022316
1478195109958 lifecam22 3346.51000977 5375.9765625 4.6668176651
1478195110012 lifecam22 3346.82568359 5375.46582031 4.66611480713
1478195110073 lifecam22 3346.18969727 5373.95800781 4.66102457047
1478195110421 lifecam22 3323.08813477 5371.12109375 4.64443159103
1478195110481 lifecam22 3315.64526367 5366.50830078 4.61711835861
1478195110551 lifecam22 3306.74731445 5364.74511719 4.60171508789
1478195110611 lifecam22 3299.4675293 5363.9453125 4.59066200256
1478195110688 lifecam22 3291.99072266 5360.80224609 4.56839132309
1478195110894 lifecam22 3268.72314453 5356.63378906 4.5238161087
1478195110949 lifecam22 3261.27856445 5355.46826172 4.50740289688
1478195111024 lifecam22 3252.72558594 5353.28369141 4.48635816574
1478195111091 lifecam22 3245.54931641 5352.07421875 4.47372770309
1478195111152 lifecam22 3237.57373047 5351.91796875 4.46243190765
1478195111502 lifecam22 3199.30517578 5349.04003906 4.3910369873
1478195111543 lifecam22 3192.54516602 5348.65625 4.38046455383
1478195111611 lifecam22 3183.54174805 5348.43066406 4.36012220383
1478195111676 lifecam22 3176.58251953 5348.20458984 4.34755182266
1478195111753 lifecam22 3168.08764648 5348.74658203 4.33104133606
1478195111946 lifecam22 3145.68652344 5349.32910156 4.28600168228
1478195112012 lifecam22 3137.25634766 5348.91357422 4.26903009415
1478195112079 lifecam22 3129.32275391 5350.70410156 4.25777959824
1478195112150 lifecam22 3121.57666016 5350.72021484 4.23370599747
1478195112220 lifecam22 3113.85595703 5351.28515625 4.22553777695
1478195112486 lifecam22 3084.60717773 5357.7578125 4.1716504097
1478195112548 lifecam22 3076.87768555 5358.06835938 4.1544342041
1478195112626 lifecam22 3069.74072266 5360.55761719 4.14339065552
1478195112687 lifecam22 3061.88183594 5363.04638672 4.13037204742
1478195112749 lifecam22 3053.78320312 5363.97558594 4.10773801804
1478195112974 lifecam22 3032.42504883 5370.81738281 4.07187414169
1478195113021 lifecam22 3023.99682617 5373.18017578 4.05250644684
1478195113082 lifecam22 3017.46142578 5375.38964844 4.04018783569
1478195113143 lifecam22 3009.35302734 5378.63916016 4.02045869827
1478195113224 lifecam22 3002.91162109 5380.47460938 4.01494264603
1478195113491 lifecam22 2973.0168457 5391.44482422 3.94705700874
1478195113545 lifecam22 2966.3671875 5395.42822266 3.9363296032
1478195113610 lifecam22 2959.22167969 5398.22949219 3.91739010811
1478195113684 lifecam22 2953.72192383 5401.79785156 3.90662121773
1478195113757 lifecam22 2945.17236328 5405.73095703 3.8834502697
1478195114086 lifecam22 2910.25097656 5424.32226562 3.80312108994
1478195114154 lifecam22 2904.35791016 5428.64306641 3.78867578506
1478195114220 lifecam22 2897.86816406 5432.19824219 3.77754592896
1478195114285 lifecam22 2891.34130859 5436.41601562 3.76113533974
1478195114682 lifecam22 2853.08911133 5464.25976562 3.66864991188
1478195114776 lifecam22 2847.10961914 5469.14404297 3.65457749367
1478195114820 lifecam22 2841.02954102 5474.57714844 3.6403465271
1478195114892 lifecam22 2836.50732422 5479.13037109 3.62951421738
1478195115158 lifecam22 2813.81591797 5500.29638672 3.57447528839
1478195115219 lifecam22 2808.55151367 5505.08203125 3.55876302719
1478195115283 lifecam22 2803.35766602 5511.29199219 3.54648685455
1478195115342 lifecam22 2798.20776367 5517.26855469 3.52870607376
1478195115427 lifecam22 2792.38232422 5523.05810547 3.51277685165
1478195115622 lifecam22 2776.84790039 5540.91308594 3.4661655426
1478195115691 lifecam22 2771.1875 5547.02099609 3.4478096962
1478195115760 lifecam22 2766.16357422 5553.15722656 3.43116998672
1478195115828 lifecam22 2762.18115234 5559.39160156 3.41867160797
1478195115894 lifecam22 2757.88208008 5565.60693359 3.40557527542
1478195116165 lifecam22 2742.15942383 5591.16113281 3.35322666168
1478195116215 lifecam22 2738.01196289 5598.00927734 3.33667802811
1478195116294 lifecam22 2733.98974609 5604.15332031 3.32785797119
1478195116348 lifecam22 2729.58251953 5610.87060547 3.30612754822
1478195116422 lifecam22 2725.56469727 5618.19042969 3.29177618027
1478195116774 lifecam22 2706.35742188 5653.51269531 3.21424436569
