1478194815028 lifecam22 3346.52148438 5376.17724609 4.64790916443
1478194815077 lifecam22 3344.85961914 5375.78466797 4.64395236969
1478194815158 lifecam22 3344.9375 5375.97949219 4.64323043823
1478194815228 lifecam22 3344.68115234 5375.89208984 4.64224672318
1478194815285 lifecam22 3344.68530273 5375.60253906 4.6399679184
1478194815566 lifecam22 3344.2590332 5376.04150391 4.63951683044
1478194815623 lifecam22 3344.16137695 5375.94873047 4.63991165161
1478194815694 lifecam22 3344.16137695 5375.94873047 4.63991165161
1478194815750 lifecam22 3343.92919922 5375.88476562 4.63914394379
1478194815822 lifecam22 3344.16137695 5375.94873047 4.63991165161
1478194816158 lifecam22 3344.14575195 5376.19775391 4.64087772369
1478194816226 lifecam22 3343.9140625 5376.13427734 4.64011192322
1478194816291 lifecam22 3343.96240234 5375.75537109 4.63829755783
1478194816357 lifecam22 3343.91674805 5375.72021484 4.63664484024
1478194816424 lifecam22 3343.95043945 5375.61816406 4.6370177269
1478194816621 lifecam22 3344.59448242 5375.94287109 4.640188694
1478194816692 lifecam22 3344.33496094 5375.99072266 4.63910627365
1478194816764 lifecam22 3344.59448242 5375.94287109 4.640188694
1478194816813 lifecam22 3344.38305664 5375.61181641 4.63729000092
1478194816887 lifecam22 3344.4050293 5375.63085938 4.63747882843
1478194817161 lifecam22 3344.59423828 5375.95068359 4.63893461227
1478194817226 lifecam22 3344.109375 5375.77099609 4.63726377487
1478194817287 lifecam22 3344.08569336 5375.76904297 4.63816547394
1478194817357 lifecam22 3344.35473633 5375.99951172 4.64053106308
1478194817416 lifecam22 3344.55957031 5376.17529297 4.64098596573
1478194817695 lifecam22 3343.81591797 5375.51757812 4.63468408585
1478194817771 lifecam22 3344.11230469 5375.65722656 4.63848018646
1478194817834 lifecam22 3344.94458008 5377.02050781 4.64521169662
1478194817881 lifecam22 3341.98461914 5378.29833984 4.65632724762
1478194817959 lifecam22 3330.30883789 5373.6640625 4.62799072266
1478194818219 lifecam22 3301.63378906 5366.12646484 4.57492256165
1478194818299 lifecam22 3293.53710938 5363.98730469 4.55980634689
1478194818366 lifecam22 3287.2434082 5363.63964844 4.55013036728
1478194818435 lifecam22 3278.16015625 5361.88818359 4.53044605255
1478194818491 lifecam22 3270.23974609 5359.82080078 4.51507043839
1478194818692 lifecam22 3247.98144531 5357.79248047 4.47379350662
1478194818767 lifecam22 3240.14550781 5357.11572266 4.46307992935
1478194818834 lifecam22 3233.86083984 5356.328125 4.44832992554
1478194818894 lifecam22 3225.64355469 5355.34375 4.43786096573
1478194818976 lifecam22 3217.78393555 5354.84570312 4.42099761963
1478194819229 lifecam22 3187.02416992 5353.70117188 4.36281108856
1478194819294 lifecam22 3177.83056641 5353.33251953 4.34008836746
1478194819375 lifecam22 3169.71337891 5353.68212891 4.32627868652
1478194819428 lifecam22 3162.52148438 5353.3671875 4.3109793663
1478194819495 lifecam22 3156.40673828 5353.91455078 4.30215740204
1478194819769 lifecam22 3124.78955078 5356.75878906 4.23760223389
1478194819841 lifecam22 3117.49560547 5358.92236328 4.2294344902
1478194819897 lifecam22 3109.63574219 5359.38818359 4.21354293823
1478194819967 lifecam22 3101.67260742 5360.93798828 4.19725179672
1478194820019 lifecam22 3093.58227539 5362.05908203 4.18335533142
1478194820305 lifecam22 3063.64697266 5368.81640625 4.12681007385
1478194820367 lifecam22 3057.50366211 5369.32519531 4.11096382141
1478194820446 lifecam22 3050.42236328 5371.65478516 4.09727096558
1478194820485 lifecam22 3041.87329102 5374.12890625 4.08049917221
1478194820559 lifecam22 3034.31811523 5375.3671875 4.06271839142
1478194820834 lifecam22 3003.39550781 5385.85742188 3.9968931675
1478194820896 lifecam22 2995.59570312 5388.40527344 3.98105025291
1478194820979 lifecam22 2991.62768555 5390.89550781 3.97841501236
1478194821039 lifecam22 2983.62744141 5393.47949219 3.95922827721
1478194821097 lifecam22 2974.68041992 5396.67822266 3.94035935402
1478194821368 lifecam22 2947.11401367 5410.95605469 3.88147854805
1478194821429 lifecam22 2941.09521484 5414.65087891 3.86798453331
1478194821508 lifecam22 2935.54931641 5417.9296875 3.85833621025
1478194821555 lifecam22 2928.61279297 5421.68652344 3.84370946884
1478194821636 lifecam22 2921.64257812 5425.71630859 3.82586956024
1478194821909 lifecam22 2894.53076172 5441.97998047 3.76541876793
1478194821969 lifecam22 2888.84936523 5446.45800781 3.75159621239
1478194822035 lifecam22 2881.06274414 5451.67871094 3.73148703575
1478194822090 lifecam22 2876.50585938 5455.64648438 3.71924448013
1478194822179 lifecam22 2871.3137207 5460.40380859 3.7123298645
1478194822505 lifecam22 2839.78833008 5485.40917969 3.63091993332
1478194822577 lifecam22 2833.00805664 5490.40917969 3.61285400391
1478194822628 lifecam22 2828.10864258 5495.29589844 3.59743452072
1478194822694 lifecam22 2821.18603516 5500.9921875 3.58138418198
1478194822765 lifecam22 2816.55029297 5505.53369141 3.5715675354
1478194822980 lifecam22 2799.97851562 5522.44384766 3.52367353439
1478194823040 lifecam22 2795.11914062 5527.83007812 3.51250743866
1478194823095 lifecam22 2790.29516602 5533.40527344 3.49720048904
1478194823170 lifecam22 2786.13305664 5540.05566406 3.48634386063
1478194823245 lifecam22 2780.78491211 5545.7421875 3.47086668015
1478194823503 lifecam22 2761.67431641 5570.19726562 3.41262102127
1478194823567 lifecam22 2757.21069336 5576.55078125 3.40025997162
1478194823636 lifecam22 2753.39697266 5582.73486328 3.38726329803
1478194823698 lifecam22 2749.17407227 5588.60693359 3.37376642227
1478194823762 lifecam22 2744.97705078 5595.83984375 3.35992336273
1478194823979 lifecam22 2733.27929688 5615.23779297 3.31554746628
1478194824025 lifecam22 2729.29052734 5622.38330078 3.30048751831
1478194824103 lifecam22 2724.87402344 5628.84814453 3.28253173828
1478194824170 lifecam22 2721.10351562 5635.82666016 3.26809453964
1478194824247 lifecam22 2717.15698242 5643.55615234 3.24925756454
1478194824302 lifecam22 2713.84399414 5650.81787109 3.23292970657
1478194824512 lifecam22 2705.02001953 5671.87109375 3.18997001648
1478194824570 lifecam22 2702.45800781 5678.46826172 3.18527936935
1478194824625 lifecam22 2698.59057617 5686.38378906 3.15646123886
