1478872293313 lifecam22 3197.01171875 5858.88574219 4.65071392059
1478872293366 lifecam22 3197.12792969 5859.12744141 4.65165758133
1478872293510 lifecam22 3197.01171875 5858.88574219 4.65071392059
1478872293569 lifecam22 3197.4284668 5859.26318359 4.65308618546
1478872293640 lifecam22 3197.12792969 5859.12744141 4.65165758133
1478872293701 lifecam22 3197.12792969 5859.12744141 4.65165758133
1478872293781 lifecam22 3196.86572266 5859.04541016 4.65073442459
1478872293916 lifecam22 3197.73754883 5859.81640625 4.65561151505
1478872293980 lifecam22 3197.04882812 5859.19873047 4.65090417862
1478872294044 lifecam22 3197.4284668 5859.26318359 4.65308618546
1478872294103 lifecam22 3197.1328125 5859.13085938 4.65168857574
1478872294180 lifecam22 3197.34375 5859.33007812 4.65230131149
1478872294312 lifecam22 3197.1328125 5859.13085938 4.65168857574
1478872294374 lifecam22 3198.2421875 5859.37548828 4.65464067459
1478872294440 lifecam22 3197.4284668 5859.26318359 4.65308618546
1478872294506 lifecam22 3197.34375 5859.33007812 4.65230131149
1478872294573 lifecam22 3197.48730469 5859.59667969 4.65347003937
1478872294774 lifecam22 3198.5637207 5859.96191406 4.65476560593
1478872294838 lifecam22 3199.03930664 5860.50585938 4.65862703323
1478872294918 lifecam22 3198.38476562 5859.64306641 4.65580797195
1478872294980 lifecam22 3197.1328125 5859.13085938 4.65168857574
1478872295050 lifecam22 3194.8359375 5859.00244141 4.65023565292
1478872295178 lifecam22 3181.15063477 5860.78466797 4.66928386688
1478872295249 lifecam22 3173.46142578 5856.72705078 4.64001607895
1478872295306 lifecam22 3166.18994141 5858.08496094 4.64571046829
1478872295382 lifecam22 3158.86035156 5856.24902344 4.63617753983
1478872295437 lifecam22 3152.93896484 5856.40771484 4.63538646698
1478872295506 lifecam22 3145.36474609 5856.10986328 4.63329219818
1478872295648 lifecam22 3131.55053711 5854.64648438 4.61990404129
1478872295715 lifecam22 3123.75732422 5852.59033203 4.60920524597
1478872295772 lifecam22 3117.29345703 5853.43896484 4.60987997055
1478872295845 lifecam22 3110.85424805 5852.84716797 4.60763931274
1478872295913 lifecam22 3103.41186523 5852.515625 4.60152339935
1478872296046 lifecam22 3089.66455078 5851.06445312 4.58765411377
1478872296113 lifecam22 3082.01391602 5849.95361328 4.57632350922
1478872296173 lifecam22 3075.06494141 5849.73828125 4.57579612732
1478872296249 lifecam22 3068.38720703 5848.87597656 4.56972360611
1478872296320 lifecam22 3061.9140625 5849.59326172 4.57059955597
1478872296502 lifecam22 3041.6340332 5849.33007812 4.5546336174
1478872296575 lifecam22 3035.09667969 5849.66259766 4.55581283569
1478872296644 lifecam22 3027.65551758 5849.60253906 4.54686450958
1478872296705 lifecam22 3020.28100586 5848.63916016 4.53779268265
1478872296778 lifecam22 3013.0456543 5849.12304688 4.53428459167
1478872296856 lifecam22 3007.91601562 5850.47509766 4.53755664825
1478872296910 lifecam22 3000.35571289 5850.37353516 4.53162097931
1478872296979 lifecam22 2993.52246094 5850.15869141 4.52640533447
1478872297051 lifecam22 2986.61425781 5850.43603516 4.52269077301
1478872297115 lifecam22 2979.89941406 5850.10253906 4.51626777649
1478872297253 lifecam22 2965.80053711 5849.93017578 4.50172042847
1478872297317 lifecam22 2958.69458008 5850.50537109 4.49644517899
1478872297378 lifecam22 2951.08105469 5850.70947266 4.48930597305
1478872297439 lifecam22 2944.03222656 5850.49316406 4.48588371277
1478872297509 lifecam22 2936.96289062 5851.5703125 4.48286151886
1478872297659 lifecam22 2923.96313477 5851.87695312 4.47314023972
1478872297710 lifecam22 2915.18017578 5852.47900391 4.46174192429
1478872297780 lifecam22 2909.25317383 5852.17871094 4.45754384995
1478872297846 lifecam22 2901.98925781 5853.62158203 4.45204925537
1478872297917 lifecam22 2894.48120117 5853.22509766 4.4448890686
1478872298122 lifecam22 2873.93334961 5854.95654297 4.43082427979
1478872298188 lifecam22 2866.48266602 5855.73632812 4.42144823074
1478872298243 lifecam22 2860.20654297 5856.6875 4.42273521423
1478872298313 lifecam22 2853.85473633 5857.87207031 4.42102336884
1478872298384 lifecam22 2847.23461914 5859.26171875 4.41825056076
1478872298517 lifecam22 2832.63476562 5861.31835938 4.40917873383
1478872298582 lifecam22 2826.74023438 5863.04931641 4.40417051315
1478872298638 lifecam22 2819.35522461 5862.96630859 4.40107631683
1478872298708 lifecam22 2812.60302734 5864.30810547 4.39279651642
1478872298777 lifecam22 2804.84912109 5864.62646484 4.38544940948
1478872298992 lifecam22 2784.57519531 5868.08203125 4.37191963196
1478872299055 lifecam22 2777.64331055 5869.52001953 4.36464214325
1478872299109 lifecam22 2770.16186523 5869.52880859 4.35559415817
1478872299178 lifecam22 2763.28076172 5870.97851562 4.34920835495
1478872299256 lifecam22 2756.39428711 5872.12353516 4.34814596176
1478872299383 lifecam22 2743.30859375 5876.23974609 4.34445095062
1478872299454 lifecam22 2736.41308594 5877.515625 4.33914327621
1478872299522 lifecam22 2730.01928711 5879.44189453 4.33506298065
1478872299587 lifecam22 2723.07763672 5880.55175781 4.32699251175
1478872299643 lifecam22 2716.09326172 5881.57470703 4.32481956482
1478872299784 lifecam22 2702.83398438 5884.98193359 4.31902742386
1478872299848 lifecam22 2695.25170898 5886.02880859 4.30930948257
1478872299924 lifecam22 2689.19140625 5887.89453125 4.30451393127
1478872299988 lifecam22 2681.99731445 5888.18701172 4.29635334015
1478872300055 lifecam22 2676.10961914 5891.19091797 4.29415130615
1478872300254 lifecam22 2654.87597656 5895.85644531 4.27285146713
1478872300316 lifecam22 2647.90356445 5897.52587891 4.27127170563
1478872300379 lifecam22 2640.24902344 5899.47705078 4.26277923584
1478872300453 lifecam22 2634.35424805 5901.45019531 4.25806236267
1478872300512 lifecam22 2628.1472168 5903.27832031 4.2567653656
1478872300711 lifecam22 2606.04052734 5908.50488281 4.23659324646
1478872300789 lifecam22 2599.55615234 5911.74316406 4.23265552521
1478872300855 lifecam22 2593.53295898 5913.84814453 4.23427867889
1478872300911 lifecam22 2588.05273438 5916.4296875 4.23300933838
1478872300991 lifecam22 2580.29980469 5917.34667969 4.22622537613
1478872301126 lifecam22 2566.87280273 5922.57324219 4.21653604507
1478872301195 lifecam22 2558.83691406 5923.91650391 4.20291614532
1478872301255 lifecam22 2553.68969727 5927.53222656 4.20767498016
1478872301320 lifecam22 2546.87353516 5929.29101562 4.20555305481
1478872301387 lifecam22 2541.61621094 5932.41210938 4.20297336578
1478872301527 lifecam22 2526.18310547 5936.41015625 4.18290662766
1478872301584 lifecam22 2519.77758789 5938.74560547 4.17824745178
1478872301654 lifecam22 2513.10498047 5940.99560547 4.17135190964
1478872301724 lifecam22 2506.82519531 5943.65429688 4.16592741013
1478872301783 lifecam22 2501.37670898 5946.01953125 4.16677951813
1478872301926 lifecam22 2487.40356445 5950.91259766 4.15276241302
1478872301993 lifecam22 2481.90649414 5953.69091797 4.1534409523
1478872302057 lifecam22 2474.42651367 5955.96582031 4.14550018311
1478872302128 lifecam22 2469.32739258 5959.36035156 4.14347934723
1478872302180 lifecam22 2460.67553711 5961.56835938 4.12977170944
1478872302331 lifecam22 2447.81396484 5967.82324219 4.12206840515
1478872302393 lifecam22 2442.3659668 5970.21972656 4.12188148499
1478872302447 lifecam22 2435.63793945 5972.94482422 4.11067676544
1478872302517 lifecam22 2429.07519531 5976.0234375 4.10792970657
1478872302584 lifecam22 2423.08154297 5978.76025391 4.10229110718
1478872302792 lifecam22 2404.59301758 5988.38574219 4.09646320343
1478872302856 lifecam22 2397.66845703 5991.23388672 4.08866643906
1478872302925 lifecam22 2393.07348633 5994.04443359 4.08752155304
1478872302983 lifecam22 2386.65039062 5997.08642578 4.08192110062
1478872303046 lifecam22 2378.65771484 6000.29638672 4.07245922089
1478872303200 lifecam22 2365.89648438 6006.26220703 4.05681610107
1478872303261 lifecam22 2360.47753906 6010.37988281 4.05998182297
1478872303323 lifecam22 2354.27807617 6014.03613281 4.05644845963
1478872303392 lifecam22 2349.15966797 6016.85400391 4.05740213394
1478872303458 lifecam22 2342.0246582 6020.76367188 4.04141235352
1478872303663 lifecam22 2324.32519531 6030.53857422 4.03174066544
1478872303725 lifecam22 2318.25219727 6032.86767578 4.02898597717
1478872303794 lifecam22 2311.62744141 6037.0703125 4.01878786087
1478872303861 lifecam22 2303.60644531 6040.84521484 4.00253343582
1478872303929 lifecam22 2299.85327148 6043.44042969 4.00492334366
1478872304068 lifecam22 2286.34667969 6050.15722656 3.99145054817
1478872304133 lifecam22 2281.12768555 6053.69384766 3.99099183083
1478872304187 lifecam22 2274.67382812 6058.61279297 3.98650479317
1478872304258 lifecam22 2267.82470703 6061.59716797 3.97594308853
1478872304324 lifecam22 2263.75244141 6066.15087891 3.97958540916
1478872304466 lifecam22 2249.17285156 6073.30078125 3.95179152489
1478872304529 lifecam22 2246.53564453 6077.04541016 3.97109007835
1478872304589 lifecam22 2241.41113281 6079.82617188 3.97141861916
1478872304663 lifecam22 2233.18164062 6084.41210938 3.95050573349
1478872304729 lifecam22 2227.44067383 6088.40087891 3.94420170784
1478872304928 lifecam22 2208.75390625 6100.06933594 3.91738033295
1478872305001 lifecam22 2202.1340332 6104.33740234 3.90877723694
1478872305059 lifecam22 2197.68896484 6107.89990234 3.91475844383
1478872305126 lifecam22 2193.3059082 6111.86865234 3.91532254219
1478872305193 lifecam22 2187.71386719 6116.40576172 3.90164995193
1478872305331 lifecam22 2175.66943359 6124.48925781 3.89600920677
1478872305396 lifecam22 2169.95581055 6128.29492188 3.88872146606
1478872305453 lifecam22 2163.95751953 6132.75146484 3.88324761391
1478872305526 lifecam22 2159.7746582 6137.44726562 3.88698124886
1478872305585 lifecam22 2153.91870117 6141.29248047 3.87784266472
1478872305721 lifecam22 2141.83203125 6149.80566406 3.86118674278
1478872305788 lifecam22 2135.7109375 6153.63232422 3.85528063774
1478872305862 lifecam22 2130.01782227 6158.50830078 3.84788608551
1478872305920 lifecam22 2125.01196289 6162.18115234 3.84694004059
1478872305999 lifecam22 2118.80444336 6166.57470703 3.83687138557
1478872306133 lifecam22 2108.18457031 6175.7734375 3.8323431015
1478872306191 lifecam22 2102.58251953 6180.81884766 3.82344675064
1478872306265 lifecam22 2096.68823242 6185.29296875 3.81764316559
1478872306322 lifecam22 2093.05834961 6190.11669922 3.81975722313
1478872306395 lifecam22 2087.10327148 6194.65820312 3.8095293045
1478872306592 lifecam22 2072.91601562 6207.55664062 3.80287456512
1478872306660 lifecam22 2068.50268555 6212.59472656 3.80100917816
1478872306721 lifecam22 2062.60424805 6217.68505859 3.79618263245
1478872306802 lifecam22 2057.40380859 6221.68896484 3.79049444199
1478872306860 lifecam22 2052.0300293 6226.87597656 3.78369092941
1478872307070 lifecam22 2036.32043457 6240.93164062 3.76536226273
1478872307130 lifecam22 2031.54821777 6246.04882812 3.76210594177
1478872307192 lifecam22 2025.77331543 6251.25634766 3.75419187546
1478872307261 lifecam22 2022.21838379 6255.57617188 3.75453996658
1478872307330 lifecam22 2016.90441895 6261.20263672 3.74659538269
1478872307465 lifecam22 2007.14245605 6270.84570312 3.73767256737
1478872307537 lifecam22 2001.22937012 6276.07910156 3.73097276688
1478872307602 lifecam22 1998.54431152 6280.43066406 3.73592305183
1478872307659 lifecam22 1999.4354248 6280.40478516 3.74030733109
1478872307730 lifecam22 2000.64538574 6279.71777344 3.74223041534
1478872307866 lifecam22 2000.50427246 6279.92675781 3.74104166031
1478872307923 lifecam22 2000.18884277 6279.51806641 3.74008727074
1478872307998 lifecam22 1999.83752441 6280.07080078 3.73917460442
1478872308061 lifecam22 1999.8939209 6279.58398438 3.73943948746
1478872308134 lifecam22 1999.90661621 6279.96142578 3.73903822899
1478872308270 lifecam22 2000.08557129 6279.81445312 3.73970127106
1478872308331 lifecam22 1999.97131348 6279.74023438 3.73969125748
1478872308397 lifecam22 1999.79626465 6279.80029297 3.7386713028
1478872308469 lifecam22 2000.08557129 6279.81445312 3.73970127106
1478872308533 lifecam22 1999.67883301 6279.93652344 3.73793983459
1478872308663 lifecam22 1999.84558105 6279.77197266 3.73880839348
1478872308727 lifecam22 1999.63391113 6279.91357422 3.73803377151
1478872308803 lifecam22 1999.75158691 6279.74072266 3.73866581917
1478872308873 lifecam22 1999.50866699 6279.94677734 3.73715186119
1478872308938 lifecam22 1999.97131348 6279.74023438 3.73969125748
1478872309064 lifecam22 1999.84558105 6279.77197266 3.73880839348
1478872309132 lifecam22 2000.24816895 6279.70117188 3.74033927917
1478872309198 lifecam22 1999.9107666 6279.87402344 3.73868131638
1478872309262 lifecam22 1999.50866699 6279.94677734 3.73715186119
1478872309337 lifecam22 1999.97131348 6279.74023438 3.73969125748
1478872309467 lifecam22 1999.73156738 6279.69775391 3.73880004883
1478872309535 lifecam22 1999.79333496 6279.86914062 3.73892688751
1478872309601 lifecam22 2000.03308105 6279.91162109 3.73981976509
1478872309669 lifecam22 2000.24816895 6279.70117188 3.74033927917
1478872309724 lifecam22 1999.84558105 6279.77197266 3.73880839348
1478872309793 lifecam22 1999.3939209 6279.87255859 3.73714065552
1478872309867 lifecam22 1999.97131348 6279.74023438 3.73969125748
1478872309924 lifecam22 2000.08557129 6279.81445312 3.73970127106
1478872310001 lifecam22 1999.79333496 6279.86914062 3.73892688751
1478872310064 lifecam22 2000.13391113 6279.62695312 3.74032926559
1478872310129 lifecam22 2000.08557129 6279.81445312 3.73970127106
1478872310266 lifecam22 2000.00793457 6279.65820312 3.73944854736
1478872310336 lifecam22 2000.00793457 6279.65820312 3.73944854736
1478872310398 lifecam22 1999.8939209 6279.58398438 3.73943948746
