1478871093500 lifecam22 3193.32885742 5859.79638672 4.59776592255
1478871093784 lifecam22 3192.97192383 5859.24707031 4.59506750107
1478871093857 lifecam22 3192.97192383 5859.24707031 4.59506750107
1478871093920 lifecam22 3193.24389648 5859.59863281 4.597178936
1478871093980 lifecam22 3193.05712891 5859.44433594 4.59565544128
1478871094048 lifecam22 3193.24389648 5859.59863281 4.597178936
1478871094251 lifecam22 3192.84375 5859.53662109 4.59490060806
1478871094325 lifecam22 3192.84716797 5859.27099609 4.59394359589
1478871094375 lifecam22 3193.24389648 5859.59863281 4.597178936
1478871094451 lifecam22 3193.24926758 5859.87109375 4.596991539
1478871094518 lifecam22 3192.84716797 5859.27099609 4.59394359589
1478871094718 lifecam22 3193.21313477 5859.28173828 4.59717655182
1478871094790 lifecam22 3192.78198242 5859.35888672 4.59450435638
1478871094852 lifecam22 3193.07519531 5859.44580078 4.59581232071
1478871094919 lifecam22 3193.34692383 5859.79785156 4.59792470932
1478871094991 lifecam22 3193.20410156 5859.8203125 4.59663915634
1478871095189 lifecam22 3192.97192383 5859.24707031 4.59506750107
1478871095251 lifecam22 3193.31640625 5859.48095703 4.59792423248
1478871095312 lifecam22 3193.24389648 5859.59863281 4.597178936
1478871095386 lifecam22 3193.24389648 5859.59863281 4.597178936
1478871095442 lifecam22 3193.24389648 5859.59863281 4.597178936
1478871095704 lifecam22 3193.54272461 5859.70214844 4.59852457047
1478871095777 lifecam22 3192.75366211 5859.22802734 4.59314966202
1478871095843 lifecam22 3193.15429688 5859.52880859 4.59523677826
1478871095914 lifecam22 3193.05712891 5859.44433594 4.59565544128
1478871095983 lifecam22 3193.16040039 5859.64306641 4.59640026093
1478871096189 lifecam22 3193.50073242 5859.39599609 4.59351634979
1478871096251 lifecam22 3193.39624023 5859.19677734 4.59277105331
1478871096327 lifecam22 3193.6171875 5858.75292969 4.59022760391
1478871096389 lifecam22 3193.49682617 5860.02734375 4.59292793274
1478871096453 lifecam22 3194.20166016 5859.40429688 4.58858633041
1478871096661 lifecam22 3193.39624023 5859.19677734 4.59277105331
1478871096722 lifecam22 3193.03637695 5859.19042969 4.59087896347
1478871096792 lifecam22 3193.50073242 5859.39599609 4.59351634979
1478871096856 lifecam22 3193.13574219 5859.48583984 4.59387588501
1478871096912 lifecam22 3193.43603516 5859.59716797 4.59396457672
1478871097191 lifecam22 3193.43359375 5859.22119141 4.59307813644
1478871097247 lifecam22 3193.45043945 5859.52685547 4.59295654297
1478871097321 lifecam22 3193.28051758 5859.37597656 4.59159708023
1478871097389 lifecam22 3193.49682617 5859.78564453 4.59434986115
1478871097455 lifecam22 3193.12280273 5859.3671875 4.59139871597
1478871097588 lifecam22 3193.75537109 5859.85107422 4.59657526016
1478871097651 lifecam22 3192.81396484 5858.67089844 4.58580160141
1478871097712 lifecam22 3193.32885742 5859.02197266 4.59233236313
1478871097783 lifecam22 3194.03173828 5858.55761719 4.58290100098
1478871097847 lifecam22 3194.21582031 5859.44433594 4.58363723755
1478871098124 lifecam22 3197.53491211 5860.65136719 4.59911394119
1478871098183 lifecam22 3194.73706055 5861.49804688 4.60648965836
1478871098249 lifecam22 3196.42602539 5860.20849609 4.60010194778
1478871098325 lifecam22 3195.28613281 5860.87939453 4.60307979584
1478871098388 lifecam22 3189.14038086 5862.22119141 4.61216974258
1478871098586 lifecam22 3167.25976562 5861.06298828 4.59892225266
1478871098651 lifecam22 3159.51147461 5859.03564453 4.5853676796
1478871098727 lifecam22 3153.38793945 5859.39257812 4.5808391571
1478871098794 lifecam22 3145.21020508 5858.25830078 4.57651901245
1478871098858 lifecam22 3139.31933594 5858.29199219 4.57574367523
1478871099058 lifecam22 3119.0690918 5858.7265625 4.56682538986
1478871099127 lifecam22 3113.19628906 5857.79101562 4.56343698502
1478871099183 lifecam22 3107.24267578 5859.05419922 4.56879854202
1478871099255 lifecam22 3097.43798828 5857.55419922 4.54740667343
1478871099326 lifecam22 3091.43774414 5856.97314453 4.54954385757
1478871099527 lifecam22 3069.7331543 5856.56591797 4.52887582779
1478871099588 lifecam22 3063.53491211 5857.22070312 4.52575778961
1478871099657 lifecam22 3055.97460938 5856.99951172 4.51869821548
1478871099729 lifecam22 3049.33618164 5857.26953125 4.51679229736
1478871099796 lifecam22 3042.65771484 5857.84472656 4.51352357864
1478871099988 lifecam22 3021.67895508 5858.27636719 4.49408578873
1478871100057 lifecam22 3015.01098633 5858.046875 4.48999547958
1478871100123 lifecam22 3006.83032227 5858.93994141 4.48419570923
1478871100182 lifecam22 3000.21044922 5858.52050781 4.47975826263
1478871100262 lifecam22 2993.5456543 5859.46533203 4.47216320038
1478871100459 lifecam22 2972.89453125 5859.00927734 4.45083284378
1478871100522 lifecam22 2965.78540039 5858.95166016 4.44886112213
1478871100578 lifecam22 2959.15869141 5861.00732422 4.44933271408
1478871100657 lifecam22 2952.37207031 5861.60791016 4.44637441635
1478871100729 lifecam22 2945.7578125 5862.20654297 4.43862056732
1478871100992 lifecam22 2918.00463867 5864.56396484 4.42311048508
1478871101051 lifecam22 2911.78149414 5866.51904297 4.42457342148
1478871101124 lifecam22 2904.09082031 5867.21044922 4.41322612762
1478871101194 lifecam22 2896.80566406 5867.11816406 4.40651845932
1478871101259 lifecam22 2890.00073242 5868.53369141 4.40252780914
1478871101447 lifecam22 2869.25610352 5871.68066406 4.3853802681
1478871101531 lifecam22 2862.27001953 5871.78759766 4.38008213043
1478871101599 lifecam22 2855.01049805 5873.37890625 4.37208461761
1478871101647 lifecam22 2848.46826172 5875.15527344 4.3706612587
1478871101729 lifecam22 2842.01489258 5876.63427734 4.37304258347
1478871101929 lifecam22 2820.36645508 5880.00732422 4.35073900223
1478871101991 lifecam22 2813.15527344 5880.95996094 4.34467840195
1478871102052 lifecam22 2806.77929688 5882.25195312 4.3438372612
1478871102127 lifecam22 2800.98803711 5883.66552734 4.34043741226
1478871102201 lifecam22 2792.45825195 5884.78222656 4.32796812057
1478871102388 lifecam22 2771.6262207 5888.16748047 4.31076908112
1478871102465 lifecam22 2765.57592773 5890.06298828 4.30663919449
1478871102519 lifecam22 2757.68066406 5891.15136719 4.29759168625
1478871102595 lifecam22 2752.42578125 5893.37304688 4.30204391479
1478871102667 lifecam22 2746.32275391 5895.41064453 4.2997918129
1478871102922 lifecam22 2718.06591797 5901.45751953 4.27584123611
1478871102989 lifecam22 2711.35961914 5903.45898438 4.27128505707
1478871103052 lifecam22 2705.52880859 5905.70947266 4.2727894783
1478871103120 lifecam22 2699.49804688 5908.26025391 4.27023124695
1478871103197 lifecam22 2693.0480957 5910.61376953 4.26715755463
1478871103391 lifecam22 2672.14550781 5915.82714844 4.24961566925
1478871103470 lifecam22 2664.51269531 5917.57861328 4.23762559891
1478871103535 lifecam22 2657.40429688 5919.82958984 4.23502111435
1478871103590 lifecam22 2650.9675293 5921.68505859 4.23041629791
1478871103667 lifecam22 2644.27026367 5924.22412109 4.22430801392
1478871103858 lifecam22 2623.95117188 5930.65625 4.20606851578
1478871103934 lifecam22 2617.09912109 5931.82080078 4.2007484436
1478871104002 lifecam22 2610.80688477 5935.34130859 4.1962685585
1478871104064 lifecam22 2604.24536133 5936.70019531 4.19833040237
1478871104132 lifecam22 2596.75585938 5938.95166016 4.18321895599
1478871104327 lifecam22 2576.60083008 5946.19677734 4.1681842804
1478871104391 lifecam22 2571.47802734 5948.96191406 4.16899681091
1478871104466 lifecam22 2564.02124023 5951.43994141 4.1622133255
1478871104528 lifecam22 2557.19750977 5954.09912109 4.15528488159
1478871104595 lifecam22 2550.63378906 5955.62255859 4.1477894783
1478871104807 lifecam22 2531.76782227 5964.86621094 4.13897132874
1478871104858 lifecam22 2526.80566406 5967.86962891 4.13752746582
1478871104929 lifecam22 2518.78442383 5970.42529297 4.13239526749
1478871104994 lifecam22 2512.66381836 5973.43261719 4.12997293472
1478871105067 lifecam22 2506.60961914 5976.61669922 4.12474346161
1478871105327 lifecam22 2480.12866211 5987.14160156 4.09908533096
1478871105398 lifecam22 2473.61108398 5989.91601562 4.0931930542
1478871105467 lifecam22 2466.4934082 5992.98388672 4.08404016495
1478871105534 lifecam22 2461.2253418 5996.81445312 4.08266782761
1478871105603 lifecam22 2455.54785156 5999.29833984 4.08388996124
1478871105806 lifecam22 2435.9453125 6009.20019531 4.0635843277
1478871105872 lifecam22 2429.00024414 6012.81982422 4.05962324142
1478871105936 lifecam22 2423.07446289 6015.20556641 4.05323600769
1478871106005 lifecam22 2417.56079102 6018.49169922 4.05155897141
1478871106061 lifecam22 2410.21826172 6022.38134766 4.03716611862
1478871106265 lifecam22 2392.75146484 6031.10253906 4.03335618973
1478871106335 lifecam22 2386.00756836 6035.02392578 4.02450990677
1478871106407 lifecam22 2378.32714844 6037.82958984 4.01015520096
1478871106471 lifecam22 2373.32226562 6042.19775391 4.00909042358
1478871106533 lifecam22 2368.73120117 6045.34716797 4.01605415344
1478871106731 lifecam22 2350.4296875 6056.75048828 3.99807238579
1478871106800 lifecam22 2345.4519043 6059.41455078 3.99880099297
1478871106873 lifecam22 2338.19970703 6063.35400391 3.98411726952
1478871106943 lifecam22 2333.89770508 6067.36523438 3.9889113903
1478871106995 lifecam22 2327.03833008 6071.37255859 3.98272919655
1478871107197 lifecam22 2309.65087891 6081.47753906 3.96603655815
1478871107272 lifecam22 2301.5949707 6085.11669922 3.94638562202
1478871107337 lifecam22 2295.06542969 6089.85595703 3.94436407089
1478871107404 lifecam22 2291.45800781 6093.83447266 3.94349741936
1478871107462 lifecam22 2283.26293945 6096.93652344 3.92914414406
1478871107667 lifecam22 2266.85986328 6109.72705078 3.91933369637
1478871107743 lifecam22 2261.71826172 6114.16894531 3.914457798
1478871107805 lifecam22 2255.21362305 6116.83691406 3.9087407589
1478871107870 lifecam22 2249.20410156 6121.36767578 3.9036052227
1478871107934 lifecam22 2243.56445312 6125.70410156 3.90056347847
1478871108196 lifecam22 2222.46582031 6141.27294922 3.88811087608
1478871108270 lifecam22 2215.12402344 6145.57373047 3.87037587166
1478871108336 lifecam22 2209.70141602 6150.20117188 3.86771273613
1478871108406 lifecam22 2205.20703125 6154.15380859 3.86648607254
1478871108471 lifecam22 2199.75708008 6158.7578125 3.86094546318
1478871108607 lifecam22 2188.33105469 6167.75097656 3.84916353226
1478871108679 lifecam22 2182.86401367 6172.18896484 3.84526538849
1478871108736 lifecam22 2177.29858398 6176.26757812 3.83803510666
1478871108802 lifecam22 2172.64135742 6180.95458984 3.83816099167
1478871108873 lifecam22 2167.48120117 6185.22558594 3.83685874939
1478871109082 lifecam22 2150.8840332 6198.59619141 3.81265521049
1478871109134 lifecam22 2145.04589844 6204.19824219 3.80354499817
1478871109202 lifecam22 2138.90063477 6207.67333984 3.79866027832
1478871109266 lifecam22 2135.17407227 6212.98876953 3.79877257347
1478871109341 lifecam22 2127.7109375 6217.84277344 3.78591704369
1478871109604 lifecam22 2109.73852539 6236.94775391 3.77524662018
1478871109667 lifecam22 2105.25146484 6241.06103516 3.77540254593
1478871109746 lifecam22 2100.40820312 6246.44677734 3.77148103714
1478871109808 lifecam22 2094.20849609 6251.39599609 3.76178646088
1478871109872 lifecam22 2087.92822266 6256.74658203 3.75465941429
1478871110071 lifecam22 2074.07226562 6269.65576172 3.74147486687
1478871110136 lifecam22 2069.38842773 6274.99267578 3.73479557037
1478871110203 lifecam22 2064.48657227 6279.14990234 3.72839856148
1478871110271 lifecam22 2058.79736328 6285.08105469 3.72166132927
1478871110342 lifecam22 2054.88330078 6289.70654297 3.72233390808
1478871110540 lifecam22 2040.40075684 6305.4765625 3.70730900764
1478871110609 lifecam22 2035.89099121 6310.73242188 3.70152401924
1478871110673 lifecam22 2030.26403809 6315.90917969 3.69618558884
1478871110741 lifecam22 2025.05285645 6320.95361328 3.68818116188
1478871110804 lifecam22 2021.67272949 6326.41894531 3.68609428406
1478871111007 lifecam22 2018.17565918 6333.30322266 3.69623565674
1478871111079 lifecam22 2017.10559082 6333.90771484 3.69274759293
1478871111140 lifecam22 2017.72766113 6333.62890625 3.69516372681
1478871111202 lifecam22 2016.88366699 6333.85693359 3.6908864975
1478871111271 lifecam22 2017.98913574 6333.55371094 3.69599938393
1478871111481 lifecam22 2018.30700684 6333.35986328 3.69757246971
1478871111535 lifecam22 2017.98913574 6333.55371094 3.69599938393
1478871111607 lifecam22 2017.98913574 6333.55371094 3.69599938393
1478871111682 lifecam22 2017.98913574 6333.55371094 3.69599938393
1478871111742 lifecam22 2018.05407715 6333.63916016 3.69667387009
1478871111942 lifecam22 2017.98913574 6333.55371094 3.69599938393
1478871112001 lifecam22 2017.98913574 6333.55371094 3.69599938393
1478871112077 lifecam22 2018.05163574 6333.63037109 3.69689130783
1478871112144 lifecam22 2018.0994873 6333.42285156 3.6962287426
1478871112211 lifecam22 2017.98913574 6333.55371094 3.69599938393
1478871112408 lifecam22 2017.98913574 6333.55371094 3.69599938393
1478871112480 lifecam22 2018.40197754 6333.625 3.69864916801
1478871112547 lifecam22 2017.98913574 6333.55371094 3.69599938393
1478871112615 lifecam22 2017.71984863 6333.53369141 3.69485211372
1478871112665 lifecam22 2017.98913574 6333.55371094 3.69599938393
1478871112885 lifecam22 2018.05163574 6333.63037109 3.69689130783
1478871112946 lifecam22 2018.0994873 6333.42285156 3.6962287426
1478871113006 lifecam22 2017.72766113 6333.62890625 3.69516372681
1478871113082 lifecam22 2017.98913574 6333.55371094 3.69599938393
