1478872756831 lifecam22 3201.27758789 5864.80126953 4.67349720001
1478872756898 lifecam22 3201.22460938 5864.484375 4.67311620712
1478872756958 lifecam22 3200.22338867 5864.16308594 4.66825056076
1478872757097 lifecam22 3201.07714844 5863.828125 4.67336320877
1478872757162 lifecam22 3201.10107422 5863.84716797 4.67355442047
1478872757232 lifecam22 3201.49804688 5864.04980469 4.67563867569
1478872757295 lifecam22 3200.44824219 5863.68896484 4.66914558411
1478872757355 lifecam22 3200.04931641 5863.35058594 4.66965961456
1478872757496 lifecam22 3201.24511719 5864.52001953 4.67469596863
1478872757559 lifecam22 3201.5246582 5864.48486328 4.67582607269
1478872757629 lifecam22 3200.97021484 5864.95849609 4.67107772827
1478872757707 lifecam22 3202.12792969 5865.55175781 4.67713022232
1478872757754 lifecam22 3202.11962891 5865.52734375 4.6767988205
1478872757889 lifecam22 3201.71142578 5865.32763672 4.67485952377
1478872757975 lifecam22 3202.0625 5865.76660156 4.67651224136
1478872758033 lifecam22 3201.5925293 5866.18798828 4.6761264801
1478872758094 lifecam22 3202.47583008 5866.70068359 4.68016290665
1478872758162 lifecam22 3202.01391602 5865.56396484 4.67479991913
1478872758303 lifecam22 3201.05688477 5864.44921875 4.67040061951
1478872758358 lifecam22 3195.58203125 5865.67480469 4.6741194725
1478872758424 lifecam22 3184.44482422 5862.61669922 4.65851068497
1478872758501 lifecam22 3180.74536133 5863.96826172 4.67252016068
1478872758556 lifecam22 3173.98803711 5862.84033203 4.66351556778
1478872758766 lifecam22 3152.03735352 5860.00732422 4.63664531708
1478872758830 lifecam22 3144.78466797 5859.7890625 4.63451004028
1478872758891 lifecam22 3137.9465332 5858.81201172 4.63065814972
1478872758958 lifecam22 3131.16210938 5858.42480469 4.62470626831
1478872759037 lifecam22 3123.34741211 5857.32373047 4.61609649658
1478872759176 lifecam22 3109.02441406 5856.41015625 4.60319471359
1478872759231 lifecam22 3102.77197266 5856.39746094 4.6028752327
1478872759305 lifecam22 3095.38647461 5856.61474609 4.5992474556
1478872759371 lifecam22 3088.45800781 5856.19726562 4.59661054611
1478872759438 lifecam22 3082.09448242 5856.52832031 4.59354066849
1478872759633 lifecam22 3060.23535156 5855.13037109 4.57006216049
1478872759691 lifecam22 3052.51513672 5853.38134766 4.56201028824
1478872759763 lifecam22 3046.05883789 5854.64746094 4.56152582169
1478872759837 lifecam22 3039.46606445 5853.39892578 4.55620384216
1478872759904 lifecam22 3031.90795898 5853.78857422 4.54863262177
1478872759973 lifecam22 3025.1184082 5853.03564453 4.53708791733
1478872760031 lifecam22 3019.2019043 5853.28271484 4.53849506378
1478872760095 lifecam22 3011.95556641 5853.81738281 4.53552246094
1478872760157 lifecam22 3004.98193359 5853.97412109 4.52827167511
1478872760232 lifecam22 2998.46264648 5854.18505859 4.52915620804
1478872760296 lifecam22 2991.12939453 5854.90869141 4.52239465714
1478872760433 lifecam22 2979.25366211 5856.29394531 4.52104854584
1478872760493 lifecam22 2972.07958984 5856.12988281 4.51027345657
1478872760565 lifecam22 2965.44677734 5856.48535156 4.51158237457
1478872760628 lifecam22 2958.5 5857.56201172 4.50637531281
1478872760707 lifecam22 2951.18212891 5858.09765625 4.50512456894
1478872760829 lifecam22 2937.51342773 5858.54052734 4.48895835876
1478872760914 lifecam22 2930.19287109 5858.24072266 4.48295640945
1478872760968 lifecam22 2922.20410156 5858.62304688 4.47261190414
1478872761039 lifecam22 2914.73632812 5858.60986328 4.46849536896
1478872761101 lifecam22 2907.99951172 5859.68847656 4.46461248398
1478872761236 lifecam22 2894.10742188 5861.03222656 4.45260381699
1478872761302 lifecam22 2886.81201172 5863.02978516 4.45087814331
1478872761369 lifecam22 2879.25927734 5862.79003906 4.44047880173
1478872761435 lifecam22 2873.99584961 5863.77294922 4.44217205048
1478872761502 lifecam22 2866.50341797 5864.72412109 4.43523406982
1478872761704 lifecam22 2845.59326172 5867.20166016 4.42152261734
1478872761768 lifecam22 2838.2409668 5867.41552734 4.41236877441
1478872761837 lifecam22 2830.92993164 5868.87109375 4.40758514404
1478872761903 lifecam22 2824.04223633 5868.94726562 4.40342283249
1478872761973 lifecam22 2817.77636719 5871.12890625 4.40065479279
1478872762105 lifecam22 2803.92993164 5873.09814453 4.3880777359
1478872762174 lifecam22 2796.95068359 5874.86962891 4.38555526733
1478872762241 lifecam22 2790.1574707 5875.68554688 4.37779045105
1478872762310 lifecam22 2785.15551758 5877.65869141 4.3797826767
1478872762372 lifecam22 2776.92041016 5878.96289062 4.37333488464
1478872762575 lifecam22 2756.50024414 5883.00683594 4.35730791092
1478872762638 lifecam22 2749.90844727 5884.05029297 4.35649824142
1478872762693 lifecam22 2743.47436523 5885.74462891 4.35371923447
1478872762766 lifecam22 2735.85546875 5886.10107422 4.33981990814
1478872762835 lifecam22 2728.83911133 5887.39697266 4.33144617081
1478872762983 lifecam22 2714.98706055 5890.17138672 4.32192373276
1478872763035 lifecam22 2707.1484375 5892.09179688 4.3116440773
1478872763109 lifecam22 2700.078125 5893.21435547 4.3072104454
1478872763160 lifecam22 2693.94213867 5896.34960938 4.30751752853
1478872763233 lifecam22 2687.53027344 5898.35644531 4.30913591385
1478872763372 lifecam22 2673.45678711 5900.83691406 4.29125595093
1478872763431 lifecam22 2666.7409668 5902.81054688 4.28682994843
1478872763510 lifecam22 2661.18505859 5905.09863281 4.28700590134
1478872763567 lifecam22 2655.16845703 5906.67773438 4.28766441345
1478872763630 lifecam22 2648.4921875 5908.58398438 4.2821097374
1478872763844 lifecam22 2626.21679688 5913.05615234 4.25240182877
1478872763903 lifecam22 2619.65234375 5915.82958984 4.25057315826
1478872763968 lifecam22 2614.48535156 5918.09521484 4.2572145462
1478872764042 lifecam22 2608.17578125 5921.47607422 4.25348520279
1478872764100 lifecam22 2600.38916016 5922.35498047 4.24330377579
1478872764242 lifecam22 2587.52978516 5927.60742188 4.2340836525
1478872764297 lifecam22 2580.67993164 5929.92724609 4.23085737228
1478872764367 lifecam22 2573.80981445 5931.74707031 4.22176933289
1478872764436 lifecam22 2566.94897461 5934.05224609 4.22190713882
1478872764497 lifecam22 2559.93432617 5936.390625 4.21294164658
1478872764700 lifecam22 2540.68432617 5944.39306641 4.2011847496
1478872764771 lifecam22 2534.28857422 5946.49755859 4.20046043396
1478872764849 lifecam22 2526.39038086 5948.41796875 4.18532705307
1478872764903 lifecam22 2519.81591797 5950.49267578 4.17890787125
1478872764981 lifecam22 2512.91210938 5953.45605469 4.17749261856
1478872765107 lifecam22 2500.69238281 5959.02783203 4.17019128799
1478872765170 lifecam22 2495.18725586 5961.83203125 4.17245864868
1478872765246 lifecam22 2488.26855469 5965.21679688 4.15955352783
1478872765302 lifecam22 2481.984375 5967.04248047 4.16002845764
1478872765365 lifecam22 2475.11767578 5970.62548828 4.15135097504
1478872765576 lifecam22 2455.79443359 5977.77636719 4.1347284317
1478872765640 lifecam22 2450.30957031 5981.08154297 4.13324213028
1478872765701 lifecam22 2442.27001953 5983.36572266 4.1200671196
1478872765780 lifecam22 2437.7578125 5987.22753906 4.12615060806
1478872765847 lifecam22 2429.90039062 5989.21777344 4.10862207413
1478872765977 lifecam22 2417.55151367 5996.04833984 4.10385704041
1478872766048 lifecam22 2411.71582031 5998.98291016 4.10275316238
1478872766106 lifecam22 2406.14135742 6003.7421875 4.09986162186
1478872766175 lifecam22 2398.85473633 6005.43798828 4.09281587601
1478872766241 lifecam22 2394.14135742 6009.26904297 4.09249925613
1478872766382 lifecam22 2379.66430664 6015.21826172 4.07509374619
1478872766439 lifecam22 2374.39868164 6018.47607422 4.07052183151
1478872766502 lifecam22 2366.84277344 6021.33544922 4.0600643158
1478872766570 lifecam22 2362.72558594 6025.06201172 4.06483316422
1478872766645 lifecam22 2354.60693359 6028.72070312 4.05618000031
1478872766845 lifecam22 2335.84667969 6038.16162109 4.03584527969
1478872766914 lifecam22 2329.86303711 6041.78466797 4.03168106079
1478872766976 lifecam22 2325.00634766 6045.74316406 4.03180885315
1478872767040 lifecam22 2320.39086914 6048.56152344 4.03729534149
1478872767102 lifecam22 2314.33813477 6053.18261719 4.03014564514
1478872767250 lifecam22 2302.64208984 6059.79394531 4.01922225952
1478872767305 lifecam22 2294.30761719 6063.95263672 4.00473833084
1478872767367 lifecam22 2289.28540039 6067.24951172 4.00926351547
1478872767448 lifecam22 2284.85498047 6071.45849609 4.00100231171
1478872767505 lifecam22 2279.97265625 6074.08007812 4.00819158554
1478872767712 lifecam22 2258.10668945 6084.99267578 3.96884512901
1478872767776 lifecam22 2253.57495117 6088.35449219 3.97099614143
1478872767838 lifecam22 2248.94335938 6092.69677734 3.97204136848
1478872767908 lifecam22 2240.16821289 6096.60205078 3.9466547966
1478872767981 lifecam22 2233.54907227 6101.51367188 3.93370056152
1478872768185 lifecam22 2215.73754883 6113.61132812 3.91962742805
1478872768252 lifecam22 2211.38598633 6117.015625 3.92563652992
1478872768309 lifecam22 2204.63964844 6122.01367188 3.91369628906
1478872768373 lifecam22 2200.57128906 6124.81542969 3.92114329338
1478872768444 lifecam22 2197.78686523 6129.39501953 3.92941308022
1478872768573 lifecam22 2182.83789062 6137.43115234 3.9022269249
1478872768640 lifecam22 2178.70776367 6141.43554688 3.9017868042
1478872768706 lifecam22 2172.86523438 6145.54199219 3.89073300362
1478872768779 lifecam22 2168.23925781 6150.95410156 3.89602184296
1478872768840 lifecam22 2162.15942383 6154.24902344 3.88523340225
1478872768976 lifecam22 2148.90405273 6163.90771484 3.86484980583
1478872769045 lifecam22 2145.01171875 6168.38964844 3.86849331856
1478872769111 lifecam22 2139.16870117 6172.71337891 3.86096692085
1478872769181 lifecam22 2134.53564453 6176.55273438 3.85565829277
1478872769249 lifecam22 2128.83325195 6180.88183594 3.85156321526
1478872769388 lifecam22 2119.10571289 6190.91796875 3.84624910355
1478872769445 lifecam22 2111.64306641 6194.56738281 3.82918190956
1478872769509 lifecam22 2107.63061523 6199.46386719 3.82826852798
1478872769582 lifecam22 2102.28076172 6203.37402344 3.8277528286
1478872769651 lifecam22 2096.66918945 6209.32958984 3.8182156086
1478872769781 lifecam22 2086.16235352 6217.21240234 3.80743026733
1478872769846 lifecam22 2080.96142578 6222.60791016 3.80540895462
1478872769915 lifecam22 2075.29272461 6227.05322266 3.79974937439
1478872769975 lifecam22 2070.64453125 6231.85107422 3.79332280159
1478872770042 lifecam22 2064.54150391 6237.00341797 3.78328490257
1478872770183 lifecam22 2055.80419922 6246.23681641 3.78157973289
1478872770248 lifecam22 2050.47949219 6250.93994141 3.77768349648
1478872770307 lifecam22 2045.1583252 6255.86474609 3.77258443832
1478872770379 lifecam22 2040.66247559 6261.03955078 3.76682186127
1478872770452 lifecam22 2035.63537598 6265.71337891 3.76353263855
1478872770591 lifecam22 2025.60119629 6275.56054688 3.75258398056
1478872770644 lifecam22 2021.86853027 6280.03466797 3.74958777428
1478872770711 lifecam22 2016.08093262 6285.27978516 3.74138021469
1478872770782 lifecam22 2011.4329834 6289.78222656 3.74308443069
1478872770842 lifecam22 2006.66784668 6295.64550781 3.73717451096
1478872770991 lifecam22 2007.32116699 6300.44140625 3.75607824326
1478872771052 lifecam22 2005.94812012 6299.81054688 3.7468957901
1478872771123 lifecam22 2006.09875488 6300.17578125 3.74891281128
1478872771190 lifecam22 2006.61828613 6299.71386719 3.75035476685
1478872771254 lifecam22 2005.7857666 6299.92480469 3.74627304077
1478872771392 lifecam22 2005.7857666 6299.92480469 3.74627304077
1478872771449 lifecam22 2005.7857666 6299.92480469 3.74627304077
1478872771509 lifecam22 2006.11706543 6299.99902344 3.74810576439
1478872771590 lifecam22 2005.94812012 6299.81054688 3.7468957901
1478872771646 lifecam22 2006.31262207 6299.96728516 3.74940824509
1478872771780 lifecam22 2006.28039551 6299.88574219 3.74872612953
1478872771845 lifecam22 2006.11706543 6299.99902344 3.74810576439
1478872771921 lifecam22 2005.78283691 6300.00878906 3.74708485603
1478872771987 lifecam22 2005.86486816 6299.85253906 3.74648857117
1478872772050 lifecam22 2005.66540527 6300.22167969 3.74575233459
1478872772191 lifecam22 2005.45739746 6300.16943359 3.74508905411
1478872772250 lifecam22 2006.69958496 6299.64160156 3.75057935715
1478872772321 lifecam22 2005.45739746 6300.16943359 3.74508905411
1478872772384 lifecam22 2005.86486816 6299.85253906 3.74648857117
1478872772454 lifecam22 2005.67053223 6299.95996094 3.74558663368
1478872772509 lifecam22 2005.94812012 6299.81054688 3.7468957901
1478872772647 lifecam22 2006.74572754 6299.53222656 3.7516450882
1478872772712 lifecam22 2005.58752441 6300.00195312 3.74517965317
1478872772781 lifecam22 2006.1463623 6299.89941406 3.74901437759
1478872772851 lifecam22 2006.28039551 6299.88574219 3.74872612953
1478872772914 lifecam22 2005.53723145 6299.97412109 3.74587106705
1478872773052 lifecam22 2006.76477051 6299.75048828 3.75202655792
1478872773120 lifecam22 2005.86486816 6299.85253906 3.74648857117
1478872773189 lifecam22 2006.64709473 6299.61425781 3.75126099586
1478872773249 lifecam22 2006.31262207 6299.96728516 3.74940824509
1478872773308 lifecam22 2006.61828613 6299.71386719 3.75035476685
1478872773464 lifecam22 2006.69958496 6299.64160156 3.75057935715
1478872773526 lifecam22 2005.81286621 6299.94824219 3.74660348892
1478872773588 lifecam22 2005.94812012 6299.81054688 3.7468957901
