1478871699588 lifecam22 3194.21435547 5865.01464844 4.61093568802
1478871699661 lifecam22 3194.24780273 5865.1796875 4.61244916916
1478871699789 lifecam22 3193.34716797 5865.26513672 4.60952329636
1478871699861 lifecam22 3193.80224609 5865.3515625 4.60953187943
1478871699922 lifecam22 3192.83227539 5865.39990234 4.61542797089
1478871699988 lifecam22 3193.0234375 5865.90234375 4.62170696259
1478871700058 lifecam22 3192.77026367 5865.40527344 4.61291503906
1478871700256 lifecam22 3193.0234375 5865.90234375 4.62170696259
1478871700321 lifecam22 3192.94018555 5865.50146484 4.61675977707
1478871700390 lifecam22 3192.77026367 5865.40527344 4.61291503906
1478871700452 lifecam22 3192.94018555 5865.50146484 4.61675977707
1478871700522 lifecam22 3193.06542969 5865.91601562 4.62206602097
1478871700665 lifecam22 3193.17285156 5865.45166016 4.62112665176
1478871700724 lifecam22 3193.32788086 5865.32519531 4.61807489395
1478871700794 lifecam22 3193.06982422 5865.29882812 4.61758089066
1478871700860 lifecam22 3192.74707031 5865.31542969 4.61339998245
1478871700930 lifecam22 3193.28588867 5865.53222656 4.61865949631
1478871701128 lifecam22 3192.96313477 5865.44677734 4.61348772049
1478871701198 lifecam22 3193.59936523 5864.77001953 4.60937309265
1478871701247 lifecam22 3193.82055664 5864.55126953 4.6086435318
1478871701324 lifecam22 3193.82592773 5864.82958984 4.61014318466
1478871701395 lifecam22 3194.07666016 5864.27294922 4.60366773605
1478871701589 lifecam22 3199.07128906 5863.45507812 4.60776758194
1478871701660 lifecam22 3196.50683594 5862.76611328 4.60348272324
1478871701720 lifecam22 3194.80029297 5863.70458984 4.60446882248
1478871701791 lifecam22 3196.01904297 5863.60644531 4.60748338699
1478871701862 lifecam22 3190.28295898 5865.71875 4.61786222458
1478871701988 lifecam22 3175.13110352 5865.76660156 4.61579179764
1478871702063 lifecam22 3170.10839844 5864.24023438 4.61143732071
1478871702128 lifecam22 3159.83398438 5863.58935547 4.60347366333
1478871702184 lifecam22 3155.01367188 5862.96875 4.59933233261
1478871703198 lifecam22 3049.54125977 5860.21728516 4.52499055862
1478871703398 lifecam22 3027.78613281 5858.74853516 4.49935293198
1478871703455 lifecam22 3020.89331055 5859.6640625 4.49633598328
1478871703528 lifecam22 3014.18017578 5859.22167969 4.49179792404
1478871703596 lifecam22 3006.62597656 5859.31054688 4.4813337326
1478871703667 lifecam22 3000.5065918 5860.04882812 4.47852802277
1478871703868 lifecam22 2978.50048828 5860.85253906 4.46330595016
1478871703926 lifecam22 2973.77050781 5862.73730469 4.46811532974
1478871703989 lifecam22 2966.16992188 5862.14892578 4.4590587616
1478871704063 lifecam22 2959.73901367 5862.59082031 4.4542555809
1478871704125 lifecam22 2952.56982422 5864.08691406 4.45051050186
1478871704334 lifecam22 2932.19799805 5865.55029297 4.43923282623
1478871704383 lifecam22 2925.08837891 5865.93212891 4.43386077881
1478871704463 lifecam22 2918.7956543 5866.56640625 4.43009185791
1478871704526 lifecam22 2910.63305664 5867.30810547 4.42103052139
1478871704594 lifecam22 2904.12182617 5868.06787109 4.41746711731
1478871704730 lifecam22 2890.28198242 5870.35351562 4.41128444672
1478871704797 lifecam22 2883.79101562 5872.11621094 4.40801429749
1478871704867 lifecam22 2875.45776367 5872.33837891 4.39632701874
1478871704935 lifecam22 2869.30029297 5873.78369141 4.39335203171
1478871704997 lifecam22 2861.56469727 5874.28710938 4.38169431686
1478871705197 lifecam22 2841.30639648 5877.41015625 4.37062072754
1478871705259 lifecam22 2833.09619141 5877.37548828 4.35972976685
1478871705328 lifecam22 2827.70507812 5879.50878906 4.36166334152
1478871705398 lifecam22 2819.91113281 5879.67822266 4.35215520859
1478871705465 lifecam22 2813.35131836 5881.36035156 4.34823179245
1478871705650 lifecam22 2793.61010742 5886.24462891 4.33943891525
1478871705736 lifecam22 2786.11914062 5886.35009766 4.32863044739
1478871705799 lifecam22 2778.98852539 5889.07373047 4.32627773285
1478871705866 lifecam22 2773.17358398 5891.09814453 4.32378435135
1478871705931 lifecam22 2766.0703125 5891.56933594 4.32033777237
1478871706123 lifecam22 2747.05981445 5897.15869141 4.31722354889
1478871706201 lifecam22 2739.57006836 5898.17480469 4.30370187759
1478871706267 lifecam22 2733.54052734 5899.41699219 4.29980039597
1478871706331 lifecam22 2726.27368164 5901.49267578 4.29461050034
1478871706399 lifecam22 2719.47070312 5902.98583984 4.28847312927
1478871706533 lifecam22 2704.66381836 5906.22167969 4.27317333221
1478871706599 lifecam22 2699.01513672 5908.52441406 4.27438402176
1478871706673 lifecam22 2693.30639648 5910.67529297 4.27453613281
1478871706738 lifecam22 2686.54589844 5912.86572266 4.26927709579
1478871706801 lifecam22 2679.10864258 5914.32519531 4.26070165634
1478871707007 lifecam22 2657.30004883 5919.95410156 4.23524284363
1478871707071 lifecam22 2650.86157227 5922.55273438 4.23277950287
1478871707133 lifecam22 2644.28442383 5923.59228516 4.23311567307
1478871707198 lifecam22 2638.00048828 5927.02148438 4.22753858566
1478871707267 lifecam22 2630.16625977 5927.57714844 4.220890522
1478871707471 lifecam22 2610.0222168 5934.21337891 4.20550584793
1478871707538 lifecam22 2603.67407227 5936.3828125 4.19809484482
1478871707603 lifecam22 2597.16772461 5938.99707031 4.19491100311
1478871707673 lifecam22 2591.21069336 5941.42675781 4.19023084641
1478871707738 lifecam22 2584.70361328 5944.8515625 4.18887805939
1478871707940 lifecam22 2565.10473633 5951.09716797 4.17697095871
1478871707999 lifecam22 2559.64916992 5954.13671875 4.17936706543
1478871708072 lifecam22 2551.12890625 5956.81298828 4.16337490082
1478871708136 lifecam22 2544.13793945 5959.3828125 4.15978002548
1478871708194 lifecam22 2538.06811523 5961.89990234 4.15244960785
1478871708405 lifecam22 2519.23681641 5969.90576172 4.13937330246
1478871708466 lifecam22 2511.95727539 5971.92285156 4.13061904907
1478871708535 lifecam22 2505.95849609 5975.51513672 4.1271648407
1478871708604 lifecam22 2499.66674805 5978.04248047 4.12678956985
1478871708662 lifecam22 2493.87792969 5981.45410156 4.12533092499
1478871708940 lifecam22 2466.90258789 5992.52734375 4.09657812119
1478871708995 lifecam22 2460.62939453 5995.71728516 4.0952630043
1478871709072 lifecam22 2454.66748047 5998.17871094 4.0878443718
1478871709131 lifecam22 2448.10009766 6001.44677734 4.08552360535
1478871709204 lifecam22 2442.21704102 6003.85107422 4.07902812958
1478871709337 lifecam22 2428.24682617 6009.67724609 4.0626950264
1478871709400 lifecam22 2422.14477539 6013.83642578 4.05627965927
1478871709472 lifecam22 2416.91772461 6016.36865234 4.05935049057
1478871709537 lifecam22 2410.93237305 6020.13427734 4.05683422089
1478871709607 lifecam22 2404.63330078 6023.47509766 4.05293035507
1478871709728 lifecam22 2391.72900391 6030.79638672 4.03983068466
1478871709809 lifecam22 2385.67993164 6033.68603516 4.0366024971
1478871709860 lifecam22 2382.02490234 6036.58398438 4.04503822327
1478871709937 lifecam22 2374.23095703 6040.30566406 4.02967882156
1478871710009 lifecam22 2367.33764648 6044.46875 4.02021694183
1478871710144 lifecam22 2358.01147461 6050.96777344 4.02293205261
1478871710209 lifecam22 2349.72460938 6054.53808594 4.01297092438
1478871710274 lifecam22 2343.99267578 6057.96289062 4.00436162949
1478871710341 lifecam22 2337.10498047 6061.00390625 3.99321603775
1478871710407 lifecam22 2332.29003906 6064.51220703 3.9950735569
1478871710534 lifecam22 2317.92724609 6071.75341797 3.97234082222
1478871710601 lifecam22 2313.31103516 6076.42529297 3.97153282166
1478871710667 lifecam22 2308.03686523 6079.68408203 3.97215867043
1478871710733 lifecam22 2303.03710938 6084.21240234 3.9705786705
1478871710809 lifecam22 2294.61547852 6086.92626953 3.96038126945
1478871711012 lifecam22 2277.74853516 6099.69824219 3.94375395775
1478871711075 lifecam22 2272.68676758 6102.86816406 3.93976044655
1478871711141 lifecam22 2264.671875 6106.17822266 3.91888785362
1478871711204 lifecam22 2261.3046875 6108.80175781 3.93114733696
1478871711271 lifecam22 2254.42602539 6114.17773438 3.92397999763
1478871711343 lifecam22 2248.09912109 6116.96728516 3.91611266136
1478871711408 lifecam22 2241.96801758 6121.47314453 3.90783953667
1478871711473 lifecam22 2235.52856445 6126.25146484 3.89852309227
1478871711534 lifecam22 2231.59765625 6129.79882812 3.89868092537
1478871711598 lifecam22 2226.79150391 6135.07373047 3.90101671219
1478871711807 lifecam22 2207.4753418 6146.82421875 3.87115597725
1478871711878 lifecam22 2202.36791992 6150.89208984 3.87217497826
1478871711939 lifecam22 2197.52124023 6155.63427734 3.87074184418
1478871712009 lifecam22 2192.95654297 6160.18652344 3.86856627464
1478871712072 lifecam22 2186.2644043 6164.64453125 3.85790944099
1478871712212 lifecam22 2174.9921875 6172.97363281 3.84783363342
1478871712273 lifecam22 2169.7902832 6177.58935547 3.84545469284
1478871712341 lifecam22 2164.67138672 6181.79150391 3.83922457695
1478871712409 lifecam22 2158.43115234 6185.67773438 3.83041810989
1478871712473 lifecam22 2154.21459961 6190.6484375 3.82748579979
1478871712616 lifecam22 2144.2421875 6199.92871094 3.82562685013
1478871712679 lifecam22 2137.625 6204.56982422 3.81405496597
1478871712741 lifecam22 2131.72045898 6208.61865234 3.80445861816
1478871712816 lifecam22 2126.82177734 6214.04345703 3.80087471008
1478871712880 lifecam22 2121.49169922 6217.45166016 3.79738473892
1478871713077 lifecam22 2105.0012207 6231.95410156 3.7779738903
1478871713147 lifecam22 2099.8762207 6236.65625 3.77415251732
1478871713213 lifecam22 2094.39233398 6241.41552734 3.76883506775
1478871713280 lifecam22 2089.14868164 6245.82128906 3.76185393333
1478871713345 lifecam22 2085.39208984 6250.44140625 3.76101851463
1478871713477 lifecam22 2076.1472168 6260.70898438 3.75651597977
1478871713548 lifecam22 2071.40063477 6265.88525391 3.75303483009
1478871713611 lifecam22 2066.01513672 6270.54882812 3.74586057663
1478871713681 lifecam22 2061.31884766 6275.79931641 3.7413816452
1478871713741 lifecam22 2056.18920898 6280.26904297 3.73872876167
1478871713880 lifecam22 2046.2845459 6290.44238281 3.72623348236
1478871713947 lifecam22 2040.59631348 6295.25732422 3.71994304657
1478871714013 lifecam22 2036.84729004 6300.26367188 3.71562099457
1478871714077 lifecam22 2030.82043457 6305.4296875 3.71012425423
1478871714145 lifecam22 2026.7689209 6309.92382812 3.7063138485
1478871714278 lifecam22 2016.35754395 6319.92138672 3.69304728508
1478871714346 lifecam22 2012.03381348 6325.56884766 3.68931460381
1478871714411 lifecam22 2010.00427246 6330.21582031 3.69465112686
1478871714477 lifecam22 2011.75524902 6328.55224609 3.69820642471
1478871714545 lifecam22 2011.63903809 6328.00341797 3.69572544098
1478871714742 lifecam22 2011.17932129 6328.31445312 3.69362592697
1478871714809 lifecam22 2011.24645996 6328.29882812 3.69408226013
1478871714875 lifecam22 2011.25378418 6328.19433594 3.69362020493
1478871714948 lifecam22 2011.24645996 6328.29882812 3.69408226013
1478871715013 lifecam22 2011.25378418 6328.19433594 3.69362020493
1478871715139 lifecam22 2011.63903809 6328.00341797 3.69572544098
1478871715202 lifecam22 2011.24645996 6328.29882812 3.69408226013
1478871715281 lifecam22 2011.24645996 6328.29882812 3.69408226013
1478871715343 lifecam22 2011.28527832 6328.36083984 3.69353818893
1478871715414 lifecam22 2011.39709473 6328.11230469 3.69468307495
1478871715542 lifecam22 2011.50622559 6328.34228516 3.69634604454
1478871715606 lifecam22 2011.24645996 6328.29882812 3.69408226013
1478871715681 lifecam22 2011.25378418 6328.19433594 3.69362020493
