1478872607528 lifecam22 3195.52905273 5858.64404297 4.63896274567
1478872607602 lifecam22 3195.73754883 5859.48681641 4.63910102844
1478872607662 lifecam22 3195.58740234 5859.73193359 4.63999986649
1478872607868 lifecam22 3194.65112305 5860.35205078 4.63853311539
1478872607933 lifecam22 3194.8527832 5860.39501953 4.63911581039
1478872607990 lifecam22 3194.90380859 5860.63769531 4.640645504
1478872608066 lifecam22 3195.27026367 5860.94482422 4.64257049561
1478872608132 lifecam22 3195.28955078 5860.53125 4.64397764206
1478872608264 lifecam22 3194.96142578 5861.25634766 4.64047336578
1478872608327 lifecam22 3195.24023438 5862.19091797 4.64164447784
1478872608397 lifecam22 3194.85229492 5860.19580078 4.63737630844
1478872608466 lifecam22 3195.35083008 5860.69726562 4.64085531235
1478872608526 lifecam22 3195.27124023 5860.75537109 4.64011859894
1478872608675 lifecam22 3195.02172852 5862.12304688 4.63972091675
1478872608731 lifecam22 3195.42578125 5862.71386719 4.64127779007
1478872608797 lifecam22 3194.84716797 5862.12597656 4.63815927505
1478872608874 lifecam22 3196.26928711 5861.75048828 4.63668107986
1478872608934 lifecam22 3196.25048828 5861.85400391 4.63764476776
1478872608995 lifecam22 3196.32983398 5861.14501953 4.62981128693
1478872609140 lifecam22 3195.71484375 5860.74804688 4.64229106903
1478872609201 lifecam22 3195.55737305 5860.6015625 4.6398396492
1478872609271 lifecam22 3194.50146484 5860.7578125 4.63216018677
1478872609338 lifecam22 3187.78271484 5861.35302734 4.63663339615
1478872609396 lifecam22 3179.29956055 5860.35449219 4.63502550125
1478872609592 lifecam22 3158.61499023 5859.03417969 4.62315559387
1478872609660 lifecam22 3152.27539062 5857.15576172 4.60802221298
1478872609730 lifecam22 3145.37475586 5857.12353516 4.60512256622
1478872609797 lifecam22 3138.60253906 5856.04345703 4.60303449631
1478872609863 lifecam22 3131.22045898 5855.68212891 4.59719991684
1478872610071 lifecam22 3110.5793457 5854.45117188 4.58622264862
1478872610130 lifecam22 3103.68554688 5854.66259766 4.57906579971
1478872610198 lifecam22 3096.2277832 5854.32177734 4.57406949997
1478872610264 lifecam22 3089.46435547 5854.73583984 4.56940078735
1478872610336 lifecam22 3082.35229492 5853.77734375 4.56317710876
1478872610534 lifecam22 3061.74047852 5853.16015625 4.54973506927
1478872610603 lifecam22 3055.18920898 5853.32617188 4.54446601868
1478872610661 lifecam22 3047.65869141 5852.12597656 4.53645658493
1478872610731 lifecam22 3041.67407227 5852.51757812 4.53689575195
1478872610801 lifecam22 3034.234375 5852.05566406 4.52771806717
1478872611003 lifecam22 3012.80639648 5852.64599609 4.50852823257
1478872611068 lifecam22 3005.95556641 5852.86376953 4.5094704628
1478872611125 lifecam22 2999.76293945 5853.828125 4.50679397583
1478872611194 lifecam22 2992.82592773 5852.71630859 4.49924182892
1478872611265 lifecam22 2986.25390625 5853.71582031 4.49653673172
1478872611465 lifecam22 2965.12084961 5855.44433594 4.48011445999
1478872611539 lifecam22 2958.0144043 5855.50390625 4.47798967361
1478872611594 lifecam22 2952.04418945 5857.13232422 4.4786157608
1478872611679 lifecam22 2944.36352539 5855.87304688 4.46453809738
1478872611748 lifecam22 2937.3215332 5856.30859375 4.46086025238
1478872612063 lifecam22 2902.01757812 5859.93164062 4.43583011627
1478872612134 lifecam22 2895.44287109 5861.0078125 4.43363714218
1478872612191 lifecam22 2888.02856445 5861.10839844 4.42353582382
1478872612261 lifecam22 2880.93530273 5861.86328125 4.41941165924
1478872612330 lifecam22 2874.68017578 5863.05615234 4.41540241241
1478872612408 lifecam22 2867.35864258 5863.45947266 4.41168546677
1478872612466 lifecam22 2860.72314453 5864.37207031 4.40639305115
1478872612533 lifecam22 2853.82080078 5865.29541016 4.400847435
1478872612600 lifecam22 2845.77294922 5865.49951172 4.3883934021
1478872612662 lifecam22 2839.55761719 5867.64355469 4.38915157318
1478872612867 lifecam22 2817.60717773 5869.11767578 4.36491632462
1478872612940 lifecam22 2811.11401367 5871.38330078 4.36699867249
1478872613001 lifecam22 2804.49145508 5872.19824219 4.36504936218
1478872613075 lifecam22 2797.29541016 5874.1171875 4.3578877449
1478872613143 lifecam22 2791.90625 5875.15576172 4.35722208023
1478872613410 lifecam22 2764.27368164 5880.53222656 4.34197616577
1478872613467 lifecam22 2758.02490234 5882.83691406 4.34066200256
1478872613527 lifecam22 2750.45458984 5884.29150391 4.3306593895
1478872613611 lifecam22 2743.91015625 5884.76904297 4.32276964188
1478872613678 lifecam22 2736.57568359 5886.19433594 4.31606817245
1478872613819 lifecam22 2723.44799805 5889.32617188 4.30519580841
1478872613870 lifecam22 2716.55883789 5890.92431641 4.30046844482
1478872613948 lifecam22 2710.25415039 5893.12304688 4.30211830139
1478872614005 lifecam22 2704.14892578 5895.21923828 4.2972869873
1478872614066 lifecam22 2697.17358398 5896.99804688 4.29349803925
1478872614269 lifecam22 2674.93383789 5901.91992188 4.27007293701
1478872614333 lifecam22 2669.09521484 5903.54345703 4.26962423325
1478872614412 lifecam22 2662.02783203 5905.58056641 4.26397562027
1478872614476 lifecam22 2654.109375 5906.57373047 4.24930095673
1478872614546 lifecam22 2648.09082031 5909.16308594 4.24897193909
1478872614674 lifecam22 2634.30786133 5912.43457031 4.23721599579
1478872614744 lifecam22 2628.13769531 5914.52099609 4.23427915573
1478872614803 lifecam22 2621.26074219 5916.58300781 4.23025989532
1478872614870 lifecam22 2615.90869141 5919.33642578 4.23024368286
1478872614942 lifecam22 2607.62207031 5920.60351562 4.21987771988
1478872615081 lifecam22 2594.75756836 5925.61914062 4.21006584167
1478872615138 lifecam22 2588.37719727 5928.29833984 4.20852947235
1478872615209 lifecam22 2581.05419922 5929.36376953 4.19843578339
1478872615281 lifecam22 2575.03662109 5932.27978516 4.20089769363
1478872615330 lifecam22 2568.71948242 5934.89550781 4.19655656815
1478872615482 lifecam22 2555.00805664 5940.03320312 4.18616914749
1478872615547 lifecam22 2548.16918945 5942.76806641 4.17728376389
1478872615611 lifecam22 2542.39233398 5945.58886719 4.17909669876
1478872615678 lifecam22 2535.14794922 5947.20605469 4.1711230278
1478872615749 lifecam22 2527.59350586 5950.24902344 4.15902709961
1478872615944 lifecam22 2508.70727539 5958.20654297 4.14633178711
1478872616008 lifecam22 2502.81079102 5960.48291016 4.14616584778
1478872616079 lifecam22 2495.98681641 5963.94335938 4.1401257515
1478872616145 lifecam22 2488.02075195 5965.79589844 4.12916660309
1478872616203 lifecam22 2481.15356445 5968.84082031 4.11796331406
1478872616353 lifecam22 2469.40478516 5974.54638672 4.1166305542
1478872616415 lifecam22 2463.12133789 5977.27246094 4.11149501801
1478872616482 lifecam22 2456.8515625 5979.40576172 4.1083407402
1478872616549 lifecam22 2449.78857422 5982.19921875 4.09711742401
1478872616610 lifecam22 2443.234375 5985.58886719 4.09362888336
1478872616748 lifecam22 2430.70678711 5991.51757812 4.07995080948
1478872616815 lifecam22 2424.57080078 5994.23925781 4.07641553879
1478872616879 lifecam22 2419.54272461 5998.16992188 4.0796995163
1478872616949 lifecam22 2412.71020508 6001.36669922 4.07459545135
1478872617013 lifecam22 2407.91992188 6004.82324219 4.07993364334
1478872617071 lifecam22 2400.79492188 6007.61767578 4.06533098221
1478872617212 lifecam22 2388.51831055 6014.07666016 4.05536794662
1478872617277 lifecam22 2383.65405273 6017.71533203 4.0560965538
1478872617346 lifecam22 2375.24926758 6020.82519531 4.0408539772
1478872617404 lifecam22 2370.16577148 6024.20605469 4.04052400589
1478872617481 lifecam22 2363.1730957 6027.16796875 4.0334482193
1478872617612 lifecam22 2351.71899414 6033.38134766 4.02231454849
1478872617671 lifecam22 2343.8449707 6037.67480469 4.01158237457
1478872617740 lifecam22 2337.82397461 6040.64306641 4.00484895706
1478872617807 lifecam22 2332.45288086 6044.90283203 4.01147603989
1478872617871 lifecam22 2324.9152832 6048.12792969 3.99604105949
1478872618019 lifecam22 2313.45263672 6056.31396484 3.99030566216
1478872618084 lifecam22 2308.86791992 6059.97119141 3.98810052872
1478872618146 lifecam22 2302.6340332 6062.68896484 3.98123812675
1478872618202 lifecam22 2298.32006836 6065.72900391 3.98845028877
1478872618283 lifecam22 2291.09399414 6071.23828125 3.97978687286
1478872618410 lifecam22 2278.83325195 6077.51074219 3.95968604088
1478872618481 lifecam22 2269.53417969 6080.26904297 3.9360575676
1478872618550 lifecam22 2265.9543457 6084.33251953 3.94278883934
1478872618611 lifecam22 2260.43798828 6088.34423828 3.93716239929
1478872618686 lifecam22 2251.13916016 6092.61181641 3.91467452049
1478872618883 lifecam22 2236.81420898 6104.55664062 3.92172980309
1478872618953 lifecam22 2232.20214844 6108.29882812 3.91481375694
1478872619018 lifecam22 2228.50073242 6112.60253906 3.92388153076
1478872619081 lifecam22 2219.46386719 6116.60742188 3.90550541878
1478872619152 lifecam22 2214.38989258 6120.47216797 3.90202689171
1478872619285 lifecam22 2203.23730469 6129.43261719 3.89138150215
1478872619351 lifecam22 2199.20556641 6133.73046875 3.89267492294
1478872619419 lifecam22 2194.2487793 6137.62988281 3.88814592361
1478872619483 lifecam22 2187.04370117 6142.28076172 3.87715268135
1478872619549 lifecam22 2180.11157227 6144.84863281 3.86797523499
1478872619742 lifecam22 2164.80249023 6158.203125 3.85798025131
1478872619818 lifecam22 2157.79101562 6163.49462891 3.84615397453
1478872619887 lifecam22 2152.05786133 6168.20263672 3.84288811684
1478872619954 lifecam22 2147.25390625 6172.16015625 3.83594250679
1478872620020 lifecam22 2140.35473633 6176.796875 3.82652878761
1478872620216 lifecam22 2125.99584961 6190.33349609 3.81631970406
1478872620277 lifecam22 2121.67749023 6194.12988281 3.81621456146
1478872620350 lifecam22 2115.25439453 6199.32910156 3.80700683594
1478872620414 lifecam22 2109.7512207 6203.14794922 3.80157423019
1478872620475 lifecam22 2104.90454102 6208.93066406 3.7975859642
1478872620613 lifecam22 2093.98364258 6217.60498047 3.7853448391
1478872620685 lifecam22 2089.60961914 6222.078125 3.78241157532
1478872620743 lifecam22 2083.73339844 6227.21240234 3.77723383904
1478872620811 lifecam22 2079.72998047 6231.97216797 3.77412390709
1478872620888 lifecam22 2074.1484375 6236.77148438 3.76867079735
1478872621081 lifecam22 2059.40869141 6251.67626953 3.75476074219
1478872621154 lifecam22 2054.41381836 6255.625 3.7490606308
1478872621221 lifecam22 2049.96557617 6261.20800781 3.74771523476
1478872621287 lifecam22 2044.1138916 6265.67675781 3.73811864853
1478872621353 lifecam22 2039.99035645 6271.07421875 3.73533916473
1478872621485 lifecam22 2029.56359863 6280.44482422 3.72157859802
1478872621554 lifecam22 2024.15124512 6285.69775391 3.71545910835
1478872621621 lifecam22 2019.44592285 6289.94726562 3.71165895462
1478872621688 lifecam22 2015.77453613 6296.078125 3.71328020096
1478872621748 lifecam22 2009.59387207 6301.26464844 3.70269155502
1478872621890 lifecam22 2005.28527832 6309.53955078 3.70903897285
1478872621954 lifecam22 2006.51550293 6307.17041016 3.70926141739
1478872622020 lifecam22 2006.03967285 6307.86279297 3.70770215988
1478872622086 lifecam22 2005.84802246 6307.71630859 3.70682048798
1478872622148 lifecam22 2005.48181152 6307.78515625 3.70562434196
1478872622352 lifecam22 2006.27453613 6307.7265625 3.70879626274
1478872622420 lifecam22 2006.39782715 6307.61279297 3.70922827721
1478872622491 lifecam22 2006.27453613 6307.7265625 3.70879626274
1478872622550 lifecam22 2005.84802246 6307.71630859 3.70682048798
1478872622619 lifecam22 2006.63220215 6307.53466797 3.7106180191
1478872622748 lifecam22 2005.84802246 6307.71630859 3.70682048798
1478872622821 lifecam22 2005.71154785 6307.83349609 3.70635128021
1478872622883 lifecam22 2006.27453613 6307.7265625 3.70879626274
1478872622953 lifecam22 2006.87121582 6307.5234375 3.71106433868
1478872623018 lifecam22 2006.39782715 6307.61279297 3.70922827721
1478872623223 lifecam22 2005.84802246 6307.71630859 3.70682048798
1478872623292 lifecam22 2006.06970215 6307.58349609 3.70787787437
1478872623354 lifecam22 2005.84802246 6307.71630859 3.70682048798
1478872623415 lifecam22 2006.59924316 6307.75683594 3.71013069153
