1478872832937 lifecam22 3199.2019043 5861.14599609 4.6644692421
1478872833006 lifecam22 3198.65673828 5860.91455078 4.66201257706
1478872833075 lifecam22 3198.59667969 5860.90576172 4.66189432144
1478872833138 lifecam22 3198.82641602 5861.35449219 4.66336393356
1478872833205 lifecam22 3198.82641602 5861.35449219 4.66336393356
1478872833280 lifecam22 3199.36938477 5861.58447266 4.66582012177
1478872833338 lifecam22 3198.80249023 5861.08105469 4.66229820251
1478872833407 lifecam22 3198.57470703 5861.15087891 4.66267442703
1478872833473 lifecam22 3198.88623047 5861.01513672 4.66307449341
1478872833546 lifecam22 3199.11767578 5861.2109375 4.66368961334
1478872833746 lifecam22 3199.28881836 5861.39648438 4.66654586792
1478872833813 lifecam22 3199.2019043 5861.14599609 4.6644692421
1478872833873 lifecam22 3199.61108398 5861.09472656 4.66567277908
1478872833945 lifecam22 3199.31542969 5860.94726562 4.66413784027
1478872834004 lifecam22 3199.75170898 5861.17871094 4.66652536392
1478872834219 lifecam22 3202.23950195 5862.88623047 4.67821788788
1478872834278 lifecam22 3201.00634766 5862.25927734 4.67318344116
1478872834352 lifecam22 3201.31494141 5862.55371094 4.67592573166
1478872834411 lifecam22 3196.75073242 5860.8359375 4.65998649597
1478872834474 lifecam22 3198.23925781 5860.43505859 4.65996789932
1478872834541 lifecam22 3196.98535156 5863.95751953 4.68977403641
1478872834691 lifecam22 3182.65795898 5864.08398438 4.68686532974
1478872834746 lifecam22 3175.4465332 5863.1171875 4.68383264542
1478872834810 lifecam22 3167.765625 5861.97900391 4.67677021027
1478872834873 lifecam22 3159.95019531 5860.61572266 4.66764259338
1478872834940 lifecam22 3152.57788086 5859.4296875 4.65666341782
1478872835151 lifecam22 3131.78271484 5857.25390625 4.63897609711
1478872835214 lifecam22 3124.52124023 5856.29980469 4.6339263916
1478872835277 lifecam22 3118.36328125 5855.49365234 4.62960910797
1478872835349 lifecam22 3110.00048828 5854.57226562 4.61858510971
1478872835409 lifecam22 3103.44628906 5854.31542969 4.61668109894
1478872835617 lifecam22 3082.74951172 5853.96386719 4.60455369949
1478872835682 lifecam22 3075.82861328 5853.64208984 4.59679889679
1478872835752 lifecam22 3068.50268555 5852.62011719 4.59236621857
1478872835818 lifecam22 3062.00390625 5852.98486328 4.59007692337
1478872835885 lifecam22 3054.82373047 5852.78320312 4.58405208588
1478872836079 lifecam22 3034.96459961 5851.68652344 4.5704832077
1478872836155 lifecam22 3027.76831055 5852.13964844 4.5664100647
1478872836210 lifecam22 3020.73999023 5851.03808594 4.55508327484
1478872836277 lifecam22 3012.56030273 5850.72753906 4.54539251328
1478872836344 lifecam22 3007.31152344 5851.19824219 4.54612064362
1478872836612 lifecam22 2979.99389648 5852.16796875 4.53125905991
1478872836688 lifecam22 2972.21337891 5852.45019531 4.52211809158
1478872836748 lifecam22 2965.66845703 5852.35498047 4.5183224678
1478872836822 lifecam22 2958.44824219 5852.00732422 4.5095615387
1478872836878 lifecam22 2951.43261719 5853.53173828 4.50692081451
1478872837022 lifecam22 2937.23413086 5853.81982422 4.49618244171
1478872837084 lifecam22 2930.05639648 5853.23828125 4.49063444138
1478872837150 lifecam22 2922.67480469 5853.90625 4.48538732529
1478872837215 lifecam22 2916.1394043 5854.77001953 4.47799158096
1478872837281 lifecam22 2909.09423828 5854.83056641 4.47588348389
1478872837492 lifecam22 2889.17456055 5857.69140625 4.46656179428
1478872837554 lifecam22 2880.82714844 5858.89794922 4.45910453796
1478872837617 lifecam22 2874.20410156 5859.02734375 4.45491743088
1478872837691 lifecam22 2867.16699219 5858.81884766 4.44658565521
1478872837755 lifecam22 2860.94311523 5860.18701172 4.44304180145
1478872837949 lifecam22 2840.38085938 5863.16308594 4.43275213242
1478872838021 lifecam22 2833.05102539 5862.94384766 4.42602586746
1478872838080 lifecam22 2826.34814453 5864.5 4.42116069794
1478872838153 lifecam22 2818.85449219 5865.07910156 4.41302108765
1478872838219 lifecam22 2812.26489258 5866.89160156 4.40860033035
1478872838418 lifecam22 2791.66503906 5870.00048828 4.39375638962
1478872838489 lifecam22 2784.63867188 5870.85888672 4.39136600494
1478872838557 lifecam22 2777.52319336 5871.59472656 4.37970352173
1478872838621 lifecam22 2770.35009766 5873.47167969 4.37886381149
1478872838693 lifecam22 2763.67407227 5873.97363281 4.37322998047
1478872838892 lifecam22 2743.9128418 5878.33935547 4.36592388153
1478872838954 lifecam22 2737.20874023 5880.31445312 4.35842847824
1478872839017 lifecam22 2729.32275391 5880.60351562 4.34654045105
1478872839080 lifecam22 2723.5715332 5882.76855469 4.34604454041
1478872839147 lifecam22 2716.82836914 5883.77929688 4.34690141678
1478872839347 lifecam22 2695.59912109 5888.44335938 4.32539558411
1478872839417 lifecam22 2688.91308594 5890.73876953 4.32421159744
1478872839486 lifecam22 2682.23730469 5892.61621094 4.32093381882
1478872839547 lifecam22 2675.52954102 5894.67822266 4.31652355194
1478872839616 lifecam22 2669.13696289 5896.35546875 4.31057929993
1478872839824 lifecam22 2649.56738281 5900.78808594 4.30039167404
1478872839895 lifecam22 2642.66601562 5902.85107422 4.29309034348
1478872839957 lifecam22 2635.79907227 5904.6875 4.28652095795
1478872840019 lifecam22 2627.32421875 5906.36230469 4.27347278595
1478872840084 lifecam22 2621.34082031 5908.11083984 4.27593612671
1478872840285 lifecam22 2600.53686523 5914.52441406 4.25502347946
1478872840354 lifecam22 2592.31738281 5915.49951172 4.24226760864
1478872840416 lifecam22 2586.58032227 5918.70556641 4.2419924736
1478872840485 lifecam22 2579.8918457 5920.77880859 4.23888444901
1478872840552 lifecam22 2572.77758789 5922.18310547 4.23172044754
1478872840753 lifecam22 2553.41308594 5929.56396484 4.21907806396
1478872840819 lifecam22 2547.11108398 5932.58984375 4.21723079681
1478872840883 lifecam22 2540.57861328 5935.23291016 4.21555662155
1478872840951 lifecam22 2534.82128906 5937.21240234 4.21616601944
1478872841019 lifecam22 2528.31103516 5938.95849609 4.21044540405
1478872841223 lifecam22 2507.51586914 5946.22265625 4.19059276581
1478872841283 lifecam22 2500.46264648 5949.24951172 4.17999696732
1478872841352 lifecam22 2494.30053711 5951.77050781 4.17813014984
1478872841419 lifecam22 2488.70068359 5954.94335938 4.17894744873
1478872841484 lifecam22 2481.38354492 5957.55029297 4.16961669922
1478872841684 lifecam22 2462.77539062 5965.30078125 4.15614557266
1478872841759 lifecam22 2454.98095703 5967.66308594 4.14587879181
1478872841822 lifecam22 2448.24707031 5970.55175781 4.13578605652
1478872841888 lifecam22 2441.11694336 5972.35351562 4.13079977036
1478872841952 lifecam22 2435.80371094 5975.65429688 4.12760305405
1478872842158 lifecam22 2416.66137695 5984.39404297 4.11204338074
1478872842219 lifecam22 2408.89819336 5987.66064453 4.10775756836
1478872842288 lifecam22 2405.05224609 5990.98144531 4.11260223389
1478872842352 lifecam22 2398.98852539 5994.87255859 4.11529827118
1478872842420 lifecam22 2391.36328125 5997.35058594 4.10035610199
1478872842555 lifecam22 2378.64770508 6002.86767578 4.08623695374
1478872842619 lifecam22 2373.2902832 6006.76367188 4.08664941788
1478872842690 lifecam22 2367.38842773 6009.98779297 4.08421230316
1478872842762 lifecam22 2361.53710938 6012.74169922 4.08134126663
1478872842825 lifecam22 2355.43798828 6016.36962891 4.07535457611
1478872843025 lifecam22 2336.18725586 6025.83447266 4.05565357208
1478872843090 lifecam22 2330.58569336 6028.79052734 4.05332946777
1478872843156 lifecam22 2322.9987793 6033.04492188 4.04094552994
1478872843224 lifecam22 2319.07373047 6037.02587891 4.04857492447
1478872843288 lifecam22 2312.11987305 6040.11621094 4.03882598877
1478872843492 lifecam22 2294.36254883 6050.58300781 4.0208158493
1478872843563 lifecam22 2288.87182617 6054.40234375 4.02348279953
1478872843624 lifecam22 2280.07006836 6057.95166016 4.00407218933
1478872843755 lifecam22 2271.89038086 6064.92382812 4.01560544968
1478872843961 lifecam22 2251.52929688 6075.24609375 3.9823653698
1478872844028 lifecam22 2246.71728516 6079.82568359 3.98289847374
1478872844095 lifecam22 2238.82641602 6082.74951172 3.97285866737
1478872844164 lifecam22 2234.7668457 6086.91748047 3.9770424366
1478872844228 lifecam22 2225.2043457 6091.20996094 3.94668126106
1478872844429 lifecam22 2210.02270508 6104.15087891 3.94109034538
1478872844494 lifecam22 2205.2109375 6107.10986328 3.94248795509
1478872844563 lifecam22 2198.42382812 6111.35693359 3.93493580818
1478872844623 lifecam22 2192.31396484 6114.85009766 3.93180537224
1478872844695 lifecam22 2188.57128906 6118.76318359 3.93526291847
1478872844910 lifecam22 2171.69604492 6131.73974609 3.91755270958
1478872844971 lifecam22 2164.42822266 6135.39599609 3.90482735634
1478872845025 lifecam22 2158.48681641 6140.13378906 3.89748859406
1478872845092 lifecam22 2153.71484375 6144.36669922 3.89445471764
1478872845160 lifecam22 2148.9921875 6148.82080078 3.89403986931
1478872845363 lifecam22 2132.07373047 6161.86914062 3.8728582859
1478872845435 lifecam22 2125.30859375 6166.60693359 3.86187577248
1478872845495 lifecam22 2118.97216797 6171.18505859 3.8555161953
1478872845559 lifecam22 2115.35131836 6174.95556641 3.85804867744
1478872845627 lifecam22 2109.22753906 6179.99023438 3.85165119171
1478872845838 lifecam22 2091.87280273 6192.51660156 3.82964468002
1478872845901 lifecam22 2088.20263672 6198.328125 3.8326458931
1478872845967 lifecam22 2080.82128906 6201.51074219 3.818379879
1478872846033 lifecam22 2076.97363281 6206.34277344 3.81630778313
1478872846094 lifecam22 2071.74731445 6211.54101562 3.81218314171
1478872846297 lifecam22 2056.74194336 6225.51904297 3.80596661568
1478872846361 lifecam22 2052.46533203 6229.95654297 3.80250382423
1478872846430 lifecam22 2046.89099121 6234.68310547 3.79681992531
1478872846497 lifecam22 2042.05090332 6239.59570312 3.79065704346
1478872846559 lifecam22 2036.98718262 6244.49365234 3.78654050827
1478872846758 lifecam22 2022.73986816 6258.82714844 3.77233219147
1478872846831 lifecam22 2017.64758301 6263.44140625 3.76828479767
1478872846899 lifecam22 2011.67126465 6269.10839844 3.75723838806
1478872846966 lifecam22 2007.90905762 6273.50244141 3.75489830971
1478872847037 lifecam22 2001.5723877 6278.45898438 3.74933648109
1478872847176 lifecam22 2003.95422363 6282.29638672 3.7719912529
1478872847230 lifecam22 2003.61169434 6282.28369141 3.77031874657
1478872847297 lifecam22 2003.34020996 6282.31298828 3.76966428757
1478872847368 lifecam22 2003.51599121 6282.00683594 3.76805019379
1478872847429 lifecam22 2003.48937988 6282.38134766 3.7699444294
1478872847573 lifecam22 2003.72180176 6282.27392578 3.76968169212
1478872847636 lifecam22 2003.3260498 6282.59863281 3.76849985123
1478872847708 lifecam22 2003.33850098 6282.39892578 3.76890397072
1478872847762 lifecam22 2003.53869629 6282.36669922 3.77023530006
1478872847835 lifecam22 2003.29382324 6282.49609375 3.7703332901
1478872847972 lifecam22 2003.48937988 6282.38134766 3.7699444294
1478872848042 lifecam22 2003.38830566 6282.5078125 3.76846003532
1478872848105 lifecam22 2003.53674316 6282.49121094 3.76949286461
1478872848172 lifecam22 2003.48937988 6282.38134766 3.7699444294
