1478872214445 lifecam22 3194.13842773 5861.59667969 4.62677097321
1478872214580 lifecam22 3194.27880859 5861.19970703 4.62586927414
1478872214650 lifecam22 3193.82226562 5861.33447266 4.62524032593
1478872214715 lifecam22 3194.70825195 5861.40087891 4.62549734116
1478872214789 lifecam22 3194.03759766 5861.38183594 4.62469673157
1478872214859 lifecam22 3193.91430664 5861.16259766 4.62374305725
1478872215047 lifecam22 3194.51660156 5861.25585938 4.62660694122
1478872215114 lifecam22 3194.51660156 5861.25585938 4.62660694122
1478872215184 lifecam22 3194.51904297 5861.26757812 4.62792730331
1478872215256 lifecam22 3194.30200195 5861.19384766 4.6258392334
1478872215323 lifecam22 3194.51660156 5861.25585938 4.62660694122
1478872215453 lifecam22 3194.06445312 5861.13769531 4.62510156631
1478872215524 lifecam22 3194.36547852 5861.27880859 4.62524700165
1478872215587 lifecam22 3194.36547852 5861.27880859 4.62524700165
1478872215653 lifecam22 3194.51660156 5861.25585938 4.62660694122
1478872215725 lifecam22 3194.18481445 5861.24609375 4.62358760834
1478872215925 lifecam22 3194.39916992 5861.00195312 4.621530056
1478872215992 lifecam22 3194.73510742 5861.27197266 4.62433576584
1478872216054 lifecam22 3194.55102539 5861.28076172 4.62040472031
1478872216126 lifecam22 3194.24169922 5860.65673828 4.61421871185
1478872216192 lifecam22 3194.95922852 5861.99658203 4.62476491928
1478872216323 lifecam22 3193.91772461 5861.76171875 4.6281170845
1478872216394 lifecam22 3194.13842773 5861.59667969 4.62677097321
1478872216460 lifecam22 3194.6081543 5862.33300781 4.63411903381
1478872216527 lifecam22 3187.00830078 5862.03808594 4.63205623627
1478872216581 lifecam22 3177.38549805 5861.92626953 4.62839841843
1478872216718 lifecam22 3166.07080078 5860.59326172 4.61362600327
1478872216786 lifecam22 3158.30151367 5861.28222656 4.61651754379
1478872216851 lifecam22 3152.60888672 5860.30419922 4.60897302628
1478872216921 lifecam22 3144.64501953 5859.93066406 4.6045665741
1478872216994 lifecam22 3137.99438477 5860.10302734 4.60242557526
1478872217183 lifecam22 3116.21777344 5857.90429688 4.58170080185
1478872217245 lifecam22 3108.73706055 5857.31689453 4.57540798187
1478872217324 lifecam22 3102.15234375 5857.08056641 4.56859731674
1478872217391 lifecam22 3094.08935547 5855.81982422 4.5593919754
1478872217459 lifecam22 3088.32299805 5855.60839844 4.55845117569
1478872217592 lifecam22 3073.99365234 5854.15527344 4.54321575165
1478872217660 lifecam22 3067.40600586 5855.32275391 4.54158067703
1478872217725 lifecam22 3059.49316406 5854.57910156 4.53324174881
1478872217793 lifecam22 3053.71948242 5855.40673828 4.53434944153
1478872217861 lifecam22 3046.74560547 5856.51025391 4.5329823494
1478872217996 lifecam22 3032.85302734 5856.81298828 4.52141094208
1478872218054 lifecam22 3025.49829102 5856.15332031 4.5159535408
1478872218127 lifecam22 3018.75878906 5856.40039062 4.51227998734
1478872218194 lifecam22 3012.38964844 5857.33544922 4.51316308975
1478872218260 lifecam22 3005.90698242 5857.2109375 4.50783920288
1478872218460 lifecam22 2985.19946289 5858.21679688 4.49195098877
1478872218519 lifecam22 2978.51855469 5858.53466797 4.4855594635
1478872218596 lifecam22 2971.86157227 5859.02978516 4.48300886154
1478872218667 lifecam22 2964.46459961 5859.30322266 4.47660112381
1478872218722 lifecam22 2957.17700195 5860.23242188 4.47107744217
1478872218861 lifecam22 2943.57739258 5861.06689453 4.45769739151
1478872218926 lifecam22 2935.86938477 5861.36474609 4.44981861115
1478872218985 lifecam22 2928.63525391 5861.72998047 4.44359111786
1478872219061 lifecam22 2922.49291992 5862.92041016 4.44228029251
1478872219131 lifecam22 2914.84887695 5862.59033203 4.4350066185
1478872219266 lifecam22 2900.62207031 5863.92578125 4.42355728149
1478872219332 lifecam22 2893.22827148 5864.96435547 4.41665744781
1478872219399 lifecam22 2886.12475586 5865.23242188 4.40989589691
1478872219464 lifecam22 2878.70629883 5866.01220703 4.40616083145
1478872219532 lifecam22 2872.71118164 5866.52001953 4.39982795715
1478872219729 lifecam22 2852.4074707 5870.93066406 4.38900661469
1478872219794 lifecam22 2846.01318359 5871.6328125 4.3920416832
1478872219867 lifecam22 2839.1184082 5873.97851562 4.38838863373
1478872219924 lifecam22 2831.15087891 5874.29638672 4.37802696228
1478872219995 lifecam22 2824.84008789 5875.42529297 4.3772149086
1478872220198 lifecam22 2805.30639648 5880.07275391 4.36790084839
1478872220261 lifecam22 2798.05419922 5880.80566406 4.35645675659
1478872220318 lifecam22 2791.50146484 5882.19042969 4.35253143311
1478872220385 lifecam22 2785.11474609 5883.61376953 4.3503537178
1478872220461 lifecam22 2777.90112305 5884.26513672 4.34522151947
1478872220589 lifecam22 2763.734375 5886.79785156 4.32591342926
1478872220658 lifecam22 2755.68017578 5888.06347656 4.31894302368
1478872220721 lifecam22 2750.0234375 5890.20166016 4.32079458237
1478872220802 lifecam22 2742.171875 5892.30908203 4.31106090546
1478872220859 lifecam22 2734.58642578 5893.5390625 4.30499315262
1478872221057 lifecam22 2715.7175293 5898.58544922 4.29569482803
1478872221130 lifecam22 2710.05834961 5900.56445312 4.29758644104
1478872221200 lifecam22 2702.52026367 5901.28076172 4.28716611862
1478872221268 lifecam22 2695.72167969 5904.19384766 4.2830657959
1478872221334 lifecam22 2687.47314453 5904.19140625 4.27103090286
1478872221452 lifecam22 2673.60742188 5907.57421875 4.25934553146
1478872221530 lifecam22 2668.27416992 5909.93994141 4.25691556931
1478872221599 lifecam22 2661.23974609 5912.03417969 4.2529501915
1478872221669 lifecam22 2655.40063477 5914.74804688 4.25504112244
1478872221736 lifecam22 2647.58935547 5916.50976562 4.24617290497
1478872221865 lifecam22 2635.28417969 5921.41748047 4.24031019211
1478872221932 lifecam22 2628.54663086 5923.65185547 4.23582220078
1478872222000 lifecam22 2621.50292969 5924.94921875 4.22627496719
1478872222065 lifecam22 2614.7565918 5927.13916016 4.22269153595
1478872222133 lifecam22 2608.46728516 5930.08398438 4.21775150299
1478872222327 lifecam22 2589.29370117 5936.66162109 4.20846700668
1478872222403 lifecam22 2582.05688477 5938.30419922 4.1968665123
1478872222459 lifecam22 2575.4621582 5941.22607422 4.19251918793
1478872222535 lifecam22 2567.61230469 5942.98583984 4.18520069122
1478872222602 lifecam22 2561.46142578 5946.59863281 4.18034601212
1478872222806 lifecam22 2541.18725586 5954.50878906 4.16635036469
1478872222868 lifecam22 2534.90454102 5956.19580078 4.16500043869
1478872222931 lifecam22 2528.82519531 5959.27783203 4.15872049332
1478872223001 lifecam22 2520.57983398 5961.15185547 4.14975166321
1478872223062 lifecam22 2514.09814453 5964.15136719 4.144115448
1478872223208 lifecam22 2501.90917969 5969.23876953 4.13791751862
1478872223271 lifecam22 2495.18579102 5971.67236328 4.12785148621
1478872223333 lifecam22 2489.7590332 5975.16748047 4.12833833694
1478872223405 lifecam22 2483.67602539 5976.79199219 4.12554264069
1478872223461 lifecam22 2478.0065918 5980.60058594 4.12762784958
1478872223670 lifecam22 2458.18798828 5989.01464844 4.10514783859
1478872223728 lifecam22 2451.29101562 5992.52734375 4.10158777237
1478872223798 lifecam22 2445.72021484 5995.88769531 4.09680652618
1478872223867 lifecam22 2438.67529297 5998.54150391 4.0904045105
1478872223923 lifecam22 2433.51049805 6001.36474609 4.08958864212
1478872224075 lifecam22 2421.50854492 6008.44042969 4.08116674423
1478872224140 lifecam22 2414.9152832 6011.65869141 4.07729434967
1478872224198 lifecam22 2407.80517578 6013.93994141 4.06238603592
1478872224262 lifecam22 2400.19458008 6017.39990234 4.05361223221
1478872224467 lifecam22 2382.27709961 6026.88085938 4.04252290726
1478872224525 lifecam22 2375.81591797 6030.68994141 4.03427553177
1478872224604 lifecam22 2369.37890625 6034.23095703 4.03173160553
1478872224664 lifecam22 2365.5390625 6038.06054688 4.03837203979
1478872224732 lifecam22 2357.21435547 6041.328125 4.02397298813
1478872224938 lifecam22 2340.22265625 6051.11425781 4.01625204086
1478872224999 lifecam22 2333.5625 6055.27978516 4.00308609009
1478872225067 lifecam22 2328.72192383 6058.23779297 4.00266027451
1478872225131 lifecam22 2323.66552734 6062.40722656 4.00249624252
1478872225206 lifecam22 2313.84228516 6065.63769531 3.98268198967
1478872225348 lifecam22 2304.31396484 6071.84375 3.98123908043
1478872225398 lifecam22 2296.50805664 6076.21777344 3.96277213097
1478872225530 lifecam22 2287.7578125 6084.09667969 3.97147297859
1478872225601 lifecam22 2279.43212891 6087.46875 3.95606422424
1478872225804 lifecam22 2261.34570312 6100.84082031 3.9302854538
1478872225872 lifecam22 2258.29614258 6103.8125 3.93520474434
1478872225930 lifecam22 2249.54370117 6107.35839844 3.92213129997
1478872225999 lifecam22 2243.16088867 6112.57373047 3.91133141518
1478872226146 lifecam22 2235.76660156 6119.67919922 3.92517352104
1478872226201 lifecam22 2226.26635742 6124.18945312 3.90111804008
1478872226274 lifecam22 2219.73828125 6127.84863281 3.89425826073
1478872226342 lifecam22 2215.2578125 6131.59228516 3.89138579369
1478872226408 lifecam22 2210.16699219 6136.09375 3.8907699585
1478872226611 lifecam22 2192.19116211 6148.99121094 3.8694088459
1478872226680 lifecam22 2188.54052734 6153.17089844 3.86873841286
1478872226741 lifecam22 2181.74389648 6157.82763672 3.8620531559
1478872226805 lifecam22 2177.55981445 6161.17822266 3.86250901222
1478872226869 lifecam22 2171.31860352 6166.18554688 3.85458350182
1478872227013 lifecam22 2160.6171875 6175.42529297 3.85147738457
1478872227074 lifecam22 2155.81762695 6178.62109375 3.84626460075
1478872227147 lifecam22 2149.05908203 6183.16308594 3.83600091934
1478872227210 lifecam22 2144.07568359 6187.28857422 3.82496762276
1478872227273 lifecam22 2137.88012695 6192.13134766 3.82016539574
1478872227476 lifecam22 2123.29248047 6205.91162109 3.81089234352
1478872227534 lifecam22 2117.87255859 6210.84472656 3.80394649506
1478872227602 lifecam22 2113.38891602 6216.14648438 3.80348539352
1478872227670 lifecam22 2107.95898438 6220.09667969 3.7980837822
1478872227737 lifecam22 2103.67797852 6225.0703125 3.79685473442
1478872227882 lifecam22 2092.65112305 6234.09375 3.78357005119
1478872227935 lifecam22 2086.60058594 6239.18164062 3.77433514595
1478872228017 lifecam22 2081.32519531 6243.53808594 3.77048587799
1478872228077 lifecam22 2077.70996094 6248.72167969 3.76862502098
1478872228142 lifecam22 2071.08764648 6253.38476562 3.7586479187
1478872228345 lifecam22 2057.109375 6267.69042969 3.74818062782
1478872228411 lifecam22 2051.44140625 6272.96240234 3.74099206924
1478872228477 lifecam22 2047.58312988 6277.98291016 3.74210810661
1478872228536 lifecam22 2041.21911621 6283.27099609 3.72667455673
1478872228611 lifecam22 2038.29504395 6288.15380859 3.73115587234
1478872228806 lifecam22 2023.4954834 6302.5859375 3.72028946877
1478872228882 lifecam22 2018.12731934 6308.05664062 3.7108039856
1478872228945 lifecam22 2013.85119629 6313.35888672 3.7042927742
1478872229014 lifecam22 2010.05505371 6317.42285156 3.70593857765
1478872229077 lifecam22 2009.80212402 6321.00976562 3.71267199516
1478872229214 lifecam22 2009.82385254 6319.875 3.709826231
1478872229339 lifecam22 2009.72131348 6319.20605469 3.70783281326
1478872229411 lifecam22 2009.9017334 6318.64501953 3.70778131485
1478872229469 lifecam22 2009.95422363 6318.72851562 3.70740771294
1478872229536 lifecam22 2010.03820801 6319.43945312 3.70942521095
1478872229610 lifecam22 2009.83728027 6319.11523438 3.70981502533
1478872229674 lifecam22 2010.69226074 6318.796875 3.71449804306
1478872229739 lifecam22 2009.88366699 6319.22509766 3.7081515789
1478872229811 lifecam22 2010.12512207 6318.73779297 3.70890808105
1478872229881 lifecam22 2009.96520996 6319.22558594 3.70878624916
1478872230082 lifecam22 2009.91564941 6318.99267578 3.70815777779
1478872230146 lifecam22 2010.17712402 6318.7734375 3.70812726021
1478872230214 lifecam22 2009.72155762 6318.90625 3.70772576332
1478872230281 lifecam22 2009.50109863 6319.15380859 3.70602154732
1478872230349 lifecam22 2009.74499512 6319.1640625 3.70799469948
1478872230483 lifecam22 2009.47399902 6319.22607422 3.70618104935
1478872230550 lifecam22 2010.0916748 6318.95507812 3.71052908897
1478872230608 lifecam22 2009.74328613 6319.18017578 3.70806288719
1478872230685 lifecam22 2010.79187012 6318.85107422 3.71309232712
1478872230750 lifecam22 2009.56213379 6319.01855469 3.70581483841
1478872230947 lifecam22 2009.91564941 6318.99267578 3.70815777779
1478872231008 lifecam22 2010.18151855 6318.77783203 3.70944547653
1478872231079 lifecam22 2009.19763184 6319.30615234 3.70441770554
1478872231134 lifecam22 2009.51696777 6319.13085938 3.70603108406
