1478872410896 lifecam22 3194.10107422 5859.19238281 4.63318824768
1478872410960 lifecam22 3194.31811523 5859.44091797 4.63378858566
1478872411024 lifecam22 3194.27514648 5859.35693359 4.63450479507
1478872411157 lifecam22 3194.28833008 5859.63623047 4.63567018509
1478872411227 lifecam22 3194.30297852 5859.56201172 4.63358259201
1478872411284 lifecam22 3194.45092773 5859.484375 4.6349401474
1478872411361 lifecam22 3194.31811523 5859.44091797 4.63378858566
1478872411415 lifecam22 3194.12353516 5859.53662109 4.63319301605
1478872411556 lifecam22 3193.79785156 5859.76025391 4.63122749329
1478872411628 lifecam22 3193.72045898 5859.48144531 4.62964630127
1478872411700 lifecam22 3194.42895508 5860.16162109 4.63664770126
1478872411760 lifecam22 3193.85620117 5859.68115234 4.63178825378
1478872411827 lifecam22 3193.79785156 5859.76025391 4.63122749329
1478872411959 lifecam22 3193.83764648 5859.58105469 4.62945318222
1478872412028 lifecam22 3193.80224609 5859.92871094 4.63011693954
1478872412097 lifecam22 3194.14208984 5860.4140625 4.6339507103
1478872412168 lifecam22 3194.36914062 5860.69921875 4.63157081604
1478872412223 lifecam22 3194.18066406 5860.74658203 4.6318321228
1478872412361 lifecam22 3193.89160156 5859.58398438 4.63484430313
1478872412420 lifecam22 3194.13891602 5859.41552734 4.63339805603
1478872412485 lifecam22 3192.8046875 5859.50976562 4.62975025177
1478872412562 lifecam22 3182.69067383 5859.07080078 4.62026548386
1478872412628 lifecam22 3175.80419922 5856.49804688 4.60959768295
1478872412763 lifecam22 3161.33789062 5856.13378906 4.60012292862
1478872412824 lifecam22 3154.7824707 5854.74755859 4.59676742554
1478872412902 lifecam22 3147.86401367 5854.98291016 4.5914478302
1478872412967 lifecam22 3141.50341797 5854.08544922 4.58792066574
1478872413028 lifecam22 3134.43652344 5854.76025391 4.58496713638
1478872413168 lifecam22 3121.21826172 5854.57177734 4.5793633461
1478872413232 lifecam22 3114.18652344 5854.71142578 4.57340192795
1478872413295 lifecam22 3106.65185547 5853.68994141 4.56855297089
1478872413365 lifecam22 3099.62841797 5853.515625 4.55859375
1478872413433 lifecam22 3092.8918457 5853.84326172 4.55717897415
1478872413564 lifecam22 3079.07104492 5854.12011719 4.5521645546
1478872413621 lifecam22 3071.52587891 5853.58642578 4.54393386841
1478872413697 lifecam22 3064.91821289 5853.37792969 4.53767681122
1478872413762 lifecam22 3057.32617188 5852.94824219 4.52997112274
1478872413832 lifecam22 3050.10180664 5851.80664062 4.51894235611
1478872413974 lifecam22 3035.32080078 5852.921875 4.51279783249
1478872414032 lifecam22 3028.82592773 5852.68945312 4.50655221939
1478872414094 lifecam22 3022.20556641 5853.80078125 4.50579786301
1478872414165 lifecam22 3014.53833008 5853.18261719 4.4948887825
1478872414231 lifecam22 3009.19897461 5854.67285156 4.49890947342
1478872414425 lifecam22 2988.64257812 5856.17431641 4.48492240906
1478872414494 lifecam22 2980.9375 5855.0546875 4.47221279144
1478872414557 lifecam22 2974.6784668 5855.93457031 4.47182130814
1478872414636 lifecam22 2967.30297852 5855.35253906 4.46084928513
1478872414695 lifecam22 2961.43603516 5857.16943359 4.4662861824
1478872414897 lifecam22 2940.24658203 5857.88769531 4.44269227982
1478872414965 lifecam22 2933.57250977 5859.31689453 4.43955087662
1478872415023 lifecam22 2926.54003906 5859.51855469 4.43881034851
1478872415099 lifecam22 2919.68969727 5860.64306641 4.43257808685
1478872415295 lifecam22 2899.60449219 5864.09667969 4.42481470108
1478872415368 lifecam22 2890.03173828 5863.09912109 4.40544605255
1478872415432 lifecam22 2884.20092773 5865.17871094 4.40568256378
1478872415501 lifecam22 2876.49584961 5865.51074219 4.40080022812
1478872415568 lifecam22 2869.29541016 5866.24316406 4.39111709595
1478872415702 lifecam22 2856.0222168 5868.09912109 4.3840918541
1478872415766 lifecam22 2849.02148438 5869.59375 4.37650346756
1478872415826 lifecam22 2841.30859375 5870.26513672 4.37480688095
1478872415894 lifecam22 2835.77807617 5871.89306641 4.37360095978
1478872415971 lifecam22 2828.86450195 5873.70507812 4.36769771576
1478872416166 lifecam22 2808.2253418 5878.15087891 4.35415792465
1478872416237 lifecam22 2802.046875 5879.35253906 4.35594367981
1478872416301 lifecam22 2794.48535156 5880.23242188 4.34449672699
1478872416368 lifecam22 2786.89624023 5881.28320312 4.3337597847
1478872416436 lifecam22 2780.47973633 5881.82421875 4.32878828049
1478872416570 lifecam22 2766.67333984 5884.91748047 4.31901311874
1478872416632 lifecam22 2760.75341797 5887.35400391 4.31581020355
1478872416704 lifecam22 2753.6340332 5887.55224609 4.30975437164
1478872416764 lifecam22 2747.46020508 5889.80175781 4.30664253235
1478872416832 lifecam22 2740.82763672 5891.63671875 4.30254983902
1478872416973 lifecam22 2726.24902344 5895.16650391 4.29086828232
1478872417035 lifecam22 2720.21166992 5897.71728516 4.29081201553
1478872417103 lifecam22 2713.33813477 5899.07519531 4.28534412384
1478872417161 lifecam22 2707.34887695 5900.43994141 4.28496313095
1478872417229 lifecam22 2699.48266602 5901.69677734 4.27087926865
1478872417436 lifecam22 2678.55981445 5908.11035156 4.25766944885
1478872417502 lifecam22 2672.37646484 5910.08642578 4.25307321548
1478872417570 lifecam22 2664.59057617 5911.13085938 4.24373531342
1478872417635 lifecam22 2659.23632812 5913.77050781 4.24251365662
1478872417707 lifecam22 2652.36279297 5915.39111328 4.24005556107
1478872417904 lifecam22 2632.91772461 5922.26123047 4.22798013687
1478872417966 lifecam22 2626.57080078 5925.74707031 4.22557115555
1478872418034 lifecam22 2619.29345703 5927.375 4.21753740311
1478872418098 lifecam22 2611.93725586 5928.99902344 4.21034955978
1478872418174 lifecam22 2605.5300293 5931.63525391 4.20855998993
1478872418300 lifecam22 2592.64233398 5936.36376953 4.20194244385
1478872418364 lifecam22 2585.69897461 5938.54248047 4.18998241425
1478872418442 lifecam22 2579.69042969 5940.84130859 4.1892375946
1478872418496 lifecam22 2572.89892578 5943.10595703 4.18154382706
1478872418572 lifecam22 2565.77587891 5945.19482422 4.1758055687
1478872418703 lifecam22 2552.85888672 5950.80615234 4.16409063339
1478872418776 lifecam22 2544.69799805 5952.63916016 4.15647029877
1478872418836 lifecam22 2539.09423828 5955.60693359 4.15318155289
1478872418906 lifecam22 2531.85131836 5958.47607422 4.14668035507
1478872418971 lifecam22 2525.98583984 5961.17822266 4.14728546143
1478872419172 lifecam22 2506.72558594 5968.97558594 4.13228225708
1478872419244 lifecam22 2499.703125 5971.56640625 4.12410926819
1478872419304 lifecam22 2494.13867188 5974.88916016 4.12377595901
1478872419374 lifecam22 2487.31762695 5977.87792969 4.11582946777
1478872419441 lifecam22 2480.9284668 5980.69970703 4.11433076859
1478872419576 lifecam22 2468.94360352 5986.72119141 4.10573720932
1478872419642 lifecam22 2462.88061523 5989.20263672 4.09870815277
1478872419706 lifecam22 2455.54418945 5992.76708984 4.08877229691
1478872419772 lifecam22 2450.57763672 5995.11621094 4.09370040894
1478872419843 lifecam22 2444.50170898 5999.15722656 4.09216070175
1478872419974 lifecam22 2430.81933594 6005.1640625 4.07685804367
1478872420044 lifecam22 2425.23828125 6008.74169922 4.07075071335
1478872420103 lifecam22 2419.66674805 6011.78076172 4.07244062424
1478872420175 lifecam22 2412.62963867 6015.61572266 4.06377840042
1478872420239 lifecam22 2406.54467773 6018.08691406 4.05599164963
1478872420369 lifecam22 2394.20996094 6024.52490234 4.04572200775
1478872420443 lifecam22 2387.25268555 6028.30908203 4.03816509247
1478872420506 lifecam22 2381.28540039 6030.39550781 4.03237628937
1478872420566 lifecam22 2375.33447266 6034.23583984 4.02753686905
1478872420640 lifecam22 2368.37597656 6037.12109375 4.02113389969
1478872420772 lifecam22 2357.15209961 6044.4140625 4.01446199417
1478872420834 lifecam22 2350.51831055 6047.78173828 4.00769233704
1478872420910 lifecam22 2344.06323242 6052.50585938 4.00177717209
1478872420977 lifecam22 2338.36791992 6055.65966797 4.00206899643
1478872421041 lifecam22 2333.40478516 6059.92089844 3.99913859367
1478872421180 lifecam22 2320.59838867 6066.36865234 3.98652839661
1478872421238 lifecam22 2315.58251953 6069.76171875 3.97701931
1478872421309 lifecam22 2309.52661133 6074.21875 3.98219871521
1478872421372 lifecam22 2303.78808594 6078.09521484 3.9730284214
1478872421442 lifecam22 2299.21923828 6081.58691406 3.97386050224
1478872421578 lifecam22 2283.12988281 6087.97802734 3.93818068504
1478872421632 lifecam22 2278.97949219 6092.84912109 3.94489216805
1478872421709 lifecam22 2273.12890625 6096.74316406 3.93803524971
1478872421773 lifecam22 2267.54052734 6101.17773438 3.92972064018
1478872421845 lifecam22 2260.38574219 6104.96386719 3.92002797127
1478872421976 lifecam22 2249.40673828 6113.3515625 3.9114317894
1478872422048 lifecam22 2244.73876953 6117.43408203 3.91123175621
1478872422105 lifecam22 2238.74487305 6121.90917969 3.90519452095
1478872422174 lifecam22 2232.7722168 6125.11181641 3.90174365044
1478872422240 lifecam22 2225.85693359 6129.36523438 3.88445305824
1478872422383 lifecam22 2216.22363281 6137.40234375 3.8910241127
1478872422446 lifecam22 2211.0546875 6141.56738281 3.88377451897
1478872422514 lifecam22 2203.84545898 6145.96191406 3.87222886086
1478872422580 lifecam22 2197.90869141 6149.54736328 3.86140680313
1478872422644 lifecam22 2192.43066406 6154.11767578 3.86081218719
1478872422783 lifecam22 2181.32763672 6163.04882812 3.84836125374
1478872422848 lifecam22 2177.22119141 6167.17285156 3.85521745682
1478872422918 lifecam22 2171.70556641 6172.12255859 3.84824371338
1478872422981 lifecam22 2166.08129883 6176.74560547 3.84336686134
1478872423047 lifecam22 2159.49731445 6180.01904297 3.83002352715
1478872423186 lifecam22 2150.68334961 6189.31591797 3.83071637154
1478872423241 lifecam22 2145.49316406 6194.70019531 3.82165241241
1478872423315 lifecam22 2139.34594727 6198.78564453 3.81314992905
1478872423378 lifecam22 2134.07519531 6203.88232422 3.81100130081
1478872423450 lifecam22 2128.51806641 6208.04150391 3.80280804634
1478872423654 lifecam22 2113.58911133 6221.65478516 3.79166245461
1478872423705 lifecam22 2108.81079102 6226.77685547 3.78868842125
1478872423775 lifecam22 2103.78198242 6231.19580078 3.78369522095
1478872423844 lifecam22 2098.85229492 6237.08056641 3.7796792984
1478872423912 lifecam22 2093.38769531 6241.85498047 3.77308773994
1478872424041 lifecam22 2082.90136719 6250.78710938 3.76138448715
1478872424115 lifecam22 2078.55395508 6255.3359375 3.75889325142
1478872424180 lifecam22 2072.99584961 6260.89208984 3.7539396286
1478872424236 lifecam22 2067.90551758 6264.81591797 3.74766230583
1478872424451 lifecam22 2052.66699219 6280.06396484 3.72930932045
1478872424503 lifecam22 2046.64709473 6284.63134766 3.7202641964
1478872424582 lifecam22 2041.48449707 6290.11425781 3.71309113503
1478872424651 lifecam22 2037.10925293 6295.390625 3.71159696579
1478872424710 lifecam22 2032.80944824 6299.765625 3.7076189518
1478872424786 lifecam22 2029.41955566 6305.30517578 3.70856618881
1478872424847 lifecam22 2024.89904785 6310.38964844 3.70644235611
1478872424916 lifecam22 2020.37414551 6315.62695312 3.69940137863
1478872424981 lifecam22 2014.91101074 6320.60986328 3.6926445961
1478872425042 lifecam22 2012.44250488 6325.42529297 3.70371937752
1478872425243 lifecam22 2012.59606934 6324.79736328 3.70044922829
1478872425308 lifecam22 2013.70568848 6324.2265625 3.70378613472
1478872425377 lifecam22 2012.92736816 6324.640625 3.70090317726
1478872425447 lifecam22 2012.69299316 6324.79931641 3.69860124588
1478872425504 lifecam22 2013.67102051 6324.24169922 3.70477414131
1478872425646 lifecam22 2013.49133301 6324.18554688 3.70306491852
1478872425708 lifecam22 2013.84460449 6324.20507812 3.70462870598
1478872425785 lifecam22 2013.3314209 6324.31542969 3.70125961304
1478872425846 lifecam22 2013.8873291 6324.09179688 3.70573973656
1478872425917 lifecam22 2013.49133301 6324.18554688 3.70306491852
1478872426046 lifecam22 2013.5345459 6324.07177734 3.70417761803
1478872426114 lifecam22 2013.70666504 6324.44335938 3.70475482941
1478872426181 lifecam22 2013.32995605 6324.43652344 3.70052170753
1478872426248 lifecam22 2013.45275879 6324.10351562 3.70233941078
1478872426316 lifecam22 2013.68029785 6324.06298828 3.70393776894
1478872426449 lifecam22 2013.66687012 6324.14453125 3.70306158066
1478872426508 lifecam22 2013.58752441 6324.16503906 3.7036948204
