1478876258867 lifecam22 3190.78564453 5854.91503906 4.57347106934
1478876258931 lifecam22 3190.24145508 5855.02197266 4.57233810425
1478876259000 lifecam22 3190.4765625 5855.26513672 4.57645606995
1478876259067 lifecam22 3190.56323242 5854.96826172 4.5740146637
1478876259198 lifecam22 3190.15356445 5854.92919922 4.5716676712
1478876259266 lifecam22 3190.19921875 5855.18310547 4.57529211044
1478876259333 lifecam22 3189.98535156 5854.7890625 4.57150506973
1478876259401 lifecam22 3190.26269531 5854.87011719 4.57266235352
1478876259467 lifecam22 3190.4765625 5855.26513672 4.57645606995
1478876259598 lifecam22 3190.3527832 5855.19140625 4.57426071167
1478876259666 lifecam22 3190.3527832 5855.19140625 4.57426071167
1478876259734 lifecam22 3190.21044922 5854.70214844 4.57236766815
1478876259800 lifecam22 3190.4765625 5855.26513672 4.57645606995
1478876259860 lifecam22 3189.98535156 5854.7890625 4.57150506973
1478876260005 lifecam22 3190.84057617 5854.92724609 4.5703458786
1478876260060 lifecam22 3190.54443359 5855.12451172 4.56884098053
1478876260138 lifecam22 3190.80639648 5855.17675781 4.57461166382
1478876260203 lifecam22 3189.60327148 5855.41601562 4.57388591766
1478876260258 lifecam22 3190.47973633 5855.38525391 4.57893896103
1478876260408 lifecam22 3182.38085938 5858.76855469 4.59850502014
1478876260468 lifecam22 3173.89746094 5861.72216797 4.60758972168
1478876260537 lifecam22 3171.96166992 5860.69433594 4.61034107208
1478876260604 lifecam22 3164.65917969 5864.50634766 4.62724113464
1478876260672 lifecam22 3158.34106445 5863.44140625 4.62394094467
1478876260869 lifecam22 3144.51196289 5867.45166016 4.65643310547
1478876260938 lifecam22 3137.86523438 5867.92431641 4.66050386429
1478876261006 lifecam22 3131.64379883 5867.93164062 4.66374588013
1478876261071 lifecam22 3124.62109375 5868.05126953 4.66352701187
1478876261136 lifecam22 3117.68896484 5868.52246094 4.66409111023
1478876261334 lifecam22 3105.57861328 5874.00146484 4.70326375961
1478876261406 lifecam22 3098.69775391 5874.26806641 4.70694541931
1478876261469 lifecam22 3093.36206055 5875.78710938 4.7154417038
1478876261535 lifecam22 3086.7800293 5875.72998047 4.71390008926
1478876261598 lifecam22 3080.18017578 5875.57177734 4.71478223801
1478876261727 lifecam22 3067.84667969 5876.61083984 4.72673273087
1478876261808 lifecam22 3064.6940918 5878.2421875 4.74710273743
1478876261870 lifecam22 3059.15625 5878.17724609 4.75861358643
1478876261914 lifecam20 3352.10400391 4913.02392578 5.94494819641
1478876261941 lifecam22 3348.80371094 4913.0078125 5.94605922699
1478876262007 lifecam22 3345.44677734 4912.87402344 5.9460310936
1478876262135 lifecam22 3034.03955078 5878.42822266 4.76991796494
1478876262205 lifecam22 3029.02392578 5878.77441406 4.7821893692
1478876262272 lifecam22 3023.54858398 5879.43408203 4.79126548767
1478876262317 lifecam20 3334.32861328 4913.44091797 5.96105766296
1478876262338 lifecam22 3331.47998047 4912.35009766 5.96096801758
1478876262381 lifecam20 3331.25610352 4913.07568359 5.9635219574
1478876262403 lifecam22 3328.25927734 4913.55175781 5.96708488464
1478876262483 lifecam22 3325.20825195 4912.84863281 5.9661860466
1478876262537 lifecam22 3000.2512207 5879.33984375 4.81000089645
1478876262606 lifecam22 2995.46362305 5878.18847656 4.82219982147
1478876262665 lifecam22 2989.90551758 5879.03662109 4.8288807869
1478876262732 lifecam22 2983.65869141 5877.16503906 4.82656145096
1478876262780 lifecam20 3314.25195312 4912.98046875 5.97999191284
1478876262870 lifecam22 3308.52832031 4913.00292969 5.98520565033
1478876262940 lifecam22 2967.55908203 5877.56298828 4.85394430161
1478876263000 lifecam22 2960.31274414 5876.76123047 4.85513067245
1478876263072 lifecam22 2955.53686523 5876.42382812 4.86343240738
1478876263138 lifecam22 2948.95556641 5876.96875 4.86789989471
1478876263278 lifecam22 2938.03881836 5876.19287109 4.88742780685
1478876263342 lifecam22 2932.04467773 5876.24316406 4.89540052414
1478876263407 lifecam22 2926.64599609 5875.88818359 4.90411472321
1478876263474 lifecam22 2920.86621094 5875.63085938 4.91266489029
1478876263540 lifecam22 2915.07226562 5874.56396484 4.9125213623
1478876263674 lifecam22 2903.37768555 5872.54882812 4.92354011536
1478876263739 lifecam22 2898.05102539 5872.10742188 4.93289852142
1478876263807 lifecam22 2891.89013672 5870.54492188 4.93453645706
1478876263868 lifecam22 2886.34106445 5871.27685547 4.94750928879
1478876263941 lifecam22 2879.98339844 5869.52441406 4.95105314255
1478876264070 lifecam22 2868.84594727 5868.27294922 4.96645450592
1478876264143 lifecam22 2863.78540039 5867.09960938 4.96957874298
1478876264206 lifecam22 2857.51708984 5865.90332031 4.97490358353
1478876264251 lifecam20 3251.28466797 4906.88720703 6.05309343338
1478876264274 lifecam22 3248.50488281 4906.34228516 6.05632925034
1478876264343 lifecam22 3245.9765625 4905.87792969 6.06165361404
1478876264413 lifecam22 2841.52319336 5862.55517578 4.99435806274
1478876264539 lifecam22 2830.12573242 5858.87939453 4.99890565872
1478876264605 lifecam22 2825.05004883 5858.98486328 5.01320791245
1478876264667 lifecam22 2819.00268555 5857.20019531 5.01837682724
1478876264808 lifecam22 2807.39770508 5854.18066406 5.02663469315
1478876264870 lifecam22 2802.70605469 5856.00048828 5.05004692078
1478876264941 lifecam22 2796.71801758 5853.17578125 5.05155181885
1478876265010 lifecam22 2790.96728516 5852.37255859 5.05881738663
1478876265073 lifecam22 2786.24047852 5850.94384766 5.06276941299
1478876265209 lifecam22 2774.85717773 5849.34326172 5.08166456223
1478876265278 lifecam22 2769.22802734 5846.76513672 5.08408784866
1478876265334 lifecam22 2763.88476562 5844.96435547 5.08985280991
1478876265408 lifecam22 2757.74584961 5842.76074219 5.09732866287
1478876265475 lifecam22 2752.4597168 5841.14013672 5.10105657578
1478876265607 lifecam22 2741.68115234 5838.05029297 5.11771631241
1478876265676 lifecam22 2735.43041992 5836.16210938 5.12074422836
1478876265734 lifecam22 2729.79516602 5833.93945312 5.1274933815
1478876265812 lifecam22 2724.51538086 5832.98291016 5.13734579086
1478876265877 lifecam22 2719.26367188 5830.62695312 5.14245557785
1478876266005 lifecam22 2708.6887207 5825.86376953 5.15051698685
1478876266078 lifecam22 2703.2175293 5824.68994141 5.15899181366
1478876266143 lifecam22 2696.61279297 5821.13378906 5.16188573837
1478876266211 lifecam22 2692.91552734 5820.96435547 5.17667675018
1478876266279 lifecam22 2686.79711914 5819.27294922 5.1830201149
1478876266394 lifecam20 3165.80517578 4883.84033203 6.15862512589
1478876266403 lifecam22 3160.42236328 4881.68066406 6.16669893265
1478876266477 lifecam22 3158.17773438 4880.10693359 6.16740655899
1478876266540 lifecam22 3155.08740234 4879.86621094 6.17429685593
1478876266613 lifecam22 2660.22119141 5807.59814453 5.2202334404
1478876266682 lifecam22 2654.99853516 5805.84912109 5.22744178772
1478876266818 lifecam22 2645.3425293 5801.44335938 5.24287509918
1478876266861 lifecam20 3145.19726562 4874.65722656 6.18707895279
1478876266877 lifecam22 3142.06469727 4872.62841797 6.18792915344
1478876266944 lifecam22 3139.37402344 4872.06054688 6.19409227371
1478876267010 lifecam22 3136.78564453 4870.60888672 6.1948094368
1478876267078 lifecam22 2623.96508789 5790.21826172 5.26430368423
1478876267213 lifecam22 2613.22314453 5785.86230469 5.28339529037
1478876267276 lifecam22 2608.78515625 5783.82763672 5.28973484039
1478876267346 lifecam22 2603.12475586 5780.14746094 5.29183626175
1478876267411 lifecam22 2597.74829102 5778.22363281 5.3030166626
1478876267470 lifecam22 2592.82617188 5775.75390625 5.31171798706
1478876267685 lifecam22 2578.51367188 5766.77050781 5.32736825943
1478876267749 lifecam22 2572.90112305 5763.57373047 5.33312082291
1478876267818 lifecam22 2568.33422852 5759.70068359 5.33614253998
1478876267871 lifecam22 2563.91064453 5757.99316406 5.34879636765
1478876267944 lifecam22 2558.98925781 5753.35058594 5.35280799866
1478876268083 lifecam22 2549.75024414 5747.52246094 5.36580610275
1478876268122 lifecam20 3097.4296875 4847.48535156 6.24832773209
1478876268134 lifecam22 3094.99682617 4846.16992188 6.25034284592
1478876268213 lifecam22 3091.9597168 4843.46142578 6.24889659882
1478876268282 lifecam22 2534.96728516 5739.14941406 5.39040899277
1478876268348 lifecam22 2529.65820312 5734.94970703 5.39087867737
1478876268480 lifecam22 2520.3137207 5729.38427734 5.40489912033
1478876268548 lifecam22 2515.64892578 5725.17724609 5.41136455536
1478876268612 lifecam22 2510.73828125 5723.88183594 5.42553520203
1478876268689 lifecam22 2506.56494141 5719.39160156 5.42800569534
1478876268749 lifecam22 2500.37182617 5717.00146484 5.44126558304
1478876268886 lifecam22 2491.83154297 5710.91552734 5.46054029465
1478876268951 lifecam22 2488.8684082 5706.18945312 5.45283603668
1478876269015 lifecam22 2483.17382812 5701.83496094 5.45906305313
1478876269082 lifecam22 2478.92993164 5699.06933594 5.47126436234
1478876269148 lifecam22 2474.84179688 5694.67578125 5.46991682053
1478876269265 lifecam20 3059.94677734 4821.2734375 0.0174145866185
1478876269286 lifecam22 3055.04785156 4818.125 0.0274877734482
1478876269349 lifecam22 3052.58959961 4818.27246094 0.0420272611082
1478876269416 lifecam22 2455.68505859 5684.32177734 5.51867055893
1478876269482 lifecam22 2451.27636719 5679.20361328 5.51860809326
1478876269550 lifecam22 2446.5324707 5676.56152344 5.5325255394
1478876269680 lifecam22 2438.19506836 5667.89648438 5.54187393188
1478876269751 lifecam22 2435.91430664 5661.65087891 5.5374288559
1478876269817 lifecam22 2430.38891602 5658.70019531 5.54613494873
1478876269878 lifecam22 2427.0546875 5653.22802734 5.54698705673
1478876269948 lifecam22 2422.33496094 5650.90332031 5.56004238129
1478876270085 lifecam22 2413.56176758 5643.35693359 5.57794189453
1478876270149 lifecam22 2409.49462891 5638.26806641 5.5814909935
1478876270218 lifecam22 2405.38256836 5637.46777344 5.60236167908
1478876270263 lifecam20 3025.24560547 4792.45800781 0.0834203213453
1478876270284 lifecam22 3023.41870117 4789.08740234 0.0781419575214
1478876270350 lifecam22 3021.12792969 4787.36230469 0.0843320265412
1478876270486 lifecam22 2389.83105469 5620.19677734 5.62194728851
1478876270551 lifecam22 2384.890625 5614.98681641 5.62270879745
1478876270610 lifecam22 2381.54833984 5609.66992188 5.62566423416
1478876270679 lifecam22 2377.37841797 5606.66357422 5.64058303833
1478876270741 lifecam22 2374.28540039 5601.43359375 5.63956165314
1478876270892 lifecam22 2366.40161133 5594.328125 5.66324567795
1478876270957 lifecam22 2362.02001953 5589.50537109 5.66783475876
1478876271016 lifecam22 2357.86108398 5586.15087891 5.6781001091
1478876271064 lifecam20 3001.45654297 4767.01074219 0.121506229043
1478876271085 lifecam22 2999.59472656 4764.62939453 0.124483592808
1478876271152 lifecam22 2997.75097656 4762.27490234 0.123848475516
1478876271288 lifecam22 2343.22900391 5568.3046875 5.69983816147
1478876271349 lifecam22 2339.79052734 5564.05712891 5.70827817917
1478876271417 lifecam22 2336.05126953 5559.63378906 5.71781158447
1478876271487 lifecam22 2333.50683594 5553.49121094 5.71447324753
1478876271554 lifecam22 2329.71655273 5548.9765625 5.72058057785
1478876271682 lifecam22 2323.34204102 5539.34375 5.73147535324
1478876271745 lifecam22 2318.89648438 5535.34375 5.74521636963
1478876271826 lifecam22 2316.37524414 5530.61376953 5.74984264374
1478876271882 lifecam22 2312.1809082 5525.93310547 5.75497722626
1478876271951 lifecam22 2309.71484375 5520.30664062 5.7599158287
1478876272092 lifecam22 2303.21606445 5511.24462891 5.77641963959
1478876272154 lifecam22 2298.84985352 5506.35546875 5.78366327286
1478876272215 lifecam22 2295.06079102 5502.34667969 5.79721927643
1478876272286 lifecam22 2292.01025391 5498.73193359 5.80612945557
1478876272352 lifecam22 2289.18261719 5492.53466797 5.80556821823
1478876272488 lifecam22 2283.30029297 5482.35546875 5.81505346298
1478876272554 lifecam22 2281.2668457 5477.72070312 5.82239770889
1478876272599 lifecam20 2963.15942383 4712.79589844 0.19365504384
1478876272621 lifecam22 2961.08837891 4710.65429688 0.198320418596
1478876272693 lifecam22 2960.14233398 4707.44921875 0.198716193438
1478876272756 lifecam22 2270.83666992 5463.45068359 5.84726572037
1478876272889 lifecam22 2265.45092773 5452.91845703 5.8549656868
1478876272952 lifecam22 2266.75927734 5451.10400391 5.84759759903
1478876273017 lifecam22 2267.25952148 5452.01953125 5.84628772736
1478876273081 lifecam22 2266.72949219 5451.25048828 5.8474149704
1478876273156 lifecam22 2267.17285156 5451.15087891 5.84464168549
1478876273356 lifecam22 2267.07348633 5450.81103516 5.84156751633
1478876273416 lifecam22 2266.89013672 5451.36083984 5.84648752213
1478876273484 lifecam22 2267.140625 5450.93115234 5.84276533127
1478876273553 lifecam22 2267.07348633 5450.81103516 5.84156751633
1478876273627 lifecam22 2266.97363281 5450.81152344 5.84237623215
1478876273766 lifecam22 2267.140625 5450.93115234 5.84276533127
1478876273827 lifecam22 2267.00634766 5451.03076172 5.84424304962
1478876273889 lifecam22 2266.97363281 5450.81152344 5.84237623215
1478876273951 lifecam22 2267.00634766 5451.03076172 5.84424304962
1478876274022 lifecam22 2267.00634766 5451.03076172 5.84424304962
1478876274223 lifecam22 2266.97363281 5450.81152344 5.84237623215
1478876274290 lifecam22 2267.07348633 5450.81103516 5.84156751633
