1478876106765 lifecam22 3185.39794922 5860.61279297 4.59936141968
1478876106820 lifecam22 3185.44018555 5860.18017578 4.59663009644
1478876106893 lifecam22 3186.65917969 5860.52441406 4.60163593292
1478876107025 lifecam22 3186.41235352 5860.64501953 4.60229921341
1478876107097 lifecam22 3186.71850586 5860.35253906 4.60019397736
1478876107158 lifecam22 3185.8671875 5859.96142578 4.59527492523
1478876107228 lifecam22 3185.96166992 5860.36328125 4.59790897369
1478876107296 lifecam22 3186.46044922 5860.38769531 4.59879684448
1478876107371 lifecam22 3186.30932617 5860.35595703 4.59831285477
1478876107428 lifecam22 3186.19897461 5860.18896484 4.59667634964
1478876107496 lifecam22 3186.11645508 5860.39501953 4.5984005928
1478876107562 lifecam22 3186.18408203 5860.22949219 4.59701824188
1478876107621 lifecam22 3186.09716797 5859.71826172 4.5923500061
1478876107768 lifecam22 3186.67236328 5859.84521484 4.59425783157
1478876107835 lifecam22 3186.53466797 5859.68408203 4.59263706207
1478876107905 lifecam22 3187.17504883 5859.86083984 4.59508037567
1478876107964 lifecam22 3186.09155273 5859.69970703 4.59454488754
1478876108033 lifecam22 3187.45068359 5858.64404297 4.58456993103
1478876108167 lifecam22 3186.65698242 5859.70800781 4.59301328659
1478876108234 lifecam22 3186.98388672 5859.87109375 4.59491586685
1478876108299 lifecam22 3187.875 5859.88769531 4.59260463715
1478876108362 lifecam22 3187.78759766 5860.56445312 4.59982585907
1478876108431 lifecam22 3187.06689453 5860.62597656 4.59815359116
1478876108632 lifecam22 3189.7824707 5860.59326172 4.60487508774
1478876108703 lifecam22 3183.42163086 5861.46728516 4.61350440979
1478876108771 lifecam22 3177.29980469 5864.53515625 4.62428665161
1478876108834 lifecam22 3172.01928711 5863.97509766 4.62515878677
1478876109031 lifecam22 3153.60424805 5865.58203125 4.63574075699
1478876109095 lifecam22 3146.82080078 5866.07128906 4.63862895966
1478876109161 lifecam22 3143.71777344 5867.88964844 4.65630292892
1478876109236 lifecam22 3137.78833008 5869.20556641 4.66542434692
1478876109302 lifecam22 3133.72631836 5872.26123047 4.68747282028
1478876109435 lifecam22 3119.9621582 5872.47753906 4.68957185745
1478876109501 lifecam22 3113.2421875 5872.99560547 4.69206619263
1478876109567 lifecam22 3106.39306641 5873.00292969 4.69341373444
1478876109635 lifecam22 3104.18212891 5876.55224609 4.72108602524
1478876109706 lifecam22 3099.38500977 5877.6875 4.73160552979
1478876109900 lifecam22 3079.8371582 5877.828125 4.73676967621
1478876109967 lifecam22 3073.5065918 5877.3515625 4.73884963989
1478876110038 lifecam22 3069.03369141 5878.50683594 4.75978326797
1478876110102 lifecam22 3063.99169922 5879.078125 4.76734876633
1478876110166 lifecam22 3058.09155273 5879.23974609 4.76972341537
1478876110304 lifecam22 3046.2043457 5879.01464844 4.77322006226
1478876110369 lifecam22 3040.14697266 5879.30664062 4.77548980713
1478876110431 lifecam22 3034.89233398 5878.08691406 4.78475141525
1478876110502 lifecam22 3029.27685547 5879.11474609 4.79283428192
1478876110565 lifecam22 3024.48291016 5879.79248047 4.80269289017
1478876110701 lifecam22 3012.12768555 5878.18945312 4.79918861389
1478876110766 lifecam22 3006.1953125 5876.79443359 4.80914735794
1478876110840 lifecam22 3001.21240234 5878.41503906 4.82309532166
1478876110898 lifecam22 2994.96484375 5877.29638672 4.82400655746
1478876110965 lifecam22 2989.26831055 5878.24365234 4.83157396317
1478876111227 lifecam22 2965.9831543 5875.85107422 4.84991645813
1478876111305 lifecam22 2960.34448242 5876.25390625 4.86221265793
1478876111372 lifecam22 2954.89526367 5876.65039062 4.87505197525
1478876111502 lifecam22 2943.3449707 5875.25341797 4.88448667526
1478876111642 lifecam22 2931.01123047 5873.5703125 4.89608001709
1478876111703 lifecam22 2925.67138672 5874.296875 4.90683269501
1478876111773 lifecam22 2919.95385742 5872.19580078 4.90445041656
1478876111840 lifecam22 2915.546875 5874.015625 4.92644453049
1478876111898 lifecam22 2908.78027344 5871.84765625 4.9247751236
1478876112100 lifecam22 2891.38012695 5869.65673828 4.94749975204
1478876112173 lifecam22 2885.95629883 5868.75146484 4.95057535172
1478876112238 lifecam22 2880.21484375 5868.69580078 4.96186828613
1478876112305 lifecam22 2874.89501953 5867.34716797 4.96633052826
1478876112372 lifecam22 2870.140625 5866.91699219 4.97581720352
1478876112506 lifecam22 2857.9296875 5862.88232422 4.98049640656
1478876112572 lifecam22 2853.5690918 5863.38964844 4.99181747437
1478876112640 lifecam22 2847.41137695 5862.21533203 4.99755191803
1478876112707 lifecam22 2840.22241211 5860.12841797 4.99686574936
1478876112770 lifecam22 2836.08837891 5860.64892578 5.01221609116
1478876112973 lifecam22 2818.4375 5855.43212891 5.0259475708
1478876113041 lifecam22 2812.49853516 5854.34912109 5.02924633026
1478876113106 lifecam22 2807.36645508 5852.75390625 5.03795576096
1478876113174 lifecam22 2802.21777344 5852.74169922 5.04965782166
1478876113241 lifecam22 2795.99829102 5850.61425781 5.0529255867
1478876113377 lifecam22 2785.02539062 5847.60644531 5.06752634048
1478876113440 lifecam22 2779.95263672 5845.15625 5.06922864914
1478876113510 lifecam22 2774.12084961 5844.46630859 5.07731771469
1478876113567 lifecam22 2768.59521484 5842.81787109 5.08484983444
1478876113634 lifecam22 2762.8046875 5841.95947266 5.09379911423
1478876113845 lifecam22 2746.95532227 5836.53173828 5.11524772644
1478876113912 lifecam22 2741.10131836 5834.83349609 5.11988735199
1478876113971 lifecam22 2735.47167969 5832.32080078 5.12215852737
1478876114043 lifecam22 2730.6105957 5829.76269531 5.12613344193
1478876114107 lifecam22 2724.10229492 5829.3125 5.13909006119
1478876114251 lifecam22 2714.20727539 5826.32714844 5.15431308746
1478876114301 lifecam22 2709.9230957 5823.64648438 5.16038370132
1478876114440 lifecam22 2698.05712891 5819.59423828 5.16972160339
1478876114508 lifecam22 2692.10375977 5817.4453125 5.17845535278
1478876114574 lifecam22 2687.13476562 5816.58056641 5.18835687637
1478876114644 lifecam22 2681.44921875 5813.96142578 5.19535255432
1478876114709 lifecam22 2675.8684082 5811.33447266 5.19833850861
1478876114775 lifecam22 2669.97753906 5808.28955078 5.20139789581
1478876114843 lifecam22 2664.33666992 5806.31591797 5.20832204819
1478876114908 lifecam22 2660.48608398 5804.390625 5.2208533287
1478876115041 lifecam22 2648.90429688 5798.41064453 5.22566270828
1478876115112 lifecam22 2643.8815918 5797.49560547 5.23658847809
1478876115178 lifecam22 2639.33666992 5793.5859375 5.23977851868
1478876115243 lifecam22 2633.84228516 5792.33056641 5.25359392166
1478876115302 lifecam22 2628.14868164 5788.76513672 5.25462245941
1478876115438 lifecam22 2617.70263672 5784.72460938 5.27256250381
1478876115509 lifecam22 2612.49536133 5781.2109375 5.27776479721
1478876115576 lifecam22 2607.6940918 5779.43505859 5.28608036041
1478876115641 lifecam22 2603.36743164 5777.64648438 5.29592561722
1478876115704 lifecam22 2598.56054688 5774.80371094 5.30414819717
1478876115840 lifecam22 2588.20996094 5769.88476562 5.32042264938
1478876115912 lifecam22 2584.02294922 5764.25732422 5.31790828705
1478876115975 lifecam22 2577.61547852 5761.5703125 5.3234038353
1478876116044 lifecam22 2574.26586914 5759.17089844 5.33100605011
1478876116108 lifecam22 2568.45947266 5755.54736328 5.33439159393
1478876116244 lifecam22 2558.23754883 5749.95410156 5.34792757034
1478876116309 lifecam22 2553.13427734 5747.31054688 5.35758495331
1478876116378 lifecam22 2549.07983398 5744.02294922 5.36438322067
1478876116444 lifecam22 2544.2434082 5741.86572266 5.37219572067
1478876116507 lifecam22 2539.16943359 5738.64306641 5.37932538986
1478876116585 lifecam22 2534.35083008 5735.32861328 5.38603782654
1478876116648 lifecam22 2528.99023438 5732.01123047 5.39020347595
1478876116711 lifecam22 2524.16113281 5727.89306641 5.39313077927
1478876116780 lifecam22 2519.29638672 5726.07666016 5.40863180161
1478876116846 lifecam22 2515.17089844 5722.56103516 5.41396617889
1478876116905 lifecam22 2510.10913086 5719.51660156 5.4199552536
1478876117048 lifecam22 2501.26538086 5711.83691406 5.42555618286
1478876117109 lifecam22 2496.34423828 5707.80224609 5.43578720093
1478876117172 lifecam22 2491.07543945 5706.2421875 5.44833898544
1478876117245 lifecam22 2486.76611328 5702.67529297 5.46259212494
1478876117312 lifecam22 2482.54931641 5699.0078125 5.46295166016
1478876117385 lifecam22 2477.63574219 5695.12304688 5.46878004074
1478876117454 lifecam22 2473.55053711 5691.94921875 5.47783136368
1478876117515 lifecam22 2468.91162109 5686.5546875 5.4724521637
1478876117580 lifecam22 2465.32055664 5684.76416016 5.48914384842
1478876117643 lifecam22 2459.57202148 5680.02734375 5.49385261536
1478876117789 lifecam22 2452.02148438 5673.15722656 5.50832366943
1478876117848 lifecam22 2447.85888672 5669.71386719 5.51884555817
1478876117913 lifecam22 2443.51538086 5665.46679688 5.52083492279
1478876117979 lifecam22 2438.47607422 5661.20019531 5.52588939667
1478876118046 lifecam22 2434.57641602 5658.04101562 5.53178215027
1478876118187 lifecam22 2425.02050781 5650.98535156 5.54958868027
1478876118248 lifecam22 2421.89013672 5647.578125 5.55971479416
1478876118313 lifecam22 2417.10791016 5642.8984375 5.56465244293
1478876118380 lifecam22 2413.13842773 5641.18164062 5.5790271759
1478876118446 lifecam22 2408.87402344 5634.87695312 5.5748872757
1478876118510 lifecam22 2404.49853516 5633.10742188 5.59277153015
1478876118654 lifecam22 2396.88012695 5623.03662109 5.59642934799
1478876118707 lifecam22 2392.58325195 5618.53320312 5.60235357285
1478876118784 lifecam22 2388.73510742 5614.20458984 5.60640573502
1478876118850 lifecam22 2383.71484375 5610.92724609 5.61764431
1478876118916 lifecam22 2380.42431641 5605.79638672 5.62409591675
1478876119049 lifecam22 2372.14770508 5596.49707031 5.62990665436
1478876119110 lifecam22 2368.94873047 5594.14355469 5.64606332779
1478876119180 lifecam22 2365.52270508 5587.89794922 5.64578580856
1478876119247 lifecam22 2360.3059082 5584.7578125 5.65726709366
1478876119315 lifecam22 2357.89648438 5580.76318359 5.66349935532
1478876119452 lifecam22 2350.23388672 5571.61816406 5.67284107208
1478876119518 lifecam22 2346.68017578 5566.92675781 5.67961454391
1478876119580 lifecam22 2342.86499023 5563.7578125 5.69105243683
1478876119648 lifecam22 2340.38525391 5558.83740234 5.6969704628
1478876119711 lifecam22 2335.00170898 5554.64453125 5.70593738556
1478876119845 lifecam22 2328.42114258 5544.88134766 5.71580457687
1478876119916 lifecam22 2324.93286133 5540.02880859 5.71730899811
1478876119978 lifecam22 2321.31005859 5536.45410156 5.73288106918
1478876120048 lifecam22 2317.46728516 5531.71386719 5.7376666069
1478876120109 lifecam22 2314.44189453 5527.4296875 5.74749422073
1478876120249 lifecam22 2307.36816406 5518.36572266 5.75966453552
1478876120317 lifecam22 2303.77392578 5512.97900391 5.76760482788
1478876120385 lifecam22 2301.04150391 5508.31884766 5.77000188828
1478876120452 lifecam22 2297.47338867 5502.69189453 5.77376174927
1478876120509 lifecam22 2294.94091797 5497.54882812 5.77606534958
1478876120647 lifecam22 2287.48364258 5489.00390625 5.79850006104
1478876120720 lifecam22 2284.52587891 5483.48046875 5.80187320709
1478876120779 lifecam22 2281.56738281 5478.75683594 5.80803489685
1478876120850 lifecam22 2279.06811523 5473.84716797 5.81046962738
1478876120915 lifecam22 2275.29492188 5468.58398438 5.8190202713
1478876121051 lifecam22 2269.57568359 5459.48046875 5.83267354965
1478876121118 lifecam22 2267.63427734 5453.28466797 5.83587646484
1478876121187 lifecam22 2265.46582031 5448.01660156 5.83498954773
1478876121252 lifecam22 2268.01904297 5446.46923828 5.81904649734
1478876121320 lifecam22 2267.01733398 5447.36621094 5.82497739792
1478876121392 lifecam22 2267.56445312 5445.97412109 5.81786060333
1478876121448 lifecam22 2267.45996094 5446.55664062 5.8212018013
1478876121519 lifecam22 2267.64501953 5446.03369141 5.81748485565
1478876121585 lifecam22 2267.18603516 5446.19775391 5.82051038742
1478876121643 lifecam22 2267.64501953 5446.03369141 5.81748485565
1478876121852 lifecam22 2267.84057617 5446.00683594 5.81696605682
1478876121922 lifecam22 2267.67553711 5445.65820312 5.81561326981
1478876121987 lifecam22 2267.59521484 5445.59863281 5.81598758698
