1478875670413 lifecam22 3194.59667969 5860.69775391 4.60320234299
1478875670476 lifecam22 3194.33886719 5861.03466797 4.6033577919
1478875670681 lifecam22 3194.20678711 5861.06396484 4.60335874557
1478875670743 lifecam22 3194.49389648 5860.90478516 4.60356092453
1478875670814 lifecam22 3193.98388672 5861.01367188 4.60142421722
1478875670881 lifecam22 3194.5546875 5861.08398438 4.60396051407
1478875670949 lifecam22 3194.3996582 5861.21386719 4.60376024246
1478875671143 lifecam22 3194.46484375 5861.01025391 4.60448646545
1478875671221 lifecam22 3194.42919922 5861.10742188 4.60283136368
1478875671286 lifecam22 3194.83300781 5860.90283203 4.60395002365
1478875671353 lifecam22 3194.58544922 5860.56787109 4.60201263428
1478875671421 lifecam22 3194.5234375 5860.90625 4.60360813141
1478875671561 lifecam22 3194.83300781 5860.90283203 4.60395002365
1478875671615 lifecam22 3194.58544922 5860.56787109 4.60201263428
1478875671691 lifecam22 3194.51928711 5861.04248047 4.60226297379
1478875671751 lifecam22 3194.49389648 5860.90478516 4.60356092453
1478875671815 lifecam22 3195.27832031 5861.11132812 4.60384464264
1478875672086 lifecam22 3194.29638672 5860.62060547 4.60084056854
1478875672157 lifecam22 3194.58544922 5860.56787109 4.60201263428
1478875672219 lifecam22 3193.89819336 5860.55273438 4.60102462769
1478875672282 lifecam22 3192.97998047 5861.29882812 4.60004806519
1478875672347 lifecam22 3183.92431641 5862.66357422 4.6157450676
1478875672559 lifecam22 3166.14404297 5865.82128906 4.6322259903
1478875672618 lifecam22 3160.22436523 5866.578125 4.63625860214
1478875672683 lifecam22 3157.58935547 5868.63427734 4.65163373947
1478875672750 lifecam22 3152.07397461 5870.33642578 4.66786384583
1478875672817 lifecam22 3146.76953125 5872.296875 4.67778301239
1478875673021 lifecam22 3126.57958984 5871.90283203 4.68237352371
1478875673083 lifecam22 3119.06982422 5871.67529297 4.68247747421
1478875673149 lifecam22 3115.92724609 5873.8046875 4.70014667511
1478875673215 lifecam22 3112.27050781 5874.39697266 4.70800447464
1478875673288 lifecam22 3106.89013672 5877.06201172 4.7261133194
1478875673491 lifecam22 3086.98730469 5875.94677734 4.71705245972
1478875673553 lifecam22 3081.62109375 5876.65722656 4.72602367401
1478875673625 lifecam22 3076.84887695 5877.87890625 4.73964691162
1478875673687 lifecam22 3072.02124023 5879.01953125 4.75467157364
1478875673754 lifecam22 3065.98486328 5878.87890625 4.75790214539
1478875673967 lifecam22 3047.16601562 5878.25488281 4.76746797562
1478875674028 lifecam22 3041.90014648 5879.11279297 4.77867174149
1478875674093 lifecam22 3037.1796875 5879.71142578 4.7927236557
1478875674158 lifecam22 3031.59521484 5879.35107422 4.79838895798
1478875674216 lifecam22 3025.39013672 5879.47607422 4.80252742767
1478875674429 lifecam22 3008.49658203 5878.171875 4.82158994675
1478875674485 lifecam22 3001.66381836 5878.63525391 4.82450246811
1478875674553 lifecam22 2997.10742188 5878.55029297 4.83457279205
1478875674620 lifecam22 2991.74951172 5878.78222656 4.84031009674
1478875674693 lifecam22 2984.15917969 5877.03027344 4.83618688583
1478875674957 lifecam22 2962.26196289 5875.89111328 4.86398983002
1478875675023 lifecam22 2956.79541016 5876.48779297 4.87878036499
1478875675087 lifecam22 2951.30688477 5875.88769531 4.88562774658
1478875675151 lifecam22 2945.82373047 5875.92138672 4.89426803589
1478875675221 lifecam22 2938.96313477 5875.86523438 4.90014410019
1478875675429 lifecam22 2922.7512207 5873.69677734 4.91698646545
1478875675495 lifecam22 2916.15209961 5873.85693359 4.93191719055
1478875675559 lifecam22 2911.71044922 5873.05908203 4.93723058701
1478875675623 lifecam22 2905.0871582 5871.41015625 4.93536949158
1478875675697 lifecam22 2899.58227539 5870.79638672 4.94489622116
1478875675894 lifecam22 2882.52392578 5867.74804688 4.96243476868
1478875675959 lifecam22 2877.38671875 5867.39648438 4.97182035446
1478875676024 lifecam22 2870.74414062 5865.81298828 4.97447109222
1478875676090 lifecam22 2865.02954102 5864.96240234 4.9820933342
1478875676156 lifecam22 2859.86181641 5864.08789062 4.98976612091
1478875676364 lifecam22 2843.55908203 5860.86230469 5.01200199127
1478875676419 lifecam22 2837.65185547 5859.64355469 5.0163269043
1478875676487 lifecam22 2832.42651367 5856.94824219 5.01878213882
1478875676556 lifecam22 2826.31884766 5857.01660156 5.02998924255
1478875676624 lifecam22 2820.62695312 5853.48339844 5.02519464493
1478875676826 lifecam22 2804.41699219 5852.15673828 5.0571770668
1478875676895 lifecam22 2798.11816406 5850.05419922 5.06372213364
1478875676957 lifecam22 2792.71655273 5848.50292969 5.06780862808
1478875677032 lifecam22 2786.89501953 5846.25634766 5.07026386261
1478875677088 lifecam22 2782.33544922 5844.80517578 5.07908678055
1478875677240 lifecam22 2770.68579102 5843.21191406 5.09885501862
1478875677296 lifecam22 2765.39892578 5842.22900391 5.10773229599
1478875677360 lifecam22 2760.62744141 5840.17285156 5.11527013779
1478875677425 lifecam22 2754.55981445 5838.26953125 5.12057256699
1478875677493 lifecam22 2750.19433594 5837.91113281 5.13283205032
1478875677692 lifecam22 2733.08935547 5830.61035156 5.14148664474
1478875677761 lifecam22 2727.34936523 5828.78173828 5.15063381195
1478875677832 lifecam22 2721.73730469 5826.25097656 5.15579319
1478875677893 lifecam22 2716.43652344 5825.64257812 5.16843271255
1478875677962 lifecam22 2710.56469727 5821.65087891 5.16860246658
1478875678099 lifecam22 2699.94165039 5817.48388672 5.17695951462
1478875678163 lifecam22 2695.79345703 5816.64892578 5.18774080276
1478875678228 lifecam22 2688.94726562 5813.22705078 5.19236087799
1478875678294 lifecam22 2684.17675781 5811.27734375 5.1967124939
1478875678361 lifecam22 2679.09106445 5809.12890625 5.20759487152
1478875678571 lifecam22 2662.66259766 5801.73925781 5.22541856766
1478875678625 lifecam22 2656.9440918 5800.20996094 5.23253202438
1478875678696 lifecam22 2652.50024414 5798.14111328 5.24815511703
1478875678761 lifecam22 2646.1237793 5795.5703125 5.2516283989
1478875678831 lifecam22 2641.71606445 5791.84228516 5.25353956223
1478875678967 lifecam22 2631.26928711 5787.48144531 5.27152299881
1478875679029 lifecam22 2626.52709961 5785.64404297 5.28374385834
1478875679099 lifecam22 2621.50463867 5782.86083984 5.28695678711
1478875679161 lifecam22 2615.98901367 5779.11669922 5.28681612015
1478875679363 lifecam22 2601.64892578 5771.453125 5.30837488174
1478875679429 lifecam22 2595.80078125 5768.55908203 5.31795740128
1478875679497 lifecam22 2591.2434082 5766.41796875 5.32687282562
1478875679562 lifecam22 2585.61083984 5763.36035156 5.33193159103
1478875679629 lifecam22 2581.0703125 5760.33691406 5.33854627609
1478875679706 lifecam22 2576.39453125 5757.57275391 5.34352970123
1478875679761 lifecam22 2571.50878906 5754.17626953 5.34977388382
1478875679828 lifecam22 2565.92626953 5752.07958984 5.36209011078
1478875679897 lifecam22 2561.96191406 5748.10253906 5.36593818665
1478875679962 lifecam22 2556.92456055 5745.50634766 5.37082529068
1478875680167 lifecam22 2543.09228516 5733.92285156 5.3828458786
1478875680230 lifecam22 2538.32788086 5731.34716797 5.39288902283
1478875680297 lifecam22 2532.81982422 5728.23632812 5.40168619156
1478875680364 lifecam22 2528.20458984 5724.90576172 5.40879011154
1478875680428 lifecam22 2522.50317383 5721.15429688 5.40962314606
1478875680630 lifecam22 2509.31762695 5711.96875 5.43835687637
1478875680703 lifecam22 2503.95678711 5708.89501953 5.44935941696
1478875680761 lifecam22 2500.03417969 5704.33447266 5.44734048843
1478875680831 lifecam22 2495.25195312 5703.58056641 5.46674585342
1478875680898 lifecam22 2490.83056641 5698.22949219 5.46581506729
1478875681036 lifecam22 2481.87109375 5691.46533203 5.47655916214
1478875681101 lifecam22 2478.33325195 5687.83984375 5.48477220535
1478875681164 lifecam22 2473.24438477 5685.78759766 5.50071287155
1478875681233 lifecam22 2468.10522461 5681.9375 5.51059389114
1478875681297 lifecam22 2464.35986328 5678.59033203 5.51616382599
1478875681500 lifecam22 2450.5090332 5666.27929688 5.52816820145
1478875681572 lifecam22 2446.60693359 5662.84082031 5.53382968903
1478875681634 lifecam22 2442.38867188 5658.98388672 5.54296207428
1478875681706 lifecam22 2438.35717773 5656.12109375 5.55867385864
1478875681762 lifecam22 2435.06933594 5651.28613281 5.56047153473
1478875681902 lifecam22 2426.0065918 5642.453125 5.5659198761
1478875681967 lifecam22 2422.49023438 5637.44238281 5.57194948196
1478875682039 lifecam22 2417.85107422 5634.99560547 5.58212327957
1478875682102 lifecam22 2413.54956055 5629.77783203 5.58860874176
1478875682164 lifecam22 2408.86303711 5626.84765625 5.59915447235
1478875682366 lifecam22 2397.15356445 5614.25439453 5.61995792389
1478875682432 lifecam22 2393.66894531 5610.63476562 5.62688350677
1478875682502 lifecam22 2388.52099609 5606.70703125 5.63266944885
1478875682568 lifecam22 2385.25366211 5602.78710938 5.64358711243
1478875682629 lifecam22 2381.42041016 5597.56982422 5.64307785034
1478875682765 lifecam22 2374.59448242 5589.44042969 5.65956878662
1478875682842 lifecam22 2370.74804688 5583.46875 5.66068029404
1478875682904 lifecam22 2366.53271484 5579.18652344 5.66455030441
1478875682967 lifecam22 2363.13647461 5576.07958984 5.67659950256
1478875683039 lifecam22 2358.95361328 5571.50732422 5.68328285217
1478875683173 lifecam22 2351.37719727 5563.73046875 5.70093250275
1478875683238 lifecam22 2347.06713867 5558.16259766 5.70322322845
1478875683303 lifecam22 2344.35424805 5554.43652344 5.71538686752
1478875683369 lifecam22 2340.13085938 5549.02246094 5.71678495407
1478875683437 lifecam22 2337.12744141 5544.87597656 5.72156381607
1478875683574 lifecam22 2330.60595703 5534.61962891 5.73013114929
1478875683637 lifecam22 2327.46899414 5529.85791016 5.73862600327
1478875683696 lifecam22 2324.2277832 5524.54833984 5.73864746094
1478875683768 lifecam22 2321.33251953 5520.39160156 5.74926805496
1478875683837 lifecam22 2316.53979492 5516.71826172 5.76424026489
1478875683976 lifecam22 2309.78295898 5506.61621094 5.77214479446
1478875684040 lifecam22 2307.28442383 5501.37597656 5.77883386612
1478875684107 lifecam22 2303.53100586 5497.28466797 5.78762292862
1478875684172 lifecam22 2300.44165039 5491.74169922 5.79396152496
1478875684239 lifecam22 2297.2019043 5488.45361328 5.80702400208
1478875684370 lifecam22 2291.05053711 5477.81933594 5.81304454803
1478875684436 lifecam22 2288.09106445 5472.12158203 5.81561374664
1478875684503 lifecam22 2285.5925293 5468.39306641 5.82783412933
1478875684567 lifecam22 2282.23486328 5463.07666016 5.83385038376
1478875684634 lifecam22 2280.36474609 5456.55859375 5.83399820328
1478875684770 lifecam22 2272.90942383 5447.78662109 5.85801362991
1478875684835 lifecam22 2272.41479492 5442.97216797 5.85030889511
1478875684905 lifecam22 2273.15966797 5443.67724609 5.84579992294
1478875685032 lifecam22 2272.71899414 5444.17773438 5.85170316696
1478875685178 lifecam22 2272.67114258 5444.46386719 5.85438632965
1478875685240 lifecam22 2272.88037109 5443.82324219 5.85136890411
1478875685307 lifecam22 2272.85327148 5444.26416016 5.85337877274
1478875685375 lifecam22 2272.75341797 5444.11230469 5.85229110718
1478875685441 lifecam22 2272.74658203 5443.73681641 5.84968805313
1478875685580 lifecam22 2272.88037109 5443.82324219 5.85136890411
1478875685645 lifecam22 2272.69897461 5444.02392578 5.85237360001
1478875685702 lifecam22 2272.81445312 5444.09082031 5.85184812546
1478875685774 lifecam22 2272.50146484 5443.99169922 5.85144805908
1478875685843 lifecam22 2272.75341797 5444.11230469 5.85229110718
1478875686039 lifecam22 2272.69897461 5444.02392578 5.85237360001
1478875686112 lifecam22 2272.69897461 5444.02392578 5.85237360001
1478875686173 lifecam22 2273.10839844 5443.37207031 5.84869432449
1478875686239 lifecam22 2272.51074219 5444.60644531 5.85500144958
1478875686309 lifecam22 2272.68261719 5443.79150391 5.85044717789
