1478876681056 lifecam22 3190.98901367 5857.3671875 4.58176517487
1478876681122 lifecam22 3191.58544922 5857.41064453 4.58576822281
1478876681187 lifecam22 3191.36010742 5857.50097656 4.58484792709
1478876681318 lifecam22 3190.98901367 5857.3671875 4.58176517487
1478876681378 lifecam22 3191.05615234 5857.03808594 4.58146095276
1478876681451 lifecam22 3191.27099609 5857.05810547 4.58203125
1478876681515 lifecam22 3191.54345703 5857.37011719 4.58534669876
1478876681587 lifecam22 3190.98901367 5857.3671875 4.58176517487
1478876681728 lifecam22 3191.29101562 5857.08007812 4.58218717575
1478876681796 lifecam22 3191.27099609 5857.05810547 4.58203125
1478876681855 lifecam22 3191.4934082 5857.22363281 4.58143663406
1478876681917 lifecam22 3191.78662109 5857.27490234 4.58511590958
1478876681984 lifecam22 3191.93261719 5856.29101562 4.57702684402
1478876682129 lifecam22 3188.27880859 5855.87695312 4.57060337067
1478876682193 lifecam22 3190.98242188 5856.95214844 4.58057880402
1478876682258 lifecam22 3189.53833008 5856.32080078 4.57529258728
1478876682327 lifecam22 3190.60302734 5856.39892578 4.57893753052
1478876682381 lifecam22 3179.97094727 5856.43896484 4.57258796692
1478876682592 lifecam22 3163.30273438 5862.34814453 4.60506820679
1478876682652 lifecam22 3156.65820312 5861.72314453 4.6037273407
1478876682727 lifecam22 3152.36962891 5863.25 4.60686397552
1478876682855 lifecam22 3140.91943359 5864.97753906 4.62315559387
1478876682932 lifecam22 3134.32788086 5864.91894531 4.62684822083
1478876682986 lifecam22 3128.81103516 5866.88769531 4.634329319
1478876683055 lifecam22 3122.96166992 5866.53027344 4.63616657257
1478876683126 lifecam22 3116.25512695 5867.70605469 4.64074897766
1478876683192 lifecam22 3110.57080078 5867.99609375 4.64074373245
1478876683334 lifecam22 3101.34912109 5871.28271484 4.66644334793
1478876683391 lifecam22 3098.11645508 5872.890625 4.68682670593
1478876683453 lifecam22 3091.45336914 5875.31982422 4.70013284683
1478876683526 lifecam22 3084.84448242 5873.27587891 4.6931438446
1478876683593 lifecam22 3079.02026367 5875.15820312 4.70043611526
1478876683795 lifecam22 3060.88452148 5876.33837891 4.71861124039
1478876683860 lifecam22 3057.33740234 5877.63330078 4.73236560822
1478876683920 lifecam22 3051.22558594 5877.79833984 4.73396873474
1478876683991 lifecam22 3044.18823242 5877.9140625 4.73749828339
1478876684059 lifecam22 3037.92822266 5877.99902344 4.73954772949
1478876684196 lifecam22 3027.28466797 5879.27929688 4.75856351852
1478876684260 lifecam22 3022.63598633 5879.49121094 4.77082872391
1478876684327 lifecam22 3016.4296875 5880.26757812 4.77620220184
1478876684392 lifecam22 3010.27563477 5879.96533203 4.77953243256
1478876684460 lifecam22 3005.00683594 5879.91357422 4.78093290329
1478876684596 lifecam22 2992.33374023 5877.77392578 4.78703689575
1478876684664 lifecam22 2986.5246582 5880.02197266 4.80042028427
1478876684732 lifecam22 2981.96240234 5878.53076172 4.80385494232
1478876684799 lifecam22 2975.90600586 5879.14892578 4.80884027481
1478876684861 lifecam22 2970.8059082 5878.6015625 4.82237815857
1478876685059 lifecam22 2953.52441406 5879.07714844 4.83844661713
1478876685124 lifecam22 2947.72338867 5879.06933594 4.85003089905
1478876685185 lifecam22 2941.9609375 5879.02880859 4.85958433151
1478876685255 lifecam22 2935.41430664 5879.06396484 4.86458063126
1478876685328 lifecam22 2930.13623047 5877.84130859 4.86678171158
1478876685458 lifecam22 2919.18432617 5877.21728516 4.88715934753
1478876685529 lifecam22 2913.14111328 5876.83007812 4.88887786865
1478876685593 lifecam22 2907.07617188 5876.32763672 4.89531850815
1478876685670 lifecam22 2901.85571289 5876.69433594 4.90385150909
1478876685800 lifecam22 2890.68115234 5874.85058594 4.91544771194
1478876685863 lifecam22 2883.98852539 5873.38037109 4.91319417953
1478876685929 lifecam22 2877.68261719 5873.12451172 4.92595338821
1478876685996 lifecam22 2872.83691406 5872.47998047 4.93268966675
1478876686061 lifecam22 2867.58666992 5872.49462891 4.94168615341
1478876686258 lifecam22 2850.22875977 5867.99511719 4.94811916351
1478876686328 lifecam22 2844.35864258 5867.79443359 4.95881462097
1478876686395 lifecam22 2838.66748047 5867.77099609 4.97096824646
1478876686462 lifecam22 2833.98291016 5865.72167969 4.97083091736
1478876686531 lifecam22 2827.35888672 5864.828125 4.97863197327
1478876686606 lifecam22 2822.44238281 5863.36621094 4.97938346863
1478876686663 lifecam22 2816.34204102 5862.38134766 4.98923492432
1478876686733 lifecam22 2809.72485352 5861.234375 4.99467515945
1478876686795 lifecam22 2805.09375 5859.03027344 5.00012874603
1478876686860 lifecam22 2799.57714844 5860.80078125 5.01924657822
1478876687062 lifecam22 2782.89599609 5855.86230469 5.03354167938
1478876687130 lifecam22 2777.64355469 5856.28271484 5.04765987396
1478876687194 lifecam22 2771.93359375 5853.69580078 5.05013227463
1478876687262 lifecam22 2765.55200195 5852.90917969 5.05738544464
1478876687330 lifecam22 2760.55566406 5851.20410156 5.06584501266
1478876687474 lifecam22 2749.92871094 5848.82226562 5.07923984528
1478876687527 lifecam22 2743.95385742 5845.81054688 5.08167648315
1478876687591 lifecam22 2738.47607422 5844.90966797 5.08982276917
1478876687670 lifecam22 2734.10546875 5843.0703125 5.09752511978
1478876687730 lifecam22 2727.44091797 5841.88427734 5.10355758667
1478876687937 lifecam22 2711.31079102 5838.58154297 5.13347911835
1478876687996 lifecam22 2705.42407227 5834.33837891 5.12412309647
1478876688064 lifecam22 2699.88916016 5834.69824219 5.1437959671
1478876688136 lifecam22 2694.61083984 5832.15722656 5.14950847626
1478876688196 lifecam22 2689.51171875 5829.81005859 5.15004110336
1478876688332 lifecam22 2678.22583008 5823.84570312 5.15155982971
1478876688400 lifecam22 2671.47143555 5822.14941406 5.16437005997
1478876688468 lifecam22 2668.07177734 5820.44287109 5.17337369919
1478876688534 lifecam22 2660.78393555 5816.90576172 5.16915369034
1478876688600 lifecam22 2656.33447266 5815.03125 5.1814866066
1478876688735 lifecam22 2646.25268555 5812.44628906 5.20518875122
1478876688799 lifecam22 2640.43286133 5810.45654297 5.21446323395
1478876688867 lifecam22 2634.78100586 5806.93945312 5.21446228027
1478876688932 lifecam22 2629.77832031 5806.19970703 5.22489213943
1478876689001 lifecam22 2624.35913086 5803.22021484 5.23515605927
1478876689141 lifecam22 2613.34399414 5798.08789062 5.24564552307
1478876689200 lifecam22 2609.22583008 5796.44091797 5.25291919708
1478876689257 lifecam22 2603.55957031 5793.03417969 5.25950622559
1478876689325 lifecam22 2598.30712891 5790.18017578 5.2615442276
1478876689403 lifecam22 2593.60620117 5786.90576172 5.26616382599
1478876689538 lifecam22 2583.77734375 5783.59667969 5.2864947319
1478876689602 lifecam22 2577.65209961 5779.91845703 5.29186439514
1478876689661 lifecam22 2573.04174805 5777.59326172 5.2963180542
1478876689737 lifecam22 2568.92871094 5776.08544922 5.30943202972
1478876689804 lifecam22 2562.04931641 5771.64453125 5.30847835541
1478876689996 lifecam22 2548.21728516 5763.3671875 5.32667970657
1478876690064 lifecam22 2543.60058594 5760.13378906 5.33432435989
1478876690137 lifecam22 2538.26245117 5757.93457031 5.34344434738
1478876690202 lifecam22 2533.89208984 5752.65136719 5.34063768387
1478876690268 lifecam22 2528.90185547 5752.21337891 5.35785198212
1478876690403 lifecam22 2518.34008789 5744.28076172 5.36254024506
1478876690471 lifecam22 2513.50341797 5741.6328125 5.37318277359
1478876690538 lifecam22 2509.25341797 5739.3203125 5.38472270966
1478876690602 lifecam22 2503.82373047 5735.05664062 5.38492250443
1478876690676 lifecam22 2499.50683594 5732.12646484 5.39406871796
1478876690799 lifecam22 2489.47290039 5725.68994141 5.40995597839
1478876690870 lifecam22 2484.95751953 5722.50830078 5.4159860611
1478876690934 lifecam22 2480.82592773 5719.47216797 5.42435407639
1478876691003 lifecam22 2475.83251953 5716.07275391 5.4267282486
1478876691069 lifecam22 2471.88916016 5711.03564453 5.42651414871
1478876691211 lifecam22 2462.00073242 5705.31542969 5.44699144363
1478876691261 lifecam22 2457.60229492 5703.73535156 5.46594333649
1478876691337 lifecam22 2452.11352539 5698.98974609 5.46843862534
1478876691405 lifecam22 2448.78808594 5695.66894531 5.47582244873
1478876691464 lifecam22 2443.58227539 5692.59521484 5.47941160202
1478876691611 lifecam22 2434.30859375 5686.41845703 5.50015497208
1478876691667 lifecam22 2429.95605469 5683.13769531 5.50542831421
1478876691738 lifecam22 2425.95581055 5679.44726562 5.51538991928
1478876691806 lifecam22 2422.0144043 5672.60205078 5.50712680817
1478876691874 lifecam22 2418.14306641 5669.07714844 5.51314258575
1478876692008 lifecam22 2410.20727539 5661.69140625 5.52617454529
1478876692070 lifecam22 2406.10083008 5658.12792969 5.53437137604
1478876692204 lifecam22 2395.5949707 5651.36474609 5.55351257324
1478876692272 lifecam22 2391.58886719 5646.90283203 5.55890846252
1478876692346 lifecam22 2387.44140625 5643.9453125 5.56601715088
1478876692408 lifecam22 2383.74047852 5639.60058594 5.57777833939
1478876692539 lifecam22 2375.06665039 5630.92431641 5.58768558502
1478876692606 lifecam22 2370.49145508 5627.67919922 5.5993180275
1478876692678 lifecam22 2366.91040039 5624.12548828 5.61042976379
1478876692745 lifecam22 2363.45654297 5619.55029297 5.61101293564
1478876692805 lifecam22 2359.30322266 5614.91015625 5.61176729202
1478876692876 lifecam22 2355.78808594 5611.72070312 5.6233754158
1478876692943 lifecam22 2351.29174805 5606.40673828 5.62494659424
1478876693000 lifecam22 2347.61474609 5602.8359375 5.63719081879
1478876693208 lifecam22 2334.79199219 5590.703125 5.66463756561
1478876693265 lifecam22 2332.34375 5584.21044922 5.65513134003
1478876693333 lifecam22 2328.72558594 5580.68945312 5.66883134842
1478876693409 lifecam22 2324.47705078 5577.80664062 5.68072128296
1478876693467 lifecam22 2321.05053711 5572.59863281 5.68735551834
1478876693541 lifecam22 2317.25219727 5568.27587891 5.69219112396
1478876693607 lifecam22 2314.07128906 5563.03710938 5.69095897675
1478876693680 lifecam22 2310.0559082 5559.24902344 5.70671653748
1478876693743 lifecam22 2306.95214844 5555.05810547 5.70993709564
1478876693809 lifecam22 2303.33789062 5550.76220703 5.71900749207
1478876694007 lifecam22 2292.29541016 5536.94726562 5.74046421051
1478876694077 lifecam22 2289.08081055 5531.328125 5.73748540878
1478876694138 lifecam22 2285.61132812 5526.59228516 5.74948263168
1478876694209 lifecam22 2282.41259766 5522.40380859 5.7586555481
1478876694276 lifecam22 2278.89599609 5518.11035156 5.76477479935
1478876694415 lifecam22 2272.30395508 5507.41748047 5.76907539368
1478876694475 lifecam22 2269.46704102 5501.84033203 5.77539587021
1478876694542 lifecam22 2266.63549805 5497.62255859 5.78221511841
1478876694608 lifecam22 2262.82348633 5492.49707031 5.79282951355
1478876694681 lifecam22 2260.39599609 5488.24560547 5.79918909073
1478876694812 lifecam22 2253.36889648 5478.16113281 5.81036996841
1478876694869 lifecam22 2250.21826172 5473.74804688 5.81503534317
1478876694942 lifecam22 2253.859375 5469.09716797 5.79201221466
1478876695011 lifecam22 2252.70922852 5470.83300781 5.79629898071
1478876695077 lifecam22 2253.13867188 5470.04052734 5.79347896576
1478876695219 lifecam22 2252.80029297 5470.27490234 5.79476881027
1478876695279 lifecam22 2253.02954102 5470.10400391 5.79571008682
1478876695340 lifecam22 2253.12841797 5470.09521484 5.79489374161
1478876695412 lifecam22 2253.16748047 5470.29541016 5.79549407959
1478876695470 lifecam22 2252.87451172 5470.59716797 5.79673528671
1478876695619 lifecam22 2253.0234375 5470.07470703 5.79433059692
