1478876648137 lifecam22 3188.12646484 5858.38671875 4.58432626724
1478876648206 lifecam22 3188.01586914 5858.18310547 4.58232784271
1478876648270 lifecam22 3188.01586914 5858.18310547 4.58232784271
1478876648336 lifecam22 3188.12646484 5858.38671875 4.58432626724
1478876648409 lifecam22 3187.74853516 5858.24267578 4.58248710632
1478876648476 lifecam22 3188.12646484 5858.38671875 4.58432626724
1478876648539 lifecam22 3188.23461914 5858.25488281 4.58457517624
1478876648594 lifecam22 3188.09082031 5857.9921875 4.5807094574
1478876648663 lifecam22 3188.29638672 5858.02050781 4.58125305176
1478876648875 lifecam22 3188.12646484 5858.38671875 4.58432626724
1478876648941 lifecam22 3188.22143555 5858.2109375 4.58287239075
1478876649003 lifecam22 3188.22143555 5858.2109375 4.58287239075
1478876649069 lifecam22 3188.13647461 5858.02685547 4.58108568192
1478876649139 lifecam22 3188.00683594 5857.80810547 4.5801486969
1478876649269 lifecam22 3187.19677734 5858.08300781 4.58026361465
1478876649336 lifecam22 3188.12646484 5858.38671875 4.58432626724
1478876649408 lifecam22 3187.66259766 5858.88037109 4.58572244644
1478876649471 lifecam22 3189.87084961 5859.03076172 4.58761072159
1478876649539 lifecam22 3190.76586914 5859.42285156 4.58720827103
1478876649679 lifecam22 3188.05615234 5858.08154297 4.58398580551
1478876649733 lifecam22 3188.07470703 5858.09619141 4.58292341232
1478876649813 lifecam22 3187.515625 5857.81787109 4.57831192017
1478876649876 lifecam22 3179.84790039 5857.96386719 4.57858562469
1478876649942 lifecam22 3171.26782227 5858.24267578 4.58262777328
1478876650075 lifecam22 3161.68188477 5860.52148438 4.59319782257
1478876650137 lifecam22 3156.34570312 5862.62548828 4.60239219666
1478876650207 lifecam22 3151.23681641 5863.17773438 4.60478115082
1478876650273 lifecam22 3144.8527832 5865.16699219 4.61381912231
1478876650337 lifecam22 3140.08740234 5866.890625 4.62442588806
1478876650411 lifecam22 3134.17114258 5868.30078125 4.63208723068
1478876650476 lifecam22 3128.79223633 5869.1328125 4.64227294922
1478876650538 lifecam22 3123.13989258 5871.13378906 4.6501789093
1478876650606 lifecam22 3116.8503418 5871.20117188 4.65221738815
1478876650670 lifecam22 3109.5871582 5871.70166016 4.65449857712
1478876650811 lifecam22 3098.015625 5870.48632812 4.64772748947
1478876650879 lifecam22 3094.67626953 5873.16796875 4.66621255875
1478876650943 lifecam22 3088.72924805 5871.93457031 4.66709184647
1478876651007 lifecam22 3084.14306641 5874.88964844 4.68230676651
1478876651075 lifecam22 3077.75292969 5874.625 4.69234371185
1478876651205 lifecam22 3064.8762207 5875.1640625 4.69773578644
1478876651272 lifecam22 3058.73144531 5875.66357422 4.70242166519
1478876651342 lifecam22 3053.11376953 5876.28320312 4.7108798027
1478876651409 lifecam22 3049.78295898 5877.95703125 4.72763967514
1478876651475 lifecam22 3043.11474609 5877.51660156 4.73003530502
1478876651612 lifecam22 3031.1418457 5879.02490234 4.74371004105
1478876651681 lifecam22 3025.1496582 5878.56835938 4.74601650238
1478876651736 lifecam22 3019.45117188 5879.79785156 4.75459909439
1478876651804 lifecam22 3015.90698242 5879.97460938 4.76977872849
1478876651876 lifecam22 3010.11303711 5880.85253906 4.77867412567
1478876652005 lifecam22 2998.07275391 5880.89550781 4.78965568542
1478876652077 lifecam22 2992.52270508 5881.50976562 4.79694890976
1478876652143 lifecam22 2986.10986328 5881.64208984 4.80237674713
1478876652213 lifecam22 2980.72265625 5882.27197266 4.80984449387
1478876652277 lifecam22 2974.90478516 5881.54394531 4.81575107574
1478876652348 lifecam22 2969.73193359 5881.87939453 4.82150650024
1478876652412 lifecam22 2963.99169922 5882.02392578 4.83567285538
1478876652476 lifecam22 2958.84936523 5881.45996094 4.83735561371
1478876652537 lifecam22 2953.09350586 5881.50732422 4.8443107605
1478876652603 lifecam22 2947.61889648 5881.41357422 4.84856653214
1478876652811 lifecam22 2928.81030273 5879.09667969 4.86318778992
1478876652879 lifecam22 2922.58447266 5878.67919922 4.86506605148
1478876652947 lifecam22 2916.91577148 5878.81884766 4.87328386307
1478876653010 lifecam22 2911.06884766 5877.78076172 4.88383436203
1478876653077 lifecam22 2906.29736328 5878.61230469 4.89487838745
1478876653157 lifecam22 2899.76000977 5875.58105469 4.88965654373
1478876653209 lifecam22 2894.85351562 5877.20703125 4.90722084045
1478876653278 lifecam22 2888.99487305 5876.43066406 4.91536331177
1478876653409 lifecam22 2877.52807617 5875.37792969 4.92764234543
1478876653479 lifecam22 2871.40234375 5874.35400391 4.93329000473
1478876653551 lifecam22 2866.90039062 5874.08154297 4.94064092636
1478876653614 lifecam22 2861.12109375 5872.78564453 4.94334983826
1478876653683 lifecam22 2855.56494141 5872.82275391 4.95346879959
1478876653748 lifecam22 2850.10839844 5871.09863281 4.95788860321
1478876653814 lifecam22 2843.46020508 5870.3359375 4.96453857422
1478876653946 lifecam22 2832.10083008 5869.37744141 4.98240661621
1478876654010 lifecam22 2827.53417969 5867.75195312 4.98466682434
1478876654079 lifecam22 2822.64111328 5867.96386719 4.99931383133
1478876654147 lifecam22 2815.9765625 5866.38525391 5.00004720688
1478876654212 lifecam22 2809.82226562 5864.01953125 5.00409030914
1478876654349 lifecam22 2799.43701172 5861.46923828 5.01542282104
1478876654411 lifecam22 2792.96411133 5860.77392578 5.01939249039
1478876654480 lifecam22 2787.51831055 5859.75732422 5.02730035782
1478876654547 lifecam22 2782.55029297 5858.49853516 5.03478956223
1478876654612 lifecam22 2776.07666016 5856.71191406 5.04235935211
1478876654741 lifecam22 2764.30322266 5854.07080078 5.05479717255
1478876654811 lifecam22 2759.53759766 5852.43603516 5.05688333511
1478876654881 lifecam22 2754.09423828 5851.60351562 5.0702252388
1478876654944 lifecam22 2748.68945312 5849.01953125 5.06839752197
1478876655012 lifecam22 2743.49682617 5849.0703125 5.08562088013
1478876655150 lifecam22 2732.23974609 5846.79101562 5.10220861435
1478876655217 lifecam22 2726.89453125 5843.05810547 5.1044960022
1478876655281 lifecam22 2720.75366211 5841.90527344 5.1102809906
1478876655343 lifecam22 2715.16113281 5839.79541016 5.11559581757
1478876655554 lifecam22 2699.02392578 5835.56591797 5.14036846161
1478876655604 lifecam22 2694.04467773 5834.33056641 5.14816761017
1478876655676 lifecam22 2687.80957031 5832.08496094 5.15080976486
1478876655749 lifecam22 2681.60498047 5829.91162109 5.15901517868
1478876655817 lifecam22 2677.44970703 5827.45166016 5.16544961929
1478876655948 lifecam22 2667.49511719 5823.42333984 5.18261957169
1478876656011 lifecam22 2661.08496094 5821.93798828 5.19000482559
1478876656080 lifecam22 2656.27026367 5818.57128906 5.19061994553
1478876656143 lifecam22 2650.85229492 5817.85888672 5.20287561417
1478876656215 lifecam22 2645.66113281 5813.45800781 5.20016479492
1478876656289 lifecam22 2639.79931641 5812.01464844 5.21042823792
1478876656356 lifecam22 2635.17016602 5809.94824219 5.21658611298
1478876656415 lifecam22 2628.82348633 5807.84521484 5.22701072693
1478876656482 lifecam22 2624.26049805 5805.93310547 5.23256444931
1478876656551 lifecam22 2618.31347656 5802.19580078 5.23648738861
1478876656686 lifecam22 2608.00341797 5797.33886719 5.24855470657
1478876656755 lifecam22 2603.19726562 5795.74462891 5.26027727127
1478876656815 lifecam22 2597.26074219 5793.01904297 5.26744604111
1478876656884 lifecam22 2592.91210938 5790.07128906 5.27101898193
1478876656954 lifecam22 2587.49633789 5787.56787109 5.27735567093
1478876657082 lifecam22 2577.13916016 5780.09033203 5.27758598328
1478876657150 lifecam22 2573.19506836 5777.94140625 5.29376220703
1478876657211 lifecam22 2567.12182617 5775.74169922 5.2997841835
1478876657283 lifecam22 2562.07495117 5773.27197266 5.31338167191
1478876657352 lifecam22 2557.64086914 5771.72998047 5.32011270523
1478876657549 lifecam22 2542.39379883 5762.29736328 5.33678865433
1478876657616 lifecam22 2538.28369141 5760.29443359 5.349609375
1478876657692 lifecam22 2532.26708984 5756.47802734 5.35168600082
1478876657754 lifecam22 2528.3894043 5753.45703125 5.35990142822
1478876657883 lifecam22 2518.16625977 5746.82421875 5.36881637573
1478876657949 lifecam22 2514.30615234 5744.19482422 5.37681245804
1478876658017 lifecam22 2508.57470703 5740.55566406 5.38134336472
1478876658086 lifecam22 2503.95800781 5737.41699219 5.38771486282
1478876658152 lifecam22 2499.25537109 5735.38671875 5.39872741699
1478876658224 lifecam22 2494.21289062 5731.93212891 5.40711545944
1478876658289 lifecam22 2489.17456055 5727.9375 5.40935087204
1478876658354 lifecam22 2484.9519043 5725.05273438 5.41500759125
1478876658421 lifecam22 2479.93359375 5722.27148438 5.42461967468
1478876658485 lifecam22 2475.30126953 5719.72802734 5.4400601387
1478876658689 lifecam22 2461.56542969 5708.30957031 5.45165538788
1478876658757 lifecam22 2456.70654297 5704.14453125 5.45582818985
1478876658823 lifecam22 2453.63989258 5700.515625 5.45895051956
1478876658891 lifecam22 2447.83911133 5695.94335938 5.46305370331
1478876658954 lifecam22 2443.40405273 5693.16210938 5.47585725784
1478876659090 lifecam22 2433.90209961 5690.43505859 5.51679515839
1478876659156 lifecam22 2429.99926758 5686.35644531 5.51709842682
1478876659222 lifecam22 2424.8359375 5681.77636719 5.5216550827
1478876659288 lifecam22 2420.8671875 5678.68701172 5.52625179291
1478876659352 lifecam22 2416.34326172 5672.72021484 5.52528142929
1478876659491 lifecam22 2409.11791992 5665.70410156 5.54227352142
1478876659558 lifecam22 2404.28710938 5662.75439453 5.5528717041
1478876659621 lifecam22 2400.70605469 5657.8515625 5.55525016785
1478876659693 lifecam22 2396.62329102 5651.76123047 5.54912900925
1478876659757 lifecam22 2391.71606445 5648.98828125 5.56312084198
1478876659821 lifecam22 2387.98583984 5645.14648438 5.5682554245
1478876659892 lifecam22 2383.60058594 5642.88623047 5.58438301086
1478876659958 lifecam22 2378.91992188 5638.31103516 5.59216976166
1478876660022 lifecam22 2374.96655273 5636.05664062 5.60546302795
1478876660080 lifecam22 2370.52539062 5632.72949219 5.61217880249
1478876660293 lifecam22 2358.48071289 5620.00732422 5.63400411606
1478876660357 lifecam22 2354.10083008 5614.79736328 5.63375425339
1478876660422 lifecam22 2350.43359375 5609.59716797 5.63542747498
1478876660488 lifecam22 2347.4609375 5606.34179688 5.64489364624
1478876660557 lifecam22 2343.36083984 5599.70117188 5.64282417297
1478876660688 lifecam22 2336.27172852 5590.61181641 5.65505361557
1478876660760 lifecam22 2332.25341797 5587.79003906 5.66406488419
1478876660823 lifecam22 2327.79614258 5582.74755859 5.67340183258
1478876660890 lifecam22 2324.20288086 5578.55273438 5.67782783508
1478876660955 lifecam22 2319.47485352 5574.2109375 5.68719530106
1478876661033 lifecam22 2317.54614258 5569.2578125 5.69047164917
1478876661093 lifecam22 2312.64086914 5564.85546875 5.69791078568
1478876661158 lifecam22 2309.75756836 5560.80078125 5.71294307709
1478876661224 lifecam22 2305.93505859 5557.32568359 5.71882820129
1478876661292 lifecam22 2302.50805664 5552.54492188 5.72484064102
1478876661429 lifecam22 2296.50805664 5541.46679688 5.72639989853
1478876661492 lifecam22 2293.28735352 5538.05419922 5.73954963684
1478876661556 lifecam22 2289.49755859 5532.16162109 5.73965024948
1478876661623 lifecam22 2285.88623047 5528.98242188 5.75581693649
1478876661689 lifecam22 2282.54467773 5523.72705078 5.75894165039
1478876661820 lifecam22 2275.77319336 5515.71777344 5.77673006058
1478876661892 lifecam22 2272.27514648 5509.46923828 5.77883338928
1478876661963 lifecam22 2268.76806641 5505.96435547 5.79079198837
1478876662024 lifecam22 2265.74389648 5501.44677734 5.79712295532
1478876662092 lifecam22 2261.74902344 5496.45556641 5.80978250504
1478876662225 lifecam22 2256.4609375 5485.90771484 5.81327056885
1478876662292 lifecam22 2253.59521484 5480.59912109 5.81598711014
1478876662359 lifecam22 2251.23632812 5475.47900391 5.81737518311
1478876662424 lifecam22 2250.50268555 5475.09863281 5.81809997559
1478876662485 lifecam22 2252.38647461 5476.22900391 5.81512069702
1478876662564 lifecam22 2251.70751953 5475.41162109 5.8185801506
1478876662629 lifecam22 2251.40600586 5476.13330078 5.81886386871
1478876662699 lifecam22 2251.31567383 5474.93896484 5.81551790237
1478876662764 lifecam22 2251.75317383 5475.40820312 5.81785821915
1478876662830 lifecam22 2251.58325195 5475.40185547 5.8169426918
1478876662979 lifecam22 2251.67724609 5475.74804688 5.82027578354
1478876663031 lifecam22 2251.9230957 5474.92773438 5.81438779831
1478876663095 lifecam22 2251.35009766 5475.68017578 5.81854295731
