1478191977721 lifecam22 3352.45214844 5374.76611328 4.71009254456
1478191977781 lifecam22 3352.49731445 5374.93603516 4.71165180206
1478191977851 lifecam22 3352.28637695 5374.74169922 4.70857572556
1478191977918 lifecam22 3351.86767578 5375.18066406 4.70235443115
1478191978197 lifecam22 3352.90869141 5376.6953125 4.70440292358
1478191978255 lifecam22 3352.78881836 5376.8515625 4.70583534241
1478191978317 lifecam22 3352.99267578 5377.32910156 4.70897674561
1478191978392 lifecam22 3352.73217773 5377.07763672 4.70791578293
1478191978452 lifecam22 3352.64453125 5376.84375 4.70574426651
1478191978662 lifecam22 3351.7644043 5374.58203125 4.695353508
1478191978720 lifecam22 3352.67773438 5377.56591797 4.71115064621
1478191978786 lifecam22 3352.44555664 5376.50878906 4.70392656326
1478191978857 lifecam22 3352.56176758 5377.16601562 4.70870780945
1478191978917 lifecam22 3352.51391602 5376.97070312 4.70690107346
1478191979201 lifecam22 3352.62963867 5377.48974609 4.71196889877
1478191979262 lifecam22 3352.62963867 5377.48974609 4.71196889877
1478191979321 lifecam22 3352.62646484 5376.66601562 4.70571756363
1478191979386 lifecam22 3352.75268555 5374.78857422 4.71159648895
1478191979450 lifecam22 3352.93969727 5374.83496094 4.71330833435
1478191979734 lifecam22 3353.52661133 5374.62890625 4.71384143829
1478191979786 lifecam22 3353.27368164 5374.51220703 4.71153879166
1478191979847 lifecam22 3352.40698242 5374.12988281 4.70250320435
1478191979927 lifecam22 3351.52197266 5374.29931641 4.69572687149
1478191979981 lifecam22 3351.58984375 5373.95507812 4.69516849518
1478191980195 lifecam22 3353.16796875 5374.92431641 4.71540784836
1478191980267 lifecam22 3347.16943359 5375.8125 4.71709489822
1478191980328 lifecam22 3341.0769043 5377.16601562 4.72682094574
1478191980389 lifecam22 3340.03735352 5381.75683594 4.76130533218
1478191980453 lifecam22 3334.78466797 5383.31835938 4.76982688904
1478191980731 lifecam22 3315.01416016 5392.81298828 4.83045434952
1478191980793 lifecam22 3312.14770508 5394.27001953 4.84824323654
1478191980858 lifecam22 3306.77514648 5396.01611328 4.86889839172
1478191980917 lifecam22 3302.22290039 5397.57275391 4.88164997101
1478191980988 lifecam22 3297.6965332 5398.82177734 4.89569330215
1478191981257 lifecam22 3279.13818359 5403.1484375 4.95160770416
1478191981323 lifecam22 3274.0637207 5403.6796875 4.96688222885
1478191981461 lifecam22 3265.19018555 5406.10205078 5.00194406509
1478191981523 lifecam22 3260.36230469 5407.87255859 5.02226448059
1478191981797 lifecam22 3241.49951172 5410.42871094 5.08636569977
1478191981852 lifecam22 3236.55200195 5410.77294922 5.10337305069
1478191981921 lifecam22 3231.66308594 5411.40820312 5.11376810074
1478191981987 lifecam22 3227.86572266 5412.22851562 5.14038085938
1478191982055 lifecam22 3222.18359375 5412.0234375 5.14849472046
1478191982323 lifecam22 3203.74487305 5414.57568359 5.22711658478
1478191982393 lifecam22 3199.10742188 5415.19873047 5.24396657944
1478191982460 lifecam22 3193.72436523 5414.09472656 5.25684642792
1478191982522 lifecam22 3189.55102539 5414.31689453 5.27355241776
1478191982594 lifecam22 3184.54443359 5413.61523438 5.29239654541
1478191982919 lifecam22 3161.02368164 5410.47167969 5.36898851395
1478191982991 lifecam22 3156.61938477 5410.69433594 5.38624048233
1478191983053 lifecam22 3152.13427734 5408.88427734 5.40154457092
1478191983267 lifecam22 3136.22216797 5405.42382812 5.44872093201
1478191983332 lifecam22 3132.49047852 5406.26806641 5.47082090378
1478191983395 lifecam22 3128.68310547 5404.25488281 5.48716831207
1478191983528 lifecam22 3119.13061523 5403.74414062 5.53503084183
1478191983787 lifecam22 3100.59716797 5396.75683594 5.59268569946
1478191983869 lifecam22 3096.5390625 5396.24365234 5.61426782608
1478191983923 lifecam22 3092.6394043 5392.79443359 5.62622022629
1478191984002 lifecam22 3087.74194336 5390.04003906 5.63479423523
1478191984062 lifecam22 3083.4987793 5388.42041016 5.65495634079
1478191984263 lifecam22 3070.37426758 5380.93066406 5.70409250259
1478191984333 lifecam22 3066.09936523 5380.09472656 5.72266864777
1478191984403 lifecam22 3062.08911133 5376.81542969 5.73634147644
1478191984472 lifecam22 3057.89208984 5375.70996094 5.75756072998
1478191984539 lifecam22 3053.56762695 5372.29638672 5.77156162262
1478191984799 lifecam22 3038.53417969 5361.21679688 5.83252668381
1478191984856 lifecam22 3034.16918945 5358.65478516 5.8521194458
1478191984923 lifecam22 3029.69580078 5358.04248047 5.87554931641
1478191985002 lifecam22 3026.45727539 5353.69482422 5.88784980774
1478191985077 lifecam22 3022.78369141 5352.07324219 5.90951824188
1478191985335 lifecam22 3006.77099609 5339.77783203 5.9780421257
1478191985402 lifecam22 3004.07739258 5335.94628906 5.98748683929
1478191985471 lifecam22 2999.93896484 5333.015625 6.0103263855
1478191985538 lifecam22 2996.72949219 5330.01367188 6.02518320084
1478191985602 lifecam22 2994.03369141 5326.21679688 6.03888702393
1478191985862 lifecam22 2979.09130859 5310.38720703 6.11458301544
1478191985924 lifecam22 2976.18505859 5305.55761719 6.12861824036
1478191985998 lifecam22 2973.52075195 5304.25048828 6.14569282532
1478191986068 lifecam22 2971.12915039 5300.01953125 6.15803480148
1478191986140 lifecam22 2968.88085938 5295.83105469 6.17291879654
1478191986337 lifecam22 2961.32592773 5284.35205078 6.22169017792
1478191986390 lifecam22 2959.02099609 5279.24902344 6.23260354996
1478191986465 lifecam22 2957.21337891 5274.66357422 6.24743366241
1478191986540 lifecam22 2953.57543945 5271.08984375 6.26942873001
1478191986607 lifecam22 2952.06616211 5267.16357422 0.00434488477185
1478191986865 lifecam22 2943.10449219 5250.13037109 0.0612539723516
1478191986925 lifecam22 2941.99389648 5245.59716797 0.0732293725014
1478191986998 lifecam22 2938.91308594 5241.74414062 0.100248523057
1478191987060 lifecam22 2936.24047852 5237.90332031 0.124416291714
1478191987339 lifecam22 2930.51318359 5219.65771484 0.181538999081
1478191987401 lifecam22 2928.98071289 5214.56835938 0.196196958423
1478191987467 lifecam22 2928.19018555 5215.37207031 0.200771361589
1478191987536 lifecam22 2928.62744141 5216.98535156 0.197938263416
1478191987602 lifecam22 2929.04418945 5215.85888672 0.196132838726
1478191987871 lifecam22 2929.31713867 5215.89794922 0.193580329418
1478191987927 lifecam22 2928.88183594 5216.21923828 0.196973487735
1478191988009 lifecam22 2929.08544922 5215.94873047 0.195599645376
1478191988066 lifecam22 2929.08544922 5215.94873047 0.195599645376
1478191988129 lifecam22 2929.08544922 5215.94873047 0.195599645376
1478191988404 lifecam22 2929.27587891 5215.80761719 0.194113090634
1478191988474 lifecam22 2929.31713867 5215.89794922 0.193580329418
1478191988533 lifecam22 2929.08544922 5215.94873047 0.195599645376
1478191988598 lifecam22 2929.08544922 5215.94873047 0.195599645376
1478191988665 lifecam22 2929.08544922 5215.94873047 0.195599645376
1478191988868 lifecam22 2929.08544922 5215.94873047 0.195599645376
1478191988942 lifecam22 2929.08544922 5215.94873047 0.195599645376
1478191989005 lifecam22 2929.31713867 5215.89794922 0.193580329418
1478191989062 lifecam22 2929.08544922 5215.94873047 0.195599645376
1478191989145 lifecam22 2929.08544922 5215.94873047 0.195599645376
1478191989413 lifecam22 2929.04418945 5215.85888672 0.196132838726
1478191989475 lifecam22 2929.08544922 5215.94873047 0.195599645376
