1478191263750 lifecam22 3352.140625 5378.41796875 4.70010948181
1478191263814 lifecam22 3352.46459961 5379.44873047 4.7030210495
1478191263883 lifecam22 3352.11791992 5378.53808594 4.69990539551
1478191264083 lifecam22 3350.79467773 5374.61230469 4.68807935715
1478191264147 lifecam22 3350.74658203 5374.01953125 4.6876540184
1478191264214 lifecam22 3350.85742188 5373.97363281 4.68863773346
1478191264273 lifecam22 3350.74658203 5374.01953125 4.6876540184
1478191264344 lifecam22 3350.72705078 5374.140625 4.68748140335
1478191264615 lifecam22 3350.68603516 5374.24072266 4.68711662292
1478191264679 lifecam22 3350.68603516 5374.24072266 4.68711662292
1478191264744 lifecam22 3350.68603516 5374.24072266 4.68711662292
1478191264820 lifecam22 3350.59936523 5374.15673828 4.68634748459
1478191264874 lifecam22 3350.68603516 5374.24072266 4.68711662292
1478191265139 lifecam22 3350.83569336 5374.24560547 4.68844270706
1478191265214 lifecam22 3350.68603516 5374.24072266 4.68711662292
1478191265285 lifecam22 3350.62573242 5374.46142578 4.68658065796
1478191265360 lifecam22 3350.73413086 5374.2734375 4.68754196167
1478191265410 lifecam22 3350.62573242 5374.46142578 4.68658065796
1478191265689 lifecam22 3350.51977539 5374.49951172 4.68564128876
1478191265750 lifecam22 3350.43554688 5374.55761719 4.68489551544
1478191265812 lifecam22 3350.51977539 5374.49951172 4.68564128876
1478191265882 lifecam22 3350.43554688 5374.55761719 4.68489551544
1478191265944 lifecam22 3350.43554688 5374.55761719 4.68489551544
1478191266212 lifecam22 3350.43554688 5374.55761719 4.68489551544
1478191266278 lifecam22 3350.43554688 5374.55761719 4.68489551544
1478191266341 lifecam22 3350.43554688 5374.55761719 4.68489551544
1478191266415 lifecam22 3350.43554688 5374.55761719 4.68489551544
1478191266481 lifecam22 3350.37084961 5374.78613281 4.6843214035
1478191266754 lifecam22 3350.43554688 5374.55761719 4.68489551544
1478191266814 lifecam22 3350.37084961 5374.78613281 4.6843214035
1478191266883 lifecam22 3350.20141602 5373.72705078 4.67321968079
1478191266947 lifecam22 3350.34936523 5374.421875 4.67721176147
1478191267014 lifecam22 3350.41455078 5374.60986328 4.67642593384
1478191267226 lifecam22 3350.4597168 5374.72119141 4.68511009216
1478191267288 lifecam22 3350.43554688 5374.55761719 4.68489551544
1478191267349 lifecam22 3350.4597168 5374.72119141 4.68511009216
1478191267417 lifecam22 3344.65307617 5373.46630859 4.67382526398
1478191267491 lifecam22 3338.84375 5379.92822266 4.71406793594
1478191267751 lifecam22 3322.05371094 5386.96875 4.76924467087
1478191267819 lifecam22 3319.52905273 5390.01660156 4.79964590073
1478191267893 lifecam22 3314.68041992 5391.97216797 4.81436157227
1478191267944 lifecam22 3308.85986328 5393.03369141 4.82220888138
1478191268021 lifecam22 3304.36279297 5395.55175781 4.84330844879
1478191268287 lifecam22 3286.31860352 5400.97851562 4.90367126465
1478191268346 lifecam22 3281.51708984 5401.54931641 4.91695261002
1478191268428 lifecam22 3276.61181641 5404.43847656 4.94094419479
1478191268491 lifecam22 3272.07324219 5404.13964844 4.95150232315
1478191268552 lifecam22 3268.10620117 5407.40478516 4.97829675674
1478191268821 lifecam22 3248.95141602 5410.47949219 5.03423452377
1478191268880 lifecam22 3244.49560547 5411.46582031 5.0536365509
1478191268953 lifecam22 3239.87353516 5412.48535156 5.07300043106
1478191269021 lifecam22 3235.07763672 5412.74072266 5.08723402023
1478191269084 lifecam22 3230.44921875 5412.80419922 5.10108709335
1478191269355 lifecam22 3211.98779297 5413.34570312 5.16077613831
1478191269427 lifecam22 3206.70703125 5415.25927734 5.18648815155
1478191269486 lifecam22 3202.92041016 5416.35546875 5.20904445648
1478191269558 lifecam22 3197.43261719 5415.72460938 5.2258810997
1478191269617 lifecam22 3192.91894531 5416.94580078 5.24036169052
1478191269888 lifecam22 3173.16186523 5417.10009766 5.31423187256
1478191269949 lifecam22 3169.08032227 5417.06542969 5.33123779297
1478191270027 lifecam22 3163.36279297 5414.93408203 5.33914899826
1478191270091 lifecam22 3160.2722168 5415.36523438 5.35745429993
1478191270152 lifecam22 3157.51879883 5414.32470703 5.35817146301
1478191270353 lifecam22 3139.15136719 5410.38134766 5.42031335831
1478191270415 lifecam22 3135.76611328 5409.70117188 5.43564558029
1478191270628 lifecam22 3120.515625 5402.69628906 5.47553062439
1478191270888 lifecam22 3103.87133789 5399.56542969 5.550740242
1478191270950 lifecam22 3099.45288086 5398.45800781 5.56985712051
1478191271017 lifecam22 3094.1965332 5396.77832031 5.58448123932
1478191271093 lifecam22 3089.22802734 5396.86035156 5.61506652832
1478191271163 lifecam22 3085.28027344 5393.83886719 5.62523078918
1478191271425 lifecam22 3068.79638672 5386.39746094 5.69058179855
1478191271489 lifecam22 3063.69995117 5384.24414062 5.70746898651
1478191271552 lifecam22 3059.11547852 5383.59375 5.73401784897
1478191271623 lifecam22 3055.07788086 5379.57324219 5.74328279495
1478191271687 lifecam22 3051.43847656 5378.45751953 5.75852060318
1478191271961 lifecam22 3035.04931641 5367.17382812 5.82529163361
1478191272026 lifecam22 3029.625 5365.68505859 5.85042524338
1478191272096 lifecam22 3025.63500977 5362.25097656 5.86540079117
1478191272157 lifecam22 3022.69848633 5360.90039062 5.88313150406
1478191272219 lifecam22 3018.78393555 5356.51855469 5.89559364319
1478191272421 lifecam22 3007.23999023 5346.38476562 5.94399404526
1478191272493 lifecam22 3003.3034668 5343.88916016 5.96287584305
1478191272558 lifecam22 3000.87841797 5341.3125 5.97285985947
1478191272630 lifecam22 2997.64257812 5338.14404297 5.98847389221
1478191272692 lifecam22 2993.65600586 5334.94824219 6.00906610489
1478191272959 lifecam22 2980.54589844 5318.56445312 6.07526636124
1478191273018 lifecam22 2977.46459961 5314.96386719 6.09291696548
1478191273095 lifecam22 2975.54736328 5312.47167969 6.10305643082
1478191273161 lifecam22 2972.76391602 5307.77050781 6.11551952362
1478191273222 lifecam22 2969.03881836 5304.55273438 6.13904714584
1478191273432 lifecam22 2960.10449219 5293.3046875 6.18863534927
1478191273494 lifecam22 2957.19238281 5290.15283203 6.21076917648
1478191273565 lifecam22 2954.6237793 5285.53417969 6.22637319565
1478191273624 lifecam22 2952.49658203 5280.42480469 6.2355799675
1478191273687 lifecam22 2948.71386719 5276.48632812 6.26065444946
1478191273956 lifecam22 2940.7512207 5260.40527344 0.0347364582121
1478191274022 lifecam22 2938.61328125 5254.91455078 0.0450479462743
1478191274089 lifecam22 2935.93920898 5251.48876953 0.066278167069
1478191274157 lifecam22 2934.27319336 5247.59667969 0.0844801142812
1478191274228 lifecam22 2931.72021484 5243.50732422 0.103338770568
1478191274500 lifecam22 2924.85498047 5225.62451172 0.169349864125
1478191274559 lifecam22 2923.50512695 5220.82617188 0.183353379369
1478191274636 lifecam22 2926.95019531 5220.00830078 0.166453078389
1478191274698 lifecam22 2925.88671875 5221.47900391 0.168752133846
1478191274763 lifecam22 2926.74804688 5220.00976562 0.165595009923
