1478191513530 lifecam22 3344.44897461 5377.8046875 4.69390821457
1478191513603 lifecam22 3345.01269531 5378.46582031 4.69895648956
1478191513665 lifecam22 3345.02905273 5378.59814453 4.69910240173
1478191513934 lifecam22 3345.27001953 5379.11474609 4.70127010345
1478191513999 lifecam22 3344.70263672 5377.99560547 4.69617700577
1478191514067 lifecam22 3345.02905273 5378.59814453 4.69910240173
1478191514137 lifecam22 3344.90478516 5378.35888672 4.69798803329
1478191514200 lifecam22 3345.16210938 5378.72265625 4.70030212402
1478191514466 lifecam22 3344.67797852 5377.97314453 4.69595813751
1478191514530 lifecam22 3344.44897461 5377.51904297 4.69390869141
1478191514596 lifecam22 3345.11791992 5378.53857422 4.69990539551
1478191514664 lifecam22 3344.90454102 5378.35546875 4.69798612595
1478191515005 lifecam22 3344.84472656 5378.13037109 4.69744634628
1478191515058 lifecam22 3345.11816406 5378.82373047 4.69990539551
1478191515127 lifecam22 3345.03540039 5378.34521484 4.69916009903
1478191515206 lifecam22 3344.40551758 5377.48193359 4.69352054596
1478191515266 lifecam22 3345.29248047 5378.70898438 4.70147228241
1478191515613 lifecam22 3344.80810547 5378.10107422 4.6971206665
1478191515669 lifecam22 3344.6237793 5378.11621094 4.69547080994
1478191515743 lifecam22 3344.69018555 5378.03369141 4.69606494904
1478191515803 lifecam22 3344.70263672 5377.99560547 4.69617700577
1478191515865 lifecam22 3344.57910156 5377.93261719 4.6950712204
1478191516078 lifecam22 3344.90478516 5378.35888672 4.69798803329
1478191516135 lifecam22 3344.81591797 5378.27636719 4.69719028473
1478191516202 lifecam22 3344.68579102 5378.14794922 4.69602680206
1478191516270 lifecam22 3345.05078125 5378.19189453 4.6993021965
1478191516338 lifecam22 3345.1796875 5377.89697266 4.70045661926
1478191516671 lifecam22 3344.91748047 5377.67724609 4.6981010437
1478191516737 lifecam22 3344.27929688 5375.18505859 4.69239091873
1478191516805 lifecam22 3344.36206055 5375.81591797 4.69313287735
1478191516932 lifecam22 3345.26928711 5378.97412109 4.7012629509
1478191517209 lifecam22 3345.35351562 5378.77783203 4.70202064514
1478191517269 lifecam22 3344.73071289 5376.68994141 4.69642686844
1478191517338 lifecam22 3344.62231445 5376.0390625 4.69545793533
1478191517405 lifecam22 3345.22094727 5378.22607422 4.70082759857
1478191517473 lifecam22 3345.24462891 5378.52978516 4.70104026794
1478191517742 lifecam22 3346.06616211 5380.75292969 4.70845365524
1478191517801 lifecam22 3346.29956055 5381.12939453 4.7105717659
1478191517875 lifecam22 3346.06616211 5380.75292969 4.70845365524
1478191517942 lifecam22 3346.41992188 5381.53955078 4.7129907608
1478191518006 lifecam22 3344.34033203 5375.25634766 4.69293880463
1478191518345 lifecam22 3331.91455078 5385.12548828 4.75579214096
1478191518401 lifecam22 3328.00634766 5388.74316406 4.79135131836
1478191518474 lifecam22 3323.62866211 5389.96191406 4.80394792557
1478191518539 lifecam22 3320.42895508 5393.76611328 4.82910060883
1478191518602 lifecam22 3314.68652344 5394.74511719 4.83825922012
1478191518876 lifecam22 3297.41357422 5401.46337891 4.90802955627
1478191518943 lifecam22 3293.13012695 5403.29052734 4.9243645668
1478191519009 lifecam22 3288.23266602 5404.93994141 4.94417619705
1478191519078 lifecam22 3284.16796875 5407.17236328 4.96345281601
1478191519142 lifecam22 3278.72875977 5406.7734375 4.97056341171
1478191519354 lifecam22 3265.31738281 5409.984375 5.0207157135
1478191519407 lifecam22 3260.96557617 5411.54199219 5.04010105133
1478191519471 lifecam22 3255.50976562 5412.45458984 5.0570526123
1478191519535 lifecam22 3251.12304688 5414.11523438 5.07924222946
1478191519608 lifecam22 3245.75561523 5414.18652344 5.08771848679
1478191519871 lifecam22 3227.56762695 5417.02197266 5.15861320496
1478191519945 lifecam22 3222.87451172 5417.86328125 5.18006277084
1478191520008 lifecam22 3219.14770508 5417.33984375 5.18859529495
1478191520077 lifecam22 3214.0 5417.49853516 5.20663070679
1478191520139 lifecam22 3210.02026367 5417.24169922 5.21844005585
1478191520413 lifecam22 3189.13598633 5415.90283203 5.28518390656
1478191520479 lifecam22 3184.8515625 5415.77783203 5.3025598526
1478191520540 lifecam22 3180.40039062 5415.51464844 5.31994915009
1478191520605 lifecam22 3174.77612305 5415.41259766 5.33906888962
1478191520672 lifecam22 3170.26464844 5413.66894531 5.34813499451
1478191520945 lifecam22 3151.68847656 5410.33007812 5.41732692719
1478191521004 lifecam22 3146.90405273 5410.359375 5.43971300125
1478191521072 lifecam22 3142.73681641 5408.14599609 5.45059490204
1478191521144 lifecam22 3137.00537109 5408.95849609 5.47739458084
1478191521205 lifecam22 3132.85791016 5408.49462891 5.49384975433
1478191521422 lifecam22 3118.81811523 5404.10058594 5.54238033295
1478191521476 lifecam22 3113.69165039 5404.1640625 5.56843233109
1478191521545 lifecam22 3109.83325195 5401.51757812 5.58128786087
1478191521612 lifecam22 3105.10229492 5400.73681641 5.60549879074
1478191521671 lifecam22 3100.91162109 5397.52441406 5.6115398407
1478191521947 lifecam22 3083.62109375 5390.12207031 5.67966222763
1478191522010 lifecam22 3079.59033203 5388.33349609 5.69359540939
1478191522083 lifecam22 3075.06152344 5386.42138672 5.7138299942
1478191522149 lifecam22 3070.92797852 5384.72900391 5.73389863968
1478191522207 lifecam22 3066.11474609 5382.99267578 5.75020694733
1478191522417 lifecam22 3054.82763672 5373.94628906 5.79353666306
1478191522484 lifecam22 3048.83007812 5372.71240234 5.82361459732
1478191522544 lifecam22 3044.97851562 5369.20166016 5.83241987228
1478191522610 lifecam22 3041.33764648 5366.86572266 5.85332584381
1478191522680 lifecam22 3038.32128906 5363.86132812 5.86104440689
1478191522948 lifecam22 3022.26489258 5350.99023438 5.93032312393
1478191523015 lifecam22 3019.24316406 5348.83935547 5.94755792618
1478191523082 lifecam22 3015.27563477 5345.23876953 5.96207427979
1478191523149 lifecam22 3011.58447266 5342.17236328 5.97959041595
1478191523212 lifecam22 3008.00170898 5339.17285156 5.99885129929
1478191523489 lifecam22 2995.31860352 5323.29882812 6.06466150284
1478191523549 lifecam22 2991.91333008 5320.03808594 6.0770368576
1478191523615 lifecam22 2988.95214844 5315.07177734 6.09314393997
1478191523678 lifecam22 2985.68701172 5314.44335938 6.11108779907
1478191523751 lifecam22 2984.47680664 5309.53710938 6.11650753021
1478191524085 lifecam22 2968.14599609 5291.87402344 6.21996307373
1478191524146 lifecam22 2965.04101562 5287.19677734 6.23712062836
1478191524217 lifecam22 2961.52832031 5283.61816406 6.25923967361
1478191524285 lifecam22 2959.75048828 5280.17529297 6.27362251282
1478191524349 lifecam22 2959.38623047 5274.74560547 6.27968072891
1478191524625 lifecam22 2948.41674805 5259.41699219 0.0678650811315
1478191524685 lifecam22 2946.56787109 5253.97216797 0.0786929726601
1478191524747 lifecam22 2944.14794922 5248.90380859 0.0953175425529
1478191524823 lifecam22 2941.74658203 5245.11279297 0.11485427618
1478191524884 lifecam22 2939.83740234 5240.15966797 0.129831850529
1478191525158 lifecam22 2933.67602539 5222.69384766 0.199345290661
1478191525218 lifecam22 2932.18798828 5218.23632812 0.212453082204
1478191525292 lifecam22 2932.97045898 5212.85644531 0.218090355396
1478191525345 lifecam22 2933.57250977 5213.43945312 0.215377151966
1478191525429 lifecam22 2933.03686523 5213.671875 0.215237677097
1478191525693 lifecam22 2933.20678711 5213.28222656 0.21388836205
1478191525752 lifecam22 2933.22558594 5213.38525391 0.213517844677
1478191525811 lifecam22 2933.40185547 5213.04101562 0.212587669492
1478191525883 lifecam22 2933.36499023 5213.328125 0.212741911411
1478191525951 lifecam22 2933.40185547 5213.04101562 0.212587669492
1478191526218 lifecam22 2933.20678711 5213.28222656 0.21388836205
1478191526283 lifecam22 2933.11791992 5213.59912109 0.215259611607
1478191526352 lifecam22 2933.20678711 5213.28222656 0.21388836205
1478191526425 lifecam22 2933.20678711 5213.28222656 0.21388836205
1478191526484 lifecam22 2933.47924805 5213.33740234 0.212602823973
1478191526694 lifecam22 2933.24658203 5213.13916016 0.212545931339
1478191526751 lifecam22 2933.22558594 5213.38525391 0.213517844677
1478191526821 lifecam22 2933.20678711 5213.28222656 0.21388836205
1478191526882 lifecam22 2933.22167969 5213.44287109 0.215007141232
1478191526945 lifecam22 2933.20678711 5213.28222656 0.21388836205
1478191527218 lifecam22 2933.35839844 5213.06005859 0.212943956256
1478191527296 lifecam22 2933.70605469 5212.85449219 0.212656199932
1478191527347 lifecam22 2933.26782227 5213.01708984 0.215049803257
1478191527422 lifecam22 2933.48754883 5213.22949219 0.213919460773
1478191527485 lifecam22 2934.37866211 5212.16796875 0.209395974874
1478191527685 lifecam22 2938.95947266 5211.16064453 0.184954956174
