1478192053171 lifecam22 3349.9230957 5390.27294922 4.76742458344
1478192053232 lifecam22 3349.85473633 5389.90087891 4.76531076431
1478192053303 lifecam22 3349.71875 5390.484375 4.76954507828
1478192053369 lifecam22 3350.74731445 5393.77441406 4.78668212891
1478192053638 lifecam22 3351.2902832 5393.3203125 4.78633308411
1478192053694 lifecam22 3350.65869141 5392.76513672 4.78272819519
1478192053764 lifecam22 3350.54833984 5392.35693359 4.78033733368
1478192053848 lifecam22 3349.30834961 5391.19287109 4.77498483658
1478192053898 lifecam22 3349.30834961 5391.19287109 4.77498483658
1478192054112 lifecam22 3348.046875 5387.15917969 4.75399255753
1478192054169 lifecam22 3347.47729492 5385.12841797 4.74289941788
1478192054240 lifecam22 3346.79785156 5383.60253906 4.73243188858
1478192054308 lifecam22 3346.66137695 5382.89941406 4.72584962845
1478192054375 lifecam22 3346.55395508 5381.52783203 4.71288061142
1478192054645 lifecam22 3345.20800781 5378.19628906 4.70071029663
1478192054716 lifecam22 3345.359375 5378.48730469 4.70207166672
1478192054774 lifecam22 3345.7253418 5379.2734375 4.70537233353
1478192054847 lifecam22 3346.39868164 5381.89257812 4.71634817123
1478192054898 lifecam22 3346.52636719 5381.62890625 4.7138428688
1478192055177 lifecam22 3346.55395508 5381.52783203 4.71288061142
1478192055238 lifecam22 3346.55395508 5381.52783203 4.71288061142
1478192055308 lifecam22 3346.55395508 5381.52783203 4.71288061142
1478192055369 lifecam22 3346.55395508 5381.52783203 4.71288061142
1478192055439 lifecam22 3346.55395508 5381.52783203 4.71288061142
1478192055640 lifecam22 3344.90722656 5381.55322266 4.69801568985
1478192055711 lifecam22 3344.85913086 5381.35009766 4.69493913651
1478192055779 lifecam22 3344.90722656 5381.55322266 4.69801568985
1478192055849 lifecam22 3344.90844727 5381.69433594 4.6980266571
1478192055915 lifecam22 3345.12133789 5381.33740234 4.70114326477
1478192056242 lifecam22 3346.55395508 5381.52783203 4.71288061142
1478192056308 lifecam22 3346.55395508 5381.52783203 4.71288061142
1478192056377 lifecam22 3346.55395508 5381.52783203 4.71288061142
1478192056437 lifecam22 3346.55395508 5381.52783203 4.71288061142
1478192056507 lifecam22 3346.55395508 5381.52783203 4.71288061142
1478192056776 lifecam22 3332.55395508 5381.52783203 4.71288251877
1478192056841 lifecam22 3325.84960938 5382.81494141 4.72505807877
1478192056912 lifecam22 3323.09960938 5384.09082031 4.73697805405
1478192056974 lifecam22 3317.99536133 5385.88671875 4.74884605408
1478192057043 lifecam22 3312.69311523 5387.55322266 4.76196956635
1478192057314 lifecam22 3296.3503418 5396.828125 4.84361791611
1478192057380 lifecam22 3292.03076172 5398.67285156 4.85874176025
1478192057444 lifecam22 3286.92919922 5399.88378906 4.87347126007
1478192057510 lifecam22 3282.88208008 5401.52050781 4.892973423
1478192057580 lifecam22 3278.47900391 5404.08886719 4.91451311111
1478192057905 lifecam22 3255.12207031 5409.91552734 4.98781681061
1478192057970 lifecam22 3250.38330078 5410.25 5.00561571121
1478192058038 lifecam22 3245.63720703 5412.14453125 5.02348279953
1478192058110 lifecam22 3239.99169922 5411.66601562 5.03351688385
1478192058178 lifecam22 3235.87231445 5414.10058594 5.0552110672
1478192058442 lifecam22 3216.88818359 5417.67480469 5.12677097321
1478192058514 lifecam22 3212.62426758 5417.99365234 5.13998126984
1478192058578 lifecam22 3207.88378906 5417.67285156 5.1551194191
1478192058644 lifecam22 3203.54345703 5419.39550781 5.17668628693
1478192058714 lifecam22 3197.92016602 5418.21240234 5.1886100769
1478192058978 lifecam22 3178.96850586 5418.48046875 5.2512755394
1478192059044 lifecam22 3174.05126953 5418.42382812 5.26938724518
1478192059116 lifecam22 3169.40795898 5418.76464844 5.28776502609
1478192059176 lifecam22 3164.66503906 5417.89257812 5.30193042755
1478192059247 lifecam22 3159.31713867 5418.55029297 5.32308101654
1478192059510 lifecam22 3141.19555664 5417.37304688 5.38839578629
1478192059647 lifecam22 3130.92114258 5414.64306641 5.41963100433
1478192059710 lifecam22 3126.41625977 5414.21875 5.43872213364
1478192059779 lifecam22 3121.43334961 5412.42333984 5.45316648483
1478192060177 lifecam22 3093.96679688 5405.203125 5.55738258362
1478192060247 lifecam22 3088.05102539 5403.61669922 5.57706785202
1478192060305 lifecam22 3084.63012695 5402.26123047 5.5873003006
1478192060720 lifecam22 3057.92724609 5390.18164062 5.68305826187
1478192060777 lifecam22 3053.63598633 5388.12109375 5.70057249069
1478192060840 lifecam22 3049.1484375 5385.05517578 5.71576595306
1478192060910 lifecam22 3044.91040039 5384.09423828 5.73695468903
1478192060982 lifecam22 3040.90380859 5380.76367188 5.74903869629
1478192061317 lifecam22 3019.61767578 5368.81152344 5.83406829834
1478192061391 lifecam22 3016.14868164 5366.26367188 5.8537364006
1478192061457 lifecam22 3011.61425781 5362.98242188 5.87002849579
1478192061513 lifecam22 3008.68994141 5361.51855469 5.88546943665
1478192061580 lifecam22 3004.19482422 5356.91699219 5.89949464798
1478192061871 lifecam22 2988.25463867 5344.94775391 5.97072505951
1478192061913 lifecam22 2985.6484375 5341.90966797 5.98095035553
1478192061981 lifecam22 2980.70166016 5339.93798828 6.00636672974
1478192062055 lifecam22 2978.73095703 5335.39160156 6.0156917572
1478192062122 lifecam22 2974.93554688 5331.57714844 6.03115606308
1478192062179 lifecam22 2972.45458984 5327.64892578 6.04612541199
1478192062455 lifecam22 2959.76220703 5310.72558594 6.10767793655
1478192062521 lifecam22 2957.04614258 5308.79785156 6.12062931061
1478192062591 lifecam22 2954.57495117 5304.1640625 6.13748025894
1478192062652 lifecam22 2950.96777344 5301.60986328 6.15676164627
1478192062719 lifecam22 2948.68823242 5297.35742188 6.17251968384
1478192063114 lifecam22 2931.81860352 5273.52050781 6.2755317688
1478192063187 lifecam22 2930.75830078 5269.08837891 0.00725943222642
1478192063246 lifecam22 2926.77685547 5265.67041016 0.0314787104726
1478192063318 lifecam22 2924.24731445 5261.13085938 0.0461972393095
1478192063590 lifecam22 2915.71191406 5243.70751953 0.104789793491
1478192063652 lifecam22 2914.10766602 5238.24658203 0.126488745213
1478192063720 lifecam22 2910.99707031 5234.70019531 0.145143806934
1478192063792 lifecam22 2913.96948242 5230.44042969 0.135159313679
1478192063851 lifecam22 2914.21118164 5232.66748047 0.1302344203
1478192064189 lifecam22 2914.05981445 5232.00488281 0.133382380009
1478192064254 lifecam22 2914.0222168 5232.07128906 0.134027421474
1478192064319 lifecam22 2914.05981445 5232.00488281 0.133382380009
1478192064386 lifecam22 2913.90039062 5232.05175781 0.135174691677
1478192064452 lifecam22 2914.0222168 5232.07128906 0.134027421474
1478192064721 lifecam22 2914.0222168 5232.07128906 0.134027421474
1478192064787 lifecam22 2914.0222168 5232.07128906 0.134027421474
1478192064859 lifecam22 2914.0222168 5232.07128906 0.134027421474
1478192064918 lifecam22 2914.05981445 5232.00488281 0.133382380009
1478192064985 lifecam22 2914.0222168 5232.07128906 0.134027421474
1478192065258 lifecam22 2914.0222168 5232.07128906 0.134027421474
1478192065324 lifecam22 2914.0222168 5232.07128906 0.134027421474
1478192065385 lifecam22 2913.90039062 5232.05175781 0.135174691677
1478192065448 lifecam22 2914.0222168 5232.07128906 0.134027421474
1478192065526 lifecam22 2913.98388672 5232.24169922 0.135609224439
1478192065787 lifecam22 2914.0222168 5232.07128906 0.134027421474
1478192065921 lifecam22 2913.90039062 5232.05175781 0.135174691677
1478192065997 lifecam22 2914.0222168 5232.07128906 0.134027421474
1478192066056 lifecam22 2914.0222168 5232.07128906 0.134027421474
1478192066329 lifecam22 2914.03955078 5231.93408203 0.134030997753
1478192066390 lifecam22 2914.0222168 5232.07128906 0.134027421474
1478192066458 lifecam22 2914.0222168 5232.07128906 0.134027421474
1478192066523 lifecam22 2914.03955078 5231.93408203 0.134030997753
1478192066591 lifecam22 2914.1418457 5231.5390625 0.133552849293
1478192066862 lifecam22 2914.0222168 5232.07128906 0.134027421474
1478192066922 lifecam22 2913.90039062 5232.05175781 0.135174691677
1478192066993 lifecam22 2914.0222168 5232.07128906 0.134027421474
1478192067056 lifecam22 2914.0222168 5232.07128906 0.134027421474
1478192067127 lifecam22 2913.6394043 5232.16455078 0.136527121067
1478192067464 lifecam22 2914.05981445 5232.00488281 0.133382380009
