1478192215159 lifecam22 3345.16137695 5379.35791016 4.71972894669
1478192215219 lifecam22 3346.08496094 5379.68994141 4.72857475281
1478192215284 lifecam22 3345.56274414 5379.54833984 4.72724628448
1478192215360 lifecam22 3345.40039062 5378.8828125 4.72098493576
1478192215420 lifecam22 3345.49121094 5379.11669922 4.72319126129
1478192215759 lifecam22 3345.13378906 5381.71386719 4.72708845139
1478192215816 lifecam22 3343.79199219 5377.74707031 4.71955966949
1478192215879 lifecam22 3343.73974609 5380.36816406 4.72211313248
1478192215958 lifecam22 3344.2199707 5379.00439453 4.72098493576
1478192216018 lifecam22 3346.23144531 5381.55615234 4.72820615768
1478192216301 lifecam22 3345.57104492 5379.72314453 4.72356653214
1478192216355 lifecam22 3344.96020508 5380.04394531 4.72508049011
1478192216418 lifecam22 3345.51293945 5380.4375 4.72742128372
1478192216495 lifecam22 3344.609375 5379.36669922 4.72165775299
1478192216552 lifecam22 3344.19946289 5379.6171875 4.72058153152
1478192216892 lifecam22 3343.69238281 5379.88183594 4.71767807007
1478192216955 lifecam22 3345.421875 5381.18115234 4.72480869293
1478192217017 lifecam22 3345.19848633 5380.51611328 4.72404241562
1478192217085 lifecam22 3346.79589844 5380.92431641 4.72917938232
1478192217156 lifecam22 3345.58618164 5380.95410156 4.72547483444
1478192217420 lifecam22 3346.23144531 5383.10888672 4.7291302681
1478192217489 lifecam22 3346.77026367 5382.56884766 4.72678947449
1478192217551 lifecam22 3345.74633789 5381.26171875 4.72428846359
1478192217617 lifecam22 3342.6496582 5378.15820312 4.71848201752
1478192217699 lifecam22 3345.79882812 5379.20751953 4.72287464142
1478192217954 lifecam22 3332.41674805 5387.390625 4.78828907013
1478192218021 lifecam22 3327.69042969 5392.04296875 4.81190633774
1478192218085 lifecam22 3322.07202148 5393.11621094 4.8201713562
1478192218157 lifecam22 3318.00708008 5395.02441406 4.83654403687
1478192218227 lifecam22 3312.99658203 5397.93603516 4.85576868057
1478192218499 lifecam22 3294.9206543 5402.16894531 4.91495847702
1478192218559 lifecam22 3290.18310547 5404.53955078 4.93750762939
1478192218624 lifecam22 3286.19262695 5403.96435547 4.94624948502
1478192218693 lifecam22 3281.40625 5406.95458984 4.96776437759
1478192218760 lifecam22 3276.109375 5406.26025391 4.97752761841
1478192218963 lifecam22 3262.40649414 5410.84130859 5.03394126892
1478192219021 lifecam22 3258.09936523 5411.42724609 5.0476808548
1478192219103 lifecam22 3253.29150391 5412.99755859 5.07047843933
1478192219152 lifecam22 3249.53833008 5414.98535156 5.0894370079
1478192219224 lifecam22 3243.02026367 5413.36376953 5.09626054764
1478192219497 lifecam22 3224.96655273 5416.81542969 5.1696100235
1478192219557 lifecam22 3220.18994141 5418.13183594 5.19038152695
1478192219622 lifecam22 3215.51147461 5416.96777344 5.20012283325
1478192219689 lifecam22 3210.40820312 5418.23193359 5.22233200073
1478192219755 lifecam22 3206.171875 5417.80566406 5.23443222046
1478192220031 lifecam22 3186.07006836 5418.90673828 5.30870485306
1478192220094 lifecam22 3181.34765625 5418.91357422 5.32552623749
1478192220159 lifecam22 3176.62353516 5418.33642578 5.34309005737
1478192220232 lifecam22 3171.33886719 5417.86425781 5.3590259552
1478192220294 lifecam22 3167.54760742 5416.04248047 5.36625957489
1478192220499 lifecam22 3152.24414062 5412.77929688 5.41575479507
1478192220561 lifecam22 3148.30688477 5412.26269531 5.43183898926
1478192220631 lifecam22 3143.85644531 5411.15087891 5.4445476532
1478192220689 lifecam22 3138.63891602 5410.05712891 5.46394920349
1478192221033 lifecam22 3115.49438477 5404.39892578 5.55824375153
1478192221112 lifecam22 3110.47412109 5403.63720703 5.57757234573
1478192221162 lifecam22 3105.29321289 5402.13916016 5.5958943367
1478192221294 lifecam22 3096.72875977 5399.20068359 5.63093090057
1478192221559 lifecam22 3079.75170898 5390.89453125 5.69231081009
1478192221691 lifecam22 3070.56079102 5387.56640625 5.73089694977
1478192221762 lifecam22 3065.75268555 5384.8125 5.74984788895
1478192221830 lifecam22 3061.98144531 5382.70019531 5.76396894455
1478192221968 lifecam22 3052.90820312 5377.76855469 5.7997469902
1478192222029 lifecam22 3050.07714844 5373.17138672 5.80766057968
1478192222100 lifecam22 3044.68994141 5373.46777344 5.83997869492
1478192222160 lifecam22 3042.65917969 5369.2890625 5.84238958359
1478192222226 lifecam22 3037.6706543 5367.26953125 5.8643693924
1478192222503 lifecam22 3022.24414062 5355.41357422 5.92741775513
1478192222570 lifecam22 3017.74780273 5352.67919922 5.94947862625
1478192222632 lifecam22 3013.71044922 5348.11962891 5.96364402771
1478192222698 lifecam22 3010.01025391 5343.94970703 5.97845315933
1478192222762 lifecam22 3006.97485352 5341.09375 5.99331045151
1478192222969 lifecam22 2996.30541992 5331.63916016 6.04110479355
1478192223038 lifecam22 2993.12109375 5327.86181641 6.05739688873
1478192223096 lifecam22 2990.62060547 5324.40869141 6.07285737991
1478192223168 lifecam22 2988.19726562 5320.06738281 6.08440303802
1478192223235 lifecam22 2985.26293945 5316.23828125 6.10210180283
1478192223434 lifecam22 2974.63598633 5305.31103516 6.15746593475
1478192223494 lifecam22 2971.26538086 5302.34130859 6.18025922775
1478192223559 lifecam22 2969.07299805 5298.08056641 6.19109392166
1478192223626 lifecam22 2966.13354492 5293.42236328 6.20515441895
1478192223700 lifecam22 2963.25732422 5289.64599609 6.22396612167
1478192223975 lifecam22 2951.921875 5273.62304688 0.00571340648457
1478192224036 lifecam22 2951.09838867 5268.33789062 0.0163111127913
1478192224102 lifecam22 2949.59692383 5264.15478516 0.0318405069411
1478192224171 lifecam22 2946.82446289 5259.35058594 0.0529466345906
1478192224237 lifecam22 2943.19677734 5256.125 0.0793617367744
1478192224632 lifecam22 2931.01025391 5230.38867188 0.183590009809
1478192224690 lifecam22 2930.00708008 5225.21484375 0.195048049092
1478192224762 lifecam22 2928.46606445 5220.65771484 0.213796913624
1478192224830 lifecam22 2926.95849609 5216.58691406 0.227597773075
1478192224894 lifecam22 2928.4206543 5214.12402344 0.227558910847
1478192225170 lifecam22 2927.98608398 5214.79101562 0.225990116596
1478192225232 lifecam22 2928.59765625 5214.89257812 0.224258959293
1478192225304 lifecam22 2928.33178711 5214.95703125 0.225367605686
1478192225370 lifecam22 2928.63427734 5214.72851562 0.222738206387
1478192225438 lifecam22 2928.36816406 5214.79394531 0.223851621151
1478192225772 lifecam22 2928.33178711 5214.95703125 0.225367605686
1478192225835 lifecam22 2928.17895508 5214.93359375 0.225469991565
1478192225900 lifecam22 2928.36816406 5214.79394531 0.223851621151
1478192225970 lifecam22 2928.63427734 5214.72851562 0.222738206387
1478192226310 lifecam22 2928.36816406 5214.79394531 0.223851621151
1478192226377 lifecam22 2928.36816406 5214.79394531 0.223851621151
1478192226432 lifecam22 2928.40112305 5214.62890625 0.222333520651
1478192226505 lifecam22 2928.63427734 5214.72851562 0.222738206387
1478192226571 lifecam22 2928.36816406 5214.79394531 0.223851621151
1478192226911 lifecam22 2928.33178711 5214.95703125 0.225367605686
1478192226970 lifecam22 2928.36816406 5214.79394531 0.223851621151
1478192227041 lifecam22 2928.17895508 5214.93359375 0.225469991565
1478192227107 lifecam22 2928.7644043 5214.49267578 0.220397293568
