1478191711037 lifecam22 3345.44604492 5376.04003906 4.7271695137
1478191711109 lifecam22 3344.18481445 5375.38818359 4.72103977203
1478191711305 lifecam22 3345.21777344 5375.95849609 4.72640514374
1478191711366 lifecam22 3345.40112305 5375.99853516 4.72678184509
1478191711440 lifecam22 3346.17944336 5376.20068359 4.72867155075
1478191711511 lifecam22 3345.99633789 5376.16015625 4.72829627991
1478191711580 lifecam22 3346.17944336 5376.20068359 4.72867155075
1478191711848 lifecam22 3346.29589844 5376.17822266 4.7284655571
1478191711910 lifecam22 3347.10546875 5376.55908203 4.73081111908
1478191711971 lifecam22 3346.29589844 5376.17822266 4.7284655571
1478191712042 lifecam22 3346.41259766 5376.45166016 4.72964191437
1478191712111 lifecam22 3347.21826172 5376.59472656 4.731092453
1478191712378 lifecam22 3347.10546875 5376.55908203 4.73081111908
1478191712437 lifecam22 3346.13330078 5376.27929688 4.72677469254
1478191712511 lifecam22 3346.390625 5376.42822266 4.72942686081
1478191712576 lifecam22 3346.1796875 5376.20019531 4.72867107391
1478191712641 lifecam22 3346.17944336 5376.20068359 4.72867155075
1478191712973 lifecam22 3346.83935547 5376.34277344 4.72873687744
1478191713043 lifecam22 3346.74584961 5376.10644531 4.72779369354
1478191713108 lifecam22 3346.31005859 5376.22607422 4.72753667831
1478191713175 lifecam22 3346.73535156 5376.1171875 4.72662448883
1478191713240 lifecam22 3346.66845703 5375.62353516 4.72325611115
1478191713443 lifecam22 3348.13671875 5379.19433594 4.73771333694
1478191713510 lifecam22 3349.06787109 5379.85253906 4.74774742126
1478191713578 lifecam22 3347.89526367 5378.78662109 4.73645591736
1478191713641 lifecam22 3348.22973633 5379.90576172 4.73976325989
1478191713717 lifecam22 3346.83666992 5378.65332031 4.72174358368
1478191713971 lifecam22 3346.29589844 5376.17822266 4.7284655571
1478191714037 lifecam22 3341.78540039 5379.75634766 4.74637842178
1478191714108 lifecam22 3335.2590332 5384.73339844 4.77231884003
1478191714174 lifecam22 3333.38305664 5385.6875 4.78172969818
1478191714241 lifecam22 3329.92700195 5386.83642578 4.78593969345
1478191714515 lifecam22 3315.54980469 5393.98339844 4.85084199905
1478191714579 lifecam22 3312.11914062 5396.71533203 4.87000608444
1478191714644 lifecam22 3306.48901367 5396.65869141 4.87803936005
1478191714708 lifecam22 3302.40869141 5398.84912109 4.894510746
1478191714776 lifecam22 3297.6315918 5399.91552734 4.91354608536
1478191714988 lifecam22 3283.96899414 5403.99511719 4.96135473251
1478191715043 lifecam22 3279.8359375 5406.35009766 4.9806060791
1478191715118 lifecam22 3274.90209961 5407.43652344 4.99999475479
1478191715172 lifecam22 3271.09960938 5408.78466797 5.01402568817
1478191715246 lifecam22 3265.47387695 5408.97070312 5.03079080582
1478191715303 lifecam22 3260.66381836 5410.02050781 5.0456829071
1478191715517 lifecam22 3247.16918945 5412.92626953 5.09455823898
1478191715579 lifecam22 3242.10742188 5413.18066406 5.11616754532
1478191715653 lifecam22 3237.31201172 5413.35546875 5.12549495697
1478191715707 lifecam22 3232.38476562 5413.828125 5.1426024437
1478191715778 lifecam22 3227.67700195 5413.45849609 5.1552066803
1478191715975 lifecam22 3212.51049805 5414.0234375 5.20688533783
1478191716046 lifecam22 3207.67382812 5413.89794922 5.21981668472
1478191716113 lifecam22 3203.90039062 5413.53710938 5.23975753784
1478191716181 lifecam22 3198.56347656 5414.37695312 5.25797128677
1478191716255 lifecam22 3193.92114258 5412.28027344 5.26886129379
1478191716521 lifecam22 3175.3894043 5413.06054688 5.34331893921
1478191716584 lifecam22 3170.17919922 5410.98681641 5.35524988174
1478191716649 lifecam22 3166.26538086 5412.08056641 5.37726736069
1478191716717 lifecam22 3161.0480957 5410.05712891 5.39039468765
1478191716777 lifecam22 3156.48168945 5410.07714844 5.40792942047
1478191716986 lifecam22 3142.8425293 5408.27099609 5.46566724777
1478191717040 lifecam22 3138.43286133 5406.65429688 5.47823476791
1478191717114 lifecam22 3133.54638672 5406.8125 5.50415229797
1478191717178 lifecam22 3128.15087891 5407.14208984 5.53177928925
1478191717247 lifecam22 3124.47045898 5404.41210938 5.53763341904
1478191717525 lifecam22 3105.54492188 5397.94287109 5.60113811493
1478191717585 lifecam22 3100.78417969 5397.15966797 5.62444877625
1478191717651 lifecam22 3095.73999023 5394.32226562 5.6397190094
1478191717712 lifecam22 3091.91015625 5392.484375 5.65366601944
1478191717784 lifecam22 3087.43701172 5390.515625 5.66880559921
1478191718054 lifecam22 3071.12304688 5382.03515625 5.73594141006
1478191718124 lifecam22 3066.890625 5379.48242188 5.75029325485
1478191718176 lifecam22 3063.62304688 5374.83935547 5.75456428528
1478191718260 lifecam22 3058.99902344 5372.73242188 5.77587032318
1478191718317 lifecam22 2939.01904297 5756.38574219 2.4942510128
1478191718525 lifecam22 3043.49487305 5362.21337891 5.84267616272
1478191718583 lifecam22 3039.22338867 5359.40380859 5.85948896408
1478191718647 lifecam22 3035.64477539 5354.65283203 5.87244319916
1478191718713 lifecam22 3030.92797852 5353.21142578 5.89907646179
1478191718781 lifecam22 3027.84155273 5349.06738281 5.91085338593
1478191719054 lifecam22 3012.91748047 5339.22509766 5.97891235352
1478191719119 lifecam22 3008.99487305 5335.67285156 5.99767780304
1478191719185 lifecam22 3006.41015625 5332.08740234 6.00777721405
1478191719246 lifecam22 3001.72607422 5329.38916016 6.03448963165
1478191719313 lifecam22 2998.62573242 5325.85791016 6.04941654205
1478191719584 lifecam22 2985.8034668 5310.68603516 6.1152677536
1478191719651 lifecam22 2981.71704102 5306.11865234 6.13763427734
1478191719721 lifecam22 2979.79736328 5300.85742188 6.14756727219
1478191719789 lifecam22 2976.85668945 5300.39111328 6.16486930847
1478191719854 lifecam22 2975.19116211 5295.59130859 6.17635917664
1478191720129 lifecam22 2962.29394531 5281.61572266 6.25435447693
1478191720184 lifecam22 2960.61376953 5276.62792969 6.2676076889
1478191720259 lifecam22 2960.01269531 5270.59619141 6.27461242676
1478191720320 lifecam22 2958.55395508 5267.16699219 0.00919002573937
1478191720387 lifecam22 2953.27099609 5265.02197266 0.0438967421651
1478191720650 lifecam22 2945.34863281 5245.54931641 0.0956614688039
1478191720721 lifecam22 2944.36791992 5241.02392578 0.109126634896
1478191720788 lifecam22 2941.76928711 5237.46435547 0.129275023937
1478191720854 lifecam22 2941.28637695 5232.21289062 0.1407584548
1478191720913 lifecam22 2939.79248047 5227.21484375 0.154953569174
1478191721189 lifecam22 2933.45483398 5210.35205078 0.220140755177
1478191721262 lifecam22 2934.00610352 5212.28564453 0.211153194308
1478191721326 lifecam22 2933.86938477 5211.47314453 0.216568753123
1478191721389 lifecam22 2933.94042969 5211.63525391 0.212996780872
1478191721448 lifecam22 2933.54101562 5211.69140625 0.217814281583
1478191721655 lifecam22 2933.81787109 5211.5 0.215563029051
1478191721719 lifecam22 2933.81787109 5211.5 0.215563029051
1478191721796 lifecam22 2933.96923828 5211.52294922 0.215463727713
1478191721859 lifecam22 2933.81787109 5211.5 0.215563029051
1478191721915 lifecam22 2933.96923828 5211.52294922 0.215463727713
1478191722128 lifecam22 2933.44140625 5211.63427734 0.217507213354
1478191722187 lifecam22 2933.5925293 5211.65722656 0.217408239841
1478191722256 lifecam22 2933.96923828 5211.52294922 0.215463727713
1478191722318 lifecam22 2933.69189453 5211.71435547 0.217715099454
1478191722383 lifecam22 2933.5925293 5211.65722656 0.217408239841
1478191722723 lifecam22 2934.17822266 5211.28369141 0.212725579739
1478191722788 lifecam22 2933.44140625 5211.63427734 0.217507213354
1478191722863 lifecam22 2933.54101562 5211.69140625 0.217814281583
1478191722920 lifecam22 2933.96923828 5211.52294922 0.215463727713
1478191722989 lifecam22 2934.06884766 5211.57958984 0.215768784285
1478191723330 lifecam22 2933.96923828 5211.52294922 0.215463727713
1478191723394 lifecam22 2933.65209961 5211.39550781 0.214762747288
1478191723455 lifecam22 2934.06884766 5211.57958984 0.215768784285
1478191723526 lifecam22 2933.81787109 5211.5 0.215563029051
1478191723594 lifecam22 2933.81787109 5211.5 0.215563029051
1478191723644 lifecam22 2933.91772461 5211.55712891 0.215868294239
1478191723867 lifecam22 2933.96923828 5211.52294922 0.215463727713
1478191723919 lifecam22 2933.69189453 5211.71435547 0.217715099454
1478191723991 lifecam22 2933.91772461 5211.55712891 0.215868294239
1478191724060 lifecam22 2933.81787109 5211.5 0.215563029051
1478191724121 lifecam22 2934.17822266 5211.28369141 0.212725579739
1478191724460 lifecam22 2934.06884766 5211.57958984 0.215768784285
1478191724528 lifecam22 2933.81787109 5211.5 0.215563029051
1478191724597 lifecam22 2933.96923828 5211.52294922 0.215463727713
1478191724660 lifecam22 2933.96923828 5211.52294922 0.215463727713
1478191724726 lifecam22 2933.99365234 5211.2578125 0.214417755604
1478191724991 lifecam22 2934.17822266 5211.28369141 0.212725579739
1478191725063 lifecam22 2933.96923828 5211.52294922 0.215463727713
1478191725129 lifecam22 2933.69189453 5211.71435547 0.217715099454
1478191725190 lifecam22 2933.44140625 5211.63427734 0.217507213354
1478191725267 lifecam22 2933.5925293 5211.65722656 0.217408239841
1478191725462 lifecam22 2933.44140625 5211.63427734 0.217507213354
1478191725531 lifecam22 2934.06884766 5211.57958984 0.215768784285
1478191725602 lifecam22 2933.96923828 5211.52294922 0.215463727713
1478191725661 lifecam22 2934.06884766 5211.57958984 0.215768784285
