1478191927189 lifecam22 3344.52172852 5374.17675781 4.69456100464
1478191927240 lifecam22 3344.52026367 5374.57324219 4.69454526901
1478191927311 lifecam22 3344.57543945 5375.00048828 4.69977521896
1478191927515 lifecam22 3344.92382812 5376.03076172 4.70415973663
1478191927574 lifecam22 3344.68066406 5375.49853516 4.70190668106
1478191927644 lifecam22 3344.60107422 5375.5703125 4.70119190216
1478191927710 lifecam22 3344.26611328 5375.13232422 4.69937324524
1478191927778 lifecam22 3344.71289062 5375.39453125 4.7021894455
1478191928057 lifecam22 3345.26977539 5377.0859375 4.70739412308
1478191928104 lifecam22 3345.29589844 5376.67773438 4.70884847641
1478191928176 lifecam22 3344.88842773 5375.70898438 4.70380592346
1478191928246 lifecam22 3344.90209961 5375.43994141 4.70391082764
1478191928307 lifecam22 3345.14379883 5376.24853516 4.70617580414
1478191928510 lifecam22 3344.38232422 5375.65136719 4.70284605026
1478191928570 lifecam22 3344.92553711 5376.58007812 4.70663309097
1478191928650 lifecam22 3344.92651367 5376.64794922 4.70549821854
1478191928712 lifecam22 3344.17089844 5375.97558594 4.70579528809
1478191928784 lifecam22 3344.30322266 5378.24707031 4.71459436417
1478191929115 lifecam22 3343.86791992 5377.67236328 4.71227455139
1478191929176 lifecam22 3343.71533203 5377.2109375 4.71004152298
1478191929249 lifecam22 3342.53125 5377.10693359 4.70830249786
1478191929318 lifecam22 3341.33325195 5377.06396484 4.7038898468
1478191929373 lifecam22 3342.61865234 5377.45849609 4.71144485474
1478191929638 lifecam22 3344.49633789 5374.91357422 4.70018863678
1478191929726 lifecam22 3344.19824219 5374.25244141 4.69870948792
1478191929781 lifecam22 3345.80761719 5374.32470703 4.70732402802
1478191929845 lifecam22 3341.55932617 5381.35498047 4.73127794266
1478191929912 lifecam22 3339.48608398 5385.44726562 4.77733945847
1478191930182 lifecam22 3323.84838867 5391.74658203 4.81770801544
1478191930241 lifecam22 3318.37207031 5391.85986328 4.82378339767
1478191930310 lifecam22 3315.08496094 5395.79785156 4.84944629669
1478191930375 lifecam22 3311.09472656 5397.17285156 4.86662578583
1478191930458 lifecam22 3306.20483398 5399.703125 4.88791036606
1478191930848 lifecam22 3278.07275391 5407.30517578 4.979388237
1478191930913 lifecam22 3273.81542969 5407.53759766 4.99453020096
1478191930983 lifecam22 3269.25439453 5408.15820312 5.01072883606
1478191931052 lifecam22 3264.59082031 5409.35205078 5.02249193192
1478191931324 lifecam22 3245.69067383 5411.86572266 5.08935832977
1478191931382 lifecam22 3240.94628906 5413.0625 5.1075053215
1478191931444 lifecam22 3235.39257812 5412.86425781 5.12301778793
1478191931513 lifecam22 3231.47900391 5413.71435547 5.14078474045
1478191931581 lifecam22 3226.23876953 5412.25292969 5.15059280396
1478191931911 lifecam22 3202.72314453 5415.578125 5.24111127853
1478191931977 lifecam22 3200.81103516 5413.80175781 5.23615980148
1478191932120 lifecam22 3188.53320312 5414.24462891 5.28818368912
1478191932188 lifecam22 3183.484375 5414.46044922 5.30836105347
1478191932452 lifecam22 3164.36572266 5413.16943359 5.37981748581
1478191932513 lifecam22 3159.61132812 5412.52587891 5.3990945816
1478191932655 lifecam22 3150.54248047 5409.91943359 5.42828226089
1478191932713 lifecam22 3146.07788086 5411.18505859 5.45300292969
1478191933185 lifecam22 3114.2824707 5402.52197266 5.56942749023
1478191933247 lifecam22 3109.2409668 5401.64111328 5.59298992157
1478191933311 lifecam22 3105.01757812 5397.94189453 5.59874820709
1478191933384 lifecam22 3100.92431641 5396.3125 5.61495733261
1478191933653 lifecam22 3083.11303711 5387.73583984 5.68005037308
1478191933716 lifecam22 3078.85913086 5386.46679688 5.69843769073
1478191933779 lifecam22 3074.08837891 5383.5390625 5.71568489075
1478191933855 lifecam22 3070.75976562 5380.99316406 5.7311964035
1478191933912 lifecam22 3066.37915039 5379.27099609 5.74779129028
1478191934190 lifecam22 3050.01928711 5367.38134766 5.80620622635
1478191934245 lifecam22 3045.40820312 5366.33154297 5.83186912537
1478191934326 lifecam22 3042.02587891 5364.515625 5.85001182556
1478191934392 lifecam22 3037.98413086 5360.46484375 5.8637008667
1478191934449 lifecam22 3034.59790039 5358.69921875 5.8828830719
1478191934793 lifecam22 3015.79858398 5344.04492188 5.96696805954
1478191934855 lifecam22 3012.92553711 5339.62402344 5.97867441177
1478191934919 lifecam22 3007.84643555 5337.50732422 6.00272989273
1478191934993 lifecam22 3004.94970703 5334.09863281 6.0161948204
1478191935318 lifecam22 2987.38110352 5314.43408203 6.10668420792
1478191935388 lifecam22 2984.20825195 5311.28710938 6.12541532516
1478191935459 lifecam22 2981.93359375 5309.14404297 6.13370943069
1478191935520 lifecam22 2979.33056641 5304.66992188 6.14735269547
1478191935593 lifecam22 2976.24267578 5301.30224609 6.16478824615
1478191935852 lifecam22 2963.40234375 5286.40722656 6.24333429337
1478191935930 lifecam22 2961.57128906 5281.94921875 6.25717258453
1478191935988 lifecam22 2960.63476562 5276.45751953 6.26610136032
1478191936060 lifecam22 2959.59741211 5271.62207031 6.27728557587
1478191936118 lifecam22 2955.97167969 5268.15722656 0.0173454936594
1478191936392 lifecam22 2950.01489258 5250.06396484 0.0621336176991
1478191936452 lifecam22 2947.04858398 5246.14160156 0.0839856266975
1478191936522 lifecam22 2944.6496582 5242.01757812 0.105076491833
1478191936586 lifecam22 2941.60473633 5238.52392578 0.130764663219
1478191936659 lifecam22 2939.83959961 5233.515625 0.144268095493
1478191936989 lifecam22 2933.3034668 5212.4609375 0.222483471036
1478191937056 lifecam22 2933.64453125 5214.62158203 0.212082326412
1478191937118 lifecam22 2933.63793945 5213.73486328 0.213111579418
1478191937199 lifecam22 2934.35668945 5214.01074219 0.210577175021
1478191937265 lifecam22 2933.98681641 5214.02490234 0.211394965649
1478191937530 lifecam22 2934.3203125 5213.8984375 0.209657847881
1478191937591 lifecam22 2934.3203125 5213.8984375 0.209657847881
1478191937659 lifecam22 2934.35668945 5214.01074219 0.210577175021
1478191937724 lifecam22 2933.90014648 5213.96533203 0.211030453444
1478191937790 lifecam22 2934.3203125 5213.8984375 0.209657847881
1478191938061 lifecam22 2933.98681641 5214.02490234 0.211394965649
1478191938131 lifecam22 2934.3203125 5213.8984375 0.209657847881
1478191938196 lifecam22 2933.90014648 5213.96533203 0.211030453444
1478191938254 lifecam22 2933.90014648 5213.96533203 0.211030453444
1478191938334 lifecam22 2933.90014648 5213.96533203 0.211030453444
1478191938598 lifecam22 2933.98681641 5214.02490234 0.211394965649
1478191938660 lifecam22 2933.98681641 5214.02490234 0.211394965649
1478191938722 lifecam22 2933.98681641 5214.02490234 0.211394965649
1478191938792 lifecam22 2933.90014648 5213.96533203 0.211030453444
1478191938852 lifecam22 2933.98681641 5214.02490234 0.211394965649
1478191939131 lifecam22 2933.98681641 5214.02490234 0.211394965649
1478191939200 lifecam22 2934.3203125 5213.8984375 0.209657847881
1478191939265 lifecam22 2933.98681641 5214.02490234 0.211394965649
1478191939325 lifecam22 2933.98681641 5214.02490234 0.211394965649
1478191939394 lifecam22 2933.90014648 5213.96533203 0.211030453444
1478191939790 lifecam22 2934.3203125 5213.8984375 0.209657847881
1478191939863 lifecam22 2933.98681641 5214.02490234 0.211394965649
1478191939917 lifecam22 2934.23339844 5213.83837891 0.209294855595
1478191939992 lifecam22 2934.3203125 5213.8984375 0.209657847881
