1478194894878 lifecam22 3346.2331543 5373.33447266 4.67180299759
1478194895141 lifecam22 3345.36425781 5372.96533203 4.6679058075
1478194895213 lifecam22 3345.67773438 5373.40429688 4.6694984436
1478194895282 lifecam22 3345.33032227 5373.21386719 4.66753053665
1478194895349 lifecam22 3345.81542969 5373.25341797 4.66949033737
1478194895418 lifecam22 3345.76220703 5373.33740234 4.67026138306
1478194895680 lifecam22 3345.90039062 5373.18701172 4.67025470734
1478194895755 lifecam22 3345.71313477 5373.15673828 4.66987371445
1478194895816 lifecam22 3350.50537109 5374.90478516 4.68551445007
1478194895886 lifecam22 3350.19287109 5375.14208984 4.68753671646
1478194895944 lifecam22 3350.6159668 5374.85791016 4.68649339676
1478194896143 lifecam22 3347.79052734 5375.82519531 4.68388414383
1478194896213 lifecam22 3347.44995117 5374.82568359 4.68093919754
1478194896282 lifecam22 3350.5703125 5374.67431641 4.68609046936
1478194896355 lifecam22 3349.91186523 5374.87207031 4.68757486343
1478194896412 lifecam22 3350.39648438 5375.06298828 4.68691062927
1478194896610 lifecam22 3350.46386719 5375.10498047 4.6886844635
1478194896682 lifecam22 3350.48022461 5374.72363281 4.68649673462
1478194896745 lifecam22 3350.35327148 5374.99121094 4.68888425827
1478194896815 lifecam22 3350.41943359 5374.92138672 4.68828010559
1478194896877 lifecam22 3350.35400391 5375.15185547 4.68770694733
1478194897147 lifecam22 3350.41943359 5374.92138672 4.68828010559
1478194897215 lifecam22 3350.46191406 5374.83251953 4.68748474121
1478194897281 lifecam22 3350.37280273 5375.04296875 4.68671751022
1478194897353 lifecam22 3350.6159668 5374.85791016 4.68649339676
1478194897416 lifecam22 3350.48022461 5374.72363281 4.68649673462
1478194897688 lifecam22 3349.19555664 5374.57226562 4.68351697922
1478194897749 lifecam22 3350.1184082 5375.90185547 4.68823623657
1478194897813 lifecam22 3351.78759766 5378.77001953 4.69693803787
1478194897886 lifecam22 3350.65917969 5374.734375 4.68805122375
1478194897940 lifecam22 3350.6159668 5374.85791016 4.68649339676
1478194898288 lifecam22 3316.71728516 5367.22460938 4.6347899437
1478194898338 lifecam22 3307.75537109 5364.36083984 4.61932516098
1478194898417 lifecam22 3302.67114258 5364.42285156 4.62028741837
1478194898489 lifecam22 3292.89086914 5360.69189453 4.59075069427
1478194898544 lifecam22 3287.03979492 5359.30761719 4.58313560486
1478194898823 lifecam22 3255.74902344 5352.49169922 4.5216383934
1478194898885 lifecam22 3248.3112793 5351.43457031 4.50570487976
1478194898961 lifecam22 3240.48754883 5350.94824219 4.49811458588
1478194899025 lifecam22 3231.8371582 5349.30908203 4.47531557083
1478194899082 lifecam22 3224.65209961 5349.11376953 4.46179914474
1478194899479 lifecam22 3179.42333984 5345.60644531 4.37786531448
1478194899562 lifecam22 3170.98120117 5344.85644531 4.36282205582
1478194899621 lifecam22 3165.07714844 5346.3984375 4.35540962219
1478194899691 lifecam22 3156.74731445 5346.20019531 4.33867502213
1478194899743 lifecam22 3149.44750977 5346.57324219 4.32286548615
1478194900019 lifecam22 3117.49609375 5347.60351562 4.25642967224
1478194900088 lifecam22 3111.01806641 5349.67871094 4.25129318237
1478194900148 lifecam22 3102.38818359 5350.28955078 4.23331022263
1478194900223 lifecam22 3092.50585938 5350.73876953 4.2065653801
1478194900289 lifecam22 3085.85839844 5351.62792969 4.19329833984
1478194900692 lifecam22 3040.09545898 5360.64453125 4.10547733307
1478194900755 lifecam22 3032.40307617 5362.56835938 4.09062194824
1478194900818 lifecam22 3025.86743164 5364.78320312 4.07974386215
1478194900887 lifecam22 3020.27368164 5367.17675781 4.07251405716
1478194900959 lifecam22 3011.32348633 5369.59619141 4.05000400543
1478194901290 lifecam22 2975.53857422 5382.40283203 3.98217368126
1478194901359 lifecam22 2968.82836914 5385.01855469 3.96808433533
1478194901427 lifecam22 2960.31640625 5389.01025391 3.94339585304
1478194901489 lifecam22 2954.04101562 5392.34277344 3.9280731678
1478194901557 lifecam22 2947.43994141 5394.68212891 3.91368937492
1478194901885 lifecam22 2912.55541992 5412.34863281 3.8426425457
1478194901955 lifecam22 2905.6027832 5416.90917969 3.82631158829
1478194902025 lifecam22 2899.41870117 5420.76757812 3.81671571732
1478194902084 lifecam22 2892.51489258 5425.21972656 3.7967607975
1478194902441 lifecam22 2859.82495117 5446.28173828 3.72061920166
1478194902493 lifecam22 2852.83081055 5451.71533203 3.70406317711
1478194902560 lifecam22 2847.20751953 5455.83300781 3.69027447701
1478194902615 lifecam22 2841.49243164 5460.25439453 3.67735624313
1478194902695 lifecam22 2835.81323242 5465.88134766 3.66186308861
1478194902751 lifecam22 2829.55566406 5469.79248047 3.64506816864
1478194903027 lifecam22 2805.13208008 5490.86181641 3.57692670822
1478194903095 lifecam22 2801.02197266 5496.39111328 3.57225036621
1478194903160 lifecam22 2795.12670898 5502.06347656 3.55408334732
1478194903233 lifecam22 2790.60717773 5506.93652344 3.54356622696
1478194903296 lifecam22 2785.75390625 5512.94824219 3.53331041336
1478194903633 lifecam22 2758.71069336 5542.73144531 3.45359754562
1478194903687 lifecam22 2755.97314453 5548.49560547 3.44764089584
1478194903769 lifecam22 2750.52685547 5554.9921875 3.42866230011
1478194903842 lifecam22 2745.97680664 5561.3984375 3.41213417053
