1478194177237 lifecam22 3344.93212891 5372.45263672 4.65880393982
1478194177296 lifecam22 3344.32495117 5372.19677734 4.65516424179
1478194177365 lifecam22 3344.60205078 5372.17675781 4.65514993668
1478194177437 lifecam22 3343.94628906 5372.17773438 4.65474843979
1478194177632 lifecam22 3343.87792969 5372.24462891 4.6528429985
1478194177696 lifecam22 3343.60620117 5372.00048828 4.65174245834
1478194177764 lifecam22 3343.85644531 5372.10546875 4.65287208557
1478194177833 lifecam22 3343.57958984 5372.12695312 4.65288925171
1478194177898 lifecam22 3344.05688477 5372.09179688 4.65287637711
1478194178156 lifecam22 3344.15893555 5372.18652344 4.65249681473
1478194178233 lifecam22 3344.48168945 5372.33349609 4.65405845642
1478194178307 lifecam22 3344.19775391 5372.08251953 4.65288448334
1478194178371 lifecam22 3344.38549805 5372.10986328 4.65326118469
1478194178429 lifecam22 3344.30200195 5372.0859375 4.65412378311
1478194178638 lifecam22 3344.70874023 5372.25732422 4.65482234955
1478194178705 lifecam22 3344.10595703 5372.53857422 4.65307950974
1478194178762 lifecam22 3344.34667969 5372.21386719 4.65287256241
1478194178842 lifecam22 3344.70874023 5372.25732422 4.65482234955
1478194178898 lifecam22 3344.83203125 5372.36962891 4.65461778641
1478194179170 lifecam22 3344.62060547 5372.17480469 4.65400695801
1478194179235 lifecam22 3342.07128906 5371.26660156 4.6455206871
1478194179305 lifecam22 3332.72485352 5369.78125 4.63335418701
1478194179375 lifecam22 3322.08129883 5366.18261719 4.60845708847
1478194179440 lifecam22 3318.05371094 5363.66308594 4.59610557556
1478194179694 lifecam22 3287.51049805 5357.89111328 4.54625272751
1478194179755 lifecam22 3280.44287109 5356.328125 4.52970170975
1478194179847 lifecam22 3272.91674805 5355.53613281 4.51753664017
1478194179903 lifecam22 3264.79980469 5354.5078125 4.49901103973
1478194179972 lifecam22 3256.55297852 5353.31103516 4.48622179031
1478194180234 lifecam22 3225.28955078 5349.64257812 4.42029571533
1478194180297 lifecam22 3217.18408203 5348.25878906 4.40738582611
1478194180363 lifecam22 3210.77490234 5348.7890625 4.39464330673
1478194180431 lifecam22 3203.7175293 5349.21142578 4.38474607468
1478194180497 lifecam22 3195.40014648 5348.78271484 4.3702044487
1478194180698 lifecam22 3172.27587891 5349.45947266 4.32199382782
1478194180774 lifecam22 3164.85644531 5350.30419922 4.31124258041
1478194180832 lifecam22 3157.21850586 5350.26171875 4.29698181152
1478194180906 lifecam22 3149.31445312 5350.23730469 4.27791023254
1478194180968 lifecam22 3141.06323242 5350.28076172 4.26127004623
1478194181364 lifecam22 3094.24804688 5356.41455078 4.16935300827
1478194181440 lifecam22 3087.1394043 5358.45849609 4.15812826157
1478194181515 lifecam22 3080.03466797 5359.62109375 4.14408063889
1478194181563 lifecam22 3073.75146484 5361.18652344 4.13314056396
1478194181910 lifecam22 3034.58227539 5371.27441406 4.0511803627
1478194181969 lifecam22 3027.06860352 5374.06347656 4.04004001617
1478194182031 lifecam22 3020.44750977 5376.32226562 4.02881288528
1478194182099 lifecam22 3013.0925293 5378.97119141 4.01241731644
1478194182177 lifecam22 3007.99121094 5381.59179688 4.00883817673
1478194182511 lifecam22 2971.96533203 5395.74560547 3.92775249481
1478194182581 lifecam22 2963.10009766 5399.51318359 3.90232586861
1478194182629 lifecam22 2954.84667969 5404.16162109 3.88249993324
1478194182705 lifecam22 2948.69360352 5406.75488281 3.87160563469
1478194182775 lifecam22 2942.02563477 5410.8984375 3.85668826103
1478194183177 lifecam22 2902.74487305 5434.90771484 3.77026295662
1478194183228 lifecam22 2895.87744141 5439.56396484 3.75607442856
1478194183301 lifecam22 2889.88061523 5443.25585938 3.73813271523
1478194183452 lifecam22 2877.98339844 5452.91894531 3.71387863159
1478194183716 lifecam22 2852.15087891 5472.85058594 3.64682435989
1478194183783 lifecam22 2846.35546875 5477.01806641 3.63248682022
1478194183859 lifecam22 2840.66870117 5482.96728516 3.61783647537
1478194183910 lifecam22 2834.63818359 5486.84179688 3.60504436493
1478194183985 lifecam22 2830.53466797 5492.06884766 3.5938000679
1478194184248 lifecam22 2808.80029297 5514.15283203 3.53727483749
1478194184303 lifecam22 2804.4140625 5520.24365234 3.52404117584
1478194184368 lifecam22 2797.94580078 5525.91113281 3.50585031509
1478194184445 lifecam22 2793.68530273 5531.61523438 3.4968419075
1478194184512 lifecam22 2787.06152344 5538.06054688 3.47210836411
1478194184840 lifecam22 2764.39648438 5568.421875 3.40275812149
1478194184913 lifecam22 2759.25537109 5574.79638672 3.38780450821
1478194184975 lifecam22 2754.73193359 5581.40771484 3.3729224205
1478194185042 lifecam22 2751.0456543 5587.63232422 3.35970687866
1478194185104 lifecam22 2746.40039062 5594.33447266 3.34356546402
1478194185386 lifecam22 2731.54492188 5621.47314453 3.28417730331
1478194185441 lifecam22 2727.77661133 5628.74414062 3.272585392
1478194185522 lifecam22 2724.73706055 5635.38916016 3.25716733932
1478194185580 lifecam22 2721.45898438 5641.96826172 3.24958276749
1478194185631 lifecam22 2717.92871094 5648.56835938 3.23136806488
1478194185908 lifecam22 2705.74316406 5676.921875 3.17052936554
