1478194527175 lifecam22 3349.97558594 5375.30078125 4.69152975082
1478194527247 lifecam22 3349.69580078 5375.19140625 4.69038915634
1478194527311 lifecam22 3349.74316406 5375.23095703 4.69077777863
1478194527373 lifecam22 3349.97558594 5375.30078125 4.69152975082
1478194527439 lifecam22 3349.97558594 5375.30078125 4.69152975082
1478194527576 lifecam22 3350.15869141 5375.44384766 4.69428014755
1478194527626 lifecam22 3350.10595703 5375.27197266 4.69269561768
1478194527704 lifecam22 3350.10595703 5375.27197266 4.69269561768
1478194527774 lifecam22 3350.10595703 5375.27197266 4.69269561768
1478194527832 lifecam22 3350.27441406 5375.57519531 4.69423866272
1478194528118 lifecam22 3350.10595703 5375.27197266 4.69269561768
1478194528173 lifecam22 3349.97558594 5375.30078125 4.69152975082
1478194528259 lifecam22 3349.96313477 5375.27685547 4.69267034531
1478194528319 lifecam22 3349.44677734 5375.31933594 4.69143486023
1478194528392 lifecam22 3349.96313477 5375.27685547 4.69267034531
1478194528641 lifecam22 3349.48681641 5375.14111328 4.68982887268
1478194528695 lifecam22 3349.74633789 5375.59130859 4.69415187836
1478194528779 lifecam22 3349.29760742 5375.17871094 4.6914639473
1478194528847 lifecam22 3349.57739258 5375.28955078 4.69260406494
1478194528912 lifecam22 3349.57739258 5375.28955078 4.69260406494
1478194529182 lifecam22 3349.57739258 5375.28955078 4.69260406494
1478194529257 lifecam22 3350.10595703 5375.27197266 4.69269561768
1478194529314 lifecam22 3349.57739258 5375.28955078 4.69260406494
1478194529378 lifecam22 3349.46728516 5375.47998047 4.69300889969
1478194529450 lifecam22 3349.90893555 5375.67626953 4.69233226776
1478194529720 lifecam22 3349.57739258 5375.28955078 4.69260406494
1478194529783 lifecam22 3349.44677734 5375.31933594 4.69143486023
1478194529846 lifecam22 3349.35009766 5375.34912109 4.69304275513
1478194529918 lifecam22 3349.62060547 5375.47167969 4.69300937653
1478194529977 lifecam22 3350.1315918 5375.57958984 4.69421434402
1478194530252 lifecam22 3349.32104492 5375.19873047 4.69165754318
1478194530320 lifecam22 3350.27441406 5375.57519531 4.69423866272
1478194530383 lifecam22 3349.29760742 5375.17871094 4.6914639473
1478194530444 lifecam22 3349.34130859 5375.36083984 4.69186830521
1478194530516 lifecam22 3349.44677734 5375.31933594 4.69143486023
1478194530782 lifecam22 3348.93432617 5375.14013672 4.68954515457
1478194530851 lifecam22 3349.29760742 5375.17871094 4.6914639473
1478194530910 lifecam22 3349.96313477 5375.27685547 4.69267034531
1478194530985 lifecam22 3350.10595703 5375.27197266 4.69269561768
1478194531051 lifecam22 3349.16699219 5375.20947266 4.69029712677
1478194531451 lifecam22 3348.97851562 5375.32177734 4.68994855881
1478194531517 lifecam22 3349.21069336 5375.39208984 4.69070243835
1478194531581 lifecam22 3349.79711914 5375.76123047 4.69573020935
1478194531650 lifecam22 3349.16699219 5375.20947266 4.69029712677
1478194531724 lifecam22 3349.57739258 5375.28955078 4.69260406494
1478194531986 lifecam22 3349.57739258 5375.28955078 4.69260406494
1478194532060 lifecam22 3349.57739258 5375.28955078 4.69260406494
1478194532127 lifecam22 3349.87353516 5375.20117188 4.69194173813
1478194532187 lifecam22 3349.2824707 5375.44873047 4.69264173508
1478194532249 lifecam22 3349.5402832 5375.8125 4.69480037689
1478194532459 lifecam22 3349.29760742 5375.17871094 4.6914639473
1478194532519 lifecam22 3350.14916992 5375.45507812 4.69309902191
1478194532586 lifecam22 3349.96313477 5375.27685547 4.69267034531
1478194532648 lifecam22 3349.73608398 5375.33691406 4.69310998917
1478194532718 lifecam22 3349.57739258 5375.28955078 4.69260406494
1478194532987 lifecam22 3349.96313477 5375.27685547 4.69267034531
1478194533054 lifecam22 3349.14135742 5375.29833984 4.69248390198
1478194533120 lifecam22 3350.25366211 5375.55517578 4.69404888153
1478194533192 lifecam22 3349.46728516 5375.47998047 4.69300889969
1478194533262 lifecam22 3349.34130859 5375.36083984 4.69186830521
1478194533531 lifecam22 3349.57739258 5375.28955078 4.69260406494
1478194533584 lifecam22 3349.96313477 5375.27685547 4.69267034531
1478194533659 lifecam22 3350.18310547 5375.75 4.69579601288
1478194533710 lifecam22 3349.57739258 5375.28955078 4.69260406494
1478194533773 lifecam22 3350.10595703 5375.27197266 4.69269561768
1478194533992 lifecam22 3349.69580078 5375.19140625 4.69038915634
1478194534045 lifecam22 3349.87353516 5375.20117188 4.69194173813
1478194534121 lifecam22 3349.97558594 5375.30078125 4.69152975082
1478194534180 lifecam22 3349.97558594 5375.30078125 4.69152975082
1478194534246 lifecam22 3349.20605469 5375.03076172 4.68868398666
1478194534591 lifecam22 3349.97558594 5375.30078125 4.69152975082
1478194534653 lifecam22 3350.10595703 5375.27197266 4.69269561768
1478194534710 lifecam22 3349.97558594 5375.30078125 4.69152975082
1478194534795 lifecam22 3349.97558594 5375.30078125 4.69152975082
1478194534847 lifecam22 3349.5690918 5375.06982422 4.69060087204
1478194535061 lifecam22 3350.12255859 5375.44140625 4.69285964966
1478194535135 lifecam22 3350.08374023 5375.109375 4.69248056412
1478194535193 lifecam22 3349.69580078 5375.19140625 4.69038915634
1478194535257 lifecam22 3349.71923828 5375.2109375 4.69058227539
1478194535318 lifecam22 3349.97558594 5375.30078125 4.69152975082
1478194535653 lifecam22 3349.74316406 5375.23095703 4.69077777863
1478194535717 lifecam22 3349.97558594 5375.30078125 4.69152975082
1478194535788 lifecam22 3349.87915039 5375.33203125 4.69313573837
1478194535853 lifecam22 3349.74902344 5375.36181641 4.69197225571
1478194535924 lifecam22 3349.97558594 5375.30078125 4.69152975082
1478194536125 lifecam22 3349.97558594 5375.30078125 4.69152975082
1478194536187 lifecam22 3349.97558594 5375.30078125 4.69152975082
1478194536259 lifecam22 3349.59301758 5375.08984375 4.69079685211
1478194536326 lifecam22 3349.82617188 5375.16113281 4.69155216217
1478194536390 lifecam22 3349.85229492 5375.31884766 4.69289541245
1478194536714 lifecam22 3350.10595703 5375.27197266 4.69269561768
1478194536791 lifecam22 3349.82617188 5375.16113281 4.69155216217
1478194536851 lifecam22 3349.87353516 5375.20117188 4.69194173813
1478194536926 lifecam22 3349.87353516 5375.20117188 4.69194173813
1478194537004 lifecam22 3349.6171875 5375.10986328 4.69099092484
1478194537193 lifecam22 3349.95336914 5375.13818359 4.69131374359
1478194537262 lifecam22 3350.32592773 5375.74560547 4.69582176208
1478194537330 lifecam22 3349.82617188 5375.16113281 4.69155216217
1478194537396 lifecam22 3349.97558594 5375.30078125 4.69152975082
1478194537465 lifecam22 3349.97558594 5375.30078125 4.69152975082
1478194537733 lifecam22 3349.97949219 5375.31738281 4.69033193588
1478194537789 lifecam22 3350.03540039 5375.65136719 4.6921005249
1478194537866 lifecam22 3351.84741211 5378.96142578 4.70373916626
1478194537923 lifecam22 3351.89355469 5378.71044922 4.69788742065
1478194538010 lifecam22 3350.98291016 5374.81542969 4.69676780701
1478194538255 lifecam22 3344.47753906 5374.08105469 4.69541311264
1478194538324 lifecam22 3338.35498047 5374.16064453 4.70329380035
1478194538389 lifecam22 3331.09838867 5373.20703125 4.69494962692
1478194538468 lifecam22 3323.29174805 5368.87548828 4.66187858582
1478194538528 lifecam22 3315.08886719 5366.75830078 4.65313577652
1478194538798 lifecam22 3286.34130859 5359.80615234 4.59986495972
1478194538860 lifecam22 3277.32080078 5357.38525391 4.58145046234
1478194538929 lifecam22 3270.63549805 5355.90185547 4.56914901733
1478194538997 lifecam22 3262.69018555 5353.13183594 4.54971075058
1478194539061 lifecam22 3255.57250977 5352.79345703 4.5358133316
1478194539331 lifecam22 3224.90429688 5347.10302734 4.47667360306
1478194539397 lifecam22 3217.66503906 5347.05859375 4.46503210068
1478194539462 lifecam22 3209.50366211 5345.33398438 4.44269371033
1478194539531 lifecam22 3202.02441406 5344.83642578 4.42929840088
1478194539590 lifecam22 3193.85864258 5343.42871094 4.41531229019
1478194539860 lifecam22 3163.58911133 5342.74560547 4.35630083084
1478194539923 lifecam22 3155.92919922 5343.27441406 4.34281206131
1478194540003 lifecam22 3148.609375 5343.31054688 4.33387947083
1478194540063 lifecam22 3139.35302734 5343.08789062 4.31594085693
1478194540138 lifecam22 3131.87890625 5343.31884766 4.29773902893
1478194540391 lifecam22 3103.4765625 5347.77246094 4.25563764572
1478194540461 lifecam22 3094.01220703 5348.13720703 4.22901248932
1478194540533 lifecam22 3088.00927734 5349.18212891 4.2232465744
1478194540586 lifecam22 3079.68994141 5350.30566406 4.20319604874
1478194540658 lifecam22 3071.21435547 5351.28271484 4.18606233597
1478194540943 lifecam22 3042.47021484 5357.62304688 4.13244771957
1478194541000 lifecam22 3033.3918457 5359.84814453 4.11286830902
1478194541062 lifecam22 3026.37646484 5361.16015625 4.09675598145
1478194541139 lifecam22 3018.66430664 5363.95458984 4.08031749725
1478194541201 lifecam22 3012.26977539 5365.68701172 4.06842660904
1478194541469 lifecam22 2982.42236328 5375.92431641 4.0100774765
1478194541524 lifecam22 2973.32910156 5378.08203125 3.98625779152
1478194541597 lifecam22 2967.33837891 5380.64355469 3.97610449791
1478194541653 lifecam22 2961.08544922 5383.50097656 3.96048903465
1478194541727 lifecam22 2951.03613281 5386.59375 3.93155264854
1478194541994 lifecam22 2924.57104492 5399.31835938 3.88346171379
1478194542123 lifecam22 2910.91870117 5407.75585938 3.85366034508
1478194542200 lifecam22 2904.64990234 5411.42919922 3.84247589111
1478194542265 lifecam22 2898.26757812 5414.81298828 3.82830023766
1478194542542 lifecam22 2871.41625977 5431.37792969 3.76451015472
1478194542593 lifecam22 2864.37939453 5435.41748047 3.74665260315
1478194542667 lifecam22 2859.23706055 5440.33691406 3.7379693985
1478194542743 lifecam22 2852.42773438 5445.05029297 3.72469782829
1478194542868 lifecam22 2840.44726562 5454.43066406 3.69301509857
1478194543080 lifecam22 2820.74511719 5469.00146484 3.64102315903
1478194543131 lifecam22 2815.99755859 5473.84179688 3.62874555588
1478194543200 lifecam22 2810.49707031 5478.67041016 3.61670541763
1478194543259 lifecam22 2803.97290039 5484.11816406 3.59693384171
1478194543330 lifecam22 2797.71679688 5490.35742188 3.58063554764
1478194543606 lifecam22 2777.25219727 5512.53417969 3.53149080276
1478194543659 lifecam22 2771.27905273 5518.61669922 3.50902938843
1478194543736 lifecam22 2766.60131836 5523.91601562 3.49895381927
1478194543796 lifecam22 2761.59521484 5529.72558594 3.4847407341
1478194543868 lifecam22 2757.08496094 5535.51416016 3.47033452988
1478194544136 lifecam22 2738.14379883 5558.99560547 3.41709423065
1478194544195 lifecam22 2734.11230469 5565.65332031 3.40075111389
1478194544268 lifecam22 2727.90893555 5572.30224609 3.37902021408
1478194544332 lifecam22 2725.18676758 5578.52001953 3.36733722687
1478194544407 lifecam22 2720.88916016 5584.82128906 3.35510349274
1478194544673 lifecam22 2704.61572266 5612.44824219 3.2888584137
1478194544726 lifecam22 2700.92822266 5618.87988281 3.27766084671
1478194544794 lifecam22 2697.37939453 5626.42138672 3.26223421097
1478194544873 lifecam22 2694.45922852 5632.62255859 3.2499704361
