1478195169975 lifecam22 3345.75170898 5373.03417969 4.65867424011
1478195170042 lifecam22 3345.98706055 5372.95556641 4.65943241119
1478195170094 lifecam22 3345.97924805 5372.81494141 4.65943956375
1478195170172 lifecam22 3345.71826172 5372.72900391 4.65848731995
1478195170440 lifecam22 3345.79248047 5372.93164062 4.65906572342
1478195170500 lifecam22 3345.75170898 5373.03417969 4.65867424011
1478195170568 lifecam22 3346.37890625 5373.30761719 4.66158485413
1478195170628 lifecam22 3346.42089844 5373.20605469 4.66197824478
1478195170702 lifecam22 3346.08666992 5372.91748047 4.66044473648
1478195170969 lifecam22 3346.30541992 5373.10449219 4.66100168228
1478195171037 lifecam22 3346.11865234 5373.22167969 4.66063261032
1478195171111 lifecam22 3346.53466797 5373.28613281 4.66162538528
1478195171178 lifecam22 3346.37890625 5373.30761719 4.66158485413
1478195171241 lifecam22 3346.22509766 5373.16113281 4.66028785706
1478195171512 lifecam22 3346.37890625 5373.30761719 4.66158485413
1478195171577 lifecam22 3346.37890625 5373.30761719 4.66158485413
1478195171644 lifecam22 3346.30541992 5373.10449219 4.66100168228
1478195171712 lifecam22 3346.37890625 5373.30761719 4.66158485413
1478195171769 lifecam22 3346.42749023 5373.34619141 4.66197109222
1478195172050 lifecam22 3345.92260742 5373.17675781 4.65894079208
1478195172097 lifecam22 3346.37890625 5373.30761719 4.66158485413
1478195172174 lifecam22 3346.41918945 5373.18310547 4.66064119339
1478195172241 lifecam22 3346.42089844 5373.20605469 4.66197824478
1478195172303 lifecam22 3346.11865234 5373.22167969 4.66063261032
1478195172655 lifecam22 3346.68725586 5373.43164062 4.66292095184
1478195172705 lifecam22 3349.45727539 5375.59082031 4.66874027252
1478195172773 lifecam22 3349.3605957 5374.62060547 4.66765832901
1478195172831 lifecam22 3349.39208984 5374.65820312 4.67440366745
1478195172904 lifecam22 3347.3034668 5373.68115234 4.66559123993
1478195173255 lifecam22 3325.00634766 5370.22070312 4.63809108734
1478195173312 lifecam22 3316.05932617 5368.38330078 4.62186765671
1478195173377 lifecam22 3307.82421875 5366.00830078 4.60377264023
1478195173444 lifecam22 3301.11547852 5363.21337891 4.58464002609
1478195173511 lifecam22 3292.66430664 5360.92236328 4.57046747208
1478195173855 lifecam22 3254.33154297 5353.62646484 4.49867582321
1478195173914 lifecam22 3246.3840332 5352.93701172 4.48069047928
1478195173983 lifecam22 3238.10668945 5352.07080078 4.46513843536
1478195174048 lifecam22 3231.70825195 5351.40722656 4.45436096191
1478195174116 lifecam22 3225.16479492 5351.09326172 4.44264650345
1478195174375 lifecam22 3194.41186523 5349.34375 4.39043474197
1478195174447 lifecam22 3187.09692383 5348.92089844 4.37509536743
1478195174513 lifecam22 3178.04541016 5348.44873047 4.35325670242
1478195174583 lifecam22 3169.75146484 5348.25048828 4.33544635773
1478195174651 lifecam22 3162.86938477 5348.54150391 4.32395076752
1478195174922 lifecam22 3132.8059082 5350.50878906 4.27143144608
1478195174977 lifecam22 3125.11816406 5350.76025391 4.24993896484
1478195175044 lifecam22 3116.48608398 5352.58251953 4.23818302155
1478195175121 lifecam22 3108.6418457 5352.95068359 4.21918106079
1478195175184 lifecam22 3101.3503418 5354.41113281 4.2059803009
1478195175460 lifecam22 3070.28491211 5359.59375 4.14461946487
1478195175518 lifecam22 3063.02392578 5361.55029297 4.13270902634
1478195175586 lifecam22 3055.40380859 5363.33935547 4.11944150925
1478195175708 lifecam22 3040.25244141 5367.64550781 4.09020519257
1478195175914 lifecam22 3018.32128906 5374.01611328 4.04213047028
1478195175984 lifecam22 3012.61547852 5376.64648438 4.03691339493
1478195176059 lifecam22 3004.4375 5378.64257812 4.02008628845
1478195176122 lifecam22 2997.18041992 5381.73193359 4.00095701218
1478195176185 lifecam22 2991.02587891 5384.61279297 3.99170041084
1478195176451 lifecam22 2960.04101562 5397.95605469 3.92104029655
1478195176519 lifecam22 2953.68481445 5401.27832031 3.90734100342
1478195176597 lifecam22 2947.32470703 5403.28515625 3.898696661
1478195176640 lifecam22 2939.84423828 5406.85595703 3.87689304352
1478195176728 lifecam22 2934.11669922 5410.58935547 3.86644244194
1478195176985 lifecam22 2906.53271484 5425.33496094 3.80422234535
1478195177054 lifecam22 2899.32958984 5430.04101562 3.78546714783
1478195177128 lifecam22 2892.61401367 5433.50439453 3.76982355118
1478195177195 lifecam22 2886.35400391 5438.48730469 3.75335264206
1478195177261 lifecam22 2878.3737793 5442.92822266 3.7334318161
1478195177593 lifecam22 2850.00146484 5465.77539062 3.67194390297
1478195177645 lifecam22 2844.53735352 5470.97900391 3.6560857296
1478195177725 lifecam22 2839.20751953 5475.83789062 3.64585876465
1478195177780 lifecam22 2832.62084961 5481.60449219 3.62892436981
1478195177853 lifecam22 2827.02587891 5486.55908203 3.61569595337
1478195178049 lifecam22 2810.5 5503.02294922 3.57407712936
1478195178132 lifecam22 2804.41699219 5507.73388672 3.55542898178
1478195178186 lifecam22 2799.53442383 5513.73632812 3.54043006897
1478195178249 lifecam22 2793.60473633 5519.24755859 3.52243041992
1478195178322 lifecam22 2788.56201172 5524.60644531 3.51096200943
1478195178586 lifecam22 2769.29785156 5548.52197266 3.45509576797
1478195178656 lifecam22 2763.92480469 5555.22460938 3.43537998199
1478195178726 lifecam22 2760.24902344 5561.43701172 3.42402696609
1478195178849 lifecam22 2751.20800781 5573.89160156 3.39335584641
1478195179062 lifecam22 2737.86132812 5593.51367188 3.35058307648
1478195179116 lifecam22 2733.33544922 5599.42919922 3.33544969559
1478195179199 lifecam22 2729.03173828 5606.8828125 3.31893968582
1478195179249 lifecam22 2725.59985352 5613.40966797 3.30779838562
1478195179316 lifecam22 2720.72314453 5619.99169922 3.28752422333
1478195179595 lifecam22 2706.35180664 5648.27099609 3.2241435051
1478195179661 lifecam22 2703.60864258 5654.86572266 3.21189498901
1478195179717 lifecam22 2700.77978516 5662.22021484 3.20180511475
1478195179784 lifecam22 2696.64746094 5669.60546875 3.18056106567
