1478195147474 lifecam22 3343.34667969 5375.27490234 4.64471197128
1478195147528 lifecam22 3343.60107422 5375.62988281 4.64956855774
1478195147616 lifecam22 3343.56420898 5375.71533203 4.64912700653
1478195147670 lifecam22 3343.3527832 5375.6875 4.64866828918
1478195147741 lifecam22 3343.28466797 5375.75537109 4.64925765991
1478195148008 lifecam22 3343.08178711 5375.95458984 4.64977931976
1478195148069 lifecam22 3343.16601562 5375.89550781 4.64806461334
1478195148150 lifecam22 3343.26953125 5375.85839844 4.64900684357
1478195148207 lifecam22 3343.16601562 5375.89550781 4.64806461334
1478195148269 lifecam22 3343.31689453 5376.29931641 4.64922046661
1478195148546 lifecam22 3343.16601562 5375.89550781 4.64806461334
1478195148598 lifecam22 3343.16601562 5375.89550781 4.64806461334
1478195148667 lifecam22 3343.31689453 5376.29931641 4.64922046661
1478195148739 lifecam22 3343.21435547 5375.96728516 4.64846420288
1478195148805 lifecam22 3343.16601562 5375.89550781 4.64806461334
1478195149018 lifecam22 3343.43261719 5376.00048828 4.6492357254
1478195149078 lifecam22 3343.48120117 5376.07080078 4.64963722229
1478195149149 lifecam22 3343.43261719 5376.00048828 4.6492357254
1478195149205 lifecam22 3343.43261719 5376.00048828 4.6492357254
1478195149276 lifecam22 3343.76879883 5376.30810547 4.65208530426
1478195149539 lifecam22 3343.3527832 5375.6875 4.64866828918
1478195149604 lifecam22 3343.43261719 5376.00048828 4.6492357254
1478195149666 lifecam22 3344.47558594 5376.13427734 4.65091133118
1478195149735 lifecam22 3344.42333984 5376.73291016 4.65285396576
1478195149818 lifecam22 3344.16064453 5376.39160156 4.65191507339
1478195150022 lifecam22 3341.75244141 5376.35400391 4.64986085892
1478195150070 lifecam22 3330.40649414 5374.50683594 4.63439798355
1478195150140 lifecam22 3323.87524414 5372.64208984 4.62388181686
1478195150214 lifecam22 3317.32568359 5371.09814453 4.6139292717
1478195150279 lifecam22 3309.29052734 5369.54833984 4.59786462784
1478195150610 lifecam22 3270.01025391 5359.69482422 4.51209783554
1478195150672 lifecam22 3262.72827148 5359.08642578 4.50345230103
1478195150740 lifecam22 3253.99243164 5357.34228516 4.48219776154
1478195150808 lifecam22 3247.5793457 5357.81103516 4.4750213623
1478195150885 lifecam22 3240.20703125 5357.04150391 4.46376514435
1478195151147 lifecam22 3209.39599609 5354.38427734 4.40246915817
1478195151212 lifecam22 3202.09765625 5354.29052734 4.39166975021
1478195151269 lifecam22 3193.24023438 5353.67431641 4.37142848969
1478195151339 lifecam22 3185.96044922 5353.57470703 4.35821485519
1478195151408 lifecam22 3177.55102539 5353.32373047 4.34035682678
1478195151682 lifecam22 3147.0090332 5354.75341797 4.28087472916
1478195151755 lifecam22 3140.05908203 5354.13818359 4.26609134674
1478195151823 lifecam22 3132.87133789 5356.28710938 4.25682401657
1478195151871 lifecam22 3125.42016602 5356.57568359 4.24418592453
1478195151950 lifecam22 3116.30395508 5357.09375 4.22323465347
1478195152223 lifecam22 3086.70996094 5363.17236328 4.16870117188
1478195152275 lifecam22 3077.89379883 5364.28027344 4.14781951904
1478195152357 lifecam22 3070.58935547 5366.32226562 4.13720035553
1478195152415 lifecam22 3062.41503906 5368.22460938 4.12135457993
1478195152476 lifecam22 3055.33300781 5369.5625 4.10634326935
1478195152745 lifecam22 3023.89379883 5378.62792969 4.0426158905
1478195152815 lifecam22 3018.2565918 5380.83300781 4.02988910675
1478195152890 lifecam22 3011.21630859 5383.62548828 4.01626873016
1478195152946 lifecam22 3003.60913086 5385.52148438 3.99849891663
1478195153017 lifecam22 2995.97290039 5388.97363281 3.98076176643
1478195153286 lifecam22 2967.85888672 5399.49316406 3.92537522316
1478195153343 lifecam22 2958.37744141 5404.47558594 3.89630150795
1478195153408 lifecam22 2953.31420898 5407.45849609 3.89366078377
1478195153481 lifecam22 2946.01708984 5411.26318359 3.87433171272
1478195153548 lifecam22 2939.84082031 5414.89453125 3.860216856
1478195153752 lifecam22 2920.17138672 5426.37353516 3.82033014297
1478195153823 lifecam22 2913.81347656 5430.19873047 3.80693793297
1478195153876 lifecam22 2906.75219727 5435.12255859 3.78724503517
1478195153952 lifecam22 2900.3269043 5438.20458984 3.77690577507
1478195154028 lifecam22 2893.35986328 5442.38183594 3.75609326363
1478195154341 lifecam22 2861.88793945 5465.43212891 3.68120074272
1478195154430 lifecam22 2855.67163086 5470.15625 3.66812849045
1478195154483 lifecam22 2849.00097656 5475.19384766 3.6496284008
1478195154551 lifecam22 2843.76928711 5480.84960938 3.63895368576
1478195154614 lifecam22 2838.46264648 5484.75048828 3.62766170502
1478195154951 lifecam22 2810.49658203 5512.19287109 3.55343723297
1478195155022 lifecam22 2805.52978516 5518.28027344 3.54121494293
1478195155092 lifecam22 2800.77172852 5523.88232422 3.52857446671
1478195155147 lifecam22 2795.00195312 5529.07714844 3.51313495636
1478195155222 lifecam22 2790.15283203 5535.02392578 3.49596691132
1478195155479 lifecam22 2770.46166992 5559.38134766 3.43712186813
1478195155543 lifecam22 2766.20825195 5565.3828125 3.42248344421
1478195155614 lifecam22 2762.12890625 5571.41259766 3.41037321091
1478195155677 lifecam22 2756.71240234 5578.94824219 3.38932943344
1478195155750 lifecam22 2752.14746094 5585.13623047 3.37109613419
1478195156022 lifecam22 2734.35449219 5612.22949219 3.31015729904
1478195156093 lifecam22 2731.36254883 5618.61572266 3.29503107071
1478195156153 lifecam22 2727.43725586 5624.99365234 3.28589773178
1478195156224 lifecam22 2724.42358398 5631.09863281 3.27304363251
1478195156291 lifecam22 2719.45581055 5639.14257812 3.25256252289
1478195156551 lifecam22 2706.67333984 5666.33300781 3.19612646103
1478195156624 lifecam22 2703.25952148 5674.81982422 3.1758890152
1478195156685 lifecam22 2700.71777344 5680.01025391 3.16606140137
1478195156743 lifecam22 2698.50805664 5687.29345703 3.15245437622
