1478194836733 lifecam22 3346.57617188 5373.20458984 4.63186645508
1478194836989 lifecam22 3343.78686523 5373.79980469 4.63652086258
1478194837047 lifecam22 3343.48291016 5373.70703125 4.63407278061
1478194837131 lifecam22 3343.58496094 5373.8984375 4.63729333878
1478194837186 lifecam22 3343.79077148 5374.20166016 4.63766384125
1478194837252 lifecam22 3343.36401367 5373.84326172 4.63517904282
1478194837533 lifecam22 3343.61499023 5374.05908203 4.63883256912
1478194837605 lifecam22 3343.76855469 5373.92529297 4.63653469086
1478194837653 lifecam22 3343.67700195 5374.22265625 4.63917779922
1478194837724 lifecam22 3343.53222656 5374.24267578 4.63784265518
1478194837797 lifecam22 3343.65185547 5373.96142578 4.63653612137
1478194837995 lifecam22 3344.04785156 5374.43945312 4.64123106003
1478194838057 lifecam22 3343.65185547 5373.96142578 4.63653612137
1478194838124 lifecam22 3343.84570312 5374.13623047 4.63846349716
1478194838192 lifecam22 3343.68041992 5374.12158203 4.63807106018
1478194838258 lifecam22 3343.67700195 5374.22265625 4.63917779922
1478194838597 lifecam22 3344.01293945 5374.54003906 4.63949108124
1478194838665 lifecam22 3343.72436523 5374.13818359 4.63842201233
1478194838724 lifecam22 3343.78686523 5373.79980469 4.63652086258
1478194838791 lifecam22 3343.6237793 5373.94580078 4.63520240784
1478194838859 lifecam22 3343.64379883 5373.8203125 4.63519287109
1478194839193 lifecam22 3344.08056641 5373.79833984 4.63558101654
1478194839262 lifecam22 3344.23583984 5373.44726562 4.63096666336
1478194839326 lifecam22 3344.26928711 5373.86865234 4.63231134415
1478194839396 lifecam22 3344.01049805 5373.7890625 4.63134908676
1478194839464 lifecam22 3343.90283203 5373.42675781 4.63176298141
1478194839722 lifecam22 3343.90283203 5373.42675781 4.63176298141
1478194839793 lifecam22 3344.00048828 5373.63720703 4.6338353157
1478194839918 lifecam22 3344.04736328 5373.40576172 4.63309144974
1478194839999 lifecam22 3344.37817383 5373.93945312 4.63573932648
1478194840184 lifecam22 3344.04736328 5373.40576172 4.63309144974
1478194840272 lifecam22 3343.92431641 5372.93212891 4.6285033226
1478194840338 lifecam22 3343.77929688 5374.36328125 4.63028144836
1478194840400 lifecam22 3343.34863281 5375.00195312 4.63693237305
1478194840463 lifecam22 3343.66552734 5374.625 4.6339058876
1478194840660 lifecam22 3343.81152344 5374.23681641 4.63672399521
1478194840724 lifecam22 3342.02612305 5374.02148438 4.63723373413
1478194840791 lifecam22 3331.98706055 5372.31396484 4.62737751007
1478194840873 lifecam22 3323.06616211 5368.05419922 4.599173069
1478194840926 lifecam22 3318.23901367 5367.91796875 4.59581375122
1478194841201 lifecam22 3284.26416016 5360.06982422 4.52404212952
1478194841274 lifecam22 3278.9519043 5359.609375 4.518887043
1478194841327 lifecam22 3271.73583984 5359.08300781 4.50558423996
1478194841393 lifecam22 3263.4934082 5357.33105469 4.48947906494
1478194841463 lifecam22 3255.31079102 5356.81103516 4.47248077393
1478194841722 lifecam22 3224.23217773 5353.56884766 4.41434574127
1478194841790 lifecam22 3216.72338867 5353.74755859 4.40284585953
1478194841861 lifecam22 3208.72729492 5352.96435547 4.38600254059
1478194841934 lifecam22 3201.43212891 5352.75439453 4.3738899231
1478194842213 lifecam22 3170.37646484 5352.29931641 4.30774450302
1478194842270 lifecam22 3163.11816406 5352.98974609 4.29839324951
1478194842335 lifecam22 3155.52319336 5354.53271484 4.28548574448
1478194842398 lifecam22 3147.51586914 5354.25146484 4.27194166183
1478194842458 lifecam22 3139.78881836 5355.49072266 4.25921010971
1478194842732 lifecam22 3108.52832031 5359.36816406 4.19325494766
1478194842801 lifecam22 3100.86132812 5361.22070312 4.17764806747
1478194842868 lifecam22 3094.3359375 5362.55957031 4.16774606705
1478194842938 lifecam22 3085.11816406 5363.85449219 4.14821100235
1478194843000 lifecam22 3078.78295898 5365.65429688 4.13602781296
1478194843201 lifecam22 3056.49365234 5371.20898438 4.09270238876
1478194843266 lifecam22 3048.1862793 5373.02734375 4.0751914978
1478194843332 lifecam22 3040.62988281 5374.59326172 4.05836105347
1478194843396 lifecam22 3032.76977539 5377.328125 4.04093265533
1478194843472 lifecam22 3024.58911133 5379.68652344 4.02263879776
1478194843803 lifecam22 2990.75463867 5394.17041016 3.95829629898
1478194843866 lifecam22 2980.85742188 5397.42626953 3.92771601677
1478194843940 lifecam22 2975.05908203 5399.14453125 3.9232814312
1478194843998 lifecam22 2969.56176758 5402.75146484 3.90993452072
1478194844066 lifecam22 2962.14282227 5405.74414062 3.89417862892
1478194844403 lifecam22 2928.12792969 5425.34179688 3.82094526291
1478194844472 lifecam22 2920.57568359 5429.22607422 3.79989218712
1478194844536 lifecam22 2913.79614258 5433.86669922 3.78056502342
1478194844655 lifecam22 2901.40161133 5441.20068359 3.75722837448
1478194844927 lifecam22 2876.92285156 5460.95458984 3.70109820366
1478194845010 lifecam22 2870.71801758 5465.23730469 3.68364787102
1478194845071 lifecam22 2864.8425293 5470.47070312 3.67072892189
1478194845142 lifecam22 2859.46728516 5474.62988281 3.65747904778
1478194845205 lifecam22 2853.26538086 5480.63720703 3.64085435867
1478194845593 lifecam22 2817.73681641 5511.76367188 3.54770612717
1478194845671 lifecam22 2813.13769531 5517.30712891 3.5367603302
1478194845743 lifecam22 2807.84472656 5522.89990234 3.51935625076
1478194845797 lifecam22 2802.49853516 5528.51220703 3.50266313553
1478194846084 lifecam22 2782.68701172 5552.82666016 3.44523096085
1478194846140 lifecam22 2777.30371094 5559.47802734 3.43074083328
1478194846204 lifecam22 2772.66357422 5565.59423828 3.41015672684
1478194846277 lifecam22 2768.51806641 5572.00195312 3.40139532089
1478194846338 lifecam22 2763.82104492 5577.70263672 3.38502168655
1478194846613 lifecam22 2749.45800781 5603.69238281 3.33821201324
1478194846657 lifecam22 2744.29858398 5610.71191406 3.31757879257
1478194846737 lifecam22 2740.91162109 5617.67138672 3.30364370346
1478194846805 lifecam22 2735.95703125 5624.86132812 3.28424453735
1478194846875 lifecam22 2732.02270508 5630.93261719 3.26877260208
1478194847142 lifecam22 2717.8918457 5660.39111328 3.20594358444
1478194847196 lifecam22 2715.63525391 5667.32421875 3.19380998611
1478194847266 lifecam22 2712.26708984 5673.00830078 3.18730449677
1478194847338 lifecam22 2711.20117188 5679.50292969 3.18527698517
1478194847412 lifecam22 2708.41308594 5686.13623047 3.16750860214
