1478191952345 lifecam22 3341.64135742 5373.66650391 4.70464468002
1478191952411 lifecam22 3341.82910156 5373.58544922 4.70386743546
1478191952475 lifecam22 3341.71606445 5373.3828125 4.70191955566
1478191952746 lifecam22 3343.52661133 5373.37548828 4.70184659958
1478191952817 lifecam22 3342.74389648 5372.81298828 4.6964173317
1478191952874 lifecam22 3343.61767578 5373.93798828 4.69340467453
1478191952953 lifecam22 3344.41992188 5374.76318359 4.69726514816
1478191953008 lifecam22 3344.11914062 5374.56835938 4.69544553757
1478191953207 lifecam22 3344.43115234 5374.53369141 4.6973028183
1478191953276 lifecam22 3344.13916016 5373.64550781 4.69114875793
1478191953343 lifecam22 3344.13916016 5373.64550781 4.69114875793
1478191953421 lifecam22 3343.87988281 5373.26953125 4.68743419647
1478191953489 lifecam22 3343.92236328 5373.30566406 4.68781375885
1478191953750 lifecam22 3343.8762207 5373.25390625 4.68880319595
1478191953812 lifecam22 3344.23632812 5374.04003906 4.69448280334
1478191953875 lifecam22 3344.52539062 5371.24511719 4.6958527565
1478191953953 lifecam22 3345.65991211 5374.06933594 4.70614719391
1478191954023 lifecam22 3345.24975586 5373.24902344 4.70367383957
1478191954289 lifecam22 3345.57617188 5372.99121094 4.70402193069
1478191954362 lifecam22 3345.8527832 5373.39746094 4.70652151108
1478191954426 lifecam22 3345.64624023 5373.48876953 4.70595169067
1478191954482 lifecam22 3345.64624023 5373.48876953 4.70595169067
1478191954547 lifecam22 3345.64624023 5373.48876953 4.70595169067
1478191954817 lifecam22 3345.87939453 5373.87011719 4.70807170868
1478191954891 lifecam22 3343.37084961 5371.92480469 4.69230747223
1478191954952 lifecam22 3345.25024414 5373.79003906 4.7046751976
1478191955023 lifecam22 3343.64404297 5372.38916016 4.69428253174
1478191955083 lifecam22 3344.76416016 5373.01367188 4.70025014877
1478191955356 lifecam22 3344.33374023 5372.75195312 4.69775772095
1478191955420 lifecam22 3344.33374023 5372.75195312 4.69775772095
1478191955490 lifecam22 3344.56616211 5372.82470703 4.69962358475
1478191955557 lifecam22 3344.8215332 5372.98779297 4.70118236542
1478191955614 lifecam22 3344.56616211 5372.82470703 4.69962358475
1478191955886 lifecam22 3344.00097656 5373.41748047 4.68991613388
1478191955953 lifecam22 3343.7734375 5373.17333984 4.68789291382
1478191956026 lifecam22 3343.7734375 5373.17333984 4.68789291382
1478191956080 lifecam22 3343.71386719 5373.13085938 4.68736362457
1478191956153 lifecam22 3343.83935547 5373.37695312 4.68847942352
1478191956359 lifecam22 3344.04467773 5373.53710938 4.69030284882
1478191956419 lifecam22 3344.60498047 5373.15234375 4.69658708572
1478191956495 lifecam22 3344.02734375 5371.13037109 4.69339609146
1478191956558 lifecam22 3344.59960938 5372.92675781 4.69941854477
1478191956622 lifecam22 3345.43286133 5373.13330078 4.70402288437
1478191956896 lifecam22 3341.6550293 5366.83251953 4.65636539459
1478191956958 lifecam22 3341.90307617 5366.51220703 4.66361665726
1478191957032 lifecam22 3338.82080078 5367.53125 4.65994787216
1478191957090 lifecam22 3341.9987793 5366.44335938 4.6656126976
1478191957159 lifecam22 3335.43066406 5363.36572266 4.64308261871
1478191957425 lifecam22 3325.06738281 5374.31396484 4.7084646225
1478191957494 lifecam22 3318.55444336 5374.52783203 4.71288156509
1478191957551 lifecam22 3311.55444336 5374.52783203 4.71288061142
1478191957618 lifecam22 3306.0637207 5376.13574219 4.72387361526
1478191957682 lifecam22 3304.51831055 5381.37890625 4.75932407379
1478191957956 lifecam22 3286.40283203 5388.84179688 4.81795310974
1478191958018 lifecam22 3282.16870117 5390.32421875 4.83757829666
1478191958085 lifecam22 3277.63671875 5392.52783203 4.85257863998
1478191958153 lifecam22 3272.8112793 5393.86035156 4.86598777771
1478191958215 lifecam22 3267.77905273 5394.82177734 4.87765741348
1478191958426 lifecam22 3255.38183594 5399.98632812 4.9334321022
1478191958490 lifecam22 3249.71679688 5400.5 4.94570207596
1478191958555 lifecam22 3244.79492188 5401.45361328 4.9601855278
1478191958622 lifecam22 3241.40625 5402.61328125 4.97658586502
1478191958699 lifecam22 3236.01757812 5402.36474609 4.98771524429
1478191958956 lifecam22 3218.09350586 5408.1484375 5.06552362442
1478191959021 lifecam22 3213.29589844 5409.69140625 5.08455848694
1478191959092 lifecam22 3207.98706055 5409.33349609 5.09413576126
1478191959154 lifecam22 3203.47875977 5409.63916016 5.11184930801
1478191959228 lifecam22 3199.10668945 5410.41552734 5.12888002396
1478191959555 lifecam22 3174.3269043 5411.73291016 5.21433830261
1478191959616 lifecam22 3170.18188477 5413.21142578 5.23591947556
1478191959691 lifecam22 3165.24291992 5412.00878906 5.24661922455
1478191959757 lifecam22 3159.20019531 5412.19384766 5.26816177368
1478191959957 lifecam22 3147.28100586 5412.53955078 5.31549501419
1478191960092 lifecam22 3139.37182617 5409.3203125 5.32192993164
1478191960153 lifecam22 3133.15478516 5409.74951172 5.36152648926
1478191960216 lifecam22 3127.20727539 5409.02392578 5.37991428375
1478191960371 lifecam22 3118.31982422 5407.33984375 5.41045856476
1478191960421 lifecam22 3113.72265625 5406.91210938 5.43059778214
1478191960495 lifecam22 3109.19360352 5404.78222656 5.44142961502
1478191960563 lifecam22 3104.22875977 5405.46972656 5.4707660675
1478191960624 lifecam22 3099.66992188 5402.65625 5.47628974915
1478191960902 lifecam22 3081.08886719 5398.36230469 5.55679178238
1478191961035 lifecam22 3072.89941406 5393.90527344 5.57590341568
1478191961100 lifecam22 3067.7043457 5392.02783203 5.59248495102
1478191961169 lifecam22 3063.35302734 5391.44335938 5.61791563034
1478191961428 lifecam22 3046.08032227 5384.47900391 5.68405294418
1478191961497 lifecam22 3040.98095703 5381.24414062 5.69920730591
1478191961560 lifecam22 3037.07373047 5379.98486328 5.71733474731
1478191961633 lifecam22 3032.94213867 5378.81201172 5.73767709732
1478191961701 lifecam22 3028.95751953 5374.96386719 5.75244903564
1478191961968 lifecam22 3012.97167969 5363.109375 5.80745887756
1478191962028 lifecam22 3008.20751953 5362.93847656 5.83659315109
1478191962102 lifecam22 3005.07226562 5359.34960938 5.84802913666
1478191962166 lifecam22 3001.0324707 5356.99707031 5.86528348923
1478191962231 lifecam22 2998.42456055 5353.00146484 5.87338733673
1478191962437 lifecam22 2985.10595703 5346.09130859 5.9365811348
1478191962502 lifecam22 2980.18774414 5342.70263672 5.95782661438
1478191962560 lifecam22 2978.03125 5337.82373047 5.96323156357
1478191962632 lifecam22 2973.84912109 5334.96337891 5.98254585266
1478191962703 lifecam22 2970.78881836 5333.46484375 6.00057792664
1478191962969 lifecam22 2957.54296875 5318.26757812 6.06119346619
1478191963028 lifecam22 2953.58154297 5314.60839844 6.08120727539
1478191963096 lifecam22 2950.4050293 5311.63476562 6.10095214844
1478191963162 lifecam22 2947.84936523 5307.4296875 6.11448907852
1478191963232 lifecam22 2944.44506836 5303.09423828 6.12948274612
1478191963440 lifecam22 2937.7331543 5290.81103516 6.17028188705
1478191963506 lifecam22 2934.58740234 5287.10986328 6.19012451172
1478191963560 lifecam22 2932.94750977 5283.11669922 6.20265102386
1478191963625 lifecam22 2929.65014648 5279.03271484 6.22509336472
1478191963695 lifecam22 2926.69067383 5274.97900391 6.24379491806
1478191963979 lifecam22 2916.0949707 5259.6171875 0.0278039574623
1478191964026 lifecam22 2915.49584961 5254.47802734 0.0390368178487
1478191964096 lifecam22 2912.59619141 5251.17138672 0.0645520091057
1478191964165 lifecam22 2909.89086914 5247.55859375 0.0835213065147
1478191964232 lifecam22 2907.46850586 5242.41113281 0.0980367064476
1478191964295 lifecam22 2906.31274414 5238.35742188 0.109266452491
1478191964632 lifecam22 2906.51245117 5238.95751953 0.108128726482
1478191964704 lifecam22 2906.36181641 5239.20703125 0.109288863838
1478191964773 lifecam22 2906.91943359 5239.00927734 0.105666100979
1478191964839 lifecam22 2906.66333008 5238.69921875 0.106971085072
1478191964897 lifecam22 2906.59619141 5239.14160156 0.107170768082
1478191965234 lifecam22 2906.51245117 5238.95751953 0.108128726482
1478191965299 lifecam22 2906.51318359 5238.94921875 0.108131349087
1478191965359 lifecam22 2906.51245117 5238.95751953 0.108128726482
1478191965442 lifecam22 2906.36181641 5239.20703125 0.109288863838
