1478192267639 lifecam22 3346.65942383 5380.33544922 4.71383953094
1478192267702 lifecam22 3346.76416016 5381.015625 4.7147936821
1478192267767 lifecam22 3346.97753906 5379.66455078 4.71674156189
1478192267829 lifecam22 3346.86914062 5381.109375 4.71575069427
1478192267900 lifecam22 3346.63891602 5379.61425781 4.71365308762
1478192268103 lifecam22 3346.59570312 5380.85351562 4.71326112747
1478192268164 lifecam22 3346.37231445 5380.64794922 4.71123456955
1478192268233 lifecam22 3346.21533203 5380.78320312 4.70980834961
1478192268301 lifecam22 3347.41357422 5381.42822266 4.72436523438
1478192268365 lifecam22 3347.07128906 5381.13818359 4.71881151199
1478192268570 lifecam22 3346.76513672 5380.79345703 4.71603393555
1478192268640 lifecam22 3346.99487305 5381.08251953 4.71689653397
1478192268704 lifecam22 3346.66162109 5378.08056641 4.71386098862
1478192268768 lifecam22 3346.86914062 5380.96972656 4.71574926376
1478192268838 lifecam22 3347.04101562 5378.83300781 4.71731901169
1478192269108 lifecam22 3347.20825195 5379.43066406 4.71884489059
1478192269164 lifecam22 3346.83666992 5379.7890625 4.71673202515
1478192269237 lifecam22 3346.54101562 5379.81054688 4.71404075623
1478192269302 lifecam22 3347.45898438 5380.42773438 4.72114515305
1478192269363 lifecam22 3346.68896484 5380.95166016 4.71538448334
1478192269637 lifecam22 3346.68066406 5381.51757812 4.71403694153
1478192269704 lifecam22 3346.53271484 5380.80664062 4.71269035339
1478192269770 lifecam22 3345.96704102 5379.80761719 4.70882701874
1478192269834 lifecam22 3347.14306641 5381.24560547 4.71825313568
1478192269901 lifecam22 3346.63842773 5381.32324219 4.71364927292
1478192270181 lifecam22 3332.89794922 5384.15820312 4.73760175705
1478192270239 lifecam22 3326.87792969 5384.44970703 4.74585008621
1478192270316 lifecam22 3323.69189453 5386.56054688 4.77085971832
1478192270368 lifecam22 3320.32250977 5388.48730469 4.79063224792
1478192270435 lifecam22 3314.17041016 5388.92822266 4.79825401306
1478192270706 lifecam22 3295.97314453 5394.90722656 4.85241556168
1478192270769 lifecam22 3291.67236328 5397.07324219 4.87523984909
1478192270842 lifecam22 3286.88818359 5398.69873047 4.88835859299
1478192270897 lifecam22 3282.22387695 5400.55126953 4.90575027466
1478192270976 lifecam22 3278.01269531 5401.83300781 4.92086219788
1478192271244 lifecam22 3259.79760742 5408.42285156 4.99443483353
1478192271309 lifecam22 3255.38842773 5410.75878906 5.01799917221
1478192271372 lifecam22 3250.36987305 5411.64550781 5.0318570137
1478192271441 lifecam22 3246.20336914 5411.65087891 5.04392337799
1478192271506 lifecam22 3241.22387695 5412.43554688 5.06401348114
1478192271724 lifecam22 3227.38769531 5416.23535156 5.11906814575
1478192271780 lifecam22 3221.51977539 5414.59863281 5.1230597496
1478192271839 lifecam22 3216.57446289 5417.38183594 5.14906549454
1478192271904 lifecam22 3212.77368164 5416.74414062 5.15822935104
1478192271970 lifecam22 3207.4440918 5418.35644531 5.18086576462
1478192272043 lifecam22 3202.78320312 5416.50537109 5.18672466278
1478192272243 lifecam22 3188.48022461 5418.33740234 5.24574899673
1478192272312 lifecam22 3184.25830078 5417.53710938 5.25733709335
1478192272379 lifecam22 3178.65209961 5417.07666016 5.27202129364
1478192272447 lifecam22 3173.83984375 5416.86523438 5.28826332092
1478192272509 lifecam22 3169.5065918 5416.33544922 5.30432939529
1478192272851 lifecam22 3145.31347656 5413.37597656 5.38674116135
1478192272904 lifecam22 3140.9609375 5413.04980469 5.40537261963
1478192273042 lifecam22 3130.46606445 5411.15771484 5.43943691254
1478192273103 lifecam22 3126.38232422 5409.59033203 5.45426988602
1478192273384 lifecam22 3108.3359375 5407.17578125 5.53698444366
1478192273444 lifecam22 3102.7578125 5406.80419922 5.55870723724
1478192273573 lifecam22 3093.31616211 5402.75244141 5.58594512939
1478192273647 lifecam22 3088.54931641 5401.73974609 5.60332632065
1478192273908 lifecam22 3070.61181641 5392.36767578 5.6593079567
1478192273970 lifecam22 3066.82666016 5391.49853516 5.67913675308
1478192274053 lifecam22 3062.75830078 5388.50195312 5.69280672073
1478192274112 lifecam22 3058.51318359 5387.69580078 5.71302652359
1478192274381 lifecam22 3041.32958984 5377.67529297 5.77989673615
1478192274438 lifecam22 3037.515625 5375.10742188 5.79376792908
1478192274520 lifecam22 3032.76171875 5373.10205078 5.81650781631
1478192274576 lifecam22 3029.74536133 5369.35400391 5.820561409
1478192274640 lifecam22 3024.88745117 5366.87011719 5.84125328064
1478192274911 lifecam22 3008.87426758 5355.65869141 5.9090514183
1478192274983 lifecam22 3004.96264648 5351.5390625 5.92235136032
1478192275042 lifecam22 3001.46435547 5348.25585938 5.94122648239
1478192275110 lifecam22 2997.91650391 5346.35986328 5.95761013031
1478192275178 lifecam22 2994.85302734 5342.01074219 5.96881961823
1478192275384 lifecam22 2983.47216797 5330.45947266 6.02354621887
1478192275447 lifecam22 2979.20629883 5327.6328125 6.04429197311
1478192275513 lifecam22 2977.46191406 5322.86328125 6.0526676178
1478192275580 lifecam22 2974.1418457 5321.46240234 6.07009363174
1478192275652 lifecam22 2970.57177734 5317.73974609 6.08861589432
1478192275915 lifecam22 2958.33300781 5301.12353516 6.15407991409
1478192275979 lifecam22 2955.18359375 5296.45556641 6.16729068756
1478192276043 lifecam22 2953.04443359 5295.95068359 6.18458557129
1478192276113 lifecam22 2949.65161133 5291.28808594 6.20479726791
1478192276177 lifecam22 2947.26806641 5287.33154297 6.21495628357
1478192276385 lifecam22 2939.08227539 5273.65771484 6.27648735046
1478192276455 lifecam22 2937.94970703 5268.48144531 0.00545198097825
1478192276520 lifecam22 2935.77832031 5266.85546875 0.0212349314243
1478192276585 lifecam22 2931.35400391 5262.29492188 0.0446242727339
1478192276642 lifecam22 2928.46484375 5259.68310547 0.0618757605553
1478192276918 lifecam22 2921.60620117 5240.60595703 0.119187295437
1478192276986 lifecam22 2918.6081543 5237.10351562 0.140338361263
1478192277048 lifecam22 2916.1184082 5232.02978516 0.158562734723
1478192277110 lifecam22 2916.06567383 5226.11328125 0.164021551609
1478192277185 lifecam22 2915.93676758 5224.35205078 0.170331537724
1478192277452 lifecam22 2915.98486328 5225.97607422 0.167439624667
1478192277516 lifecam22 2916.45849609 5225.86083984 0.164496153593
1478192277581 lifecam22 2916.7109375 5225.79882812 0.163563191891
1478192277654 lifecam22 2916.38623047 5225.79833984 0.165255725384
1478192277712 lifecam22 2916.43823242 5225.75146484 0.163556754589
1478192277987 lifecam22 2916.38623047 5225.79833984 0.165255725384
1478192278052 lifecam22 2916.4831543 5225.83984375 0.163015544415
1478192278114 lifecam22 2916.38623047 5225.79833984 0.165255725384
1478192278185 lifecam22 2916.41040039 5225.77685547 0.163775026798
1478192278247 lifecam22 2916.36523438 5225.68847656 0.164316356182
1478192278522 lifecam22 2916.30908203 5225.71679688 0.163447469473
1478192278584 lifecam22 2916.36523438 5225.68847656 0.164316356182
1478192278647 lifecam22 2916.36523438 5225.68847656 0.164316356182
1478192278716 lifecam22 2916.36523438 5225.68847656 0.164316356182
1478192278780 lifecam22 2916.69018555 5225.68945312 0.162625253201
1478192279054 lifecam22 2916.41040039 5225.77685547 0.163775026798
1478192279120 lifecam22 2916.63867188 5225.73632812 0.164322569966
1478192279184 lifecam22 2916.43823242 5225.75146484 0.163556754589
1478192279247 lifecam22 2916.36523438 5225.68847656 0.164316356182
1478192279326 lifecam22 2916.36523438 5225.68847656 0.164316356182
1478192279657 lifecam22 2916.36523438 5225.68847656 0.164316356182
1478192279722 lifecam22 2916.41040039 5225.77685547 0.163775026798
1478192279786 lifecam22 2916.36523438 5225.68847656 0.164316356182
1478192279850 lifecam22 2916.36523438 5225.68847656 0.164316356182
1478192279914 lifecam22 2916.43823242 5225.75146484 0.163556754589
1478192280187 lifecam22 2916.43041992 5225.88720703 0.164716899395
1478192280254 lifecam22 2916.43823242 5225.75146484 0.163556754589
1478192280321 lifecam22 2916.36523438 5225.68847656 0.164316356182
1478192280386 lifecam22 2916.36523438 5225.68847656 0.164316356182
1478192280454 lifecam22 2916.36523438 5225.68847656 0.164316356182
1478192280724 lifecam22 2916.38623047 5225.79833984 0.165255725384
1478192280797 lifecam22 2916.36523438 5225.68847656 0.164316356182
1478192280854 lifecam22 2916.36523438 5225.68847656 0.164316356182
1478192280920 lifecam22 2916.38623047 5225.79833984 0.165255725384
1478192280984 lifecam22 2916.36523438 5225.68847656 0.164316356182
1478192281326 lifecam22 2916.36523438 5225.68847656 0.164316356182
1478192281381 lifecam22 2916.36523438 5225.68847656 0.164316356182
1478192281452 lifecam22 2916.43823242 5225.75146484 0.163556754589
1478192281520 lifecam22 2916.41040039 5225.77685547 0.163775026798
1478192281589 lifecam22 2916.38623047 5225.79833984 0.165255725384
1478192281864 lifecam22 2916.36523438 5225.68847656 0.164316356182
1478192281921 lifecam22 2916.36523438 5225.68847656 0.164316356182
1478192281989 lifecam22 2916.38623047 5225.79833984 0.165255725384
1478192282060 lifecam22 2916.36523438 5225.68847656 0.164316356182
1478192282122 lifecam22 2916.36523438 5225.68847656 0.164316356182
1478192282396 lifecam22 2916.36523438 5225.68847656 0.164316356182
1478192282454 lifecam22 2916.36523438 5225.68847656 0.164316356182
1478192282523 lifecam22 2916.36523438 5225.68847656 0.164316356182
1478192282585 lifecam22 2916.41040039 5225.77685547 0.163775026798
1478192282657 lifecam22 2916.36523438 5225.68847656 0.164316356182
1478192282927 lifecam22 2916.36523438 5225.68847656 0.164316356182
1478192282987 lifecam22 2916.38623047 5225.79833984 0.165255725384
1478192283061 lifecam22 2916.36523438 5225.68847656 0.164316356182
1478192283124 lifecam22 2916.43823242 5225.75146484 0.163556754589
1478192283189 lifecam22 2916.25732422 5225.76367188 0.165147036314
1478192283530 lifecam22 2916.1953125 5225.57519531 0.166040822864
