1478192026532 lifecam22 3346.11206055 5378.61816406 4.72778940201
1478192026608 lifecam22 3345.34716797 5378.14746094 4.7249455452
1478192026669 lifecam22 3345.80541992 5377.67382812 4.72745275497
1478192026737 lifecam22 3347.17675781 5378.93896484 4.73219251633
1478192026999 lifecam22 3347.26879883 5381.19189453 4.73002386093
1478192027060 lifecam22 3345.67529297 5379.41943359 4.71507835388
1478192027124 lifecam22 3345.87890625 5379.19140625 4.71564006805
1478192027196 lifecam22 3344.51342773 5378.98144531 4.70816898346
1478192027266 lifecam22 3344.50268555 5378.42480469 4.70800256729
1478192027526 lifecam22 3346.14819336 5382.54296875 4.74180173874
1478192027595 lifecam22 3347.44116211 5382.88867188 4.74218034744
1478192027663 lifecam22 3343.56152344 5380.35107422 4.73589372635
1478192027730 lifecam22 3346.82739258 5379.13085938 4.72896528244
1478192027793 lifecam22 3344.6171875 5376.49365234 4.72217845917
1478192027992 lifecam22 3346.10717773 5376.18603516 4.70882320404
1478192028064 lifecam22 3346.85058594 5376.22021484 4.71558094025
1478192028135 lifecam22 3345.9609375 5374.86914062 4.70750045776
1478192028199 lifecam22 3345.47216797 5374.55810547 4.70308637619
1478192028263 lifecam22 3345.6652832 5374.18896484 4.70482730865
1478192028601 lifecam22 3346.06591797 5380.75244141 4.70845127106
1478192028664 lifecam22 3348.17260742 5379.91259766 4.74057769775
1478192028734 lifecam22 3344.17480469 5378.79785156 4.72043991089
1478192028801 lifecam22 3346.24169922 5379.92773438 4.71259355545
1478192029076 lifecam22 3329.8828125 5392.11230469 4.80932378769
1478192029129 lifecam22 3325.74633789 5392.22558594 4.81903266907
1478192029201 lifecam22 3321.73706055 5394.24316406 4.83104801178
1478192029265 lifecam22 3316.09960938 5395.47363281 4.84160709381
1478192029336 lifecam22 3312.19555664 5397.19042969 4.85633993149
1478192029677 lifecam22 3288.66992188 5404.00976562 4.93503713608
1478192029732 lifecam22 3284.14013672 5405.6875 4.95280599594
1478192029804 lifecam22 3279.84326172 5407.00195312 4.97217845917
1478192029866 lifecam22 3275.10253906 5408.31005859 4.98751783371
1478192029934 lifecam22 3271.1484375 5409.46923828 5.00454854965
1478192030134 lifecam22 3255.65966797 5412.23193359 5.05558443069
1478192030198 lifecam22 3251.33251953 5413.74755859 5.07036876678
1478192030275 lifecam22 3246.93188477 5413.29248047 5.08364391327
1478192030348 lifecam22 3241.87768555 5414.37890625 5.10308694839
1478192030396 lifecam22 3237.19238281 5414.54492188 5.11784696579
1478192030670 lifecam22 3218.07446289 5416.92626953 5.18303060532
1478192030730 lifecam22 3217.56933594 5418.18505859 5.19548034668
1478192030862 lifecam22 3202.94580078 5418.56738281 5.24251127243
1478192031146 lifecam22 3184.71972656 5417.68554688 5.30673933029
1478192031205 lifecam22 3178.86572266 5416.18701172 5.31783771515
1478192031272 lifecam22 3175.0168457 5416.09863281 5.33487176895
1478192031342 lifecam22 3169.92602539 5415.34814453 5.35237169266
1478192031405 lifecam22 3165.71630859 5416.171875 5.37158536911
1478192031729 lifecam22 3141.86157227 5413.71435547 5.46196889877
1478192031798 lifecam22 3135.61401367 5409.47314453 5.46889257431
1478192031864 lifecam22 3130.95288086 5409.93994141 5.4919295311
1478192031936 lifecam22 3127.03051758 5407.18115234 5.49613714218
1478192032136 lifecam22 3113.63476562 5405.32617188 5.56589269638
1478192032201 lifecam22 3108.30883789 5403.38916016 5.57863140106
1478192032275 lifecam22 3103.81762695 5402.30419922 5.59537887573
1478192032340 lifecam22 3099.13232422 5398.92822266 5.60712099075
1478192032399 lifecam22 3094.57617188 5398.89013672 5.63030147552
1478192032671 lifecam22 3077.94189453 5389.15185547 5.69115877151
1478192032740 lifecam22 3073.22265625 5388.58056641 5.71257734299
1478192032803 lifecam22 3069.81176758 5384.96826172 5.71870994568
1478192032875 lifecam22 3065.02807617 5383.28125 5.74220657349
1478192032943 lifecam22 3061.5625 5379.83349609 5.74884939194
1478192033145 lifecam22 3047.546875 5373.53027344 5.81376695633
1478192033205 lifecam22 3044.32470703 5371.31103516 5.82698488235
1478192033270 lifecam22 3040.08081055 5368.29931641 5.84151554108
1478192033335 lifecam22 3035.69018555 5364.80664062 5.85941076279
1478192033408 lifecam22 3032.26098633 5363.43554688 5.87914419174
1478192033737 lifecam22 3012.44262695 5349.10058594 5.96668863297
1478192033803 lifecam22 3008.95996094 5346.49267578 5.98494529724
1478192033880 lifecam22 3006.13330078 5341.01269531 5.99138832092
1478192033931 lifecam22 3001.33544922 5336.82958984 6.00694894791
1478192033999 lifecam22 2998.3515625 5334.34912109 6.02547979355
1478192034204 lifecam22 2987.73364258 5324.69140625 6.07742166519
1478192034276 lifecam22 2985.07104492 5320.59619141 6.09279680252
1478192034329 lifecam22 2980.94311523 5317.46630859 6.11536502838
1478192034403 lifecam22 2978.67822266 5313.67089844 6.13097190857
1478192034477 lifecam22 2974.84667969 5310.015625 6.1473274231
1478192034741 lifecam22 2965.47753906 5293.17675781 6.20156002045
1478192034801 lifecam22 2962.89282227 5288.61816406 6.21590805054
1478192034870 lifecam22 2960.64526367 5285.12158203 6.2333111763
1478192034939 lifecam22 2955.93920898 5281.45654297 6.25867795944
1478192035000 lifecam22 2953.72363281 5277.17773438 6.27446079254
1478192035218 lifecam22 2947.82617188 5264.28613281 0.0387819483876
1478192035269 lifecam22 2943.83886719 5260.69384766 0.0623646453023
1478192035341 lifecam22 2942.35864258 5254.70117188 0.074186861515
1478192035404 lifecam22 2940.05419922 5251.48828125 0.0939320996404
1478192035482 lifecam22 2938.08251953 5247.47998047 0.113305993378
1478192035805 lifecam22 2927.65209961 5224.64599609 0.200413882732
1478192035873 lifecam22 2927.23730469 5219.97021484 0.210344493389
1478192035935 lifecam22 2925.95361328 5214.99365234 0.226491391659
1478192036005 lifecam22 2926.88452148 5214.51025391 0.221773922443
1478192036077 lifecam22 2926.23242188 5215.59716797 0.22411493957
1478192036280 lifecam22 2926.4934082 5215.33642578 0.222258493304
1478192036340 lifecam22 2926.46044922 5215.11083984 0.223013341427
1478192036410 lifecam22 2926.39086914 5215.40771484 0.224456846714
1478192036478 lifecam22 2926.69287109 5214.83349609 0.221450760961
1478192036539 lifecam22 2926.51586914 5215.20458984 0.223730742931
1478192036809 lifecam22 2926.61230469 5215.40576172 0.223975017667
1478192036876 lifecam22 2926.46044922 5215.11083984 0.223013341427
1478192036940 lifecam22 2926.63208008 5215.01513672 0.223181188107
1478192037006 lifecam22 2926.51586914 5215.20458984 0.223730742931
1478192037088 lifecam22 2926.39086914 5215.40771484 0.224456846714
1478192037349 lifecam22 2926.61767578 5215.13330078 0.221532419324
1478192037414 lifecam22 2926.46044922 5215.11083984 0.223013341427
1478192037481 lifecam22 2926.69287109 5214.83349609 0.221450760961
1478192037554 lifecam22 2926.33642578 5215.31396484 0.223737671971
1478192037884 lifecam22 2926.46044922 5215.11083984 0.223013341427
1478192037942 lifecam22 2926.33642578 5215.31396484 0.223737671971
1478192038015 lifecam22 2926.39086914 5215.40771484 0.224456846714
1478192038074 lifecam22 2926.19995117 5215.37109375 0.224865883589
1478192038142 lifecam22 2926.74902344 5214.92724609 0.222166121006
1478192038549 lifecam22 2926.45336914 5215.38525391 0.225459635258
1478192038611 lifecam22 2926.46044922 5215.11083984 0.223013341427
1478192038674 lifecam22 2926.39794922 5215.29199219 0.224747121334
1478192038748 lifecam22 2926.56811523 5215.03662109 0.222179472446
1478192038803 lifecam22 2926.80053711 5214.75878906 0.220613181591
1478192039085 lifecam22 2926.51586914 5215.20458984 0.223730742931
