1478191331917 lifecam22 3353.85986328 5373.06054688 4.69149303436
1478191332186 lifecam22 3353.60888672 5372.96533203 4.69050836563
1478191332248 lifecam22 3353.74414062 5372.94921875 4.69180202484
1478191332319 lifecam22 3353.74438477 5372.94921875 4.69180297852
1478191332386 lifecam22 3353.72631836 5373.07421875 4.69160604477
1478191332455 lifecam22 3353.85986328 5373.06054688 4.69149303436
1478191332785 lifecam22 3352.47900391 5372.74560547 4.68812704086
1478191332848 lifecam22 3352.80712891 5373.04931641 4.69118452072
1478191332916 lifecam22 3352.80712891 5373.04931641 4.69118452072
1478191332987 lifecam22 3353.1484375 5373.08447266 4.69303178787
1478191333059 lifecam22 3352.98754883 5373.07910156 4.69150924683
1478191333263 lifecam22 3353.11108398 5373.33251953 4.69402456284
1478191333323 lifecam22 3352.88378906 5373.25878906 4.69326114655
1478191333388 lifecam22 3353.08789062 5373.31054688 4.69380569458
1478191333459 lifecam22 3352.77880859 5373.43896484 4.69500589371
1478191333526 lifecam22 3352.63916016 5373.30810547 4.69369983673
1478191333865 lifecam22 3353.15795898 5373.37597656 4.69446182251
1478191333916 lifecam22 3353.46630859 5373.24755859 4.69325590134
1478191333988 lifecam22 3353.1484375 5373.08447266 4.69303178787
1478191334055 lifecam22 3352.98754883 5373.07910156 4.69150924683
1478191334120 lifecam22 3353.33862305 5373.40576172 4.69478845596
1478191334395 lifecam22 3352.78369141 5373.02783203 4.69096660614
1478191334457 lifecam22 3352.98754883 5373.07910156 4.69150924683
1478191334530 lifecam22 3352.83056641 5373.07128906 4.69140291214
1478191334590 lifecam22 3352.60327148 5372.99804688 4.69064235687
1478191334662 lifecam22 3352.65014648 5373.04150391 4.69107913971
1478191334993 lifecam22 3352.10253906 5372.80957031 4.68868923187
1478191335054 lifecam22 3352.0390625 5372.88867188 4.68945503235
1478191335120 lifecam22 3352.17260742 5372.87451172 4.68934202194
1478191335189 lifecam22 3352.13964844 5372.86083984 4.69042015076
1478191335260 lifecam22 3351.99853516 5372.98925781 4.69043827057
1478191335520 lifecam22 3351.05810547 5372.86962891 4.68401956558
1478191335587 lifecam22 3351.12817383 5373.92480469 4.69229459763
1478191335658 lifecam22 3351.4375 5373.96386719 4.69380474091
1478191335727 lifecam22 3351.4375 5373.96386719 4.69380474091
1478191335791 lifecam22 3351.62207031 5373.96777344 4.69670963287
1478191336062 lifecam22 3352.18212891 5372.85498047 4.67885541916
1478191336122 lifecam22 3351.74707031 5373.39648438 4.67857933044
1478191336189 lifecam22 3351.25219727 5373.74414062 4.67776823044
1478191336257 lifecam22 3350.96972656 5374.01855469 4.67634773254
1478191336323 lifecam22 3350.88745117 5373.94335938 4.67692184448
1478191336596 lifecam22 3350.84204102 5375.67724609 4.68974399567
1478191336656 lifecam22 3344.73681641 5374.08886719 4.69766902924
1478191336727 lifecam22 3338.04956055 5376.81884766 4.70654010773
1478191336796 lifecam22 3334.62475586 5380.07373047 4.72540092468
1478191336862 lifecam22 3331.39379883 5383.79736328 4.75577306747
1478191337061 lifecam22 3317.33740234 5387.6875 4.79285621643
1478191337124 lifecam22 3313.69604492 5390.75830078 4.81296253204
1478191337189 lifecam22 3307.9206543 5391.97949219 4.82281064987
1478191337261 lifecam22 3302.35327148 5393.83349609 4.83756160736
1478191337329 lifecam22 3299.43408203 5396.45556641 4.86556816101
1478191337530 lifecam22 3285.41259766 5400.19482422 4.90932703018
1478191337594 lifecam22 3280.63818359 5401.62402344 4.92472076416
1478191337660 lifecam22 3275.71166992 5402.84716797 4.94182634354
1478191337732 lifecam22 3271.48388672 5404.16845703 4.95789241791
1478191337789 lifecam22 3266.49804688 5405.34033203 4.97381401062
1478191338063 lifecam22 3248.83496094 5409.56982422 5.03634977341
1478191338125 lifecam22 3243.54638672 5410.62646484 5.0565867424
1478191338196 lifecam22 3239.86694336 5411.27197266 5.07260465622
1478191338265 lifecam22 3234.44384766 5412.07373047 5.09156751633
1478191338330 lifecam22 3229.5925293 5413.86083984 5.11288452148
1478191338604 lifecam22 3210.56054688 5415.62060547 5.17957830429
1478191338656 lifecam22 3206.65917969 5416.78613281 5.19648647308
1478191338723 lifecam22 3201.53662109 5415.63134766 5.20786046982
1478191338856 lifecam22 3192.58129883 5415.30273438 5.24110984802
1478191339132 lifecam22 3172.47290039 5415.79736328 5.3087477684
1478191339198 lifecam22 3167.44433594 5414.47558594 5.32324457169
1478191339252 lifecam22 3162.3203125 5414.75195312 5.34514474869
1478191339329 lifecam22 3158.17163086 5414.0 5.35742807388
1478191339396 lifecam22 3153.00097656 5413.41748047 5.375893116
1478191339607 lifecam22 3139.30126953 5409.03955078 5.41687059402
1478191339661 lifecam22 3134.85253906 5408.89550781 5.43590497971
1478191339727 lifecam22 3131.21166992 5406.53173828 5.4449429512
1478191339799 lifecam22 3125.86035156 5404.95458984 5.46104335785
1478191339860 lifecam22 3120.77294922 5402.78125 5.47776651382
1478191340126 lifecam22 3103.29467773 5400.83837891 5.55928134918
1478191340206 lifecam22 3098.46899414 5398.47949219 5.57152175903
1478191340329 lifecam22 3089.32861328 5396.69287109 5.61239480972
1478191340401 lifecam22 3084.07275391 5393.57324219 5.62978792191
1478191340602 lifecam22 3072.0234375 5388.26123047 5.67455196381
1478191340667 lifecam22 3067.671875 5385.91894531 5.69278383255
1478191340742 lifecam22 3063.37768555 5383.58837891 5.70661211014
1478191340796 lifecam22 3058.96508789 5381.58007812 5.72708940506
1478191340859 lifecam22 3053.96044922 5379.09326172 5.7413854599
1478191341129 lifecam22 3037.9855957 5369.61914062 5.81092071533
1478191341264 lifecam22 3029.60546875 5363.80810547 5.84372711182
1478191341334 lifecam22 3026.20043945 5361.53173828 5.85924339294
1478191341398 lifecam22 3022.61523438 5359.04882812 5.87407398224
1478191341604 lifecam22 3010.56030273 5349.27001953 5.92693424225
1478191341660 lifecam22 3006.88183594 5346.71679688 5.94484233856
1478191341733 lifecam22 3003.57568359 5343.62646484 5.95566082001
1478191341797 lifecam22 3000.03808594 5341.33056641 5.97737598419
1478191341860 lifecam22 2996.6652832 5337.39794922 5.9888510704
1478191342072 lifecam22 2985.546875 5324.31982422 6.0399684906
1478191342127 lifecam22 2982.26171875 5321.87548828 6.06205797195
1478191342196 lifecam22 2979.86181641 5317.50634766 6.06885671616
1478191342261 lifecam22 2976.87255859 5313.23144531 6.08682394028
1478191342334 lifecam22 2974.54760742 5311.93603516 6.1008439064
1478191342606 lifecam22 2961.08251953 5294.69238281 6.17197847366
1478191342672 lifecam22 2957.02734375 5291.49072266 6.19434499741
1478191342737 lifecam22 2954.30517578 5287.82958984 6.21368122101
1478191342799 lifecam22 2952.23852539 5285.30712891 6.22432565689
1478191342868 lifecam22 2949.22729492 5281.48291016 6.248005867
1478191343067 lifecam22 2944.48950195 5269.85449219 0.00979811325669
1478191343137 lifecam22 2941.10620117 5263.65380859 0.0290822423995
1478191343207 lifecam22 2938.49121094 5259.40966797 0.0460575297475
1478191343273 lifecam22 2936.90234375 5256.38574219 0.0527455247939
1478191343339 lifecam22 2935.5715332 5252.33203125 0.0650528073311
1478191343540 lifecam22 2928.33227539 5238.72216797 0.118063881993
1478191343603 lifecam22 2925.95874023 5234.64355469 0.136165231466
1478191343671 lifecam22 2924.81518555 5230.47949219 0.153960049152
1478191343737 lifecam22 2922.49731445 5226.07958984 0.173011124134
1478191344063 lifecam22 2923.60986328 5224.33056641 0.169298961759
1478191344136 lifecam22 2923.69628906 5224.49414062 0.168250158429
1478191344201 lifecam22 2923.78613281 5224.31103516 0.167690962553
1478191344266 lifecam22 2923.83764648 5224.25634766 0.167294681072
1478191344340 lifecam22 2923.78613281 5224.31103516 0.167690962553
1478191344608 lifecam22 2923.83764648 5224.25634766 0.167294681072
1478191344672 lifecam22 2923.83764648 5224.25634766 0.167294681072
1478191344735 lifecam22 2923.78613281 5224.31103516 0.167690962553
1478191344808 lifecam22 2923.78613281 5224.31103516 0.167690962553
1478191344863 lifecam22 2923.83764648 5224.25634766 0.167294681072
1478191345079 lifecam22 2923.78613281 5224.31103516 0.167690962553
1478191345140 lifecam22 2923.78613281 5224.31103516 0.167690962553
1478191345204 lifecam22 2923.66137695 5224.27587891 0.168902337551
1478191345267 lifecam22 2923.60986328 5224.33056641 0.169298961759
1478191345339 lifecam22 2923.83764648 5224.25634766 0.167294681072
1478191345606 lifecam22 2923.83764648 5224.25634766 0.167294681072
1478191345677 lifecam22 2923.78613281 5224.31103516 0.167690962553
