1477665375239 lifecam22 3361.75219727 4775.98095703 4.69432735443
1477665375298 lifecam22 3361.73583984 4775.48876953 4.68967342377
1477665375367 lifecam22 3362.02124023 4776.14990234 4.69449234009
1477665375434 lifecam22 3361.26831055 4775.53466797 4.68998146057
1477665375498 lifecam22 3361.73193359 4775.95996094 4.69413375854
1477665375565 lifecam22 3361.98852539 4775.95898438 4.69418334961
1477665375634 lifecam22 3361.45581055 4775.96191406 4.69276475906
1477665375699 lifecam22 3361.06884766 4775.56933594 4.69043970108
1477665375766 lifecam22 3361.16943359 4775.82324219 4.69275569916
1477665375833 lifecam22 3361.65869141 4775.8984375 4.69213151932
1477665375902 lifecam22 3360.76171875 4775.06005859 4.68428754807
1477665375965 lifecam22 3361.59594727 4776.25878906 4.69547271729
1477665376034 lifecam22 3361.03027344 4775.55029297 4.68893003464
1477665376101 lifecam22 3361.21142578 4775.02832031 4.68372917175
1477665376165 lifecam22 3360.76733398 4775.40576172 4.68888711929
1477665376233 lifecam22 3362.00927734 4776.53417969 4.69661998749
1477665376308 lifecam22 3361.06884766 4775.56933594 4.69043970108
1477665376368 lifecam22 3358.9440918 4776.51074219 4.69834089279
1477665376433 lifecam22 3349.87597656 4776.50488281 4.69937133789
1477665376501 lifecam22 3346.171875 4778.57958984 4.70940923691
1477665376568 lifecam22 3340.08618164 4779.61230469 4.71675252914
1477665376633 lifecam22 3333.37402344 4779.72119141 4.7203669548
1477665376701 lifecam22 3327.43408203 4779.56982422 4.73021793365
1477665376769 lifecam22 3322.8737793 4779.95654297 4.7488193512
1477665376832 lifecam22 3318.90722656 4781.37158203 4.76339101791
1477665376901 lifecam22 3312.63671875 4781.47900391 4.76667118073
1477665376968 lifecam22 3305.97485352 4781.84228516 4.76859092712
1477665377033 lifecam22 3299.10742188 4781.29003906 4.76821041107
1477665377100 lifecam22 3293.59790039 4781.49365234 4.76973962784
1477665377169 lifecam22 3286.97998047 4781.67138672 4.77358102798
1477665377235 lifecam22 3283.07299805 4782.49072266 4.78616809845
1477665377301 lifecam22 3277.24707031 4783.25146484 4.79901266098
1477665377368 lifecam22 3272.20166016 4782.92578125 4.80626058578
1477665377437 lifecam22 3265.81884766 4783.18115234 4.80950212479
1477665377501 lifecam22 3259.51025391 4781.98681641 4.8083486557
1477665377568 lifecam22 3252.97070312 4782.52148438 4.81441116333
1477665377637 lifecam22 3248.69970703 4783.01708984 4.82393550873
1477665377701 lifecam22 3243.55639648 4783.23291016 4.8370347023
1477665377769 lifecam22 3237.72265625 4783.42529297 4.84403181076
1477665377837 lifecam22 3231.84619141 4783.10449219 4.84743595123
1477665377904 lifecam22 3224.92138672 4782.53857422 4.84857225418
1477665377969 lifecam22 3220.58837891 4783.63183594 4.85997390747
1477665378037 lifecam22 3213.92724609 4782.97460938 4.86814689636
1477665378105 lifecam22 3208.7668457 4783.29931641 4.8776845932
1477665378168 lifecam22 3202.59204102 4782.66748047 4.8834810257
1477665378237 lifecam22 3196.1081543 4781.69433594 4.88527345657
1477665378307 lifecam22 3190.37475586 4781.70458984 4.89613294601
1477665378369 lifecam22 3185.24755859 4781.37207031 4.90292787552
1477665378436 lifecam22 3179.10253906 4780.34228516 4.90491771698
1477665378505 lifecam22 3173.72387695 4779.90527344 4.91066646576
1477665378571 lifecam22 3167.44067383 4778.33691406 4.91303443909
1477665378637 lifecam22 3161.90917969 4779.04980469 4.92444992065
1477665378704 lifecam22 3155.73852539 4777.79980469 4.92955255508
1477665378774 lifecam22 3150.1796875 4778.98730469 4.94274520874
1477665378835 lifecam22 3144.36279297 4777.77734375 4.94795799255
1477665378905 lifecam22 3138.49755859 4776.83447266 4.94973373413
1477665378972 lifecam22 3132.7800293 4775.66308594 4.95919275284
1477665379037 lifecam22 3127.91137695 4776.59863281 4.97086763382
1477665379104 lifecam22 3121.66845703 4773.55078125 4.97162246704
1477665379173 lifecam22 3116.63500977 4774.05029297 4.98012399673
1477665379236 lifecam22 3110.66040039 4772.25878906 4.98381328583
1477665379304 lifecam22 3105.03881836 4771.48291016 4.99322032928
1477665379372 lifecam22 3100.10107422 4771.50341797 5.00515508652
1477665379439 lifecam22 3093.86523438 4768.68554688 4.99879360199
1477665379504 lifecam22 3088.29614258 4768.58447266 5.01240539551
1477665379572 lifecam22 3082.94091797 4767.73242188 5.01899909973
1477665379640 lifecam22 3077.18286133 4767.39746094 5.02753639221
1477665379704 lifecam22 3072.17822266 4766.13574219 5.03655958176
1477665379772 lifecam22 3066.14550781 4765.08056641 5.0436296463
1477665379840 lifecam22 3060.48510742 4763.74023438 5.04937171936
1477665379904 lifecam22 3054.28295898 4762.07373047 5.05357217789
1477665379972 lifecam22 3049.31396484 4760.87988281 5.06240987778
1477665380040 lifecam22 3042.97729492 4759.22802734 5.0649356842
1477665380107 lifecam22 3038.01611328 4757.6015625 5.07202529907
1477665380172 lifecam22 3031.96362305 4755.79931641 5.07651376724
1477665380240 lifecam22 3026.62475586 4754.21386719 5.08059072495
1477665380308 lifecam22 3021.91772461 4752.31103516 5.08910322189
1477665380372 lifecam22 3015.7902832 4751.54248047 5.0978178978
1477665380440 lifecam22 3010.64379883 4750.6640625 5.10973787308
1477665380511 lifecam22 3004.40454102 4749.96533203 5.11795186996
1477665380572 lifecam22 2998.43725586 4747.80664062 5.11987161636
1477665380640 lifecam22 2993.60424805 4745.45898438 5.12388086319
1477665380708 lifecam22 2987.41943359 4743.88720703 5.13113307953
1477665380775 lifecam22 2983.17041016 4742.00390625 5.1384973526
1477665380840 lifecam22 2977.28564453 4740.828125 5.14533424377
1477665380908 lifecam22 2972.53076172 4738.75634766 5.15242195129
1477665380976 lifecam22 2967.08569336 4736.96972656 5.15686511993
1477665381040 lifecam22 2961.39672852 4734.41650391 5.16226053238
1477665381108 lifecam22 2955.75683594 4732.02783203 5.16740036011
1477665381176 lifecam22 2949.96777344 4729.21044922 5.17158126831
1477665381240 lifecam22 2945.63208008 4727.97167969 5.18075323105
1477665381308 lifecam22 2939.34741211 4726.06103516 5.18846559525
1477665381376 lifecam22 2934.66503906 4725.73388672 5.2032494545
1477665381441 lifecam22 2928.43676758 4722.70605469 5.20371198654
1477665381509 lifecam22 2923.48095703 4720.38769531 5.2072520256
1477665381577 lifecam22 2917.74462891 4719.71582031 5.22242975235
1477665381644 lifecam22 2912.82983398 4717.29394531 5.2290854454
1477665381709 lifecam22 2907.00830078 4715.20068359 5.23648834229
1477665381777 lifecam22 2901.84033203 4712.60400391 5.24129915237
1477665381844 lifecam22 2897.12402344 4710.67773438 5.24722576141
1477665381908 lifecam22 2891.65380859 4707.53125 5.25282287598
1477665381976 lifecam22 2886.39086914 4704.85449219 5.25770187378
1477665382044 lifecam22 2880.92602539 4701.65527344 5.26122379303
1477665382108 lifecam22 2875.91186523 4699.33349609 5.26718616486
1477665382176 lifecam22 2870.12792969 4696.21630859 5.27196741104
1477665382244 lifecam22 2865.30761719 4694.02783203 5.28234100342
1477665382311 lifecam22 2859.56884766 4692.34130859 5.29246091843
1477665382376 lifecam22 2854.46289062 4689.67480469 5.29864692688
1477665382444 lifecam22 2849.35449219 4685.88720703 5.29751968384
1477665382512 lifecam22 2844.49829102 4683.52539062 5.31058454514
1477665382576 lifecam22 2839.50927734 4680.42333984 5.31094169617
1477665382644 lifecam22 2834.56616211 4678.06103516 5.32258987427
1477665382712 lifecam22 2829.90820312 4675.92919922 5.33074808121
1477665382776 lifecam22 2825.29736328 4673.58251953 5.33574295044
1477665382844 lifecam22 2820.08422852 4669.01025391 5.33682107925
1477665382912 lifecam22 2815.2121582 4667.3359375 5.34605455399
1477665382976 lifecam22 2810.06494141 4663.51904297 5.35197210312
1477665383044 lifecam22 2804.94506836 4661.67822266 5.36289548874
1477665383112 lifecam22 2800.41943359 4658.79052734 5.369764328
1477665383180 lifecam22 2794.51098633 4655.94384766 5.38035869598
1477665383244 lifecam22 2789.99682617 4652.61328125 5.3820810318
1477665383312 lifecam22 2785.44873047 4649.75830078 5.39120054245
1477665383380 lifecam22 2780.86352539 4647.11328125 5.39891862869
1477665383445 lifecam22 2775.36035156 4644.00341797 5.40319871902
1477665383513 lifecam22 2770.4777832 4641.62353516 5.41668319702
1477665383581 lifecam22 2766.0090332 4637.77001953 5.41485309601
1477665383644 lifecam22 2761.13500977 4635.05908203 5.42765903473
1477665383712 lifecam22 2756.11035156 4630.81689453 5.43058490753
1477665383780 lifecam22 2751.93457031 4627.25097656 5.43227005005
1477665383846 lifecam22 2746.59814453 4623.59326172 5.44187736511
1477665383912 lifecam22 2742.04711914 4620.77197266 5.44993638992
1477665383980 lifecam22 2737.22070312 4616.97949219 5.45519924164
1477665384048 lifecam22 2732.03442383 4612.62792969 5.45857524872
1477665384112 lifecam22 2727.19799805 4610.29248047 5.47432756424
1477665384180 lifecam22 2723.81445312 4606.67480469 5.47540950775
1477665384248 lifecam22 2720.01660156 4602.55810547 5.47444677353
1477665384298 lifecam20 2662.12646484 4603.57421875 5.4981546402
1477665384312 lifecam22 2658.89990234 4601.42089844 5.50392723083
1477665384365 lifecam20 2659.06494141 4592.44042969 5.45673894882
1477665384380 lifecam22 2657.12792969 4591.56054688 5.4623799324
1477665384434 lifecam20 2653.09228516 4597.41601562 5.51202249527
1477665384448 lifecam22 2651.37011719 4596.71386719 5.52277326584
1477665384497 lifecam20 2649.87304688 4593.67138672 5.51385307312
1477665384515 lifecam22 2647.53613281 4592.46972656 5.52006435394
1477665384565 lifecam20 2645.04199219 4590.19042969 5.52004575729
1477665384579 lifecam22 2642.578125 4586.390625 5.51295185089
1477665384633 lifecam20 2640.16772461 4584.90380859 5.51804542542
1477665384647 lifecam22 2638.15551758 4583.66894531 5.52205371857
1477665384698 lifecam20 2636.1796875 4581.88183594 5.52665710449
1477665384715 lifecam22 2633.68994141 4580.36132812 5.53351020813
1477665384766 lifecam20 2631.30175781 4577.92578125 5.53286504745
1477665384779 lifecam22 2629.14746094 4575.18603516 5.53016471863
1477665384834 lifecam20 2626.875 4573.44824219 5.53777551651
1477665384847 lifecam22 2624.30249023 4571.74072266 5.54319238663
1477665384902 lifecam20 2622.48681641 4569.59960938 5.54257678986
1477665384915 lifecam22 2620.67431641 4567.75683594 5.54846477509
1477665384966 lifecam20 2618.22363281 4566.14501953 5.5538687706
1477665384980 lifecam22 2615.78759766 4564.44726562 5.55662584305
1477665385033 lifecam20 2613.73022461 4562.55712891 5.5619225502
1477665385048 lifecam22 2611.79858398 4560.15722656 5.56563854218
1477665385102 lifecam20 2609.08569336 4558.26269531 5.56718587875
1477665385116 lifecam22 2606.96899414 4557.36181641 5.57209968567
1477665385165 lifecam20 2605.43798828 4555.34570312 5.5762386322
1477665385179 lifecam22 2603.27490234 4552.59960938 5.57779979706
1477665385233 lifecam20 2600.66357422 4551.48339844 5.58457279205
1477665385247 lifecam22 2598.48510742 4550.65625 5.593354702
1477665385301 lifecam20 2596.33374023 4547.83496094 5.59195137024
1477665385315 lifecam22 2594.29516602 4545.24316406 5.59165334702
1477665385366 lifecam20 2592.20507812 4544.05273438 5.59979200363
1477665385383 lifecam22 2589.89404297 4541.95019531 5.60191631317
1477665385434 lifecam20 2587.81689453 4540.046875 5.60444355011
1477665385447 lifecam22 2585.77880859 4538.30029297 5.60811519623
1477665385502 lifecam20 2583.50244141 4535.69042969 5.60737371445
1477665385515 lifecam22 2581.52587891 4533.63623047 5.60983991623
1477665385565 lifecam20 2579.60888672 4531.75683594 5.6146645546
1477665385583 lifecam22 2577.91357422 4529.39355469 5.61621046066
1477665385633 lifecam20 2575.73974609 4527.09863281 5.61684083939
1477665385648 lifecam22 2573.24389648 4525.19433594 5.62205219269
1477665385701 lifecam20 2571.40649414 4523.14404297 5.62710618973
1477665385716 lifecam22 2569.39306641 4521.11328125 5.63012361526
1477665385769 lifecam20 2566.86743164 4518.93554688 5.63278961182
1477665385784 lifecam22 2564.76074219 4517.57910156 5.64123725891
1477665385832 lifecam20 2562.92041016 4515.27636719 5.64267587662
1477665385847 lifecam22 2560.95605469 4514.01757812 5.64978837967
1477665385901 lifecam20 2559.02099609 4512.22802734 5.65641880035
1477665385915 lifecam22 2557.37036133 4511.06445312 5.6654343605
1477665385968 lifecam20 2555.29345703 4508.125 5.66549968719
1477665385983 lifecam22 2553.59985352 4507.94335938 5.67807292938
1477665386034 lifecam20 2552.09375 4506.01171875 5.68194913864
1477665386050 lifecam22 2550.22119141 4504.17529297 5.68699073792
1477665386101 lifecam20 2548.24316406 4502.05712891 5.69036769867
1477665386115 lifecam22 2546.36035156 4502.46777344 5.70672035217
1477665386170 lifecam20 2544.55175781 4499.71777344 5.70623683929
1477665386232 lifecam20 2542.55566406 4497.36816406 5.70879840851
1477665386301 lifecam20 2479.72021484 4482.93212891 5.68139600754
1477665386369 lifecam20 2476.11181641 4478.85107422 5.69281148911
1477665386437 lifecam20 2472.29199219 4473.57958984 5.69143533707
1477665386500 lifecam20 2469.55834961 4468.20214844 5.69268131256
1477665386569 lifecam20 2465.16137695 4465.08203125 5.70630025864
1477665386636 lifecam20 2461.13696289 4459.98681641 5.71260690689
1477665386701 lifecam20 2456.953125 4455.40478516 5.72218465805
1477665386768 lifecam20 2453.20532227 4451.25097656 5.72693586349
1477665386837 lifecam20 2449.81005859 4447.57177734 5.73634719849
1477665386902 lifecam20 2446.23730469 4443.41552734 5.74961280823
1477665386970 lifecam20 2442.36767578 4438.72607422 5.75481891632
1477665387038 lifecam20 2438.72021484 4434.36425781 5.76211833954
1477665387106 lifecam20 2435.29785156 4428.33496094 5.7608332634
1477665387169 lifecam20 2431.33325195 4425.24023438 5.77658319473
1477665387237 lifecam20 2428.25878906 4419.60888672 5.77730894089
1477665387304 lifecam20 2425.25268555 4415.35986328 5.78236484528
1477665387369 lifecam20 2421.92724609 4409.81542969 5.78479337692
1477665387436 lifecam20 2417.30395508 4406.74902344 5.80444955826
1477665387505 lifecam20 2414.38720703 4401.51464844 5.80704641342
1477665387568 lifecam20 2410.71289062 4395.76513672 5.81113958359
1477665387637 lifecam20 2408.03417969 4389.07617188 5.80822324753
1477665387705 lifecam20 2405.24707031 4384.97167969 5.81498336792
1477665387770 lifecam20 2402.88085938 4380.75634766 5.82532453537
1477665387837 lifecam20 2398.69213867 4376.96826172 5.84126853943
1477665387906 lifecam20 2396.41577148 4370.31347656 5.83813428879
1477665387973 lifecam20 2393.52441406 4364.71484375 5.84066963196
1477665388037 lifecam20 2391.1015625 4359.75537109 5.84615707397
1477665388104 lifecam20 2388.02416992 4354.66113281 5.8539891243
1477665388173 lifecam20 2384.87060547 4350.37304688 5.86281299591
1477665388236 lifecam20 2381.5690918 4345.24707031 5.87109708786
1477665388305 lifecam20 2378.12841797 4340.10546875 5.87760353088
1477665388372 lifecam20 2375.46020508 4335.31835938 5.88253450394
1477665388437 lifecam20 2372.65136719 4330.10351562 5.89160346985
1477665388504 lifecam20 2369.21557617 4325.99560547 5.90189504623
1477665388573 lifecam20 2366.62011719 4320.95410156 5.91055297852
1477665388640 lifecam20 2363.28222656 4316.28417969 5.91893291473
1477665388705 lifecam20 2361.41503906 4310.29541016 5.92201375961
1477665388772 lifecam20 2358.16162109 4305.5390625 5.92816352844
1477665388841 lifecam20 2355.95214844 4298.76269531 5.93356323242
1477665388904 lifecam20 2352.55249023 4295.49658203 5.94577407837
1477665388973 lifecam20 2350.79833984 4289.22802734 5.94614648819
1477665389041 lifecam20 2348.4753418 4283.82128906 5.9484038353
1477665389105 lifecam20 2345.47216797 4279.29541016 5.96226596832
1477665389172 lifecam20 2343.31567383 4274.16992188 5.96759939194
1477665389241 lifecam20 2340.05859375 4268.28125 5.97577857971
1477665389304 lifecam20 2337.31420898 4264.01074219 5.98228693008
1477665389373 lifecam20 2334.81494141 4258.19677734 5.98818159103
1477665389440 lifecam20 2332.88427734 4253.55078125 5.99868583679
1477665389508 lifecam20 2330.62744141 4246.88183594 6.00048589706
1477665389572 lifecam20 2329.14477539 4242.08203125 6.00697803497
1477665389641 lifecam20 2326.33056641 4236.50537109 6.01277256012
1477665389708 lifecam20 2324.61230469 4231.61914062 6.02170324326
1477665389774 lifecam20 2323.86669922 4225.89355469 6.0260720253
1477665389841 lifecam20 2321.41333008 4219.65234375 6.02759885788
1477665389909 lifecam20 2321.01464844 4213.52832031 6.02836465836
1477665389971 lifecam20 2318.33764648 4208.06298828 6.03397750854
1477665390041 lifecam20 2317.09326172 4201.89501953 6.03953313828
1477665390108 lifecam20 2313.60400391 4197.81201172 6.05501747131
1477665390177 lifecam20 2311.36962891 4192.41992188 6.06395816803
1477665390240 lifecam20 2309.97900391 4187.27294922 6.06932592392
1477665390308 lifecam20 2308.22070312 4181.20654297 6.07441139221
1477665390376 lifecam20 2305.4543457 4176.36962891 6.08749341965
1477665390440 lifecam20 2304.15185547 4170.97851562 6.095246315
1477665390508 lifecam20 2301.96484375 4165.3671875 6.10183906555
1477665390576 lifecam20 2300.21704102 4160.09912109 6.10738754272
1477665390641 lifecam20 2298.80175781 4154.52392578 6.11414003372
1477665390709 lifecam20 2296.48071289 4149.30908203 6.12194061279
1477665390777 lifecam20 2296.04321289 4142.96044922 6.12567615509
1477665390840 lifecam20 2293.72949219 4137.9375 6.1341881752
1477665390908 lifecam20 2292.91992188 4131.55224609 6.13747739792
1477665390976 lifecam20 2290.60473633 4126.91552734 6.14872217178
1477665391044 lifecam20 2289.01416016 4120.69921875 6.15550279617
1477665391108 lifecam20 2287.8840332 4115.33544922 6.15901756287
1477665391175 lifecam20 2286.27099609 4109.828125 6.16801404953
1477665391244 lifecam20 2285.4309082 4104.19091797 6.17120885849
1477665391307 lifecam20 2284.54125977 4097.8515625 6.17533636093
1477665391376 lifecam20 2282.90356445 4092.2265625 6.18355989456
1477665391444 lifecam20 2281.63427734 4086.99365234 6.19057130814
1477665391509 lifecam20 2281.50317383 4080.9375 6.19271850586
1477665391577 lifecam20 2279.59960938 4076.30639648 6.20591640472
1477665391645 lifecam20 2279.11621094 4070.18286133 6.20978069305
1477665391713 lifecam20 2277.67431641 4064.09570312 6.21716690063
1477665391777 lifecam20 2277.56103516 4057.80712891 6.2201051712
1477665391844 lifecam20 2276.71679688 4051.33959961 6.22341775894
1477665391912 lifecam20 2275.33520508 4046.59228516 6.23429536819
1477665391975 lifecam20 2274.96679688 4039.66357422 6.23921775818
1477665392044 lifecam20 2274.89355469 4033.47509766 6.23657178879
1477665392111 lifecam20 2277.61572266 4030.52563477 6.22528934479
1477665392176 lifecam20 2276.5378418 4032.7668457 6.22960662842
1477665392243 lifecam20 2276.94018555 4032.15576172 6.22895002365
1477665392312 lifecam20 2276.95092773 4032.74951172 6.23075485229
1477665392379 lifecam20 2276.74609375 4032.98266602 6.23277568817
1477665392445 lifecam20 2276.76879883 4032.3449707 6.22950220108
1477665392511 lifecam20 2277.14770508 4032.49829102 6.22846651077
1477665392580 lifecam20 2276.81298828 4032.57104492 6.23045396805
1477665392643 lifecam20 2276.46679688 4033.16772461 6.23429203033
1477665392712 lifecam20 2276.97412109 4032.54394531 6.23007774353
1477665392779 lifecam20 2277.02172852 4032.3371582 6.22950029373
1477665392844 lifecam20 2276.79418945 4032.77636719 6.23219776154
1477665392911 lifecam20 2276.51611328 4032.96166992 6.23371458054
1477665392980 lifecam20 2277.02172852 4032.3371582 6.22950029373
1477665393044 lifecam20 2276.79418945 4032.77636719 6.23219776154
1477665393113 lifecam20 2277.02172852 4032.3371582 6.22950029373
1477665393180 lifecam20 2276.74853516 4032.51245117 6.23093271255
1477665393249 lifecam20 2277.02905273 4032.16625977 6.22803449631
