1477665795151 lifecam22 3360.87231445 4779.70996094 4.71461343765
1477665795218 lifecam22 3361.09179688 4779.79101562 4.71538591385
1477665795286 lifecam22 3360.67285156 4779.64892578 4.71403455734
1477665795351 lifecam22 3360.87231445 4779.70996094 4.71461343765
1477665795418 lifecam22 3360.85253906 4779.68945312 4.71442127228
1477665795487 lifecam22 3360.91186523 4779.75048828 4.71499919891
1477665795551 lifecam22 3360.91186523 4779.75048828 4.71499919891
1477665795619 lifecam22 3360.87231445 4779.70996094 4.71461343765
1477665795687 lifecam22 3361.13134766 4779.83203125 4.71577119827
1477665795754 lifecam22 3361.33081055 4779.89306641 4.71635293961
1477665795819 lifecam22 3361.27172852 4779.83203125 4.71577453613
1477665795887 lifecam22 3361.27172852 4779.83203125 4.71577453613
1477665795954 lifecam22 3361.27172852 4779.83203125 4.71577453613
1477665796018 lifecam22 3361.51074219 4779.93408203 4.71674060822
1477665796088 lifecam22 3361.86767578 4776.42626953 4.68748998642
1477665796164 lifecam22 3360.7265625 4776.33544922 4.68649673462
1477665796219 lifecam22 3360.41088867 4776.41113281 4.68717765808
1477665796286 lifecam22 3360.88378906 4777.39355469 4.69378995895
1477665796354 lifecam22 3360.75219727 4778.36230469 4.70312404633
1477665796422 lifecam22 3360.59814453 4779.29150391 4.71211385727
1477665796622 lifecam22 3359.32617188 4777.68994141 4.70057201385
1477665796687 lifecam22 3359.48754883 4777.75146484 4.70322656631
1477665796754 lifecam22 3359.65966797 4778.06347656 4.70477867126
1477665796826 lifecam22 3360.06616211 4778.75244141 4.70845079422
1477665796885 lifecam22 3359.19775391 4777.14501953 4.69394016266
1477665796953 lifecam22 3359.13085938 4777.37646484 4.70008516312
1477665797022 lifecam22 3360.62353516 4777.34033203 4.69463348389
1477665797084 lifecam22 3360.55419922 4779.52783203 4.71287965775
1477665797153 lifecam22 3350.2956543 4779.45800781 4.71221542358
1477665797225 lifecam22 3346.06616211 4778.75292969 4.70845222473
1477665797290 lifecam22 3339.55419922 4779.52783203 4.71288108826
1477665797354 lifecam22 3332.55444336 4779.52783203 4.71288204193
1477665797422 lifecam22 3326.17016602 4779.83789062 4.71752119064
1477665797490 lifecam22 3320.53271484 4780.53808594 4.72578525543
1477665797553 lifecam22 3316.83789062 4781.42773438 4.74917697906
1477665797622 lifecam22 3311.34594727 4782.26855469 4.75505065918
1477665797690 lifecam22 3306.56689453 4782.93457031 4.76936721802
1477665797753 lifecam22 3300.22631836 4783.01220703 4.76975345612
1477665797822 lifecam22 3292.97216797 4782.84960938 4.77096986771
1477665797890 lifecam22 3287.11914062 4782.92480469 4.77264499664
1477665797957 lifecam22 3282.07250977 4783.98925781 4.78457593918
1477665798021 lifecam22 3276.87915039 4784.37304688 4.79394865036
1477665798089 lifecam22 3271.07861328 4784.56982422 4.80285692215
1477665798157 lifecam22 3265.16210938 4784.42089844 4.80855798721
1477665798221 lifecam22 3258.9543457 4784.43994141 4.81065607071
1477665798289 lifecam22 3252.89501953 4783.64160156 4.81201839447
1477665798357 lifecam22 3247.52514648 4785.01855469 4.82399892807
1477665798421 lifecam22 3242.59521484 4784.60400391 4.83238840103
1477665798489 lifecam22 3236.07861328 4785.97851562 4.84090614319
1477665798557 lifecam22 3230.89526367 4785.44482422 4.84688568115
1477665798625 lifecam22 3224.59594727 4786.02929688 4.85274267197
1477665798689 lifecam22 3218.0324707 4784.80126953 4.85253858566
1477665798757 lifecam22 3212.76782227 4784.86621094 4.86066150665
1477665798825 lifecam22 3206.64013672 4783.81787109 4.86571025848
1477665798889 lifecam22 3201.21069336 4783.10400391 4.871322155
1477665798957 lifecam22 3195.44824219 4782.61181641 4.87794017792
1477665799025 lifecam22 3189.54272461 4782.79785156 4.88572025299
1477665799089 lifecam22 3183.94213867 4781.34814453 4.89289188385
1477665799157 lifecam22 3178.21142578 4781.87988281 4.90095710754
1477665799225 lifecam22 3172.93457031 4780.37695312 4.90102481842
1477665799289 lifecam22 3166.98730469 4780.45996094 4.90892553329
1477665799357 lifecam22 3160.99194336 4780.1953125 4.91746282578
1477665799425 lifecam22 3154.78613281 4779.62646484 4.92477893829
1477665799493 lifecam22 3149.5324707 4779.37158203 4.93481683731
1477665799558 lifecam22 3143.50708008 4778.52246094 4.93839216232
1477665799625 lifecam22 3137.96582031 4777.98242188 4.94712495804
1477665799694 lifecam22 3132.48071289 4778.12158203 4.95656967163
1477665799757 lifecam22 3125.73925781 4775.51757812 4.95539140701
1477665799825 lifecam22 3121.39331055 4776.79541016 4.96655321121
1477665799894 lifecam22 3115.26538086 4774.97998047 4.97539424896
1477665799957 lifecam22 3109.73950195 4775.24267578 4.98520994186
1477665800026 lifecam22 3103.38549805 4773.37744141 4.98680830002
1477665800093 lifecam22 3098.76806641 4773.14892578 4.99838209152
1477665800161 lifecam22 3093.23828125 4772.35839844 5.00590276718
1477665800226 lifecam22 3087.42285156 4771.22216797 5.00962543488
1477665800295 lifecam22 3081.15698242 4770.06298828 5.01676082611
1477665800361 lifecam22 3075.95410156 4770.265625 5.02743625641
1477665800425 lifecam22 3070.07055664 4768.84326172 5.0312628746
1477665800494 lifecam22 3064.48583984 4767.60253906 5.03561639786
1477665800565 lifecam22 3058.4831543 4765.74023438 5.03977012634
1477665800625 lifecam22 3053.27075195 4764.37304688 5.04657649994
1477665800693 lifecam22 3047.49902344 4762.60400391 5.04972791672
1477665800761 lifecam22 3042.70629883 4761.32128906 5.05543661118
1477665800823 lifecam22 3036.99414062 4758.9921875 5.05894565582
1477665800900 lifecam22 3031.05444336 4757.77734375 5.06419181824
1477665800961 lifecam22 3025.48999023 4755.30957031 5.07093572617
1477665801028 lifecam22 3019.69775391 4753.79248047 5.07317686081
1477665801092 lifecam22 3014.7199707 4752.69042969 5.08536672592
1477665801160 lifecam22 3009.06933594 4751.37597656 5.09223031998
1477665801238 lifecam22 3003.24926758 4750.22216797 5.09949350357
1477665801293 lifecam22 2997.22314453 4748.61376953 5.10806894302
1477665801361 lifecam22 2991.37158203 4746.89306641 5.11265087128
1477665801429 lifecam22 2987.40454102 4746.25585938 5.12527894974
1477665801492 lifecam22 2981.13964844 4744.41308594 5.13307905197
1477665801628 lifecam22 2969.67773438 4741.72265625 5.14616441727
1477665801696 lifecam22 2964.7175293 4739.20068359 5.15158748627
1477665801760 lifecam22 2958.57568359 4738.28369141 5.15725564957
1477665801828 lifecam22 2953.77392578 4734.87207031 5.16615247726
1477665801899 lifecam22 2947.8425293 4733.66308594 5.17054653168
1477665801960 lifecam22 2942.81176758 4729.73535156 5.17023229599
1477665802028 lifecam22 2937.82885742 4730.98779297 5.19102859497
1477665802098 lifecam22 2931.7956543 4728.4921875 5.1929974556
1477665802159 lifecam22 2926.56933594 4726.57714844 5.20055770874
1477665802228 lifecam22 2921.0012207 4724.18847656 5.20485925674
1477665802364 lifecam22 2910.46484375 4719.65478516 5.21674156189
1477665802428 lifecam22 2904.85131836 4717.67382812 5.22538518906
1477665802496 lifecam22 2899.75756836 4714.70410156 5.22736501694
1477665802566 lifecam22 2894.41552734 4712.08154297 5.2321267128
1477665802628 lifecam22 2889.57299805 4710.27294922 5.23960399628
1477665802697 lifecam22 2884.36157227 4706.94921875 5.24294233322
1477665802764 lifecam22 2878.93115234 4704.81787109 5.25305938721
1477665802828 lifecam22 2874.29492188 4701.640625 5.2543592453
1477665802896 lifecam22 2868.0871582 4699.41113281 5.26499176025
1477665802964 lifecam22 2863.53588867 4696.15917969 5.26673984528
1477665803027 lifecam22 2857.83935547 4693.82763672 5.27606868744
1477665803096 lifecam22 2852.59960938 4691.66210938 5.28696584702
1477665803164 lifecam22 2848.08105469 4689.14599609 5.28888034821
1477665803232 lifecam22 2842.84692383 4688.27050781 5.3026099205
1477665803298 lifecam22 2837.10498047 4684.77050781 5.30797863007
1477665803364 lifecam22 2832.24682617 4682.00146484 5.3146071434
1477665803432 lifecam22 2827.01733398 4679.49658203 5.32344675064
1477665803496 lifecam22 2821.81982422 4677.31542969 5.33158063889
1477665803564 lifecam22 2816.91674805 4673.72509766 5.3326625824
1477665803632 lifecam22 2812.37109375 4671.95605469 5.34499645233
1477665803695 lifecam22 2807.16357422 4668.80566406 5.35008955002
1477665803764 lifecam22 2801.25976562 4664.74462891 5.35238361359
1477665803832 lifecam22 2796.67333984 4663.05908203 5.36310720444
1477665803903 lifecam22 2791.54541016 4659.26220703 5.36524534225
1477665803964 lifecam22 2786.59838867 4657.58496094 5.37769269943
1477665804032 lifecam22 2781.77001953 4654.05859375 5.38338422775
1477665804100 lifecam22 2777.53759766 4651.30712891 5.38978290558
1477665804163 lifecam22 2771.88549805 4647.96240234 5.39482498169
1477665804231 lifecam22 2768.20751953 4644.78271484 5.39705371857
1477665804299 lifecam22 2762.18383789 4642.875 5.41265821457
1477665804362 lifecam22 2758.71435547 4638.6328125 5.41257810593
1477665804431 lifecam22 2753.51098633 4635.99316406 5.42180967331
1477665804501 lifecam22 2749.25244141 4631.65917969 5.42358732224
1477665804568 lifecam22 2744.27099609 4627.59228516 5.42436361313
1477665804632 lifecam22 2738.66455078 4624.37890625 5.43615722656
1477665804699 lifecam22 2734.15185547 4621.25195312 5.44322490692
1477665804767 lifecam22 2729.71655273 4619.03466797 5.45695877075
1477665804832 lifecam22 2724.99633789 4613.80175781 5.45358991623
1477665804899 lifecam22 2719.56640625 4609.82861328 5.46535873413
1477665804968 lifecam22 2715.82714844 4607.68164062 5.47537231445
1477665805032 lifecam22 2711.77392578 4604.69775391 5.48330640793
1477665805082 lifecam20 2654.03564453 4607.86083984 5.51611566544
1477665805102 lifecam22 2650.95703125 4605.82958984 5.51938819885
1477665805167 lifecam22 2648.49511719 4604.83203125 5.52414512634
1477665805218 lifecam20 2644.71362305 4598.37402344 5.50708818436
1477665805232 lifecam22 2642.27392578 4597.61474609 5.51827716827
1477665805285 lifecam20 2640.49047852 4595.68847656 5.51722812653
1477665805301 lifecam22 2638.44799805 4593.71630859 5.51606655121
1477665805351 lifecam20 2636.12573242 4591.04980469 5.51374340057
1477665805369 lifecam22 2634.07519531 4588.73339844 5.51731204987
1477665805418 lifecam20 2631.2734375 4587.61328125 5.52523183823
1477665805436 lifecam22 2628.80419922 4586.09570312 5.5317902565
1477665805486 lifecam20 2626.83740234 4584.41503906 5.53294324875
1477665805500 lifecam22 2624.70141602 4582.00830078 5.53079748154
1477665805550 lifecam20 2622.21191406 4579.79785156 5.53355264664
1477665805568 lifecam22 2620.32666016 4578.54443359 5.54189300537
1477665805622 lifecam20 2617.84960938 4575.9296875 5.54052114487
1477665805639 lifecam22 2615.2331543 4573.80273438 5.54106998444
1477665805686 lifecam20 2612.95410156 4572.71679688 5.5471496582
1477665805701 lifecam22 2610.79296875 4570.24414062 5.54746580124
1477665805750 lifecam20 2608.56835938 4568.87255859 5.55596256256
1477665805767 lifecam22 2606.47607422 4567.47949219 5.56086015701
1477665805818 lifecam20 2604.47753906 4565.25683594 5.56213474274
1477665805835 lifecam22 2602.02148438 4563.015625 5.56480836868
1477665805886 lifecam20 2599.88647461 4561.40283203 5.57194280624
1477665805898 lifecam22 2597.92822266 4560.10546875 5.57836341858
1477665805955 lifecam20 2595.64306641 4557.50537109 5.57715654373
1477665805973 lifecam22 2593.90478516 4554.84863281 5.57856798172
1477665806018 lifecam20 2591.69189453 4553.3671875 5.58203029633
1477665806035 lifecam22 2589.65136719 4551.59765625 5.58408403397
1477665806087 lifecam20 2588.04492188 4549.40136719 5.58859682083
1477665806103 lifecam22 2585.86865234 4547.43701172 5.59342765808
1477665806154 lifecam20 2583.89794922 4546.14941406 5.5979552269
1477665806167 lifecam22 2581.78564453 4544.16699219 5.59849977493
1477665806219 lifecam20 2579.41455078 4541.40185547 5.59986782074
1477665806235 lifecam22 2577.44433594 4539.21484375 5.6038980484
1477665806291 lifecam20 2575.35766602 4536.41699219 5.60073328018
1477665806314 lifecam22 2573.19677734 4534.27050781 5.60193347931
1477665806354 lifecam20 2571.28466797 4532.99902344 5.60916900635
1477665806418 lifecam20 2568.93505859 4531.09375 5.61289215088
1477665806436 lifecam22 2564.67407227 4527.11132812 5.62105512619
1477665806486 lifecam20 2562.58276367 4524.60058594 5.62251996994
1477665806503 lifecam22 2560.64404297 4521.93945312 5.6223154068
1477665806554 lifecam20 2558.67675781 4520.72070312 5.62992143631
1477665806568 lifecam22 2557.14160156 4519.45703125 5.63739109039
1477665806618 lifecam20 2554.74121094 4516.61328125 5.63692188263
1477665806643 lifecam22 2552.13574219 4515.30664062 5.64577388763
1477665806686 lifecam20 2550.74414062 4512.83300781 5.6489443779
1477665806703 lifecam22 2549.16064453 4512.08105469 5.65810537338
1477665806754 lifecam20 2546.68359375 4509.74902344 5.66104650497
1477665806766 lifecam22 2544.61669922 4508.27929688 5.66900730133
1477665806822 lifecam20 2542.70068359 4506.57421875 5.67413234711
1477665806835 lifecam22 2540.84082031 4506.40429688 5.68888235092
1477665806886 lifecam20 2538.79418945 4504.42236328 5.6941447258
1477665806954 lifecam20 2536.68945312 4501.87988281 5.69444417953
1477665807023 lifecam20 2473.77685547 4489.93896484 5.67833852768
1477665807086 lifecam20 2470.00024414 4485.99121094 5.68435573578
1477665807154 lifecam20 2466.03637695 4480.55566406 5.68649864197
1477665807171 lifecam22 2521.40087891 4491.36035156 5.75229120255
1477665807223 lifecam20 2519.47070312 4489.23046875 5.75652217865
1477665807286 lifecam20 2517.61181641 4487.06347656 5.76134252548
1477665807354 lifecam20 2453.86010742 4468.22265625 5.71255159378
1477665807422 lifecam20 2450.41259766 4462.90673828 5.71622753143
1477665807486 lifecam20 2446.54174805 4457.88720703 5.71572256088
1477665807554 lifecam20 2443.0234375 4453.98242188 5.72980070114
1477665807622 lifecam20 2439.70361328 4449.78955078 5.73474788666
1477665807690 lifecam20 2435.68823242 4444.83251953 5.74195432663
1477665807753 lifecam20 2433.27685547 4440.44677734 5.74650859833
1477665807821 lifecam20 2428.53051758 4435.15185547 5.75493526459
1477665807890 lifecam20 2426.63867188 4430.56396484 5.75396108627
1477665807953 lifecam20 2421.95068359 4426.78125 5.76714134216
1477665808022 lifecam20 2419.59838867 4421.70898438 5.76963949203
1477665808089 lifecam20 2414.68237305 4417.56201172 5.78548049927
1477665808153 lifecam20 2411.24414062 4412.24365234 5.78646659851
1477665808221 lifecam20 2407.87426758 4408.68261719 5.79890680313
1477665808289 lifecam20 2404.5144043 4402.81933594 5.79807806015
1477665808358 lifecam20 2400.86401367 4399.03808594 5.80972528458
1477665808421 lifecam20 2397.60351562 4393.16650391 5.81645011902
1477665808489 lifecam20 2394.37426758 4389.14404297 5.82288646698
1477665808557 lifecam20 2391.64257812 4383.66796875 5.82846307755
1477665808621 lifecam20 2388.57958984 4378.17480469 5.83150005341
1477665808690 lifecam20 2385.24707031 4373.05029297 5.83851194382
1477665808757 lifecam20 2382.48754883 4367.43603516 5.84043312073
1477665808821 lifecam20 2379.56420898 4361.47851562 5.84121322632
1477665808889 lifecam20 2376.77416992 4357.38671875 5.85641908646
1477665808957 lifecam20 2374.03930664 4352.15576172 5.85816192627
1477665809023 lifecam20 2370.33886719 4347.65332031 5.86698579788
1477665809090 lifecam20 2366.74951172 4343.37939453 5.87956762314
1477665809157 lifecam20 2363.70043945 4337.75292969 5.88175630569
1477665809225 lifecam20 2360.71875 4332.24804688 5.88868951797
1477665809289 lifecam20 2357.5847168 4328.38720703 5.90198469162
1477665809359 lifecam20 2355.05786133 4323.71923828 5.91210365295
1477665809425 lifecam20 2351.86547852 4317.93798828 5.91122627258
1477665809490 lifecam20 2350.4309082 4312.28027344 5.91802787781
1477665809557 lifecam20 2346.98144531 4307.80712891 5.92252111435
1477665809625 lifecam20 2345.73388672 4301.79589844 5.92723703384
1477665809691 lifecam20 2342.11474609 4297.43408203 5.93512153625
1477665809758 lifecam20 2341.12353516 4291.61376953 5.9362282753
1477665809825 lifecam20 2337.3671875 4287.38085938 5.94969034195
1477665809893 lifecam20 2334.8671875 4280.87158203 5.9516711235
1477665809957 lifecam20 2331.88085938 4276.39550781 5.96311330795
1477665810027 lifecam20 2329.09741211 4271.13037109 5.97195911407
1477665810093 lifecam20 2327.44482422 4265.64990234 5.97488307953
1477665810158 lifecam20 2323.66113281 4260.86279297 5.98594474792
1477665810225 lifecam20 2321.79345703 4255.62255859 5.99071025848
1477665810293 lifecam20 2319.84204102 4248.97167969 5.99253940582
1477665810357 lifecam20 2317.54052734 4244.69482422 6.00105857849
1477665810425 lifecam20 2314.72265625 4239.86767578 6.01413106918
1477665810493 lifecam20 2312.796875 4233.42041016 6.01382017136
1477665810557 lifecam20 2310.68481445 4227.42236328 6.02007865906
1477665810625 lifecam20 2309.54199219 4221.85693359 6.02423334122
1477665810693 lifecam20 2307.00878906 4216.45410156 6.03296518326
1477665810761 lifecam20 2305.19140625 4210.63183594 6.03708362579
1477665810825 lifecam20 2303.45483398 4205.76074219 6.04818296432
1477665810893 lifecam20 2299.75610352 4200.11474609 6.05596876144
1477665810961 lifecam20 2298.92382812 4194.29150391 6.0547747612
1477665811026 lifecam20 2297.21411133 4188.16015625 6.05815887451
1477665811093 lifecam20 2295.5 4183.18115234 6.06674671173
1477665811161 lifecam20 2293.8515625 4178.05126953 6.0741353035
1477665811225 lifecam20 2291.91113281 4172.59570312 6.08424472809
1477665811293 lifecam20 2290.29614258 4167.48632812 6.08964776993
1477665811361 lifecam20 2288.72485352 4161.69726562 6.09461927414
1477665811429 lifecam20 2287.22192383 4156.25488281 6.10049581528
1477665811493 lifecam20 2284.96313477 4151.08935547 6.10973501205
1477665811561 lifecam20 2284.38598633 4145.07470703 6.11424827576
1477665811629 lifecam20 2282.15234375 4139.796875 6.12220191956
1477665811694 lifecam20 2280.44482422 4134.27783203 6.13443994522
1477665811761 lifecam20 2278.71582031 4128.65673828 6.13707304001
1477665811829 lifecam20 2277.28125 4121.97509766 6.14025259018
1477665811893 lifecam20 2275.72631836 4117.75683594 6.15064954758
1477665811961 lifecam20 2274.39990234 4111.97314453 6.15671110153
1477665812029 lifecam20 2272.58178711 4106.80371094 6.16476297379
1477665812097 lifecam20 2271.0390625 4100.95068359 6.17272901535
1477665812161 lifecam20 2269.95068359 4094.99731445 6.17744255066
1477665812228 lifecam20 2268.47900391 4089.46777344 6.18584060669
1477665812297 lifecam20 2267.80200195 4083.97216797 6.18907928467
1477665812362 lifecam20 2266.67260742 4077.93798828 6.19743251801
1477665812429 lifecam20 2265.87719727 4071.59448242 6.19929218292
1477665812496 lifecam20 2265.17675781 4065.42285156 6.20406866074
1477665812561 lifecam20 2264.45068359 4059.29467773 6.2092051506
1477665812628 lifecam20 2263.43017578 4052.98339844 6.21275997162
1477665812697 lifecam20 2262.44921875 4047.31494141 6.22032690048
1477665812761 lifecam20 2260.92529297 4041.27416992 6.2271232605
1477665812829 lifecam20 2266.07519531 4036.81494141 6.20146560669
1477665812896 lifecam20 2264.45068359 4038.29443359 6.2092051506
1477665812964 lifecam20 2265.13476562 4037.78442383 6.20610809326
1477665813030 lifecam20 2265.46118164 4037.69360352 6.20546340942
1477665813096 lifecam20 2264.8046875 4038.04321289 6.20825052261
1477665813164 lifecam20 2264.8046875 4038.04321289 6.20825052261
1477665813228 lifecam20 2265.30566406 4037.72900391 6.205701828
1477665813296 lifecam20 2265.30566406 4037.72900391 6.205701828
1477665813365 lifecam20 2265.13476562 4037.78442383 6.20610809326
1477665813429 lifecam20 2265.13476562 4037.78442383 6.20610809326
1477665813496 lifecam20 2265.13476562 4037.78442383 6.20610809326
1477665813564 lifecam20 2265.13476562 4037.78442383 6.20610809326
1477665813632 lifecam20 2265.13476562 4037.78442383 6.20610809326
1477665813698 lifecam20 2265.13476562 4037.78442383 6.20610809326
1477665813764 lifecam20 2264.97021484 4038.11987305 6.20792961121
1477665813832 lifecam20 2265.13476562 4037.78442383 6.20610809326
1477665813896 lifecam20 2265.13476562 4037.78442383 6.20610809326
1477665813964 lifecam20 2265.13476562 4037.78442383 6.20610809326
1477665814033 lifecam20 2265.30566406 4037.72900391 6.205701828
1477665814097 lifecam20 2265.13476562 4037.78442383 6.20610809326
1477665814165 lifecam20 2264.78320312 4038.1940918 6.20850419998
1477665814232 lifecam20 2265.13476562 4037.78442383 6.20610809326
