1477665727584 lifecam22 3360.55395508 4779.52783203 4.71287918091
1477665727651 lifecam22 3360.06616211 4778.75244141 4.70845079422
1477665727718 lifecam22 3359.27880859 4777.22216797 4.69622182846
1477665727785 lifecam22 3359.41723633 4777.64404297 4.70138454437
1477665727852 lifecam22 3360.06616211 4778.75244141 4.70845079422
1477665727919 lifecam22 3360.06616211 4778.75244141 4.70845079422
1477665727987 lifecam22 3360.30004883 4779.12939453 4.71057224274
1477665728655 lifecam22 3360.06616211 4778.75244141 4.70845079422
1477665728855 lifecam22 3360.55395508 4779.52783203 4.71287918091
1477665728920 lifecam22 3360.55419922 4779.52783203 4.71287965775
1477665728987 lifecam22 3360.30004883 4779.12939453 4.71057224274
1477665729055 lifecam22 3360.55419922 4779.52783203 4.71287965775
1477665729120 lifecam22 3360.30004883 4779.12939453 4.71057224274
1477665729188 lifecam22 3360.06616211 4778.75244141 4.70845079422
1477665729258 lifecam22 3360.30004883 4779.12939453 4.71057224274
1477665729321 lifecam22 3360.30004883 4779.12939453 4.71057224274
1477665729389 lifecam22 3360.06616211 4778.75244141 4.70845079422
1477665729522 lifecam22 3360.55419922 4779.52783203 4.71287965775
1477665729588 lifecam22 3360.55419922 4779.52783203 4.71287965775
1477665729655 lifecam22 3360.30004883 4779.12939453 4.71057224274
1477665729722 lifecam22 3360.06616211 4778.75244141 4.70845079422
1477665729788 lifecam22 3360.1184082 4778.86962891 4.70515966415
1477665729855 lifecam22 3359.72070312 4779.06054688 4.70404338837
1477665729923 lifecam22 3359.54760742 4777.16845703 4.69156885147
1477665730122 lifecam22 3360.55395508 4779.52783203 4.71287918091
1477665730190 lifecam22 3360.41381836 4779.52734375 4.71287965775
1477665730256 lifecam22 3360.55395508 4779.52783203 4.71287918091
1477665730322 lifecam22 3360.55419922 4779.52783203 4.71287965775
1477665730390 lifecam22 3360.55395508 4779.52783203 4.71287918091
1477665730457 lifecam22 3360.40380859 4779.77050781 4.7151889801
1477665730522 lifecam22 3346.55419922 4779.52783203 4.71288156509
1477665730590 lifecam22 3346.47607422 4781.87304688 4.73495149612
1477665730656 lifecam22 3339.64160156 4781.765625 4.73395252228
1477665730722 lifecam22 3332.42700195 4782.70849609 4.74269533157
1477665730790 lifecam22 3326.390625 4782.09375 4.73973608017
1477665730858 lifecam22 3319.63305664 4782.63671875 4.74742269516
1477665730924 lifecam22 3313.72265625 4782.58300781 4.75309658051
1477665730990 lifecam22 3307.27368164 4782.10400391 4.75402927399
1477665731058 lifecam22 3301.82714844 4782.51269531 4.765812397
1477665731124 lifecam22 3298.06005859 4784.32958984 4.78149747849
1477665731190 lifecam22 3291.26049805 4783.95214844 4.78302097321
1477665731258 lifecam22 3285.19458008 4783.96533203 4.7826294899
1477665731324 lifecam22 3278.51928711 4784.16650391 4.79099845886
1477665731390 lifecam22 3273.03320312 4784.29150391 4.79367256165
1477665731457 lifecam22 3267.55004883 4784.5703125 4.80727910995
1477665731524 lifecam22 3262.48046875 4784.59619141 4.81357002258
1477665731592 lifecam22 3257.50146484 4785.21777344 4.82139158249
1477665731658 lifecam22 3251.2578125 4784.38818359 4.82482051849
1477665731726 lifecam22 3245.03417969 4785.53125 4.83449697495
1477665731792 lifecam22 3238.79980469 4785.21337891 4.83847570419
1477665731857 lifecam22 3233.12133789 4785.81689453 4.84865188599
1477665731925 lifecam22 3227.90039062 4785.24121094 4.85501384735
1477665731992 lifecam22 3222.24902344 4786.08300781 4.86360025406
1477665732057 lifecam22 3216.44555664 4784.89746094 4.86924219131
1477665732125 lifecam22 3210.48388672 4784.60205078 4.87264633179
1477665732192 lifecam22 3205.02758789 4784.09912109 4.87527179718
1477665732260 lifecam22 3200.21118164 4783.51123047 4.88385725021
1477665732393 lifecam22 3188.4777832 4782.79638672 4.89603328705
1477665732460 lifecam22 3182.53417969 4782.92529297 4.90325164795
1477665732525 lifecam22 3175.87597656 4781.27783203 4.90326166153
1477665732593 lifecam22 3170.15478516 4781.40185547 4.91294956207
1477665732660 lifecam22 3164.20874023 4780.61083984 4.92126941681
1477665732725 lifecam22 3157.71459961 4779.30419922 4.92366743088
1477665732793 lifecam22 3152.16918945 4778.85107422 4.93243026733
1477665732860 lifecam22 3146.96386719 4778.28320312 4.93801689148
1477665732928 lifecam22 3141.07983398 4777.79345703 4.94655990601
1477665732993 lifecam22 3135.6027832 4777.5 4.95663881302
1477665733056 lifecam22 3129.68994141 4777.17285156 4.96570110321
1477665733121 lifecam22 3124.02490234 4776.31005859 4.97194766998
1477665733188 lifecam22 3117.60644531 4775.36230469 4.97489881516
1477665733256 lifecam22 3112.36962891 4774.27001953 4.98542976379
1477665733321 lifecam22 3106.69897461 4773.26513672 4.98767280579
1477665733388 lifecam22 3101.74926758 4772.55908203 4.99986505508
1477665733457 lifecam22 3096.25756836 4772.1796875 5.00694036484
1477665733521 lifecam22 3089.29296875 4770.63183594 5.007147789
1477665733587 lifecam22 3084.80712891 4770.25097656 5.02218437195
1477665733656 lifecam22 3078.56298828 4768.61572266 5.02497720718
1477665733721 lifecam22 3072.44335938 4766.30419922 5.02271366119
1477665733789 lifecam22 3067.45654297 4765.97851562 5.03487968445
1477665733856 lifecam22 3062.04980469 4764.63378906 5.04134130478
1477665733923 lifecam22 3057.25610352 4763.56494141 5.04858636856
1477665733988 lifecam22 3051.10742188 4761.51123047 5.05103683472
1477665734057 lifecam22 3045.07055664 4759.78320312 5.05223369598
1477665734123 lifecam22 3040.44970703 4759.63427734 5.06748485565
1477665734188 lifecam22 3035.32373047 4759.35351562 5.07727432251
1477665734255 lifecam22 3029.0769043 4756.98535156 5.08076763153
1477665734323 lifecam22 3023.45703125 4755.77636719 5.08681917191
1477665734388 lifecam22 3018.09667969 4753.83154297 5.09034109116
1477665734456 lifecam22 3011.72460938 4752.09570312 5.09647274017
1477665734523 lifecam22 3006.00683594 4750.71923828 5.10259580612
1477665734591 lifecam22 3001.52099609 4748.11035156 5.10987567902
1477665734656 lifecam22 2995.48925781 4747.12158203 5.11421012878
1477665734723 lifecam22 2989.74584961 4744.18115234 5.12130308151
1477665734791 lifecam22 2983.99438477 4743.05761719 5.13169813156
1477665734856 lifecam22 2978.36645508 4741.76904297 5.13938760757
1477665734923 lifecam22 2973.20532227 4739.70214844 5.14487600327
1477665734991 lifecam22 2968.38085938 4738.96972656 5.15466165543
1477665735056 lifecam22 2962.56542969 4736.50878906 5.15615177155
1477665735124 lifecam22 2956.88037109 4733.94677734 5.15922212601
1477665735191 lifecam22 2951.33032227 4734.09960938 5.17708587646
1477665735257 lifecam22 2945.59033203 4731.44238281 5.17707443237
1477665735324 lifecam22 2940.73510742 4729.26708984 5.18913602829
1477665735391 lifecam22 2934.45996094 4726.98535156 5.1904759407
1477665735459 lifecam22 2929.54785156 4724.18164062 5.1972284317
1477665735524 lifecam22 2924.31420898 4722.31835938 5.20306110382
1477665735591 lifecam22 2919.25170898 4721.73242188 5.21985435486
1477665735659 lifecam22 2914.25366211 4718.11914062 5.219186306
1477665735724 lifecam22 2908.55981445 4717.15966797 5.23017930984
1477665735791 lifecam22 2903.63037109 4712.76855469 5.2252407074
1477665735860 lifecam22 2897.99023438 4711.77832031 5.23761940002
1477665735924 lifecam22 2893.21386719 4707.55419922 5.23738670349
1477665735992 lifecam22 2887.62353516 4706.61035156 5.24895238876
1477665736059 lifecam22 2882.34082031 4703.93945312 5.25460195541
1477665736126 lifecam22 2877.40209961 4702.63134766 5.26439285278
1477665736192 lifecam22 2871.65209961 4699.70947266 5.27059745789
1477665736259 lifecam22 2866.75463867 4697.57373047 5.28020191193
1477665736327 lifecam22 2861.86010742 4694.07958984 5.27881717682
1477665736392 lifecam22 2856.49633789 4692.63525391 5.29018974304
1477665736460 lifecam22 2850.8605957 4688.59033203 5.2910118103
1477665736526 lifecam22 2845.83056641 4687.10107422 5.305372715
1477665736660 lifecam22 2835.47021484 4680.14208984 5.31158256531
1477665736726 lifecam22 2830.05786133 4678.515625 5.3243970871
1477665736794 lifecam22 2826.23852539 4675.44287109 5.32907009125
1477665736860 lifecam22 2820.39355469 4671.86865234 5.33350563049
1477665736927 lifecam22 2815.00097656 4670.19873047 5.34350776672
1477665736994 lifecam22 2810.02075195 4666.16357422 5.34628343582
1477665737060 lifecam22 2804.67797852 4664.08544922 5.3512005806
1477665737126 lifecam22 2799.68530273 4660.05566406 5.3596777916
1477665737194 lifecam22 2794.92089844 4657.81347656 5.36410045624
1477665737260 lifecam22 2790.05859375 4654.15478516 5.37059688568
1477665737327 lifecam22 2785.73291016 4652.93945312 5.38189315796
1477665737394 lifecam22 2780.47558594 4648.47705078 5.3848772049
1477665737460 lifecam22 2775.79589844 4647.15869141 5.39771604538
1477665737528 lifecam22 2771.17504883 4641.69482422 5.39531230927
1477665737595 lifecam22 2766.0234375 4639.65869141 5.40675020218
1477665737663 lifecam22 2761.65405273 4636.37548828 5.41426706314
1477665737728 lifecam22 2757.46484375 4632.73583984 5.4143743515
1477665737795 lifecam22 2752.0546875 4630.18847656 5.42780303955
1477665737862 lifecam22 2747.36010742 4626.37011719 5.43029689789
1477665737928 lifecam22 2741.80517578 4624.69921875 5.44805288315
1477665737995 lifecam22 2737.92114258 4620.33691406 5.4439239502
1477665738063 lifecam22 2732.13696289 4616.70019531 5.44950866699
1477665738195 lifecam22 2724.01220703 4611.06152344 5.46951580048
1477665738264 lifecam22 2717.38647461 4608.09912109 5.48605251312
1477665738331 lifecam22 2713.95410156 4605.40429688 5.49052619934
1477665738396 lifecam22 2709.75585938 4600.59960938 5.48798322678
1477665738449 lifecam20 2652.98852539 4601.33007812 5.5042181015
1477665738463 lifecam22 2650.49316406 4600.34033203 5.51476335526
1477665738512 lifecam20 2648.93212891 4595.25244141 5.49175834656
1477665738530 lifecam22 2646.71704102 4592.41992188 5.49000787735
1477665738582 lifecam20 2644.35595703 4591.82128906 5.50311088562
1477665738596 lifecam22 2642.00219727 4590.43554688 5.51017427444
1477665738649 lifecam20 2640.09838867 4589.18945312 5.51806211472
1477665738663 lifecam22 2638.06835938 4587.13037109 5.51689004898
1477665738712 lifecam20 2635.40307617 4585.08544922 5.52053022385
1477665738730 lifecam22 2632.88232422 4582.07519531 5.51781654358
1477665738780 lifecam20 2630.54736328 4579.71972656 5.51624441147
1477665738796 lifecam22 2628.02978516 4578.50488281 5.52482795715
1477665738849 lifecam20 2625.70117188 4577.01855469 5.52983570099
1477665738864 lifecam22 2623.59179688 4575.18603516 5.53351163864
1477665738918 lifecam20 2620.68945312 4573.88378906 5.54133415222
1477665738932 lifecam22 2619.04541016 4572.65380859 5.54828357697
1477665738980 lifecam20 2617.28735352 4569.94677734 5.54465579987
1477665738995 lifecam22 2614.68481445 4568.12988281 5.54989385605
1477665739048 lifecam20 2612.49462891 4566.49462891 5.55293512344
1477665739064 lifecam22 2610.44677734 4563.61914062 5.55056095123
1477665739116 lifecam20 2608.29980469 4562.23046875 5.55933237076
1477665739131 lifecam22 2606.06445312 4561.02441406 5.56542682648
1477665739180 lifecam20 2604.03466797 4558.64746094 5.56544923782
1477665739199 lifecam22 2602.09423828 4556.88574219 5.5692782402
1477665739252 lifecam20 2599.48217773 4555.33007812 5.57545852661
1477665739267 lifecam22 2597.22265625 4553.40087891 5.57779741287
1477665739316 lifecam20 2595.78320312 4550.76757812 5.5757317543
1477665739330 lifecam22 2593.93408203 4548.453125 5.57892179489
1477665739380 lifecam20 2591.31884766 4546.79101562 5.58351325989
1477665739398 lifecam22 2589.42382812 4544.54101562 5.58473014832
1477665739448 lifecam20 2587.72167969 4542.25195312 5.58797168732
1477665739463 lifecam22 2585.49511719 4539.96630859 5.59054899216
1477665739516 lifecam20 2583.29345703 4538.17675781 5.59471273422
1477665739531 lifecam22 2581.19433594 4536.79296875 5.60049295425
1477665739584 lifecam20 2579.03710938 4534.65820312 5.60394191742
1477665739607 lifecam22 2576.85522461 4532.25683594 5.60598087311
1477665739648 lifecam20 2574.78100586 4530.06933594 5.6056804657
1477665739663 lifecam22 2572.83154297 4528.35498047 5.61037540436
1477665739716 lifecam20 2570.46875 4527.26660156 5.62183570862
1477665739731 lifecam22 2568.10791016 4525.11425781 5.62492322922
1477665739784 lifecam20 2566.03173828 4522.81689453 5.62529850006
1477665739798 lifecam22 2564.02636719 4521.35009766 5.63190460205
1477665739848 lifecam20 2561.79492188 4518.82275391 5.63518190384
1477665739866 lifecam22 2559.72827148 4516.9765625 5.63867378235
1477665739916 lifecam20 2558.10058594 4515.8203125 5.64221286774
1477665739937 lifecam22 2556.08520508 4515.09667969 5.65232753754
1477665739984 lifecam20 2553.59594727 4512.85644531 5.65708637238
1477665739998 lifecam22 2551.5480957 4510.96582031 5.66144418716
1477665740048 lifecam20 2549.72460938 4509.47070312 5.66706562042
1477665740066 lifecam22 2547.84765625 4509.71289062 5.68414878845
1477665740116 lifecam20 2545.38916016 4506.453125 5.68413448334
1477665740132 lifecam22 2543.14135742 4505.80419922 5.69334745407
1477665740184 lifecam20 2541.48803711 4504.0 5.69595623016
1477665740198 lifecam22 2540.08276367 4503.01367188 5.70588970184
1477665740248 lifecam20 2537.97802734 4501.00488281 5.71033525467
1477665740317 lifecam20 2536.38867188 4498.00878906 5.70874452591
1477665740384 lifecam20 2473.50488281 4483.68603516 5.68056583405
1477665740452 lifecam20 2468.91943359 4478.23730469 5.68514537811
1477665740517 lifecam20 2465.45385742 4474.22558594 5.69203948975
1477665740584 lifecam20 2461.43774414 4468.91259766 5.69463920593
1477665740653 lifecam20 2458.01000977 4464.83398438 5.70372915268
1477665740716 lifecam20 2454.43994141 4460.4765625 5.7097826004
1477665740784 lifecam20 2450.38183594 4455.74755859 5.71934556961
1477665740852 lifecam20 2446.96801758 4451.76757812 5.7243309021
1477665740916 lifecam20 2443.37402344 4446.51904297 5.72992086411
1477665740984 lifecam20 2439.8046875 4442.35498047 5.73580646515
1477665741053 lifecam20 2436.87402344 4438.21630859 5.74606609344
1477665741116 lifecam20 2432.35961914 4433.09716797 5.75211668015
1477665741185 lifecam20 2430.17651367 4427.80029297 5.75265073776
1477665741253 lifecam20 2426.2590332 4423.75 5.76427221298
1477665741320 lifecam20 2422.11230469 4419.76367188 5.77117347717
1477665741384 lifecam20 2419.14672852 4415.30908203 5.78107976913
1477665741452 lifecam20 2414.58081055 4411.72216797 5.79271936417
1477665741521 lifecam20 2412.53344727 4405.51318359 5.79291343689
1477665741584 lifecam20 2408.71337891 4401.19628906 5.8003783226
1477665741652 lifecam20 2405.70043945 4396.19726562 5.80692338943
1477665741720 lifecam20 2401.07958984 4392.57666016 5.82173681259
1477665741784 lifecam20 2397.83935547 4386.55126953 5.82361221313
1477665741852 lifecam20 2394.74072266 4381.60839844 5.82645654678
1477665741920 lifecam20 2391.70214844 4377.36962891 5.83380508423
1477665741988 lifecam20 2388.48461914 4371.45410156 5.83462572098
1477665742052 lifecam20 2385.38989258 4367.21582031 5.84854125977
1477665742120 lifecam20 2382.67578125 4361.27587891 5.84736728668
1477665742188 lifecam20 2379.35693359 4356.72412109 5.85649251938
1477665742252 lifecam20 2375.92944336 4350.8984375 5.86097097397
1477665742320 lifecam20 2372.04370117 4346.46142578 5.87517404556
1477665742388 lifecam20 2369.70385742 4341.00634766 5.8786907196
1477665742452 lifecam20 2366.92749023 4335.12060547 5.87994670868
1477665742520 lifecam20 2363.93994141 4331.21875 5.89016246796
1477665742588 lifecam20 2362.45629883 4324.74072266 5.88986635208
1477665742656 lifecam20 2358.4362793 4320.62011719 5.90368270874
1477665742720 lifecam20 2356.69628906 4315.19482422 5.90433883667
1477665742788 lifecam20 2354.4309082 4309.78710938 5.90738487244
1477665742856 lifecam20 2351.48095703 4304.62744141 5.91585493088
1477665742920 lifecam20 2348.89575195 4298.85253906 5.91951417923
1477665742988 lifecam20 2346.57177734 4293.60205078 5.92795705795
1477665743056 lifecam20 2343.62915039 4288.91601562 5.9360499382
1477665743120 lifecam20 2341.2487793 4283.48535156 5.94133663177
1477665743188 lifecam20 2337.20483398 4280.01806641 5.9561290741
1477665743256 lifecam20 2335.55883789 4274.05712891 5.96219921112
1477665743321 lifecam20 2332.62036133 4268.83789062 5.96931552887
1477665743388 lifecam20 2330.28857422 4263.85644531 5.97522354126
1477665743456 lifecam20 2328.34545898 4258.28857422 5.98485517502
1477665743524 lifecam20 2325.04077148 4253.30517578 5.99397230148
1477665743587 lifecam20 2322.72119141 4247.54980469 5.99833869934
1477665743657 lifecam20 2319.99560547 4242.74462891 6.00539779663
1477665743724 lifecam20 2318.64208984 4237.03564453 6.0080947876
1477665743787 lifecam20 2316.08447266 4233.19238281 6.02092123032
1477665743855 lifecam20 2314.09545898 4227.24853516 6.02474832535
1477665743923 lifecam20 2311.96264648 4221.16015625 6.02680397034
1477665743989 lifecam20 2309.27709961 4215.54541016 6.03339624405
1477665744056 lifecam20 2307.23608398 4210.06933594 6.0387544632
1477665744124 lifecam20 2304.60546875 4204.69189453 6.04866313934
1477665744192 lifecam20 2303.55126953 4197.89990234 6.04727458954
1477665744255 lifecam20 2301.15771484 4193.609375 6.06111240387
1477665744324 lifecam20 2300.49853516 4187.04833984 6.06169986725
1477665744391 lifecam20 2298.48852539 4181.10888672 6.06328344345
1477665744455 lifecam20 2297.22875977 4175.55175781 6.07134008408
1477665744524 lifecam20 2295.58813477 4169.48242188 6.07546901703
1477665744591 lifecam20 2293.72241211 4165.546875 6.08820295334
1477665744656 lifecam20 2292.18408203 4159.88037109 6.09321069717
1477665744723 lifecam20 2290.60302734 4153.79150391 6.09644842148
1477665744791 lifecam20 2289.3894043 4148.05322266 6.10214090347
1477665744856 lifecam20 2286.41552734 4142.91064453 6.11478662491
1477665744923 lifecam20 2285.34179688 4137.65380859 6.12116527557
1477665744993 lifecam20 2283.65234375 4131.953125 6.12573480606
1477665745060 lifecam20 2282.49902344 4125.74560547 6.13006830215
1477665745124 lifecam20 2280.32421875 4121.21142578 6.14445447922
1477665745192 lifecam20 2279.19287109 4115.23681641 6.14994716644
1477665745259 lifecam20 2277.69628906 4109.59277344 6.15531635284
1477665745324 lifecam20 2275.54663086 4104.33398438 6.16569805145
1477665745392 lifecam20 2274.09082031 4098.23486328 6.17276477814
1477665745460 lifecam20 2272.73657227 4092.34204102 6.17920160294
1477665745523 lifecam20 2271.8581543 4087.71801758 6.18579769135
1477665745592 lifecam20 2270.86010742 4081.7590332 6.18845176697
1477665745660 lifecam20 2270.20825195 4075.86621094 6.19532775879
1477665745727 lifecam20 2267.6940918 4070.78076172 6.20851755142
1477665745791 lifecam20 2267.00219727 4064.56347656 6.21174287796
1477665745859 lifecam20 2265.37451172 4058.57055664 6.2177939415
1477665745928 lifecam20 2265.22851562 4052.60400391 6.21748495102
1477665745992 lifecam20 2264.81567383 4046.69433594 6.2233376503
1477665746059 lifecam20 2263.9699707 4040.22070312 6.22859239578
1477665746127 lifecam20 2263.04101562 4035.98681641 6.23741722107
