1477665967158 lifecam22 3354.81176758 4779.95556641 4.71694087982
1477665967228 lifecam22 3355.10888672 4780.26220703 4.71984291077
1477665967296 lifecam22 3355.1105957 4780.11914062 4.7184920311
1477665967357 lifecam22 3354.98095703 4779.85351562 4.71597671509
1477665967428 lifecam22 3354.81176758 4779.95556641 4.71694087982
1477665967495 lifecam22 3355.71508789 4780.01171875 4.71747636795
1477665967565 lifecam22 3356.95800781 4779.81982422 4.71565580368
1477665967628 lifecam22 3354.51123047 4779.93457031 4.71674251556
1477665967697 lifecam22 3353.67333984 4779.64941406 4.71403694153
1477665967770 lifecam22 3354.7902832 4780.07763672 4.7180981636
1477665967825 lifecam22 3355.10888672 4780.26220703 4.71984291077
1477665967895 lifecam22 3355.40722656 4780.42626953 4.72139406204
1477665967963 lifecam22 3355.10888672 4780.26220703 4.71984291077
1477665968025 lifecam22 3354.7902832 4780.07763672 4.7180981636
1477665968164 lifecam22 3353.81347656 4779.64941406 4.7140378952
1477665968226 lifecam22 3353.55444336 4779.52832031 4.71288299561
1477665968296 lifecam22 3353.55444336 4779.52832031 4.71288299561
1477665968364 lifecam22 3353.55444336 4779.52832031 4.71288299561
1477665968432 lifecam22 3353.55444336 4779.52832031 4.71288299561
1477665968493 lifecam22 3353.55444336 4779.52832031 4.71288299561
1477665968563 lifecam22 3353.55444336 4779.52832031 4.71288299561
1477665968630 lifecam22 3353.55444336 4779.52832031 4.71288299561
1477665968692 lifecam22 3353.55444336 4779.52832031 4.71288299561
1477665968762 lifecam22 3353.55444336 4779.52832031 4.71288299561
1477665968832 lifecam22 3353.55444336 4779.52832031 4.71288299561
1477665968895 lifecam22 3353.55444336 4779.52832031 4.71288299561
1477665968963 lifecam22 3354.8527832 4779.85400391 4.71597719193
1477665969031 lifecam22 3354.51123047 4779.93457031 4.71674251556
1477665969099 lifecam22 3353.41430664 4779.52832031 4.71288347244
1477665969234 lifecam22 3339.55419922 4779.52783203 4.71288108826
1477665969300 lifecam22 3332.55444336 4779.52783203 4.71288204193
1477665969362 lifecam22 3325.55444336 4779.52783203 4.71288204193
1477665969433 lifecam22 3323.53344727 4782.23583984 4.73832273483
1477665969500 lifecam22 3316.83544922 4782.35498047 4.74234867096
1477665969562 lifecam22 3311.43017578 4782.8828125 4.74844074249
1477665969631 lifecam22 3305.39208984 4783.25585938 4.75697135925
1477665969699 lifecam22 3299.81274414 4783.16064453 4.76095819473
1477665969767 lifecam22 3294.09008789 4783.03808594 4.76988077164
1477665969830 lifecam22 3287.61132812 4783.50634766 4.77291345596
1477665969899 lifecam22 3282.62915039 4783.88916016 4.78204488754
1477665969967 lifecam22 3276.55151367 4784.20800781 4.7858080864
1477665970029 lifecam22 3270.65820312 4784.22363281 4.79207801819
1477665970099 lifecam22 3264.86767578 4783.77441406 4.80018138885
1477665970167 lifecam22 3258.90698242 4783.76806641 4.80703163147
1477665970298 lifecam22 3247.84838867 4784.44238281 4.82330417633
1477665970366 lifecam22 3241.96240234 4785.09423828 4.82964897156
1477665970429 lifecam22 3236.52294922 4785.08642578 4.84259748459
1477665970499 lifecam22 3230.85131836 4785.07861328 4.84481096268
1477665970568 lifecam22 3224.65893555 4784.49023438 4.8500957489
1477665970637 lifecam22 3219.70751953 4785.09912109 4.85916423798
1477665970697 lifecam22 3213.11547852 4784.32421875 4.86309099197
1477665970757 lifecam22 3208.89208984 4785.33496094 4.87546110153
1477665970837 lifecam22 3202.39550781 4784.67919922 4.88162469864
1477665970896 lifecam22 3196.75952148 4784.26416016 4.88471269608
1477665970967 lifecam22 3189.84570312 4783.73095703 4.89123153687
1477665971035 lifecam22 3184.3059082 4783.24511719 4.89833450317
1477665971096 lifecam22 3178.76269531 4783.83300781 4.90800046921
1477665971157 lifecam22 3173.78540039 4783.28076172 4.91475582123
1477665971233 lifecam22 3168.14306641 4783.71337891 4.9237742424
1477665971303 lifecam22 3161.64379883 4781.29443359 4.92306566238
1477665971365 lifecam22 3156.47045898 4782.22558594 4.93469142914
1477665971433 lifecam22 3150.94165039 4781.05029297 4.93939304352
1477665971501 lifecam22 3144.98046875 4779.63720703 4.94176197052
1477665971563 lifecam22 3139.00268555 4779.25439453 4.9489030838
1477665971702 lifecam22 3127.52832031 4777.27734375 4.96090364456
1477665971764 lifecam22 3122.2590332 4776.24365234 4.9675450325
1477665971834 lifecam22 3115.53125 4775.49365234 4.96938991547
1477665971901 lifecam22 3109.42114258 4774.22998047 4.97770166397
1477665971971 lifecam22 3103.74975586 4773.39160156 4.98377037048
1477665972026 lifecam22 3098.7956543 4772.44775391 4.99208498001
1477665972103 lifecam22 3093.48828125 4771.68164062 5.00173997879
1477665972171 lifecam22 3087.63867188 4769.85205078 5.00455904007
1477665972232 lifecam22 3081.52832031 4769.10302734 5.00976467133
1477665972302 lifecam22 3076.82397461 4768.87890625 5.0260720253
1477665972371 lifecam22 3070.44042969 4767.19384766 5.02851963043
1477665972432 lifecam22 3065.22509766 4766.43066406 5.03728818893
1477665972504 lifecam22 3059.07202148 4764.03320312 5.03698348999
1477665972571 lifecam22 3053.87719727 4764.19384766 5.04573154449
1477665972633 lifecam22 3049.03320312 4763.05664062 5.06067848206
1477665972768 lifecam22 3037.27783203 4760.30810547 5.07041931152
1477665972837 lifecam22 3032.25512695 4760.03955078 5.07993125916
1477665972900 lifecam22 3025.99438477 4758.47753906 5.08765172958
1477665972970 lifecam22 3020.51025391 4756.05859375 5.08892345428
1477665973040 lifecam22 3015.20019531 4754.28710938 5.09610652924
1477665973102 lifecam22 3009.59155273 4753.28466797 5.10317468643
1477665973172 lifecam22 3004.18481445 4751.57080078 5.10986423492
1477665973239 lifecam22 2998.44799805 4749.26855469 5.11203622818
1477665973301 lifecam22 2993.64501953 4748.17578125 5.11936378479
1477665973361 lifecam22 2988.5378418 4747.32080078 5.1289691925
1477665973438 lifecam22 2982.71362305 4744.890625 5.13263893127
1477665973506 lifecam22 2976.65161133 4742.59716797 5.13544988632
1477665973570 lifecam22 2970.98168945 4742.15380859 5.14994955063
1477665973638 lifecam22 2965.96191406 4740.00048828 5.15469121933
1477665973706 lifecam22 2959.73071289 4737.67578125 5.15783834457
1477665973769 lifecam22 2954.56152344 4735.17822266 5.16137695312
1477665973837 lifecam22 2948.48046875 4732.09570312 5.16781520844
1477665973905 lifecam22 2943.29296875 4730.04931641 5.17231655121
1477665973967 lifecam22 2937.78027344 4728.29394531 5.17990493774
1477665974037 lifecam22 2932.26806641 4726.91357422 5.1880235672
1477665974112 lifecam22 2927.33496094 4725.70800781 5.20284700394
1477665974173 lifecam22 2921.67114258 4723.39111328 5.2082157135
1477665974237 lifecam22 2916.90063477 4720.97021484 5.21286821365
1477665974306 lifecam22 2911.40673828 4718.14404297 5.21275138855
1477665974373 lifecam22 2906.02026367 4716.30419922 5.22541284561
1477665974507 lifecam22 2895.01220703 4711.4609375 5.23606777191
1477665974575 lifecam22 2889.43994141 4709.12695312 5.24116802216
1477665974636 lifecam22 2884.7097168 4708.140625 5.25491523743
1477665974706 lifecam22 2878.69506836 4704.28662109 5.25621366501
1477665974775 lifecam22 2874.61010742 4703.64550781 5.27089500427
1477665974837 lifecam22 2868.98876953 4699.69433594 5.27110338211
1477665974906 lifecam22 2864.33935547 4697.29150391 5.27691650391
1477665974974 lifecam22 2858.61303711 4695.6796875 5.29045677185
1477665975042 lifecam22 2854.13720703 4692.09960938 5.29383182526
1477665975105 lifecam22 2849.23999023 4690.74658203 5.30289888382
1477665975174 lifecam22 2844.60302734 4687.15039062 5.30323839188
1477665975243 lifecam22 2838.67797852 4684.06835938 5.30591011047
1477665975304 lifecam22 2833.49267578 4681.80078125 5.31477594376
1477665975374 lifecam22 2828.12207031 4679.20410156 5.32416009903
1477665975442 lifecam22 2823.10717773 4676.53076172 5.32936668396
1477665975572 lifecam22 2813.09887695 4670.49414062 5.34160995483
1477665975641 lifecam22 2808.00976562 4668.14746094 5.35050344467
1477665975709 lifecam22 2802.5534668 4663.70019531 5.35025978088
1477665975772 lifecam22 2797.94946289 4662.16503906 5.36414337158
1477665975841 lifecam22 2792.66113281 4659.93994141 5.37432098389
1477665975911 lifecam22 2788.24389648 4656.59814453 5.38119077682
1477665975972 lifecam22 2782.81152344 4652.47558594 5.38134622574
1477665976042 lifecam22 2778.02026367 4649.62841797 5.39141607285
1477665976110 lifecam22 2773.41015625 4646.72167969 5.39717435837
1477665976172 lifecam22 2768.32495117 4643.59375 5.40432548523
1477665976242 lifecam22 2763.21826172 4640.28710938 5.40807056427
1477665976309 lifecam22 2757.86132812 4637.47607422 5.41574382782
1477665976377 lifecam22 2753.28637695 4634.37548828 5.42499446869
1477665976440 lifecam22 2748.53808594 4630.73291016 5.42746782303
1477665976508 lifecam22 2744.45068359 4627.16259766 5.43458747864
1477665976578 lifecam22 2739.36767578 4623.90527344 5.4395236969
1477665976638 lifecam22 2735.06518555 4619.99121094 5.44500875473
1477665976707 lifecam22 2730.38330078 4619.57470703 5.46662855148
1477665976775 lifecam22 2725.65942383 4612.05322266 5.45131254196
1477665976838 lifecam22 2720.66674805 4610.40917969 5.46887636185
1477665976916 lifecam22 2716.56616211 4607.50634766 5.47803020477
1477665976977 lifecam22 2712.91723633 4603.86962891 5.47803926468
1477665977020 lifecam20 2655.26611328 4607.16210938 5.51565599442
1477665977045 lifecam22 2652.57861328 4605.75585938 5.52597427368
1477665977088 lifecam20 2651.40380859 4598.90625 5.48668432236
1477665977108 lifecam22 2649.09863281 4596.08105469 5.48370838165
1477665977150 lifecam20 2645.94897461 4596.81933594 5.50456809998
1477665977176 lifecam22 2643.14404297 4597.24951172 5.52193832397
1477665977218 lifecam20 2641.40771484 4595.40429688 5.5205321312
1477665977287 lifecam20 2639.00683594 4593.10791016 5.52057886124
1477665977311 lifecam22 2634.35888672 4588.97949219 5.51955127716
1477665977349 lifecam20 2631.92993164 4586.64160156 5.52167749405
1477665977379 lifecam22 2630.00561523 4585.60693359 5.52974748611
1477665977418 lifecam20 2627.79321289 4584.63916016 5.53443193436
1477665977446 lifecam22 2625.27441406 4582.64257812 5.53815174103
1477665977486 lifecam20 2623.08569336 4581.47216797 5.54930353165
1477665977507 lifecam22 2621.08642578 4579.67382812 5.55156326294
1477665977554 lifecam20 2618.74926758 4576.87353516 5.55067777634
1477665977578 lifecam22 2616.09350586 4574.6171875 5.55257129669
1477665977618 lifecam20 2614.27441406 4573.43310547 5.55872964859
1477665977645 lifecam22 2612.62011719 4571.13964844 5.56041526794
1477665977687 lifecam20 2609.90722656 4568.62548828 5.56053209305
1477665977706 lifecam22 2607.61962891 4566.49511719 5.56337690353
1477665977756 lifecam20 2605.83691406 4563.96777344 5.56332015991
1477665977819 lifecam20 2603.41870117 4561.171875 5.56198501587
1477665977846 lifecam22 2599.55493164 4556.86523438 5.5680603981
1477665977886 lifecam20 2597.67822266 4555.45410156 5.57595348358
1477665977914 lifecam22 2595.06396484 4552.99804688 5.57666301727
1477665977959 lifecam20 2592.86206055 4551.22070312 5.58134841919
1477665977981 lifecam22 2590.91455078 4549.21582031 5.58512020111
1477665978019 lifecam20 2588.50292969 4546.48974609 5.5842795372
1477665978046 lifecam22 2586.15722656 4544.97705078 5.58864450455
1477665978086 lifecam20 2583.95825195 4543.64941406 5.59504890442
1477665978114 lifecam22 2581.72167969 4541.89941406 5.60059070587
1477665978153 lifecam20 2579.55957031 4539.60546875 5.60077810287
1477665978176 lifecam22 2577.62109375 4537.47558594 5.60358762741
1477665978221 lifecam20 2575.71435547 4535.77587891 5.6111073494
1477665978247 lifecam22 2574.03833008 4533.54589844 5.61161231995
1477665978286 lifecam20 2571.91845703 4531.35742188 5.61320829391
1477665978354 lifecam20 2570.06494141 4529.32421875 5.61635780334
1477665978373 lifecam22 2565.72607422 4525.39453125 5.62680578232
1477665978421 lifecam20 2563.52270508 4523.83789062 5.63294935226
1477665978446 lifecam22 2561.99658203 4521.88964844 5.63393449783
1477665978487 lifecam20 2560.09179688 4519.34960938 5.63563585281
1477665978512 lifecam22 2557.87841797 4517.79833984 5.64157867432
1477665978548 lifecam20 2556.22314453 4516.07910156 5.64442920685
1477665978580 lifecam22 2554.40869141 4514.84228516 5.65441131592
1477665978621 lifecam20 2551.93310547 4512.29492188 5.65679454803
1477665978647 lifecam22 2550.0546875 4511.15771484 5.66245317459
1477665978686 lifecam20 2548.38818359 4509.12890625 5.66527318954
1477665978714 lifecam22 2546.19873047 4508.79833984 5.68074989319
1477665978754 lifecam20 2544.01464844 4506.88183594 5.68622589111
1477665978781 lifecam22 2542.33276367 4505.4453125 5.69074201584
1477665978821 lifecam20 2540.57397461 4502.77880859 5.69149971008
1477665978844 lifecam22 2538.76367188 4502.8515625 5.70470809937
1477665978886 lifecam20 2536.47973633 4501.36132812 5.71045732498
1477665978954 lifecam20 2534.41796875 4498.35498047 5.71038389206
1477665979090 lifecam20 2467.56225586 4480.33203125 5.69574451447
1477665979153 lifecam20 2463.51708984 4476.48681641 5.70236682892
1477665979222 lifecam20 2459.44848633 4473.02001953 5.7126083374
1477665979290 lifecam20 2455.47705078 4468.03369141 5.71693086624
1477665979355 lifecam20 2451.37890625 4463.20654297 5.72670030594
1477665979421 lifecam20 2447.79541016 4458.80957031 5.73258304596
1477665979489 lifecam20 2443.7043457 4453.14111328 5.73239898682
1477665979553 lifecam20 2440.79467773 4449.68310547 5.74216842651
1477665979623 lifecam20 2436.87109375 4444.34130859 5.74296569824
1477665979689 lifecam20 2433.25244141 4439.31494141 5.75394201279
1477665979759 lifecam20 2429.74267578 4434.83886719 5.75977993011
1477665979821 lifecam20 2426.54614258 4429.39160156 5.76147937775
1477665979889 lifecam20 2422.90844727 4424.33691406 5.76984930038
1477665979957 lifecam20 2419.64892578 4419.58300781 5.77448940277
1477665980021 lifecam20 2416.18823242 4415.64257812 5.78615236282
1477665980097 lifecam20 2413.30957031 4410.56542969 5.78694486618
1477665980159 lifecam20 2409.69873047 4404.89794922 5.79194736481
1477665980221 lifecam20 2406.63330078 4401.52783203 5.80195665359
1477665980289 lifecam20 2403.36914062 4396.109375 5.81307125092
1477665980357 lifecam20 2399.64624023 4391.5703125 5.81660699844
1477665980426 lifecam20 2397.42504883 4386.61376953 5.82372093201
1477665980489 lifecam20 2394.32226562 4380.94824219 5.82217073441
1477665980560 lifecam20 2391.35620117 4376.56152344 5.83140087128
1477665980625 lifecam20 2387.36450195 4372.58544922 5.84467840195
1477665980691 lifecam20 2382.94213867 4367.52490234 5.85370206833
1477665980757 lifecam20 2381.41088867 4361.59960938 5.85361671448
1477665980826 lifecam20 2376.95336914 4357.52929688 5.86629629135
1477665980889 lifecam20 2374.94384766 4352.60498047 5.87192678452
1477665980957 lifecam20 2370.59082031 4348.63183594 5.88759183884
1477665981025 lifecam20 2368.09619141 4342.39599609 5.88617181778
1477665981089 lifecam20 2364.98901367 4338.03417969 5.89347839355
1477665981162 lifecam20 2362.54541016 4332.26318359 5.89480352402
1477665981226 lifecam20 2358.82128906 4328.77929688 5.90968084335
1477665981293 lifecam20 2356.17675781 4323.08984375 5.91607379913
1477665981357 lifecam20 2353.79321289 4317.86425781 5.91948604584
1477665981425 lifecam20 2350.7097168 4312.08105469 5.92335033417
1477665981559 lifecam20 2344.78369141 4300.86474609 5.93408203125
1477665981625 lifecam20 2343.05224609 4294.96289062 5.93892621994
1477665981693 lifecam20 2340.88330078 4290.46386719 5.94605875015
1477665981757 lifecam20 2338.23168945 4284.69677734 5.95255279541
1477665981825 lifecam20 2335.92211914 4279.50488281 5.95934009552
1477665981893 lifecam20 2333.47241211 4274.37011719 5.96499872208
1477665981961 lifecam20 2331.18066406 4269.28173828 5.97231149673
1477665982025 lifecam20 2329.29980469 4263.45263672 5.97504663467
1477665982092 lifecam20 2327.05419922 4258.87792969 5.9863743782
1477665982160 lifecam20 2324.9909668 4252.49414062 5.98830842972
1477665982226 lifecam20 2322.54248047 4247.29345703 5.99567365646
1477665982293 lifecam20 2320.52001953 4241.73925781 5.99907779694
1477665982361 lifecam20 2317.92041016 4236.40722656 6.00822019577
1477665982426 lifecam20 2314.91503906 4232.96484375 6.02267122269
1477665982493 lifecam20 2313.01416016 4226.18359375 6.0297703743
1477665982563 lifecam20 2309.94726562 4222.21777344 6.03801250458
1477665982624 lifecam20 2308.79199219 4215.28808594 6.0386223793
1477665982692 lifecam20 2306.81762695 4210.96630859 6.04719257355
1477665982760 lifecam20 2304.38916016 4205.07275391 6.05415201187
1477665982828 lifecam20 2302.05151367 4199.92138672 6.06403446198
1477665982962 lifecam20 2298.58349609 4189.14306641 6.07730054855
1477665983030 lifecam20 2296.42016602 4182.83984375 6.07944393158
1477665983092 lifecam20 2294.42895508 4177.28320312 6.08515501022
1477665983161 lifecam20 2292.82275391 4172.14892578 6.09301757812
1477665983229 lifecam20 2291.18432617 4165.97607422 6.09420776367
1477665983294 lifecam20 2288.70751953 4160.87792969 6.103972435
1477665983361 lifecam20 2286.99658203 4155.61914062 6.11247301102
1477665983428 lifecam20 2285.38525391 4149.34130859 6.11557149887
1477665983496 lifecam20 2284.52758789 4143.57910156 6.12044143677
1477665983560 lifecam20 2283.56665039 4137.58691406 6.12442207336
1477665983629 lifecam20 2281.5234375 4132.61767578 6.1361489296
1477665983696 lifecam20 2280.94067383 4126.24951172 6.13879203796
1477665983762 lifecam20 2279.21289062 4121.23486328 6.14837884903
1477665983829 lifecam20 2279.43896484 4114.7265625 6.14696264267
1477665983897 lifecam20 2277.53027344 4108.95800781 6.15344333649
1477665983961 lifecam20 2276.16503906 4104.15625 6.16110277176
1477665984028 lifecam20 2274.44165039 4098.08154297 6.16934490204
1477665984096 lifecam20 2272.73339844 4092.25415039 6.17808771133
1477665984160 lifecam20 2271.91162109 4086.55761719 6.18320178986
1477665984228 lifecam20 2270.38427734 4081.42578125 6.19231367111
1477665984299 lifecam20 2269.41577148 4076.05712891 6.20007228851
1477665984364 lifecam20 2267.25756836 4070.3762207 6.21201086044
1477665984429 lifecam20 2266.8269043 4064.77929688 6.21607255936
1477665984497 lifecam20 2266.43505859 4058.93798828 6.21830892563
1477665984566 lifecam20 2265.52832031 4052.89892578 6.22494602203
1477665984629 lifecam20 2263.64233398 4047.59594727 6.23822164536
1477665984697 lifecam20 2263.58862305 4041.13427734 6.24163484573
1477665984764 lifecam20 2264.1862793 4034.78540039 6.23377466202
1477665984829 lifecam20 2264.7043457 4032.21069336 6.23289585114
1477665984896 lifecam20 2265.02050781 4033.6887207 6.22822475433
1477665984964 lifecam20 2264.50219727 4033.23535156 6.2328338623
1477665985032 lifecam20 2265.08349609 4033.61962891 6.22897100449
1477665985096 lifecam20 2265.00219727 4033.85375977 6.23103523254
1477665985164 lifecam20 2265.20068359 4033.27709961 6.22757959366
1477665985232 lifecam20 2265.28320312 4033.04467773 6.22550964355
1477665985296 lifecam20 2265.08349609 4033.61962891 6.22897100449
1477665985364 lifecam20 2265.00219727 4033.85375977 6.23103523254
