1477664888879 lifecam22 3365.39477539 4778.91943359 4.70706939697
1477664888947 lifecam22 3366.29833984 4779.00195312 4.70786476135
1477664889011 lifecam22 3366.22607422 4779.06201172 4.70843839645
1477664889078 lifecam22 3365.48999023 4778.87939453 4.70668840408
1477664889213 lifecam22 3362.17602539 4777.40332031 4.69243955612
1477664889279 lifecam22 3362.36132812 4777.56347656 4.69399547577
1477664889348 lifecam22 3362.49560547 4777.70117188 4.69533157349
1477664889417 lifecam22 3363.62158203 4777.95068359 4.69774580002
1477664889547 lifecam22 3362.36132812 4777.56347656 4.69399547577
1477664889745 lifecam22 3362.57226562 4777.625 4.69459486008
1477664889888 lifecam22 3362.57226562 4777.625 4.69459486008
1477664889954 lifecam22 3363.36523438 4777.95019531 4.69774246216
1477664890024 lifecam22 3362.99072266 4777.8671875 4.69694042206
1477664890153 lifecam22 3366.50219727 4779.18359375 4.7095990181
1477664890287 lifecam22 3367.55395508 4779.52783203 4.71287918091
1477664890354 lifecam22 3366.40380859 4777.94775391 4.70247077942
1477664890422 lifecam22 3365.82275391 4776.98242188 4.69724941254
1477664890490 lifecam22 3366.16870117 4777.85351562 4.7003569603
1477664890556 lifecam22 3366.07958984 4777.34472656 4.6995549202
1477664890620 lifecam22 3365.36621094 4776.47363281 4.6953125
1477664890689 lifecam22 3362.88867188 4774.92089844 4.68174886703
1477664890756 lifecam22 3363.20654297 4775.31445312 4.68425369263
1477664890812 lifecam22 3363.98950195 4775.74267578 4.68835163116
1477664890881 lifecam22 3354.58911133 4777.22509766 4.69070100784
1477664890948 lifecam22 3345.72387695 4778.12792969 4.70535755157
1477664891020 lifecam22 3345.32373047 4779.12304688 4.70902013779
1477664891082 lifecam22 3333.51391602 4778.84912109 4.70639801025
1477664891150 lifecam22 3329.44116211 4781.21142578 4.7287735939
1477664891212 lifecam22 3325.65161133 4780.26513672 4.71987628937
1477664891348 lifecam22 3312.31103516 4781.48242188 4.73409461975
1477664891413 lifecam22 3306.26635742 4780.6484375 4.73418903351
1477664891484 lifecam22 3301.05297852 4782.30566406 4.76259183884
1477664891551 lifecam22 3294.83569336 4781.55810547 4.75794839859
1477664891621 lifecam22 3288.64379883 4782.24072266 4.76434755325
1477664891682 lifecam22 3283.96411133 4782.48291016 4.77204370499
1477664891750 lifecam22 3277.60424805 4782.29345703 4.7726187706
1477664891816 lifecam22 3271.32836914 4781.80078125 4.77575159073
1477664891881 lifecam22 3265.07275391 4781.890625 4.77747440338
1477664891949 lifecam22 3259.02661133 4782.49902344 4.78591632843
1477664892018 lifecam22 3254.21166992 4782.703125 4.79715967178
1477664892080 lifecam22 3252.9921875 4785.56835938 4.81633710861
1477664892148 lifecam22 3243.07177734 4784.22998047 4.81661987305
1477664892216 lifecam22 3237.43579102 4784.79003906 4.82199048996
1477664892284 lifecam22 3231.09301758 4784.02587891 4.8284034729
1477664892417 lifecam22 3219.890625 4784.57080078 4.84517669678
1477664892486 lifecam22 3215.77124023 4784.51513672 4.85379505157
1477664892549 lifecam22 3208.5793457 4784.58544922 4.8586063385
1477664892620 lifecam22 3203.44970703 4783.5234375 4.85440444946
1477664892689 lifecam22 3197.54785156 4783.48242188 4.86626386642
1477664892750 lifecam22 3192.17553711 4783.62255859 4.87354183197
1477664892817 lifecam22 3185.97680664 4782.91552734 4.87813282013
1477664892885 lifecam22 3180.52490234 4783.01416016 4.88309860229
1477664892953 lifecam22 3174.07202148 4782.65234375 4.89196491241
1477664893016 lifecam22 3168.7409668 4782.07177734 4.89945650101
1477664893090 lifecam22 3162.33349609 4781.70898438 4.90413141251
1477664893152 lifecam22 3156.37280273 4780.23974609 4.90731906891
1477664893217 lifecam22 3150.32641602 4779.92041016 4.91681480408
1477664893285 lifecam22 3145.00854492 4779.25439453 4.92366552353
1477664893353 lifecam22 3139.2565918 4778.83154297 4.93169403076
1477664893487 lifecam22 3127.34057617 4777.45458984 4.9417552948
1477664893556 lifecam22 3122.15234375 4777.28515625 4.94997358322
1477664893616 lifecam22 3116.59057617 4776.72460938 4.96132135391
1477664893684 lifecam22 3110.62109375 4775.39941406 4.9625453949
1477664893753 lifecam22 3104.13378906 4774.59375 4.97086000443
1477664893820 lifecam22 3099.23461914 4774.953125 4.98128080368
1477664893884 lifecam22 3093.4519043 4773.94140625 4.98828649521
1477664893952 lifecam22 3088.05078125 4772.77441406 4.99570083618
1477664894020 lifecam22 3081.66918945 4771.29345703 4.9983959198
1477664894083 lifecam22 3076.61035156 4769.56347656 5.00496435165
1477664894158 lifecam22 3070.64575195 4769.05419922 5.00971698761
1477664894220 lifecam22 3065.77685547 4767.01464844 5.01765537262
1477664894284 lifecam22 3060.46704102 4767.43408203 5.02499914169
1477664894352 lifecam22 3054.79931641 4764.65185547 5.02628755569
1477664894420 lifecam22 3049.44775391 4764.57470703 5.0364356041
1477664894551 lifecam22 3038.18994141 4761.96923828 5.04928302765
1477664894621 lifecam22 3031.8984375 4760.67773438 5.05383348465
1477664894690 lifecam22 3027.16821289 4759.45605469 5.06017875671
1477664894752 lifecam22 3021.57421875 4759.20507812 5.07389354706
1477664894822 lifecam22 3016.04541016 4757.140625 5.07402038574
1477664894889 lifecam22 3009.77832031 4755.95117188 5.08289337158
1477664894953 lifecam22 3004.87695312 4754.80712891 5.09235525131
1477664895020 lifecam22 2998.44726562 4752.13037109 5.09360742569
1477664895088 lifecam22 2993.27026367 4751.31738281 5.10618019104
1477664895152 lifecam22 2987.16333008 4749.5703125 5.10978651047
1477664895220 lifecam22 2982.44018555 4747.75292969 5.11628627777
1477664895291 lifecam22 2976.57299805 4745.33349609 5.11900377274
1477664895420 lifecam22 2965.94970703 4742.36376953 5.13573646545
1477664895489 lifecam22 2959.90380859 4740.9140625 5.14073181152
1477664895619 lifecam22 2948.08447266 4736.77539062 5.15004014969
1477664895695 lifecam22 2943.19262695 4734.85351562 5.16039609909
1477664895763 lifecam22 2937.37695312 4732.95556641 5.16496276855
1477664895821 lifecam22 2931.96777344 4730.69287109 5.17138433456
1477664895890 lifecam22 2926.5534668 4727.84912109 5.17411708832
1477664895957 lifecam22 2921.2199707 4726.83398438 5.18795967102
1477664896024 lifecam22 2917.04370117 4725.11328125 5.19451618195
1477664896087 lifecam22 2911.62817383 4723.22216797 5.20125675201
1477664896157 lifecam22 2906.53271484 4720.86474609 5.20840644836
1477664896223 lifecam22 2900.98266602 4717.82373047 5.21151399612
1477664896289 lifecam22 2895.21166992 4715.50683594 5.21895122528
1477664896355 lifecam22 2890.04736328 4714.49658203 5.22648763657
1477664896423 lifecam22 2884.7590332 4711.28222656 5.23258161545
1477664896487 lifecam22 2879.96704102 4710.07226562 5.23998355865
1477664896556 lifecam22 2873.99365234 4706.67236328 5.24304294586
1477664896691 lifecam22 2864.48046875 4703.21826172 5.26161956787
1477664896752 lifecam22 2858.17822266 4700.36425781 5.26706123352
1477664896825 lifecam22 2853.45092773 4697.97949219 5.27236843109
1477664896892 lifecam22 2848.04296875 4695.20703125 5.27777910233
1477664897027 lifecam22 2837.82446289 4689.90771484 5.29361772537
1477664897093 lifecam22 2831.87207031 4686.10791016 5.29597949982
1477664897156 lifecam22 2827.22412109 4683.44580078 5.3003320694
1477664897225 lifecam22 2822.07055664 4680.45703125 5.30712747574
1477664897293 lifecam22 2817.17944336 4678.36914062 5.31744718552
1477664897356 lifecam22 2811.25610352 4675.22753906 5.31909227371
1477664897424 lifecam22 2806.44921875 4672.70605469 5.32544851303
1477664897491 lifecam22 2801.48095703 4669.83837891 5.33505105972
1477664897559 lifecam22 2796.56542969 4668.27099609 5.34863948822
1477664897626 lifecam22 2792.42626953 4664.55224609 5.35116672516
1477664897703 lifecam22 2787.14526367 4663.25732422 5.36436319351
1477664897760 lifecam22 2782.67431641 4658.70898438 5.36268043518
1477664897824 lifecam22 2777.33032227 4655.60449219 5.37011241913
1477664897891 lifecam22 2772.93261719 4652.31152344 5.3719587326
1477664897960 lifecam22 2768.46630859 4649.3203125 5.38089179993
1477664898091 lifecam22 2758.30834961 4642.61914062 5.39490795135
1477664898163 lifecam22 2753.47338867 4640.66894531 5.40294265747
1477664898227 lifecam22 2748.98950195 4636.75683594 5.40511751175
1477664898291 lifecam22 2743.32348633 4634.04248047 5.41584396362
1477664898360 lifecam22 2738.39453125 4631.28369141 5.42630958557
1477664898427 lifecam22 2734.03930664 4628.02832031 5.43023729324
1477664898492 lifecam22 2729.05908203 4625.62304688 5.44354343414
1477664898558 lifecam22 2724.83251953 4623.04833984 5.451608181
1477664898626 lifecam22 2719.13134766 4618.21044922 5.45330047607
1477664898690 lifecam22 2714.51831055 4615.41308594 5.46548557281
1477664898769 lifecam22 2710.47851562 4610.98681641 5.46194267273
1477664898834 lifecam22 2706.10205078 4607.22119141 5.46554231644
1477664898877 lifecam20 2647.59399414 4610.50683594 5.50685739517
1477664898903 lifecam22 2644.71240234 4608.27734375 5.50935316086
1477664898945 lifecam20 2643.9465332 4606.48291016 5.50539207458
1477664898965 lifecam22 2642.18041992 4605.09570312 5.51151895523
1477664899034 lifecam22 2639.71533203 4604.67529297 5.52391052246
1477664899077 lifecam20 2635.94702148 4592.57226562 5.47370290756
1477664899146 lifecam20 2632.86132812 4595.06982422 5.49988889694
1477664899165 lifecam22 2628.27050781 4590.23974609 5.49966812134
1477664899214 lifecam20 2625.97998047 4589.0 5.50686454773
1477664899235 lifecam22 2623.65087891 4587.84960938 5.5141658783
1477664899277 lifecam20 2621.49853516 4586.33300781 5.51802110672
1477664899302 lifecam22 2619.23974609 4584.35839844 5.51989364624
1477664899345 lifecam20 2616.96508789 4582.38330078 5.52257919312
1477664899366 lifecam22 2614.7890625 4579.94726562 5.5197687149
1477664899413 lifecam20 2612.44702148 4578.42822266 5.52569103241
1477664899434 lifecam22 2609.58569336 4576.96777344 5.53329467773
1477664899482 lifecam20 2607.76123047 4574.81835938 5.53524923325
1477664899504 lifecam22 2606.32666016 4573.40771484 5.54006958008
1477664899545 lifecam20 2604.03710938 4571.64160156 5.54332923889
1477664899568 lifecam22 2601.83422852 4569.21191406 5.54717206955
1477664899612 lifecam20 2599.49853516 4567.07128906 5.54991531372
1477664899635 lifecam22 2597.60058594 4565.78125 5.55478477478
1477664899681 lifecam20 2595.78417969 4563.32226562 5.55429553986
1477664899703 lifecam22 2593.79052734 4560.3203125 5.55211496353
1477664899745 lifecam20 2591.87304688 4558.82910156 5.55733537674
1477664899771 lifecam22 2589.51049805 4556.87988281 5.55921649933
1477664899814 lifecam20 2587.26660156 4554.45800781 5.56281328201
1477664899833 lifecam22 2585.27612305 4552.33300781 5.56843948364
1477664899881 lifecam20 2583.01171875 4550.53125 5.5697054863
1477664899902 lifecam22 2581.11816406 4549.39990234 5.57368850708
1477664899945 lifecam20 2578.91699219 4546.97851562 5.5772395134
1477664899971 lifecam22 2576.40722656 4544.64355469 5.58084583282
1477664900013 lifecam20 2574.5144043 4543.40136719 5.5858130455
1477664900035 lifecam22 2572.70410156 4541.32324219 5.58751916885
1477664900083 lifecam20 2570.48876953 4539.42822266 5.59292459488
1477664900104 lifecam22 2567.86743164 4537.67285156 5.5981760025
1477664900177 lifecam22 2566.40576172 4535.37207031 5.6014046669
1477664900213 lifecam20 2561.95507812 4531.64648438 5.60792636871
1477664900236 lifecam22 2559.36523438 4530.203125 5.61299085617
1477664900280 lifecam20 2557.12744141 4528.16064453 5.61899518967
1477664900304 lifecam22 2555.40332031 4526.12890625 5.62179851532
1477664900349 lifecam20 2553.39013672 4523.98730469 5.62334108353
1477664900370 lifecam22 2551.06054688 4521.91845703 5.62669897079
1477664900414 lifecam20 2548.88964844 4519.67675781 5.62853813171
1477664900438 lifecam22 2546.70800781 4517.87744141 5.63431406021
1477664900481 lifecam20 2544.67358398 4516.421875 5.64071846008
1477664900549 lifecam20 2542.51171875 4513.87451172 5.6413192749
1477664900570 lifecam22 2538.484375 4510.79589844 5.65189313889
1477664900614 lifecam20 2536.29980469 4509.20751953 5.65921592712
1477664900641 lifecam22 2534.60351562 4508.33398438 5.66847467422
1477664900680 lifecam20 2533.19677734 4505.78710938 5.66722679138
1477664900703 lifecam22 2531.61938477 4504.51904297 5.67301607132
1477664900749 lifecam20 2529.25585938 4502.18359375 5.6777472496
1477664900772 lifecam22 2526.56665039 4501.83837891 5.6935005188
1477664900813 lifecam20 2524.73510742 4499.47070312 5.69504261017
1477664900838 lifecam22 2523.06835938 4497.87304688 5.69996976852
1477664900883 lifecam20 2520.8684082 4496.12060547 5.70412874222
1477664900902 lifecam22 2518.94189453 4496.38964844 5.72012996674
1477664900948 lifecam20 2516.65478516 4493.74511719 5.72337245941
1477664901016 lifecam20 2515.44018555 4491.13085938 5.72343111038
1477664901080 lifecam20 2452.36865234 4474.16845703 5.68496465683
1477664901148 lifecam20 2449.21923828 4470.08544922 5.69398641586
1477664901280 lifecam20 2442.21777344 4461.68945312 5.70802021027
1477664901348 lifecam20 2438.35522461 4457.11035156 5.71167135239
1477664901416 lifecam20 2434.45043945 4453.03613281 5.72067070007
1477664901480 lifecam20 2431.2512207 4447.30175781 5.72359466553
1477664901548 lifecam20 2427.36035156 4442.75341797 5.73114347458
1477664901617 lifecam20 2423.33374023 4438.68701172 5.74242591858
1477664901682 lifecam20 2420.06860352 4434.14257812 5.74531555176
1477664901750 lifecam20 2416.46801758 4428.56835938 5.74802207947
1477664901818 lifecam20 2412.48217773 4425.0625 5.76372146606
1477664901884 lifecam20 2409.41430664 4420.11816406 5.76733493805
1477664901950 lifecam20 2405.83984375 4415.88671875 5.77458524704
1477664902018 lifecam20 2402.00366211 4410.36474609 5.78591775894
1477664902086 lifecam20 2398.51538086 4405.33251953 5.78627443314
1477664902149 lifecam20 2395.1730957 4400.95605469 5.79625177383
1477664902218 lifecam20 2392.18554688 4394.92578125 5.79328012466
1477664902293 lifecam20 2388.7734375 4392.04931641 5.80844640732
1477664902348 lifecam20 2385.92919922 4387.34912109 5.81281852722
1477664902417 lifecam20 2382.48461914 4382.21289062 5.81810188293
1477664902485 lifecam20 2379.72216797 4376.71582031 5.82334136963
1477664902552 lifecam20 2375.59277344 4372.9296875 5.83739805222
1477664902687 lifecam20 2368.33642578 4363.18164062 5.85348749161
1477664902752 lifecam20 2366.02807617 4357.22705078 5.85135364532
1477664902816 lifecam20 2362.70849609 4352.93408203 5.8644156456
1477664902884 lifecam20 2360.42724609 4347.14111328 5.8693652153
1477664902952 lifecam20 2357.62207031 4341.70166016 5.87092113495
1477664903016 lifecam20 2355.34375 4336.16210938 5.87281370163
1477664903084 lifecam20 2353.2277832 4330.34130859 5.8768157959
1477664903152 lifecam20 2350.43383789 4326.06933594 5.88228034973
1477664903220 lifecam20 2347.71850586 4320.60595703 5.8912525177
1477664903284 lifecam20 2344.86279297 4315.45214844 5.89631938934
1477664903353 lifecam20 2342.45410156 4309.13378906 5.8969950676
1477664903420 lifecam20 2339.17895508 4305.4375 5.91194438934
1477664903485 lifecam20 2336.51611328 4300.47314453 5.92255401611
1477664903552 lifecam20 2333.41381836 4295.73144531 5.92833042145
1477664903620 lifecam20 2330.484375 4290.59960938 5.93691062927
1477664903685 lifecam20 2329.07641602 4284.04736328 5.93552732468
1477664903752 lifecam20 2325.46533203 4279.96777344 5.94931697845
1477664903820 lifecam20 2323.38647461 4274.60742188 5.95834112167
1477664903884 lifecam20 2320.44580078 4269.98339844 5.96712017059
1477664903954 lifecam20 2318.27514648 4264.16894531 5.97066116333
1477664904024 lifecam20 2315.72753906 4258.89257812 5.98004722595
1477664904091 lifecam20 2313.65332031 4253.77246094 5.98552560806
1477664904153 lifecam20 2311.07397461 4248.86230469 5.99229860306
1477664904222 lifecam20 2309.18383789 4243.85498047 5.99923467636
1477664904290 lifecam20 2305.89355469 4238.19433594 6.00563001633
1477664904421 lifecam20 2302.01049805 4226.69921875 6.01346826553
1477664904489 lifecam20 2299.24169922 4221.03125 6.01914644241
1477664904552 lifecam20 2297.85742188 4216.19335938 6.02584791183
1477664904620 lifecam20 2295.66162109 4210.34570312 6.03323745728
1477664904688 lifecam20 2294.02905273 4204.81347656 6.03965902328
1477664904756 lifecam20 2292.29467773 4199.65673828 6.04570436478
1477664904820 lifecam20 2290.44775391 4193.41015625 6.05148077011
1477664904888 lifecam20 2289.34863281 4187.64257812 6.05678987503
1477664904950 lifecam20 2287.54833984 4181.41894531 6.0604968071
1477664905021 lifecam20 2286.13183594 4176.68457031 6.06578683853
1477664905089 lifecam20 2284.03857422 4171.27587891 6.07392311096
1477664905158 lifecam20 2281.83154297 4166.23730469 6.08352231979
1477664905222 lifecam20 2280.84936523 4159.99951172 6.0860619545
1477664905290 lifecam20 2278.62548828 4154.20214844 6.09209537506
1477664905357 lifecam20 2276.85473633 4149.06787109 6.10266113281
1477664905488 lifecam20 2273.31982422 4138.83251953 6.11807250977
1477664905556 lifecam20 2272.09570312 4132.91552734 6.12669944763
1477664905625 lifecam20 2270.65380859 4127.17724609 6.13170814514
1477664905687 lifecam20 2268.72998047 4121.35107422 6.14107847214
1477664905756 lifecam20 2267.91918945 4116.82910156 6.14375734329
1477664905824 lifecam20 2266.22900391 4110.49853516 6.14906454086
1477664905888 lifecam20 2265.83618164 4104.31787109 6.15261030197
1477664905956 lifecam20 2264.18530273 4098.60986328 6.15966939926
1477664906023 lifecam20 2262.83007812 4093.29931641 6.16645336151
1477664906089 lifecam20 2259.91772461 4088.38745117 6.18451738358
1477664906157 lifecam20 2259.19799805 4082.72387695 6.18860960007
1477664906225 lifecam20 2257.29614258 4077.37084961 6.19731283188
1477664906295 lifecam20 2257.22875977 4071.00244141 6.19666242599
1477664906357 lifecam20 2256.12915039 4065.58520508 6.20338773727
1477664906425 lifecam20 2255.90673828 4059.3034668 6.20719575882
1477664906550 lifecam20 2256.71801758 4046.62451172 6.20165586472
1477664906617 lifecam20 2258.26757812 4048.12011719 6.19713401794
1477664906687 lifecam20 2256.71289062 4048.75634766 6.2068734169
1477664906751 lifecam20 2256.77880859 4048.84155273 6.20765781403
1477664906821 lifecam20 2256.77880859 4048.84155273 6.20765781403
1477664906886 lifecam20 2256.85009766 4048.90039062 6.2070016861
1477664906950 lifecam20 2257.03564453 4048.22265625 6.20475101471
1477664907017 lifecam20 2256.85009766 4048.90039062 6.2070016861
1477664907087 lifecam20 2257.03564453 4048.22265625 6.20475101471
1477664907160 lifecam20 2256.75927734 4048.85717773 6.20778656006
1477664907219 lifecam20 2256.77880859 4048.84155273 6.20765781403
1477664907288 lifecam20 2256.98730469 4048.42333984 6.20537805557
1477664907353 lifecam20 2256.75927734 4048.85717773 6.20778656006
1477664907417 lifecam20 2256.82763672 4048.64086914 6.20702981949
1477664907485 lifecam20 2256.75927734 4048.85717773 6.20778656006
1477664907554 lifecam20 2256.77880859 4048.84155273 6.20765781403
1477664907617 lifecam20 2256.98730469 4048.42333984 6.20537805557
1477664907685 lifecam20 2256.77880859 4048.84155273 6.20765781403
1477664907754 lifecam20 2256.85009766 4048.90039062 6.2070016861
1477664907822 lifecam20 2256.75927734 4048.85717773 6.20778656006
1477664907886 lifecam20 2256.77880859 4048.84155273 6.20765781403
1477664907954 lifecam20 2256.75927734 4048.85717773 6.20778656006
1477664908021 lifecam20 2256.98730469 4048.42333984 6.20537805557
1477664908099 lifecam20 2256.75927734 4048.85717773 6.20778656006
1477664908153 lifecam20 2257.03564453 4048.22265625 6.20475101471
1477664908224 lifecam20 2257.07763672 4048.46704102 6.20459604263
1477664908288 lifecam20 2256.77880859 4048.84155273 6.20765781403
