1477665222735 lifecam22 3360.75537109 4775.06152344 4.68302488327
1477665222794 lifecam22 3360.84594727 4775.28271484 4.68378257751
1477665222871 lifecam22 3361.16723633 4775.46435547 4.68552207947
1477665222930 lifecam22 3361.64208984 4775.45361328 4.68643045425
1477665223005 lifecam22 3360.86962891 4774.82568359 4.68179607391
1477665223062 lifecam22 3360.70410156 4774.88476562 4.681391716
1477665223133 lifecam22 3360.97363281 4774.88427734 4.68273115158
1477665223204 lifecam22 3360.54858398 4774.64404297 4.68005895615
1477665223262 lifecam22 3360.99145508 4774.77685547 4.68009805679
1477665223330 lifecam22 3360.5 4774.46337891 4.67968130112
1477665223398 lifecam22 3361.58276367 4774.95800781 4.68318843842
1477665223458 lifecam22 3360.64013672 4774.86572266 4.68081665039
1477665223533 lifecam22 3359.12768555 4774.70556641 4.68064975739
1477665223600 lifecam22 3352.09765625 4776.94335938 4.6997179985
1477665223673 lifecam22 3346.17260742 4778.86035156 4.70941543579
1477665223731 lifecam22 3339.4140625 4779.52783203 4.71288061142
1477665223801 lifecam22 3332.55444336 4779.52783203 4.71288204193
1477665223874 lifecam22 3328.08642578 4780.74951172 4.72444009781
1477665223930 lifecam22 3323.84960938 4782.25097656 4.74138975143
1477665223999 lifecam22 3317.43310547 4782.48535156 4.74636268616
1477665224068 lifecam22 3314.35302734 4782.40234375 4.76533079147
1477665224126 lifecam22 3307.24365234 4781.98925781 4.76935625076
1477665224200 lifecam22 3300.63818359 4780.20410156 4.76302289963
1477665224267 lifecam22 3293.69287109 4779.95068359 4.760846138
1477665224330 lifecam22 3287.41137695 4779.67089844 4.76056909561
1477665224405 lifecam22 3281.33129883 4780.33349609 4.76664400101
1477665224468 lifecam22 3276.53564453 4781.14794922 4.77607297897
1477665224539 lifecam22 3270.82836914 4781.05175781 4.78120136261
1477665224598 lifecam22 3264.93969727 4781.43017578 4.79136800766
1477665224665 lifecam22 3259.31420898 4781.53710938 4.79652547836
1477665224739 lifecam22 3253.59667969 4781.72705078 4.8039598465
1477665224798 lifecam22 3248.44311523 4782.79101562 4.81405067444
1477665224865 lifecam22 3242.70483398 4782.28466797 4.81613874435
1477665224934 lifecam22 3237.14648438 4782.75976562 4.83060598373
1477665224994 lifecam22 3231.74267578 4783.33349609 4.83931112289
1477665225075 lifecam22 3224.88867188 4782.22998047 4.84194898605
1477665225133 lifecam22 3219.734375 4783.87353516 4.85290241241
1477665225208 lifecam22 3213.97753906 4782.85498047 4.85622501373
1477665225265 lifecam22 3208.37646484 4782.73583984 4.86267566681
1477665225335 lifecam22 3202.35229492 4782.40087891 4.86845064163
1477665225408 lifecam22 3196.65649414 4781.93115234 4.87384128571
1477665225465 lifecam22 3190.10668945 4781.98095703 4.88004970551
1477665225533 lifecam22 3185.29833984 4782.39794922 4.88900327682
1477665225601 lifecam22 3179.3269043 4782.31103516 4.89665937424
1477665225667 lifecam22 3173.17749023 4781.78759766 4.90212774277
1477665225734 lifecam22 3167.97412109 4781.22900391 4.90550661087
1477665225802 lifecam22 3162.5078125 4780.22119141 4.91252613068
1477665225876 lifecam22 3156.03466797 4779.76660156 4.91697740555
1477665226004 lifecam22 3144.45874023 4778.30664062 4.93079662323
1477665226074 lifecam22 3138.42333984 4776.49902344 4.93152618408
1477665226129 lifecam22 3133.15087891 4776.02783203 4.94199848175
1477665226203 lifecam22 3127.1340332 4774.76367188 4.9429359436
1477665226277 lifecam22 3121.37939453 4773.91796875 4.95115089417
1477665226333 lifecam22 3115.51074219 4773.46289062 4.95897197723
1477665226401 lifecam22 3109.71899414 4772.56298828 4.9660949707
1477665226468 lifecam22 3104.17602539 4772.20996094 4.97489070892
1477665226534 lifecam22 3099.02539062 4771.41894531 4.98202800751
1477665226610 lifecam22 3093.19262695 4770.24462891 4.98960256577
1477665226670 lifecam22 3088.28955078 4769.82519531 5.0027384758
1477665226743 lifecam22 3082.41650391 4768.83251953 5.00645589828
1477665226801 lifecam22 3076.39575195 4768.22021484 5.01580476761
1477665226873 lifecam22 3070.7121582 4766.71875 5.01968288422
1477665226943 lifecam22 3064.83813477 4765.29101562 5.02354478836
1477665227002 lifecam22 3059.79785156 4763.99804688 5.02887964249
1477665227070 lifecam22 3053.22119141 4762.05615234 5.0306520462
1477665227137 lifecam22 3048.8269043 4761.42089844 5.04169940948
1477665227276 lifecam22 3036.89257812 4758.62646484 5.05205059052
1477665227337 lifecam22 3031.98486328 4760.015625 5.07014274597
1477665227410 lifecam22 3025.90258789 4757.61083984 5.07225179672
1477665227465 lifecam22 3021.01147461 4756.59472656 5.07715940475
1477665227539 lifecam22 3014.6027832 4754.85546875 5.08167314529
1477665227610 lifecam22 3010.39404297 4754.55273438 5.09763717651
1477665227665 lifecam22 3004.30102539 4752.44580078 5.10098934174
1477665227739 lifecam22 2998.69238281 4750.81933594 5.10655498505
1477665227810 lifecam22 2993.01538086 4747.51220703 5.10495185852
1477665227869 lifecam22 2987.22729492 4746.14160156 5.10904169083
1477665227939 lifecam22 2981.93847656 4743.10253906 5.11223554611
1477665228007 lifecam22 2975.87451172 4741.13623047 5.11929655075
1477665228071 lifecam22 2970.77514648 4739.43994141 5.12708234787
1477665228137 lifecam22 2964.40087891 4737.41650391 5.12820863724
1477665228207 lifecam22 2960.46826172 4736.65478516 5.14117574692
1477665228279 lifecam22 2954.70751953 4734.62939453 5.1501994133
1477665228337 lifecam22 2948.79370117 4731.97558594 5.15074682236
1477665228407 lifecam22 2943.70922852 4731.59765625 5.16363239288
1477665228479 lifecam22 2937.48974609 4728.52148438 5.17054414749
1477665228533 lifecam22 2932.83984375 4728.30664062 5.18094301224
1477665228607 lifecam22 2927.04248047 4726.03173828 5.18948841095
1477665228676 lifecam22 2921.49658203 4723.26025391 5.1899433136
1477665228737 lifecam22 2915.52246094 4721.82128906 5.20224571228
1477665228814 lifecam22 2910.66088867 4719.25146484 5.2065448761
1477665228874 lifecam22 2906.09667969 4717.81933594 5.21471405029
1477665228946 lifecam22 2900.23876953 4714.69628906 5.21685934067
1477665229005 lifecam22 2894.33178711 4712.99121094 5.22612047195
1477665229074 lifecam22 2889.39135742 4711.07080078 5.23913955688
1477665229147 lifecam22 2884.4375 4709.41455078 5.2457613945
1477665229201 lifecam22 2879.54516602 4705.73486328 5.24386310577
1477665229277 lifecam22 2873.51220703 4703.94775391 5.2528424263
1477665229342 lifecam22 2868.86083984 4701.02099609 5.26167678833
1477665229405 lifecam22 2863.53076172 4699.03662109 5.26576375961
1477665229472 lifecam22 2858.74047852 4696.12109375 5.26962852478
1477665229543 lifecam22 2853.87426758 4693.32519531 5.27486371994
1477665229614 lifecam22 2848.50366211 4691.21386719 5.28140211105
1477665229673 lifecam22 2843.38598633 4688.38378906 5.28560590744
1477665229740 lifecam22 2838.43945312 4686.01611328 5.29706907272
1477665229815 lifecam22 2832.86645508 4682.58642578 5.29854154587
1477665229875 lifecam22 2827.35913086 4679.60644531 5.30338001251
1477665229941 lifecam22 2822.30078125 4676.71923828 5.3114361763
1477665230013 lifecam22 2817.33276367 4674.60009766 5.32222986221
1477665230073 lifecam22 2813.01049805 4671.81103516 5.32748317719
1477665230140 lifecam22 2807.30908203 4668.32617188 5.33222341537
1477665230208 lifecam22 2802.73779297 4666.43603516 5.34501886368
1477665230273 lifecam22 2797.2043457 4663.08349609 5.34985017776
1477665230340 lifecam22 2792.41064453 4661.05810547 5.36138105392
1477665230410 lifecam22 2787.48925781 4657.24414062 5.3621506691
1477665230482 lifecam22 2782.83862305 4654.40087891 5.36566638947
1477665230536 lifecam22 2777.9934082 4651.59521484 5.37785053253
1477665230611 lifecam22 2772.40600586 4648.60742188 5.38290452957
1477665230682 lifecam22 2768.17724609 4645.56787109 5.3887386322
1477665230741 lifecam22 2763.27685547 4641.96337891 5.39098453522
1477665230808 lifecam22 2757.51904297 4639.74414062 5.40745449066
1477665230876 lifecam22 2753.23583984 4637.24853516 5.41503238678
1477665230941 lifecam22 2748.43432617 4633.890625 5.41901111603
1477665231008 lifecam22 2743.66381836 4630.26464844 5.42734622955
1477665231079 lifecam22 2738.78881836 4626.67431641 5.43180751801
1477665231149 lifecam22 2734.12084961 4623.85498047 5.44062137604
1477665231208 lifecam22 2729.83227539 4619.94238281 5.44189119339
1477665231279 lifecam22 2725.24267578 4615.95458984 5.44787025452
1477665231351 lifecam22 2721.14086914 4614.70019531 5.46287155151
1477665231409 lifecam22 2716.20532227 4608.19580078 5.4523768425
1477665231456 lifecam20 2657.99853516 4613.05615234 5.50395774841
1477665231476 lifecam22 2655.38964844 4611.5234375 5.50844430923
1477665231519 lifecam20 2654.01416016 4608.91503906 5.50025653839
1477665231551 lifecam22 2652.05371094 4607.66308594 5.50536298752
1477665231587 lifecam20 2649.1472168 4605.66601562 5.50719070435
1477665231608 lifecam22 2646.96118164 4604.13671875 5.50999069214
1477665231654 lifecam20 2645.52294922 4601.20507812 5.50180768967
1477665231678 lifecam22 2643.00048828 4600.20507812 5.51232719421
1477665231746 lifecam22 2640.86206055 4597.22558594 5.51047611237
1477665231787 lifecam20 2636.73632812 4592.10546875 5.50079536438
1477665231817 lifecam22 2634.20751953 4591.44824219 5.51028013229
1477665231855 lifecam20 2631.84228516 4588.95996094 5.50901174545
1477665231872 lifecam22 2629.53808594 4585.97949219 5.50810861588
1477665231923 lifecam20 2626.83398438 4583.92089844 5.51042842865
1477665231946 lifecam22 2624.66479492 4582.61425781 5.51449584961
1477665231987 lifecam20 2622.84521484 4581.60742188 5.52404403687
1477665232016 lifecam22 2620.38012695 4579.31396484 5.52638578415
1477665232054 lifecam20 2617.95117188 4576.39453125 5.5223069191
1477665232072 lifecam22 2615.8359375 4574.97851562 5.52619838715
1477665232123 lifecam20 2613.5390625 4573.83105469 5.53802537918
1477665232145 lifecam22 2611.04443359 4571.32226562 5.53833913803
1477665232187 lifecam20 2609.33203125 4569.45166016 5.53810834885
1477665232217 lifecam22 2607.21533203 4568.29882812 5.54782390594
1477665232255 lifecam20 2604.61450195 4565.78515625 5.54735612869
1477665232273 lifecam22 2602.51513672 4563.60058594 5.54686307907
1477665232323 lifecam20 2600.54296875 4561.92333984 5.55170202255
1477665232340 lifecam22 2598.85058594 4560.44921875 5.55796957016
1477665232391 lifecam20 2596.68164062 4558.78515625 5.5623831749
1477665232413 lifecam22 2594.34545898 4556.52246094 5.56505537033
1477665232455 lifecam20 2591.79394531 4554.09765625 5.56624984741
1477665232475 lifecam22 2589.27929688 4551.82177734 5.56845664978
1477665232523 lifecam20 2587.39746094 4550.10449219 5.57380867004
1477665232544 lifecam22 2585.35791016 4548.0546875 5.57494020462
1477665232591 lifecam20 2583.01513672 4545.49609375 5.57462882996
1477665232614 lifecam22 2581.1472168 4544.22900391 5.58150577545
1477665232655 lifecam20 2578.88500977 4542.53222656 5.58474683762
1477665232686 lifecam22 2576.61328125 4540.04101562 5.58582925797
1477665232723 lifecam20 2575.07324219 4537.97753906 5.59040880203
1477665232744 lifecam22 2572.99462891 4535.89941406 5.59352827072
1477665232791 lifecam20 2570.59326172 4534.13671875 5.59730911255
1477665232813 lifecam22 2568.68115234 4532.21728516 5.60005331039
1477665232855 lifecam20 2566.66870117 4529.39257812 5.60062456131
1477665232886 lifecam22 2564.54492188 4527.81347656 5.60719442368
1477665232923 lifecam20 2562.57910156 4526.34570312 5.61057281494
1477665232944 lifecam22 2560.95556641 4524.1171875 5.61442327499
1477665232991 lifecam20 2559.03271484 4522.33496094 5.62251377106
1477665233011 lifecam22 2556.73193359 4519.99414062 5.62342691422
1477665233055 lifecam20 2555.109375 4517.63378906 5.62196779251
1477665233085 lifecam22 2553.68774414 4515.90625 5.62689876556
1477665233123 lifecam20 2551.03417969 4514.06738281 5.63329219818
1477665233144 lifecam22 2548.81225586 4513.51855469 5.64387798309
1477665233191 lifecam20 2547.24609375 4511.14160156 5.6446480751
1477665233212 lifecam22 2545.64013672 4508.91015625 5.64625310898
1477665233258 lifecam20 2543.37207031 4507.56396484 5.65329360962
1477665233282 lifecam22 2540.87475586 4507.43408203 5.66781187057
1477665233323 lifecam20 2539.14941406 4505.30371094 5.66888046265
1477665233354 lifecam22 2537.51611328 4503.76757812 5.67373514175
1477665233391 lifecam20 2535.03833008 4500.9375 5.67517566681
1477665233412 lifecam22 2532.43505859 4500.73193359 5.69054269791
1477665233459 lifecam20 2530.43334961 4498.94042969 5.69679450989
1477665233522 lifecam20 2528.42504883 4496.18066406 5.69691896439
1477665233553 lifecam22 2525.18725586 4494.86376953 5.71461296082
1477665233591 lifecam20 2523.32275391 4493.65625 5.72166538239
1477665233658 lifecam20 2521.51806641 4491.16113281 5.72436475754
1477665233723 lifecam20 2458.59838867 4473.79492188 5.68472671509
1477665233790 lifecam20 2454.42138672 4470.04833984 5.69478702545
1477665233858 lifecam20 2450.61328125 4465.26708984 5.70361328125
1477665233926 lifecam20 2447.20849609 4460.69189453 5.70555973053
1477665234060 lifecam20 2439.94848633 4451.10107422 5.71810770035
1477665234126 lifecam20 2436.13671875 4446.72460938 5.72558259964
1477665234191 lifecam20 2432.69775391 4441.4296875 5.72924804688
1477665234258 lifecam20 2428.47607422 4438.01904297 5.73957633972
1477665234327 lifecam20 2424.01660156 4433.06835938 5.75049543381
1477665234390 lifecam20 2420.96264648 4427.21582031 5.74865818024
1477665234459 lifecam20 2417.68408203 4423.29980469 5.75801324844
1477665234526 lifecam20 2414.61108398 4418.53515625 5.76163434982
1477665234590 lifecam20 2411.45654297 4415.03466797 5.77527332306
1477665234658 lifecam20 2407.76782227 4409.54101562 5.78012990952
1477665234726 lifecam20 2404.84594727 4405.50097656 5.78882408142
1477665234794 lifecam20 2402.05200195 4400.10546875 5.7921628952
1477665234859 lifecam20 2398.01123047 4396.33935547 5.80208969116
1477665234927 lifecam20 2395.29272461 4390.34130859 5.80348730087
1477665234995 lifecam20 2391.72167969 4384.73925781 5.80666255951
1477665235058 lifecam20 2388.96899414 4380.72363281 5.81661272049
1477665235127 lifecam20 2386.27563477 4374.85351562 5.81356239319
1477665235194 lifecam20 2382.40722656 4370.52441406 5.82857370377
1477665235259 lifecam20 2378.52075195 4366.95458984 5.84135007858
1477665235326 lifecam20 2375.15576172 4361.36132812 5.84422254562
1477665235394 lifecam20 2372.69384766 4356.73535156 5.84974861145
1477665235462 lifecam20 2369.30566406 4351.44824219 5.85791110992
1477665235526 lifecam20 2366.6394043 4346.34228516 5.86256361008
1477665235595 lifecam20 2362.29541016 4342.33544922 5.87779283524
1477665235663 lifecam20 2360.37841797 4336.16552734 5.87822246552
1477665235726 lifecam20 2357.48974609 4330.19970703 5.87899494171
1477665235794 lifecam20 2355.30224609 4324.43505859 5.88200139999
1477665235862 lifecam20 2352.05200195 4319.68798828 5.89277887344
1477665235926 lifecam20 2349.97314453 4314.10791016 5.89636659622
1477665235994 lifecam20 2346.67016602 4309.69677734 5.9078912735
1477665236062 lifecam20 2344.31567383 4304.16650391 5.91064453125
1477665236130 lifecam20 2340.7097168 4299.06445312 5.91937685013
1477665236194 lifecam20 2338.14868164 4294.4453125 5.92682313919
1477665236262 lifecam20 2336.38720703 4288.44482422 5.92773246765
1477665236331 lifecam20 2334.08740234 4282.86767578 5.93235778809
1477665236394 lifecam20 2330.83959961 4279.65185547 5.95233488083
1477665236462 lifecam20 2328.50366211 4273.9296875 5.95519304276
1477665236530 lifecam20 2325.52734375 4268.40283203 5.96232795715
1477665236594 lifecam20 2324.46166992 4262.41357422 5.95975542068
1477665236662 lifecam20 2321.18969727 4258.22167969 5.97895097733
1477665236730 lifecam20 2319.64648438 4252.47265625 5.97750854492
1477665236794 lifecam20 2317.32861328 4246.00830078 5.97963285446
1477665236862 lifecam20 2314.93457031 4241.38085938 5.99268293381
1477665236929 lifecam20 2312.79394531 4237.22412109 6.00033855438
1477665236999 lifecam20 2310.67871094 4231.77880859 6.010409832
1477665237062 lifecam20 2307.69116211 4226.67236328 6.01540851593
1477665237130 lifecam20 2305.95532227 4219.546875 6.01701068878
1477665237197 lifecam20 2303.50292969 4215.86181641 6.02708911896
1477665237262 lifecam20 2301.96069336 4209.41210938 6.02980995178
1477665237330 lifecam20 2299.0949707 4205.05517578 6.04208230972
1477665237398 lifecam20 2296.72680664 4199.25097656 6.04922914505
1477665237462 lifecam20 2295.06323242 4193.91015625 6.05396175385
1477665237530 lifecam20 2293.27490234 4187.24511719 6.05439662933
1477665237597 lifecam20 2291.83813477 4182.20410156 6.06035518646
1477665237666 lifecam20 2290.10083008 4176.87548828 6.06830692291
1477665237730 lifecam20 2288.25537109 4170.82373047 6.07408094406
1477665237798 lifecam20 2286.51293945 4165.04345703 6.08193445206
1477665237866 lifecam20 2284.62915039 4159.31542969 6.08730268478
1477665237930 lifecam20 2283.06665039 4153.89892578 6.09602165222
1477665237997 lifecam20 2282.14672852 4148.26513672 6.09930753708
1477665238066 lifecam20 2279.90161133 4142.64404297 6.10913991928
1477665238130 lifecam20 2278.57275391 4137.52099609 6.11416006088
1477665238198 lifecam20 2277.37451172 4131.70214844 6.11963224411
1477665238265 lifecam20 2276.09936523 4125.625 6.12303209305
1477665238330 lifecam20 2275.19970703 4120.39257812 6.13291835785
1477665238397 lifecam20 2273.56494141 4114.39746094 6.13547801971
1477665238465 lifecam20 2272.65112305 4108.91552734 6.1422662735
1477665238533 lifecam20 2271.17578125 4103.64257812 6.14702272415
1477665238598 lifecam20 2270.34619141 4097.68359375 6.15132522583
1477665238666 lifecam20 2268.66845703 4092.49633789 6.16105556488
1477665238734 lifecam20 2266.29394531 4086.8046875 6.17305183411
1477665238798 lifecam20 2265.62866211 4081.81518555 6.18157339096
1477665238866 lifecam20 2263.83935547 4076.2109375 6.19016361237
1477665238933 lifecam20 2264.078125 4070.31152344 6.18980073929
1477665238998 lifecam20 2261.34008789 4064.76635742 6.20477962494
1477665239066 lifecam20 2260.94677734 4058.68286133 6.20775985718
1477665239134 lifecam20 2258.29711914 4053.58496094 6.21981906891
1477665239201 lifecam20 2258.48120117 4046.84350586 6.21477508545
1477665239266 lifecam20 2261.19091797 4043.35498047 6.20698261261
1477665239333 lifecam20 2260.61474609 4045.49267578 6.20411396027
1477665239402 lifecam20 2261.51782227 4043.77905273 6.20015907288
1477665239466 lifecam20 2261.74389648 4044.39794922 6.19869327545
1477665239534 lifecam20 2261.52709961 4044.20825195 6.19926071167
1477665239601 lifecam20 2261.5546875 4044.00439453 6.19746446609
1477665239666 lifecam20 2261.5949707 4044.25756836 6.19869041443
1477665239733 lifecam20 2261.61938477 4044.24829102 6.19967031479
1477665239802 lifecam20 2261.76000977 4044.23046875 6.19959783554
1477665239865 lifecam20 2261.5949707 4044.25756836 6.19869041443
1477665239934 lifecam20 2261.41992188 4044.16552734 6.19881439209
1477665240001 lifecam20 2261.82275391 4044.13525391 6.19775152206
1477665240070 lifecam20 2261.39208984 4044.36914062 6.20060968399
1477665240133 lifecam20 2261.61938477 4044.24829102 6.19967031479
1477665240204 lifecam20 2261.96337891 4044.11694336 6.19767713547
1477665240269 lifecam20 2261.98950195 4043.91235352 6.19588136673
1477665240333 lifecam20 2261.53271484 4044.35107422 6.20053625107
1477665240401 lifecam20 2261.5949707 4044.25756836 6.19869041443
1477665240469 lifecam20 2261.6472168 4044.04418945 6.19787311554
1477665240533 lifecam20 2261.61938477 4044.24829102 6.19967031479
1477665240602 lifecam20 2261.41992188 4044.16552734 6.19881439209
1477665240669 lifecam20 2261.5949707 4044.25756836 6.19869041443
1477665240738 lifecam20 2261.5546875 4044.00439453 6.19746446609
1477665240801 lifecam20 2261.76000977 4044.23046875 6.19959783554
1477665240869 lifecam20 2261.52709961 4044.20825195 6.19926071167
1477665240936 lifecam20 2261.76171875 4044.03491211 6.19682168961
1477665241001 lifecam20 2261.52709961 4044.20825195 6.19926071167
