1477666106977 lifecam22 3360.55395508 4779.52783203 4.71287918091
1477666107046 lifecam22 3358.87597656 4778.88037109 4.70669937134
1477666107113 lifecam22 3346.55419922 4779.52783203 4.71288156509
1477666107176 lifecam22 3343.34741211 4781.51269531 4.73159122467
1477666107245 lifecam22 3335.91870117 4781.30419922 4.72964334488
1477666107311 lifecam22 3331.48681641 4782.5390625 4.74112987518
1477666107379 lifecam22 3325.84570312 4780.89208984 4.72578334808
1477666107444 lifecam22 3319.10791016 4782.09179688 4.7369852066
1477666107513 lifecam22 3312.69702148 4782.27050781 4.74270629883
1477666107573 lifecam22 3305.56176758 4782.14404297 4.74018907547
1477666107644 lifecam22 3299.82202148 4782.41601562 4.74999380112
1477666107778 lifecam22 3290.84960938 4784.67822266 4.78113555908
1477666107844 lifecam22 3285.12353516 4784.75 4.78622722626
1477666107913 lifecam22 3278.60717773 4785.14208984 4.78838539124
1477666107981 lifecam22 3272.66430664 4783.85107422 4.78582143784
1477666108043 lifecam22 3266.89990234 4784.92871094 4.79776287079
1477666108113 lifecam22 3261.74731445 4784.10595703 4.80315828323
1477666108181 lifecam22 3256.38867188 4784.85058594 4.81133651733
1477666108244 lifecam22 3250.09887695 4784.22363281 4.81388664246
1477666108312 lifecam22 3244.75463867 4784.88134766 4.8236823082
1477666108380 lifecam22 3238.09790039 4784.09667969 4.82509708405
1477666108449 lifecam22 3232.98657227 4785.00390625 4.8347158432
1477666108512 lifecam22 3227.07397461 4785.05957031 4.84646844864
1477666108582 lifecam22 3221.83642578 4785.84130859 4.85274362564
1477666108648 lifecam22 3216.0949707 4785.30761719 4.85566854477
1477666108711 lifecam22 3209.67358398 4784.984375 4.86302852631
1477666108784 lifecam22 3203.99731445 4785.18554688 4.86896896362
1477666108846 lifecam22 3198.11621094 4784.19921875 4.87245702744
1477666108911 lifecam22 3192.13427734 4784.25976562 4.88163757324
1477666108979 lifecam22 3187.18334961 4784.49365234 4.89016771317
1477666109047 lifecam22 3180.67553711 4783.73046875 4.8940782547
1477666109181 lifecam22 3169.27416992 4782.78857422 4.90947294235
1477666109249 lifecam22 3163.11254883 4781.82080078 4.9115395546
1477666109311 lifecam22 3156.85302734 4781.87646484 4.92158031464
1477666109379 lifecam22 3151.34912109 4781.84033203 4.93008947372
1477666109448 lifecam22 3145.01147461 4780.09033203 4.93379163742
1477666109517 lifecam22 3140.18261719 4780.49072266 4.94209337234
1477666109579 lifecam22 3134.3996582 4778.34033203 4.94535303116
1477666109648 lifecam22 3128.6262207 4778.74951172 4.95463848114
1477666109716 lifecam22 3123.31079102 4777.83056641 4.96888446808
1477666109776 lifecam22 3117.25 4776.16992188 4.96356153488
1477666109848 lifecam22 3111.90332031 4775.2109375 4.97055244446
1477666109917 lifecam22 3105.78222656 4773.64257812 4.97293806076
1477666109984 lifecam22 3100.52099609 4773.74707031 4.98605442047
1477666110048 lifecam22 3094.82397461 4772.02490234 4.98984193802
1477666110116 lifecam22 3088.91723633 4772.62158203 5.0039730072
1477666110191 lifecam22 3083.90576172 4771.08154297 5.01029491425
1477666110246 lifecam22 3077.8293457 4770.92724609 5.01894664764
1477666110315 lifecam22 3072.35180664 4769.96289062 5.02828741074
1477666110383 lifecam22 3067.37084961 4768.47119141 5.03195428848
1477666110447 lifecam22 3060.95849609 4766.97119141 5.03542280197
1477666110585 lifecam22 3050.55273438 4766.10253906 5.05346870422
1477666110647 lifecam22 3044.7277832 4764.57080078 5.05956792831
1477666110715 lifecam22 3038.4362793 4762.43896484 5.06164264679
1477666110783 lifecam22 3033.8984375 4761.35449219 5.06855821609
1477666110852 lifecam22 3027.90625 4759.64990234 5.0722990036
1477666110914 lifecam22 3022.61303711 4758.32763672 5.07927942276
1477666110983 lifecam22 3015.89868164 4757.11572266 5.08683586121
1477666111051 lifecam22 3011.08862305 4755.04882812 5.09199237823
1477666111112 lifecam22 3004.92089844 4753.42529297 5.09589290619
1477666111182 lifecam22 2998.60595703 4751.92871094 5.1056394577
1477666111251 lifecam22 2993.62646484 4749.85693359 5.11008405685
1477666111316 lifecam22 2988.38916016 4748.00292969 5.11424064636
1477666111383 lifecam22 2982.26342773 4746.50488281 5.1234498024
1477666111451 lifecam22 2977.57958984 4745.31542969 5.13063240051
1477666111519 lifecam22 2971.08642578 4742.92919922 5.13675260544
1477666111650 lifecam22 2961.47607422 4740.46972656 5.15895843506
1477666111719 lifecam22 2956.1184082 4737.84277344 5.15685653687
1477666111781 lifecam22 2950.12109375 4735.70703125 5.16323280334
1477666111851 lifecam22 2945.00585938 4734.00341797 5.16989040375
1477666111918 lifecam22 2938.64086914 4731.11132812 5.17149496078
1477666111978 lifecam22 2933.61230469 4728.98291016 5.1758685112
1477666112051 lifecam22 2928.11962891 4728.75244141 5.19447422028
1477666112120 lifecam22 2923.53710938 4724.97851562 5.1970705986
1477666112188 lifecam22 2918.28149414 4725.13671875 5.20936346054
1477666112249 lifecam22 2912.26220703 4721.83203125 5.21265888214
1477666112312 lifecam22 2906.96777344 4720.66894531 5.21927785873
1477666112386 lifecam22 2901.31567383 4718.46191406 5.23018932343
1477666112451 lifecam22 2896.25756836 4716.02832031 5.23565483093
1477666112518 lifecam22 2890.76391602 4713.69824219 5.2386431694
1477666112586 lifecam22 2885.35595703 4711.57714844 5.24749088287
1477666112651 lifecam22 2880.86914062 4709.21826172 5.25404787064
1477666112717 lifecam22 2875.03857422 4706.81542969 5.25824594498
1477666112785 lifecam22 2869.50878906 4703.9609375 5.261677742
1477666112848 lifecam22 2864.25952148 4702.28222656 5.27400159836
1477666112917 lifecam22 2858.92895508 4699.93261719 5.28113126755
1477666113054 lifecam22 2848.77001953 4693.88427734 5.29080629349
1477666113117 lifecam22 2843.63891602 4689.91796875 5.2933344841
1477666113185 lifecam22 2838.29541016 4687.05664062 5.30005311966
1477666113255 lifecam22 2833.60888672 4684.64013672 5.30405664444
1477666113319 lifecam22 2829.79663086 4682.35107422 5.31415939331
1477666113388 lifecam22 2823.61132812 4680.19628906 5.3241109848
1477666113455 lifecam22 2818.78833008 4675.57714844 5.32001543045
1477666113518 lifecam22 2813.30249023 4673.57128906 5.3312253952
1477666113586 lifecam22 2808.69140625 4669.90380859 5.33708333969
1477666113655 lifecam22 2803.03320312 4668.22558594 5.34495162964
1477666113723 lifecam22 2798.25976562 4665.10009766 5.35185527802
1477666113785 lifecam22 2793.24145508 4662.33154297 5.357380867
1477666113856 lifecam22 2788.03637695 4660.28173828 5.37032651901
1477666113925 lifecam22 2783.38574219 4656.81689453 5.37387609482
1477666113985 lifecam22 2777.97460938 4654.23730469 5.38567495346
1477666114120 lifecam22 2768.17602539 4649.26269531 5.40476417542
1477666114184 lifecam22 2764.3137207 4645.32421875 5.4045624733
1477666114320 lifecam22 2753.92749023 4638.69921875 5.41828632355
1477666114391 lifecam22 2749.14428711 4636.02294922 5.42248725891
1477666114452 lifecam22 2744.54174805 4633.57128906 5.43266677856
1477666114522 lifecam22 2739.37915039 4629.85546875 5.43845939636
1477666114589 lifecam22 2734.01513672 4625.56591797 5.4385061264
1477666114652 lifecam22 2729.62060547 4622.79492188 5.44751548767
1477666114722 lifecam22 2724.96777344 4619.43164062 5.45306158066
1477666114792 lifecam22 2720.00341797 4617.09179688 5.46940231323
1477666114855 lifecam22 2716.04516602 4612.84619141 5.46831035614
1477666114922 lifecam22 2710.68823242 4606.59521484 5.46173429489
1477666114991 lifecam22 2706.07885742 4604.76269531 5.48088645935
1477666115054 lifecam22 2702.88085938 4601.02441406 5.48339891434
1477666115101 lifecam20 2645.43017578 4603.67480469 5.51338911057
1477666115122 lifecam22 2643.45996094 4603.06152344 5.52287244797
1477666115164 lifecam20 2642.25683594 4596.59228516 5.49021339417
1477666115188 lifecam22 2639.18310547 4592.59570312 5.48554372787
1477666115234 lifecam20 2636.72460938 4591.65820312 5.49210500717
1477666115258 lifecam22 2634.99023438 4589.66210938 5.49070167542
1477666115300 lifecam20 2632.9128418 4587.94726562 5.49526166916
1477666115320 lifecam22 2630.63330078 4587.94628906 5.5115647316
1477666115364 lifecam20 2628.0534668 4586.45751953 5.51531839371
1477666115389 lifecam22 2625.8984375 4584.04785156 5.51514005661
1477666115438 lifecam20 2623.72167969 4582.79199219 5.52316617966
1477666115452 lifecam22 2621.36743164 4580.6171875 5.52221441269
1477666115500 lifecam20 2619.27319336 4579.18457031 5.53072166443
1477666115519 lifecam22 2616.65087891 4577.44775391 5.53716897964
1477666115569 lifecam20 2614.62304688 4575.88574219 5.53882455826
1477666115588 lifecam22 2612.12939453 4574.78857422 5.54426240921
1477666115633 lifecam20 2609.58251953 4572.97851562 5.54949235916
1477666115656 lifecam22 2608.02905273 4570.80273438 5.55456495285
1477666115701 lifecam20 2605.32202148 4569.16992188 5.55744504929
1477666115719 lifecam22 2602.83447266 4568.50292969 5.564245224
1477666115796 lifecam22 2600.56494141 4565.95410156 5.56784582138
1477666115834 lifecam20 2596.19091797 4561.90966797 5.57185745239
1477666115857 lifecam22 2593.79638672 4560.19921875 5.57591581345
1477666115901 lifecam20 2591.86865234 4558.27685547 5.58301115036
1477666115925 lifecam22 2589.55200195 4555.72167969 5.58297395706
1477666115969 lifecam20 2587.3527832 4552.87890625 5.58055591583
1477666115987 lifecam22 2585.72631836 4551.18798828 5.58291292191
1477666116033 lifecam20 2583.60986328 4549.54785156 5.58811950684
1477666116057 lifecam22 2581.34082031 4548.17382812 5.59559679031
1477666116100 lifecam20 2579.41772461 4546.40478516 5.598757267
1477666116168 lifecam20 2576.98144531 4544.18017578 5.60132598877
1477666116189 lifecam22 2572.73364258 4540.03808594 5.60642337799
1477666116233 lifecam20 2570.50585938 4538.25732422 5.611140728
1477666116260 lifecam22 2568.3984375 4535.22753906 5.61001777649
1477666116301 lifecam20 2566.50292969 4533.0703125 5.61211824417
1477666116368 lifecam20 2563.92407227 4531.11230469 5.6153512001
1477666116388 lifecam22 2559.79394531 4528.13623047 5.62637472153
1477666116436 lifecam20 2557.57739258 4526.5390625 5.63042259216
1477666116459 lifecam22 2555.27539062 4524.16162109 5.63304853439
1477666116504 lifecam20 2553.88647461 4521.49023438 5.63394403458
1477666116526 lifecam22 2552.01513672 4519.42871094 5.63614463806
1477666116568 lifecam20 2549.50805664 4517.66455078 5.64336013794
1477666116590 lifecam22 2547.80444336 4515.94921875 5.64750289917
1477666116638 lifecam20 2546.14257812 4513.18408203 5.64478063583
1477666116650 lifecam22 2543.96191406 4512.61669922 5.65809440613
1477666116700 lifecam20 2542.05664062 4511.35302734 5.66555309296
1477666116724 lifecam22 2540.44091797 4509.86474609 5.67151641846
1477666116769 lifecam20 2538.31591797 4507.05908203 5.6716132164
1477666116792 lifecam22 2536.16040039 4505.47851562 5.67717599869
1477666116838 lifecam20 2534.52636719 4503.19921875 5.68144798279
1477666116893 lifecam20 2532.25683594 4501.31152344 5.68455123901
1477666116925 lifecam22 2528.99291992 4500.35253906 5.70719003677
1477666116968 lifecam20 2527.59472656 4497.625 5.70895338058
1477666116996 lifecam22 2525.80371094 4496.70507812 5.72019338608
1477666117036 lifecam20 2523.5402832 4494.11230469 5.72210931778
1477666117104 lifecam20 2521.93847656 4491.73632812 5.72383403778
1477666117169 lifecam20 2458.85058594 4475.79101562 5.68821573257
1477666117236 lifecam20 2453.97045898 4471.61474609 5.70079898834
1477666117304 lifecam20 2450.07324219 4467.81835938 5.708132267
1477666117369 lifecam20 2446.30810547 4463.84277344 5.71852207184
1477666117437 lifecam20 2442.43457031 4459.19580078 5.72417354584
1477666117505 lifecam20 2439.43383789 4454.40283203 5.72884225845
1477666117572 lifecam20 2434.73925781 4450.32226562 5.73738145828
1477666117636 lifecam20 2431.1237793 4445.64648438 5.74278068542
1477666117704 lifecam20 2427.81787109 4441.91259766 5.755423069
1477666117769 lifecam20 2423.7644043 4437.26123047 5.75892400742
1477666117835 lifecam20 2421.12353516 4431.40771484 5.76136732101
1477666117974 lifecam20 2414.33056641 4422.13525391 5.77542543411
1477666118036 lifecam20 2410.01879883 4417.56933594 5.78309059143
1477666118105 lifecam20 2405.85205078 4412.42285156 5.78989839554
1477666118171 lifecam20 2402.75073242 4408.12402344 5.79753112793
1477666118235 lifecam20 2399.24316406 4403.33300781 5.80558109283
1477666118304 lifecam20 2395.80371094 4399.15820312 5.81154203415
1477666118371 lifecam20 2392.82958984 4393.5703125 5.81143951416
1477666118435 lifecam20 2389.22729492 4389.31005859 5.81980466843
1477666118503 lifecam20 2386.62011719 4383.8046875 5.82344055176
1477666118571 lifecam20 2384.05200195 4378.359375 5.82413339615
1477666118639 lifecam20 2380.19921875 4374.27001953 5.83591890335
1477666118704 lifecam20 2378.38427734 4367.16601562 5.83535528183
1477666118772 lifecam20 2374.06274414 4363.90087891 5.84938097
1477666118839 lifecam20 2371.79785156 4357.54052734 5.84969329834
1477666118904 lifecam20 2368.38110352 4353.55029297 5.86084461212
1477666118973 lifecam20 2365.52978516 4348.79052734 5.86825799942
1477666119039 lifecam20 2362.06469727 4343.76513672 5.87832689285
1477666119105 lifecam20 2358.96899414 4339.09912109 5.88651561737
1477666119173 lifecam20 2357.06591797 4333.45996094 5.88948488235
1477666119241 lifecam20 2352.75146484 4328.89013672 5.89907169342
1477666119308 lifecam20 2350.23291016 4322.76660156 5.90108919144
1477666119372 lifecam20 2347.25585938 4318.43994141 5.91368198395
1477666119439 lifecam20 2344.90234375 4313.36767578 5.91692352295
1477666119507 lifecam20 2341.57128906 4308.92822266 5.92763614655
1477666119571 lifecam20 2338.89160156 4304.17285156 5.9367852211
1477666119639 lifecam20 2336.91503906 4298.28808594 5.93981122971
1477666119710 lifecam20 2334.01904297 4292.52539062 5.94134664536
1477666119771 lifecam20 2331.8215332 4286.85595703 5.94916248322
1477666119839 lifecam20 2327.84326172 4282.3515625 5.95838928223
1477666119907 lifecam20 2326.11621094 4276.45849609 5.96400022507
1477666119971 lifecam20 2322.87597656 4271.98730469 5.97571659088
1477666120040 lifecam20 2321.34765625 4265.17285156 5.97186756134
1477666120107 lifecam20 2318.72753906 4261.48681641 5.98292779922
1477666120175 lifecam20 2316.45507812 4255.62451172 5.98977899551
1477666120239 lifecam20 2314.37695312 4251.70068359 5.99874019623
1477666120307 lifecam20 2311.68481445 4245.91357422 6.00569486618
1477666120379 lifecam20 2310.05688477 4240.71533203 6.00858926773
1477666120440 lifecam20 2308.2578125 4234.11376953 6.01028251648
1477666120508 lifecam20 2305.55444336 4229.06689453 6.01801252365
1477666120576 lifecam20 2303.70678711 4222.78466797 6.02353620529
1477666120639 lifecam20 2301.12573242 4217.76660156 6.03256368637
1477666120777 lifecam20 2297.5390625 4206.59130859 6.04423522949
1477666120845 lifecam20 2294.77416992 4201.20556641 6.05426263809
1477666120907 lifecam20 2293.44775391 4194.38232422 6.0542140007
1477666120975 lifecam20 2292.35180664 4189.01806641 6.05759572983
1477666121043 lifecam20 2289.97460938 4184.10693359 6.06694412231
1477666121107 lifecam20 2287.44921875 4179.12304688 6.07715749741
1477666121175 lifecam20 2285.35009766 4174.03417969 6.08656072617
1477666121242 lifecam20 2284.16821289 4168.15136719 6.09199714661
1477666121307 lifecam20 2282.68701172 4162.09033203 6.0932302475
1477666121374 lifecam20 2281.01928711 4156.81298828 6.10256290436
1477666121443 lifecam20 2278.76904297 4151.89501953 6.11082172394
1477666121508 lifecam20 2277.08129883 4145.3671875 6.11757516861
1477666121576 lifecam20 2274.71777344 4140.27001953 6.12538385391
1477666121644 lifecam20 2272.95092773 4134.80859375 6.13627147675
1477666121711 lifecam20 2271.6550293 4129.35253906 6.13858604431
1477666121775 lifecam20 2270.32763672 4122.99902344 6.14523220062
1477666121843 lifecam20 2268.64331055 4118.50146484 6.15489149094
1477666121911 lifecam20 2267.70727539 4112.21923828 6.15679216385
1477666121974 lifecam20 2266.79077148 4106.47167969 6.15998363495
1477666122042 lifecam20 2264.88110352 4101.58496094 6.17074298859
1477666122114 lifecam20 2264.68994141 4095.46972656 6.17371606827
1477666122168 lifecam20 2262.59472656 4090.48779297 6.18487787247
1477666122244 lifecam20 2262.00732422 4084.91040039 6.1877117157
1477666122312 lifecam20 2260.57446289 4078.28808594 6.19127559662
1477666122380 lifecam20 2259.52734375 4072.46655273 6.1985411644
1477666122512 lifecam20 2257.36499023 4060.65478516 6.21101999283
1477666122579 lifecam20 2256.47607422 4054.34155273 6.21337127686
1477666122643 lifecam20 2255.29663086 4049.83642578 6.22222042084
1477666122711 lifecam20 2255.34887695 4043.37353516 6.22592926025
1477666122779 lifecam20 2257.2565918 4039.29052734 6.21441936493
1477666122842 lifecam20 2256.98510742 4041.60913086 6.21478271484
1477666122910 lifecam20 2257.10864258 4040.3449707 6.21265649796
1477666122978 lifecam20 2257.54516602 4040.21606445 6.21103000641
1477666123042 lifecam20 2257.48583984 4040.26049805 6.21032571793
1477666123110 lifecam20 2257.55395508 4040.50366211 6.21118068695
1477666123179 lifecam20 2257.46826172 4040.19580078 6.21043920517
1477666123246 lifecam20 2257.55395508 4040.50366211 6.21118068695
1477666123311 lifecam20 2257.69897461 4040.16162109 6.2095618248
