1477664854557 lifecam22 3366.09765625 4776.94287109 4.69971895218
1477664854625 lifecam22 3366.24951172 4777.234375 4.7010846138
1477664854690 lifecam22 3366.09765625 4776.94287109 4.69971895218
1477664854757 lifecam22 3366.20654297 4777.19140625 4.70069599152
1477664854823 lifecam22 3366.03149414 4776.73779297 4.69912719727
1477664854889 lifecam22 3366.09765625 4776.94287109 4.69971895218
1477664854966 lifecam22 3366.09765625 4776.94287109 4.69971895218
1477664855026 lifecam22 3366.09765625 4776.94287109 4.69971895218
1477664855095 lifecam22 3366.2277832 4777.21240234 4.70088863373
1477664855158 lifecam22 3366.09765625 4776.94287109 4.69971895218
1477664855226 lifecam22 3366.09765625 4776.94287109 4.69971895218
1477664855358 lifecam22 3366.27099609 4777.25537109 4.70127677917
1477664855427 lifecam22 3366.09765625 4776.94287109 4.69971895218
1477664855494 lifecam22 3366.09765625 4776.94287109 4.69971895218
1477664855559 lifecam22 3366.09765625 4776.94287109 4.69971895218
1477664855628 lifecam22 3366.09765625 4776.94287109 4.69971895218
1477664855694 lifecam22 3366.09765625 4776.94287109 4.69971895218
1477664855759 lifecam22 3366.03149414 4776.73779297 4.69912719727
1477664855825 lifecam22 3366.09765625 4776.94287109 4.69971895218
1477664855893 lifecam22 3366.09765625 4776.94287109 4.69971895218
1477664855959 lifecam22 3366.09765625 4776.94287109 4.69971895218
1477664856093 lifecam22 3366.09765625 4776.94287109 4.69971895218
1477664856161 lifecam22 3366.03149414 4776.73779297 4.69912719727
1477664856221 lifecam22 3366.03149414 4776.73779297 4.69912719727
1477664856293 lifecam22 3366.24951172 4777.234375 4.7010846138
1477664856361 lifecam22 3366.09765625 4776.94287109 4.69971895218
1477664856428 lifecam22 3366.20654297 4777.19140625 4.70069599152
1477664856497 lifecam22 3365.9440918 4776.51074219 4.69833993912
1477664856563 lifecam22 3366.09765625 4776.94287109 4.69971895218
1477664856628 lifecam22 3366.09765625 4776.94287109 4.69971895218
1477664856697 lifecam22 3366.27099609 4777.25537109 4.70127677917
1477664856766 lifecam22 3367.08691406 4778.77392578 4.70864343643
1477664856828 lifecam22 3366.89526367 4778.44042969 4.70690536499
1477664856893 lifecam22 3367.55395508 4779.52783203 4.71287918091
1477664856962 lifecam22 3367.0871582 4778.77392578 4.70864295959
1477664857028 lifecam22 3366.09765625 4776.94287109 4.69971895218
1477664857163 lifecam22 3366.09765625 4776.94287109 4.69971895218
1477664857229 lifecam22 3359.53076172 4777.79443359 4.70361423492
1477664857362 lifecam22 3346.55419922 4779.52783203 4.71288156509
1477664857430 lifecam22 3339.55419922 4779.52783203 4.71288108826
1477664857497 lifecam22 3332.55444336 4779.52783203 4.71288204193
1477664857561 lifecam22 3327.74145508 4780.5703125 4.72770881653
1477664857630 lifecam22 3320.8671875 4779.83544922 4.731320858
1477664857696 lifecam22 3318.52294922 4782.4296875 4.7603430748
1477664857761 lifecam22 3312.22143555 4781.85205078 4.76512145996
1477664857835 lifecam22 3305.63330078 4782.16503906 4.76767635345
1477664857897 lifecam22 3299.78759766 4782.02246094 4.77087068558
1477664857964 lifecam22 3293.23291016 4781.13085938 4.76879930496
1477664858030 lifecam22 3287.21142578 4781.57128906 4.7716884613
1477664858098 lifecam22 3281.6862793 4782.22412109 4.78321838379
1477664858226 lifecam22 3270.81030273 4783.45654297 4.80447912216
1477664858299 lifecam22 3264.79174805 4783.22021484 4.80924844742
1477664858367 lifecam22 3258.4699707 4783.5625 4.81057691574
1477664858430 lifecam22 3252.32421875 4782.82910156 4.81502246857
1477664858498 lifecam22 3247.98388672 4784.44287109 4.82869625092
1477664858565 lifecam22 3241.83984375 4783.85644531 4.83685588837
1477664858629 lifecam22 3236.69775391 4784.27490234 4.84647512436
1477664858697 lifecam22 3230.60473633 4783.24658203 4.85025930405
1477664858765 lifecam22 3224.95019531 4783.69433594 4.85534906387
1477664858831 lifecam22 3219.27929688 4782.82861328 4.86231040955
1477664858900 lifecam22 3214.29443359 4783.64453125 4.87376070023
1477664858966 lifecam22 3208.25463867 4782.66064453 4.87631416321
1477664859033 lifecam22 3202.25048828 4782.5390625 4.88143587112
1477664859097 lifecam22 3196.05029297 4781.78857422 4.88621520996
1477664859165 lifecam22 3190.89379883 4782.37695312 4.89452028275
1477664859299 lifecam22 3179.89404297 4782.17089844 4.91248989105
1477664859364 lifecam22 3173.74902344 4782.18017578 4.92001962662
1477664859433 lifecam22 3168.7668457 4781.49414062 4.92583179474
1477664859499 lifecam22 3162.20141602 4780.45410156 4.92881584167
1477664859565 lifecam22 3156.08911133 4779.91455078 4.93781661987
1477664859633 lifecam22 3150.08666992 4779.33691406 4.94483089447
1477664859701 lifecam22 3144.94946289 4778.51171875 4.95208835602
1477664859767 lifecam22 3138.29516602 4777.13916016 4.95418453217
1477664859829 lifecam22 3132.50854492 4775.78271484 4.95698833466
1477664859901 lifecam22 3127.73754883 4775.9375 4.97062587738
1477664859971 lifecam22 3121.42919922 4774.73046875 4.97368764877
1477664860033 lifecam22 3115.07299805 4773.48974609 4.98009538651
1477664860100 lifecam22 3109.82104492 4773.70703125 4.98813295364
1477664860166 lifecam22 3103.75854492 4771.90136719 4.99286222458
1477664860233 lifecam22 3098.40478516 4770.85595703 5.00105810165
1477664860366 lifecam22 3088.03808594 4769.16552734 5.01692914963
1477664860434 lifecam22 3081.93774414 4767.83935547 5.0198431015
1477664860502 lifecam22 3076.96166992 4766.65966797 5.02906799316
1477664860570 lifecam22 3071.20556641 4765.93701172 5.03764152527
1477664860633 lifecam22 3065.8425293 4763.5546875 5.03727293015
1477664860702 lifecam22 3059.54833984 4763.13671875 5.04581880569
1477664860770 lifecam22 3053.71020508 4761.21289062 5.05090045929
1477664860833 lifecam22 3048.82446289 4760.28417969 5.05869817734
1477664860901 lifecam22 3042.93505859 4759.04394531 5.06496906281
1477664860970 lifecam22 3038.04370117 4757.96240234 5.07063913345
1477664861039 lifecam22 3031.54980469 4756.24121094 5.08034706116
1477664861100 lifecam22 3027.13769531 4755.5546875 5.08521318436
1477664861168 lifecam22 3021.13696289 4753.77148438 5.08788251877
1477664861235 lifecam22 3016.19311523 4752.7109375 5.10127830505
1477664861301 lifecam22 3009.67675781 4751.68408203 5.10561990738
1477664861436 lifecam22 2998.45581055 4747.74121094 5.11795854568
1477664861502 lifecam22 2992.40966797 4745.55078125 5.12341356277
1477664861572 lifecam22 2987.39892578 4743.93652344 5.12922000885
1477664861638 lifecam22 2983.1184082 4742.55517578 5.13834810257
1477664861703 lifecam22 2976.3449707 4739.44384766 5.13855457306
1477664861768 lifecam22 2970.8125 4738.24560547 5.147315979
1477664861836 lifecam22 2964.65844727 4736.12744141 5.15387916565
1477664861903 lifecam22 2960.13916016 4736.07080078 5.16624164581
1477664861968 lifecam22 2954.19287109 4733.09960938 5.167760849
1477664862036 lifecam22 2948.84863281 4730.96923828 5.17247533798
1477664862109 lifecam22 2943.62915039 4728.93701172 5.18508481979
1477664862169 lifecam22 2937.95410156 4727.61425781 5.19185781479
1477664862237 lifecam22 2933.38549805 4724.72070312 5.1967382431
1477664862304 lifecam22 2927.78100586 4722.77441406 5.20142364502
1477664862369 lifecam22 2922.88208008 4720.71923828 5.20991182327
1477664862508 lifecam22 2912.08398438 4715.97412109 5.21917772293
1477664862572 lifecam22 2907.35302734 4712.88085938 5.22557115555
1477664862637 lifecam22 2901.14819336 4711.50146484 5.23368787766
1477664862705 lifecam22 2895.25756836 4707.40332031 5.23362541199
1477664862771 lifecam22 2890.94799805 4707.5546875 5.2512087822
1477664862837 lifecam22 2885.89038086 4704.75146484 5.25674581528
1477664862904 lifecam22 2880.79858398 4702.95947266 5.26386880875
1477664862972 lifecam22 2874.77026367 4699.51416016 5.2677488327
1477664863031 lifecam22 2870.34692383 4698.73925781 5.2794919014
1477664863104 lifecam22 2863.9362793 4695.37988281 5.28274822235
1477664863178 lifecam22 2859.30981445 4693.94726562 5.29337024689
1477664863239 lifecam22 2854.08642578 4691.65820312 5.30095911026
1477664863304 lifecam22 2849.56689453 4688.95068359 5.30544662476
1477664863373 lifecam22 2844.33544922 4686.65087891 5.31626987457
1477664863438 lifecam22 2839.08178711 4682.36914062 5.31528902054
1477664863572 lifecam22 2828.19140625 4676.21191406 5.32597208023
1477664863642 lifecam22 2822.80224609 4673.25927734 5.33213567734
1477664863707 lifecam22 2818.36328125 4670.84130859 5.33885383606
1477664863773 lifecam22 2813.35327148 4667.18261719 5.34125232697
1477664863840 lifecam22 2808.10180664 4664.10693359 5.3493514061
1477664863905 lifecam22 2803.27539062 4661.12060547 5.35584640503
1477664863972 lifecam22 2798.50732422 4658.24414062 5.36164188385
1477664864040 lifecam22 2793.83349609 4655.96044922 5.37264537811
1477664864106 lifecam22 2788.89501953 4652.23681641 5.37426662445
1477664864174 lifecam22 2783.86987305 4649.33447266 5.38314056396
1477664864243 lifecam22 2779.42504883 4645.75439453 5.38335704803
1477664864306 lifecam22 2774.52929688 4643.45166016 5.39457178116
1477664864367 lifecam22 2769.61914062 4640.1875 5.40249729156
1477664864440 lifecam22 2764.83154297 4636.93359375 5.4083480835
1477664864508 lifecam22 2760.40917969 4635.69042969 5.42525959015
1477664864639 lifecam22 2750.65966797 4627.2265625 5.4310593605
1477664864709 lifecam22 2745.80981445 4624.69775391 5.43658304214
1477664864777 lifecam22 2740.93457031 4621.52294922 5.45327186584
1477664864840 lifecam22 2736.50830078 4620.17285156 5.46251296997
1477664864908 lifecam22 2731.1940918 4614.25488281 5.45688247681
1477664864976 lifecam22 2726.33544922 4611.25927734 5.46687078476
1477664865040 lifecam22 2722.28076172 4609.69628906 5.48065185547
1477664865108 lifecam22 2718.0078125 4605.44287109 5.48080062866
1477664865177 lifecam22 2713.05249023 4602.61132812 5.49417495728
1477664865224 lifecam20 2657.96850586 4593.79101562 5.45122003555
1477664865239 lifecam22 2655.43017578 4590.70507812 5.44750976562
1477664865316 lifecam22 2653.08520508 4590.03710938 5.45809078217
1477664865362 lifecam20 2647.37768555 4593.54589844 5.5016746521
1477664865376 lifecam22 2644.87207031 4591.69238281 5.50312757492
1477664865426 lifecam20 2642.07177734 4589.45507812 5.50567102432
1477664865442 lifecam22 2639.6015625 4587.40722656 5.50770711899
1477664865492 lifecam20 2638.01074219 4586.05957031 5.51502895355
1477664865507 lifecam22 2635.65673828 4584.20458984 5.52029132843
1477664865562 lifecam20 2633.08740234 4582.65429688 5.52385091782
1477664865577 lifecam22 2631.38574219 4581.40576172 5.52749824524
1477664865628 lifecam20 2629.24609375 4577.86328125 5.52426576614
1477664865692 lifecam20 2626.84228516 4577.48242188 5.53302431107
1477664865708 lifecam22 2622.50537109 4573.02148438 5.54151105881
1477664865761 lifecam20 2620.68603516 4570.60546875 5.54243040085
1477664865779 lifecam22 2618.96923828 4568.39746094 5.54204940796
1477664865830 lifecam20 2616.7019043 4566.20117188 5.54424953461
1477664865846 lifecam22 2614.64453125 4563.80371094 5.5436296463
1477664865892 lifecam20 2612.4987793 4562.01171875 5.54641199112
1477664865909 lifecam22 2610.01196289 4560.79394531 5.55259847641
1477664865961 lifecam20 2608.0559082 4559.28320312 5.55765199661
1477664865976 lifecam22 2606.18383789 4556.68945312 5.55962944031
1477664866029 lifecam20 2603.53662109 4554.78808594 5.56414651871
1477664866043 lifecam22 2601.16113281 4553.16748047 5.5684762001
1477664866092 lifecam20 2599.32421875 4550.61962891 5.56903600693
1477664866108 lifecam22 2597.46875 4548.38671875 5.56998586655
1477664866160 lifecam20 2595.13818359 4547.09521484 5.5767865181
1477664866175 lifecam22 2592.83789062 4545.10888672 5.58059883118
1477664866228 lifecam20 2590.68701172 4543.05078125 5.58336734772
1477664866243 lifecam22 2588.38867188 4541.81445312 5.59017133713
1477664866296 lifecam20 2586.20849609 4540.09765625 5.5939245224
1477664866309 lifecam22 2584.49853516 4537.3046875 5.59507417679
1477664866386 lifecam22 2582.18310547 4535.85644531 5.60139846802
1477664866430 lifecam20 2578.31396484 4531.37792969 5.60811853409
1477664866444 lifecam22 2576.72705078 4528.88818359 5.60683488846
1477664866498 lifecam20 2574.28735352 4527.54980469 5.6125626564
1477664866510 lifecam22 2571.80957031 4525.81201172 5.61935138702
1477664866561 lifecam20 2569.60302734 4523.02636719 5.62004089355
1477664866576 lifecam22 2567.62451172 4520.921875 5.62280082703
1477664866628 lifecam20 2565.70629883 4519.37109375 5.6277422905
1477664866645 lifecam22 2563.24243164 4517.29785156 5.63099193573
1477664866696 lifecam20 2561.36181641 4515.03808594 5.63216686249
1477664866760 lifecam20 2558.76904297 4512.96484375 5.63703155518
1477664866775 lifecam22 2555.10986328 4512.41308594 5.66085386276
1477664866828 lifecam20 2553.578125 4510.59179688 5.66478061676
1477664866844 lifecam22 2551.84326172 4508.53515625 5.66969871521
1477664866897 lifecam20 2549.71337891 4506.60449219 5.67227697372
1477664866913 lifecam22 2547.3828125 4506.07128906 5.6824297905
1477664867030 lifecam20 2542.86425781 4501.61621094 5.68866539001
1477664867043 lifecam22 2539.20751953 4500.21289062 5.70853900909
1477664867102 lifecam20 2537.30029297 4498.83544922 5.71616363525
1477664867164 lifecam20 2535.31689453 4496.1328125 5.71603727341
1477664867228 lifecam20 2472.38696289 4480.43115234 5.68324613571
1477664867296 lifecam20 2468.94458008 4475.82080078 5.68577194214
1477664867364 lifecam20 2465.07592773 4471.27441406 5.69734191895
1477664867430 lifecam20 2461.52294922 4465.81640625 5.69593954086
1477664867497 lifecam20 2458.51977539 4461.25292969 5.70257711411
1477664867565 lifecam20 2454.5246582 4457.27246094 5.71182727814
1477664867628 lifecam20 2451.55395508 4451.81933594 5.71357059479
1477664867696 lifecam20 2447.19238281 4447.58203125 5.7213640213
1477664867764 lifecam20 2444.04785156 4442.86865234 5.72737884521
1477664867832 lifecam20 2440.16479492 4437.19433594 5.73043107986
1477664867896 lifecam20 2436.28100586 4432.7890625 5.73750782013
1477664867965 lifecam20 2432.43945312 4428.32666016 5.74883937836
1477664868033 lifecam20 2429.40014648 4423.96484375 5.7530002594
1477664868096 lifecam20 2426.42700195 4420.10839844 5.7636218071
1477664868167 lifecam20 2422.69384766 4416.21728516 5.77693319321
1477664868232 lifecam20 2418.5793457 4411.69824219 5.78030395508
1477664868296 lifecam20 2416.14575195 4406.77148438 5.78989505768
1477664868364 lifecam20 2411.8762207 4402.34375 5.79729175568
1477664868432 lifecam20 2408.74365234 4397.31933594 5.8056473732
1477664868567 lifecam20 2402.47216797 4387.04296875 5.81253385544
1477664868632 lifecam20 2399.23974609 4382.01025391 5.81903791428
1477664868700 lifecam20 2396.25732422 4376.81396484 5.8231344223
1477664868764 lifecam20 2392.34692383 4373.45849609 5.83678340912
1477664868833 lifecam20 2388.19458008 4368.05078125 5.846139431
1477664868899 lifecam20 2384.96826172 4362.41259766 5.84512615204
1477664868963 lifecam20 2381.98779297 4357.41162109 5.85352659225
1477664869031 lifecam20 2379.87084961 4353.05371094 5.85657119751
1477664869099 lifecam20 2376.27294922 4348.49511719 5.86611747742
1477664869164 lifecam20 2373.69433594 4342.64306641 5.86841773987
1477664869232 lifecam20 2370.68017578 4337.53515625 5.87620925903
1477664869300 lifecam20 2368.34204102 4332.48535156 5.88220357895
1477664869370 lifecam20 2365.48876953 4327.28662109 5.89008235931
1477664869434 lifecam20 2363.36328125 4321.64306641 5.88851070404
1477664869501 lifecam20 2360.18896484 4316.00390625 5.89707422256
1477664869631 lifecam20 2355.50146484 4306.91210938 5.9147310257
1477664869699 lifecam20 2352.1965332 4300.6953125 5.91623735428
1477664869767 lifecam20 2349.95068359 4295.30615234 5.91980695724
1477664869831 lifecam20 2347.31958008 4290.18261719 5.92717170715
1477664869900 lifecam20 2344.10083008 4285.83056641 5.93890714645
1477664869967 lifecam20 2341.81860352 4280.16259766 5.9463186264
1477664870036 lifecam20 2339.37915039 4274.97363281 5.95208930969
1477664870099 lifecam20 2336.3359375 4270.62646484 5.96546125412
1477664870167 lifecam20 2333.42358398 4265.22363281 5.97008371353
1477664870235 lifecam20 2331.5456543 4258.96630859 5.97610807419
1477664870301 lifecam20 2329.05664062 4254.43994141 5.98142290115
1477664870369 lifecam20 2328.25317383 4249.15869141 5.98715877533
1477664870436 lifecam20 2324.48754883 4243.45605469 5.9920835495
1477664870501 lifecam20 2323.08349609 4238.09179688 6.0000576973
1477664870569 lifecam20 2320.01904297 4232.34960938 6.00763463974
1477664870644 lifecam20 2317.6262207 4227.06787109 6.0151848793
1477664870699 lifecam20 2315.89794922 4222.12451172 6.01940441132
1477664870767 lifecam20 2313.34545898 4216.15332031 6.02754211426
1477664870835 lifecam20 2311.25976562 4212.12304688 6.03600120544
1477664870896 lifecam20 2309.29541016 4206.03955078 6.04001331329
1477664871035 lifecam20 2305.34912109 4195.50244141 6.05453014374
1477664871104 lifecam20 2303.66943359 4189.51025391 6.05792951584
1477664871167 lifecam20 2301.80712891 4184.58154297 6.06641960144
1477664871235 lifecam20 2300.43530273 4178.24169922 6.06988811493
1477664871303 lifecam20 2299.03662109 4172.72900391 6.07149839401
1477664871368 lifecam20 2297.84326172 4166.50244141 6.07511329651
1477664871435 lifecam20 2295.54003906 4160.82568359 6.08485364914
1477664871503 lifecam20 2294.78808594 4155.1796875 6.0871295929
1477664871572 lifecam20 2293.40893555 4149.02050781 6.09119939804
1477664871635 lifecam20 2290.83203125 4144.27050781 6.10268163681
1477664871705 lifecam20 2289.66015625 4138.30664062 6.10777902603
1477664871773 lifecam20 2287.484375 4133.24902344 6.11737680435
1477664871836 lifecam20 2286.25927734 4127.35693359 6.12421989441
1477664871904 lifecam20 2284.05102539 4122.33105469 6.13493824005
1477664871972 lifecam20 2282.65405273 4116.86621094 6.14227056503
1477664872103 lifecam20 2280.42822266 4105.50732422 6.15136861801
1477664872172 lifecam20 2278.89550781 4100.21386719 6.15964078903
1477664872235 lifecam20 2277.73120117 4094.15600586 6.16528892517
1477664872303 lifecam20 2275.89501953 4089.38378906 6.17609834671
1477664872371 lifecam20 2274.02612305 4083.53198242 6.18546962738
1477664872439 lifecam20 2273.39355469 4077.16967773 6.19058990479
1477664872503 lifecam20 2272.03759766 4071.83935547 6.19722127914
1477664872571 lifecam20 2271.39404297 4066.40966797 6.20293903351
1477664872639 lifecam20 2270.46264648 4060.15209961 6.20727396011
1477664872703 lifecam20 2269.78857422 4054.43530273 6.21214580536
1477664872773 lifecam20 2269.05932617 4048.75097656 6.21736192703
1477664872841 lifecam20 2267.87329102 4043.67724609 6.22432422638
1477664872904 lifecam20 2269.81323242 4036.62475586 6.21587753296
1477664872972 lifecam20 2271.78515625 4036.36621094 6.20030736923
1477664873041 lifecam20 2271.2980957 4036.65527344 6.2037935257
1477664873172 lifecam20 2271.15478516 4036.44482422 6.20565748215
1477664873240 lifecam20 2271.44384766 4036.62792969 6.20243453979
1477664873307 lifecam20 2270.60327148 4036.94189453 6.20869922638
1477664873371 lifecam20 2271.03833008 4036.82519531 6.20395946503
1477664873438 lifecam20 2271.31616211 4036.40087891 6.20414924622
1477664873507 lifecam20 2271.13769531 4036.69995117 6.20530414581
1477664873571 lifecam20 2271.13769531 4036.69995117 6.20530414581
1477664873639 lifecam20 2270.765625 4036.89868164 6.20719051361
1477664873707 lifecam20 2271.33935547 4036.66210938 6.20417976379
1477664873775 lifecam20 2270.85107422 4036.78686523 6.2074432373
1477664873840 lifecam20 2271.09277344 4036.81689453 6.20543622971
