1477666073188 lifecam22 3360.39916992 4779.89257812 4.71634817123
1477666073258 lifecam22 3360.52124023 4779.75 4.71499586105
1477666073326 lifecam22 3360.44873047 4779.81103516 4.7155752182
1477666073394 lifecam22 3360.44873047 4779.81103516 4.7155752182
1477666073456 lifecam22 3360.52636719 4779.62890625 4.71384096146
1477666073527 lifecam22 3360.44873047 4779.81103516 4.71557378769
1477666073594 lifecam22 3360.47631836 4779.70996094 4.7146115303
1477666073660 lifecam22 3360.52124023 4779.75048828 4.71499586105
1477666073726 lifecam22 3360.52124023 4779.75 4.71499586105
1477666073793 lifecam22 3360.44873047 4779.81103516 4.7155752182
1477666073857 lifecam22 3360.44873047 4779.81103516 4.71557378769
1477666073927 lifecam22 3360.52124023 4779.75048828 4.71499586105
1477666074001 lifecam22 3360.39916992 4779.89257812 4.71634912491
1477666074061 lifecam22 3360.39916992 4779.89257812 4.71634817123
1477666074125 lifecam22 3360.44873047 4779.81103516 4.7155752182
1477666074193 lifecam22 3360.68359375 4779.77050781 4.71518850327
1477666074262 lifecam22 3360.54882812 4779.80224609 4.71548891068
1477666074395 lifecam22 3360.52636719 4779.62890625 4.71384096146
1477666074463 lifecam22 3360.55395508 4779.52783203 4.71287918091
1477666074524 lifecam22 3360.55395508 4779.52783203 4.71287918091
1477666074594 lifecam22 3360.55395508 4779.52783203 4.71287918091
1477666074662 lifecam22 3360.54638672 4780.28076172 4.72002267838
1477666074730 lifecam22 3360.55395508 4779.52783203 4.71287918091
1477666074793 lifecam22 3360.55395508 4779.52783203 4.71287918091
1477666074861 lifecam22 3359.85253906 4778.39697266 4.70651960373
1477666074929 lifecam22 3359.48754883 4777.75146484 4.70322656631
1477666074991 lifecam22 3359.33666992 4777.46044922 4.70186710358
1477666075067 lifecam22 3359.65966797 4778.06347656 4.70477867126
1477666075129 lifecam22 3359.85253906 4778.39697266 4.70651960373
1477666075191 lifecam22 3360.55419922 4779.52783203 4.71287965775
1477666075261 lifecam22 3360.06616211 4778.75244141 4.70845079422
1477666075333 lifecam22 3353.55444336 4779.52832031 4.71288299561
1477666075463 lifecam22 3339.55419922 4779.52783203 4.71288108826
1477666075532 lifecam22 3332.80737305 4779.61425781 4.7151889801
1477666075599 lifecam22 3327.07275391 4779.36083984 4.72678565979
1477666075663 lifecam22 3320.97265625 4780.09912109 4.73089694977
1477666075730 lifecam22 3314.93383789 4780.11572266 4.73990678787
1477666075799 lifecam22 3311.61035156 4782.21191406 4.7622423172
1477666075859 lifecam22 3305.13793945 4782.18847656 4.76569461823
1477666075929 lifecam22 3299.83862305 4782.57714844 4.77108669281
1477666075997 lifecam22 3293.33300781 4782.38916016 4.77166128159
1477666076059 lifecam22 3286.90258789 4781.82470703 4.77328062057
1477666076199 lifecam22 3276.61767578 4783.10888672 4.79691886902
1477666076266 lifecam22 3271.61254883 4782.70068359 4.80207252502
1477666076329 lifecam22 3265.33984375 4782.60546875 4.80721998215
1477666076397 lifecam22 3259.68530273 4782.66552734 4.80930662155
1477666076527 lifecam22 3248.11450195 4783.46386719 4.82585859299
1477666076597 lifecam22 3241.60864258 4782.45166016 4.8317399025
1477666076666 lifecam22 3237.14648438 4784.1328125 4.84468317032
1477666076727 lifecam22 3230.72705078 4782.63085938 4.84440279007
1477666076798 lifecam22 3224.40429688 4782.0390625 4.84592151642
1477666076867 lifecam22 3219.02001953 4782.78613281 4.85837602615
1477666076935 lifecam22 3213.74902344 4782.60986328 4.86627435684
1477666076997 lifecam22 3208.25952148 4783.85009766 4.87876033783
1477666077066 lifecam22 3202.30566406 4783.62939453 4.88370037079
1477666077133 lifecam22 3195.7331543 4783.05664062 4.88801574707
1477666077196 lifecam22 3190.31494141 4782.86865234 4.89352178574
1477666077263 lifecam22 3184.76318359 4782.39501953 4.90287542343
1477666077331 lifecam22 3179.2434082 4781.42822266 4.90551567078
1477666077389 lifecam22 3173.13842773 4782.14208984 4.91697072983
1477666077464 lifecam22 3167.0012207 4780.69628906 4.91753149033
1477666077532 lifecam22 3160.33349609 4779.51806641 4.9202337265
1477666077601 lifecam22 3154.91748047 4778.93945312 4.9273352623
1477666077664 lifecam22 3149.12890625 4777.65917969 4.93298864365
1477666077732 lifecam22 3143.36694336 4777.51953125 4.93980550766
1477666077801 lifecam22 3137.97827148 4775.59765625 4.94442129135
1477666077869 lifecam22 3132.06079102 4775.23730469 4.95159196854
1477666077932 lifecam22 3126.92504883 4775.22753906 4.96224164963
1477666077999 lifecam22 3121.33398438 4773.55126953 4.96376943588
1477666078062 lifecam22 3115.3046875 4773.61523438 4.9755396843
1477666078131 lifecam22 3109.81982422 4771.63574219 4.97522211075
1477666078263 lifecam22 3098.48779297 4770.40820312 4.99425458908
1477666078332 lifecam22 3092.2722168 4768.86425781 4.9979133606
1477666078400 lifecam22 3086.66137695 4768.39453125 5.00967788696
1477666078468 lifecam22 3081.38818359 4767.56933594 5.0146727562
1477666078533 lifecam22 3075.71777344 4765.74804688 5.01981115341
1477666078602 lifecam22 3070.57324219 4765.06347656 5.02885389328
1477666078670 lifecam22 3064.92553711 4763.9453125 5.03815746307
1477666078731 lifecam22 3059.12695312 4764.31640625 5.04954814911
1477666078801 lifecam22 3053.26855469 4762.41210938 5.05207252502
1477666078869 lifecam22 3048.35058594 4761.02050781 5.05658864975
1477666078930 lifecam22 3042.51000977 4759.81152344 5.06513834
1477666079001 lifecam22 3037.74291992 4758.23144531 5.06642818451
1477666079071 lifecam22 3030.89135742 4756.71289062 5.07352018356
1477666079137 lifecam22 3025.73925781 4755.30322266 5.07792472839
1477666079202 lifecam22 3020.40795898 4754.93310547 5.0907907486
1477666079277 lifecam22 3014.67114258 4753.77197266 5.09605312347
1477666079335 lifecam22 3008.67871094 4751.91748047 5.10046434402
1477666079398 lifecam22 3003.04223633 4749.82177734 5.10712575912
1477666079468 lifecam22 2997.37744141 4747.60351562 5.11048603058
1477666079536 lifecam22 2991.74365234 4745.45654297 5.11596488953
1477666079670 lifecam22 2981.484375 4741.89306641 5.12966775894
1477666079738 lifecam22 2975.81103516 4739.04980469 5.13176393509
1477666079807 lifecam22 2970.84667969 4738.70068359 5.14575481415
1477666079869 lifecam22 2964.33886719 4734.671875 5.14124298096
1477666079937 lifecam22 2960.07226562 4734.12695312 5.15221214294
1477666080005 lifecam22 2954.36083984 4731.92382812 5.16068458557
1477666080067 lifecam22 2948.90869141 4729.56445312 5.16029453278
1477666080137 lifecam22 2943.72314453 4728.64208984 5.17629146576
1477666080206 lifecam22 2938.36474609 4727.91992188 5.18874168396
1477666080267 lifecam22 2932.58081055 4725.25976562 5.19284391403
1477666080341 lifecam22 2926.92382812 4722.89648438 5.19699954987
1477666080404 lifecam22 2921.41821289 4721.17578125 5.20441055298
1477666080465 lifecam22 2916.27880859 4718.93164062 5.21682691574
1477666080527 lifecam22 2910.19775391 4717.81103516 5.22604513168
1477666080605 lifecam22 2905.65112305 4715.65527344 5.23386192322
1477666080734 lifecam22 2894.85913086 4710.06152344 5.23831129074
1477666080803 lifecam22 2889.60522461 4708.08691406 5.2462348938
1477666080872 lifecam22 2884.33642578 4705.29931641 5.25290393829
1477666080935 lifecam22 2879.0222168 4703.41992188 5.25998878479
1477666081005 lifecam22 2873.70751953 4702.38720703 5.27336502075
1477666081075 lifecam22 2868.90625 4698.85742188 5.26998519897
1477666081134 lifecam22 2862.64916992 4696.9296875 5.28194379807
1477666081205 lifecam22 2858.2409668 4693.00292969 5.28253746033
1477666081272 lifecam22 2852.66113281 4690.94238281 5.2924246788
1477666081340 lifecam22 2847.69189453 4688.49365234 5.29782390594
1477666081404 lifecam22 2843.328125 4685.93212891 5.30552625656
1477666081472 lifecam22 2837.74438477 4682.12988281 5.30875730515
1477666081541 lifecam22 2832.99584961 4678.68359375 5.30992841721
1477666081605 lifecam22 2827.90576172 4675.00195312 5.31571245193
1477666081672 lifecam22 2823.03198242 4673.14794922 5.32560014725
1477666081802 lifecam22 2812.40478516 4667.09570312 5.33647632599
1477666081871 lifecam22 2807.1706543 4665.44140625 5.34867954254
1477666081939 lifecam22 2802.63769531 4663.00830078 5.36052179337
1477666082008 lifecam22 2797.63061523 4659.36279297 5.36106443405
1477666082072 lifecam22 2792.41064453 4656.54980469 5.37149143219
1477666082142 lifecam22 2787.3215332 4654.30908203 5.37968730927
1477666082209 lifecam22 2782.78540039 4650.04003906 5.37765979767
1477666082272 lifecam22 2777.78857422 4647.80908203 5.38960790634
1477666082340 lifecam22 2772.203125 4645.46777344 5.40155363083
1477666082409 lifecam22 2768.38012695 4641.24804688 5.40436601639
1477666082470 lifecam22 2763.92016602 4638.58984375 5.4066619873
1477666082538 lifecam22 2758.50561523 4634.28466797 5.41392946243
1477666082607 lifecam22 2753.73242188 4631.45996094 5.42177295685
1477666082669 lifecam22 2748.34814453 4629.13378906 5.43470191956
1477666082739 lifecam22 2743.8581543 4626.28173828 5.43697118759
1477666082809 lifecam22 2738.58056641 4623.26367188 5.44754648209
1477666082875 lifecam22 2733.99804688 4622.06982422 5.46256065369
1477666082938 lifecam22 2729.42041016 4615.40576172 5.44888973236
1477666083006 lifecam22 2723.42724609 4614.19775391 5.47420597076
1477666083074 lifecam22 2720.05395508 4611.15527344 5.47792577744
1477666083207 lifecam22 2710.57128906 4603.69580078 5.4954957962
1477666083275 lifecam22 2706.95117188 4598.62109375 5.49189138412
1477666083315 lifecam20 2650.45751953 4598.8203125 5.4987821579
1477666083337 lifecam22 2648.58837891 4596.47167969 5.49529933929
1477666083383 lifecam20 2646.85791016 4592.71289062 5.48526668549
1477666083407 lifecam22 2644.36035156 4592.18798828 5.50043058395
1477666083451 lifecam20 2641.89794922 4589.49804688 5.4975566864
1477666083477 lifecam22 2639.46533203 4586.27880859 5.49365711212
1477666083515 lifecam20 2637.70800781 4586.63574219 5.51307535172
1477666083545 lifecam22 2635.66455078 4585.09326172 5.5169506073
1477666083583 lifecam20 2633.25561523 4581.94482422 5.51230764389
1477666083608 lifecam22 2631.10498047 4580.53515625 5.51693725586
1477666083651 lifecam20 2628.77001953 4579.11621094 5.52368354797
1477666083675 lifecam22 2626.21899414 4575.91308594 5.51987981796
1477666083715 lifecam20 2623.79907227 4574.22460938 5.52266836166
1477666083744 lifecam22 2621.34423828 4573.01953125 5.53277397156
1477666083783 lifecam20 2618.84204102 4571.84814453 5.53879880905
1477666083807 lifecam22 2616.66992188 4569.71484375 5.53795003891
1477666083852 lifecam20 2614.58789062 4567.48535156 5.53978013992
1477666083867 lifecam22 2612.99365234 4566.87744141 5.55287408829
1477666083919 lifecam20 2610.3984375 4564.93164062 5.55575799942
1477666083942 lifecam22 2607.77148438 4562.68408203 5.55774927139
1477666083983 lifecam20 2605.7355957 4561.48535156 5.56652832031
1477666084006 lifecam22 2603.37329102 4559.63183594 5.56951093674
1477666084051 lifecam20 2601.05151367 4557.68457031 5.57130289078
1477666084076 lifecam22 2598.87573242 4555.72851562 5.57256603241
1477666084120 lifecam20 2596.67993164 4553.47167969 5.57439041138
1477666084143 lifecam22 2594.50097656 4551.88085938 5.57978010178
1477666084220 lifecam22 2592.18457031 4550.06835938 5.58607006073
1477666084251 lifecam20 2587.97753906 4546.20849609 5.59230899811
1477666084274 lifecam22 2586.21728516 4544.23828125 5.59420251846
1477666084320 lifecam20 2583.85595703 4542.38183594 5.59827041626
1477666084343 lifecam22 2581.97070312 4540.10351562 5.60051107407
1477666084384 lifecam20 2580.11352539 4537.91308594 5.60248565674
1477666084402 lifecam22 2577.80859375 4536.50634766 5.60786485672
1477666084452 lifecam20 2575.390625 4534.66259766 5.61312294006
1477666084476 lifecam22 2573.24682617 4532.06738281 5.61604213715
1477666084520 lifecam20 2570.95117188 4530.52441406 5.62212562561
1477666084584 lifecam20 2569.21191406 4527.71972656 5.61998224258
1477666084612 lifecam22 2564.95654297 4522.98632812 5.6215133667
1477666084651 lifecam20 2562.64697266 4521.13671875 5.62609100342
1477666084674 lifecam22 2560.67236328 4520.21679688 5.63385391235
1477666084718 lifecam20 2558.95629883 4517.9609375 5.63642454147
1477666084743 lifecam22 2557.05419922 4516.21630859 5.6424665451
1477666084811 lifecam22 2555.3125 4514.54492188 5.64705848694
1477666084851 lifecam20 2551.07568359 4510.7265625 5.65488433838
1477666084880 lifecam22 2548.79223633 4510.01806641 5.66576099396
1477666084919 lifecam20 2547.09912109 4507.67480469 5.66761779785
1477666084943 lifecam22 2545.58740234 4507.8203125 5.68042325974
1477666084987 lifecam20 2543.56005859 4506.06445312 5.68599796295
1477666085011 lifecam22 2541.3203125 4504.23632812 5.69472980499
1477666085052 lifecam20 2539.64355469 4502.17285156 5.69558000565
1477666085079 lifecam22 2537.859375 4502.27832031 5.70606231689
1477666085119 lifecam20 2535.62060547 4499.59667969 5.70931196213
1477666085186 lifecam20 2533.81835938 4497.43652344 5.71025705338
1477666085255 lifecam20 2471.02734375 4481.56103516 5.68173980713
1477666085319 lifecam20 2466.87548828 4476.83789062 5.68450880051
1477666085387 lifecam20 2462.85668945 4473.56494141 5.69867563248
1477666085454 lifecam20 2459.40112305 4467.60791016 5.69823074341
1477666085518 lifecam20 2455.4765625 4463.05810547 5.70281171799
1477666085586 lifecam20 2452.43408203 4459.05859375 5.71157455444
1477666085655 lifecam20 2448.32739258 4455.45800781 5.72323274612
1477666085719 lifecam20 2444.32470703 4450.59960938 5.72803688049
1477666085789 lifecam20 2440.46386719 4446.30664062 5.73956537247
1477666085854 lifecam20 2436.58203125 4440.97851562 5.74204349518
1477666085920 lifecam20 2433.31665039 4435.76416016 5.74525022507
1477666085987 lifecam20 2430.12182617 4432.10693359 5.74998521805
1477666086056 lifecam20 2426.39013672 4427.80175781 5.76409721375
1477666086124 lifecam20 2422.32128906 4423.82373047 5.77491664886
1477666086186 lifecam20 2418.95410156 4417.14941406 5.77190923691
1477666086254 lifecam20 2415.40478516 4414.1875 5.78441762924
1477666086388 lifecam20 2408.36303711 4405.61181641 5.80199384689
1477666086455 lifecam20 2405.63183594 4398.984375 5.79902219772
1477666086523 lifecam20 2402.56347656 4394.26074219 5.80498456955
1477666086588 lifecam20 2398.51391602 4390.47021484 5.82066822052
1477666086656 lifecam20 2396.23828125 4385.19873047 5.82155418396
1477666086724 lifecam20 2392.05810547 4380.1875 5.83133077621
1477666086786 lifecam20 2389.90161133 4375.04589844 5.83444261551
1477666086854 lifecam20 2385.21826172 4371.15087891 5.84609556198
1477666086922 lifecam20 2384.18896484 4365.11865234 5.83975744247
1477666086990 lifecam20 2379.37768555 4360.77001953 5.85436630249
1477666087055 lifecam20 2377.11694336 4355.1171875 5.85746955872
1477666087122 lifecam20 2372.95043945 4350.63378906 5.8698387146
1477666087190 lifecam20 2370.37451172 4344.31884766 5.86710309982
1477666087255 lifecam20 2368.02709961 4339.2109375 5.8747792244
1477666087323 lifecam20 2365.41040039 4334.52539062 5.88330316544
1477666087391 lifecam20 2362.19628906 4329.078125 5.8897395134
1477666087454 lifecam20 2359.16674805 4323.03173828 5.89408254623
1477666087522 lifecam20 2356.80883789 4319.50927734 5.90622329712
1477666087590 lifecam20 2353.3059082 4313.80517578 5.9089846611
1477666087658 lifecam20 2350.11669922 4309.85058594 5.92339468002
1477666087727 lifecam20 2347.82275391 4303.65136719 5.92382192612
1477666087791 lifecam20 2345.37841797 4298.58251953 5.92955112457
1477666087859 lifecam20 2342.86962891 4293.53710938 5.93612146378
1477666087922 lifecam20 2340.25341797 4288.85009766 5.94626951218
1477666087990 lifecam20 2337.30810547 4282.81982422 5.95431423187
1477666088123 lifecam20 2332.17138672 4272.15136719 5.96431255341
1477666088191 lifecam20 2329.55932617 4267.60498047 5.96930885315
1477666088259 lifecam20 2327.90161133 4261.85302734 5.97603702545
1477666088315 lifecam20 2324.93945312 4257.55224609 5.98840332031
1477666088391 lifecam20 2322.69116211 4251.51611328 5.99313163757
1477666088458 lifecam20 2320.4519043 4246.69091797 5.99821853638
1477666088526 lifecam20 2319.08447266 4240.45751953 6.00239610672
1477666088590 lifecam20 2315.94262695 4235.62939453 6.00954294205
1477666088658 lifecam20 2314.42285156 4229.40917969 6.0135140419
1477666088726 lifecam20 2311.41357422 4226.09765625 6.02685451508
1477666088791 lifecam20 2309.93994141 4219.26123047 6.02353429794
1477666088858 lifecam20 2307.50927734 4213.87597656 6.03318881989
1477666088927 lifecam20 2305.55126953 4208.17236328 6.04000854492
1477666088990 lifecam20 2303.67919922 4202.50927734 6.04450845718
1477666089060 lifecam20 2301.26538086 4197.26416016 6.05134487152
1477666089128 lifecam20 2299.92163086 4192.08740234 6.05868339539
1477666089193 lifecam20 2297.4074707 4186.83056641 6.07031679153
1477666089258 lifecam20 2295.69873047 4180.83837891 6.07390594482
1477666089325 lifecam20 2293.4909668 4175.31933594 6.08460378647
1477666089393 lifecam20 2292.45068359 4169.3671875 6.0847158432
1477666089526 lifecam20 2289.12939453 4157.83203125 6.09678697586
1477666089594 lifecam20 2286.81811523 4152.70605469 6.10800790787
1477666089658 lifecam20 2285.04394531 4147.22167969 6.11262178421
1477666089726 lifecam20 2284.20996094 4141.21875 6.11808252335
1477666089794 lifecam20 2282.25634766 4135.63037109 6.12441778183
1477666089857 lifecam20 2280.36572266 4130.12792969 6.1365404129
1477666089926 lifecam20 2278.50390625 4124.70556641 6.14051103592
1477666089994 lifecam20 2277.25244141 4119.02832031 6.14605760574
1477666090061 lifecam20 2276.73413086 4113.50878906 6.14796924591
1477666090125 lifecam20 2273.93408203 4108.34521484 6.16268205643
1477666090194 lifecam20 2273.96679688 4102.28222656 6.16625118256
1477666090261 lifecam20 2272.08105469 4097.09716797 6.17430305481
1477666090326 lifecam20 2272.22558594 4090.82885742 6.17223072052
1477666090394 lifecam20 2270.89892578 4084.46606445 6.17617797852
1477666090462 lifecam20 2270.11230469 4078.29711914 6.18165206909
1477666090526 lifecam20 2268.43334961 4073.56640625 6.19320297241
1477666090594 lifecam20 2266.39892578 4068.94628906 6.20846509933
1477666090662 lifecam20 2265.44311523 4063.5222168 6.21224355698
1477666090729 lifecam20 2263.56640625 4057.25805664 6.21969747543
1477666090793 lifecam20 2262.59570312 4051.65722656 6.22723484039
1477666090866 lifecam20 2261.72021484 4045.80200195 6.23356676102
1477666090929 lifecam20 2259.26123047 4042.01464844 6.25096702576
1477666090993 lifecam20 2259.73242188 4034.515625 6.24667310715
