1477665297848 lifecam22 3361.24438477 4775.97998047 4.68593263626
1477665297913 lifecam22 3360.95800781 4775.57177734 4.68346643448
1477665297987 lifecam22 3361.31323242 4776.18066406 4.68649244308
1477665298045 lifecam22 3361.35888672 4776.09277344 4.68564939499
1477665298111 lifecam22 3361.17919922 4775.91748047 4.68536138535
1477665298186 lifecam22 3361.11499023 4775.72509766 4.68356657028
1477665298253 lifecam22 3361.29150391 4776.16015625 4.68630409241
1477665298311 lifecam22 3361.48999023 4776.48535156 4.68800354004
1477665298385 lifecam22 3361.02319336 4775.63378906 4.68403720856
1477665298453 lifecam22 3361.13598633 4775.87597656 4.68498039246
1477665298511 lifecam22 3361.13598633 4775.87597656 4.68498039246
1477665298586 lifecam22 3361.73974609 4776.58154297 4.68891429901
1477665298653 lifecam22 3361.48999023 4776.48535156 4.68800354004
1477665298712 lifecam22 3361.13598633 4775.87597656 4.68498039246
1477665298779 lifecam22 3361.53320312 4776.52685547 4.68838262558
1477665298853 lifecam22 3361.48999023 4776.48535156 4.68800354004
1477665298926 lifecam22 3361.33935547 4776.58056641 4.68907022476
1477665298980 lifecam22 3361.53320312 4776.52685547 4.68838262558
1477665299048 lifecam22 3360.17895508 4774.94335938 4.68012666702
1477665299123 lifecam22 3362.13427734 4777.23388672 4.69231128693
1477665299180 lifecam22 3361.69165039 4776.78564453 4.68944263458
1477665299255 lifecam22 3362.17333984 4777.52148438 4.69359111786
1477665299322 lifecam22 3362.21044922 4777.58740234 4.69423007965
1477665299381 lifecam22 3362.21044922 4777.58740234 4.69423007965
1477665299454 lifecam22 3360.12841797 4774.76708984 4.67849683762
1477665299523 lifecam22 3360.87133789 4774.94482422 4.68030595779
1477665299647 lifecam22 3361.96240234 4776.93066406 4.69083356857
1477665299722 lifecam22 3360.55395508 4779.52783203 4.71287918091
1477665299790 lifecam22 3347.81982422 4778.15625 4.69973421097
1477665299847 lifecam22 3346.55419922 4779.52783203 4.71288156509
1477665299921 lifecam22 3339.08666992 4778.49365234 4.70863866806
1477665299989 lifecam22 3332.44824219 4779.28027344 4.71191978455
1477665300047 lifecam22 3325.55444336 4779.52783203 4.71288204193
1477665300121 lifecam22 3319.6015625 4779.77099609 4.72245264053
1477665300190 lifecam22 3313.3659668 4780.06933594 4.72668409348
1477665300248 lifecam22 3310.96191406 4782.06201172 4.75585842133
1477665300314 lifecam22 3305.57763672 4782.59667969 4.76666212082
1477665300390 lifecam22 3299.71166992 4781.90332031 4.77011966705
1477665300458 lifecam22 3293.44165039 4782.20996094 4.77127504349
1477665300515 lifecam22 3286.44189453 4780.87353516 4.76800680161
1477665300589 lifecam22 3280.10058594 4781.26708984 4.77023649216
1477665300657 lifecam22 3275.60424805 4781.93945312 4.78391075134
1477665300715 lifecam22 3270.18432617 4782.58544922 4.79290533066
1477665300789 lifecam22 3265.18676758 4782.74560547 4.80339717865
1477665300857 lifecam22 3258.66967773 4782.22753906 4.80606937408
1477665300916 lifecam22 3252.61132812 4782.88330078 4.80873155594
1477665300989 lifecam22 3245.70532227 4781.765625 4.81214570999
1477665301057 lifecam22 3241.67602539 4784.02978516 4.82934427261
1477665301126 lifecam22 3235.97924805 4783.62695312 4.83728265762
1477665301183 lifecam22 3231.05541992 4784.02246094 4.84649705887
1477665301257 lifecam22 3224.51416016 4783.3046875 4.84968948364
1477665301325 lifecam22 3219.39379883 4783.93603516 4.85620546341
1477665301383 lifecam22 3213.13964844 4783.97558594 4.86257362366
1477665301457 lifecam22 3208.00195312 4784.81835938 4.87564325333
1477665301525 lifecam22 3201.9128418 4783.65332031 4.8793797493
1477665301584 lifecam22 3195.55297852 4782.90869141 4.880610466
1477665301657 lifecam22 3189.47631836 4782.36474609 4.88445997238
1477665301724 lifecam22 3183.734375 4781.35253906 4.8878698349
1477665301784 lifecam22 3177.87939453 4781.51757812 4.89839315414
1477665301850 lifecam22 3172.22045898 4780.69091797 4.9039888382
1477665301926 lifecam22 3165.88793945 4780.91992188 4.91271829605
1477665301993 lifecam22 3160.13916016 4779.65283203 4.91803646088
1477665302051 lifecam22 3154.82226562 4779.29199219 4.9229722023
1477665302124 lifecam22 3148.34399414 4778.25585938 4.92688083649
1477665302193 lifecam22 3143.5546875 4777.86962891 4.94008541107
1477665302251 lifecam22 3137.13378906 4777.11035156 4.94356918335
1477665302326 lifecam22 3131.32568359 4776.51904297 4.94865179062
1477665302394 lifecam22 3126.86450195 4775.44042969 4.95477771759
1477665302452 lifecam22 3120.4934082 4774.06689453 4.95954227448
1477665302524 lifecam22 3115.35473633 4773.10546875 4.9640789032
1477665302594 lifecam22 3109.46020508 4772.68505859 4.97592020035
1477665302662 lifecam22 3103.99633789 4772.02099609 4.98252153397
1477665302719 lifecam22 3098.1340332 4771.04150391 4.99164438248
1477665302792 lifecam22 3092.62768555 4770.296875 4.9981637001
1477665302861 lifecam22 3086.87084961 4769.68408203 5.00513029099
1477665302918 lifecam22 3081.9387207 4767.94628906 5.01277303696
1477665302993 lifecam22 3076.26489258 4767.640625 5.02272605896
1477665303061 lifecam22 3070.20605469 4766.28710938 5.02767896652
1477665303121 lifecam22 3064.41113281 4765.96923828 5.03732967377
1477665303193 lifecam22 3058.52050781 4764.19873047 5.04030275345
1477665303261 lifecam22 3053.70288086 4763.43017578 5.04596853256
1477665303330 lifecam22 3047.85644531 4761.84619141 5.05248308182
1477665303386 lifecam22 3043.16723633 4761.40283203 5.06196069717
1477665303460 lifecam22 3037.00146484 4759.04785156 5.06289958954
1477665303530 lifecam22 3031.69873047 4758.58398438 5.07112169266
1477665303587 lifecam22 3026.25073242 4757.09814453 5.082883358
1477665303662 lifecam22 3019.38354492 4755.27832031 5.08231830597
1477665303731 lifecam22 3013.94946289 4753.60302734 5.0870475769
1477665303788 lifecam22 3008.83984375 4751.79101562 5.09546852112
1477665303862 lifecam22 3002.97265625 4750.06835938 5.10043764114
1477665303930 lifecam22 2997.66040039 4747.61083984 5.10816001892
1477665303987 lifecam22 2991.39111328 4745.83447266 5.10997104645
1477665304058 lifecam22 2986.66235352 4744.29052734 5.11881113052
1477665304125 lifecam22 2981.08447266 4742.43652344 5.12300300598
1477665304194 lifecam22 2976.57373047 4741.62402344 5.1341047287
1477665304257 lifecam22 2970.3215332 4738.88330078 5.13902950287
1477665304329 lifecam22 2964.79296875 4737.94091797 5.14718484879
1477665304398 lifecam22 2959.62866211 4734.90771484 5.15336036682
1477665304455 lifecam22 2953.85229492 4734.05224609 5.15993309021
1477665304525 lifecam22 2948.58276367 4731.78662109 5.16740655899
1477665304594 lifecam22 2942.85107422 4729.49023438 5.16956090927
1477665304655 lifecam22 2937.49707031 4728.6328125 5.18531751633
1477665304724 lifecam22 2932.85839844 4725.99414062 5.18929290771
1477665304797 lifecam22 2927.30664062 4724.57958984 5.19940471649
1477665304866 lifecam22 2921.85986328 4722.0 5.20140600204
1477665304923 lifecam22 2915.9519043 4720.60595703 5.21323490143
1477665304997 lifecam22 2911.61645508 4718.43798828 5.21806764603
1477665305064 lifecam22 2905.79980469 4716.66894531 5.2279009819
1477665305123 lifecam22 2900.63232422 4713.37402344 5.22955274582
1477665305197 lifecam22 2894.94750977 4711.94189453 5.23680067062
1477665305266 lifecam22 2889.90454102 4709.42773438 5.24101734161
1477665305323 lifecam22 2884.58251953 4707.99023438 5.25566482544
1477665305397 lifecam22 2878.41210938 4703.8671875 5.25449514389
1477665305466 lifecam22 2874.34204102 4703.27734375 5.26708507538
1477665305524 lifecam22 2867.89135742 4699.58740234 5.26782608032
1477665305590 lifecam22 2863.7878418 4696.72753906 5.2703127861
1477665305666 lifecam22 2857.84545898 4693.42089844 5.27661180496
1477665305734 lifecam22 2852.92529297 4690.36523438 5.28407382965
1477665305790 lifecam22 2848.50170898 4687.73779297 5.28627872467
1477665305864 lifecam22 2842.78271484 4684.33300781 5.29536437988
1477665305932 lifecam22 2838.06884766 4681.41357422 5.29850292206
1477665305991 lifecam22 2833.04980469 4679.41259766 5.30720710754
1477665306064 lifecam22 2828.41235352 4677.10595703 5.31538772583
1477665306132 lifecam22 2823.38256836 4674.43408203 5.32213973999
1477665306191 lifecam22 2817.45654297 4671.96875 5.3332824707
1477665306264 lifecam22 2812.97753906 4668.76660156 5.33480405807
1477665306332 lifecam22 2808.03320312 4666.02880859 5.3446969986
1477665306400 lifecam22 2802.84594727 4663.27880859 5.34869146347
1477665306458 lifecam22 2797.93359375 4660.88574219 5.36216020584
1477665306532 lifecam22 2792.92114258 4657.99511719 5.36569881439
1477665306600 lifecam22 2788.14819336 4654.77539062 5.37239646912
1477665306659 lifecam22 2783.05297852 4653.35644531 5.3871383667
1477665306732 lifecam22 2777.54980469 4648.97070312 5.38873195648
1477665306800 lifecam22 2773.47680664 4646.32714844 5.39663267136
1477665306859 lifecam22 2768.48046875 4643.51123047 5.40497636795
1477665306932 lifecam22 2763.86987305 4639.71972656 5.40671300888
1477665307000 lifecam22 2759.24853516 4637.43554688 5.41865253448
1477665307067 lifecam22 2753.99462891 4633.29345703 5.42171001434
1477665307126 lifecam22 2748.89819336 4630.34716797 5.42988443375
1477665307199 lifecam22 2744.50292969 4627.25830078 5.43622684479
1477665307268 lifecam22 2739.22192383 4623.80859375 5.44064760208
1477665307326 lifecam22 2735.22363281 4620.453125 5.44793462753
1477665307400 lifecam22 2730.08496094 4616.93896484 5.45247983932
1477665307468 lifecam22 2725.58935547 4612.17236328 5.45154857635
1477665307527 lifecam22 2720.41333008 4609.68164062 5.46871757507
1477665307599 lifecam22 2716.46020508 4606.71679688 5.47238779068
1477665307668 lifecam22 2713.02490234 4602.93603516 5.47588014603
1477665307727 lifecam22 2706.47143555 4597.8515625 5.48157596588
1477665307771 lifecam20 2652.29003906 4591.59765625 5.452293396
1477665307800 lifecam22 2650.87207031 4589.82226562 5.45613622665
1477665307839 lifecam20 2646.78076172 4595.3828125 5.50147342682
1477665307868 lifecam22 2644.74487305 4594.72509766 5.5111374855
1477665307906 lifecam20 2643.2878418 4590.77148438 5.49907779694
1477665307936 lifecam22 2640.62158203 4587.890625 5.4984536171
1477665307975 lifecam20 2637.64257812 4586.92675781 5.50621700287
1477665307994 lifecam22 2635.47265625 4585.24804688 5.50852775574
1477665308039 lifecam20 2633.02636719 4583.63378906 5.5150141716
1477665308068 lifecam22 2630.27441406 4582.62695312 5.5241150856
1477665308107 lifecam20 2628.28930664 4581.20605469 5.52716732025
1477665308136 lifecam22 2626.42163086 4579.92773438 5.53112602234
1477665308175 lifecam20 2624.40576172 4577.734375 5.53379297256
1477665308195 lifecam22 2622.23242188 4575.05273438 5.53098630905
1477665308239 lifecam20 2620.00390625 4573.47460938 5.53709745407
1477665308267 lifecam22 2617.39038086 4571.69628906 5.54482650757
1477665308307 lifecam20 2615.10424805 4569.11865234 5.54361963272
1477665308336 lifecam22 2613.30664062 4567.63085938 5.54782009125
1477665308375 lifecam20 2611.05517578 4566.27880859 5.55450057983
1477665308395 lifecam22 2608.73730469 4564.06933594 5.55724620819
1477665308438 lifecam20 2606.35644531 4561.80175781 5.55773878098
1477665308467 lifecam22 2604.11816406 4560.43847656 5.56228494644
1477665308507 lifecam20 2602.20556641 4558.41259766 5.56552839279
1477665308535 lifecam22 2600.43408203 4555.67431641 5.56648874283
1477665308574 lifecam20 2598.02734375 4554.296875 5.57144355774
1477665308604 lifecam22 2595.58911133 4552.74023438 5.57512760162
1477665308643 lifecam20 2593.96875 4549.99414062 5.57585096359
1477665308661 lifecam22 2592.03295898 4547.94042969 5.58224916458
1477665308706 lifecam20 2589.31469727 4545.87548828 5.58485555649
1477665308735 lifecam22 2587.32373047 4543.94335938 5.58518266678
1477665308775 lifecam20 2585.63671875 4542.68261719 5.59434318542
1477665308803 lifecam22 2583.25585938 4540.37207031 5.59690332413
1477665308842 lifecam20 2580.90478516 4538.48242188 5.59919166565
1477665308863 lifecam22 2578.66894531 4536.70849609 5.60498857498
1477665308907 lifecam20 2576.26098633 4534.70214844 5.60841751099
1477665308935 lifecam22 2574.10058594 4532.71777344 5.61004495621
1477665308975 lifecam20 2571.95751953 4531.16796875 5.61588954926
1477665309004 lifecam22 2570.07788086 4528.67089844 5.61790847778
1477665309043 lifecam20 2567.9284668 4526.15673828 5.61918401718
1477665309063 lifecam22 2565.94848633 4525.06347656 5.62626218796
1477665309106 lifecam20 2564.44238281 4522.85449219 5.62707996368
1477665309135 lifecam22 2562.47998047 4520.31152344 5.62588262558
1477665309175 lifecam20 2560.11035156 4518.37841797 5.63151359558
1477665309203 lifecam22 2558.18286133 4516.96826172 5.64114570618
1477665309242 lifecam20 2556.3034668 4514.66699219 5.6407456398
1477665309263 lifecam22 2554.38256836 4513.63525391 5.6482334137
1477665309307 lifecam20 2552.48291016 4511.62890625 5.65374040604
1477665309336 lifecam22 2550.55151367 4510.80859375 5.66341781616
1477665309374 lifecam20 2548.41552734 4508.50976562 5.6655163765
1477665309404 lifecam22 2547.1328125 4507.06152344 5.67060041428
1477665309442 lifecam20 2545.43945312 4505.12304688 5.67378950119
1477665309472 lifecam22 2543.19775391 4505.15917969 5.69040489197
1477665309510 lifecam20 2541.55126953 4502.15527344 5.68910074234
1477665309574 lifecam20 2539.53540039 4500.34375 5.69465875626
1477665309642 lifecam20 2476.93676758 4484.66552734 5.66267442703
1477665309710 lifecam20 2473.36865234 4481.12841797 5.67228507996
1477665309774 lifecam20 2469.11523438 4475.74609375 5.67648601532
1477665309842 lifecam20 2465.43188477 4472.76904297 5.6884188652
1477665309910 lifecam20 2461.25 4467.46630859 5.69242286682
1477665309974 lifecam20 2457.57470703 4463.41699219 5.70105171204
1477665310042 lifecam20 2453.44848633 4460.74804688 5.71629047394
1477665310110 lifecam20 2449.34521484 4455.50732422 5.72482633591
1477665310178 lifecam20 2445.3034668 4451.38769531 5.72856426239
1477665310242 lifecam20 2442.07739258 4446.74023438 5.73678016663
1477665310310 lifecam20 2438.49511719 4441.52099609 5.73799800873
1477665310378 lifecam20 2435.390625 4437.49755859 5.74864053726
1477665310442 lifecam20 2432.00585938 4432.83251953 5.75513553619
1477665310510 lifecam20 2428.55541992 4427.76806641 5.75544452667
1477665310578 lifecam20 2424.70141602 4423.15820312 5.76846313477
1477665310642 lifecam20 2420.68896484 4418.35253906 5.77357292175
1477665310710 lifecam20 2417.77783203 4413.03613281 5.77932977676
1477665310778 lifecam20 2414.05126953 4408.2421875 5.78487730026
1477665310846 lifecam20 2411.12109375 4402.65673828 5.78726959229
1477665310910 lifecam20 2406.91088867 4399.49365234 5.8021364212
1477665310977 lifecam20 2403.8762207 4394.66796875 5.80769634247
1477665311046 lifecam20 2401.42700195 4389.87304688 5.8111371994
1477665311110 lifecam20 2398.04931641 4384.10986328 5.81284952164
1477665311178 lifecam20 2395.6472168 4379.87451172 5.82113027573
1477665311245 lifecam20 2392.30517578 4375.39160156 5.82997655869
1477665311310 lifecam20 2389.73657227 4370.43212891 5.83353328705
1477665311377 lifecam20 2385.85864258 4365.8515625 5.84492778778
1477665311446 lifecam20 2382.96875 4360.75927734 5.84972524643
1477665311510 lifecam20 2379.55004883 4354.95068359 5.85341501236
1477665311578 lifecam20 2376.84521484 4349.86376953 5.86278247833
1477665311646 lifecam20 2373.90332031 4344.91210938 5.87073326111
1477665311715 lifecam20 2371.43188477 4339.41552734 5.87380313873
1477665311777 lifecam20 2367.57763672 4335.17675781 5.88583087921
1477665311846 lifecam20 2365.62353516 4329.53320312 5.8897485733
1477665311913 lifecam20 2362.47021484 4324.18994141 5.89453983307
1477665311978 lifecam20 2359.24609375 4319.59716797 5.90241241455
1477665312045 lifecam20 2357.05200195 4313.75634766 5.90718984604
1477665312114 lifecam20 2353.52807617 4309.14648438 5.9152636528
1477665312177 lifecam20 2351.5949707 4303.87402344 5.92476511002
1477665312246 lifecam20 2349.06152344 4298.63330078 5.92632627487
1477665312313 lifecam20 2346.06811523 4293.49707031 5.93579769135
1477665312445 lifecam20 2339.83789062 4282.95556641 5.951171875
1477665312513 lifecam20 2338.51708984 4278.29248047 5.95754241943
1477665312582 lifecam20 2335.36816406 4273.31152344 5.96573162079
1477665312645 lifecam20 2332.81591797 4268.10546875 5.97485876083
1477665312714 lifecam20 2331.37866211 4262.19335938 5.97433519363
1477665312781 lifecam20 2329.19433594 4256.75732422 5.98365974426
1477665312846 lifecam20 2325.86767578 4252.90625 5.99638748169
1477665312913 lifecam20 2325.07592773 4246.05615234 5.99592733383
1477665312982 lifecam20 2322.56860352 4240.32666016 5.99842166901
1477665313045 lifecam20 2321.17773438 4235.17382812 6.00428628922
1477665313114 lifecam20 2317.98657227 4230.24560547 6.01395368576
1477665313181 lifecam20 2316.77661133 4224.76660156 6.01576280594
1477665313250 lifecam20 2314.33691406 4219.73535156 6.02586460114
1477665313313 lifecam20 2311.49633789 4214.26513672 6.03582191467
1477665313381 lifecam20 2309.71850586 4208.40332031 6.03922843933
1477665313449 lifecam20 2308.03881836 4202.30175781 6.04132270813
1477665313514 lifecam20 2306.31176758 4196.9609375 6.05194616318
1477665313581 lifecam20 2303.97412109 4191.22119141 6.05943012238
1477665313650 lifecam20 2302.33447266 4186.27929688 6.06635522842
1477665313713 lifecam20 2300.20092773 4180.56494141 6.07766771317
1477665313782 lifecam20 2298.6875 4175.03271484 6.07902669907
1477665313849 lifecam20 2297.25073242 4169.12402344 6.08397197723
1477665313918 lifecam20 2295.59057617 4164.23632812 6.09052705765
1477665313981 lifecam20 2294.25537109 4157.94482422 6.09485673904
1477665314050 lifecam20 2291.92504883 4153.00976562 6.10368442535
1477665314117 lifecam20 2290.35327148 4147.140625 6.1124792099
1477665314182 lifecam20 2288.25 4142.30517578 6.12036037445
1477665314249 lifecam20 2286.96826172 4136.125 6.12686920166
1477665314318 lifecam20 2284.67700195 4131.15917969 6.13482809067
1477665314381 lifecam20 2284.36425781 4124.56152344 6.13801813126
1477665314450 lifecam20 2282.92041016 4120.09765625 6.1463727951
1477665314517 lifecam20 2281.45410156 4113.48730469 6.15309286118
1477665314582 lifecam20 2280.36694336 4108.59667969 6.16071748734
1477665314649 lifecam20 2279.04394531 4102.66552734 6.16637182236
1477665314718 lifecam20 2278.39916992 4097.27636719 6.17172670364
1477665314785 lifecam20 2277.24609375 4091.07055664 6.17580938339
1477665314850 lifecam20 2276.26196289 4085.30664062 6.18140029907
1477665314917 lifecam20 2274.01220703 4080.59667969 6.19300508499
1477665314986 lifecam20 2272.60009766 4075.2043457 6.20117473602
1477665315049 lifecam20 2270.72607422 4070.46362305 6.21382141113
1477665315118 lifecam20 2270.62792969 4063.71435547 6.21488237381
1477665315185 lifecam20 2269.7956543 4057.51806641 6.21836042404
1477665315250 lifecam20 2269.42626953 4051.11230469 6.22238302231
1477665315317 lifecam20 2268.52441406 4045.77026367 6.22703504562
1477665315386 lifecam20 2268.59423828 4039.45385742 6.22917222977
1477665315453 lifecam20 2270.00366211 4036.86083984 6.21917724609
1477665315518 lifecam20 2270.32592773 4039.16503906 6.21679925919
1477665315585 lifecam20 2270.22460938 4038.04931641 6.22048521042
1477665315654 lifecam20 2270.28588867 4039.04785156 6.21707344055
1477665315717 lifecam20 2270.0222168 4038.01342773 6.2187461853
1477665315786 lifecam20 2270.64428711 4038.19775391 6.21436738968
1477665315853 lifecam20 2270.01391602 4038.47387695 6.21918535233
1477665315918 lifecam20 2270.49609375 4037.75976562 6.2153673172
1477665315985 lifecam20 2270.18701172 4038.43286133 6.21757793427
1477665316053 lifecam20 2270.22949219 4037.93481445 6.21679830551
1477665316117 lifecam20 2270.45214844 4038.265625 6.21621179581
1477665316185 lifecam20 2270.01391602 4038.47387695 6.21918535233
