1478870520563 lifecam22 3195.50463867 5859.60253906 4.62347173691
1478870520619 lifecam22 3195.50463867 5859.60253906 4.62347173691
1478870520689 lifecam22 3195.45019531 5859.42626953 4.62176561356
1478870520751 lifecam22 3195.50463867 5859.60253906 4.62347173691
1478870520888 lifecam22 3195.4597168 5859.56396484 4.62175512314
1478870520963 lifecam22 3195.31030273 5859.57324219 4.62176799774
1478870521018 lifecam22 3195.31030273 5859.57324219 4.62176799774
1478870521083 lifecam22 3195.45019531 5859.42626953 4.62176561356
1478870521162 lifecam22 3195.45019531 5859.42626953 4.62176561356
1478870521296 lifecam22 3195.45019531 5859.42626953 4.62176561356
1478870521362 lifecam22 3195.45019531 5859.42626953 4.62176561356
1478870521425 lifecam22 3195.50463867 5859.60253906 4.62347173691
1478870521491 lifecam22 3195.4597168 5859.56396484 4.62175512314
1478870521559 lifecam22 3195.42724609 5859.40625 4.620241642
1478870521764 lifecam22 3195.51342773 5859.74023438 4.6234588623
1478870521823 lifecam22 3195.50463867 5859.60253906 4.62347173691
1478870521895 lifecam22 3195.42724609 5859.40625 4.620241642
1478870521962 lifecam22 3195.31030273 5859.57324219 4.62176799774
1478870522029 lifecam22 3195.45019531 5859.42626953 4.62176561356
1478870522169 lifecam22 3195.50463867 5859.60253906 4.62347173691
1478870522231 lifecam22 3195.45019531 5859.42626953 4.62176561356
1478870522294 lifecam22 3195.41723633 5859.26855469 4.6202507019
1478870522362 lifecam22 3195.41479492 5859.00683594 4.61779022217
1478870522432 lifecam22 3195.70678711 5859.11865234 4.61913537979
1478870522633 lifecam22 3195.70703125 5859.37890625 4.62026166916
1478870522694 lifecam22 3195.53759766 5859.38525391 4.62006187439
1478870522753 lifecam22 3196.01147461 5859.37158203 4.62181329727
1478870522832 lifecam22 3196.27270508 5859.19970703 4.62046337128
1478870522899 lifecam22 3196.31274414 5859.48095703 4.62313938141
1478870523016 lifecam22 3196.02319336 5859.51220703 4.62313985825
1478870523090 lifecam22 3197.05029297 5859.31005859 4.62353134155
1478870523164 lifecam22 3197.18066406 5860.05273438 4.62424373627
1478870523230 lifecam22 3198.109375 5860.25537109 4.62576389313
1478870523283 lifecam22 3200.17773438 5860.99560547 4.63187789917
1478870523503 lifecam22 3197.29248047 5859.37646484 4.62062120438
1478870523558 lifecam22 3195.51538086 5859.08496094 4.61743354797
1478870523624 lifecam22 3186.75634766 5861.84521484 4.63702487946
1478870523693 lifecam22 3179.61962891 5860.42578125 4.62797403336
1478870523766 lifecam22 3173.83227539 5861.95556641 4.63560295105
1478870523967 lifecam22 3153.5546875 5862.25585938 4.63648414612
1478870524033 lifecam22 3145.86816406 5862.0859375 4.6370306015
1478870524089 lifecam22 3140.49755859 5862.84228516 4.63769483566
1478870524169 lifecam22 3133.93237305 5863.10595703 4.64178562164
1478870524224 lifecam22 3127.57397461 5863.44677734 4.64298868179
1478870524430 lifecam22 3107.79174805 5863.00634766 4.64001846313
1478870524488 lifecam22 3101.43676758 5862.87744141 4.64458942413
1478870524566 lifecam22 3094.37402344 5863.49560547 4.64376735687
1478870524623 lifecam22 3087.453125 5863.81591797 4.64681005478
1478870524702 lifecam22 3080.30639648 5863.29882812 4.6418838501
1478870524907 lifecam22 3059.765625 5862.89404297 4.63943958282
1478870524963 lifecam22 3053.44628906 5863.06494141 4.63886070251
1478870525027 lifecam22 3046.75170898 5862.59863281 4.64544439316
1478870525103 lifecam22 3039.70532227 5863.38330078 4.64229774475
1478870525155 lifecam22 3033.75439453 5862.54248047 4.64194154739
1478870525430 lifecam22 3006.92138672 5863.04443359 4.64361286163
1478870525492 lifecam22 3000.95166016 5863.06738281 4.64856052399
1478870525558 lifecam22 2994.93701172 5863.54882812 4.65371799469
1478870525634 lifecam22 2988.79199219 5863.95605469 4.65379810333
1478870525702 lifecam22 2982.56640625 5863.55078125 4.65701627731
1478870525900 lifecam22 2963.10083008 5864.89746094 4.66391944885
1478870525975 lifecam22 2957.00268555 5865.60693359 4.67031002045
1478870526030 lifecam22 2950.00976562 5865.07177734 4.66932821274
1478870526093 lifecam22 2942.59375 5865.0390625 4.66462469101
1478870526164 lifecam22 2935.67895508 5864.70605469 4.66428804398
1478870526367 lifecam22 2915.21484375 5864.32226562 4.66896820068
1478870526432 lifecam22 2908.34814453 5864.23242188 4.67013311386
1478870526500 lifecam22 2901.25219727 5864.91259766 4.6680188179
1478870526562 lifecam22 2894.4699707 5862.79931641 4.66078567505
1478870526625 lifecam22 2888.20239258 5864.60546875 4.66911411285
1478870526832 lifecam22 2867.99267578 5862.38574219 4.66055583954
1478870526905 lifecam22 2861.828125 5862.05175781 4.66537618637
1478870526966 lifecam22 2856.87939453 5862.96533203 4.67368555069
1478870527037 lifecam22 2849.56762695 5862.31054688 4.6712641716
1478870527100 lifecam22 2843.3581543 5862.76953125 4.6742773056
1478870527311 lifecam22 2823.36474609 5862.97070312 4.6779589653
1478870527353 lifecam22 2817.1940918 5863.17626953 4.68277740479
1478870527436 lifecam22 2809.89770508 5863.02734375 4.68124485016
1478870527504 lifecam22 2804.81030273 5863.86230469 4.68825244904
1478870527568 lifecam22 2797.60888672 5863.97998047 4.69104290009
1478870527776 lifecam22 2777.08349609 5863.83007812 4.69067668915
1478870527829 lifecam22 2769.70532227 5863.36425781 4.6848859787
1478870527905 lifecam22 2762.68212891 5862.79785156 4.68350982666
1478870527968 lifecam22 2755.85839844 5861.30566406 4.67631101608
1478870528022 lifecam22 2749.38867188 5862.17333984 4.68219184875
1478870528297 lifecam22 2724.58300781 5861.28710938 4.69064331055
1478870528373 lifecam22 2718.52758789 5863.14794922 4.70035076141
1478870528436 lifecam22 2709.78808594 5859.82714844 4.68477535248
1478870528504 lifecam22 2704.02880859 5861.83837891 4.69587993622
1478870528572 lifecam22 2696.06323242 5859.57568359 4.68726634979
1478870528777 lifecam22 2674.90332031 5857.12646484 4.68046188354
1478870528842 lifecam22 2668.47729492 5857.09716797 4.67792272568
1478870528890 lifecam22 2661.14550781 5856.11279297 4.67484283447
1478870528965 lifecam22 2654.91552734 5856.87792969 4.68468284607
1478870529039 lifecam22 2648.11132812 5856.51367188 4.68389463425
1478870529226 lifecam22 2629.88525391 5857.15087891 4.69494104385
1478870529371 lifecam22 2617.24462891 5857.81445312 4.70941734314
1478870529440 lifecam22 2611.02929688 5857.9453125 4.71433925629
1478870529500 lifecam22 2604.10888672 5857.96777344 4.71491527557
1478870529696 lifecam22 2583.15600586 5857.40087891 4.71048641205
1478870529768 lifecam22 2576.03540039 5857.52783203 4.71288251877
1478870529846 lifecam22 2571.6796875 5857.83935547 4.7199921608
1478870529913 lifecam22 2562.42163086 5857.74902344 4.71498584747
1478870529970 lifecam22 2554.55517578 5853.97460938 4.70176935196
1478870530168 lifecam22 2535.52905273 5851.17041016 4.701649189
1478870530232 lifecam22 2528.64233398 5850.91308594 4.69921255112
1478870530307 lifecam22 2523.2434082 5850.50878906 4.70915365219
1478870530372 lifecam22 2515.84033203 5850.18115234 4.70190238953
1478870530439 lifecam22 2509.43212891 5850.31152344 4.70851564407
1478870530643 lifecam22 2488.8972168 5850.51708984 4.71278095245
1478870530713 lifecam22 2482.17211914 5850.64013672 4.71395349503
1478870530768 lifecam22 2474.91479492 5850.52880859 4.71288824081
1478870530834 lifecam22 2468.0390625 5850.76611328 4.71514701843
1478870530896 lifecam22 2463.38769531 5851.90185547 4.72828722
1478870531112 lifecam22 2442.27050781 5847.99267578 4.72186088562
1478870531173 lifecam22 2437.62890625 5847.29199219 4.73269796371
1478870531236 lifecam22 2429.67700195 5845.70507812 4.72638845444
1478870531311 lifecam22 2424.18383789 5845.93359375 4.73434638977
1478870531374 lifecam22 2417.92724609 5845.65625 4.73180913925
1478870531517 lifecam22 2404.3737793 5845.88378906 4.73505353928
1478870531572 lifecam22 2397.81347656 5845.7578125 4.73388147354
1478870531641 lifecam22 2390.37402344 5845.88427734 4.73505449295
1478870531712 lifecam22 2383.69384766 5845.92089844 4.73539733887
1478870531766 lifecam22 2377.03393555 5845.7109375 4.73461866379
1478870531832 lifecam22 2370.38012695 5845.56835938 4.73805618286
1478870531915 lifecam22 2363.46606445 5843.84521484 4.73093938828
1478870531972 lifecam22 2357.33666992 5842.15820312 4.74030733109
1478870532044 lifecam22 2349.87231445 5839.06396484 4.73277044296
1478870532110 lifecam22 2342.75415039 5838.37548828 4.73031187057
1478870532173 lifecam22 2334.95166016 5836.68701172 4.71439647675
1478870532377 lifecam22 2313.89746094 5836.51757812 4.71278429031
1478870532441 lifecam22 2306.89770508 5836.51757812 4.71278429031
1478870532515 lifecam22 2300.28955078 5836.50585938 4.71629858017
1478870532581 lifecam22 2295.75634766 5837.68212891 4.7312297821
1478870532781 lifecam22 2278.73388672 5835.67041016 4.75533485413
1478870532846 lifecam22 2271.07739258 5835.27050781 4.7537651062
1478870532912 lifecam22 2263.92553711 5833.09960938 4.74403905869
1478870532974 lifecam22 2257.42822266 5833.3046875 4.74590778351
1478870533044 lifecam22 2249.53100586 5832.44287109 4.74024009705
1478870533182 lifecam22 2236.43530273 5832.55859375 4.74374628067
1478870533251 lifecam22 2231.26586914 5832.66894531 4.7512383461
1478870533314 lifecam22 2225.31152344 5832.28027344 4.75671100616
1478870533369 lifecam22 2218.41162109 5831.18066406 4.76322078705
1478870533443 lifecam22 2211.62084961 5830.60302734 4.76386642456
1478870533576 lifecam22 2195.70507812 5825.60058594 4.73934412003
1478870533641 lifecam22 2188.76025391 5825.51904297 4.73858594894
1478870533711 lifecam22 2181.53076172 5824.73339844 4.73365497589
1478870533777 lifecam22 2174.50146484 5824.55322266 4.73197031021
1478870533845 lifecam22 2168.86791992 5825.14892578 4.74369764328
1478870533969 lifecam22 2159.02758789 5825.04785156 4.7623090744
1478870534045 lifecam22 2150.9855957 5822.91455078 4.76061916351
1478870534108 lifecam22 2145.25292969 5821.9921875 4.75686597824
1478870534181 lifecam22 2137.41381836 5820.14941406 4.74768257141
1478870534239 lifecam22 2129.65258789 5818.80175781 4.74137353897
1478870534384 lifecam22 2116.640625 5818.65917969 4.74713611603
1478870534445 lifecam22 2110.52441406 5818.68652344 4.7520570755
1478870534519 lifecam22 2104.73779297 5818.875 4.7605638504
1478870534584 lifecam22 2098.75146484 5818.51855469 4.76953220367
1478870534639 lifecam22 2091.96679688 5818.33300781 4.77013444901
1478870534785 lifecam22 2077.89794922 5816.23535156 4.76582956314
1478870534850 lifecam22 2070.95214844 5815.72412109 4.7635345459
1478870534919 lifecam22 2062.06738281 5811.99462891 4.74416208267
1478870534976 lifecam22 2055.93676758 5812.00683594 4.74691009521
1478870535039 lifecam22 2050.58422852 5812.27734375 4.75949192047
1478870535189 lifecam22 2038.11730957 5812.13623047 4.77612447739
1478870535248 lifecam22 2031.5682373 5811.47216797 4.77724552155
1478870535317 lifecam22 2024.52185059 5810.56396484 4.7738161087
1478870535384 lifecam22 2018.00646973 5810.08935547 4.77296257019
1478870535450 lifecam22 2009.44152832 5807.38330078 4.75909900665
1478870535648 lifecam22 1992.00866699 5805.84277344 4.77854967117
1478870535720 lifecam22 1986.68347168 5805.93212891 4.7824306488
1478870535773 lifecam22 1979.07177734 5804.07714844 4.77809810638
1478870535853 lifecam22 1972.40722656 5802.85546875 4.77049255371
1478870535910 lifecam22 1965.24206543 5802.92822266 4.77382087708
1478870536055 lifecam22 1951.56481934 5800.41064453 4.77634096146
1478870536120 lifecam22 1945.00146484 5799.17138672 4.77559900284
1478870536188 lifecam22 1938.2277832 5798.52832031 4.77707338333
1478870536254 lifecam22 1931.74926758 5798.01367188 4.7763915062
1478870536316 lifecam22 1924.68334961 5796.96728516 4.77512693405
1478870536450 lifecam22 1911.38867188 5796.46386719 4.77824687958
1478870536581 lifecam22 1898.84106445 5795.08837891 4.7868270874
1478870536654 lifecam22 1891.62182617 5793.32421875 4.7834982872
1478870536713 lifecam22 1885.34484863 5792.04833984 4.78278160095
1478870536852 lifecam22 1872.44421387 5790.91015625 4.78536939621
1478870536920 lifecam22 1864.60522461 5789.89697266 4.78422546387
1478870536985 lifecam22 1858.80126953 5789.81152344 4.79397916794
1478870537114 lifecam22 1845.26000977 5786.70361328 4.7923951149
1478870537246 lifecam22 1831.80212402 5784.53710938 4.78674602509
1478870537321 lifecam22 1825.99621582 5784.19482422 4.79242563248
1478870537384 lifecam22 1820.39050293 5784.17871094 4.80125999451
1478870537450 lifecam22 1813.43518066 5782.83300781 4.80165958405
1478870537514 lifecam22 1806.42675781 5781.96484375 4.79728507996
1478870537659 lifecam22 1793.96240234 5778.75683594 4.78818893433
1478870537718 lifecam22 1796.64379883 5778.33886719 4.78928565979
1478870537785 lifecam22 1795.40161133 5778.22705078 4.78766107559
1478870537857 lifecam22 1795.40649414 5778.08544922 4.78758621216
1478870537919 lifecam22 1795.40161133 5778.22705078 4.78766107559
1478870538121 lifecam22 1795.40161133 5778.22705078 4.78766107559
1478870538188 lifecam22 1795.65661621 5778.36035156 4.78876399994
1478870538246 lifecam22 1795.40161133 5778.22705078 4.78766107559
1478870538322 lifecam22 1795.40161133 5778.22705078 4.78766107559
1478870538386 lifecam22 1795.40649414 5778.08544922 4.78758621216
1478870538453 lifecam22 1795.40161133 5778.22705078 4.78766107559
1478870538524 lifecam22 1795.40161133 5778.22705078 4.78766107559
1478870538581 lifecam22 1795.40161133 5778.22705078 4.78766107559
1478870538656 lifecam22 1795.36877441 5778.19091797 4.78733825684
1478870538712 lifecam22 1795.40649414 5778.08544922 4.78758621216
1478870538925 lifecam22 1795.40649414 5778.08544922 4.78758621216
1478870538992 lifecam22 1795.36401367 5778.33251953 4.78741312027
1478870539059 lifecam22 1795.36401367 5778.33251953 4.78741312027
1478870539118 lifecam22 1795.40161133 5778.22705078 4.78766107559
1478870539187 lifecam22 1795.40161133 5778.22705078 4.78766107559
1478870539317 lifecam22 1795.40161133 5778.22705078 4.78766107559
1478870539391 lifecam22 1795.36401367 5778.33251953 4.78741312027
1478870539455 lifecam22 1795.66174316 5778.21875 4.78868961334
1478870539522 lifecam22 1795.40161133 5778.22705078 4.78766107559
1478870539590 lifecam22 1795.40649414 5778.08544922 4.78758621216
1478870539721 lifecam22 1795.36401367 5778.33251953 4.78741312027
1478870539781 lifecam22 1795.40649414 5778.08544922 4.78758621216
1478870539856 lifecam22 1795.40161133 5778.22705078 4.78766107559
1478870539925 lifecam22 1795.40161133 5778.22705078 4.78766107559
1478870539981 lifecam22 1795.36877441 5778.19091797 4.78733825684
1478870540124 lifecam22 1795.40649414 5778.08544922 4.78758621216
1478870540186 lifecam22 1795.65661621 5778.36035156 4.78876399994
1478870540255 lifecam22 1795.66174316 5778.21875 4.78868961334
1478870540318 lifecam22 1795.40161133 5778.22705078 4.78766107559
1478870540393 lifecam22 1795.36877441 5778.19091797 4.78733825684
1478870540527 lifecam22 1795.37890625 5778.35058594 4.78755998611
1478870540597 lifecam22 1795.40161133 5778.22705078 4.78766107559
1478870540661 lifecam22 1795.63366699 5778.48339844 4.78866291046
1478870540723 lifecam22 1795.40161133 5778.22705078 4.78766107559
1478870540793 lifecam22 1795.40161133 5778.22705078 4.78766107559
1478870540925 lifecam22 1795.40161133 5778.22705078 4.78766107559
1478870540986 lifecam22 1795.40161133 5778.22705078 4.78766107559
