1478869511798 lifecam22 3195.36987305 5860.56152344 4.61029815674
1478869511863 lifecam22 3195.7421875 5861.13623047 4.61318206787
1478869511927 lifecam22 3195.41650391 5860.47509766 4.60954904556
1478869511981 lifecam22 3195.65991211 5860.93701172 4.6125998497
1478869512193 lifecam22 3195.55761719 5860.73339844 4.61184597015
1478869512262 lifecam22 3195.70556641 5860.73193359 4.61317491531
1478869512309 lifecam22 3195.76220703 5860.88183594 4.6135635376
1478869512380 lifecam22 3195.69555664 5860.68896484 4.61182975769
1478869512461 lifecam22 3195.59399414 5860.48486328 4.61107969284
1478869512651 lifecam22 3195.65991211 5860.93701172 4.6125998497
1478869512721 lifecam22 3195.65991211 5860.93701172 4.6125998497
1478869512792 lifecam22 3195.65991211 5860.93701172 4.6125998497
1478869512857 lifecam22 3195.8840332 5860.85986328 4.61337900162
1478869512919 lifecam22 3195.26806641 5860.35791016 4.6095457077
1478869513124 lifecam22 3195.93066406 5860.73828125 4.61364269257
1478869513189 lifecam22 3196.25341797 5861.00976562 4.61498594284
1478869513249 lifecam22 3195.60400391 5860.64794922 4.61109447479
1478869513327 lifecam22 3195.52929688 5860.29345703 4.61031198502
1478869513392 lifecam22 3196.02197266 5860.54638672 4.61194229126
1478869513598 lifecam22 3196.16943359 5860.54638672 4.61327171326
1478869513654 lifecam22 3196.31079102 5860.92480469 4.61423969269
1478869513721 lifecam22 3196.56762695 5860.87548828 4.6153254509
1478869513789 lifecam22 3196.27832031 5860.49755859 4.61302947998
1478869513854 lifecam22 3195.76123047 5860.48486328 4.60964632034
1478869514063 lifecam22 3196.875 5860.17773438 4.60848665237
1478869514121 lifecam22 3195.11279297 5861.42480469 4.6059923172
1478869514195 lifecam22 3196.48046875 5861.70117188 4.61508512497
1478869514253 lifecam22 3195.54052734 5861.72509766 4.61611175537
1478869514315 lifecam22 3196.83007812 5860.55615234 4.61533784866
1478869514584 lifecam22 3174.05419922 5859.03613281 4.59261703491
1478869514671 lifecam22 3166.47338867 5858.85693359 4.59015512466
1478869514727 lifecam22 3158.45605469 5859.83789062 4.58897781372
1478869514792 lifecam22 3153.83618164 5860.49658203 4.59301424026
1478869514854 lifecam22 3146.82324219 5861.61523438 4.59815788269
1478869514996 lifecam22 3133.18408203 5861.25292969 4.59002447128
1478869515063 lifecam22 3126.18457031 5861.76269531 4.58822774887
1478869515132 lifecam22 3119.60180664 5861.46972656 4.58995962143
1478869515196 lifecam22 3113.04614258 5862.65917969 4.59247493744
1478869515260 lifecam22 3105.84643555 5863.12109375 4.59400510788
1478869515463 lifecam22 3086.14697266 5863.85546875 4.59583234787
1478869515532 lifecam22 3079.90625 5865.54052734 4.59989833832
1478869515602 lifecam22 3072.12353516 5864.74511719 4.59479045868
1478869515664 lifecam22 3066.33422852 5864.40917969 4.59660243988
1478869515729 lifecam22 3059.85375977 5865.71240234 4.60183572769
1478869515931 lifecam22 3039.625 5865.68896484 4.59884929657
1478869515999 lifecam22 3033.22119141 5866.78417969 4.60071134567
1478869516062 lifecam22 3026.88305664 5867.05371094 4.60141515732
1478869516131 lifecam22 3020.70068359 5867.57080078 4.60697031021
1478869516196 lifecam22 3013.61425781 5868.90527344 4.60869598389
1478869516340 lifecam22 3001.11865234 5869.24804688 4.6128153801
1478869516402 lifecam22 2994.85693359 5869.80224609 4.61248016357
1478869516466 lifecam22 2987.65356445 5869.52490234 4.60968399048
1478869516527 lifecam22 2981.72363281 5870.5 4.61342191696
1478869516595 lifecam22 2974.35742188 5870.90429688 4.61036682129
1478869516867 lifecam22 2947.33618164 5870.99169922 4.60465240479
1478869516935 lifecam22 2941.203125 5871.93066406 4.60788345337
1478869516994 lifecam22 2933.54052734 5871.55078125 4.60621118546
1478869517064 lifecam22 2927.64282227 5873.30175781 4.61076021194
1478869517135 lifecam22 2920.55419922 5872.97949219 4.61021518707
1478869517195 lifecam22 2913.46313477 5872.87744141 4.60928583145
1478869517264 lifecam22 2907.85595703 5873.99853516 4.6121339798
1478869517335 lifecam22 2899.85473633 5872.55224609 4.60797119141
1478869517396 lifecam22 2894.34106445 5874.33789062 4.61478662491
1478869517467 lifecam22 2887.18774414 5873.62402344 4.61272287369
1478869517532 lifecam22 2880.79003906 5874.36572266 4.61636590958
1478869517732 lifecam22 2861.97753906 5875.9609375 4.6243185997
1478869517804 lifecam22 2854.52246094 5875.59765625 4.62175559998
1478869517866 lifecam22 2848.63208008 5876.08349609 4.62740898132
1478869517936 lifecam22 2841.78930664 5876.63232422 4.62870979309
1478869518002 lifecam22 2835.13085938 5876.41601562 4.6293592453
1478869518202 lifecam22 2816.53491211 5877.72363281 4.63521766663
1478869518269 lifecam22 2809.08349609 5877.24316406 4.62917709351
1478869518330 lifecam22 2802.14892578 5877.91113281 4.63045120239
1478869518400 lifecam22 2795.09765625 5877.79980469 4.62818670273
1478869518467 lifecam22 2788.73657227 5878.18505859 4.62984037399
1478869518604 lifecam22 2775.41601562 5877.96484375 4.63093566895
1478869518675 lifecam22 2768.39086914 5878.03173828 4.63023948669
1478869518735 lifecam22 2761.31542969 5878.41113281 4.63116264343
1478869518801 lifecam22 2754.07226562 5878.87646484 4.62993383408
1478869518869 lifecam22 2747.39575195 5878.57617188 4.62997198105
1478869519074 lifecam22 2728.07128906 5879.19824219 4.63426542282
1478869519134 lifecam22 2721.31762695 5880.46728516 4.63711595535
1478869519204 lifecam22 2714.66381836 5878.64404297 4.63357686996
1478869519269 lifecam22 2708.47631836 5879.97949219 4.63897323608
1478869519335 lifecam22 2701.43188477 5879.17822266 4.63028526306
1478869519541 lifecam22 2680.93652344 5879.07714844 4.62731027603
1478869519670 lifecam22 2667.42504883 5879.72509766 4.6326417923
1478869519740 lifecam22 2661.52001953 5880.89501953 4.63801670074
1478869519801 lifecam22 2654.30175781 5881.09960938 4.63719177246
1478869519867 lifecam22 2648.36206055 5881.49511719 4.64148044586
1478869520004 lifecam22 2636.11889648 5883.01123047 4.65266275406
1478869520072 lifecam22 2628.10205078 5881.99169922 4.64408111572
1478869520135 lifecam22 2622.15527344 5883.19091797 4.65152311325
1478869520208 lifecam22 2615.08398438 5882.77685547 4.64989471436
1478869520270 lifecam22 2608.75756836 5882.80615234 4.65315723419
1478869520469 lifecam22 2588.6875 5882.39453125 4.65126180649
1478869520539 lifecam22 2581.21362305 5882.78857422 4.65461587906
1478869520602 lifecam22 2573.75732422 5882.80615234 4.65315818787
1478869520674 lifecam22 2568.44262695 5883.70263672 4.65729618073
1478869520740 lifecam22 2561.61181641 5883.17578125 4.65776062012
1478869520937 lifecam22 2541.23266602 5882.56347656 4.6609044075
1478869521009 lifecam22 2534.04321289 5882.91308594 4.65902328491
1478869521075 lifecam22 2526.90698242 5881.27978516 4.65442228317
1478869521134 lifecam22 2521.06347656 5882.56103516 4.66113948822
1478869521207 lifecam22 2513.78076172 5880.86523438 4.64885950089
1478869521407 lifecam22 2493.83154297 5882.02587891 4.66011571884
1478869521476 lifecam22 2487.12329102 5882.17675781 4.65925168991
1478869521540 lifecam22 2481.09448242 5882.73291016 4.66353702545
1478869521601 lifecam22 2474.51513672 5882.828125 4.6659617424
1478869521675 lifecam22 2467.78979492 5882.39648438 4.66340589523
1478869521875 lifecam22 2449.16040039 5884.04003906 4.67731904984
1478869521944 lifecam22 2442.04589844 5883.8125 4.67764520645
1478869522006 lifecam22 2436.33740234 5883.51708984 4.67694282532
1478869522070 lifecam22 2429.44067383 5883.73046875 4.67519569397
1478869522140 lifecam22 2421.55224609 5882.64648438 4.67109489441
1478869522341 lifecam22 2402.04125977 5883.921875 4.67916870117
1478869522411 lifecam22 2395.04150391 5883.921875 4.67916822433
1478869522470 lifecam22 2387.68017578 5882.54394531 4.67478704453
1478869522543 lifecam22 2380.72753906 5882.84960938 4.67272853851
1478869522609 lifecam22 2372.58618164 5880.83984375 4.66390228271
1478869522741 lifecam22 2358.88256836 5880.20068359 4.6606297493
1478869522808 lifecam22 2351.74707031 5879.12451172 4.65850877762
1478869522874 lifecam22 2344.93676758 5879.50146484 4.65701293945
1478869522942 lifecam22 2338.08740234 5878.55712891 4.65874910355
1478869523008 lifecam22 2331.57714844 5879.38525391 4.66048288345
1478869523073 lifecam22 2324.1887207 5878.16308594 4.65499973297
1478869523213 lifecam22 2310.77246094 5878.57519531 4.66197681427
1478869523275 lifecam22 2303.47387695 5877.94384766 4.65835380554
1478869523343 lifecam22 2297.47802734 5878.29296875 4.66099500656
1478869523410 lifecam22 2292.42773438 5878.44824219 4.66343069077
1478869523477 lifecam22 2285.65551758 5878.53271484 4.66542482376
1478869523679 lifecam22 2268.41040039 5879.29101562 4.68143606186
1478869523742 lifecam22 2262.05761719 5880.45605469 4.68722057343
1478869523807 lifecam22 2254.73706055 5879.21533203 4.68437623978
1478869523877 lifecam22 2247.78857422 5878.86767578 4.68483304977
1478869523945 lifecam22 2240.9140625 5878.57910156 4.68594694138
1478869524145 lifecam22 2220.26000977 5878.09765625 4.68901777267
1478869524205 lifecam22 2213.35058594 5878.04003906 4.68982219696
1478869524274 lifecam22 2206.3503418 5878.04003906 4.68982076645
1478869524342 lifecam22 2199.60546875 5878.00585938 4.69209384918
1478869524409 lifecam22 2192.49584961 5878.046875 4.69111728668
1478869524610 lifecam22 2172.36352539 5877.33447266 4.69262838364
1478869524678 lifecam22 2166.03686523 5876.84716797 4.69520998001
1478869524744 lifecam22 2158.76757812 5876.61865234 4.69043540955
1478869524812 lifecam22 2151.68286133 5875.73876953 4.68846130371
1478869524876 lifecam22 2144.72094727 5875.62353516 4.68510246277
1478869525014 lifecam22 2130.12036133 5874.32421875 4.68090009689
1478869525076 lifecam22 2125.71899414 5875.07958984 4.6850271225
1478869525129 lifecam22 2120.14404297 5873.21142578 4.67995119095
1478869525212 lifecam22 2113.19116211 5873.26513672 4.68253803253
1478869525279 lifecam22 2108.29882812 5875.546875 4.69519138336
1478869525480 lifecam22 2087.07324219 5872.35302734 4.69072246552
1478869525548 lifecam22 2079.86816406 5871.51513672 4.68889904022
1478869525609 lifecam22 2072.9152832 5871.42578125 4.68931913376
1478869525681 lifecam22 2066.38793945 5871.04248047 4.69352817535
1478869525742 lifecam22 2059.38769531 5871.04248047 4.69352674484
1478869525952 lifecam22 2039.36779785 5871.16503906 4.69891214371
1478869526012 lifecam22 2033.32507324 5871.33300781 4.70870828629
1478869526079 lifecam22 2026.32507324 5871.33300781 4.70870828629
1478869526148 lifecam22 2019.67150879 5871.41162109 4.71062803268
1478869526214 lifecam22 2012.91516113 5871.52832031 4.71289014816
1478869526412 lifecam22 1991.80895996 5871.13867188 4.71060228348
1478869526476 lifecam22 1983.35534668 5866.88867188 4.69360256195
1478869526547 lifecam22 1975.90002441 5865.88818359 4.69099903107
1478869526614 lifecam22 1970.6697998 5866.25195312 4.69858789444
1478869526680 lifecam22 1965.08752441 5865.80566406 4.70340633392
1478869526880 lifecam22 1946.38562012 5865.60888672 4.71949195862
1478869526948 lifecam22 1941.27233887 5865.65527344 4.72010326385
1478869527019 lifecam22 1934.20654297 5866.13085938 4.72564411163
1478869527083 lifecam22 1928.2833252 5866.52197266 4.73031425476
1478869527144 lifecam22 1921.55444336 5865.65771484 4.72358036041
1478869527343 lifecam22 1900.53674316 5864.52832031 4.71289157867
1478869527414 lifecam22 1893.66101074 5864.76611328 4.71514749527
1478869527480 lifecam22 1886.76586914 5864.75048828 4.71610689163
1478869527547 lifecam22 1879.7265625 5863.4609375 4.71694898605
1478869527617 lifecam22 1872.78857422 5863.96386719 4.71627902985
1478869527748 lifecam22 1857.6829834 5857.42724609 4.70300722122
1478869527817 lifecam22 1851.21154785 5859.36914062 4.70777606964
1478869527886 lifecam22 1844.4510498 5857.32324219 4.70862579346
1478869527948 lifecam22 1837.67175293 5857.41162109 4.71062803268
1478869528017 lifecam22 1830.91503906 5857.52832031 4.71288824081
1478869528216 lifecam22 1811.53442383 5858.35888672 4.72076272964
1478869528281 lifecam22 1804.91308594 5858.57666016 4.72281694412
1478869528351 lifecam22 1798.06005859 5858.33642578 4.7241973877
1478869528418 lifecam22 1792.17919922 5857.25927734 4.72889995575
1478869528483 lifecam22 1785.4473877 5857.953125 4.73283243179
1478869528683 lifecam22 1782.68139648 5854.72119141 4.72116851807
1478869528749 lifecam22 1783.48291016 5853.734375 4.71659517288
1478869528817 lifecam22 1782.32519531 5854.86914062 4.71764183044
1478869528887 lifecam22 1783.61450195 5854.96875 4.72275972366
1478869528953 lifecam22 1782.76708984 5854.89257812 4.72144460678
1478869529151 lifecam22 1783.02636719 5854.82275391 4.72031450272
1478869529220 lifecam22 1782.57214355 5854.29003906 4.7161283493
1478869529280 lifecam22 1782.59875488 5854.98730469 4.71860647202
1478869529348 lifecam22 1783.06347656 5854.88769531 4.72065877914
1478869529415 lifecam22 1783.26013184 5854.79296875 4.72096729279
1478869529550 lifecam22 1782.10400391 5854.21386719 4.71460771561
