1478870093162 lifecam22 3195.45043945 5860.35449219 4.61465358734
1478870093224 lifecam22 3195.1940918 5860.40576172 4.61359024048
1478870093432 lifecam22 3195.1940918 5860.40576172 4.61359024048
1478870093498 lifecam22 3195.11499023 5860.21923828 4.61302709579
1478870093628 lifecam22 3194.86230469 5860.14697266 4.61208057404
1478870093699 lifecam22 3195.42700195 5860.21484375 4.61331176758
1478870093898 lifecam22 3195.171875 5860.26611328 4.61225128174
1478870093953 lifecam22 3195.78198242 5860.49169922 4.61500787735
1478870094026 lifecam22 3195.52905273 5860.54150391 4.61521530151
1478870094088 lifecam22 3195.42700195 5860.21484375 4.61331176758
1478870094163 lifecam22 3195.29638672 5860.49511719 4.61341047287
1478870094349 lifecam22 3195.29638672 5860.49511719 4.61341047287
1478870094423 lifecam22 3195.52905273 5860.54150391 4.61521530151
1478870094487 lifecam22 3194.96826172 5860.36767578 4.61187410355
1478870094564 lifecam22 3195.52905273 5860.54150391 4.61521530151
1478870094632 lifecam22 3195.08544922 5860.58740234 4.61380577087
1478870094833 lifecam22 3195.1940918 5860.40576172 4.61359024048
1478870094902 lifecam22 3194.84082031 5860.390625 4.61168766022
1478870094967 lifecam22 3195.50683594 5860.40136719 4.61387443542
1478870095031 lifecam22 3195.44702148 5860.35644531 4.6133852005
1478870095096 lifecam22 3195.52905273 5860.54150391 4.61521530151
1478870095237 lifecam22 3195.93676758 5861.01123047 4.61367177963
1478870095301 lifecam22 3196.21411133 5861.46826172 4.61576318741
1478870095357 lifecam22 3194.85522461 5859.90380859 4.61094522476
1478870095428 lifecam22 3194.93603516 5860.45898438 4.61382389069
1478870095498 lifecam22 3195.52905273 5860.54150391 4.61521530151
1478870095706 lifecam22 3180.44824219 5863.31347656 4.63250732422
1478870095772 lifecam22 3174.73095703 5861.99169922 4.62252283096
1478870095837 lifecam22 3167.12792969 5862.16845703 4.62227725983
1478870095897 lifecam22 3160.14990234 5862.15039062 4.6261177063
1478870095960 lifecam22 3154.6484375 5862.57275391 4.62383699417
1478870096230 lifecam22 3127.47045898 5862.71435547 4.62708330154
1478870096296 lifecam22 3121.35009766 5863.41748047 4.62933826447
1478870096365 lifecam22 3114.50317383 5863.14941406 4.63072013855
1478870096435 lifecam22 3107.49609375 5863.41601562 4.63066864014
1478870096500 lifecam22 3100.47290039 5863.65673828 4.63030862808
1478870096630 lifecam22 3088.26220703 5864.21972656 4.63661241531
1478870096694 lifecam22 3081.56176758 5864.35839844 4.63679456711
1478870096770 lifecam22 3074.67504883 5864.32519531 4.63659095764
1478870096838 lifecam22 3068.84619141 5865.63769531 4.64178752899
1478870096903 lifecam22 3061.6784668 5865.29931641 4.64134645462
1478870097172 lifecam22 3034.93554688 5865.01220703 4.63808012009
1478870097227 lifecam22 3028.47924805 5864.90673828 4.64022493362
1478870097303 lifecam22 3020.85253906 5864.9375 4.63864088058
1478870097371 lifecam22 3015.50634766 5866.18408203 4.64515590668
1478870097433 lifecam22 3008.43676758 5866.00585938 4.64343976974
1478870097573 lifecam22 2997.5078125 5867.4921875 4.65832901001
1478870097625 lifecam22 2989.01831055 5866.15820312 4.64609909058
1478870097695 lifecam22 2983.16772461 5866.79101562 4.64885377884
1478870097772 lifecam22 2975.60571289 5865.35400391 4.64322137833
1478870097835 lifecam22 2969.13623047 5866.74560547 4.6487288475
1478870098033 lifecam22 2949.3737793 5865.21484375 4.64148235321
1478870098099 lifecam22 2942.16870117 5865.03710938 4.64107322693
1478870098236 lifecam22 2928.9362793 5865.81298828 4.64494276047
1478870098300 lifecam22 2922.52148438 5866.52294922 4.64944171906
1478870098500 lifecam22 2902.88061523 5867.70947266 4.65599250793
1478870098564 lifecam22 2895.95898438 5867.64599609 4.65542650223
1478870098637 lifecam22 2889.25756836 5868.0078125 4.6578874588
1478870098705 lifecam22 2882.7265625 5868.16943359 4.65967321396
1478870098771 lifecam22 2876.56445312 5868.56494141 4.66387462616
1478870098968 lifecam22 2856.76074219 5867.78564453 4.66180515289
1478870099029 lifecam22 2850.4284668 5868.10839844 4.66522264481
1478870099095 lifecam22 2843.79345703 5868.29785156 4.66843080521
1478870099171 lifecam22 2836.97070312 5868.77880859 4.66746330261
1478870099232 lifecam22 2830.30200195 5868.93310547 4.66908025742
1478870099440 lifecam22 2809.24926758 5867.41357422 4.66237068176
1478870099497 lifecam22 2802.86914062 5867.93261719 4.66643857956
1478870099573 lifecam22 2796.21850586 5867.70849609 4.66433143616
1478870099637 lifecam22 2788.90771484 5866.14892578 4.65573072433
1478870099705 lifecam22 2782.91992188 5866.73925781 4.65556383133
1478870099906 lifecam22 2762.31542969 5865.88134766 4.65434408188
1478870099972 lifecam22 2755.22167969 5865.52587891 4.65495681763
1478870100032 lifecam22 2750.57910156 5867.41894531 4.66636562347
1478870100105 lifecam22 2741.62109375 5865.74169922 4.65584278107
1478870100172 lifecam22 2735.4675293 5865.36621094 4.65679883957
1478870100377 lifecam22 2716.32006836 5866.66455078 4.66667461395
1478870100435 lifecam22 2709.73706055 5867.25097656 4.67173147202
1478870100492 lifecam22 2702.35742188 5865.49169922 4.66719150543
1478870100567 lifecam22 2696.54248047 5866.59814453 4.67207479477
1478870100631 lifecam22 2689.47363281 5865.75048828 4.67162656784
1478870100840 lifecam22 2669.11523438 5865.42236328 4.6741809845
1478870100905 lifecam22 2662.0090332 5865.85742188 4.67309856415
1478870100970 lifecam22 2656.04223633 5866.24951172 4.67994689941
1478870101030 lifecam22 2648.45141602 5865.04394531 4.67603731155
1478870101102 lifecam22 2641.98193359 5865.58398438 4.67599248886
1478870101301 lifecam22 2621.65454102 5863.78271484 4.68065023422
1478870101367 lifecam22 2614.77563477 5863.30761719 4.67747831345
1478870101429 lifecam22 2608.32299805 5863.43798828 4.67744970322
1478870101499 lifecam22 2601.07617188 5863.28515625 4.67859888077
1478870101557 lifecam22 2595.40600586 5863.37011719 4.67363262177
1478870101769 lifecam22 2574.24926758 5862.92919922 4.67957639694
1478870101840 lifecam22 2568.22314453 5862.99902344 4.68065404892
1478870101910 lifecam22 2562.9921875 5863.82617188 4.6892414093
1478870101967 lifecam22 2556.60546875 5864.00537109 4.69209289551
1478870102040 lifecam22 2549.89916992 5864.0078125 4.69471597672
1478870102241 lifecam22 2529.47802734 5864.10302734 4.69990348816
1478870102305 lifecam22 2522.39819336 5864.05664062 4.69918584824
1478870102367 lifecam22 2516.15234375 5864.18505859 4.70471191406
1478870102435 lifecam22 2509.39306641 5864.26220703 4.70689058304
1478870102506 lifecam22 2502.38256836 5863.62304688 4.70314216614
1478870102706 lifecam22 2479.58691406 5860.12548828 4.68658161163
1478870102776 lifecam22 2473.60375977 5861.96044922 4.69372749329
1478870102844 lifecam22 2465.39697266 5858.51806641 4.67481088638
1478870102910 lifecam22 2459.28808594 5859.09082031 4.67972230911
1478870103113 lifecam22 2440.33569336 5857.97265625 4.68861150742
1478870103174 lifecam22 2433.34814453 5857.31201172 4.68871974945
1478870103245 lifecam22 2426.67041016 5857.05273438 4.69158887863
1478870103303 lifecam22 2423.04907227 5857.74121094 4.69867134094
1478870103374 lifecam22 2416.59326172 5857.70019531 4.7024679184
1478870103578 lifecam22 2397.73071289 5858.59912109 4.72176456451
1478870103646 lifecam22 2390.73071289 5858.03662109 4.71650791168
1478870103705 lifecam22 2383.67163086 5857.41162109 4.71062755585
1478870103773 lifecam22 2377.03930664 5857.76611328 4.71514844894
1478870103841 lifecam22 2369.91503906 5857.52832031 4.71288871765
1478870104041 lifecam22 2349.03930664 5857.76611328 4.71514844894
1478870104113 lifecam22 2341.45263672 5856.55273438 4.70869398117
1478870104179 lifecam22 2333.68408203 5854.61083984 4.70175600052
1478870104243 lifecam22 2325.48754883 5850.70947266 4.69104290009
1478870104310 lifecam22 2318.41674805 5850.78369141 4.69041204453
1478870104505 lifecam22 2297.84521484 5850.11865234 4.69423484802
1478870104576 lifecam22 2292.45410156 5850.33154297 4.70870637894
1478870104648 lifecam22 2285.72509766 5850.45117188 4.70984315872
1478870104716 lifecam22 2278.65234375 5850.39941406 4.71051549911
1478870104784 lifecam22 2272.78100586 5850.98583984 4.71723461151
1478870104977 lifecam22 2257.34667969 5852.61914062 4.73258543015
1478870105050 lifecam22 2250.32128906 5852.02441406 4.72938108444
1478870105115 lifecam22 2243.88110352 5851.32275391 4.73123073578
1478870105170 lifecam22 2236.64013672 5849.89355469 4.72642707825
1478870105250 lifecam22 2228.29736328 5845.84423828 4.71251773834
1478870105445 lifecam22 2209.17138672 5845.02832031 4.72603797913
1478870105516 lifecam22 2201.67138672 5843.41113281 4.71062850952
1478870105580 lifecam22 2195.25976562 5844.88867188 4.7257475853
1478870105648 lifecam22 2187.99560547 5843.72705078 4.71477365494
1478870105718 lifecam22 2180.99560547 5843.7265625 4.71477413177
1478870105915 lifecam22 2159.9152832 5843.52880859 4.712890625
1478870105982 lifecam22 2153.23217773 5843.44726562 4.71577453613
1478870106047 lifecam22 2146.32788086 5843.00146484 4.71664810181
1478870106114 lifecam22 2139.22338867 5841.05419922 4.71671819687
1478870106183 lifecam22 2132.65039062 5840.88037109 4.71907281876
1478870106388 lifecam22 2114.98901367 5839.47460938 4.73467874527
1478870106442 lifecam22 2107.51806641 5838.50097656 4.73148155212
1478870106519 lifecam22 2101.68994141 5839.15429688 4.73756599426
1478870106576 lifecam22 2094.92285156 5839.22851562 4.73825645447
1478870106635 lifecam22 2088.60644531 5839.35742188 4.74067926407
1478870106854 lifecam22 2069.64599609 5838.6953125 4.74425172806
1478870106912 lifecam22 2063.62646484 5838.08007812 4.75608444214
1478870106975 lifecam22 2056.92797852 5835.13427734 4.74889278412
1478870107042 lifecam22 2050.01098633 5836.39550781 4.75688505173
1478870107113 lifecam22 2041.11730957 5832.06835938 4.73676967621
1478870107319 lifecam22 2020.21594238 5831.36279297 4.73019170761
1478870107386 lifecam22 2013.56213379 5830.63671875 4.72338008881
1478870107454 lifecam22 2006.43640137 5831.17822266 4.72846317291
1478870107508 lifecam22 2000.62878418 5830.80371094 4.72975492477
1478870107572 lifecam22 1994.35778809 5830.98193359 4.7350320816
1478870107779 lifecam22 1976.54296875 5828.75 4.75370454788
1478870107854 lifecam22 1967.00683594 5824.63525391 4.73076438904
1478870107908 lifecam22 1960.74121094 5826.48925781 4.74157714844
1478870107972 lifecam22 1952.96679688 5824.21679688 4.72882652283
1478870108052 lifecam22 1947.66809082 5825.10498047 4.73711156845
1478870108251 lifecam22 1928.42687988 5825.45751953 4.75040531158
1478870108319 lifecam22 1923.5904541 5824.56347656 4.76580238342
1478870108387 lifecam22 1916.82409668 5823.72412109 4.76669311523
1478870108453 lifecam22 1909.97717285 5823.17822266 4.7652554512
1478870108518 lifecam22 1901.29003906 5819.29931641 4.74578809738
1478870108722 lifecam22 1879.77111816 5818.42236328 4.74005317688
1478870108779 lifecam22 1874.01611328 5818.83740234 4.75043773651
1478870108854 lifecam22 1868.48840332 5818.62207031 4.76390743256
1478870108911 lifecam22 1862.54284668 5818.77734375 4.7692937851
1478870108986 lifecam22 1855.1126709 5817.69384766 4.76756572723
1478870109186 lifecam22 1834.76049805 5815.78759766 4.76338243484
1478870109249 lifecam22 1828.22290039 5815.52001953 4.76480054855
1478870109319 lifecam22 1820.72253418 5812.39550781 4.75038099289
1478870109388 lifecam22 1814.79919434 5811.40087891 4.75058794022
1478870109443 lifecam22 1808.81384277 5811.72314453 4.75708580017
1478870109654 lifecam22 1789.42858887 5809.99316406 4.76823568344
1478870109723 lifecam22 1789.92272949 5809.52978516 4.76737785339
1478870109792 lifecam22 1790.46643066 5809.66992188 4.76593446732
1478870109851 lifecam22 1790.06872559 5809.96826172 4.76892662048
1478870109920 lifecam22 1790.44226074 5810.08642578 4.76986026764
1478870110059 lifecam22 1790.20788574 5809.97460938 4.76892280579
1478870110126 lifecam22 1790.20788574 5809.97460938 4.76892280579
1478870110178 lifecam22 1790.20788574 5809.97460938 4.76892280579
1478870110250 lifecam22 1790.37402344 5809.86425781 4.76780796051
1478870110318 lifecam22 1790.13916016 5809.75292969 4.76686954498
1478870110529 lifecam22 1790.20788574 5809.97460938 4.76892280579
1478870110585 lifecam22 1790.37402344 5809.86425781 4.76780796051
1478870110655 lifecam22 1790.20788574 5809.97460938 4.76892280579
1478870110726 lifecam22 1790.37402344 5809.86425781 4.76780796051
1478870110796 lifecam22 1790.31970215 5809.80126953 4.76723957062
1478870111054 lifecam22 1790.30322266 5810.08007812 4.76986503601
1478870111116 lifecam22 1790.20788574 5809.97460938 4.76892280579
1478870111180 lifecam22 1790.20788574 5809.97460938 4.76892280579
1478870111254 lifecam22 1790.44226074 5810.08642578 4.76986026764
1478870111324 lifecam22 1790.20788574 5809.97460938 4.76892280579
1478870111464 lifecam22 1790.13916016 5809.75292969 4.76686954498
1478870111522 lifecam22 1790.13916016 5809.75292969 4.76686954498
1478870111591 lifecam22 1790.20788574 5809.97460938 4.76892280579
1478870111663 lifecam22 1790.20788574 5809.97460938 4.76892280579
1478870111711 lifecam22 1790.20788574 5809.97460938 4.76892280579
