1478869403952 lifecam22 3189.09204102 5860.03417969 4.59146690369
1478869404033 lifecam22 3189.57177734 5860.27050781 4.59562635422
1478869404084 lifecam22 3189.30175781 5859.92529297 4.59470319748
1478869404224 lifecam22 3189.32519531 5860.21582031 4.59222078323
1478869404282 lifecam22 3189.53613281 5860.48974609 4.59637117386
1478869404359 lifecam22 3189.51513672 5860.35742188 4.59504318237
1478869404419 lifecam22 3189.44750977 5860.30078125 4.59449291229
1478869404497 lifecam22 3189.57177734 5860.27050781 4.59562635422
1478869404627 lifecam22 3189.53613281 5860.48974609 4.59637117386
1478869404696 lifecam22 3189.390625 5860.38720703 4.59390926361
1478869404758 lifecam22 3189.57177734 5860.27050781 4.59562635422
1478869404824 lifecam22 3189.390625 5860.38720703 4.59390926361
1478869404897 lifecam22 3189.57177734 5860.27050781 4.59562635422
1478869405093 lifecam22 3189.21411133 5860.11669922 4.59373140335
1478869405158 lifecam22 3189.390625 5860.38720703 4.59390926361
1478869405231 lifecam22 3189.66137695 5860.45898438 4.59750461578
1478869405296 lifecam22 3189.15844727 5860.20361328 4.59314870834
1478869405494 lifecam22 3189.44750977 5860.30078125 4.59449291229
1478869405563 lifecam22 3189.44750977 5860.30078125 4.59449291229
1478869405620 lifecam22 3189.21411133 5860.11669922 4.59373140335
1478869405697 lifecam22 3189.31933594 5860.08007812 4.59355306625
1478869405759 lifecam22 3189.57177734 5860.27050781 4.59562635422
1478869405895 lifecam22 3189.01757812 5859.72705078 4.59110307693
1478869405967 lifecam22 3189.58935547 5860.10253906 4.5928196907
1478869406028 lifecam22 3189.89697266 5860.09082031 4.5943403244
1478869406087 lifecam22 3189.77368164 5860.11962891 4.59320831299
1478869406167 lifecam22 3190.49560547 5860.54589844 4.59678936005
1478869406363 lifecam22 3189.71777344 5860.20605469 4.59262704849
1478869406426 lifecam22 3191.5402832 5860.20263672 4.597697258
1478869406496 lifecam22 3191.30712891 5860.171875 4.59564685822
1478869406564 lifecam22 3192.14892578 5860.71435547 4.60198068619
1478869406635 lifecam22 3192.6953125 5860.93310547 4.60418128967
1478869406755 lifecam22 3193.39770508 5861.75927734 4.60082101822
1478869406827 lifecam22 3194.13916016 5861.44189453 4.60132312775
1478869406901 lifecam22 3194.70849609 5861.87304688 4.60084581375
1478869406967 lifecam22 3194.52490234 5861.35693359 4.60215044022
1478869407023 lifecam22 3193.00341797 5861.83544922 4.60480737686
1478869407168 lifecam22 3190.48022461 5861.73876953 4.60651254654
1478869407225 lifecam22 3176.00854492 5859.68701172 4.58945178986
1478869407285 lifecam22 3168.91235352 5858.66503906 4.58144903183
1478869407363 lifecam22 3167.14746094 5862.26513672 4.59417819977
1478869407431 lifecam22 3157.9987793 5862.36328125 4.5968208313
1478869407628 lifecam22 3138.19824219 5864.06445312 4.60216999054
1478869407699 lifecam22 3132.63476562 5865.32275391 4.60781955719
1478869407762 lifecam22 3125.77050781 5865.07470703 4.60571670532
1478869407826 lifecam22 3118.57983398 5864.79980469 4.60163545609
1478869407900 lifecam22 3113.62988281 5865.74365234 4.60889577866
1478869408099 lifecam22 3092.80200195 5866.63476562 4.60975503922
1478869408176 lifecam22 3085.12280273 5866.88720703 4.60733032227
1478869408239 lifecam22 3080.3840332 5868.53417969 4.61796283722
1478869408305 lifecam22 3072.41333008 5867.14355469 4.61100149155
1478869408365 lifecam22 3066.50585938 5868.54150391 4.61496067047
1478869408491 lifecam22 3052.88769531 5868.01171875 4.61322259903
1478869408568 lifecam22 3046.37231445 5868.90869141 4.61550331116
1478869408629 lifecam22 3039.19555664 5867.60742188 4.60836553574
1478869408686 lifecam22 3032.83032227 5868.78125 4.61082601547
1478869408765 lifecam22 3026.0871582 5868.22949219 4.60705566406
1478869408901 lifecam22 3012.88598633 5869.47998047 4.61332035065
1478869408962 lifecam22 3006.87451172 5869.61181641 4.61558151245
1478869409037 lifecam22 2998.8815918 5870.12744141 4.61137914658
1478869409100 lifecam22 2992.51586914 5870.36425781 4.61156272888
1478869409165 lifecam22 2985.93164062 5869.80224609 4.60966157913
1478869409298 lifecam22 2973.65356445 5871.41992188 4.61613321304
1478869409367 lifecam22 2967.86987305 5872.83447266 4.62250900269
1478869409421 lifecam22 2960.79980469 5872.74316406 4.61905956268
1478869409504 lifecam22 2954.43725586 5872.99023438 4.62202692032
1478869409553 lifecam22 2947.75610352 5873.48339844 4.62047243118
1478869409706 lifecam22 2933.93359375 5873.47460938 4.62203025818
1478869409770 lifecam22 2927.32543945 5874.12207031 4.62069177628
1478869409832 lifecam22 2920.22167969 5873.96044922 4.62302923203
1478869409903 lifecam22 2913.63818359 5874.93896484 4.626121521
1478869409972 lifecam22 2906.99023438 5875.47705078 4.62767982483
1478869410038 lifecam22 2899.58569336 5874.76904297 4.62575483322
1478869410171 lifecam22 2885.52148438 5874.28759766 4.62230682373
1478869410242 lifecam22 2880.28808594 5876.16308594 4.63127756119
1478869410305 lifecam22 2872.64990234 5874.61914062 4.62657976151
1478869410372 lifecam22 2866.45361328 5875.26464844 4.63094758987
1478869410439 lifecam22 2861.22949219 5876.40332031 4.63561868668
1478869410569 lifecam22 2847.60253906 5876.17626953 4.63247823715
1478869410633 lifecam22 2840.72998047 5876.14501953 4.63364696503
1478869410703 lifecam22 2834.14819336 5876.38867188 4.63450860977
1478869410774 lifecam22 2827.66162109 5877.0703125 4.63759613037
1478869410840 lifecam22 2820.64135742 5876.65820312 4.63627433777
1478869411039 lifecam22 2802.08544922 5877.35498047 4.63949584961
1478869411106 lifecam22 2794.41650391 5877.45654297 4.63646411896
1478869411163 lifecam22 2788.44165039 5878.03613281 4.64104604721
1478869411227 lifecam22 2781.37255859 5877.98535156 4.63912963867
1478869411308 lifecam22 2775.14526367 5878.21191406 4.64191293716
1478869411444 lifecam22 2761.49804688 5877.70849609 4.63977384567
1478869411508 lifecam22 2754.26757812 5877.78564453 4.63901758194
1478869411567 lifecam22 2339.58935547 6715.92285156 0.444369405508
1478869411629 lifecam22 2339.88720703 6715.83691406 0.44706466794
1478869411695 lifecam22 2734.37426758 5878.15673828 4.64341545105
1478869411771 lifecam22 2727.07299805 5877.87060547 4.63912630081
1478869411905 lifecam22 2713.95849609 5878.17089844 4.64403867722
1478869411968 lifecam22 2708.13769531 5878.89599609 4.64788103104
1478869412022 lifecam22 2700.99804688 5878.35742188 4.64647722244
1478869412105 lifecam22 2694.75366211 5878.6640625 4.64877986908
1478869412166 lifecam22 2339.84228516 6715.609375 0.460162311792
1478869412311 lifecam22 2674.03491211 5878.68017578 4.6478562355
1478869412365 lifecam22 2666.36816406 5878.03710938 4.64498567581
1478869412439 lifecam22 2660.03466797 5878.68017578 4.6478562355
1478869412496 lifecam22 2340.22045898 6715.53955078 0.442327409983
1478869412573 lifecam22 2339.58740234 6717.01074219 0.413255125284
1478869412705 lifecam22 2633.44921875 5878.24169922 4.65116834641
1478869412771 lifecam22 2340.59375 6716.37011719 0.440460175276
1478869412839 lifecam22 2621.00610352 5879.22119141 4.65757846832
1478869412900 lifecam22 2340.12304688 6716.46582031 0.433285862207
1478869412965 lifecam22 2340.62841797 6716.29833984 0.436997264624
1478869413169 lifecam22 2587.3671875 5879.54931641 4.66301870346
1478869413240 lifecam22 2340.29321289 6716.57177734 0.435456961393
1478869413303 lifecam22 2574.5859375 5879.63183594 4.66837453842
1478869413374 lifecam22 2340.6315918 6715.79882812 0.448198109865
1478869413439 lifecam22 2560.1652832 5879.10205078 4.66996240616
1478869413513 lifecam22 2340.3828125 6716.06152344 0.448591500521
1478869413579 lifecam22 2547.82421875 5879.12597656 4.67158699036
1478869413645 lifecam22 2339.99487305 6715.71289062 0.447812974453
1478869413694 lifecam22 2339.2878418 6716.15820312 0.445671856403
1478869413773 lifecam22 2527.14794922 5877.42919922 4.66719913483
1478869413909 lifecam22 2339.82543945 6715.66601562 0.444001615047
1478869413966 lifecam22 2506.45605469 5877.34960938 4.66617822647
1478869414043 lifecam22 2499.42456055 5876.77392578 4.66341924667
1478869414109 lifecam22 2340.3059082 6715.72900391 0.443414270878
1478869414176 lifecam22 2340.57836914 6715.81933594 0.448062479496
1478869414376 lifecam22 2338.99121094 6716.60253906 0.423585623503
1478869414432 lifecam22 2340.08178711 6716.1484375 0.45132368803
1478869414501 lifecam22 2340.66918945 6716.00976562 0.450491368771
1478869414576 lifecam22 2446.64355469 5876.93652344 4.67775964737
1478869414640 lifecam22 2439.72631836 5877.14453125 4.68099021912
1478869414777 lifecam22 2339.52392578 6715.90136719 0.445301711559
1478869414842 lifecam22 2422.2355957 5877.53808594 4.68620061874
1478869414916 lifecam22 2339.86743164 6715.87695312 0.449487864971
1478869414978 lifecam22 2339.35864258 6715.99902344 0.44404193759
1478869415050 lifecam22 2338.05395508 6716.26953125 0.426376909018
1478869415180 lifecam22 2339.09301758 6716.25830078 0.436533421278
1478869415232 lifecam22 2338.94116211 6716.66552734 0.430079996586
1478869415294 lifecam22 2375.12011719 5876.30273438 4.69669628143
1478869415377 lifecam22 2338.93603516 6715.81396484 0.437870085239
1478869415446 lifecam22 2360.28759766 5874.64160156 4.68920850754
1478869415583 lifecam22 2346.22436523 5874.00097656 4.68870162964
1478869415649 lifecam22 2339.01147461 5873.39111328 4.68680953979
1478869415712 lifecam22 2332.19848633 5873.67529297 4.68709135056
1478869415780 lifecam22 2339.23608398 6715.58007812 0.451285541058
1478869415834 lifecam22 2317.95678711 5872.03515625 4.68632364273
1478869415982 lifecam22 2304.22827148 5871.0546875 4.68610095978
1478869416048 lifecam22 2297.2265625 5871.19384766 4.68740320206
1478869416105 lifecam22 2290.49389648 5870.6328125 4.68721103668
1478869416177 lifecam22 2283.4909668 5870.35693359 4.6845998764
1478869416243 lifecam22 2338.77441406 6714.359375 0.512393057346
1478869416451 lifecam22 2264.39672852 5873.06591797 4.72528266907
1478869416519 lifecam22 2257.47485352 5872.85546875 4.72303247452
1478869416583 lifecam22 2250.68530273 5872.40087891 4.7199139595
1478869416642 lifecam22 2243.70263672 5871.58105469 4.71222877502
1478869416703 lifecam22 2339.28320312 6715.11425781 0.460743248463
1478869416918 lifecam22 2215.67333984 5871.31982422 4.71203660965
1478869416978 lifecam22 2207.4074707 5869.81103516 4.70267343521
1478869417034 lifecam22 2338.52124023 6716.69482422 0.436276763678
1478869417108 lifecam22 2192.96948242 5867.98046875 4.69534349442
1478869417182 lifecam22 2185.36987305 5864.33886719 4.68999624252
1478869417317 lifecam22 2172.3984375 5864.05712891 4.69918632507
1478869417378 lifecam22 2165.99121094 5864.19384766 4.70451974869
1478869417446 lifecam22 2159.35400391 5864.25341797 4.70653486252
1478869417513 lifecam22 2152.65380859 5864.40039062 4.71052503586
1478869417578 lifecam22 2338.67749023 6714.13476562 0.510363638401
1478869417783 lifecam22 2125.28759766 5864.76660156 4.71515512466
1478869417845 lifecam22 2119.43017578 5865.42138672 4.7213511467
1478869417920 lifecam22 2112.39550781 5865.36035156 4.72077322006
1478869417982 lifecam22 2108.9831543 5866.99072266 4.73726987839
1478869418047 lifecam22 2100.74414062 5865.77246094 4.73468923569
1478869418176 lifecam22 2355.01342773 6761.19091797 5.17879533768
1478869418254 lifecam22 2338.05737305 6714.46826172 0.514424622059
1478869418319 lifecam22 2075.63232422 5860.29541016 4.72874975204
1478869418379 lifecam22 2068.90039062 5859.47558594 4.72907972336
1478869418443 lifecam22 2061.78491211 5858.17431641 4.71780109406
1478869418578 lifecam22 2047.78308105 5858.18212891 4.71908998489
1478869418646 lifecam22 2040.7208252 5857.98388672 4.71721506119
1478869418713 lifecam22 2033.78308105 5858.18212891 4.71908903122
1478869418785 lifecam22 2026.5369873 5857.52880859 4.71289205551
1478869418853 lifecam22 2019.53674316 5857.52880859 4.71289110184
1478869418979 lifecam22 2006.37609863 5857.45996094 4.7170882225
1478869419055 lifecam22 2338.7487793 6715.35839844 0.452112257481
1478869419108 lifecam22 1993.21936035 5854.72363281 4.72611713409
1478869419245 lifecam22 1979.16003418 5851.26806641 4.71873235703
1478869419306 lifecam22 2338.91040039 6715.62158203 0.450806558132
1478869419384 lifecam22 1966.07849121 5851.75830078 4.7245221138
1478869419447 lifecam22 2339.62402344 6715.43652344 0.455118596554
1478869419522 lifecam22 1951.70849609 5851.51806641 4.72226238251
1478869419588 lifecam22 1947.02905273 5852.43310547 4.7332906723
1478869419656 lifecam22 2339.06542969 6715.68457031 0.443367689848
1478869419779 lifecam22 1929.60583496 5853.53076172 4.75137329102
1478869419841 lifecam22 2339.28979492 6715.12890625 0.4560354352
1478869419919 lifecam22 2338.45263672 6715.5703125 0.467399448156
1478869419975 lifecam22 2339.14916992 6714.95507812 0.476276308298
1478869420042 lifecam22 1900.74597168 5846.80517578 4.74242353439
1478869420246 lifecam22 2338.87084961 6714.17236328 0.510409295559
1478869420316 lifecam22 1873.18505859 5845.64404297 4.73281860352
1478869420384 lifecam22 2339.24829102 6715.23583984 0.460242003202
1478869420448 lifecam22 2338.77978516 6715.99853516 0.437959879637
1478869420520 lifecam22 1853.79846191 5846.15136719 4.74712371826
1478869420655 lifecam22 1840.96984863 5843.59863281 4.75568008423
1478869420712 lifecam22 1831.87658691 5839.27636719 4.73381614685
1478869420770 lifecam22 2339.3659668 6715.16992188 0.470142632723
1478869420852 lifecam22 1818.66137695 5838.39111328 4.73045778275
1478869420924 lifecam22 1811.82653809 5837.98925781 4.72895812988
1478869421119 lifecam22 1794.88842773 5838.40722656 4.75385665894
1478869421191 lifecam22 1789.0994873 5838.02392578 4.76116371155
1478869421242 lifecam22 1784.53283691 5837.64453125 4.76679801941
1478869421311 lifecam22 1785.81140137 5837.19628906 4.76079845428
1478869421387 lifecam22 1784.73132324 5837.27832031 4.76460981369
1478869421581 lifecam22 1784.73596191 5836.59912109 4.75954341888
1478869421656 lifecam22 1784.83813477 5837.125 4.76311397552
1478869421717 lifecam22 1784.94152832 5837.11523438 4.76163625717
1478869421788 lifecam22 1784.83813477 5837.125 4.76311397552
1478869421847 lifecam22 1784.8527832 5837.00634766 4.76199150085
1478869421985 lifecam22 1785.33227539 5837.37158203 4.76388311386
1478869422049 lifecam22 1784.93945312 5837.11425781 4.76162958145
1478869422125 lifecam22 1785.37158203 5837.41308594 4.76427078247
1478869422196 lifecam22 1785.08337402 5837.67724609 4.76438951492
