1478870233180 lifecam22 3194.79956055 5859.45751953 4.61202383041
1478870233371 lifecam22 3194.98022461 5859.58789062 4.61354827881
1478870233448 lifecam22 3194.92480469 5859.41748047 4.6131772995
1478870233504 lifecam22 3194.79956055 5859.45751953 4.61202383041
1478870233573 lifecam22 3194.65942383 5859.20800781 4.6109161377
1478870233632 lifecam22 3194.79956055 5859.45751953 4.61202383041
1478870233845 lifecam22 3194.92480469 5859.41748047 4.6131772995
1478870233902 lifecam22 3194.85449219 5859.62744141 4.61239099503
1478870233982 lifecam22 3194.92480469 5859.41748047 4.6131772995
1478870234049 lifecam22 3194.79956055 5859.45751953 4.61202383041
1478870234114 lifecam22 3194.53369141 5859.36669922 4.61087226868
1478870234320 lifecam22 3194.94726562 5859.43408203 4.61336898804
1478870234371 lifecam22 3194.85449219 5859.62744141 4.61239099503
1478870234448 lifecam22 3194.92480469 5859.41748047 4.6131772995
1478870234516 lifecam22 3194.99316406 5859.46630859 4.61241674423
1478870234575 lifecam22 3195.24023438 5859.90576172 4.61563825607
1478870234787 lifecam22 3194.92480469 5859.41748047 4.6131772995
1478870234848 lifecam22 3194.79956055 5859.45751953 4.61202383041
1478870234906 lifecam22 3194.79956055 5859.45751953 4.61202383041
1478870234982 lifecam22 3194.98022461 5859.58789062 4.61354827881
1478870235044 lifecam22 3194.99316406 5859.46630859 4.61241674423
1478870235252 lifecam22 3194.9375 5859.29589844 4.6120467186
1478870235309 lifecam22 3195.12060547 5859.97998047 4.61450624466
1478870235377 lifecam22 3195.07739258 5859.28125 4.61205816269
1478870235447 lifecam22 3195.36572266 5859.39111328 4.61340141296
1478870235514 lifecam22 3195.74560547 5859.5546875 4.61534929276
1478870235717 lifecam22 3195.42138672 5859.56152344 4.61377096176
1478870235776 lifecam22 3195.92529297 5859.45214844 4.61321306229
1478870235841 lifecam22 3195.31274414 5859.60839844 4.61271619797
1478870235917 lifecam22 3195.42138672 5859.56152344 4.61377096176
1478870235976 lifecam22 3196.02001953 5859.52050781 4.61532402039
1478870236182 lifecam22 3196.9050293 5860.49365234 4.61869812012
1478870236242 lifecam22 3195.94506836 5860.23486328 4.61796569824
1478870236319 lifecam22 3195.70458984 5859.54980469 4.61396408081
1478870236383 lifecam22 3195.15551758 5859.61474609 4.61260414124
1478870236449 lifecam22 3194.50610352 5859.72607422 4.61433267593
1478870236590 lifecam22 3175.73608398 5857.30761719 4.59954357147
1478870236647 lifecam22 3171.10644531 5858.50390625 4.60777807236
1478870236726 lifecam22 3162.72583008 5858.44042969 4.6047873497
1478870236789 lifecam22 3157.14941406 5858.52441406 4.60548877716
1478870236853 lifecam22 3150.1237793 5858.61474609 4.60646343231
1478870237057 lifecam22 3130.57519531 5860.39697266 4.61066961288
1478870237123 lifecam22 3123.50512695 5860.74609375 4.61505937576
1478870237181 lifecam22 3116.76904297 5860.62744141 4.6130232811
1478870237254 lifecam22 3111.26831055 5861.74804688 4.61728286743
1478870237320 lifecam22 3104.1394043 5861.28466797 4.61395025253
1478870237523 lifecam22 3084.30566406 5862.69921875 4.6205534935
1478870237585 lifecam22 3078.01806641 5863.02294922 4.62169027328
1478870237655 lifecam22 3070.51660156 5863.15722656 4.61845254898
1478870237723 lifecam22 3064.4206543 5863.19433594 4.6212887764
1478870237792 lifecam22 3058.1003418 5863.35595703 4.62083005905
1478870237991 lifecam22 3036.92431641 5863.73974609 4.61775970459
1478870238045 lifecam22 3030.69897461 5864.52294922 4.62299585342
1478870238120 lifecam22 3023.62353516 5865.01074219 4.61845302582
1478870238187 lifecam22 3017.60595703 5864.67529297 4.620221138
1478870238252 lifecam22 3011.32641602 5865.78076172 4.62276124954
1478870238456 lifecam22 2990.92138672 5865.49902344 4.62072467804
1478870238516 lifecam22 2984.46923828 5864.08984375 4.61468553543
1478870238586 lifecam22 2978.75610352 5865.77587891 4.62112283707
1478870238658 lifecam22 2971.18994141 5864.79882812 4.61413049698
1478870238724 lifecam22 2965.04614258 5865.62207031 4.61997175217
1478870238910 lifecam22 2946.32373047 5868.42675781 4.63535928726
1478870238976 lifecam22 2938.53222656 5867.60449219 4.63085794449
1478870239046 lifecam22 2932.60449219 5867.703125 4.63276433945
1478870239115 lifecam22 2925.95629883 5868.36425781 4.63227796555
1478870239186 lifecam22 2918.85302734 5868.67626953 4.63363695145
1478870239383 lifecam22 2898.94995117 5868.97900391 4.63735389709
1478870239446 lifecam22 2892.36352539 5869.25732422 4.63534116745
1478870239524 lifecam22 2885.87890625 5869.484375 4.6377363205
1478870239585 lifecam22 2878.8203125 5868.68017578 4.63516044617
1478870239654 lifecam22 2872.25073242 5869.56054688 4.63743638992
1478870239845 lifecam22 2851.58349609 5870.20458984 4.63875722885
1478870239927 lifecam22 2844.62060547 5869.59179688 4.63938331604
1478870239980 lifecam22 2838.14428711 5870.30029297 4.63688707352
1478870240057 lifecam22 2831.62524414 5869.76953125 4.64009714127
1478870240117 lifecam22 2824.96972656 5870.30664062 4.63894176483
1478870240315 lifecam22 2806.84985352 5870.44335938 4.64779567719
1478870240384 lifecam22 2799.60205078 5870.02490234 4.64464950562
1478870240458 lifecam22 2792.55053711 5870.63232422 4.64395523071
1478870240524 lifecam22 2785.64160156 5870.57958984 4.64478683472
1478870240590 lifecam22 2779.26708984 5870.20898438 4.64818239212
1478870240782 lifecam22 2758.75170898 5871.13769531 4.65096330643
1478870240856 lifecam22 2752.62207031 5870.86230469 4.64796304703
1478870240916 lifecam22 2745.67089844 5870.9296875 4.65094804764
1478870240985 lifecam22 2739.49926758 5871.53710938 4.65465354919
1478870241058 lifecam22 2733.06396484 5871.58837891 4.65569162369
1478870241190 lifecam22 2719.46557617 5870.91748047 4.64757633209
1478870241256 lifecam22 2712.46069336 5870.65527344 4.64897966385
1478870241327 lifecam22 2705.83740234 5870.71337891 4.64834356308
1478870241382 lifecam22 2699.60961914 5871.20898438 4.65230464935
1478870241458 lifecam22 2691.60009766 5870.51171875 4.64895677567
1478870241727 lifecam22 2665.91259766 5871.46972656 4.65835523605
1478870241783 lifecam22 2658.87866211 5870.61816406 4.65956783295
1478870241850 lifecam22 2652.28320312 5871.36621094 4.65891313553
1478870241930 lifecam22 2646.04711914 5870.38330078 4.66255807877
1478870242127 lifecam22 2625.19726562 5870.12060547 4.66274547577
1478870242193 lifecam22 2619.00976562 5870.1171875 4.66068744659
1478870242251 lifecam22 2611.04663086 5869.9921875 4.66020584106
1478870242327 lifecam22 2604.50024414 5870.29345703 4.66200733185
1478870242395 lifecam22 2597.34667969 5869.93212891 4.6610121727
1478870242590 lifecam22 2577.58642578 5870.43701172 4.66894483566
1478870242649 lifecam22 2571.12768555 5870.17041016 4.66922473907
1478870242729 lifecam22 2564.46435547 5870.08935547 4.668592453
1478870242795 lifecam22 2557.67138672 5870.25 4.67019844055
1478870242847 lifecam22 2551.60693359 5870.42919922 4.67343425751
1478870243046 lifecam22 2532.55810547 5869.69921875 4.67635679245
1478870243128 lifecam22 2526.29101562 5869.93554688 4.68007993698
1478870243191 lifecam22 2519.87329102 5870.16455078 4.68250417709
1478870243261 lifecam22 2513.07495117 5870.31835938 4.68288946152
1478870243329 lifecam22 2506.66479492 5870.56201172 4.68661117554
1478870243529 lifecam22 2486.77050781 5871.03222656 4.69356632233
1478870243592 lifecam22 2479.89892578 5871.0078125 4.69471645355
1478870243668 lifecam22 2473.54858398 5870.21533203 4.70053958893
1478870243720 lifecam22 2466.80737305 5871.14355469 4.7028670311
1478870243805 lifecam22 2458.80834961 5868.40966797 4.69019079208
1478870244059 lifecam22 2429.91259766 5865.97705078 4.6749830246
1478870244130 lifecam22 2423.02148438 5865.37255859 4.67443418503
1478870244196 lifecam22 2415.85351562 5865.5234375 4.67461395264
1478870244262 lifecam22 2408.88085938 5865.14306641 4.67222881317
1478870244398 lifecam22 2396.70922852 5864.77246094 4.67702293396
1478870244464 lifecam22 2390.09521484 5864.83251953 4.67770910263
1478870244523 lifecam22 2384.0456543 5865.28417969 4.68603563309
1478870244598 lifecam22 2375.81835938 5864.13525391 4.67878580093
1478870244668 lifecam22 2370.83129883 5864.25830078 4.68819856644
1478870244860 lifecam22 2352.97265625 5864.06298828 4.69357013702
1478870244920 lifecam22 2346.38793945 5864.04248047 4.69352865219
1478870244989 lifecam22 2340.02734375 5864.21777344 4.6994304657
1478870245050 lifecam22 2332.70166016 5864.06347656 4.69633674622
1478870245129 lifecam22 2325.84765625 5864.0703125 4.69782209396
1478870245336 lifecam22 2306.21069336 5863.97705078 4.70645332336
1478870245399 lifecam22 2299.67163086 5864.41113281 4.71062898636
1478870245459 lifecam22 2291.96899414 5863.35888672 4.70427083969
1478870245531 lifecam22 2283.16186523 5859.65917969 4.68814373016
1478870245599 lifecam22 2276.3347168 5860.07421875 4.68967962265
1478870245794 lifecam22 2255.05200195 5857.71191406 4.68716812134
1478870245867 lifecam22 2248.30737305 5857.28662109 4.68943738937
1478870245930 lifecam22 2241.46850586 5857.15429688 4.69087028503
1478870245998 lifecam22 2234.93847656 5857.04150391 4.69506692886
1478870246065 lifecam22 2228.94946289 5857.28320312 4.70286655426
1478870246197 lifecam22 2216.93334961 5858.02246094 4.71407699585
1478870246268 lifecam22 2214.81420898 5859.72412109 4.73225545883
1478870246333 lifecam22 2206.10229492 5859.43701172 4.73088550568
1478870246398 lifecam22 2200.9152832 5859.76171875 4.73391675949
1478870246454 lifecam22 2195.02514648 5859.69384766 4.73328447342
1478870246667 lifecam22 2173.6965332 5857.92480469 4.71665382385
1478870246736 lifecam22 2166.35644531 5856.19189453 4.71258687973
1478870246806 lifecam22 2160.03564453 5858.15039062 4.72216415405
1478870246857 lifecam22 2151.55004883 5854.47265625 4.70890283585
1478870246933 lifecam22 2143.67041016 5851.48486328 4.6960568428
1478870247135 lifecam22 2124.29174805 5850.3125 4.7085146904
1478870247201 lifecam22 2117.91479492 5850.52880859 4.71288824081
1478870247256 lifecam22 2110.91479492 5850.52880859 4.71288824081
1478870247333 lifecam22 2103.91503906 5850.52880859 4.71288919449
1478870247399 lifecam22 2096.91479492 5850.52832031 4.71288967133
1478870247541 lifecam22 2082.91479492 5850.52832031 4.71288776398
1478870247603 lifecam22 2076.14501953 5850.49365234 4.71498441696
1478870247670 lifecam22 2069.7902832 5850.44580078 4.71946382523
1478870247744 lifecam22 2063.35864258 5848.32861328 4.72091722488
1478870247807 lifecam22 2058.3215332 5848.43310547 4.73373794556
1478870248061 lifecam22 2032.9552002 5846.421875 4.74004888535
1478870248129 lifecam22 2026.26696777 5846.46289062 4.74042367935
1478870248195 lifecam22 2019.71862793 5846.50537109 4.74081993103
1478870248269 lifecam22 2012.71862793 5846.50537109 4.7408208847
1478870248336 lifecam22 2006.18078613 5845.34033203 4.7299823761
1478870248531 lifecam22 1985.51281738 5845.70117188 4.74307584763
1478870248593 lifecam22 1979.40588379 5844.13574219 4.7470703125
1478870248675 lifecam22 1972.26489258 5842.07958984 4.73270988464
1478870248740 lifecam22 1963.98803711 5837.85791016 4.71974468231
1478870248806 lifecam22 1956.93347168 5837.19384766 4.71798706055
1478870248944 lifecam22 1942.78308105 5837.18164062 4.71908855438
1478870249000 lifecam22 1936.50183105 5837.43896484 4.72151279449
1478870249073 lifecam22 1930.39538574 5837.35986328 4.72077178955
1478870249138 lifecam22 1923.79052734 5837.53759766 4.72581768036
1478870249204 lifecam22 1917.96520996 5837.55273438 4.73115348816
1478870249407 lifecam22 1898.66796875 5835.21923828 4.7478055954
1478870249468 lifecam22 1892.10876465 5834.89892578 4.74919176102
1478870249535 lifecam22 1883.66320801 5831.47265625 4.73121833801
1478870249603 lifecam22 1877.42138672 5831.83496094 4.73460292816
1478870249676 lifecam22 1871.79553223 5832.40429688 4.7398815155
1478870249871 lifecam22 1851.78381348 5832.43115234 4.74497032166
1478870249926 lifecam22 1846.27209473 5832.53173828 4.75839948654
1478870249994 lifecam22 1840.59606934 5832.00488281 4.76694869995
1478870250064 lifecam22 1833.37976074 5831.13769531 4.76524734497
1478870250128 lifecam22 1825.70385742 5828.55957031 4.75756168365
1478870250333 lifecam22 1802.96435547 5825.26171875 4.73856544495
1478870250395 lifecam22 1795.83422852 5825.40332031 4.73987531662
1478870250474 lifecam22 1790.46057129 5825.31152344 4.74682617188
1478870250541 lifecam22 1785.20178223 5824.44140625 4.74148988724
1478870250608 lifecam22 1788.40270996 5825.32373047 4.74395704269
1478870250804 lifecam22 1787.90063477 5825.57519531 4.74753046036
1478870250878 lifecam22 1787.28063965 5825.33837891 4.74376916885
1478870250943 lifecam22 1787.34545898 5825.19287109 4.74449682236
1478870251012 lifecam22 1788.07324219 5825.59863281 4.74965763092
1478870251074 lifecam22 1788.01245117 5825.33984375 4.746986866
1478870251268 lifecam22 1787.32458496 5825.53955078 4.74565601349
1478870251341 lifecam22 1787.71691895 5825.41992188 4.74918842316
1478870251408 lifecam22 1787.1138916 5825.14306641 4.74484205246
1478870251475 lifecam22 1787.4888916 5825.39941406 4.74681043625
1478870251543 lifecam22 1787.60534668 5825.41113281 4.74690341949
1478870251742 lifecam22 1787.85754395 5825.53125 4.748005867
1478870251812 lifecam22 1787.33776855 5825.11572266 4.7430639267
1478870251876 lifecam22 1787.70617676 5825.38574219 4.74679422379
1478870251937 lifecam22 1787.3190918 5825.15576172 4.74486637115
1478870252003 lifecam22 1787.6361084 5825.48632812 4.74513292313
1478870252150 lifecam22 1787.86401367 5825.41943359 4.74820375443
1478870252204 lifecam22 1788.29162598 5825.76806641 4.75252771378
1478870252275 lifecam22 1787.6973877 5825.52539062 4.74776315689
1478870252342 lifecam22 1787.95043945 5825.44140625 4.74853181839
1478870252410 lifecam22 1787.74584961 5825.65966797 4.74945068359
1478870252617 lifecam22 1787.15698242 5825.32568359 4.74409294128
1478870252685 lifecam22 1787.52587891 5825.23242188 4.74485635757
1478870252738 lifecam22 1787.26306152 5825.10058594 4.74371051788
1478870252815 lifecam22 1788.26049805 5825.73486328 4.75270652771
1478870252879 lifecam22 1788.1204834 5825.71533203 4.75097131729
1478870253082 lifecam22 1788.01245117 5825.33984375 4.746986866
1478870253148 lifecam22 1787.87194824 5825.44824219 4.75084066391
1478870253214 lifecam22 1786.99658203 5825.02197266 4.74247980118
1478870253280 lifecam22 1787.72033691 5825.43359375 4.74954032898
1478870253345 lifecam22 1787.86108398 5825.34960938 4.74817085266
1478870253542 lifecam22 1787.35192871 5825.05419922 4.7435002327
1478870253606 lifecam22 1787.30944824 5825.27441406 4.74669647217
