1478870202528 lifecam22 3195.34057617 5861.83740234 4.61920118332
1478870202589 lifecam22 3195.02368164 5861.71240234 4.61910772324
1478870202650 lifecam22 3195.64575195 5862.0625 4.62311077118
1478870202726 lifecam22 3194.95874023 5861.89208984 4.61833143234
1478870202935 lifecam22 3194.9831543 5862.03076172 4.61965799332
1478870202998 lifecam22 3194.95874023 5861.89208984 4.61833143234
1478870203060 lifecam22 3194.93432617 5861.88183594 4.61938333511
1478870203134 lifecam22 3195.09228516 5861.75976562 4.6196141243
1478870203187 lifecam22 3195.21728516 5861.97900391 4.62056732178
1478870203339 lifecam22 3194.58911133 5862.00488281 4.62023019791
1478870203401 lifecam22 3194.80224609 5861.90576172 4.61948776245
1478870203460 lifecam22 3194.72070312 5861.70849609 4.61890888214
1478870203528 lifecam22 3194.8515625 5862.08056641 4.62119054794
1478870203593 lifecam22 3195.13525391 5861.92431641 4.6212220192
1478870203803 lifecam22 3194.80224609 5861.90576172 4.61948776245
1478870203865 lifecam22 3194.93432617 5861.88183594 4.61938333511
1478870203936 lifecam22 3194.67895508 5861.79833984 4.61718702316
1478870204005 lifecam22 3194.98999023 5862.04101562 4.61975812912
1478870204061 lifecam22 3194.58178711 5861.97070312 4.61871051788
1478870204268 lifecam22 3195.11425781 5862.00878906 4.61834192276
1478870204320 lifecam22 3195.42529297 5862.00830078 4.61986684799
1478870204395 lifecam22 3195.42529297 5862.00830078 4.61986684799
1478870204468 lifecam22 3196.71850586 5861.75537109 4.62248563766
1478870204526 lifecam22 3196.69140625 5861.12890625 4.61660814285
1478870204603 lifecam22 3196.07055664 5861.90576172 4.61806249619
1478870204664 lifecam22 3197.18896484 5861.86425781 4.62267446518
1478870204728 lifecam22 3196.26416016 5861.94140625 4.61738681793
1478870204794 lifecam22 3195.8112793 5861.04003906 4.61868953705
1478870204862 lifecam22 3195.32739258 5861.81982422 4.61529445648
1478870205131 lifecam22 3177.29443359 5861.96142578 4.62591552734
1478870205193 lifecam22 3171.43286133 5862.86328125 4.62895011902
1478870205264 lifecam22 3163.03710938 5862.51806641 4.62590503693
1478870205337 lifecam22 3158.6887207 5863.02148438 4.63352584839
1478870205401 lifecam22 3151.57910156 5863.26513672 4.63125896454
1478870205533 lifecam22 3137.63598633 5863.24755859 4.62764787674
1478870205602 lifecam22 3130.61572266 5863.48291016 4.6273317337
1478870205662 lifecam22 3123.93017578 5863.52246094 4.63008260727
1478870205726 lifecam22 3116.88793945 5864.20654297 4.63166093826
1478870205795 lifecam22 3110.48364258 5863.81591797 4.63227987289
1478870205930 lifecam22 3096.87548828 5863.79443359 4.63087081909
1478870206006 lifecam22 3089.96289062 5864.13378906 4.63144397736
1478870206072 lifecam22 3084.57836914 5865.31640625 4.63867330551
1478870206130 lifecam22 3077.45483398 5865.453125 4.64004611969
1478870206204 lifecam22 3071.43676758 5866.00634766 4.64344120026
1478870206330 lifecam22 3058.25073242 5865.41943359 4.63848543167
1478870206400 lifecam22 3052.2824707 5866.27441406 4.63966226578
1478870206474 lifecam22 3044.43945312 5865.46435547 4.63640832901
1478870206521 lifecam22 3037.59204102 5865.72851562 4.63641309738
1478870206598 lifecam22 3031.49755859 5866.73193359 4.64139175415
1478870206741 lifecam22 3017.43969727 5866.54296875 4.63597249985
1478870206802 lifecam22 3011.98803711 5866.83935547 4.63972663879
1478870206858 lifecam22 3004.83862305 5865.81445312 4.63892030716
1478870206932 lifecam22 2998.34741211 5866.98974609 4.64161300659
1478870206995 lifecam22 2991.97387695 5866.13720703 4.6438832283
1478870207202 lifecam22 2971.60253906 5866.11572266 4.64079856873
1478870207259 lifecam22 2965.90942383 5867.20361328 4.64311313629
1478870207341 lifecam22 2958.609375 5865.91992188 4.64230823517
1478870207395 lifecam22 2952.6953125 5867.98632812 4.64724588394
1478870207476 lifecam22 2944.98461914 5866.87109375 4.64393806458
1478870207604 lifecam22 2932.66162109 5868.40185547 4.65316486359
1478870207662 lifecam22 2926.60888672 5868.23681641 4.65414428711
1478870207729 lifecam22 2920.70678711 5869.67919922 4.66731500626
1478870207800 lifecam22 2914.32666016 5869.78320312 4.66799402237
1478870207870 lifecam22 2907.39648438 5870.32324219 4.6707777977
1478870208011 lifecam22 2893.67602539 5869.93115234 4.67094230652
1478870208069 lifecam22 2886.79077148 5869.89550781 4.67067146301
1478870208131 lifecam22 2879.59643555 5868.44091797 4.65684318542
1478870208200 lifecam22 2873.25195312 5869.34521484 4.67079591751
1478870208266 lifecam22 2866.62866211 5869.43652344 4.67155981064
1478870208471 lifecam22 2845.89624023 5869.05029297 4.66441631317
1478870208536 lifecam22 2838.54125977 5867.68554688 4.65395593643
1478870208608 lifecam22 2832.88330078 5868.08203125 4.65978193283
1478870208671 lifecam22 2826.36230469 5868.64697266 4.66249322891
1478870208730 lifecam22 2819.70263672 5868.02832031 4.66208791733
1478870208871 lifecam22 2807.01806641 5868.09570312 4.66488695145
1478870208947 lifecam22 2800.91772461 5869.20800781 4.67158842087
1478870208998 lifecam22 2793.33911133 5868.37255859 4.6663684845
1478870209061 lifecam22 2786.90063477 5868.7578125 4.67023277283
1478870209139 lifecam22 2780.41699219 5868.32763672 4.66902732849
1478870209282 lifecam22 2766.40307617 5869.54931641 4.67607784271
1478870209344 lifecam22 2760.12475586 5869.16455078 4.67542409897
1478870209404 lifecam22 2753.18457031 5868.80078125 4.6740603447
1478870209464 lifecam22 2746.75830078 5869.17529297 4.67655324936
1478870209542 lifecam22 2740.45678711 5869.34570312 4.67850971222
1478870209736 lifecam22 2720.32885742 5869.19482422 4.68273019791
1478870209808 lifecam22 2712.98632812 5868.52392578 4.67482614517
1478870209863 lifecam22 2705.92285156 5868.32910156 4.67434024811
1478870209939 lifecam22 2699.00634766 5867.05712891 4.67044734955
1478870210143 lifecam22 2679.59838867 5868.1875 4.67784404755
1478870210205 lifecam22 2672.81713867 5868.22460938 4.6785364151
1478870210282 lifecam22 2666.40087891 5866.70996094 4.67790651321
1478870210334 lifecam22 2661.69262695 5869.21630859 4.69411563873
1478870210411 lifecam22 2652.77905273 5865.97070312 4.67863559723
1478870210547 lifecam22 2639.80395508 5865.95410156 4.68496894836
1478870210605 lifecam22 2632.68286133 5865.17382812 4.68389606476
1478870210681 lifecam22 2625.66943359 5864.86181641 4.67980861664
1478870210729 lifecam22 2618.65673828 5864.58007812 4.68091773987
1478870210796 lifecam22 2611.92675781 5864.15917969 4.68204402924
1478870211005 lifecam22 2591.15405273 5864.40673828 4.68807411194
1478870211073 lifecam22 2584.33081055 5863.88232422 4.68833446503
1478870211139 lifecam22 2577.40576172 5864.10449219 4.69031429291
1478870211206 lifecam22 2570.95849609 5863.78173828 4.68765878677
1478870211269 lifecam22 2564.57275391 5863.67919922 4.68939447403
1478870211408 lifecam22 2551.46142578 5863.68359375 4.69109535217
1478870211475 lifecam22 2546.08129883 5864.10742188 4.70317029953
1478870211542 lifecam22 2540.03686523 5864.14208984 4.70402240753
1478870211598 lifecam22 2533.76464844 5864.29541016 4.70826673508
1478870211673 lifecam22 2526.79736328 5864.31542969 4.70845842361
1478870211813 lifecam22 2513.04418945 5864.16601562 4.70816230774
1478870211866 lifecam22 2506.54858398 5864.40771484 4.71056699753
1478870211940 lifecam22 2499.97436523 5864.52734375 4.71288251877
1478870212015 lifecam22 2493.49755859 5863.28466797 4.70754623413
1478870212067 lifecam22 2488.41137695 5864.16992188 4.71222066879
1478870212217 lifecam22 2472.70166016 5861.05615234 4.69658660889
1478870212279 lifecam22 2465.17773438 5857.42138672 4.68828439713
1478870212340 lifecam22 2458.42138672 5857.24267578 4.69044971466
1478870212413 lifecam22 2451.22460938 5857.33251953 4.68870258331
1478870212466 lifecam22 2444.66064453 5857.07275391 4.69258642197
1478870212614 lifecam22 2431.9675293 5857.15771484 4.70304822922
1478870212738 lifecam22 2418.43237305 5857.31201172 4.70851945877
1478870212813 lifecam22 2411.89770508 5857.51757812 4.71278238297
1478870212876 lifecam22 2404.89746094 5857.51708984 4.7127828598
1478870212935 lifecam22 2397.8972168 5857.51757812 4.71278381348
1478870213014 lifecam22 2390.89770508 5857.51757812 4.71278524399
1478870213084 lifecam22 2385.70507812 5858.50830078 4.72216749191
1478870213143 lifecam22 2379.75024414 5859.015625 4.72694253922
1478870213201 lifecam22 2372.77001953 5859.03613281 4.72713327408
1478870213275 lifecam22 2366.71435547 5858.63037109 4.72451543808
1478870213411 lifecam22 2352.70654297 5855.38525391 4.71714830399
1478870213477 lifecam22 2346.00024414 5852.41552734 4.71171522141
1478870213541 lifecam22 2339.328125 5852.07177734 4.71458435059
1478870213603 lifecam22 2332.27026367 5852.41503906 4.72048997879
1478870213672 lifecam22 2327.00170898 5852.63476562 4.73049974442
1478870213888 lifecam22 2307.24169922 5851.97119141 4.7265253067
1478870213952 lifecam22 2300.09790039 5852.63134766 4.73270177841
1478870214007 lifecam22 2293.01074219 5852.12744141 4.72799062729
1478870214075 lifecam22 2285.83959961 5851.56396484 4.72269535065
1478870214144 lifecam22 2279.27514648 5850.74023438 4.71730518341
1478870214283 lifecam22 2263.70898438 5846.03808594 4.70197963715
1478870214335 lifecam22 2255.96655273 5843.46826172 4.69531774521
1478870214405 lifecam22 2250.08398438 5844.61865234 4.70535850525
1478870214474 lifecam22 2243.43261719 5843.31201172 4.70852136612
1478870214545 lifecam22 2236.65332031 5843.40039062 4.71052312851
1478870214687 lifecam22 2223.2878418 5843.76708984 4.71515703201
1478870214736 lifecam22 2217.35546875 5844.40527344 4.72119474411
1478870214813 lifecam22 2212.82202148 5845.73486328 4.73366641998
1478870214888 lifecam22 2205.80029297 5845.71484375 4.73347759247
1478870214941 lifecam22 2199.35107422 5845.97753906 4.73592805862
1478870215085 lifecam22 2187.46508789 5846.39257812 4.74590873718
1478870215140 lifecam22 2180.93505859 5846.30566406 4.74878978729
1478870215209 lifecam22 2174.79101562 5842.46289062 4.75343990326
1478870215277 lifecam22 2168.65087891 5842.26513672 4.75337457657
1478870215333 lifecam22 2159.83105469 5839.53613281 4.7411031723
1478870215487 lifecam22 2146.05834961 5839.0546875 4.73664426804
1478870215556 lifecam22 2139.13818359 5838.81201172 4.73438739777
1478870215604 lifecam22 2132.18994141 5838.72998047 4.73361730576
1478870215676 lifecam22 2125.13842773 5838.8125 4.73438739777
1478870215742 lifecam22 2118.53613281 5838.73388672 4.73832654953
1478870215884 lifecam22 2107.19726562 5837.1640625 4.75401926041
1478870215949 lifecam22 2099.46923828 5835.73339844 4.74120283127
1478870216007 lifecam22 2091.47460938 5832.62451172 4.72941350937
1478870216075 lifecam22 2083.82275391 5830.62109375 4.72142839432
1478870216156 lifecam22 2077.765625 5830.60009766 4.72303247452
1478870216284 lifecam22 2063.85375977 5830.83837891 4.72527837753
1478870216353 lifecam22 2057.42944336 5830.97949219 4.72660112381
1478870216423 lifecam22 2051.61206055 5831.55175781 4.73645305634
1478870216471 lifecam22 2046.61560059 5832.22119141 4.7456946373
1478870216557 lifecam22 2040.98791504 5832.02001953 4.75526189804
1478870216692 lifecam22 2028.13098145 5831.77880859 4.76554107666
1478870216754 lifecam22 2021.18078613 5830.04150391 4.76433181763
1478870216820 lifecam22 2014.95178223 5829.72412109 4.76353263855
1478870216883 lifecam22 2005.71862793 5825.50537109 4.74082040787
1478870216955 lifecam22 1998.6451416 5825.56835938 4.7414021492
1478870217152 lifecam22 1978.41723633 5825.51220703 4.74699497223
1478870217220 lifecam22 1972.95117188 5825.9609375 4.76176309586
1478870217288 lifecam22 1966.63769531 5824.34521484 4.76582288742
1478870217339 lifecam22 1960.46569824 5824.31201172 4.76945781708
1478870217417 lifecam22 1952.23632812 5822.34130859 4.76088237762
1478870217621 lifecam22 1930.7512207 5817.97949219 4.73823833466
1478870217692 lifecam22 1924.80957031 5818.13964844 4.74198722839
1478870217753 lifecam22 1919.79260254 5817.69482422 4.75752305984
1478870217820 lifecam22 1913.73217773 5818.58544922 4.76023864746
1478870217889 lifecam22 1907.36376953 5816.53808594 4.76318359375
1478870218088 lifecam22 1887.21484375 5815.81054688 4.76761817932
1478870218158 lifecam22 1879.48974609 5814.86816406 4.76282787323
1478870218224 lifecam22 1872.07788086 5812.01660156 4.74934959412
1478870218289 lifecam22 1866.75134277 5812.93408203 4.76772689819
1478870218354 lifecam22 1860.10827637 5812.29394531 4.76551771164
1478870218555 lifecam22 1840.00354004 5810.25439453 4.76989746094
1478870218624 lifecam22 1833.07421875 5809.171875 4.76487445831
1478870218688 lifecam22 1825.97973633 5808.48974609 4.76243591309
1478870218758 lifecam22 1819.3927002 5807.09033203 4.7642788887
1478870218822 lifecam22 1812.2199707 5805.2578125 4.7617764473
1478870219026 lifecam22 1793.01843262 5805.03222656 4.77487325668
1478870219089 lifecam22 1790.03369141 5804.06591797 4.77537536621
1478870219153 lifecam22 1791.69384766 5803.23291016 4.76855802536
1478870219221 lifecam22 1790.43408203 5803.50537109 4.77127552032
1478870219290 lifecam22 1791.31884766 5803.31054688 4.77026939392
1478870219552 lifecam22 1791.13256836 5803.38916016 4.76855754852
1478870219612 lifecam22 1791.01965332 5803.41748047 4.77015018463
1478870219687 lifecam22 1791.01965332 5803.41748047 4.77015018463
1478870219750 lifecam22 1790.90075684 5803.43066406 4.77033853531
1478870219810 lifecam22 1791.17919922 5803.44482422 4.7703332901
1478870220011 lifecam22 1791.17919922 5803.44482422 4.7703332901
1478870220080 lifecam22 1791.06054688 5803.60302734 4.77061986923
1478870220151 lifecam22 1791.17919922 5803.44482422 4.7703332901
1478870220217 lifecam22 1791.01965332 5803.41748047 4.77015018463
1478870220288 lifecam22 1791.22009277 5803.63085938 4.77080345154
1478870220488 lifecam22 1791.17919922 5803.44482422 4.7703332901
1478870220552 lifecam22 1790.96362305 5803.35400391 4.76958274841
1478870220610 lifecam22 1791.01965332 5803.41748047 4.77015018463
1478870220677 lifecam22 1791.01208496 5803.546875 4.77015256882
1478870220749 lifecam22 1791.12219238 5803.24023438 4.76970529556
