1478870932464 lifecam22 3193.50708008 5857.19189453 4.5999174118
1478870932527 lifecam22 3193.59448242 5857.50732422 4.60033273697
1478870932598 lifecam22 3192.91088867 5856.84570312 4.59595918655
1478870932671 lifecam22 3193.24072266 5857.22509766 4.59990119934
1478870932871 lifecam22 3193.40161133 5857.22607422 4.60010433197
1478870932930 lifecam22 3193.19970703 5857.57275391 4.59915208817
1478870932995 lifecam22 3193.07177734 5857.63085938 4.59954214096
1478870933056 lifecam22 3193.18652344 5857.85058594 4.60041046143
1478870933122 lifecam22 3193.42700195 5858.14892578 4.59963226318
1478870933327 lifecam22 3193.95092773 5858.05224609 4.60064888
1478870933402 lifecam22 3193.95092773 5858.05224609 4.60064888
1478870933468 lifecam22 3193.73608398 5858.25976562 4.60104179382
1478870933535 lifecam22 3194.11791992 5858.28466797 4.60313034058
1478870933599 lifecam22 3193.95092773 5858.05224609 4.60064888
1478870933795 lifecam22 3193.98583984 5858.20556641 4.60082817078
1478870933870 lifecam22 3194.23266602 5858.54052734 4.60274171829
1478870933939 lifecam22 3193.76879883 5857.92626953 4.59913349152
1478870933994 lifecam22 3193.98583984 5858.20556641 4.60082817078
1478870934068 lifecam22 3194.90478516 5858.66992188 4.60475444794
1478870934272 lifecam22 3194.44335938 5858.05273438 4.60115146637
1478870934337 lifecam22 3194.98095703 5858.33056641 4.60319471359
1478870934401 lifecam22 3194.96289062 5858.86425781 4.60392475128
1478870934468 lifecam22 3194.98095703 5858.33056641 4.60319471359
1478870934535 lifecam22 3194.83325195 5858.33300781 4.6018781662
1478870934739 lifecam22 3193.89160156 5858.53515625 4.60229063034
1478870934804 lifecam22 3188.70483398 5857.11035156 4.58992004395
1478870934861 lifecam22 3179.17016602 5857.48974609 4.59314203262
1478870934927 lifecam22 3173.57788086 5856.61962891 4.58366107941
1478870934998 lifecam22 3166.38208008 5857.26464844 4.58031415939
1478870935140 lifecam22 3152.78955078 5858.17529297 4.58298110962
1478870935204 lifecam22 3145.68701172 5859.01806641 4.58694601059
1478870935261 lifecam22 3139.16064453 5859.51416016 4.58808422089
1478870935337 lifecam22 3132.98535156 5860.58300781 4.59136533737
1478870935403 lifecam22 3125.23095703 5859.64160156 4.58276939392
1478870935665 lifecam22 3100.16601562 5862.33544922 4.59477853775
1478870935731 lifecam22 3093.484375 5862.07714844 4.59360694885
1478870935807 lifecam22 3087.00292969 5862.76025391 4.59395933151
1478870935869 lifecam22 3080.03076172 5862.77734375 4.59285068512
1478870935931 lifecam22 3073.29443359 5863.0703125 4.59359359741
1478870936082 lifecam22 3059.984375 5863.91064453 4.59665966034
1478870936134 lifecam22 3053.56518555 5865.37646484 4.60192775726
1478870936200 lifecam22 3047.26928711 5865.58300781 4.60212278366
1478870936272 lifecam22 3040.66479492 5865.98974609 4.60403490067
1478870936330 lifecam22 3034.19824219 5866.40429688 4.60475921631
1478870936532 lifecam22 3014.75732422 5868.57080078 4.61137866974
1478870936598 lifecam22 3008.71704102 5868.55371094 4.61226892471
1478870936660 lifecam22 3001.78100586 5868.98486328 4.61121368408
1478870936743 lifecam22 2995.55053711 5869.07421875 4.61301708221
1478870936808 lifecam22 2988.6328125 5868.93212891 4.61049079895
1478870937007 lifecam22 2968.04052734 5869.90429688 4.60729074478
1478870937068 lifecam22 2961.13989258 5870.55761719 4.60712337494
1478870937140 lifecam22 2954.34765625 5869.85742188 4.60467195511
1478870937208 lifecam22 2947.60205078 5870.59814453 4.60523796082
1478870937273 lifecam22 2941.22949219 5870.11572266 4.60567474365
1478870937477 lifecam22 2921.11035156 5870.17822266 4.60591411591
1478870937539 lifecam22 2915.21704102 5871.43945312 4.60836601257
1478870937596 lifecam22 2907.57910156 5871.57861328 4.60762023926
1478870937680 lifecam22 2901.50317383 5872.32373047 4.61026382446
1478870937745 lifecam22 2894.27734375 5872.14599609 4.6083445549
1478870937938 lifecam22 2874.53027344 5873.66210938 4.61727571487
1478870937998 lifecam22 2868.29907227 5874.1640625 4.61995458603
1478870938063 lifecam22 2862.33935547 5874.05615234 4.61929368973
1478870938133 lifecam22 2855.3972168 5874.66894531 4.62332391739
1478870938207 lifecam22 2849.63061523 5876.27734375 4.63104391098
1478870938413 lifecam22 2830.38818359 5876.71533203 4.63195037842
1478870938472 lifecam22 2823.74829102 5876.7421875 4.63253164291
1478870938543 lifecam22 2816.62231445 5876.75927734 4.63017034531
1478870938611 lifecam22 2809.62255859 5876.76025391 4.63017416
1478870938681 lifecam22 2802.90917969 5876.85644531 4.6313328743
1478870938873 lifecam22 2782.75146484 5877.640625 4.63430404663
1478870938936 lifecam22 2775.89257812 5877.78417969 4.63313388824
1478870939012 lifecam22 2768.921875 5877.15429688 4.63235521317
1478870939069 lifecam22 2762.65844727 5878.24365234 4.638048172
1478870939141 lifecam22 2756.30419922 5877.50292969 4.63687372208
1478870939341 lifecam22 2735.92822266 5876.95751953 4.63099431992
1478870939407 lifecam22 2729.47045898 5877.15136719 4.62937402725
1478870939477 lifecam22 2722.91040039 5877.01367188 4.62963438034
1478870939543 lifecam22 2716.07788086 5877.40820312 4.63350725174
1478870939610 lifecam22 2709.29663086 5877.86572266 4.63528013229
1478870939753 lifecam22 2695.96728516 5878.41259766 4.63839626312
1478870939812 lifecam22 2689.31274414 5878.29345703 4.63634967804
1478870939879 lifecam22 2682.44580078 5878.41503906 4.63880586624
1478870939942 lifecam22 2676.22680664 5879.33203125 4.64276504517
1478870940004 lifecam22 2670.35717773 5880.29296875 4.64989566803
1478870940278 lifecam22 2643.32250977 5879.76708984 4.64808416367
1478870940340 lifecam22 2636.40820312 5879.55908203 4.64886283875
1478870940398 lifecam22 2629.74316406 5880.10742188 4.65165281296
1478870940466 lifecam22 2622.73730469 5880.75488281 4.65397453308
1478870940537 lifecam22 2615.74316406 5880.10693359 4.65165185928
1478870940736 lifecam22 2594.84521484 5879.79638672 4.65020132065
1478870940801 lifecam22 2588.6628418 5880.62744141 4.65338468552
1478870940867 lifecam22 2581.65380859 5879.13574219 4.64975404739
1478870940936 lifecam22 2575.62426758 5881.16210938 4.66038131714
1478870941010 lifecam22 2567.58935547 5878.97753906 4.64682388306
1478870941212 lifecam22 2546.66381836 5878.32080078 4.64471387863
1478870941276 lifecam22 2540.38061523 5879.44921875 4.64958763123
1478870941349 lifecam22 2533.33325195 5878.70996094 4.64772939682
1478870941416 lifecam22 2526.72875977 5878.80810547 4.65012741089
1478870941473 lifecam22 2520.04394531 5879.09326172 4.64941835403
1478870941676 lifecam22 2500.27539062 5879.02929688 4.64974021912
1478870941751 lifecam22 2493.52612305 5878.88916016 4.65222930908
1478870941808 lifecam22 2488.17651367 5879.71484375 4.65726804733
1478870941873 lifecam22 2481.50537109 5879.85400391 4.66128540039
1478870941948 lifecam22 2475.29833984 5879.76953125 4.66238641739
1478870942150 lifecam22 2456.06958008 5880.41894531 4.67245769501
1478870942216 lifecam22 2449.55395508 5880.31884766 4.6766834259
1478870942276 lifecam22 2442.82617188 5880.27832031 4.67773532867
1478870942351 lifecam22 2436.19799805 5880.86523438 4.67961454391
1478870942409 lifecam22 2429.6640625 5880.00634766 4.68249177933
1478870942546 lifecam22 2415.61010742 5879.55273438 4.67958784103
1478870942612 lifecam22 2408.46655273 5878.73974609 4.67573022842
1478870942673 lifecam22 2401.64794922 5878.66845703 4.67385721207
1478870942739 lifecam22 2394.46166992 5877.41552734 4.67097902298
1478870942816 lifecam22 2387.32226562 5877.59863281 4.66845035553
1478870942953 lifecam22 2373.68164062 5876.98535156 4.66930627823
1478870943014 lifecam22 2366.61669922 5876.81201172 4.667552948
1478870943078 lifecam22 2359.90527344 5876.42529297 4.6690659523
1478870943152 lifecam22 2352.625 5876.70361328 4.67032241821
1478870943217 lifecam22 2346.35595703 5876.10742188 4.67142009735
1478870943355 lifecam22 2334.12597656 5875.73876953 4.66859817505
1478870943412 lifecam22 2327.10083008 5876.03320312 4.67142391205
1478870943478 lifecam22 2321.96264648 5876.28613281 4.67575359344
1478870943549 lifecam22 2315.5 5876.69140625 4.6798582077
1478870943614 lifecam22 2309.60473633 5876.95947266 4.68663072586
1478870943821 lifecam22 2291.84912109 5877.86914062 4.70450878143
1478870943880 lifecam22 2285.01123047 5877.88720703 4.70470237732
1478870943941 lifecam22 2277.62060547 5877.28320312 4.70234870911
1478870944015 lifecam22 2271.05053711 5877.93603516 4.70633268356
1478870944084 lifecam22 2264.08374023 5877.95654297 4.7065243721
1478870944226 lifecam22 2249.91210938 5877.31640625 4.70376062393
1478870944279 lifecam22 2240.9609375 5873.0859375 4.68636322021
1478870944351 lifecam22 2234.96069336 5875.15527344 4.69526481628
1478870944416 lifecam22 2226.76635742 5871.97460938 4.68463420868
1478870944482 lifecam22 2220.12255859 5871.63720703 4.68779802322
1478870944689 lifecam22 2199.49584961 5870.90869141 4.68981552124
1478870944747 lifecam22 2192.60083008 5870.59033203 4.68818378448
1478870944817 lifecam22 2186.04980469 5870.98291016 4.69606494904
1478870944881 lifecam22 2178.95458984 5870.76367188 4.6926651001
1478870944954 lifecam22 2173.02270508 5871.06542969 4.70357513428
1478870945085 lifecam22 2164.34887695 5871.96386719 4.71443939209
1478870945156 lifecam22 2159.12353516 5873.65966797 4.73184680939
1478870945221 lifecam22 2152.61035156 5873.45166016 4.72994232178
1478870945288 lifecam22 2145.81494141 5873.35205078 4.72902536392
1478870945341 lifecam22 2138.84838867 5873.02539062 4.7270321846
1478870945486 lifecam22 2124.29614258 5871.15185547 4.71070623398
1478870945555 lifecam22 2117.05541992 5870.80615234 4.70852279663
1478870945618 lifecam22 2108.11645508 5866.19335938 4.69110631943
1478870945687 lifecam22 2100.8605957 5865.15673828 4.688829422
1478870945749 lifecam22 2094.57006836 5866.72119141 4.69515514374
1478870945876 lifecam22 2080.27832031 5864.08447266 4.69255065918
1478870945956 lifecam22 2073.66113281 5864.07324219 4.69258928299
1478870946022 lifecam22 2068.29248047 5864.31298828 4.7085185051
1478870946090 lifecam22 2061.29223633 5864.31298828 4.70851945877
1478870946145 lifecam22 2054.67163086 5864.41113281 4.71062755585
1478870946292 lifecam22 2040.91540527 5864.52880859 4.712890625
1478870946354 lifecam22 2033.91564941 5864.52880859 4.712890625
1478870946422 lifecam22 2029.0526123 5865.57666016 4.72281169891
1478870946490 lifecam22 2021.73181152 5865.27539062 4.72243356705
1478870946552 lifecam22 2016.46911621 5865.99316406 4.72915554047
1478870946688 lifecam22 2001.37756348 5861.52197266 4.71807384491
1478870946750 lifecam22 1994.59338379 5860.29785156 4.72134780884
1478870946818 lifecam22 1990.2442627 5859.91259766 4.7306060791
1478870946890 lifecam22 1983.8458252 5860.11279297 4.7348446846
1478870946955 lifecam22 1976.62963867 5860.02978516 4.73407316208
1478870947086 lifecam22 1963.9029541 5860.34082031 4.73929834366
1478870947149 lifecam22 1956.90270996 5860.34033203 4.7392950058
1478870947219 lifecam22 1949.89343262 5858.81689453 4.72507572174
1478870947289 lifecam22 1942.82531738 5858.36035156 4.72077322006
1478870947355 lifecam22 1935.87280273 5858.31787109 4.72151756287
1478870947485 lifecam22 1922.51904297 5858.01611328 4.72958612442
1478870947551 lifecam22 1915.53527832 5856.77001953 4.72701644897
1478870947617 lifecam22 1908.97265625 5856.63720703 4.7321190834
1478870947694 lifecam22 1900.70336914 5850.93554688 4.71468830109
1478870947757 lifecam22 1894.11816406 5851.35888672 4.71840381622
1478870947896 lifecam22 1880.77880859 5851.41845703 4.72132158279
1478870947956 lifecam22 1873.04138184 5851.00341797 4.71739530563
1478870948014 lifecam22 1867.70874023 5851.51806641 4.72226381302
1478870948084 lifecam22 1860.9342041 5851.48095703 4.72435379028
1478870948151 lifecam22 1854.78381348 5851.36767578 4.72944927216
1478870948289 lifecam22 1842.9128418 5850.79345703 4.74524831772
1478870948352 lifecam22 1835.65246582 5847.94726562 4.74282884598
1478870948424 lifecam22 1829.9017334 5849.33398438 4.75161170959
1478870948490 lifecam22 1821.29150391 5845.69140625 4.7332611084
1478870948554 lifecam22 1815.03234863 5846.03466797 4.73645544052
1478870948686 lifecam22 1802.34094238 5846.39990234 4.73984289169
1478870948746 lifecam22 1795.34094238 5846.39990234 4.73984193802
1478870948828 lifecam22 1788.72253418 5846.37402344 4.74321079254
1478870948894 lifecam22 1787.53088379 5846.1328125 4.74101781845
1478870948960 lifecam22 1789.01135254 5846.38916016 4.74456214905
1478870949164 lifecam22 1788.4987793 5846.28369141 4.74356889725
1478870949221 lifecam22 1788.72253418 5846.37402344 4.74321079254
1478870949281 lifecam22 1788.59436035 5846.24365234 4.74322080612
1478870949355 lifecam22 1788.57214355 5846.35449219 4.74304103851
1478870949422 lifecam22 1788.71691895 5846.36621094 4.74433135986
1478870949556 lifecam22 1788.95422363 5846.32958984 4.74400186539
1478870949620 lifecam22 1788.59436035 5846.38330078 4.74450111389
1478870949696 lifecam22 1788.68371582 5846.33544922 4.74527549744
1478870949757 lifecam22 1788.73596191 5846.38623047 4.74451828003
1478870949821 lifecam22 1788.64660645 5846.29394531 4.74246454239
1478870949958 lifecam22 1788.64660645 5846.29394531 4.74246454239
1478870950027 lifecam22 1788.82531738 5846.33837891 4.7452917099
1478870950091 lifecam22 1788.73596191 5846.38623047 4.74451828003
1478870950158 lifecam22 1788.73596191 5846.38623047 4.74451828003
1478870950230 lifecam22 1788.57214355 5846.35449219 4.74304103851
1478870950362 lifecam22 1788.73596191 5846.38623047 4.74451828003
1478870950421 lifecam22 1788.81091309 5846.32568359 4.74394273758
1478870950496 lifecam22 1788.73596191 5846.38623047 4.74451828003
1478870950563 lifecam22 1788.81091309 5846.32568359 4.74394273758
1478870950630 lifecam22 1788.57214355 5846.35449219 4.74304103851
1478870950751 lifecam22 1788.73596191 5846.38623047 4.74451828003
1478870950833 lifecam22 1788.73596191 5846.38623047 4.74451828003
1478870950888 lifecam22 1789.04956055 5846.41601562 4.74733304977
1478870950958 lifecam22 1788.66149902 5846.30712891 4.74381399155
1478870951026 lifecam22 1788.82531738 5846.33837891 4.7452917099
1478870951155 lifecam22 1788.73596191 5846.38623047 4.74451828003
1478870951220 lifecam22 1788.81091309 5846.32568359 4.74394273758
1478870951296 lifecam22 1788.57214355 5846.35449219 4.74304103851
1478870951364 lifecam22 1788.57214355 5846.35449219 4.74304103851
1478870951420 lifecam22 1788.73596191 5846.38623047 4.74451828003
1478870951621 lifecam22 1788.73596191 5846.38623047 4.74451828003
1478870951697 lifecam22 1788.73596191 5846.38623047 4.74451828003
1478870951753 lifecam22 1788.73596191 5846.38623047 4.74451828003
1478870951822 lifecam22 1788.73596191 5846.38623047 4.74451828003
1478870951886 lifecam22 1788.95422363 5846.46923828 4.74528169632
1478870952030 lifecam22 1788.57373047 5846.22363281 4.74299478531
1478870952095 lifecam22 1788.73596191 5846.38623047 4.74451828003
1478870952166 lifecam22 1788.57214355 5846.35449219 4.74304103851
1478870952231 lifecam22 1789.04370117 5846.42138672 4.74605464935
1478870952294 lifecam22 1788.73596191 5846.38623047 4.74451828003
1478870952367 lifecam22 1788.71691895 5846.36621094 4.74433135986
1478870952430 lifecam22 1788.82531738 5846.33837891 4.7452917099
1478870952495 lifecam22 1788.73596191 5846.38623047 4.74451828003
1478870952566 lifecam22 1788.86437988 5846.37695312 4.74322938919
1478870952623 lifecam22 1788.57214355 5846.35449219 4.74304103851
1478870952833 lifecam22 1789.14379883 5846.54980469 4.74602890015
