1478870773415 lifecam22 3195.84204102 5856.65917969 4.61965513229
1478870773479 lifecam22 3195.72900391 5857.08349609 4.6208357811
1478870773543 lifecam22 3196.10620117 5857.12988281 4.6229352951
1478870773617 lifecam22 3195.50756836 5856.890625 4.62024116516
1478870773690 lifecam22 3196.13330078 5857.64794922 4.62407779694
1478870773743 lifecam22 3195.72900391 5857.08349609 4.6208357811
1478870773818 lifecam22 3195.68359375 5857.04492188 4.62045383453
1478870773886 lifecam22 3195.67895508 5857.16455078 4.62158727646
1478870774078 lifecam22 3196.33398438 5857.30078125 4.62350702286
1478870774144 lifecam22 3195.85205078 5856.80029297 4.62100172043
1478870774210 lifecam22 3196.10229492 5857.24951172 4.62407112122
1478870774275 lifecam22 3195.87011719 5857.08007812 4.61970090866
1478870774343 lifecam22 3195.72436523 5857.203125 4.6219701767
1478870774555 lifecam22 3195.73388672 5857.58056641 4.62178564072
1478870774624 lifecam22 3195.78466797 5857.00195312 4.62140083313
1478870774694 lifecam22 3196.01000977 5857.31738281 4.62448263168
1478870774742 lifecam22 3195.51757812 5857.16845703 4.62273025513
1478870774812 lifecam22 3195.68945312 5857.30175781 4.62292194366
1478870775023 lifecam22 3199.16601562 5858.68261719 4.62913322449
1478870775094 lifecam22 3200.23022461 5859.74707031 4.6322684288
1478870775158 lifecam22 3200.13012695 5859.06005859 4.63614034653
1478870775221 lifecam22 3199.76782227 5859.15234375 4.63041782379
1478870775284 lifecam22 3200.37988281 5859.53808594 4.63675069809
1478870775421 lifecam22 3199.51367188 5858.98046875 4.63299512863
1478870775490 lifecam22 3199.89941406 5859.11230469 4.63787031174
1478870775552 lifecam22 3199.04077148 5858.98632812 4.63150501251
1478870775623 lifecam22 3199.51586914 5858.46337891 4.63463020325
1478870775684 lifecam22 3198.25463867 5858.86132812 4.62957191467
1478870775818 lifecam22 3199.72705078 5860.07470703 4.63584899902
1478870775894 lifecam22 3199.56323242 5859.93164062 4.63320398331
1478870775963 lifecam22 3200.31176758 5859.34570312 4.63754892349
1478870776021 lifecam22 3197.40869141 5858.06542969 4.62630653381
1478870776083 lifecam22 3198.79833984 5857.8671875 4.62996196747
1478870776226 lifecam22 3188.09130859 5856.06738281 4.6147146225
1478870776290 lifecam22 3179.94873047 5857.32373047 4.61739587784
1478870776354 lifecam22 3175.03295898 5856.68994141 4.61754655838
1478870776423 lifecam22 3166.75463867 5857.36132812 4.61691188812
1478870776487 lifecam22 3160.44677734 5857.37792969 4.61679458618
1478870776695 lifecam22 3140.47363281 5857.31103516 4.61848497391
1478870776753 lifecam22 3134.27294922 5858.96728516 4.62320327759
1478870776823 lifecam22 3126.38012695 5858.25097656 4.61942100525
1478870776887 lifecam22 3120.62939453 5859.53076172 4.62475442886
1478870776955 lifecam22 3113.51489258 5860.22363281 4.62455177307
1478870777097 lifecam22 3101.51245117 5861.08496094 4.63193559647
1478870777162 lifecam22 3094.10229492 5860.18945312 4.62841320038
1478870777221 lifecam22 3088.15380859 5860.84960938 4.63428020477
1478870777294 lifecam22 3080.64648438 5860.91259766 4.63247871399
1478870777345 lifecam22 3074.44140625 5860.14306641 4.63220930099
1478870777553 lifecam22 3053.81005859 5860.8046875 4.63017272949
1478870777615 lifecam22 3046.73632812 5860.28857422 4.62663602829
1478870777697 lifecam22 3040.16113281 5860.50683594 4.62901353836
1478870777748 lifecam22 3033.93920898 5861.89697266 4.6352391243
1478870777825 lifecam22 3026.99267578 5861.30175781 4.63236284256
1478870778025 lifecam22 3009.23999023 5862.30859375 4.64089155197
1478870778088 lifecam22 3002.96972656 5863.74609375 4.64563465118
1478870778160 lifecam22 2995.97338867 5863.44824219 4.64270734787
1478870778222 lifecam22 2989.42797852 5863.57226562 4.64556741714
1478870778291 lifecam22 2982.80566406 5863.1875 4.63980293274
1478870778362 lifecam22 2976.40917969 5863.27636719 4.64092731476
1478870778411 lifecam22 2968.98706055 5862.56542969 4.63668441772
1478870778495 lifecam22 2962.78564453 5862.96777344 4.63824748993
1478870778564 lifecam22 2954.84960938 5862.6171875 4.63560199738
1478870778631 lifecam22 2948.77490234 5863.2265625 4.63802433014
1478870778824 lifecam22 2928.47998047 5863.54052734 4.63900470734
1478870778891 lifecam22 2921.30615234 5862.74267578 4.63783788681
1478870778962 lifecam22 2914.84521484 5863.70556641 4.6408572197
1478870779030 lifecam22 2908.13110352 5862.74121094 4.63996219635
1478870779092 lifecam22 2901.09399414 5863.23730469 4.64066839218
1478870779232 lifecam22 2888.07397461 5863.14990234 4.64472675323
1478870779294 lifecam22 2882.16723633 5863.68994141 4.64743518829
1478870779355 lifecam22 2874.93994141 5863.11962891 4.64585018158
1478870779430 lifecam22 2868.36035156 5863.71582031 4.64919281006
1478870779499 lifecam22 2862.05517578 5864.18457031 4.65147352219
1478870779694 lifecam22 2843.02636719 5864.1875 4.65674686432
1478870779764 lifecam22 2836.20898438 5864.22119141 4.65836429596
1478870779828 lifecam22 2829.65454102 5865.00244141 4.66091918945
1478870779956 lifecam22 2816.33422852 5865.22460938 4.66342735291
1478870780029 lifecam22 2808.98022461 5864.68066406 4.65820932388
1478870780096 lifecam22 2802.82568359 5864.49462891 4.65977954865
1478870780162 lifecam22 2796.13720703 5864.19775391 4.65761518478
1478870780227 lifecam22 2790.04052734 5864.0390625 4.66302919388
1478870780295 lifecam22 2782.64599609 5863.71923828 4.65709352493
1478870780434 lifecam22 2769.11132812 5864.23095703 4.66359519958
1478870780491 lifecam22 2762.76293945 5864.06787109 4.65899848938
1478870780566 lifecam22 2756.19311523 5863.21240234 4.65799617767
1478870780623 lifecam22 2749.2331543 5863.50878906 4.65950775146
1478870780690 lifecam22 2743.12402344 5863.85986328 4.66328716278
1478870780891 lifecam22 2723.46313477 5863.18261719 4.66637134552
1478870780966 lifecam22 2716.50512695 5863.04150391 4.66767644882
1478870781031 lifecam22 2709.62402344 5862.97949219 4.66544437408
1478870781096 lifecam22 2702.94970703 5862.69921875 4.66927194595
1478870781161 lifecam22 2696.59838867 5863.16894531 4.66899347305
1478870781367 lifecam22 2676.54003906 5863.27392578 4.67831039429
1478870781431 lifecam22 2669.89624023 5863.08837891 4.67887067795
1478870781496 lifecam22 2663.36987305 5863.07861328 4.68028450012
1478870781567 lifecam22 2656.28369141 5863.13671875 4.67949867249
1478870781631 lifecam22 2649.4050293 5863.37158203 4.68177366257
1478870781763 lifecam22 2636.59448242 5863.41308594 4.68390893936
1478870781833 lifecam22 2629.63549805 5863.17285156 4.68304347992
1478870781899 lifecam22 2622.72338867 5862.98583984 4.68130493164
1478870781957 lifecam22 2616.1328125 5862.24462891 4.68103122711
1478870782033 lifecam22 2610.32324219 5862.78613281 4.68258714676
1478870782165 lifecam22 2595.14892578 5862.22167969 4.6808590889
1478870782229 lifecam22 2588.77563477 5862.40380859 4.68424463272
1478870782298 lifecam22 2581.32592773 5860.61621094 4.6817240715
1478870782362 lifecam22 2577.51074219 5862.59863281 4.69367408752
1478870782429 lifecam22 2569.75830078 5861.21679688 4.68830060959
1478870782573 lifecam22 2555.71655273 5859.62402344 4.68414115906
1478870782635 lifecam22 2548.68261719 5858.17333984 4.68389415741
1478870782691 lifecam22 2542.01171875 5859.39160156 4.68681049347
1478870782764 lifecam22 2534.68286133 5858.17382812 4.68389606476
1478870782824 lifecam22 2527.75683594 5857.97558594 4.68455028534
1478870782972 lifecam22 2514.22460938 5857.33203125 4.68870210648
1478870783032 lifecam22 2507.15380859 5857.40673828 4.68807172775
1478870783098 lifecam22 2500.28149414 5856.97802734 4.68790626526
1478870783166 lifecam22 2493.49560547 5856.90869141 4.68981599808
1478870783234 lifecam22 2487.34277344 5856.60498047 4.68728876114
1478870783431 lifecam22 2467.97998047 5856.54248047 4.69155788422
1478870783494 lifecam22 2463.89379883 5857.54296875 4.71058940887
1478870783570 lifecam22 2458.41552734 5858.01757812 4.7151260376
1478870783634 lifecam22 2451.75415039 5858.09472656 4.71568441391
1478870783700 lifecam22 2443.39648438 5857.61230469 4.71248912811
1478870783838 lifecam22 2430.0078125 5857.80957031 4.7155623436
1478870783906 lifecam22 2425.85449219 5858.87255859 4.7255988121
1478870783972 lifecam22 2418.74829102 5858.48828125 4.72324514389
1478870784038 lifecam22 2409.52099609 5853.81494141 4.69851016998
1478870784096 lifecam22 2402.69555664 5854.27978516 4.69628286362
1478870784301 lifecam22 2381.77001953 5850.03173828 4.69356155396
1478870784369 lifecam22 2375.10498047 5850.05029297 4.69655990601
1478870784427 lifecam22 2367.9543457 5850.07763672 4.6952085495
1478870784505 lifecam22 2362.23046875 5850.24365234 4.70669174194
1478870784573 lifecam22 2355.43237305 5850.31152344 4.70851802826
1478870784701 lifecam22 2341.65258789 5850.39990234 4.7105178833
1478870784771 lifecam22 2334.91503906 5850.52832031 4.71289014816
1478870784837 lifecam22 2327.91503906 5850.52880859 4.71289014816
1478870784908 lifecam22 2320.91455078 5850.52832031 4.71288776398
1478870784974 lifecam22 2313.91503906 5850.52832031 4.71288919449
1478870785102 lifecam22 2302.72827148 5851.79931641 4.72858333588
1478870785168 lifecam22 2297.56689453 5852.50146484 4.73893070221
1478870785226 lifecam22 2286.78955078 5846.57666016 4.71195602417
1478870785296 lifecam22 2282.85473633 5846.74560547 4.72271585464
1478870785373 lifecam22 2277.59741211 5846.1640625 4.7341094017
1478870785503 lifecam22 2264.81420898 5845.82763672 4.73342227936
1478870785563 lifecam22 2257.9140625 5845.75585938 4.73386240005
1478870785639 lifecam22 2250.671875 5845.94042969 4.73558092117
1478870785693 lifecam22 2244.0390625 5845.43115234 4.73082923889
1478870785771 lifecam22 2237.09838867 5845.63134766 4.73270320892
1478870785975 lifecam22 2216.31982422 5845.0625 4.73083972931
1478870786035 lifecam22 2208.76611328 5840.48535156 4.71535682678
1478870786095 lifecam22 2202.44140625 5840.83837891 4.72144269943
1478870786159 lifecam22 2194.43334961 5836.3125 4.70852231979
1478870786238 lifecam22 2187.65356445 5836.40039062 4.710521698
1478870786441 lifecam22 2167.28759766 5836.76660156 4.71515512466
1478870786497 lifecam22 2159.91503906 5836.52880859 4.712890625
1478870786567 lifecam22 2153.69140625 5837.00488281 4.7174115181
1478870786639 lifecam22 2148.34790039 5837.94433594 4.72627210617
1478870786709 lifecam22 2143.13183594 5838.74951172 4.73625946045
1478870786910 lifecam22 2125.453125 5837.35107422 4.76008939743
1478870786966 lifecam22 2118.8359375 5836.75341797 4.76060962677
1478870787043 lifecam22 2111.23144531 5835.01025391 4.75476980209
1478870787107 lifecam22 2103.57177734 5832.54736328 4.74120855331
1478870787175 lifecam22 2096.81933594 5832.52734375 4.74102115631
1478870787373 lifecam22 2075.88061523 5832.53027344 4.74346494675
1478870787441 lifecam22 2069.25415039 5832.4140625 4.74477720261
1478870787502 lifecam22 2062.5480957 5831.88818359 4.73978805542
1478870787575 lifecam22 2057.6730957 5832.05957031 4.75863170624
1478870787629 lifecam22 2051.10400391 5830.078125 4.75675868988
1478870787831 lifecam22 2027.69494629 5825.02392578 4.73433923721
1478870787899 lifecam22 2020.91760254 5823.83447266 4.72523880005
1478870787974 lifecam22 2014.8651123 5823.97460938 4.72655963898
1478870788032 lifecam22 2008.17980957 5823.73779297 4.7254524231
1478870788104 lifecam22 2001.94787598 5824.0703125 4.73309421539
1478870788305 lifecam22 1985.22033691 5823.32714844 4.76206636429
1478870788373 lifecam22 1977.43469238 5822.30175781 4.75941371918
1478870788443 lifecam22 1971.01843262 5821.35205078 4.75644207001
1478870788509 lifecam22 1963.40612793 5819.5234375 4.74679279327
1478870788573 lifecam22 1955.67932129 5818.42675781 4.7400894165
1478870788706 lifecam22 1942.77722168 5818.55371094 4.74622011185
1478870788777 lifecam22 1937.01135254 5818.83105469 4.75744581223
1478870788838 lifecam22 1931.03710938 5818.54296875 4.76341581345
1478870788910 lifecam22 1924.51782227 5818.06054688 4.76751375198
1478870788972 lifecam22 1917.5703125 5816.58349609 4.76638221741
1478870789170 lifecam22 1895.61682129 5814.55957031 4.75848817825
1478870789234 lifecam22 1887.34606934 5812.21679688 4.74503040314
1478870789298 lifecam22 1881.92224121 5811.77294922 4.75223445892
1478870789368 lifecam22 1875.84985352 5811.99853516 4.75681257248
1478870789440 lifecam22 1870.6472168 5811.58007812 4.7743678093
1478870789640 lifecam22 1849.31945801 5807.62402344 4.75865268707
1478870789713 lifecam22 1844.39221191 5809.05126953 4.76779270172
1478870789783 lifecam22 1835.5592041 5805.03857422 4.75109481812
1478870789835 lifecam22 1830.10144043 5805.04296875 4.75664186478
1478870789910 lifecam22 1823.49279785 5804.68115234 4.76188230515
1478870790110 lifecam22 1804.14892578 5803.17285156 4.77218770981
1478870790176 lifecam22 1797.11120605 5802.30908203 4.76771402359
1478870790247 lifecam22 1790.22216797 5801.71142578 4.7645907402
1478870790309 lifecam22 1790.50524902 5801.95117188 4.76707267761
1478870790367 lifecam22 1791.03088379 5801.65039062 4.76464653015
1478870790580 lifecam22 1790.64953613 5801.62646484 4.76463508606
1478870790639 lifecam22 1790.96228027 5801.56591797 4.76566791534
1478870790717 lifecam22 1790.71569824 5801.81005859 4.76532745361
1478870790781 lifecam22 1790.73974609 5801.84863281 4.76556348801
1478870790835 lifecam22 1790.73974609 5801.84863281 4.76556348801
1478870791041 lifecam22 1790.72314453 5801.83349609 4.76540756226
1478870791109 lifecam22 1790.60339355 5801.79541016 4.76581716537
1478870791177 lifecam22 1790.73974609 5801.84863281 4.76556348801
1478870791246 lifecam22 1790.34057617 5801.27880859 4.76291894913
1478870791313 lifecam22 1790.71569824 5801.81005859 4.76532745361
1478870791509 lifecam22 1790.62719727 5801.91015625 4.76686954498
1478870791581 lifecam22 1790.57409668 5801.71240234 4.76446914673
1478870791646 lifecam22 1790.46386719 5801.45751953 4.76334238052
1478870791715 lifecam22 1790.69152832 5801.69580078 4.76427459717
1478870791782 lifecam22 1790.81054688 5801.54638672 4.7638759613
1478870791986 lifecam22 1790.58068848 5801.44042969 4.76314544678
1478870792051 lifecam22 1790.82617188 5801.66650391 4.7662229538
1478870792116 lifecam22 1790.60498047 5801.5546875 4.76419830322
1478870792180 lifecam22 1790.71569824 5801.81005859 4.76532745361
1478870792239 lifecam22 1790.71569824 5801.81005859 4.76532745361
1478870792438 lifecam22 1790.71569824 5801.81005859 4.76532745361
1478870792505 lifecam22 1790.65588379 5801.59472656 4.76492929459
1478870792584 lifecam22 1790.49523926 5801.54003906 4.76469326019
