1477663554938 lifecam22 3376.44897461 4776.60107422 4.69838523865
1477663555006 lifecam22 3376.44897461 4776.60107422 4.69838523865
1477663555074 lifecam22 3376.38769531 4776.39453125 4.69783496857
1477663555150 lifecam22 3376.44897461 4776.60107422 4.69838523865
1477663555210 lifecam22 3376.44897461 4776.60107422 4.69838523865
1477663555275 lifecam22 3376.44897461 4776.60107422 4.69838523865
1477663555340 lifecam22 3376.44897461 4776.60107422 4.69838523865
1477663555405 lifecam22 3376.38769531 4776.39453125 4.69783496857
1477663555543 lifecam22 3376.17529297 4776.21923828 4.69592952728
1477663555608 lifecam22 3376.38769531 4776.39453125 4.69783496857
1477663555675 lifecam22 3376.44897461 4776.60107422 4.69838523865
1477663555743 lifecam22 3376.17529297 4776.21923828 4.69592952728
1477663555808 lifecam22 3376.44897461 4776.60107422 4.69838523865
1477663555874 lifecam22 3376.44897461 4776.60107422 4.69838523865
1477663555944 lifecam22 3377.27075195 4776.54882812 4.69421482086
1477663556008 lifecam22 3376.44897461 4776.60107422 4.69838523865
1477663556073 lifecam22 3376.53393555 4776.83154297 4.69914865494
1477663556141 lifecam22 3376.44897461 4776.60107422 4.69838523865
1477663556276 lifecam22 3376.53393555 4776.83154297 4.69914865494
1477663556342 lifecam22 3376.44897461 4776.60107422 4.69838523865
1477663556409 lifecam22 3376.44897461 4776.60107422 4.69838523865
1477663556475 lifecam22 3376.44897461 4776.60107422 4.69838523865
1477663556543 lifecam22 3376.44897461 4776.60107422 4.69838523865
1477663556611 lifecam22 3376.2565918 4776.31152344 4.69436120987
1477663556674 lifecam22 3378.19238281 4776.97412109 4.69575691223
1477663556742 lifecam22 3379.42724609 4776.85986328 4.69509840012
1477663556810 lifecam22 3379.35327148 4776.90527344 4.69425582886
1477663556875 lifecam22 3376.06835938 4776.35058594 4.69604063034
1477663556951 lifecam22 3376.21606445 4776.13476562 4.69400310516
1477663557018 lifecam22 3376.15283203 4776.08349609 4.69227170944
1477663557089 lifecam22 3374.93408203 4775.86767578 4.69178104401
1477663557150 lifecam22 3362.53979492 4776.64697266 4.69919872284
1477663557351 lifecam22 3346.03564453 4778.79003906 4.71635341644
1477663557418 lifecam22 3337.73901367 4777.00292969 4.70268964767
1477663557486 lifecam22 3330.73730469 4776.58837891 4.70024108887
1477663557549 lifecam22 3323.9597168 4776.09082031 4.69971036911
1477663557618 lifecam22 3317.33666992 4775.72412109 4.70186758041
1477663557689 lifecam22 3311.14990234 4775.62792969 4.70921039581
1477663557750 lifecam22 3303.8347168 4772.73632812 4.70636081696
1477663557806 lifecam22 3297.5690918 4772.54248047 4.709420681
1477663557879 lifecam22 3289.9230957 4772.30566406 4.70837831497
1477663557947 lifecam22 3284.79003906 4773.07714844 4.71809625626
1477663558010 lifecam22 3279.51318359 4773.41064453 4.72125196457
1477663558077 lifecam22 3271.62524414 4773.45361328 4.72165393829
1477663558145 lifecam22 3266.0456543 4774.11376953 4.72785902023
1477663558205 lifecam22 3259.2956543 4773.64160156 4.72342538834
1477663558277 lifecam22 3252.14746094 4774.07275391 4.72747945786
1477663558355 lifecam22 3245.40625 4771.47607422 4.71594524384
1477663558411 lifecam22 3238.85180664 4771.75195312 4.71720981598
1477663558478 lifecam22 3232.7019043 4770.875 4.7202706337
1477663558546 lifecam22 3227.71679688 4771.25878906 4.72530698776
1477663558613 lifecam22 3222.72119141 4770.21240234 4.73607349396
1477663558748 lifecam22 3207.73657227 4767.8359375 4.72743463516
1477663558814 lifecam22 3199.47631836 4765.70947266 4.71461057663
1477663558879 lifecam22 3192.55395508 4765.52783203 4.71287965775
1477663558946 lifecam22 3185.55371094 4765.52734375 4.71287918091
1477663559013 lifecam22 3178.55371094 4765.52783203 4.71288061142
1477663559082 lifecam22 3171.55419922 4765.52783203 4.71287965775
1477663559145 lifecam22 3164.81298828 4765.64892578 4.71403551102
1477663559213 lifecam22 3159.82397461 4766.76806641 4.72461652756
1477663559281 lifecam22 3153.95776367 4767.10107422 4.732234478
1477663559345 lifecam22 3147.99731445 4766.65625 4.73458051682
1477663559481 lifecam22 3135.05029297 4764.49755859 4.74530744553
1477663559545 lifecam22 3128.79760742 4764.19970703 4.75004482269
1477663559613 lifecam22 3121.61376953 4763.85546875 4.75074625015
1477663559680 lifecam22 3114.46166992 4762.86474609 4.74760246277
1477663559746 lifecam22 3107.53540039 4762.43847656 4.74595737457
1477663559813 lifecam22 3100.890625 4761.71191406 4.74272680283
1477663559882 lifecam22 3092.84155273 4761.39941406 4.739839077
1477663559948 lifecam22 3087.30322266 4761.7265625 4.74286365509
1477663560014 lifecam22 3080.80810547 4761.81933594 4.74644613266
1477663560081 lifecam22 3074.25512695 4761.83935547 4.74795246124
1477663560153 lifecam22 3068.50830078 4760.33349609 4.75347089767
1477663560215 lifecam22 3062.20068359 4757.95947266 4.75456190109
1477663560282 lifecam22 3055.48193359 4758.11962891 4.75478601456
1477663560349 lifecam22 3047.85913086 4755.38916016 4.73791742325
1477663560414 lifecam22 3041.30761719 4754.9921875 4.73645830154
1477663560618 lifecam22 3022.7109375 4754.58544922 4.7444691658
1477663560682 lifecam22 3015.82519531 4754.30126953 4.74331998825
1477663560749 lifecam22 3010.66577148 4754.88525391 4.75247097015
1477663560818 lifecam22 3004.89697266 4754.59326172 4.76513767242
1477663560881 lifecam22 2998.76245117 4754.70605469 4.76973819733
1477663561016 lifecam22 2984.27294922 4751.90234375 4.76326084137
1477663561080 lifecam22 2977.30102539 4751.90625 4.76351928711
1477663561148 lifecam22 2969.58886719 4750.39794922 4.75631761551
1477663561227 lifecam22 2962.41333008 4750.17089844 4.75551939011
1477663561284 lifecam22 2955.56323242 4749.58203125 4.75654935837
1477663561351 lifecam22 2948.60986328 4748.46044922 4.75319671631
1477663561419 lifecam22 2942.58666992 4748.34033203 4.7631778717
1477663561487 lifecam22 2937.31176758 4747.67285156 4.77291202545
1477663561617 lifecam22 2923.15234375 4744.81542969 4.76353025436
1477663561684 lifecam22 2916.29467773 4743.54492188 4.75450181961
1477663561752 lifecam22 2909.03393555 4743.51171875 4.75680494308
1477663561818 lifecam22 2901.62890625 4742.21972656 4.74754858017
1477663561886 lifecam22 2895.84326172 4741.85009766 4.75090742111
1477663562016 lifecam22 2883.83325195 4742.23535156 4.76770448685
1477663562084 lifecam22 2877.65625 4740.68115234 4.77048158646
1477663562149 lifecam22 2872.0859375 4740.79589844 4.77468347549
1477663562216 lifecam22 2864.84863281 4738.78222656 4.77017354965
1477663562284 lifecam22 2858.0847168 4738.17578125 4.76722431183
1477663562353 lifecam22 2850.51733398 4736.75244141 4.76366233826
1477663562417 lifecam22 2844.52416992 4736.3984375 4.76625061035
1477663562486 lifecam22 2838.73876953 4736.66943359 4.77525758743
1477663562554 lifecam22 2832.30761719 4736.04492188 4.77999591827
1477663562620 lifecam22 2826.46704102 4736.02099609 4.78295707703
1477663562690 lifecam22 2818.7578125 4734.77636719 4.78019571304
1477663562752 lifecam22 2812.07592773 4733.02832031 4.77525854111
1477663562818 lifecam22 2805.52490234 4732.86328125 4.77745342255
1477663562886 lifecam22 2798.58886719 4732.19433594 4.77708911896
1477663562953 lifecam22 2791.88769531 4731.62207031 4.77488088608
1477663563088 lifecam22 2778.33422852 4729.43505859 4.77768516541
1477663563155 lifecam22 2772.03857422 4728.7734375 4.7798242569
1477663563221 lifecam22 2765.59008789 4726.85107422 4.77724313736
1477663563286 lifecam22 2757.68920898 4725.18115234 4.76955795288
1477663563352 lifecam22 2751.18017578 4724.93505859 4.76975107193
1477663563421 lifecam22 2745.31738281 4724.84521484 4.77538919449
1477663563485 lifecam22 2738.86816406 4725.06347656 4.78154611588
1477663563552 lifecam22 2732.68066406 4724.64697266 4.78738546371
1477663563620 lifecam22 2726.36816406 4723.06347656 4.78806972504
1477663563688 lifecam22 2720.81738281 4723.48779297 4.7946896553
1477663563822 lifecam22 2706.38208008 4720.10107422 4.78552436829
1477663563887 lifecam22 2699.94506836 4719.81738281 4.78785085678
1477663563955 lifecam22 2693.21606445 4718.32568359 4.78899145126
1477663564024 lifecam22 2686.94189453 4717.67382812 4.79117107391
1477663564089 lifecam22 2680.24511719 4716.734375 4.79475069046
1477663564155 lifecam22 2673.93725586 4715.71923828 4.79109954834
1477663564220 lifecam22 2666.61206055 4714.66357422 4.79024219513
1477663564288 lifecam22 2659.95678711 4714.13427734 4.79344081879
1477663564358 lifecam22 2653.25732422 4713.92919922 4.79327106476
1477663564419 lifecam22 2646.77099609 4712.94482422 4.79537582397
1477663564495 lifecam22 2640.58105469 4712.89990234 4.80160903931
1477663564556 lifecam22 2634.79541016 4711.40136719 4.79926538467
1477663564621 lifecam22 2627.19946289 4710.91650391 4.80171728134
1477663564689 lifecam22 2621.82104492 4709.93994141 4.80152702332
1477663564756 lifecam22 2614.08618164 4708.32324219 4.79841184616
1477663564890 lifecam22 2600.41625977 4705.86621094 4.79867362976
1477663564957 lifecam22 2594.52124023 4704.75830078 4.80082702637
1477663565023 lifecam22 2587.4152832 4703.75927734 4.80009126663
1477663565158 lifecam22 2573.77514648 4701.84814453 4.79878044128
1477663565225 lifecam22 2567.03051758 4701.2265625 4.80051803589
1477663565287 lifecam22 2560.70605469 4700.83642578 4.8053445816
1477663565355 lifecam22 2554.27270508 4699.76123047 4.80693244934
1477663565423 lifecam22 2548.36425781 4698.92919922 4.80715608597
1477663565625 lifecam22 2528.68310547 4695.76904297 4.81034135818
1477663565689 lifecam22 2522.41479492 4694.96435547 4.81481790543
1477663565756 lifecam22 2515.67724609 4693.66357422 4.81337451935
1477663565824 lifecam22 2508.79516602 4691.83789062 4.80878686905
1477663565956 lifecam22 2495.44287109 4689.85302734 4.80895137787
1477663566026 lifecam22 2489.60571289 4688.86669922 4.80943250656
1477663566092 lifecam22 2482.77563477 4688.34375 4.81618070602
1477663566157 lifecam22 2476.89013672 4687.57617188 4.81805467606
1477663566223 lifecam22 2469.88818359 4686.83496094 4.81729602814
1477663566295 lifecam22 2463.05395508 4684.95849609 4.81323385239
1477663566356 lifecam22 2456.16650391 4684.37255859 4.81264734268
1477663566425 lifecam22 2449.83666992 4683.15820312 4.81841516495
1477663566493 lifecam22 2443.70556641 4682.36083984 4.82098007202
1477663566559 lifecam22 2437.14306641 4681.82421875 4.82527923584
1477663566691 lifecam22 2423.42211914 4678.94384766 4.82094144821
1477663566760 lifecam22 2416.83544922 4677.34570312 4.81923484802
1477663566827 lifecam22 2410.6574707 4675.81982422 4.82231807709
1477663566895 lifecam22 2403.85400391 4675.33105469 4.82357501984
1477663566959 lifecam22 2397.23901367 4674.24609375 4.82376718521
1477663567025 lifecam22 2390.14819336 4672.79003906 4.82005596161
1477663567095 lifecam22 2383.2434082 4671.83251953 4.8198890686
1477663567161 lifecam22 2376.58984375 4670.56396484 4.82453250885
1477663567226 lifecam22 2371.20361328 4670.00292969 4.82925271988
1477663567293 lifecam22 2364.43237305 4668.60644531 4.82862615585
1477663567427 lifecam22 2350.96289062 4666.23876953 4.82570552826
1477663567491 lifecam22 2344.07641602 4663.79589844 4.82570123672
1477663567559 lifecam22 2337.79467773 4662.90380859 4.82841062546
1477663567626 lifecam22 2331.90893555 4661.45703125 4.83019399643
1477663567691 lifecam22 2324.74584961 4660.54736328 4.82898664474
1477663567760 lifecam22 2319.13354492 4660.83105469 4.83500432968
1477663567829 lifecam22 2312.35449219 4659.35302734 4.83444929123
1477663567893 lifecam22 2306.49047852 4659.53662109 4.84331846237
1477663567959 lifecam22 2299.74243164 4657.62011719 4.84071111679
1477663568028 lifecam22 2292.84765625 4656.24951172 4.84000205994
1477663568097 lifecam22 2286.40942383 4655.24707031 4.84016275406
1477663568159 lifecam22 2279.49389648 4654.07568359 4.84178543091
1477663568227 lifecam22 2273.21704102 4653.02246094 4.84207296371
1477663568294 lifecam22 2266.16064453 4651.55126953 4.84313011169
1477663568360 lifecam22 2259.87255859 4649.48828125 4.84092903137
1477663568496 lifecam22 2245.81298828 4645.97314453 4.83398485184
1477663568563 lifecam22 2240.00976562 4645.03173828 4.83783483505
1477663568630 lifecam22 2233.44628906 4643.61181641 4.83863639832
1477663568697 lifecam22 2227.2890625 4642.76171875 4.84041452408
1477663568764 lifecam22 2220.64208984 4641.75097656 4.84062576294
1477663568828 lifecam22 2213.72753906 4641.36474609 4.84343194962
1477663568895 lifecam22 2207.98486328 4640.20947266 4.84981203079
1477663568958 lifecam22 2201.03735352 4639.37158203 4.84919118881
1477663569026 lifecam22 2194.69726562 4637.19970703 4.84867429733
1477663569094 lifecam22 2187.94311523 4635.70898438 4.84648227692
1477663569173 lifecam22 2181.28955078 4634.13232422 4.84321737289
1477663569228 lifecam22 2175.28930664 4632.69091797 4.84946346283
1477663569296 lifecam22 2169.10839844 4632.08154297 4.85353899002
1477663569366 lifecam22 2162.17431641 4629.59765625 4.84957170486
1477663569432 lifecam22 2155.25341797 4627.77929688 4.84465789795
1477663569565 lifecam22 2143.44213867 4627.04833984 4.85910081863
1477663569630 lifecam22 2136.70019531 4625.82128906 4.85712528229
1477663569695 lifecam22 2129.640625 4624.86279297 4.85902118683
1477663569763 lifecam22 2122.96166992 4623.70166016 4.85647583008
1477663569830 lifecam22 2116.03173828 4621.06738281 4.85483026505
1477663569902 lifecam22 2110.52929688 4620.8515625 4.86284923553
1477663569963 lifecam22 2104.0168457 4620.22314453 4.86587953568
1477663570031 lifecam22 2096.58032227 4618.13134766 4.86136674881
1477663570096 lifecam22 2089.78076172 4616.23974609 4.85693597794
1477663570162 lifecam22 2082.96289062 4614.25830078 4.85773038864
1477663570302 lifecam22 2070.43945312 4611.69726562 4.86088132858
1477663570362 lifecam22 2063.77441406 4610.27880859 4.85927581787
1477663570433 lifecam22 2056.55029297 4608.83691406 4.86034107208
1477663570500 lifecam22 2050.53881836 4608.03271484 4.86458206177
1477663570566 lifecam22 2043.74731445 4607.16455078 4.86696863174
1477663570639 lifecam22 2037.86450195 4605.53076172 4.86942052841
1477663570698 lifecam22 2031.10302734 4603.66943359 4.8639383316
1477663570764 lifecam22 2025.09960938 4602.6796875 4.87149000168
1477663570832 lifecam22 2019.02734375 4601.36767578 4.87127256393
1477663570901 lifecam22 2012.60009766 4599.79882812 4.8715877533
1477663571033 lifecam22 1998.98706055 4596.875 4.87264728546
1477663571086 lifecam20 1930.3326416 4592.11035156 4.83115816116
1477663571098 lifecam22 1927.15771484 4591.04492188 4.83087730408
1477663571152 lifecam20 1923.578125 4590.61230469 4.82957267761
1477663571167 lifecam22 1920.54272461 4590.00976562 4.82924604416
1477663571219 lifecam20 1917.97058105 4590.69140625 4.83797740936
1477663571234 lifecam22 1914.31445312 4590.07324219 4.83890724182
1477663571287 lifecam20 1910.88720703 4589.31152344 4.83757162094
1477663571302 lifecam22 1907.62890625 4588.58789062 4.836769104
1477663571418 lifecam20 1901.01147461 4588.35693359 4.84131002426
1477663571430 lifecam22 1894.51513672 4587.09912109 4.84326601028
1477663571492 lifecam20 1891.11230469 4587.31640625 4.84736394882
1477663571500 lifecam22 1887.88305664 4586.70019531 4.84790802002
1477663571552 lifecam20 1884.84875488 4586.62207031 4.8516087532
1477663571567 lifecam22 1881.88085938 4585.65136719 4.85208034515
1477663571619 lifecam20 1878.89172363 4585.43652344 4.85341930389
1477663571635 lifecam22 1875.76733398 4585.01269531 4.85539770126
1477663571690 lifecam20 1872.3782959 4585.06542969 4.85897064209
1477663571702 lifecam22 1869.00463867 4584.47558594 4.85982608795
1477663571759 lifecam20 1865.53955078 4584.36816406 4.8631529808
1477663571768 lifecam22 1862.1484375 4583.33691406 4.86248493195
1477663571819 lifecam20 1859.26538086 4582.953125 4.86578845978
1477663571835 lifecam22 1855.7199707 4581.97558594 4.86405038834
1477663571887 lifecam20 1853.09814453 4582.92382812 4.87197589874
1477663571898 lifecam22 1850.1595459 4582.29492188 4.87375640869
1477663571954 lifecam20 1846.63537598 4581.28369141 4.87369537354
1477663571967 lifecam22 1843.07189941 4580.27197266 4.8740105629
1477663572018 lifecam20 1839.89550781 4579.99267578 4.87664461136
1477663572034 lifecam22 1836.78955078 4579.20214844 4.87630367279
1477663572105 lifecam22 1833.52905273 4578.46484375 4.87728738785
1477663572155 lifecam20 1826.60095215 4576.99511719 4.87806415558
1477663572167 lifecam22 1822.95153809 4576.27001953 4.87861871719
1477663572220 lifecam20 1819.92370605 4576.26855469 4.88199424744
1477663572235 lifecam22 1816.85839844 4575.921875 4.88342475891
1477663572288 lifecam20 1812.61499023 4574.81835938 4.88085842133
1477663572300 lifecam22 1808.77746582 4573.76269531 4.87934923172
1477663572359 lifecam20 1805.52404785 4573.20996094 4.87999248505
1477663572369 lifecam22 1802.45629883 4572.63818359 4.88111543655
1477663572428 lifecam20 1799.66088867 4571.81445312 4.88350296021
1477663572486 lifecam20 1796.66516113 4571.39746094 4.88476228714
1477663572502 lifecam22 1790.81005859 4570.0234375 4.88902044296
1477663572556 lifecam20 1787.08935547 4569.13183594 4.88800382614
1477663572567 lifecam22 1783.89111328 4568.80029297 4.88927316666
1477663572622 lifecam20 1780.57177734 4567.72021484 4.88953208923
1477663572637 lifecam22 1776.80688477 4565.8359375 4.88454723358
1477663572686 lifecam20 1774.24609375 4565.546875 4.88677930832
1477663572702 lifecam22 1771.77709961 4565.18554688 4.88851451874
1477663572754 lifecam20 1767.92700195 4563.74902344 4.8866724968
1477663572765 lifecam22 1764.68261719 4563.1015625 4.88918733597
1477663572844 lifecam22 1761.00476074 4561.93652344 4.88700532913
1477663572888 lifecam20 1754.35205078 4560.42773438 4.88671207428
1477663572908 lifecam22 1751.4642334 4559.54589844 4.88623094559
1477663572955 lifecam20 1748.00854492 4558.65527344 4.88640880585
1477663572973 lifecam22 1744.16516113 4557.42089844 4.88537549973
1477663573023 lifecam20 1741.14819336 4557.01855469 4.88747739792
1477663573041 lifecam22 1738.44519043 4556.74121094 4.88999319077
1477663573093 lifecam20 1735.04980469 4555.87011719 4.88948726654
1477663573109 lifecam22 1731.61914062 4555.03417969 4.88864946365
1477663573156 lifecam20 1728.20739746 4554.64892578 4.88955545425
1477663573222 lifecam20 1724.55065918 4553.68017578 4.88869094849
1477663573242 lifecam22 1717.73571777 4552.42773438 4.88980436325
1477663573292 lifecam20 1714.68322754 4551.91503906 4.89208316803
1477663573309 lifecam22 1712.02307129 4551.11376953 4.89436292648
1477663573355 lifecam20 1708.71264648 4550.70605469 4.89696741104
1477663573377 lifecam22 1705.37963867 4550.23144531 4.89762639999
1477663573425 lifecam20 1702.06738281 4549.26660156 4.89648151398
1477663573441 lifecam22 1698.52563477 4548.42675781 4.89738178253
1477663573491 lifecam20 1694.99145508 4547.80664062 4.89815616608
1477663573509 lifecam22 1691.49401855 4547.07128906 4.89782047272
1477663573556 lifecam20 1687.77709961 4546.16601562 4.89824867249
1477663573577 lifecam22 1685.06030273 4545.74658203 4.90203714371
1477663573622 lifecam20 1681.80004883 4544.64794922 4.90092897415
1477663573641 lifecam22 1678.5703125 4543.30761719 4.89952707291
1477663573690 lifecam20 1674.91430664 4542.45068359 4.89963912964
1477663573709 lifecam22 1670.96289062 4541.43457031 4.89891004562
1477663573754 lifecam20 1667.8034668 4540.42285156 4.89967632294
1477663573777 lifecam22 1664.54760742 4539.171875 4.89680194855
1477663573822 lifecam20 1661.0793457 4538.17285156 4.89644241333
1477663573839 lifecam22 1658.4354248 4537.296875 4.8985657692
1477663573894 lifecam20 1654.99560547 4536.24169922 4.89650964737
1477663573910 lifecam22 1651.63635254 4535.46875 4.89661550522
1477663573958 lifecam20 1648.59399414 4534.80419922 4.89804506302
1477663573980 lifecam22 1645.51513672 4534.20214844 4.89812850952
1477663574022 lifecam20 1641.91601562 4533.29980469 4.89738607407
1477663574046 lifecam22 1638.60925293 4532.38085938 4.89896392822
1477663574090 lifecam20 1635.23181152 4532.05957031 4.90236330032
1477663574108 lifecam22 1631.96630859 4531.43896484 4.90257453918
1477663574158 lifecam20 1628.66247559 4530.34179688 4.9016327858
1477663574176 lifecam22 1625.39929199 4529.01953125 4.90116453171
1477663574291 lifecam20 1619.13513184 4527.22363281 4.9024553299
1477663574310 lifecam22 1612.92114258 4525.8359375 4.90312385559
1477663574362 lifecam20 1609.04272461 4524.97363281 4.90196466446
1477663574424 lifecam20 1606.2746582 4524.54980469 4.9037861824
1477663574446 lifecam22 1599.47180176 4522.63037109 4.90244913101
1477663574491 lifecam20 1595.92602539 4521.07861328 4.90120363235
1477663574512 lifecam22 1593.19238281 4520.33837891 4.90622520447
1477663574557 lifecam20 1590.38232422 4519.90625 4.90797996521
1477663574580 lifecam22 1587.54321289 4518.92382812 4.90584278107
1477663574628 lifecam20 1583.82543945 4517.71337891 4.90402793884
1477663574639 lifecam22 1580.33813477 4516.671875 4.90365123749
1477663574691 lifecam20 1576.90197754 4516.04199219 4.90501356125
1477663574706 lifecam22 1573.93139648 4515.34472656 4.90500307083
1477663574763 lifecam20 1570.45019531 4514.4296875 4.90441513062
1477663574771 lifecam22 1566.85192871 4513.87255859 4.90752601624
1477663574828 lifecam20 1563.88659668 4513.18652344 4.90913295746
1477663574838 lifecam22 1560.91186523 4512.37695312 4.90937900543
1477663574892 lifecam20 1557.51806641 4512.05273438 4.91188287735
1477663574906 lifecam22 1554.46044922 4511.37890625 4.91183757782
1477663574961 lifecam20 1551.00341797 4510.58886719 4.91252422333
1477663575026 lifecam20 1547.4276123 4509.79980469 4.91186904907
1477663575039 lifecam22 1540.77929688 4508.3203125 4.91332912445
1477663575090 lifecam20 1537.71069336 4507.16601562 4.91424131393
1477663575108 lifecam22 1534.58105469 4506.14453125 4.91607046127
1477663575163 lifecam20 1530.96557617 4505.21826172 4.91545915604
1477663575172 lifecam22 1527.88305664 4504.44726562 4.91570901871
1477663575228 lifecam20 1524.16430664 4503.44042969 4.91517448425
1477663575238 lifecam22 1520.53942871 4502.16308594 4.91356420517
1477663575289 lifecam20 1517.03820801 4501.54492188 4.91504240036
1477663575305 lifecam22 1513.47973633 4500.72167969 4.9147901535
1477663575361 lifecam20 1510.39819336 4499.4453125 4.91446590424
1477663575374 lifecam22 1506.99072266 4498.38964844 4.91448068619
1477663575426 lifecam20 1503.3684082 4497.59033203 4.91467237473
1477663575437 lifecam22 1500.04589844 4496.28027344 4.91200494766
1477663575494 lifecam20 1496.59753418 4495.17871094 4.91289043427
1477663575505 lifecam22 1493.71362305 4494.45214844 4.91524219513
1477663575558 lifecam20 1490.73828125 4493.58886719 4.91472864151
1477663575573 lifecam22 1487.53686523 4492.71728516 4.91556501389
1477663575626 lifecam20 1484.05749512 4492.07128906 4.91625070572
1477663575640 lifecam22 1480.06787109 4490.85986328 4.91502666473
1477663575759 lifecam20 1473.11804199 4489.47851562 4.91777467728
1477663575773 lifecam22 1466.9284668 4488.20703125 4.91972398758
1477663575828 lifecam20 1463.30334473 4487.45019531 4.9195690155
1477663575838 lifecam22 1460.13476562 4486.89453125 4.92230272293
1477663575896 lifecam20 1456.83117676 4485.95410156 4.92221784592
1477663575907 lifecam22 1453.25341797 4484.90917969 4.92167139053
1477663575959 lifecam20 1450.05493164 4484.05175781 4.92204856873
1477663575973 lifecam22 1446.80529785 4483.27734375 4.92245483398
1477663576029 lifecam20 1443.14306641 4482.38183594 4.92359113693
1477663576038 lifecam22 1440.24707031 4481.60644531 4.9261713028
1477663576102 lifecam20 1436.90112305 4480.92578125 4.92615652084
1477663576109 lifecam22 1433.67138672 4479.91064453 4.92455863953
1477663576166 lifecam20 1430.40698242 4478.69140625 4.92476844788
1477663576175 lifecam22 1427.22143555 4477.765625 4.92570924759
1477663576228 lifecam20 1424.21240234 4476.73681641 4.92750787735
1477663576241 lifecam22 1420.74145508 4475.14550781 4.92603445053
1477663576298 lifecam20 1417.27124023 4474.20214844 4.92494010925
1477663576306 lifecam22 1414.47814941 4473.71533203 4.9268488884
1477663576367 lifecam20 1410.42456055 4471.97070312 4.92425632477
1477663576375 lifecam22 1406.32397461 4470.22949219 4.92179012299
1477663576495 lifecam20 1400.19067383 4469.30126953 4.92755126953
1477663576510 lifecam22 1394.31323242 4467.88085938 4.930372715
1477663576566 lifecam20 1390.82849121 4466.66015625 4.92861175537
1477663576576 lifecam22 1387.28393555 4465.88769531 4.92908430099
1477663576626 lifecam20 1383.08984375 4464.96777344 4.92756843567
1477663576642 lifecam22 1379.9810791 4464.60839844 4.93089866638
1477663576696 lifecam20 1376.92504883 4463.8828125 4.93264865875
1477663576707 lifecam22 1373.74536133 4462.890625 4.93216323853
1477663576762 lifecam20 1370.59228516 4462.34179688 4.93547153473
1477663576773 lifecam22 1367.12402344 4461.58984375 4.93650627136
1477663576847 lifecam22 1363.62792969 4460.45117188 4.93629837036
1477663576894 lifecam20 1356.5402832 4458.56103516 4.93670749664
1477663576909 lifecam22 1353.60009766 4457.73486328 4.93831014633
1477663576966 lifecam20 1350.11083984 4456.76757812 4.93780899048
1477663576975 lifecam22 1346.81799316 4455.76904297 4.93801307678
1477663577035 lifecam20 1343.81164551 4455.09375 4.93980741501
1477663577043 lifecam22 1340.07421875 4453.92822266 4.9387550354
1477663577095 lifecam20 1336.32910156 4452.66601562 4.9369301796
1477663577111 lifecam22 1333.29345703 4451.81591797 4.93822479248
1477663577162 lifecam20 1330.2310791 4450.95898438 4.94019174576
1477663577235 lifecam20 1326.85351562 4449.86669922 4.94149923325
1477663577244 lifecam22 1320.58312988 4447.23535156 4.93818807602
1477663577293 lifecam20 1317.22192383 4445.93066406 4.93533849716
1477663577309 lifecam22 1314.52978516 4445.40039062 4.94027805328
1477663577362 lifecam20 1311.5723877 4444.47753906 4.94248962402
1477663577373 lifecam22 1308.25341797 4443.42285156 4.94112586975
1477663577430 lifecam20 1304.51794434 4442.33789062 4.94043874741
1477663577441 lifecam22 1300.60229492 4440.78759766 4.93689012527
1477663577493 lifecam20 1297.21826172 4440.12207031 4.93772268295
1477663577508 lifecam22 1294.28979492 4439.75634766 4.94050455093
1477663577633 lifecam20 1287.05529785 4437.44140625 4.93858242035
1477663577642 lifecam22 1280.72290039 4435.69433594 4.94132232666
1477663577703 lifecam20 1278.13220215 4435.10449219 4.94478607178
1477663577711 lifecam22 1275.38647461 4434.08886719 4.94466352463
1477663577762 lifecam20 1271.24047852 4432.78710938 4.94329500198
1477663577778 lifecam22 1267.8112793 4431.48388672 4.94438552856
1477663577835 lifecam20 1265.35290527 4430.85839844 4.94585037231
1477663577843 lifecam22 1262.4342041 4430.05859375 4.94426441193
1477663577900 lifecam20 1258.95019531 4428.62304688 4.94428730011
1477663577910 lifecam22 1255.10522461 4426.98242188 4.94361066818
1477663577962 lifecam20 1251.65405273 4426.37792969 4.94384002686
1477663577979 lifecam22 1249.22973633 4426.21142578 4.94803857803
1477663578033 lifecam20 1245.88049316 4424.69335938 4.94774436951
1477663578044 lifecam22 1242.7980957 4423.39501953 4.94681358337
1477663578097 lifecam20 1240.02587891 4422.88183594 4.94898319244
1477663578112 lifecam22 1236.87463379 4421.89697266 4.9492020607
1477663578161 lifecam20 1232.8404541 4420.55029297 4.94776916504
1477663578177 lifecam22 1229.98181152 4419.88867188 4.95050382614
1477663578229 lifecam20 1226.78430176 4419.00976562 4.95194339752
1477663578240 lifecam22 1223.27478027 4417.69433594 4.95009374619
1477663578365 lifecam20 1216.60864258 4416.09423828 4.95299005508
1477663578380 lifecam22 1210.13476562 4414.27636719 4.95425605774
1477663578429 lifecam20 1207.28271484 4413.44824219 4.95367383957
1477663578448 lifecam22 1204.00952148 4412.53710938 4.95454311371
1477663578499 lifecam20 1200.40991211 4411.31152344 4.95398759842
1477663578511 lifecam22 1197.34973145 4410.53369141 4.95473098755
1477663578566 lifecam20 1194.19189453 4409.46386719 4.95447206497
1477663578578 lifecam22 1190.51428223 4407.73339844 4.95195198059
1477663578629 lifecam20 1187.32434082 4407.24609375 4.95568656921
1477663578644 lifecam22 1184.56359863 4406.61865234 4.95749092102
1477663578702 lifecam20 1181.09191895 4405.375 4.95889377594
1477663578712 lifecam22 1177.77001953 4404.25683594 4.95926618576
1477663578765 lifecam20 1174.22045898 4402.89404297 4.9557185173
1477663578777 lifecam22 1170.62915039 4401.74267578 4.95512723923
1477663578830 lifecam20 1166.41772461 4400.3359375 4.95339822769
1477663578898 lifecam20 1163.97375488 4399.7578125 4.95740509033
1477663578909 lifecam22 1157.35668945 4397.43261719 4.95809793472
1477663578968 lifecam20 1153.59716797 4396.30078125 4.95796394348
1477663578978 lifecam22 1150.74829102 4395.14941406 4.95771694183
1477663579031 lifecam20 1147.69152832 4393.76171875 4.95589780807
1477663579098 lifecam20 1144.31518555 4392.62695312 4.95740556717
1477663579113 lifecam22 1138.16186523 4390.40771484 4.95855569839
1477663579166 lifecam20 1134.62402344 4389.45898438 4.95798063278
1477663579235 lifecam20 1131.33654785 4388.66796875 4.95823049545
1477663579248 lifecam22 1124.95861816 4387.01171875 4.95879459381
1477663579297 lifecam20 1121.83081055 4386.15966797 4.96040439606
1477663579315 lifecam22 1118.54528809 4385.15332031 4.96160984039
1477663579367 lifecam20 1115.26379395 4384.43457031 4.96367549896
1477663579379 lifecam22 1111.70239258 4383.3515625 4.96224069595
1477663579442 lifecam20 1108.65405273 4382.03027344 4.96277475357
1477663579447 lifecam22 1106.13000488 4380.89208984 4.96524906158
1477663579500 lifecam20 1102.72021484 4379.94628906 4.96551847458
1477663579512 lifecam22 1099.51916504 4379.16699219 4.9666390419
1477663579566 lifecam20 1096.1463623 4377.53027344 4.96509122849
1477663579577 lifecam22 1092.91821289 4376.23291016 4.96561956406
1477663579636 lifecam20 1089.63549805 4375.21582031 4.96568775177
1477663579646 lifecam22 1086.54309082 4373.86230469 4.96381950378
1477663579698 lifecam20 1083.43334961 4373.02050781 4.96445655823
1477663579712 lifecam22 1080.68457031 4372.44335938 4.96617984772
1477663579767 lifecam20 1077.33239746 4370.99267578 4.96689319611
1477663579835 lifecam20 1073.74487305 4369.95117188 4.96565723419
1477663579848 lifecam22 1067.43005371 4367.1015625 4.9645242691
1477663579902 lifecam20 1064.36376953 4365.81152344 4.96536588669
1477663579917 lifecam22 1061.26171875 4364.82226562 4.96613359451
1477663579965 lifecam20 1058.36621094 4363.88085938 4.96663713455
1477663579981 lifecam22 1055.10913086 4362.71777344 4.9654917717
1477663580033 lifecam20 1051.09667969 4361.69335938 4.96520042419
1477663580046 lifecam22 1048.24108887 4360.93603516 4.9690823555
1477663580104 lifecam20 1045.49694824 4360.33447266 4.9726099968
1477663580113 lifecam22 1042.11987305 4359.21582031 4.9715089798
1477663580169 lifecam20 1039.05883789 4358.33740234 4.97157144547
1477663580191 lifecam22 1035.94580078 4357.77636719 4.97365188599
1477663580233 lifecam20 1032.17382812 4356.77685547 4.97315263748
1477663580252 lifecam22 1028.66442871 4355.61572266 4.97326421738
1477663580304 lifecam20 1025.80761719 4354.89160156 4.97594070435
1477663580318 lifecam22 1023.2689209 4353.98339844 4.97739553452
1477663580364 lifecam20 1019.84472656 4352.40087891 4.9776058197
1477663580388 lifecam22 1016.72033691 4351.43847656 4.9777340889
1477663580432 lifecam20 1013.46936035 4350.71484375 4.97802305222
1477663580448 lifecam22 1010.24926758 4349.51464844 4.97815608978
1477663580564 lifecam20 1003.17077637 4346.99023438 4.97822713852
1477663580587 lifecam22 996.418701172 4344.54394531 4.97835731506
1477663580635 lifecam20 993.313903809 4343.72509766 4.97952795029
1477663580654 lifecam22 990.459350586 4342.62060547 4.98041343689
1477663580702 lifecam20 987.04675293 4341.25976562 4.97935676575
1477663580719 lifecam22 983.606933594 4339.88476562 4.97828817368
1477663580772 lifecam20 980.196716309 4337.81738281 4.97448921204
1477663580833 lifecam20 977.201782227 4337.02148438 4.97745418549
1477663580855 lifecam22 971.108154297 4334.41015625 4.97822666168
1477663580903 lifecam20 967.788452148 4333.31445312 4.97860622406
1477663580918 lifecam22 964.424194336 4331.98828125 4.97606515884
1477663580970 lifecam20 960.808105469 4330.85351562 4.97572135925
1477663580987 lifecam22 957.543823242 4330.06738281 4.97777748108
1477663581033 lifecam20 953.971679688 4328.84423828 4.97601175308
1477663581057 lifecam22 950.83972168 4327.89794922 4.97648954391
1477663581100 lifecam20 947.793334961 4327.08740234 4.97897195816
1477663581116 lifecam22 944.927490234 4325.90039062 4.97856998444
1477663581168 lifecam20 941.784057617 4324.59765625 4.97864627838
1477663581187 lifecam22 938.631164551 4323.32910156 4.98002338409
1477663581237 lifecam20 935.265625 4322.11621094 4.97922420502
1477663581256 lifecam22 932.354980469 4321.40966797 4.98056745529
1477663581301 lifecam20 929.05859375 4320.49316406 4.98381948471
1477663581322 lifecam22 925.701782227 4319.05957031 4.98367786407
1477663581369 lifecam20 922.21295166 4318.18847656 4.98410177231
1477663581386 lifecam22 919.170593262 4317.27294922 4.98448991776
1477663581437 lifecam20 916.219970703 4316.06396484 4.98570871353
1477663581453 lifecam22 913.244628906 4315.31738281 4.98827695847
1477663581501 lifecam20 910.154052734 4314.24658203 4.98959779739
1477663581522 lifecam22 906.817138672 4312.28613281 4.9886341095
1477663581564 lifecam20 903.11328125 4310.93066406 4.98706054688
1477663581637 lifecam20 900.339538574 4309.68945312 4.98876190186
1477663581650 lifecam22 894.475585938 4307.57958984 4.98934793472
1477663581701 lifecam20 891.434753418 4306.80664062 4.98998451233
1477663581716 lifecam22 888.118835449 4305.76611328 4.9916176796
1477663581769 lifecam20 884.282836914 4303.97509766 4.98830032349
1477663581782 lifecam22 881.057739258 4302.66210938 4.98644781113
1477663581837 lifecam20 878.105834961 4302.10888672 4.99102544785
1477663581851 lifecam22 874.886169434 4300.8515625 4.99051952362
1477663581901 lifecam20 871.50982666 4299.65722656 4.99065351486
1477663581916 lifecam22 868.941955566 4299.00292969 4.99321508408
1477663581974 lifecam20 865.279052734 4297.79833984 4.99170637131
1477663581981 lifecam22 861.790283203 4296.63916016 4.99099159241
1477663582038 lifecam20 858.787353516 4295.82763672 4.99387025833
1477663582049 lifecam22 855.878173828 4294.95019531 4.99633693695
1477663582100 lifecam20 852.512329102 4293.60644531 4.99577236176
1477663582116 lifecam22 849.455444336 4292.06494141 4.99519062042
1477663582168 lifecam20 848.328491211 4291.67773438 4.99423074722
1477663582186 lifecam22 848.32019043 4292.40771484 4.9967918396
1477663582238 lifecam20 849.602661133 4292.86621094 4.99860239029
1477663582251 lifecam22 849.923706055 4292.67626953 4.99832487106
1477663582371 lifecam20 849.500305176 4292.53808594 4.99749755859
1477663582384 lifecam22 849.291015625 4292.52636719 4.99742031097
1477663582442 lifecam20 848.825500488 4292.39160156 4.9971704483
1477663582450 lifecam22 848.761779785 4292.36865234 4.99712896347
1477663582511 lifecam20 848.991455078 4292.47070312 4.997590065
1477663582521 lifecam22 848.991455078 4292.47070312 4.997590065
1477663582570 lifecam20 848.925292969 4292.45605469 4.99756097794
1477663582585 lifecam22 849.003173828 4292.43066406 4.9976439476
1477663582637 lifecam20 848.894897461 4292.34130859 4.99706935883
1477663582649 lifecam22 849.040405273 4292.47753906 4.99686956406
1477663582770 lifecam20 848.973876953 4292.45214844 4.99629592896
1477663582785 lifecam22 848.729064941 4292.22070312 4.995906353
1477663582836 lifecam20 848.961914062 4292.41992188 4.99720001221
1477663582853 lifecam22 848.961914062 4292.41992188 4.99720001221
1477663582909 lifecam20 848.892700195 4292.22119141 4.99607563019
1477663582919 lifecam22 848.91418457 4292.34179688 4.99658203125
1477663582978 lifecam20 848.992431641 4292.36669922 4.996717453
1477663582985 lifecam22 848.992431641 4292.36669922 4.996717453
1477663583037 lifecam20 848.823364258 4292.27978516 4.99624586105
1477663583052 lifecam22 848.801879883 4292.15917969 4.99573945999
1477663583110 lifecam20 849.064331055 4292.42089844 4.99748754501
1477663583118 lifecam22 849.128112793 4292.44384766 4.99752998352
1477663583172 lifecam20 849.007385254 4292.31494141 4.99614048004
1477663583185 lifecam22 849.028747559 4292.43554688 4.99664640427
1477663583238 lifecam20 849.055175781 4292.49365234 4.99763154984
1477663583253 lifecam22 848.871032715 4292.18261719 4.99641561508
1477663583307 lifecam20 848.73815918 4292.0546875 4.99550056458
1477663583318 lifecam22 848.858581543 4292.34179688 4.9966750145
1477663583377 lifecam20 849.097961426 4292.55224609 4.99810314178
1477663583385 lifecam22 849.076538086 4292.43164062 4.99759674072
1477663583504 lifecam20 848.954223633 4292.39746094 4.99707651138
1477663583518 lifecam22 849.013427734 4292.50537109 4.99735832214
1477663583575 lifecam20 849.02923584 4292.45800781 4.9973654747
1477663583587 lifecam22 848.951599121 4292.48339844 4.99728155136
1477663583640 lifecam20 848.797302246 4292.31542969 4.99610710144
1477663583653 lifecam22 848.815734863 4292.18261719 4.99590873718
1477663583704 lifecam20 848.885559082 4292.3046875 4.99687957764
1477663583719 lifecam22 848.885559082 4292.3046875 4.99687957764
1477663583773 lifecam20 848.819824219 4292.1953125 4.99597883224
1477663583784 lifecam22 848.819824219 4292.1953125 4.99597883224
1477663583847 lifecam20 848.791503906 4292.23339844 4.99641036987
1477663583859 lifecam22 848.812988281 4292.35351562 4.99691677094
1477663583904 lifecam20 848.71105957 4292.28173828 4.99652051926
1477663583922 lifecam22 848.68963623 4292.16113281 4.99601411819
1477663583975 lifecam20 848.857177734 4292.15722656 4.99559688568
1477663583987 lifecam22 848.857177734 4292.15722656 4.99559688568
1477663584046 lifecam20 848.88659668 4292.21386719 4.99656629562
1477663584055 lifecam22 848.88659668 4292.21386719 4.99656629562
1477663584104 lifecam20 848.970031738 4292.35009766 4.99708366394
1477663584122 lifecam22 849.083312988 4292.53222656 4.9979019165
1477663584244 lifecam20 848.950439453 4292.40429688 4.99698734283
1477663584254 lifecam22 848.900939941 4292.24462891 4.99621105194
1477663584306 lifecam20 848.99810791 4292.21972656 4.99580574036
1477663584318 lifecam22 848.934326172 4292.19628906 4.99576377869
1477663584372 lifecam20 849.064331055 4292.42089844 4.99748754501
1477663584386 lifecam22 849.085754395 4292.54101562 4.99799394608
1477663584441 lifecam20 849.097961426 4292.55224609 4.99810314178
1477663584451 lifecam22 849.076538086 4292.43164062 4.99759674072
1477663584502 lifecam20 848.956237793 4292.24169922 4.99607276917
1477663584515 lifecam22 849.055541992 4292.33691406 4.99666166306
1477663584646 lifecam20 848.915039062 4292.27734375 4.99649763107
1477663584653 lifecam22 848.815734863 4292.18261719 4.99590873718
1477663584708 lifecam20 848.940429688 4292.38574219 4.99750137329
