1477663105107 lifecam22 3374.54931641 4775.65527344 4.68804264069
1477663105173 lifecam22 3375.81274414 4776.37304688 4.69485044479
1477663105243 lifecam22 3374.88891602 4775.89257812 4.68905067444
1477663105307 lifecam22 3374.54931641 4775.65527344 4.68804264069
1477663105444 lifecam22 3375.49169922 4776.1875 4.69309473038
1477663105508 lifecam22 3375.79248047 4776.35253906 4.69465637207
1477663105577 lifecam22 3375.81274414 4776.37304688 4.69485044479
1477663105642 lifecam22 3376.06835938 4776.35058594 4.69604063034
1477663105707 lifecam22 3376.25976562 4776.70556641 4.69669342041
1477663105775 lifecam22 3375.88891602 4776.47314453 4.69451713562
1477663105842 lifecam22 3376.53393555 4776.83154297 4.69914865494
1477663105910 lifecam22 3375.37402344 4775.99609375 4.6914305687
1477663105976 lifecam22 3375.79248047 4776.35253906 4.69465637207
1477663106041 lifecam22 3376.15332031 4776.58056641 4.69680213928
1477663106114 lifecam22 3376.15332031 4776.58056641 4.69680213928
1477663106177 lifecam22 3376.10961914 4776.56005859 4.69660711288
1477663106244 lifecam22 3376.15332031 4776.58056641 4.69680213928
1477663106310 lifecam22 3375.79248047 4776.35253906 4.69465637207
1477663106375 lifecam22 3376.53393555 4776.83154297 4.69914865494
1477663106513 lifecam22 3375.45947266 4776.22607422 4.69219255447
1477663106578 lifecam22 3374.70239258 4775.9921875 4.68855190277
1477663106644 lifecam22 3374.42553711 4775.85644531 4.6872549057
1477663106710 lifecam22 3375.79248047 4776.35253906 4.69465637207
1477663106777 lifecam22 3376.53393555 4776.83154297 4.69914865494
1477663106844 lifecam22 3376.08789062 4776.43359375 4.69285726547
1477663106912 lifecam22 3375.64526367 4776.17626953 4.68536281586
1477663106980 lifecam22 3376.50170898 4777.23681641 4.69886064529
1477663107042 lifecam22 3374.23046875 4775.37207031 4.68552541733
1477663107111 lifecam22 3375.13061523 4775.96044922 4.69095563889
1477663107190 lifecam22 3369.02392578 4775.70019531 4.68875980377
1477663107252 lifecam22 3358.9230957 4776.16894531 4.69399166107
1477663107313 lifecam22 3354.95947266 4775.49804688 4.68944501877
1477663107380 lifecam22 3347.34277344 4774.81005859 4.68736505508
1477663107446 lifecam22 3340.54394531 4774.85009766 4.68555593491
1477663107579 lifecam22 3327.22192383 4772.25488281 4.68401765823
1477663107645 lifecam22 3322.73608398 4772.48583984 4.692278862
1477663107711 lifecam22 3316.44018555 4772.00292969 4.69892835617
1477663107779 lifecam22 3310.34814453 4772.15136719 4.70197057724
1477663107847 lifecam22 3303.34790039 4772.15185547 4.70197057724
1477663107979 lifecam22 3289.49609375 4772.15917969 4.70330429077
1477663108046 lifecam22 3283.06762695 4772.31445312 4.70846796036
1477663108116 lifecam22 3276.06762695 4772.31445312 4.70846891403
1477663108182 lifecam22 3269.4140625 4772.52783203 4.71288013458
1477663108246 lifecam22 3262.4140625 4772.52783203 4.71288156509
1477663108314 lifecam22 3255.41455078 4772.52783203 4.71288013458
1477663108379 lifecam22 3247.19506836 4770.46240234 4.70185422897
1477663108450 lifecam22 3239.95629883 4769.9453125 4.69970703125
1477663108514 lifecam22 3234.09057617 4769.69970703 4.7003288269
1477663108578 lifecam22 3226.81030273 4769.14160156 4.70013046265
1477663108712 lifecam22 3215.87011719 4769.70800781 4.7073559761
1477663108778 lifecam22 3208.33007812 4768.18896484 4.70370912552
1477663108846 lifecam22 3203.34423828 4768.22607422 4.71547746658
1477663108914 lifecam22 3197.92651367 4766.23242188 4.71427106857
1477663108983 lifecam22 3191.52246094 4765.57226562 4.70833015442
1477663109046 lifecam22 3185.30883789 4765.81152344 4.71557664871
1477663109117 lifecam22 3178.50390625 4765.60839844 4.71364927292
1477663109182 lifecam22 3171.55419922 4765.52783203 4.71287965775
1477663109249 lifecam22 3164.55371094 4765.52783203 4.71288013458
1477663109315 lifecam22 3157.55395508 4765.52783203 4.71288061142
1477663109383 lifecam22 3149.16210938 4763.00732422 4.70029973984
1477663109448 lifecam22 3141.94384766 4762.51074219 4.69834136963
1477663109514 lifecam22 3134.89916992 4762.32666016 4.69794130325
1477663109582 lifecam22 3129.02294922 4762.18945312 4.70806312561
1477663109652 lifecam22 3122.27832031 4761.85302734 4.7103805542
1477663109782 lifecam22 3109.65039062 4761.8984375 4.71987962723
1477663109848 lifecam22 3103.44018555 4761.35009766 4.72838354111
1477663109917 lifecam22 3095.65917969 4759.25048828 4.71852350235
1477663109986 lifecam22 3088.91113281 4759.37548828 4.7209186554
1477663110052 lifecam22 3083.65039062 4760.27441406 4.72936630249
1477663110115 lifecam22 3077.36572266 4760.58691406 4.73228693008
1477663110183 lifecam22 3071.57202148 4761.27734375 4.73870706558
1477663110248 lifecam22 3066.96606445 4761.70898438 4.74270200729
1477663110320 lifecam22 3059.39868164 4759.86376953 4.73779058456
1477663110382 lifecam22 3052.10302734 4757.66601562 4.7311501503
1477663110518 lifecam22 3038.85595703 4756.18066406 4.72491359711
1477663110582 lifecam22 3032.33422852 4756.15332031 4.73781442642
1477663110653 lifecam22 3026.34912109 4755.04980469 4.73486566544
1477663110719 lifecam22 3018.27392578 4752.91992188 4.72364711761
1477663110787 lifecam22 3010.96435547 4752.32568359 4.71943855286
1477663110851 lifecam22 3004.83666992 4752.83496094 4.72419404984
1477663110916 lifecam22 2998.2265625 4752.80859375 4.72499895096
1477663110985 lifecam22 2992.18505859 4752.89208984 4.72903394699
1477663111051 lifecam22 2985.47729492 4753.03808594 4.73036909103
1477663111118 lifecam22 2978.67895508 4751.05761719 4.73297214508
1477663111194 lifecam22 2975.75512695 4750.56396484 4.74805927277
1477663111253 lifecam22 2966.31640625 4749.08154297 4.74244308472
1477663111318 lifecam22 2963.13549805 4750.56396484 4.75645399094
1477663111386 lifecam22 2954.65161133 4749.484375 4.74952459335
1477663111448 lifecam22 2948.19067383 4749.43603516 4.7524638176
1477663111585 lifecam22 2933.34667969 4747.63134766 4.7419834137
1477663111650 lifecam22 2926.41894531 4747.56689453 4.74138784409
1477663111720 lifecam22 2919.77172852 4747.77197266 4.74601459503
1477663111784 lifecam22 2913.04711914 4747.24707031 4.74394989014
1477663111852 lifecam22 2906.7565918 4747.16064453 4.75258159637
1477663111922 lifecam22 2900.91992188 4745.58349609 4.75669288635
1477663111984 lifecam22 2893.79858398 4743.10107422 4.7509059906
1477663112052 lifecam22 2887.23120117 4742.51757812 4.74805307388
1477663112119 lifecam22 2879.87744141 4741.63476562 4.74461078644
1477663112188 lifecam22 2873.19946289 4741.53662109 4.74475288391
1477663112318 lifecam22 2858.75415039 4740.12451172 4.74006652832
1477663112390 lifecam22 2852.31054688 4740.24072266 4.74246025085
1477663112453 lifecam22 2847.92382812 4740.24365234 4.76058959961
1477663112519 lifecam22 2841.66308594 4739.31542969 4.76169967651
1477663112587 lifecam22 2834.68676758 4737.74804688 4.75729036331
1477663112653 lifecam22 2827.01464844 4735.55957031 4.74776411057
1477663112723 lifecam22 2821.57470703 4736.48681641 4.75735664368
1477663112785 lifecam22 2814.86572266 4735.3828125 4.75462865829
1477663112853 lifecam22 2808.77172852 4735.26220703 4.75907897949
1477663112919 lifecam22 2801.83007812 4734.81103516 4.75838756561
1477663113053 lifecam22 2790.73706055 4734.31445312 4.77463436127
1477663113122 lifecam22 2783.34643555 4733.30175781 4.7730255127
1477663113189 lifecam22 2776.92260742 4732.40771484 4.76952219009
1477663113258 lifecam22 2769.30810547 4731.20214844 4.76526737213
1477663113322 lifecam22 2762.19677734 4729.91699219 4.75770282745
1477663113389 lifecam22 2754.99536133 4729.12011719 4.75729084015
1477663113454 lifecam22 2748.05664062 4727.94580078 4.75390720367
1477663113519 lifecam22 2741.62451172 4727.70019531 4.75746965408
1477663113589 lifecam22 2735.78955078 4727.55419922 4.76812839508
1477663113653 lifecam22 2729.29589844 4726.66796875 4.76950788498
1477663113788 lifecam22 2715.01391602 4723.48583984 4.76143312454
1477663113856 lifecam22 2708.05517578 4722.65039062 4.76069784164
1477663113925 lifecam22 2701.1159668 4721.6171875 4.75687885284
1477663113991 lifecam22 2694.11791992 4721.50195312 4.75826931
1477663114055 lifecam22 2687.6965332 4721.58837891 4.76476860046
1477663114124 lifecam22 2681.63208008 4721.34667969 4.77315950394
1477663114188 lifecam22 2675.92407227 4720.47900391 4.77791452408
1477663114256 lifecam22 2670.59692383 4720.66992188 4.78362321854
1477663114321 lifecam22 2663.19873047 4718.89208984 4.77871084213
1477663114389 lifecam22 2657.03198242 4718.78369141 4.7826128006
1477663114469 lifecam22 2650.83959961 4718.49462891 4.78458976746
1477663114527 lifecam22 2644.64794922 4716.49365234 4.78914546967
1477663114597 lifecam22 2638.18774414 4715.61572266 4.78567790985
1477663114663 lifecam22 2630.33056641 4714.00146484 4.78200054169
1477663114731 lifecam22 2623.79614258 4712.02880859 4.77491760254
1477663114863 lifecam22 2609.91748047 4710.87402344 4.77469158173
1477663114931 lifecam22 2603.59960938 4710.07177734 4.77709913254
1477663114997 lifecam22 2596.55493164 4709.75732422 4.77920722961
1477663115065 lifecam22 2589.98095703 4708.81640625 4.7797665596
1477663115127 lifecam22 2584.10083008 4708.23046875 4.7837471962
1477663115190 lifecam22 2577.21606445 4707.41894531 4.78192949295
1477663115257 lifecam22 2569.87036133 4706.69042969 4.78262853622
1477663115324 lifecam22 2563.66479492 4705.99707031 4.78586769104
1477663115389 lifecam22 2557.40869141 4705.18603516 4.79027748108
1477663115457 lifecam22 2550.64575195 4704.12792969 4.79151201248
1477663115526 lifecam22 2544.09204102 4702.33984375 4.7895693779
1477663115591 lifecam22 2537.76806641 4702.14648438 4.79350566864
1477663115656 lifecam22 2531.05883789 4701.32519531 4.79294538498
1477663115723 lifecam22 2523.19897461 4699.28613281 4.78694248199
1477663115794 lifecam22 2516.91308594 4698.79736328 4.78697395325
1477663115925 lifecam22 2505.08251953 4698.0546875 4.80132961273
1477663115993 lifecam22 2498.35693359 4696.42529297 4.79738664627
1477663116059 lifecam22 2491.70629883 4695.21435547 4.79691267014
1477663116125 lifecam22 2485.24560547 4694.35742188 4.79625606537
1477663116191 lifecam22 2478.80737305 4693.11230469 4.79764890671
1477663116262 lifecam22 2471.80688477 4691.79248047 4.79858398438
1477663116325 lifecam22 2466.05053711 4690.98535156 4.79885387421
1477663116394 lifecam22 2458.95410156 4688.94335938 4.79627132416
1477663116460 lifecam22 2452.68237305 4688.23388672 4.79615926743
1477663116528 lifecam22 2445.53515625 4687.64648438 4.79824352264
1477663116660 lifecam22 2433.38549805 4686.94921875 4.80854415894
1477663116725 lifecam22 2426.93164062 4686.27734375 4.81171560287
1477663116793 lifecam22 2420.39306641 4685.37890625 4.81024599075
1477663116863 lifecam22 2413.51513672 4684.17382812 4.81017303467
1477663116926 lifecam22 2406.71826172 4682.62939453 4.80569601059
1477663117058 lifecam22 2393.57299805 4680.60986328 4.81163167953
1477663117129 lifecam22 2386.80908203 4679.74707031 4.81289625168
1477663117193 lifecam22 2380.48974609 4677.90527344 4.80951404572
1477663117262 lifecam22 2372.85327148 4676.46582031 4.80900382996
1477663117330 lifecam22 2366.7878418 4675.10839844 4.80720996857
1477663117393 lifecam22 2360.82763672 4674.14697266 4.81237316132
1477663117464 lifecam22 2353.77685547 4673.53466797 4.81501102448
1477663117529 lifecam22 2346.98828125 4672.77148438 4.81365728378
1477663117592 lifecam22 2340.1484375 4671.95068359 4.81429004669
1477663117663 lifecam22 2333.16259766 4670.62353516 4.81286764145
1477663117793 lifecam22 2320.27368164 4667.81835938 4.81708717346
1477663117861 lifecam22 2314.27270508 4667.33544922 4.8191204071
1477663117930 lifecam22 2307.29833984 4664.85009766 4.81323671341
1477663117996 lifecam22 2300.75634766 4663.85205078 4.81214809418
1477663118061 lifecam22 2294.53393555 4662.98974609 4.81763553619
1477663118130 lifecam22 2287.70507812 4660.9296875 4.81647157669
1477663118195 lifecam22 2283.16479492 4660.66699219 4.82355833054
1477663118260 lifecam22 2275.51586914 4659.79638672 4.82207107544
1477663118328 lifecam22 2269.58764648 4659.11230469 4.82438373566
1477663118396 lifecam22 2262.52075195 4657.74267578 4.82490682602
1477663118528 lifecam22 2249.27905273 4655.49853516 4.82524204254
1477663118596 lifecam22 2243.10668945 4654.41308594 4.82643699646
1477663118665 lifecam22 2236.69702148 4653.65869141 4.82835054398
1477663118729 lifecam22 2229.31518555 4652.15771484 4.82448863983
1477663118799 lifecam22 2223.37402344 4651.61962891 4.83017158508
1477663118863 lifecam22 2216.85400391 4650.78564453 4.83379936218
1477663118930 lifecam22 2209.92895508 4647.80615234 4.82872486115
1477663118996 lifecam22 2202.84790039 4647.11132812 4.83050394058
1477663119063 lifecam22 2196.04394531 4645.58496094 4.82695150375
1477663119131 lifecam22 2189.90209961 4643.93554688 4.82894277573
1477663119198 lifecam22 2182.27197266 4642.77099609 4.82582187653
1477663119263 lifecam22 2177.04296875 4642.6796875 4.83275413513
1477663119329 lifecam22 2170.20214844 4640.51074219 4.83116292953
1477663119399 lifecam22 2163.42431641 4639.72167969 4.83089256287
1477663119465 lifecam22 2156.43774414 4638.51660156 4.8330039978
1477663119596 lifecam22 2144.55786133 4636.21777344 4.83952522278
1477663119665 lifecam22 2138.21435547 4634.32958984 4.83706521988
1477663119732 lifecam22 2131.58032227 4633.8671875 4.83835124969
1477663119796 lifecam22 2124.83203125 4631.73095703 4.83756065369
1477663119863 lifecam22 2118.73071289 4631.09130859 4.84103488922
1477663119936 lifecam22 2111.90429688 4629.70996094 4.84209156036
1477663119997 lifecam22 2105.65380859 4628.28125 4.84251928329
1477663120064 lifecam22 2098.63671875 4627.30224609 4.84201908112
1477663120131 lifecam22 2092.49267578 4626.07568359 4.8453745842
1477663120199 lifecam22 2086.40795898 4625.87158203 4.85073852539
1477663120332 lifecam22 2073.25830078 4622.65527344 4.84868526459
1477663120398 lifecam22 2065.95581055 4621.11230469 4.84563446045
1477663120466 lifecam22 2059.82885742 4619.45996094 4.84789419174
1477663120532 lifecam22 2053.34667969 4619.67089844 4.85267114639
1477663120601 lifecam22 2046.45605469 4618.03417969 4.85385942459
1477663120672 lifecam22 2039.80273438 4615.88574219 4.84983205795
1477663120732 lifecam22 2031.80834961 4613.64892578 4.84346961975
1477663120799 lifecam22 2025.86499023 4612.54101562 4.8487496376
1477663120865 lifecam22 2019.50439453 4611.11474609 4.85097455978
1477663120931 lifecam22 2013.61889648 4609.77685547 4.85096549988
1477663121069 lifecam22 1999.97070312 4607.89941406 4.85023832321
1477663121134 lifecam22 1993.18823242 4606.75195312 4.85692071915
1477663121199 lifecam22 1986.34106445 4604.61425781 4.85450792313
1477663121267 lifecam22 1981.35351562 4604.51269531 4.85963106155
1477663121334 lifecam22 1974.05493164 4602.44628906 4.85870695114
1477663121401 lifecam22 1968.33605957 4601.30859375 4.85864973068
1477663121455 lifecam20 1898.46044922 4595.61816406 4.81244325638
1477663121465 lifecam22 1895.34814453 4594.58886719 4.81325006485
1477663121519 lifecam20 1892.51977539 4595.04736328 4.81882810593
1477663121532 lifecam22 1889.22558594 4594.46923828 4.82038068771
1477663121587 lifecam20 1885.58935547 4593.45263672 4.81847810745
1477663121599 lifecam22 1882.31518555 4592.43603516 4.81585884094
1477663121655 lifecam20 1879.37329102 4592.66845703 4.82186889648
1477663121665 lifecam22 1875.70727539 4591.54980469 4.82091426849
1477663121787 lifecam20 1869.07714844 4590.90136719 4.82241106033
1477663121799 lifecam22 1862.74975586 4589.56298828 4.82311868668
1477663121857 lifecam20 1859.92749023 4589.96826172 4.82802343369
1477663121871 lifecam22 1856.67553711 4589.62695312 4.83027362823
1477663121927 lifecam20 1853.05981445 4589.25292969 4.83143424988
1477663121937 lifecam22 1849.62890625 4588.63574219 4.83289337158
1477663121990 lifecam20 1847.28820801 4589.46533203 4.84102201462
1477663122001 lifecam22 1844.19287109 4588.97998047 4.84150457382
1477663122055 lifecam20 1840.79394531 4588.88769531 4.84301424026
1477663122068 lifecam22 1837.60632324 4588.33886719 4.84384727478
1477663122127 lifecam20 1834.24047852 4588.11132812 4.8461151123
1477663122135 lifecam22 1830.89050293 4587.41308594 4.84638214111
1477663122189 lifecam20 1827.82678223 4587.65917969 4.85055208206
1477663122201 lifecam22 1824.14257812 4586.83007812 4.85066747665
1477663122255 lifecam20 1820.91308594 4586.74414062 4.85489082336
1477663122267 lifecam22 1818.0871582 4586.57519531 4.85906124115
1477663122323 lifecam20 1815.24682617 4587.52783203 4.86811923981
1477663122333 lifecam22 1811.99047852 4586.92724609 4.86930799484
1477663122391 lifecam20 1808.70117188 4586.27148438 4.87000179291
1477663122403 lifecam22 1805.49243164 4585.26904297 4.86912822723
1477663122523 lifecam20 1798.77783203 4583.82177734 4.86983680725
1477663122535 lifecam22 1792.12768555 4581.55859375 4.86718511581
1477663122594 lifecam20 1788.66491699 4580.5703125 4.866065979
1477663122604 lifecam22 1785.18798828 4579.68652344 4.86557006836
1477663122656 lifecam20 1781.96899414 4579.09521484 4.86661529541
1477663122671 lifecam22 1779.02600098 4578.34863281 4.86798191071
1477663122726 lifecam20 1775.21484375 4577.453125 4.8670463562
1477663122738 lifecam22 1771.56152344 4576.60742188 4.86558628082
1477663122791 lifecam20 1768.12756348 4575.90625 4.86449956894
1477663122803 lifecam22 1764.81835938 4575.328125 4.86360263824
1477663122855 lifecam20 1761.45776367 4574.65869141 4.86522817612
1477663122880 lifecam22 1758.22192383 4574.20996094 4.86890697479
1477663122922 lifecam20 1754.81079102 4573.82519531 4.87028598785
1477663122940 lifecam22 1751.53979492 4572.98681641 4.86981153488
1477663122990 lifecam20 1748.63000488 4572.55664062 4.87210655212
1477663123009 lifecam22 1745.46777344 4571.70019531 4.87143373489
1477663123054 lifecam20 1741.89733887 4570.24414062 4.86866903305
1477663123077 lifecam22 1738.43457031 4569.22265625 4.86806774139
1477663123122 lifecam20 1735.10424805 4569.01757812 4.86933279037
1477663123140 lifecam22 1731.98779297 4568.81152344 4.8732843399
1477663123211 lifecam22 1729.23657227 4567.84472656 4.87363910675
1477663123258 lifecam20 1723.02929688 4566.62109375 4.87660503387
1477663123278 lifecam22 1719.7532959 4566.06298828 4.87702322006
1477663123324 lifecam20 1716.22900391 4564.92871094 4.87656021118
1477663123344 lifecam22 1712.51062012 4563.80175781 4.87415027618
1477663123391 lifecam20 1709.05737305 4562.80664062 4.87352991104
1477663123410 lifecam22 1706.30297852 4562.0390625 4.8764090538
1477663123460 lifecam20 1703.25146484 4561.44335938 4.87697792053
1477663123477 lifecam22 1700.60571289 4561.08203125 4.8783659935
1477663123523 lifecam20 1696.71179199 4560.17236328 4.87795352936
1477663123590 lifecam20 1693.86157227 4559.86035156 4.88107347488
1477663123609 lifecam22 1687.2043457 4557.92480469 4.87929773331
1477663123659 lifecam20 1683.5246582 4556.99316406 4.87826251984
1477663123680 lifecam22 1680.00244141 4556.63867188 4.88077974319
1477663123722 lifecam20 1676.79882812 4556.27539062 4.88214588165
1477663123747 lifecam22 1673.75073242 4555.80761719 4.8829240799
1477663123791 lifecam20 1670.01196289 4554.78564453 4.88157558441
1477663123809 lifecam22 1666.51806641 4553.8125 4.88239097595
1477663123859 lifecam20 1663.09033203 4553.18652344 4.88346242905
1477663123878 lifecam22 1659.83642578 4552.25537109 4.8816781044
1477663123927 lifecam20 1656.59545898 4551.39355469 4.88306522369
1477663123939 lifecam22 1653.35522461 4550.37744141 4.88387489319
1477663123992 lifecam20 1650.04785156 4549.43554688 4.88283586502
1477663124006 lifecam22 1646.77929688 4548.73486328 4.88363790512
1477663124060 lifecam20 1643.4453125 4548.05175781 4.88515377045
1477663124071 lifecam22 1640.2019043 4547.21386719 4.88471984863
1477663124130 lifecam20 1636.49951172 4546.47802734 4.8849902153
1477663124138 lifecam22 1632.64904785 4545.54736328 4.8831782341
1477663124192 lifecam20 1629.53735352 4544.67382812 4.88512706757
1477663124204 lifecam22 1626.44384766 4543.60351562 4.88713788986
1477663124333 lifecam20 1619.83825684 4541.55175781 4.88480949402
1477663124341 lifecam22 1613.80029297 4539.9140625 4.88580131531
1477663124391 lifecam20 1610.0958252 4539.14160156 4.88684129715
1477663124405 lifecam22 1606.39306641 4538.13525391 4.88638210297
1477663124463 lifecam20 1603.15649414 4537.67919922 4.88853979111
1477663124473 lifecam22 1599.92041016 4537.08544922 4.88899326324
1477663124532 lifecam20 1596.82519531 4536.61132812 4.89014482498
1477663124541 lifecam22 1594.20068359 4536.38427734 4.89303731918
1477663124592 lifecam20 1590.97851562 4535.69677734 4.89397621155
1477663124605 lifecam22 1587.52636719 4534.84863281 4.89484500885
1477663124680 lifecam22 1584.43249512 4534.29931641 4.89544534683
1477663124727 lifecam20 1577.56677246 4532.44042969 4.8954372406
1477663124739 lifecam22 1574.5177002 4531.2890625 4.89614963531
1477663124796 lifecam20 1571.45983887 4530.73339844 4.89711141586
1477663124806 lifecam22 1568.21142578 4529.98193359 4.89620637894
1477663124861 lifecam20 1564.6875 4528.52392578 4.89274120331
1477663124873 lifecam22 1561.48217773 4527.45019531 4.89158058167
1477663124926 lifecam20 1558.30981445 4526.86621094 4.89414358139
1477663124940 lifecam22 1555.12548828 4525.76855469 4.89413499832
1477663124998 lifecam20 1551.87402344 4525.04589844 4.89382123947
1477663125059 lifecam20 1548.52587891 4523.71337891 4.89454507828
1477663125072 lifecam22 1542.02661133 4521.66503906 4.89397144318
1477663125126 lifecam20 1538.63598633 4520.83007812 4.89229726791
1477663125139 lifecam22 1535.39611816 4520.125 4.89359426498
1477663125194 lifecam20 1531.79406738 4519.11279297 4.89301490784
1477663125259 lifecam20 1528.62597656 4518.38769531 4.89559984207
1477663125274 lifecam22 1522.40258789 4516.68066406 4.89634370804
1477663125327 lifecam20 1518.94885254 4515.85546875 4.89473819733
1477663125339 lifecam22 1515.4309082 4515.22949219 4.89709472656
1477663125406 lifecam20 1511.87854004 4514.84960938 4.89998674393
1477663125409 lifecam22 1508.21704102 4514.13671875 4.90061569214
1477663125469 lifecam20 1505.18688965 4513.35742188 4.90134811401
1477663125477 lifecam22 1502.52661133 4513.09375 4.90438842773
1477663125531 lifecam20 1498.3482666 4512.04003906 4.90199804306
1477663125541 lifecam22 1494.5378418 4510.88574219 4.89943790436
1477663125599 lifecam20 1491.66210938 4510.37402344 4.90201330185
1477663125609 lifecam22 1489.07617188 4509.55615234 4.90267848969
1477663125669 lifecam20 1485.55834961 4508.89990234 4.90364599228
1477663125677 lifecam22 1482.20507812 4508.12988281 4.90487957001
1477663125726 lifecam20 1478.95837402 4507.39257812 4.90683746338
1477663125795 lifecam20 1475.74414062 4506.89550781 4.90956735611
1477663125810 lifecam22 1469.02856445 4505.47949219 4.91213464737
1477663125865 lifecam20 1465.046875 4504.27490234 4.91049861908
1477663125876 lifecam22 1461.30810547 4503.0 4.90789604187
1477663125927 lifecam20 1458.0970459 4502.12695312 4.90790700912
1477663125941 lifecam22 1455.12963867 4501.31347656 4.90895318985
1477663125994 lifecam20 1451.48681641 4500.34472656 4.90916967392
1477663126008 lifecam22 1447.81860352 4499.46435547 4.90969562531
1477663126065 lifecam20 1444.50085449 4498.33789062 4.90844678879
1477663126073 lifecam22 1441.27990723 4497.08544922 4.90617275238
1477663126196 lifecam20 1434.08105469 4495.17382812 4.90558385849
1477663126210 lifecam22 1427.29394531 4493.17675781 4.90450525284
1477663126262 lifecam20 1423.78820801 4492.45214844 4.9055891037
1477663126279 lifecam22 1420.55566406 4491.9296875 4.90956497192
1477663126335 lifecam20 1417.05834961 4490.96777344 4.90899848938
1477663126343 lifecam22 1413.5559082 4489.79394531 4.90677881241
1477663126395 lifecam20 1409.85888672 4488.93945312 4.90584945679
1477663126409 lifecam22 1406.58251953 4488.03417969 4.9050412178
1477663126463 lifecam20 1403.51806641 4487.33300781 4.90853452682
1477663126475 lifecam22 1400.58410645 4486.80566406 4.91252803802
1477663126533 lifecam20 1397.29296875 4485.91943359 4.91284227371
1477663126544 lifecam22 1393.95751953 4484.97949219 4.91192388535
1477663126594 lifecam20 1390.5369873 4483.7890625 4.9120464325
1477663126607 lifecam22 1387.05859375 4482.37353516 4.91207933426
1477663126662 lifecam20 1383.59912109 4481.90380859 4.91270589828
1477663126675 lifecam22 1380.36096191 4481.47753906 4.91554069519
1477663126733 lifecam20 1377.1940918 4480.63134766 4.91671514511
1477663126743 lifecam22 1374.33422852 4480.12841797 4.91784334183
1477663126794 lifecam20 1371.20898438 4479.18457031 4.92063617706
1477663126816 lifecam22 1367.64648438 4477.7421875 4.92069387436
1477663126931 lifecam20 1360.32165527 4475.47167969 4.91824245453
1477663126950 lifecam22 1353.85595703 4473.421875 4.91736698151
1477663126999 lifecam20 1350.64562988 4472.59375 4.91802978516
1477663127018 lifecam22 1347.54919434 4471.87890625 4.9182138443
1477663127062 lifecam20 1344.27856445 4471.05615234 4.91910076141
1477663127083 lifecam22 1341.30749512 4470.10253906 4.92004299164
1477663127130 lifecam20 1337.97143555 4469.0546875 4.91931629181
1477663127149 lifecam22 1334.60131836 4467.953125 4.91960000992
1477663127201 lifecam20 1331.41821289 4467.37060547 4.92238426208
1477663127216 lifecam22 1328.50073242 4466.92089844 4.92463588715
1477663127263 lifecam20 1325.19360352 4465.97998047 4.92373418808
1477663127285 lifecam22 1321.79199219 4464.93212891 4.92245912552
1477663127331 lifecam20 1317.92553711 4464.15039062 4.92189216614
1477663127347 lifecam22 1314.69348145 4463.59765625 4.92434835434
1477663127398 lifecam20 1311.62304688 4462.21484375 4.92362165451
1477663127419 lifecam22 1308.65722656 4460.9375 4.92231464386
1477663127461 lifecam20 1305.47314453 4460.62402344 4.92525243759
1477663127484 lifecam22 1302.14306641 4459.8359375 4.92624616623
1477663127529 lifecam20 1298.24414062 4458.55761719 4.92448854446
1477663127547 lifecam22 1294.87475586 4457.72949219 4.92522764206
1477663127602 lifecam20 1291.29370117 4456.85205078 4.92641305923
1477663127618 lifecam22 1288.06494141 4455.65039062 4.92643737793
1477663127662 lifecam20 1285.05041504 4454.83154297 4.9281206131
1477663127683 lifecam22 1281.69873047 4453.78027344 4.92695569992
1477663127730 lifecam20 1278.41748047 4452.73730469 4.92671394348
1477663127746 lifecam22 1275.12597656 4451.58496094 4.92637825012
1477663127799 lifecam20 1271.75634766 4450.26269531 4.9268693924
1477663127814 lifecam22 1268.56396484 4449.21240234 4.92840766907
1477663127866 lifecam20 1264.86450195 4448.24316406 4.9267449379
1477663127885 lifecam22 1261.57568359 4447.22705078 4.92611455917
1477663127959 lifecam22 1258.58520508 4446.48046875 4.9271068573
1477663128000 lifecam20 1251.63623047 4444.48242188 4.92790031433
1477663128015 lifecam22 1247.92089844 4443.43066406 4.92774534225
1477663128066 lifecam20 1244.5859375 4442.92382812 4.92943763733
1477663128085 lifecam22 1241.61962891 4442.38525391 4.93108081818
1477663128129 lifecam20 1238.60668945 4441.375 4.93040657043
1477663128153 lifecam22 1235.62536621 4440.39160156 4.93130731583
1477663128200 lifecam20 1232.08081055 4439.77001953 4.93463230133
1477663128215 lifecam22 1228.83203125 4438.75683594 4.93342828751
1477663128269 lifecam20 1226.18908691 4437.70605469 4.93327522278
1477663128330 lifecam20 1222.53210449 4436.58935547 4.93372535706
1477663128352 lifecam22 1216.48925781 4434.62792969 4.93735933304
1477663128397 lifecam20 1213.68200684 4434.04541016 4.93782758713
1477663128417 lifecam22 1210.70690918 4433.0546875 4.9357881546
1477663128466 lifecam20 1206.83276367 4431.47363281 4.93500185013
1477663128484 lifecam22 1203.16186523 4430.18457031 4.93601703644
1477663128534 lifecam20 1200.45410156 4429.23632812 4.9361615181
1477663128553 lifecam22 1197.50720215 4428.16699219 4.93555784225
1477663128599 lifecam20 1193.80847168 4426.79980469 4.93487501144
1477663128620 lifecam22 1190.01977539 4425.25683594 4.93243122101
1477663128670 lifecam20 1186.75634766 4424.51074219 4.93352222443
1477663128684 lifecam22 1183.70007324 4423.52050781 4.93502187729
1477663128733 lifecam20 1180.40246582 4421.99365234 4.93296718597
1477663128751 lifecam22 1178.24902344 4421.49023438 4.93537950516
1477663128798 lifecam20 1174.57055664 4420.66894531 4.93697977066
1477663128819 lifecam22 1170.65820312 4419.28515625 4.93470287323
1477663128866 lifecam20 1167.73083496 4418.671875 4.93526601791
1477663128882 lifecam22 1165.04492188 4418.51855469 4.93969202042
1477663128934 lifecam20 1161.06738281 4417.61816406 4.94102716446
1477663128951 lifecam22 1157.48535156 4416.37353516 4.94013214111
1477663129030 lifecam22 1154.89355469 4416.24267578 4.94454193115
1477663129065 lifecam20 1148.48608398 4414.46679688 4.94539260864
1477663129082 lifecam22 1145.07385254 4413.60644531 4.9470038414
1477663129133 lifecam20 1142.04736328 4413.19921875 4.95037603378
1477663129152 lifecam22 1138.50268555 4411.77490234 4.9482421875
1477663129201 lifecam20 1135.07019043 4410.71582031 4.94903326035
1477663129220 lifecam22 1132.37060547 4410.09033203 4.95198822021
1477663129266 lifecam20 1129.05932617 4409.01953125 4.95246458054
1477663129282 lifecam22 1125.42346191 4407.6015625 4.95064496994
1477663129334 lifecam20 1121.8984375 4406.34277344 4.94816970825
1477663129402 lifecam20 1118.35131836 4405.29101562 4.94885253906
1477663129423 lifecam22 1111.85681152 4402.890625 4.94765329361
1477663129467 lifecam20 1108.66772461 4401.40136719 4.94673728943
1477663129490 lifecam22 1105.05822754 4399.97265625 4.94462156296
1477663129533 lifecam20 1101.55895996 4399.07910156 4.94545412064
1477663129554 lifecam22 1098.87585449 4397.95556641 4.94711780548
1477663129602 lifecam20 1095.66235352 4396.74121094 4.94727993011
1477663129620 lifecam22 1092.54748535 4395.80322266 4.94743108749
1477663129665 lifecam20 1089.21936035 4394.34570312 4.94654512405
1477663129689 lifecam22 1086.04467773 4392.89160156 4.94563055038
1477663129737 lifecam20 1082.91137695 4392.14746094 4.94559526443
1477663129752 lifecam22 1079.71826172 4391.33886719 4.9469294548
1477663129803 lifecam20 1076.23278809 4390.93554688 4.95101070404
1477663129820 lifecam22 1072.98376465 4390.29296875 4.95196294785
1477663129867 lifecam20 1069.52575684 4388.95166016 4.95048189163
1477663129888 lifecam22 1066.08642578 4387.87402344 4.9504070282
1477663129934 lifecam20 1062.51379395 4386.90136719 4.94856977463
1477663129950 lifecam22 1059.72119141 4386.27783203 4.9504108429
1477663130001 lifecam20 1056.92077637 4385.21240234 4.95301198959
1477663130018 lifecam22 1053.70666504 4383.86230469 4.95278739929
1477663130092 lifecam22 1050.54345703 4382.81201172 4.95327138901
1477663130135 lifecam20 1044.14367676 4380.91064453 4.95464229584
1477663130156 lifecam22 1040.69567871 4379.85839844 4.95446205139
1477663130201 lifecam20 1037.23327637 4378.63671875 4.9558095932
1477663130218 lifecam22 1034.66210938 4377.38769531 4.95732593536
1477663130269 lifecam20 1031.91259766 4376.71582031 4.95772600174
1477663130288 lifecam22 1029.42370605 4376.17480469 4.95959234238
1477663130333 lifecam20 1025.92480469 4374.68408203 4.95929384232
1477663130356 lifecam22 1022.09643555 4373.30761719 4.95854187012
1477663130401 lifecam20 1019.14996338 4372.46435547 4.95902729034
1477663130470 lifecam20 1015.79058838 4371.39746094 4.9614572525
1477663130490 lifecam22 1010.16534424 4369.41015625 4.96382141113
1477663130533 lifecam20 1006.7545166 4368.06103516 4.96151256561
1477663130557 lifecam22 1003.33752441 4366.44677734 4.9583773613
1477663130615 lifecam22 1000.31323242 4365.66015625 4.95916414261
1477663130675 lifecam20 993.420043945 4363.45019531 4.95855569839
1477663130682 lifecam22 989.959960938 4362.54003906 4.96071386337
1477663130738 lifecam20 986.919677734 4362.05566406 4.96284627914
1477663130749 lifecam22 983.64074707 4361.13085938 4.96179008484
1477663130802 lifecam20 980.033325195 4359.90722656 4.96189546585
1477663130816 lifecam22 976.945556641 4358.87060547 4.96242189407
1477663130869 lifecam20 973.625976562 4357.64794922 4.96114635468
1477663130881 lifecam22 970.108154297 4356.02246094 4.95945072174
1477663130938 lifecam20 966.776611328 4354.9296875 4.95959234238
1477663130948 lifecam22 963.897338867 4354.55810547 4.96164083481
1477663131002 lifecam20 960.614929199 4353.26757812 4.96153450012
1477663131014 lifecam22 957.782226562 4351.80859375 4.96162652969
1477663131071 lifecam20 954.552490234 4351.11035156 4.96283388138
1477663131082 lifecam22 951.442749023 4350.10058594 4.96305561066
1477663131139 lifecam20 947.685913086 4348.90087891 4.96338605881
1477663131202 lifecam20 944.517028809 4347.74511719 4.96410274506
1477663131216 lifecam22 937.761352539 4345.21875 4.96402215958
1477663131273 lifecam20 934.413391113 4344.19335938 4.96629571915
1477663131284 lifecam22 931.329711914 4343.47802734 4.9692606926
1477663131343 lifecam20 928.083618164 4342.26904297 4.96914100647
1477663131348 lifecam22 925.341186523 4341.17480469 4.96984052658
1477663131403 lifecam20 922.012634277 4340.09667969 4.97073411942
1477663131416 lifecam22 918.619506836 4338.8125 4.97073078156
1477663131474 lifecam20 915.375305176 4337.62060547 4.97095823288
1477663131485 lifecam22 911.983764648 4336.51269531 4.97009706497
1477663131538 lifecam20 908.46081543 4335.56933594 4.97066450119
1477663131555 lifecam22 905.70111084 4334.89941406 4.97409391403
1477663131609 lifecam20 902.48034668 4334.24560547 4.9749379158
1477663131619 lifecam22 898.846740723 4332.91455078 4.97347354889
1477663131671 lifecam20 895.528198242 4331.71337891 4.97430038452
1477663131683 lifecam22 892.358947754 4330.61230469 4.97383069992
1477663131741 lifecam20 889.190673828 4329.25097656 4.97353506088
1477663131751 lifecam22 886.261169434 4328.13085938 4.97488307953
1477663131811 lifecam20 882.869445801 4326.97460938 4.97412490845
1477663131818 lifecam22 879.994750977 4325.625 4.9721903801
1477663131938 lifecam20 873.762023926 4323.48779297 4.97448968887
1477663131951 lifecam22 867.594360352 4321.26953125 4.97698307037
1477663132007 lifecam20 864.417602539 4320.08496094 4.97796821594
1477663132016 lifecam22 861.559692383 4319.05664062 4.97884654999
1477663132069 lifecam20 858.29284668 4317.52148438 4.9768872261
1477663132086 lifecam22 855.365112305 4316.21533203 4.97830486298
1477663132139 lifecam20 852.24621582 4315.32226562 4.97934913635
1477663132152 lifecam22 849.333496094 4314.53320312 4.98094320297
1477663132205 lifecam20 845.557739258 4312.97607422 4.98046302795
1477663132218 lifecam22 841.721191406 4311.32617188 4.97657251358
1477663132331 lifecam20 842.499206543 4311.92578125 4.97700357437
1477663132348 lifecam22 843.658081055 4312.68847656 4.97898197174
1477663132407 lifecam20 843.108154297 4312.640625 4.98250722885
1477663132421 lifecam22 842.918579102 4312.53857422 4.98309659958
1477663132478 lifecam20 843.324768066 4312.61132812 4.98065280914
1477663132486 lifecam22 843.420166016 4312.48876953 4.97934007645
1477663132537 lifecam20 843.185913086 4312.37255859 4.97881364822
1477663132552 lifecam22 843.073608398 4312.38134766 4.97915363312
1477663132606 lifecam20 843.310119629 4312.4296875 4.97952890396
1477663132618 lifecam22 843.370178223 4312.42480469 4.97879981995
1477663132682 lifecam22 843.375244141 4312.44726562 4.97953414917
1477663132737 lifecam20 843.310424805 4312.32568359 4.97921895981
1477663132750 lifecam22 843.240112305 4312.28613281 4.97847986221
1477663132800 lifecam20 843.31451416 4312.34423828 4.97871732712
1477663132815 lifecam22 843.31451416 4312.34423828 4.97871732712
