1477665621820 lifecam22 3360.41381836 4779.52734375 4.71287965775
1477665621889 lifecam22 3360.41381836 4779.52734375 4.71287965775
1477665621954 lifecam22 3360.4140625 4779.52783203 4.71287965775
1477665622020 lifecam22 3360.05322266 4778.88183594 4.70960521698
1477665622088 lifecam22 3360.05322266 4778.88183594 4.70960521698
1477665622157 lifecam22 3360.1809082 4779.15087891 4.71076154709
1477665622222 lifecam22 3360.41381836 4779.52734375 4.71287965775
1477665622288 lifecam22 3360.55395508 4779.52783203 4.71287918091
1477665622356 lifecam22 3360.55395508 4779.52783203 4.71287918091
1477665622421 lifecam22 3360.61352539 4779.58837891 4.71345710754
1477665622488 lifecam22 3360.41381836 4779.52734375 4.71287965775
1477665622556 lifecam22 3360.38232422 4779.06884766 4.70999574661
1477665622621 lifecam22 3360.3527832 4775.21142578 4.68430280685
1477665622695 lifecam22 3359.57202148 4777.40039062 4.70131731033
1477665622757 lifecam22 3360.07519531 4778.75927734 4.70845413208
1477665622823 lifecam22 3360.24194336 4776.98486328 4.70037221909
1477665622890 lifecam22 3359.96801758 4778.79589844 4.70883274078
1477665622957 lifecam22 3359.69360352 4777.94628906 4.70363903046
1477665623025 lifecam22 3359.67260742 4777.92480469 4.70344543457
1477665623090 lifecam22 3359.453125 4777.71923828 4.70417833328
1477665623156 lifecam22 3359.15820312 4777.00585938 4.70029354095
1477665623225 lifecam22 3359.12695312 4776.84082031 4.70007896423
1477665623290 lifecam22 3358.86889648 4776.71923828 4.69892311096
1477665623357 lifecam22 3358.86889648 4776.71923828 4.69892311096
1477665623424 lifecam22 3358.86889648 4776.71923828 4.69892311096
1477665623490 lifecam22 3359.04931641 4776.7578125 4.69931507111
1477665623556 lifecam22 3358.9440918 4776.51074219 4.69834089279
1477665623624 lifecam22 3359.63696289 4777.76074219 4.70457363129
1477665623692 lifecam22 3358.9440918 4776.51074219 4.69834089279
1477665623758 lifecam22 3358.86889648 4776.71923828 4.69892311096
1477665623824 lifecam22 3358.9440918 4776.51074219 4.69834089279
1477665623894 lifecam22 3358.97827148 4776.96679688 4.69990205765
1477665623957 lifecam22 3359.23754883 4777.36474609 4.70223712921
1477665624024 lifecam22 3360.55395508 4779.52783203 4.71287918091
1477665624091 lifecam22 3346.55419922 4779.52783203 4.71288156509
1477665624157 lifecam22 3346.88427734 4781.57763672 4.73219776154
1477665624224 lifecam22 3339.89648438 4781.73779297 4.73369121552
1477665624291 lifecam22 3333.390625 4782.09326172 4.73973464966
1477665624359 lifecam22 3326.87915039 4780.61621094 4.73024225235
1477665624425 lifecam22 3321.61425781 4782.140625 4.75455236435
1477665624492 lifecam22 3316.04907227 4782.47167969 4.7628121376
1477665624560 lifecam22 3311.88452148 4783.42626953 4.77302074432
1477665624625 lifecam22 3304.81958008 4784.06396484 4.78033256531
1477665624691 lifecam22 3298.6706543 4783.390625 4.77877807617
1477665624759 lifecam22 3292.39868164 4782.71533203 4.77741241455
1477665624825 lifecam22 3285.41821289 4782.03222656 4.77785825729
1477665624892 lifecam22 3279.34667969 4781.92919922 4.7829451561
1477665624959 lifecam22 3273.45361328 4782.1015625 4.7910656929
1477665625025 lifecam22 3268.80664062 4783.34863281 4.80624628067
1477665625093 lifecam22 3262.98681641 4783.49121094 4.81214857101
1477665625159 lifecam22 3257.48388672 4783.78027344 4.8173866272
1477665625227 lifecam22 3251.27685547 4783.26123047 4.81837129593
1477665625293 lifecam22 3245.67285156 4783.49609375 4.83180093765
1477665625359 lifecam22 3240.4921875 4783.70751953 4.83855485916
1477665625427 lifecam22 3234.99902344 4782.53759766 4.84428834915
1477665625493 lifecam22 3229.02539062 4783.71289062 4.85382556915
1477665625560 lifecam22 3223.5012207 4782.48974609 4.85765695572
1477665625627 lifecam22 3217.89819336 4783.40234375 4.86644554138
1477665625693 lifecam22 3211.59936523 4780.91992188 4.86265850067
1477665625759 lifecam22 3206.60766602 4781.99462891 4.87473726273
1477665625827 lifecam22 3200.6484375 4782.00048828 4.88264083862
1477665625895 lifecam22 3195.13037109 4781.74023438 4.89353513718
1477665625961 lifecam22 3189.23486328 4781.95117188 4.90008163452
1477665626027 lifecam22 3183.3684082 4780.81591797 4.90495491028
1477665626095 lifecam22 3178.18847656 4782.34326172 4.92135190964
1477665626161 lifecam22 3172.30102539 4780.96875 4.92513847351
1477665626227 lifecam22 3166.74194336 4780.83203125 4.93395376205
1477665626295 lifecam22 3160.56225586 4779.91113281 4.93321466446
1477665626361 lifecam22 3154.94433594 4780.15380859 4.94554662704
1477665626427 lifecam22 3149.19482422 4779.26611328 4.95093536377
1477665626495 lifecam22 3143.16943359 4778.11816406 4.95437145233
1477665626563 lifecam22 3137.36230469 4776.76806641 4.95966100693
1477665626629 lifecam22 3131.74975586 4775.80322266 4.96439218521
1477665626695 lifecam22 3125.67382812 4775.21337891 4.97003889084
1477665626763 lifecam22 3119.66992188 4773.84863281 4.97893095016
1477665626828 lifecam22 3113.13012695 4773.81933594 4.98750782013
1477665626895 lifecam22 3107.75805664 4772.24023438 4.99313354492
1477665626962 lifecam22 3102.44824219 4770.92822266 4.99684238434
1477665627028 lifecam22 3096.58374023 4769.70410156 5.00203037262
1477665627095 lifecam22 3091.33081055 4768.24853516 5.00879096985
1477665627162 lifecam22 3085.89526367 4767.56787109 5.01754331589
1477665627229 lifecam22 3080.5637207 4766.14160156 5.02125453949
1477665627297 lifecam22 3075.07250977 4764.15039062 5.02434682846
1477665627362 lifecam22 3069.37475586 4763.29394531 5.03634881973
1477665627430 lifecam22 3064.20532227 4761.95458984 5.0383143425
1477665627497 lifecam22 3058.0847168 4760.52880859 5.04634237289
1477665627564 lifecam22 3052.24780273 4758.90380859 5.04658985138
1477665627630 lifecam22 3046.56469727 4757.79150391 5.05894756317
1477665627696 lifecam22 3042.33251953 4758.47753906 5.07333993912
1477665627763 lifecam22 3036.43554688 4756.35986328 5.07919549942
1477665627830 lifecam22 3031.12744141 4755.35595703 5.08733081818
1477665627897 lifecam22 3025.86230469 4754.15478516 5.09180545807
1477665627962 lifecam22 3019.33740234 4751.79785156 5.09581804276
1477665628030 lifecam22 3014.2824707 4751.35351562 5.10657453537
1477665628099 lifecam22 3008.52441406 4749.47119141 5.11361837387
1477665628164 lifecam22 3003.16088867 4748.65283203 5.12245035172
1477665628231 lifecam22 2997.85693359 4746.85058594 5.12579917908
1477665628298 lifecam22 2991.79882812 4745.00537109 5.13247537613
1477665628364 lifecam22 2986.49951172 4743.31494141 5.13792657852
1477665628430 lifecam22 2981.07104492 4741.29150391 5.14348745346
1477665628498 lifecam22 2975.42456055 4739.09082031 5.14814376831
1477665628564 lifecam22 2969.4230957 4737.99951172 5.15636968613
1477665628630 lifecam22 2963.921875 4735.55712891 5.16177749634
1477665628699 lifecam22 2958.44824219 4732.86083984 5.16516494751
1477665628764 lifecam22 2953.04907227 4730.62890625 5.17178726196
1477665628832 lifecam22 2947.46484375 4727.80224609 5.17408943176
1477665628899 lifecam22 2941.91894531 4726.35449219 5.18518638611
1477665628966 lifecam22 2937.31835938 4723.5703125 5.19008588791
1477665629032 lifecam22 2932.38354492 4722.07275391 5.19769763947
1477665629098 lifecam22 2927.6730957 4720.02197266 5.20595932007
1477665629166 lifecam22 2921.50439453 4716.64599609 5.2076177597
1477665629232 lifecam22 2916.18066406 4715.08496094 5.21586942673
1477665629299 lifecam22 2910.70825195 4712.88671875 5.22641468048
1477665629366 lifecam22 2905.38256836 4711.12158203 5.23279809952
1477665629432 lifecam22 2900.36303711 4707.94628906 5.23606729507
1477665629500 lifecam22 2895.02001953 4706.42578125 5.24539995193
1477665629566 lifecam22 2890.11816406 4704.78759766 5.25722742081
1477665629634 lifecam22 2885.21826172 4702.36816406 5.26230382919
1477665629700 lifecam22 2879.24707031 4699.34423828 5.26751947403
1477665629766 lifecam22 2874.93701172 4697.17773438 5.2763299942
1477665629834 lifecam22 2869.0612793 4694.23095703 5.27960014343
1477665629901 lifecam22 2863.83129883 4692.87207031 5.29185962677
1477665629966 lifecam22 2858.57128906 4689.71484375 5.29464626312
1477665630034 lifecam22 2854.12304688 4687.10498047 5.30111455917
1477665630100 lifecam22 2848.50732422 4684.47851562 5.30753660202
1477665630166 lifecam22 2844.10375977 4682.16015625 5.31512880325
1477665630234 lifecam22 2837.44458008 4679.75097656 5.32420253754
1477665630302 lifecam22 2832.99389648 4676.06347656 5.32457017899
1477665630368 lifecam22 2827.38452148 4674.74072266 5.33768844604
1477665630434 lifecam22 2822.40429688 4671.16455078 5.34201812744
1477665630502 lifecam22 2817.47021484 4667.91503906 5.34534358978
1477665630568 lifecam22 2812.72241211 4665.59326172 5.35683917999
1477665630633 lifecam22 2808.43676758 4662.41796875 5.35909175873
1477665630701 lifecam22 2803.0637207 4658.48291016 5.36638641357
1477665630768 lifecam22 2798.09985352 4653.88232422 5.36391305923
1477665630833 lifecam22 2794.08740234 4651.05517578 5.37169265747
1477665630901 lifecam22 2788.78540039 4647.88916016 5.37789201736
1477665630968 lifecam22 2784.20727539 4644.79638672 5.38257026672
1477665631036 lifecam22 2778.99169922 4641.890625 5.39474105835
1477665631102 lifecam22 2774.57739258 4638.84912109 5.39697265625
1477665631169 lifecam22 2768.9375 4636.36474609 5.41269826889
1477665631236 lifecam22 2764.44677734 4632.19482422 5.4098200798
1477665631302 lifecam22 2759.47900391 4629.33105469 5.41926717758
1477665631369 lifecam22 2754.93041992 4626.85986328 5.43419504166
1477665631436 lifecam22 2750.16967773 4624.1484375 5.43775129318
1477665631501 lifecam22 2745.69335938 4619.96044922 5.44509553909
1477665631569 lifecam22 2740.30517578 4617.25439453 5.45167160034
1477665631636 lifecam22 2735.93383789 4614.82421875 5.46790504456
1477665631704 lifecam22 2732.27392578 4612.37792969 5.47539615631
1477665631769 lifecam22 2726.5859375 4605.28271484 5.46658992767
1477665631816 lifecam20 2668.75195312 4608.89892578 5.50757646561
1477665631837 lifecam22 2666.57006836 4607.95898438 5.51664352417
1477665631884 lifecam20 2665.11181641 4605.88183594 5.51165723801
1477665631904 lifecam22 2663.21362305 4604.22314453 5.51243209839
1477665631948 lifecam20 2661.48242188 4602.28515625 5.5112285614
1477665631969 lifecam22 2658.80566406 4602.57324219 5.52713012695
1477665632016 lifecam20 2656.56689453 4597.95019531 5.51072263718
1477665632037 lifecam22 2653.9140625 4594.61035156 5.50712108612
1477665632084 lifecam20 2651.68945312 4593.3359375 5.50687026978
1477665632104 lifecam22 2649.60644531 4591.47802734 5.50590896606
1477665632148 lifecam20 2646.98583984 4589.93798828 5.51155757904
1477665632169 lifecam22 2644.21166992 4589.32714844 5.52360534668
1477665632217 lifecam20 2642.31347656 4587.34228516 5.52470302582
1477665632237 lifecam22 2640.51855469 4585.0703125 5.52331447601
1477665632285 lifecam20 2638.21118164 4583.80761719 5.53106164932
1477665632304 lifecam22 2635.93457031 4580.7265625 5.52608299255
1477665632347 lifecam20 2633.75585938 4578.55859375 5.5298614502
1477665632372 lifecam22 2631.46899414 4577.46191406 5.5402636528
1477665632416 lifecam20 2629.25512695 4575.28808594 5.53982400894
1477665632437 lifecam22 2627.46313477 4573.38183594 5.54341030121
1477665632484 lifecam20 2625.82763672 4571.44140625 5.54576349258
1477665632504 lifecam22 2623.74047852 4569.57226562 5.54879045486
1477665632552 lifecam20 2621.17919922 4567.17871094 5.55280733109
1477665632572 lifecam22 2619.29101562 4564.96044922 5.55673408508
1477665632615 lifecam20 2617.43896484 4562.62109375 5.55452394485
1477665632637 lifecam22 2615.0234375 4560.06396484 5.55280017853
1477665632683 lifecam20 2612.83056641 4557.91601562 5.55668544769
1477665632705 lifecam22 2610.87524414 4555.70019531 5.56023836136
1477665632753 lifecam20 2608.60351562 4554.51464844 5.56673765182
1477665632772 lifecam22 2606.41357422 4552.73974609 5.57028579712
1477665632816 lifecam20 2604.43237305 4549.43945312 5.56895637512
1477665632837 lifecam22 2602.46826172 4547.51269531 5.57189083099
1477665632886 lifecam20 2600.04125977 4546.16308594 5.57903051376
1477665632907 lifecam22 2597.52294922 4544.36132812 5.58403921127
1477665632951 lifecam20 2595.54174805 4542.67382812 5.58679676056
1477665632972 lifecam22 2593.33374023 4540.73876953 5.59176445007
1477665633015 lifecam20 2590.77392578 4538.87451172 5.59683609009
1477665633037 lifecam22 2589.01342773 4536.96777344 5.60025405884
1477665633083 lifecam20 2586.97290039 4534.98730469 5.60361766815
1477665633105 lifecam22 2584.82714844 4532.58789062 5.60581064224
1477665633151 lifecam20 2583.38037109 4530.68554688 5.60999822617
1477665633172 lifecam22 2581.42602539 4528.65527344 5.61188268661
1477665633220 lifecam20 2579.20166016 4526.54199219 5.61569070816
1477665633240 lifecam22 2577.01293945 4525.22265625 5.62537431717
1477665633283 lifecam20 2574.65722656 4522.828125 5.62685155869
1477665633305 lifecam22 2572.78076172 4520.31640625 5.62572813034
1477665633352 lifecam20 2570.921875 4518.30371094 5.6281671524
1477665633373 lifecam22 2568.73876953 4517.484375 5.63698101044
1477665633420 lifecam20 2566.68652344 4515.87109375 5.6424202919
1477665633440 lifecam22 2565.07128906 4513.81982422 5.64676856995
1477665633485 lifecam20 2562.83105469 4511.13378906 5.64737987518
1477665633505 lifecam22 2560.6862793 4511.6171875 5.6630616188
1477665633553 lifecam20 2559.06616211 4509.69287109 5.66765165329
1477665633575 lifecam22 2557.72216797 4508.25976562 5.67362594604
1477665633619 lifecam20 2555.58789062 4506.7734375 5.67921161652
1477665633639 lifecam22 2553.15283203 4505.96630859 5.68833446503
1477665633683 lifecam20 2551.36816406 4503.3828125 5.69030189514
1477665633704 lifecam22 2549.4453125 4501.921875 5.70038032532
1477665633751 lifecam20 2547.05859375 4499.40625 5.70130681992
1477665633819 lifecam20 2544.94140625 4497.46728516 5.70687198639
1477665633886 lifecam20 2481.48095703 4483.75634766 5.68494129181
1477665633951 lifecam20 2477.90063477 4478.82519531 5.68667411804
1477665634019 lifecam20 2474.52050781 4475.30859375 5.69437551498
1477665634087 lifecam20 2470.55395508 4469.97265625 5.69823312759
1477665634151 lifecam20 2466.49804688 4467.11669922 5.70945072174
1477665634220 lifecam20 2463.57861328 4461.09912109 5.71173763275
1477665634287 lifecam20 2459.46362305 4457.05908203 5.71942186356
1477665634351 lifecam20 2457.09692383 4451.70361328 5.71863460541
1477665634419 lifecam20 2453.11328125 4447.43701172 5.72775745392
1477665634487 lifecam20 2449.36645508 4442.43066406 5.73184871674
1477665634552 lifecam20 2446.02978516 4437.49072266 5.7389626503
1477665634619 lifecam20 2442.43432617 4431.49560547 5.73904848099
1477665634687 lifecam20 2439.06274414 4426.76855469 5.7456035614
1477665634755 lifecam20 2435.71533203 4422.78613281 5.75663566589
1477665634819 lifecam20 2431.68676758 4418.79248047 5.77024793625
1477665634888 lifecam20 2428.8671875 4413.73730469 5.77402067184
1477665634955 lifecam20 2424.64770508 4409.50195312 5.78270101547
1477665635019 lifecam20 2421.79150391 4403.80224609 5.78653097153
1477665635087 lifecam20 2417.81396484 4400.41552734 5.79967975616
1477665635156 lifecam20 2415.10644531 4395.26757812 5.80450296402
1477665635219 lifecam20 2411.42529297 4390.50976562 5.80716371536
1477665635287 lifecam20 2408.6081543 4385.10986328 5.81192111969
1477665635355 lifecam20 2404.85986328 4381.68847656 5.82443094254
1477665635419 lifecam20 2401.27709961 4377.29833984 5.83976078033
1477665635487 lifecam20 2398.10180664 4371.39208984 5.83967208862
1477665635556 lifecam20 2395.38476562 4365.88867188 5.8423781395
1477665635623 lifecam20 2392.73803711 4360.44824219 5.84527349472
1477665635687 lifecam20 2388.84082031 4355.95996094 5.85739374161
1477665635755 lifecam20 2386.62133789 4350.51074219 5.85708236694
1477665635824 lifecam20 2382.40332031 4346.33251953 5.87206363678
1477665635887 lifecam20 2380.99414062 4341.57861328 5.87577390671
1477665635955 lifecam20 2377.95483398 4336.93945312 5.88230657578
1477665636024 lifecam20 2374.25683594 4331.48193359 5.88805961609
1477665636087 lifecam20 2371.92553711 4326.71826172 5.89688444138
1477665636155 lifecam20 2368.33666992 4321.34521484 5.90116977692
1477665636223 lifecam20 2366.63745117 4315.71679688 5.90199279785
1477665636292 lifecam20 2364.27612305 4310.703125 5.90788936615
1477665636355 lifecam20 2361.28466797 4305.10546875 5.91485261917
1477665636423 lifecam20 2358.02124023 4299.52001953 5.92144107819
1477665636492 lifecam20 2355.46557617 4294.95019531 5.93189191818
1477665636555 lifecam20 2353.34179688 4288.91992188 5.93317842484
1477665636623 lifecam20 2351.27978516 4284.296875 5.94332361221
1477665636691 lifecam20 2348.69262695 4278.13964844 5.94462966919
1477665636755 lifecam20 2346.46850586 4273.12646484 5.95615768433
1477665636823 lifecam20 2343.33081055 4268.91162109 5.96767997742
1477665636891 lifecam20 2340.78637695 4263.00830078 5.97267484665
1477665636959 lifecam20 2338.65527344 4257.30273438 5.97635650635
1477665637022 lifecam20 2335.90771484 4252.40429688 5.98889446259
1477665637091 lifecam20 2333.98632812 4246.62597656 5.99274730682
1477665637160 lifecam20 2331.92431641 4241.69140625 5.99818181992
1477665637223 lifecam20 2330.16870117 4235.95117188 5.9997010231
1477665637291 lifecam20 2326.81933594 4231.95751953 6.01452922821
1477665637359 lifecam20 2324.59838867 4226.24072266 6.02378463745
1477665637422 lifecam20 2322.62402344 4220.10107422 6.02464437485
1477665637492 lifecam20 2320.29101562 4214.85302734 6.03463506699
1477665637560 lifecam20 2318.76147461 4209.88867188 6.0394859314
1477665637623 lifecam20 2316.95019531 4203.72070312 6.04520511627
1477665637690 lifecam20 2314.1887207 4199.16210938 6.05680990219
1477665637759 lifecam20 2312.60449219 4193.96972656 6.0626244545
1477665637826 lifecam20 2311.82397461 4187.17529297 6.05991220474
1477665637891 lifecam20 2309.39526367 4182.53955078 6.06807565689
1477665637959 lifecam20 2308.53686523 4176.69433594 6.07309675217
1477665638027 lifecam20 2305.56469727 4171.92626953 6.08276081085
1477665638090 lifecam20 2304.24853516 4165.67822266 6.08689641953
1477665638159 lifecam20 2302.46655273 4160.01464844 6.09199285507
1477665638228 lifecam20 2301.4465332 4154.04980469 6.09582519531
1477665638290 lifecam20 2298.58740234 4148.94580078 6.108502388
1477665638359 lifecam20 2297.62890625 4143.01416016 6.11400365829
1477665638427 lifecam20 2296.48608398 4137.77392578 6.12045383453
1477665638494 lifecam20 2295.00561523 4131.34179688 6.12348508835
1477665638559 lifecam20 2293.19067383 4126.18164062 6.13648557663
1477665638627 lifecam20 2291.60644531 4120.18847656 6.14385938644
1477665638694 lifecam20 2291.05371094 4114.43505859 6.14574050903
1477665638759 lifecam20 2289.1965332 4109.13525391 6.15481090546
1477665638826 lifecam20 2288.27856445 4103.51708984 6.15837049484
1477665638895 lifecam20 2286.87426758 4097.34863281 6.16589736938
1477665638958 lifecam20 2285.93139648 4091.79296875 6.1698923111
1477665639027 lifecam20 2285.14453125 4085.34155273 6.17413902283
1477665639094 lifecam20 2282.94335938 4080.59448242 6.18418836594
1477665639159 lifecam20 2280.69360352 4075.60083008 6.19913053513
1477665639227 lifecam20 2278.91333008 4070.71166992 6.20942258835
1477665639295 lifecam20 2278.31201172 4064.39331055 6.21418905258
1477665639362 lifecam20 2277.67675781 4058.84912109 6.21747255325
1477665639427 lifecam20 2277.13549805 4052.31152344 6.22407722473
1477665639494 lifecam20 2276.62890625 4046.84814453 6.22774600983
1477665639563 lifecam20 2275.39672852 4040.67138672 6.23836374283
1477665639626 lifecam20 2275.42382812 4036.25634766 6.24125385284
1477665639695 lifecam20 2275.77124023 4028.91357422 6.23356103897
1477665639762 lifecam20 2277.47973633 4028.44873047 6.22773742676
1477665639827 lifecam20 2277.30859375 4029.35644531 6.22736024857
1477665639895 lifecam20 2277.35986328 4028.42138672 6.22366142273
1477665639962 lifecam20 2277.13696289 4028.55517578 6.22841787338
1477665640030 lifecam20 2277.34301758 4029.17260742 6.22692394257
1477665640094 lifecam20 2277.35888672 4028.52026367 6.22516441345
1477665640162 lifecam20 2277.3605957 4028.65844727 6.22642993927
1477665640230 lifecam20 2277.20263672 4028.64892578 6.22667741776
