1477666225696 lifecam22 3360.55395508 4779.52783203 4.71287918091
1477666225759 lifecam22 3360.52636719 4779.62890625 4.71384096146
1477666225827 lifecam22 3360.22900391 4779.48730469 4.71249389648
1477666225895 lifecam22 3360.27392578 4779.52734375 4.71287822723
1477666225961 lifecam22 3360.45361328 4779.68945312 4.71441841125
1477666226026 lifecam22 3360.52636719 4779.62890625 4.71384096146
1477666226096 lifecam22 3360.45361328 4779.68945312 4.71441841125
1477666226163 lifecam22 3360.47631836 4779.70996094 4.71461105347
1477666226225 lifecam22 3359.90356445 4779.44628906 4.71210622787
1477666226303 lifecam22 3360.45361328 4779.68945312 4.71441841125
1477666226362 lifecam22 3360.55395508 4779.52783203 4.71287918091
1477666226428 lifecam22 3360.55395508 4779.52783203 4.71287918091
1477666226494 lifecam22 3360.48144531 4779.58837891 4.71345567703
1477666226562 lifecam22 3360.55395508 4779.52783203 4.71287918091
1477666226696 lifecam22 3360.55395508 4779.52783203 4.71287918091
1477666226764 lifecam22 3357.25878906 4778.69580078 4.7049279213
1477666226828 lifecam22 3360.1015625 4779.75048828 4.71499967575
1477666226893 lifecam22 3360.55395508 4779.52783203 4.71287918091
1477666226963 lifecam22 3359.19433594 4779.28369141 4.71055555344
1477666227031 lifecam22 3358.11450195 4778.67724609 4.70475101471
1477666227094 lifecam22 3357.58935547 4778.59521484 4.70396327972
1477666227161 lifecam22 3357.05126953 4778.22216797 4.70037031174
1477666227231 lifecam22 3354.78540039 4778.86523438 4.70655202866
1477666227295 lifecam22 3354.59228516 4778.76708984 4.70561170578
1477666227363 lifecam22 3354.50048828 4777.51513672 4.69352245331
1477666227433 lifecam22 3354.78710938 4777.30371094 4.69146680832
1477666227496 lifecam22 3356.06347656 4777.39648438 4.69391536713
1477666227561 lifecam22 3355.37963867 4777.87646484 4.69702959061
1477666227630 lifecam22 3359.2434082 4778.80273438 4.70595312119
1477666227708 lifecam22 3358.91650391 4778.76074219 4.705555439
1477666227763 lifecam22 3353.28540039 4779.26611328 4.71038675308
1477666227833 lifecam22 3346.55419922 4779.52783203 4.71288156509
1477666227900 lifecam22 3339.55419922 4779.52783203 4.71288108826
1477666227962 lifecam22 3332.55444336 4779.52783203 4.71288204193
1477666228099 lifecam22 3320.05151367 4780.37646484 4.72092342377
1477666228164 lifecam22 3316.74243164 4782.29394531 4.74032497406
1477666228229 lifecam22 3310.24584961 4782.44384766 4.74601411819
1477666228276 lifecam20 3019.3503418 4135.48046875 4.61533308029
1477666228298 lifecam22 3016.80859375 4135.83789062 4.61976099014
1477666228340 lifecam20 3002.91455078 4123.17919922 5.40413045883
1477666228366 lifecam22 3000.02783203 4123.17773438 5.40593004227
1477666228433 lifecam22 2996.90625 4122.97851562 5.40592193604
1477666228566 lifecam22 3281.54052734 4783.42675781 4.77300167084
1477666228630 lifecam22 3276.63452148 4785.61181641 4.79022836685
1477666228697 lifecam22 3271.08422852 4785.74951172 4.79430007935
1477666228766 lifecam22 3264.44897461 4786.18359375 4.79687929153
1477666228830 lifecam22 3258.66821289 4785.59033203 4.80219268799
1477666228897 lifecam22 3253.05957031 4785.87939453 4.80973815918
1477666228966 lifecam22 3247.20410156 4785.41308594 4.81580543518
1477666229031 lifecam22 3241.83569336 4785.31396484 4.82383108139
1477666229105 lifecam22 3235.77514648 4784.87353516 4.82548189163
1477666229164 lifecam22 3230.07836914 4783.9375 4.83004808426
1477666229233 lifecam22 3223.81713867 4783.74804688 4.83515310287
1477666229299 lifecam22 3217.82202148 4782.82177734 4.83477830887
1477666229365 lifecam22 3211.46508789 4782.93945312 4.84028291702
1477666229500 lifecam22 3200.77783203 4784.05273438 4.86238622665
1477666229632 lifecam22 3189.56811523 4784.11669922 4.87976360321
1477666229699 lifecam22 3182.96044922 4782.76074219 4.88096427917
1477666229764 lifecam22 3177.85644531 4783.44433594 4.89141893387
1477666229833 lifecam22 3172.48120117 4783.39208984 4.90105819702
1477666229901 lifecam22 3166.91333008 4783.6953125 4.91043043137
1477666229966 lifecam22 3161.46240234 4783.84912109 4.91682958603
1477666230032 lifecam22 3155.56396484 4782.15332031 4.92272424698
1477666230101 lifecam22 3150.0090332 4782.31591797 4.9306178093
1477666230166 lifecam22 3143.31567383 4780.01757812 4.92855358124
1477666230234 lifecam22 3137.72607422 4780.18164062 4.93938922882
1477666230303 lifecam22 3131.82568359 4779.80957031 4.94773483276
1477666230369 lifecam22 3126.51171875 4779.87548828 4.95610713959
1477666230432 lifecam22 3119.9831543 4779.23583984 4.96058225632
1477666230505 lifecam22 3114.94287109 4779.05273438 4.97122001648
1477666230568 lifecam22 3108.84863281 4778.17138672 4.97333097458
1477666230633 lifecam22 3103.25927734 4776.87939453 4.97908782959
1477666230701 lifecam22 3097.25366211 4775.52734375 4.98512649536
1477666230768 lifecam22 3092.07275391 4773.96679688 4.98884534836
1477666230842 lifecam22 3085.87695312 4773.71728516 5.00059700012
1477666230902 lifecam22 3081.00292969 4770.91601562 4.99884748459
1477666230968 lifecam22 3074.71386719 4770.85498047 5.00540208817
1477666231037 lifecam22 3069.68798828 4767.81445312 5.00761127472
1477666231099 lifecam22 3063.63549805 4767.92089844 5.02110004425
1477666231299 lifecam22 3045.72241211 4763.91064453 5.03405857086
1477666231367 lifecam22 3041.17456055 4763.08691406 5.04394674301
1477666231436 lifecam22 3036.18237305 4762.51123047 5.05448436737
1477666231504 lifecam22 3030.18994141 4760.95214844 5.06048870087
1477666231568 lifecam22 3024.57739258 4759.82617188 5.06709575653
1477666231637 lifecam22 3019.36376953 4758.92675781 5.07847166061
1477666231702 lifecam22 3013.41699219 4757.53222656 5.08113336563
1477666231767 lifecam22 3007.97094727 4756.07324219 5.08946657181
1477666231837 lifecam22 3003.08618164 4755.06005859 5.09683036804
1477666231902 lifecam22 2997.04003906 4754.30419922 5.10770940781
1477666231967 lifecam22 2990.93994141 4750.2890625 5.10209560394
1477666232037 lifecam22 2985.36987305 4750.48974609 5.11487674713
1477666232106 lifecam22 2980.29589844 4748.32275391 5.12140512466
1477666232173 lifecam22 2974.51879883 4748.41210938 5.13494110107
1477666232241 lifecam22 2968.89086914 4745.30908203 5.1342253685
1477666232303 lifecam22 2963.28027344 4744.01855469 5.14259672165
1477666232372 lifecam22 2957.25585938 4741.41601562 5.14691114426
1477666232439 lifecam22 2953.35546875 4740.88916016 5.15805149078
1477666232506 lifecam22 2946.79785156 4738.22753906 5.16482877731
1477666232575 lifecam22 2942.80566406 4736.39306641 5.16880464554
1477666232636 lifecam22 2936.8762207 4734.01904297 5.1743183136
1477666232704 lifecam22 2931.50317383 4731.85986328 5.17689085007
1477666232770 lifecam22 2925.75341797 4728.85205078 5.17821264267
1477666232837 lifecam22 2919.90942383 4727.64599609 5.18621778488
1477666232973 lifecam22 2908.64135742 4722.31542969 5.19931745529
1477666233037 lifecam22 2903.11865234 4720.88378906 5.20951986313
1477666233103 lifecam22 2897.90966797 4717.49316406 5.20897054672
1477666233171 lifecam22 2893.00634766 4716.06689453 5.22296237946
1477666233239 lifecam22 2887.43359375 4713.06640625 5.22338008881
1477666233305 lifecam22 2882.27124023 4711.85791016 5.23837327957
1477666233372 lifecam22 2877.07519531 4709.94580078 5.24283075333
1477666233438 lifecam22 2871.23193359 4707.30615234 5.25588560104
1477666233503 lifecam22 2865.95556641 4705.390625 5.25655651093
1477666233571 lifecam22 2861.1394043 4702.96191406 5.2666926384
1477666233639 lifecam22 2856.02661133 4700.44335938 5.27067708969
1477666233705 lifecam22 2850.80859375 4697.89160156 5.27925777435
1477666233773 lifecam22 2845.58251953 4695.85791016 5.28539991379
1477666233842 lifecam22 2840.28173828 4693.44189453 5.29360198975
1477666233905 lifecam22 2835.48730469 4690.18066406 5.29386806488
1477666233973 lifecam22 2829.80419922 4688.96533203 5.30975389481
1477666234040 lifecam22 2824.96508789 4685.93066406 5.31359767914
1477666234105 lifecam22 2819.65795898 4683.39013672 5.32053422928
1477666234171 lifecam22 2814.68237305 4679.61083984 5.32441902161
1477666234240 lifecam22 2809.41015625 4678.19482422 5.33479070663
1477666234307 lifecam22 2804.65576172 4674.14794922 5.33616447449
1477666234374 lifecam22 2799.75 4672.35498047 5.34775686264
1477666234439 lifecam22 2794.75268555 4669.74023438 5.35416555405
1477666234509 lifecam22 2789.62182617 4665.78125 5.35306310654
1477666234574 lifecam22 2785.25390625 4664.10791016 5.36738538742
1477666234645 lifecam22 2779.5690918 4659.51757812 5.36791849136
1477666234707 lifecam22 2775.07446289 4657.6171875 5.37647342682
1477666234774 lifecam22 2769.99072266 4653.88525391 5.38124322891
1477666234839 lifecam22 2764.29833984 4650.29296875 5.38500595093
1477666234907 lifecam22 2760.18359375 4648.10498047 5.39761543274
1477666235041 lifecam22 2750.02587891 4640.37353516 5.40865898132
1477666235108 lifecam22 2745.79125977 4637.59130859 5.41256475449
1477666235177 lifecam22 2740.68115234 4635.40234375 5.42390584946
1477666235242 lifecam22 2735.50537109 4631.98974609 5.43179988861
1477666235301 lifecam22 2730.82104492 4627.94433594 5.43079376221
1477666235378 lifecam22 2726.0402832 4624.82714844 5.44190073013
1477666235441 lifecam22 2721.29516602 4621.12011719 5.44489526749
1477666235500 lifecam22 2716.63110352 4618.44580078 5.45980548859
1477666235576 lifecam22 2712.46948242 4617.02392578 5.4701499939
1477666235642 lifecam22 2706.38232422 4610.28417969 5.467045784
1477666235710 lifecam22 2702.02172852 4607.90332031 5.47629117966
1477666235776 lifecam22 2697.93920898 4604.02050781 5.47583150864
1477666235818 lifecam20 2640.48583984 4607.93066406 5.51432085037
1477666235844 lifecam22 2638.62646484 4605.58251953 5.51441478729
1477666235886 lifecam20 2638.04736328 4594.7421875 5.45668745041
1477666235908 lifecam22 2634.53564453 4594.34179688 5.46909189224
1477666235954 lifecam20 2631.71557617 4597.80273438 5.49980306625
1477666235976 lifecam22 2630.83007812 4594.37109375 5.49378633499
1477666236024 lifecam20 2628.5637207 4593.48681641 5.50308942795
1477666236042 lifecam22 2625.39941406 4595.47558594 5.52783536911
1477666236087 lifecam20 2623.23925781 4592.07470703 5.51924610138
1477666236110 lifecam22 2621.17431641 4589.72558594 5.51929616928
1477666236155 lifecam20 2618.28125 4589.34521484 5.53170537949
1477666236174 lifecam22 2615.93212891 4586.94824219 5.53237438202
1477666236219 lifecam20 2613.94433594 4585.08740234 5.53417730331
1477666236246 lifecam22 2611.94165039 4583.16992188 5.53638935089
1477666236286 lifecam20 2609.80712891 4581.07617188 5.53750181198
1477666236309 lifecam22 2607.60058594 4578.92236328 5.53754138947
1477666236354 lifecam20 2605.36694336 4577.14990234 5.53978633881
1477666236422 lifecam20 2603.02978516 4574.9140625 5.54391813278
1477666236442 lifecam22 2598.28417969 4571.36230469 5.55147504807
1477666236487 lifecam20 2596.21582031 4569.77392578 5.55739402771
1477666236512 lifecam22 2594.01416016 4567.13769531 5.55848550797
1477666236555 lifecam20 2591.40478516 4565.0390625 5.56220626831
1477666236577 lifecam22 2589.34082031 4563.26953125 5.56586170197
1477666236623 lifecam20 2587.37158203 4560.94873047 5.56630039215
1477666236642 lifecam22 2585.4765625 4559.18701172 5.57110834122
1477666236686 lifecam20 2583.31054688 4557.70068359 5.57399559021
1477666236715 lifecam22 2581.15673828 4555.77636719 5.57779502869
1477666236754 lifecam20 2579.01123047 4553.47412109 5.58074331284
1477666236778 lifecam22 2576.69824219 4550.83447266 5.58125734329
1477666236822 lifecam20 2574.43505859 4549.10546875 5.58923530579
1477666236842 lifecam22 2572.44726562 4547.09472656 5.59202623367
1477666236889 lifecam20 2570.51025391 4545.02929688 5.59266996384
1477666236912 lifecam22 2568.41455078 4542.87207031 5.59546041489
1477666236956 lifecam20 2566.14697266 4540.92285156 5.60069322586
1477666236978 lifecam22 2564.02612305 4539.15429688 5.60690927505
1477666237022 lifecam20 2561.99121094 4536.29199219 5.60383415222
1477666237044 lifecam22 2559.84741211 4534.38085938 5.60599517822
1477666237091 lifecam20 2557.57128906 4533.11279297 5.6159901619
1477666237113 lifecam22 2555.61523438 4530.36425781 5.61689519882
1477666237155 lifecam20 2553.61279297 4527.68164062 5.61549425125
1477666237179 lifecam22 2551.60449219 4526.39746094 5.62260389328
1477666237222 lifecam20 2549.703125 4524.68359375 5.62799787521
1477666237245 lifecam22 2547.89526367 4521.78320312 5.62566995621
1477666237291 lifecam20 2545.90625 4519.53515625 5.62615585327
1477666237312 lifecam22 2543.63769531 4517.30322266 5.62905693054
1477666237355 lifecam20 2541.56884766 4514.90625 5.63268947601
1477666237379 lifecam22 2539.22314453 4513.71484375 5.6428155899
1477666237493 lifecam20 2534.62353516 4509.47314453 5.64980459213
1477666237513 lifecam22 2530.79541016 4507.078125 5.66357707977
1477666237556 lifecam20 2528.89306641 4506.09375 5.67172670364
1477666237579 lifecam22 2526.34814453 4499.07226562 5.64012384415
1477666237623 lifecam20 2524.45141602 4496.57373047 5.63999080658
1477666237690 lifecam20 2522.70117188 4494.8984375 5.64630556107
1477666237755 lifecam20 2459.44360352 4490.96679688 5.6798620224
1477666237822 lifecam20 2456.64697266 4486.10400391 5.68921995163
1477666237890 lifecam20 2452.93481445 4481.20410156 5.68831539154
1477666237958 lifecam20 2449.13012695 4477.0625 5.69670248032
1477666238022 lifecam20 2445.69140625 4471.19287109 5.69461774826
1477666238093 lifecam20 2441.80444336 4467.87646484 5.70535135269
1477666238163 lifecam20 2438.38256836 4462.30615234 5.70745706558
1477666238224 lifecam20 2433.73095703 4459.06591797 5.72122764587
1477666238291 lifecam20 2430.24780273 4455.01269531 5.72670269012
1477666238358 lifecam20 2426.4753418 4449.73876953 5.7322268486
1477666238422 lifecam20 2422.31738281 4446.04003906 5.74294567108
1477666238560 lifecam20 2415.15161133 4436.06640625 5.75174379349
1477666238627 lifecam20 2411.5559082 4432.02490234 5.76178741455
1477666238691 lifecam20 2407.83178711 4426.29199219 5.76577234268
1477666238759 lifecam20 2404.52319336 4421.87890625 5.77248382568
1477666238826 lifecam20 2400.88989258 4417.41064453 5.78103160858
1477666238890 lifecam20 2397.46777344 4412.07470703 5.78603982925
1477666238957 lifecam20 2394.18530273 4408.03857422 5.79596424103
1477666239025 lifecam20 2391.47387695 4402.10400391 5.79482650757
1477666239084 lifecam20 2387.57836914 4397.47509766 5.80030250549
1477666239157 lifecam20 2383.72241211 4392.54492188 5.81276464462
1477666239226 lifecam20 2380.21337891 4388.23828125 5.81909322739
1477666239291 lifecam20 2377.57592773 4383.06542969 5.82553005219
1477666239358 lifecam20 2374.79785156 4378.1640625 5.82899522781
1477666239425 lifecam20 2371.33911133 4373.15869141 5.83658885956
1477666239487 lifecam20 2367.671875 4368.9140625 5.84658145905
1477666239558 lifecam20 2365.02514648 4362.94042969 5.84679603577
1477666239627 lifecam20 2362.01831055 4358.58544922 5.85531044006
1477666239695 lifecam20 2359.46728516 4353.89160156 5.86182689667
1477666239757 lifecam20 2356.82275391 4347.96582031 5.86540842056
1477666239825 lifecam20 2353.23022461 4343.78271484 5.87722253799
1477666239894 lifecam20 2350.84179688 4338.2265625 5.87981653214
1477666239957 lifecam20 2346.87646484 4333.64013672 5.89101076126
1477666240028 lifecam20 2344.28076172 4327.97167969 5.89501905441
1477666240096 lifecam20 2341.1105957 4324.37988281 5.90623044968
1477666240164 lifecam20 2337.67114258 4318.86132812 5.91368770599
1477666240294 lifecam20 2331.62207031 4309.58935547 5.92905139923
1477666240363 lifecam20 2329.69238281 4303.5859375 5.93271780014
1477666240425 lifecam20 2327.06591797 4298.74511719 5.93815279007
1477666240493 lifecam20 2323.46655273 4293.34277344 5.9490480423
1477666240561 lifecam20 2321.29321289 4288.11328125 5.95576667786
1477666240625 lifecam20 2319.23339844 4281.90917969 5.95608949661
1477666240693 lifecam20 2316.68432617 4276.74023438 5.96321392059
1477666240761 lifecam20 2314.84277344 4271.09423828 5.96652317047
1477666240825 lifecam20 2312.0065918 4265.81298828 5.97738790512
1477666240893 lifecam20 2309.8046875 4260.05664062 5.98302745819
1477666240961 lifecam20 2307.18505859 4254.1640625 5.98722934723
1477666241029 lifecam20 2305.38061523 4249.00341797 5.98914146423
1477666241093 lifecam20 2303.33837891 4244.57470703 5.99829959869
1477666241161 lifecam20 2300.17163086 4238.98925781 6.00698757172
1477666241229 lifecam20 2298.73876953 4233.34179688 6.01160621643
1477666241294 lifecam20 2296.05957031 4227.52294922 6.01880073547
1477666241361 lifecam20 2294.70239258 4222.64160156 6.02355480194
1477666241429 lifecam20 2292.30126953 4217.12158203 6.02959156036
1477666241493 lifecam20 2290.0324707 4212.89355469 6.04130744934
1477666241561 lifecam20 2288.22167969 4207.27294922 6.04928827286
1477666241632 lifecam20 2285.31323242 4201.45019531 6.05443811417
1477666241697 lifecam20 2284.94897461 4195.46142578 6.05336761475
1477666241762 lifecam20 2281.68115234 4190.24707031 6.06524944305
1477666241831 lifecam20 2279.80761719 4185.04101562 6.07441473007
1477666241898 lifecam20 2278.11547852 4179.45898438 6.08116531372
1477666242030 lifecam20 2273.89086914 4169.22216797 6.09662437439
1477666242097 lifecam20 2272.98583984 4162.71289062 6.09924316406
1477666242161 lifecam20 2270.43481445 4158.27392578 6.10962677002
1477666242229 lifecam20 2268.89868164 4151.42871094 6.11246585846
1477666242298 lifecam20 2266.43579102 4147.09765625 6.12576580048
1477666242364 lifecam20 2265.46118164 4140.640625 6.12687397003
1477666242429 lifecam20 2263.50341797 4135.4375 6.13616752625
1477666242497 lifecam20 2262.61425781 4129.57763672 6.13701963425
1477666242564 lifecam20 2261.12988281 4124.06103516 6.14388847351
1477666242629 lifecam20 2258.63183594 4118.71484375 6.15691900253
1477666242699 lifecam20 2258.1184082 4111.83349609 6.15746259689
1477666242766 lifecam20 2256.57226562 4106.16992188 6.16563796997
1477666242830 lifecam20 2256.0234375 4100.13623047 6.16780757904
1477666242897 lifecam20 2255.10571289 4094.7097168 6.17320203781
1477666242965 lifecam20 2254.15063477 4089.25048828 6.18004274368
1477666243033 lifecam20 2252.37182617 4083.56445312 6.18964624405
1477666243096 lifecam20 2251.12353516 4078.33398438 6.1958065033
1477666243165 lifecam20 2251.11938477 4071.63061523 6.19733285904
1477666243232 lifecam20 2249.75146484 4065.53491211 6.19967842102
1477666243296 lifecam20 2249.75976562 4059.12084961 6.20262241364
1477666243370 lifecam20 2246.66894531 4055.09204102 6.21809864044
1477666243433 lifecam20 2246.02832031 4048.79150391 6.22466993332
1477666243499 lifecam20 2249.36450195 4044.31445312 6.20451068878
1477666243565 lifecam20 2248.22753906 4046.40014648 6.20885801315
1477666243633 lifecam20 2249.23168945 4044.85644531 6.20223331451
1477666243765 lifecam20 2248.90527344 4045.38989258 6.2045378685
1477666243833 lifecam20 2248.80517578 4045.34179688 6.20531606674
1477666243900 lifecam20 2249.06689453 4045.18457031 6.20405197144
1477666243965 lifecam20 2249.13769531 4045.25512695 6.20345926285
1477666244032 lifecam20 2249.06689453 4045.18457031 6.20405197144
1477666244101 lifecam20 2249.0480957 4045.41894531 6.204433918
1477666244164 lifecam20 2249.13769531 4045.25512695 6.20345926285
1477666244233 lifecam20 2249.06689453 4045.18457031 6.20405197144
1477666244300 lifecam20 2249.13769531 4045.25512695 6.20345926285
1477666244364 lifecam20 2249.13769531 4045.25512695 6.20345926285
1477666244434 lifecam20 2248.87548828 4045.41235352 6.20472192764
1477666244502 lifecam20 2249.06689453 4045.18457031 6.20405197144
1477666244565 lifecam20 2248.87548828 4045.41235352 6.20472192764
1477666244632 lifecam20 2249.13769531 4045.25512695 6.20345926285
1477666244701 lifecam20 2249.06689453 4045.18457031 6.20405197144
