1478879055400 lifecam22 3194.78979492 5858.92578125 4.62811231613
1478879055539 lifecam22 3195.1171875 5858.79248047 4.62830877304
1478879055610 lifecam22 3194.40844727 5859.04882812 4.63075208664
1478879055679 lifecam22 3194.41821289 5859.27929688 4.6297249794
1478879055745 lifecam22 3194.92700195 5858.76708984 4.62804841995
1478879055811 lifecam22 3194.61669922 5858.26367188 4.62426185608
1478879055945 lifecam22 3194.90551758 5858.24267578 4.62563705444
1478879056010 lifecam22 3194.71386719 5858.32568359 4.62618637085
1478879056075 lifecam22 3194.71386719 5858.32568359 4.62618637085
1478879056144 lifecam22 3194.58081055 5858.9140625 4.62765884399
1478879056205 lifecam22 3195.02392578 5859.40332031 4.63198137283
1478879056275 lifecam22 3194.71948242 5858.46240234 4.6261639595
1478879056345 lifecam22 3194.91333008 5858.67236328 4.62579441071
1478879056402 lifecam22 3194.71948242 5858.46240234 4.6261639595
1478879056475 lifecam22 3194.93115234 5858.34423828 4.62569141388
1478879056540 lifecam22 3194.43481445 5858.26513672 4.62269449234
1478879056685 lifecam22 3194.99682617 5859.07275391 4.61973047256
1478879056741 lifecam22 3194.92504883 5858.87255859 4.61785554886
1478879056812 lifecam22 3194.43164062 5859.40673828 4.62094688416
1478879056876 lifecam22 3193.82324219 5859.55175781 4.62827968597
1478879056943 lifecam22 3192.81665039 5858.27929688 4.62450361252
1478879057068 lifecam22 3192.76635742 5857.828125 4.62069606781
1478879057145 lifecam22 3187.17211914 5856.58251953 4.61000490189
1478879057203 lifecam22 3178.96875 5858.36865234 4.62227201462
1478879057278 lifecam22 3178.79711914 5860.97460938 4.63899374008
1478879057344 lifecam22 3173.22900391 5864.05175781 4.65688991547
1478879057419 lifecam22 3168.21166992 5867.57373047 4.68167161942
1478879057480 lifecam22 3166.35546875 5867.93017578 4.68681764603
1478879057544 lifecam22 3161.93505859 5871.15185547 4.71990156174
1478879057610 lifecam22 3157.42871094 5873.265625 4.72385215759
1478879057680 lifecam22 3152.35668945 5874.65234375 4.73629379272
1478879057816 lifecam22 3144.6418457 5879.34912109 4.77604913712
1478879057883 lifecam22 3138.88476562 5880.17236328 4.78646087646
1478879057939 lifecam22 3135.76098633 5884.27148438 4.81638240814
1478879058015 lifecam22 3130.72631836 5885.48486328 4.82611131668
1478879058079 lifecam22 3125.82641602 5886.79003906 4.83631038666
1478879058279 lifecam22 3112.69165039 5891.24462891 4.88773155212
1478879058341 lifecam22 3108.08154297 5892.44384766 4.90149927139
1478879058403 lifecam22 3104.61767578 5893.73291016 4.92017126083
1478879058481 lifecam22 3100.46191406 5894.83251953 4.93560028076
1478879058547 lifecam22 3094.75805664 5895.80029297 4.95104122162
1478879058678 lifecam22 3086.15917969 5896.69042969 4.98106145859
1478879058745 lifecam22 3080.88330078 5898.40380859 4.9986205101
1478879058816 lifecam22 3076.39868164 5899.19824219 5.01442909241
1478879058878 lifecam22 3071.05639648 5899.68017578 5.02618694305
1478879058948 lifecam22 3066.72875977 5900.00732422 5.04279375076
1478879059083 lifecam22 3058.00488281 5901.54638672 5.07708024979
1478879059150 lifecam22 3053.10864258 5901.75292969 5.0931353569
1478879059216 lifecam22 3048.67602539 5902.36474609 5.10645532608
1478879059278 lifecam22 3044.05200195 5903.05029297 5.12753391266
1478879059346 lifecam22 3038.52197266 5902.96044922 5.14316940308
1478879059410 lifecam22 3035.34277344 5903.42431641 5.15867137909
1478879059483 lifecam22 3029.92773438 5904.49560547 5.17974567413
1478879059553 lifecam22 3025.95996094 5904.31884766 5.19354867935
1478879059615 lifecam22 3020.15966797 5904.37841797 5.21238088608
1478879059682 lifecam22 3016.33178711 5905.57275391 5.22955179214
1478879059884 lifecam22 3002.2109375 5904.58056641 5.27748394012
1478879059946 lifecam22 2997.24804688 5904.57666016 5.30158948898
1478879060020 lifecam22 2992.50073242 5903.32519531 5.31067419052
1478879060082 lifecam22 2988.13916016 5902.90576172 5.33145713806
1478879060151 lifecam22 2984.04833984 5902.07763672 5.34390068054
1478879060284 lifecam22 2974.31445312 5900.00341797 5.37391853333
1478879060348 lifecam22 2969.81323242 5899.42382812 5.39078187943
1478879060407 lifecam22 2965.14306641 5898.828125 5.41019821167
1478879060480 lifecam22 2960.87792969 5898.31152344 5.42875242233
1478879060551 lifecam22 2955.40844727 5897.40576172 5.44837188721
1478879060689 lifecam22 2946.27001953 5895.125 5.48046016693
1478879060749 lifecam22 2942.49560547 5895.08251953 5.50510120392
1478879060817 lifecam22 2937.56591797 5893.39746094 5.52179145813
1478879060886 lifecam22 2933.69848633 5892.71337891 5.54139328003
1478879061085 lifecam22 2919.65698242 5886.63720703 5.58691310883
1478879061150 lifecam22 2915.41186523 5884.828125 5.60136604309
1478879061218 lifecam22 2911.88183594 5883.01464844 5.61849021912
1478879061282 lifecam22 2906.98291016 5881.15380859 5.63355779648
1478879061342 lifecam22 2903.38842773 5879.77197266 5.65672540665
1478879061424 lifecam22 2898.12255859 5876.34814453 5.66726779938
1478879061476 lifecam22 2893.95166016 5874.35595703 5.67859172821
1478879061544 lifecam22 2889.52050781 5872.31103516 5.70203304291
1478879061617 lifecam22 2885.90551758 5869.77929688 5.71121454239
1478879061678 lifecam22 2881.86669922 5866.48291016 5.72710609436
1478879061825 lifecam22 2874.125 5861.65185547 5.75891590118
1478879061886 lifecam22 2868.57983398 5862.03613281 5.79259729385
1478879061952 lifecam22 2865.98999023 5857.05957031 5.79295921326
1478879062019 lifecam22 2861.13623047 5855.14160156 5.81499147415
1478879062085 lifecam22 2858.71557617 5852.0390625 5.82508611679
1478879062213 lifecam22 2849.96606445 5847.18408203 5.86489152908
1478879062278 lifecam22 2846.37695312 5843.68896484 5.88020801544
1478879062348 lifecam22 2841.43603516 5842.06689453 5.9054350853
1478879062412 lifecam22 2839.43383789 5837.64941406 5.9098277092
1478879062484 lifecam22 2834.75195312 5835.40820312 5.93565797806
1478879062563 lifecam22 2831.75390625 5832.42822266 5.95121049881
1478879062625 lifecam22 2827.64819336 5828.70410156 5.96485996246
1478879062692 lifecam22 2823.71533203 5826.67626953 5.9884262085
1478879062752 lifecam22 2820.21240234 5822.85302734 6.00350427628
1478879062822 lifecam22 2816.60839844 5820.25732422 6.02310752869
1478879063023 lifecam22 2807.31005859 5808.734375 6.07105541229
1478879063090 lifecam22 2804.35107422 5805.0625 6.08582115173
1478879063155 lifecam22 2800.87133789 5801.15820312 6.10392713547
1478879063223 lifecam22 2796.81445312 5797.80126953 6.11991453171
1478879063291 lifecam22 2794.57470703 5793.65722656 6.13715171814
1478879063361 lifecam22 2792.69116211 5789.48046875 6.14673995972
1478879063423 lifecam22 2789.48510742 5785.74267578 6.16735935211
1478879063486 lifecam22 2786.69384766 5782.91503906 6.19037818909
1478879063553 lifecam22 2784.61303711 5777.40527344 6.1991071701
1478879063621 lifecam22 2782.3840332 5772.57324219 6.21322774887
1478879063760 lifecam22 2777.23291016 5764.00292969 6.24243736267
1478879063819 lifecam22 2777.21337891 5759.94433594 6.24405002594
1478879063890 lifecam22 2772.765625 5757.703125 6.27731657028
1478879063958 lifecam22 2770.13305664 5753.24755859 0.0126984771341
1478879064021 lifecam22 2767.97924805 5747.55029297 0.0239351466298
1478879064158 lifecam22 2762.80761719 5739.97705078 0.0610129311681
1478879064220 lifecam22 2761.00708008 5735.10498047 0.0803602486849
1478879064288 lifecam22 2759.85595703 5732.72949219 0.0941726565361
1478879064355 lifecam22 2760.68823242 5734.23046875 0.0876435637474
1478879064422 lifecam22 2760.57519531 5734.05859375 0.0888091921806
1478879064564 lifecam22 2760.57519531 5734.05859375 0.0888091921806
1478879064627 lifecam22 2760.50048828 5734.27783203 0.0908318161964
1478879064695 lifecam22 2760.57519531 5734.05859375 0.0888091921806
1478879064753 lifecam22 2760.68798828 5733.83935547 0.0867509245872
1478879064824 lifecam22 2760.71362305 5733.95117188 0.0890931487083
1478879064954 lifecam22 2760.71362305 5733.95117188 0.0890931487083
