1478879126318 lifecam22 3192.23657227 5856.57861328 4.59038877487
1478879126382 lifecam22 3192.23657227 5856.57861328 4.59038877487
1478879126449 lifecam22 3191.79492188 5856.22705078 4.58680772781
1478879126645 lifecam22 3191.93798828 5856.20947266 4.5880818367
1478879126677 lifecam22 3191.54907227 5856.17773438 4.58589935303
1478879126785 lifecam22 3191.8996582 5856.16748047 4.58778476715
1478879126850 lifecam22 3191.93432617 5856.05859375 4.58684635162
1478879126919 lifecam22 3191.83056641 5856.26660156 4.58708715439
1478879127058 lifecam22 3191.89550781 5856.59130859 4.5886721611
1478879127117 lifecam22 3192.234375 5856.84423828 4.59013605118
1478879127187 lifecam22 3191.65576172 5855.61816406 4.58478403091
1478879127254 lifecam22 3192.1315918 5855.82519531 4.58623170853
1478879127317 lifecam22 3192.07421875 5856.40820312 4.5877661705
1478879127518 lifecam22 3191.46264648 5855.70947266 4.57927560806
1478879127589 lifecam22 3191.99072266 5855.87646484 4.57999849319
1478879127653 lifecam22 3192.52709961 5854.98242188 4.57377815247
1478879127718 lifecam22 3193.17993164 5854.96679688 4.57459402084
1478879127789 lifecam22 3193.93188477 5854.72119141 4.57612991333
1478879127980 lifecam22 3193.08789062 5856.83300781 4.59286642075
1478879128051 lifecam22 3193.67700195 5856.56298828 4.59033966064
1478879128121 lifecam22 3194.1574707 5857.53222656 4.59667253494
1478879128186 lifecam22 3186.49389648 5857.85986328 4.59932470322
1478879128254 lifecam22 3179.42602539 5859.62011719 4.60782289505
1478879128455 lifecam22 3166.54541016 5867.28759766 4.6589884758
1478879128515 lifecam22 3167.03637695 5871.41503906 4.680747509
1478879128586 lifecam22 3162.04199219 5873.3046875 4.6949057579
1478879128647 lifecam22 3156.64819336 5874.67236328 4.70467424393
1478879128726 lifecam22 3150.90307617 5875.29882812 4.71305322647
1478879128916 lifecam22 3139.60961914 5882.38037109 4.76979207993
1478879128991 lifecam22 3135.24389648 5885.87597656 4.79438686371
1478879129054 lifecam22 3130.9831543 5886.03613281 4.800822258
1478879129121 lifecam22 3126.63183594 5888.36865234 4.82574605942
1478879129189 lifecam22 3123.1875 5890.45703125 4.84481334686
1478879129321 lifecam22 3113.01147461 5893.85693359 4.87343549728
1478879129389 lifecam22 3109.54443359 5895.45214844 4.89594125748
1478879129458 lifecam22 3104.07543945 5896.15283203 4.91021633148
1478879129522 lifecam22 3099.29345703 5896.93994141 4.92064762115
1478879129591 lifecam22 3094.91455078 5898.41015625 4.9402256012
1478879129788 lifecam22 3080.75830078 5901.03808594 4.98607826233
1478879129862 lifecam22 3076.38671875 5901.90478516 5.00002527237
1478879129920 lifecam22 3072.18188477 5901.91210938 5.01377868652
1478879129982 lifecam22 3067.75 5903.87744141 5.03624534607
1478879130059 lifecam22 3063.3046875 5904.73144531 5.05318164825
1478879130188 lifecam22 3053.90185547 5907.01513672 5.0909113884
1478879130254 lifecam22 3048.09423828 5906.16894531 5.1015329361
1478879130324 lifecam22 3044.92749023 5907.44482422 5.12039041519
1478879130383 lifecam22 3039.2746582 5907.06689453 5.13665962219
1478879130452 lifecam22 3035.43286133 5907.95703125 5.15527248383
1478879130664 lifecam22 3022.59985352 5908.19287109 5.20361375809
1478879130717 lifecam22 3016.88964844 5908.17089844 5.22073078156
1478879130794 lifecam22 3012.7734375 5907.77929688 5.2322602272
1478879130853 lifecam22 3007.54492188 5907.84667969 5.25432443619
1478879130921 lifecam22 3003.02636719 5906.77636719 5.26482534409
1478879131067 lifecam22 2993.13012695 5906.96923828 5.2998752594
1478879131129 lifecam22 2989.16503906 5906.49121094 5.31576919556
1478879131195 lifecam22 2983.60400391 5906.66357422 5.33645963669
1478879131257 lifecam22 2979.71411133 5906.42431641 5.35511255264
1478879131325 lifecam22 2974.13085938 5905.08398438 5.37360239029
1478879131530 lifecam22 2960.60717773 5903.37109375 5.42458438873
1478879131591 lifecam22 2956.19335938 5902.05517578 5.43890190125
1478879131667 lifecam22 2952.09326172 5899.80029297 5.45013570786
1478879131727 lifecam22 2946.76635742 5899.77099609 5.46919345856
1478879131798 lifecam22 2942.1081543 5896.92236328 5.48087882996
1478879131998 lifecam22 2928.1887207 5894.78662109 5.54466581345
1478879132061 lifecam22 2923.55004883 5894.30908203 5.56664657593
1478879132126 lifecam22 2919.39331055 5891.75634766 5.5774974823
1478879132193 lifecam22 2916.19580078 5889.53320312 5.59703969955
1478879132259 lifecam22 2911.2331543 5888.70996094 5.61395406723
1478879132397 lifecam22 2903.25 5883.64453125 5.64156532288
1478879132461 lifecam22 2900.05737305 5881.25146484 5.65369224548
1478879132528 lifecam22 2894.68945312 5878.64404297 5.66975641251
1478879132593 lifecam22 2890.94311523 5877.46923828 5.68878698349
1478879132667 lifecam22 2885.87402344 5875.66259766 5.71321439743
1478879132870 lifecam22 2873.9362793 5868.11572266 5.75527954102
1478879132926 lifecam22 2869.43969727 5866.20898438 5.77919054031
1478879132996 lifecam22 2865.82299805 5862.98828125 5.78809022903
1478879133062 lifecam22 2862.05786133 5859.04541016 5.79758358002
1478879133128 lifecam22 2856.17504883 5858.70654297 5.83113527298
1478879133264 lifecam22 2849.08422852 5853.51220703 5.86567544937
1478879133328 lifecam22 2846.05932617 5850.68310547 5.88030719757
1478879133389 lifecam22 2842.20947266 5847.31542969 5.89242601395
1478879133461 lifecam22 2838.73144531 5843.91259766 5.90418434143
1478879133531 lifecam22 2835.05053711 5841.65429688 5.92531490326
1478879133665 lifecam22 2826.76171875 5834.79833984 5.96017360687
1478879133730 lifecam22 2823.43481445 5831.61474609 5.97554016113
1478879133802 lifecam22 2818.97314453 5828.4765625 5.99598932266
1478879133869 lifecam22 2816.25830078 5825.18505859 6.01231575012
1478879133927 lifecam22 2812.9987793 5821.97705078 6.02999782562
1478879134069 lifecam22 2807.36303711 5814.61181641 6.05785369873
1478879134128 lifecam22 2803.61279297 5810.56298828 6.07301473618
1478879134196 lifecam22 2802.14355469 5806.93261719 6.08389568329
1478879134257 lifecam22 2798.61010742 5802.20166016 6.10075998306
1478879134332 lifecam22 2795.70581055 5799.87939453 6.11902618408
1478879134463 lifecam22 2790.0012207 5791.64599609 6.15064001083
1478879134532 lifecam22 2787.68896484 5787.47265625 6.16580247879
1478879134598 lifecam22 2784.7980957 5782.52441406 6.1775636673
1478879134667 lifecam22 2782.59887695 5778.57128906 6.19206285477
1478879134732 lifecam22 2779.51660156 5775.44384766 6.21685361862
1478879134872 lifecam22 2775.46777344 5766.52148438 6.24646711349
1478879134933 lifecam22 2769.17138672 5765.57421875 0.00924772303551
1478879134996 lifecam22 2768.25878906 5760.81787109 0.0189972557127
1478879135063 lifecam22 2765.88793945 5755.76953125 0.0341900028288
1478879135133 lifecam22 2763.88378906 5752.25537109 0.0494632124901
1478879135271 lifecam22 2760.40087891 5742.1953125 0.0710658505559
1478879135333 lifecam22 2758.96679688 5738.58349609 0.0821225121617
1478879135401 lifecam22 2759.99780273 5740.23876953 0.0740181878209
1478879135468 lifecam22 2760.28759766 5740.16210938 0.0730976462364
1478879135532 lifecam22 2759.95532227 5740.31298828 0.0747087597847
1478879135677 lifecam22 2760.28759766 5740.16210938 0.0730976462364
1478879135731 lifecam22 2760.32446289 5740.09716797 0.0724952816963
1478879135804 lifecam22 2760.28759766 5740.16210938 0.0730976462364
1478879135867 lifecam22 2760.32446289 5740.09716797 0.0724952816963
1478879135926 lifecam22 2760.19848633 5740.07080078 0.073647081852
