1478878398189 lifecam22 3190.6940918 5859.08984375 4.58929109573
1478878398255 lifecam22 3190.70043945 5858.96582031 4.58817911148
1478878398390 lifecam22 3189.44628906 5858.36523438 4.58346605301
1478878398455 lifecam22 3188.93432617 5858.77539062 4.58527326584
1478878398520 lifecam22 3189.21899414 5858.98583984 4.58747720718
1478878398586 lifecam22 3190.71264648 5859.35400391 4.59033823013
1478878398661 lifecam22 3190.61083984 5859.01464844 4.58973026276
1478878398784 lifecam22 3190.06982422 5858.80175781 4.58701992035
1478878398855 lifecam22 3190.7175293 5859.38574219 4.59164333344
1478878398925 lifecam22 3189.91870117 5858.67919922 4.58702421188
1478878398990 lifecam22 3190.76635742 5859.2578125 4.59089899063
1478878399056 lifecam22 3189.36987305 5858.93554688 4.58349275589
1478878399250 lifecam22 3190.76635742 5859.2578125 4.59089899063
1478878399323 lifecam22 3190.61083984 5859.01464844 4.58973026276
1478878399385 lifecam22 3190.33154297 5859.22412109 4.59124326706
1478878399453 lifecam22 3190.61083984 5859.01464844 4.58973026276
1478878399523 lifecam22 3190.78198242 5859.39990234 4.59219789505
1478878399597 lifecam22 3190.95678711 5858.90576172 4.58921098709
1478878399664 lifecam22 3191.08959961 5859.32666016 4.58752155304
1478878399727 lifecam22 3191.56640625 5859.18310547 4.58688306808
1478878399794 lifecam22 3192.9074707 5860.74316406 4.58607912064
1478878399848 lifecam22 3192.28735352 5860.65820312 4.5883026123
1478878400000 lifecam22 3194.20581055 5858.7578125 4.58388757706
1478878400057 lifecam22 3193.2043457 5858.33105469 4.57731771469
1478878400121 lifecam22 3191.43603516 5859.04003906 4.58586025238
1478878400189 lifecam22 3192.15185547 5859.11376953 4.58837461472
1478878400256 lifecam22 3187.95019531 5859.84619141 4.58973550797
1478878400455 lifecam22 3172.40576172 5864.9140625 4.62783050537
1478878400524 lifecam22 3166.6237793 5868.625 4.641061306
1478878400591 lifecam22 3166.83764648 5872.26269531 4.67324447632
1478878400664 lifecam22 3162.15283203 5874.96289062 4.69127082825
1478878400714 lifecam22 3155.63793945 5875.24121094 4.69559860229
1478878400853 lifecam22 3149.2565918 5882.21777344 4.74378442764
1478878400919 lifecam22 3144.38256836 5884.65283203 4.75745010376
1478878400992 lifecam22 3140.02294922 5885.63916016 4.7700214386
1478878401059 lifecam22 3134.90698242 5887.06201172 4.78626918793
1478878401128 lifecam22 3131.36694336 5888.63867188 4.80053710938
1478878401262 lifecam22 3123.23608398 5893.0546875 4.83518409729
1478878401326 lifecam22 3117.35693359 5893.76757812 4.8450217247
1478878401384 lifecam22 3113.34521484 5895.05517578 4.8632683754
1478878401458 lifecam22 3109.2253418 5896.59375 4.88266563416
1478878401526 lifecam22 3103.77905273 5898.19042969 4.89691114426
1478878401600 lifecam22 3100.20922852 5899.59375 4.91365146637
1478878401667 lifecam22 3095.13623047 5900.53759766 4.93356132507
1478878401731 lifecam22 3091.11816406 5903.18408203 4.95383453369
1478878401794 lifecam22 3086.00537109 5902.35595703 4.96296548843
1478878401858 lifecam22 3080.9309082 5904.08056641 4.97946596146
1478878402060 lifecam22 3067.78100586 5905.75634766 5.02272844315
1478878402127 lifecam22 3062.15478516 5906.27587891 5.04422235489
1478878402195 lifecam22 3059.20458984 5907.8671875 5.06288003922
1478878402249 lifecam22 3054.01928711 5906.97070312 5.07429075241
1478878402326 lifecam22 3049.84130859 5909.15917969 5.09607458115
1478878402457 lifecam22 3040.56542969 5910.33496094 5.13071346283
1478878402526 lifecam22 3035.2097168 5908.89208984 5.13685464859
1478878402594 lifecam22 3030.47436523 5910.33886719 5.16083431244
1478878402671 lifecam22 3026.3581543 5910.45507812 5.17725419998
1478878402716 lifecam22 3021.02319336 5910.20458984 5.19545602798
1478878402862 lifecam22 3012.87451172 5910.73095703 5.2286696434
1478878402930 lifecam22 3007.6081543 5910.71533203 5.24339342117
1478878402993 lifecam22 3003.71972656 5909.27880859 5.25246763229
1478878403054 lifecam22 2998.34741211 5910.30029297 5.27807426453
1478878403121 lifecam22 2993.82958984 5909.49365234 5.29175615311
1478878403262 lifecam22 2983.90258789 5909.58007812 5.33223199844
1478878403330 lifecam22 2980.09472656 5908.82910156 5.34755945206
1478878403394 lifecam22 2974.70361328 5909.56835938 5.37307739258
1478878403463 lifecam22 2970.33544922 5907.12011719 5.38127803802
1478878403531 lifecam22 2964.6574707 5905.21191406 5.39357757568
1478878403599 lifecam22 2957.19189453 5898.96191406 5.38590478897
1478878403669 lifecam22 2955.80053711 5904.86523438 5.43007183075
1478878403726 lifecam22 2951.85058594 5903.64599609 5.44633722305
1478878403792 lifecam22 2947.203125 5901.29150391 5.45589590073
1478878403861 lifecam22 2942.17993164 5901.30029297 5.48318004608
1478878404067 lifecam22 2929.12353516 5898.52636719 5.545170784
1478878404130 lifecam22 2924.18847656 5897.71386719 5.56030750275
1478878404201 lifecam22 2920.13842773 5893.56982422 5.56703472137
1478878404264 lifecam22 2915.58520508 5893.22509766 5.58826732635
1478878404333 lifecam22 2910.59814453 5890.94677734 5.60549497604
1478878404392 lifecam22 2907.12182617 5888.61474609 5.61798286438
1478878404461 lifecam22 2902.93823242 5887.74609375 5.63874149323
1478878404529 lifecam22 2898.48266602 5884.28710938 5.65002012253
1478878404598 lifecam22 2894.72216797 5883.25878906 5.67187309265
1478878404665 lifecam22 2890.02734375 5880.7109375 5.68653011322
1478878404804 lifecam22 2882.62426758 5876.09472656 5.71520471573
1478878404869 lifecam22 2878.09448242 5874.30029297 5.73748970032
1478878404933 lifecam22 2874.35083008 5871.71289062 5.75272321701
1478878405067 lifecam22 2866.12280273 5867.46191406 5.78678417206
1478878405331 lifecam22 2848.98706055 5857.60791016 5.86425638199
1478878405391 lifecam22 2846.33666992 5852.59619141 5.86705493927
1478878405464 lifecam22 2841.63647461 5851.23730469 5.89287281036
1478878405601 lifecam22 2834.73583984 5844.28320312 5.92096138
1478878405665 lifecam22 2831.58227539 5841.97802734 5.93837976456
1478878405739 lifecam22 2827.95800781 5838.0625 5.95201778412
1478878405800 lifecam22 2824.25488281 5835.07373047 5.97026348114
1478878405862 lifecam22 2820.3347168 5831.94921875 5.9903254509
1478878406003 lifecam22 2813.54589844 5824.35253906 6.01909303665
1478878406068 lifecam22 2810.01928711 5821.68310547 6.04048204422
1478878406128 lifecam22 2807.11083984 5817.7421875 6.05600261688
1478878406201 lifecam22 2803.54736328 5814.56396484 6.07298898697
1478878406267 lifecam22 2801.10766602 5810.10791016 6.08627462387
1478878406399 lifecam22 2795.30175781 5803.13671875 6.1184387207
1478878406467 lifecam22 2792.70874023 5798.64892578 6.13413190842
1478878406534 lifecam22 2790.1472168 5794.84130859 6.14982271194
1478878406603 lifecam22 2787.57055664 5791.04638672 6.16726922989
1478878406671 lifecam22 2784.234375 5787.72021484 6.18480730057
1478878406807 lifecam22 2778.93432617 5779.00488281 6.21719932556
1478878406873 lifecam22 2777.39990234 5774.87646484 6.23084449768
1478878406932 lifecam22 2773.89501953 5772.48632812 6.26058149338
1478878407001 lifecam22 2770.78393555 5767.31396484 6.27697324753
1478878407063 lifecam22 2769.50732422 5763.13525391 0.00839370768517
1478878407205 lifecam22 2764.2722168 5755.15136719 0.0439445450902
1478878407272 lifecam22 2763.50830078 5749.3046875 0.0478032305837
1478878407339 lifecam22 2760.63037109 5746.54785156 0.0699581503868
1478878407402 lifecam22 2759.22631836 5741.32617188 0.0795262530446
1478878407469 lifecam22 2759.38891602 5741.04150391 0.0781814530492
1478878407536 lifecam22 2759.86547852 5741.3984375 0.075015373528
1478878407604 lifecam22 2759.37426758 5741.32763672 0.0781709700823
1478878407674 lifecam22 2759.6940918 5741.42089844 0.0765666440129
1478878407740 lifecam22 2759.68310547 5741.20166016 0.0767728760839
1478878407804 lifecam22 2759.72314453 5741.29589844 0.0763630345464
1478878407999 lifecam22 2759.68310547 5741.20166016 0.0767728760839
1478878408065 lifecam22 2759.68310547 5741.20166016 0.0767728760839
1478878408141 lifecam22 2759.6940918 5741.42089844 0.0765666440129
1478878408204 lifecam22 2759.68310547 5741.20166016 0.0767728760839
1478878408272 lifecam22 2760.36450195 5741.72216797 0.0730255246162
1478878408469 lifecam22 2759.92724609 5741.47216797 0.0744132399559
1478878408533 lifecam22 2759.81079102 5741.79150391 0.0753272175789
