1478871994370 lifecam22 3195.01196289 5861.08496094 4.65632295609
1478871994506 lifecam22 3195.01196289 5861.08496094 4.65632295609
1478871994570 lifecam22 3195.02832031 5861.36181641 4.6589179039
1478871994638 lifecam22 3195.0390625 5861.234375 4.6577334404
1478871994703 lifecam22 3194.87109375 5860.80712891 4.65639162064
1478871994773 lifecam22 3194.78222656 5860.74511719 4.65439605713
1478871994979 lifecam22 3195.07177734 5860.99560547 4.65690517426
1478871995049 lifecam22 3194.84228516 5860.65625 4.65498018265
1478871995113 lifecam22 3195.01196289 5861.08496094 4.65632295609
1478871995187 lifecam22 3195.07177734 5860.99560547 4.65690517426
1478871995244 lifecam22 3194.78222656 5860.74511719 4.65439605713
1478871995448 lifecam22 3195.01196289 5861.08496094 4.65632295609
1478871995516 lifecam22 3195.11547852 5861.04443359 4.65727901459
1478871995577 lifecam22 3195.01196289 5861.08496094 4.65632295609
1478871995646 lifecam22 3195.01196289 5861.08496094 4.65632295609
1478871995703 lifecam22 3194.88598633 5860.70458984 4.65534973145
1478871995915 lifecam22 3194.78759766 5860.79101562 4.65184831619
1478871995981 lifecam22 3194.96533203 5860.91064453 4.65339946747
1478871996038 lifecam22 3194.84326172 5860.57617188 4.64860105515
1478871996111 lifecam22 3194.42993164 5861.734375 4.6444029808
1478871996182 lifecam22 3195.64111328 5862.18945312 4.64340782166
1478871996319 lifecam22 3196.92797852 5862.80615234 4.65349340439
1478871996377 lifecam22 3195.49584961 5861.67773438 4.65537786484
1478871996451 lifecam22 3195.39135742 5861.94775391 4.6578707695
1478871996512 lifecam22 3194.58300781 5860.59521484 4.65266370773
1478871996585 lifecam22 3182.46728516 5858.61572266 4.6339931488
1478871996789 lifecam22 3161.23754883 5857.54150391 4.61765289307
1478871996852 lifecam22 3154.09155273 5856.04101562 4.61372518539
1478871996919 lifecam22 3149.50170898 5856.59228516 4.61666250229
1478871996971 lifecam22 3139.80664062 5855.47412109 4.60798835754
1478871997041 lifecam22 3133.18652344 5854.93408203 4.60279607773
1478871997183 lifecam22 3119.33300781 5853.26464844 4.5890417099
1478871997254 lifecam22 3113.47314453 5854.08007812 4.58911561966
1478871997316 lifecam22 3106.16992188 5852.79003906 4.58087158203
1478871997383 lifecam22 3099.67529297 5852.40283203 4.57939529419
1478871997450 lifecam22 3092.61914062 5852.49755859 4.57644987106
1478871997591 lifecam22 3079.40551758 5852.36474609 4.56952571869
1478871997647 lifecam22 3071.78320312 5851.78320312 4.56085968018
1478871997710 lifecam22 3065.08398438 5852.67773438 4.55742120743
1478871997786 lifecam22 3057.15478516 5852.39648438 4.55059099197
1478871997853 lifecam22 3050.66674805 5851.83447266 4.54781341553
1478871997990 lifecam22 3036.10449219 5850.92480469 4.53050947189
1478871998057 lifecam22 3029.14697266 5851.69091797 4.52972745895
1478871998124 lifecam22 3023.11816406 5851.35888672 4.52478170395
1478871998191 lifecam22 3016.11083984 5851.45751953 4.51808404922
1478871998245 lifecam22 3009.79101562 5851.93066406 4.51943731308
1478871998456 lifecam22 2987.65991211 5851.59472656 4.4942240715
1478871998516 lifecam22 2981.47583008 5852.56640625 4.49213314056
1478871998583 lifecam22 2973.42944336 5851.80078125 4.48410749435
1478871998647 lifecam22 2967.72827148 5852.91357422 4.48286485672
1478871998712 lifecam22 2959.87084961 5852.86376953 4.47662067413
1478871998850 lifecam22 2945.79077148 5853.58789062 4.46099328995
1478871998918 lifecam22 2939.29272461 5853.62158203 4.45763921738
1478871998989 lifecam22 2933.43139648 5855.02050781 4.46003723145
1478871999047 lifecam22 2925.4777832 5855.48681641 4.45415115356
1478871999109 lifecam22 2919.31811523 5856.87695312 4.45264816284
1478871999257 lifecam22 2904.67431641 5856.63476562 4.43391466141
1478871999327 lifecam22 2897.99414062 5858.10107422 4.43123531342
1478871999391 lifecam22 2890.14404297 5858.14306641 4.42391824722
1478871999453 lifecam22 2882.85864258 5859.85302734 4.42271089554
1478871999508 lifecam22 2875.60107422 5860.56689453 4.41416692734
1478871999652 lifecam22 2862.81665039 5863.140625 4.41445970535
1478871999725 lifecam22 2855.37719727 5863.27685547 4.40422964096
1478871999777 lifecam22 2848.78759766 5863.96337891 4.39881753922
1478871999845 lifecam22 2841.94726562 5865.7890625 4.3942232132
1478871999916 lifecam22 2834.06591797 5865.91259766 4.38880395889
1478872000047 lifecam22 2823.06152344 5869.13867188 4.39208984375
1478872000126 lifecam22 2815.453125 5870.10498047 4.38095331192
1478872000191 lifecam22 2807.78540039 5870.0390625 4.36512184143
1478872000250 lifecam22 2800.18237305 5871.43066406 4.36232948303
1478872000323 lifecam22 2794.95800781 5872.3359375 4.36206007004
1478872000524 lifecam22 2772.84179688 5876.82861328 4.3431968689
1478872000588 lifecam22 2765.70581055 5877.37109375 4.33458709717
1478872000654 lifecam22 2759.23779297 5879.41943359 4.33292102814
1478872000718 lifecam22 2752.95825195 5881.11816406 4.32971954346
1478872000791 lifecam22 2744.62036133 5881.72607422 4.3201675415
1478872000988 lifecam22 2726.35522461 5887.24902344 4.31774187088
1478872001061 lifecam22 2718.34130859 5888.4609375 4.30627250671
1478872001125 lifecam22 2711.81298828 5889.99609375 4.29999160767
1478872001184 lifecam22 2705.19458008 5891.78125 4.29550218582
1478872001390 lifecam22 2684.05395508 5896.45800781 4.27687883377
1478872001458 lifecam22 2677.08129883 5898.51953125 4.27186203003
1478872001522 lifecam22 2670.50634766 5899.92089844 4.26772451401
1478872001587 lifecam22 2664.87695312 5902.13476562 4.26891088486
1478872001651 lifecam22 2658.45410156 5904.72216797 4.26924276352
1478872001796 lifecam22 2643.13671875 5908.06591797 4.24671363831
1478872001857 lifecam22 2637.98632812 5910.58837891 4.25048685074
1478872001920 lifecam22 2631.55786133 5912.81152344 4.247174263
1478872001992 lifecam22 2624.02172852 5913.64111328 4.23817110062
1478872002051 lifecam22 2617.14428711 5916.49804688 4.23174095154
1478872002189 lifecam22 2603.07568359 5920.20263672 4.21634054184
1478872002254 lifecam22 2596.92163086 5921.66308594 4.21495056152
1478872002320 lifecam22 2590.24316406 5924.64111328 4.21041488647
1478872002383 lifecam22 2584.22314453 5926.44726562 4.20475387573
1478872002453 lifecam22 2575.54736328 5928.76855469 4.19871091843
1478872002667 lifecam22 2556.50927734 5935.96582031 4.18744468689
1478872002722 lifecam22 2548.73413086 5939.04101562 4.17727899551
1478872002796 lifecam22 2543.23022461 5941.09863281 4.17708587646
1478872002859 lifecam22 2536.85644531 5943.51123047 4.17408514023
1478872002922 lifecam22 2530.59960938 5946.68896484 4.16821718216
1478872003130 lifecam22 2510.67724609 5953.7734375 4.15389871597
1478872003196 lifecam22 2503.94287109 5956.66015625 4.14895629883
1478872003264 lifecam22 2497.26171875 5959.14599609 4.14149045944
1478872003324 lifecam22 2491.08276367 5961.21191406 4.13694620132
1478872003393 lifecam22 2485.72460938 5965.20117188 4.1381521225
1478872003583 lifecam22 2466.58544922 5973.88623047 4.12458276749
1478872003663 lifecam22 2458.98510742 5976.23193359 4.11547851562
1478872003719 lifecam22 2453.78881836 5979.12548828 4.11423587799
1478872003793 lifecam22 2446.54370117 5981.70166016 4.10236120224
1478872003995 lifecam22 2426.32763672 5990.59619141 4.08384609222
1478872004053 lifecam22 2421.09204102 5993.32177734 4.08118677139
1478872004125 lifecam22 2413.31787109 5996.78222656 4.0710515976
1478872004191 lifecam22 2407.39233398 5999.10253906 4.07097530365
1478872004261 lifecam22 2400.96899414 6002.91162109 4.05810928345
1478872004391 lifecam22 2389.24487305 6009.87792969 4.05587768555
1478872004455 lifecam22 2381.64794922 6012.94335938 4.0475063324
1478872004519 lifecam22 2377.23779297 6016.32910156 4.05207681656
1478872004597 lifecam22 2370.98535156 6019.84716797 4.04255342484
1478872004656 lifecam22 2366.46508789 6022.66064453 4.04692935944
1478872004868 lifecam22 2347.77709961 6032.91064453 4.03184938431
1478872004927 lifecam22 2339.88647461 6037.10498047 4.02056264877
1478872004985 lifecam22 2335.05273438 6040.53662109 4.02250051498
1478872005059 lifecam22 2328.9519043 6043.12695312 4.01361513138
1478872005130 lifecam22 2322.65429688 6046.484375 4.00176429749
1478872005268 lifecam22 2309.23583984 6054.19726562 3.98892760277
1478872005331 lifecam22 2305.76708984 6057.69873047 3.9934129715
1478872005395 lifecam22 2297.76318359 6061.50244141 3.98817515373
1478872005456 lifecam22 2293.18139648 6065.52441406 3.98160362244
1478872005526 lifecam22 2286.63720703 6068.85107422 3.97165322304
1478872005725 lifecam22 2270.37915039 6080.33886719 3.9700114727
1478872005790 lifecam22 2260.44287109 6084.74853516 3.9401743412
1478872005861 lifecam22 2254.15551758 6087.80712891 3.93310618401
1478872005927 lifecam22 2251.28271484 6091.515625 3.94079136848
1478872005992 lifecam22 2243.39208984 6095.8125 3.92362475395
1478872006138 lifecam22 2232.97802734 6102.73681641 3.91960120201
1478872006192 lifecam22 2225.5534668 6107.13671875 3.91108584404
1478872006262 lifecam22 2221.4987793 6111.34765625 3.91321969032
1478872006320 lifecam22 2214.45288086 6115.21533203 3.8955385685
1478872006401 lifecam22 2208.55688477 6119.23681641 3.89636874199
1478872006456 lifecam22 2202.78173828 6124.1328125 3.88736772537
1478872006537 lifecam22 2197.5925293 6127.60644531 3.88637042046
1478872006603 lifecam22 2193.6394043 6131.80810547 3.88970780373
1478872006665 lifecam22 2187.73999023 6136.00341797 3.88506317139
1478872006728 lifecam22 2182.17553711 6140.00683594 3.87979245186
1478872006791 lifecam22 2175.77807617 6144.74902344 3.86720871925
1478872007005 lifecam22 2160.44042969 6157.81640625 3.86068034172
1478872007065 lifecam22 2154.7043457 6161.91503906 3.85284638405
1478872007121 lifecam22 2149.20605469 6166.12548828 3.84637832642
1478872007196 lifecam22 2143.06958008 6170.99121094 3.84184360504
1478872007262 lifecam22 2137.15600586 6175.25976562 3.83257246017
1478872007405 lifecam22 2126.76489258 6184.71142578 3.82405018806
1478872007463 lifecam22 2121.12988281 6189.30615234 3.8128387928
1478872007536 lifecam22 2115.77392578 6193.98583984 3.80972242355
1478872007600 lifecam22 2109.74023438 6198.17773438 3.80288004875
1478872007664 lifecam22 2106.33911133 6202.44873047 3.80175065994
1478872007872 lifecam22 2089.05859375 6216.47753906 3.7839243412
1478872007925 lifecam22 2084.31494141 6220.58496094 3.78246474266
1478872008000 lifecam22 2078.05761719 6225.69726562 3.77158427238
1478872008063 lifecam22 2074.2824707 6230.27783203 3.77621173859
1478872008138 lifecam22 2068.84863281 6234.61279297 3.76578426361
1478872008332 lifecam22 2054.30322266 6250.33789062 3.75444746017
1478872008400 lifecam22 2049.20874023 6254.52734375 3.7503683567
1478872008472 lifecam22 2043.40588379 6260.33789062 3.74166178703
1478872008538 lifecam22 2039.15368652 6264.70898438 3.73877215385
1478872008594 lifecam22 2034.10656738 6269.41308594 3.73353242874
1478872008723 lifecam22 2025.31311035 6279.19628906 3.72863292694
1478872008789 lifecam22 2019.67150879 6284.01025391 3.72009181976
1478872008872 lifecam22 2016.3236084 6289.34521484 3.72110080719
1478872008932 lifecam22 2010.13195801 6294.71289062 3.71245098114
1478872008999 lifecam22 2005.85778809 6299.44384766 3.7075510025
1478872009137 lifecam22 2005.54772949 6304.61621094 3.72203087807
1478872009196 lifecam22 2004.92199707 6303.26220703 3.71610999107
1478872009267 lifecam22 2005.25622559 6304.39013672 3.72107219696
1478872009326 lifecam22 2005.50158691 6303.60595703 3.71881914139
1478872009405 lifecam22 2005.36755371 6303.85351562 3.72140645981
1478872009538 lifecam22 2005.52893066 6303.80615234 3.7212805748
1478872009600 lifecam22 2005.04748535 6303.72949219 3.71951913834
1478872009663 lifecam22 2005.66467285 6303.86230469 3.72259879112
1478872009730 lifecam22 2006.14416504 6303.76123047 3.72458410263
1478872009805 lifecam22 2004.80090332 6303.78759766 3.71787309647
1478872010002 lifecam22 2005.53283691 6303.97509766 3.72215509415
1478872010073 lifecam22 2005.62121582 6304.07177734 3.72097945213
1478872010140 lifecam22 2005.55993652 6303.88574219 3.71945548058
1478872010203 lifecam22 2006.35241699 6303.97949219 3.72616863251
1478872010275 lifecam22 2006.14440918 6303.91943359 3.72539544106
1478872010403 lifecam22 2005.67028809 6303.87158203 3.7214717865
1478872010469 lifecam22 2005.70568848 6303.86865234 3.72296476364
1478872010543 lifecam22 2005.57702637 6303.79248047 3.72153043747
1478872010606 lifecam22 2005.44641113 6303.72314453 3.72141742706
1478872010677 lifecam22 2005.69641113 6303.76708984 3.72239899635
1478872010809 lifecam22 2005.28649902 6303.95605469 3.71894717216
1478872010869 lifecam22 2006.01672363 6303.78125 3.7260196209
1478872010938 lifecam22 2005.55358887 6303.70214844 3.72083234787
1478872011000 lifecam22 2005.36730957 6303.75341797 3.71973657608
