1478871923272 lifecam22 3204.81201172 5868.56933594 4.72252130508
1478871923336 lifecam22 3203.83325195 5867.26953125 4.71244859695
1478871923402 lifecam22 3203.15234375 5866.59912109 4.70546531677
1478871923470 lifecam22 3204.43896484 5866.95556641 4.70891523361
1478871923534 lifecam22 3203.91870117 5866.22802734 4.70305109024
1478871923681 lifecam22 3204.29199219 5867.41503906 4.71273469925
1478871923728 lifecam22 3204.46533203 5867.99072266 4.7167596817
1478871923810 lifecam22 3203.87841797 5867.58349609 4.71298408508
1478871923869 lifecam22 3203.55615234 5866.60986328 4.70878410339
1478871923937 lifecam22 3203.91674805 5867.35644531 4.71209526062
1478871924135 lifecam22 3204.40112305 5867.60009766 4.71487283707
1478871924203 lifecam22 3204.06445312 5867.77148438 4.71471309662
1478871924272 lifecam22 3204.05664062 5867.62451172 4.71337652206
1478871924340 lifecam22 3204.73364258 5867.10693359 4.71161413193
1478871924409 lifecam22 3205.04467773 5868.21630859 4.71940755844
1478871924531 lifecam22 3203.09912109 5866.15185547 4.70685625076
1478871924600 lifecam22 3203.16650391 5867.76513672 4.71336126328
1478871924668 lifecam22 3204.40649414 5867.46191406 4.71489143372
1478871924735 lifecam22 3204.72412109 5867.35986328 4.71397829056
1478871924799 lifecam22 3204.91333008 5868.09912109 4.71833086014
1478871924937 lifecam22 3204.24121094 5867.93310547 4.71504497528
1478871925002 lifecam22 3203.76147461 5867.62451172 4.71333169937
1478871925072 lifecam22 3204.49511719 5868.12548828 4.71849870682
1478871925133 lifecam22 3203.02636719 5867.77197266 4.71213817596
1478871925206 lifecam22 3204.07568359 5867.64208984 4.71354866028
1478871925338 lifecam22 3203.49707031 5867.36279297 4.71092844009
1478871925405 lifecam22 3203.76806641 5867.45947266 4.7118473053
1478871925469 lifecam22 3204.69067383 5868.06005859 4.71382904053
1478871925535 lifecam22 3203.27416992 5867.71582031 4.71167039871
1478871925605 lifecam22 3202.53173828 5867.18652344 4.70787477493
1478871925806 lifecam22 3205.57446289 5867.04589844 4.70523691177
1478871925868 lifecam22 3205.39208984 5867.26855469 4.70236730576
1478871925939 lifecam22 3205.33959961 5867.63525391 4.70312547684
1478871926004 lifecam22 3205.31811523 5867.61621094 4.70293092728
1478871926069 lifecam22 3204.68115234 5867.79101562 4.70309877396
1478871926279 lifecam22 3200.93481445 5866.76513672 4.70146894455
1478871926344 lifecam22 3200.90161133 5865.86572266 4.69120359421
1478871926410 lifecam22 3198.92211914 5867.09423828 4.70469474792
1478871926467 lifecam22 3190.11694336 5863.93017578 4.69094848633
1478871926542 lifecam22 3183.26660156 5863.93652344 4.69227933884
1478871926611 lifecam22 3175.70141602 5863.36035156 4.68362379074
1478871926667 lifecam22 3169.2644043 5863.19433594 4.69226264954
1478871926740 lifecam22 3161.14379883 5860.78125 4.67790031433
1478871926806 lifecam22 3154.94628906 5858.90380859 4.66264057159
1478871926873 lifecam22 3147.43945312 5858.40917969 4.66093969345
1478871927012 lifecam22 3136.67236328 5858.85351562 4.66509962082
1478871927076 lifecam22 3128.52563477 5857.14746094 4.65730142593
1478871927142 lifecam22 3121.98266602 5856.90673828 4.65218877792
1478871927209 lifecam22 3114.83642578 5855.04150391 4.64780378342
1478871927274 lifecam22 3107.96923828 5854.72363281 4.64137554169
1478871927413 lifecam22 3093.08349609 5851.99121094 4.62606859207
1478871927479 lifecam22 3085.86816406 5851.69189453 4.61937046051
1478871927536 lifecam22 3078.99365234 5850.72509766 4.61726903915
1478871927611 lifecam22 3073.00683594 5851.41796875 4.62020778656
1478871927667 lifecam22 3065.77490234 5849.99462891 4.6095495224
1478871927871 lifecam22 3044.79125977 5848.13037109 4.59788179398
1478871927943 lifecam22 3038.7265625 5848.32177734 4.59423828125
1478871928010 lifecam22 3031.63623047 5847.22216797 4.58698177338
1478871928074 lifecam22 3024.19580078 5846.68652344 4.58239412308
1478871928141 lifecam22 3017.78881836 5846.98876953 4.57844114304
1478871928282 lifecam22 3003.47216797 5845.54345703 4.56345558167
1478871928343 lifecam22 2996.49316406 5845.54785156 4.55720472336
1478871928409 lifecam22 2989.09130859 5844.70410156 4.55243492126
1478871928477 lifecam22 2982.0534668 5845.67578125 4.54608201981
1478871928541 lifecam22 2975.80297852 5844.75097656 4.54013633728
1478871928685 lifecam22 2962.32592773 5845.07519531 4.53390073776
1478871928744 lifecam22 2955.74145508 5845.11083984 4.53242397308
1478871928815 lifecam22 2949.71289062 5846.11083984 4.53420591354
1478871928876 lifecam22 2942.21044922 5845.54248047 4.52559185028
1478871928948 lifecam22 2934.88110352 5845.59375 4.51610279083
1478871929149 lifecam22 2913.55078125 5845.84619141 4.50124883652
1478871929215 lifecam22 2905.49023438 5846.00585938 4.49451398849
1478871929278 lifecam22 2898.11645508 5845.74951172 4.48613500595
1478871929348 lifecam22 2891.52880859 5846.97119141 4.48137426376
1478871929413 lifecam22 2884.60083008 5846.98046875 4.4778175354
1478871929545 lifecam22 2870.91821289 5848.765625 4.47308254242
1478871929614 lifecam22 2864.29296875 5847.94091797 4.46657800674
1478871929682 lifecam22 2857.38354492 5849.40087891 4.4658741951
1478871929739 lifecam22 2850.22363281 5849.31005859 4.45927906036
1478871929813 lifecam22 2843.55615234 5851.08984375 4.46005344391
1478871930014 lifecam22 2822.60400391 5851.74414062 4.43860340118
1478871930073 lifecam22 2814.63061523 5852.11914062 4.43024682999
1478871930145 lifecam22 2808.16601562 5852.62060547 4.42695999146
1478871930212 lifecam22 2801.46508789 5853.41308594 4.41820430756
1478871930279 lifecam22 2794.30273438 5853.55664062 4.41368436813
1478871930411 lifecam22 2780.70776367 5856.62011719 4.40707445145
1478871930477 lifecam22 2773.91748047 5857.39892578 4.40281867981
1478871930547 lifecam22 2767.47680664 5859.08789062 4.39779663086
1478871930613 lifecam22 2759.28637695 5859.14208984 4.3910446167
1478871930684 lifecam22 2753.12280273 5860.96777344 4.38908338547
1478871930818 lifecam22 2739.34082031 5862.72216797 4.38023757935
1478871930882 lifecam22 2733.1550293 5863.78759766 4.37283182144
1478871930953 lifecam22 2725.38183594 5864.35058594 4.36882400513
1478871931015 lifecam22 2719.40869141 5865.83886719 4.36480331421
1478871931079 lifecam22 2711.74902344 5867.09667969 4.35938215256
1478871931278 lifecam22 2690.49023438 5870.32080078 4.34192943573
1478871931351 lifecam22 2683.31933594 5871.65136719 4.33376598358
1478871931414 lifecam22 2676.94897461 5873.97802734 4.3346118927
1478871931480 lifecam22 2669.44775391 5874.54931641 4.32538223267
1478871931548 lifecam22 2663.92431641 5876.79541016 4.32343864441
1478871931682 lifecam22 2651.40551758 5879.53271484 4.32018184662
1478871931749 lifecam22 2643.09033203 5881.76269531 4.31223487854
1478871931821 lifecam22 2637.69995117 5882.09716797 4.31161975861
1478871931882 lifecam22 2629.14135742 5884.92333984 4.3041229248
1478871931951 lifecam22 2621.3293457 5884.703125 4.28816747665
1478871932085 lifecam22 2608.30151367 5887.94921875 4.27513122559
1478871932147 lifecam22 2601.60400391 5890.87744141 4.27979040146
1478871932279 lifecam22 2588.52661133 5894.32275391 4.26968574524
1478871932348 lifecam22 2582.90673828 5897.04736328 4.27309417725
1478871932487 lifecam22 2567.94506836 5900.25439453 4.25569725037
1478871932544 lifecam22 2561.87231445 5902.08691406 4.25320053101
1478871932617 lifecam22 2554.41162109 5904.00537109 4.24575901031
1478871932686 lifecam22 2546.7590332 5905.38183594 4.2328953743
1478871932739 lifecam22 2540.65576172 5908.90136719 4.23680639267
1478871932882 lifecam22 2526.80249023 5911.59228516 4.21747255325
1478871932953 lifecam22 2519.84008789 5914.35351562 4.21522903442
1478871933013 lifecam22 2513.66235352 5915.40039062 4.21561908722
1478871933087 lifecam22 2507.4855957 5918.46582031 4.20962238312
1478871933151 lifecam22 2500.22924805 5920.15576172 4.20558166504
1478871933286 lifecam22 2487.65942383 5925.69873047 4.19768953323
1478871933351 lifecam22 2481.04370117 5928.13574219 4.1916475296
1478871933417 lifecam22 2474.8359375 5931.17578125 4.18881702423
1478871933484 lifecam22 2469.06323242 5933.08007812 4.1859087944
1478871933554 lifecam22 2462.0703125 5935.06738281 4.18204927444
1478871933684 lifecam22 2448.59814453 5939.64013672 4.16885471344
1478871933753 lifecam22 2440.94921875 5942.49755859 4.15684700012
1478871933812 lifecam22 2435.24902344 5944.98193359 4.15524625778
1478871933890 lifecam22 2428.8137207 5947.61914062 4.15413761139
1478871933951 lifecam22 2420.86523438 5950.40722656 4.13802528381
1478871934087 lifecam22 2408.55053711 5955.91699219 4.13400697708
1478871934157 lifecam22 2402.73071289 5958.79394531 4.13159179688
1478871934220 lifecam22 2395.4230957 5961.40380859 4.12156248093
1478871934284 lifecam22 2389.26342773 5964.50927734 4.11807870865
1478871934350 lifecam22 2383.24414062 5967.43066406 4.11596059799
1478871934416 lifecam22 2376.97631836 5969.86181641 4.11129999161
1478871934485 lifecam22 2370.71777344 5973.15576172 4.10971689224
1478871934552 lifecam22 2363.14990234 5975.95849609 4.09782218933
1478871934621 lifecam22 2358.26538086 5979.07714844 4.09935474396
1478871934684 lifecam22 2351.26831055 5981.93408203 4.09151029587
1478871934816 lifecam22 2339.39916992 5988.33886719 4.08930253983
1478871934887 lifecam22 2332.30419922 5990.61132812 4.08001041412
1478871934955 lifecam22 2326.42041016 5993.94482422 4.07372999191
1478871935018 lifecam22 2318.78491211 5996.6015625 4.06238412857
1478871935081 lifecam22 2313.7421875 5999.91992188 4.06308984756
1478871935215 lifecam22 2302.53173828 6006.6953125 4.05817222595
1478871935284 lifecam22 2294.81469727 6010.82177734 4.04624938965
1478871935352 lifecam22 2288.71850586 6013.83056641 4.04348468781
1478871935417 lifecam22 2283.85302734 6017.52734375 4.04749584198
1478871935482 lifecam22 2275.63061523 6020.68652344 4.02864980698
1478871935683 lifecam22 2259.32836914 6030.33691406 4.02372646332
1478871935752 lifecam22 2252.8984375 6033.77539062 4.01492977142
1478871935822 lifecam22 2246.34033203 6037.13720703 4.0080575943
1478871935888 lifecam22 2240.29467773 6040.59179688 3.99937677383
1478871935956 lifecam22 2234.93212891 6044.25048828 4.00079584122
1478871936089 lifecam22 2222.64868164 6050.87255859 3.9902920723
1478871936155 lifecam22 2216.78466797 6054.74804688 3.98583126068
1478871936224 lifecam22 2210.09423828 6059.109375 3.97691226006
1478871936287 lifecam22 2205.01757812 6062.81494141 3.97778129578
1478871936353 lifecam22 2197.35839844 6065.93798828 3.96404290199
1478871936493 lifecam22 2184.25366211 6074.15722656 3.93730378151
1478871936559 lifecam22 2179.3034668 6077.53759766 3.94823813438
1478871936617 lifecam22 2175.03442383 6081.49853516 3.95152449608
1478871936693 lifecam22 2167.41479492 6084.81445312 3.93874430656
1478871936756 lifecam22 2162.33789062 6088.60742188 3.93315601349
1478871936894 lifecam22 2152.39208984 6096.85449219 3.93064332008
1478871936955 lifecam22 2144.17211914 6100.73632812 3.90998005867
1478871937024 lifecam22 2136.88574219 6105.72949219 3.89726567268
1478871937094 lifecam22 2133.38989258 6109.74804688 3.90265798569
1478871937148 lifecam22 2128.1496582 6114.54833984 3.90308403969
1478871937291 lifecam22 2115.69995117 6122.23144531 3.88520693779
1478871937353 lifecam22 2109.50415039 6126.06738281 3.87485742569
1478871937420 lifecam22 2103.41821289 6130.50878906 3.87192749977
1478871937487 lifecam22 2098.95996094 6135.02392578 3.87171912193
1478871937558 lifecam22 2094.32910156 6139.19970703 3.87040138245
1478871937630 lifecam22 2087.22363281 6143.28320312 3.854585886
1478871937687 lifecam22 2082.75244141 6147.59960938 3.85485672951
1478871937756 lifecam22 2076.54345703 6151.49609375 3.84684181213
1478871937824 lifecam22 2072.51025391 6155.52587891 3.84779214859
1478871937882 lifecam22 2065.92919922 6160.21777344 3.83895039558
1478871938031 lifecam22 2054.94604492 6169.27050781 3.82740354538
1478871938089 lifecam22 2048.92285156 6173.90869141 3.82116556168
1478871938155 lifecam22 2043.90197754 6178.1796875 3.81811547279
1478871938218 lifecam22 2039.0501709 6183.28417969 3.81370043755
1478871938290 lifecam22 2033.17126465 6187.36865234 3.80902862549
1478871938433 lifecam22 2023.07580566 6195.66308594 3.80384516716
1478871938492 lifecam22 2019.05871582 6201.06640625 3.80643010139
1478871938556 lifecam22 2014.6114502 6205.34667969 3.79819941521
1478871938626 lifecam22 2008.87927246 6209.87597656 3.79678201675
1478871938696 lifecam22 2004.00769043 6215.37158203 3.78866100311
1478871938757 lifecam22 1997.46130371 6220.09423828 3.77829408646
1478871938837 lifecam22 1992.5267334 6224.56005859 3.77217769623
1478871938893 lifecam22 1987.12194824 6229.47753906 3.76885700226
1478871938962 lifecam22 1981.91015625 6234.14208984 3.76675796509
1478871939025 lifecam22 1983.44567871 6235.48828125 3.77795267105
1478871939094 lifecam22 1983.2298584 6233.00488281 3.76973414421
1478871939299 lifecam22 1983.14025879 6234.15527344 3.7704501152
1478871939365 lifecam22 1983.49108887 6233.99658203 3.77281832695
1478871939428 lifecam22 1983.42810059 6234.109375 3.77233695984
1478871939495 lifecam22 1983.64831543 6234.04296875 3.77426481247
1478871939564 lifecam22 1983.15222168 6233.953125 3.76938962936
1478871939637 lifecam22 1984.17810059 6233.76269531 3.77539682388
1478871939691 lifecam22 1983.14440918 6234.14990234 3.7691628933
1478871939765 lifecam22 1982.3536377 6234.26025391 3.76560783386
1478871939820 lifecam22 1983.68664551 6233.96484375 3.77222418785
1478871939891 lifecam22 1983.11682129 6234.01318359 3.77141594887
1478871940100 lifecam22 1983.17956543 6234.05371094 3.77083444595
1478871940165 lifecam22 1982.87976074 6234.3828125 3.76847743988
1478871940228 lifecam22 1983.36340332 6233.81591797 3.77152037621
1478871940293 lifecam22 1983.21008301 6234.41845703 3.77188396454
1478871940363 lifecam22 1983.00769043 6234.15380859 3.76941490173
