1478872373175 lifecam22 3195.11450195 5862.70361328 4.64386224747
1478872373234 lifecam22 3195.13134766 5862.70166016 4.64269542694
1478872373290 lifecam22 3195.32592773 5862.74707031 4.64442396164
1478872373360 lifecam22 3195.32592773 5862.74707031 4.64442396164
1478872373426 lifecam22 3195.11450195 5862.70361328 4.64386224747
1478872373630 lifecam22 3195.06225586 5862.62353516 4.6430773735
1478872373694 lifecam22 3195.00390625 5862.16259766 4.64154529572
1478872373762 lifecam22 3195.08691406 5862.52441406 4.64609909058
1478872373835 lifecam22 3195.56616211 5862.28759766 4.64807319641
1478872373894 lifecam22 3196.68457031 5862.56835938 4.65374422073
1478872374101 lifecam22 3197.00854492 5865.15332031 4.6754155159
1478872374160 lifecam22 3197.48852539 5865.27832031 4.67948246002
1478872374226 lifecam22 3196.86303711 5864.28466797 4.66867733002
1478872374295 lifecam22 3196.34594727 5862.09716797 4.66112136841
1478872374358 lifecam22 3195.71606445 5860.51464844 4.65264034271
1478872374637 lifecam22 3195.45898438 5861.92724609 4.64551925659
1478872374705 lifecam22 3195.24047852 5862.04589844 4.64305591583
1478872374764 lifecam22 3195.58178711 5862.59228516 4.64560317993
1478872374826 lifecam22 3195.77441406 5862.75976562 4.64599561691
1478872374897 lifecam22 3195.7277832 5862.72412109 4.6456284523
1478872375099 lifecam22 3195.58178711 5862.59228516 4.64560317993
1478872375173 lifecam22 3195.3828125 5862.60644531 4.64559364319
1478872375230 lifecam22 3195.6027832 5862.79052734 4.64616298676
1478872375294 lifecam22 3195.59082031 5862.73242188 4.64560890198
1478872375364 lifecam22 3195.56958008 5862.77392578 4.64598751068
1478872375575 lifecam22 3195.3828125 5862.60644531 4.64559364319
1478872375632 lifecam22 3195.89282227 5862.54296875 4.64770317078
1478872375698 lifecam22 3194.83740234 5862.98144531 4.6475353241
1478872375775 lifecam22 3194.68408203 5863.49853516 4.64829492569
1478872375840 lifecam22 3194.8659668 5863.03320312 4.64522743225
1478872376038 lifecam22 3195.7277832 5863.04443359 4.64595508575
1478872376101 lifecam22 3197.05371094 5864.54492188 4.65227603912
1478872376169 lifecam22 3196.42236328 5863.70068359 4.64764261246
1478872376230 lifecam22 3196.90820312 5864.6640625 4.64934253693
1478872376300 lifecam22 3197.18505859 5864.09570312 4.64666938782
1478872376509 lifecam22 3196.07177734 5862.75195312 4.64487457275
1478872376564 lifecam22 3195.9597168 5862.68164062 4.64413690567
1478872376630 lifecam22 3190.26611328 5863.35107422 4.64769601822
1478872376707 lifecam22 3180.00830078 5862.54150391 4.6452331543
1478872376764 lifecam22 3175.05566406 5859.73339844 4.63472318649
1478872376975 lifecam22 3154.09057617 5858.34912109 4.61573791504
1478872377030 lifecam22 3146.15820312 5857.21582031 4.60952138901
1478872377108 lifecam22 3140.24169922 5858.18701172 4.61316823959
1478872377176 lifecam22 3132.14331055 5857.08691406 4.6044960022
1478872377239 lifecam22 3125.28759766 5857.46484375 4.60548019409
1478872377441 lifecam22 3104.80371094 5855.21923828 4.58584260941
1478872377498 lifecam22 3098.60498047 5855.70214844 4.58235263824
1478872377567 lifecam22 3091.95288086 5855.38427734 4.58373165131
1478872377634 lifecam22 3085.77392578 5855.67578125 4.58141899109
1478872377699 lifecam22 3078.57275391 5854.29541016 4.57336330414
1478872377909 lifecam22 3056.90356445 5852.83105469 4.54934930801
1478872377971 lifecam22 3049.82495117 5852.78857422 4.54611778259
1478872378035 lifecam22 3043.2097168 5853.43457031 4.54500341415
1478872378103 lifecam22 3035.6015625 5852.59521484 4.53972387314
1478872378179 lifecam22 3028.73925781 5853.70166016 4.53599834442
1478872378303 lifecam22 3014.95849609 5853.00976562 4.5234208107
1478872378371 lifecam22 3007.15600586 5852.97119141 4.51250171661
1478872378444 lifecam22 3000.14428711 5852.74023438 4.51041412354
1478872378500 lifecam22 2993.81054688 5854.25292969 4.51025915146
1478872378569 lifecam22 2987.09033203 5853.61669922 4.50383377075
1478872378704 lifecam22 2973.72241211 5855.27197266 4.49583864212
1478872378769 lifecam22 2966.98071289 5854.7734375 4.49190187454
1478872378846 lifecam22 2960.52514648 5855.70556641 4.48693275452
1478872378912 lifecam22 2952.796875 5854.92236328 4.47945642471
1478872378969 lifecam22 2945.88452148 5855.46582031 4.47347211838
1478872379174 lifecam22 2926.22998047 5858.10302734 4.46631526947
1478872379237 lifecam22 2918.30761719 5858.84472656 4.45694255829
1478872379310 lifecam22 2911.59790039 5858.79931641 4.45376110077
1478872379375 lifecam22 2904.21240234 5859.86767578 4.44805860519
1478872379432 lifecam22 2897.24902344 5859.78173828 4.44225215912
1478872379577 lifecam22 2883.86279297 5861.38916016 4.43030500412
1478872379637 lifecam22 2875.58544922 5861.38183594 4.42128181458
1478872379701 lifecam22 2869.78662109 5862.25634766 4.418446064
1478872379781 lifecam22 2862.0625 5862.95800781 4.4133348465
1478872379838 lifecam22 2854.91821289 5863.49414062 4.40481138229
1478872379979 lifecam22 2840.8137207 5865.69628906 4.39912986755
1478872380037 lifecam22 2834.72998047 5867.77832031 4.3983707428
1478872380113 lifecam22 2827.63647461 5868.75244141 4.39493465424
1478872380174 lifecam22 2820.45288086 5869.42382812 4.38581371307
1478872380240 lifecam22 2813.81958008 5870.69384766 4.38031196594
1478872380373 lifecam22 2800.9074707 5873.12695312 4.37743234634
1478872380436 lifecam22 2794.02563477 5873.76220703 4.37021827698
1478872380498 lifecam22 2787.34375 5875.46484375 4.36831903458
1478872380577 lifecam22 2780.49487305 5877.20996094 4.36230659485
1478872380638 lifecam22 2773.50073242 5877.44189453 4.35436296463
1478872380840 lifecam22 2751.07495117 5880.22460938 4.32806444168
1478872380907 lifecam22 2745.05566406 5882.82080078 4.32730531693
1478872380978 lifecam22 2738.64501953 5884.51318359 4.32696294785
1478872381045 lifecam22 2732.56201172 5886.44970703 4.32764148712
1478872381108 lifecam22 2725.54956055 5888.06103516 4.32109117508
1478872381255 lifecam22 2712.98876953 5891.07080078 4.31675386429
1478872381310 lifecam22 2705.9453125 5892.94873047 4.31096553802
1478872381373 lifecam22 2698.70117188 5893.98828125 4.30263805389
1478872381447 lifecam22 2690.98535156 5895.70019531 4.29431295395
1478872381509 lifecam22 2684.37719727 5897.3046875 4.29058551788
1478872381650 lifecam22 2669.57275391 5899.09667969 4.26793289185
1478872381715 lifecam22 2662.80639648 5902.22851562 4.26757335663
1478872381777 lifecam22 2656.12451172 5903.08740234 4.25889873505
1478872381849 lifecam22 2648.68041992 5904.84033203 4.25282001495
1478872381904 lifecam22 2643.34838867 5907.6328125 4.25554513931
1478872382122 lifecam22 2622.33911133 5914.31494141 4.23888492584
1478872382177 lifecam22 2616.85083008 5916.39794922 4.24113988876
1478872382243 lifecam22 2610.3605957 5918.21826172 4.23801279068
1478872382311 lifecam22 2603.88427734 5919.80273438 4.23229122162
1478872382379 lifecam22 2596.67480469 5922.90869141 4.22718524933
1478872382582 lifecam22 2576.13256836 5929.06201172 4.21426916122
1478872382654 lifecam22 2570.48217773 5931.80957031 4.21129322052
1478872382714 lifecam22 2563.92822266 5933.59765625 4.20820713043
1478872382785 lifecam22 2556.77905273 5936.22753906 4.19941425323
1478872382848 lifecam22 2550.84399414 5938.07080078 4.19635868073
1478872382980 lifecam22 2536.28930664 5943.52978516 4.18056678772
1478872383046 lifecam22 2530.28027344 5946.31494141 4.17912387848
1478872383110 lifecam22 2523.52099609 5948.88037109 4.17291021347
1478872383180 lifecam22 2516.07226562 5951.1484375 4.163189888
1478872383238 lifecam22 2510.02856445 5953.81982422 4.16263580322
1478872383382 lifecam22 2495.82788086 5958.02734375 4.14581871033
1478872383447 lifecam22 2490.66625977 5960.91064453 4.14243555069
1478872383515 lifecam22 2482.62719727 5963.92871094 4.13687324524
1478872383571 lifecam22 2477.22363281 5965.16162109 4.13361883163
1478872383640 lifecam22 2470.7746582 5969.32470703 4.1301407814
1478872383848 lifecam22 2452.03076172 5976.83056641 4.11669111252
1478872383923 lifecam22 2445.72460938 5980.65332031 4.11444807053
1478872383986 lifecam22 2440.22583008 5983.89550781 4.11285924911
1478872384055 lifecam22 2432.20458984 5986.75146484 4.10223579407
1478872384118 lifecam22 2427.26196289 5989.71630859 4.09862995148
1478872384192 lifecam22 2418.29052734 5992.41748047 4.08698558807
1478872384256 lifecam22 2413.74755859 5995.79394531 4.08859920502
1478872384323 lifecam22 2407.86938477 5998.72070312 4.08634233475
1478872384386 lifecam22 2401.84204102 6002.03662109 4.08067655563
1478872384448 lifecam22 2395.43530273 6004.62402344 4.07183408737
1478872384647 lifecam22 2376.27807617 6014.73095703 4.05960655212
1478872384706 lifecam22 2370.65649414 6018.08984375 4.05881786346
1478872384785 lifecam22 2362.9074707 6020.48095703 4.04059410095
1478872384852 lifecam22 2357.94604492 6024.97900391 4.04276800156
1478872384917 lifecam22 2350.9375 6028.16796875 4.0386967659
1478872385052 lifecam22 2338.68188477 6035.85400391 4.03080749512
1478872385115 lifecam22 2333.203125 6038.40332031 4.02442789078
1478872385185 lifecam22 2325.76660156 6041.86572266 4.01006174088
1478872385256 lifecam22 2321.28759766 6044.74609375 4.01720666885
1478872385320 lifecam22 2314.92285156 6049.15673828 4.00592088699
1478872385457 lifecam22 2303.35668945 6055.60546875 4.00037431717
1478872385519 lifecam22 2297.18237305 6058.67236328 3.9970843792
1478872385577 lifecam22 2289.22973633 6062.13330078 3.98096346855
1478872385651 lifecam22 2284.6484375 6065.67822266 3.98069739342
1478872385714 lifecam22 2279.09667969 6069.24511719 3.97602987289
1478872385852 lifecam22 2268.55883789 6077.53857422 3.97374534607
1478872385919 lifecam22 2262.78613281 6080.00683594 3.97283864021
1478872385982 lifecam22 2254.20776367 6084.703125 3.95323085785
1478872386054 lifecam22 2247.96044922 6088.46533203 3.94153237343
1478872386109 lifecam22 2242.58520508 6093.30957031 3.94008541107
1478872386262 lifecam22 2232.63305664 6101.29931641 3.93720030785
1478872386322 lifecam22 2227.43579102 6105.74804688 3.93441319466
1478872386388 lifecam22 2218.81152344 6108.64404297 3.91253352165
1478872386454 lifecam22 2215.58911133 6112.24804688 3.92660355568
1478872386517 lifecam22 2210.68530273 6116.14306641 3.92371678352
1478872386710 lifecam22 2192.11816406 6127.60351562 3.89892697334
1478872386784 lifecam22 2186.34423828 6132.95751953 3.89667725563
1478872386847 lifecam22 2180.96801758 6137.57617188 3.89041638374
1478872386914 lifecam22 2175.60864258 6141.63183594 3.88716244698
1478872386979 lifecam22 2168.22436523 6145.89599609 3.8711373806
1478872387126 lifecam22 2157.24389648 6153.55078125 3.86751461029
1478872387189 lifecam22 2151.93798828 6158.42041016 3.86075949669
1478872387254 lifecam22 2146.54125977 6162.734375 3.85940957069
1478872387311 lifecam22 2141.06982422 6166.54589844 3.85331201553
1478872387386 lifecam22 2135.97998047 6171.60742188 3.84986925125
1478872387529 lifecam22 2124.6862793 6179.83349609 3.8337187767
1478872387594 lifecam22 2119.18969727 6184.078125 3.8327255249
1478872387662 lifecam22 2114.33666992 6188.87695312 3.82756757736
1478872387718 lifecam22 2108.08911133 6193.32519531 3.81925630569
1478872387781 lifecam22 2103.35693359 6198.06005859 3.81816935539
1478872387988 lifecam22 2088.81054688 6211.81884766 3.8065226078
1478872388054 lifecam22 2084.32202148 6216.78759766 3.80289459229
1478872388124 lifecam22 2078.33007812 6221.71044922 3.79591703415
1478872388185 lifecam22 2072.74951172 6226.28173828 3.7894847393
1478872388246 lifecam22 2068.17871094 6231.125 3.78632688522
1478872388394 lifecam22 2056.89208984 6241.13378906 3.76920795441
1478872388453 lifecam22 2052.39770508 6245.00244141 3.77109122276
1478872388528 lifecam22 2046.5513916 6249.95019531 3.76001358032
1478872388586 lifecam22 2041.0177002 6255.03466797 3.75149488449
1478872388657 lifecam22 2036.24035645 6259.34130859 3.75164914131
1478872388782 lifecam22 2026.56433105 6269.37451172 3.74304246902
1478872388849 lifecam22 2021.3236084 6274.79199219 3.7323486805
1478872388915 lifecam22 2017.90026855 6279.90283203 3.73678183556
1478872388987 lifecam22 2011.93444824 6285.04394531 3.72966504097
1478872389057 lifecam22 2006.55627441 6289.53369141 3.71940660477
1478872389197 lifecam22 2003.67126465 6297.61425781 3.73315262794
1478872389258 lifecam22 2003.65466309 6294.62792969 3.72587442398
1478872389325 lifecam22 2003.60217285 6295.80175781 3.73007750511
1478872389391 lifecam22 2003.96984863 6295.19287109 3.73029899597
1478872389451 lifecam22 2003.27746582 6295.27929688 3.7272310257
1478872389534 lifecam22 2003.52185059 6295.52050781 3.72921562195
1478872389596 lifecam22 2003.96984863 6295.19287109 3.73029899597
1478872389665 lifecam22 2003.98352051 6295.30078125 3.73222661018
1478872389722 lifecam22 2003.38586426 6295.45263672 3.72781562805
1478872389798 lifecam22 2003.87902832 6295.33349609 3.72973966599
1478872389933 lifecam22 2003.38586426 6295.45263672 3.72781562805
1478872389988 lifecam22 2003.15026855 6295.50488281 3.72743177414
1478872390065 lifecam22 2003.38586426 6295.45263672 3.72781562805
1478872390130 lifecam22 2003.62658691 6295.39404297 3.72935581207
1478872390197 lifecam22 2003.96984863 6295.19287109 3.73029899597
1478872390386 lifecam22 2004.10437012 6295.26123047 3.73169016838
1478872390447 lifecam22 2003.96984863 6295.19287109 3.73029899597
