1478871517242 lifecam22 3194.16821289 5864.18017578 4.600669384
1478871517299 lifecam22 3194.19335938 5863.95361328 4.59990882874
1478871517370 lifecam22 3194.17651367 5864.07177734 4.59967517853
1478871517443 lifecam22 3194.70922852 5863.95263672 4.60070705414
1478871517578 lifecam22 3194.34741211 5864.08740234 4.60118150711
1478871517637 lifecam22 3194.33422852 5864.19238281 4.60214662552
1478871517708 lifecam22 3194.68530273 5864.20556641 4.60270738602
1478871517772 lifecam22 3194.66821289 5864.30859375 4.60365104675
1478871517844 lifecam22 3194.88330078 5864.60742188 4.60416936874
1478871517977 lifecam22 3194.99511719 5864.32910156 4.60424613953
1478871518031 lifecam22 3195.62255859 5864.80224609 4.60795688629
1478871518112 lifecam22 3196.83007812 5865.87158203 4.61531972885
1478871518174 lifecam22 3195.8984375 5865.13574219 4.61149215698
1478871518236 lifecam22 3196.39916992 5865.64160156 4.61418771744
1478871518384 lifecam22 3197.14819336 5865.57763672 4.61705303192
1478871518438 lifecam22 3199.20605469 5866.91210938 4.63005447388
1478871518507 lifecam22 3199.41870117 5866.9375 4.63192033768
1478871518576 lifecam22 3198.18359375 5866.67041016 4.62676954269
1478871518641 lifecam22 3198.37402344 5866.09277344 4.62448215485
1478871518840 lifecam22 3199.9753418 5868.12451172 4.62756633759
1478871518907 lifecam22 3199.89379883 5867.60986328 4.62466955185
1478871518978 lifecam22 3199.76953125 5868.48779297 4.63055467606
1478871519036 lifecam22 3200.23413086 5868.82226562 4.63237714767
1478871519107 lifecam22 3199.70361328 5868.26806641 4.63253545761
1478871519249 lifecam22 3197.35888672 5866.15429688 4.62105464935
1478871519310 lifecam22 3197.33349609 5866.38232422 4.62317037582
1478871519375 lifecam22 3188.55932617 5867.58398438 4.63116550446
1478871519442 lifecam22 3179.75073242 5866.89453125 4.62943077087
1478871519507 lifecam22 3175.6184082 5864.921875 4.6193728447
1478871519650 lifecam22 3159.34472656 5864.02197266 4.60598468781
1478871519702 lifecam22 3153.83886719 5864.03173828 4.60784101486
1478871519773 lifecam22 3145.74609375 5862.92041016 4.59714603424
1478871519838 lifecam22 3139.12255859 5861.84082031 4.59166383743
1478871519972 lifecam22 3125.15136719 5861.24707031 4.58222579956
1478871520109 lifecam22 3111.86206055 5860.99169922 4.57371997833
1478871520181 lifecam22 3103.45092773 5860.91894531 4.56835031509
1478871520237 lifecam22 3097.01196289 5860.69580078 4.56530570984
1478871520311 lifecam22 3090.01489258 5859.93066406 4.55547094345
1478871520366 lifecam22 3081.7878418 5858.95556641 4.54587984085
1478871520516 lifecam22 3068.94677734 5859.01074219 4.54067087173
1478871520580 lifecam22 3063.00366211 5859.03173828 4.54003810883
1478871520643 lifecam22 3055.51098633 5859.39550781 4.53350543976
1478871520712 lifecam22 3048.41699219 5857.43945312 4.52439546585
1478871520774 lifecam22 3041.43261719 5859.14697266 4.52690505981
1478871520911 lifecam22 3028.00463867 5858.54052734 4.51211166382
1478871520974 lifecam22 3021.67114258 5859.61132812 4.51276779175
1478871521038 lifecam22 3014.62670898 5859.89013672 4.509516716
1478871521107 lifecam22 3007.21508789 5859.40576172 4.49573612213
1478871521170 lifecam22 3000.11962891 5859.49072266 4.49630403519
1478871521313 lifecam22 2985.33178711 5859.67578125 4.47920799255
1478871521381 lifecam22 2979.63818359 5860.60595703 4.48166036606
1478871521451 lifecam22 2972.18139648 5860.93554688 4.47423362732
1478871521514 lifecam22 2965.39916992 5861.3125 4.46413373947
1478871521571 lifecam22 2958.91137695 5861.94335938 4.46476459503
1478871521706 lifecam22 2944.86669922 5862.30273438 4.45269775391
1478871521778 lifecam22 2939.29711914 5863.50537109 4.45404672623
1478871521851 lifecam22 2931.97607422 5864.359375 4.44794464111
1478871521918 lifecam22 2923.35180664 5863.68652344 4.43232631683
1478871521977 lifecam22 2917.20214844 5865.33300781 4.43302726746
1478871522118 lifecam22 2902.95581055 5866.99951172 4.42421865463
1478871522174 lifecam22 2895.23266602 5867.92480469 4.41668558121
1478871522240 lifecam22 2888.30322266 5867.96289062 4.41119241714
1478871522314 lifecam22 2882.2199707 5869.73583984 4.40991544724
1478871522382 lifecam22 2874.34326172 5869.22460938 4.4001288414
1478871522517 lifecam22 2859.7265625 5870.99804688 4.38893175125
1478871522569 lifecam22 2852.87573242 5871.86328125 4.38144350052
1478871522649 lifecam22 2846.70068359 5873.11962891 4.37845373154
1478871522714 lifecam22 2839.58569336 5874.50341797 4.37603569031
1478871522771 lifecam22 2832.87353516 5874.44238281 4.36865568161
1478871522981 lifecam22 2811.57373047 5879.44628906 4.35467576981
1478871523048 lifecam22 2805.60864258 5880.33349609 4.35266542435
1478871523115 lifecam22 2798.97119141 5882.32324219 4.3520154953
1478871523183 lifecam22 2791.91064453 5883.51416016 4.34299516678
1478871523245 lifecam22 2786.08154297 5884.90087891 4.34613466263
1478871523390 lifecam22 2771.79663086 5887.57080078 4.32818651199
1478871523452 lifecam22 2765.20654297 5889.02880859 4.32974052429
1478871523514 lifecam22 2759.31787109 5891.29931641 4.32903242111
1478871523581 lifecam22 2751.50732422 5892.35058594 4.31804895401
1478871523646 lifecam22 2744.18798828 5893.69042969 4.30619239807
1478871523844 lifecam22 2723.54296875 5897.49707031 4.2895898819
1478871523918 lifecam22 2716.55297852 5898.79199219 4.28583240509
1478871523982 lifecam22 2709.95727539 5900.88476562 4.28103876114
1478871524054 lifecam22 2703.57080078 5903.90771484 4.28069353104
1478871524115 lifecam22 2695.36425781 5905.08837891 4.27045917511
1478871524188 lifecam22 2690.83837891 5907.51318359 4.2730178833
1478871524247 lifecam22 2682.14111328 5908.59326172 4.26139879227
1478871524311 lifecam22 2676.26953125 5911.24023438 4.26278448105
1478871524379 lifecam22 2669.50830078 5912.65478516 4.25239849091
1478871524449 lifecam22 2663.58105469 5914.08105469 4.25635290146
1478871524580 lifecam22 2649.85107422 5917.90039062 4.23843622208
1478871524652 lifecam22 2643.45458984 5919.74414062 4.23708677292
1478871524714 lifecam22 2636.62817383 5921.88867188 4.23153781891
1478871524786 lifecam22 2628.52099609 5923.70996094 4.22268772125
1478871524852 lifecam22 2621.27416992 5926.01123047 4.21392536163
1478871524989 lifecam22 2608.07836914 5930.578125 4.20344114304
1478871525051 lifecam22 2603.24511719 5933.67431641 4.20760679245
1478871525120 lifecam22 2597.13964844 5935.68945312 4.20499706268
1478871525181 lifecam22 2590.02954102 5938.45214844 4.19966030121
1478871525252 lifecam22 2583.12011719 5940.63671875 4.19132518768
1478871525391 lifecam22 2569.40087891 5945.29736328 4.17517662048
1478871525444 lifecam22 2563.05102539 5947.87792969 4.17926883698
1478871525514 lifecam22 2556.60302734 5950.25146484 4.17213392258
1478871525588 lifecam22 2549.56738281 5952.34667969 4.16397237778
1478871525656 lifecam22 2542.52075195 5954.35205078 4.15826034546
1478871525794 lifecam22 2530.27636719 5959.60791016 4.15103387833
1478871525850 lifecam22 2522.02197266 5962.66943359 4.14002513885
1478871525922 lifecam22 2515.92407227 5965.70361328 4.13817405701
1478871525988 lifecam22 2508.63574219 5968.06152344 4.12997484207
1478871526053 lifecam22 2503.74365234 5971.37060547 4.13209438324
1478871526253 lifecam22 2484.05541992 5980.16308594 4.11815595627
1478871526313 lifecam22 2475.9765625 5982.00537109 4.10179138184
1478871526384 lifecam22 2472.40722656 5985.52441406 4.10912752151
1478871526441 lifecam22 2465.74780273 5987.77587891 4.10439777374
1478871526519 lifecam22 2459.48779297 5990.98583984 4.10123348236
1478871526650 lifecam22 2445.62060547 5996.09814453 4.08286428452
1478871526715 lifecam22 2439.92407227 5999.87255859 4.08165216446
1478871526788 lifecam22 2433.21875 6002.44140625 4.07218694687
1478871526854 lifecam22 2427.87670898 6006.48779297 4.07566976547
1478871526919 lifecam22 2420.53320312 6009.27148438 4.06111574173
1478871527057 lifecam22 2407.89135742 6016.20263672 4.05162763596
1478871527122 lifecam22 2403.58813477 6020.1796875 4.05723142624
1478871527189 lifecam22 2396.31176758 6022.93408203 4.04913711548
1478871527251 lifecam22 2390.58984375 6026.19726562 4.04400920868
1478871527320 lifecam22 2383.55786133 6029.26367188 4.03717422485
1478871527518 lifecam22 2364.57983398 6039.05273438 4.01927661896
1478871527582 lifecam22 2358.87109375 6043.05126953 4.01070261002
1478871527660 lifecam22 2351.55957031 6045.95507812 4.00898218155
1478871527723 lifecam22 2346.47924805 6049.25634766 4.0044426918
1478871527796 lifecam22 2340.19091797 6052.89941406 3.99976420403
1478871527927 lifecam22 2329.09228516 6060.36376953 3.98944926262
1478871527992 lifecam22 2323.48999023 6064.33544922 3.98982787132
1478871528057 lifecam22 2318.5402832 6067.90039062 3.99231314659
1478871528124 lifecam22 2311.35351562 6072.00830078 3.98012518883
1478871528187 lifecam22 2304.42871094 6075.40820312 3.96585059166
1478871528321 lifecam22 2294.22485352 6082.76123047 3.96957182884
1478871528387 lifecam22 2285.04492188 6086.73583984 3.9447658062
1478871528448 lifecam22 2281.31054688 6090.03271484 3.94642663002
1478871528523 lifecam22 2275.70703125 6093.58789062 3.93975234032
1478871528590 lifecam22 2267.84008789 6098.31054688 3.92520642281
1478871528780 lifecam22 2251.92700195 6110.50732422 3.91720175743
1478871528857 lifecam22 2245.9465332 6113.02197266 3.91429805756
1478871528919 lifecam22 2240.12890625 6118.20214844 3.91028499603
1478871528989 lifecam22 2233.72460938 6122.47802734 3.90070700645
1478871529058 lifecam22 2229.51733398 6125.97900391 3.90320706367
1478871529257 lifecam22 2212.10986328 6138.55419922 3.88306450844
1478871529326 lifecam22 2206.18554688 6143.54443359 3.87653660774
1478871529391 lifecam22 2199.70166016 6146.86669922 3.8681473732
1478871529453 lifecam22 2195.66503906 6151.16259766 3.87072443962
1478871529524 lifecam22 2189.20727539 6155.55175781 3.86485981941
1478871529723 lifecam22 2172.59301758 6167.96679688 3.84419465065
1478871529786 lifecam22 2168.69995117 6173.04150391 3.84946370125
1478871529854 lifecam22 2162.91918945 6177.32763672 3.84327101707
1478871529924 lifecam22 2158.0246582 6181.65234375 3.83800148964
1478871529984 lifecam22 2152.82763672 6186.90185547 3.83666872978
1478871530125 lifecam22 2141.96118164 6195.71386719 3.82499480247
1478871530188 lifecam22 2135.95703125 6199.56835938 3.81393742561
1478871530251 lifecam22 2129.97729492 6205.34716797 3.80714702606
1478871530321 lifecam22 2124.46655273 6209.35693359 3.79876470566
1478871530390 lifecam22 2120.0859375 6213.29785156 3.7980966568
1478871530593 lifecam22 2104.84594727 6227.02294922 3.78360295296
1478871530655 lifecam22 2099.42700195 6232.31689453 3.77613973618
1478871530722 lifecam22 2094.35791016 6237.32080078 3.77539896965
1478871530794 lifecam22 2089.06396484 6241.93261719 3.76471996307
1478871530852 lifecam22 2084.03466797 6247.81396484 3.76209568977
1478871531064 lifecam22 2069.46337891 6261.65039062 3.75383758545
1478871531124 lifecam22 2063.53222656 6267.34179688 3.73901104927
1478871531191 lifecam22 2059.17236328 6271.96679688 3.74099612236
1478871531257 lifecam22 2054.74291992 6276.03564453 3.73657345772
1478871531318 lifecam22 2049.59985352 6281.78027344 3.72852110863
1478871531465 lifecam22 2040.53820801 6290.44775391 3.72102737427
1478871531532 lifecam22 2034.81677246 6296.44775391 3.71474552155
1478871531593 lifecam22 2029.43273926 6301.19677734 3.70724010468
1478871531660 lifecam22 2025.02893066 6306.69873047 3.70299887657
1478871531724 lifecam22 2019.97839355 6311.953125 3.69741487503
1478871531933 lifecam22 2012.93908691 6325.58007812 3.70830559731
1478871531999 lifecam22 2015.29138184 6322.26513672 3.71486353874
1478871532052 lifecam22 2013.44250488 6324.55419922 3.70850610733
1478871532120 lifecam22 2014.60559082 6323.24511719 3.71098089218
1478871532195 lifecam22 2013.82824707 6323.63964844 3.7107064724
1478871532399 lifecam22 2014.31066895 6323.41064453 3.71082735062
1478871532458 lifecam22 2014.01257324 6323.62060547 3.70695877075
1478871532530 lifecam22 2013.91247559 6323.61767578 3.70876049995
1478871532599 lifecam22 2013.77478027 6323.84082031 3.70760154724
1478871532660 lifecam22 2014.27404785 6323.72021484 3.71197533607
1478871532868 lifecam22 2014.29992676 6323.78857422 3.71134567261
1478871532929 lifecam22 2014.28405762 6323.71875 3.70948076248
1478871532998 lifecam22 2013.57141113 6323.98486328 3.7064614296
1478871533055 lifecam22 2014.07116699 6323.47412109 3.70655608177
1478871533123 lifecam22 2013.86950684 6323.72900391 3.70766162872
1478871533328 lifecam22 2013.56335449 6323.79931641 3.70559072495
1478871533391 lifecam22 2014.40539551 6323.18457031 3.71035981178
1478871533460 lifecam22 2013.97766113 6323.27783203 3.70879626274
1478871533531 lifecam22 2014.05749512 6323.9140625 3.71007800102
1478871533596 lifecam22 2014.02893066 6323.86376953 3.70698785782
1478871533791 lifecam22 2014.60119629 6323.33447266 3.71270823479
1478871533863 lifecam22 2014.22497559 6323.62011719 3.70977687836
1478871533931 lifecam22 2013.8170166 6323.93798828 3.70831251144
1478871533996 lifecam22 2014.41516113 6323.27001953 3.71096491814
1478871534059 lifecam22 2014.0592041 6323.64892578 3.71010780334
