1478871171894 lifecam22 3193.89428711 5861.93017578 4.61762189865
1478871171964 lifecam22 3194.07421875 5862.29736328 4.62001276016
1478871172037 lifecam22 3193.8359375 5862.25341797 4.62057447433
1478871172104 lifecam22 3194.27563477 5862.22460938 4.61953210831
1478871172298 lifecam22 3194.10131836 5862.3359375 4.62040138245
1478871172361 lifecam22 3194.33032227 5862.37353516 4.62097358704
1478871172427 lifecam22 3193.98999023 5862.23046875 4.62057876587
1478871172503 lifecam22 3194.23657227 5862.19140625 4.6203956604
1478871172560 lifecam22 3194.07421875 5862.29736328 4.62001276016
1478871172761 lifecam22 3194.00048828 5862.13574219 4.61964225769
1478871172829 lifecam22 3194.09326172 5861.95800781 4.61812448502
1478871172903 lifecam22 3194.17993164 5862.15283203 4.62003087997
1478871172961 lifecam22 3193.89282227 5862.05078125 4.62001419067
1478871173033 lifecam22 3194.15307617 5862.11425781 4.6196436882
1478871173241 lifecam22 3193.97705078 5862.11767578 4.61945199966
1478871173298 lifecam22 3194.35522461 5862.14648438 4.62135696411
1478871173369 lifecam22 3193.94482422 5861.96484375 4.61678934097
1478871173433 lifecam22 3194.47924805 5862.36523438 4.62230539322
1478871173497 lifecam22 3194.03710938 5862.15771484 4.61868143082
1478871173695 lifecam22 3194.10131836 5862.3359375 4.62040138245
1478871173783 lifecam22 3194.09838867 5862.0703125 4.62039613724
1478871173836 lifecam22 3194.17407227 5862.17382812 4.61868238449
1478871173909 lifecam22 3194.75878906 5862.45996094 4.62345647812
1478871173972 lifecam22 3194.11816406 5862.12890625 4.61943626404
1478871174170 lifecam22 3194.2421875 5862.34765625 4.62038326263
1478871174236 lifecam22 3194.38208008 5862.18505859 4.62174415588
1478871174303 lifecam22 3194.23339844 5862.19384766 4.62041473389
1478871174368 lifecam22 3195.17041016 5861.95996094 4.61766862869
1478871174433 lifecam22 3193.66333008 5862.38134766 4.61884593964
1478871174647 lifecam22 3193.99267578 5862.33886719 4.6093173027
1478871174704 lifecam22 3194.39428711 5862.53808594 4.60777521133
1478871174764 lifecam22 3196.63452148 5862.24072266 4.61267185211
1478871174845 lifecam22 3194.5065918 5861.68798828 4.6106877327
1478871174904 lifecam22 3195.13378906 5860.76611328 4.60801553726
1478871175106 lifecam22 3180.16064453 5861.88037109 4.61621665955
1478871175170 lifecam22 3176.57885742 5862.02099609 4.61705350876
1478871175233 lifecam22 3167.53808594 5860.85839844 4.60781097412
1478871175305 lifecam22 3159.61181641 5859.35058594 4.59713029861
1478871175372 lifecam22 3153.85961914 5858.88671875 4.59372091293
1478871175568 lifecam22 3132.03735352 5858.37646484 4.57877206802
1478871175642 lifecam22 3125.78125 5858.37597656 4.57592630386
1478871175699 lifecam22 3119.30615234 5858.14501953 4.57593536377
1478871175770 lifecam22 3112.18847656 5857.94873047 4.56875228882
1478871175847 lifecam22 3104.44726562 5857.04980469 4.56323814392
1478871176040 lifecam22 3083.79931641 5856.83886719 4.54531288147
1478871176104 lifecam22 3077.55004883 5857.50390625 4.54411458969
1478871176177 lifecam22 3070.05737305 5856.63671875 4.53856563568
1478871176243 lifecam22 3062.54638672 5856.85742188 4.52840328217
1478871176306 lifecam22 3055.46679688 5855.89550781 4.52343320847
1478871176506 lifecam22 3035.03808594 5856.94873047 4.51340579987
1478871176578 lifecam22 3028.53027344 5857.40380859 4.51070642471
1478871176636 lifecam22 3020.36230469 5857.34619141 4.5011138916
1478871176699 lifecam22 3014.03051758 5857.33642578 4.49523019791
1478871176770 lifecam22 3007.24511719 5857.37060547 4.48705291748
1478871176982 lifecam22 2986.14379883 5858.72119141 4.47587871552
1478871177041 lifecam22 2979.6081543 5857.99414062 4.47027921677
1478871177104 lifecam22 2971.80664062 5858.71679688 4.46071910858
1478871177167 lifecam22 2965.38745117 5858.15429688 4.45580530167
1478871177243 lifecam22 2958.50024414 5859.234375 4.45319366455
1478871177440 lifecam22 2939.05908203 5862.07275391 4.44469928741
1478871177503 lifecam22 2932.34204102 5862.84570312 4.44087219238
1478871177576 lifecam22 2924.96166992 5863.25878906 4.43333053589
1478871177634 lifecam22 2918.53417969 5864.59960938 4.43144035339
1478871177702 lifecam22 2911.14990234 5864.52929688 4.42580604553
1478871177848 lifecam22 2896.90039062 5866.5390625 4.41311883926
1478871177919 lifecam22 2889.33911133 5866.98828125 4.40785074234
1478871177977 lifecam22 2882.40234375 5868.71044922 4.4051156044
1478871178034 lifecam22 2874.54882812 5868.15185547 4.38960552216
1478871178102 lifecam22 2868.16748047 5869.42382812 4.3872923851
1478871178174 lifecam22 2861.33422852 5869.82714844 4.38091754913
1478871178376 lifecam22 2841.02783203 5873.6015625 4.37399053574
1478871178447 lifecam22 2833.70166016 5875.72412109 4.36689996719
1478871178508 lifecam22 2826.05908203 5877.02441406 4.35895299911
1478871178582 lifecam22 2820.36645508 5877.84375 4.36047363281
1478871178645 lifecam22 2813.31958008 5880.06591797 4.35671329498
1478871178844 lifecam22 2792.60913086 5882.92724609 4.33528089523
1478871178907 lifecam22 2786.12548828 5883.8984375 4.33559083939
1478871178974 lifecam22 2778.79541016 5884.61035156 4.32512998581
1478871179035 lifecam22 2772.19091797 5886.60302734 4.32016849518
1478871179108 lifecam22 2764.6159668 5887.48046875 4.31424045563
1478871179314 lifecam22 2745.51611328 5892.921875 4.30507183075
1478871179377 lifecam22 2739.74023438 5895.10791016 4.30550193787
1478871179439 lifecam22 2731.26733398 5896.51074219 4.29434394836
1478871179510 lifecam22 2726.3203125 5898.79345703 4.29345703125
1478871179710 lifecam22 2703.83007812 5902.61425781 4.26830101013
1478871179779 lifecam22 2698.3581543 5905.55810547 4.27196836472
1478871179842 lifecam22 2691.5612793 5907.68945312 4.26432037354
1478871179907 lifecam22 2683.01879883 5908.94921875 4.25397491455
1478871179982 lifecam22 2678.31396484 5910.71875 4.25444221497
1478871180239 lifecam22 2650.04125977 5918.39794922 4.23410177231
1478871180310 lifecam22 2643.37133789 5920.79003906 4.22803258896
1478871180381 lifecam22 2637.6159668 5923.53759766 4.22951841354
1478871180445 lifecam22 2630.76049805 5925.73583984 4.22250795364
1478871180507 lifecam22 2623.01171875 5927.38232422 4.20757865906
1478871180705 lifecam22 2603.87231445 5934.04345703 4.20179510117
1478871180774 lifecam22 2596.54003906 5935.85400391 4.19486284256
1478871180846 lifecam22 2590.40063477 5938.81152344 4.19002246857
1478871180921 lifecam22 2584.22387695 5940.54638672 4.18723964691
1478871180975 lifecam22 2577.25610352 5943.68896484 4.18026924133
1478871181185 lifecam22 2556.99975586 5950.60888672 4.16197443008
1478871181247 lifecam22 2551.45849609 5953.65039062 4.16159677505
1478871181319 lifecam22 2543.13916016 5955.87255859 4.14857244492
1478871181378 lifecam22 2537.90014648 5959.54052734 4.15109205246
1478871181441 lifecam22 2530.59130859 5961.23974609 4.14193820953
1478871181649 lifecam22 2510.53173828 5969.67333984 4.12729740143
1478871181709 lifecam22 2505.60131836 5972.96777344 4.12697267532
1478871181780 lifecam22 2497.75073242 5975.56152344 4.12216806412
1478871181846 lifecam22 2492.15820312 5978.44775391 4.11453294754
1478871181913 lifecam22 2484.69042969 5980.49755859 4.10692691803
1478871182112 lifecam22 2465.7902832 5988.94726562 4.09278964996
1478871182182 lifecam22 2460.31787109 5992.32324219 4.09003019333
1478871182248 lifecam22 2452.96362305 5995.56738281 4.08074808121
1478871182313 lifecam22 2448.91333008 5999.22314453 4.08856487274
1478871182382 lifecam22 2442.11254883 6002.44091797 4.08062505722
1478871182516 lifecam22 2429.15795898 6008.02392578 4.0697851181
1478871182581 lifecam22 2422.20214844 6012.01318359 4.06073617935
1478871182653 lifecam22 2415.37890625 6014.52832031 4.05197811127
1478871182711 lifecam22 2411.06713867 6018.66357422 4.05921030045
1478871182779 lifecam22 2403.77783203 6021.48974609 4.04298067093
1478871182982 lifecam22 2385.05419922 6030.8828125 4.03167533875
1478871183049 lifecam22 2378.90942383 6033.46630859 4.02026605606
1478871183116 lifecam22 2371.31713867 6037.57177734 4.00947093964
1478871183184 lifecam22 2366.51464844 6041.57226562 4.01413869858
1478871183248 lifecam22 2360.84375 6044.39746094 4.01113510132
1478871183462 lifecam22 2342.24023438 6056.48388672 3.99329733849
1478871183518 lifecam22 2336.07861328 6059.20996094 3.98478555679
1478871183590 lifecam22 2330.3125 6063.14599609 3.98182058334
1478871183657 lifecam22 2325.40649414 6066.16503906 3.98582053185
1478871183716 lifecam22 2318.95800781 6070.53369141 3.98040270805
1478871183777 lifecam22 2314.01245117 6074.37841797 3.97732377052
1478871183983 lifecam22 2294.09228516 6084.76806641 3.94778895378
1478871184044 lifecam22 2288.11376953 6089.41455078 3.94348549843
1478871184121 lifecam22 2281.88427734 6092.984375 3.93707990646
1478871184185 lifecam22 2276.73925781 6096.51611328 3.93484449387
1478871184453 lifecam22 2252.80053711 6112.88867188 3.90947937965
1478871184518 lifecam22 2249.15966797 6116.30957031 3.9150364399
1478871184585 lifecam22 2242.31054688 6120.38378906 3.90304923058
1478871184645 lifecam22 2236.25561523 6125.53173828 3.89856982231
1478871184715 lifecam22 2233.23266602 6128.93457031 3.90281224251
1478871184917 lifecam22 2214.34790039 6140.56640625 3.87836933136
1478871184982 lifecam22 2208.33105469 6145.04589844 3.87191557884
1478871185053 lifecam22 2201.90380859 6149.72998047 3.8642346859
1478871185118 lifecam22 2197.91381836 6153.39941406 3.86317825317
1478871185187 lifecam22 2190.94970703 6158.22460938 3.85361194611
1478871185380 lifecam22 2175.21801758 6171.69775391 3.84259152412
1478871185449 lifecam22 2169.60961914 6176.25097656 3.83536505699
1478871185519 lifecam22 2164.37744141 6180.68505859 3.83170723915
1478871185580 lifecam22 2160.4831543 6184.90966797 3.83494281769
1478871185654 lifecam22 2156.2019043 6188.94287109 3.83291840553
1478871185793 lifecam22 2144.13061523 6198.56884766 3.81311511993
1478871185858 lifecam22 2138.97875977 6202.4765625 3.81174063683
1478871185921 lifecam22 2132.61816406 6207.75927734 3.80489253998
1478871185988 lifecam22 2127.82543945 6212.03613281 3.7992503643
1478871186056 lifecam22 2121.84643555 6216.95947266 3.79130673409
1478871186252 lifecam22 2108.00195312 6231.71777344 3.78089570999
1478871186324 lifecam22 2103.09423828 6236.43652344 3.77811980247
1478871186388 lifecam22 2097.51391602 6241.10791016 3.77102184296
1478871186459 lifecam22 2093.45605469 6245.80712891 3.76949739456
1478871186520 lifecam22 2087.56665039 6250.81298828 3.75895476341
1478871186793 lifecam22 2067.29077148 6269.67236328 3.73974466324
1478871186847 lifecam22 2061.6706543 6275.15625 3.73252677917
1478871186931 lifecam22 2056.65893555 6279.02246094 3.72600865364
1478871186991 lifecam22 2051.52905273 6285.54003906 3.71553444862
1478871187257 lifecam22 2033.61853027 6305.21337891 3.70896172523
1478871187322 lifecam22 2030.01403809 6310.54345703 3.70580005646
1478871187391 lifecam22 2023.93737793 6315.31835938 3.69975018501
1478871187461 lifecam22 2020.32800293 6320.61376953 3.69761013985
1478871187521 lifecam22 2014.91833496 6326.23144531 3.69147348404
1478871187719 lifecam22 2016.20812988 6327.61669922 3.70278286934
1478871187789 lifecam22 2015.91589355 6327.68798828 3.6983795166
1478871187855 lifecam22 2015.7401123 6327.92041016 3.69927883148
1478871187922 lifecam22 2016.16955566 6327.53076172 3.70090508461
1478871187993 lifecam22 2015.90441895 6327.86669922 3.7003121376
1478871188127 lifecam22 2016.03039551 6327.76025391 3.70077085495
1478871188190 lifecam22 2015.8704834 6327.77197266 3.6984436512
1478871188259 lifecam22 2016.10314941 6327.82080078 3.70185184479
1478871188325 lifecam22 2015.92492676 6327.96386719 3.69983458519
1478871188388 lifecam22 2015.96154785 6327.76464844 3.70043849945
1478871188657 lifecam22 2016.08972168 6327.91113281 3.70086789131
1478871188721 lifecam22 2015.41394043 6327.90722656 3.69777607918
1478871188795 lifecam22 2015.76965332 6327.64404297 3.69926667213
1478871188853 lifecam22 2015.85070801 6327.62890625 3.70002055168
1478871188920 lifecam22 2015.66101074 6327.875 3.69842934608
1478871189125 lifecam22 2015.5177002 6327.80810547 3.69821023941
1478871189190 lifecam22 2015.7611084 6327.71923828 3.69975328445
1478871189261 lifecam22 2015.83435059 6327.81542969 3.70081996918
1478871189321 lifecam22 2015.62390137 6327.859375 3.69919538498
1478871189387 lifecam22 2015.79797363 6328.04589844 3.70039510727
1478871189523 lifecam22 2015.48083496 6328.234375 3.69880008698
1478871189587 lifecam22 2016.39953613 6327.64013672 3.70328164101
1478871189663 lifecam22 2015.98376465 6327.68261719 3.70115923882
1478871189721 lifecam22 2015.54992676 6328.16308594 3.6978726387
1478871189794 lifecam22 2015.47741699 6327.98535156 3.69866991043
1478871190060 lifecam22 2016.25939941 6327.58251953 3.7018802166
1478871190132 lifecam22 2016.27844238 6327.51171875 3.70282554626
1478871190199 lifecam22 2015.51599121 6327.78466797 3.70055365562
1478871190264 lifecam22 2015.60046387 6328.23779297 3.69864821434
1478871190471 lifecam22 2016.25134277 6327.60400391 3.7019238472
1478871190527 lifecam22 2015.94885254 6327.5 3.70128011703
1478871190592 lifecam22 2015.67663574 6327.97607422 3.70163655281
1478871190661 lifecam22 2015.43640137 6327.6171875 3.69906377792
1478871190721 lifecam22 2016.08728027 6327.64501953 3.69951987267
1478871190996 lifecam22 2015.67053223 6327.63623047 3.69856238365
1478871191066 lifecam22 2016.12487793 6327.70117188 3.70266771317
1478871191126 lifecam22 2015.89123535 6327.83007812 3.70134902
1478871191196 lifecam22 2015.92248535 6327.59814453 3.69798493385
1478871191261 lifecam22 2015.35217285 6328.11669922 3.69719743729
1478871191458 lifecam22 2015.8013916 6327.79931641 3.70060348511
1478871191531 lifecam22 2016.32727051 6327.578125 3.70220041275
1478871191602 lifecam22 2015.3651123 6327.95703125 3.69776630402
1478871191669 lifecam22 2015.83898926 6327.72558594 3.69796395302
1478871191724 lifecam22 2016.02111816 6327.64501953 3.70144200325
1478871191940 lifecam22 2015.88513184 6327.91748047 3.70060968399
1478871191993 lifecam22 2015.86657715 6327.92236328 3.70048975945
1478871192064 lifecam22 2015.72888184 6328.01416016 3.69853901863
1478871192134 lifecam22 2015.58044434 6327.77197266 3.69974470139
1478871192199 lifecam22 2015.97058105 6327.95019531 3.70145487785
1478871192402 lifecam22 2015.66467285 6327.84716797 3.69833350182
1478871192467 lifecam22 2015.46350098 6327.78955078 3.69781351089
1478871192532 lifecam22 2015.71740723 6327.92089844 3.70037317276
1478871192596 lifecam22 2016.09020996 6327.62841797 3.70191526413
1478871192674 lifecam22 2015.66125488 6328.07958984 3.69945311546
1478871192871 lifecam22 2016.22180176 6327.78222656 3.70126390457
