1478872636984 lifecam22 3203.65795898 5864.08398438 4.68686389923
1478872637042 lifecam22 3203.75512695 5864.86572266 4.687728405
1478872637108 lifecam22 3203.50073242 5864.49804688 4.68547010422
1478872637250 lifecam22 3203.73339844 5865.11376953 4.68753480911
1478872637313 lifecam22 3203.54663086 5864.39697266 4.68587684631
1478872637380 lifecam22 3203.59008789 5864.16699219 4.68626356125
1478872637436 lifecam22 3203.19702148 5863.93261719 4.68407344818
1478872637512 lifecam22 3203.59033203 5864.16650391 4.68626499176
1478872637708 lifecam22 3203.65795898 5864.08398438 4.68686389923
1478872637772 lifecam22 3203.65795898 5864.08398438 4.68686389923
1478872637842 lifecam22 3203.65795898 5864.08398438 4.68686389923
1478872637904 lifecam22 3203.59033203 5864.16650391 4.68626499176
1478872637966 lifecam22 3203.65795898 5864.08398438 4.68686389923
1478872638120 lifecam22 3203.59033203 5864.16650391 4.68626499176
1478872638176 lifecam22 3203.77905273 5864.74609375 4.68794155121
1478872638249 lifecam22 3203.62963867 5865.01513672 4.6866106987
1478872638318 lifecam22 3203.58544922 5864.44238281 4.68622255325
1478872638382 lifecam22 3203.66577148 5865.46582031 4.68693304062
1478872638440 lifecam22 3203.70947266 5865.23339844 4.68732118607
1478872638577 lifecam22 3203.24633789 5863.84326172 4.68451929092
1478872638635 lifecam22 3203.59033203 5864.16650391 4.68626499176
1478872638704 lifecam22 3203.34838867 5864.33691406 4.68541145325
1478872638784 lifecam22 3202.89526367 5863.7890625 4.68147087097
1478872638845 lifecam22 3202.84545898 5863.87841797 4.68102312088
1478872638980 lifecam22 3203.22509766 5864.09423828 4.68303012848
1478872639041 lifecam22 3202.25 5863.83056641 4.68025588989
1478872639105 lifecam22 3203.22509766 5864.09423828 4.68303012848
1478872639183 lifecam22 3203.59033203 5864.16650391 4.68626499176
1478872639249 lifecam22 3203.19702148 5863.93261719 4.68407344818
1478872639381 lifecam22 3203.59033203 5864.16650391 4.68626499176
1478872639451 lifecam22 3203.59033203 5864.16650391 4.68626499176
1478872639512 lifecam22 3203.65795898 5864.08398438 4.68686389923
1478872639585 lifecam22 3203.19702148 5863.93261719 4.68407344818
1478872639651 lifecam22 3203.65795898 5864.08398438 4.68686389923
1478872639853 lifecam22 3203.3815918 5866.04980469 4.68441486359
1478872639917 lifecam22 3203.7265625 5865.52783203 4.68747472763
1478872639977 lifecam22 3203.5925293 5864.22363281 4.68507432938
1478872640052 lifecam22 3203.64599609 5866.13330078 4.68676042557
1478872640117 lifecam22 3203.24633789 5863.84326172 4.68451929092
1478872640251 lifecam22 3195.82446289 5862.95361328 4.66520690918
1478872640311 lifecam22 3189.37304688 5863.828125 4.68565940857
1478872640443 lifecam22 3173.58740234 5859.96826172 4.65126085281
1478872640581 lifecam22 3160.40258789 5858.51708984 4.64393472672
1478872640647 lifecam22 3153.2644043 5857.32568359 4.64113140106
1478872640716 lifecam22 3146.52441406 5856.36572266 4.63422489166
1478872640790 lifecam22 3139.53198242 5856.31054688 4.6296954155
1478872640850 lifecam22 3132.4777832 5854.11425781 4.61586952209
1478872640986 lifecam22 3118.09619141 5854.09228516 4.60877752304
1478872641053 lifecam22 3111.46337891 5853.47509766 4.60616588593
1478872641115 lifecam22 3105.29882812 5853.84667969 4.60572910309
1478872641173 lifecam22 3097.32861328 5853.11669922 4.59785652161
1478872641253 lifecam22 3091.09619141 5853.55859375 4.59792375565
1478872641387 lifecam22 3076.88745117 5851.65722656 4.58550786972
1478872641454 lifecam22 3069.94018555 5852.02734375 4.57884550095
1478872641517 lifecam22 3062.25292969 5850.71435547 4.57475328445
1478872641585 lifecam22 3056.26855469 5851.95849609 4.57336425781
1478872641653 lifecam22 3050.04394531 5851.23535156 4.57021951675
1478872641784 lifecam22 3034.81347656 5849.8203125 4.54923439026
1478872641846 lifecam22 3028.14160156 5848.96728516 4.54825210571
1478872641911 lifecam22 3020.14990234 5849.24414062 4.53934288025
1478872641979 lifecam22 3014.77636719 5850.26074219 4.54283857346
1478872642055 lifecam22 3007.79199219 5850.16992188 4.53777360916
1478872642248 lifecam22 2987.14257812 5850.49267578 4.52020692825
1478872642325 lifecam22 2980.2902832 5850.35986328 4.51805019379
1478872642379 lifecam22 2974.27636719 5850.12792969 4.5190653801
1478872642450 lifecam22 2966.49365234 5851.16992188 4.5111784935
1478872642509 lifecam22 2959.59936523 5850.48193359 4.49930238724
1478872642661 lifecam22 2945.52612305 5850.81396484 4.48592805862
1478872642713 lifecam22 2938.85571289 5851.06201172 4.48499774933
1478872642792 lifecam22 2931.57983398 5851.38671875 4.47695493698
1478872642842 lifecam22 2924.33203125 5851.35498047 4.47345256805
1478872642922 lifecam22 2917.38696289 5852.27685547 4.46735811234
1478872643122 lifecam22 2895.83032227 5854.1015625 4.45103979111
1478872643185 lifecam22 2888.43212891 5854.80712891 4.44639062881
1478872643245 lifecam22 2882.98022461 5855.30664062 4.44968605042
1478872643315 lifecam22 2876.36865234 5856.48046875 4.44328212738
1478872643388 lifecam22 2868.11914062 5856.17089844 4.43327140808
1478872643522 lifecam22 2854.06689453 5857.88525391 4.42403411865
1478872643582 lifecam22 2847.28637695 5859.13037109 4.42161273956
1478872643659 lifecam22 2839.80395508 5859.66699219 4.41446685791
1478872643716 lifecam22 2832.90209961 5859.71386719 4.40465354919
1478872643791 lifecam22 2826.23193359 5861.60839844 4.40437316895
1478872643918 lifecam22 2812.47900391 5863.63867188 4.39201116562
1478872643994 lifecam22 2805.19238281 5865.10009766 4.3894534111
1478872644054 lifecam22 2798.77294922 5866.02197266 4.38759565353
1478872644116 lifecam22 2792.53930664 5867.71240234 4.38574123383
1478872644188 lifecam22 2785.07421875 5868.08154297 4.37836456299
1478872644323 lifecam22 2771.55932617 5869.85351562 4.36310625076
1478872644392 lifecam22 2764.9074707 5871.79589844 4.36344146729
1478872644455 lifecam22 2757.97363281 5872.37988281 4.35720539093
1478872644513 lifecam22 2750.64575195 5874.02734375 4.34724235535
1478872644588 lifecam22 2744.23193359 5874.68164062 4.34631252289
1478872644718 lifecam22 2730.04589844 5877.3671875 4.33095884323
1478872644788 lifecam22 2722.10791016 5878.55859375 4.32158565521
1478872644853 lifecam22 2716.10717773 5880.13671875 4.31743192673
1478872644917 lifecam22 2708.58740234 5881.51025391 4.3145699501
1478872644980 lifecam22 2702.73535156 5884.08105469 4.31365919113
1478872645191 lifecam22 2681.68505859 5888.74414062 4.29370641708
1478872645260 lifecam22 2675.0246582 5889.90673828 4.29256916046
1478872645327 lifecam22 2668.81835938 5891.85693359 4.2894859314
1478872645388 lifecam22 2662.578125 5894.15820312 4.29014396667
1478872645458 lifecam22 2655.70678711 5895.47558594 4.28661775589
1478872645595 lifecam22 2642.51318359 5898.81542969 4.27249145508
1478872645650 lifecam22 2634.94213867 5901.37597656 4.263215065
1478872645712 lifecam22 2627.47387695 5901.88916016 4.25732326508
1478872645784 lifecam22 2622.08544922 5904.38378906 4.26098585129
1478872645851 lifecam22 2614.75439453 5906.65820312 4.2532992363
1478872645925 lifecam22 2607.00976562 5908.04394531 4.24389791489
1478872645985 lifecam22 2601.43310547 5911.04101562 4.24270391464
1478872646062 lifecam22 2594.35620117 5913.79980469 4.23737382889
1478872646116 lifecam22 2586.9375 5914.22412109 4.22834920883
1478872646181 lifecam22 2580.5234375 5917.00195312 4.22412586212
1478872646388 lifecam22 2560.02832031 5923.36523438 4.21035432816
1478872646454 lifecam22 2553.24389648 5926.19628906 4.20687484741
1478872646524 lifecam22 2546.80615234 5928.22558594 4.20191478729
1478872646594 lifecam22 2540.57885742 5930.8203125 4.20052194595
1478872646659 lifecam22 2532.984375 5931.65185547 4.18642807007
1478872646727 lifecam22 2526.50219727 5934.90234375 4.18095874786
1478872646793 lifecam22 2519.14257812 5936.59960938 4.17534780502
1478872646863 lifecam22 2514.09570312 5939.59423828 4.17602348328
1478872646926 lifecam22 2506.53637695 5942.20898438 4.16551589966
1478872646987 lifecam22 2500.44921875 5944.98779297 4.16537046432
1478872647129 lifecam22 2486.42724609 5949.62792969 4.15308570862
1478872647185 lifecam22 2481.53466797 5952.65625 4.15477705002
1478872647257 lifecam22 2474.62670898 5955.38232422 4.14679908752
1478872647319 lifecam22 2467.97949219 5957.89550781 4.14108753204
1478872647396 lifecam22 2463.09716797 5961.62207031 4.1431055069
1478872647589 lifecam22 2442.09350586 5969.15429688 4.12126302719
1478872647650 lifecam22 2435.81298828 5971.75195312 4.11433267593
1478872647718 lifecam22 2429.61645508 5974.72119141 4.11360502243
1478872647798 lifecam22 2424.08740234 5977.73095703 4.1098446846
1478872647850 lifecam22 2417.94482422 5981.01611328 4.1094379425
1478872648063 lifecam22 2398.14477539 5990.76416016 4.08750104904
1478872648125 lifecam22 2391.60449219 5992.98681641 4.07956695557
1478872648197 lifecam22 2386.62719727 5996.03271484 4.08101987839
1478872648264 lifecam22 2380.45410156 6000.140625 4.07749938965
1478872648318 lifecam22 2372.32519531 6002.48583984 4.06409358978
1478872648459 lifecam22 2360.07519531 6008.26660156 4.055788517
1478872648526 lifecam22 2352.94238281 6011.79199219 4.04792928696
1478872648597 lifecam22 2347.20336914 6014.26855469 4.03870630264
1478872648665 lifecam22 2340.41259766 6018.36181641 4.03388214111
1478872648717 lifecam22 2334.13012695 6021.29003906 4.02757263184
1478872648855 lifecam22 2321.71533203 6028.28710938 4.02027893066
1478872648924 lifecam22 2317.10644531 6032.24023438 4.02051591873
1478872648998 lifecam22 2311.37011719 6035.47949219 4.01717662811
1478872649064 lifecam22 2306.02319336 6039.82470703 4.02029514313
1478872649130 lifecam22 2301.23876953 6042.79785156 4.01770162582
1478872649261 lifecam22 2287.08666992 6050.78027344 3.99889445305
1478872649334 lifecam22 2281.31933594 6053.74804688 3.99780869484
1478872649400 lifecam22 2277.18847656 6057.3046875 3.99774622917
1478872649466 lifecam22 2269.07495117 6061.01416016 3.98295974731
1478872649524 lifecam22 2264.16113281 6064.40283203 3.98467993736
1478872649664 lifecam22 2251.65380859 6071.60888672 3.96445989609
1478872649723 lifecam22 2246.41503906 6076.25390625 3.96961355209
1478872649800 lifecam22 2241.77099609 6079.32568359 3.9703772068
1478872649858 lifecam22 2230.9675293 6083.60253906 3.93800091743
1478872649921 lifecam22 2227.48974609 6087.80761719 3.94056844711
1478872650063 lifecam22 2214.00024414 6095.86279297 3.91794967651
1478872650128 lifecam22 2208.2578125 6099.93408203 3.91398954391
1478872650204 lifecam22 2203.82299805 6102.9375 3.91735267639
1478872650255 lifecam22 2197.92163086 6107.52099609 3.91316390038
1478872650320 lifecam22 2194.58105469 6111.11914062 3.9258954525
1478872650470 lifecam22 2179.04223633 6118.38964844 3.88706827164
1478872650530 lifecam22 2174.88696289 6123.29052734 3.894790411
1478872650598 lifecam22 2170.97851562 6126.95410156 3.89508414268
1478872650667 lifecam22 2161.72192383 6131.70458984 3.872184515
1478872650731 lifecam22 2156.49316406 6135.92822266 3.87234997749
1478872650931 lifecam22 2141.51293945 6148.90332031 3.86292147636
1478872650996 lifecam22 2136.18969727 6152.90332031 3.85587286949
1478872651061 lifecam22 2131.38671875 6157.00830078 3.85931706429
1478872651130 lifecam22 2125.55761719 6161.76953125 3.85292077065
1478872651196 lifecam22 2120.21850586 6165.94824219 3.84906029701
1478872651272 lifecam22 2113.87573242 6170.46777344 3.8412861824
1478872651335 lifecam22 2110.1496582 6175.06347656 3.83847665787
1478872651398 lifecam22 2104.55688477 6179.01123047 3.83627271652
1478872651467 lifecam22 2098.6796875 6184.48779297 3.82301783562
1478872651529 lifecam22 2093.77587891 6188.55029297 3.82209348679
1478872651723 lifecam22 2078.62841797 6202.54248047 3.80850028992
1478872651796 lifecam22 2072.38012695 6207.68896484 3.79960155487
1478872651866 lifecam22 2067.99291992 6212.06982422 3.79756450653
1478872651931 lifecam22 2062.33251953 6217.06591797 3.78954792023
1478872651998 lifecam22 2057.34155273 6221.69726562 3.78886985779
1478872652127 lifecam22 2045.57775879 6230.91162109 3.76718378067
1478872652206 lifecam22 2039.77624512 6235.72558594 3.75937175751
1478872652268 lifecam22 2034.57019043 6240.56445312 3.754560709
1478872652322 lifecam22 2030.45788574 6244.68896484 3.75429868698
1478872652392 lifecam22 2024.67956543 6249.25341797 3.7491710186
1478872652529 lifecam22 2015.55700684 6259.50244141 3.7419936657
1478872652600 lifecam22 2010.75646973 6263.65527344 3.73758172989
1478872652671 lifecam22 2006.50109863 6269.81152344 3.73591375351
1478872652723 lifecam22 2000.93395996 6274.78466797 3.72852945328
1478872652797 lifecam22 2000.20007324 6279.18798828 3.73916244507
1478872652928 lifecam22 2001.06481934 6277.73388672 3.73804926872
1478872653003 lifecam22 2001.84924316 6277.18701172 3.74231052399
1478872653069 lifecam22 2001.14880371 6277.62597656 3.73929262161
1478872653128 lifecam22 2001.30749512 6277.77880859 3.73892736435
1478872653195 lifecam22 2001.14880371 6277.62597656 3.73929262161
1478872653334 lifecam22 2001.27258301 6277.69384766 3.73939847946
1478872653407 lifecam22 2001.3404541 6277.33642578 3.74072265625
1478872653471 lifecam22 2001.14880371 6277.62597656 3.73929262161
1478872653539 lifecam22 2000.76208496 6277.61230469 3.73632907867
1478872653595 lifecam22 2001.14880371 6277.62597656 3.73929262161
