1478871055581 lifecam22 3195.56787109 5859.15869141 4.61546278
1478871055714 lifecam22 3195.5690918 5858.89892578 4.61434268951
1478871055785 lifecam22 3195.27807617 5859.04833984 4.6141204834
1478871055858 lifecam22 3195.42089844 5858.92089844 4.61299800873
1478871055925 lifecam22 3195.27905273 5858.78857422 4.61300039291
1478871055993 lifecam22 3195.04223633 5858.48779297 4.61110544205
1478871056190 lifecam22 3195.57958984 5859.03662109 4.61433172226
1478871056260 lifecam22 3195.57958984 5859.03662109 4.61433172226
1478871056325 lifecam22 3195.56787109 5859.15869141 4.61546278
1478871056388 lifecam22 3195.28979492 5858.92626953 4.61298942566
1478871056456 lifecam22 3195.55786133 5859.02148438 4.61547517776
1478871056658 lifecam22 3195.57958984 5859.03662109 4.61433172226
1478871056718 lifecam22 3195.3425293 5858.734375 4.61243867874
1478871056787 lifecam22 3195.57958984 5859.03662109 4.61433172226
1478871056861 lifecam22 3195.57958984 5859.03662109 4.61433172226
1478871056927 lifecam22 3195.73193359 5859.04882812 4.61453485489
1478871057063 lifecam22 3195.57958984 5859.03662109 4.61433172226
1478871057134 lifecam22 3195.41870117 5859.18017578 4.61411523819
1478871057195 lifecam22 3195.94116211 5859.3203125 4.61604547501
1478871057262 lifecam22 3197.16064453 5860.55078125 4.62099313736
1478871057319 lifecam22 3197.11743164 5860.25537109 4.61948347092
1478871057465 lifecam22 3195.75732422 5859.18164062 4.6144952774
1478871057522 lifecam22 3196.13134766 5859.50048828 4.61525917053
1478871057595 lifecam22 3196.15014648 5859.37207031 4.61538028717
1478871057665 lifecam22 3196.87060547 5859.79785156 4.61503696442
1478871057718 lifecam22 3198.14746094 5859.53808594 4.61039209366
1478871057928 lifecam22 3199.77832031 5861.22753906 4.6294798851
1478871057997 lifecam22 3197.60888672 5859.51074219 4.61958217621
1478871058061 lifecam22 3199.24560547 5859.69433594 4.62554931641
1478871058131 lifecam22 3190.7980957 5857.96875 4.60842323303
1478871058193 lifecam22 3179.82006836 5857.41503906 4.60351276398
1478871058333 lifecam22 3167.58056641 5855.44726562 4.58730888367
1478871058396 lifecam22 3159.32617188 5854.91601562 4.58329057693
1478871058463 lifecam22 3153.62109375 5854.34082031 4.57848978043
1478871058533 lifecam22 3146.20605469 5855.26611328 4.5761218071
1478871058593 lifecam22 3138.36938477 5854.2421875 4.56837081909
1478871058719 lifecam22 3124.71557617 5853.88085938 4.56132459641
1478871058797 lifecam22 3118.828125 5852.89501953 4.55657243729
1478871058863 lifecam22 3111.84570312 5853.69726562 4.5537147522
1478871058930 lifecam22 3105.14501953 5852.65185547 4.54846429825
1478871058993 lifecam22 3098.67016602 5853.33984375 4.54791879654
1478871059137 lifecam22 3084.04785156 5852.40234375 4.53448390961
1478871059191 lifecam22 3077.04101562 5851.63134766 4.52212142944
1478871059263 lifecam22 3069.49169922 5851.13378906 4.51797533035
1478871059329 lifecam22 3062.67602539 5851.77246094 4.51614141464
1478871059392 lifecam22 3054.87646484 5851.51025391 4.50468635559
1478871059604 lifecam22 3035.70898438 5853.91455078 4.49888420105
1478871059667 lifecam22 3028.28759766 5853.69482422 4.49354982376
1478871059730 lifecam22 3021.11157227 5854.43212891 4.4893579483
1478871059794 lifecam22 3014.12841797 5854.09570312 4.48380422592
1478871059862 lifecam22 3007.69018555 5855.14892578 4.47988271713
1478871060005 lifecam22 2993.18774414 5855.10351562 4.46321392059
1478871060064 lifecam22 2987.02514648 5855.47509766 4.45837259293
1478871060128 lifecam22 2979.13964844 5855.10400391 4.4514913559
1478871060261 lifecam22 2964.7644043 5856.15820312 4.43781900406
1478871060402 lifecam22 2951.84204102 5858.47851562 4.43335676193
1478871060467 lifecam22 2944.06005859 5858.64892578 4.42747592926
1478871060529 lifecam22 2938.27563477 5860.08300781 4.42821788788
1478871060595 lifecam22 2931.1340332 5860.20214844 4.42091560364
1478871060660 lifecam22 2923.51513672 5860.53027344 4.41027593613
1478871060865 lifecam22 2904.06347656 5863.37695312 4.40256166458
1478871060930 lifecam22 2895.796875 5863.87939453 4.39181804657
1478871060998 lifecam22 2887.74047852 5863.76757812 4.37767124176
1478871061070 lifecam22 2881.58154297 5865.72900391 4.37971019745
1478871061132 lifecam22 2874.74243164 5865.79931641 4.3769826889
1478871061268 lifecam22 2861.71704102 5868.91455078 4.36673164368
1478871061324 lifecam22 2854.0949707 5870.20654297 4.3632144928
1478871061399 lifecam22 2848.18237305 5871.96923828 4.36105871201
1478871061466 lifecam22 2841.48828125 5873.47949219 4.36072635651
1478871061534 lifecam22 2834.0703125 5875.27099609 4.35318470001
1478871061732 lifecam22 2813.66650391 5878.79199219 4.33425092697
1478871061803 lifecam22 2807.20263672 5880.81689453 4.33309412003
1478871061865 lifecam22 2799.52954102 5881.17529297 4.32490348816
1478871061920 lifecam22 2793.30834961 5883.88916016 4.32578420639
1478871061994 lifecam22 2785.85717773 5884.26074219 4.31253862381
1478871062198 lifecam22 2765.28173828 5888.18017578 4.29640722275
1478871062260 lifecam22 2758.74853516 5890.68505859 4.29345989227
1478871062336 lifecam22 2751.49902344 5891.55712891 4.28745746613
1478871062402 lifecam22 2745.29541016 5894.12207031 4.28420639038
1478871062467 lifecam22 2737.34887695 5895.87548828 4.27593421936
1478871062600 lifecam22 2724.77514648 5898.99316406 4.26816320419
1478871062674 lifecam22 2717.90795898 5900.53417969 4.26128149033
1478871062735 lifecam22 2710.79785156 5903.47949219 4.25573587418
1478871062798 lifecam22 2703.45629883 5903.77978516 4.24922657013
1478871062872 lifecam22 2697.94116211 5906.35888672 4.25055027008
1478871063071 lifecam22 2677.74438477 5911.84082031 4.23406410217
1478871063138 lifecam22 2672.15380859 5914.74707031 4.23520183563
1478871063204 lifecam22 2664.20336914 5916.26171875 4.22435617447
1478871063268 lifecam22 2656.58447266 5919.05224609 4.21506404877
1478871063335 lifecam22 2650.78027344 5921.15966797 4.21289682388
1478871063473 lifecam22 2639.10888672 5926.10205078 4.20715713501
1478871063535 lifecam22 2630.80761719 5928.16650391 4.20045566559
1478871063603 lifecam22 2624.67480469 5930.27392578 4.19425296783
1478871063668 lifecam22 2617.38745117 5931.87646484 4.1891784668
1478871063732 lifecam22 2610.60473633 5935.02001953 4.18213891983
1478871063941 lifecam22 2592.50366211 5942.25048828 4.1750998497
1478871063999 lifecam22 2583.70629883 5944.74658203 4.16143655777
1478871064071 lifecam22 2577.5559082 5946.23974609 4.15625476837
1478871064136 lifecam22 2570.92382812 5949.50537109 4.15250587463
1478871064198 lifecam22 2564.41088867 5952.10839844 4.15177154541
1478871064402 lifecam22 2544.43774414 5960.80761719 4.13204479218
1478871064476 lifecam22 2539.27563477 5963.76904297 4.13374757767
1478871064538 lifecam22 2532.73120117 5965.90429688 4.12821435928
1478871064605 lifecam22 2525.55151367 5968.84570312 4.12034749985
1478871064678 lifecam22 2518.97680664 5971.73730469 4.11281967163
1478871064794 lifecam22 2506.15625 5977.52685547 4.10263967514
1478871064876 lifecam22 2500.06176758 5979.75976562 4.09912109375
1478871064944 lifecam22 2492.9309082 5983.14404297 4.09224843979
1478871065003 lifecam22 2487.26831055 5985.41601562 4.08706045151
1478871065072 lifecam22 2479.58129883 5989.05029297 4.07799816132
1478871065205 lifecam22 2469.32250977 5995.60205078 4.0763258934
1478871065270 lifecam22 2462.60693359 5998.71191406 4.0721616745
1478871065336 lifecam22 2456.19140625 6002.61035156 4.06519889832
1478871065405 lifecam22 2449.28198242 6004.9609375 4.06012105942
1478871065473 lifecam22 2443.85888672 6008.70361328 4.05646657944
1478871065611 lifecam22 2429.93359375 6014.7890625 4.04128646851
1478871065670 lifecam22 2424.68334961 6018.93408203 4.04047822952
1478871065738 lifecam22 2417.32226562 6021.8828125 4.0333366394
1478871065801 lifecam22 2412.88037109 6025.51464844 4.0339384079
1478871065876 lifecam22 2405.90478516 6028.35107422 4.02841091156
1478871066015 lifecam22 2392.75585938 6035.43847656 4.00556230545
1478871066078 lifecam22 2386.03833008 6037.61035156 4.00367975235
1478871066132 lifecam22 2382.26318359 6042.27490234 4.00741386414
1478871066207 lifecam22 2375.42749023 6045.91015625 3.99902486801
1478871066272 lifecam22 2368.69042969 6049.60205078 3.98897385597
1478871066478 lifecam22 2351.46704102 6060.03369141 3.98389697075
1478871066604 lifecam22 2338.96972656 6068.23535156 3.96544909477
1478871066676 lifecam22 2333.35522461 6071.20703125 3.95944428444
1478871066740 lifecam22 2328.34790039 6075.78173828 3.96051001549
1478871066874 lifecam22 2315.95800781 6083.00878906 3.94400858879
1478871066935 lifecam22 2309.14868164 6086.75927734 3.93271040916
1478871067007 lifecam22 2302.12792969 6090.75488281 3.92011880875
1478871067071 lifecam22 2297.25854492 6094.57470703 3.92413115501
1478871067138 lifecam22 2291.67822266 6099.38964844 3.91905856133
1478871067342 lifecam22 2272.05517578 6110.75341797 3.88822293282
1478871067411 lifecam22 2268.01342773 6115.40673828 3.89743256569
1478871067476 lifecam22 2263.70532227 6118.71142578 3.8972222805
1478871067538 lifecam22 2257.53588867 6123.42578125 3.88853287697
1478871067609 lifecam22 2251.26953125 6127.65527344 3.88154006004
1478871067739 lifecam22 2240.86474609 6136.58300781 3.87455105782
1478871067804 lifecam22 2235.73925781 6139.66357422 3.87410140038
1478871067876 lifecam22 2229.93579102 6144.890625 3.8646132946
1478871067944 lifecam22 2223.28833008 6148.35058594 3.85583472252
1478871068003 lifecam22 2218.88549805 6152.75927734 3.85655617714
1478871068152 lifecam22 2207.36914062 6161.28515625 3.84448552132
1478871068214 lifecam22 2202.60449219 6165.80322266 3.84241509438
1478871068273 lifecam22 2197.109375 6170.60449219 3.83546853065
1478871068340 lifecam22 2192.57885742 6175.10009766 3.83662128448
1478871068407 lifecam22 2187.39892578 6179.62548828 3.8267762661
1478871068478 lifecam22 2181.04589844 6184.42578125 3.82019281387
1478871068612 lifecam22 2170.37475586 6193.70800781 3.80760526657
1478871068676 lifecam22 2164.26147461 6198.01074219 3.79888820648
1478871068735 lifecam22 2160.29614258 6202.68896484 3.79448223114
1478871068811 lifecam22 2154.28369141 6206.85449219 3.79154515266
1478871068866 lifecam22 2148.20727539 6212.02490234 3.7797973156
1478871068947 lifecam22 2143.68359375 6216.33349609 3.78055286407
1478871069010 lifecam22 2137.92651367 6221.21826172 3.77097058296
1478871069079 lifecam22 2133.53295898 6225.93261719 3.76895046234
1478871069144 lifecam22 2128.0690918 6230.93164062 3.76166534424
1478871069213 lifecam22 2123.28076172 6236.66992188 3.75875663757
1478871069345 lifecam22 2113.19042969 6246.07763672 3.75097489357
1478871069401 lifecam22 2108.74145508 6250.40625 3.74846363068
1478871069470 lifecam22 2103.84277344 6255.24316406 3.74562644958
1478871069531 lifecam22 2098.75683594 6260.41845703 3.73741722107
1478871069612 lifecam22 2094.20581055 6265.67041016 3.73331856728
1478871069814 lifecam22 2078.75390625 6280.24511719 3.71589326859
1478871069880 lifecam22 2074.16333008 6285.57177734 3.71233034134
1478871069948 lifecam22 2069.12231445 6290.15087891 3.70489430428
1478871070015 lifecam22 2063.99584961 6295.14941406 3.70061278343
1478871070083 lifecam22 2060.02001953 6301.16894531 3.69541859627
1478871070216 lifecam22 2052.41455078 6311.20898438 3.6963865757
1478871070279 lifecam22 2046.90905762 6316.58447266 3.68460154533
1478871070347 lifecam22 2041.7611084 6321.890625 3.67921590805
1478871070411 lifecam22 2037.52355957 6327.07958984 3.67412757874
1478871070480 lifecam22 2033.13146973 6332.25732422 3.66946554184
1478871070680 lifecam22 2020.36291504 6347.70947266 3.65869545937
1478871070746 lifecam22 2021.04431152 6346.00927734 3.65608024597
1478871070817 lifecam22 2022.48815918 6345.73095703 3.66472530365
1478871070875 lifecam22 2021.92614746 6346.05126953 3.66107153893
1478871070947 lifecam22 2021.86584473 6346.33447266 3.66070485115
1478871071086 lifecam22 2021.85168457 6346.47021484 3.66010928154
1478871071144 lifecam22 2021.49914551 6346.14013672 3.65806126595
1478871071217 lifecam22 2021.71789551 6346.31738281 3.65950751305
1478871071279 lifecam22 2021.99938965 6345.80957031 3.66057372093
1478871071348 lifecam22 2021.8079834 6346.10742188 3.65921711922
1478871071550 lifecam22 2021.68615723 6346.13037109 3.65954303741
1478871071616 lifecam22 2021.52575684 6346.22363281 3.6574883461
1478871071684 lifecam22 2021.69104004 6346.11035156 3.65822005272
1478871071751 lifecam22 2021.78063965 6346.1484375 3.6591861248
1478871071815 lifecam22 2021.60803223 6346.54931641 3.65854501724
1478871071957 lifecam22 2021.61877441 6346.33935547 3.65871691704
1478871072021 lifecam22 2022.17346191 6346.20166016 3.66264247894
1478871072075 lifecam22 2022.34484863 6346.09326172 3.66235041618
1478871072153 lifecam22 2022.12023926 6346.11523438 3.6617410183
1478871072346 lifecam22 2022.34338379 6346.14404297 3.66257572174
1478871957646 lifecam22 3194.52294922 5864.27880859 4.64155769348
1478871957713 lifecam22 3194.59936523 5864.21337891 4.64099502563
1478871957783 lifecam22 3194.52294922 5864.27880859 4.64155769348
1478871957983 lifecam22 3194.59936523 5864.21337891 4.64099502563
1478871958045 lifecam22 3194.50048828 5864.26171875 4.64136457443
1478871958114 lifecam22 3194.66235352 5864.26757812 4.64154291153
1478871958184 lifecam22 3194.45239258 5863.97900391 4.63981389999
1478871958245 lifecam22 3194.50048828 5864.26171875 4.64136457443
1478871958388 lifecam22 3194.55297852 5864.20214844 4.64059686661
1478871958449 lifecam22 3194.45239258 5863.97900391 4.63981389999
1478871958512 lifecam22 3194.50048828 5864.26171875 4.64136457443
1478871958581 lifecam22 3194.2902832 5863.97412109 4.6396355629
1478871958649 lifecam22 3194.50048828 5864.26171875 4.64136457443
1478871958856 lifecam22 3194.60229492 5863.98242188 4.64115333557
1478871958921 lifecam22 3194.50048828 5864.26171875 4.64136457443
1478871958993 lifecam22 3194.43994141 5863.97705078 4.64097309113
1478871959051 lifecam22 3194.50537109 5863.95117188 4.64078760147
1478871959125 lifecam22 3194.7487793 5864.21679688 4.64233350754
1478871959325 lifecam22 3194.72436523 5863.61572266 4.64042615891
1478871959384 lifecam22 3194.73364258 5864.56738281 4.64329195023
1478871959456 lifecam22 3195.00708008 5864.21826172 4.64135694504
1478871959519 lifecam22 3194.50537109 5863.95117188 4.64078760147
1478871959584 lifecam22 3194.65917969 5864.18798828 4.64080858231
1478871959721 lifecam22 3194.75952148 5863.66064453 4.63943243027
1478871959786 lifecam22 3194.59936523 5864.21337891 4.64099502563
1478871959853 lifecam22 3195.23950195 5864.52636719 4.64328479767
1478871959921 lifecam22 3194.86450195 5864.75390625 4.64234304428
1478871959988 lifecam22 3194.83178711 5864.51904297 4.64291954041
1478871960191 lifecam22 3195.82250977 5863.72949219 4.64227676392
1478871960255 lifecam22 3196.81713867 5864.67822266 4.6439204216
1478871960320 lifecam22 3197.05908203 5865.11425781 4.64692020416
1478871960391 lifecam22 3196.75805664 5865.34472656 4.6476354599
1478871960456 lifecam22 3196.45898438 5865.14599609 4.64553833008
1478871960660 lifecam22 3194.62182617 5864.22998047 4.64118814468
1478871960716 lifecam22 3195.46557617 5865.10058594 4.64753675461
1478871960785 lifecam22 3187.28173828 5866.30957031 4.65693187714
1478871960853 lifecam22 3180.87573242 5866.94628906 4.66040611267
1478871960917 lifecam22 3174.3359375 5864.92480469 4.64596796036
1478871961129 lifecam22 3152.81738281 5863.51611328 4.6364364624
1478871961194 lifecam22 3145.98779297 5863.40039062 4.63289737701
1478871961254 lifecam22 3138.46435547 5862.38818359 4.62532997131
1478871961323 lifecam22 3132.03466797 5861.54541016 4.61682033539
1478871961389 lifecam22 3124.71166992 5860.36816406 4.61107301712
1478871961590 lifecam22 3103.03540039 5857.71484375 4.58915567398
1478871961653 lifecam22 3095.89404297 5856.90380859 4.58108329773
1478871961721 lifecam22 3088.27075195 5857.20605469 4.5753235817
1478871961790 lifecam22 3080.62060547 5856.12744141 4.56936073303
1478871961859 lifecam22 3075.4050293 5857.46777344 4.57414960861
1478871962001 lifecam22 3061.33740234 5856.92529297 4.56648445129
1478871962057 lifecam22 3054.32397461 5856.80712891 4.55956983566
1478871962128 lifecam22 3047.92602539 5856.18115234 4.55484819412
1478871962191 lifecam22 3041.34667969 5856.93554688 4.55354499817
1478871962255 lifecam22 3033.86206055 5856.41210938 4.5464849472
1478871962458 lifecam22 3013.02050781 5855.26708984 4.52982139587
1478871962522 lifecam22 3006.74682617 5856.58496094 4.53064870834
1478871962589 lifecam22 2999.01586914 5855.91845703 4.51531410217
1478871962651 lifecam22 2991.96069336 5855.96191406 4.51439428329
1478871962719 lifecam22 2986.46240234 5857.36621094 4.51781368256
1478871962923 lifecam22 2964.09692383 5857.78271484 4.49187850952
1478871962997 lifecam22 2958.59350586 5857.59375 4.48936891556
1478871963057 lifecam22 2951.6184082 5858.47998047 4.48483848572
1478871963132 lifecam22 2944.16333008 5857.79101562 4.47996759415
1478871963197 lifecam22 2936.25146484 5858.87597656 4.47370386124
1478871963401 lifecam22 2915.8762207 5858.65234375 4.45311546326
1478871963458 lifecam22 2908.56005859 5859.83398438 4.45024394989
1478871963517 lifecam22 2900.50024414 5858.92675781 4.4371304512
1478871963588 lifecam22 2893.70117188 5860.57861328 4.43547201157
1478871963657 lifecam22 2886.44091797 5860.44628906 4.43109798431
1478871963857 lifecam22 2866.62719727 5864.19580078 4.42502975464
1478871963933 lifecam22 2860.00585938 5866.08056641 4.42328691483
1478871963994 lifecam22 2852.65625 5865.52978516 4.41541576385
1478871964057 lifecam22 2846.03344727 5867.50195312 4.41058063507
1478871964123 lifecam22 2839.17456055 5867.68798828 4.40497016907
1478871964259 lifecam22 2825.68652344 5870.20605469 4.40020751953
1478871964328 lifecam22 2819.89990234 5871.70849609 4.40144777298
1478871964398 lifecam22 2812.05517578 5871.7109375 4.38574647903
1478871964461 lifecam22 2804.94677734 5873.31689453 4.38115549088
1478871964524 lifecam22 2798.10424805 5873.91259766 4.3770608902
1478871964722 lifecam22 2776.66845703 5877.63037109 4.35934495926
1478871964794 lifecam22 2770.37719727 5880.0234375 4.35578155518
1478871964857 lifecam22 2763.15380859 5880.38964844 4.35197305679
1478871964923 lifecam22 2757.51123047 5882.08837891 4.35048246384
1478871964994 lifecam22 2749.35961914 5883.17236328 4.33920192719
1478871965192 lifecam22 2728.84692383 5886.06689453 4.32261753082
1478871965262 lifecam22 2723.52563477 5888.89990234 4.32571935654
1478871965329 lifecam22 2715.86401367 5888.98535156 4.31878471375
1478871965394 lifecam22 2709.19018555 5891.41064453 4.31572294235
1478871965465 lifecam22 2701.35180664 5891.62841797 4.2983584404
1478871965662 lifecam22 2681.03710938 5897.08300781 4.28744602203
1478871965726 lifecam22 2674.48852539 5898.97314453 4.28386163712
1478871965793 lifecam22 2667.22314453 5901.33447266 4.27723407745
1478871965861 lifecam22 2661.19995117 5902.60644531 4.27942037582
1478871965927 lifecam22 2655.14404297 5905.60986328 4.28134632111
1478871966074 lifecam22 2641.12915039 5908.71679688 4.26426553726
1478871966137 lifecam22 2635.46704102 5911.73339844 4.26453638077
1478871966202 lifecam22 2627.16748047 5912.87451172 4.25477409363
1478871966271 lifecam22 2621.85424805 5914.93554688 4.25814437866
1478871966338 lifecam22 2614.45068359 5916.92382812 4.24335575104
1478871966545 lifecam22 2595.52001953 5923.08837891 4.23650217056
1478871966599 lifecam22 2586.75097656 5924.671875 4.22142982483
1478871966673 lifecam22 2579.45898438 5927.49755859 4.2152223587
1478871966728 lifecam22 2574.32324219 5930.09082031 4.22164392471
1478871966809 lifecam22 2566.71386719 5932.49804688 4.20889520645
1478871966944 lifecam22 2552.68725586 5936.03564453 4.19880628586
1478871967004 lifecam22 2546.80224609 5938.77636719 4.19326972961
1478871967068 lifecam22 2539.96166992 5941.01025391 4.19094085693
1478871967137 lifecam22 2532.35742188 5942.94091797 4.17770290375
1478871967202 lifecam22 2525.79101562 5945.59814453 4.17552471161
1478871967410 lifecam22 2506.34033203 5952.30126953 4.16080856323
1478871967472 lifecam22 2500.45507812 5955.58203125 4.16095209122
1478871967536 lifecam22 2493.65185547 5958.42138672 4.15354585648
1478871967603 lifecam22 2488.02734375 5960.75439453 4.1509809494
1478871967675 lifecam22 2480.87036133 5963.70214844 4.14435434341
1478871967805 lifecam22 2469.20776367 5969.12646484 4.13930797577
1478871967873 lifecam22 2461.14648438 5971.64648438 4.12909030914
1478871967942 lifecam22 2455.91210938 5974.53564453 4.12702989578
1478871967997 lifecam22 2449.00048828 5977.14550781 4.12002944946
1478871968073 lifecam22 2444.13891602 5981.14990234 4.12641811371
1478871968277 lifecam22 2423.37158203 5989.05126953 4.10017728806
1478871968341 lifecam22 2416.3203125 5992.17236328 4.09142971039
1478871968404 lifecam22 2409.75610352 5995.27636719 4.08672428131
1478871968474 lifecam22 2403.6159668 5997.21728516 4.08063364029
1478871968541 lifecam22 2397.59301758 6001.62841797 4.07422780991
1478871968669 lifecam22 2386.70800781 6008.20458984 4.07612419128
1478871968741 lifecam22 2379.09814453 6011.79052734 4.06880998611
1478871968808 lifecam22 2372.88989258 6014.31933594 4.05963420868
1478871968871 lifecam22 2366.00073242 6017.70019531 4.05169820786
1478871968937 lifecam22 2359.24780273 6020.57666016 4.04862165451
1478871969072 lifecam22 2347.12719727 6026.69238281 4.0353307724
1478871969140 lifecam22 2341.14819336 6030.29736328 4.02977752686
1478871969209 lifecam22 2335.3359375 6033.30322266 4.0262556076
1478871969273 lifecam22 2330.49560547 6036.14257812 4.02606201172
1478871969339 lifecam22 2324.65795898 6039.18457031 4.024477005
1478871969474 lifecam22 2310.44604492 6047.04980469 4.0079035759
1478871969545 lifecam22 2304.84912109 6051.54394531 4.00123500824
1478871969609 lifecam22 2299.52832031 6053.97607422 4.00337076187
1478871969676 lifecam22 2294.24707031 6058.27099609 4.00092077255
1478871969742 lifecam22 2288.3503418 6061.56689453 3.99083590508
1478871969884 lifecam22 2275.46850586 6069.61572266 3.97852277756
1478871969941 lifecam22 2271.2121582 6072.92773438 3.98451066017
1478871970008 lifecam22 2264.65112305 6077.13085938 3.97327661514
1478871970076 lifecam22 2258.24707031 6080.88525391 3.96533966064
1478871970144 lifecam22 2254.19677734 6084.48144531 3.97227168083
1478871970276 lifecam22 2237.44042969 6091.49951172 3.93680024147
1478871970344 lifecam22 2233.63867188 6094.98681641 3.93745350838
1478871970412 lifecam22 2227.39160156 6100.24755859 3.93191003799
1478871970475 lifecam22 2220.32714844 6103.89160156 3.92259645462
1478871970542 lifecam22 2213.91210938 6107.49755859 3.90789628029
1478871970742 lifecam22 2199.06298828 6120.88378906 3.90930819511
1478871970811 lifecam22 2190.78149414 6123.58398438 3.89074778557
1478871970881 lifecam22 2185.9050293 6128.12597656 3.8892326355
1478871970944 lifecam22 2179.89868164 6131.67578125 3.88193845749
1478871971008 lifecam22 2176.22241211 6135.28808594 3.886957407
1478871971148 lifecam22 2164.32519531 6144.27099609 3.87739372253
1478871971206 lifecam22 2159.25488281 6148.07861328 3.87056708336
1478871971277 lifecam22 2152.00268555 6152.51025391 3.8601834774
1478871971343 lifecam22 2146.9465332 6156.58984375 3.85289502144
1478871971415 lifecam22 2143.65087891 6161.25048828 3.86426687241
1478871971551 lifecam22 2132.04418945 6169.93847656 3.84748840332
1478871971603 lifecam22 2126.7175293 6175.46533203 3.84063911438
1478871971683 lifecam22 2119.57299805 6179.91015625 3.83201432228
1478871971747 lifecam22 2115.7980957 6184.20507812 3.83005023003
1478871971811 lifecam22 2109.91967773 6188.06982422 3.81998705864
1478871972012 lifecam22 2094.14648438 6201.70751953 3.8111076355
1478871972084 lifecam22 2088.73706055 6206.90527344 3.80485463142
1478871972146 lifecam22 2083.65209961 6211.27099609 3.80048537254
1478871972211 lifecam22 2077.63500977 6215.63818359 3.79023456573
1478871972278 lifecam22 2072.6262207 6220.20410156 3.78737235069
1478871972417 lifecam22 2061.53100586 6230.44384766 3.77307200432
1478871972479 lifecam22 2058.24438477 6234.34326172 3.77798461914
1478871972609 lifecam22 2048.46289062 6244.54931641 3.76974272728
1478871972682 lifecam22 2043.55993652 6249.14697266 3.7673099041
1478871972879 lifecam22 2027.67907715 6263.02148438 3.7489528656
1478871972939 lifecam22 2022.54528809 6269.50244141 3.74129509926
1478871973010 lifecam22 2016.68884277 6272.90039062 3.73432970047
1478871973084 lifecam22 2012.40710449 6278.39013672 3.73217535019
1478871973150 lifecam22 2006.83630371 6282.43017578 3.72228002548
1478871973279 lifecam22 1999.27868652 6292.72607422 3.72334980965
1478871973349 lifecam22 1999.85168457 6294.52539062 3.72999286652
1478871973415 lifecam22 2000.65637207 6292.35302734 3.72733974457
1478871973481 lifecam22 1999.92932129 6293.67724609 3.72864484787
1478871973546 lifecam22 2000.57141113 6292.56884766 3.72913503647
1478871973613 lifecam22 2000.85778809 6292.88720703 3.73168373108
1478871973682 lifecam22 2000.86560059 6292.67773438 3.73065447807
1478871973744 lifecam22 2000.46130371 6292.97314453 3.72907733917
1478871973815 lifecam22 2000.8380127 6292.80029297 3.73108005524
1478871973879 lifecam22 2000.71179199 6292.81835938 3.73019838333
1478871974009 lifecam22 2000.74328613 6292.60302734 3.72931599617
1478871974078 lifecam22 2000.86657715 6292.67773438 3.73065853119
1478871974143 lifecam22 2001.11413574 6292.73339844 3.73285222054
1478871974213 lifecam22 2000.84997559 6292.58984375 3.73007440567
1478871974282 lifecam22 2001.11413574 6292.73339844 3.73285222054
1478871974418 lifecam22 2000.72644043 6293.14013672 3.73199176788
1478871974485 lifecam22 2000.72473145 6292.50439453 3.72998023033
1478871974539 lifecam22 2000.86657715 6292.67773438 3.73065853119
1478871974614 lifecam22 2000.86657715 6292.67773438 3.73065853119
1478871974691 lifecam22 2000.80725098 6293.00097656 3.73188948631
1478871974814 lifecam22 2000.86560059 6292.67773438 3.73065447807
