1478872255243 lifecam22 3194.71166992 5861.45947266 4.63729906082
1478872255306 lifecam22 3194.62353516 5860.98388672 4.63558197021
1478872255385 lifecam22 3194.84570312 5861.04785156 4.63636016846
1478872255511 lifecam22 3194.39404297 5860.78466797 4.63481760025
1478872255588 lifecam22 3194.64038086 5860.99951172 4.63690137863
1478872255655 lifecam22 3195.35205078 5861.63134766 4.64056825638
1478872255720 lifecam22 3194.63696289 5860.99755859 4.63687515259
1478872255777 lifecam22 3194.84814453 5861.1953125 4.63865661621
1478872255919 lifecam22 3195.54223633 5859.91455078 4.64006853104
1478872255984 lifecam22 3195.80078125 5860.59863281 4.64313077927
1478872256051 lifecam22 3195.52001953 5862.02441406 4.64186763763
1478872256118 lifecam22 3195.10693359 5861.15039062 4.63980484009
1478872256179 lifecam22 3195.16503906 5861.46044922 4.64016532898
1478872256382 lifecam22 3195.10400391 5861.25537109 4.6383728981
1478872256448 lifecam22 3195.30761719 5862.10009766 4.64110851288
1478872256516 lifecam22 3195.1015625 5861.9453125 4.63934659958
1478872256591 lifecam22 3194.62646484 5861.66894531 4.63761329651
1478872256646 lifecam22 3195.06933594 5861.69433594 4.63967943192
1478872256788 lifecam22 3195.47705078 5861.70019531 4.6403055191
1478872256844 lifecam22 3195.50830078 5861.27783203 4.63526344299
1478872256914 lifecam22 3195.74121094 5861.89160156 4.64204216003
1478872256980 lifecam22 3195.8425293 5861.98828125 4.64035511017
1478872257047 lifecam22 3195.75048828 5862.03222656 4.64205551147
1478872257186 lifecam22 3195.72265625 5861.46972656 4.63820314407
1478872257250 lifecam22 3195.75512695 5861.921875 4.63961219788
1478872257325 lifecam22 3195.39160156 5861.83837891 4.63779115677
1478872257389 lifecam22 3195.27270508 5862.01855469 4.63914442062
1478872257458 lifecam22 3195.83032227 5861.67626953 4.63790225983
1478872257587 lifecam22 3195.99169922 5861.97998047 4.6403503418
1478872257661 lifecam22 3196.078125 5861.88427734 4.63879537582
1478872257708 lifecam22 3195.33618164 5862.06298828 4.6371846199
1478872257776 lifecam22 3196.19848633 5862.10888672 4.63974475861
1478872257850 lifecam22 3196.16333008 5861.95556641 4.63834571838
1478872257982 lifecam22 3196.17944336 5861.85693359 4.64208173752
1478872258050 lifecam22 3193.46411133 5862.36083984 4.6366944313
1478872258113 lifecam22 3182.21655273 5859.76904297 4.62227535248
1478872258178 lifecam22 3176.75048828 5859.25195312 4.62296152115
1478872258247 lifecam22 3170.81665039 5859.04931641 4.62097263336
1478872258449 lifecam22 3149.1340332 5857.76220703 4.60962200165
1478872258518 lifecam22 3141.76733398 5857.25488281 4.60181999207
1478872258581 lifecam22 3135.17822266 5857.12011719 4.59983634949
1478872258645 lifecam22 3127.24804688 5855.57373047 4.58959293365
1478872258716 lifecam22 3122.38256836 5856.29248047 4.59339666367
1478872258922 lifecam22 3100.02929688 5855.12597656 4.57901906967
1478872258980 lifecam22 3093.3527832 5854.34472656 4.57032108307
1478872259053 lifecam22 3086.40917969 5854.12597656 4.56720638275
1478872259115 lifecam22 3078.91918945 5853.40283203 4.55682563782
1478872259190 lifecam22 3072.03393555 5852.97607422 4.55328941345
1478872259321 lifecam22 3058.00585938 5852.25439453 4.53900337219
1478872259394 lifecam22 3051.78222656 5853.83007812 4.5396065712
1478872259460 lifecam22 3043.96142578 5852.8828125 4.53330898285
1478872259526 lifecam22 3037.96948242 5853.21875 4.53055763245
1478872259594 lifecam22 3030.67797852 5853.50683594 4.52615070343
1478872259725 lifecam22 3017.05004883 5854.58886719 4.52064943314
1478872259792 lifecam22 3009.53466797 5853.26806641 4.5061249733
1478872259859 lifecam22 3002.61865234 5853.95947266 4.5025935173
1478872259918 lifecam22 2996.5612793 5854.48388672 4.50279474258
1478872259988 lifecam22 2989.03759766 5854.17333984 4.49501752853
1478872260134 lifecam22 2975.84790039 5855.01123047 4.48540878296
1478872260186 lifecam22 2968.42895508 5853.91162109 4.47188949585
1478872260259 lifecam22 2962.65087891 5855.09326172 4.47511100769
1478872260318 lifecam22 2954.76245117 5855.19335938 4.46636152267
1478872260382 lifecam22 2947.00390625 5855.33105469 4.45765638351
1478872260599 lifecam22 2926.41821289 5858.1015625 4.44502305984
1478872260661 lifecam22 2918.64990234 5857.62939453 4.44014835358
1478872260723 lifecam22 2912.53955078 5858.64208984 4.43465900421
1478872260795 lifecam22 2905.07495117 5858.70263672 4.43047714233
1478872260862 lifecam22 2898.23339844 5860.18847656 4.42973566055
1478872261063 lifecam22 2878.04248047 5862.92919922 4.41421604156
1478872261130 lifecam22 2871.31762695 5863.36035156 4.41116857529
1478872261200 lifecam22 2863.78808594 5864.01806641 4.40433263779
1478872261252 lifecam22 2856.91308594 5865.26123047 4.40250444412
1478872261318 lifecam22 2850.00341797 5866.34960938 4.39445829391
1478872261457 lifecam22 2836.80297852 5869.18847656 4.39052391052
1478872261518 lifecam22 2829.60351562 5870.203125 4.38156557083
1478872261597 lifecam22 2822.76196289 5871.58056641 4.37649345398
1478872261655 lifecam22 2815.79223633 5872.55712891 4.3725104332
1478872261716 lifecam22 2808.54711914 5873.16357422 4.36670970917
1478872261925 lifecam22 2787.28417969 5876.78222656 4.34702396393
1478872261992 lifecam22 2781.55786133 5877.46728516 4.34051895142
1478872262058 lifecam22 2773.63671875 5878.67041016 4.33640623093
1478872262122 lifecam22 2767.46655273 5879.82958984 4.32927083969
1478872262186 lifecam22 2758.73510742 5881.13623047 4.3193731308
1478872262384 lifecam22 2739.57641602 5885.97070312 4.31154251099
1478872262461 lifecam22 2732.28833008 5887.80224609 4.30671882629
1478872262524 lifecam22 2726.90258789 5889.64111328 4.30954885483
1478872262583 lifecam22 2719.95898438 5890.93798828 4.30365467072
1478872262653 lifecam22 2713.27832031 5893.45654297 4.30095481873
1478872262853 lifecam22 2692.24536133 5898.04101562 4.28291463852
1478872262921 lifecam22 2687.28564453 5900.14160156 4.28292417526
1478872262987 lifecam22 2678.79467773 5901.37890625 4.26947975159
1478872263061 lifecam22 2672.45483398 5902.78125 4.26920557022
1478872263130 lifecam22 2666.08178711 5904.72753906 4.26645469666
1478872263200 lifecam22 2658.20532227 5907.10644531 4.25636053085
1478872263266 lifecam22 2651.91040039 5908.97119141 4.25329256058
1478872263324 lifecam22 2645.45043945 5910.88427734 4.24511051178
1478872263398 lifecam22 2638.52905273 5913.60986328 4.24244880676
1478872263459 lifecam22 2632.87475586 5915.76513672 4.24333000183
1478872263599 lifecam22 2617.40820312 5918.96875 4.21889352798
1478872263664 lifecam22 2612.04785156 5921.40136719 4.22151899338
1478872263726 lifecam22 2606.84838867 5924.56445312 4.22536611557
1478872263798 lifecam22 2598.14892578 5925.14111328 4.20962333679
1478872263869 lifecam22 2591.14453125 5928.05712891 4.20440006256
1478872264063 lifecam22 2570.64111328 5933.72900391 4.18858289719
1478872264136 lifecam22 2564.28930664 5936.52978516 4.18056678772
1478872264192 lifecam22 2557.30517578 5939.20703125 4.17862081528
1478872264254 lifecam22 2551.4987793 5941.36572266 4.17609119415
1478872264327 lifecam22 2543.90454102 5944.64746094 4.16951417923
1478872264466 lifecam22 2531.78808594 5949.64892578 4.1609711647
1478872264536 lifecam22 2525.72631836 5951.88818359 4.15839481354
1478872264603 lifecam22 2518.90917969 5954.84570312 4.1544342041
1478872264666 lifecam22 2511.86108398 5957.45263672 4.14727306366
1478872264724 lifecam22 2505.90722656 5960.33398438 4.14701414108
1478872264864 lifecam22 2493.59960938 5965.65087891 4.14000606537
1478872264927 lifecam22 2486.51586914 5967.64404297 4.12515497208
1478872264999 lifecam22 2480.03149414 5971.14111328 4.12386751175
1478872265063 lifecam22 2472.8762207 5973.75292969 4.11377763748
1478872265137 lifecam22 2467.31933594 5975.83789062 4.1127538681
1478872265333 lifecam22 2448.90917969 5986.46142578 4.10407161713
1478872265399 lifecam22 2442.59594727 5989.25927734 4.09536743164
1478872265464 lifecam22 2435.79174805 5991.828125 4.09064674377
1478872265537 lifecam22 2429.02539062 5995.17773438 4.08324384689
1478872265604 lifecam22 2421.63256836 5997.53662109 4.07359457016
1478872265729 lifecam22 2409.06225586 6004.1796875 4.06238412857
1478872265800 lifecam22 2402.34643555 6006.77978516 4.05473470688
1478872265871 lifecam22 2397.11572266 6009.82763672 4.05401754379
1478872265927 lifecam22 2389.58959961 6013.16650391 4.04039812088
1478872266001 lifecam22 2383.55688477 6015.95214844 4.03990936279
1478872266142 lifecam22 2371.81738281 6022.88671875 4.03466510773
1478872266197 lifecam22 2365.70336914 6027.12792969 4.02803850174
1478872266267 lifecam22 2360.35473633 6029.92724609 4.0275592804
1478872266337 lifecam22 2354.82739258 6034.04736328 4.0264172554
1478872266403 lifecam22 2349.49853516 6036.90087891 4.02715396881
1478872266608 lifecam22 2330.11865234 6047.36425781 4.0045132637
1478872266668 lifecam22 2324.03027344 6051.55712891 4.00506305695
1478872266727 lifecam22 2318.16479492 6054.16699219 3.99471640587
1478872266794 lifecam22 2313.3659668 6058.34472656 3.99611353874
1478872266859 lifecam22 2305.19335938 6062.22216797 3.97722792625
1478872266926 lifecam22 2300.75146484 6065.65771484 3.98152899742
1478872267058 lifecam22 2289.49047852 6072.62109375 3.97201299667
1478872267131 lifecam22 2280.85766602 6076.75097656 3.94893217087
1478872267189 lifecam22 2276.87084961 6080.49169922 3.95446825027
1478872267260 lifecam22 2269.78613281 6085.61132812 3.94477343559
1478872267336 lifecam22 2262.38305664 6087.71240234 3.93287873268
1478872267470 lifecam22 2251.14648438 6096.93701172 3.92944645882
1478872267540 lifecam22 2246.16894531 6100.36425781 3.92174553871
1478872267595 lifecam22 2242.28125 6104.52001953 3.92390561104
1478872267658 lifecam22 2232.27172852 6108.30566406 3.90091633797
1478872267728 lifecam22 2227.80981445 6112.93457031 3.90138077736
1478872267943 lifecam22 2208.64453125 6124.40380859 3.8800842762
1478872267997 lifecam22 2205.00439453 6127.64453125 3.8802921772
1478872268069 lifecam22 2198.984375 6132.75439453 3.87654280663
1478872268139 lifecam22 2193.58154297 6136.86230469 3.8703148365
1478872268206 lifecam22 2190.5925293 6140.55273438 3.87611651421
1478872268340 lifecam22 2178.34619141 6148.64892578 3.86393785477
1478872268404 lifecam22 2172.77172852 6153.56884766 3.85735917091
1478872268472 lifecam22 2167.12573242 6157.80761719 3.85034966469
1478872268534 lifecam22 2161.50952148 6161.80126953 3.84853291512
1478872268593 lifecam22 2156.51269531 6167.78320312 3.83942246437
1478872268740 lifecam22 2146.80322266 6176.60986328 3.8389518261
1478872268808 lifecam22 2140.23754883 6181.09082031 3.82691049576
1478872268871 lifecam22 2134.10205078 6184.78076172 3.81720018387
1478872268929 lifecam22 2129.16308594 6189.29248047 3.8115170002
1478872268994 lifecam22 2123.50610352 6194.45800781 3.80924344063
1478872269200 lifecam22 2107.84204102 6208.33398438 3.79493236542
1478872269266 lifecam22 2103.69848633 6212.89208984 3.79227852821
1478872269343 lifecam22 2097.23608398 6217.54199219 3.78082919121
1478872269403 lifecam22 2092.68896484 6221.99902344 3.77977871895
1478872269465 lifecam22 2087.81835938 6226.796875 3.77670097351
1478872269604 lifecam22 2077.3347168 6236.40136719 3.76854252815
1478872269667 lifecam22 2072.22070312 6240.72216797 3.76078820229
1478872269733 lifecam22 2066.90161133 6245.17626953 3.75507831573
1478872269805 lifecam22 2062.43579102 6250.12597656 3.75065422058
1478872269868 lifecam22 2055.41357422 6255.22998047 3.74125409126
1478872270012 lifecam22 2046.35900879 6264.70068359 3.73396801949
1478872270066 lifecam22 2041.17834473 6270.27392578 3.72700881958
1478872270138 lifecam22 2037.75378418 6274.61962891 3.73089528084
1478872270208 lifecam22 2032.70690918 6280.08007812 3.72589635849
1478872270272 lifecam22 2028.37438965 6285.06689453 3.7225754261
1478872270476 lifecam22 2014.24694824 6300.09228516 3.70883274078
1478872270540 lifecam22 2008.71960449 6305.18212891 3.69875955582
1478872270613 lifecam22 2006.08166504 6310.31738281 3.70458769798
1478872270678 lifecam22 2010.42272949 6310.37646484 3.72440052032
1478872270734 lifecam22 2009.81530762 6309.00146484 3.71972966194
1478872270869 lifecam22 2009.64929199 6309.07324219 3.71881103516
1478872270942 lifecam22 2009.67907715 6309.16210938 3.71950507164
1478872271001 lifecam22 2009.36877441 6309.42578125 3.71846723557
1478872271067 lifecam22 2009.65246582 6309.03271484 3.71862077713
1478872271129 lifecam22 2009.64929199 6309.07324219 3.71881103516
1478872271341 lifecam22 2009.35095215 6309.05273438 3.7175142765
1478872271407 lifecam22 2009.36877441 6309.42578125 3.71846723557
1478872271473 lifecam22 2009.81530762 6309.00146484 3.71972966194
1478872271538 lifecam22 2009.32897949 6309.53808594 3.71874499321
1478872271605 lifecam22 2009.81530762 6309.00146484 3.71972966194
1478872271732 lifecam22 2009.67907715 6309.16210938 3.71950507164
1478872271810 lifecam22 2009.84411621 6309.09082031 3.72041654587
1478872271874 lifecam22 2009.3782959 6309.18066406 3.71726369858
1478872271942 lifecam22 2009.40661621 6309.50585938 3.71918034554
1478872272008 lifecam22 2009.51696777 6308.98046875 3.71843647957
1478872272137 lifecam22 2009.36877441 6309.42578125 3.71846723557
1478872272217 lifecam22 2009.81530762 6309.00146484 3.71972966194
1478872272272 lifecam22 2009.81530762 6309.00146484 3.71972966194
1478872272333 lifecam22 2009.64929199 6309.07324219 3.71881103516
1478872272402 lifecam22 2009.67907715 6309.16210938 3.71950507164
1478872272540 lifecam22 2009.81530762 6309.00146484 3.71972966194
1478872272614 lifecam22 2009.36877441 6309.42578125 3.71846723557
1478872272685 lifecam22 2009.64929199 6309.07324219 3.71881103516
1478872272735 lifecam22 2009.29162598 6309.45800781 3.7180352211
1478872272816 lifecam22 2009.64929199 6309.07324219 3.71881103516
1478872272944 lifecam22 2009.67907715 6309.16210938 3.71950507164
1478872273012 lifecam22 2009.64929199 6309.07324219 3.71881103516
1478872273082 lifecam22 2009.81530762 6309.00146484 3.71972966194
1478872273146 lifecam22 2009.56262207 6308.99414062 3.7177195549
1478872273215 lifecam22 2009.77282715 6309.04736328 3.72085189819
1478872273350 lifecam22 2009.46960449 6309.25585938 3.71836543083
1478872273412 lifecam22 2009.81530762 6309.00146484 3.71972966194
1478872273480 lifecam22 2009.81530762 6309.00146484 3.71972966194
1478872273536 lifecam22 2009.59069824 6309.20458984 3.71903920174
1478872273599 lifecam22 2009.62438965 6309.2890625 3.71974253654
