1478872114837 lifecam22 3198.62939453 5861.62158203 4.6602191925
1478872114972 lifecam22 3199.06469727 5861.80957031 4.6610417366
1478872115035 lifecam22 3199.16967773 5861.77587891 4.6619977951
1478872115099 lifecam22 3199.16967773 5861.77587891 4.6619977951
1478872115164 lifecam22 3199.43017578 5861.85644531 4.66430902481
1478872115235 lifecam22 3199.55297852 5862.00537109 4.66440439224
1478872115432 lifecam22 3198.75 5861.51660156 4.65833377838
1478872115507 lifecam22 3199.72387695 5862.11230469 4.66554927826
1478872115575 lifecam22 3199.46191406 5862.02880859 4.66323804855
1478872115629 lifecam22 3199.55297852 5862.00537109 4.66440439224
1478872115699 lifecam22 3199.22143555 5861.85351562 4.66277313232
1478872115834 lifecam22 3199.76342773 5862.01025391 4.66593837738
1478872115896 lifecam22 3199.54077148 5861.69433594 4.66440343857
1478872115961 lifecam22 3199.15576172 5861.4609375 4.66199684143
1478872116034 lifecam22 3199.16967773 5861.77587891 4.6619977951
1478872116102 lifecam22 3200.11352539 5862.30566406 4.66624450684
1478872116241 lifecam22 3201.32910156 5863.78955078 4.67011213303
1478872116301 lifecam22 3201.47875977 5863.79345703 4.67145633698
1478872116369 lifecam22 3200.86230469 5862.99072266 4.66751146317
1478872116430 lifecam22 3199.6171875 5863.25146484 4.66317367554
1478872116505 lifecam22 3198.05004883 5861.48583984 4.65736436844
1478872116704 lifecam22 3187.63476562 5859.93017578 4.64717340469
1478872116775 lifecam22 3179.29931641 5859.43554688 4.64169120789
1478872116830 lifecam22 3175.38525391 5859.51171875 4.6404838562
1478872116889 lifecam22 3167.18603516 5858.97363281 4.63855886459
1478872116971 lifecam22 3159.65332031 5859.15722656 4.63436794281
1478872117107 lifecam22 3146.59716797 5857.49755859 4.62821006775
1478872117170 lifecam22 3138.50463867 5855.671875 4.61125564575
1478872117241 lifecam22 3131.90722656 5854.98583984 4.61165523529
1478872117295 lifecam22 3124.91796875 5855.01025391 4.60689973831
1478872117371 lifecam22 3118.18579102 5854.41064453 4.60051250458
1478872117573 lifecam22 3097.04638672 5852.6640625 4.58073472977
1478872117639 lifecam22 3090.44384766 5852.36474609 4.57854413986
1478872117697 lifecam22 3084.3215332 5852.27929688 4.57524299622
1478872117772 lifecam22 3076.87451172 5851.73632812 4.57081031799
1478872117839 lifecam22 3069.85864258 5852.27099609 4.56517028809
1478872117979 lifecam22 3055.55029297 5851.53076172 4.55541706085
1478872118037 lifecam22 3048.55786133 5851.64697266 4.54768037796
1478872118107 lifecam22 3040.47290039 5850.70458984 4.53996372223
1478872118166 lifecam22 3035.41235352 5851.55419922 4.54226303101
1478872118239 lifecam22 3028.22143555 5851.16210938 4.53987073898
1478872118373 lifecam22 3013.14892578 5851.27490234 4.5243268013
1478872118433 lifecam22 3006.99316406 5851.2421875 4.52222061157
1478872118505 lifecam22 3000.31494141 5852.19775391 4.5192193985
1478872118570 lifecam22 2993.73999023 5851.81005859 4.51354885101
1478872118637 lifecam22 2986.72485352 5851.94433594 4.50720357895
1478872118768 lifecam22 2973.25292969 5851.87548828 4.49588298798
1478872118843 lifecam22 2966.67700195 5853.40332031 4.49673843384
1478872118910 lifecam22 2958.42871094 5852.90625 4.48434305191
1478872118966 lifecam22 2951.8359375 5854.01904297 4.48650550842
1478872119044 lifecam22 2944.62036133 5854.54443359 4.4786939621
1478872119180 lifecam22 2930.68310547 5854.8984375 4.46555376053
1478872119248 lifecam22 2924.7800293 5855.29150391 4.45905447006
1478872119310 lifecam22 2917.28442383 5855.24023438 4.45605659485
1478872119372 lifecam22 2911.20214844 5857.01416016 4.45683717728
1478872119429 lifecam22 2902.27514648 5856.15869141 4.4397687912
1478872119498 lifecam22 2896.05615234 5857.52294922 4.43748903275
1478872119573 lifecam22 2888.46508789 5857.70117188 4.43134832382
1478872119643 lifecam22 2881.69848633 5858.99804688 4.43023252487
1478872119702 lifecam22 2874.47070312 5858.90722656 4.42256641388
1478872119775 lifecam22 2867.10913086 5860.625 4.42216205597
1478872119839 lifecam22 2860.96508789 5860.62939453 4.41278362274
1478872120044 lifecam22 2840.18652344 5864.6015625 4.39867210388
1478872120106 lifecam22 2832.36035156 5864.59228516 4.39398956299
1478872120174 lifecam22 2826.97827148 5866.796875 4.39761686325
1478872120234 lifecam22 2819.07006836 5867.66552734 4.38981389999
1478872120308 lifecam22 2812.30541992 5868.48779297 4.38339948654
1478872120444 lifecam22 2798.27490234 5871.07324219 4.3755812645
1478872120513 lifecam22 2792.66088867 5871.91748047 4.37087440491
1478872120570 lifecam22 2785.35717773 5873.16601562 4.36151838303
1478872120639 lifecam22 2777.89208984 5873.59082031 4.35736083984
1478872120710 lifecam22 2770.37988281 5875.63867188 4.35115671158
1478872120846 lifecam22 2758.20800781 5878.38085938 4.34734630585
1478872120912 lifecam22 2750.78857422 5879.84570312 4.33649206161
1478872120978 lifecam22 2744.11938477 5881.66357422 4.33573675156
1478872121042 lifecam22 2737.18212891 5882.55029297 4.32840919495
1478872121110 lifecam22 2731.09594727 5884.52246094 4.32638311386
1478872121242 lifecam22 2716.95239258 5887.484375 4.31681060791
1478872121379 lifecam22 2702.80761719 5889.99169922 4.30103445053
1478872121436 lifecam22 2698.09643555 5891.72705078 4.30172634125
1478872121502 lifecam22 2689.69360352 5892.72119141 4.29292917252
1478872121643 lifecam22 2675.33911133 5895.8671875 4.28080844879
1478872121704 lifecam22 2668.31982422 5897.47949219 4.27635002136
1478872121775 lifecam22 2661.16967773 5900.32226562 4.26934814453
1478872121843 lifecam22 2654.66894531 5902.69677734 4.26806116104
1478872121912 lifecam22 2649.43286133 5904.66943359 4.26430082321
1478872122047 lifecam22 2634.93237305 5907.92138672 4.25613641739
1478872122109 lifecam22 2630.30249023 5911.0859375 4.26181650162
1478872122177 lifecam22 2621.19140625 5911.56884766 4.24058294296
1478872122245 lifecam22 2615.50512695 5914.55029297 4.24150037766
1478872122304 lifecam22 2609.17333984 5916.45361328 4.23639440536
1478872122447 lifecam22 2593.25292969 5920.22998047 4.21586942673
1478872122505 lifecam22 2588.20849609 5922.54345703 4.22309350967
1478872122575 lifecam22 2581.09667969 5925.02001953 4.21039390564
1478872122631 lifecam22 2574.53271484 5927.3125 4.20828294754
1478872122709 lifecam22 2568.375 5929.45556641 4.20786523819
1478872122902 lifecam22 2548.10473633 5936.81933594 4.18833971024
1478872122983 lifecam22 2541.71337891 5939.43798828 4.18468523026
1478872123049 lifecam22 2534.43408203 5941.88232422 4.18132734299
1478872123107 lifecam22 2527.02001953 5943.74804688 4.16655302048
1478872123172 lifecam22 2521.69433594 5946.85351562 4.17093467712
1478872123377 lifecam22 2501.75512695 5953.21337891 4.15422487259
1478872123440 lifecam22 2495.13989258 5956.51464844 4.14691829681
1478872123499 lifecam22 2487.87817383 5958.29296875 4.13796710968
1478872123575 lifecam22 2481.6652832 5961.46191406 4.13516426086
1478872123640 lifecam22 2474.92236328 5964.72363281 4.1325135231
1478872123781 lifecam22 2463.14160156 5970.48046875 4.12640714645
1478872123843 lifecam22 2456.64306641 5973.44726562 4.12129640579
1478872123914 lifecam22 2450.06494141 5976.23046875 4.11449289322
1478872123980 lifecam22 2443.41235352 5979.02783203 4.10984611511
1478872124033 lifecam20 2941.21801758 4981.51464844 4.28491258621
1478872124051 lifecam22 2938.69921875 4982.91015625 4.2855887413
1478872124180 lifecam22 2932.0300293 4986.17773438 4.27932167053
1478872124246 lifecam22 2418.43676758 5991.12207031 4.09269618988
1478872124303 lifecam22 2412.75634766 5994.15673828 4.08826589584
1478872124382 lifecam22 2405.7980957 5997.0 4.08119440079
1478872124447 lifecam22 2398.90112305 6000.18359375 4.07135486603
1478872124585 lifecam22 2386.91088867 6006.50488281 4.06494951248
1478872124640 lifecam22 2380.796875 6010.41064453 4.05989170074
1478872124711 lifecam22 2374.95703125 6013.64111328 4.05983924866
1478872124784 lifecam22 2369.62109375 6016.87792969 4.05541849136
1478872124842 lifecam22 2362.04833984 6020.59472656 4.04221820831
1478872124981 lifecam22 2350.19213867 6026.90869141 4.03842449188
1478872125055 lifecam22 2344.14526367 6029.92236328 4.0344247818
1478872125118 lifecam22 2336.4140625 6033.72021484 4.02156925201
1478872125174 lifecam22 2330.55834961 6037.02441406 4.0121846199
1478872125249 lifecam22 2324.96655273 6039.64306641 4.01638412476
1478872125387 lifecam22 2311.24560547 6047.44384766 3.99808049202
1478872125443 lifecam22 2305.4621582 6049.69042969 3.99020218849
1478872125518 lifecam22 2300.49462891 6054.31201172 3.99043512344
1478872125584 lifecam22 2294.45458984 6057.12207031 3.98451304436
1478872125650 lifecam22 2289.50317383 6061.03320312 3.98606610298
1478872125787 lifecam22 2277.64501953 6068.63232422 3.97449469566
1478872125845 lifecam22 2273.02172852 6073.53222656 3.97806763649
1478872125913 lifecam22 2266.27441406 6075.96142578 3.97179055214
1478872125977 lifecam22 2260.00097656 6080.43457031 3.9642124176
1478872126052 lifecam22 2252.16699219 6083.7734375 3.94164609909
1478872126107 lifecam22 2251.34814453 6088.46044922 3.9706838131
1478872126177 lifecam22 2240.875 6093.45410156 3.93498539925
1478872126243 lifecam22 2237.63696289 6096.01269531 3.9445245266
1478872126311 lifecam22 2229.77441406 6099.27783203 3.92365336418
1478872126386 lifecam22 2223.87011719 6103.36962891 3.9231107235
1478872126454 lifecam22 2218.54711914 6107.5625 3.92065739632
1478872126587 lifecam22 2206.15917969 6115.89453125 3.90542888641
1478872126661 lifecam22 2199.94726562 6119.84912109 3.89716076851
1478872126710 lifecam22 2195.78295898 6124.11914062 3.89816117287
1478872126779 lifecam22 2188.34423828 6128.75585938 3.88426423073
1478872126850 lifecam22 2185.44311523 6133.39892578 3.8923368454
1478872126986 lifecam22 2171.02197266 6140.03759766 3.86753153801
1478872127047 lifecam22 2167.03491211 6145.32910156 3.86457896233
1478872127119 lifecam22 2160.93505859 6149.26806641 3.86795330048
1478872127185 lifecam22 2157.00512695 6153.53076172 3.86761808395
1478872127251 lifecam22 2149.10839844 6156.96777344 3.84930181503
1478872127390 lifecam22 2138.77075195 6165.53515625 3.83892631531
1478872127458 lifecam22 2133.60571289 6170.69921875 3.83837366104
1478872127510 lifecam22 2129.125 6174.94677734 3.83862757683
1478872127577 lifecam22 2123.61035156 6179.47802734 3.83009767532
1478872127644 lifecam22 2118.65161133 6183.89746094 3.82691168785
1478872127856 lifecam22 2102.22021484 6197.63671875 3.814442873
1478872127904 lifecam22 2096.90576172 6202.62939453 3.80410242081
1478872127988 lifecam22 2091.44482422 6206.74365234 3.80123901367
1478872128047 lifecam22 2087.33911133 6212.21972656 3.79818153381
1478872128122 lifecam22 2081.73120117 6216.98046875 3.79490971565
1478872128261 lifecam22 2072.38256836 6226.23535156 3.78528690338
1478872128321 lifecam22 2065.95898438 6230.72021484 3.77414894104
1478872128385 lifecam22 2060.97070312 6235.29882812 3.76785445213
1478872128455 lifecam22 2055.99267578 6240.22167969 3.76647591591
1478872128524 lifecam22 2050.76123047 6245.25 3.75982928276
1478872128662 lifecam22 2040.9161377 6255.37207031 3.75269007683
1478872128716 lifecam22 2036.25109863 6260.86621094 3.74774169922
1478872128775 lifecam22 2030.1126709 6265.60107422 3.73647880554
1478872128854 lifecam22 2024.93249512 6269.81103516 3.73336243629
1478872128922 lifecam22 2020.60705566 6275.20166016 3.72885465622
1478872129058 lifecam22 2011.00085449 6285.07324219 3.72233581543
1478872129118 lifecam22 2006.48596191 6289.66552734 3.71828341484
1478872129185 lifecam22 2001.44030762 6293.86767578 3.71303462982
1478872129249 lifecam22 2002.50720215 6295.71484375 3.72104597092
1478872129324 lifecam22 2003.31140137 6294.30322266 3.71993994713
1478872129463 lifecam22 2002.92053223 6294.86132812 3.71981143951
1478872129525 lifecam22 2002.92053223 6294.86132812 3.71981143951
1478872129589 lifecam22 2002.92053223 6294.86132812 3.71981143951
1478872129660 lifecam22 2002.92053223 6294.86132812 3.71981143951
1478872129719 lifecam22 2002.92053223 6294.86132812 3.71981143951
1478872129780 lifecam22 2003.01965332 6294.93310547 3.72095417976
1478872129921 lifecam22 2003.37609863 6294.58105469 3.72310209274
1478872129987 lifecam22 2002.92053223 6294.86132812 3.71981143951
1478872130060 lifecam22 2002.92053223 6294.86132812 3.71981143951
1478872130113 lifecam22 2003.27038574 6294.68505859 3.72161316872
1478872130192 lifecam22 2002.92053223 6294.86132812 3.71981143951
1478872130327 lifecam22 2002.92053223 6294.86132812 3.71981143951
1478872130386 lifecam22 2003.10290527 6294.82763672 3.72226691246
1478872130450 lifecam22 2002.92053223 6294.86132812 3.71981143951
1478872130516 lifecam22 2003.28186035 6294.69677734 3.72176074982
