1478872864393 lifecam22 3194.81542969 5861.74755859 4.63384437561
1478872864533 lifecam22 3194.98339844 5861.4921875 4.63436698914
1478872864597 lifecam22 3195.20751953 5861.80859375 4.63617706299
1478872864664 lifecam22 3194.81005859 5861.09814453 4.63304567337
1478872864728 lifecam22 3194.63964844 5860.75292969 4.63338565826
1478872864795 lifecam22 3194.91699219 5860.64306641 4.63534355164
1478872864997 lifecam22 3194.82299805 5861.68212891 4.63936519623
1478872865062 lifecam22 3194.49194336 5861.15625 4.63549613953
1478872865130 lifecam22 3194.8972168 5861.36425781 4.63900518417
1478872865195 lifecam22 3195.0012207 5861.70849609 4.63975477219
1478872865260 lifecam22 3195.15332031 5861.29150391 4.63762331009
1478872865463 lifecam22 3194.68994141 5861.01904297 4.63485574722
1478872865532 lifecam22 3194.98852539 5861.52392578 4.63723468781
1478872865596 lifecam22 3194.78076172 5861.38476562 4.63660144806
1478872865665 lifecam22 3194.95239258 5861.40087891 4.63465833664
1478872865731 lifecam22 3194.82885742 5861.41845703 4.63471126556
1478872865932 lifecam22 3195.54760742 5861.56591797 4.63546323776
1478872866000 lifecam22 3195.68383789 5861.83886719 4.63440561295
1478872866067 lifecam22 3195.23339844 5862.37646484 4.63250780106
1478872866132 lifecam22 3195.4675293 5863.32568359 4.63768863678
1478872866199 lifecam22 3195.64111328 5862.85302734 4.63839149475
1478872866339 lifecam22 3194.22094727 5861.58691406 4.63536787033
1478872866401 lifecam22 3194.66870117 5860.52294922 4.63261413574
1478872866467 lifecam22 3193.17236328 5861.69970703 4.63570690155
1478872866533 lifecam22 3182.39453125 5861.23046875 4.62810373306
1478872866596 lifecam22 3177.00317383 5861.29345703 4.62770986557
1478872866799 lifecam22 3155.43334961 5859.40380859 4.60989952087
1478872866865 lifecam22 3149.08642578 5858.61328125 4.60980796814
1478872866935 lifecam22 3141.47143555 5857.53027344 4.6014456749
1478872866999 lifecam22 3135.64038086 5858.1875 4.59956121445
1478872867068 lifecam22 3127.79614258 5855.93896484 4.58993673325
1478872867267 lifecam22 3107.62109375 5856.52246094 4.58030891418
1478872867335 lifecam22 3100.38061523 5855.98681641 4.57117271423
1478872867400 lifecam22 3093.06445312 5855.765625 4.56741094589
1478872867465 lifecam22 3086.22875977 5856.14599609 4.56328296661
1478872867531 lifecam22 3079.4675293 5855.92529297 4.55940580368
1478872867732 lifecam22 3058.61523438 5856.10742188 4.54603099823
1478872867805 lifecam22 3051.69091797 5856.18212891 4.54013061523
1478872867869 lifecam22 3044.90039062 5856.69628906 4.53374052048
1478872867936 lifecam22 3036.82666016 5856.40283203 4.52926397324
1478872868004 lifecam22 3031.20507812 5857.47900391 4.52761745453
1478872868202 lifecam22 3010.17578125 5857.63476562 4.50912427902
1478872868270 lifecam22 3002.04223633 5857.41113281 4.49719190598
1478872868333 lifecam22 2995.60400391 5858.23193359 4.49537038803
1478872868400 lifecam22 2988.92553711 5858.33105469 4.49224758148
1478872868467 lifecam22 2981.63574219 5858.70800781 4.48734140396
1478872868601 lifecam22 2967.92480469 5859.35058594 4.47413873672
1478872868671 lifecam22 2962.03881836 5860.72851562 4.47403621674
1478872868732 lifecam22 2953.94995117 5860.54980469 4.46496200562
1478872868803 lifecam22 2947.78173828 5860.54882812 4.46062135696
1478872868868 lifecam22 2940.34423828 5862.66796875 4.45908164978
1478872869070 lifecam22 2919.92211914 5863.72607422 4.43844127655
1478872869137 lifecam22 2912.41455078 5864.50390625 4.43733406067
1478872869199 lifecam22 2905.94506836 5864.90527344 4.42946529388
1478872869270 lifecam22 2898.33544922 5865.30810547 4.42471981049
1478872869338 lifecam22 2891.55029297 5866.88378906 4.42263126373
1478872869538 lifecam22 2871.40527344 5870.48583984 4.40860891342
1478872869606 lifecam22 2864.24926758 5871.49365234 4.40288639069
1478872869671 lifecam22 2856.96655273 5872.52929688 4.40112304688
1478872869735 lifecam22 2851.86401367 5873.65039062 4.39839506149
1478872869805 lifecam22 2844.41259766 5874.90820312 4.3921546936
1478872869943 lifecam22 2830.50463867 5877.87939453 4.38568067551
1478872870006 lifecam22 2822.85595703 5878.73779297 4.37564182281
1478872870073 lifecam22 2815.34008789 5880.07275391 4.36776399612
1478872870138 lifecam22 2807.86572266 5880.19482422 4.36065340042
1478872870202 lifecam22 2801.77954102 5882.47021484 4.35688066483
1478872870405 lifecam22 2781.33105469 5886.6640625 4.34245586395
1478872870473 lifecam22 2774.57250977 5887.93701172 4.33796787262
1478872870539 lifecam22 2767.78466797 5890.26074219 4.33483839035
1478872870607 lifecam22 2761.57373047 5891.046875 4.33274650574
1478872870675 lifecam22 2755.40380859 5893.00390625 4.33020782471
1478872870806 lifecam22 2741.61865234 5896.84423828 4.32107925415
1478872870870 lifecam22 2734.76171875 5897.63427734 4.31295824051
1478872870941 lifecam22 2727.34863281 5898.96875 4.30378341675
1478872871006 lifecam22 2721.18310547 5900.44921875 4.30387639999
1478872871071 lifecam22 2712.6940918 5902.13037109 4.29107570648
1478872871273 lifecam22 2693.48217773 5908.10449219 4.27644014359
1478872871341 lifecam22 2688.00415039 5910.16162109 4.28172922134
1478872871405 lifecam22 2680.25195312 5912.01611328 4.27150726318
1478872871473 lifecam22 2673.4152832 5914.50488281 4.26709318161
1478872871537 lifecam22 2667.02612305 5917.08300781 4.26257514954
1478872871741 lifecam22 2647.32397461 5922.82128906 4.24912405014
1478872871808 lifecam22 2641.39550781 5925.57861328 4.2491402626
1478872871871 lifecam22 2633.04882812 5926.74023438 4.23703861237
1478872871943 lifecam22 2626.42163086 5929.05371094 4.22925901413
1478872872006 lifecam22 2619.43261719 5930.68017578 4.22582244873
1478872872209 lifecam22 2599.19946289 5937.51513672 4.21116733551
1478872872279 lifecam22 2592.77490234 5940.76904297 4.20695257187
1478872872342 lifecam22 2585.43530273 5942.85546875 4.20186233521
1478872872409 lifecam22 2580.47192383 5945.81542969 4.1985244751
1478872872611 lifecam22 2560.87451172 5953.60644531 4.18713474274
1478872872677 lifecam22 2552.875 5954.77148438 4.17673063278
1478872872739 lifecam22 2547.47143555 5959.04980469 4.17981433868
1478872872811 lifecam22 2540.58764648 5960.45751953 4.17146778107
1478872872874 lifecam22 2533.55761719 5963.26171875 4.16141414642
1478872873077 lifecam22 2514.83740234 5970.76220703 4.14709329605
1478872873205 lifecam22 2501.40722656 5976.89013672 4.13841581345
1478872873274 lifecam22 2495.15356445 5979.72949219 4.1321182251
1478872873340 lifecam22 2489.47607422 5983.02246094 4.12995147705
1478872873480 lifecam22 2476.30029297 5989.10839844 4.11813116074
1478872873545 lifecam22 2469.34692383 5991.43408203 4.11214828491
1478872873608 lifecam22 2463.5715332 5994.953125 4.10933017731
1478872873680 lifecam22 2456.75097656 5997.60009766 4.1010594368
1478872873746 lifecam22 2451.06738281 6000.703125 4.10012388229
1478872873944 lifecam22 2432.39990234 6010.55273438 4.08286190033
1478872874013 lifecam22 2424.73217773 6013.12695312 4.07406949997
1478872874079 lifecam22 2419.44287109 6015.80908203 4.07276010513
1478872874145 lifecam22 2413.77783203 6020.17041016 4.07362985611
1478872874211 lifecam22 2406.72241211 6023.68896484 4.06496143341
1478872874348 lifecam22 2395.25854492 6030.36328125 4.05751657486
1478872874413 lifecam22 2389.27661133 6033.86083984 4.05460596085
1478872874477 lifecam22 2383.3059082 6037.40527344 4.05330276489
1478872874542 lifecam22 2376.48852539 6040.01904297 4.04125499725
1478872874609 lifecam22 2371.35766602 6043.45214844 4.04234457016
1478872874811 lifecam22 2353.67382812 6053.88720703 4.02787351608
1478872874879 lifecam22 2346.12353516 6057.02392578 4.01445007324
1478872874946 lifecam22 2339.14746094 6061.26416016 4.00758171082
1478872875015 lifecam22 2334.1171875 6063.94677734 4.0016708374
1478872875078 lifecam22 2328.84545898 6067.87207031 3.99879431725
1478872875285 lifecam22 2312.86450195 6078.95458984 3.99606585503
1478872875348 lifecam22 2304.12402344 6084.16357422 3.976146698
1478872875414 lifecam22 2299.39892578 6087.27001953 3.98431229591
1478872875478 lifecam22 2293.01367188 6090.53613281 3.96682739258
1478872875547 lifecam22 2286.36499023 6094.71191406 3.96107554436
1478872875742 lifecam22 2267.76953125 6106.39697266 3.94207906723
1478872875814 lifecam22 2262.99511719 6110.76269531 3.93918347359
1478872875882 lifecam22 2256.32080078 6114.22460938 3.92861199379
1478872875949 lifecam22 2250.38012695 6117.93408203 3.92556333542
1478872876150 lifecam22 2233.69604492 6131.00878906 3.90992808342
1478872876216 lifecam22 2227.39819336 6134.51855469 3.90025210381
1478872876279 lifecam22 2223.15917969 6139.06103516 3.9018573761
1478872876347 lifecam22 2217.16870117 6144.13769531 3.89672732353
1478872876415 lifecam22 2213.73950195 6148.078125 3.90096926689
1478872876614 lifecam22 2196.57666016 6161.05029297 3.88168549538
1478872876676 lifecam22 2189.41577148 6164.59814453 3.87024521828
1478872876745 lifecam22 2184.56176758 6168.5625 3.87028312683
1478872876814 lifecam22 2179.5871582 6172.69677734 3.86598277092
1478872876883 lifecam22 2173.93286133 6177.91748047 3.85521697998
1478872877018 lifecam22 2162.22729492 6186.72851562 3.8445482254
1478872877087 lifecam22 2155.98901367 6190.69775391 3.83627152443
1478872877151 lifecam22 2151.81054688 6195.64404297 3.83785271645
1478872877218 lifecam22 2145.20727539 6200.30712891 3.82141447067
1478872877280 lifecam22 2140.3828125 6204.90722656 3.81838059425
1478872877485 lifecam22 2125.65283203 6218.79345703 3.81142997742
1478872877553 lifecam22 2120.07666016 6223.66503906 3.80377268791
1478872877616 lifecam22 2115.14624023 6228.36572266 3.80265760422
1478872877687 lifecam22 2111.09106445 6233.38671875 3.80252313614
1478872877747 lifecam22 2106.86157227 6238.10839844 3.80165910721
1478872877953 lifecam22 2089.58374023 6252.22119141 3.77400493622
1478872878017 lifecam22 2085.00830078 6257.38085938 3.7734375
1478872878082 lifecam22 2080.63012695 6261.93164062 3.77219772339
1478872878152 lifecam22 2074.31591797 6266.66503906 3.76117181778
1478872878217 lifecam22 2070.49682617 6272.63378906 3.76091718674
1478872878420 lifecam22 2055.60424805 6287.11328125 3.74393725395
1478872878481 lifecam22 2050.36499023 6292.04492188 3.73719406128
1478872878551 lifecam22 2046.64196777 6296.92578125 3.73734259605
1478872878618 lifecam22 2041.6751709 6301.99072266 3.72919201851
1478872878683 lifecam22 2036.45349121 6306.93310547 3.72246289253
1478872878820 lifecam22 2025.85070801 6316.76464844 3.70942616463
1478872878882 lifecam22 2021.87634277 6322.29443359 3.70838451385
1478872878951 lifecam22 2016.0760498 6327.0625 3.69669795036
1478872879021 lifecam22 2013.46520996 6331.77978516 3.70099782944
1478872879089 lifecam22 2014.20349121 6331.89599609 3.70498371124
1478872879286 lifecam22 2014.85778809 6330.82470703 3.70441889763
1478872879351 lifecam22 2014.29650879 6331.39355469 3.70287275314
1478872879420 lifecam22 2014.59729004 6331.34423828 3.70376229286
1478872879488 lifecam22 2014.40490723 6331.09619141 3.70357966423
1478872879553 lifecam22 2014.76647949 6331.00878906 3.70468950272
1478872879751 lifecam22 2014.8092041 6331.09863281 3.70418930054
1478872879818 lifecam22 2014.72253418 6331.11328125 3.70374798775
1478872879887 lifecam22 2014.88146973 6331.24072266 3.70325255394
1478872879952 lifecam22 2015.38757324 6331.00488281 3.70621013641
1478872880022 lifecam22 2015.3248291 6331.12939453 3.70796990395
