1478871358591 lifecam22 3192.63183594 5861.49707031 4.59039211273
1478871358726 lifecam22 3192.81030273 5861.67236328 4.59296274185
1478871358794 lifecam22 3192.7355957 5861.62255859 4.59210157394
1478871358861 lifecam22 3192.94213867 5861.90820312 4.59392690659
1478871358925 lifecam22 3192.63183594 5861.49707031 4.59039211273
1478871358995 lifecam22 3192.94213867 5861.90820312 4.59392690659
1478871359192 lifecam22 3192.63183594 5861.49707031 4.59039211273
1478871359263 lifecam22 3192.81030273 5861.67236328 4.59296274185
1478871359327 lifecam22 3192.52294922 5861.29052734 4.5896191597
1478871359393 lifecam22 3192.94213867 5861.90820312 4.59392690659
1478871359465 lifecam22 3193.2121582 5861.99560547 4.59508132935
1478871359524 lifecam22 3192.94213867 5861.90820312 4.59392690659
1478871359592 lifecam22 3193.2121582 5861.99560547 4.59508132935
1478871359663 lifecam22 3192.81030273 5861.67236328 4.59296274185
1478871359725 lifecam22 3192.81030273 5861.67236328 4.59296274185
1478871359930 lifecam22 3193.2121582 5861.99560547 4.59508132935
1478871359990 lifecam22 3192.79296875 5861.37792969 4.59077119827
1478871360065 lifecam22 3193.2121582 5861.99560547 4.59508132935
1478871360129 lifecam22 3192.90185547 5861.58398438 4.59154462814
1478871360198 lifecam22 3192.87304688 5861.47265625 4.5922908783
1478871360331 lifecam22 3193.11157227 5861.65869141 4.59447956085
1478871360395 lifecam22 3192.74633789 5861.48974609 4.58903312683
1478871360464 lifecam22 3194.44335938 5860.98583984 4.58276700974
1478871360530 lifecam22 3193.46044922 5862.53125 4.58931303024
1478871360597 lifecam22 3194.38037109 5861.19335938 4.58200597763
1478871360795 lifecam22 3193.65332031 5861.02929688 4.58852052689
1478871360855 lifecam22 3193.51416016 5860.80029297 4.58873081207
1478871360933 lifecam22 3193.1784668 5860.796875 4.58702421188
1478871361000 lifecam22 3193.57958984 5860.72802734 4.58815050125
1478871361066 lifecam22 3194.05957031 5862.98193359 4.5904083252
1478871361198 lifecam22 3193.87280273 5862.61376953 4.58383131027
1478871361265 lifecam22 3195.44628906 5862.84814453 4.58833932877
1478871361326 lifecam22 3194.69433594 5862.81396484 4.59235143661
1478871361401 lifecam22 3193.10595703 5862.37792969 4.59262371063
1478871361467 lifecam22 3194.68383789 5862.31445312 4.5966258049
1478871361665 lifecam22 3185.7487793 5862.82324219 4.59550523758
1478871361726 lifecam22 3178.26611328 5862.04931641 4.58915996552
1478871361798 lifecam22 3172.40917969 5861.9921875 4.58682250977
1478871361867 lifecam22 3163.92480469 5859.27148438 4.57088661194
1478871361929 lifecam22 3157.17944336 5859.90673828 4.56675195694
1478871362068 lifecam22 3142.62475586 5859.20361328 4.55547714233
1478871362133 lifecam22 3135.45800781 5858.42089844 4.55128526688
1478871362201 lifecam22 3128.35522461 5858.16308594 4.54604816437
1478871362265 lifecam22 3121.55541992 5858.38623047 4.54181432724
1478871362331 lifecam22 3114.78637695 5858.21337891 4.53785943985
1478871362536 lifecam22 3094.46484375 5857.73535156 4.52581596375
1478871362606 lifecam22 3088.00561523 5858.67919922 4.52534532547
1478871362663 lifecam22 3080.40991211 5858.63330078 4.51831388474
1478871362731 lifecam22 3073.31152344 5858.66357422 4.51322126389
1478871362798 lifecam22 3065.8815918 5859.02832031 4.5016951561
1478871362937 lifecam22 3053.16845703 5859.55615234 4.49798107147
1478871362992 lifecam22 3047.24926758 5860.33837891 4.50050544739
1478871363067 lifecam22 3038.78930664 5858.95117188 4.48882627487
1478871363135 lifecam22 3032.57714844 5860.41796875 4.48259544373
1478871363200 lifecam22 3025.54467773 5861.07910156 4.48075962067
1478871363342 lifecam22 3011.41088867 5861.98583984 4.46919679642
1478871363399 lifecam22 3004.01928711 5862.20800781 4.4640622139
1478871363463 lifecam22 2996.4309082 5862.390625 4.4511551857
1478871363526 lifecam22 2989.18896484 5862.39111328 4.4467754364
1478871363599 lifecam22 2983.00048828 5862.95849609 4.44247150421
1478871363804 lifecam22 2962.28759766 5864.22167969 4.42519330978
1478871363873 lifecam22 2954.60302734 5864.66650391 4.419465065
1478871363932 lifecam22 2948.55566406 5865.43212891 4.41743326187
1478871364001 lifecam22 2941.80200195 5866.43261719 4.41122150421
1478871364070 lifecam22 2934.40332031 5866.50048828 4.40266132355
1478871364207 lifecam22 2921.82177734 5869.421875 4.40238189697
1478871364268 lifecam22 2915.02612305 5870.97802734 4.40128278732
1478871364329 lifecam22 2907.2902832 5871.38427734 4.39000082016
1478871364396 lifecam22 2900.05175781 5872.39404297 4.38645267487
1478871364469 lifecam22 2893.65136719 5873.296875 4.38286209106
1478871364608 lifecam22 2879.41625977 5875.84570312 4.37348604202
1478871364672 lifecam22 2872.18530273 5877.01855469 4.36624479294
1478871364737 lifecam22 2865.88867188 5878.37109375 4.36212444305
1478871364810 lifecam22 2858.82836914 5879.09082031 4.35834026337
1478871364871 lifecam22 2852.21166992 5880.74609375 4.35082435608
1478871365069 lifecam22 2830.71826172 5884.28710938 4.33278465271
1478871365139 lifecam22 2824.22509766 5886.10644531 4.33194971085
1478871365206 lifecam22 2818.11791992 5888.12695312 4.32887649536
1478871365269 lifecam22 2811.2409668 5889.05322266 4.3257651329
1478871365473 lifecam22 2790.18603516 5894.27099609 4.3094997406
1478871365536 lifecam22 2783.74243164 5895.44775391 4.30589532852
1478871365605 lifecam22 2775.87280273 5896.07568359 4.29302787781
1478871365679 lifecam22 2769.60668945 5898.20800781 4.28885269165
1478871365739 lifecam22 2762.14428711 5899.01269531 4.28135347366
1478871365877 lifecam22 2749.68725586 5902.75878906 4.27609157562
1478871365939 lifecam22 2742.80664062 5903.74707031 4.2691693306
1478871366007 lifecam22 2736.39086914 5906.01757812 4.26382255554
1478871366073 lifecam22 2728.25292969 5907.48876953 4.25684785843
1478871366137 lifecam22 2722.40698242 5909.36035156 4.25691699982
1478871366278 lifecam22 2708.80566406 5914.17822266 4.24677753448
1478871366340 lifecam22 2702.57080078 5916.90869141 4.24374723434
1478871366407 lifecam22 2695.77758789 5918.35839844 4.23883581161
1478871366474 lifecam22 2690.37866211 5920.68554688 4.24087333679
1478871366538 lifecam22 2684.15917969 5923.23339844 4.23633003235
1478871366737 lifecam22 2663.67749023 5929.98779297 4.22097206116
1478871366810 lifecam22 2655.46240234 5931.35839844 4.20469999313
1478871366874 lifecam22 2649.07543945 5933.11083984 4.20173597336
1478871366941 lifecam22 2642.25463867 5935.86376953 4.19646835327
1478871367002 lifecam22 2634.97827148 5937.52246094 4.18885326385
1478871367145 lifecam22 2621.59667969 5942.35107422 4.18099975586
1478871367198 lifecam22 2615.84570312 5945.53759766 4.1779794693
1478871367268 lifecam22 2609.41381836 5947.71533203 4.17438364029
1478871367342 lifecam22 2602.84106445 5949.77978516 4.16699647903
1478871367408 lifecam22 2596.27270508 5952.89404297 4.16842985153
1478871367606 lifecam22 2577.07421875 5959.93115234 4.15276956558
1478871367675 lifecam22 2570.09472656 5962.81298828 4.14304876328
1478871367739 lifecam22 2563.75756836 5965.18359375 4.1394982338
1478871367811 lifecam22 2555.70849609 5967.74609375 4.12816762924
1478871367877 lifecam22 2550.18945312 5970.89746094 4.12478780746
1478871368014 lifecam22 2536.375 5975.63671875 4.11429357529
1478871368075 lifecam22 2530.95678711 5979.20068359 4.1155872345
1478871368142 lifecam22 2525.05249023 5982.61962891 4.11121368408
1478871368212 lifecam22 2518.51269531 5985.80517578 4.10850191116
1478871368276 lifecam22 2511.30297852 5988.69726562 4.09458494186
1478871368473 lifecam22 2493.81005859 5997.66796875 4.0898680687
1478871368543 lifecam22 2486.62866211 6000.37060547 4.08174657822
1478871368605 lifecam22 2480.79223633 6003.66503906 4.07581472397
1478871368678 lifecam22 2474.99414062 6006.16699219 4.07826280594
1478871368741 lifecam22 2468.30224609 6010.20019531 4.06841564178
1478871368945 lifecam22 2447.82885742 6019.01513672 4.04455327988
1478871369002 lifecam22 2441.79101562 6022.34814453 4.0452914238
1478871369075 lifecam22 2438.07714844 6026.40234375 4.05056667328
1478871369141 lifecam22 2429.53833008 6029.16259766 4.03259181976
1478871369348 lifecam22 2412.62573242 6039.86962891 4.02898788452
1478871369406 lifecam22 2406.04272461 6042.52050781 4.01842451096
1478871369475 lifecam22 2398.48486328 6047.14306641 4.00881052017
1478871369540 lifecam22 2392.83496094 6049.40283203 4.00457048416
1478871369611 lifecam22 2386.52099609 6054.23144531 3.99537968636
1478871369746 lifecam22 2376.23999023 6060.00585938 3.99880003929
1478871369807 lifecam22 2368.85083008 6062.57470703 3.98085188866
1478871369878 lifecam22 2363.23046875 6067.35888672 3.97994875908
1478871369943 lifecam22 2358.87207031 6070.72167969 3.97706341743
1478871370009 lifecam22 2351.96289062 6074.70361328 3.97118639946
1478871370210 lifecam22 2333.50170898 6086.51513672 3.94874167442
1478871370279 lifecam22 2329.43115234 6090.17041016 3.95227217674
1478871370338 lifecam22 2322.70849609 6094.59619141 3.95361447334
1478871370412 lifecam22 2316.48266602 6097.97509766 3.94441747665
1478871370475 lifecam22 2310.04931641 6102.484375 3.9297990799
1478871370615 lifecam22 2298.671875 6109.43603516 3.91823148727
1478871370682 lifecam22 2292.35083008 6113.62109375 3.91275453568
1478871370737 lifecam22 2285.72509766 6118.28515625 3.90439605713
1478871370815 lifecam22 2282.70288086 6121.65820312 3.91081261635
1478871370882 lifecam22 2274.39746094 6124.54931641 3.89330649376
1478871371080 lifecam22 2258.18554688 6138.24169922 3.88256239891
1478871371144 lifecam22 2252.06274414 6143.42333984 3.87359166145
1478871371214 lifecam22 2247.9465332 6146.64648438 3.87438035011
1478871371282 lifecam22 2242.47387695 6151.28662109 3.86981344223
1478871371341 lifecam22 2235.703125 6155.57666016 3.85956168175
1478871371473 lifecam22 2225.06152344 6163.97851562 3.85058069229
1478871371551 lifecam22 2219.38476562 6168.85498047 3.84612178802
1478871371617 lifecam22 2214.89892578 6171.69873047 3.84315872192
1478871371673 lifecam22 2209.07373047 6177.24609375 3.83569765091
1478871371739 lifecam22 2202.125 6181.25634766 3.82583713531
1478871371882 lifecam22 2191.90136719 6189.84521484 3.81890463829
1478871371941 lifecam22 2188.28857422 6194.53125 3.82046842575
1478871372013 lifecam22 2183.88061523 6199.18164062 3.81927800179
1478871372080 lifecam22 2176.88623047 6204.34472656 3.80924987793
1478871372147 lifecam22 2173.38476562 6207.83105469 3.80800366402
1478871372288 lifecam22 2161.44848633 6217.71386719 3.79109764099
1478871372350 lifecam22 2155.98779297 6223.04931641 3.78623270988
1478871372416 lifecam22 2150.6328125 6227.06396484 3.78230023384
1478871372481 lifecam22 2146.3449707 6232.07128906 3.77737665176
1478871372547 lifecam22 2140.09521484 6237.25683594 3.77186965942
1478871372745 lifecam22 2124.15649414 6250.94824219 3.75517487526
1478871372810 lifecam22 2119.99487305 6255.81005859 3.75076270103
1478871372886 lifecam22 2115.35644531 6260.68798828 3.74853801727
1478871372954 lifecam22 2110.20288086 6266.06787109 3.74414849281
1478871373008 lifecam22 2106.56298828 6271.20996094 3.7414188385
1478871373155 lifecam22 2096.58959961 6281.58886719 3.73007965088
1478871373212 lifecam22 2091.62939453 6285.95605469 3.72801685333
1478871373283 lifecam22 2086.77929688 6290.75390625 3.72615075111
1478871373347 lifecam22 2082.40478516 6296.09277344 3.71789169312
1478871373414 lifecam22 2077.89257812 6300.62597656 3.71941280365
1478871373620 lifecam22 2062.57128906 6315.79492188 3.69641280174
1478871373686 lifecam22 2058.51245117 6320.34863281 3.6928024292
1478871373742 lifecam22 2053.6965332 6325.89794922 3.68691134453
1478871373819 lifecam22 2047.74987793 6331.33740234 3.67589354515
1478871373885 lifecam22 2043.63317871 6337.140625 3.67165994644
1478871374082 lifecam22 2030.97521973 6352.9765625 3.66533184052
1478871374146 lifecam22 2027.2713623 6357.90429688 3.66348600388
1478871374210 lifecam22 2025.80310059 6360.49560547 3.66206502914
1478871374281 lifecam22 2027.9810791 6357.60644531 3.66580295563
1478871374351 lifecam22 2026.46813965 6359.12255859 3.66258764267
1478871374486 lifecam22 2026.54626465 6359.08300781 3.66218972206
1478871374551 lifecam22 2026.56530762 6358.82714844 3.66268372536
1478871374620 lifecam22 2026.45275879 6359.03613281 3.66120696068
1478871374689 lifecam22 2026.72644043 6358.91748047 3.66286969185
1478871374742 lifecam22 2026.42834473 6359.08691406 3.66027712822
1478871374953 lifecam22 2027.57995605 6358.43847656 3.66608834267
1478871375024 lifecam22 2026.92785645 6358.89794922 3.66494774818
1478871375086 lifecam22 2027.2767334 6358.67138672 3.66593241692
1478871375147 lifecam22 2027.49865723 6358.25390625 3.66506814957
1478871375211 lifecam22 2027.3795166 6358.25878906 3.66554689407
1478871375350 lifecam22 2027.72253418 6358.10546875 3.66757512093
1478871375421 lifecam22 2027.24084473 6358.72998047 3.66617107391
1478871375490 lifecam22 2027.28503418 6358.70703125 3.66412734985
1478871375555 lifecam22 2026.92785645 6358.89794922 3.66494774818
1478871375622 lifecam22 2027.86047363 6358.10644531 3.66868591309
1478871375752 lifecam22 2027.37561035 6358.18847656 3.66518783569
1478871375824 lifecam22 2027.00476074 6358.88574219 3.66396284103
1478871375885 lifecam22 2027.27648926 6358.40332031 3.66387820244
1478871375954 lifecam22 2027.47741699 6358.32958984 3.6666662693
1478871376022 lifecam22 2027.10681152 6358.73974609 3.66563558578
1478871376160 lifecam22 2027.16882324 6358.75341797 3.66619563103
1478871376224 lifecam22 2026.84509277 6358.66113281 3.6641523838
1478871376287 lifecam22 2027.11560059 6358.81689453 3.66413187981
1478871376353 lifecam22 2027.52600098 6358.37988281 3.66729235649
1478871376419 lifecam22 2027.34899902 6358.29931641 3.66549611092
1478871376618 lifecam22 2026.87756348 6358.85644531 3.66279602051
1478871376688 lifecam22 2027.27624512 6358.53369141 3.6660220623
1478871376753 lifecam22 2027.1607666 6358.54589844 3.66515207291
1478871376823 lifecam22 2027.44567871 6358.44775391 3.66555428505
1478871376888 lifecam22 2026.93347168 6358.95605469 3.66227483749
1478871377023 lifecam22 2027.11291504 6358.46582031 3.66386580467
1478871377088 lifecam22 2027.55969238 6358.26855469 3.66750645638
