1478872894043 lifecam22 3195.9440918 5856.69091797 4.62975120544
1478872894110 lifecam22 3196.29321289 5857.72851562 4.63602972031
1478872894172 lifecam22 3196.48144531 5857.36914062 4.63546800613
1478872894238 lifecam22 3196.36425781 5857.24462891 4.63558959961
1478872894380 lifecam22 3196.56152344 5856.37695312 4.63016605377
1478872894441 lifecam22 3196.15673828 5855.81152344 4.62691116333
1478872894503 lifecam22 3196.06347656 5855.98925781 4.62730741501
1478872894571 lifecam22 3196.58447266 5856.77978516 4.63277769089
1478872894639 lifecam22 3196.59619141 5856.78466797 4.6315331459
1478872894778 lifecam22 3195.64038086 5856.92822266 4.62401294708
1478872894840 lifecam22 3195.23144531 5857.89355469 4.62609958649
1478872894911 lifecam22 3195.85839844 5857.48583984 4.62571382523
1478872894971 lifecam22 3196.18847656 5856.36669922 4.62294483185
1478872895036 lifecam22 3196.73266602 5856.52685547 4.62638902664
1478872895240 lifecam22 3195.9296875 5856.79736328 4.63337135315
1478872895317 lifecam22 3196.63818359 5857.47900391 4.63795518875
1478872895379 lifecam22 3195.01220703 5855.25341797 4.62459993362
1478872895443 lifecam22 3186.4050293 5855.80712891 4.62023162842
1478872895510 lifecam22 3174.25048828 5853.4296875 4.60195064545
1478872895639 lifecam22 3164.16894531 5853.34814453 4.59733867645
1478872895715 lifecam22 3155.53125 5852.86230469 4.5908370018
1478872895773 lifecam22 3150.30615234 5853.09960938 4.59003782272
1478872895843 lifecam22 3142.6340332 5852.84130859 4.58673000336
1478872895913 lifecam22 3136.26635742 5853.71386719 4.58544540405
1478872896040 lifecam22 3122.20141602 5852.69140625 4.57197952271
1478872896106 lifecam22 3114.86547852 5851.84082031 4.56264972687
1478872896179 lifecam22 3107.5769043 5851.43164062 4.55825233459
1478872896241 lifecam22 3100.33154297 5851.3125 4.55290746689
1478872896305 lifecam22 3093.60717773 5851.03710938 4.54186487198
1478872896446 lifecam22 3079.23071289 5851.66064453 4.53407001495
1478872896513 lifecam22 3073.03735352 5852.54394531 4.53335428238
1478872896579 lifecam22 3065.6394043 5852.66992188 4.52979660034
1478872896643 lifecam22 3058.51025391 5852.8203125 4.52054452896
1478872896698 lifecam22 3051.9987793 5852.72900391 4.51634216309
1478872896842 lifecam22 3037.48266602 5853.58251953 4.50641536713
1478872896912 lifecam22 3030.47607422 5852.89550781 4.49777460098
1478872896979 lifecam22 3022.94287109 5854.15917969 4.49394655228
1478872897042 lifecam22 3016.45410156 5853.34619141 4.48908472061
1478872897110 lifecam22 3008.56567383 5854.20751953 4.47786998749
1478872897312 lifecam22 2988.86450195 5855.37988281 4.46573209763
1478872897376 lifecam22 2981.94140625 5855.94287109 4.46331310272
1478872897441 lifecam22 2976.03393555 5857.21728516 4.4618639946
1478872897508 lifecam22 2969.26708984 5858.53027344 4.46204614639
1478872897578 lifecam22 2962.7409668 5858.14111328 4.4508638382
1478872897717 lifecam22 2947.32299805 5858.83984375 4.43352222443
1478872897780 lifecam22 2941.6484375 5860.80957031 4.43784666061
1478872897846 lifecam22 2933.890625 5861.52490234 4.4316573143
1478872897910 lifecam22 2927.20288086 5862.95019531 4.43024349213
1478872897978 lifecam22 2920.60473633 5864.09667969 4.42481613159
1478872898179 lifecam22 2899.11157227 5866.17822266 4.40066576004
1478872898240 lifecam22 2893.05395508 5867.12451172 4.40190649033
1478872898307 lifecam22 2886.19165039 5868.97705078 4.39994621277
1478872898379 lifecam22 2879.90893555 5870.265625 4.39927101135
1478872898443 lifecam22 2872.1159668 5871.39355469 4.38917541504
1478872898586 lifecam22 2857.53393555 5873.73876953 4.37594127655
1478872898644 lifecam22 2850.98925781 5875.30566406 4.37416410446
1478872898712 lifecam22 2843.93188477 5876.10302734 4.36672067642
1478872898783 lifecam22 2836.64257812 5877.0234375 4.35844516754
1478872898851 lifecam22 2829.95825195 5878.65771484 4.35730934143
1478872898983 lifecam22 2815.85351562 5880.93554688 4.33921003342
1478872899045 lifecam22 2807.81494141 5881.69287109 4.32941436768
1478872899117 lifecam22 2801.72460938 5883.46923828 4.33037948608
1478872899184 lifecam22 2795.03369141 5885.67578125 4.32687854767
1478872899243 lifecam22 2788.54980469 5886.87841797 4.32373666763
1478872899445 lifecam22 2769.99682617 5893.26904297 4.31900024414
1478872899512 lifecam22 2763.2409668 5894.63818359 4.31125450134
1478872899586 lifecam22 2755.26025391 5896.10205078 4.30385684967
1478872899650 lifecam22 2749.34033203 5897.40576172 4.2977514267
1478872899708 lifecam22 2741.85742188 5898.97851562 4.29303598404
1478872899850 lifecam22 2729.16625977 5903.53027344 4.28465890884
1478872899911 lifecam22 2723.31542969 5905.42724609 4.28253126144
1478872899978 lifecam22 2715.8840332 5907.64941406 4.27483654022
1478872900053 lifecam22 2709.30883789 5908.83935547 4.27036237717
1478872900121 lifecam22 2701.50854492 5910.49023438 4.26263380051
1478872900249 lifecam22 2689.02661133 5915.08447266 4.25344657898
1478872900319 lifecam22 2680.04760742 5916.54345703 4.23822975159
1478872900386 lifecam22 2674.51098633 5919.63037109 4.23856496811
1478872900443 lifecam22 2668.07666016 5922.01806641 4.23797035217
1478872900514 lifecam22 2662.03125 5925.10546875 4.23565006256
1478872900716 lifecam22 2642.78271484 5931.36425781 4.22411966324
1478872900788 lifecam22 2634.80444336 5933.29199219 4.21386146545
1478872900853 lifecam22 2629.01196289 5935.94873047 4.21241950989
1478872900913 lifecam22 2620.78613281 5937.34033203 4.19979429245
1478872900986 lifecam22 2614.77392578 5939.73535156 4.19883775711
1478872901115 lifecam22 2601.30761719 5943.98486328 4.18299150467
1478872901188 lifecam22 2594.78662109 5947.07080078 4.18073701859
1478872901252 lifecam22 2588.01245117 5949.4765625 4.17342281342
1478872901320 lifecam22 2581.94995117 5952.24121094 4.17203140259
1478872901387 lifecam22 2575.11816406 5955.31396484 4.16729593277
1478872901591 lifecam22 2556.12329102 5962.99267578 4.15149021149
1478872901653 lifecam22 2549.70117188 5966.515625 4.15314865112
1478872901720 lifecam22 2543.85791016 5969.43652344 4.14559698105
1478872901788 lifecam22 2536.70947266 5972.05224609 4.13936805725
1478872901856 lifecam22 2531.10620117 5975.26806641 4.13830900192
1478872901989 lifecam22 2519.0324707 5981.54492188 4.13348531723
1478872902052 lifecam22 2510.98803711 5983.75 4.11810588837
1478872902118 lifecam22 2505.82202148 5987.02685547 4.11977243423
1478872902189 lifecam22 2497.81689453 5989.55517578 4.11156892776
1478872902253 lifecam22 2491.2824707 5993.30273438 4.09984922409
1478872902459 lifecam22 2473.01098633 6002.18945312 4.08737468719
1478872902585 lifecam22 2460.56225586 6009.12792969 4.07642936707
1478872902653 lifecam22 2453.26000977 6011.32666016 4.07363986969
1478872902721 lifecam22 2447.85424805 6015.18847656 4.06978797913
1478872902857 lifecam22 2434.74389648 6021.11083984 4.05266427994
1478872902924 lifecam22 2429.50366211 6024.5390625 4.04987239838
1478872902989 lifecam22 2423.3659668 6027.62353516 4.04860687256
1478872903058 lifecam22 2418.58374023 6031.08886719 4.04905986786
1478872903125 lifecam22 2410.63110352 6034.69335938 4.03522014618
1478872903324 lifecam22 2394.41796875 6045.90087891 4.03309583664
1478872903387 lifecam22 2387.14672852 6049.19482422 4.0238904953
1478872903456 lifecam22 2381.19897461 6053.46191406 4.01801204681
1478872903522 lifecam22 2374.65820312 6056.26611328 4.00976228714
1478872903588 lifecam22 2370.04052734 6060.32910156 4.00872182846
1478872903723 lifecam22 2357.88232422 6067.55175781 3.99854111671
1478872903788 lifecam22 2352.93188477 6070.70654297 3.99372410774
1478872903856 lifecam22 2344.34545898 6074.76025391 3.97995877266
1478872903924 lifecam22 2340.34277344 6078.71191406 3.98497319221
1478872903991 lifecam22 2334.31420898 6082.13769531 3.97524571419
1478872904187 lifecam22 2312.34667969 6093.75097656 3.93905234337
1478872904260 lifecam22 2308.05932617 6097.92382812 3.94073700905
1478872904324 lifecam22 2303.71557617 6102.42773438 3.94233059883
1478872904392 lifecam22 2296.20922852 6107.53662109 3.92857313156
1478872904455 lifecam22 2293.38574219 6110.90185547 3.93640017509
1478872904657 lifecam22 2274.17456055 6123.05419922 3.90860891342
1478872904725 lifecam22 2270.55981445 6126.52685547 3.91963124275
1478872904790 lifecam22 2265.03295898 6130.77636719 3.90662956238
1478872904854 lifecam22 2255.91235352 6133.70458984 3.8948636055
1478872904926 lifecam22 2251.0559082 6138.29199219 3.89064335823
1478872905057 lifecam22 2241.43676758 6147.16162109 3.88889193535
1478872905189 lifecam22 2230.02490234 6156.25 3.86746764183
1478872905256 lifecam22 2224.7043457 6160.79345703 3.86687874794
1478872905323 lifecam22 2219.34521484 6165.2578125 3.86181044579
1478872905461 lifecam22 2208.05175781 6173.93994141 3.85073184967
1478872905524 lifecam22 2203.39648438 6178.45751953 3.84793972969
1478872905590 lifecam22 2198.00561523 6182.92431641 3.84269809723
1478872905660 lifecam22 2193.85009766 6187.7734375 3.84211111069
1478872905726 lifecam22 2187.58520508 6191.85595703 3.83651041985
1478872905932 lifecam22 2170.84814453 6205.09716797 3.81868624687
1478872905989 lifecam22 2166.28833008 6209.80615234 3.81384921074
1478872906059 lifecam22 2159.51708984 6214.24560547 3.80499100685
1478872906124 lifecam22 2155.20166016 6219.60986328 3.80144929886
1478872906195 lifecam22 2149.44189453 6224.49072266 3.7960524559
1478872906390 lifecam22 2134.50537109 6238.93652344 3.77885842323
1478872906453 lifecam22 2130.83374023 6243.69335938 3.7800989151
1478872906521 lifecam22 2125.73364258 6248.21240234 3.77723526955
1478872906589 lifecam22 2120.84082031 6253.59228516 3.77270960808
1478872906655 lifecam22 2114.74267578 6258.14746094 3.765147686
1478872906856 lifecam22 2100.04077148 6273.14941406 3.74745225906
1478872906920 lifecam22 2095.08544922 6276.92724609 3.74463200569
1478872906992 lifecam22 2090.10668945 6283.41308594 3.73353338242
1478872907060 lifecam22 2085.01000977 6287.60009766 3.72894120216
1478872907129 lifecam22 2080.9675293 6293.36621094 3.7305366993
1478872907326 lifecam22 2067.71289062 6308.53222656 3.7175962925
1478872907391 lifecam22 2063.10107422 6313.43457031 3.71478128433
1478872907459 lifecam22 2056.80908203 6318.64013672 3.70171761513
1478872907520 lifecam22 2052.33886719 6324.4375 3.69857335091
1478872907588 lifecam22 2048.1953125 6329.38720703 3.69574689865
1478872907791 lifecam22 2034.24841309 6344.95605469 3.67953443527
1478872907861 lifecam22 2029.86413574 6350.21484375 3.67064261436
1478872907930 lifecam22 2024.79528809 6355.45898438 3.66813611984
1478872907989 lifecam22 2025.02233887 6358.79833984 3.67827796936
1478872908057 lifecam22 2026.65563965 6356.22802734 3.68039369583
1478872908256 lifecam22 2026.5645752 6356.68115234 3.67940950394
1478872908324 lifecam22 2026.34973145 6356.4453125 3.67774438858
1478872908389 lifecam22 2026.73620605 6356.50830078 3.67993736267
1478872908456 lifecam22 2026.42980957 6356.71289062 3.67968845367
1478872908524 lifecam22 2026.65783691 6356.55761719 3.68082618713
1478872908726 lifecam22 2026.52258301 6356.58935547 3.68110537529
1478872908801 lifecam22 2026.50671387 6356.60253906 3.67976546288
1478872908869 lifecam22 2026.75891113 6356.57128906 3.68244314194
1478872908926 lifecam22 2026.26647949 6356.65917969 3.67812466621
1478872908992 lifecam22 2026.44348145 6356.64453125 3.67913961411
1478872909195 lifecam22 2026.5645752 6356.68115234 3.67940950394
1478872909254 lifecam22 2026.71789551 6356.53027344 3.68109440804
1478872909324 lifecam22 2026.70324707 6356.46484375 3.68065810204
