1478871246286 lifecam22 3193.10449219 5861.52050781 4.59960031509
1478871246488 lifecam22 3193.20581055 5861.47753906 4.60054206848
1478871246557 lifecam22 3193.20581055 5861.47753906 4.60054206848
1478871246624 lifecam22 3193.42211914 5861.49560547 4.60245943069
1478871246680 lifecam22 3193.20581055 5861.47753906 4.60054206848
1478871246744 lifecam22 3193.20581055 5861.47753906 4.60054206848
1478871246956 lifecam22 3193.20581055 5861.47753906 4.60054206848
1478871247015 lifecam22 3193.04760742 5861.61083984 4.59901666641
1478871247079 lifecam22 3193.20581055 5861.47753906 4.60054206848
1478871247154 lifecam22 3193.10449219 5861.52050781 4.59960031509
1478871247224 lifecam22 3193.37768555 5861.609375 4.60075378418
1478871247420 lifecam22 3193.13916016 5861.66748047 4.60100603104
1478871247491 lifecam22 3193.51391602 5861.71240234 4.60309791565
1478871247558 lifecam22 3193.23999023 5861.62353516 4.60194540024
1478871247614 lifecam22 3193.23999023 5861.62353516 4.60194540024
1478871247695 lifecam22 3193.20581055 5861.47753906 4.60054206848
1478871247889 lifecam22 3193.20581055 5861.47753906 4.60054206848
1478871247960 lifecam22 3193.09790039 5861.64257812 4.60072660446
1478871248029 lifecam22 3193.23999023 5861.62353516 4.60194540024
1478871248082 lifecam22 3193.13916016 5861.66748047 4.60100603104
1478871248155 lifecam22 3193.23999023 5861.62353516 4.60194540024
1478871248349 lifecam22 3193.19995117 5861.59912109 4.60166788101
1478871248413 lifecam22 3193.20581055 5861.47753906 4.60054206848
1478871248476 lifecam22 3193.20581055 5861.47753906 4.60054206848
1478871248560 lifecam22 3193.12768555 5861.53955078 4.59979104996
1478871248616 lifecam22 3193.10449219 5861.52050781 4.59960031509
1478871248829 lifecam22 3192.9777832 5861.30566406 4.59866142273
1478871248884 lifecam22 3193.20581055 5861.47753906 4.60054206848
1478871248954 lifecam22 3193.29956055 5861.671875 4.60000610352
1478871249025 lifecam22 3193.07885742 5861.12255859 4.59817504883
1478871249095 lifecam22 3193.27001953 5861.39257812 4.59997940063
1478871249153 lifecam22 3193.77612305 5861.67285156 4.60303592682
1478871249354 lifecam22 3193.69848633 5861.59179688 4.60098028183
1478871249418 lifecam22 3195.12207031 5862.47705078 4.60308408737
1478871249492 lifecam22 3194.55615234 5862.13916016 4.60189151764
1478871249552 lifecam22 3194.45898438 5861.54931641 4.60270166397
1478871249625 lifecam22 3194.0690918 5861.78564453 4.60557794571
1478871249822 lifecam22 3196.36791992 5863.05371094 4.59910106659
1478871249889 lifecam22 3196.6706543 5862.31982422 4.60648202896
1478871249958 lifecam22 3194.20898438 5861.77001953 4.60559034348
1478871250026 lifecam22 3194.72705078 5861.76025391 4.6049823761
1478871250092 lifecam22 3194.20703125 5861.90039062 4.60421848297
1478871250291 lifecam22 3173.20947266 5860.81054688 4.59605264664
1478871250359 lifecam22 3165.16699219 5860.76025391 4.59305095673
1478871250428 lifecam22 3157.46191406 5859.90136719 4.58271789551
1478871250492 lifecam22 3150.8815918 5858.59179688 4.56993675232
1478871250550 lifecam22 3143.65600586 5858.94726562 4.56899452209
1478871250761 lifecam22 3122.56494141 5858.96289062 4.56006813049
1478871250831 lifecam22 3115.95336914 5859.07226562 4.55072164536
1478871250897 lifecam22 3107.97241211 5857.8203125 4.54118967056
1478871250952 lifecam22 3101.77099609 5857.77148438 4.53839588165
1478871251027 lifecam22 3093.92041016 5857.36816406 4.53038549423
1478871251221 lifecam22 3073.42236328 5856.51757812 4.51560258865
1478871251284 lifecam22 3066.60449219 5857.9609375 4.51366901398
1478871251361 lifecam22 3058.19799805 5855.82470703 4.50017166138
1478871251430 lifecam22 3051.81738281 5857.02978516 4.49839162827
1478871251492 lifecam22 3044.12719727 5856.66113281 4.48997974396
1478871251704 lifecam22 3025.80029297 5859.05566406 4.49052333832
1478871251762 lifecam22 3018.98925781 5859.47705078 4.48423147202
1478871251832 lifecam22 3012.17041016 5859.87792969 4.48161363602
1478871251898 lifecam22 3005.06054688 5859.53857422 4.47253417969
1478871251953 lifecam22 2997.44775391 5860.65429688 4.46901273727
1478871252164 lifecam22 2976.98876953 5861.69921875 4.44868135452
1478871252225 lifecam22 2969.84912109 5862.21826172 4.44516038895
1478871252296 lifecam22 2963.23632812 5862.390625 4.4402680397
1478871252364 lifecam22 2957.31396484 5863.52783203 4.43756723404
1478871252414 lifecam22 2949.56005859 5863.81542969 4.43294239044
1478871252629 lifecam22 2930.0625 5867.31835938 4.4233212471
1478871252684 lifecam22 2922.26513672 5868.1484375 4.41323709488
1478871252771 lifecam22 2915.3112793 5868.45556641 4.4114689827
1478871252831 lifecam22 2907.734375 5869.48681641 4.40146064758
1478871252898 lifecam22 2900.30688477 5869.85839844 4.39684486389
1478871253096 lifecam22 2878.25512695 5871.92529297 4.37369394302
1478871253152 lifecam22 2873.54907227 5873.03369141 4.37521457672
1478871253222 lifecam22 2864.53613281 5873.68212891 4.365442276
1478871253299 lifecam22 2859.16845703 5874.96484375 4.36770057678
1478871253361 lifecam22 2852.06933594 5876.26513672 4.35860729218
1478871253570 lifecam22 2830.54785156 5880.60107422 4.34204483032
1478871253633 lifecam22 2824.74682617 5883.02783203 4.34578514099
1478871253687 lifecam22 2817.40161133 5883.94091797 4.33593940735
1478871253770 lifecam22 2810.60522461 5884.85302734 4.33715772629
1478871253834 lifecam22 2805.35644531 5886.65771484 4.33574867249
1478871254032 lifecam22 2784.47998047 5891.44433594 4.3177447319
1478871254096 lifecam22 2777.65136719 5892.72753906 4.31194591522
1478871254159 lifecam22 2770.50268555 5894.70458984 4.30753803253
1478871254221 lifecam22 2763.58520508 5895.66357422 4.29977226257
1478871254301 lifecam22 2756.45654297 5896.58642578 4.29036569595
1478871254509 lifecam22 2735.97509766 5901.37597656 4.27230358124
1478871254562 lifecam22 2729.18286133 5904.36181641 4.27245283127
1478871254621 lifecam22 2722.81665039 5905.65722656 4.26853990555
1478871254705 lifecam22 2716.22363281 5908.2890625 4.26142978668
1478871254771 lifecam22 2708.6496582 5909.20751953 4.25523948669
1478871254828 lifecam22 2702.30541992 5911.75244141 4.2538895607
1478871255037 lifecam22 2682.31713867 5917.61425781 4.24012994766
1478871255089 lifecam22 2674.76245117 5919.38476562 4.23147201538
1478871255170 lifecam22 2669.02001953 5921.14453125 4.22671937943
1478871255227 lifecam22 2661.28393555 5923.27099609 4.21901750565
1478871255286 lifecam22 2654.79174805 5924.63183594 4.21296548843
1478871255499 lifecam22 2635.00634766 5931.70166016 4.2027053833
1478871255560 lifecam22 2628.55444336 5934.59375 4.19890117645
1478871255633 lifecam22 2621.28125 5936.85742188 4.19133281708
1478871255693 lifecam22 2615.50561523 5939.48339844 4.18947601318
1478871255761 lifecam22 2609.35302734 5941.62597656 4.18825817108
1478871255957 lifecam22 2589.30200195 5949.57080078 4.17154788971
1478871256037 lifecam22 2582.82958984 5952.30322266 4.16743135452
1478871256103 lifecam22 2577.42919922 5954.84130859 4.16718816757
1478871256162 lifecam22 2569.67602539 5956.72998047 4.1560177803
1478871256239 lifecam22 2562.77758789 5958.97167969 4.14874267578
1478871256439 lifecam22 2543.23657227 5967.3046875 4.13270044327
1478871256505 lifecam22 2535.74975586 5970.13427734 4.12983226776
1478871256559 lifecam22 2530.73730469 5972.85888672 4.12592029572
1478871256624 lifecam22 2523.72314453 5976.15625 4.12080049515
1478871256708 lifecam22 2517.52172852 5978.73974609 4.11829710007
1478871256969 lifecam22 2491.19580078 5990.15625 4.09359836578
1478871257025 lifecam22 2485.39257812 5993.00488281 4.09445858002
1478871257092 lifecam22 2477.81933594 5995.14892578 4.07643222809
1478871257160 lifecam22 2471.81347656 5998.48681641 4.07583618164
1478871257236 lifecam22 2465.43383789 6002.03955078 4.06966590881
1478871257370 lifecam22 2454.66162109 6008.14599609 4.06970357895
1478871257428 lifecam22 2448.09570312 6011.85839844 4.06321811676
1478871257492 lifecam22 2441.26025391 6015.2578125 4.05345106125
1478871257576 lifecam22 2435.12084961 6018.5234375 4.05220270157
1478871257629 lifecam22 2430.1640625 6022.43652344 4.05472517014
1478871257908 lifecam22 2403.68212891 6035.71826172 4.02451086044
1478871257967 lifecam22 2399.44726562 6038.97412109 4.02975082397
1478871258036 lifecam22 2392.35327148 6041.43798828 4.01979351044
1478871258100 lifecam22 2385.69604492 6045.0546875 4.00882196426
1478871258175 lifecam22 2379.13745117 6049.24755859 4.0053191185
1478871258373 lifecam22 2361.11401367 6059.30908203 3.98992562294
1478871258437 lifecam22 2355.89550781 6063.26269531 3.98814988136
1478871258507 lifecam22 2348.9765625 6067.18994141 3.97957229614
1478871258573 lifecam22 2344.30126953 6070.68505859 3.97524929047
1478871258638 lifecam22 2338.02075195 6074.09814453 3.96871757507
1478871258841 lifecam22 2319.98193359 6086.02490234 3.95539689064
1478871258900 lifecam22 2314.66650391 6088.10302734 3.95362615585
1478871258959 lifecam22 2306.33544922 6093.18945312 3.93458628654
1478871259040 lifecam22 2301.00708008 6095.67626953 3.93120789528
1478871259106 lifecam22 2296.25048828 6101.15429688 3.93493485451
1478871259306 lifecam22 2279.24047852 6112.0 3.91273331642
1478871259365 lifecam22 2273.59350586 6116.90527344 3.91219782829
1478871259443 lifecam22 2268.73095703 6121.16113281 3.91195845604
1478871259507 lifecam22 2262.93188477 6124.93408203 3.90228867531
1478871259575 lifecam22 2255.51245117 6129.14013672 3.88640141487
1478871259776 lifecam22 2239.14550781 6141.95751953 3.87643313408
1478871259840 lifecam22 2234.36499023 6146.37109375 3.87574791908
1478871259908 lifecam22 2227.82568359 6150.23681641 3.86703228951
1478871259974 lifecam22 2223.44482422 6154.90429688 3.86396336555
1478871260038 lifecam22 2216.57128906 6158.47167969 3.85541558266
1478871260178 lifecam22 2205.16992188 6167.20556641 3.84169626236
1478871260238 lifecam22 2199.71704102 6170.97314453 3.8430185318
1478871260307 lifecam22 2194.18676758 6176.93164062 3.83602166176
1478871260376 lifecam22 2188.83032227 6180.38525391 3.82958269119
1478871260442 lifecam22 2184.42626953 6185.06298828 3.82616472244
1478871260575 lifecam22 2173.70922852 6194.14599609 3.81869459152
1478871260642 lifecam22 2169.55883789 6198.51220703 3.81893491745
1478871260713 lifecam22 2162.640625 6203.12207031 3.80702781677
1478871260778 lifecam22 2158.37255859 6208.20849609 3.80757260323
1478871260845 lifecam22 2153.03198242 6211.77832031 3.80342340469
1478871261041 lifecam22 2137.29907227 6226.19970703 3.78494524956
1478871261102 lifecam22 2131.47509766 6230.56445312 3.77815628052
1478871261177 lifecam22 2127.1472168 6235.34912109 3.77275490761
1478871261233 lifecam22 2120.25292969 6240.72167969 3.76321148872
1478871261311 lifecam22 2117.0 6245.00439453 3.76504063606
1478871261509 lifecam22 2102.88598633 6259.57568359 3.75360608101
1478871261576 lifecam22 2096.33935547 6264.90966797 3.74376487732
1478871261641 lifecam22 2091.5871582 6269.95751953 3.73776912689
1478871261708 lifecam22 2087.20605469 6275.14599609 3.73646688461
1478871261778 lifecam22 2081.91894531 6279.99609375 3.73211431503
1478871261904 lifecam22 2071.61450195 6290.05664062 3.7206838131
1478871261981 lifecam22 2067.26269531 6294.51171875 3.71471595764
1478871262047 lifecam22 2062.57958984 6299.48291016 3.7112121582
1478871262110 lifecam22 2056.99755859 6304.31445312 3.70164561272
1478871262178 lifecam22 2053.45019531 6309.28955078 3.70293045044
1478871262304 lifecam22 2044.31799316 6319.73779297 3.69563412666
1478871262441 lifecam22 2035.19494629 6330.34277344 3.68894195557
1478871262510 lifecam22 2029.62609863 6336.859375 3.67521452904
1478871262576 lifecam22 2025.35388184 6341.22070312 3.67264509201
1478871262717 lifecam22 2022.46960449 6349.85351562 3.69069743156
1478871262778 lifecam22 2024.87609863 6347.07275391 3.69401025772
1478871262837 lifecam22 2022.8380127 6348.62841797 3.68752098083
1478871262913 lifecam22 2023.8770752 6347.76708984 3.69057273865
1478871262980 lifecam22 2023.4654541 6348.04736328 3.68963956833
1478871263181 lifecam22 2023.8770752 6347.76708984 3.69057273865
1478871263235 lifecam22 2023.53723145 6348.04052734 3.68892645836
1478871263311 lifecam22 2023.62561035 6347.83203125 3.68984556198
1478871263378 lifecam22 2023.72058105 6347.98046875 3.69038009644
1478871263439 lifecam22 2023.47009277 6347.96582031 3.68802189827
1478871263580 lifecam22 2023.40002441 6347.97216797 3.68873882294
1478871263644 lifecam22 2023.72229004 6348.07226562 3.69068002701
1478871263710 lifecam22 2023.68908691 6347.81884766 3.69145298004
1478871263784 lifecam22 2023.47253418 6348.07373047 3.68982839584
1478871263842 lifecam22 2023.69128418 6347.90722656 3.69074726105
1478871264049 lifecam22 2023.40612793 6347.99902344 3.68892192841
1478871264105 lifecam22 2023.62561035 6347.83203125 3.68984556198
1478871264180 lifecam22 2023.4654541 6348.04736328 3.68963956833
1478871264246 lifecam22 2023.57116699 6348.14501953 3.68874168396
1478871264311 lifecam22 2023.40002441 6347.97216797 3.68873882294
1478871264455 lifecam22 2023.47253418 6348.07373047 3.68982839584
1478871264511 lifecam22 2023.65881348 6347.93408203 3.68965172768
1478871264580 lifecam22 2023.18054199 6348.13916016 3.68781447411
1478871264648 lifecam22 2023.43640137 6348.07324219 3.68855619431
1478871264713 lifecam22 2023.72058105 6347.98046875 3.69038009644
1478871264850 lifecam22 2023.4654541 6348.04736328 3.68963956833
1478871264915 lifecam22 2023.40002441 6347.97216797 3.68873882294
1478871264974 lifecam22 2023.40002441 6347.97216797 3.68873882294
1478871265049 lifecam22 2023.18054199 6348.13916016 3.68781447411
1478871265114 lifecam22 2023.30187988 6347.81054688 3.68846464157
1478871265316 lifecam22 2023.62561035 6347.83203125 3.68984556198
