1478872165034 lifecam22 3198.09326172 5861.43261719 4.66216421127
1478872165110 lifecam22 3198.30615234 5861.50097656 4.66292762756
1478872165165 lifecam22 3198.27441406 5861.52392578 4.66313266754
1478872165308 lifecam22 3198.31103516 5861.50390625 4.66295814514
1478872165383 lifecam22 3198.22436523 5861.48144531 4.66270065308
1478872165440 lifecam22 3197.94433594 5861.49902344 4.66273641586
1478872165514 lifecam22 3197.55078125 5861.39941406 4.66159105301
1478872165575 lifecam22 3197.39746094 5861.47949219 4.66369104385
1478872165704 lifecam22 3198.64257812 5861.54003906 4.66484451294
1478872165778 lifecam22 3198.79248047 5861.54882812 4.66619348526
1478872165850 lifecam22 3198.1315918 5861.44482422 4.6636967659
1478872165904 lifecam22 3196.8371582 5861.45458984 4.6617808342
1478872165979 lifecam22 3197.01367188 5861.59814453 4.66465091705
1478872166117 lifecam22 3198.06982422 5861.43310547 4.66216278076
1478872166177 lifecam22 3198.56079102 5861.60839844 4.66407632828
1478872166250 lifecam22 3198.56079102 5861.60839844 4.66407632828
1478872166301 lifecam22 3198.60693359 5861.63525391 4.66435623169
1478872166381 lifecam22 3198.56079102 5861.60839844 4.66407632828
1478872166518 lifecam22 3198.60693359 5861.63525391 4.66435623169
1478872166590 lifecam22 3198.60693359 5861.63525391 4.66435623169
1478872166641 lifecam22 3199.18798828 5861.87451172 4.66692733765
1478872166704 lifecam22 3198.8671875 5861.72167969 4.66530990601
1478872166772 lifecam22 3199.37133789 5862.16601562 4.66709804535
1478872166976 lifecam22 3199.81811523 5862.15576172 4.6699051857
1478872167042 lifecam22 3197.55712891 5861.39941406 4.6615896225
1478872167103 lifecam22 3197.73486328 5860.93896484 4.65885353088
1478872167171 lifecam22 3189.33056641 5861.23583984 4.65802669525
1478872167240 lifecam22 3180.75537109 5859.97460938 4.66058397293
1478872167446 lifecam22 3160.25976562 5857.63232422 4.64285469055
1478872167511 lifecam22 3154.23632812 5856.89746094 4.63738632202
1478872167585 lifecam22 3146.6262207 5856.86621094 4.63258838654
1478872167638 lifecam22 3139.27978516 5855.86083984 4.6253361702
1478872167708 lifecam22 3133.72631836 5855.38623047 4.62230730057
1478872167854 lifecam22 3119.19433594 5854.72412109 4.61563968658
1478872167914 lifecam22 3112.84423828 5854.70214844 4.6135635376
1478872167986 lifecam22 3105.38696289 5853.81103516 4.60525655746
1478872168053 lifecam22 3098.43579102 5853.53466797 4.60077095032
1478872168119 lifecam22 3090.88891602 5852.42871094 4.58866643906
1478872168185 lifecam22 3083.60351562 5851.31103516 4.58082914352
1478872168305 lifecam22 3069.4140625 5850.35351562 4.57422113419
1478872168375 lifecam22 3063.13085938 5850.99169922 4.57056379318
1478872168445 lifecam22 3056.20336914 5850.87792969 4.5660161972
1478872168505 lifecam22 3049.82324219 5850.71728516 4.56524991989
1478872168585 lifecam22 3042.55737305 5851.01513672 4.55737018585
1478872168648 lifecam22 3034.82421875 5849.23974609 4.54531240463
1478872168718 lifecam22 3027.90478516 5850.57910156 4.54883050919
1478872168790 lifecam22 3022.19555664 5850.63769531 4.54892158508
1478872168853 lifecam22 3014.83081055 5850.19824219 4.53934001923
1478872169045 lifecam22 2994.4362793 5850.21533203 4.52186203003
1478872169115 lifecam22 2986.89916992 5850.10205078 4.51626825333
1478872169182 lifecam22 2981.35058594 5849.83935547 4.5176448822
1478872169255 lifecam22 2973.7019043 5850.64404297 4.51068925858
1478872169315 lifecam22 2966.93359375 5850.14355469 4.49926328659
1478872169386 lifecam22 2958.875 5850.52636719 4.49322605133
1478872169457 lifecam22 2953.36669922 5851.71142578 4.49437618256
1478872169513 lifecam22 2945.67163086 5851.74511719 4.48817634583
1478872169585 lifecam22 2939.19042969 5852.65771484 4.48361968994
1478872169649 lifecam22 2932.02636719 5852.12988281 4.47940397263
1478872169777 lifecam22 2918.20678711 5853.47900391 4.46386289597
1478872169841 lifecam22 2909.73217773 5853.70654297 4.46116828918
1478872169917 lifecam22 2904.0847168 5854.16308594 4.45369958878
1478872169979 lifecam22 2895.56982422 5855.04736328 4.45258522034
1478872170043 lifecam22 2889.00952148 5855.15429688 4.44590806961
1478872170250 lifecam22 2869.00634766 5857.62988281 4.43729066849
1478872170322 lifecam22 2861.60375977 5858.27441406 4.426404953
1478872170385 lifecam22 2854.16821289 5858.80175781 4.42247009277
1478872170508 lifecam22 2840.51318359 5860.890625 4.41417694092
1478872170590 lifecam22 2834.12866211 5862.09082031 4.40991926193
1478872170654 lifecam22 2827.22216797 5863.30078125 4.40655231476
1478872170709 lifecam22 2820.87060547 5863.90917969 4.40373134613
1478872170785 lifecam22 2812.52807617 5865.06152344 4.38891649246
1478872170854 lifecam22 2805.64868164 5865.421875 4.38590908051
1478872170992 lifecam22 2792.66650391 5867.60058594 4.37991380692
1478872171052 lifecam22 2785.25439453 5868.85791016 4.37373304367
1478872171116 lifecam22 2779.09692383 5869.73193359 4.36654281616
1478872171180 lifecam22 2771.88476562 5870.64941406 4.36099672318
1478872171257 lifecam22 2764.77490234 5872.18066406 4.35614585876
1478872171451 lifecam22 2744.79248047 5876.6875 4.3456196785
1478872171512 lifecam22 2737.25097656 5878.41992188 4.33597898483
1478872171591 lifecam22 2729.71411133 5878.78955078 4.32819366455
1478872171654 lifecam22 2723.73608398 5880.81152344 4.32915878296
1478872171709 lifecam22 2716.10791016 5881.80126953 4.32162380219
1478872171857 lifecam22 2702.73657227 5885.75 4.31523990631
1478872171921 lifecam22 2696.13793945 5886.17382812 4.30574846268
1478872171991 lifecam22 2690.52392578 5888.46484375 4.30453109741
1478872172052 lifecam22 2682.26171875 5889.44873047 4.29511785507
1478872172125 lifecam22 2676.46923828 5891.78222656 4.29408073425
1478872172263 lifecam22 2661.8425293 5894.53955078 4.2816991806
1478872172377 lifecam22 2648.49658203 5899.28320312 4.27416753769
1478872172444 lifecam22 2641.78198242 5901.47460938 4.26750707626
1478872172524 lifecam22 2635.16699219 5902.44580078 4.26244449615
1478872172668 lifecam22 2621.09301758 5906.36914062 4.25133419037
1478872172714 lifecam22 2614.39404297 5908.19335938 4.24867773056
1478872172786 lifecam22 2608.99462891 5909.79052734 4.25124502182
1478872172854 lifecam22 2603.00463867 5912.83740234 4.24270486832
1478872172917 lifecam22 2594.52978516 5913.60742188 4.2340836525
1478872173052 lifecam22 2582.04516602 5918.62744141 4.22899627686
1478872173128 lifecam22 2574.71850586 5920.49023438 4.22242259979
1478872173194 lifecam22 2568.18408203 5922.63623047 4.21553087234
1478872173252 lifecam22 2560.86425781 5925.19873047 4.20770072937
1478872173326 lifecam22 2554.99755859 5927.96777344 4.21213531494
1478872173466 lifecam22 2541.51269531 5932.39746094 4.1998052597
1478872173526 lifecam22 2533.54541016 5934.56054688 4.18858909607
1478872173586 lifecam22 2526.42211914 5936.90576172 4.18289327621
1478872173661 lifecam22 2520.10693359 5939.30029297 4.17778682709
1478872173713 lifecam22 2513.56201172 5942.33935547 4.16890621185
1478872173928 lifecam22 2494.14794922 5949.28076172 4.15909147263
1478872173994 lifecam22 2487.94702148 5952.46191406 4.15656518936
1478872174062 lifecam22 2482.26782227 5954.84423828 4.15426683426
1478872174129 lifecam22 2474.97509766 5956.92529297 4.14616775513
1478872174194 lifecam22 2470.05371094 5960.77490234 4.1462469101
1478872174323 lifecam22 2457.98608398 5966.63867188 4.14069747925
1478872174398 lifecam22 2449.62695312 5969.10009766 4.13014030457
1478872174459 lifecam22 2442.86669922 5971.13427734 4.12137174606
1478872174516 lifecam22 2436.97851562 5974.61425781 4.11583089828
1478872174587 lifecam22 2430.91113281 5976.73828125 4.11291503906
1478872174727 lifecam22 2417.62988281 5982.46875 4.10086488724
1478872174785 lifecam22 2410.92114258 5986.13134766 4.0953335762
1478872174863 lifecam22 2404.72290039 5988.36572266 4.08774423599
1478872174929 lifecam22 2397.74291992 5991.63085938 4.07941913605
1478872174985 lifecam22 2391.37280273 5994.13085938 4.07346820831
1478872175128 lifecam22 2377.89013672 6001.171875 4.06461334229
1478872175198 lifecam22 2373.70068359 6004.56298828 4.06955337524
1478872175258 lifecam22 2367.23974609 6007.48144531 4.05973482132
1478872175326 lifecam22 2361.65917969 6011.34423828 4.06091547012
1478872175386 lifecam22 2354.32910156 6014.95556641 4.04726409912
1478872175520 lifecam22 2342.94335938 6020.51806641 4.04198026657
1478872175598 lifecam22 2334.86621094 6024.48486328 4.03250598907
1478872175661 lifecam22 2329.6550293 6027.70556641 4.03066301346
1478872175725 lifecam22 2324.70922852 6031.21923828 4.03481006622
1478872175792 lifecam22 2319.15722656 6034.33398438 4.0296087265
1478872175929 lifecam22 2304.62109375 6041.67333984 4.005382061
1478872175993 lifecam22 2300.62963867 6044.37988281 4.01104640961
1478872176054 lifecam22 2293.74902344 6048.25 3.99940347672
1478872176126 lifecam22 2286.89038086 6052.09082031 3.99365973473
1478872176200 lifecam22 2282.57910156 6055.4765625 3.99824666977
1478872176325 lifecam22 2269.61328125 6063.36083984 3.98157501221
1478872176385 lifecam22 2266.0090332 6067.33691406 3.98510766029
1478872176453 lifecam22 2257.16796875 6070.72607422 3.96455073357
1478872176524 lifecam22 2252.1574707 6075.03759766 3.96834158897
1478872176588 lifecam22 2248.09082031 6078.265625 3.96740531921
1478872176719 lifecam22 2234.37890625 6086.23486328 3.94500517845
1478872176784 lifecam22 2230.0559082 6089.45458984 3.95231890678
1478872176852 lifecam22 2222.69042969 6092.45410156 3.93926405907
1478872176929 lifecam22 2216.22460938 6097.20898438 3.93178915977
1478872176996 lifecam22 2210.84619141 6101.4140625 3.92768549919
1478872177140 lifecam22 2197.28173828 6109.6875 3.90683698654
1478872177196 lifecam22 2192.53955078 6113.28564453 3.90422034264
1478872177261 lifecam22 2186.6105957 6118.86572266 3.8965985775
1478872177319 lifecam22 2180.40527344 6121.63671875 3.89435172081
1478872177391 lifecam22 2176.63916016 6125.42285156 3.8956143856
1478872177601 lifecam22 2159.24633789 6138.53271484 3.87822437286
1478872177672 lifecam22 2153.68310547 6143.02880859 3.8747754097
1478872177719 lifecam22 2149.11010742 6147.59179688 3.8708717823
1478872177788 lifecam22 2142.96459961 6151.53173828 3.86391806602
1478872177859 lifecam22 2137.18432617 6155.88232422 3.85761833191
1478872177937 lifecam22 2130.4621582 6160.07519531 3.84643936157
1478872178004 lifecam22 2125.8125 6163.89746094 3.84686756134
1478872178061 lifecam22 2120.21118164 6169.11425781 3.84291243553
1478872178135 lifecam22 2115.43017578 6173.63134766 3.83481550217
1478872178199 lifecam22 2110.13793945 6178.10644531 3.83344221115
1478872178259 lifecam22 2105.49755859 6182.25976562 3.82864618301
1478872178398 lifecam22 2094.58300781 6191.65527344 3.82262730598
1478872178461 lifecam22 2089.40356445 6196.32080078 3.81525492668
1478872178523 lifecam22 2084.49926758 6200.48828125 3.81079912186
1478872178598 lifecam22 2077.87768555 6205.52978516 3.80115270615
1478872178662 lifecam22 2073.1027832 6210.14746094 3.79440569878
1478872178870 lifecam22 2055.63549805 6223.77783203 3.77457785606
1478872178937 lifecam22 2051.6796875 6228.35986328 3.77436375618
1478872179001 lifecam22 2045.58044434 6233.19189453 3.76265883446
1478872179054 lifecam22 2040.56066895 6238.04443359 3.76072239876
1478872179127 lifecam22 2036.80529785 6242.77929688 3.76250338554
1478872179259 lifecam22 2026.17004395 6253.02050781 3.75083065033
1478872179334 lifecam22 2022.15515137 6257.48144531 3.74830293655
1478872179386 lifecam22 2016.5020752 6262.33642578 3.74276828766
1478872179466 lifecam22 2012.61828613 6267.44189453 3.74203824997
1478872179531 lifecam22 2007.94006348 6271.98828125 3.73649263382
1478872179667 lifecam22 1997.9420166 6283.15380859 3.72710633278
1478872179725 lifecam22 1998.57458496 6284.6953125 3.74163889885
1478872179804 lifecam22 1999.38903809 6282.87695312 3.73452711105
1478872179871 lifecam22 1998.87658691 6283.67773438 3.73511862755
1478872179936 lifecam22 1999.21520996 6283.36035156 3.73840141296
1478872180064 lifecam22 1998.54138184 6283.66064453 3.73356771469
1478872180134 lifecam22 1998.54138184 6283.66064453 3.73356771469
1478872180199 lifecam22 1998.87658691 6283.67773438 3.73511862755
1478872180267 lifecam22 1998.96862793 6283.42578125 3.73611569405
1478872180337 lifecam22 1998.58947754 6283.734375 3.73255610466
1478872180471 lifecam22 1998.93249512 6283.53417969 3.7357673645
1478872180529 lifecam22 1998.8638916 6283.52490234 3.73482966423
1478872180594 lifecam22 1998.98254395 6283.59960938 3.73552274704
1478872180662 lifecam22 1998.54138184 6283.66064453 3.73356771469
1478872180725 lifecam22 1998.8638916 6283.52490234 3.73482966423
1478872180932 lifecam22 1998.42541504 6283.80712891 3.73239183426
1478872181000 lifecam22 1998.69616699 6283.65673828 3.73297166824
1478872181067 lifecam22 1998.25500488 6283.71826172 3.73100662231
1478872181137 lifecam22 1998.89147949 6283.70996094 3.73546218872
