1478872448410 lifecam22 3194.07128906 5860.67138672 4.62056159973
1478872448479 lifecam22 3194.48535156 5860.96582031 4.62247133255
1478872448542 lifecam22 3194.88452148 5860.90673828 4.62230968475
1478872448608 lifecam22 3194.40722656 5860.953125 4.62227773666
1478872448744 lifecam22 3194.40722656 5860.953125 4.62227773666
1478872448816 lifecam22 3194.40429688 5861.04541016 4.62456655502
1478872448885 lifecam22 3194.38720703 5860.94580078 4.6234087944
1478872448949 lifecam22 3194.40722656 5860.953125 4.62227773666
1478872449010 lifecam22 3194.32226562 5860.84912109 4.62267827988
1478872449150 lifecam22 3194.55786133 5860.92871094 4.62363481522
1478872449216 lifecam22 3194.25292969 5861.06933594 4.62320756912
1478872449285 lifecam22 3194.45654297 5860.72558594 4.62287473679
1478872449347 lifecam22 3194.09228516 5860.68945312 4.62075185776
1478872449411 lifecam22 3194.45654297 5860.72558594 4.62287473679
1478872449555 lifecam22 3194.57128906 5860.82470703 4.6224694252
1478872449628 lifecam22 3194.51269531 5860.20947266 4.61800384521
1478872449746 lifecam22 3195.37451172 5860.77246094 4.62032079697
1478872449810 lifecam22 3194.75488281 5860.67138672 4.61616182327
1478872449880 lifecam22 3194.75488281 5860.67138672 4.61616182327
1478872450025 lifecam22 3194.25292969 5861.06933594 4.62320756912
1478872450078 lifecam22 3194.47241211 5860.46240234 4.62042665482
1478872450149 lifecam22 3185.84326172 5860.984375 4.62390327454
1478872450224 lifecam22 3178.77905273 5861.36914062 4.62393569946
1478872450279 lifecam22 3172.41503906 5859.60253906 4.60895347595
1478872450419 lifecam22 3157.43579102 5857.76074219 4.59289455414
1478872450483 lifecam22 3151.00878906 5858.04052734 4.59276342392
1478872450559 lifecam22 3143.50561523 5856.96679688 4.58594083786
1478872450622 lifecam22 3135.97314453 5856.98730469 4.57877874374
1478872450691 lifecam22 3129.3112793 5857.10253906 4.57668399811
1478872450819 lifecam22 3114.49145508 5856.30761719 4.56407976151
1478872450890 lifecam22 3108.41748047 5856.80029297 4.56236410141
1478872450952 lifecam22 3101.21020508 5856.13525391 4.55824661255
1478872451019 lifecam22 3094.21435547 5855.94287109 4.55076122284
1478872451092 lifecam22 3087.48730469 5856.49511719 4.54709386826
1478872451289 lifecam22 3065.52026367 5854.05322266 4.52177810669
1478872451359 lifecam22 3058.57885742 5854.578125 4.52143573761
1478872451421 lifecam22 3051.41674805 5854.45166016 4.51417779922
1478872451489 lifecam22 3044.46826172 5854.50244141 4.51101541519
1478872451558 lifecam22 3038.16992188 5854.55712891 4.50391960144
1478872451623 lifecam22 3030.80273438 5855.96972656 4.50191020966
1478872451684 lifecam22 3023.75146484 5855.71240234 4.49691390991
1478872451748 lifecam22 3018.38525391 5857.05029297 4.4975938797
1478872451826 lifecam22 3009.90625 5856.28271484 4.48780250549
1478872451884 lifecam22 3004.49121094 5857.96679688 4.49238777161
1478872452029 lifecam22 2990.70532227 5857.77734375 4.48014640808
1478872452095 lifecam22 2984.11572266 5858.80224609 4.47452259064
1478872452147 lifecam22 2976.96655273 5858.94189453 4.4717502594
1478872452219 lifecam22 2970.45751953 5860.08642578 4.46809577942
1478872452293 lifecam22 2963.22070312 5860.35302734 4.45987606049
1478872452494 lifecam22 2943.02319336 5861.56005859 4.44422578812
1478872452561 lifecam22 2935.53173828 5862.49609375 4.43980360031
1478872452628 lifecam22 2928.80249023 5863.18701172 4.43533325195
1478872452682 lifecam22 2920.39453125 5863.55175781 4.42433071136
1478872452757 lifecam22 2913.68359375 5865.29150391 4.42140340805
1478872452890 lifecam22 2899.90161133 5865.49707031 4.41163635254
1478872452953 lifecam22 2892.93359375 5866.81591797 4.4026017189
1478872453025 lifecam22 2885.81665039 5867.30078125 4.4003200531
1478872453094 lifecam22 2879.09545898 5868.5625 4.3958697319
1478872453157 lifecam22 2872.43481445 5869.30078125 4.39459323883
1478872453290 lifecam22 2858.49975586 5872.02587891 4.38140726089
1478872453348 lifecam22 2851.09863281 5872.08105469 4.37678527832
1478872453425 lifecam22 2844.14160156 5873.38232422 4.36646699905
1478872453489 lifecam22 2837.11987305 5874.91894531 4.36488771439
1478872453550 lifecam22 2829.87304688 5876.40332031 4.36027336121
1478872453689 lifecam22 2816.58569336 5879.48242188 4.36012983322
1478872453751 lifecam22 2810.27490234 5879.95214844 4.34684801102
1478872453828 lifecam22 2803.42382812 5881.93554688 4.34311962128
1478872453896 lifecam22 2797.53442383 5882.65576172 4.34417247772
1478872453965 lifecam22 2791.63061523 5885.07666016 4.34498882294
1478872454099 lifecam22 2776.45263672 5887.58056641 4.32847070694
1478872454164 lifecam22 2770.1237793 5889.63037109 4.32180690765
1478872454230 lifecam22 2762.6027832 5890.29150391 4.31406974792
1478872454294 lifecam22 2756.02026367 5892.07958984 4.30817222595
1478872454363 lifecam22 2747.97851562 5892.84228516 4.29934930801
1478872454493 lifecam22 2734.54492188 5896.82324219 4.28876304626
1478872454563 lifecam22 2727.66162109 5898.15380859 4.28650188446
1478872454617 lifecam22 2721.66064453 5899.734375 4.28134012222
1478872454696 lifecam22 2715.89599609 5902.18164062 4.28184938431
1478872454751 lifecam22 2709.20947266 5904.37792969 4.27820014954
1478872454894 lifecam22 2694.24560547 5907.34570312 4.26510429382
1478872454958 lifecam22 2688.06933594 5909.8984375 4.26229906082
1478872455023 lifecam22 2680.49365234 5911.33740234 4.25025272369
1478872455148 lifecam22 2668.57080078 5915.59863281 4.24956846237
1478872455291 lifecam22 2655.04980469 5919.32861328 4.23897743225
1478872455364 lifecam22 2648.13232422 5920.55712891 4.22599983215
1478872455419 lifecam22 2639.84082031 5922.25244141 4.22253990173
1478872455486 lifecam22 2634.63818359 5924.98193359 4.22277116776
1478872455550 lifecam22 2628.1394043 5927.18212891 4.21628332138
1478872455747 lifecam22 2608.83398438 5935.06640625 4.20641279221
1478872455824 lifecam22 2601.73388672 5936.39257812 4.19930028915
1478872455893 lifecam22 2594.64453125 5938.95849609 4.19311523438
1478872455966 lifecam22 2588.58837891 5941.56835938 4.18975973129
1478872456024 lifecam22 2581.42016602 5944.41357422 4.18125581741
1478872456166 lifecam22 2568.86376953 5949.07958984 4.17541885376
1478872456221 lifecam22 2561.14038086 5951.54638672 4.16866779327
1478872456297 lifecam22 2554.70410156 5954.19433594 4.16638565063
1478872456363 lifecam22 2547.54248047 5956.60498047 4.15516328812
1478872456429 lifecam22 2539.9387207 5958.27148438 4.1438999176
1478872456565 lifecam22 2527.78149414 5964.65576172 4.14278697968
1478872456629 lifecam22 2522.81689453 5967.51464844 4.14388179779
1478872456690 lifecam22 2514.99194336 5970.61181641 4.13380908966
1478872456754 lifecam22 2508.40258789 5972.71484375 4.12534427643
1478872456829 lifecam22 2502.94580078 5976.04980469 4.12336492538
1478872456969 lifecam22 2491.08496094 5981.88623047 4.11998939514
1478872457035 lifecam22 2483.83325195 5984.07080078 4.10943365097
1478872457094 lifecam22 2476.95751953 5986.89013672 4.10437297821
1478872457161 lifecam22 2470.5456543 5989.21875 4.09748077393
1478872457229 lifecam22 2463.61865234 5992.60693359 4.09103107452
1478872457433 lifecam22 2446.62207031 6001.63964844 4.08301734924
1478872457499 lifecam22 2439.23193359 6004.80810547 4.07343101501
1478872457562 lifecam22 2433.80566406 6008.70019531 4.0711812973
1478872457629 lifecam22 2427.78442383 6011.70654297 4.07393503189
1478872457704 lifecam22 2421.04077148 6014.78173828 4.06010532379
1478872457902 lifecam22 2403.48486328 6024.60498047 4.05526351929
1478872457968 lifecam22 2394.89941406 6028.32958984 4.03939294815
1478872458038 lifecam22 2389.94189453 6031.28515625 4.03545236588
1478872458094 lifecam22 2383.92114258 6034.53613281 4.03467988968
1478872458165 lifecam22 2377.42578125 6037.78759766 4.0303273201
1478872458299 lifecam22 2364.01049805 6044.13134766 4.00904273987
1478872458368 lifecam22 2359.22558594 6047.54003906 4.01125240326
1478872458428 lifecam22 2351.75488281 6051.77490234 4.00583791733
1478872458491 lifecam22 2345.6184082 6055.56054688 4.0001039505
1478872458558 lifecam22 2343.21386719 6059.29003906 4.00920248032
1478872458697 lifecam22 2329.93554688 6066.88964844 3.99169278145
1478872458760 lifecam22 2323.58105469 6069.69335938 3.9821999073
1478872458826 lifecam22 2318.68237305 6072.95214844 3.9860765934
1478872458893 lifecam22 2312.44946289 6077.69335938 3.98030805588
1478872458963 lifecam22 2306.97387695 6080.69042969 3.97855615616
1478872459165 lifecam22 2286.99560547 6091.58886719 3.94476056099
1478872459234 lifecam22 2281.38354492 6095.60302734 3.93736147881
1478872459295 lifecam22 2274.61108398 6100.484375 3.92897343636
1478872459358 lifecam22 2268.24926758 6102.56103516 3.92132496834
1478872459425 lifecam22 2263.15771484 6107.09521484 3.91690468788
1478872459629 lifecam22 2249.69702148 6119.28417969 3.92604851723
1478872459705 lifecam22 2238.99047852 6123.38183594 3.90009093285
1478872459761 lifecam22 2235.18261719 6127.59423828 3.90345048904
1478872459830 lifecam22 2228.5078125 6131.84863281 3.88917326927
1478872459896 lifecam22 2223.74243164 6136.64892578 3.88967299461
1478872460106 lifecam22 2206.2019043 6148.84179688 3.87000775337
1478872460163 lifecam22 2200.75878906 6152.04638672 3.87048316002
1478872460226 lifecam22 2195.18334961 6156.68457031 3.86289596558
1478872460296 lifecam22 2190.61376953 6161.05371094 3.86283445358
1478872460362 lifecam22 2185.98413086 6164.88183594 3.85973620415
1478872460501 lifecam22 2174.01831055 6174.64648438 3.84745121002
1478872460563 lifecam22 2169.41674805 6179.02441406 3.84473466873
1478872460626 lifecam22 2162.23388672 6184.00927734 3.83160734177
1478872460695 lifecam22 2158.06982422 6187.34667969 3.8327498436
1478872460764 lifecam22 2152.13623047 6192.64160156 3.82652616501
1478872461027 lifecam22 2130.13549805 6210.12011719 3.79809999466
1478872461098 lifecam22 2125.48461914 6215.65234375 3.79768896103
1478872461161 lifecam22 2120.22485352 6219.39501953 3.79172062874
1478872461230 lifecam22 2115.21142578 6224.10791016 3.7874109745
1478872461294 lifecam22 2110.67675781 6228.87744141 3.78440642357
1478872461502 lifecam22 2095.34106445 6243.68261719 3.77328276634
1478872461563 lifecam22 2089.02441406 6248.796875 3.76073718071
1478872461629 lifecam22 2085.26391602 6253.38769531 3.75856328011
1478872461691 lifecam22 2079.45458984 6257.55615234 3.75297760963
1478872461761 lifecam22 2074.3371582 6262.78173828 3.74775981903
1478872461972 lifecam22 2060.06713867 6277.64990234 3.73725938797
1478872462044 lifecam22 2053.43701172 6282.46582031 3.72566080093
1478872462105 lifecam22 2050.62207031 6286.68505859 3.72671747208
1478872462172 lifecam22 2044.6607666 6291.90478516 3.71774172783
1478872462232 lifecam22 2040.61242676 6296.37744141 3.71596264839
1478872462440 lifecam22 2027.29748535 6313.01220703 3.70801186562
1478872462497 lifecam22 2021.49133301 6318.12158203 3.69914388657
1478872462571 lifecam22 2016.6307373 6322.96289062 3.68952655792
1478872462632 lifecam22 2014.5279541 6327.85888672 3.69790935516
1478872462699 lifecam22 2014.59997559 6328.62841797 3.6993689537
1478872462905 lifecam22 2015.50500488 6327.14990234 3.70226287842
1478872462966 lifecam22 2015.49694824 6327.2109375 3.70223474503
1478872463044 lifecam22 2015.98156738 6327.45117188 3.70752334595
1478872463105 lifecam22 2015.1451416 6327.45263672 3.69870734215
1478872463167 lifecam22 2015.42272949 6327.33740234 3.70229625702
1478872463373 lifecam22 2015.6307373 6327.22119141 3.70361304283
1478872463436 lifecam22 2015.7623291 6327.29443359 3.70501375198
1478872463499 lifecam22 2015.6307373 6327.22119141 3.70361304283
1478872463567 lifecam22 2015.62341309 6327.28173828 3.70358538628
1478872463634 lifecam22 2015.30700684 6327.16308594 3.70050477982
1478872463772 lifecam22 2015.53259277 6327.30322266 3.70298528671
1478872463840 lifecam22 2015.6307373 6327.22119141 3.70361304283
1478872463906 lifecam22 2015.43322754 6327.23388672 3.70185565948
1478872463974 lifecam22 2015.1451416 6327.45263672 3.69870734215
1478872464038 lifecam22 2015.56799316 6327.49951172 3.70256662369
1478872464176 lifecam22 2015.52233887 6327.40673828 3.70342683792
1478872464247 lifecam22 2015.21130371 6327.1953125 3.69991350174
