1478872545292 lifecam22 3201.98852539 5862.92285156 4.68050146103
1478872545366 lifecam22 3202.25 5863.31835938 4.68284368515
1478872545568 lifecam22 3202.35742188 5863.12353516 4.68255233765
1478872545632 lifecam22 3201.98852539 5862.92285156 4.68050146103
1478872545693 lifecam22 3202.70507812 5863.46142578 4.68567895889
1478872545765 lifecam22 3202.61938477 5863.51855469 4.68489265442
1478872545828 lifecam22 3202.25 5863.31835938 4.68284368515
1478872545898 lifecam22 3202.61938477 5863.51855469 4.68489265442
1478872545963 lifecam22 3203.18139648 5863.53857422 4.68532371521
1478872546026 lifecam22 3202.10058594 5863.27294922 4.68147993088
1478872546100 lifecam22 3203.18139648 5863.53857422 4.68532371521
1478872546169 lifecam22 3202.16430664 5863.19482422 4.68207359314
1478872546365 lifecam22 3202.79785156 5863.33691406 4.68325614929
1478872546443 lifecam22 3202.25 5863.31835938 4.68284368515
1478872546497 lifecam22 3202.55224609 5863.59228516 4.68427658081
1478872546566 lifecam22 3203.13891602 5863.63330078 4.68492507935
1478872546628 lifecam22 3203.59033203 5863.76269531 4.6876115799
1478872546836 lifecam22 3199.34838867 5861.59423828 4.66709709167
1478872546899 lifecam22 3202.25 5863.31835938 4.68284368515
1478872546972 lifecam22 3200.60693359 5862.43115234 4.67410373688
1478872547038 lifecam22 3194.43310547 5858.78125 4.64803266525
1478872547092 lifecam22 3187.07373047 5860.38134766 4.66241264343
1478872547241 lifecam22 3172.84448242 5857.51953125 4.640376091
1478872547303 lifecam22 3165.03051758 5856.60644531 4.63395404816
1478872547371 lifecam22 3159.2590332 5856.38818359 4.63201665878
1478872547426 lifecam22 3151.84008789 5855.46679688 4.62542867661
1478872547508 lifecam22 3144.57373047 5854.12207031 4.61660385132
1478872547645 lifecam22 3130.3984375 5852.72412109 4.6037812233
1478872547701 lifecam22 3123.8359375 5852.94775391 4.60359764099
1478872547770 lifecam22 3116.59399414 5852.65917969 4.60049581528
1478872547831 lifecam22 3109.52026367 5852.62304688 4.59741401672
1478872547900 lifecam22 3102.65722656 5853.00683594 4.59204769135
1478872548108 lifecam22 3081.63134766 5851.14794922 4.57261276245
1478872548171 lifecam22 3074.47436523 5850.19970703 4.56870603561
1478872548228 lifecam22 3068.00219727 5851.17529297 4.56831407547
1478872548300 lifecam22 3060.26660156 5848.83007812 4.55649995804
1478872548364 lifecam22 3053.88330078 5849.67236328 4.553794384
1478872548504 lifecam22 3040.11083984 5849.26367188 4.54139232635
1478872548568 lifecam22 3032.47631836 5848.86572266 4.5327963829
1478872548630 lifecam22 3026.04956055 5849.62060547 4.53054094315
1478872548695 lifecam22 3018.78515625 5848.98974609 4.52591276169
1478872548776 lifecam22 3012.80566406 5850.53808594 4.52719068527
1478872548972 lifecam22 2992.13525391 5850.71777344 4.5143737793
1478872549095 lifecam22 2979.00341797 5851.33837891 4.50550079346
1478872549165 lifecam22 2971.51855469 5851.51025391 4.50098133087
1478872549233 lifecam22 2964.65307617 5851.390625 4.49049282074
1478872549297 lifecam22 2957.18603516 5851.70214844 4.48370981216
1478872549377 lifecam22 2950.61962891 5851.76708984 4.48258876801
1478872549433 lifecam22 2942.83764648 5851.68652344 4.47233724594
1478872549512 lifecam22 2935.6237793 5851.90332031 4.46932601929
1478872549579 lifecam22 2928.72900391 5852.73535156 4.46053647995
1478872549643 lifecam22 2922.32568359 5853.46337891 4.45937108994
1478872549776 lifecam22 2908.30859375 5855.54443359 4.45120954514
1478872549839 lifecam22 2901.21386719 5855.68115234 4.44596004486
1478872549908 lifecam22 2894.34887695 5856.30566406 4.44009160995
1478872549980 lifecam22 2887.03198242 5856.66308594 4.43240976334
1478872550043 lifecam22 2879.74536133 5857.31201172 4.4295463562
1478872550177 lifecam22 2866.61938477 5858.97363281 4.42307472229
1478872550244 lifecam22 2859.92578125 5859.67285156 4.41568565369
1478872550312 lifecam22 2853.5168457 5860.40283203 4.41075468063
1478872550362 lifecam22 2844.74194336 5861.56787109 4.40421199799
1478872550432 lifecam22 2838.63916016 5861.94628906 4.39587879181
1478872550648 lifecam22 2818.02612305 5865.49267578 4.38285017014
1478872550702 lifecam22 2810.76806641 5867.49755859 4.38300609589
1478872550771 lifecam22 2804.60107422 5868.34619141 4.37737226486
1478872550834 lifecam22 2796.96459961 5869.42773438 4.36748981476
1478872550908 lifecam22 2790.36083984 5870.11376953 4.36811494827
1478872551041 lifecam22 2776.01806641 5872.04882812 4.34906148911
1478872551105 lifecam22 2768.99291992 5873.98632812 4.34557580948
1478872551176 lifecam22 2762.7487793 5875.47998047 4.34724998474
1478872551240 lifecam22 2755.72192383 5876.17724609 4.33856964111
1478872551298 lifecam22 2749.72753906 5878.14941406 4.33753681183
1478872551449 lifecam22 2735.03735352 5880.13818359 4.32103443146
1478872551513 lifecam22 2729.39868164 5882.38574219 4.32305335999
1478872551566 lifecam22 2722.10986328 5883.86083984 4.31591415405
1478872551635 lifecam22 2715.44335938 5886.01708984 4.31410884857
1478872551699 lifecam22 2708.43261719 5887.44580078 4.31068754196
1478872551780 lifecam22 2701.31176758 5889.33007812 4.30344676971
1478872551848 lifecam22 2694.34301758 5890.72509766 4.2966132164
1478872551913 lifecam22 2688.12890625 5892.87060547 4.29698514938
1478872551978 lifecam22 2681.10864258 5894.36035156 4.28765726089
1478872552043 lifecam22 2674.77148438 5895.90380859 4.28380298615
1478872552241 lifecam22 2653.34155273 5900.47558594 4.26445245743
1478872552310 lifecam22 2647.37744141 5902.69628906 4.26441812515
1478872552376 lifecam22 2642.66162109 5904.4765625 4.26135396957
1478872552443 lifecam22 2632.80371094 5905.71679688 4.24302339554
1478872552510 lifecam22 2626.64477539 5908.42089844 4.24222755432
1478872552644 lifecam22 2612.74560547 5913.11572266 4.23413562775
1478872552713 lifecam22 2606.76049805 5914.67382812 4.23086881638
1478872552781 lifecam22 2600.82543945 5917.609375 4.23218154907
1478872552844 lifecam22 2593.22192383 5919.47851562 4.21788311005
1478872552911 lifecam22 2586.4152832 5920.83300781 4.22082328796
1478872553111 lifecam22 2566.04833984 5927.82763672 4.20110464096
1478872553182 lifecam22 2559.08374023 5930.85205078 4.19721794128
1478872553243 lifecam22 2553.171875 5932.51953125 4.19355201721
1478872553311 lifecam22 2547.6484375 5935.08837891 4.19256162643
1478872553380 lifecam22 2539.77832031 5937.82275391 4.18365621567
1478872553517 lifecam22 2526.61376953 5943.24707031 4.17438602448
1478872553576 lifecam22 2519.57861328 5944.83447266 4.16793298721
1478872553651 lifecam22 2514.25732422 5948.44433594 4.16983509064
1478872553703 lifecam22 2506.88232422 5950.66601562 4.15926074982
1478872553774 lifecam22 2501.5949707 5953.28662109 4.15922451019
1478872553981 lifecam22 2480.22119141 5961.09619141 4.1367688179
1478872554046 lifecam22 2474.23364258 5963.54882812 4.12899065018
1478872554109 lifecam22 2466.90405273 5966.29101562 4.12403059006
1478872554180 lifecam22 2462.52832031 5968.72216797 4.12503099442
1478872554244 lifecam22 2455.42651367 5971.88623047 4.12007570267
1478872554382 lifecam22 2441.86669922 5977.46484375 4.10395812988
1478872554446 lifecam22 2435.14111328 5980.49511719 4.10057163239
1478872554515 lifecam22 2430.046875 5983.07470703 4.09833478928
1478872554581 lifecam22 2422.35229492 5986.84179688 4.08928966522
1478872554647 lifecam22 2416.36962891 5989.54785156 4.08940029144
1478872554851 lifecam22 2398.85498047 5998.95800781 4.07809305191
1478872554914 lifecam22 2393.54248047 6002.65234375 4.07882881165
1478872554984 lifecam22 2387.24365234 6005.61425781 4.07692480087
1478872555047 lifecam22 2380.64086914 6009.30712891 4.06648111343
1478872555114 lifecam22 2373.66552734 6011.81640625 4.05503177643
1478872555249 lifecam22 2361.18188477 6018.2421875 4.04906845093
1478872555314 lifecam22 2353.26464844 6021.24707031 4.03387784958
1478872555383 lifecam22 2348.36181641 6024.22802734 4.03502655029
1478872555447 lifecam22 2341.95605469 6028.40478516 4.0257434845
1478872555513 lifecam22 2337.08789062 6032.06933594 4.03682947159
1478872555716 lifecam22 2318.625 6042.27490234 4.01213359833
1478872555785 lifecam22 2312.98168945 6046.95703125 4.01345157623
1478872555856 lifecam22 2306.43481445 6049.59521484 3.99984622002
1478872555919 lifecam22 2301.66113281 6053.03808594 4.00216245651
1478872555977 lifecam22 2295.66723633 6056.63134766 4.00079679489
1478872556182 lifecam22 2276.56591797 6066.81152344 3.97572922707
1478872556258 lifecam22 2267.39355469 6070.48144531 3.9493162632
1478872556313 lifecam22 2264.79833984 6074.45556641 3.96607303619
1478872556386 lifecam22 2257.24462891 6078.60546875 3.95075154305
1478872556450 lifecam22 2252.42285156 6082.45019531 3.95112681389
1478872556660 lifecam22 2234.2902832 6093.87207031 3.93421912193
1478872556720 lifecam22 2229.88208008 6098.16992188 3.93419480324
1478872556778 lifecam22 2223.00024414 6102.59570312 3.92513203621
1478872556843 lifecam22 2214.76342773 6106.32128906 3.90793395042
1478872556921 lifecam22 2210.48583984 6110.5390625 3.90739989281
1478872557122 lifecam22 2194.93261719 6122.31591797 3.90170741081
1478872557183 lifecam22 2187.96362305 6124.96191406 3.89272904396
1478872557244 lifecam22 2181.04443359 6130.01123047 3.88003015518
1478872557380 lifecam22 2171.62207031 6138.96533203 3.87735056877
1478872557526 lifecam22 2161.92211914 6148.12158203 3.87491774559
1478872557579 lifecam22 2156.29174805 6152.55859375 3.8693625927
1478872557642 lifecam22 2149.76049805 6156.79199219 3.85564994812
1478872557715 lifecam22 2143.62426758 6160.80419922 3.84798455238
1478872557789 lifecam22 2137.94628906 6165.27832031 3.84192276001
1478872558049 lifecam22 2115.19824219 6181.83105469 3.82158827782
1478872558112 lifecam22 2110.73657227 6188.11328125 3.81742167473
1478872558179 lifecam22 2105.28417969 6190.88574219 3.81418395042
1478872558247 lifecam22 2101.07861328 6195.97558594 3.80997252464
1478872558311 lifecam22 2094.88134766 6200.57275391 3.80606079102
1478872558378 lifecam22 2089.921875 6205.49658203 3.80186486244
1478872558459 lifecam22 2085.53369141 6210.046875 3.79966259003
1478872558523 lifecam22 2080.9128418 6214.67626953 3.79902839661
1478872558590 lifecam22 2075.70776367 6219.20117188 3.79396247864
1478872558647 lifecam22 2070.15405273 6224.54638672 3.7837305069
1478872558718 lifecam22 2063.53125 6228.68994141 3.77562952042
1478872558986 lifecam22 2044.28137207 6248.14013672 3.75510787964
1478872559049 lifecam22 2038.89709473 6252.91503906 3.75535392761
1478872559122 lifecam22 2035.35583496 6257.26660156 3.7535097599
1478872559185 lifecam22 2029.82580566 6262.22412109 3.74584245682
1478872559246 lifecam22 2024.1817627 6267.69873047 3.73989629745
1478872559452 lifecam22 2011.14074707 6282.95751953 3.7321562767
1478872559528 lifecam22 2005.49743652 6288.06201172 3.72171330452
1478872559590 lifecam22 2003.75109863 6292.16796875 3.73006343842
1478872559656 lifecam22 2003.39855957 6291.3203125 3.72645831108
1478872559719 lifecam22 2003.4239502 6291.73925781 3.72412586212
1478872559929 lifecam22 2003.62780762 6291.43847656 3.72396087646
1478872559991 lifecam22 2003.65637207 6291.79052734 3.72619915009
1478872560111 lifecam22 2003.56384277 6291.80322266 3.72555088997
1478872560186 lifecam22 2003.83361816 6291.60400391 3.72642612457
1478872560325 lifecam22 2003.77404785 6291.60986328 3.72600126266
1478872560393 lifecam22 2003.60168457 6291.55224609 3.72435617447
1478872560457 lifecam22 2003.77404785 6291.60986328 3.72600126266
1478872560519 lifecam22 2003.83361816 6291.60400391 3.72642612457
1478872560594 lifecam22 2003.60168457 6291.55224609 3.72435617447
1478872560719 lifecam22 2003.83654785 6291.69042969 3.72690558434
1478872560789 lifecam22 2003.60168457 6291.55224609 3.72435617447
1478872560859 lifecam22 2003.60168457 6291.55224609 3.72435617447
1478872560927 lifecam22 2003.82165527 6291.59326172 3.72628045082
1478872560992 lifecam22 2003.69006348 6291.69335938 3.72712397575
