1478872516657 lifecam22 3194.46582031 5862.49902344 4.62779855728
1478872516721 lifecam22 3194.69873047 5862.83789062 4.63101959229
1478872516793 lifecam22 3194.61938477 5862.63085938 4.6278591156
1478872516855 lifecam22 3194.73706055 5862.86132812 4.63010215759
1478872516989 lifecam22 3194.74829102 5862.86132812 4.63011360168
1478872517062 lifecam22 3194.76098633 5863.14746094 4.63138580322
1478872517125 lifecam22 3194.51586914 5862.68798828 4.62688970566
1478872517191 lifecam22 3194.72119141 5862.46289062 4.6263051033
1478872517249 lifecam22 3194.53955078 5862.82177734 4.62956905365
1478872517388 lifecam22 3194.07250977 5861.80566406 4.62217521667
1478872517460 lifecam22 3194.37353516 5862.69189453 4.62949419022
1478872517514 lifecam22 3194.67041016 5862.93798828 4.62935876846
1478872517591 lifecam22 3194.36230469 5862.55517578 4.62682628632
1478872517661 lifecam22 3194.82299805 5862.80712891 4.62557554245
1478872517791 lifecam22 3194.51586914 5862.68798828 4.62688970566
1478872517847 lifecam22 3194.57373047 5863.12841797 4.62835645676
1478872517920 lifecam22 3194.55932617 5863.12792969 4.62834262848
1478872517986 lifecam22 3194.74902344 5862.74707031 4.62764501572
1478872518059 lifecam22 3194.51586914 5862.68798828 4.62688970566
1478872518264 lifecam22 3195.11425781 5863.29003906 4.62260818481
1478872518329 lifecam22 3194.83447266 5862.05371094 4.61967420578
1478872518396 lifecam22 3194.52246094 5861.65869141 4.61982345581
1478872518460 lifecam22 3194.55297852 5863.10839844 4.630838871
1478872518524 lifecam22 3194.24145508 5862.05664062 4.6235165596
1478872518667 lifecam22 3185.35644531 5862.20898438 4.62103796005
1478872518725 lifecam22 3176.41186523 5861.00830078 4.61151790619
1478872518791 lifecam22 3172.24511719 5860.66308594 4.60786962509
1478872518864 lifecam22 3162.67944336 5859.75488281 4.59773921967
1478872518927 lifecam22 3157.27612305 5858.70263672 4.59343671799
1478872519126 lifecam22 3135.95727539 5857.64160156 4.57858896255
1478872519194 lifecam22 3128.13842773 5857.55273438 4.5700969696
1478872519253 lifecam22 3120.77783203 5856.83544922 4.56349849701
1478872519330 lifecam22 3114.20141602 5857.41601562 4.55999612808
1478872519394 lifecam22 3107.33984375 5856.53417969 4.5578827858
1478872519525 lifecam22 3092.99951172 5857.05957031 4.55234050751
1478872519597 lifecam22 3085.4440918 5856.19238281 4.54060029984
1478872519651 lifecam22 3079.45898438 5857.83496094 4.54358196259
1478872519731 lifecam22 3072.19824219 5856.5625 4.53396081924
1478872519794 lifecam22 3065.65014648 5857.12939453 4.52979469299
1478872519934 lifecam22 3051.99560547 5857.13085938 4.52147912979
1478872519997 lifecam22 3045.08886719 5856.73730469 4.51796913147
1478872520064 lifecam22 3036.84155273 5856.20898438 4.50459098816
1478872520122 lifecam22 3030.7980957 5857.41015625 4.50759840012
1478872520192 lifecam22 3022.640625 5857.27880859 4.49388790131
1478872520395 lifecam22 3002.6237793 5858.52929688 4.48306751251
1478872520457 lifecam22 2996.49975586 5858.91699219 4.47788715363
1478872520525 lifecam22 2988.8359375 5859.28125 4.46984148026
1478872520593 lifecam22 2982.40844727 5859.45458984 4.46876811981
1478872520668 lifecam22 2975.82373047 5860.14941406 4.46351480484
1478872520801 lifecam22 2961.9909668 5861.35009766 4.45659160614
1478872520860 lifecam22 2955.52563477 5861.28466797 4.44700098038
1478872520931 lifecam22 2946.58520508 5861.60839844 4.43703317642
1478872521002 lifecam22 2940.3425293 5861.83691406 4.42984199524
1478872521065 lifecam22 2933.984375 5862.88916016 4.43102312088
1478872521253 lifecam22 2912.06396484 5865.10595703 4.41555118561
1478872521330 lifecam22 2906.23632812 5866.69384766 4.41617870331
1478872521395 lifecam22 2898.10229492 5867.02734375 4.4029583931
1478872521454 lifecam22 2890.85961914 5867.69091797 4.4006986618
1478872521522 lifecam22 2885.33911133 5869.77246094 4.40200996399
1478872521662 lifecam22 2871.04223633 5871.27783203 4.38551187515
1478872521725 lifecam22 2864.60668945 5873.12890625 4.38698673248
1478872521799 lifecam22 2857.40112305 5873.11669922 4.38043928146
1478872521869 lifecam22 2851.21337891 5874.85546875 4.37957668304
1478872521921 lifecam22 2842.67919922 5874.80126953 4.36778926849
1478872522066 lifecam22 2829.99658203 5877.65478516 4.35640335083
1478872522137 lifecam22 2822.7890625 5879.57519531 4.35686635971
1478872522193 lifecam22 2816.19555664 5881.30224609 4.35244989395
1478872522265 lifecam22 2810.38867188 5883.44873047 4.35237884521
1478872522321 lifecam22 2803.43408203 5884.17529297 4.34868049622
1478872522455 lifecam22 2788.87841797 5886.98681641 4.3309803009
1478872522524 lifecam22 2781.25830078 5888.05664062 4.3237528801
1478872522592 lifecam22 2776.33398438 5890.37207031 4.32952642441
1478872522670 lifecam22 2768.69384766 5890.38037109 4.31738090515
1478872522736 lifecam22 2761.23144531 5892.56054688 4.31020212173
1478872522864 lifecam22 2746.79101562 5894.67675781 4.29000091553
1478872522922 lifecam22 2740.03881836 5895.62353516 4.28765821457
1478872522989 lifecam22 2733.79296875 5897.90039062 4.28596544266
1478872523066 lifecam22 2727.50317383 5899.62646484 4.28103780746
1478872523134 lifecam22 2720.26025391 5901.19335938 4.27761888504
1478872523268 lifecam22 2706.50927734 5905.49462891 4.26849842072
1478872523336 lifecam22 2700.82128906 5907.78808594 4.26704406738
1478872523401 lifecam22 2693.74633789 5910.04248047 4.2629942894
1478872523457 lifecam22 2687.13525391 5910.91259766 4.25293302536
1478872523532 lifecam22 2680.13183594 5913.32666016 4.24963092804
1478872523674 lifecam22 2665.53051758 5916.93017578 4.23514080048
1478872523727 lifecam22 2659.73193359 5919.89013672 4.23637962341
1478872523856 lifecam22 2645.92724609 5922.82177734 4.22193956375
1478872523926 lifecam22 2640.15917969 5925.45019531 4.21996307373
1478872524007 lifecam22 2633.94775391 5928.02539062 4.22126150131
1478872524059 lifecam22 2627.02539062 5931.04589844 4.21519994736
1478872524127 lifecam22 2619.68261719 5933.10595703 4.20731258392
1478872524200 lifecam22 2613.33691406 5935.5390625 4.20371723175
1478872524267 lifecam22 2607.01806641 5937.89257812 4.1952829361
1478872524324 lifecam22 2599.421875 5939.90917969 4.18986797333
1478872524477 lifecam22 2585.9362793 5944.43896484 4.17755651474
1478872524542 lifecam22 2579.75219727 5946.98339844 4.17744493484
1478872524597 lifecam22 2573.28564453 5949.26660156 4.16832590103
1478872524668 lifecam22 2565.29223633 5951.38330078 4.15854597092
1478872524725 lifecam22 2559.99462891 5953.73046875 4.16010904312
1478872524872 lifecam22 2545.41259766 5958.22558594 4.14688491821
1478872524933 lifecam22 2538.99462891 5961.92480469 4.13790988922
1478872524998 lifecam22 2532.52001953 5963.95800781 4.1359205246
1478872525068 lifecam22 2526.41088867 5967.59033203 4.13121032715
1478872525132 lifecam22 2520.39135742 5970.41308594 4.12778234482
1478872525273 lifecam22 2507.73925781 5976.44921875 4.11767435074
1478872525328 lifecam22 2500.28100586 5978.37353516 4.11056041718
1478872525395 lifecam22 2495.54296875 5981.72851562 4.11439704895
1478872525464 lifecam22 2489.15966797 5984.10546875 4.10868930817
1478872525538 lifecam22 2482.88793945 5988.171875 4.10842561722
1478872525674 lifecam22 2470.41235352 5993.65771484 4.09331130981
1478872525727 lifecam22 2464.56884766 5996.44775391 4.09211874008
1478872525806 lifecam22 2457.66503906 6000.05078125 4.08688879013
1478872525875 lifecam22 2450.08837891 6002.86914062 4.07520055771
1478872525932 lifecam22 2444.55712891 6005.35058594 4.07023668289
1478872526079 lifecam22 2431.68945312 6012.32080078 4.06578540802
1478872526140 lifecam22 2426.71118164 6016.78955078 4.06202602386
1478872526202 lifecam22 2419.30908203 6019.00634766 4.05317592621
1478872526269 lifecam22 2413.47094727 6022.42919922 4.04704666138
1478872526342 lifecam22 2406.10717773 6025.84716797 4.03678369522
1478872526473 lifecam22 2395.80517578 6032.70703125 4.03367519379
1478872526544 lifecam22 2387.40185547 6034.92138672 4.02342605591
1478872526598 lifecam22 2382.30200195 6038.89794922 4.02224731445
1478872526680 lifecam22 2374.44091797 6041.49755859 4.00818157196
1478872526731 lifecam22 2370.59960938 6045.06201172 4.01329755783
1478872526942 lifecam22 2352.63085938 6055.40136719 3.99803423882
1478872527015 lifecam22 2346.20532227 6060.48583984 3.99285054207
1478872527067 lifecam22 2338.70166016 6063.64941406 3.97970604897
1478872527131 lifecam22 2334.6105957 6067.45458984 3.98333477974
1478872527208 lifecam22 2326.80273438 6070.91845703 3.96917843819
1478872527337 lifecam22 2318.06787109 6078.61669922 3.97445940971
1478872527409 lifecam22 2311.57543945 6082.21240234 3.96780896187
1478872527466 lifecam22 2304.88647461 6086.44384766 3.95304131508
1478872527529 lifecam22 2300.92919922 6090.32128906 3.96495580673
1478872527599 lifecam22 2290.61669922 6093.91748047 3.93543171883
1478872527807 lifecam22 2273.48364258 6105.98828125 3.91411757469
1478872527876 lifecam22 2267.35400391 6109.41943359 3.90880179405
1478872527929 lifecam22 2262.29199219 6113.03173828 3.90394210815
1478872527998 lifecam22 2256.35546875 6118.72363281 3.89930081367
1478872528068 lifecam22 2251.3581543 6122.39257812 3.89876627922
1478872528272 lifecam22 2233.29223633 6134.27880859 3.8834297657
1478872528338 lifecam22 2227.61938477 6138.88671875 3.87291932106
1478872528405 lifecam22 2223.5690918 6142.01953125 3.87732100487
1478872528467 lifecam22 2218.2434082 6146.87451172 3.87313938141
1478872528534 lifecam22 2212.44262695 6150.20996094 3.86366128922
1478872528735 lifecam22 2195.47558594 6162.68164062 3.85091805458
1478872528801 lifecam22 2190.36352539 6167.48486328 3.84472322464
1478872528877 lifecam22 2183.32421875 6172.53417969 3.83438515663
1478872528937 lifecam22 2178.22436523 6176.69677734 3.8346221447
1478872529005 lifecam22 2172.93432617 6180.82470703 3.82451152802
1478872529207 lifecam22 2157.6809082 6195.07763672 3.81318449974
1478872529264 lifecam22 2152.72460938 6199.0390625 3.80767583847
1478872529334 lifecam22 2147.01000977 6204.1328125 3.80339026451
1478872529402 lifecam22 2142.36352539 6209.09130859 3.80218791962
1478872529469 lifecam22 2137.77197266 6213.61767578 3.80043411255
1478872529737 lifecam22 2116.11694336 6232.01611328 3.77610397339
1478872529810 lifecam22 2110.01538086 6237.12158203 3.76503801346
1478872529877 lifecam22 2105.56665039 6242.06933594 3.76301908493
1478872529939 lifecam22 2101.02783203 6246.18554688 3.76232910156
1478872530209 lifecam22 2080.75 6266.73730469 3.73936080933
1478872530270 lifecam22 2074.82519531 6271.90380859 3.73104667664
1478872530333 lifecam22 2071.08422852 6276.04638672 3.73087978363
1478872530401 lifecam22 2065.69897461 6281.60009766 3.72318768501
1478872530470 lifecam22 2060.38208008 6285.60546875 3.71599197388
1478872530685 lifecam22 2045.47131348 6300.48291016 3.70205593109
1478872530738 lifecam22 2041.25231934 6305.78808594 3.6961350441
1478872530801 lifecam22 2036.34655762 6310.66015625 3.69041800499
1478872530878 lifecam22 2032.53259277 6316.71972656 3.69033908844
1478872530937 lifecam22 2028.17248535 6321.35742188 3.68565940857
1478872531141 lifecam22 2015.22546387 6337.29199219 3.67983841896
1478872531215 lifecam22 2017.38146973 6338.47167969 3.69645500183
1478872531279 lifecam22 2018.0098877 6336.79394531 3.69238114357
1478872531347 lifecam22 2017.18933105 6337.64355469 3.69079136848
1478872531406 lifecam22 2017.82141113 6337.49902344 3.69244718552
1478872531617 lifecam22 2017.38098145 6337.51660156 3.69166874886
1478872531675 lifecam22 2017.87976074 6337.28613281 3.69436860085
1478872531741 lifecam22 2017.87976074 6337.28613281 3.69436860085
1478872531816 lifecam22 2017.38098145 6337.51660156 3.69166874886
1478872531885 lifecam22 2017.6427002 6337.24755859 3.69359922409
1478872531942 lifecam22 2017.71447754 6337.2265625 3.69406199455
1478872532140 lifecam22 2017.38342285 6337.42236328 3.69242620468
1478872532214 lifecam22 2017.38098145 6337.51660156 3.69166874886
1478872532276 lifecam22 2017.38342285 6337.42236328 3.69242620468
