1478194584060 lifecam22 3350.6550293 5375.98193359 4.69278287888
1478194584123 lifecam22 3350.74047852 5376.20556641 4.69356489182
1478194584195 lifecam22 3350.61279297 5375.94091797 4.69240140915
1478194584270 lifecam22 3350.61279297 5375.94091797 4.69240140915
1478194584466 lifecam22 3350.71923828 5375.76660156 4.69218921661
1478194584546 lifecam22 3350.72338867 5376.03710938 4.69339704514
1478194584595 lifecam22 3350.65625 5376.12402344 4.69280433655
1478194584659 lifecam22 3350.67504883 5376.01708984 4.69180774689
1478194584743 lifecam22 3350.61279297 5375.94091797 4.69240140915
1478194585004 lifecam22 3350.67773438 5375.74511719 4.69061279297
1478194585057 lifecam22 3350.57055664 5375.90039062 4.6920208931
1478194585127 lifecam22 3350.76391602 5375.93505859 4.69375610352
1478194585200 lifecam22 3350.72192383 5375.89453125 4.69337558746
1478194585540 lifecam22 3350.703125 5376.29248047 4.69437932968
1478194585603 lifecam22 3350.76586914 5376.35302734 4.69494867325
1478194585664 lifecam22 3350.75976562 5376.33544922 4.69613790512
1478194585727 lifecam22 3350.97827148 5376.44384766 4.69450235367
1478194585809 lifecam22 3351.03515625 5377.02929688 4.69744110107
1478194586079 lifecam22 3350.54199219 5376.28125 4.69420671463
1478194586131 lifecam22 3350.67773438 5375.74511719 4.69061279297
1478194586257 lifecam22 3351.93139648 5379.18554688 4.70451593399
1478194586334 lifecam22 3351.77197266 5378.19677734 4.69679641724
1478194586544 lifecam22 3351.04150391 5376.61132812 4.69745922089
1478194586598 lifecam22 3346.46801758 5381.54736328 4.71576833725
1478194586659 lifecam22 3337.92456055 5381.62304688 4.7308011055
1478194586733 lifecam22 3330.37524414 5374.39990234 4.69449949265
1478194586798 lifecam22 3323.07641602 5372.73828125 4.68031644821
1478194587071 lifecam22 3293.18164062 5362.95361328 4.6204957962
1478194587142 lifecam22 3285.6159668 5361.14111328 4.60645532608
1478194587209 lifecam22 3278.54199219 5359.11279297 4.59238958359
1478194587271 lifecam22 3271.03613281 5358.55615234 4.58132886887
1478194587346 lifecam22 3263.54467773 5356.72607422 4.56961631775
1478194587677 lifecam22 3223.46777344 5347.38476562 4.47511386871
1478194587735 lifecam22 3216.44848633 5346.83203125 4.46478700638
1478194587803 lifecam22 3207.60180664 5345.95214844 4.44602394104
1478194587869 lifecam22 3200.71557617 5344.66699219 4.42965650558
1478194588214 lifecam22 3162.23339844 5343.7265625 4.3639292717
1478194588264 lifecam22 3155.31445312 5343.90234375 4.35538768768
1478194588336 lifecam22 3148.31982422 5344.05419922 4.34070301056
1478194588410 lifecam22 3140.18505859 5343.93066406 4.32774877548
1478194588488 lifecam22 3133.30102539 5345.58447266 4.31498193741
1478194588738 lifecam22 3101.0456543 5346.77050781 4.24566555023
1478194588794 lifecam22 3093.31298828 5348.27294922 4.23513364792
1478194588868 lifecam22 3084.45532227 5348.67041016 4.21395397186
1478194588940 lifecam22 3077.45654297 5349.6328125 4.20152568817
1478194588999 lifecam22 3071.20483398 5350.76416016 4.19080781937
1478194589276 lifecam22 3041.83227539 5357.84521484 4.14059591293
1478194589345 lifecam22 3032.34545898 5359.84472656 4.11530542374
1478194589409 lifecam22 3025.21679688 5361.05859375 4.09974145889
1478194589486 lifecam22 3017.53076172 5363.49316406 4.0839099884
1478194589553 lifecam22 3009.70239258 5365.57763672 4.06948757172
1478194589606 lifecam22 3003.92773438 5366.91210938 4.05936670303
1478194589806 lifecam22 2982.7878418 5374.47851562 4.02306890488
1478194589882 lifecam22 2974.02099609 5377.02734375 3.99925971031
1478194589948 lifecam22 2967.64746094 5379.77441406 3.98804497719
1478194590010 lifecam22 2960.90209961 5382.78027344 3.98003029823
1478194590088 lifecam22 2952.07788086 5384.3125 3.9496152401
1478194590410 lifecam22 2916.06054688 5402.46435547 3.87456059456
1478194590484 lifecam22 2910.54272461 5405.42236328 3.86343169212
1478194590541 lifecam22 2904.26611328 5409.29003906 3.85137891769
1478194590607 lifecam22 2896.69970703 5413.52929688 3.8335442543
1478194590671 lifecam22 2891.4519043 5417.1015625 3.82047390938
1478194591020 lifecam22 2858.0637207 5438.87207031 3.74120187759
1478194591082 lifecam22 2850.62866211 5443.84570312 3.72548866272
1478194591151 lifecam22 2845.63989258 5447.88134766 3.71358847618
1478194591219 lifecam22 2838.69458008 5452.90185547 3.69677114487
1478194591289 lifecam22 2831.30859375 5458.27978516 3.67573285103
1478194591554 lifecam22 2807.79711914 5478.36865234 3.61807823181
1478194591614 lifecam22 2803.28076172 5482.90039062 3.6103644371
1478194591683 lifecam22 2797.96850586 5488.53710938 3.59872293472
1478194591745 lifecam22 2791.87158203 5493.98095703 3.58393859863
1478194591814 lifecam22 2786.12744141 5499.40722656 3.56464147568
1478194592214 lifecam22 2754.67578125 5533.55908203 3.47824621201
1478194592280 lifecam22 2748.76806641 5539.38378906 3.45794439316
1478194592351 lifecam22 2744.93652344 5545.57519531 3.4478392601
1478194592419 lifecam22 2739.41503906 5552.27441406 3.42798566818
1478194592481 lifecam22 2735.20263672 5557.82958984 3.4146437645
1478194592741 lifecam22 2717.23120117 5584.54296875 3.35032320023
1478194592822 lifecam22 2713.41674805 5590.54541016 3.33915901184
1478194592883 lifecam22 2710.03491211 5597.07763672 3.32964372635
