1478194676013 lifecam22 3350.8371582 5374.36425781 4.68332672119
1478194676078 lifecam22 3350.5703125 5374.67431641 4.68609046936
1478194676419 lifecam22 3350.15771484 5374.56005859 4.68613386154
1478194676464 lifecam22 3350.48022461 5374.72363281 4.68649673462
1478194676543 lifecam22 3350.13378906 5374.68359375 4.68596076965
1478194676593 lifecam22 3350.5703125 5374.67431641 4.68609046936
1478194676671 lifecam22 3350.3894043 5374.59716797 4.68568944931
1478194676878 lifecam22 3350.48022461 5374.72363281 4.68649673462
1478194676941 lifecam22 3350.50415039 5374.74316406 4.68668937683
1478194677005 lifecam22 3350.48022461 5374.72363281 4.68649673462
1478194677082 lifecam22 3350.3190918 5374.71337891 4.68632602692
1478194677143 lifecam22 3350.43798828 5374.8125 4.68729114532
1478194677408 lifecam22 3350.48022461 5374.72363281 4.68649673462
1478194677474 lifecam22 3350.48022461 5374.72363281 4.68649673462
1478194677550 lifecam22 3350.5703125 5374.67431641 4.68609046936
1478194677609 lifecam22 3350.36987305 5374.77050781 4.68551778793
1478194677673 lifecam22 3350.48022461 5374.72363281 4.68649673462
1478194677957 lifecam22 3350.5703125 5374.67431641 4.68609046936
1478194678016 lifecam22 3350.5703125 5374.67431641 4.68609046936
1478194678084 lifecam22 3350.52832031 5374.76318359 4.68688392639
1478194678142 lifecam22 3350.5703125 5374.67431641 4.68609046936
1478194678210 lifecam22 3350.5703125 5374.67431641 4.68609046936
1478194678484 lifecam22 3350.4597168 5374.72119141 4.68511009216
1478194678543 lifecam22 3350.5703125 5374.67431641 4.68609046936
1478194678599 lifecam22 3350.4597168 5374.72119141 4.68511009216
1478194678671 lifecam22 3350.57250977 5375.10986328 4.68610906601
1478194678744 lifecam22 3351.67333984 5378.13085938 4.69591617584
1478194679000 lifecam22 3350.4597168 5374.72119141 4.68511009216
1478194679081 lifecam22 3348.04638672 5374.15576172 4.68125009537
1478194679150 lifecam22 3337.92993164 5373.54931641 4.67181301117
1478194679215 lifecam22 3333.55444336 5372.77392578 4.66990470886
1478194679282 lifecam22 3328.05712891 5372.26318359 4.66964054108
1478194679553 lifecam22 3295.15185547 5360.24316406 4.59318113327
1478194679612 lifecam22 3286.99804688 5358.59423828 4.58115339279
1478194679680 lifecam22 3280.66796875 5357.65722656 4.56940937042
1478194679750 lifecam22 3271.13500977 5353.97265625 4.54286718369
1478194679823 lifecam22 3264.42333984 5354.07861328 4.53668498993
1478194680076 lifecam22 3234.45019531 5348.65722656 4.47757530212
1478194680147 lifecam22 3227.00268555 5347.93164062 4.46247148514
1478194680216 lifecam22 3219.19921875 5347.765625 4.44859457016
1478194680279 lifecam22 3211.60839844 5347.12646484 4.43997049332
1478194680345 lifecam22 3203.85253906 5345.82617188 4.42162370682
1478194680617 lifecam22 3172.51489258 5344.61132812 4.36307859421
1478194680682 lifecam22 3166.51220703 5345.21289062 4.35357093811
1478194680745 lifecam22 3159.28857422 5345.78515625 4.34491109848
1478194680814 lifecam22 3149.13354492 5345.42529297 4.31678581238
1478194680882 lifecam22 3141.66455078 5346.02050781 4.30206537247
1478194681149 lifecam22 3109.46582031 5347.1796875 4.2356004715
1478194681205 lifecam22 3102.98022461 5349.35058594 4.22933578491
1478194681287 lifecam22 3094.51757812 5349.99267578 4.20707702637
1478194681355 lifecam22 3087.07543945 5350.92480469 4.19573926926
1478194681419 lifecam22 3080.32592773 5353.31738281 4.18727684021
1478194681681 lifecam22 3049.33105469 5359.34277344 4.12581968307
1478194681754 lifecam22 3041.85253906 5360.67822266 4.10885000229
1478194681816 lifecam22 3035.51831055 5362.34326172 4.09835529327
1478194681882 lifecam22 3029.11694336 5365.17529297 4.08899259567
1478194681948 lifecam22 3020.18310547 5367.14941406 4.06774377823
1478194682281 lifecam22 2981.82324219 5378.640625 3.9823319912
1478194682415 lifecam22 2969.13354492 5383.85400391 3.9614841938
1478194682487 lifecam22 2961.66162109 5387.71484375 3.94779515266
1478194682547 lifecam22 2953.11376953 5391.60205078 3.92070555687
1478194682756 lifecam22 2934.21582031 5401.60888672 3.88274097443
1478194682825 lifecam22 2926.97412109 5404.99609375 3.87216472626
1478194682890 lifecam22 2918.93334961 5408.68164062 3.84986639023
1478194682954 lifecam22 2913.55493164 5412.91992188 3.84458637238
1478194683024 lifecam22 2906.57568359 5415.99511719 3.82584118843
1478194683294 lifecam22 2878.83618164 5433.29150391 3.75783920288
1478194683354 lifecam22 2872.60839844 5437.32910156 3.74277687073
1478194683419 lifecam22 2866.53466797 5441.63232422 3.73242092133
1478194683498 lifecam22 2860.45751953 5446.046875 3.7188038826
1478194683879 lifecam22 2825.04345703 5475.94921875 3.63458251953
1478194683960 lifecam22 2819.47070312 5481.29003906 3.61410856247
1478194684028 lifecam22 2812.89160156 5485.83496094 3.60326194763
1478194684091 lifecam22 2807.92138672 5491.68652344 3.58932781219
1478194684359 lifecam22 2785.32421875 5514.48095703 3.52336215973
1478194684424 lifecam22 2781.31616211 5518.97314453 3.51186800003
1478194684486 lifecam22 2775.4765625 5525.13330078 3.48978233337
1478194684561 lifecam22 2770.40185547 5531.27001953 3.48086738586
1478194684611 lifecam22 2765.97729492 5536.41503906 3.46784067154
1478194684837 lifecam22 2750.59326172 5554.95556641 3.41868209839
1478194684901 lifecam22 2745.13208008 5562.03125 3.39985370636
1478194684955 lifecam22 2741.5847168 5568.13427734 3.38833475113
1478194685032 lifecam22 2737.82006836 5573.95019531 3.38046884537
1478194685094 lifecam22 2733.09448242 5580.75292969 3.36300849915
1478194685428 lifecam22 2713.91210938 5613.63623047 3.29104614258
1478194685490 lifecam22 2710.91796875 5620.68212891 3.28136539459
1478194685563 lifecam22 2706.46020508 5628.11474609 3.26278877258
1478194685625 lifecam22 2702.59960938 5635.63623047 3.24345970154
1478194685686 lifecam22 2698.9597168 5642.35888672 3.22782993317
1478194685900 lifecam22 2688.76538086 5664.43896484 3.17967748642
1478194685957 lifecam22 2684.73828125 5671.85449219 3.15506505966
1478194686023 lifecam22 2684.20776367 5679.17089844 3.15092802048
1478194686086 lifecam22 2680.43432617 5687.55761719 3.13325667381
