1478194918652 lifecam22 3346.05004883 5372.69238281 4.66436481476
1478194918706 lifecam22 3345.72436523 5372.52441406 4.66261053085
1478194918790 lifecam22 3345.72436523 5372.52441406 4.66261053085
1478194918849 lifecam22 3345.72436523 5372.52441406 4.66261053085
1478194918914 lifecam22 3345.72436523 5372.52441406 4.66261053085
1478194919184 lifecam22 3345.63256836 5372.60791016 4.66089248657
1478194919245 lifecam22 3345.50708008 5372.62402344 4.66097307205
1478194919324 lifecam22 3345.65307617 5372.73925781 4.66213083267
1478194919384 lifecam22 3345.41699219 5372.67138672 4.66136455536
1478194919446 lifecam22 3345.34130859 5372.33789062 4.65842676163
1478194919712 lifecam22 3345.58496094 5372.69433594 4.6605424881
1478194919780 lifecam22 3345.39306641 5372.51953125 4.6588139534
1478194919848 lifecam22 3345.54248047 5372.65527344 4.66128396988
1478194919902 lifecam22 3345.86157227 5372.81298828 4.66293525696
1478194919985 lifecam22 3345.95166016 5372.76513672 4.66254234314
1478194920250 lifecam22 3345.89990234 5372.58300781 4.66215324402
1478194920323 lifecam22 3346.11450195 5372.77490234 4.66272592545
1478194920387 lifecam22 3345.55908203 5372.81152344 4.66028356552
1478194920449 lifecam22 3346.65869141 5372.96826172 4.66483306885
1478194920522 lifecam22 3346.94921875 5373.19335938 4.6646528244
1478194920781 lifecam22 3348.81030273 5373.97607422 4.67477035522
1478194920863 lifecam22 3344.76733398 5372.87548828 4.66289377213
1478194920918 lifecam22 3347.94384766 5373.54150391 4.67086458206
1478194920983 lifecam22 3346.05664062 5372.96826172 4.66448640823
1478194921052 lifecam22 3337.89477539 5372.84130859 4.6637969017
1478194921252 lifecam22 3316.59887695 5368.03955078 4.63332414627
1478194921321 lifecam22 3309.27050781 5365.99755859 4.62080335617
1478194921388 lifecam22 3301.55810547 5364.37060547 4.60955715179
1478194921458 lifecam22 3294.12890625 5360.97753906 4.58840751648
1478194921512 lifecam22 3286.54638672 5359.69433594 4.57353496552
1478194921726 lifecam22 3262.73657227 5354.11425781 4.52901506424
1478194921794 lifecam22 3255.77661133 5353.13476562 4.51718950272
1478194921851 lifecam22 3248.55102539 5352.52148438 4.505900383
1478194921917 lifecam22 3240.66918945 5351.12353516 4.48405504227
1478194921992 lifecam22 3232.68066406 5350.88867188 4.47207593918
1478194922264 lifecam22 3202.13134766 5347.40722656 4.41382789612
1478194922332 lifecam22 3194.98461914 5346.61914062 4.40098714828
1478194922389 lifecam22 3186.63061523 5347.03271484 4.38370275497
1478194922455 lifecam22 3179.13769531 5346.73339844 4.37038469315
1478194922523 lifecam22 3171.25830078 5346.70751953 4.35439014435
1478194922720 lifecam22 3148.69042969 5347.89550781 4.3124461174
1478194922786 lifecam22 3141.17626953 5347.69091797 4.29845952988
1478194922858 lifecam22 3132.27490234 5348.48486328 4.28014326096
1478194922916 lifecam22 3123.79272461 5348.20117188 4.25642061234
1478194922990 lifecam22 3116.92919922 5349.70751953 4.25019836426
1478194923194 lifecam22 3092.77587891 5351.72119141 4.19868421555
1478194923258 lifecam22 3085.58081055 5353.25488281 4.18719673157
1478194923389 lifecam22 3071.01928711 5355.42724609 4.15928268433
1478194923457 lifecam22 3062.53857422 5357.30761719 4.14114046097
1478194923735 lifecam22 3034.19433594 5365.02636719 4.09040212631
1478194923792 lifecam22 3026.52246094 5367.53564453 4.07754182816
1478194923852 lifecam22 3017.81567383 5369.41259766 4.05382871628
1478194923925 lifecam22 3010.18554688 5372.33447266 4.04174900055
1478194923981 lifecam22 3003.22241211 5374.2734375 4.02548599243
1478194924261 lifecam22 2974.23510742 5385.7578125 3.96365618706
1478194924318 lifecam22 2968.2590332 5389.23193359 3.95414280891
1478194924380 lifecam22 2960.11279297 5391.80810547 3.9325902462
1478194924461 lifecam22 2952.62109375 5393.60302734 3.91549181938
1478194924526 lifecam22 2943.46533203 5398.02636719 3.88632845879
1478194924723 lifecam22 2924.22216797 5408.70410156 3.85014081001
1478194924803 lifecam22 2918.33569336 5412.52294922 3.84173321724
1478194924865 lifecam22 2909.97314453 5416.83203125 3.81947994232
1478194924987 lifecam22 2897.69067383 5424.61572266 3.79668450356
1478194925328 lifecam22 2864.09472656 5447.14306641 3.71166467667
1478194925399 lifecam22 2859.67578125 5451.60449219 3.70797252655
1478194925467 lifecam22 2853.79394531 5455.77783203 3.69430541992
1478194925522 lifecam22 2847.37719727 5460.44238281 3.67690849304
1478194925583 lifecam22 2841.11376953 5465.42871094 3.65816187859
1478194925843 lifecam22 2816.73388672 5485.83154297 3.60133934021
1478194925918 lifecam22 2811.16992188 5490.7734375 3.5823802948
1478194925989 lifecam22 2805.84985352 5496.12255859 3.57123565674
1478194926077 lifecam22 2800.40795898 5501.88818359 3.55489206314
1478194926403 lifecam22 2774.90820312 5530.82617188 3.48230600357
1478194926471 lifecam22 2769.81445312 5537.56689453 3.46656656265
1478194926526 lifecam22 2765.23681641 5542.64746094 3.45542812347
1478194926592 lifecam22 2759.64038086 5549.74121094 3.43531799316
1478194926662 lifecam22 2755.18701172 5555.62158203 3.41981649399
1478194927011 lifecam22 2732.81713867 5587.28320312 3.35117959976
1478194927074 lifecam22 2728.74731445 5593.92578125 3.3358259201
1478194927139 lifecam22 2725.14306641 5600.59423828 3.32075738907
1478194927181 lifecam22 2721.22363281 5607.44628906 3.30730581284
1478194927266 lifecam22 2717.63012695 5614.50097656 3.29088878632
1478194927602 lifecam22 2699.77587891 5649.27050781 3.21792221069
1478194927658 lifecam22 2697.01171875 5656.50634766 3.20257234573
1478194927729 lifecam22 2694.12426758 5663.65917969 3.18726015091
1478194927803 lifecam22 2690.61694336 5671.16357422 3.16164207458
1478194927869 lifecam22 2687.44995117 5678.87939453 3.154961586
1478194928199 lifecam22 2675.86474609 5713.03271484 3.08779597282
1478194928268 lifecam22 2677.08666992 5709.81005859 3.09665846825
1478194928319 lifecam22 2677.3605957 5710.07568359 3.09804177284
1478194928400 lifecam22 2676.49780273 5710.88818359 3.0921189785
