1478194453865 lifecam22 3353.06201172 5382.88574219 4.72572422028
1478194453933 lifecam22 3353.00390625 5382.68652344 4.72384977341
1478194453993 lifecam22 3353.02758789 5382.56640625 4.72404718399
1478194454058 lifecam22 3353.13012695 5382.66455078 4.72631168365
1478194454116 lifecam22 3352.89794922 5382.44140625 4.7215385437
1478194454459 lifecam22 3353.02758789 5382.56640625 4.72404718399
1478194454527 lifecam22 3353.04760742 5382.58544922 4.72423791885
1478194454595 lifecam22 3353.10595703 5382.78515625 4.7261133194
1478194454667 lifecam22 3353.23852539 5382.77246094 4.72599363327
1478194454731 lifecam22 3353.03125 5382.42919922 4.72142219543
1478194454996 lifecam22 3352.96459961 5382.21923828 4.72212171555
1478194455055 lifecam22 3353.04760742 5382.58544922 4.72423791885
1478194455130 lifecam22 3352.92114258 5382.32080078 4.72173452377
1478194455191 lifecam22 3352.96459961 5382.21923828 4.72212171555
1478194455260 lifecam22 3353.20458984 5382.45263672 4.72431755066
1478194455532 lifecam22 3353.10595703 5382.78515625 4.7261133194
1478194455595 lifecam22 3352.97973633 5382.52001953 4.72360801697
1478194455661 lifecam22 3353.07128906 5382.46533203 4.72443532944
1478194455730 lifecam22 3353.11816406 5382.22607422 4.72219657898
1478194455794 lifecam22 3353.04760742 5382.58544922 4.72423791885
1478194456008 lifecam22 3353.08618164 5382.76611328 4.72592353821
1478194456067 lifecam22 3353.18432617 5382.72070312 4.72416877747
1478194456127 lifecam22 3352.89794922 5382.44140625 4.7215385437
1478194456193 lifecam22 3353.0546875 5382.30859375 4.72161912918
1478194456262 lifecam22 3353.11279297 5382.50732422 4.72348928452
1478194456597 lifecam22 3353.20483398 5382.09765625 4.71828985214
1478194456662 lifecam22 3353.55395508 5381.52734375 4.71288061142
1478194456730 lifecam22 3353.50415039 5381.60888672 4.71365070343
1478194456789 lifecam22 3353.27978516 5382.76855469 4.7286233902
1478194456872 lifecam22 3353.36889648 5382.47412109 4.72184562683
1478194457214 lifecam22 3322.93310547 5374.15136719 4.68930959702
1478194457265 lifecam22 3313.98950195 5369.26953125 4.65715837479
1478194457338 lifecam22 3306.48730469 5367.16894531 4.64365243912
1478194457400 lifecam22 3297.96875 5364.4375 4.62911558151
1478194457466 lifecam22 3290.35009766 5362.02929688 4.6055765152
1478194457743 lifecam22 3259.17285156 5355.42333984 4.55050611496
1478194457804 lifecam22 3252.32495117 5354.02539062 4.53743314743
1478194457871 lifecam22 3244.59863281 5352.64892578 4.52190828323
1478194457940 lifecam22 3238.08105469 5352.04345703 4.51179599762
1478194458002 lifecam22 3230.81933594 5351.18310547 4.4993596077
1478194458252 lifecam22 3198.69042969 5346.36669922 4.43265724182
1478194458343 lifecam22 3191.2668457 5346.30566406 4.41775751114
1478194458407 lifecam22 3183.79321289 5345.55712891 4.40597391129
1478194458473 lifecam22 3176.06860352 5344.66845703 4.38802576065
1478194458537 lifecam22 3167.72705078 5344.66894531 4.37113332748
1478194458734 lifecam22 3144.8581543 5344.87402344 4.32942390442
1478194458804 lifecam22 3138.93115234 5345.33105469 4.32193088531
1478194458879 lifecam22 3130.72998047 5346.53076172 4.30967140198
1478194458944 lifecam22 3123.17163086 5346.87207031 4.29276132584
1478194459003 lifecam22 3114.12695312 5347.36181641 4.27303409576
1478194459203 lifecam22 3091.18237305 5348.78613281 4.22677564621
1478194459268 lifecam22 3084.61694336 5350.66455078 4.21965646744
1478194459341 lifecam22 3076.79418945 5352.40771484 4.20768737793
1478194459390 lifecam22 3068.74731445 5353.44384766 4.19242954254
1478194459469 lifecam22 3061.49584961 5354.72900391 4.17683887482
1478194459744 lifecam22 3032.00952148 5360.87451172 4.11776256561
1478194459809 lifecam22 3022.80957031 5362.00390625 4.09630441666
1478194459866 lifecam22 3015.31811523 5364.4140625 4.07886171341
1478194459932 lifecam22 3008.39257812 5366.65478516 4.0676317215
1478194460001 lifecam22 3000.39257812 5369.37109375 4.04957866669
1478194460070 lifecam22 2993.91064453 5371.72265625 4.03814315796
1478194460273 lifecam22 2974.49853516 5379.39892578 4.01094913483
1478194460335 lifecam22 2965.85229492 5382.48095703 3.98561358452
1478194460411 lifecam22 2957.54199219 5386.00488281 3.96457099915
1478194460472 lifecam22 2953.83227539 5387.26171875 3.97317385674
1478194460538 lifecam22 2946.48364258 5391.31103516 3.9535009861
1478194460879 lifecam22 2908.0 5408.06591797 3.85026192665
1478194460995 lifecam22 2894.36254883 5415.89794922 3.82295084
1478194461084 lifecam22 2886.78295898 5419.79394531 3.80348181725
1478194461128 lifecam22 2880.47631836 5423.87060547 3.79158711433
1478194461409 lifecam22 2855.68139648 5441.67431641 3.73731231689
1478194461478 lifecam22 2849.91992188 5445.24707031 3.72676706314
1478194461541 lifecam22 2843.74633789 5450.57861328 3.70887684822
1478194461614 lifecam22 2837.24291992 5455.12451172 3.69554853439
1478194462024 lifecam22 2801.81640625 5485.10644531 3.6035323143
1478194462081 lifecam22 2797.6730957 5489.99755859 3.59834384918
1478194462150 lifecam22 2789.32226562 5495.40185547 3.57545900345
1478194462212 lifecam22 2784.92407227 5501.37060547 3.55977249146
1478194462283 lifecam22 2779.11621094 5507.47558594 3.54036855698
1478194462558 lifecam22 2759.73876953 5530.59716797 3.48990440369
1478194462617 lifecam22 2754.74389648 5535.76708984 3.47506904602
1478194462665 lifecam22 2749.60449219 5541.85058594 3.46147012711
1478194462743 lifecam22 2744.76660156 5548.49462891 3.44512224197
1478194462811 lifecam22 2739.1328125 5555.1796875 3.42628145218
1478194462870 lifecam22 2735.75756836 5560.23095703 3.42006063461
1478194463075 lifecam22 2720.83911133 5579.97460938 3.366710186
1478194463140 lifecam22 2717.00585938 5586.28857422 3.35539293289
1478194463208 lifecam22 2712.24291992 5592.61132812 3.33493423462
1478194463269 lifecam22 2709.58618164 5599.0 3.32370376587
1478194463335 lifecam22 2704.59277344 5606.49072266 3.30593681335
1478194463670 lifecam22 2686.953125 5641.21386719 3.2340593338
1478194463748 lifecam22 2684.25 5647.53857422 3.22127485275
1478194463815 lifecam22 2680.97167969 5654.94726562 3.21048069
1478194463882 lifecam22 2677.02612305 5661.97851562 3.18908929825
