1478194266831 lifecam22 3346.42749023 5373.84521484 4.67397260666
1478194267098 lifecam22 3345.24145508 5373.38574219 4.66909217834
1478194267168 lifecam22 3345.21044922 5373.24072266 4.66771793365
1478194267237 lifecam22 3345.21044922 5373.24072266 4.66771793365
1478194267302 lifecam22 3345.36987305 5373.52197266 4.66904640198
1478194267373 lifecam22 3345.22241211 5373.67822266 4.66790103912
1478194267698 lifecam22 3345.04077148 5373.37744141 4.66638612747
1478194267767 lifecam22 3345.28198242 5373.44140625 4.66829109192
1478194267834 lifecam22 3345.35961914 5373.93896484 4.66903877258
1478194267908 lifecam22 3345.22241211 5373.67822266 4.66790103912
1478194267966 lifecam22 3345.04077148 5373.37744141 4.66638612747
1478194268178 lifecam22 3345.46289062 5373.74267578 4.66980695724
1478194268236 lifecam22 3345.20043945 5373.65820312 4.66771364212
1478194268307 lifecam22 3345.28198242 5373.44140625 4.66829109192
1478194268377 lifecam22 3345.3125 5373.58642578 4.66966629028
1478194268440 lifecam22 3345.25292969 5373.82373047 4.66927909851
1478194268649 lifecam22 3345.04077148 5373.37744141 4.66638612747
1478194268717 lifecam22 3345.04077148 5373.37744141 4.66638612747
1478194268766 lifecam22 3344.96899414 5373.17724609 4.6658115387
1478194268831 lifecam22 3345.15063477 5373.47753906 4.66732740402
1478194268907 lifecam22 3344.96899414 5373.17724609 4.6658115387
1478194269171 lifecam22 3345.28198242 5373.44140625 4.66829109192
1478194269253 lifecam22 3345.04077148 5373.37744141 4.66638612747
1478194269295 lifecam22 3345.12890625 5373.45751953 4.66713905334
1478194269382 lifecam22 3345.2109375 5373.40185547 4.66668510437
1478194269449 lifecam22 3345.50634766 5373.53955078 4.66815137863
1478194269648 lifecam22 3345.50634766 5373.53955078 4.66815137863
1478194269693 lifecam22 3345.51708984 5373.65625 4.66905355453
1478194269774 lifecam22 3345.74902344 5373.60546875 4.67007255554
1478194269852 lifecam22 3346.54956055 5374.67138672 4.67248344421
1478194269905 lifecam22 3345.96142578 5375.54248047 4.67511034012
1478194270250 lifecam22 3345.97509766 5374.60302734 4.67402076721
1478194270308 lifecam22 3348.93041992 5374.05517578 4.67724084854
1478194270367 lifecam22 3343.11376953 5375.03125 4.68204545975
1478194270451 lifecam22 3330.45068359 5372.01367188 4.66122436523
1478194270511 lifecam22 3324.02026367 5368.26464844 4.63575935364
1478194270794 lifecam22 3294.84448242 5361.64697266 4.58787441254
1478194270843 lifecam22 3286.81347656 5359.64306641 4.56959438324
1478194270902 lifecam22 3279.80322266 5358.12451172 4.55525875092
1478194270977 lifecam22 3271.50219727 5356.41210938 4.54137134552
1478194271051 lifecam22 3263.21533203 5354.73974609 4.52347993851
1478194271452 lifecam22 3217.22802734 5349.0234375 4.43670463562
1478194271508 lifecam22 3209.18823242 5348.59863281 4.41835069656
1478194271579 lifecam22 3200.98754883 5347.50927734 4.40335273743
1478194271638 lifecam22 3193.62548828 5347.75976562 4.39136552811
1478194271710 lifecam22 3186.60058594 5346.59912109 4.37695932388
1478194272047 lifecam22 3148.42211914 5347.41943359 4.30334949493
1478194272116 lifecam22 3140.09863281 5347.66503906 4.28750181198
1478194272175 lifecam22 3131.96386719 5347.90087891 4.26753330231
1478194272241 lifecam22 3125.97045898 5349.18994141 4.26266479492
1478194272322 lifecam22 3115.93310547 5349.54101562 4.2424030304
1478194272584 lifecam22 3086.75756836 5354.77929688 4.18723249435
1478194272647 lifecam22 3079.00952148 5355.63427734 4.1677532196
1478194272717 lifecam22 3071.05297852 5357.63720703 4.15278100967
1478194272785 lifecam22 3062.94091797 5358.73681641 4.13764429092
1478194272851 lifecam22 3056.38867188 5360.94335938 4.12804698944
1478194273187 lifecam22 3018.08203125 5371.44335938 4.04716300964
1478194273243 lifecam22 3010.40673828 5373.65673828 4.02895545959
1478194273318 lifecam22 3004.0690918 5375.68603516 4.02333021164
1478194273384 lifecam22 2994.77563477 5378.68701172 3.99781250954
1478194273448 lifecam22 2988.84326172 5380.64160156 3.98786139488
1478194273515 lifecam22 2981.42236328 5383.48486328 3.97873854637
1478194273784 lifecam22 2953.03173828 5396.59082031 3.90986561775
1478194273848 lifecam22 2946.67285156 5401.21142578 3.90430665016
1478194273915 lifecam22 2939.48022461 5403.99707031 3.88169026375
1478194273984 lifecam22 2932.21166992 5407.21435547 3.86475968361
1478194274055 lifecam22 2925.83520508 5410.84912109 3.85262060165
1478194274383 lifecam22 2893.0378418 5430.22119141 3.77875995636
1478194274517 lifecam22 2878.14477539 5439.63134766 3.73932623863
1478194274650 lifecam22 2866.84545898 5448.31982422 3.71489572525
1478194274922 lifecam22 2841.19018555 5468.12353516 3.64782238007
1478194274990 lifecam22 2835.26733398 5473.60839844 3.63445186615
1478194275054 lifecam22 2829.74462891 5478.21826172 3.62158250809
1478194275114 lifecam22 2824.04931641 5483.98144531 3.60809755325
1478194275191 lifecam22 2818.01147461 5487.59570312 3.5973315239
1478194275515 lifecam22 2792.26538086 5516.19628906 3.52980184555
1478194275584 lifecam22 2787.35791016 5521.27832031 3.51396894455
1478194275638 lifecam22 2782.03027344 5527.62597656 3.49486732483
1478194275708 lifecam22 2775.98291016 5533.75830078 3.47762203217
1478194275980 lifecam22 2757.67871094 5557.90185547 3.42433404922
1478194276053 lifecam22 2751.91186523 5564.38232422 3.40295410156
1478194276118 lifecam22 2748.23706055 5571.17578125 3.38744497299
1478194276188 lifecam22 2743.88598633 5577.39697266 3.37735033035
1478194276253 lifecam22 2739.78857422 5583.61962891 3.36257743835
1478194276452 lifecam22 2727.76953125 5604.421875 3.31523275375
1478194276514 lifecam22 2723.25585938 5610.8828125 3.29932355881
1478194276585 lifecam22 2720.15405273 5617.4921875 3.28892803192
1478194276654 lifecam22 2715.34838867 5624.38818359 3.26850175858
1478194276715 lifecam22 2711.82983398 5631.29150391 3.2550034523
1478194276985 lifecam22 2696.55957031 5660.78173828 3.18217468262
1478194277041 lifecam22 2695.96630859 5666.03173828 3.18673753738
1478194277117 lifecam22 2692.73217773 5673.02490234 3.16613674164
