1478195127508 lifecam22 3347.0534668 5377.81396484 4.67600774765
1478195127582 lifecam22 3346.58251953 5377.24902344 4.67196369171
1478195127640 lifecam22 3346.88305664 5377.50585938 4.67328453064
1478195127920 lifecam22 3346.37475586 5378.01074219 4.67402458191
1478195127973 lifecam22 3346.60546875 5377.98486328 4.67501592636
1478195128046 lifecam22 3345.87426758 5377.3046875 4.66983127594
1478195128105 lifecam22 3346.21435547 5377.78808594 4.67156887054
1478195128182 lifecam22 3345.96240234 5377.41992188 4.66947460175
1478195128452 lifecam22 3345.87426758 5377.3046875 4.66983127594
1478195128496 lifecam22 3346.01391602 5377.29882812 4.66983270645
1478195128575 lifecam22 3346.89404297 5377.82275391 4.67387151718
1478195128636 lifecam22 3346.78881836 5377.84619141 4.67234277725
1478195128716 lifecam22 3347.06054688 5377.95947266 4.67351293564
1478195128987 lifecam22 3347.03417969 5377.50634766 4.67215204239
1478195129042 lifecam22 3346.8840332 5377.49902344 4.67082166672
1478195129111 lifecam22 3350.35180664 5379.93457031 4.68674755096
1478195129174 lifecam22 3348.69238281 5378.99853516 4.67877721786
1478195129246 lifecam22 3347.234375 5378.82568359 4.67518806458
1478195129446 lifecam22 3347.04516602 5377.78564453 4.67215061188
1478195129512 lifecam22 3347.38354492 5378.49755859 4.67627954483
1478195129578 lifecam22 3346.46557617 5377.05029297 4.66604137421
1478195129643 lifecam22 3343.24389648 5379.17431641 4.68569326401
1478195129711 lifecam22 3331.41137695 5375.703125 4.66088056564
1478195130045 lifecam22 3295.30273438 5365.52783203 4.58894443512
1478195130114 lifecam22 3287.10424805 5363.67871094 4.57155275345
1478195130180 lifecam22 3279.46777344 5361.20117188 4.54982089996
1478195130246 lifecam22 3271.62524414 5359.56103516 4.53623580933
1478195130311 lifecam22 3263.92700195 5358.35302734 4.52139139175
1478195130580 lifecam22 3233.45141602 5354.57470703 4.4648270607
1478195130648 lifecam22 3225.03295898 5353.18310547 4.4467921257
1478195130710 lifecam22 3217.99707031 5352.95214844 4.43439817429
1478195130786 lifecam22 3209.64868164 5351.77050781 4.41764783859
1478195130843 lifecam22 3201.42578125 5351.09814453 4.40151977539
1478195131185 lifecam22 3164.04248047 5351.18310547 4.33504724503
1478195131247 lifecam22 3156.56079102 5350.68847656 4.31861448288
1478195131312 lifecam22 3148.39575195 5350.8671875 4.30031585693
1478195131379 lifecam22 3140.21850586 5351.54589844 4.28197145462
1478195131452 lifecam22 3132.55029297 5351.53222656 4.26646757126
1478195131711 lifecam22 3101.80249023 5355.47851562 4.20777702332
1478195131791 lifecam22 3095.50366211 5357.29833984 4.2013001442
1478195131844 lifecam22 3086.45703125 5358.26171875 4.18265533447
1478195131914 lifecam22 3081.00048828 5359.8359375 4.17411613464
1478195131983 lifecam22 3072.62451172 5361.35742188 4.15764427185
1478195132246 lifecam22 3041.53735352 5368.24072266 4.09136152267
1478195132325 lifecam22 3034.09399414 5370.85302734 4.08228969574
1478195132372 lifecam22 3026.2421875 5372.5859375 4.05974531174
1478195132445 lifecam22 3019.11791992 5375.26757812 4.05240869522
1478195132518 lifecam22 3012.1784668 5377.18798828 4.03966856003
1478195132788 lifecam22 2982.41162109 5388.08837891 3.97326779366
1478195132843 lifecam22 2976.21240234 5390.75537109 3.9613339901
1478195132922 lifecam22 2971.71850586 5394.62353516 3.96246337891
1478195132984 lifecam22 2959.64550781 5398.37792969 3.91914820671
1478195133041 lifecam22 2955.21337891 5401.67724609 3.9144923687
1478195133328 lifecam22 2927.48657227 5414.72314453 3.85708069801
1478195133373 lifecam22 2920.63769531 5418.93652344 3.84387993813
1478195133449 lifecam22 2913.16723633 5422.74609375 3.82110476494
1478195133522 lifecam22 2906.15917969 5426.29199219 3.80826425552
1478195133589 lifecam22 2899.91699219 5430.46923828 3.79201769829
1478195133863 lifecam22 2873.66137695 5447.99853516 3.73159599304
1478195133922 lifecam22 2867.48974609 5452.17626953 3.71407079697
1478195133996 lifecam22 2861.34814453 5456.52636719 3.69860816002
1478195134118 lifecam22 2850.21386719 5466.39404297 3.67553496361
1478195134390 lifecam22 2825.83056641 5486.59667969 3.62032747269
1478195134448 lifecam22 2821.11523438 5491.16113281 3.60520744324
1478195134523 lifecam22 2814.46337891 5497.01025391 3.58609247208
1478195134592 lifecam22 2810.25830078 5502.28564453 3.57673215866
1478195134644 lifecam22 2805.69384766 5507.21337891 3.56634569168
1478195134925 lifecam22 2783.69433594 5530.30175781 3.50631427765
1478195134982 lifecam22 2778.25683594 5536.40429688 3.48702001572
1478195135045 lifecam22 2773.61767578 5541.93652344 3.476978302
1478195135117 lifecam22 2767.83764648 5548.45654297 3.45527362823
1478195135185 lifecam22 2763.75683594 5553.81933594 3.44343805313
1478195135456 lifecam22 2744.96630859 5580.38867188 3.37870645523
1478195135512 lifecam22 2742.09130859 5586.22119141 3.37132024765
1478195135587 lifecam22 2737.1171875 5592.82275391 3.35524272919
1478195135642 lifecam22 2732.76074219 5599.37304688 3.3386631012
1478195135713 lifecam22 2728.15551758 5606.27685547 3.32331943512
1478195135932 lifecam22 2717.23974609 5626.74609375 3.28142261505
1478195135988 lifecam22 2712.8215332 5633.296875 3.26322507858
1478195136052 lifecam22 2709.02954102 5640.13183594 3.24705791473
1478195136124 lifecam22 2705.33691406 5647.97021484 3.22728061676
