1478194351709 lifecam22 3348.38842773 5378.74365234 4.68893003464
1478194351768 lifecam22 3348.22998047 5378.97753906 4.68869972229
1478194351835 lifecam22 3348.40551758 5379.00292969 4.68897771835
1478194351905 lifecam22 3349.32250977 5379.08251953 4.69110393524
1478194351974 lifecam22 3349.109375 5379.53808594 4.69149446487
1478194352309 lifecam22 3349.27001953 5379.55419922 4.69168567657
1478194352382 lifecam22 3350.2121582 5380.32421875 4.6976518631
1478194352432 lifecam22 3349.33374023 5379.32177734 4.69112205505
1478194352511 lifecam22 3349.11743164 5379.15771484 4.69036340714
1478194352579 lifecam22 3350.09057617 5379.93212891 4.69536066055
1478194352838 lifecam22 3350.38330078 5380.41992188 4.69873762131
1478194352900 lifecam22 3349.44018555 5379.05712891 4.69090270996
1478194352976 lifecam22 3349.58105469 5379.30957031 4.69086074829
1478194353047 lifecam22 3350.07714844 5379.92431641 4.69528627396
1478194353114 lifecam22 3351.03515625 5379.59863281 4.69389677048
1478194353442 lifecam22 3352.00634766 5380.40039062 4.70011234283
1478194353499 lifecam22 3352.1328125 5380.38916016 4.70003604889
1478194353632 lifecam22 3352.28222656 5380.80371094 4.7025976181
1478194353710 lifecam22 3352.1328125 5380.38916016 4.70003604889
1478194353970 lifecam22 3346.07910156 5376.65185547 4.6714758873
1478194354040 lifecam22 3337.72021484 5376.52587891 4.66969966888
1478194354179 lifecam22 3323.5534668 5370.96191406 4.6372718811
1478194354250 lifecam22 3315.49707031 5368.82666016 4.62150382996
1478194354580 lifecam22 3277.01782227 5358.03076172 4.53947210312
1478194354644 lifecam22 3269.27905273 5357.37207031 4.52756261826
1478194354708 lifecam22 3260.74609375 5355.68994141 4.50819015503
1478194354777 lifecam22 3253.76635742 5354.85205078 4.49681663513
1478194354846 lifecam22 3245.98046875 5353.94189453 4.48147678375
1478194355180 lifecam22 3207.87841797 5349.90625 4.41215467453
1478194355247 lifecam22 3200.26147461 5349.61523438 4.3981256485
1478194355309 lifecam22 3193.04760742 5349.47265625 4.38242578506
1478194355386 lifecam22 3184.39941406 5349.21435547 4.36679935455
1478194355445 lifecam22 3176.95068359 5349.05029297 4.3495850563
1478194355768 lifecam22 3136.94799805 5349.01904297 4.26864385605
1478194355838 lifecam22 3131.48364258 5351.3828125 4.26641750336
1478194355910 lifecam22 3123.12841797 5351.45849609 4.2479801178
1478194355988 lifecam22 3116.83618164 5353.640625 4.23956346512
1478194356045 lifecam22 3108.65478516 5353.97509766 4.22509908676
1478194356379 lifecam22 3069.57788086 5360.22900391 4.14498519897
1478194356442 lifecam22 3061.85961914 5362.73828125 4.13170576096
1478194356510 lifecam22 3055.359375 5365.19482422 4.12235784531
1478194356576 lifecam22 3046.55053711 5366.35400391 4.10149526596
1478194356647 lifecam22 3039.515625 5368.33300781 4.08608341217
1478194356925 lifecam22 3009.86743164 5376.99804688 4.02703142166
1478194356984 lifecam22 3002.96777344 5379.70019531 4.01766586304
1478194357050 lifecam22 2996.02075195 5382.37646484 3.99973988533
1478194357113 lifecam22 2988.02441406 5385.84228516 3.9854581356
1478194357174 lifecam22 2981.51318359 5388.75830078 3.97370171547
1478194357517 lifecam22 2944.78198242 5404.41992188 3.88523364067
1478194357576 lifecam22 2939.3737793 5407.78466797 3.87824559212
1478194357653 lifecam22 2930.859375 5412.078125 3.85902476311
1478194357707 lifecam22 2925.37548828 5415.98535156 3.84908366203
1478194357776 lifecam22 2918.39770508 5418.80419922 3.83262848854
1478194358057 lifecam22 2891.11914062 5435.67773438 3.76420855522
1478194358171 lifecam22 2877.72045898 5444.6875 3.73414826393
1478194358257 lifecam22 2872.3984375 5448.81787109 3.72401332855
1478194358312 lifecam22 2865.36376953 5454.06738281 3.70578169823
1478194358586 lifecam22 2841.35449219 5474.16992188 3.6492421627
1478194358710 lifecam22 2830.73242188 5483.26074219 3.62379217148
1478194358782 lifecam22 2824.14672852 5489.32275391 3.60274028778
1478194358837 lifecam22 2819.05834961 5494.62451172 3.59191560745
1478194359103 lifecam22 2796.61157227 5515.96630859 3.52795982361
1478194359181 lifecam22 2790.89599609 5522.27978516 3.51483345032
1478194359258 lifecam22 2786.42163086 5526.93408203 3.50132131577
1478194359312 lifecam22 2780.58496094 5533.29785156 3.48323917389
1478194359390 lifecam22 2776.84082031 5539.01367188 3.47195577621
1478194359589 lifecam22 2763.12939453 5557.25927734 3.43392467499
1478194359646 lifecam22 2758.5690918 5563.94970703 3.41815376282
1478194359699 lifecam22 2755.06176758 5569.68701172 3.40853452682
1478194359782 lifecam22 2748.12548828 5577.80761719 3.38042783737
1478194359853 lifecam22 2744.12573242 5583.95117188 3.36633729935
1478194360185 lifecam22 2723.20678711 5616.7578125 3.2922205925
1478194360242 lifecam22 2719.2277832 5624.05712891 3.27182149887
1478194360320 lifecam22 2715.31591797 5630.41503906 3.26393556595
1478194360382 lifecam22 2712.17333984 5637.66455078 3.24813699722
1478194360456 lifecam22 2708.61669922 5644.39599609 3.23175477982
