1478194703906 lifecam22 3352.94750977 5381.97558594 4.71588039398
1478194703993 lifecam22 3353.04174805 5381.93359375 4.71548843384
1478194704048 lifecam22 3353.04174805 5381.93359375 4.71548843384
1478194704112 lifecam22 3353.02294922 5381.7890625 4.71413373947
1478194704384 lifecam22 3352.92456055 5381.95507812 4.71568727493
1478194704454 lifecam22 3352.81323242 5381.84472656 4.71338796616
1478194704512 lifecam22 3353.02294922 5381.7890625 4.71413373947
1478194704576 lifecam22 3353.02294922 5381.7890625 4.71413373947
1478194704648 lifecam22 3352.94750977 5381.97558594 4.71588039398
1478194704985 lifecam22 3353.02294922 5381.7890625 4.71413373947
1478194705061 lifecam22 3352.9284668 5381.83105469 4.7145242691
1478194705121 lifecam22 3353.04174805 5381.93359375 4.71548843384
1478194705173 lifecam22 3352.94750977 5381.97558594 4.71588039398
1478194705251 lifecam22 3353.04174805 5381.93359375 4.71548843384
1478194705523 lifecam22 3352.94750977 5381.97558594 4.71588039398
1478194705594 lifecam22 3353.04174805 5381.93359375 4.71548843384
1478194705654 lifecam22 3353.04174805 5381.93359375 4.71548843384
1478194705720 lifecam22 3353.02294922 5381.7890625 4.71413373947
1478194705788 lifecam22 3352.94750977 5381.97558594 4.71588039398
1478194706121 lifecam22 3353.16796875 5381.92431641 4.71540880203
1478194706190 lifecam22 3353.04174805 5381.93359375 4.71548843384
1478194706252 lifecam22 3353.04174805 5381.93359375 4.71548843384
1478194706323 lifecam22 3352.81323242 5381.84472656 4.71338796616
1478194706387 lifecam22 3352.69921875 5381.74169922 4.71242237091
1478194706654 lifecam22 3352.79321289 5381.69921875 4.7120308876
1478194706730 lifecam22 3352.79321289 5381.69921875 4.7120308876
1478194706795 lifecam22 3353.04174805 5381.93359375 4.71548843384
1478194706859 lifecam22 3353.07373047 5381.96679688 4.71580123901
1478194706932 lifecam22 3353.14892578 5381.77978516 4.71405315399
1478194707198 lifecam22 3353.16796875 5381.92431641 4.71540880203
1478194707248 lifecam22 3354.29711914 5381.79199219 4.71181154251
1478194707335 lifecam22 3354.29711914 5381.79199219 4.71181154251
1478194707400 lifecam22 3353.55395508 5381.52734375 4.71288061142
1478194707458 lifecam22 3353.53759766 5381.50830078 4.71151781082
1478194707719 lifecam22 3353.09179688 5381.33935547 4.70749616623
1478194707785 lifecam22 3352.79663086 5381.3125 4.70598554611
1478194707849 lifecam22 3353.06713867 5381.31396484 4.70846414566
1478194707933 lifecam22 3353.06713867 5381.31396484 4.70846414566
1478194707992 lifecam22 3353.53759766 5381.50830078 4.71151781082
1478194708265 lifecam22 3329.36181641 5375.20019531 4.68549442291
1478194708333 lifecam22 3321.89111328 5372.92675781 4.67065954208
1478194708382 lifecam22 3314.24414062 5370.49072266 4.65170240402
1478194708464 lifecam22 3306.56958008 5367.37207031 4.63362360001
1478194708524 lifecam22 3299.19775391 5364.87011719 4.61760997772
1478194708794 lifecam22 3268.86206055 5356.98144531 4.55784654617
1478194708858 lifecam22 3260.5612793 5355.22412109 4.53841638565
1478194708914 lifecam22 3252.43383789 5353.83691406 4.52126502991
1478194708990 lifecam22 3246.09838867 5352.93896484 4.51419353485
1478194709060 lifecam22 3238.50854492 5352.13818359 4.50163078308
1478194709326 lifecam22 3207.57910156 5348.65429688 4.44403839111
1478194709381 lifecam22 3199.63476562 5348.00390625 4.42768955231
1478194709462 lifecam22 3192.45019531 5348.06835938 4.41473531723
1478194709526 lifecam22 3184.3918457 5347.44238281 4.40049934387
1478194709601 lifecam22 3177.30834961 5347.58251953 4.38789463043
1478194709864 lifecam22 3146.15332031 5347.0625 4.32626438141
1478194709928 lifecam22 3138.44458008 5347.12011719 4.31217718124
1478194709986 lifecam22 3130.16699219 5347.2109375 4.29152011871
1478194710062 lifecam22 3120.81958008 5347.44726562 4.27397155762
1478194710133 lifecam22 3114.8347168 5349.03271484 4.26273393631
1478194710403 lifecam22 3084.96289062 5353.53125 4.21477937698
1478194710467 lifecam22 3076.64428711 5354.93505859 4.19692134857
1478194710533 lifecam22 3068.82250977 5355.54882812 4.17699670792
1478194710596 lifecam22 3061.26098633 5356.99902344 4.16360712051
1478194710661 lifecam22 3054.30175781 5358.60791016 4.15436601639
1478194710878 lifecam22 3031.19995117 5364.01513672 4.10551261902
1478194710920 lifecam22 3023.01391602 5365.61425781 4.0890007019
1478194710987 lifecam22 3016.52807617 5368.14941406 4.07619667053
1478194711058 lifecam22 3008.19384766 5369.37744141 4.05755567551
1478194711126 lifecam22 3002.6796875 5372.28271484 4.04901218414
1478194711401 lifecam22 2971.35375977 5383.06542969 3.98167586327
1478194711466 lifecam22 2966.47753906 5385.69677734 3.9741756916
1478194711531 lifecam22 2961.08007812 5387.93261719 3.97222685814
1478194711602 lifecam22 2949.87768555 5391.83837891 3.93728804588
1478194711656 lifecam22 2945.36816406 5395.42871094 3.93633198738
1478194711935 lifecam22 2915.40380859 5408.48779297 3.86213231087
1478194712008 lifecam22 2908.94458008 5412.85400391 3.84608912468
1478194712070 lifecam22 2901.90258789 5416.52197266 3.83161115646
1478194712142 lifecam22 2895.16381836 5420.7109375 3.8164536953
1478194712189 lifecam22 2888.09228516 5424.18896484 3.80009698868
1478194712471 lifecam22 2863.32250977 5441.18017578 3.7469162941
1478194712536 lifecam22 2856.85546875 5445.35839844 3.72783064842
1478194712606 lifecam22 2851.96899414 5450.31298828 3.71925330162
1478194712671 lifecam22 2844.35180664 5455.31787109 3.69979810715
1478194712728 lifecam22 2839.2109375 5460.59960938 3.68990683556
1478194713056 lifecam22 2809.63696289 5484.95751953 3.61733198166
1478194713137 lifecam22 2804.30712891 5489.73486328 3.60404014587
1478194713201 lifecam22 2798.44042969 5495.58007812 3.58666801453
1478194713268 lifecam22 2792.86425781 5500.67285156 3.57118606567
1478194713523 lifecam22 2771.15136719 5523.38037109 3.50901460648
1478194713595 lifecam22 2765.88232422 5528.92919922 3.49341440201
1478194713659 lifecam22 2760.53881836 5534.59130859 3.47624158859
1478194713740 lifecam22 2755.55224609 5540.75341797 3.46355676651
1478194713799 lifecam22 2752.16552734 5546.26025391 3.45376014709
1478194714068 lifecam22 2732.80175781 5571.95703125 3.39480733871
1478194714137 lifecam22 2727.86645508 5578.27880859 3.37908029556
1478194714198 lifecam22 2724.70947266 5584.5234375 3.36732339859
1478194714271 lifecam22 2719.54516602 5591.29785156 3.34797382355
1478194714332 lifecam22 2716.68212891 5597.43505859 3.3378944397
1478194714398 lifecam22 2713.31176758 5604.51513672 3.3264837265
1478194714607 lifecam22 2701.65917969 5623.91503906 3.28212451935
1478194714677 lifecam22 2697.96459961 5631.18310547 3.26397609711
1478194714738 lifecam22 2693.86035156 5638.64306641 3.24485492706
1478194714806 lifecam22 2690.35595703 5645.87353516 3.2313117981
1478194714862 lifecam22 2687.08374023 5651.94335938 3.22225952148
