1478194628607 lifecam22 3351.76635742 5374.06982422 4.69791269302
1478194628667 lifecam22 3351.63916016 5373.95751953 4.6956076622
1478194628742 lifecam22 3351.47753906 5374.08154297 4.69541692734
1478194628792 lifecam22 3351.4765625 5374.06738281 4.69656896591
1478194628857 lifecam22 3351.45605469 5374.06005859 4.69522333145
1478194629067 lifecam22 3351.47753906 5374.08154297 4.69541692734
1478194629124 lifecam22 3351.65185547 5374.22558594 4.69697618484
1478194629206 lifecam22 3351.59765625 5374.05664062 4.69523668289
1478194629255 lifecam22 3351.52490234 5374.24023438 4.69583940506
1478194629335 lifecam22 3351.59765625 5374.05664062 4.69523668289
1478194629662 lifecam22 3351.59765625 5374.05664062 4.69523668289
1478194629728 lifecam22 3351.53466797 5374.13476562 4.69467496872
1478194629799 lifecam22 3351.57788086 5374.17675781 4.69505929947
1478194629865 lifecam22 3351.85449219 5374.00341797 4.69753932953
1478194629928 lifecam22 3351.57397461 5374.15087891 4.69736909866
1478194630218 lifecam22 3351.63916016 5373.95751953 4.6956076622
1478194630271 lifecam22 3350.93676758 5374.43457031 4.68934297562
1478194630333 lifecam22 3351.671875 5374.10546875 4.69715547562
1478194630407 lifecam22 3350.54663086 5374.51123047 4.68587684631
1478194630474 lifecam22 3350.6784668 5374.48242188 4.68704605103
1478194630735 lifecam22 3351.63916016 5373.95751953 4.6956076622
1478194630800 lifecam22 3351.49755859 5373.9609375 4.69559431076
1478194630858 lifecam22 3351.35253906 5373.97607422 4.69426250458
1478194630937 lifecam22 3338.23193359 5372.24414062 4.67846822739
1478194631003 lifecam22 3330.83691406 5371.78271484 4.67400598526
1478194631283 lifecam22 3302.41625977 5360.93505859 4.60509824753
1478194631330 lifecam22 3294.35791016 5358.77978516 4.58892154694
1478194631399 lifecam22 3287.86376953 5358.25878906 4.58043050766
1478194631476 lifecam22 3280.15917969 5356.07128906 4.56531953812
1478194631547 lifecam22 3271.80102539 5354.12158203 4.5453209877
1478194631797 lifecam22 3240.53613281 5347.55517578 4.4802312851
1478194631867 lifecam22 3233.09130859 5347.34667969 4.46690225601
1478194631931 lifecam22 3225.20800781 5346.00878906 4.45118951797
1478194632005 lifecam22 3217.44140625 5344.85791016 4.43470048904
1478194632074 lifecam22 3210.40649414 5345.19824219 4.42975568771
1478194632341 lifecam22 3180.49731445 5344.12695312 4.37144756317
1478194632411 lifecam22 3172.19628906 5343.85205078 4.35685825348
1478194632466 lifecam22 3165.47460938 5344.33496094 4.34732437134
1478194632527 lifecam22 3155.83544922 5343.89648438 4.32961893082
1478194632599 lifecam22 3149.42089844 5344.46923828 4.3118314743
1478194632819 lifecam22 3127.10205078 5346.78759766 4.27522468567
1478194632868 lifecam22 3118.35498047 5347.05224609 4.25467300415
1478194632936 lifecam22 3110.87939453 5348.30615234 4.24060630798
1478194633007 lifecam22 3102.73144531 5348.51074219 4.22353076935
1478194633074 lifecam22 3095.93579102 5349.55371094 4.20870065689
1478194633413 lifecam22 3056.82226562 5357.66015625 4.13457345963
1478194633472 lifecam22 3048.78051758 5359.38916016 4.11910200119
1478194633541 lifecam22 3041.31542969 5360.54101562 4.09951496124
1478194633606 lifecam22 3034.14501953 5365.60205078 4.10847997665
1478194633675 lifecam22 3026.75439453 5364.56933594 4.07530546188
1478194634004 lifecam22 2991.55834961 5376.40087891 4.00710582733
1478194634079 lifecam22 2985.85205078 5378.79443359 3.99993443489
1478194634140 lifecam22 2977.00244141 5382.58154297 3.97360920906
1478194634206 lifecam22 2969.13354492 5383.85400391 3.9614841938
1478194634278 lifecam22 2962.70507812 5388.04345703 3.95207118988
1478194634550 lifecam22 2933.35571289 5401.23339844 3.8783352375
1478194634597 lifecam22 2927.88378906 5405.11279297 3.86958956718
1478194634682 lifecam22 2919.4128418 5409.24853516 3.84904098511
1478194634729 lifecam22 2912.70825195 5413.25244141 3.83411169052
1478194634812 lifecam22 2906.60668945 5416.17138672 3.81584310532
1478194635080 lifecam22 2880.94799805 5433.76611328 3.76166152954
1478194635147 lifecam22 2875.51757812 5437.50195312 3.75295042992
1478194635212 lifecam22 2868.3449707 5442.76708984 3.73380756378
1478194635277 lifecam22 2862.46972656 5446.43017578 3.71969676018
1478194635544 lifecam22 2836.0 5466.36816406 3.65478181839
1478194635668 lifecam22 2825.10791016 5476.03808594 3.6278719902
1478194635825 lifecam22 2814.95751953 5486.97900391 3.60020160675
1478194635874 lifecam22 2809.87084961 5491.65185547 3.58829689026
1478194636016 lifecam22 2798.17626953 5502.7109375 3.55864906311
1478194636066 lifecam22 2791.43139648 5508.96191406 3.53759479523
1478194636153 lifecam22 2786.80151367 5514.71875 3.52571344376
1478194636213 lifecam22 2781.52563477 5520.10595703 3.51112270355
1478194636277 lifecam22 2775.3425293 5525.99072266 3.49130439758
1478194636546 lifecam22 2757.25024414 5549.97900391 3.43811702728
1478194636610 lifecam22 2751.95996094 5555.02050781 3.41944265366
1478194636683 lifecam22 2748.765625 5561.83740234 3.41266298294
1478194636807 lifecam22 2739.15087891 5574.51416016 3.37790155411
1478194636875 lifecam22 2735.19287109 5581.0703125 3.36663484573
1478194637080 lifecam22 2721.27661133 5601.42285156 3.31700563431
1478194637144 lifecam22 2718.77416992 5608.19335938 3.30634069443
1478194637217 lifecam22 2713.26879883 5615.09082031 3.28345584869
1478194637283 lifecam22 2710.84765625 5621.86914062 3.27712583542
1478194637353 lifecam22 2706.65844727 5628.81542969 3.26145029068
1478194637566 lifecam22 2698.24389648 5648.82080078 3.21966171265
1478194637608 lifecam22 2694.70898438 5656.23193359 3.20511484146
1478194637671 lifecam22 2691.27783203 5663.55029297 3.18826055527
1478194637735 lifecam22 2687.61010742 5671.00048828 3.16784620285
1478194637815 lifecam22 2684.12280273 5679.75878906 3.14671754837
1478194638086 lifecam22 2677.3527832 5705.13330078 3.11113572121
