1478191999490 lifecam22 3340.44116211 5378.68017578 4.69495201111
1478191999552 lifecam22 3339.28173828 5376.54003906 4.68708372116
1478191999759 lifecam22 3337.97631836 5377.25830078 4.67647647858
1478191999818 lifecam22 3337.31640625 5377.27148438 4.67107486725
1478191999891 lifecam22 3337.51953125 5376.83496094 4.6723151207
1478191999955 lifecam22 3338.15698242 5376.25195312 4.67724323273
1478192000015 lifecam22 3338.6862793 5376.74414062 4.68210220337
1478192000298 lifecam22 3340.22827148 5378.07470703 4.68539524078
1478192000355 lifecam22 3339.19140625 5376.55957031 4.68450641632
1478192000427 lifecam22 3337.74975586 5377.7265625 4.67688941956
1478192000497 lifecam22 3337.57324219 5377.81689453 4.6750459671
1478192000562 lifecam22 3337.78027344 5378.60205078 4.68188619614
1478192000759 lifecam22 3340.46118164 5380.32666016 4.70137548447
1478192000823 lifecam22 3339.9128418 5378.89648438 4.69518327713
1478192000889 lifecam22 3340.08251953 5379.50878906 4.69930267334
1478192000952 lifecam22 3339.99511719 5378.79638672 4.69087934494
1478192001030 lifecam22 3340.18896484 5378.71630859 4.69148111343
1478192001354 lifecam22 3340.67163086 5379.96191406 4.69948196411
1478192001428 lifecam22 3340.5324707 5379.96337891 4.69948863983
1478192001493 lifecam22 3340.27172852 5379.84277344 4.69832658768
1478192001561 lifecam22 3339.80395508 5380.22900391 4.70043897629
1478192001624 lifecam22 3339.30615234 5380.15185547 4.69969415665
1478192001895 lifecam22 3338.85693359 5378.97607422 4.69435453415
1478192001952 lifecam22 3342.91088867 5381.50537109 4.71266889572
1478192002016 lifecam22 3339.78662109 5381.48535156 4.71499872208
1478192002097 lifecam22 3332.92114258 5383.54589844 4.73190498352
1478192002166 lifecam22 3327.30273438 5385.25927734 4.74344491959
1478192002421 lifecam22 3318.39282227 5393.62109375 4.82023572922
1478192002493 lifecam22 3313.75634766 5396.64160156 4.84260845184
1478192002561 lifecam22 3190.14453125 5611.61572266 0.877624571323
1478192002632 lifecam22 3305.59106445 5399.03173828 4.86368179321
1478192002691 lifecam22 3300.98193359 5400.59228516 4.88218593597
1478192002964 lifecam22 3282.64013672 5405.39111328 4.94533586502
1478192003025 lifecam22 3277.4230957 5406.89892578 4.95791721344
1478192003103 lifecam22 3273.27490234 5407.58007812 4.97738265991
1478192003162 lifecam22 3268.10253906 5408.31054688 4.98751831055
1478192003232 lifecam22 3264.14794922 5409.40576172 5.00658750534
1478192003499 lifecam22 3244.73095703 5412.89892578 5.07526254654
1478192003556 lifecam22 3240.48291016 5414.64794922 5.09478282928
1478192003629 lifecam22 3235.78442383 5413.60205078 5.10464000702
1478192003690 lifecam22 3230.34765625 5414.83544922 5.12345552444
1478192003768 lifecam22 3226.54345703 5415.70019531 5.14248752594
1478192003969 lifecam22 3211.93554688 5417.84521484 5.19740104675
1478192004026 lifecam22 3209.49902344 5415.64453125 5.1857380867
1478192004095 lifecam22 3204.88818359 5416.18603516 5.20572757721
1478192004164 lifecam22 3197.98583984 5417.64355469 5.24645996094
1478192004229 lifecam22 3192.02856445 5417.16699219 5.25987005234
1478192004559 lifecam22 3169.20898438 5415.38867188 5.3442735672
1478192004624 lifecam22 3164.9362793 5415.70410156 5.36362743378
1478192004769 lifecam22 3154.17114258 5413.85400391 5.39422130585
1478192005026 lifecam22 3136.7565918 5409.83837891 5.46076154709
1478192005091 lifecam22 3130.16674805 5409.75439453 5.4845700264
1478192005159 lifecam22 3126.20019531 5407.76757812 5.49139356613
1478192005226 lifecam22 3121.96166992 5406.88769531 5.50782632828
1478192005641 lifecam22 3094.86450195 5397.38232422 5.6144361496
1478192005698 lifecam22 3090.38867188 5395.43261719 5.63294696808
1478192005767 lifecam22 3086.49487305 5393.90820312 5.65162229538
1478192005830 lifecam22 3082.02880859 5392.07177734 5.66620254517
1478192005894 lifecam22 3077.72314453 5389.67675781 5.68569421768
1478192006234 lifecam22 3056.49291992 5377.99121094 5.76728725433
1478192006304 lifecam22 3053.09692383 5375.55078125 5.78109645844
1478192006371 lifecam22 3049.75683594 5372.03564453 5.79012298584
1478192006433 lifecam22 3044.93994141 5371.00683594 5.81360578537
1478192006495 lifecam22 3041.06640625 5366.10546875 5.8250336647
1478192006835 lifecam22 3021.4074707 5354.421875 5.91818094254
1478192006897 lifecam22 3017.75585938 5350.94189453 5.93098688126
1478192006959 lifecam22 3012.66625977 5349.01757812 5.9573841095
1478192007032 lifecam22 3008.97900391 5345.6328125 5.97390937805
1478192007103 lifecam22 3006.64819336 5341.90966797 5.98095035553
1478192007433 lifecam22 2987.84375 5323.75976562 6.07427835464
1478192007499 lifecam22 2984.73217773 5320.07373047 6.08692121506
1478192007568 lifecam22 2982.30078125 5318.46972656 6.10356473923
1478192007640 lifecam22 2979.69384766 5313.64355469 6.11695623398
1478192007693 lifecam22 2976.75683594 5310.42382812 6.13485431671
1478192007969 lifecam22 2965.61303711 5292.11376953 6.19846487045
1478192008033 lifecam22 2962.56738281 5291.34716797 6.22127580643
1478192008109 lifecam22 2961.36865234 5285.85498047 6.23028326035
1478192008170 lifecam22 2959.28417969 5280.40332031 6.23890447617
1478192008236 lifecam22 2954.42382812 5277.30566406 6.26787853241
1478192008581 lifecam22 2945.03369141 5255.73779297 0.0535660460591
1478192008636 lifecam22 2942.30834961 5252.58056641 0.0742287188768
1478192008696 lifecam22 2940.67358398 5248.67919922 0.0932949185371
1478192008768 lifecam22 2937.31298828 5244.43017578 0.119243919849
1478192008837 lifecam22 2935.85742188 5240.09326172 0.131873890758
1478192009174 lifecam22 2931.24121094 5218.50341797 0.190883487463
1478192009236 lifecam22 2929.52905273 5221.20849609 0.195957839489
1478192009302 lifecam22 2931.59033203 5219.86914062 0.187338516116
1478192009372 lifecam22 2931.73071289 5219.88037109 0.186021655798
1478192009432 lifecam22 2930.91967773 5219.89990234 0.189494788647
1478192009774 lifecam22 2931.75927734 5219.73486328 0.184674933553
1478192009835 lifecam22 2931.61791992 5219.72363281 0.18599408865
1478192009906 lifecam22 2931.58081055 5219.73535156 0.184980928898
1478192009964 lifecam22 2931.56665039 5219.77636719 0.187755540013
1478192010034 lifecam22 2931.43945312 5219.72363281 0.186299860477
1478192010375 lifecam22 2931.75927734 5219.73486328 0.184674933553
1478192010433 lifecam22 2931.75927734 5219.73486328 0.184674933553
1478192010507 lifecam22 2931.75927734 5219.73486328 0.184674933553
1478192010561 lifecam22 2931.71264648 5219.53613281 0.1854352355
1478192010639 lifecam22 2931.58081055 5219.73535156 0.184980928898
1478192010903 lifecam22 2931.61791992 5219.72363281 0.18599408865
1478192010971 lifecam22 2931.61791992 5219.72363281 0.18599408865
1478192011037 lifecam22 2931.61791992 5219.72363281 0.18599408865
1478192011104 lifecam22 2931.61791992 5219.72363281 0.18599408865
1478192011180 lifecam22 2931.58081055 5219.73535156 0.184980928898
1478192011383 lifecam22 2931.61791992 5219.72363281 0.18599408865
1478192011434 lifecam22 2931.58081055 5219.73535156 0.184980928898
1478192011499 lifecam22 2931.58081055 5219.73535156 0.184980928898
1478192011572 lifecam22 2931.43945312 5219.72363281 0.186299860477
1478192011642 lifecam22 2931.58081055 5219.73535156 0.184980928898
1478192011910 lifecam22 2931.61791992 5219.72363281 0.18599408865
1478192011970 lifecam22 2931.61791992 5219.72363281 0.18599408865
1478192012037 lifecam22 2931.73071289 5219.88037109 0.186021655798
1478192012106 lifecam22 2931.61791992 5219.72363281 0.18599408865
1478192012169 lifecam22 2931.59033203 5219.86914062 0.187338516116
1478192012513 lifecam22 2931.43945312 5219.72363281 0.186299860477
1478192012577 lifecam22 2931.43945312 5219.72363281 0.186299860477
1478192012643 lifecam22 2931.61791992 5219.72363281 0.18599408865
