1478192294945 lifecam22 3353.88476562 5378.93310547 4.73231554031
1478192295005 lifecam22 3353.52880859 5378.65966797 4.72877025604
1478192295074 lifecam22 3353.4375 5378.5703125 4.72652578354
1478192295143 lifecam22 3355.00488281 5379.00683594 4.73869371414
1478192295415 lifecam22 3353.37353516 5378.65429688 4.72456598282
1478192295474 lifecam22 3353.05664062 5378.62060547 4.72159004211
1478192295542 lifecam22 3353.26513672 5378.54492188 4.72351455688
1478192295614 lifecam22 3353.26513672 5378.54492188 4.72351455688
1478192295675 lifecam22 3353.41015625 5378.54345703 4.72487640381
1478192295881 lifecam22 3353.41015625 5378.54345703 4.72487640381
1478192295940 lifecam22 3353.42407227 5378.70117188 4.72505331039
1478192296010 lifecam22 3353.58447266 5379.03466797 4.72665119171
1478192296083 lifecam22 3352.98046875 5378.68798828 4.72089767456
1478192296141 lifecam22 3353.09301758 5378.50927734 4.72189617157
1478192296490 lifecam22 3353.26489258 5378.69384766 4.72490882874
1478192296545 lifecam22 3353.0456543 5378.62353516 4.72289657593
1478192296611 lifecam22 3353.25317383 5378.53369141 4.7247838974
1478192296675 lifecam22 3352.87402344 5378.58886719 4.72128295898
1478192296744 lifecam22 3353.05786133 5378.78320312 4.72302389145
1478192296952 lifecam22 3352.02172852 5379.60693359 4.72117519379
1478192297009 lifecam22 3352.17041016 5381.04589844 4.72856426239
1478192297076 lifecam22 3352.01293945 5381.40478516 4.7281126976
1478192297143 lifecam22 3352.37548828 5381.31152344 4.72345590591
1478192297211 lifecam22 3351.88623047 5380.27246094 4.721596241
1478192297419 lifecam22 3350.25634766 5380.33300781 4.73224878311
1478192297483 lifecam22 3343.38208008 5383.61181641 4.76532030106
1478192297550 lifecam22 3340.79492188 5384.02148438 4.77262163162
1478192297621 lifecam22 3335.1862793 5386.77978516 4.78715848923
1478192297680 lifecam22 3329.1171875 5388.56347656 4.79929733276
1478192297946 lifecam22 3312.28686523 5395.61621094 4.86338233948
1478192298011 lifecam22 3307.90820312 5397.44482422 4.87929153442
1478192298089 lifecam22 3302.56860352 5398.51318359 4.89489793777
1478192298150 lifecam22 3298.484375 5400.14550781 4.90918254852
1478192298223 lifecam22 3293.50292969 5401.47558594 4.92657756805
1478192298485 lifecam22 3275.37817383 5407.87988281 4.9987616539
1478192298544 lifecam22 3269.86206055 5408.65966797 5.01620340347
1478192298615 lifecam22 3266.17700195 5409.80664062 5.02875709534
1478192298678 lifecam22 3260.77636719 5410.25537109 5.04497098923
1478192298748 lifecam22 3256.81005859 5411.4921875 5.05976581573
1478192299016 lifecam22 3236.42456055 5414.74414062 5.12996053696
1478192299088 lifecam22 3233.62158203 5415.72949219 5.1492357254
1478192299152 lifecam22 3227.66650391 5416.46289062 5.16783428192
1478192299225 lifecam22 3223.58911133 5415.97607422 5.17553853989
1478192299280 lifecam22 3217.63183594 5416.25 5.19651317596
1478192299555 lifecam22 3199.60717773 5416.77880859 5.25971508026
1478192299621 lifecam22 3194.76977539 5417.80175781 5.28528690338
1478192299683 lifecam22 3189.80395508 5417.11474609 5.29680585861
1478192299747 lifecam22 3184.38891602 5414.90673828 5.30762767792
1478192299817 lifecam22 3179.86865234 5416.36669922 5.33328962326
1478192300022 lifecam22 3165.53857422 5413.63916016 5.37553310394
1478192300079 lifecam22 3160.20605469 5411.49951172 5.38531923294
1478192300151 lifecam22 3156.74462891 5412.79833984 5.41011238098
1478192300281 lifecam22 3146.51660156 5410.33251953 5.44951295853
1478192300558 lifecam22 3127.3112793 5407.66162109 5.52404499054
1478192300624 lifecam22 3123.15698242 5406.08447266 5.53710794449
1478192300683 lifecam22 3117.60791016 5404.35644531 5.5508108139
1478192300818 lifecam22 3108.70507812 5402.82958984 5.59567260742
1478192301156 lifecam22 3087.19482422 5392.25341797 5.66819477081
1478192301220 lifecam22 3082.37548828 5390.06152344 5.68533658981
1478192301364 lifecam22 3073.7175293 5385.40820312 5.71864461899
1478192301418 lifecam22 3070.22949219 5383.89892578 5.73592567444
1478192301689 lifecam22 3052.09838867 5375.35009766 5.81018304825
1478192301759 lifecam22 3049.12475586 5371.88867188 5.81899785995
1478192301822 lifecam22 3044.93457031 5368.91015625 5.83487081528
1478192301878 lifecam22 3040.67260742 5365.17675781 5.8468837738
1478192301949 lifecam22 3036.79467773 5364.11035156 5.87119626999
1478192302285 lifecam22 3017.48754883 5348.53222656 5.94928216934
1478192302348 lifecam22 3013.52514648 5346.35205078 5.97439241409
1478192302415 lifecam22 3009.14794922 5340.57666016 5.98952770233
1478192302485 lifecam22 3005.68774414 5336.73583984 6.00150632858
1478192302551 lifecam22 3002.18164062 5335.78417969 6.02055025101
1478192302823 lifecam22 2989.69750977 5318.67822266 6.08268213272
1478192302884 lifecam22 2985.68310547 5314.89794922 6.10236597061
1478192302958 lifecam22 2983.75170898 5313.55957031 6.1168088913
1478192303020 lifecam22 2980.04711914 5309.80712891 6.13454723358
1478192303090 lifecam22 2977.22241211 5306.43310547 6.15030193329
1478192303357 lifecam22 2965.6159668 5288.76074219 6.21797466278
1478192303434 lifecam22 2962.35180664 5284.4765625 6.23950576782
1478192303490 lifecam22 2961.29638672 5281.26318359 6.24579954147
1478192303561 lifecam22 2960.19384766 5275.6796875 6.25053405762
1478192303623 lifecam22 2956.07177734 5273.58398438 6.27615499496
1478192303893 lifecam22 2946.06689453 5256.50634766 0.0699280053377
1478192303956 lifecam22 2942.72363281 5254.21240234 0.0882183983922
1478192304027 lifecam22 2941.95654297 5249.47753906 0.100253768265
1478192304088 lifecam22 2938.58642578 5244.61523438 0.122044749558
1478192304153 lifecam22 2937.68115234 5239.04248047 0.132923692465
1478192304492 lifecam22 2928.82226562 5216.66113281 0.216881453991
1478192304551 lifecam22 2928.64746094 5212.11816406 0.225819543004
1478192304624 lifecam22 2929.41455078 5213.14648438 0.218581140041
1478192304690 lifecam22 2929.625 5213.28515625 0.216982066631
1478192304750 lifecam22 2929.48608398 5213.08740234 0.218632280827
1478192305027 lifecam22 2929.63671875 5213.51074219 0.216434761882
1478192305151 lifecam22 2929.57983398 5212.796875 0.217017591
1478192305224 lifecam22 2929.68994141 5213.046875 0.216856569052
1478192305295 lifecam22 2929.6796875 5212.85400391 0.21732775867
1478192305564 lifecam22 2929.58959961 5213.48095703 0.216338217258
1478192305621 lifecam22 2929.6796875 5212.85400391 0.21732775867
1478192305692 lifecam22 2929.50097656 5213.40722656 0.215864703059
1478192305760 lifecam22 2929.58959961 5213.48095703 0.216338217258
1478192305829 lifecam22 2929.8293457 5213.27783203 0.215136483312
1478192306106 lifecam22 2929.58959961 5213.48095703 0.216338217258
1478192306162 lifecam22 2929.62548828 5213.32617188 0.216897428036
1478192306235 lifecam22 2929.47460938 5212.86132812 0.219177901745
1478192306290 lifecam22 2929.88305664 5212.81347656 0.21555416286
1478192306358 lifecam22 2929.78295898 5213.34082031 0.216710984707
1478192306696 lifecam22 2929.8293457 5213.27783203 0.215136483312
1478192306759 lifecam22 2929.62548828 5213.32617188 0.216897428036
1478192306824 lifecam22 2930.0402832 5212.82763672 0.215368688107
1478192306887 lifecam22 2929.38574219 5213.53027344 0.218101456761
1478192306960 lifecam22 2929.42114258 5213.33349609 0.218742549419
1478192307172 lifecam22 2929.88305664 5212.81347656 0.21555416286
1478192307225 lifecam22 2929.50097656 5213.40722656 0.215864703059
1478192307292 lifecam22 2929.8293457 5213.27783203 0.215136483312
1478192307361 lifecam22 2929.62548828 5213.32617188 0.216897428036
1478192307431 lifecam22 2929.43261719 5213.55908203 0.218197762966
1478192307771 lifecam22 2929.58959961 5213.48095703 0.216338217258
1478192307826 lifecam22 2929.57861328 5213.34814453 0.218554198742
1478192307893 lifecam22 2929.62548828 5213.32617188 0.216897428036
