1478192080752 lifecam22 3345.44287109 5382.29101562 4.72832965851
1478192081086 lifecam22 3346.88452148 5379.83496094 4.72992992401
1478192081147 lifecam22 3347.18017578 5382.44580078 4.73925590515
1478192081211 lifecam22 3347.1418457 5382.40771484 4.73887872696
1478192081284 lifecam22 3347.63208008 5382.79150391 4.74121236801
1478192081341 lifecam22 3346.02001953 5382.41699219 4.72810935974
1478192081619 lifecam22 3347.38549805 5380.34960938 4.73457384109
1478192081681 lifecam22 3347.64746094 5382.44189453 4.73611307144
1478192081752 lifecam22 3346.1730957 5382.46386719 4.7338104248
1478192081821 lifecam22 3347.40405273 5382.62255859 4.73516082764
1478192081882 lifecam22 3347.64038086 5381.51220703 4.73709201813
1478192082087 lifecam22 3347.52978516 5381.84130859 4.7361369133
1478192082149 lifecam22 3347.69628906 5382.26416016 4.73887491226
1478192082223 lifecam22 3347.33129883 5381.09814453 4.74030590057
1478192082280 lifecam22 3348.50024414 5381.20117188 4.74273729324
1478192082349 lifecam22 3347.66479492 5381.41699219 4.73830699921
1478192082685 lifecam22 3348.42407227 5381.453125 4.7420964241
1478192082748 lifecam22 3348.22338867 5382.10400391 4.74126052856
1478192082813 lifecam22 3347.35742188 5382.72558594 4.73344755173
1478192082885 lifecam22 3347.52636719 5382.31201172 4.73622941971
1478192082943 lifecam22 3347.50683594 5382.7421875 4.73486471176
1478192083220 lifecam22 3342.0324707 5378.38134766 4.72883319855
1478192083287 lifecam22 3332.0234375 5373.02392578 4.69188737869
1478192083357 lifecam22 3333.83569336 5379.13183594 4.7345700264
1478192083419 lifecam22 3332.45507812 5383.87060547 4.75782108307
1478192083491 lifecam22 3327.3605957 5384.47460938 4.7626543045
1478192083814 lifecam22 3306.20019531 5393.72460938 4.83409357071
1478192083882 lifecam22 3301.21508789 5396.06152344 4.85228252411
1478192083957 lifecam22 3298.03491211 5397.40429688 4.8714966774
1478192084013 lifecam22 3292.76953125 5399.41894531 4.88855791092
1478192084086 lifecam22 3287.58642578 5400.43798828 4.8988404274
1478192084353 lifecam22 3269.78027344 5405.33007812 4.96348237991
1478192084420 lifecam22 3264.66772461 5405.98632812 4.97743082047
1478192084487 lifecam22 3259.671875 5408.08203125 4.99840831757
1478192084546 lifecam22 3255.47241211 5409.21240234 5.01773118973
1478192084620 lifecam22 3250.59350586 5410.92871094 5.03416347504
1478192084952 lifecam22 3226.59594727 5415.03759766 5.11819553375
1478192085018 lifecam22 3221.19921875 5415.20654297 5.13084697723
1478192085085 lifecam22 3217.32739258 5414.49560547 5.14266824722
1478192085148 lifecam22 3212.76000977 5417.10498047 5.16915082932
1478192085223 lifecam22 3208.39086914 5415.47558594 5.17497491837
1478192085489 lifecam22 3188.60986328 5417.25292969 5.2485294342
1478192085563 lifecam22 3183.89672852 5417.07714844 5.26453733444
1478192085620 lifecam22 3179.14013672 5417.19677734 5.28489017487
1478192086087 lifecam22 3145.14697266 5415.62451172 5.40473747253
1478192086156 lifecam22 3140.80126953 5413.65185547 5.41452455521
1478192086226 lifecam22 3136.63037109 5413.36035156 5.42813062668
1478192086295 lifecam22 3130.13574219 5411.08935547 5.44856643677
1478192086357 lifecam22 3125.68261719 5412.76123047 5.47652196884
1478192086624 lifecam22 3107.7956543 5406.5 5.53978776932
1478192086687 lifecam22 3102.44238281 5405.32373047 5.55885028839
1478192086759 lifecam22 3097.71264648 5402.05517578 5.5678935051
1478192086826 lifecam22 3094.15576172 5400.73095703 5.58110189438
1478192086888 lifecam22 3090.32006836 5398.32128906 5.59371185303
1478192087156 lifecam22 3071.47680664 5392.56591797 5.67224407196
1478192087221 lifecam22 3067.29272461 5389.92138672 5.68459653854
1478192087294 lifecam22 3062.5012207 5388.19775391 5.70453691483
1478192087356 lifecam22 3058.47753906 5385.3203125 5.71656227112
1478192087428 lifecam22 3054.46069336 5384.02490234 5.73377275467
1478192087692 lifecam22 3036.12280273 5374.27148438 5.80895996094
1478192087762 lifecam22 3033.61694336 5371.44824219 5.81681013107
1478192087823 lifecam22 3029.41137695 5369.69482422 5.84020805359
1478192087891 lifecam22 3025.59277344 5366.26171875 5.8506102562
1478192087952 lifecam22 3021.25292969 5361.17431641 5.86414384842
1478192088237 lifecam22 3004.9597168 5353.03710938 5.94011354446
1478192088291 lifecam22 3000.68432617 5347.38964844 5.95550346375
1478192088359 lifecam22 2996.98535156 5344.56542969 5.97291755676
1478192088422 lifecam22 2992.58789062 5341.54882812 5.99263381958
1478192088486 lifecam22 2990.45874023 5339.28662109 6.00219583511
1478192088763 lifecam22 2977.57324219 5324.36914062 6.0613732338
1478192088830 lifecam22 2974.84155273 5320.3359375 6.07517051697
1478192088891 lifecam22 2971.41699219 5317.33056641 6.09580230713
1478192088956 lifecam22 2968.10522461 5313.74560547 6.11214923859
1478192089029 lifecam22 2965.18066406 5309.15820312 6.1281247139
1478192089218 lifecam22 2956.30688477 5298.0859375 6.18047142029
1478192089292 lifecam22 2954.3605957 5292.80712891 6.19396448135
1478192089363 lifecam22 2949.28344727 5291.14453125 6.22450256348
1478192089433 lifecam22 2947.49438477 5286.30761719 6.23516607285
1478192089495 lifecam22 2945.56225586 5280.64697266 6.24214029312
1478192089758 lifecam22 2936.78637695 5263.453125 0.016400994733
1478192089818 lifecam22 2931.53930664 5261.68945312 0.0489032901824
1478192089896 lifecam22 2929.99682617 5256.09326172 0.0633171275258
1478192089958 lifecam22 2928.11914062 5252.25195312 0.0736709237099
1478192090026 lifecam22 2926.10449219 5247.98876953 0.0975350737572
1478192090295 lifecam22 2917.79736328 5230.99072266 0.169622480869
1478192090363 lifecam22 2918.38598633 5224.83007812 0.173762604594
1478192090436 lifecam22 2917.58422852 5223.70898438 0.180421769619
1478192090494 lifecam22 2917.7644043 5225.51708984 0.175883352757
1478192090561 lifecam22 2917.77099609 5224.67724609 0.178303182125
1478192090837 lifecam22 2918.10107422 5224.67089844 0.175269782543
1478192090893 lifecam22 2918.07275391 5224.93457031 0.176381677389
1478192090956 lifecam22 2918.10107422 5224.67089844 0.175269782543
1478192091030 lifecam22 2918.10107422 5224.67089844 0.175269782543
1478192091091 lifecam22 2917.68505859 5224.97216797 0.177359506488
1478192091295 lifecam22 2918.07275391 5224.93457031 0.176381677389
1478192091363 lifecam22 2917.9831543 5224.76074219 0.17621345818
1478192091433 lifecam22 2918.10107422 5224.67089844 0.175269782543
1478192091496 lifecam22 2918.07275391 5224.93457031 0.176381677389
1478192091560 lifecam22 2917.89038086 5224.82275391 0.176975533366
1478192091840 lifecam22 2918.06005859 5224.70898438 0.175681993365
1478192091893 lifecam22 2918.10107422 5224.67089844 0.175269782543
1478192091969 lifecam22 2918.18945312 5224.72753906 0.175632894039
1478192092035 lifecam22 2918.10107422 5224.67089844 0.175269782543
1478192092096 lifecam22 2917.80249023 5224.765625 0.176611155272
1478192092365 lifecam22 2918.09960938 5224.55371094 0.175464808941
1478192092430 lifecam22 2917.80249023 5224.765625 0.176611155272
1478192092490 lifecam22 2917.80249023 5224.765625 0.176611155272
1478192092561 lifecam22 2917.98461914 5224.87744141 0.176018178463
1478192092631 lifecam22 2918.35888672 5224.61376953 0.174340426922
1478192092896 lifecam22 2917.98461914 5224.87744141 0.176018178463
1478192092962 lifecam22 2917.80249023 5224.765625 0.176611155272
1478192093032 lifecam22 2917.89038086 5224.82275391 0.176975533366
1478192093088 lifecam22 2917.68505859 5224.97216797 0.177359506488
1478192093171 lifecam22 2917.89038086 5224.82275391 0.176975533366
1478192093367 lifecam22 2917.68505859 5224.97216797 0.177359506488
1478192093427 lifecam22 2918.44726562 5224.67089844 0.174704149365
1478192093507 lifecam22 2917.80249023 5224.765625 0.176611155272
1478192093566 lifecam22 2918.10107422 5224.67089844 0.175269782543
1478192093630 lifecam22 2917.68505859 5224.97216797 0.177359506488
1478192093965 lifecam22 2918.10107422 5224.67089844 0.175269782543
1478192094031 lifecam22 2917.68505859 5224.97216797 0.177359506488
1478192094104 lifecam22 2918.18945312 5224.72753906 0.175632894039
1478192094173 lifecam22 2918.10107422 5224.67089844 0.175269782543
1478192094237 lifecam22 2918.10107422 5224.67089844 0.175269782543
1478192094499 lifecam22 2917.98461914 5224.87744141 0.176018178463
1478192094580 lifecam22 2918.18945312 5224.72753906 0.175632894039
1478192094627 lifecam22 2917.98193359 5224.64355469 0.176407635212
1478192094706 lifecam22 2917.77319336 5225.02880859 0.177724421024
1478192094775 lifecam22 2917.98461914 5224.87744141 0.176018178463
1478192095099 lifecam22 2918.07275391 5224.93457031 0.176381677389
1478192095168 lifecam22 2918.18945312 5224.72753906 0.175632894039
1478192095239 lifecam22 2917.80249023 5224.765625 0.176611155272
1478192095296 lifecam22 2917.80249023 5224.765625 0.176611155272
1478192095363 lifecam22 2918.07275391 5224.93457031 0.176381677389
1478192095706 lifecam22 2917.80175781 5224.6484375 0.176803767681
1478192095762 lifecam22 2918.10107422 5224.67089844 0.175269782543
1478192095827 lifecam22 2917.80249023 5224.765625 0.176611155272
1478192095905 lifecam22 2917.77319336 5225.02880859 0.177724421024
1478192095974 lifecam22 2918.10107422 5224.67089844 0.175269782543
1478192096233 lifecam22 2917.98461914 5224.87744141 0.176018178463
1478192096309 lifecam22 2918.0715332 5224.81787109 0.176576212049
1478192096377 lifecam22 2917.89038086 5224.82275391 0.176975533366
1478192096441 lifecam22 2917.89038086 5224.82275391 0.176975533366
1478192096503 lifecam22 2917.98461914 5224.87744141 0.176018178463
1478192096774 lifecam22 2917.80249023 5224.765625 0.176611155272
1478192096837 lifecam22 2917.77246094 5224.91162109 0.177917420864
1478192096904 lifecam22 2918.10107422 5224.67089844 0.175269782543
1478192096971 lifecam22 2917.80249023 5224.765625 0.176611155272
1478192097032 lifecam22 2917.89038086 5224.82275391 0.176975533366
1478192097309 lifecam22 2917.80249023 5224.765625 0.176611155272
1478192097369 lifecam22 2917.80249023 5224.765625 0.176611155272
1478192097438 lifecam22 2917.80249023 5224.765625 0.176611155272
1478192097513 lifecam22 2918.10107422 5224.67089844 0.175269782543
1478192097573 lifecam22 2918.09960938 5224.55371094 0.175464808941
1478192097908 lifecam22 2917.80249023 5224.765625 0.176611155272
1478192097970 lifecam22 2918.18945312 5224.72753906 0.175632894039
1478192098036 lifecam22 2918.09960938 5224.55371094 0.175464808941
1478192098112 lifecam22 2918.10107422 5224.67089844 0.175269782543
1478192098171 lifecam22 2918.10107422 5224.67089844 0.175269782543
1478192098496 lifecam22 2917.98461914 5224.87744141 0.176018178463
1478192098575 lifecam22 2917.89038086 5224.82275391 0.176975533366
1478192098639 lifecam22 2917.98461914 5224.87744141 0.176018178463
1478192098706 lifecam22 2917.80249023 5224.765625 0.176611155272
1478192098775 lifecam22 2918.10107422 5224.67089844 0.175269782543
1478192099048 lifecam22 2917.68212891 5224.62011719 0.177940189838
1478192099101 lifecam22 2918.0690918 5224.58349609 0.176963627338
1478192099183 lifecam22 2918.99267578 5223.81494141 0.172419607639
1478192099246 lifecam22 2918.77246094 5224.54638672 0.174293681979
1478192099305 lifecam22 2918.77246094 5224.54638672 0.174293681979
1478192099645 lifecam22 2980.81420898 5216.14453125 6.08484077454
1478192099703 lifecam22 2999.2668457 5209.92578125 5.94433546066
1478192099774 lifecam22 3018.53295898 5201.99121094 5.78334474564
