1478192242397 lifecam22 3345.15356445 5377.90722656 4.71825790405
1478192242464 lifecam22 3345.125 5377.88964844 4.71684741974
1478192242529 lifecam22 3346.41137695 5378.99804688 4.72207117081
1478192242605 lifecam22 3346.41137695 5378.99804688 4.72207117081
1478192242932 lifecam22 3346.17724609 5379.52587891 4.72703742981
1478192243002 lifecam22 3346.22412109 5378.77099609 4.72126960754
1478192243061 lifecam22 3345.76513672 5379.09912109 4.72430276871
1478192243131 lifecam22 3345.76269531 5377.61621094 4.71314716339
1478192243198 lifecam22 3346.84765625 5376.42675781 4.72834444046
1478192243465 lifecam22 3346.12792969 5376.41796875 4.72806072235
1478192243528 lifecam22 3346.41650391 5375.03564453 4.71770048141
1478192243588 lifecam22 3346.16772461 5374.92431641 4.7154083252
1478192243668 lifecam22 3346.30029297 5374.40966797 4.71057510376
1478192243730 lifecam22 3345.71069336 5374.62011719 4.71004390717
1478192244007 lifecam22 3346.14697266 5375.42382812 4.71755743027
1478192244063 lifecam22 3346.47338867 5375.93066406 4.71949195862
1478192244137 lifecam22 3346.44433594 5375.49023438 4.71799755096
1478192244204 lifecam22 3346.26928711 5375.15869141 4.71636104584
1478192244261 lifecam22 3346.89453125 5376.55322266 4.72218799591
1478192244597 lifecam22 3346.24707031 5374.61474609 4.71250391006
1478192244663 lifecam22 3344.30029297 5376.02734375 4.724401474
1478192244730 lifecam22 3345.84960938 5375.30517578 4.718957901
1478192244798 lifecam22 3338.2331543 5373.07275391 4.69504165649
1478192244867 lifecam22 3331.38183594 5373.03613281 4.6947145462
1478192245145 lifecam22 3321.14355469 5384.90283203 4.77136230469
1478192245197 lifecam22 3316.90185547 5385.73046875 4.7798833847
1478192245275 lifecam22 3312.46508789 5387.66552734 4.79533433914
1478192245337 lifecam22 3307.09082031 5389.03515625 4.80439329147
1478192245401 lifecam22 3301.4909668 5389.86572266 4.8115067482
1478192245733 lifecam22 3280.46459961 5398.57714844 4.90097522736
1478192245804 lifecam22 3275.54418945 5400.56738281 4.92080497742
1478192245872 lifecam22 3270.93310547 5401.47216797 4.93603801727
1478192245940 lifecam22 3265.74682617 5403.14648438 4.95236539841
1478192246006 lifecam22 3262.67529297 5404.97021484 4.97038650513
1478192246268 lifecam22 3244.04174805 5410.84033203 5.04534006119
1478192246331 lifecam22 3238.11767578 5409.93066406 5.05321073532
1478192246407 lifecam22 3233.86425781 5411.28417969 5.07231616974
1478192246467 lifecam22 3228.64770508 5411.33056641 5.08362340927
1478192246536 lifecam22 3224.28735352 5412.67333984 5.1049118042
1478192246813 lifecam22 3205.03808594 5415.01806641 5.16921138763
1478192246873 lifecam22 3203.96826172 5415.80712891 5.17221879959
1478192246942 lifecam22 3195.89672852 5416.86035156 5.21337556839
1478192247009 lifecam22 3190.42382812 5416.22070312 5.22594642639
1478192247075 lifecam22 3185.80151367 5416.55517578 5.23783016205
1478192247345 lifecam22 3165.93945312 5415.15576172 5.30024623871
1478192247398 lifecam22 3162.25561523 5414.69873047 5.3162021637
1478192247475 lifecam22 3156.43017578 5412.453125 5.32416677475
1478192247543 lifecam22 3155.54296875 5413.63769531 5.33465576172
1478192247604 lifecam22 3147.26391602 5412.72412109 5.36364603043
1478192247877 lifecam22 3128.94824219 5408.79541016 5.42842674255
1478192247945 lifecam22 3125.45605469 5406.82470703 5.43337965012
1478192248069 lifecam22 3113.92529297 5403.18164062 5.47033262253
1478192248133 lifecam22 3109.05664062 5403.66699219 5.49308156967
1478192248418 lifecam22 3091.29589844 5400.57861328 5.57767629623
1478192248475 lifecam22 3086.53100586 5398.17089844 5.58872318268
1478192248540 lifecam22 3081.84741211 5397.16357422 5.60638284683
1478192248611 lifecam22 3077.26049805 5394.39404297 5.61792516708
1478192248673 lifecam22 3072.6706543 5395.12792969 5.64762020111
1478192249004 lifecam22 3051.83496094 5383.28710938 5.71934509277
1478192249077 lifecam22 3047.4519043 5380.75097656 5.73513746262
1478192249140 lifecam22 3043.5078125 5378.90576172 5.75382328033
1478192249208 lifecam22 3038.67236328 5376.25146484 5.76769113541
1478192249273 lifecam22 3035.07983398 5373.91308594 5.78452920914
1478192249611 lifecam22 3014.26269531 5361.43798828 5.87202596664
1478192249685 lifecam22 3010.20556641 5356.86425781 5.8835234642
1478192249744 lifecam22 3006.07128906 5354.13818359 5.90030431747
1478192249807 lifecam22 3002.30029297 5351.80078125 5.91998386383
1478192249867 lifecam22 2998.1784668 5348.32226562 5.93404150009
1478192250155 lifecam22 2984.60009766 5334.62451172 5.99540662766
1478192250212 lifecam22 2980.32226562 5330.05810547 6.01715612411
1478192250278 lifecam22 2977.19433594 5328.28955078 6.03333473206
1478192250345 lifecam22 2973.77734375 5324.08935547 6.04745769501
1478192250412 lifecam22 2970.88964844 5320.99853516 6.06365203857
1478192250741 lifecam22 2955.42480469 5302.27978516 6.14485645294
1478192250808 lifecam22 2952.63232422 5298.32617188 6.16027212143
1478192250866 lifecam22 2949.57202148 5295.19384766 6.17983913422
1478192250942 lifecam22 2947.64355469 5290.97070312 6.19133758545
1478192251005 lifecam22 2944.47973633 5286.59326172 6.20745372772
1478192251279 lifecam22 2931.17016602 5269.16796875 0.00336105050519
1478192251353 lifecam22 2930.44335938 5265.74804688 0.0102358497679
1478192251416 lifecam22 2929.48242188 5260.54199219 0.0192458070815
1478192251479 lifecam22 2926.4621582 5258.04150391 0.0434146597981
1478192251536 lifecam22 2923.42919922 5253.63134766 0.0663749650121
1478192251827 lifecam22 2915.62158203 5236.96582031 0.13133995235
1478192251876 lifecam22 2913.95996094 5231.80859375 0.146391436458
1478192251947 lifecam22 2912.40136719 5228.11230469 0.160791218281
1478192252002 lifecam22 2911.9609375 5230.52441406 0.161101788282
1478192252074 lifecam22 2913.48193359 5229.70654297 0.151473581791
1478192252412 lifecam22 2913.29052734 5229.74267578 0.153184741735
1478192252473 lifecam22 2913.25512695 5229.75390625 0.152223646641
1478192252555 lifecam22 2913.25512695 5229.75390625 0.152223646641
1478192252613 lifecam22 2913.29052734 5229.74267578 0.153184741735
1478192252684 lifecam22 2913.48193359 5229.70654297 0.151473581791
1478192252955 lifecam22 2913.48193359 5229.70654297 0.151473581791
1478192253018 lifecam22 2913.48193359 5229.70654297 0.151473581791
1478192253086 lifecam22 2913.50146484 5229.72265625 0.151502087712
1478192253154 lifecam22 2913.29052734 5229.74267578 0.153184741735
1478192253219 lifecam22 2913.16259766 5229.98974609 0.155595719814
1478192253558 lifecam22 2913.48193359 5229.70654297 0.151473581791
1478192253612 lifecam22 2913.16259766 5229.98974609 0.155595719814
