1478191386807 lifecam22 3350.80444336 5374.28417969 4.696352005
1478191387005 lifecam22 3350.94555664 5374.53857422 4.69640398026
1478191387071 lifecam22 3350.63818359 5374.26123047 4.69483375549
1478191387146 lifecam22 3350.96435547 5374.42382812 4.69795465469
1478191387205 lifecam22 3351.07592773 5374.51220703 4.69757604599
1478191387268 lifecam22 3350.53295898 5374.29833984 4.69387769699
1478191387607 lifecam22 3350.87109375 5374.24755859 4.69228601456
1478191387668 lifecam22 3350.74609375 5374.26318359 4.69115066528
1478191387733 lifecam22 3350.85546875 5374.109375 4.68976736069
1478191387808 lifecam22 3351.02441406 5374.00976562 4.69012212753
1478191387860 lifecam22 3351.11474609 5374.06884766 4.69208049774
1478191388073 lifecam22 3350.96582031 5374.06347656 4.69075012207
1478191388145 lifecam22 3351.11694336 5373.93017578 4.69094705582
1478191388205 lifecam22 3351.11694336 5373.93017578 4.69094705582
1478191388279 lifecam22 3350.86083984 5374.34375 4.69330835342
1478191388333 lifecam22 3350.9230957 5374.15039062 4.69153881073
1478191388611 lifecam22 3350.91772461 5374.41064453 4.69269180298
1478191388665 lifecam22 3350.9230957 5374.15039062 4.69153881073
1478191388743 lifecam22 3351.13476562 5373.96386719 4.69110536575
1478191388804 lifecam22 3351.26635742 5373.93652344 4.69227790833
1478191388870 lifecam22 3351.24633789 5374.04150391 4.69325351715
1478191389143 lifecam22 3350.9375 5374.19726562 4.68935060501
1478191389205 lifecam22 3351.50244141 5377.50244141 4.70171833038
1478191389269 lifecam22 3349.84716797 5378.35449219 4.6976556778
1478191389339 lifecam22 3352.19628906 5378.47412109 4.70432901382
1478191389404 lifecam22 3351.63623047 5377.28955078 4.69558429718
1478191389747 lifecam22 3343.30029297 5374.66113281 4.68476629257
1478191389804 lifecam22 3337.72119141 5376.99755859 4.71716928482
1478191389882 lifecam22 3331.20825195 5374.91357422 4.70196962357
1478191389942 lifecam22 3325.17993164 5377.00634766 4.71075296402
1478191390006 lifecam22 3324.66186523 5384.19335938 4.75941848755
1478191390273 lifecam22 3305.39672852 5390.48339844 4.81177186966
1478191390336 lifecam22 3300.8984375 5391.93945312 4.82506084442
1478191390408 lifecam22 3296.50683594 5393.68164062 4.84164905548
1478191390473 lifecam22 3292.22998047 5395.66699219 4.864985466
1478191390533 lifecam22 3287.16064453 5396.02148438 4.87357091904
1478191390812 lifecam22 3269.6965332 5402.41064453 4.93771600723
1478191390881 lifecam22 3264.26489258 5403.18896484 4.95506620407
1478191390939 lifecam22 3260.23364258 5405.30761719 4.97321891785
1478191391009 lifecam22 3256.28857422 5406.0390625 4.9891371727
1478191391076 lifecam22 3251.23876953 5407.42724609 5.00850391388
1478191391348 lifecam22 3232.07470703 5410.73291016 5.07186412811
1478191391411 lifecam22 3227.6159668 5412.31103516 5.0889787674
1478191391477 lifecam22 3223.04785156 5413.05664062 5.11089372635
1478191391543 lifecam22 3218.66577148 5413.32958984 5.12512111664
1478191391605 lifecam22 3217.9921875 5414.875 5.13033676147
1478191391940 lifecam22 3189.5480957 5414.85351562 5.22113800049
1478191392007 lifecam22 3184.61254883 5415.91845703 5.24163389206
1478191392076 lifecam22 3179.54956055 5414.55664062 5.25357723236
1478191392414 lifecam22 3156.95410156 5411.68066406 5.32398796082
1478191392476 lifecam22 3154.67016602 5412.47998047 5.33221626282
1478191392548 lifecam22 3146.93774414 5410.38525391 5.36353158951
1478191392612 lifecam22 3141.72631836 5410.77783203 5.38345050812
1478191392679 lifecam22 3137.56201172 5409.19042969 5.39938259125
1478191392939 lifecam22 3118.44604492 5406.21191406 5.47357225418
1478191393018 lifecam22 3113.77294922 5402.78076172 5.47776508331
1478191393144 lifecam22 3104.4465332 5403.75439453 5.53074932098
1478191393213 lifecam22 3100.72119141 5402.66210938 5.54636955261
1478191393480 lifecam22 3081.88427734 5396.34033203 5.61096525192
1478191393545 lifecam22 3077.62841797 5392.91992188 5.62474679947
1478191393616 lifecam22 3073.03149414 5390.75634766 5.63614368439
1478191393679 lifecam22 3069.0625 5390.18164062 5.65980815887
1478191393747 lifecam22 3064.63549805 5387.36572266 5.67521095276
1478191394014 lifecam22 3047.41259766 5378.94238281 5.73992395401
1478191394078 lifecam22 3043.1875 5375.70410156 5.75285482407
1478191394147 lifecam22 3038.921875 5374.33105469 5.77661132812
1478191394220 lifecam22 3035.96411133 5371.52050781 5.78460979462
1478191394279 lifecam22 3031.18457031 5369.8046875 5.80801010132
1478191394561 lifecam22 3015.53271484 5358.23535156 5.87096786499
1478191394615 lifecam22 3012.6484375 5354.90429688 5.88138198853
1478191394682 lifecam22 3007.75830078 5352.62109375 5.90303230286
1478191394749 lifecam22 3003.59570312 5347.90527344 5.92041444778
1478191394817 lifecam22 3000.28100586 5346.14501953 5.9352722168
1478191395152 lifecam22 2983.72094727 5328.94580078 6.01356458664
1478191395215 lifecam22 2980.03686523 5325.19873047 6.03105640411
1478191395283 lifecam22 2975.14160156 5321.29931641 6.05798912048
1478191395348 lifecam22 2972.79858398 5316.88867188 6.06687927246
1478191395409 lifecam22 2969.1496582 5314.83056641 6.08190155029
1478191395687 lifecam22 2957.81103516 5300.41796875 6.1494011879
1478191395752 lifecam22 2954.24316406 5294.70605469 6.16353559494
1478191395815 lifecam22 2952.34863281 5290.11816406 6.18031215668
1478191395880 lifecam22 2947.62988281 5287.47998047 6.20344305038
1478191395951 lifecam22 2947.99438477 5284.45214844 6.20768690109
1478191396220 lifecam22 2938.43920898 5269.50048828 6.27710771561
1478191396282 lifecam22 2935.90698242 5264.99853516 0.0159118827432
1478191396354 lifecam22 2930.40820312 5261.93261719 0.0443427041173
1478191396417 lifecam22 2929.47973633 5255.82763672 0.0503450036049
1478191396485 lifecam22 2926.71240234 5252.68164062 0.0703734904528
1478191396820 lifecam22 2917.36303711 5229.77441406 0.144415915012
1478191396880 lifecam22 2917.61523438 5225.75146484 0.151376917958
1478191396951 lifecam22 2917.02758789 5227.02001953 0.148286640644
1478191397028 lifecam22 2918.15771484 5226.78271484 0.145849525928
1478191397087 lifecam22 2917.19042969 5226.94238281 0.152327388525
1478191397288 lifecam22 2917.7421875 5226.70166016 0.148157283664
1478191397350 lifecam22 2918.18481445 5226.51660156 0.145139157772
1478191397419 lifecam22 2918.05053711 5226.47363281 0.146160542965
1478191397486 lifecam22 2917.82421875 5226.77832031 0.147525370121
1478191397557 lifecam22 2917.85253906 5226.45166016 0.148125350475
1478191397889 lifecam22 2918.17529297 5226.37744141 0.143902599812
1478191397956 lifecam22 2918.10839844 5226.56542969 0.14568310976
1478191398020 lifecam22 2917.98950195 5226.5390625 0.146831437945
1478191398083 lifecam22 2918.10839844 5226.56542969 0.14568310976
1478191398153 lifecam22 2917.98950195 5226.5390625 0.146831437945
1478191398427 lifecam22 2917.9831543 5226.66113281 0.147941529751
1478191398493 lifecam22 2918.20458984 5226.17138672 0.143899872899
1478191398555 lifecam22 2917.98950195 5226.5390625 0.146831437945
1478191398626 lifecam22 2918.13964844 5226.42578125 0.144386842847
1478191398686 lifecam22 2917.70043945 5226.75683594 0.14871186018
1478191398970 lifecam22 2917.70043945 5226.75683594 0.14871186018
1478191399018 lifecam22 2917.81713867 5226.90039062 0.148637965322
1478191399092 lifecam22 2918.17529297 5226.37744141 0.143902599812
1478191399149 lifecam22 2917.4921875 5226.74462891 0.149559557438
1478191399229 lifecam22 2918.13818359 5226.35986328 0.145682036877
1478191399429 lifecam22 2917.87231445 5226.60058594 0.145858705044
1478191399491 lifecam22 2917.9831543 5226.66113281 0.147941529751
1478191399555 lifecam22 2918.31860352 5226.42285156 0.145346581936
1478191399620 lifecam22 2918.10839844 5226.56542969 0.14568310976
