1478191359689 lifecam22 3352.0534668 5370.75927734 4.69405937195
1478191359762 lifecam22 3352.3347168 5371.61083984 4.69921255112
1478191359829 lifecam22 3352.4440918 5371.44091797 4.70021295547
1478191359888 lifecam22 3352.39038086 5371.38378906 4.69841194153
1478191360170 lifecam22 3353.54370117 5374.37890625 4.71146345139
1478191360225 lifecam22 3353.55371094 5374.52734375 4.71287918091
1478191360295 lifecam22 3353.55371094 5374.52734375 4.71287918091
1478191360357 lifecam22 3353.55371094 5374.52734375 4.71287918091
1478191360426 lifecam22 3353.56762695 5374.40136719 4.71168088913
1478191360765 lifecam22 3353.6809082 5375.40332031 4.72117805481
1478191360820 lifecam22 3354.21728516 5376.31396484 4.7297334671
1478191360890 lifecam22 3354.12329102 5376.35644531 4.73013401031
1478191360956 lifecam22 3353.6809082 5375.40332031 4.72117805481
1478191361030 lifecam22 3353.47143555 5374.83154297 4.71576881409
1478191361370 lifecam22 3353.55371094 5374.52734375 4.71287918091
1478191361434 lifecam22 3353.55371094 5374.52734375 4.71287918091
1478191361499 lifecam22 3353.55371094 5374.52734375 4.71287918091
1478191361563 lifecam22 3353.52661133 5374.62890625 4.71384143829
1478191361630 lifecam22 3353.47631836 5374.70947266 4.71461105347
1478191361894 lifecam22 3353.52661133 5374.62890625 4.71384143829
1478191361963 lifecam22 3353.52661133 5374.62890625 4.71384143829
1478191362025 lifecam22 3353.52661133 5374.62890625 4.71384143829
1478191362102 lifecam22 3353.52661133 5374.62890625 4.71384143829
1478191362167 lifecam22 3353.52661133 5374.62890625 4.71384143829
1478191362497 lifecam22 3353.55371094 5374.52734375 4.71287918091
1478191362559 lifecam22 3353.55371094 5374.52734375 4.71287918091
1478191362631 lifecam22 3353.55371094 5374.52734375 4.71287918091
1478191362696 lifecam22 3353.55712891 5374.25292969 4.71026277542
1478191362765 lifecam22 3353.55371094 5374.52734375 4.71287918091
1478191363101 lifecam22 3354.48339844 5372.40283203 4.70345830917
1478191363168 lifecam22 3353.31958008 5372.94775391 4.70038223267
1478191363235 lifecam22 3353.37573242 5373.15332031 4.70483446121
1478191363293 lifecam22 3353.55175781 5373.59619141 4.70769834518
1478191363358 lifecam22 3353.59960938 5374.30566406 4.71330928802
1478191363701 lifecam22 3353.42016602 5374.5390625 4.71298885345
1478191363769 lifecam22 3353.42016602 5374.5390625 4.71298885345
1478191363832 lifecam22 3353.42016602 5374.5390625 4.71298885345
1478191363894 lifecam22 3353.42016602 5374.5390625 4.71298885345
1478191363962 lifecam22 3352.36279297 5374.11523438 4.70210123062
1478191364290 lifecam22 3353.16552734 5374.45361328 4.71067905426
1478191364361 lifecam22 3353.42016602 5374.5390625 4.71298885345
1478191364434 lifecam22 3353.42016602 5374.5390625 4.71298885345
1478191364501 lifecam22 3353.13867188 5374.41162109 4.71037864685
1478191364782 lifecam22 3353.42016602 5374.5390625 4.71298885345
1478191364832 lifecam22 3353.42016602 5374.5390625 4.71298885345
1478191364904 lifecam22 3353.42016602 5374.5390625 4.71298885345
1478191364963 lifecam22 3353.42016602 5374.5390625 4.71298885345
1478191365037 lifecam22 3353.55371094 5374.52734375 4.71287918091
1478191365369 lifecam22 3353.55371094 5374.52734375 4.71287918091
1478191365438 lifecam22 3353.55371094 5374.52734375 4.71287918091
1478191365505 lifecam22 3353.55371094 5374.52734375 4.71287918091
1478191365571 lifecam22 3353.55371094 5374.52734375 4.71287918091
1478191365633 lifecam22 3353.29980469 5374.44140625 4.7105717659
1478191366030 lifecam22 3351.58984375 5373.95507812 4.69516849518
1478191366099 lifecam22 3352.66479492 5374.18847656 4.70482635498
1478191366166 lifecam22 3352.20654297 5374.15283203 4.70195770264
1478191366234 lifecam22 3346.36254883 5373.66894531 4.70315122604
1478191366508 lifecam22 3327.49047852 5382.99755859 4.76829433441
1478191366574 lifecam22 3322.89208984 5384.17333984 4.77607917786
1478191366646 lifecam22 3318.48266602 5386.26904297 4.7906908989
1478191366708 lifecam22 3313.46728516 5388.49072266 4.80594348907
1478191366774 lifecam22 3308.75146484 5390.73828125 4.82594776154
1478191367115 lifecam22 3286.91552734 5399.11914062 4.91490602493
1478191367166 lifecam22 3282.38012695 5399.93652344 4.92950153351
1478191367237 lifecam22 3277.76293945 5401.18798828 4.94163703918
1478191367297 lifecam22 3273.03808594 5403.02978516 4.96072292328
1478191367373 lifecam22 3269.22216797 5403.44726562 4.97434091568
1478191367702 lifecam22 3246.03735352 5409.27246094 5.06305074692
1478191367773 lifecam22 3240.8605957 5409.37597656 5.07648038864
1478191367835 lifecam22 3236.60693359 5410.29394531 5.09407567978
1478191367904 lifecam22 3231.43041992 5410.89746094 5.11136054993
1478191367965 lifecam22 3226.67773438 5412.140625 5.12696075439
1478191368300 lifecam22 3203.078125 5414.22412109 5.21043252945
1478191368369 lifecam22 3198.12890625 5413.04052734 5.2225446701
1478191368438 lifecam22 3192.17407227 5413.50878906 5.2439160347
1478191368507 lifecam22 3188.24682617 5414.8984375 5.26614904404
1478191368574 lifecam22 3183.12036133 5414.65332031 5.28031253815
1478191368841 lifecam22 3164.69580078 5412.50683594 5.33812189102
1478191368909 lifecam22 3163.22924805 5412.60644531 5.34467792511
1478191368967 lifecam22 3154.87744141 5409.88232422 5.37021255493
1478191369040 lifecam22 3150.29760742 5409.63720703 5.38773298264
1478191369106 lifecam22 3145.98583984 5408.00048828 5.40211725235
1478191369374 lifecam22 3127.38256836 5403.47265625 5.46924448013
1478191369438 lifecam22 3122.92602539 5403.140625 5.48891210556
1478191369509 lifecam22 3118.16186523 5402.61425781 5.50605678558
1478191369578 lifecam22 3113.13110352 5400.76953125 5.52595376968
1478191369645 lifecam22 3109.00390625 5399.7734375 5.54103136063
1478191369916 lifecam22 3090.79467773 5392.81298828 5.60593128204
1478191369980 lifecam22 3086.55859375 5392.79882812 5.62919139862
1478191370103 lifecam22 3077.75292969 5388.62255859 5.66128635406
1478191370176 lifecam22 3072.93408203 5385.69189453 5.67772960663
1478191370441 lifecam22 3055.88061523 5376.89453125 5.74154233932
1478191370517 lifecam22 3051.68408203 5375.47216797 5.76329517365
1478191370574 lifecam22 3047.01489258 5372.87011719 5.78216934204
1478191370644 lifecam22 3043.32177734 5370.37792969 5.79840755463
1478191370709 lifecam22 3039.52758789 5367.08398438 5.8085975647
1478191370907 lifecam22 3027.9074707 5359.578125 5.86144113541
1478191370970 lifecam22 3023.39453125 5356.73193359 5.88463401794
1478191371039 lifecam22 3020.07788086 5353.70263672 5.89135313034
1478191371112 lifecam22 3016.47216797 5350.24511719 5.90518522263
1478191371171 lifecam22 3012.25 5347.88037109 5.92755651474
1478191371378 lifecam22 3000.67016602 5337.45996094 5.97950172424
1478191371438 lifecam22 2998.57397461 5333.96777344 5.98440122604
1478191371517 lifecam22 2994.70385742 5330.49902344 6.00387907028
1478191371637 lifecam22 2988.25146484 5323.87695312 6.03839540482
1478191371846 lifecam22 2978.40673828 5311.28564453 6.09198951721
1478191371916 lifecam22 2974.24731445 5308.74560547 6.11496734619
1478191371977 lifecam22 2971.18530273 5304.38037109 6.12860584259
1478191372047 lifecam22 2967.55444336 5300.7578125 6.14685821533
1478191372118 lifecam22 2965.71386719 5298.02148438 6.15735197067
1478191372382 lifecam22 2955.95751953 5281.64306641 6.21388864517
1478191372453 lifecam22 2952.89746094 5278.70458984 6.23302555084
1478191372517 lifecam22 2951.04492188 5274.32617188 6.24898147583
1478191372577 lifecam22 2946.33129883 5270.51074219 6.27546405792
1478191372649 lifecam22 2944.90283203 5267.06445312 0.00589555921033
1478191372859 lifecam22 2938.69335938 5252.27539062 0.0510658621788
1478191372905 lifecam22 2935.15136719 5249.39550781 0.0719588398933
1478191372979 lifecam22 2934.16113281 5245.06982422 0.0851757004857
1478191373044 lifecam22 2931.60058594 5240.70361328 0.105507798493
1478191373110 lifecam22 2929.94116211 5236.93066406 0.122954308987
1478191373318 lifecam22 2923.34936523 5223.03027344 0.17811447382
1478191373387 lifecam22 2923.03710938 5219.13183594 0.183977901936
1478191373452 lifecam22 2923.79052734 5220.26025391 0.177993357182
1478191373514 lifecam22 2924.3059082 5219.86474609 0.17653183639
1478191373578 lifecam22 2923.86547852 5219.59277344 0.176985442638
1478191373852 lifecam22 2924.27758789 5219.75585938 0.175599038601
1478191373912 lifecam22 2923.83642578 5219.86767578 0.178217962384
1478191373979 lifecam22 2923.65087891 5220.00830078 0.179695904255
1478191374048 lifecam22 2923.83642578 5219.86767578 0.178217962384
1478191374114 lifecam22 2923.83642578 5219.86767578 0.178217962384
