1478192167551 lifecam22 3340.36181641 5379.21435547 4.70998430252
1478192167616 lifecam22 3340.13061523 5378.56103516 4.70787239075
1478192167679 lifecam22 3339.34399414 5377.828125 4.70714950562
1478192167756 lifecam22 3339.44384766 5378.67333984 4.71056747437
1478192167816 lifecam22 3340.40356445 5375.42285156 4.69997215271
1478192168083 lifecam22 3346.41064453 5379.65087891 4.73455190659
1478192168148 lifecam22 3345.69677734 5379.35888672 4.73051691055
1478192168219 lifecam22 3345.61279297 5379.38964844 4.72701025009
1478192168286 lifecam22 3344.33544922 5379.03857422 4.7224521637
1478192168347 lifecam22 3342.99707031 5378.47607422 4.71713733673
1478192168622 lifecam22 3341.66503906 5378.86376953 4.72688627243
1478192168675 lifecam22 3341.86889648 5378.59619141 4.72630739212
1478192168751 lifecam22 3341.70410156 5377.29345703 4.71297311783
1478192168817 lifecam22 3340.93237305 5378.01953125 4.70575904846
1478192168882 lifecam22 3341.33740234 5378.24755859 4.71200323105
1478192169151 lifecam22 3340.05712891 5377.765625 4.70204925537
1478192169216 lifecam22 3341.47583008 5378.25244141 4.71778535843
1478192169291 lifecam22 3340.75610352 5378.32275391 4.71363830566
1478192169351 lifecam22 3341.50244141 5378.78808594 4.72556304932
1478192169412 lifecam22 3341.94213867 5378.81347656 4.72693920135
1478192169699 lifecam22 3341.30151367 5379.01416016 4.72891187668
1478192169755 lifecam22 3339.75512695 5378.17089844 4.71598911285
1478192169821 lifecam22 3339.68139648 5378.95751953 4.71404314041
1478192169882 lifecam22 3339.62597656 5381.17822266 4.71480846405
1478192169952 lifecam22 3340.94848633 5377.62695312 4.72422742844
1478192170289 lifecam22 3334.13378906 5378.84082031 4.72737598419
1478192170349 lifecam22 3334.0065918 5378.57324219 4.72497653961
1478192170416 lifecam22 3329.52270508 5378.79248047 4.73287010193
1478192170487 lifecam22 3326.31738281 5377.35693359 4.72236585617
1478192170549 lifecam22 3321.52929688 5382.47412109 4.75515604019
1478192170821 lifecam22 3307.53076172 5388.71582031 4.79862737656
1478192170887 lifecam22 3304.40307617 5390.68408203 4.81442928314
1478192170952 lifecam22 3300.66113281 5392.68164062 4.82911300659
1478192171024 lifecam22 3295.85302734 5394.13183594 4.84556674957
1478192171086 lifecam22 3292.49023438 5397.05273438 4.86998319626
1478192171353 lifecam22 3274.46069336 5401.94970703 4.92750930786
1478192171418 lifecam22 3269.16552734 5402.71337891 4.93653345108
1478192171492 lifecam22 3265.27294922 5404.35888672 4.95597743988
1478192171553 lifecam22 3260.87597656 5406.18505859 4.97569465637
1478192171628 lifecam22 3256.36328125 5407.70117188 4.99492883682
1478192171887 lifecam22 3236.37915039 5411.54980469 5.06408405304
1478192171951 lifecam22 3232.89599609 5412.99462891 5.07860469818
1478192172027 lifecam22 3227.45825195 5412.89453125 5.09548044205
1478192172094 lifecam22 3223.21606445 5414.74072266 5.11587381363
1478192172155 lifecam22 3218.69042969 5415.08691406 5.12987327576
1478192172432 lifecam22 3203.72045898 5418.32568359 5.18986845016
1478192172690 lifecam22 3178.6640625 5417.98681641 5.26271343231
1478192173022 lifecam22 3155.14355469 5416.07128906 5.34756422043
1478192173090 lifecam22 3151.13378906 5413.91210938 5.35372304916
1478192173223 lifecam22 3140.77026367 5411.13671875 5.38514566422
1478192173291 lifecam22 3136.67578125 5411.99414062 5.40536403656
1478192173562 lifecam22 3117.5390625 5407.1015625 5.47562837601
1478192173624 lifecam22 3112.43652344 5405.02294922 5.48339128494
1478192173763 lifecam22 3103.58154297 5404.08691406 5.52521038055
1478192173830 lifecam22 3099.1105957 5402.99121094 5.54163312912
1478192174092 lifecam22 3080.8425293 5398.46240234 5.61976289749
1478192174157 lifecam22 3076.28051758 5396.16943359 5.63407993317
1478192174226 lifecam22 3072.10180664 5394.79833984 5.65342187881
1478192174290 lifecam22 3066.49365234 5393.70361328 5.6791229248
1478192174354 lifecam22 3062.62353516 5390.84814453 5.6879029274
1478192174627 lifecam22 3046.06738281 5381.44775391 5.74897432327
1478192174692 lifecam22 3041.47900391 5379.34326172 5.77068853378
1478192174756 lifecam22 3036.92578125 5376.68798828 5.78416347504
1478192174828 lifecam22 3033.59106445 5373.45263672 5.79528045654
1478192174890 lifecam22 3029.51635742 5371.94970703 5.81498479843
1478192175150 lifecam22 3012.68725586 5360.78320312 5.88173294067
1478192175228 lifecam22 3008.95751953 5357.99365234 5.89976787567
1478192175299 lifecam22 3005.37353516 5354.984375 5.91929960251
1478192175356 lifecam22 3001.23706055 5352.92236328 5.93565034866
1478192175425 lifecam22 2998.04248047 5347.07519531 5.94768285751
1478192175702 lifecam22 2983.69213867 5335.52587891 6.01449155807
1478192175764 lifecam22 2980.17578125 5331.66699219 6.03159666061
1478192175838 lifecam22 2977.04956055 5328.29199219 6.04682064056
1478192175890 lifecam22 2974.45849609 5324.04150391 6.06010246277
1478192175962 lifecam22 2971.13305664 5318.51123047 6.07210016251
1478192176222 lifecam22 2956.85302734 5305.95947266 6.14937019348
1478192176294 lifecam22 2954.44360352 5302.46826172 6.16410541534
1478192176367 lifecam22 2950.49780273 5298.55908203 6.18757104874
1478192176428 lifecam22 2947.98120117 5292.125 6.19811868668
1478192176490 lifecam22 2945.69482422 5288.48730469 6.21854972839
1478192176756 lifecam22 2938.35205078 5273.43164062 6.27226209641
1478192176821 lifecam22 2932.11035156 5271.79638672 0.0252110399306
1478192176889 lifecam22 2929.62646484 5264.58447266 0.0366501286626
1478192176958 lifecam22 2929.21459961 5261.25439453 0.0442280210555
1478192177031 lifecam22 2926.57641602 5258.05908203 0.0660716891289
1478192177158 lifecam22 2922.10693359 5249.26220703 0.0961439162493
1478192177230 lifecam22 2921.09033203 5244.47607422 0.105567514896
1478192177298 lifecam22 2921.34277344 5245.53466797 0.104843087494
1478192177360 lifecam22 2921.80273438 5245.94873047 0.101782023907
1478192177435 lifecam22 2921.45214844 5245.06542969 0.104259073734
1478192177694 lifecam22 2921.41430664 5245.44628906 0.104262292385
1478192177759 lifecam22 2921.77441406 5245.57617188 0.102183043957
1478192177819 lifecam22 2921.36572266 5245.52490234 0.104642346501
1478192177894 lifecam22 2921.19287109 5245.79443359 0.105997622013
1478192177970 lifecam22 2921.515625 5245.26464844 0.103487446904
1478192178166 lifecam22 2921.82739258 5245.51074219 0.101752102375
1478192178225 lifecam22 2921.77441406 5245.57617188 0.102183043957
1478192178299 lifecam22 2921.53833008 5245.64208984 0.104299724102
1478192178359 lifecam22 2921.19287109 5245.79443359 0.105997622013
1478192178427 lifecam22 2921.19287109 5245.79443359 0.105997622013
1478192178708 lifecam22 2921.19287109 5245.79443359 0.105997622013
1478192178757 lifecam22 2921.60986328 5245.55419922 0.103719294071
1478192178832 lifecam22 2921.19287109 5245.79443359 0.105997622013
1478192178891 lifecam22 2921.2644043 5245.70654297 0.105417199433
1478192178966 lifecam22 2921.68823242 5245.38134766 0.103147685528
1478192179168 lifecam22 2921.19287109 5245.79443359 0.105997622013
1478192179229 lifecam22 2921.19287109 5245.79443359 0.105997622013
1478192179296 lifecam22 2921.19287109 5245.79443359 0.105997622013
1478192179363 lifecam22 2921.53833008 5245.64208984 0.104299724102
1478192179428 lifecam22 2921.68823242 5245.38134766 0.103147685528
1478192179710 lifecam22 2921.34277344 5245.53466797 0.104843087494
1478192179764 lifecam22 2921.2644043 5245.70654297 0.105417199433
1478192179839 lifecam22 2921.34277344 5245.53466797 0.104843087494
1478192179896 lifecam22 2921.53833008 5245.64208984 0.104299724102
1478192179965 lifecam22 2921.2644043 5245.70654297 0.105417199433
1478192180171 lifecam22 2921.53833008 5245.64208984 0.104299724102
1478192180233 lifecam22 2921.36572266 5245.52490234 0.104642346501
1478192180300 lifecam22 2921.68823242 5245.38134766 0.103147685528
1478192180366 lifecam22 2921.34277344 5245.53466797 0.104843087494
1478192180437 lifecam22 2921.19287109 5245.79443359 0.105997622013
1478192180706 lifecam22 2921.2644043 5245.70654297 0.105417199433
