1478191735947 lifecam22 3338.99707031 5372.92480469 4.68907308578
1478191736146 lifecam22 3338.32373047 5372.88623047 4.68476819992
1478191736218 lifecam22 3338.51611328 5372.82128906 4.68407678604
1478191736282 lifecam22 3338.60693359 5372.95214844 4.68799877167
1478191736345 lifecam22 3338.85400391 5372.86376953 4.68723058701
1478191736412 lifecam22 3338.06176758 5372.84130859 4.68557405472
1478191736614 lifecam22 3338.49560547 5372.65917969 4.68061637878
1478191736682 lifecam22 3338.71557617 5372.57666016 4.67738103867
1478191736751 lifecam22 3338.05688477 5372.81494141 4.67979955673
1478191736811 lifecam22 3338.05688477 5372.81494141 4.67979955673
1478191736882 lifecam22 3337.54956055 5372.80908203 4.68078804016
1478191737145 lifecam22 3338.17431641 5372.78076172 4.68215560913
1478191737214 lifecam22 3337.95288086 5372.76757812 4.68195199966
1478191737275 lifecam22 3338.56933594 5372.88818359 4.68456220627
1478191737345 lifecam22 3338.42651367 5372.89990234 4.68322372437
1478191737410 lifecam22 3338.22998047 5372.84521484 4.68140172958
1478191737684 lifecam22 3338.22998047 5372.84521484 4.68140172958
1478191737748 lifecam22 3338.43261719 5372.81884766 4.68085002899
1478191737813 lifecam22 3338.35253906 5372.81494141 4.68254995346
1478191737881 lifecam22 3338.76464844 5372.8046875 4.68350887299
1478191737945 lifecam22 3338.7434082 5372.60302734 4.67890501022
1478191738153 lifecam22 3340.03613281 5375.18554688 4.68945932388
1478191738212 lifecam22 3342.7487793 5376.26367188 4.69898700714
1478191738280 lifecam22 3338.64208984 5373.70898438 4.68461608887
1478191738356 lifecam22 3337.42480469 5372.68505859 4.68096733093
1478191738412 lifecam22 3339.1237793 5372.79638672 4.68216323853
1478191738754 lifecam22 3326.30664062 5386.14648438 4.78479576111
1478191738815 lifecam22 3322.08349609 5388.22265625 4.79619979858
1478191738878 lifecam22 3317.55541992 5390.54931641 4.81501722336
1478191738942 lifecam22 3314.01416016 5392.66894531 4.82761716843
1478191739016 lifecam22 3309.21459961 5394.76025391 4.84777450562
1478191739220 lifecam22 3295.81616211 5399.6953125 4.89628076553
1478191739289 lifecam22 3291.23632812 5400.9296875 4.91308736801
1478191739347 lifecam22 3286.796875 5403.16015625 4.93591022491
1478191739411 lifecam22 3283.13574219 5404.39453125 4.95235157013
1478191739476 lifecam22 3278.12402344 5406.26171875 4.97126054764
1478191739748 lifecam22 3259.50244141 5411.26269531 5.03547000885
1478191739810 lifecam22 3255.37207031 5412.88525391 5.05725908279
1478191739878 lifecam22 3250.00390625 5412.27783203 5.06470775604
1478191739952 lifecam22 3245.15161133 5413.12255859 5.08224868774
1478191740012 lifecam22 3240.40405273 5413.23828125 5.0939912796
1478191740223 lifecam22 3225.48535156 5414.77197266 5.14446020126
1478191740278 lifecam22 3221.38964844 5414.32519531 5.15725946426
1478191740352 lifecam22 3215.8449707 5415.44726562 5.17925167084
1478191740422 lifecam22 3210.77319336 5414.56347656 5.19089794159
1478191740486 lifecam22 3206.90307617 5414.83105469 5.21105670929
1478191740752 lifecam22 3188.203125 5414.55175781 5.27545976639
1478191740815 lifecam22 3183.38085938 5414.02294922 5.29192781448
1478191740880 lifecam22 3178.07983398 5413.81982422 5.30862426758
1478191740946 lifecam22 3173.52416992 5413.98974609 5.32874202728
1478191741020 lifecam22 3168.83520508 5413.49951172 5.34293031693
1478191741291 lifecam22 3150.31787109 5412.24804688 5.41579437256
1478191741352 lifecam22 2885.03735352 5742.15917969 2.60972523689
1478191741423 lifecam22 3140.09130859 5409.72070312 5.44932508469
1478191741489 lifecam22 3136.09399414 5408.95654297 5.46695423126
1478191741553 lifecam22 3131.71020508 5407.65283203 5.48440027237
1478191741821 lifecam22 3112.99389648 5405.23828125 5.57038497925
1478191741889 lifecam22 3107.43066406 5403.23291016 5.57984352112
1478191741948 lifecam22 3102.77148438 5402.44677734 5.60124349594
1478191742022 lifecam22 3099.03955078 5398.26416016 5.60460805893
1478191742089 lifecam22 3094.55151367 5397.99121094 5.62731933594
1478191742288 lifecam22 3081.27929688 5390.87548828 5.67045450211
1478191742354 lifecam22 3077.74389648 5388.58398438 5.68578863144
1478191742418 lifecam22 3072.90844727 5386.72119141 5.70603132248
1478191742487 lifecam22 3069.08691406 5383.66943359 5.71594238281
1478191742553 lifecam22 3065.06396484 5380.59277344 5.73199462891
1478191742822 lifecam22 3048.62988281 5371.43505859 5.80233621597
1478191742887 lifecam22 3044.5144043 5369.56494141 5.82139730453
1478191742961 lifecam22 3041.23291016 5365.15478516 5.82641649246
1478191743022 lifecam22 3036.38110352 5362.95898438 5.85331010818
1478191743088 lifecam22 3032.35375977 5360.21337891 5.8649892807
1478191743360 lifecam22 3017.39892578 5349.25048828 5.93128824234
1478191743418 lifecam22 3014.24365234 5345.80566406 5.94614982605
1478191743486 lifecam22 3009.68603516 5342.70800781 5.96664094925
1478191743561 lifecam22 3005.29956055 5339.36230469 5.98877048492
1478191743622 lifecam22 3002.10693359 5335.72949219 6.00101470947
1478191743835 lifecam22 2992.18457031 5326.29052734 6.05057525635
1478191743889 lifecam22 2989.30639648 5323.04199219 6.07150125504
1478191743959 lifecam22 2985.63574219 5319.11328125 6.08810758591
1478191744019 lifecam22 2981.57910156 5314.52880859 6.10976696014
1478191744098 lifecam22 2979.20776367 5310.47021484 6.12419939041
1478191744365 lifecam22 2968.70678711 5296.56396484 6.18029117584
1478191744422 lifecam22 2965.04248047 5293.20166016 6.20235490799
1478191744491 lifecam22 2962.80957031 5288.52587891 6.21261262894
1478191744552 lifecam22 2960.23388672 5284.99316406 6.22934293747
1478191744624 lifecam22 2956.69677734 5281.21582031 6.25254678726
1478191744899 lifecam22 2947.51416016 5264.4453125 0.0403735116124
1478191744956 lifecam22 2944.95629883 5259.09912109 0.0526422820985
1478191745026 lifecam22 2943.05371094 5254.84423828 0.0653068497777
1478191745089 lifecam22 2942.18066406 5248.99755859 0.0777222588658
1478191745163 lifecam22 2939.63085938 5246.20947266 0.0976363942027
1478191745426 lifecam22 2932.85107422 5227.44775391 0.161001414061
1478191745489 lifecam22 2930.97021484 5223.77294922 0.182003110647
1478191745555 lifecam22 2928.7800293 5218.69628906 0.198981583118
1478191745624 lifecam22 2929.63989258 5214.36474609 0.200285851955
1478191745688 lifecam22 2930.74145508 5217.23095703 0.1926253438
1478191745891 lifecam22 2930.6652832 5217.04052734 0.193642556667
1478191745959 lifecam22 2930.69091797 5216.89941406 0.19235727191
1478191746023 lifecam22 2930.85620117 5216.18945312 0.190968960524
1478191746088 lifecam22 2930.69091797 5216.89941406 0.19235727191
1478191746165 lifecam22 2931.14819336 5216.33056641 0.190475165844
1478191746365 lifecam22 2930.83764648 5216.57128906 0.192881673574
1478191746428 lifecam22 2930.76855469 5216.70458984 0.193281471729
1478191746490 lifecam22 2931.01953125 5216.6484375 0.192354887724
1478191746558 lifecam22 2930.88867188 5216.50634766 0.192532241344
1478191746627 lifecam22 2931.06689453 5216.16455078 0.189094722271
1478191746896 lifecam22 2930.76855469 5216.70458984 0.193281471729
1478191746953 lifecam22 2931.03027344 5216.53417969 0.192453563213
1478191747031 lifecam22 2931.08886719 5216.51660156 0.191953480244
1478191747090 lifecam22 2931.04125977 5216.29541016 0.191509068012
1478191747159 lifecam22 2931.36108398 5216.18652344 0.188789188862
1478191747379 lifecam22 2930.88867188 5216.50634766 0.192532241344
1478191747420 lifecam22 2930.88867188 5216.50634766 0.192532241344
1478191747497 lifecam22 2931.02856445 5216.30957031 0.190445721149
1478191747556 lifecam22 2930.5065918 5216.69335938 0.194545567036
