1478191304944 lifecam22 3352.36572266 5374.78662109 4.70806264877
1478191305003 lifecam22 3352.63232422 5374.87109375 4.71174430847
1478191305078 lifecam22 3352.60620117 5374.73681641 4.70902633667
1478191305202 lifecam22 3352.79663086 5374.76757812 4.7107667923
1478191305480 lifecam22 3352.53564453 5374.79882812 4.70961284637
1478191305544 lifecam22 3352.39624023 5374.66796875 4.70711374283
1478191305611 lifecam22 3352.05444336 5374.6015625 4.70521640778
1478191305673 lifecam22 3352.76904297 5374.98974609 4.71289968491
1478191305738 lifecam22 3351.95239258 5374.52636719 4.7030749321
1478191306071 lifecam22 3351.88354492 5374.59033203 4.7036652565
1478191306139 lifecam22 3352.4074707 5374.77148438 4.70830631256
1478191306214 lifecam22 3352.37890625 5374.79003906 4.70808744431
1478191306283 lifecam22 3352.45458984 5374.72216797 4.70886707306
1478191306345 lifecam22 3352.07519531 5374.62011719 4.70540857315
1478191306683 lifecam22 3352.12329102 5374.53759766 4.70462608337
1478191306748 lifecam22 3352.31518555 5374.56787109 4.70636844635
1478191306811 lifecam22 3352.12329102 5374.53759766 4.70462608337
1478191306882 lifecam22 3352.5456543 5374.65673828 4.70847034454
1478191306942 lifecam22 3352.33300781 5374.62841797 4.7065372467
1478191307223 lifecam22 3352.14477539 5374.55615234 4.70481967926
1478191307276 lifecam22 3352.26342773 5374.69189453 4.70712661743
1478191307345 lifecam22 3352.53564453 5374.79882812 4.70961284637
1478191307414 lifecam22 3352.83984375 5374.92773438 4.71231365204
1478191307481 lifecam22 3352.79663086 5374.76757812 4.7107667923
1478191307821 lifecam22 3352.88525391 5374.96728516 4.71269798279
1478191307883 lifecam22 3353.30029297 5375.95605469 4.72356748581
1478191307946 lifecam22 3352.58837891 5375.58691406 4.71582365036
1478191308014 lifecam22 3353.76489258 5376.30615234 4.72806358337
1478191308089 lifecam22 3353.70776367 5376.36083984 4.73017501831
1478191308282 lifecam22 3352.79663086 5374.76757812 4.7107667923
1478191308350 lifecam22 3353.55371094 5374.52734375 4.71287918091
1478191308421 lifecam22 3351.93017578 5373.63525391 4.69390535355
1478191308479 lifecam22 3352.203125 5372.89648438 4.68033981323
1478191308553 lifecam22 3351.47290039 5372.75732422 4.68273305893
1478191308878 lifecam22 3352.48779297 5374.28613281 4.70322799683
1478191308947 lifecam22 3351.58984375 5373.95507812 4.69516849518
1478191309015 lifecam22 3353.15454102 5377.55957031 4.72151231766
1478191309082 lifecam22 3347.45336914 5384.12451172 4.76608800888
1478191309149 lifecam22 3342.54785156 5386.25683594 4.7769112587
1478191309414 lifecam22 3324.16845703 5393.33984375 4.83003568649
1478191309485 lifecam22 3319.23022461 5395.71777344 4.84868907928
1478191309545 lifecam22 3315.59423828 5396.87597656 4.8691983223
1478191309619 lifecam22 3311.33276367 5398.70800781 4.8835978508
1478191309680 lifecam22 3305.87524414 5398.98046875 4.89289474487
1478191309955 lifecam22 3287.47070312 5404.68066406 4.96002817154
1478191310016 lifecam22 3282.74316406 5406.11962891 4.97820568085
1478191310084 lifecam22 3278.07592773 5407.35888672 4.99752807617
1478191310159 lifecam22 3273.13647461 5407.44140625 5.00878620148
1478191310210 lifecam22 3268.55297852 5408.80322266 5.02590322495
1478191310556 lifecam22 3250.52368164 5413.26611328 5.09648561478
1478191310619 lifecam22 3245.63867188 5414.13427734 5.11536312103
1478191310819 lifecam22 3226.65649414 5413.46386719 5.16797876358
1478191311086 lifecam22 3207.81811523 5415.12207031 5.24316215515
1478191311149 lifecam22 3202.8840332 5416.375 5.26427221298
1478191311214 lifecam22 3198.12255859 5415.19580078 5.27700471878
1478191311290 lifecam22 3192.30224609 5415.66015625 5.29668283463
1478191311357 lifecam22 3188.80029297 5415.09130859 5.3120098114
1478191311620 lifecam22 3169.63964844 5414.27001953 5.38238525391
1478191311688 lifecam22 3164.09765625 5412.80810547 5.39632129669
1478191311749 lifecam22 3159.5871582 5412.99560547 5.41954278946
1478191311819 lifecam22 3154.51635742 5411.12548828 5.42858839035
1478191311880 lifecam22 3149.78857422 5410.10449219 5.44512796402
1478191312154 lifecam22 3132.29858398 5404.89941406 5.5134677887
1478191312226 lifecam22 3127.70922852 5402.52636719 5.52648210526
1478191312349 lifecam22 3118.32958984 5398.48193359 5.54866600037
1478191312414 lifecam22 3114.82128906 5397.74609375 5.57544565201
1478191312621 lifecam22 3100.63818359 5393.79638672 5.6296453476
1478191312683 lifecam22 3096.53222656 5392.26318359 5.6502404213
1478191312754 lifecam22 3092.2734375 5389.62695312 5.66149568558
1478191312818 lifecam22 3088.09179688 5387.72167969 5.6777806282
1478191312887 lifecam22 3083.11132812 5384.88476562 5.69656229019
1478191313096 lifecam22 3070.21801758 5379.02148438 5.74850416183
1478191313156 lifecam22 3066.05151367 5376.484375 5.76538896561
1478191313224 lifecam22 3062.47338867 5374.88720703 5.78085517883
1478191313281 lifecam22 3057.53344727 5370.95019531 5.79877758026
1478191313356 lifecam22 3053.54614258 5369.68408203 5.81695985794
1478191313630 lifecam22 3036.83105469 5358.29296875 5.89262342453
1478191313683 lifecam22 3033.92773438 5355.96484375 5.89959144592
1478191313756 lifecam22 3030.30566406 5352.99902344 5.91567277908
1478191313828 lifecam22 3026.61450195 5350.22265625 5.93600416183
1478191313885 lifecam22 3022.08959961 5346.31152344 5.95537900925
1478191314095 lifecam22 3013.76049805 5335.51953125 5.98410177231
1478191314160 lifecam22 3008.9753418 5333.44970703 6.01025342941
1478191314225 lifecam22 3006.06176758 5329.37890625 6.02240610123
1478191314289 lifecam22 3003.11450195 5325.84521484 6.03757762909
1478191314357 lifecam22 2998.89257812 5323.20800781 6.06220531464
1478191314629 lifecam22 2987.25097656 5307.80810547 6.12692975998
1478191314698 lifecam22 2983.84765625 5303.48193359 6.14244890213
1478191314756 lifecam22 2980.91796875 5300.26416016 6.16206550598
1478191314826 lifecam22 2978.08325195 5297.11621094 6.17957258224
1478191314896 lifecam22 2976.27709961 5292.00341797 6.1886267662
1478191315164 lifecam22 2964.16479492 5275.37744141 6.25612688065
1478191315224 lifecam22 2959.94384766 5270.94726562 6.27917671204
1478191315293 lifecam22 2958.73901367 5267.10449219 0.00744551792741
1478191315357 lifecam22 2956.96313477 5263.35351562 0.024077957496
1478191315421 lifecam22 2954.87084961 5258.14306641 0.0378467515111
1478191315760 lifecam22 2944.75708008 5238.05322266 0.125137284398
1478191315825 lifecam22 2945.02856445 5231.86816406 0.135343492031
1478191315893 lifecam22 2941.06103516 5229.34667969 0.160163581371
1478191315956 lifecam22 2940.02905273 5225.07373047 0.173680722713
1478191316028 lifecam22 2938.54589844 5219.93212891 0.187642157078
1478191316301 lifecam22 2935.17456055 5210.23535156 0.22573441267
1478191316362 lifecam22 2935.59912109 5209.00048828 0.227225601673
1478191316431 lifecam22 2935.86645508 5209.55712891 0.224755123258
1478191316491 lifecam22 2935.24243164 5209.33349609 0.228349402547
1478191316558 lifecam22 2935.72192383 5209.12207031 0.224394738674
1478191316895 lifecam22 2935.50805664 5209.25878906 0.226031273603
1478191316965 lifecam22 2935.43920898 5209.20361328 0.226792767644
1478191317034 lifecam22 2936.22412109 5209.13769531 0.22237534821
1478191317097 lifecam22 2935.94702148 5209.19921875 0.223469793797
1478191317169 lifecam22 2935.87207031 5209.15917969 0.225511953235
1478191317499 lifecam22 2935.87207031 5209.15917969 0.225511953235
1478191317562 lifecam22 2935.87207031 5209.15917969 0.225511953235
1478191317631 lifecam22 2935.87207031 5209.15917969 0.225511953235
1478191317696 lifecam22 2935.43920898 5209.20361328 0.226792767644
1478191317764 lifecam22 2935.77978516 5209.10791016 0.226449668407
