1478869766460 lifecam22 3194.33911133 5860.63330078 4.61105728149
1478869766524 lifecam22 3194.76782227 5860.99023438 4.61336803436
1478869766649 lifecam22 3194.33886719 5860.37402344 4.61126613617
1478869766708 lifecam22 3194.82275391 5860.62304688 4.61400413513
1478869766783 lifecam22 3194.46875 5860.34863281 4.61230373383
1478869766850 lifecam22 3194.46875 5860.34863281 4.61230373383
1478869766907 lifecam22 3195.02978516 5860.53613281 4.61465072632
1478869767061 lifecam22 3194.82275391 5860.62304688 4.61400413513
1478869767120 lifecam22 3194.72045898 5860.42089844 4.61324644089
1478869767184 lifecam22 3194.72167969 5860.68115234 4.61304140091
1478869767256 lifecam22 3194.72167969 5860.68115234 4.61304140091
1478869767324 lifecam22 3194.90820312 5860.85107422 4.61458730698
1478869767522 lifecam22 3194.63623047 5860.62304688 4.61366987228
1478869767576 lifecam22 3194.84057617 5860.76855469 4.61539030075
1478869767655 lifecam22 3194.72167969 5860.68115234 4.61304140091
1478869767723 lifecam22 3194.72045898 5860.42089844 4.61324644089
1478869767774 lifecam22 3194.72045898 5860.42089844 4.61324644089
1478869767920 lifecam22 3194.72045898 5860.42089844 4.61324644089
1478869767994 lifecam22 3194.46875 5860.34863281 4.61230373383
1478869768054 lifecam22 3194.73852539 5860.56640625 4.61463308334
1478869768118 lifecam22 3194.97045898 5860.35791016 4.61425924301
1478869768194 lifecam22 3194.76391602 5860.44482422 4.61361408234
1478869768387 lifecam22 3194.72045898 5860.42089844 4.61324644089
1478869768440 lifecam22 3194.72045898 5860.42089844 4.61324644089
1478869768513 lifecam22 3194.61938477 5860.47851562 4.61228466034
1478869768578 lifecam22 3194.48706055 5860.49365234 4.61369228363
1478869768639 lifecam22 3195.36987305 5860.56152344 4.61029815674
1478869768851 lifecam22 3195.44775391 5860.61572266 4.6131811142
1478869768911 lifecam22 3195.34545898 5860.41259766 4.61242485046
1478869768986 lifecam22 3195.13989258 5860.50146484 4.61178064346
1478869769048 lifecam22 3195.56665039 5861.08935547 4.61660432816
1478869769116 lifecam22 3195.83203125 5861.15917969 4.61628198624
1478869769257 lifecam22 3195.70678711 5860.93896484 4.61533021927
1478869769322 lifecam22 3195.34545898 5860.41259766 4.61242485046
1478869769378 lifecam22 3195.64306641 5860.51904297 4.61374521255
1478869769447 lifecam22 3195.74609375 5860.6015625 4.6133556366
1478869769529 lifecam22 3196.00976562 5860.42675781 4.61325931549
1478869769729 lifecam22 3194.72045898 5860.42089844 4.61324644089
1478869769785 lifecam22 3195.46923828 5860.75537109 4.61451816559
1478869769867 lifecam22 3190.06518555 5858.44677734 4.59748268127
1478869769918 lifecam22 3180.58227539 5860.84765625 4.60801315308
1478869769988 lifecam22 3175.23388672 5860.08300781 4.6066827774
1478869770130 lifecam22 3160.77905273 5860.67822266 4.60257148743
1478869770182 lifecam22 3154.47705078 5860.24707031 4.59923171997
1478869770254 lifecam22 3148.37841797 5861.90087891 4.60789394379
1478869770314 lifecam22 3141.2487793 5861.92822266 4.60801029205
1478869770381 lifecam22 3133.82885742 5862.11865234 4.60406017303
1478869770598 lifecam22 3113.65087891 5863.4296875 4.60166025162
1478869770655 lifecam22 3107.00854492 5863.74121094 4.60238981247
1478869770714 lifecam22 3101.04541016 5863.87841797 4.6071639061
1478869770797 lifecam22 3094.37011719 5865.0546875 4.60801744461
1478869770863 lifecam22 3086.93603516 5863.80712891 4.60365343094
1478869770999 lifecam22 3073.77441406 5864.34912109 4.60193967819
1478869771057 lifecam22 3067.55200195 5865.08642578 4.60440397263
1478869771119 lifecam22 3061.46972656 5866.06884766 4.60933160782
1478869771180 lifecam22 3054.29882812 5866.05371094 4.60781335831
1478869771250 lifecam22 3048.21948242 5867.15771484 4.61390972137
1478869771319 lifecam22 3041.84155273 5867.54101562 4.61687850952
1478869771463 lifecam22 3030.03955078 5869.00390625 4.6247792244
1478869771532 lifecam22 3022.9609375 5868.92919922 4.62431287766
1478869771596 lifecam22 3016.63427734 5869.87207031 4.62717008591
1478869771653 lifecam22 3009.94238281 5869.81445312 4.62484693527
1478869771722 lifecam22 3003.24853516 5869.89697266 4.62774658203
1478869771863 lifecam22 2989.75610352 5870.06298828 4.62289714813
1478869771932 lifecam22 2983.56738281 5870.12646484 4.62762403488
1478869771997 lifecam22 2976.39331055 5870.05029297 4.62148761749
1478869772058 lifecam22 2969.33105469 5870.20507812 4.62439584732
1478869772117 lifecam22 2961.98583984 5870.61328125 4.62111949921
1478869772330 lifecam22 2942.30688477 5871.90527344 4.62346982956
1478869772395 lifecam22 2935.40307617 5870.97509766 4.62545251846
1478869772453 lifecam22 2928.54663086 5871.90185547 4.623691082
1478869772519 lifecam22 2922.09521484 5872.01464844 4.62544870377
1478869772599 lifecam22 2915.74072266 5871.15673828 4.62582540512
1478869772731 lifecam22 2902.34936523 5871.13769531 4.62112474442
1478869772805 lifecam22 2896.80029297 5873.61914062 4.63122224808
1478869772864 lifecam22 2888.99682617 5873.36328125 4.63061237335
1478869772930 lifecam22 2882.77441406 5873.20458984 4.63123464584
1478869772990 lifecam22 2876.27734375 5874.41308594 4.63638448715
1478869773129 lifecam22 2862.74804688 5874.28955078 4.63559961319
1478869773187 lifecam22 2856.15161133 5874.52685547 4.63409996033
1478869773264 lifecam22 2849.83837891 5874.77246094 4.63766241074
1478869773327 lifecam22 2843.23876953 5875.67285156 4.63864517212
1478869773394 lifecam22 2837.43017578 5875.98339844 4.64285326004
1478869773596 lifecam22 2817.25634766 5876.13330078 4.64358377457
1478869773656 lifecam22 2810.2824707 5875.96337891 4.64145183563
1478869773715 lifecam22 2803.72460938 5875.78515625 4.64147806168
1478869773790 lifecam22 2797.01171875 5876.29296875 4.6438164711
1478869773864 lifecam22 2789.93994141 5876.89355469 4.64414262772
1478869773998 lifecam22 2776.65429688 5876.67041016 4.64397239685
1478869774063 lifecam22 2770.12597656 5877.64501953 4.64563083649
1478869774127 lifecam22 2763.53198242 5876.54736328 4.64737796783
1478869774186 lifecam22 2756.78735352 5877.65625 4.6489739418
1478869774256 lifecam22 2751.05932617 5876.78955078 4.65478658676
1478869774396 lifecam22 2736.76879883 5876.82421875 4.64930009842
1478869774464 lifecam22 2730.76928711 5876.98925781 4.65412521362
1478869774527 lifecam22 2723.85473633 5876.94775391 4.64881467819
1478869774603 lifecam22 2717.06005859 5876.98095703 4.65425443649
1478869774668 lifecam22 2710.02685547 5877.58935547 4.65358018875
1478869774807 lifecam22 2696.26953125 5877.11523438 4.6570224762
1478869774864 lifecam22 2690.60375977 5878.07373047 4.65929222107
1478869774930 lifecam22 2684.59350586 5877.63183594 4.66298770905
1478869774996 lifecam22 2676.74389648 5877.51855469 4.65924501419
1478869775064 lifecam22 2671.51831055 5878.37255859 4.6657834053
1478869775207 lifecam22 2657.79003906 5878.79003906 4.66928100586
1478869775269 lifecam22 2651.2487793 5878.73632812 4.66954040527
1478869775332 lifecam22 2644.640625 5877.31689453 4.6617770195
1478869775390 lifecam22 2638.22631836 5877.29882812 4.66315078735
1478869775465 lifecam22 2631.5949707 5877.46142578 4.66617631912
1478869775600 lifecam22 2617.17016602 5878.171875 4.67122364044
1478869775660 lifecam22 2610.39648438 5877.25830078 4.66678905487
1478869775721 lifecam22 2603.62768555 5877.49707031 4.66522741318
1478869775799 lifecam22 2596.5847168 5877.26953125 4.66569662094
1478869775866 lifecam22 2590.14746094 5877.42822266 4.6671962738
1478869776066 lifecam22 2569.47167969 5877.43408203 4.67241764069
1478869776123 lifecam22 2563.08105469 5876.64746094 4.67565155029
1478869776193 lifecam22 2555.94042969 5876.79150391 4.67561197281
1478869776255 lifecam22 2549.50463867 5876.37304688 4.67144823074
1478869776323 lifecam22 2542.21044922 5876.17529297 4.67201375961
1478869776464 lifecam22 2528.77587891 5876.54394531 4.67577981949
1478869776544 lifecam22 2522.57983398 5876.68994141 4.678835392
1478869776597 lifecam22 2515.60913086 5876.4375 4.67510128021
1478869776663 lifecam22 2509.27172852 5876.68945312 4.67910480499
1478869776729 lifecam22 2503.45678711 5876.81982422 4.68105220795
1478869776870 lifecam22 2490.55078125 5876.73828125 4.68044137955
1478869776937 lifecam22 2485.38964844 5877.31201172 4.68798065186
1478869776997 lifecam22 2478.08984375 5877.13818359 4.69303178787
1478869777058 lifecam22 2473.75195312 5878.07470703 4.70236682892
1478869777137 lifecam22 2466.80737305 5878.14306641 4.70286798477
1478869777335 lifecam22 2445.15844727 5876.33642578 4.69704294205
1478869777398 lifecam22 2438.96875 5877.57763672 4.70432662964
1478869777470 lifecam22 2431.96875 5877.57763672 4.70432901382
1478869777541 lifecam22 2423.57080078 5874.55322266 4.6917848587
1478869777609 lifecam22 2417.38110352 5876.20947266 4.69898080826
1478869777790 lifecam22 2394.94921875 5872.67919922 4.68625688553
1478869777860 lifecam22 2388.26000977 5871.09765625 4.68901634216
1478869777925 lifecam22 2381.00170898 5871.49316406 4.6826634407
1478869777994 lifecam22 2374.28613281 5870.15039062 4.68142938614
1478869778063 lifecam22 2367.54614258 5870.67236328 4.68514633179
1478869778139 lifecam22 2360.30493164 5869.89013672 4.68032693863
1478869778201 lifecam22 2354.36254883 5870.34765625 4.68618440628
1478869778270 lifecam22 2347.17822266 5870.45214844 4.68577671051
1478869778324 lifecam22 2341.57666016 5870.63867188 4.69855117798
1478869778405 lifecam22 2337.99267578 5871.76708984 4.71268129349
1478869778538 lifecam22 2326.30932617 5872.74121094 4.72330284119
1478869778599 lifecam22 2318.89428711 5872.78320312 4.72367525101
1478869778679 lifecam22 2313.21777344 5873.05957031 4.72629594803
1478869778731 lifecam22 2306.77001953 5873.33300781 4.72991943359
1478869778790 lifecam22 2299.27954102 5871.80761719 4.71434164047
1478869778938 lifecam22 2284.66870117 5869.39257812 4.70161581039
1478869778998 lifecam22 2276.47412109 5867.9765625 4.69430112839
1478869779068 lifecam22 2268.96289062 5866.17773438 4.68974018097
1478869779134 lifecam22 2262.47705078 5867.28515625 4.69432401657
1478869779201 lifecam22 2255.37036133 5865.91650391 4.68999814987
1478869779346 lifecam22 2241.56298828 5864.77197266 4.69171380997
1478869779403 lifecam22 2236.24853516 5864.26953125 4.70558023453
1478869779462 lifecam22 2228.73925781 5864.21826172 4.70225143433
1478869779530 lifecam22 2222.43286133 5864.31201172 4.70852327347
1478869779597 lifecam22 2215.9152832 5864.52880859 4.71289157867
1478869779806 lifecam22 2194.89770508 5864.51757812 4.71278429031
1478869779881 lifecam22 2188.17138672 5864.64746094 4.71402311325
1478869779936 lifecam22 2182.70532227 5865.50830078 4.72217082977
1478869779997 lifecam22 2177.2421875 5866.32324219 4.73105478287
1478869780067 lifecam22 2171.12231445 5866.17626953 4.73852777481
1478869780207 lifecam22 2157.00610352 5860.04541016 4.71749448776
1478869780272 lifecam22 2152.78686523 5862.21533203 4.74304819107
1478869780326 lifecam22 2146.81958008 5862.92285156 4.7486410141
1478869780396 lifecam22 2139.14453125 5860.68115234 4.73779439926
1478869780466 lifecam22 2131.828125 5859.79980469 4.73316431046
1478869780673 lifecam22 2110.9934082 5859.14453125 4.72814655304
1478869780736 lifecam22 2103.88427734 5858.64208984 4.72343254089
1478869780806 lifecam22 2097.08862305 5859.10253906 4.72775793076
1478869780881 lifecam22 2090.15014648 5859.54931641 4.73193597794
1478869780940 lifecam22 2083.15527344 5858.28808594 4.72347450256
1478869781083 lifecam22 2069.49682617 5856.5234375 4.72077894211
1478869781145 lifecam22 2063.18945312 5854.54052734 4.7258439064
1478869781202 lifecam22 2056.62817383 5854.56494141 4.72973060608
1478869781272 lifecam22 2047.89733887 5850.51708984 4.71278095245
1478869781348 lifecam22 2041.63903809 5850.93310547 4.71672964096
1478869781409 lifecam22 2035.76525879 5851.59960938 4.72303009033
1478869781547 lifecam22 2024.37512207 5852.94140625 4.73558950424
1478869781613 lifecam22 2017.02062988 5852.71826172 4.73351049423
1478869781675 lifecam22 2011.30090332 5853.19482422 4.74161338806
1478869781737 lifecam22 2004.81481934 5853.27685547 4.74496507645
1478869781816 lifecam22 1998.71936035 5852.59423828 4.75524711609
1478869781941 lifecam22 1986.29870605 5850.6796875 4.76095199585
1478869782065 lifecam22 1972.30615234 5849.19726562 4.75571870804
1478869782139 lifecam22 1964.67626953 5848.26318359 4.75096845627
1478869782206 lifecam22 1957.28979492 5847.29882812 4.74578714371
1478869782268 lifecam22 1949.71899414 5846.50537109 4.74082183838
1478869782344 lifecam22 1943.01391602 5846.30664062 4.73897886276
1478869782408 lifecam22 1936.16955566 5846.33056641 4.74158668518
1478869782467 lifecam22 1931.3137207 5846.15087891 4.75169086456
1478869782545 lifecam22 1925.18225098 5845.4375 4.75559854507
1478869782598 lifecam22 1917.63024902 5845.22460938 4.76098489761
1478869782733 lifecam22 1904.20410156 5843.40136719 4.75747251511
1478869782812 lifecam22 1895.88000488 5839.98632812 4.74105405807
1478869782885 lifecam22 1890.1328125 5840.6328125 4.74280834198
1478869782938 lifecam22 1881.37280273 5839.32373047 4.73914146423
1478869783006 lifecam22 1876.40917969 5838.62548828 4.74018383026
1478869783146 lifecam22 1864.75415039 5838.54003906 4.76071071625
1478869783213 lifecam22 1859.21459961 5839.31152344 4.76693820953
1478869783276 lifecam22 1852.03393555 5836.7109375 4.76008176804
1478869783349 lifecam22 1845.04504395 5836.73632812 4.76161384583
1478869783401 lifecam22 1838.81359863 5836.74902344 4.76447868347
1478869783545 lifecam22 1823.00891113 5833.51269531 4.74784135818
1478869783621 lifecam22 1816.91442871 5832.69628906 4.74775028229
1478869783678 lifecam22 1811.0994873 5832.94433594 4.76006889343
1478869783751 lifecam22 1805.06591797 5832.68896484 4.76375389099
1478869783804 lifecam22 1798.6829834 5832.28710938 4.76953172684
1478869783941 lifecam22 1788.30297852 5833.12451172 4.77987527847
1478869784015 lifecam22 1791.08642578 5832.03515625 4.77242612839
1478869784090 lifecam22 1790.53808594 5832.61621094 4.77775526047
1478869784142 lifecam22 1790.74768066 5832.26757812 4.77457427979
1478869784210 lifecam22 1790.40917969 5832.45898438 4.77533054352
1478869784416 lifecam22 1790.71154785 5832.08740234 4.77414321899
1478869784483 lifecam22 1790.35900879 5832.27246094 4.77358150482
1478869784541 lifecam22 1790.53027344 5832.17333984 4.77379083633
1478869784610 lifecam22 1790.73132324 5832.24951172 4.77441835403
1478869784677 lifecam22 1790.59533691 5832.23974609 4.77563810349
1478869784807 lifecam22 1790.35900879 5832.27246094 4.77358150482
1478869784880 lifecam22 1790.54370117 5832.33007812 4.77405452728
1478869784947 lifecam22 1790.55993652 5832.34814453 4.7742099762
1478869785014 lifecam22 1790.76342773 5832.56347656 4.77489471436
1478869785074 lifecam22 1790.55200195 5832.20068359 4.77404975891
1478869785346 lifecam22 1790.48144531 5832.11865234 4.77332401276
1478869785414 lifecam22 1790.29370117 5831.921875 4.77279567719
1478869785472 lifecam22 1790.54370117 5832.33007812 4.77405452728
1478869785542 lifecam22 1790.35083008 5832.12451172 4.77342176437
1478869785607 lifecam22 1790.54797363 5832.33447266 4.77409505844
