1478870403098 lifecam22 3192.45507812 5859.20263672 4.59549951553
1478870403172 lifecam22 3192.78979492 5859.3671875 4.5970582962
1478870403249 lifecam22 3192.45507812 5859.20263672 4.59549951553
1478870403366 lifecam22 3192.50341797 5859.11572266 4.59475278854
1478870403436 lifecam22 3192.6953125 5859.27441406 4.59757661819
1478870403500 lifecam22 3192.76269531 5859.43164062 4.59799623489
1478870403578 lifecam22 3192.84912109 5859.15429688 4.59655714035
1478870403647 lifecam22 3192.83398438 5859.16357422 4.59766292572
1478870403787 lifecam22 3192.5949707 5859.18505859 4.59551239014
1478870403846 lifecam22 3193.21582031 5859.45996094 4.5995554924
1478870403908 lifecam22 3192.79223633 5859.08984375 4.59611415863
1478870403977 lifecam22 3192.5949707 5859.18505859 4.59551239014
1478870404042 lifecam22 3193.07592773 5859.4765625 4.59954309464
1478870404247 lifecam22 3193.01245117 5859.25195312 4.59665298462
1478870404319 lifecam22 3192.61499023 5859.09179688 4.59702014923
1478870404381 lifecam22 3192.69458008 5859.18066406 4.59765148163
1478870404444 lifecam22 3192.97509766 5859.38769531 4.59747934341
1478870404506 lifecam22 3193.07592773 5859.4765625 4.59954309464
1478870404650 lifecam22 3193.72265625 5859.18847656 4.59929800034
1478870404707 lifecam22 3193.94262695 5858.83789062 4.59989547729
1478870404779 lifecam22 3194.99145508 5858.86621094 4.59915733337
1478870404845 lifecam22 3194.19702148 5858.78857422 4.59836244583
1478870404910 lifecam22 3194.56347656 5858.91943359 4.59913873672
1478870405051 lifecam22 3193.39111328 5859.16259766 4.59971952438
1478870405113 lifecam22 3193.12426758 5859.22705078 4.59891748428
1478870405182 lifecam22 3193.31787109 5859.11914062 4.59705352783
1478870405247 lifecam22 3191.43603516 5859.70800781 4.59971046448
1478870405317 lifecam22 3179.75561523 5860.07714844 4.60006952286
1478870405509 lifecam22 3159.59960938 5859.32861328 4.5908908844
1478870405582 lifecam22 3154.02978516 5860.16894531 4.59406518936
1478870405648 lifecam22 3147.5690918 5861.54833984 4.59978103638
1478870405712 lifecam22 3140.80273438 5862.09619141 4.60258483887
1478870405783 lifecam22 3133.80566406 5861.8515625 4.59769821167
1478870405910 lifecam22 3121.45288086 5863.078125 4.60436296463
1478870405982 lifecam22 3114.84082031 5863.97705078 4.60529232025
1478870406042 lifecam22 3108.20019531 5864.27099609 4.60191822052
1478870406114 lifecam22 3101.40185547 5864.04638672 4.60269403458
1478870406181 lifecam22 3094.91503906 5865.08886719 4.60512208939
1478870406383 lifecam22 3073.94140625 5864.74072266 4.60041713715
1478870406451 lifecam22 3067.9140625 5864.984375 4.60269975662
1478870406519 lifecam22 3061.08105469 5866.05029297 4.6038274765
1478870406578 lifecam22 3054.77001953 5866.18945312 4.60700130463
1478870406653 lifecam22 3047.74560547 5866.54980469 4.60684204102
1478870406783 lifecam22 3034.51635742 5867.30322266 4.60931110382
1478870406847 lifecam22 3029.74243164 5869.02929688 4.62108898163
1478870406916 lifecam22 3021.88867188 5868.14892578 4.61694908142
1478870406985 lifecam22 3016.32104492 5868.64746094 4.62006139755
1478870407052 lifecam22 3009.08935547 5868.47070312 4.61309480667
1478870407254 lifecam22 2989.31030273 5868.80664062 4.61661672592
1478870407315 lifecam22 2982.9699707 5869.53320312 4.619556427
1478870407384 lifecam22 2975.84741211 5869.66552734 4.61820554733
1478870407453 lifecam22 2969.31640625 5869.77539062 4.62216472626
1478870407516 lifecam22 2962.73022461 5870.00634766 4.62085103989
1478870407651 lifecam22 2949.47021484 5870.72070312 4.61909818649
1478870407712 lifecam22 2942.5402832 5871.03857422 4.61951541901
1478870407781 lifecam22 2936.63330078 5871.6171875 4.62093019485
1478870407847 lifecam22 2929.97314453 5872.26464844 4.62333869934
1478870407909 lifecam22 2922.88696289 5871.9453125 4.62030601501
1478870408050 lifecam22 2909.00048828 5871.92285156 4.61496067047
1478870408110 lifecam22 2902.50219727 5871.69287109 4.61713504791
1478870408180 lifecam22 2895.58544922 5872.23779297 4.61859416962
1478870408255 lifecam22 2888.78955078 5873.73144531 4.6233663559
1478870408315 lifecam22 2882.14233398 5872.83691406 4.62071561813
1478870408455 lifecam22 2869.32446289 5873.43457031 4.62471055984
1478870408518 lifecam22 2862.41601562 5873.90185547 4.62524366379
1478870408582 lifecam22 2855.84326172 5874.21777344 4.62638425827
1478870408655 lifecam22 2848.54272461 5873.34326172 4.62421703339
1478870408719 lifecam22 2842.75976562 5874.43017578 4.62838172913
1478870408923 lifecam22 2823.2734375 5874.52001953 4.62826728821
1478870408989 lifecam22 2816.47241211 5874.53125 4.63001680374
1478870409053 lifecam22 2810.20947266 5875.50878906 4.63584947586
1478870409124 lifecam22 2803.09887695 5875.29882812 4.63380670547
1478870409191 lifecam22 2796.296875 5875.59375 4.63401174545
1478870409385 lifecam22 2777.00244141 5876.84765625 4.64063119888
1478870409452 lifecam22 2770.28515625 5877.05078125 4.64161396027
1478870409518 lifecam22 2763.88525391 5877.29296875 4.64426755905
1478870409588 lifecam22 2757.24902344 5877.50634766 4.64521932602
1478870409717 lifecam22 2743.83300781 5877.35498047 4.64429950714
1478870409791 lifecam22 2736.73168945 5876.78271484 4.63995313644
1478870409846 lifecam22 2729.81884766 5876.32080078 4.63839244843
1478870409921 lifecam22 2723.38037109 5876.40039062 4.63582992554
1478870409987 lifecam22 2716.22631836 5877.31933594 4.64429187775
1478870410191 lifecam22 2696.21020508 5876.80664062 4.63792943954
1478870410257 lifecam22 2689.54711914 5877.18701172 4.63909864426
1478870410320 lifecam22 2682.56689453 5876.19921875 4.63618278503
1478870410388 lifecam22 2675.49047852 5876.65283203 4.63791751862
1478870410457 lifecam22 2668.94775391 5876.77734375 4.63813591003
1478870410652 lifecam22 2650.22509766 5876.56103516 4.64675140381
1478870410717 lifecam22 2643.81933594 5877.43359375 4.65174388885
1478870410788 lifecam22 2636.37060547 5877.07128906 4.64929389954
1478870410859 lifecam22 2630.03662109 5876.96875 4.65250492096
1478870411056 lifecam22 2610.1184082 5877.62451172 4.65924358368
1478870411125 lifecam22 2603.25585938 5877.44677734 4.6590461731
1478870411189 lifecam22 2596.55053711 5877.65478516 4.65960454941
1478870411249 lifecam22 2589.88525391 5878.41699219 4.66330385208
1478870411323 lifecam22 2582.85449219 5878.41845703 4.66215848923
1478870411458 lifecam22 2568.7097168 5877.23730469 4.65582370758
1478870411524 lifecam22 2561.7097168 5877.28759766 4.65778875351
1478870411593 lifecam22 2555.04760742 5876.80761719 4.65723133087
1478870411659 lifecam22 2548.20043945 5876.69433594 4.65627765656
1478870411721 lifecam22 2541.18847656 5876.42529297 4.6562833786
1478870411920 lifecam22 2521.31005859 5876.39013672 4.65665626526
1478870411992 lifecam22 2514.58129883 5876.37695312 4.65542793274
1478870412057 lifecam22 2508.42333984 5876.30810547 4.66376113892
1478870412123 lifecam22 2501.70678711 5876.58105469 4.66035985947
1478870412190 lifecam22 2495.59643555 5876.18212891 4.66560316086
1478870412321 lifecam22 2484.80981445 5877.48046875 4.68055057526
1478870412393 lifecam22 2476.96582031 5876.90234375 4.67728996277
1478870412460 lifecam22 2472.26269531 5877.91699219 4.6890411377
1478870412525 lifecam22 2464.83154297 5877.67871094 4.6866145134
1478870412584 lifecam22 2458.46020508 5877.99853516 4.69079875946
1478870412721 lifecam22 2444.60546875 5878.00585938 4.69209337234
1478870412794 lifecam22 2437.3503418 5878.04003906 4.68982028961
1478870412859 lifecam22 2430.60546875 5878.00585938 4.69209432602
1478870412917 lifecam22 2423.73461914 5877.98095703 4.69324493408
1478870412990 lifecam22 2416.73193359 5877.84179688 4.69193792343
1478870413128 lifecam22 2402.87695312 5877.12792969 4.68945264816
1478870413188 lifecam22 2395.94873047 5876.91943359 4.68634986877
1478870413265 lifecam22 2388.55029297 5874.60400391 4.67811536789
1478870413325 lifecam22 2381.58056641 5874.89111328 4.67830228806
1478870413395 lifecam22 2373.83886719 5873.18652344 4.67056465149
1478870413523 lifecam22 2360.75024414 5873.95996094 4.67889261246
1478870413596 lifecam22 2353.08105469 5872.21240234 4.66937923431
1478870413653 lifecam22 2347.79101562 5873.44238281 4.67698049545
1478870413725 lifecam22 2340.42651367 5871.86523438 4.66908359528
1478870413797 lifecam22 2332.69335938 5871.40869141 4.66939687729
1478870413936 lifecam22 2319.33374023 5869.78955078 4.66697311401
1478870413993 lifecam22 2315.26171875 5870.13720703 4.67412042618
1478870414055 lifecam22 2310.06933594 5871.03857422 4.68431186676
1478870414129 lifecam22 2303.69628906 5870.83984375 4.68884325027
1478870414195 lifecam22 2297.22265625 5871.01660156 4.69205331802
1478870414384 lifecam22 2276.87084961 5871.05126953 4.69785261154
1478870414461 lifecam22 2271.01049805 5871.18652344 4.70470142365
1478870414529 lifecam22 2264.05004883 5871.22070312 4.70505237579
1478870414593 lifecam22 2257.25268555 5871.26416016 4.70688533783
1478870414665 lifecam22 2250.46899414 5871.34130859 4.70879459381
1478870414864 lifecam22 2229.67138672 5871.41162109 4.71062850952
1478870414929 lifecam22 2222.89746094 5871.51757812 4.71278476715
1478870414996 lifecam22 2215.43505859 5870.80371094 4.70853185654
1478870415063 lifecam22 2208.43481445 5870.80371094 4.70853185654
1478870415129 lifecam22 2198.89477539 5865.89550781 4.68577289581
1478870415268 lifecam22 2185.0793457 5865.65478516 4.68741130829
1478870415332 lifecam22 2178.3112793 5865.07421875 4.689473629
1478870415388 lifecam22 2171.38647461 5864.85449219 4.68498897552
1478870415461 lifecam22 2165.765625 5864.24316406 4.69092512131
1478870415521 lifecam22 2159.22338867 5863.74853516 4.68990898132
1478870415723 lifecam22 2145.2800293 5864.79980469 4.71306324005
1478870415794 lifecam22 2138.54589844 5864.42041016 4.71071052551
1478870415864 lifecam22 2131.5456543 5864.42041016 4.71071004868
1478870415932 lifecam22 2124.66064453 5864.76611328 4.71514844894
1478870415999 lifecam22 2117.66088867 5864.76611328 4.71514749527
1478870416131 lifecam22 2103.66064453 5864.76611328 4.71514844894
1478870416193 lifecam22 2096.78955078 5864.76367188 4.71632528305
1478870416262 lifecam22 2089.19897461 5863.24804688 4.70982456207
1478870416331 lifecam22 2080.20288086 5858.32861328 4.69187831879
1478870416396 lifecam22 2073.515625 5857.86035156 4.69129133224
1478870416534 lifecam22 2060.51464844 5857.15771484 4.70023202896
1478870416591 lifecam22 2054.10766602 5857.27099609 4.70557355881
1478870416668 lifecam22 2047.81335449 5857.54541016 4.710729599
1478870416734 lifecam22 2042.30236816 5858.38037109 4.71860361099
1478870416799 lifecam22 2035.3026123 5858.38085938 4.71860313416
1478870416927 lifecam22 2023.02404785 5859.11230469 4.72785043716
1478870416997 lifecam22 2014.84777832 5858.51708984 4.72225570679
1478870417058 lifecam22 2008.94567871 5859.01025391 4.72689056396
1478870417119 lifecam22 2002.63415527 5859.28808594 4.72949457169
1478870417192 lifecam22 1995.52087402 5858.3671875 4.72947216034
1478870417330 lifecam22 1983.38049316 5853.47167969 4.73209762573
1478870417400 lifecam22 1977.90686035 5855.79882812 4.7427148819
1478870417468 lifecam22 1969.89648438 5853.02783203 4.73407268524
1478870417534 lifecam22 1963.52258301 5852.81787109 4.73305416107
1478870417600 lifecam22 1956.80407715 5851.37939453 4.72095584869
1478870417785 lifecam22 1935.78259277 5851.18164062 4.71908664703
1478870417869 lifecam22 1928.78271484 5851.18212891 4.71908760071
1478870417937 lifecam22 1921.88842773 5851.16015625 4.72002124786
1478870417995 lifecam22 1915.37524414 5850.98486328 4.72704792023
1478870418067 lifecam22 1908.93310547 5850.42578125 4.73068523407
1478870418200 lifecam22 1896.62927246 5848.17041016 4.73761367798
1478870418268 lifecam22 1889.82006836 5847.46630859 4.73685932159
1478870418332 lifecam22 1882.77905273 5846.8359375 4.73625135422
1478870418404 lifecam22 1874.39538574 5844.36035156 4.72077178955
1478870418471 lifecam22 1868.36987305 5844.89697266 4.7258272171
1478870418607 lifecam22 1854.26940918 5844.77490234 4.72468042374
1478870418668 lifecam22 1847.86340332 5844.94335938 4.72747850418
1478870418732 lifecam22 1841.68664551 5844.7109375 4.73518323898
1478870418798 lifecam22 1834.75439453 5844.66503906 4.73590707779
1478870418871 lifecam22 1830.03479004 5844.27050781 4.7532544136
1478870419072 lifecam22 1808.28723145 5839.01074219 4.73623323441
1478870419138 lifecam22 1802.70678711 5839.84667969 4.74281406403
1478870419191 lifecam22 1795.12390137 5839.31640625 4.73907327652
1478870419271 lifecam22 1788.97497559 5839.35595703 4.74302577972
1478870419341 lifecam22 1782.42907715 5837.11474609 4.72295951843
1478870419531 lifecam22 1786.99707031 5838.86523438 4.73852872849
1478870419606 lifecam22 1786.61999512 5838.62451172 4.73627710342
1478870419661 lifecam22 1787.56726074 5839.02539062 4.74000597
1478870419735 lifecam22 1786.61999512 5838.62451172 4.73627710342
1478870419794 lifecam22 1787.11425781 5838.84472656 4.73832845688
1478870419937 lifecam22 1786.78210449 5838.64404297 4.73645067215
1478870420003 lifecam22 1787.27368164 5838.86376953 4.73849964142
1478870420073 lifecam22 1787.40795898 5839.00634766 4.73983573914
1478870420136 lifecam22 1786.77990723 5838.64355469 4.73645019531
1478870420203 lifecam22 1786.93322754 5838.80566406 4.73796892166
1478870420341 lifecam22 1786.96081543 5838.68310547 4.73681020737
1478870420399 lifecam22 1787.09289551 5838.82470703 4.73814153671
1478870420470 lifecam22 1786.78210449 5838.64404297 4.73645067215
1478870420539 lifecam22 1786.93322754 5838.80566406 4.73796892166
1478870420604 lifecam22 1787.11425781 5838.84472656 4.73832845688
1478870420796 lifecam22 1786.78210449 5838.64404297 4.73645067215
1478870420870 lifecam22 1786.78210449 5838.64404297 4.73645067215
1478870420931 lifecam22 1787.09289551 5838.82470703 4.73814153671
1478870421008 lifecam22 1787.15649414 5838.88427734 4.73869991302
1478870421072 lifecam22 1786.93322754 5838.80566406 4.73796892166
1478870421209 lifecam22 1787.11425781 5838.84472656 4.73832845688
1478870421272 lifecam22 1787.09289551 5838.82470703 4.73814153671
1478870421338 lifecam22 1787.09472656 5838.8359375 4.73945236206
1478870421405 lifecam22 1786.93322754 5838.80566406 4.73796892166
1478870421472 lifecam22 1787.07458496 5838.80810547 4.73798274994
1478870421611 lifecam22 1786.93322754 5838.80566406 4.73796892166
