1478869844713 lifecam22 3193.89160156 5859.22705078 4.61695289612
1478869844781 lifecam22 3194.19897461 5859.59033203 4.62061166763
1478869844844 lifecam22 3194.06884766 5859.22021484 4.61699008942
1478869844906 lifecam22 3194.0090332 5859.18554688 4.61527919769
1478869844977 lifecam22 3194.29614258 5859.38818359 4.62025165558
1478869845180 lifecam22 3194.20996094 5859.36669922 4.61968851089
1478869845242 lifecam22 3194.12451172 5859.39746094 4.61871671677
1478869845298 lifecam22 3194.13452148 5859.53515625 4.61870479584
1478869845382 lifecam22 3194.37207031 5859.58203125 4.62215089798
1478869845436 lifecam22 3194.13598633 5859.55322266 4.61887836456
1478869845650 lifecam22 3194.19897461 5859.59033203 4.62061166763
1478869845712 lifecam22 3193.82568359 5859.16552734 4.61622190475
1478869845775 lifecam22 3194.37207031 5859.58203125 4.62215089798
1478869845845 lifecam22 3194.37207031 5859.58203125 4.62215089798
1478869845912 lifecam22 3193.95654297 5859.26513672 4.61868715286
1478869846116 lifecam22 3194.37402344 5859.49121094 4.61985588074
1478869846175 lifecam22 3193.98193359 5859.67041016 4.61982345581
1478869846240 lifecam22 3194.00415039 5859.56445312 4.61890745163
1478869846309 lifecam22 3194.20800781 5859.72802734 4.62059879303
1478869846379 lifecam22 3193.97119141 5859.42919922 4.618704319
1478869846519 lifecam22 3194.21826172 5859.19238281 4.61701965332
1478869846576 lifecam22 3194.59838867 5859.52832031 4.61912202835
1478869846638 lifecam22 3194.44750977 5859.53955078 4.61914348602
1478869846718 lifecam22 3193.97143555 5859.07080078 4.61548852921
1478869846783 lifecam22 3194.65112305 5859.70458984 4.62083005905
1478869846835 lifecam22 3194.93359375 5859.67919922 4.62219762802
1478869847043 lifecam22 3194.3828125 5859.50048828 4.61740207672
1478869847100 lifecam22 3194.75610352 5860.69628906 4.62250566483
1478869847171 lifecam22 3194.75610352 5860.69628906 4.62250566483
1478869847247 lifecam22 3195.08398438 5860.31347656 4.61927843094
1478869847315 lifecam22 3194.77978516 5860.19238281 4.61784029007
1478869847514 lifecam22 3197.28369141 5859.25244141 4.62196731567
1478869847586 lifecam22 3197.95800781 5860.26806641 4.62441015244
1478869847651 lifecam22 3198.20581055 5860.52978516 4.62693214417
1478869847702 lifecam22 3193.54956055 5858.30126953 4.61167669296
1478869847778 lifecam22 3180.3581543 5857.45556641 4.60332727432
1478869847977 lifecam22 3161.59619141 5858.45800781 4.60499572754
1478869848039 lifecam22 3155.59790039 5858.22363281 4.60520219803
1478869848108 lifecam22 3149.77294922 5859.97412109 4.60985469818
1478869848176 lifecam22 3142.23925781 5860.36767578 4.61178302765
1478869848237 lifecam22 3136.59033203 5860.32080078 4.61180830002
1478869848445 lifecam22 3116.94726562 5862.07910156 4.62045001984
1478869848507 lifecam22 3109.41723633 5861.39355469 4.61751270294
1478869848567 lifecam22 3102.60107422 5861.18603516 4.61436462402
1478869848636 lifecam22 3096.9230957 5861.86230469 4.61679172516
1478869848707 lifecam22 3088.9453125 5860.58496094 4.61013317108
1478869848916 lifecam22 3069.64428711 5861.93066406 4.61676836014
1478869848978 lifecam22 3062.40771484 5862.37109375 4.615421772
1478869849042 lifecam22 3056.05712891 5862.50244141 4.6173081398
1478869849119 lifecam22 3049.88769531 5863.29199219 4.62033700943
1478869849175 lifecam22 3042.95654297 5862.96386719 4.61724662781
1478869849373 lifecam22 3023.62548828 5865.22363281 4.62317800522
1478869849438 lifecam22 3017.40600586 5865.49560547 4.62878799438
1478869849506 lifecam22 3011.11914062 5865.82617188 4.6240401268
1478869849573 lifecam22 3003.84692383 5865.73974609 4.62407302856
1478869849637 lifecam22 2997.30273438 5865.80859375 4.62128210068
1478869849794 lifecam22 2983.48974609 5865.95361328 4.62168073654
1478869849849 lifecam22 2976.80004883 5866.95898438 4.62495040894
1478869849912 lifecam22 2970.17749023 5867.02392578 4.62592935562
1478869849984 lifecam22 2964.61621094 5867.75634766 4.62905502319
1478869850052 lifecam22 2958.16064453 5868.20458984 4.63234615326
1478869850314 lifecam22 2931.83618164 5868.98339844 4.63862276077
1478869850380 lifecam22 2923.72631836 5866.80712891 4.62529039383
1478869850452 lifecam22 2917.52050781 5867.46289062 4.62821054459
1478869850508 lifecam22 2911.34204102 5867.74707031 4.62779378891
1478869850574 lifecam22 2904.53222656 5867.78564453 4.62950897217
1478869850783 lifecam22 2883.97558594 5869.16796875 4.63572120667
1478869850843 lifecam22 2878.0144043 5869.60595703 4.63708925247
1478869850909 lifecam22 2870.37011719 5868.99707031 4.63450670242
1478869850971 lifecam22 2864.92675781 5869.65869141 4.64095067978
1478869851039 lifecam22 2858.02197266 5870.26953125 4.6415014267
1478869851252 lifecam22 2837.46362305 5870.25439453 4.64029169083
1478869851310 lifecam22 2831.37719727 5870.33154297 4.64178609848
1478869851379 lifecam22 2824.68847656 5870.21826172 4.64044332504
1478869851453 lifecam22 2817.83935547 5870.20068359 4.64181184769
1478869851521 lifecam22 2811.38964844 5870.51806641 4.64383411407
1478869851713 lifecam22 2790.95849609 5871.17089844 4.64403915405
1478869851779 lifecam22 2784.31298828 5870.57958984 4.64272737503
1478869851853 lifecam22 2778.01025391 5871.234375 4.64548063278
1478869851909 lifecam22 2771.34301758 5871.11230469 4.64693641663
1478869851983 lifecam22 2764.72192383 5870.88085938 4.65042972565
1478869852184 lifecam22 2744.58642578 5871.11962891 4.64951372147
1478869852250 lifecam22 2737.39257812 5870.59179688 4.64686107635
1478869852315 lifecam22 2731.20898438 5871.03710938 4.65037727356
1478869852390 lifecam22 2724.73583984 5871.37890625 4.65136051178
1478869852456 lifecam22 2717.30444336 5870.60205078 4.6501493454
1478869852646 lifecam22 2697.89501953 5871.55761719 4.65800714493
1478869852723 lifecam22 2691.57202148 5871.31445312 4.65497541428
1478869852784 lifecam22 2684.93554688 5870.76806641 4.65315818787
1478869852856 lifecam22 2677.953125 5870.81494141 4.65063095093
1478869852925 lifecam22 2671.6875 5871.41552734 4.6569314003
1478869853126 lifecam22 2652.76904297 5872.05712891 4.66583442688
1478869853179 lifecam22 2645.51708984 5871.73730469 4.66515016556
1478869853252 lifecam22 2638.7253418 5871.88964844 4.66547060013
1478869853324 lifecam22 2632.00439453 5871.33886719 4.66689634323
1478869853379 lifecam22 2624.93505859 5871.95605469 4.66740465164
1478869853597 lifecam22 2603.96411133 5871.8359375 4.6664276123
1478869853664 lifecam22 2597.17456055 5870.59130859 4.66740560532
1478869853728 lifecam22 2590.17919922 5870.85693359 4.66738033295
1478869853793 lifecam22 2583.20092773 5870.48144531 4.6676774025
1478869853854 lifecam22 2576.75732422 5870.14013672 4.66981601715
1478869854052 lifecam22 2556.64526367 5869.89892578 4.66519927979
1478869854113 lifecam22 2550.25537109 5869.84912109 4.67006969452
1478869854193 lifecam22 2543.4152832 5869.78515625 4.67446613312
1478869854250 lifecam22 2536.26318359 5869.88964844 4.67539262772
1478869854324 lifecam22 2529.85888672 5869.79492188 4.6773853302
1478869854529 lifecam22 2511.12744141 5869.81103516 4.6798043251
1478869854595 lifecam22 2504.3996582 5869.89599609 4.67932939529
1478869854655 lifecam22 2498.21289062 5870.07324219 4.68136167526
1478869854715 lifecam22 2493.52050781 5870.88623047 4.6913356781
1478869854788 lifecam22 2486.60571289 5871.00585938 4.69209575653
1478869854985 lifecam22 2466.58544922 5870.76269531 4.70087051392
1478869855047 lifecam22 2459.54492188 5870.75048828 4.7005033493
1478869855119 lifecam22 2452.68579102 5870.74755859 4.70051193237
1478869855178 lifecam22 2446.11206055 5870.87597656 4.70434808731
1478869855247 lifecam22 2439.13061523 5870.59570312 4.70452070236
1478869855457 lifecam22 2419.04663086 5871.38916016 4.71297168732
1478869855518 lifecam22 2409.03613281 5866.13525391 4.68565559387
1478869855578 lifecam22 2402.19873047 5866.67480469 4.68708992004
1478869855646 lifecam22 2394.76098633 5864.69873047 4.67346715927
1478869855721 lifecam22 2387.66967773 5864.00732422 4.67419195175
1478869855991 lifecam22 2361.36572266 5862.92724609 4.67847061157
1478869856062 lifecam22 2355.63769531 5863.54296875 4.68722200394
1478869856129 lifecam22 2349.73950195 5863.98681641 4.6923789978
1478869856187 lifecam22 2343.43774414 5863.84521484 4.69375276566
1478869856263 lifecam22 2340.63525391 5865.11669922 4.71328210831
1478869856398 lifecam22 2327.34741211 5865.37402344 4.71839332581
1478869856457 lifecam22 2320.30810547 5864.69775391 4.71211338043
1478869856518 lifecam22 2313.53735352 5864.69238281 4.71327018738
1478869856582 lifecam22 2306.671875 5864.41113281 4.71062850952
1478869856653 lifecam22 2299.67163086 5864.41113281 4.71062898636
1478869856798 lifecam22 2286.04003906 5864.76660156 4.71515130997
1478869856865 lifecam22 2278.66064453 5864.76611328 4.71514701843
1478869856925 lifecam22 2270.99829102 5862.96240234 4.7045841217
1478869856989 lifecam22 2264.5690918 5863.90917969 4.70974731445
1478869857064 lifecam22 2255.33862305 5859.01904297 4.68971681595
1478869857194 lifecam22 2241.60229492 5857.80517578 4.69206476212
1478869857257 lifecam22 2235.33129883 5857.11083984 4.69858455658
1478869857321 lifecam22 2228.14526367 5857.08447266 4.69691467285
1478869857388 lifecam22 2222.39331055 5857.26269531 4.70689105988
1478869857447 lifecam22 2215.43286133 5857.3125 4.70852279663
1478869857662 lifecam22 2197.47583008 5858.99072266 4.7267074585
1478869857723 lifecam22 2192.77368164 5860.11962891 4.73724555969
1478869857793 lifecam22 2185.54980469 5860.04101562 4.73651027679
1478869857858 lifecam22 2178.23828125 5859.87988281 4.735019207
1478869857931 lifecam22 2173.52734375 5860.15820312 4.7412648201
1478869858058 lifecam22 2160.32006836 5859.77832031 4.73760652542
1478869858137 lifecam22 2153.12280273 5857.57910156 4.73614454269
1478869858190 lifecam22 2146.32373047 5856.35986328 4.73388051987
1478869858252 lifecam22 2139.23168945 5852.67529297 4.72832727432
1478869858336 lifecam22 2131.63916016 5850.64257812 4.71280193329
1478869858467 lifecam22 2117.91479492 5850.52880859 4.71288824081
1478869858530 lifecam22 2110.91479492 5850.52880859 4.71288824081
1478869858594 lifecam22 2103.53662109 5850.52880859 4.71288967133
1478869858648 lifecam22 2096.53613281 5850.52832031 4.71288824081
1478869858717 lifecam22 2089.53637695 5850.52832031 4.71288871765
1478869858863 lifecam22 2076.01757812 5850.50976562 4.71382331848
1478869858925 lifecam22 2069.39404297 5850.20703125 4.71725511551
1478869858987 lifecam22 2062.81030273 5849.19677734 4.7221531868
1478869859056 lifecam22 2057.50390625 5848.5859375 4.73623371124
1478869859119 lifecam22 2048.60375977 5844.00292969 4.71504926682
1478869859334 lifecam22 2031.6973877 5845.97802734 4.73592996597
1478869859398 lifecam22 2025.13269043 5846.13964844 4.73742866516
1478869859467 lifecam22 2018.0135498 5846.16113281 4.7376332283
1478869859535 lifecam22 2011.79602051 5846.40429688 4.73988294601
1478869859585 lifecam22 2005.06311035 5846.39257812 4.74099397659
1478869859786 lifecam22 1986.94616699 5845.24755859 4.7589635849
1478869859864 lifecam22 1980.2578125 5845.34375 4.7623925209
1478869859924 lifecam22 1973.13012695 5843.65234375 4.76038885117
1478869859996 lifecam22 1966.14855957 5843.71240234 4.76334762573
1478869860055 lifecam22 1957.95959473 5839.45117188 4.73726701736
1478869860263 lifecam22 1936.61376953 5838.60205078 4.73242855072
1478869860337 lifecam22 1929.73913574 5838.57714844 4.73568677902
1478869860398 lifecam22 1922.78320312 5838.1015625 4.73229026794
1478869860463 lifecam22 1916.82409668 5838.57226562 4.74172306061
1478869860537 lifecam22 1911.27844238 5837.07519531 4.74691390991
1478869860675 lifecam22 1896.68066406 5832.96386719 4.73731184006
1478869860721 lifecam22 1891.56994629 5835.76318359 4.75277137756
1478869860801 lifecam22 1882.52355957 5831.35498047 4.73011779785
1478869860861 lifecam22 1875.45654297 5831.13525391 4.7280664444
1478869860918 lifecam22 1870.72143555 5832.00927734 4.73744487762
1478869861070 lifecam22 1858.48254395 5832.51855469 4.74981069565
1478869861126 lifecam22 1853.39868164 5831.92041016 4.76548099518
1478869861205 lifecam22 1846.1270752 5831.68505859 4.76717424393
1478869861269 lifecam22 1839.54382324 5830.7109375 4.76665735245
1478869861330 lifecam22 1832.2767334 5829.57470703 4.76241111755
1478869861466 lifecam22 1816.53918457 5825.46240234 4.74042463303
1478869861531 lifecam22 1810.03051758 5825.54150391 4.74599885941
1478869861605 lifecam22 1803.75732422 5825.93066406 4.74849700928
1478869861674 lifecam22 1798.08337402 5826.12304688 4.76179456711
1478869861723 lifecam22 1791.5065918 5825.68457031 4.76689958572
1478869861869 lifecam22 1791.17822266 5826.00146484 4.76996660233
1478869861931 lifecam22 1790.38146973 5825.85449219 4.77157402039
1478869861988 lifecam22 1790.86413574 5825.64404297 4.77065467834
1478869862065 lifecam22 1790.38171387 5825.99755859 4.77165746689
1478869862124 lifecam22 1790.60522461 5825.64941406 4.77084493637
1478869862266 lifecam22 1790.5098877 5825.70361328 4.76874828339
1478869862332 lifecam22 1790.43261719 5825.91650391 4.7708067894
1478869862385 lifecam22 1790.60522461 5825.64941406 4.77084493637
1478869862466 lifecam22 1790.71044922 5825.77880859 4.77321529388
1478869862536 lifecam22 1790.56054688 5825.90332031 4.77194499969
1478869862671 lifecam22 1790.56054688 5825.90332031 4.77194499969
1478869862728 lifecam22 1790.6517334 5825.99609375 4.77281570435
1478869862800 lifecam22 1790.56433105 5825.91650391 4.7719874382
1478869862867 lifecam22 1790.45080566 5826.078125 4.77106428146
1478869862927 lifecam22 1790.67016602 5825.87158203 4.77290678024
1478869863066 lifecam22 1790.20935059 5825.66650391 4.76855325699
1478869863131 lifecam22 1790.56054688 5825.90332031 4.77194499969
1478869863199 lifecam22 1790.60522461 5825.64941406 4.77084493637
1478869863270 lifecam22 1790.60522461 5825.64941406 4.77084493637
1478869863342 lifecam22 1790.52380371 5825.86621094 4.77159547806
1478869863469 lifecam22 1790.2532959 5825.86816406 4.7704372406
1478869863540 lifecam22 1790.52380371 5825.86621094 4.77159547806
1478869863594 lifecam22 1790.56054688 5825.90332031 4.77194499969
1478869863666 lifecam22 1790.5144043 5825.55761719 4.76997470856
1478869863728 lifecam22 1790.36315918 5825.8359375 4.77139997482
1478869863862 lifecam22 1790.47912598 5825.6640625 4.76971244812
1478869863922 lifecam22 1790.28222656 5825.73974609 4.76924991608
1478869863993 lifecam22 1790.3449707 5825.96044922 4.77130889893
1478869864067 lifecam22 1790.36315918 5825.8359375 4.77139997482
1478869864143 lifecam22 1790.43261719 5825.91650391 4.7708067894
1478869864274 lifecam22 1790.54223633 5825.88476562 4.77177047729
1478869864339 lifecam22 1790.54223633 5825.88476562 4.77177047729
1478869864396 lifecam22 1790.57885742 5825.921875 4.77211952209
1478869864460 lifecam22 1790.47912598 5825.6640625 4.76971244812
1478869864544 lifecam22 1790.47827148 5825.52050781 4.76962709427
1478869864678 lifecam22 1790.46081543 5825.64550781 4.76953744888
1478869864733 lifecam22 1790.57885742 5825.921875 4.77211952209
1478869864806 lifecam22 1790.49719238 5825.68212891 4.76988601685
