1478870808404 lifecam22 3194.65917969 5854.859375 4.60327720642
1478870808472 lifecam22 3194.44018555 5854.79589844 4.60497236252
1478870808609 lifecam22 3194.02392578 5854.73779297 4.60272216797
1478870808663 lifecam22 3194.47290039 5854.44384766 4.60289096832
1478870808739 lifecam22 3194.30664062 5854.67822266 4.60250854492
1478870808795 lifecam22 3194.30664062 5854.67822266 4.60250854492
1478870808875 lifecam22 3194.35620117 5854.60839844 4.60192108154
1478870809073 lifecam22 3194.30664062 5854.67822266 4.60250854492
1478870809139 lifecam22 3194.30664062 5854.67822266 4.60250854492
1478870809210 lifecam22 3194.625 5854.80322266 4.60404634476
1478870809272 lifecam22 3194.30004883 5854.68017578 4.60117864609
1478870809340 lifecam22 3193.84619141 5853.90478516 4.59646940231
1478870809543 lifecam22 3194.35742188 5854.59130859 4.60176372528
1478870809611 lifecam22 3194.49829102 5854.04003906 4.59721279144
1478870809666 lifecam22 3194.16430664 5854.02734375 4.59800577164
1478870809739 lifecam22 3194.25732422 5853.85107422 4.5964884758
1478870809811 lifecam22 3194.04711914 5854.23193359 4.5979642868
1478870809942 lifecam22 3194.35742188 5854.59130859 4.60176372528
1478870810009 lifecam22 3194.36376953 5854.48779297 4.60062551498
1478870810073 lifecam22 3194.25732422 5853.85107422 4.5964884758
1478870810141 lifecam22 3193.80932617 5853.88867188 4.59492588043
1478870810217 lifecam22 3194.35766602 5853.80664062 4.59740447998
1478870810407 lifecam22 3194.58203125 5853.61083984 4.59585618973
1478870810478 lifecam22 3195.06884766 5853.69433594 4.59642934799
1478870810533 lifecam22 3193.70214844 5854.61083984 4.60115861893
1478870810605 lifecam22 3194.09667969 5853.72949219 4.59643793106
1478870810820 lifecam22 3181.06835938 5854.08007812 4.58830118179
1478870810867 lifecam22 3175.74414062 5855.80517578 4.59866142273
1478870810948 lifecam22 3170.79638672 5855.56591797 4.59474754333
1478870811003 lifecam22 3160.92089844 5855.94726562 4.59376621246
1478870811083 lifecam22 3156.65869141 5855.59423828 4.5933675766
1478870811270 lifecam22 3136.0625 5857.0703125 4.59566783905
1478870811333 lifecam22 3127.92382812 5857.45605469 4.59593153
1478870811411 lifecam22 3122.23974609 5858.21289062 4.60136604309
1478870811477 lifecam22 3115.85327148 5858.97802734 4.60173463821
1478870811546 lifecam22 3108.95117188 5858.57275391 4.60043811798
1478870811679 lifecam22 3095.71142578 5860.17285156 4.60457897186
1478870811743 lifecam22 3089.13500977 5859.47558594 4.60269260406
1478870811814 lifecam22 3082.36816406 5860.30566406 4.60533046722
1478870811870 lifecam22 3076.41918945 5859.55908203 4.60495758057
1478870811945 lifecam22 3069.95678711 5861.11132812 4.60998630524
1478870812078 lifecam22 3055.91015625 5860.48339844 4.60398006439
1478870812144 lifecam22 3050.19873047 5861.74072266 4.61017990112
1478870812213 lifecam22 3043.19091797 5862.18066406 4.61226129532
1478870812283 lifecam22 3036.53173828 5862.44970703 4.61381959915
1478870812345 lifecam22 3030.7644043 5862.95605469 4.61642742157
1478870812483 lifecam22 3017.43945312 5863.40869141 4.61647415161
1478870812546 lifecam22 3010.52563477 5863.90039062 4.61452674866
1478870812605 lifecam22 3004.04882812 5864.55175781 4.61739826202
1478870812680 lifecam22 2997.72509766 5865.24267578 4.61798667908
1478870812742 lifecam22 2990.44580078 5865.11962891 4.61805200577
1478870812885 lifecam22 2977.87524414 5865.08984375 4.61256790161
1478870812948 lifecam22 2970.24853516 5864.32080078 4.60873031616
1478870813015 lifecam22 2964.30102539 5865.30712891 4.61235189438
1478870813082 lifecam22 2957.30688477 5865.43115234 4.61483049393
1478870813149 lifecam22 2950.87060547 5866.24755859 4.6142077446
1478870813280 lifecam22 2937.04711914 5866.29785156 4.61575984955
1478870813348 lifecam22 2932.36987305 5868.34863281 4.62690782547
1478870813417 lifecam22 2924.2253418 5866.83007812 4.61956310272
1478870813482 lifecam22 2918.32128906 5868.43505859 4.62767219543
1478870813550 lifecam22 2910.98730469 5868.02587891 4.62482070923
1478870813682 lifecam22 2898.77856445 5869.01464844 4.63123178482
1478870813738 lifecam22 2890.52709961 5867.49121094 4.62201929092
1478870813810 lifecam22 2884.37231445 5868.40771484 4.62662029266
1478870813883 lifecam22 2878.25854492 5869.12353516 4.63152456284
1478870813948 lifecam22 2870.86401367 5868.75244141 4.62704753876
1478870814148 lifecam22 2851.36865234 5869.8046875 4.63547754288
1478870814215 lifecam22 2844.72924805 5869.97607422 4.63347434998
1478870814272 lifecam22 2838.01586914 5870.07226562 4.63463497162
1478870814350 lifecam22 2831.88647461 5870.46337891 4.63782310486
1478870814414 lifecam22 2825.3190918 5870.95263672 4.63769769669
1478870814547 lifecam22 2813.01318359 5871.32910156 4.6426320076
1478870814619 lifecam22 2806.43725586 5871.53271484 4.64487695694
1478870814690 lifecam22 2799.6862793 5871.51025391 4.64481830597
1478870814738 lifecam22 2792.54394531 5871.15380859 4.64256238937
1478870814811 lifecam22 2785.28808594 5871.17822266 4.64256286621
1478870814956 lifecam22 2772.11157227 5871.85986328 4.64581489563
1478870815012 lifecam22 2764.95581055 5871.85888672 4.64451313019
1478870815086 lifecam22 2758.38110352 5871.84277344 4.64465427399
1478870815150 lifecam22 2751.265625 5871.22998047 4.6413359642
1478870815216 lifecam22 2745.02319336 5871.96875 4.64385986328
1478870815411 lifecam22 2725.1862793 5871.10302734 4.63910722733
1478870815472 lifecam22 2718.60620117 5871.04296875 4.63986873627
1478870815554 lifecam22 2712.21801758 5871.67138672 4.64504051208
1478870815620 lifecam22 2705.37475586 5871.40478516 4.64388799667
1478870815686 lifecam22 2699.36914062 5872.09082031 4.64847278595
1478870815810 lifecam22 2685.65893555 5872.32763672 4.65090084076
1478870815885 lifecam22 2679.4309082 5872.98388672 4.65495443344
1478870815950 lifecam22 2671.8215332 5872.61279297 4.65227794647
1478870816017 lifecam22 2665.5859375 5872.58984375 4.65264558792
1478870816084 lifecam22 2659.69824219 5873.94238281 4.66097402573
1478870816223 lifecam22 2645.75024414 5873.83154297 4.66018152237
1478870816282 lifecam22 2638.4296875 5873.27880859 4.65738344193
1478870816338 lifecam22 2631.01269531 5872.54833984 4.65268945694
1478870816417 lifecam22 2624.68847656 5872.56982422 4.65227365494
1478870816479 lifecam22 2617.97070312 5872.03515625 4.65496206284
1478870816547 lifecam22 2610.52441406 5872.0390625 4.65099048615
1478870816691 lifecam22 2596.3059082 5871.44042969 4.65163230896
1478870816750 lifecam22 2591.1081543 5873.81884766 4.66233730316
1478870816821 lifecam22 2582.55151367 5871.54345703 4.65147972107
1478870816887 lifecam22 2576.10717773 5871.79833984 4.65286397934
1478870816950 lifecam22 2569.19458008 5871.70751953 4.65485334396
1478870817089 lifecam22 2556.46459961 5871.64208984 4.66158056259
1478870817145 lifecam22 2550.29663086 5870.64599609 4.65877151489
1478870817209 lifecam22 2544.46533203 5871.51025391 4.6627202034
1478870817288 lifecam22 2537.94775391 5871.26464844 4.66448307037
1478870817355 lifecam22 2531.42919922 5870.81884766 4.66634941101
1478870817484 lifecam22 2518.03100586 5870.64599609 4.66902732849
1478870817557 lifecam22 2512.19775391 5871.25048828 4.67506933212
1478870817613 lifecam22 2506.18408203 5871.57128906 4.68094444275
1478870817692 lifecam22 2499.71435547 5872.06591797 4.68417739868
1478870817745 lifecam22 2492.71484375 5872.06591797 4.68417882919
1478870817891 lifecam22 2478.78833008 5871.86767578 4.68483257294
1478870817956 lifecam22 2471.84277344 5871.92382812 4.6853146553
1478870818022 lifecam22 2465.05200195 5871.43408203 4.68716716766
1478870818083 lifecam22 2458.03710938 5871.00195312 4.68305444717
1478870818160 lifecam22 2450.96582031 5870.09570312 4.67710494995
1478870818290 lifecam22 2437.09716797 5869.70166016 4.67710828781
1478870818348 lifecam22 2430.40893555 5870.28125 4.68384599686
1478870818418 lifecam22 2423.31469727 5869.65429688 4.67784738541
1478870818484 lifecam22 2416.2355957 5869.71630859 4.67840480804
1478870818556 lifecam22 2410.53540039 5869.50195312 4.68099689484
1478870818747 lifecam22 2391.70410156 5870.16845703 4.69590044022
1478870818826 lifecam22 2385.06762695 5869.73193359 4.6956615448
1478870818893 lifecam22 2377.84228516 5867.67919922 4.68367385864
1478870818949 lifecam22 2374.02490234 5869.26367188 4.694211483
1478870819020 lifecam22 2365.45751953 5865.84082031 4.67839622498
1478870819155 lifecam22 2353.26000977 5867.01953125 4.68901777267
1478870819219 lifecam22 2345.5222168 5865.51074219 4.68582582474
1478870819281 lifecam22 2338.71826172 5866.34716797 4.68756628036
1478870819345 lifecam22 2331.65283203 5864.70263672 4.68698310852
1478870819423 lifecam22 2324.84106445 5864.34570312 4.68865633011
1478870819560 lifecam22 2311.49609375 5864.046875 4.69111728668
1478870819625 lifecam22 2304.40576172 5864.10449219 4.6903128624
1478870819696 lifecam22 2297.60571289 5864.00585938 4.69209527969
1478870819756 lifecam22 2291.82861328 5864.13867188 4.70305585861
1478870819827 lifecam22 2284.45874023 5864.08642578 4.6997294426
1478870819964 lifecam22 2271.5949707 5864.33105469 4.70871210098
1478870820021 lifecam22 2264.23144531 5864.24365234 4.70669794083
1478870820091 lifecam22 2257.43261719 5864.31201172 4.70852184296
1478870820158 lifecam22 2250.65380859 5864.40087891 4.71052503586
1478870820224 lifecam22 2243.89746094 5864.51708984 4.71278381348
1478870820428 lifecam22 2223.08740234 5862.03076172 4.70486497879
1478870820494 lifecam22 2217.66748047 5865.10107422 4.72253227234
1478870820561 lifecam22 2210.82788086 5859.67675781 4.70833349228
1478870820622 lifecam22 2205.47167969 5859.66650391 4.71382141113
1478870820693 lifecam22 2199.69580078 5858.62158203 4.70797157288
1478870820820 lifecam22 2187.31347656 5857.57568359 4.71097612381
1478870820896 lifecam22 2180.34179688 5857.47460938 4.71003007889
1478870820954 lifecam22 2173.67138672 5857.41113281 4.71062850952
1478870821026 lifecam22 2166.91040039 5858.90576172 4.72590970993
1478870821097 lifecam22 2159.53686523 5857.52880859 4.71289157867
1478870821298 lifecam22 2138.53686523 5857.52880859 4.71289157867
1478870821352 lifecam22 2131.76757812 5857.49316406 4.71499347687
1478870821426 lifecam22 2125.42529297 5857.76269531 4.71868133545
1478870821498 lifecam22 2118.73999023 5856.98925781 4.72154092789
1478870821550 lifecam22 2111.56982422 5855.96289062 4.71993017197
1478870821697 lifecam22 2097.03295898 5851.08984375 4.71394062042
1478870821761 lifecam22 2090.41796875 5850.85107422 4.71479463577
1478870821828 lifecam22 2084.38598633 5851.38134766 4.72097253799
1478870821899 lifecam22 2078.07836914 5851.75830078 4.72452306747
1478870821961 lifecam22 2070.05908203 5851.18164062 4.7190861702
1478870822090 lifecam22 2057.61645508 5851.99511719 4.72675085068
1478870822164 lifecam22 2053.0769043 5853.09082031 4.73820400238
1478870822226 lifecam22 2046.7935791 5853.26123047 4.74099397659
1478870822295 lifecam22 2041.80041504 5852.04492188 4.75346899033
1478870822351 lifecam22 2035.32727051 5851.29589844 4.75537347794
1478870822490 lifecam22 2019.77331543 5845.54394531 4.73053836823
1478870822563 lifecam22 2012.89953613 5845.76611328 4.73285675049
1478870822630 lifecam22 2005.99572754 5845.29882812 4.72959470749
1478870822686 lifecam22 1998.96032715 5844.73925781 4.72434616089
1478870822759 lifecam22 1992.07312012 5846.02441406 4.73636102676
1478870822955 lifecam22 1971.81005859 5845.609375 4.7384428978
1478870823036 lifecam22 1966.0715332 5844.40869141 4.73926734924
1478870823093 lifecam22 1960.21813965 5844.40673828 4.74699544907
1478870823160 lifecam22 1954.24902344 5843.12841797 4.75269699097
1478870823362 lifecam22 1931.73376465 5838.67724609 4.73212432861
1478870823432 lifecam22 1925.43884277 5838.39404297 4.73048639297
1478870823499 lifecam22 1918.5447998 5838.65332031 4.73290395737
1478870823554 lifecam22 1912.18151855 5838.61474609 4.73480367661
1478870823633 lifecam22 1904.90185547 5838.78613281 4.7375421524
1478870823754 lifecam22 1892.48010254 5838.85644531 4.74615907669
1478870823828 lifecam22 1886.67199707 5836.94238281 4.75778913498
1478870823900 lifecam22 1881.10351562 5836.95751953 4.76357555389
1478870823963 lifecam22 1873.79064941 5834.97705078 4.75561237335
1478870824028 lifecam22 1864.95483398 5832.421875 4.74004793167
1478870824167 lifecam22 1852.14733887 5832.515625 4.74583053589
1478870824228 lifecam22 1845.68786621 5832.51464844 4.7469496727
1478870824293 lifecam22 1839.88415527 5832.546875 4.75971317291
1478870824368 lifecam22 1833.65441895 5831.92773438 4.76619720459
1478870824425 lifecam22 1826.71984863 5830.75195312 4.76659917831
1478870824626 lifecam22 1805.39025879 5828.04638672 4.75563430786
1478870824691 lifecam22 1797.8614502 5826.38671875 4.74918031693
1478870824768 lifecam22 1792.05102539 5825.94921875 4.74735307693
1478870824828 lifecam22 1787.79577637 5826.27392578 4.76005268097
1478870824898 lifecam22 1790.2076416 5826.20019531 4.75419807434
1478870825039 lifecam22 1789.8449707 5826.24462891 4.75607061386
1478870825093 lifecam22 1789.39196777 5825.81884766 4.75315570831
1478870825164 lifecam22 1789.89587402 5826.16650391 4.75685214996
1478870825232 lifecam22 1789.85876465 5826.13378906 4.7576508522
1478870825294 lifecam22 1789.93457031 5825.92089844 4.75607299805
1478870825496 lifecam22 1789.91003418 5826.10400391 4.75622701645
1478870825568 lifecam22 1789.69750977 5825.90673828 4.75518131256
1478870825632 lifecam22 1790.06494141 5826.14013672 4.7576212883
1478870825702 lifecam22 1789.84411621 5826.08203125 4.75563192368
1478870825753 lifecam22 1789.76379395 5825.86376953 4.75451564789
1478870825959 lifecam22 1789.82678223 5826.10205078 4.75674200058
1478870826037 lifecam22 1790.06494141 5826.14013672 4.7576212883
1478870826089 lifecam22 1789.9987793 5826.15771484 4.75829792023
1478870826165 lifecam22 1789.94128418 5826.04345703 4.75524520874
1478870826230 lifecam22 1790.06494141 5826.14013672 4.7576212883
1478870826420 lifecam22 1789.85119629 5825.94384766 4.7565779686
1478870826503 lifecam22 1789.97143555 5826.34423828 4.75845432281
1478870826568 lifecam22 1790.2364502 5826.19628906 4.75917339325
1478870826632 lifecam22 1790.2364502 5826.19628906 4.75917339325
1478870826705 lifecam22 1789.68884277 5826.04541016 4.75423765182
1478870826774 lifecam22 1789.84411621 5826.08203125 4.75563192368
1478870826831 lifecam22 1789.94128418 5826.04345703 4.75524520874
1478870826909 lifecam22 1789.85119629 5825.94384766 4.7565779686
1478870826975 lifecam22 1789.68286133 5825.92089844 4.75505828857
1478870827037 lifecam22 1790.11328125 5826.09960938 4.7567987442
1478870827239 lifecam22 1789.75354004 5826.04931641 4.75431442261
1478870827299 lifecam22 1790.01586914 5826.13720703 4.75718355179
1478870827368 lifecam22 1790.06494141 5826.14013672 4.7576212883
1478870827444 lifecam22 1789.90478516 5826.31933594 4.75785398483
1478870827491 lifecam22 1789.90478516 5826.31933594 4.75785398483
