1478870337802 lifecam22 3192.48730469 5857.95458984 4.59924507141
1478870337878 lifecam22 3192.59545898 5858.04882812 4.59883594513
1478870338010 lifecam22 3192.60375977 5857.92431641 4.59767246246
1478870338079 lifecam22 3192.73632812 5857.89648438 4.59757709503
1478870338143 lifecam22 3192.9934082 5857.91748047 4.59950733185
1478870338209 lifecam22 3192.70166016 5857.74462891 4.59740066528
1478870338277 lifecam22 3192.59130859 5857.64990234 4.5978012085
1478870338414 lifecam22 3192.81298828 5858.32421875 4.60053825378
1478870338471 lifecam22 3192.23046875 5857.8984375 4.59586334229
1478870338543 lifecam22 3192.21899414 5857.76708984 4.59590864182
1478870338614 lifecam22 3192.70166016 5857.74462891 4.59740066528
1478870338683 lifecam22 3192.7043457 5858.24169922 4.59852409363
1478870338882 lifecam22 3192.86035156 5857.8515625 4.59872817993
1478870338952 lifecam22 3193.14355469 5857.82617188 4.59871673584
1478870339008 lifecam22 3193.01831055 5857.84423828 4.59884738922
1478870339080 lifecam22 3192.86035156 5857.8515625 4.59872817993
1478870339149 lifecam22 3193.01831055 5857.84423828 4.59884738922
1478870339279 lifecam22 3192.75146484 5857.78564453 4.5978474617
1478870339343 lifecam22 3193.17773438 5857.97851562 4.5988907814
1478870339405 lifecam22 3193.39477539 5858.25537109 4.60058689117
1478870339479 lifecam22 3193.03393555 5857.73242188 4.59911680222
1478870339546 lifecam22 3193.17553711 5857.72070312 4.5977602005
1478870339688 lifecam22 3193.14355469 5857.82617188 4.59871673584
1478870339744 lifecam22 3193.91894531 5857.5 4.59951353073
1478870339816 lifecam22 3193.73413086 5857.77392578 4.5989575386
1478870339879 lifecam22 3193.95092773 5858.05224609 4.60064888
1478870339952 lifecam22 3193.73413086 5857.77392578 4.5989575386
1478870340147 lifecam22 3194.10864258 5857.92285156 4.59952163696
1478870340216 lifecam22 3193.76879883 5857.92626953 4.59913349152
1478870340280 lifecam22 3194.21337891 5857.62353516 4.59953069687
1478870340344 lifecam22 3194.86547852 5857.87207031 4.60011911392
1478870340410 lifecam22 3194.81445312 5857.828125 4.60080480576
1478870340544 lifecam22 3193.98583984 5858.20556641 4.60082817078
1478870340613 lifecam22 3193.1015625 5858.02392578 4.60063791275
1478870340687 lifecam22 3193.77783203 5858.04833984 4.60028839111
1478870340747 lifecam22 3193.63793945 5859.57226562 4.60932064056
1478870340818 lifecam22 3187.23510742 5859.39257812 4.60971403122
1478870340951 lifecam22 3172.65283203 5859.25390625 4.59982204437
1478870341017 lifecam22 3164.94628906 5858.94140625 4.60007095337
1478870341086 lifecam22 3158.02661133 5859.34521484 4.600440979
1478870341155 lifecam22 3151.76220703 5859.71777344 4.60040807724
1478870341211 lifecam22 3144.92700195 5860.8515625 4.6059384346
1478870341351 lifecam22 3131.81787109 5861.56787109 4.60990142822
1478870341413 lifecam22 3125.04589844 5862.12353516 4.61006450653
1478870341484 lifecam22 3118.66577148 5861.96630859 4.60816240311
1478870341536 lifecam22 3111.88378906 5862.36669922 4.61077260971
1478870341616 lifecam22 3105.12231445 5863.08349609 4.60870027542
1478870341813 lifecam22 3085.32299805 5864.00048828 4.60906839371
1478870341881 lifecam22 3079.09277344 5864.34570312 4.61309337616
1478870341953 lifecam22 3072.57128906 5865.05517578 4.61382627487
1478870342020 lifecam22 3066.03662109 5864.90332031 4.61402606964
1478870342083 lifecam22 3058.65844727 5864.82568359 4.6130566597
1478870342215 lifecam22 3045.65014648 5866.15380859 4.61858701706
1478870342278 lifecam22 3038.79248047 5866.578125 4.61643123627
1478870342353 lifecam22 3032.1887207 5866.05859375 4.61459684372
1478870342414 lifecam22 3024.7644043 5865.85986328 4.61347866058
1478870342481 lifecam22 3019.48510742 5867.47021484 4.62143468857
1478870342617 lifecam22 3006.21850586 5866.88867188 4.61805534363
1478870342689 lifecam22 2999.36474609 5866.24658203 4.61086845398
1478870342738 lifecam22 2993.14868164 5866.74365234 4.61634349823
1478870342820 lifecam22 2987.34545898 5867.45996094 4.61896944046
1478870342888 lifecam22 2980.65161133 5867.58935547 4.62049484253
1478870343020 lifecam22 2967.53369141 5868.73535156 4.62800073624
1478870343090 lifecam22 2961.30053711 5869.2890625 4.63085508347
1478870343153 lifecam22 2954.56787109 5869.50390625 4.63057804108
1478870343202 lifecam22 2948.82495117 5869.88964844 4.63483333588
1478870343286 lifecam22 2941.23193359 5869.90966797 4.63376092911
1478870343423 lifecam22 2928.04077148 5870.31298828 4.63653469086
1478870343479 lifecam22 2921.38330078 5870.86767578 4.63803815842
1478870343552 lifecam22 2914.13525391 5870.27197266 4.6332359314
1478870343615 lifecam22 2907.61450195 5870.65722656 4.6346616745
1478870343692 lifecam22 2900.79785156 5870.3828125 4.63225889206
1478870343886 lifecam22 2879.55859375 5870.59326172 4.63132476807
1478870343955 lifecam22 2872.79736328 5870.38232422 4.63225698471
1478870344016 lifecam22 2866.20092773 5871.02929688 4.63339281082
1478870344082 lifecam22 2859.90039062 5870.76074219 4.63545894623
1478870344154 lifecam22 2853.22827148 5871.10742188 4.63374233246
1478870344287 lifecam22 2840.71264648 5871.359375 4.64136123657
1478870344353 lifecam22 2834.96655273 5872.50537109 4.64914035797
1478870344420 lifecam22 2827.38916016 5871.11572266 4.63960933685
1478870344488 lifecam22 2820.9375 5871.96826172 4.64412403107
1478870344542 lifecam22 2813.46704102 5870.39501953 4.62916946411
1478870344685 lifecam22 2800.40771484 5871.32128906 4.63724946976
1478870344756 lifecam22 2793.69628906 5870.79833984 4.63629817963
1478870344826 lifecam22 2786.49365234 5871.24658203 4.63409471512
1478870344888 lifecam22 2780.49316406 5871.31054688 4.63666296005
1478870344956 lifecam22 2774.12866211 5871.67773438 4.63909053802
1478870345090 lifecam22 2761.0534668 5872.72753906 4.64425182343
1478870345156 lifecam22 2755.17480469 5873.41699219 4.64895009995
1478870345212 lifecam22 2748.12915039 5873.63037109 4.64975070953
1478870345283 lifecam22 2742.11450195 5873.69384766 4.65334320068
1478870345356 lifecam22 2735.65600586 5873.72509766 4.65443277359
1478870345491 lifecam22 2720.8762207 5872.29394531 4.6455283165
1478870345551 lifecam22 2714.91625977 5873.2890625 4.65172624588
1478870345618 lifecam22 2707.39086914 5872.99267578 4.64874076843
1478870345694 lifecam22 2701.50708008 5874.20117188 4.6567940712
1478870345756 lifecam22 2694.75268555 5874.54394531 4.65892314911
1478870345874 lifecam22 2681.44799805 5874.34814453 4.65687656403
1478870345953 lifecam22 2673.05737305 5873.11865234 4.65289735794
1478870346021 lifecam22 2667.31323242 5873.87792969 4.65578365326
1478870346087 lifecam22 2660.29370117 5873.06494141 4.65196847916
1478870346153 lifecam22 2652.96411133 5872.25146484 4.6493229866
1478870346291 lifecam22 2639.41748047 5871.88037109 4.64887046814
1478870346350 lifecam22 2632.96411133 5872.23388672 4.65124177933
1478870346424 lifecam22 2625.8684082 5871.90771484 4.64681339264
1478870346491 lifecam22 2619.2824707 5872.265625 4.65043878555
1478870346558 lifecam22 2612.78662109 5874.28173828 4.66072463989
1478870346684 lifecam22 2599.41333008 5873.28417969 4.6594452858
1478870346758 lifecam22 2593.06176758 5872.77783203 4.65892505646
1478870346815 lifecam22 2586.99145508 5873.28466797 4.66450691223
1478870346890 lifecam22 2580.34033203 5874.13085938 4.66727733612
1478870346956 lifecam22 2573.74682617 5874.49072266 4.669485569
1478870347092 lifecam22 2560.24487305 5873.29199219 4.66791009903
1478870347160 lifecam22 2554.52319336 5873.54882812 4.67639875412
1478870347225 lifecam22 2547.54199219 5873.28955078 4.67397117615
1478870347294 lifecam22 2540.98144531 5873.55322266 4.67908573151
1478870347360 lifecam22 2534.27636719 5873.28417969 4.68174743652
1478870347488 lifecam22 2520.64501953 5873.37548828 4.67985630035
1478870347547 lifecam22 2513.45336914 5872.51904297 4.67327928543
1478870347614 lifecam22 2506.26953125 5872.21972656 4.67046356201
1478870347682 lifecam22 2499.16748047 5870.71630859 4.66730833054
1478870347755 lifecam22 2492.69482422 5872.21826172 4.67186641693
1478870347897 lifecam22 2478.70239258 5870.62646484 4.66918230057
1478870347963 lifecam22 2471.87060547 5869.96142578 4.66402435303
1478870348025 lifecam22 2464.65942383 5869.70654297 4.66667079926
1478870348093 lifecam22 2458.77416992 5869.64111328 4.6652970314
1478870348162 lifecam22 2451.9934082 5869.57128906 4.67103052139
1478870348279 lifecam22 2437.99194336 5869.34423828 4.67006349564
1478870348361 lifecam22 2431.70068359 5869.49121094 4.67565155029
1478870348428 lifecam22 2424.87548828 5869.16015625 4.67121267319
1478870348483 lifecam22 2420.41821289 5869.7734375 4.6795630455
1478870348562 lifecam22 2413.19555664 5869.95410156 4.68237352371
1478870348758 lifecam22 2395.53637695 5871.03466797 4.69485569
1478870348827 lifecam22 2389.04736328 5871.00097656 4.69603919983
1478870348894 lifecam22 2382.82836914 5871.13867188 4.70305490494
1478870348962 lifecam22 2375.6027832 5871.09960938 4.7010269165
1478870349029 lifecam22 2369.59448242 5871.33105469 4.70871162415
1478870349163 lifecam22 2355.43261719 5871.31201172 4.70852041245
1478870349230 lifecam22 2346.93237305 5868.97705078 4.69496250153
1478870349287 lifecam22 2340.98681641 5870.58837891 4.70443296432
1478870349352 lifecam22 2332.26049805 5867.02001953 4.68902111053
1478870349427 lifecam22 2325.33520508 5867.07470703 4.68968582153
1478870349565 lifecam22 2310.92651367 5864.72558594 4.68605422974
1478870349625 lifecam22 2303.84326172 5865.18261719 4.68531656265
1478870349698 lifecam22 2297.05541992 5864.29443359 4.68586778641
1478870349759 lifecam22 2290.28320312 5863.56298828 4.68400239944
1478870349833 lifecam22 2283.1640625 5863.03613281 4.68029975891
1478870349890 lifecam22 2276.71948242 5863.28613281 4.68670558929
1478870350031 lifecam22 2263.77783203 5863.42871094 4.69645357132
1478870350093 lifecam22 2257.8762207 5863.93310547 4.70247030258
1478870350155 lifecam22 2252.54614258 5863.77783203 4.70067644119
1478870350226 lifecam22 2248.43188477 5865.4375 4.71901273727
1478870350294 lifecam22 2243.58374023 5865.16015625 4.71766042709
1478870350432 lifecam22 2229.82739258 5865.26513672 4.71865129471
1478870350488 lifecam22 2222.64306641 5865.38427734 4.7210021019
1478870350564 lifecam22 2215.66064453 5864.765625 4.71514844894
1478870350624 lifecam22 2208.29638672 5864.15234375 4.71070671082
1478870350696 lifecam22 2200.83251953 5863.44921875 4.70650720596
1478870350895 lifecam22 2178.12768555 5857.73486328 4.69120788574
1478870350959 lifecam22 2171.56640625 5857.50585938 4.69174432755
1478870351093 lifecam22 2158.12548828 5857.06787109 4.69673919678
1478870351153 lifecam22 2151.64208984 5857.13378906 4.7013759613
1478870351302 lifecam22 2138.43286133 5857.31201172 4.70852136612
1478870351367 lifecam22 2131.65356445 5857.40039062 4.71052360535
1478870351421 lifecam22 2124.91479492 5857.52832031 4.71288824081
1478870351491 lifecam22 2117.91503906 5857.52880859 4.71288919449
1478870351562 lifecam22 2110.91503906 5857.52880859 4.71288871765
1478870351763 lifecam22 2091.95751953 5855.94335938 4.71749162674
1478870351836 lifecam22 2086.37646484 5855.93359375 4.7254152298
1478870351902 lifecam22 2079.89208984 5853.62841797 4.72040843964
1478870351962 lifecam22 2074.91967773 5853.10839844 4.73077249527
1478870352034 lifecam22 2068.56518555 5852.75 4.72880935669
1478870352165 lifecam22 2054.68920898 5851.69091797 4.72261810303
1478870352230 lifecam22 2047.93786621 5852.54150391 4.7318649292
1478870352301 lifecam22 2040.95959473 5851.87792969 4.72564935684
1478870352368 lifecam22 2033.78259277 5851.18164062 4.71908664703
1478870352433 lifecam22 2026.72058105 5850.98388672 4.71720981598
1478870352570 lifecam22 2012.63952637 5850.50927734 4.71382713318
1478870352634 lifecam22 2005.97546387 5850.71923828 4.71802902222
1478870352703 lifecam22 1998.91467285 5850.41601562 4.71633243561
1478870352770 lifecam22 1991.85290527 5848.67431641 4.71825361252
1478870352835 lifecam22 1984.02038574 5844.125 4.70605278015
1478870352972 lifecam22 1971.46020508 5843.8671875 4.71494817734
1478870353034 lifecam22 1965.53674316 5844.66894531 4.72158479691
1478870353100 lifecam22 1958.70910645 5844.51855469 4.72226810455
1478870353156 lifecam22 1951.70874023 5844.51806641 4.72226333618
1478870353233 lifecam22 1946.31445312 5845.25146484 4.72915124893
1478870353367 lifecam22 1933.35168457 5845.47167969 4.73363828659
1478870353428 lifecam22 1927.10595703 5845.26220703 4.73924732208
1478870353502 lifecam22 1921.87426758 5845.15869141 4.75239086151
1478870353570 lifecam22 1915.41088867 5843.99414062 4.75678157806
1478870353636 lifecam22 1908.22888184 5842.28271484 4.75199651718
1478870353773 lifecam22 1893.34106445 5839.39990234 4.73984336853
1478870353834 lifecam22 1886.71875 5839.50537109 4.74082040787
1478870353901 lifecam22 1879.77111816 5839.42236328 4.74005126953
1478870353964 lifecam22 1872.77099609 5839.421875 4.74005079269
1478870354033 lifecam22 1865.88024902 5839.39453125 4.74099731445
1478870354238 lifecam22 1847.24621582 5836.96435547 4.74042463303
1478870354301 lifecam22 1840.65209961 5835.4140625 4.74476861954
1478870354364 lifecam22 1833.34240723 5834.76318359 4.74489116669
1478870354432 lifecam22 1826.18469238 5834.44628906 4.74341106415
1478870354501 lifecam22 1817.07397461 5830.83837891 4.72429943085
1478870354635 lifecam22 1804.26794434 5830.83691406 4.72526407242
1478870354707 lifecam22 1797.8046875 5830.96972656 4.72876977921
1478870354773 lifecam22 1791.06408691 5831.0859375 4.73102092743
1478870354830 lifecam22 1787.67626953 5830.59765625 4.75434827805
1478870355033 lifecam22 1788.60205078 5831.25292969 4.75629806519
1478870355100 lifecam22 1789.23352051 5831.38134766 4.75834655762
1478870355173 lifecam22 1789.35791016 5831.39550781 4.75692653656
1478870355240 lifecam22 1788.74389648 5831.27880859 4.7563328743
1478870355293 lifecam22 1789.20178223 5831.33837891 4.75671672821
1478870355429 lifecam22 1789.36755371 5831.50830078 4.75960350037
1478870355504 lifecam22 1789.27294922 5831.43017578 4.75741386414
1478870355569 lifecam22 1789.02490234 5831.46679688 4.7551407814
1478870355640 lifecam22 1789.69897461 5831.59277344 4.76014995575
1478870355702 lifecam22 1789.08398438 5831.35205078 4.75691986084
1478870355905 lifecam22 1789.40197754 5831.57177734 4.75868463516
1478870355976 lifecam22 1788.8314209 5831.39941406 4.75592184067
1478870356040 lifecam22 1789.17211914 5831.46289062 4.75777673721
1478870356107 lifecam22 1789.62976074 5831.65869141 4.75954151154
1478870356161 lifecam22 1789.1394043 5831.54980469 4.7575135231
1478870356307 lifecam22 1788.8972168 5831.31054688 4.7552113533
1478870356372 lifecam22 1788.77490234 5831.34130859 4.75278520584
1478870356435 lifecam22 1788.89953613 5831.32275391 4.75392389297
1478870356506 lifecam22 1788.81738281 5831.37451172 4.75446510315
1478870356571 lifecam22 1789.25158691 5831.39892578 4.75852012634
1478870356770 lifecam22 1788.85314941 5831.26416016 4.7560133934
1478870356840 lifecam22 1789.13122559 5831.43066406 4.7561044693
1478870356907 lifecam22 1788.82324219 5831.09521484 4.75444316864
1478870356972 lifecam22 1788.97729492 5831.390625 4.75594758987
