1478191598133 lifecam22 3346.45385742 5380.08984375 4.72322654724
1478191598193 lifecam22 3346.50024414 5380.71582031 4.72380495071
1478191598463 lifecam22 3346.0390625 5379.27978516 4.71697425842
1478191598534 lifecam22 3346.30786133 5378.97900391 4.71822023392
1478191598599 lifecam22 3346.14111328 5378.95214844 4.71668434143
1478191598656 lifecam22 3346.19067383 5378.85644531 4.71830463409
1478191598723 lifecam22 3346.29736328 5378.84667969 4.71432113647
1478191598932 lifecam22 3346.32226562 5379.16162109 4.71585130692
1478191599002 lifecam22 3346.24023438 5378.92871094 4.71508216858
1478191599069 lifecam22 3346.45214844 5378.99365234 4.71833086014
1478191599132 lifecam22 3346.69995117 5379.38574219 4.71933603287
1478191599194 lifecam22 3346.33056641 5378.60107422 4.71334218979
1478191599406 lifecam22 3346.03295898 5378.72070312 4.71446228027
1478191599466 lifecam22 3345.98486328 5379.10253906 4.71275568008
1478191599526 lifecam22 3346.30249023 5379.27441406 4.716984272
1478191599595 lifecam22 3346.03588867 5379.28027344 4.71573638916
1478191599668 lifecam22 3346.40771484 5379.66308594 4.71920919418
1478191599932 lifecam22 3346.42651367 5379.36523438 4.72173118591
1478191599994 lifecam22 3345.82910156 5378.87939453 4.71858024597
1478191600065 lifecam22 3346.42211914 5378.54101562 4.7154545784
1478191600132 lifecam22 3346.12695312 5378.98681641 4.70900726318
1478191600192 lifecam22 3346.77539062 5381.33105469 4.7162194252
1478191600408 lifecam22 3346.64257812 5382.39306641 4.73041296005
1478191600470 lifecam22 3344.25952148 5379.57275391 4.72412729263
1478191600537 lifecam22 3346.74609375 5381.35009766 4.72075510025
1478191600607 lifecam22 3343.7980957 5379.22900391 4.71157503128
1478191600667 lifecam22 3340.04003906 5382.65478516 4.75996446609
1478191601005 lifecam22 3321.78564453 5391.19433594 4.81083345413
1478191601063 lifecam22 3317.34936523 5393.71777344 4.83190822601
1478191601128 lifecam22 3313.41943359 5395.34228516 4.8475189209
1478191601204 lifecam22 3309.2512207 5397.05859375 4.86780405045
1478191601259 lifecam22 3304.76342773 5398.33056641 4.883040905
1478191601477 lifecam22 3291.62060547 5404.609375 4.9375910759
1478191601533 lifecam22 3286.26391602 5404.57177734 4.94909143448
1478191601602 lifecam22 3281.95849609 5406.50976562 4.96749973297
1478191601665 lifecam22 3277.29858398 5406.74267578 4.98217630386
1478191601730 lifecam22 3273.10864258 5409.25683594 5.00435829163
1478191602078 lifecam22 3249.51464844 5412.70654297 5.07901287079
1478191602138 lifecam22 3244.93359375 5413.04736328 5.09624767303
1478191602200 lifecam22 3240.0144043 5414.72607422 5.11483049393
1478191602269 lifecam22 3235.00878906 5414.00097656 5.12618398666
1478191602341 lifecam22 3230.32983398 5415.72705078 5.14860248566
1478191602607 lifecam22 3211.83374023 5416.49902344 5.21588230133
1478191602664 lifecam22 3206.9387207 5417.14697266 5.23396110535
1478191602743 lifecam22 3201.7109375 5416.00488281 5.24494075775
1478191602810 lifecam22 3196.4152832 5416.09277344 5.26073312759
1478191602865 lifecam22 3192.48754883 5414.80957031 5.27268886566
1478191603142 lifecam22 3172.68847656 5412.39648438 5.34057712555
1478191603209 lifecam22 3168.08959961 5412.75683594 5.35948896408
1478191603272 lifecam22 3163.51220703 5412.64453125 5.3791217804
1478191603330 lifecam22 3158.72998047 5411.54394531 5.39333343506
1478191603407 lifecam22 3153.13525391 5410.40185547 5.41171741486
1478191603738 lifecam22 3130.84960938 5409.13037109 5.51146793365
1478191603805 lifecam22 3126.05419922 5404.61767578 5.51134347916
1478191603874 lifecam22 3122.68505859 5404.47949219 5.52939510345
1478191603932 lifecam22 3117.36206055 5401.81591797 5.54573822021
1478191604002 lifecam22 3113.36376953 5401.73242188 5.56946468353
1478191604349 lifecam22 3090.82788086 5393.52246094 5.65698289871
1478191604408 lifecam22 3085.78686523 5391.5703125 5.67621660233
1478191604468 lifecam22 3081.74682617 5389.71728516 5.68972301483
1478191604536 lifecam22 3076.95239258 5387.24560547 5.70804357529
1478191604600 lifecam22 3073.20776367 5385.54248047 5.7263250351
1478191604875 lifecam22 3056.09667969 5374.85400391 5.78857898712
1478191604940 lifecam22 3051.5012207 5371.14648438 5.80132007599
1478191605001 lifecam22 3047.43701172 5369.38476562 5.82157993317
1478191605069 lifecam22 3045.08911133 5365.89160156 5.82705688477
1478191605138 lifecam22 3040.33276367 5364.15380859 5.85079574585
1478191605478 lifecam22 3021.5168457 5349.48535156 5.933157444
1478191605544 lifecam22 3019.48681641 5345.22607422 5.94473457336
1478191605613 lifecam22 3014.95605469 5342.15429688 5.9608669281
1478191605675 lifecam22 3011.38818359 5337.39306641 5.98199987411
1478191605740 lifecam22 3007.2512207 5334.56201172 6.00268125534
1478191606005 lifecam22 2994.83325195 5322.01123047 6.06229066849
1478191606081 lifecam22 2990.89404297 5319.21875 6.08337640762
1478191606145 lifecam22 2987.93383789 5314.70703125 6.09525156021
1478191606209 lifecam22 2983.08374023 5310.19238281 6.12397575378
1478191606544 lifecam22 2970.08959961 5292.31445312 6.19589948654
1478191606607 lifecam22 2968.74389648 5286.68212891 6.2044839859
1478191606676 lifecam22 2962.87451172 5286.12548828 6.24137449265
1478191606747 lifecam22 2960.66113281 5279.71240234 6.26382780075
1478191606812 lifecam22 2960.44311523 5276.3828125 6.26655435562
1478191607079 lifecam22 2948.04711914 5261.04882812 0.0669736340642
1478191607143 lifecam22 2947.29248047 5255.11132812 0.0722300410271
1478191607211 lifecam22 2945.50439453 5251.58251953 0.087258644402
1478191607275 lifecam22 2943.88354492 5246.22753906 0.0999371483922
1478191607343 lifecam22 2941.74169922 5242.55419922 0.115701854229
1478191607618 lifecam22 2935.89282227 5224.34375 0.178776338696
1478191607672 lifecam22 2934.16137695 5219.04101562 0.194695413113
1478191607743 lifecam22 2933.98974609 5214.47119141 0.205292403698
1478191607818 lifecam22 2933.93920898 5213.80761719 0.207140520215
1478191607876 lifecam22 2934.16748047 5214.79638672 0.20563596487
1478191608084 lifecam22 2934.19702148 5214.32617188 0.204900473356
1478191608137 lifecam22 2934.11523438 5214.61865234 0.203630402684
1478191608211 lifecam22 2934.19702148 5214.32617188 0.204900473356
1478191608279 lifecam22 2934.19702148 5214.32617188 0.204900473356
1478191608347 lifecam22 2934.2097168 5214.43701172 0.204579532146
1478191608685 lifecam22 2934.19702148 5214.32617188 0.204900473356
1478191608747 lifecam22 2934.19702148 5214.32617188 0.204900473356
1478191608809 lifecam22 2934.19702148 5214.32617188 0.204900473356
1478191608873 lifecam22 2934.19702148 5214.32617188 0.204900473356
1478191608940 lifecam22 2934.18457031 5214.19580078 0.203772127628
1478191609217 lifecam22 2934.2097168 5214.43701172 0.204579532146
1478191609273 lifecam22 2934.19702148 5214.32617188 0.204900473356
1478191609345 lifecam22 2933.86230469 5214.45117188 0.206632316113
