1478191151568 lifecam22 3346.53295898 5380.52636719 4.71269130707
1478191151772 lifecam22 3346.42700195 5380.55859375 4.7117266655
1478191151834 lifecam22 3346.61767578 5380.75292969 4.71346282959
1478191151965 lifecam22 3346.7175293 5381.8359375 4.71836519241
1478191152034 lifecam22 3346.44824219 5380.58007812 4.71191883087
1478191152099 lifecam22 3346.88696289 5381.44384766 4.71856832504
1478191152300 lifecam22 3346.59692383 5380.73144531 4.71327209473
1478191152365 lifecam22 3346.4050293 5380.11669922 4.71152877808
1478191152438 lifecam22 3346.44775391 5380.58007812 4.71191740036
1478191152512 lifecam22 3346.53320312 5381.08642578 4.71269130707
1478191152573 lifecam22 3346.36303711 5380.35351562 4.71114397049
1478191152844 lifecam22 3346.53271484 5380.80664062 4.71269083023
1478191152908 lifecam22 3346.70263672 5380.97949219 4.71423339844
1478191152972 lifecam22 3346.53271484 5381.08642578 4.71268987656
1478191153041 lifecam22 3346.12695312 5379.69482422 4.70900821686
1478191153106 lifecam22 3345.95629883 5379.52197266 4.70745801926
1478191153445 lifecam22 3346.65966797 5381.49560547 4.71384382248
1478191153511 lifecam22 3346.78710938 5381.20605469 4.71500396729
1478191153574 lifecam22 3346.53271484 5381.08642578 4.71268987656
1478191153645 lifecam22 3346.14868164 5379.71630859 4.70920181274
1478191153709 lifecam22 3346.87133789 5381.43212891 4.71577262878
1478191154046 lifecam22 3346.65966797 5381.49560547 4.71384382248
1478191154108 lifecam22 3346.55395508 5381.52783203 4.71288061142
1478191154167 lifecam22 3346.87133789 5381.43212891 4.71577262878
1478191154236 lifecam22 3346.78662109 5381.48535156 4.71499967575
1478191154303 lifecam22 3346.55395508 5381.52783203 4.71288061142
1478191154642 lifecam22 3346.80810547 5381.3671875 4.71519470215
1478191154708 lifecam22 3346.55395508 5381.52783203 4.71288061142
1478191154771 lifecam22 3346.55395508 5381.52783203 4.71288061142
1478191154836 lifecam22 3346.55395508 5381.52783203 4.71288061142
1478191154907 lifecam22 3346.55395508 5381.52783203 4.71288061142
1478191155183 lifecam22 3346.55395508 5381.52783203 4.71288061142
1478191155238 lifecam22 3346.55395508 5381.52783203 4.71288061142
1478191155310 lifecam22 3346.55395508 5381.52783203 4.71288061142
1478191155376 lifecam22 3346.55395508 5381.52783203 4.71288061142
1478191155445 lifecam22 3346.41674805 5382.03564453 4.71770191193
1478191155706 lifecam22 3335.66601562 5389.61572266 4.7861495018
1478191155774 lifecam22 3332.50439453 5392.27929688 4.79471302032
1478191155840 lifecam22 3329.16088867 5395.63134766 4.83033466339
1478191155908 lifecam22 3322.62915039 5395.38232422 4.83281040192
1478191155976 lifecam22 3319.39306641 5398.38476562 4.85419464111
1478191156251 lifecam22 3300.89233398 5403.10058594 4.90918445587
1478191156318 lifecam22 3296.46044922 5404.17822266 4.92636919022
1478191156380 lifecam22 3291.56811523 5406.56005859 4.94772338867
1478191156437 lifecam22 3286.85888672 5407.37255859 4.96370458603
1478191156504 lifecam22 3282.26391602 5408.68554688 4.98266029358
1478191156778 lifecam22 3263.03808594 5410.90869141 5.03973913193
1478191156836 lifecam22 3258.52563477 5412.99609375 5.06256866455
1478191156911 lifecam22 3253.80737305 5413.16503906 5.0777130127
1478191156984 lifecam22 3249.07861328 5414.01464844 5.0925693512
1478191157043 lifecam22 3244.32470703 5414.3203125 5.11310720444
1478191157250 lifecam22 3231.08837891 5416.2578125 5.16028785706
1478191157380 lifecam22 3222.96337891 5416.70605469 5.18583583832
1478191157443 lifecam22 3216.1574707 5418.26855469 5.21497297287
1478191157515 lifecam22 3211.61474609 5417.69726562 5.23164558411
1478191157777 lifecam22 3192.02246094 5416.19873047 5.29491233826
1478191157842 lifecam22 3187.74829102 5416.00488281 5.31413412094
1478191157909 lifecam22 3183.18310547 5416.53955078 5.33169364929
1478191158318 lifecam22 3154.40869141 5412.48876953 5.43105745316
1478191158381 lifecam22 3150.30126953 5412.24462891 5.45431280136
1478191158451 lifecam22 3145.55883789 5411.68701172 5.46879959106
1478191158578 lifecam22 3134.95239258 5406.60791016 5.49501609802
1478191158906 lifecam22 3113.50976562 5400.99560547 5.58358335495
1478191158981 lifecam22 3108.31713867 5398.33300781 5.59813976288
1478191159047 lifecam22 3104.42675781 5397.13867188 5.62028360367
1478191159112 lifecam22 3099.86279297 5395.09716797 5.63344192505
1478191159178 lifecam22 3095.12158203 5393.32861328 5.65368318558
1478191159446 lifecam22 3078.375 5384.296875 5.71731281281
1478191159517 lifecam22 3074.10644531 5383.53125 5.74036026001
1478191159583 lifecam22 3070.56054688 5379.1484375 5.74759864807
1478191159649 lifecam22 3066.18408203 5377.14892578 5.76490974426
1478191159717 lifecam22 3063.00415039 5374.49121094 5.77967071533
1478191159982 lifecam22 3046.78515625 5364.24560547 5.84685373306
1478191160044 lifecam22 3042.01977539 5361.08789062 5.86629724503
1478191160119 lifecam22 3038.19995117 5359.0859375 5.88849306107
1478191160179 lifecam22 3033.61499023 5355.28955078 5.90535402298
1478191160253 lifecam22 3030.59375 5353.78125 5.92071151733
1478191160453 lifecam22 3018.7121582 5342.50195312 5.96915817261
1478191160511 lifecam22 3014.4387207 5339.953125 5.99098587036
1478191160579 lifecam22 3011.99609375 5336.69042969 6.0049290657
1478191160652 lifecam22 3007.83740234 5333.70605469 6.02682828903
1478191160717 lifecam22 3005.89868164 5330.51464844 6.03181505203
1478191160928 lifecam22 2995.49316406 5320.14306641 6.08317279816
1478191160982 lifecam22 2992.01049805 5316.23681641 6.10207128525
1478191161050 lifecam22 2989.46972656 5312.87939453 6.11544275284
1478191161117 lifecam22 2986.23754883 5308.62060547 6.13396883011
1478191161187 lifecam22 2983.390625 5304.06640625 6.14728736877
1478191161453 lifecam22 2974.8125 5286.65722656 6.20122385025
1478191161517 lifecam22 2969.97827148 5282.88525391 6.2329325676
1478191161591 lifecam22 2968.10546875 5277.9375 6.24604272842
1478191161646 lifecam22 2967.47241211 5274.00244141 6.24558210373
1478191161722 lifecam22 2965.80322266 5268.88964844 6.25698947906
1478191162063 lifecam22 2951.12158203 5251.91650391 0.0899443104863
1478191162117 lifecam22 2948.8581543 5246.69238281 0.104333825409
1478191162189 lifecam22 2947.08081055 5243.20507812 0.115973189473
1478191162250 lifecam22 2945.48339844 5238.03613281 0.133808910847
1478191162322 lifecam22 3371.41308594 6093.78222656 4.34138774872
1478191162595 lifecam22 2938.05175781 5214.95117188 0.212721884251
1478191162652 lifecam22 2936.59716797 5210.15722656 0.228597462177
1478191162722 lifecam22 2936.81396484 5208.85693359 0.230615332723
1478191162783 lifecam22 2936.74072266 5209.85986328 0.227911442518
1478191162849 lifecam22 2936.46557617 5209.14111328 0.230708554387
1478191163055 lifecam22 2937.0859375 5209.06787109 0.226415455341
1478191163124 lifecam22 2936.7565918 5209.30419922 0.22891408205
1478191163186 lifecam22 2936.84887695 5209.35400391 0.227975308895
1478191163253 lifecam22 2936.84887695 5209.35400391 0.227975308895
1478191163316 lifecam22 2936.7565918 5209.30419922 0.22891408205
1478191163586 lifecam22 2936.84887695 5209.35400391 0.227975308895
1478191163716 lifecam22 2936.84887695 5209.35400391 0.227975308895
