1478191541585 lifecam22 3345.83105469 5380.78759766 4.71528530121
1478191541648 lifecam22 3345.72460938 5380.40380859 4.7130317688
1478191541709 lifecam22 3345.68432617 5380.08007812 4.71262550354
1478191541776 lifecam22 3345.57983398 5379.69921875 4.71040439606
1478191541842 lifecam22 3344.86889648 5379.79296875 4.70987653732
1478191542041 lifecam22 3345.97485352 5380.93261719 4.71663141251
1478191542104 lifecam22 3345.60742188 5380.13574219 4.71312856674
1478191542177 lifecam22 3345.6003418 5380.13769531 4.71186494827
1478191542240 lifecam22 3345.47436523 5379.73535156 4.70944786072
1478191542309 lifecam22 3345.80688477 5380.62841797 4.71381235123
1478191542576 lifecam22 3345.70410156 5379.82128906 4.71024990082
1478191542641 lifecam22 3346.12036133 5380.94726562 4.71414422989
1478191542717 lifecam22 3345.72558594 5380.12841797 4.71177530289
1478191542779 lifecam22 3345.76611328 5380.59277344 4.71218538284
1478191542846 lifecam22 3345.9519043 5381.19433594 4.7164607048
1478191543124 lifecam22 3345.53369141 5381.1875 4.71636295319
1478191543183 lifecam22 3345.22509766 5381.24560547 4.71946287155
1478191543245 lifecam22 3345.33935547 5381.63427734 4.71918582916
1478191543304 lifecam22 3345.77661133 5381.42773438 4.71990394592
1478191543380 lifecam22 3346.14599609 5381.09716797 4.7194647789
1478191543657 lifecam22 3346.40332031 5381.50878906 4.72067785263
1478191543715 lifecam22 3346.88208008 5382.84521484 4.7266292572
1478191543776 lifecam22 3346.98706055 5382.55761719 4.72390460968
1478191543844 lifecam22 3347.18579102 5383.00146484 4.7293753624
1478191543912 lifecam22 3346.83764648 5383.98095703 4.73952817917
1478191544182 lifecam22 3339.94506836 5392.95361328 4.8161444664
1478191544253 lifecam22 3338.70068359 5392.33886719 4.81844902039
1478191544316 lifecam22 3332.78613281 5394.14501953 4.83054113388
1478191544381 lifecam22 3328.89819336 5394.85351562 4.83903408051
1478191544447 lifecam22 3325.8972168 5397.58642578 4.8627166748
1478191544778 lifecam22 3303.68139648 5407.09863281 4.95404529572
1478191544848 lifecam22 3299.26416016 5408.43164062 4.97502660751
1478191544914 lifecam22 3294.73608398 5409.07519531 4.98603534698
1478191544983 lifecam22 3289.96459961 5409.97753906 5.00172328949
1478191545049 lifecam22 3285.71801758 5411.2421875 5.02130270004
1478191545317 lifecam22 3266.07324219 5414.78564453 5.08961868286
1478191545386 lifecam22 3261.85375977 5415.66113281 5.10277271271
1478191545449 lifecam22 3256.78857422 5416.73291016 5.12599515915
1478191545518 lifecam22 3251.69677734 5416.61474609 5.13937568665
1478191545586 lifecam22 3247.60009766 5417.42333984 5.15570259094
1478191545849 lifecam22 3229.11914062 5416.99804688 5.21036672592
1478191545913 lifecam22 3224.69482422 5418.09912109 5.22862195969
1478191545987 lifecam22 3219.0690918 5416.79882812 5.24199581146
1478191546053 lifecam22 3214.04663086 5417.51904297 5.26575946808
1478191546113 lifecam22 3209.49462891 5417.66064453 5.28451061249
1478191546385 lifecam22 3190.38647461 5415.28759766 5.34904766083
1478191546451 lifecam22 3185.22021484 5414.98681641 5.36782979965
1478191546515 lifecam22 3180.57861328 5414.88183594 5.38565444946
1478191546586 lifecam22 3175.54541016 5413.58398438 5.40359449387
1478191546648 lifecam22 3171.64477539 5412.87695312 5.41855049133
1478191546924 lifecam22 3152.80615234 5407.7890625 5.48586845398
1478191546981 lifecam22 3147.8359375 5407.33349609 5.49696397781
1478191547123 lifecam22 3138.78588867 5408.02783203 5.55326557159
1478191547185 lifecam22 3134.73706055 5404.93310547 5.56332206726
1478191547455 lifecam22 3116.53710938 5397.45214844 5.62260580063
1478191547520 lifecam22 3112.25390625 5395.43896484 5.64162826538
1478191547586 lifecam22 3107.32641602 5394.16503906 5.65865564346
1478191547652 lifecam22 3103.98754883 5392.265625 5.67331933975
1478191547713 lifecam22 3098.81811523 5389.65332031 5.69440364838
1478191547993 lifecam22 3082.17114258 5381.00390625 5.75352096558
1478191548060 lifecam22 3078.2109375 5378.06103516 5.76987600327
1478191548127 lifecam22 3073.18945312 5376.32421875 5.7969789505
1478191548193 lifecam22 3069.32177734 5372.83886719 5.80932331085
1478191548249 lifecam22 3065.26245117 5371.46826172 5.82802200317
1478191548521 lifecam22 3049.26904297 5358.67480469 5.89109945297
1478191548592 lifecam22 3046.92919922 5356.33154297 5.90302467346
1478191548650 lifecam22 3041.95678711 5353.70605469 5.92620420456
1478191548717 lifecam22 3038.99731445 5350.72021484 5.94146251678
1478191548783 lifecam22 3035.01953125 5346.81005859 5.95510387421
1478191549059 lifecam22 3021.64599609 5332.89111328 6.01704502106
1478191549125 lifecam22 3018.14233398 5330.00976562 6.03616666794
1478191549190 lifecam22 3015.93579102 5325.24609375 6.04577589035
1478191549256 lifecam22 3012.65869141 5322.93408203 6.06423473358
1478191549327 lifecam22 3009.13525391 5318.88867188 6.08272314072
1478191549535 lifecam22 2999.44238281 5308.66162109 6.13464689255
1478191549588 lifecam22 2996.78613281 5303.95703125 6.15030431747
1478191549660 lifecam22 2993.20507812 5301.23876953 6.17149496078
1478191549728 lifecam22 2990.39453125 5298.0 6.18820476532
1478191549790 lifecam22 2989.06225586 5292.171875 6.19641447067
1478191550061 lifecam22 2975.93432617 5274.3359375 6.27303600311
1478191550124 lifecam22 2972.63598633 5272.65722656 0.00841564312577
1478191550183 lifecam22 2972.32861328 5267.28564453 0.0113133843988
1478191550255 lifecam22 2970.13720703 5264.10644531 0.0345934070647
1478191550324 lifecam22 2968.31835938 5259.11230469 0.0496795773506
1478191550527 lifecam22 2960.7175293 5247.1015625 0.1083323434
1478191550580 lifecam22 2958.24536133 5243.26953125 0.130126297474
1478191550664 lifecam22 2957.79174805 5237.43408203 0.135609805584
1478191550724 lifecam22 2954.84179688 5233.19580078 0.155359089375
1478191550791 lifecam22 2953.96777344 5229.45751953 0.172067940235
1478191551064 lifecam22 2948.25488281 5210.96826172 0.233905240893
1478191551120 lifecam22 2947.95141602 5206.41357422 0.249875709414
1478191551189 lifecam22 2946.27783203 5201.91796875 0.267344176769
1478191551260 lifecam22 2949.16235352 5197.47607422 0.256011515856
1478191551321 lifecam22 2948.23339844 5201.29882812 0.256092607975
1478191551535 lifecam22 2948.24121094 5199.93212891 0.259271711111
1478191551589 lifecam22 2948.24121094 5199.93212891 0.259271711111
1478191551657 lifecam22 2948.24121094 5199.93212891 0.259271711111
1478191551718 lifecam22 2948.22192383 5199.93945312 0.25938102603
1478191551797 lifecam22 2948.24121094 5199.93212891 0.259271711111
1478191552064 lifecam22 2948.24121094 5199.93212891 0.259271711111
1478191552126 lifecam22 2948.24121094 5199.93212891 0.259271711111
1478191552202 lifecam22 2948.24121094 5199.93212891 0.259271711111
1478191552256 lifecam22 2948.24121094 5199.93212891 0.259271711111
1478191552331 lifecam22 2948.24121094 5199.93212891 0.259271711111
1478191552533 lifecam22 2948.24121094 5199.93212891 0.259271711111
1478191552597 lifecam22 2948.24121094 5199.93212891 0.259271711111
1478191552657 lifecam22 2948.24121094 5199.93212891 0.259271711111
1478191552722 lifecam22 2948.24121094 5199.93212891 0.259271711111
1478191552794 lifecam22 2948.24121094 5199.93212891 0.259271711111
1478191553065 lifecam22 2948.24121094 5199.93212891 0.259271711111
1478191553125 lifecam22 2948.24121094 5199.93212891 0.259271711111
1478191553186 lifecam22 2948.24121094 5199.93212891 0.259271711111
1478191553256 lifecam22 2948.24121094 5199.93212891 0.259271711111
1478191553327 lifecam22 2948.24121094 5199.93212891 0.259271711111
1478191553588 lifecam22 2948.24121094 5199.93212891 0.259271711111
1478191553656 lifecam22 2948.24121094 5199.93212891 0.259271711111
1478191553728 lifecam22 2948.24121094 5199.93212891 0.259271711111
1478191553795 lifecam22 2948.24121094 5199.93212891 0.259271711111
1478191553857 lifecam22 2948.24121094 5199.93212891 0.259271711111
1478191554073 lifecam22 2948.24121094 5199.93212891 0.259271711111
1478191554125 lifecam22 2948.24121094 5199.93212891 0.259271711111
1478191554200 lifecam22 2948.24121094 5199.93212891 0.259271711111
1478191554257 lifecam22 2948.24121094 5199.93212891 0.259271711111
1478191554335 lifecam22 2948.24121094 5199.93212891 0.259271711111
1478191554599 lifecam22 2948.24121094 5199.93212891 0.259271711111
1478191554661 lifecam22 2948.24121094 5199.93212891 0.259271711111
1478191554735 lifecam22 2948.2253418 5199.94628906 0.259383350611
1478191554798 lifecam22 2948.24121094 5199.93212891 0.259271711111
1478191555123 lifecam22 2948.24121094 5199.93212891 0.259271711111
1478191555196 lifecam22 2948.24121094 5199.93212891 0.259271711111
1478191555259 lifecam22 2948.24121094 5199.93212891 0.259271711111
1478191555331 lifecam22 2948.24121094 5199.93212891 0.259271711111
1478191555396 lifecam22 2948.24121094 5199.93212891 0.259271711111
1478191555605 lifecam22 2948.24121094 5199.93212891 0.259271711111
1478191555664 lifecam22 2948.24121094 5199.93212891 0.259271711111
1478191555740 lifecam22 2948.24121094 5199.93212891 0.259271711111
1478191555795 lifecam22 2948.24121094 5199.93212891 0.259271711111
1478191555865 lifecam22 2948.24121094 5199.93212891 0.259271711111
1478191556139 lifecam22 2948.24121094 5199.93212891 0.259271711111
1478191556202 lifecam22 2948.24121094 5199.93212891 0.259271711111
1478191556264 lifecam22 2948.24121094 5199.93212891 0.259271711111
1478191556333 lifecam22 2948.24121094 5199.93212891 0.259271711111
1478191556396 lifecam22 2948.24121094 5199.93212891 0.259271711111
1478191556602 lifecam22 2948.24121094 5199.93212891 0.259271711111
1478191556667 lifecam22 2948.24121094 5199.93212891 0.259271711111
1478191556734 lifecam22 2948.24121094 5199.93212891 0.259271711111
1478191556799 lifecam22 2948.24121094 5199.93212891 0.259271711111
1478191556865 lifecam22 2948.24121094 5199.93212891 0.259271711111
1478191557140 lifecam22 2948.24121094 5199.93212891 0.259271711111
1478191557201 lifecam22 2948.24121094 5199.93212891 0.259271711111
1478191557275 lifecam22 2948.24121094 5199.93212891 0.259271711111
1478191557334 lifecam22 2948.24121094 5199.93212891 0.259271711111
1478191557398 lifecam22 2948.24121094 5199.93212891 0.259271711111
1478191557675 lifecam22 2948.24121094 5199.93212891 0.259271711111
1478191557737 lifecam22 2948.24121094 5199.93212891 0.259271711111
1478191557800 lifecam22 2948.24121094 5199.93212891 0.259271711111
1478191557875 lifecam22 2948.24121094 5199.93212891 0.259271711111
1478191557937 lifecam22 2948.24121094 5199.93212891 0.259271711111
1478191558271 lifecam22 2948.24121094 5199.93212891 0.259271711111
1478191558337 lifecam22 2948.24121094 5199.93212891 0.259271711111
1478191558402 lifecam22 2948.24121094 5199.93212891 0.259271711111
1478191558469 lifecam22 2948.24121094 5199.93212891 0.259271711111
1478191558541 lifecam22 2948.24121094 5199.93212891 0.259271711111
1478191558807 lifecam22 2948.24121094 5199.93212891 0.259271711111
1478191558871 lifecam22 2948.24121094 5199.93212891 0.259271711111
1478191558936 lifecam22 2948.24121094 5199.93212891 0.259271711111
1478191559001 lifecam22 2948.24121094 5199.93212891 0.259271711111
1478191559067 lifecam22 2948.24121094 5199.93212891 0.259271711111
1478191559401 lifecam22 2948.24121094 5199.93212891 0.259271711111
1478191559475 lifecam22 2948.24121094 5199.93212891 0.259271711111
1478191559539 lifecam22 2948.24121094 5199.93212891 0.259271711111
1478191559604 lifecam22 2948.2253418 5199.94628906 0.259383350611
1478191559668 lifecam22 2948.24121094 5199.93212891 0.259271711111
1478191559933 lifecam22 2948.24121094 5199.93212891 0.259271711111
1478191560007 lifecam22 2948.24121094 5199.93212891 0.259271711111
1478191560069 lifecam22 2948.24121094 5199.93212891 0.259271711111
1478191560140 lifecam22 2948.24121094 5199.93212891 0.259271711111
1478191560204 lifecam22 2948.24121094 5199.93212891 0.259271711111
1478191560480 lifecam22 2948.24121094 5199.93212891 0.259271711111
1478191560536 lifecam22 2948.24121094 5199.93212891 0.259271711111
1478191560598 lifecam22 2948.24121094 5199.93212891 0.259271711111
