1478191637453 lifecam22 3345.6652832 5374.18896484 4.70482730865
1478191637655 lifecam22 3345.6652832 5374.18896484 4.70482730865
1478191637721 lifecam22 3345.6652832 5374.18896484 4.70482730865
1478191637789 lifecam22 3345.6652832 5374.18896484 4.70482730865
1478191637858 lifecam22 3345.6652832 5374.18896484 4.70482730865
1478191637923 lifecam22 3345.6652832 5374.18896484 4.70482730865
1478191638260 lifecam22 3345.6652832 5374.18896484 4.70482730865
1478191638323 lifecam22 3345.6652832 5374.18896484 4.70482730865
1478191638401 lifecam22 3345.6652832 5374.18896484 4.70482730865
1478191638462 lifecam22 3345.6652832 5374.18896484 4.70482730865
1478191638792 lifecam22 3345.49584961 5374.15869141 4.70329999924
1478191638866 lifecam22 3345.6652832 5374.18896484 4.70482730865
1478191638924 lifecam22 3345.6652832 5374.18896484 4.70482730865
1478191638998 lifecam22 3345.6652832 5374.18896484 4.70482730865
1478191639265 lifecam22 3345.6652832 5374.18896484 4.70482730865
1478191639330 lifecam22 3345.6652832 5374.18896484 4.70482730865
1478191639393 lifecam22 3345.6652832 5374.18896484 4.70482730865
1478191639467 lifecam22 3345.6652832 5374.18896484 4.70482730865
1478191639528 lifecam22 3345.6652832 5374.18896484 4.70482730865
1478191639860 lifecam22 3345.6652832 5374.18896484 4.70482730865
1478191639926 lifecam22 3345.85571289 5374.24023438 4.7065486908
1478191639997 lifecam22 3345.85571289 5374.24023438 4.7065486908
1478191640063 lifecam22 3346.06738281 5374.31396484 4.70846366882
1478191640129 lifecam22 3345.85571289 5374.24023438 4.7065486908
1478191640401 lifecam22 3338.9387207 5361.75683594 4.62196207047
1478191640455 lifecam22 3338.68481445 5363.17285156 4.63372182846
1478191640532 lifecam22 3338.93676758 5364.86132812 4.63209724426
1478191640600 lifecam22 3339.55395508 5364.00683594 4.63021612167
1478191640664 lifecam22 3338.93457031 5363.95263672 4.63017177582
1478191640995 lifecam22 3338.90063477 5364.71972656 4.63078451157
1478191641063 lifecam22 3339.39306641 5365.48046875 4.63314199448
1478191641127 lifecam22 3339.25708008 5364.32714844 4.62892007828
1478191641195 lifecam22 3338.77661133 5364.60009766 4.62965154648
1478191641262 lifecam22 3339.14404297 5365.14697266 4.63119983673
1478191641464 lifecam22 3338.92724609 5365.35986328 4.62699794769
1478191641533 lifecam22 3338.87426758 5365.57177734 4.62760734558
1478191641593 lifecam22 3338.71826172 5365.06542969 4.63006734848
1478191641662 lifecam22 3338.64404297 5364.47216797 4.63096952438
1478191641724 lifecam22 3338.78369141 5364.45996094 4.63097572327
1478191641999 lifecam22 3339.57666016 5364.87060547 4.63401126862
1478191642064 lifecam22 3339.99072266 5365.0546875 4.63477087021
1478191642132 lifecam22 3339.5012207 5364.51953125 4.63354301453
1478191642201 lifecam22 3339.3503418 5365.05908203 4.63183498383
1478191642263 lifecam22 3338.72070312 5365.06396484 4.62999105453
1478191642528 lifecam22 3340.15209961 5365.85351562 4.63464164734
1478191642662 lifecam22 3339.68188477 5365.46484375 4.63705444336
1478191642731 lifecam22 3340.59204102 5366.71679688 4.64547491074
1478191642801 lifecam22 3338.21386719 5372.95263672 4.69364118576
1478191642998 lifecam22 3324.92724609 5374.31445312 4.70846176147
1478191643063 lifecam22 3324.80175781 5378.70898438 4.74719190598
1478191643127 lifecam22 3321.64404297 5382.66210938 4.76455163956
1478191643195 lifecam22 3316.16918945 5384.12304688 4.77281236649
1478191643262 lifecam22 3312.59472656 5386.75341797 4.79171991348
1478191643528 lifecam22 3294.13037109 5394.58300781 4.85432338715
1478191643603 lifecam22 3290.11108398 5396.40625 4.87669754028
1478191643664 lifecam22 3285.95410156 5398.78613281 4.89153242111
1478191643737 lifecam22 3280.69287109 5399.19970703 4.90519618988
1478191643795 lifecam22 3276.45654297 5401.17724609 4.92110490799
1478191643998 lifecam22 3262.89331055 5404.04345703 4.96327733994
1478191644075 lifecam22 3257.67919922 5405.30419922 4.98187112808
1478191644133 lifecam22 3253.79199219 5406.80078125 5.00102233887
1478191644203 lifecam22 3248.0871582 5407.62304688 5.01676797867
1478191644274 lifecam22 3244.16894531 5408.8203125 5.03299427032
1478191644539 lifecam22 3225.55761719 5412.15429688 5.10020399094
1478191644599 lifecam22 3220.62133789 5412.83300781 5.11754798889
1478191644670 lifecam22 3215.93701172 5414.51025391 5.13770246506
1478191644730 lifecam22 3210.66943359 5414.65527344 5.1533408165
1478191644802 lifecam22 3206.41479492 5414.00976562 5.16586399078
1478191645004 lifecam22 3192.12939453 5414.59130859 5.2153840065
1478191645070 lifecam22 3186.69897461 5413.83837891 5.23228597641
1478191645131 lifecam22 3181.8125 5414.15380859 5.24719953537
1478191645199 lifecam22 3177.47119141 5414.21435547 5.26633787155
1478191645269 lifecam22 3172.08032227 5412.33056641 5.27455472946
1478191645539 lifecam22 3153.73925781 5414.42724609 5.35947656631
1478191645597 lifecam22 3148.98828125 5411.72119141 5.36441707611
1478191645673 lifecam22 3144.42651367 5411.23681641 5.38445138931
1478191645729 lifecam22 3139.90161133 5409.8828125 5.39268541336
1478191645800 lifecam22 3135.10693359 5409.10791016 5.41379117966
1478191646080 lifecam22 3117.203125 5406.86474609 5.48817968369
1478191646131 lifecam22 3111.63549805 5402.125 5.4962720871
1478191646202 lifecam22 3108.35693359 5405.48291016 5.53304624557
1478191646265 lifecam22 3102.27490234 5403.42333984 5.54909849167
1478191646336 lifecam22 3097.93334961 5403.72607422 5.56870937347
1478191646669 lifecam22 3075.85546875 5393.99072266 5.64660596848
1478191646740 lifecam22 3070.99755859 5391.61914062 5.65742301941
1478191646802 lifecam22 3065.84008789 5388.61230469 5.67526817322
1478191646865 lifecam22 3062.34863281 5386.92431641 5.68880271912
1478191646938 lifecam22 3057.09985352 5385.31347656 5.70983409882
1478191647209 lifecam22 3040.28515625 5374.71142578 5.77285003662
1478191647272 lifecam22 3037.6105957 5372.54248047 5.78667497635
1478191647340 lifecam22 3034.25537109 5368.67041016 5.79765939713
1478191647404 lifecam22 3029.49731445 5366.85546875 5.81738567352
1478191647477 lifecam22 3025.89453125 5362.62792969 5.8322968483
1478191647805 lifecam22 3005.86230469 5348.56835938 5.91909694672
1478191647865 lifecam22 3002.20385742 5345.48681641 5.93288850784
1478191647936 lifecam22 2998.48901367 5342.40380859 5.9520149231
1478191648008 lifecam22 2995.08325195 5341.69628906 5.97415828705
1478191648071 lifecam22 2991.40429688 5338.12402344 5.9918680191
1478191648275 lifecam22 2979.39331055 5327.71337891 6.05042695999
1478191648341 lifecam22 2978.68334961 5323.81884766 6.05140686035
1478191648402 lifecam22 2974.83642578 5320.93994141 6.07180309296
1478191648467 lifecam22 2972.27490234 5316.69287109 6.0845284462
1478191648540 lifecam22 2967.96850586 5313.46777344 6.10628890991
1478191648802 lifecam22 2955.48266602 5295.84375 6.17519855499
1478191648864 lifecam22 2952.44775391 5295.0703125 6.19341993332
1478191648944 lifecam22 2948.76879883 5291.39599609 6.21810436249
1478191649063 lifecam22 2946.19873047 5281.64599609 6.22682142258
1478191649137 lifecam22 2940.66235352 5280.38671875 6.2631611824
1478191649342 lifecam22 2936.59790039 5263.21972656 0.0171682257205
1478191649404 lifecam22 2935.33398438 5259.99169922 0.0253059323877
1478191649466 lifecam22 2930.40112305 5258.11181641 0.0567050613463
1478191649538 lifecam22 2929.97680664 5252.30371094 0.0617647767067
1478191649608 lifecam22 2927.62451172 5247.26757812 0.0765339881182
1478191649872 lifecam22 2920.71972656 5230.30761719 0.144451096654
1478191649943 lifecam22 2920.45288086 5230.40869141 0.146778672934
1478191650008 lifecam22 2921.14916992 5231.05175781 0.142078220844
1478191650076 lifecam22 2920.46899414 5230.62158203 0.146355330944
1478191650146 lifecam22 2920.68334961 5230.83300781 0.14541298151
1478191650408 lifecam22 2920.38061523 5230.81591797 0.146920129657
1478191650476 lifecam22 2920.453125 5230.88330078 0.146166056395
1478191650540 lifecam22 2920.38061523 5230.81591797 0.146920129657
1478191650609 lifecam22 2920.61035156 5230.76611328 0.146165668964
1478191650671 lifecam22 2920.61035156 5230.76611328 0.146165668964
1478191651010 lifecam22 2920.61035156 5230.76611328 0.146165668964
1478191651077 lifecam22 2920.61035156 5230.76611328 0.146165668964
1478191651141 lifecam22 2920.61035156 5230.76611328 0.146165668964
1478191651209 lifecam22 2920.33447266 5230.72460938 0.146176755428
1478191651275 lifecam22 2920.61035156 5230.76611328 0.146165668964
1478191651479 lifecam22 2920.71630859 5230.79589844 0.1451600492
1478191651548 lifecam22 2920.61035156 5230.76611328 0.146165668964
1478191651611 lifecam22 2920.38061523 5230.81591797 0.146920129657
1478191651681 lifecam22 2920.38061523 5230.81591797 0.146920129657
1478191651745 lifecam22 2920.61035156 5230.76611328 0.146165668964
1478191652019 lifecam22 2920.69921875 5230.57128906 0.145600497723
1478191652082 lifecam22 2920.33447266 5230.72460938 0.146176755428
1478191652147 lifecam22 2920.61035156 5230.76611328 0.146165668964
1478191652217 lifecam22 2920.56469727 5230.67480469 0.14542144537
1478191652288 lifecam22 2920.453125 5230.88330078 0.146166056395
1478191652491 lifecam22 2920.56469727 5230.67480469 0.14542144537
1478191652545 lifecam22 2920.38061523 5230.81591797 0.146920129657
1478191652612 lifecam22 2920.38061523 5230.81591797 0.146920129657
1478191652676 lifecam22 2920.38061523 5230.81591797 0.146920129657
1478191652742 lifecam22 2920.453125 5230.88330078 0.146166056395
1478191653011 lifecam22 2920.61035156 5230.76611328 0.146165668964
1478191653081 lifecam22 2920.38061523 5230.81591797 0.146920129657
1478191653144 lifecam22 2920.38061523 5230.81591797 0.146920129657
1478191653218 lifecam22 2920.61035156 5230.76611328 0.146165668964
1478191653275 lifecam22 2920.38061523 5230.81591797 0.146920129657
1478191653485 lifecam22 2920.61035156 5230.76611328 0.146165668964
1478191653550 lifecam22 2920.38061523 5230.81591797 0.146920129657
1478191653612 lifecam22 2920.61035156 5230.76611328 0.146165668964
1478191653681 lifecam22 2920.56469727 5230.67480469 0.14542144537
1478191653747 lifecam22 2920.38061523 5230.81591797 0.146920129657
1478191654022 lifecam22 2920.38061523 5230.81591797 0.146920129657
1478191654079 lifecam22 2920.38061523 5230.81591797 0.146920129657
1478191654150 lifecam22 2920.61035156 5230.76611328 0.146165668964
1478191654216 lifecam22 2920.38061523 5230.81591797 0.146920129657
