1478191689147 lifecam22 3344.12158203 5374.84570312 4.69803953171
1478191689208 lifecam22 3345.27587891 5378.29882812 4.71269416809
1478191689405 lifecam22 3345.04638672 5376.72460938 4.70533323288
1478191689471 lifecam22 3344.20336914 5375.63574219 4.69882392883
1478191689533 lifecam22 3344.40332031 5376.25976562 4.70068073273
1478191689607 lifecam22 3343.94604492 5376.46240234 4.7024102211
1478191689672 lifecam22 3344.62158203 5376.02490234 4.7014169693
1478191689937 lifecam22 3344.19775391 5375.77050781 4.69878005981
1478191690001 lifecam22 3344.00952148 5375.01269531 4.69826364517
1478191690070 lifecam22 3343.99121094 5375.56298828 4.69688558578
1478191690144 lifecam22 3344.7199707 5375.68359375 4.70228004456
1478191690206 lifecam22 3344.67138672 5375.49414062 4.70182037354
1478191690475 lifecam22 3344.54492188 5375.37011719 4.70066595078
1478191690539 lifecam22 3344.51245117 5375.47412109 4.70038318634
1478191690609 lifecam22 3344.57128906 5375.40332031 4.70090818405
1478191690674 lifecam22 3344.9296875 5375.59912109 4.70417308807
1478191690741 lifecam22 3344.51245117 5375.47412109 4.70038318634
1478191691013 lifecam22 3344.56445312 5374.45605469 4.69612646103
1478191691065 lifecam22 3344.64990234 5375.625 4.70042419434
1478191691138 lifecam22 3345.54614258 5377.55419922 4.70375442505
1478191691207 lifecam22 3345.69921875 5379.40380859 4.70513725281
1478191691275 lifecam22 3345.78662109 5378.91503906 4.70592403412
1478191691485 lifecam22 3342.9609375 5375.38867188 4.70004987717
1478191691538 lifecam22 3347.33447266 5382.60742188 4.73943853378
1478191691616 lifecam22 3340.54931641 5383.25537109 4.73174953461
1478191691676 lifecam22 3339.47412109 5389.87304688 4.79896068573
1478191691749 lifecam22 3336.15722656 5392.44287109 4.80892705917
1478191692008 lifecam22 3320.83300781 5396.12744141 4.84789609909
1478191692075 lifecam22 3316.48339844 5399.10107422 4.87037038803
1478191692143 lifecam22 3312.76489258 5400.24804688 4.88854598999
1478191692217 lifecam22 3307.86621094 5401.62109375 4.90054988861
1478191692277 lifecam22 3303.74975586 5403.02246094 4.91774940491
1478191692547 lifecam22 3285.01806641 5407.39257812 4.98030567169
1478191692608 lifecam22 3280.23364258 5408.56054688 4.99705648422
1478191692674 lifecam22 3276.05419922 5410.12158203 5.01444292068
1478191692742 lifecam22 3271.18017578 5411.26806641 5.03288459778
1478191692808 lifecam22 3266.78417969 5411.46630859 5.04489946365
1478191693016 lifecam22 3252.93017578 5414.84521484 5.1012377739
1478191693071 lifecam22 3247.56982422 5416.359375 5.12162065506
1478191693146 lifecam22 3242.87988281 5417.02490234 5.13720703125
1478191693216 lifecam22 3237.37011719 5416.71533203 5.15163946152
1478191693279 lifecam22 3233.55102539 5417.44726562 5.16619586945
1478191693548 lifecam22 3214.13476562 5417.15283203 5.23312091827
1478191693612 lifecam22 3208.8137207 5416.35498047 5.24596309662
1478191693679 lifecam22 3203.76782227 5416.87353516 5.2626490593
1478191693749 lifecam22 3200.26538086 5416.87695312 5.28282308578
1478191693811 lifecam22 3194.77246094 5416.15673828 5.29851531982
1478191694076 lifecam22 3175.79296875 5412.58398438 5.35970830917
1478191694139 lifecam22 3171.69677734 5413.37402344 5.37780332565
1478191694218 lifecam22 3166.91943359 5412.43994141 5.39726257324
1478191694274 lifecam22 3162.85473633 5411.99804688 5.40967845917
1478191694347 lifecam22 3157.54931641 5410.13085938 5.42850351334
1478191694555 lifecam22 3144.09960938 5407.01708984 5.47427654266
1478191694612 lifecam22 3138.98095703 5409.56347656 5.50690889359
1478191694688 lifecam22 3133.74609375 5407.10693359 5.52417945862
1478191694750 lifecam22 3129.96044922 5406.08496094 5.53735971451
1478191694811 lifecam22 3124.86157227 5404.63183594 5.55926036835
1478191695024 lifecam22 3111.43286133 5398.42529297 5.60032844543
1478191695082 lifecam22 3107.97851562 5398.32470703 5.62295198441
1478191695145 lifecam22 3102.06640625 5396.35009766 5.64551353455
1478191695212 lifecam22 3098.60327148 5393.89794922 5.65322256088
1478191695284 lifecam22 3093.46704102 5392.17236328 5.67852067947
1478191695689 lifecam22 3067.47241211 5379.04638672 5.77771759033
1478191695749 lifecam22 3063.51879883 5375.4375 5.78980493546
1478191695814 lifecam22 3060.49536133 5373.76367188 5.80787038803
1478191695881 lifecam22 3056.5078125 5369.69921875 5.81484127045
1478191695949 lifecam22 3052.85375977 5366.89404297 5.83179283142
1478191696213 lifecam22 3037.21411133 5354.58740234 5.9019947052
1478191696280 lifecam22 3033.75292969 5350.60498047 5.91354417801
1478191696349 lifecam22 3030.63574219 5349.03173828 5.93195104599
1478191696414 lifecam22 3027.83544922 5345.55322266 5.94491243362
1478191696482 lifecam22 3022.65991211 5343.55419922 5.97130966187
1478191696815 lifecam22 3005.65112305 5326.77685547 6.0511879921
1478191696880 lifecam22 3001.85888672 5323.79248047 6.07322788239
1478191696947 lifecam22 2999.01147461 5319.50195312 6.08588075638
1478191697010 lifecam22 2995.21655273 5316.34228516 6.10644292831
1478191697081 lifecam22 2991.99536133 5311.86865234 6.12073850632
1478191697297 lifecam22 2983.86425781 5300.91113281 6.1682138443
1478191697346 lifecam22 2981.12646484 5296.48876953 6.18448448181
1478191697419 lifecam22 2977.33081055 5293.16650391 6.2012181282
1478191697484 lifecam22 2975.90112305 5288.13818359 6.21164798737
1478191697550 lifecam22 2971.81835938 5284.33447266 6.23970127106
1478191697829 lifecam22 2965.57519531 5267.28417969 0.00899130478501
1478191697877 lifecam22 2958.94067383 5266.16064453 0.0498610176146
1478191697951 lifecam22 2958.2902832 5260.17089844 0.055657453835
1478191698023 lifecam22 2956.34667969 5254.88427734 0.0674157813191
1478191698087 lifecam22 2954.22387695 5251.16552734 0.0835468247533
1478191698284 lifecam22 2948.59887695 5238.46777344 0.13479667902
1478191698350 lifecam22 2946.68212891 5232.51123047 0.151077836752
1478191698416 lifecam22 2944.97827148 5228.37304688 0.16415438056
1478191698491 lifecam22 2943.54418945 5223.85009766 0.183041766286
1478191698542 lifecam22 2942.55908203 5219.67089844 0.196532547474
1478191698819 lifecam22 2939.58691406 5207.29589844 0.236706078053
1478191698882 lifecam22 2940.39111328 5207.60644531 0.231496632099
1478191698954 lifecam22 2940.36914062 5206.82373047 0.233159840107
1478191699018 lifecam22 2940.08325195 5207.23388672 0.235096186399
1478191699089 lifecam22 2940.00268555 5207.26660156 0.235556334257
1478191699427 lifecam22 2940.37133789 5206.95068359 0.233069121838
1478191699489 lifecam22 2940.37133789 5206.95068359 0.233069121838
1478191699548 lifecam22 2940.08325195 5207.23388672 0.235096186399
1478191699631 lifecam22 2940.37133789 5206.95068359 0.233069121838
1478191699683 lifecam22 2940.08325195 5207.23388672 0.235096186399
1478191699963 lifecam22 2940.08325195 5207.23388672 0.235096186399
1478191700025 lifecam22 2940.37133789 5206.95068359 0.233069121838
1478191700086 lifecam22 2940.29125977 5206.98388672 0.233530730009
1478191700154 lifecam22 2940.37133789 5206.95068359 0.233069121838
1478191700219 lifecam22 2940.08325195 5207.23388672 0.235096186399
1478191700495 lifecam22 2940.08325195 5207.23388672 0.235096186399
1478191700559 lifecam22 2940.08325195 5207.23388672 0.235096186399
1478191700626 lifecam22 2940.37133789 5206.95068359 0.233069121838
1478191700687 lifecam22 2940.08325195 5207.23388672 0.235096186399
