1478191873085 lifecam22 3391.80810547 5335.62109375 4.71064567566
1478191873149 lifecam22 3391.95239258 5336.67578125 4.71792507172
1478191873223 lifecam22 3393.96704102 5337.45556641 4.72637987137
1478191873294 lifecam22 3401.39599609 5337.37255859 4.76471471786
1478191873358 lifecam22 3404.59130859 5332.4296875 4.7475399971
1478191873630 lifecam22 3387.48925781 5341.71386719 4.71505451202
1478191873691 lifecam22 3380.85693359 5350.76318359 4.72284984589
1478191873761 lifecam22 3373.30688477 5355.0546875 4.71562623978
1478191873821 lifecam22 3363.0793457 5361.01513672 4.70801544189
1478191873892 lifecam22 3354.67089844 5371.10791016 4.7117266655
1478191874157 lifecam22 3351.85107422 5381.88378906 4.76149654388
1478191874221 lifecam22 3351.09887695 5380.97070312 4.7508764267
1478191874291 lifecam22 3350.02880859 5383.22070312 4.76144123077
1478191874353 lifecam22 3349.64599609 5383.16259766 4.75413560867
1478191874422 lifecam22 3346.59106445 5381.546875 4.71441888809
1478191874700 lifecam22 3346.92114258 5383.54638672 4.73190546036
1478191874763 lifecam22 3346.92114258 5383.54638672 4.73190546036
1478191874826 lifecam22 3346.91430664 5383.58056641 4.73222398758
1478191874889 lifecam22 3346.9675293 5383.78613281 4.73414230347
1478191874957 lifecam22 3346.36572266 5377.16845703 4.71116781235
1478191875154 lifecam22 3344.55273438 5377.25634766 4.69349098206
1478191875225 lifecam22 3345.46875 5379.33642578 4.70305633545
1478191875293 lifecam22 3344.34326172 5376.76171875 4.69021987915
1478191875359 lifecam22 3344.94604492 5377.44824219 4.69443511963
1478191875427 lifecam22 3345.16796875 5375.11279297 4.67822122574
1478191875711 lifecam22 3343.79223633 5375.84082031 4.68805837631
1478191875759 lifecam22 3343.62597656 5374.46191406 4.68658161163
1478191875830 lifecam22 3343.45288086 5374.58496094 4.6850438118
1478191875898 lifecam22 3343.71240234 5375.08691406 4.68734741211
1478191876162 lifecam22 3343.37207031 5374.63085938 4.68294715881
1478191876227 lifecam22 3343.52270508 5374.64160156 4.6856637001
1478191876297 lifecam22 3343.32861328 5373.60791016 4.67442989349
1478191876355 lifecam22 3343.96142578 5374.62939453 4.6895608902
1478191876426 lifecam22 3343.63525391 5373.75634766 4.68394517899
1478191876701 lifecam22 3344.49780273 5376.78076172 4.69434452057
1478191876771 lifecam22 3343.34887695 5377.51660156 4.6840429306
1478191876827 lifecam22 3343.4777832 5377.64453125 4.68526649475
1478191876895 lifecam22 3343.49487305 5377.52001953 4.6841506958
1478191876959 lifecam22 3343.34765625 5377.67529297 4.68411636353
1478191877229 lifecam22 3343.55175781 5375.33935547 4.68448114395
1478191877297 lifecam22 3343.58398438 5373.99951172 4.68482732773
1478191877364 lifecam22 3343.18383789 5373.89794922 4.67574262619
1478191877437 lifecam22 3343.7902832 5376.26416016 4.68803977966
1478191877496 lifecam22 3344.00683594 5376.44824219 4.68996667862
1478191877698 lifecam22 3343.57275391 5375.109375 4.68610954285
1478191877763 lifecam22 3344.63574219 5377.12695312 4.69557571411
1478191877828 lifecam22 3344.71606445 5377.61621094 4.69629716873
1478191877884 lifecam22 3337.13476562 5373.96386719 4.69110441208
1478191877961 lifecam22 3332.62426758 5381.01513672 4.7147974968
1478191878223 lifecam22 3322.36669922 5387.41650391 4.77938365936
1478191878295 lifecam22 3317.52294922 5388.41455078 4.79430294037
1478191878365 lifecam22 3314.47729492 5392.86474609 4.81580162048
1478191878433 lifecam22 3308.21728516 5393.27490234 4.82283782959
1478191878491 lifecam22 3185.26391602 5610.92724609 0.893112421036
1478191878641 lifecam22 3294.77587891 5397.92041016 4.86834526062
1478191878699 lifecam22 3291.09375 5399.72802734 4.88690423965
1478191878764 lifecam22 3285.8425293 5400.49169922 4.90120077133
1478191878832 lifecam22 3282.16137695 5404.46630859 4.92958879471
1478191878896 lifecam22 3277.02246094 5405.40185547 4.94203567505
1478191879167 lifecam22 3258.22119141 5409.33447266 5.00199222565
1478191879230 lifecam22 3253.68212891 5412.29785156 5.02961063385
1478191879295 lifecam22 3248.89257812 5411.37304688 5.03718662262
1478191879373 lifecam22 3243.85791016 5411.71191406 5.04774856567
1478191879436 lifecam22 3239.83081055 5411.65966797 5.06188869476
1478191879699 lifecam22 3220.58984375 5413.97265625 5.12874794006
1478191879761 lifecam22 3220.6184082 5415.34130859 5.14355325699
1478191879891 lifecam22 3206.89208984 5414.72900391 5.17991161346
1478191879965 lifecam22 3201.39086914 5415.82910156 5.20223379135
1478191880170 lifecam22 3186.34008789 5415.79638672 5.2520775795
1478191880240 lifecam22 3182.81689453 5417.20996094 5.27558946609
1478191880305 lifecam22 3177.94433594 5415.95751953 5.28441953659
1478191880369 lifecam22 3172.88085938 5414.62695312 5.29857206345
1478191880433 lifecam22 3168.98535156 5416.12548828 5.32053136826
1478191880632 lifecam22 3157.66259766 5414.91894531 5.35513496399
1478191880695 lifecam22 3148.9284668 5413.94580078 5.39050674438
1478191880765 lifecam22 3144.54711914 5413.44140625 5.40330934525
1478191880832 lifecam22 3139.23242188 5411.3828125 5.42427587509
1478191880898 lifecam22 3135.3503418 5412.01806641 5.43918704987
1478191881107 lifecam22 3121.49365234 5410.6875 5.50118112564
1478191881171 lifecam22 3115.33862305 5406.43310547 5.50370788574
1478191881235 lifecam22 3111.8203125 5404.34667969 5.51111268997
1478191881304 lifecam22 3107.31225586 5403.74853516 5.5338807106
1478191881643 lifecam22 3085.99755859 5396.42919922 5.62461996078
1478191881705 lifecam22 3081.10766602 5394.61865234 5.64453172684
1478191881834 lifecam22 3072.18041992 5388.95507812 5.66854047775
1478191881895 lifecam22 3068.18261719 5387.36669922 5.68383836746
1478191882108 lifecam22 3055.79638672 5380.97412109 5.73469877243
1478191882173 lifecam22 3051.96850586 5377.93603516 5.75342988968
1478191882234 lifecam22 3048.03710938 5375.17431641 5.76383304596
1478191882302 lifecam22 3043.05249023 5372.99755859 5.78381347656
1478191882375 lifecam22 3038.80126953 5371.04541016 5.80307722092
1478191882642 lifecam22 3022.56103516 5361.27539062 5.87632513046
1478191882707 lifecam22 3018.48388672 5356.63134766 5.89124011993
1478191882768 lifecam22 3014.5402832 5353.11914062 5.90494918823
1478191882834 lifecam22 3011.21777344 5350.46240234 5.91841030121
1478191882901 lifecam22 3007.66674805 5346.00585938 5.93622112274
1478191883166 lifecam22 2993.44091797 5333.78662109 6.00277328491
1478191883238 lifecam22 2989.44116211 5330.60058594 6.02164316177
1478191883310 lifecam22 2986.03857422 5328.10351562 6.04024362564
1478191883377 lifecam22 2983.44018555 5325.70556641 6.05466461182
1478191883436 lifecam22 2979.69946289 5322.86035156 6.07417726517
1478191883640 lifecam22 2970.99267578 5310.64111328 6.11492586136
1478191883709 lifecam22 2965.91015625 5305.36181641 6.14155387878
1478191883763 lifecam22 2963.43457031 5301.99414062 6.15905761719
1478191883836 lifecam22 2961.61132812 5296.86767578 6.1664056778
1478191883906 lifecam22 2959.27539062 5295.73339844 6.1820306778
1478191884113 lifecam22 2952.65844727 5282.02880859 6.2229142189
1478191884166 lifecam22 2947.47167969 5280.13769531 6.25660324097
1478191884238 lifecam22 2946.69165039 5275.57470703 6.26673269272
1478191884302 lifecam22 2945.85791016 5269.81347656 6.27367115021
1478191884368 lifecam22 2944.38427734 5265.44921875 0.00970632210374
1478191884577 lifecam22 2935.29101562 5253.20996094 0.0663642287254
1478191884635 lifecam22 2934.26855469 5247.86767578 0.0754508301616
1478191884710 lifecam22 2931.61132812 5243.90234375 0.0933099463582
1478191884778 lifecam22 2930.23974609 5240.09033203 0.110341981053
1478191884843 lifecam22 2927.11328125 5236.16015625 0.131057441235
1478191885062 lifecam22 2926.92626953 5226.01367188 0.148041412234
1478191885115 lifecam22 2926.62011719 5227.79736328 0.148352339864
1478191885176 lifecam22 2926.23095703 5226.82910156 0.148084104061
1478191885241 lifecam22 2926.64916992 5227.17480469 0.148923099041
1478191885313 lifecam22 2926.84814453 5226.60253906 0.146163538098
1478191885641 lifecam22 2926.45336914 5227.12988281 0.149685561657
1478191885711 lifecam22 2927.08227539 5226.56884766 0.14435583353
1478191885779 lifecam22 2926.84814453 5226.60253906 0.146163538098
1478191885837 lifecam22 2926.55249023 5227.0390625 0.147553279996
1478191885906 lifecam22 2926.84814453 5226.60253906 0.146163538098
1478191886112 lifecam22 2927.10913086 5226.67773438 0.145298913121
1478191886184 lifecam22 2926.80517578 5226.75732422 0.1463560462
1478191886237 lifecam22 2926.62133789 5227.06689453 0.147983014584
1478191886311 lifecam22 2927.03930664 5226.72363281 0.144548505545
1478191886371 lifecam22 2926.85107422 5226.71777344 0.145935699344
1478191886581 lifecam22 2926.84814453 5226.60253906 0.146163538098
1478191886641 lifecam22 2926.49755859 5226.97509766 0.149494469166
1478191886707 lifecam22 2926.91894531 5226.70166016 0.145697653294
1478191886777 lifecam22 2926.62133789 5227.06689453 0.147983014584
1478191886845 lifecam22 2926.98974609 5226.65527344 0.146445244551
1478191887111 lifecam22 2926.87573242 5226.71142578 0.147105395794
1478191887174 lifecam22 2926.45336914 5227.12988281 0.149685561657
1478191887242 lifecam22 2926.87573242 5226.71142578 0.147105395794
1478191887312 lifecam22 2926.87573242 5226.71142578 0.147105395794
1478191887374 lifecam22 2926.83276367 5226.86621094 0.147296965122
1478191887584 lifecam22 2926.70288086 5226.0390625 0.147524669766
1478191887647 lifecam22 2926.84814453 5226.60253906 0.146163538098
1478191887719 lifecam22 2926.92529297 5226.78027344 0.145207569003
1478191887775 lifecam22 2926.84814453 5226.60253906 0.146163538098
1478191887845 lifecam22 2926.80517578 5226.75732422 0.1463560462
1478191888116 lifecam22 2926.84814453 5226.60253906 0.146163538098
1478191888183 lifecam22 2926.91894531 5226.70166016 0.145697653294
1478191888241 lifecam22 2926.96191406 5226.54638672 0.145504057407
1478191888314 lifecam22 2926.80517578 5226.75732422 0.1463560462
1478191888386 lifecam22 2926.83276367 5226.86621094 0.147296965122
1478191888591 lifecam22 2926.83276367 5226.86621094 0.147296965122
1478191888649 lifecam22 2926.80517578 5226.75732422 0.1463560462
1478191888713 lifecam22 2926.98974609 5226.65527344 0.146445244551
1478191888781 lifecam22 2926.96191406 5226.54638672 0.145504057407
1478191888847 lifecam22 2926.87573242 5226.71142578 0.147105395794
1478191888906 lifecam22 2926.96191406 5226.54638672 0.145504057407
1478191889188 lifecam22 2927.08227539 5226.56884766 0.14435583353
1478191889249 lifecam22 2926.91894531 5226.70166016 0.145697653294
1478191889319 lifecam22 2926.98974609 5226.65527344 0.146445244551
