1478614164709 lifecam22 3340.83300781 5380.08105469 4.63043403625
1478614164828 lifecam22 3340.75512695 5379.29345703 4.6232714653
1478614164897 lifecam22 3341.00708008 5380.48535156 4.62899923325
1478614164960 lifecam22 3341.30883789 5379.63232422 4.62279987335
1478614165027 lifecam22 3341.70092773 5380.08105469 4.62601280212
1478614165097 lifecam22 3342.38378906 5380.49316406 4.62930965424
1478614165159 lifecam22 3343.9597168 5380.81054688 4.63261795044
1478614165226 lifecam22 3343.48242188 5380.70166016 4.63107633591
1478614165295 lifecam22 3343.5300293 5379.58984375 4.62686252594
1478614165359 lifecam22 3340.79907227 5380.32666016 4.63130140305
1478614165426 lifecam22 3339.16064453 5378.29150391 4.61507225037
1478614165496 lifecam22 3338.26147461 5378.234375 4.61354541779
1478614165566 lifecam22 3336.25170898 5378.94775391 4.62463331223
1478614165625 lifecam22 3323.921875 5378.35839844 4.62231492996
1478614165696 lifecam22 3317.29492188 5379.11523438 4.62156963348
1478614165765 lifecam22 3316.65869141 5378.84912109 4.62106132507
1478614165827 lifecam22 3309.67919922 5381.56884766 4.63832187653
1478614165894 lifecam22 3304.03466797 5382.95556641 4.64525604248
1478614165964 lifecam22 3298.203125 5382.87402344 4.64544963837
1478614166025 lifecam22 3291.12036133 5384.02441406 4.64682197571
1478614166093 lifecam22 3284.69921875 5383.99072266 4.64943790436
1478614166165 lifecam22 3282.65722656 5387.16650391 4.67506170273
1478614166233 lifecam22 3276.30395508 5387.78857422 4.68080186844
1478614166293 lifecam22 3271.89038086 5390.08300781 4.69708108902
1478614166363 lifecam22 3264.98876953 5390.59228516 4.69926452637
1478614166434 lifecam22 3258.3659668 5390.13623047 4.69739818573
1478614166493 lifecam22 3252.09423828 5391.31152344 4.70380973816
1478614166561 lifecam22 3247.953125 5392.27832031 4.71407222748
1478614166631 lifecam22 3242.20947266 5393.99853516 4.72741699219
1478614166693 lifecam22 3236.66430664 5394.03369141 4.72878408432
1478614166761 lifecam22 3230.97045898 5394.83984375 4.73928356171
1478614166832 lifecam22 3223.83007812 5394.56933594 4.73677873611
1478614166901 lifecam22 3217.1015625 5394.54638672 4.73656272888
1478614166961 lifecam22 3210.32739258 5394.5 4.73613452911
1478614167032 lifecam22 3204.07470703 5394.65380859 4.73756122589
1478614167101 lifecam22 3199.08398438 5395.56445312 4.75286960602
1478614167161 lifecam22 3194.07006836 5396.50097656 4.76476669312
1478614167235 lifecam22 3188.66821289 5397.35595703 4.76876163483
1478614167299 lifecam22 3182.48657227 5396.17773438 4.7693734169
1478614167361 lifecam22 3177.3984375 5396.96533203 4.77968549728
1478614167429 lifecam22 3170.98339844 5396.12548828 4.78324222565
1478614167500 lifecam22 3165.72167969 5396.91601562 4.79146909714
1478614167562 lifecam22 3159.26904297 5396.82470703 4.79479408264
1478614167630 lifecam22 3153.81201172 5397.71728516 4.80693912506
1478614167699 lifecam22 3147.76049805 5397.84472656 4.81168985367
1478614167770 lifecam22 3142.43188477 5398.10058594 4.82079458237
1478614167829 lifecam22 3136.50048828 5398.22802734 4.82562685013
1478614167900 lifecam22 3131.99926758 5397.98876953 4.83721208572
1478614167968 lifecam22 3125.17260742 5397.89599609 4.83998727798
1478614168029 lifecam22 3120.18017578 5397.93066406 4.85156011581
1478614168099 lifecam22 3114.25341797 5398.05761719 4.855717659
1478614168169 lifecam22 3109.04296875 5396.84521484 4.85926818848
1478614168229 lifecam22 3103.70458984 5397.39208984 4.86926746368
1478614168297 lifecam22 3096.86669922 5395.76708984 4.86695814133
1478614168369 lifecam22 3090.67773438 5395.33789062 4.87433767319
1478614168437 lifecam22 3085.58422852 5395.09912109 4.88020086288
1478614168498 lifecam22 3079.21801758 5395.39501953 4.89066123962
1478614168570 lifecam22 3073.95532227 5395.54248047 4.8984413147
1478614168637 lifecam22 3067.68041992 5394.61328125 4.90461111069
1478614168696 lifecam22 3062.35742188 5394.40917969 4.91124010086
1478614168764 lifecam22 3056.89355469 5394.12451172 4.9216337204
1478614168835 lifecam22 3050.48730469 5393.24414062 4.92552947998
1478614168896 lifecam22 3044.88305664 5393.60449219 4.93370866776
1478614168967 lifecam22 3039.02441406 5392.32568359 4.93781995773
1478614169035 lifecam22 3033.43847656 5392.16894531 4.94623613358
1478614169105 lifecam22 3027.25366211 5389.36328125 4.94124269485
1478614169166 lifecam22 3022.58007812 5389.07666016 4.95132160187
1478614169236 lifecam22 3016.71533203 5387.32324219 4.95315361023
1478614169305 lifecam22 3010.83837891 5387.14892578 4.96106815338
1478614169365 lifecam22 3005.2800293 5386.46582031 4.97394371033
1478614169435 lifecam22 2999.1237793 5385.70605469 4.97608232498
1478614169504 lifecam22 2993.33447266 5383.88330078 4.98309850693
1478614169564 lifecam22 2988.37084961 5385.41455078 4.99938297272
1478614169633 lifecam22 2982.68847656 5383.50097656 4.99917268753
1478614169704 lifecam22 2976.88427734 5381.90966797 5.00715351105
1478614169764 lifecam22 2971.65136719 5382.70166016 5.01770401001
1478614169833 lifecam22 2966.25585938 5380.02587891 5.01874732971
1478614169904 lifecam22 2960.140625 5379.76367188 5.02833175659
1478614169972 lifecam22 2955.40429688 5377.34570312 5.02962207794
1478614170033 lifecam22 2949.20703125 5375.60839844 5.03507184982
1478614170103 lifecam22 2943.67993164 5374.59716797 5.04073953629
1478614170173 lifecam22 2937.59228516 5373.35205078 5.0494594574
1478614170234 lifecam22 2931.27661133 5371.84472656 5.05144882202
1478614170300 lifecam22 2926.10693359 5370.36767578 5.05884313583
1478614170370 lifecam22 2920.6784668 5369.42724609 5.06981563568
1478614170433 lifecam22 2914.70996094 5368.65234375 5.07968711853
1478614170503 lifecam22 2909.09960938 5366.63867188 5.08044433594
1478614170572 lifecam22 2903.98413086 5366.38037109 5.09900426865
1478614170640 lifecam22 2898.0769043 5364.73486328 5.09970760345
1478614170700 lifecam22 2892.12792969 5362.71582031 5.10631322861
1478614170770 lifecam22 2886.3828125 5361.21289062 5.11146211624
1478614170840 lifecam22 2881.13671875 5358.50732422 5.11341524124
1478614170900 lifecam22 2876.09594727 5356.74755859 5.12148189545
1478614170971 lifecam22 2870.32666016 5354.3359375 5.12460947037
1478614171038 lifecam22 2865.90136719 5352.78857422 5.13336420059
1478614171100 lifecam22 2860.14233398 5351.65820312 5.14178180695
1478614171168 lifecam22 2854.56738281 5348.93505859 5.14513969421
1478614171239 lifecam22 2849.16015625 5347.67382812 5.15196943283
1478614171300 lifecam22 2843.11938477 5345.05078125 5.15581321716
1478614171369 lifecam22 2838.22192383 5344.15917969 5.16738605499
1478614171438 lifecam22 2833.49829102 5341.25537109 5.17136144638
1478614171508 lifecam22 2827.80126953 5340.28515625 5.18154382706
1478614171568 lifecam22 2822.68188477 5337.48388672 5.18476676941
1478614171638 lifecam22 2817.3984375 5335.71533203 5.19306945801
1478614171706 lifecam22 2812.38330078 5333.10888672 5.19516468048
1478614171768 lifecam22 2806.82958984 5331.51171875 5.20487165451
1478614171836 lifecam22 2801.81689453 5329.40966797 5.2150645256
1478614171906 lifecam22 2796.79833984 5327.39257812 5.2210187912
1478614171968 lifecam22 2791.03881836 5325.36621094 5.23080873489
1478614172037 lifecam22 2785.60180664 5322.91113281 5.23705625534
1478614172106 lifecam22 2779.66918945 5321.29736328 5.24289369583
1478614172176 lifecam22 2775.14941406 5317.54833984 5.24350786209
1478614172236 lifecam22 2769.88696289 5316.39794922 5.25697183609
1478614172306 lifecam22 2764.28662109 5313.25097656 5.25993394852
1478614172375 lifecam22 2759.17041016 5310.83447266 5.26709032059
1478614172437 lifecam22 2753.87646484 5309.19091797 5.2756280899
1478614172506 lifecam22 2748.50830078 5305.50244141 5.27551412582
1478614172574 lifecam22 2743.11523438 5302.67041016 5.28220844269
1478614172637 lifecam22 2738.65136719 5300.37353516 5.28880977631
1478614172704 lifecam22 2733.52514648 5297.37890625 5.29387903214
1478614172844 lifecam22 2723.32324219 5291.26220703 5.30459070206
1478614172904 lifecam22 2717.53930664 5288.20947266 5.31013822556
1478614172974 lifecam22 2712.02905273 5287.17675781 5.32529687881
1478614173045 lifecam22 2707.18310547 5284.19042969 5.32995462418
1478614173175 lifecam22 2697.53393555 5278.71289062 5.34251308441
1478614173244 lifecam22 2693.19873047 5275.49755859 5.35322618484
1478614173304 lifecam22 2687.58691406 5272.16455078 5.35460090637
1478614173375 lifecam22 2682.7565918 5269.41992188 5.36297464371
1478614173444 lifecam22 2677.76757812 5266.61328125 5.37141275406
1478614173504 lifecam22 2672.88696289 5262.81445312 5.37179613113
1478614173572 lifecam22 2668.82324219 5260.86132812 5.38277721405
1478614173645 lifecam22 2662.94311523 5257.61669922 5.38752794266
1478614173711 lifecam22 2657.84375 5253.89746094 5.39018249512
1478614173773 lifecam22 2652.82226562 5251.99267578 5.40557384491
1478614173844 lifecam22 2648.70410156 5249.59716797 5.41435050964
1478614173913 lifecam22 2642.48486328 5245.23095703 5.41820526123
1478614173972 lifecam22 2637.93847656 5242.07568359 5.42559766769
1478614174039 lifecam22 2633.58447266 5238.59082031 5.43084383011
1478614174112 lifecam22 2628.28930664 5234.60644531 5.43745231628
1478614174172 lifecam22 2623.29052734 5233.31494141 5.4513297081
1478614174239 lifecam22 2618.04858398 5228.76220703 5.44922494888
1478614174379 lifecam22 2608.99267578 5221.65234375 5.46264123917
1478614174439 lifecam22 2605.29638672 5218.88623047 5.47149276733
1478614174510 lifecam22 2601.1484375 5216.08349609 5.48266506195
1478614174578 lifecam22 2595.47753906 5210.52832031 5.48107004166
1478614174639 lifecam22 2591.59521484 5207.81884766 5.4917383194
1478614174710 lifecam22 2587.20605469 5204.48925781 5.49965000153
1478614174778 lifecam22 2583.13623047 5202.59863281 5.5183634758
1478614174907 lifecam22 2574.15722656 5193.73486328 5.52361726761
1478614174978 lifecam22 2569.45410156 5189.04638672 5.52631759644
1478614175041 lifecam22 2565.33007812 5184.76220703 5.52870464325
1478614175108 lifecam22 2561.19677734 5182.97119141 5.54972457886
1478614175177 lifecam22 2557.109375 5178.28320312 5.55305624008
1478614175250 lifecam22 2553.01318359 5175.50537109 5.55958509445
1478614175307 lifecam22 2548.76074219 5169.1953125 5.55742645264
1478614175379 lifecam22 2543.29101562 5166.51513672 5.56633329391
1478614175445 lifecam22 2540.07202148 5162.66845703 5.57510232925
1478614175508 lifecam22 2535.05493164 5160.47070312 5.58774518967
1478614175576 lifecam22 2531.67822266 5155.85791016 5.59509181976
1478614175647 lifecam22 2526.39379883 5153.00732422 5.60664796829
1478614175707 lifecam22 2522.77172852 5147.22363281 5.60103321075
1478614175775 lifecam22 2518.31054688 5144.49853516 5.61581039429
1478614175846 lifecam22 2513.7902832 5140.14648438 5.62563657761
1478614175915 lifecam22 2509.82495117 5136.30126953 5.63115501404
1478614175974 lifecam22 2505.3293457 5130.85498047 5.63009119034
1478614176046 lifecam22 2502.36962891 5126.43359375 5.63512420654
1478614176113 lifecam22 2498.29858398 5122.44335938 5.64217424393
1478614176175 lifecam22 2494.68408203 5117.93017578 5.64725399017
1478614176245 lifecam22 2490.76904297 5113.63085938 5.65109109879
1478614176314 lifecam22 2486.95727539 5109.51416016 5.65858650208
1478614176374 lifecam22 2483.29443359 5105.35253906 5.66980409622
1478614176443 lifecam22 2478.72290039 5101.43359375 5.67813062668
1478614176513 lifecam22 2475.70556641 5095.88037109 5.67671251297
1478614176584 lifecam22 2471.30444336 5092.40625 5.68882131577
1478614176643 lifecam22 2467.94165039 5087.53320312 5.69404745102
1478614176714 lifecam22 2464.41894531 5083.61914062 5.70567798615
1478614176781 lifecam22 2460.69970703 5078.32177734 5.70543813705
1478614176842 lifecam22 2457.31445312 5073.92041016 5.71129083633
1478614176913 lifecam22 2454.12011719 5068.24658203 5.71205329895
1478614176981 lifecam22 2451.2121582 5065.21533203 5.7242770195
1478614177042 lifecam22 2446.91772461 5060.38378906 5.73137235641
1478614177110 lifecam22 2444.00073242 5056.03808594 5.7339720726
1478614177181 lifecam22 2440.30371094 5049.79931641 5.73130512238
1478614177243 lifecam22 2437.01538086 5046.37109375 5.74774074554
1478614177310 lifecam22 2432.96728516 5040.90820312 5.75178527832
1478614177382 lifecam22 2429.84082031 5037.12011719 5.76032876968
1478614177451 lifecam22 2425.09863281 5033.81347656 5.77538204193
1478614177510 lifecam22 2422.05493164 5029.58203125 5.78328752518
1478614177581 lifecam22 2417.63891602 5025.64550781 5.79617929459
1478614177650 lifecam22 2414.81689453 5019.72949219 5.79389619827
1478614177710 lifecam22 2411.35473633 5014.86376953 5.79795360565
1478614177781 lifecam22 2407.78222656 5010.92333984 5.81263399124
1478614177849 lifecam22 2404.94824219 5005.3515625 5.81296348572
1478614177910 lifecam22 2402.8449707 5000.15722656 5.81313085556
1478614177978 lifecam22 2399.41455078 4996.09912109 5.82587528229
1478614178049 lifecam22 2396.63427734 4989.45849609 5.82341241837
1478614178119 lifecam22 2393.30957031 4985.36132812 5.83359575272
1478614178180 lifecam22 2390.18017578 4979.87939453 5.83640003204
1478614178249 lifecam22 2386.50708008 4976.28076172 5.85055351257
1478614178318 lifecam22 2384.17041016 4968.89746094 5.84976768494
1478614178379 lifecam22 2381.43212891 4965.98632812 5.86410236359
1478614178450 lifecam22 2378.05175781 4961.00244141 5.87243556976
1478614178518 lifecam22 2375.29541016 4955.7734375 5.87528419495
1478614178578 lifecam22 2372.97436523 4949.77636719 5.87538290024
1478614178652 lifecam22 2370.05444336 4944.84082031 5.88128471375
1478614178717 lifecam22 2368.54467773 4938.66015625 5.88167381287
1478614178787 lifecam22 2364.7421875 4935.5078125 5.89753580093
1478614178847 lifecam22 2362.13061523 4929.99902344 5.90673112869
1478614178918 lifecam22 2359.6965332 4925.04248047 5.91208982468
1478614178986 lifecam22 2356.77709961 4919.28320312 5.91655302048
1478614179046 lifecam22 2354.38867188 4913.65722656 5.91880130768
1478614179118 lifecam22 2350.76489258 4909.12646484 5.9347205162
1478614179185 lifecam22 2348.68310547 4904.57128906 5.9393696785
1478614179246 lifecam22 2345.47119141 4899.64208984 5.95331859589
1478614179317 lifecam22 2343.42724609 4893.58203125 5.95091724396
1478614179385 lifecam22 2340.2355957 4888.88769531 5.95888614655
1478614179446 lifecam22 2338.03417969 4883.640625 5.96791267395
1478614179515 lifecam22 2334.08544922 4878.89501953 5.97874069214
1478614179585 lifecam22 2332.92236328 4874.35791016 5.98189115524
1478614179654 lifecam22 2330.52661133 4868.56640625 5.98506879807
1478614179714 lifecam22 2329.04248047 4862.72802734 5.98994684219
1478614179786 lifecam22 2327.00097656 4857.75390625 5.99737071991
1478614179854 lifecam22 2324.3215332 4851.8203125 6.00268507004
1478614179914 lifecam22 2321.41552734 4846.66210938 6.01635694504
1478614179986 lifecam22 2319.31103516 4841.12597656 6.01963663101
1478614180055 lifecam22 2317.29467773 4835.59863281 6.02660512924
1478614180114 lifecam22 2315.07177734 4831.35400391 6.03670454025
1478614180184 lifecam22 2313.14282227 4825.81298828 6.04410457611
1478614180255 lifecam22 2311.80786133 4819.875 6.04575204849
1478614180322 lifecam22 2310.08764648 4814.43701172 6.05250692368
1478614180382 lifecam22 2308.16918945 4809.66748047 6.06163835526
1478614180455 lifecam22 2306.58056641 4804.08447266 6.06389665604
1478614180523 lifecam22 2305.41918945 4797.57910156 6.06618118286
1478614180582 lifecam22 2303.88037109 4792.28271484 6.07065486908
1478614180654 lifecam22 2302.43823242 4785.69091797 6.07275819778
1478614180723 lifecam22 2300.26342773 4780.87353516 6.08312129974
1478614180782 lifecam22 2298.30859375 4775.07714844 6.09281206131
1478614180853 lifecam22 2295.71850586 4770.71484375 6.10375833511
1478614180923 lifecam22 2294.64672852 4763.84472656 6.10585689545
1478614180981 lifecam22 2292.4152832 4759.02294922 6.11456680298
1478614181051 lifecam22 2290.60913086 4753.71240234 6.12451553345
1478614181058 lifecam20 2230.86401367 4752.15625 6.12945270538
1478614181119 lifecam20 2230.60107422 4749.30566406 6.13001728058
1478614181121 lifecam22 2229.91113281 4746.56152344 6.13420629501
1478614181188 lifecam20 2229.05517578 4743.67871094 6.13555860519
1478614181188 lifecam22 2228.05126953 4740.5390625 6.13637638092
1478614181253 lifecam22 2229.07373047 4738.296875 6.13269901276
1478614181259 lifecam20 2230.6887207 4735.65185547 6.12242269516
1478614181321 lifecam20 2230.13378906 4737.25488281 6.12597131729
1478614181322 lifecam22 2230.5078125 4737.72705078 6.1210694313
1478614181389 lifecam20 2230.55712891 4737.88769531 6.12310791016
1478614181391 lifecam22 2230.390625 4737.84960938 6.12450647354
1478614181451 lifecam22 2230.41113281 4737.85644531 6.12440872192
1478614181459 lifecam20 2230.33325195 4737.43164062 6.12207126617
1478614181521 lifecam20 2230.60791016 4737.64257812 6.12247180939
1478614181523 lifecam22 2230.77441406 4737.65966797 6.1215429306
1478614181590 lifecam20 2230.65258789 4737.63818359 6.12154197693
1478614181590 lifecam22 2230.58569336 4737.62402344 6.12215566635
1478614181652 lifecam22 2230.54223633 4737.59863281 6.12248277664
1478614181660 lifecam20 2230.50976562 4737.33300781 6.12086629868
1478614181718 lifecam22 2230.41845703 4737.32275391 6.12044239044
1478614181728 lifecam20 2230.33203125 4737.55029297 6.12297153473
1478614181787 lifecam20 2230.4609375 4737.35253906 6.12141513824
1478614181789 lifecam22 2230.62744141 4737.36035156 6.12176990509
1478614181858 lifecam20 2230.49853516 4737.55761719 6.12332630157
1478614181859 lifecam22 2230.57080078 4737.54296875 6.12263679504
1478614181920 lifecam22 2230.51586914 4737.55273438 6.12256717682
