1478614572415 lifecam22 3201.58886719 5865.61523438 4.69102048874
1478614572472 lifecam22 3200.89624023 5865.3984375 4.68872308731
1478614572543 lifecam22 3201.65917969 5865.50976562 4.69277715683
1478614572607 lifecam22 3201.19189453 5865.47070312 4.69087791443
1478614572682 lifecam22 3200.83837891 5865.36914062 4.68704843521
1478614572809 lifecam22 3201.24072266 5865.44287109 4.68925285339
1478614572879 lifecam22 3200.92919922 5865.57177734 4.68898582458
1478614572936 lifecam22 3200.73486328 5865.12011719 4.68730831146
1478614573021 lifecam22 3200.55664062 5864.70410156 4.68466901779
1478614573082 lifecam22 3200.71386719 5864.97802734 4.68599128723
1478614573219 lifecam22 3201.10253906 5865.32519531 4.68809556961
1478614573277 lifecam22 3201.45239258 5865.4765625 4.69094705582
1478614573348 lifecam22 3201.34545898 5865.81884766 4.69019031525
1478614573410 lifecam22 3201.53125 5865.68945312 4.69161272049
1478614573479 lifecam22 3201.5168457 5865.55371094 4.69039392471
1478614573744 lifecam22 3201.20825195 5865.10546875 4.69018507004
1478614573877 lifecam22 3202.03125 5866.14111328 4.69472169876
1478614573946 lifecam22 3200.82592773 5865.21435547 4.68695306778
1478614574014 lifecam22 3201.22998047 5865.2890625 4.68917989731
1478614574146 lifecam22 3201.60864258 5865.63183594 4.69116401672
1478614574214 lifecam22 3202.19433594 5866.26367188 4.69592475891
1478614574282 lifecam22 3201.87207031 5865.87744141 4.69220256805
1478614574350 lifecam22 3200.49389648 5864.91113281 4.68539047241
1478614574414 lifecam22 3201.26757812 5865.546875 4.69154977798
1478614574614 lifecam22 3200.64501953 5865.10449219 4.68862104416
1478614574681 lifecam22 3201.17358398 5865.72998047 4.69331359863
1478614574747 lifecam22 3200.60839844 5865.21826172 4.68828630447
1478614574818 lifecam22 3201.45800781 5865.86816406 4.69324111938
1478614574881 lifecam22 3201.00927734 5865.734375 4.69053888321
1478614575080 lifecam22 3201.3203125 5865.30517578 4.69330453873
1478614575149 lifecam22 3201.63720703 5865.46142578 4.69225025177
1478614575214 lifecam22 3201.73486328 5865.6953125 4.69179964066
1478614575280 lifecam22 3201.83496094 5866.07080078 4.69398927689
1478614575351 lifecam22 3201.45849609 5865.86474609 4.69192504883
1478614575549 lifecam22 3201.92236328 5866.29248047 4.69608736038
1478614575618 lifecam22 3202.19702148 5866.25732422 4.69722366333
1478614575683 lifecam22 3201.72314453 5865.97070312 4.69431638718
1478614575746 lifecam22 3202.43847656 5866.62988281 4.69941568375
1478614575815 lifecam22 3202.60766602 5866.35498047 4.69828224182
1478614576017 lifecam22 3203.45458984 5866.48925781 4.69848299026
1478614576084 lifecam22 3201.34057617 5865.67675781 4.69012355804
1478614576152 lifecam22 3202.44140625 5866.26757812 4.69475793839
1478614576216 lifecam22 3203.56030273 5867.16259766 4.70072603226
1478614576287 lifecam22 3204.33422852 5867.35107422 4.70139408112
1478614576484 lifecam22 3200.81152344 5864.09472656 4.68570137024
1478614576549 lifecam22 3201.41943359 5867.21630859 4.70203256607
1478614576614 lifecam22 3189.68164062 5867.24511719 4.70555353165
1478614576685 lifecam22 3187.41259766 5869.03320312 4.71751642227
1478614576752 lifecam22 3181.32446289 5868.94580078 4.71686077118
1478614576948 lifecam22 3162.89135742 5868.95019531 4.7294588089
1478614577023 lifecam22 3156.45776367 5870.6875 4.73644685745
1478614577084 lifecam22 3151.23291016 5870.67138672 4.74298191071
1478614577154 lifecam22 3144.85302734 5872.20849609 4.74766683578
1478614577221 lifecam22 3140.19824219 5873.43017578 4.76169872284
1478614577419 lifecam22 3123.04418945 5873.79492188 4.7820763588
1478614577489 lifecam22 3116.68432617 5874.39208984 4.78795051575
1478614577555 lifecam22 3111.32202148 5874.85058594 4.79904127121
1478614577622 lifecam22 3105.16259766 5874.55859375 4.80116224289
1478614577686 lifecam22 3098.8996582 5874.78222656 4.80540752411
1478614577886 lifecam22 3082.3503418 5875.35839844 4.82399272919
1478614577949 lifecam22 3076.171875 5874.25830078 4.83191204071
1478614578026 lifecam22 3071.29907227 5874.64697266 4.8433008194
1478614578088 lifecam22 3064.74707031 5874.61230469 4.84281873703
1478614578151 lifecam22 3058.84106445 5874.13574219 4.85072755814
1478614578360 lifecam22 3041.86669922 5875.44384766 4.87477111816
1478614578422 lifecam22 3036.07128906 5874.41992188 4.87972688675
1478614578489 lifecam22 3030.5390625 5874.83203125 4.8854932785
1478614578557 lifecam22 3025.1496582 5873.3515625 4.88665103912
1478614578619 lifecam22 3019.34277344 5873.26269531 4.89288425446
1478614578820 lifecam22 3002.31054688 5872.24511719 4.91425418854
1478614578885 lifecam22 2996.33276367 5871.78271484 4.92229270935
1478614578959 lifecam22 2990.37744141 5871.66455078 4.92769241333
1478614579027 lifecam22 2985.60717773 5870.73388672 4.93474531174
1478614579090 lifecam22 2979.66210938 5871.76904297 4.94657278061
1478614579358 lifecam22 2956.31787109 5867.25146484 4.96516895294
1478614579425 lifecam22 2950.87231445 5866.9765625 4.97282838821
1478614579485 lifecam22 2945.65649414 5865.20263672 4.97918605804
1478614579558 lifecam22 2939.60571289 5864.92578125 4.98578500748
1478614579621 lifecam22 2933.54296875 5862.68554688 4.98778343201
1478614579824 lifecam22 2916.10424805 5861.04931641 5.0091509819
1478614579894 lifecam22 2909.87353516 5859.671875 5.01834821701
1478614579954 lifecam22 2904.60058594 5859.12060547 5.02340269089
1478614580023 lifecam22 2898.70068359 5858.85009766 5.03717184067
1478614580090 lifecam22 2893.47045898 5856.61572266 5.03893136978
1478614580291 lifecam22 2877.10546875 5853.58544922 5.05795240402
1478614580359 lifecam22 2872.09326172 5851.01611328 5.06260299683
1478614580420 lifecam22 2866.25097656 5850.85888672 5.072514534
1478614580493 lifecam22 2860.69018555 5848.29394531 5.07297134399
1478614580555 lifecam22 2855.50830078 5849.03857422 5.09144687653
1478614580759 lifecam22 2838.25952148 5844.47460938 5.1077671051
1478614580826 lifecam22 2832.93334961 5842.55517578 5.11436748505
1478614580893 lifecam22 2827.46362305 5840.13916016 5.11483383179
1478614580956 lifecam22 2821.68481445 5839.37353516 5.12868833542
1478614581022 lifecam22 2816.3762207 5837.43359375 5.1296877861
1478614581224 lifecam22 2799.62109375 5829.90136719 5.14072608948
1478614581292 lifecam22 2793.88793945 5829.13085938 5.15110874176
1478614581356 lifecam22 2789.41650391 5827.39013672 5.16024160385
1478614581425 lifecam22 2783.765625 5825.84765625 5.17156505585
1478614581491 lifecam22 2778.54077148 5824.60986328 5.17767953873
1478614581690 lifecam22 2761.70776367 5817.64453125 5.19256496429
1478614581759 lifecam22 2756.30737305 5817.01171875 5.20521736145
1478614581829 lifecam22 2750.77905273 5814.51025391 5.20938777924
1478614581894 lifecam22 2745.64746094 5812.83300781 5.22178459167
1478614581957 lifecam22 2739.82080078 5810.11132812 5.22564601898
1478614582157 lifecam22 2724.95703125 5802.54833984 5.24131202698
1478614582225 lifecam22 2719.74365234 5800.71826172 5.2487206459
1478614582295 lifecam22 2714.12280273 5798.39306641 5.2584528923
1478614582357 lifecam22 2707.74072266 5796.88623047 5.26475811005
1478614582423 lifecam22 2703.75 5794.46826172 5.27444887161
1478614582561 lifecam22 2692.87695312 5789.26123047 5.28469467163
1478614582628 lifecam22 2687.69995117 5787.47216797 5.29729986191
1478614582691 lifecam22 2682.23413086 5785.02880859 5.29963445663
1478614582760 lifecam22 2677.92651367 5781.90185547 5.30733919144
1478614582824 lifecam22 2672.20336914 5780.09423828 5.31488990784
1478614583029 lifecam22 2657.68969727 5770.65087891 5.3297867775
1478614583089 lifecam22 2652.08154297 5768.54101562 5.34052228928
1478614583163 lifecam22 2646.63500977 5765.33496094 5.34676885605
1478614583225 lifecam22 2642.42480469 5763.0859375 5.35342597961
1478614583292 lifecam22 2636.14575195 5760.87695312 5.36718797684
1478614583432 lifecam22 2626.19018555 5753.66357422 5.37448501587
1478614583480 lifecam22 2621.23388672 5750.6484375 5.38154888153
1478614583556 lifecam22 2616.03173828 5749.07568359 5.39259243011
1478614583618 lifecam22 2611.49975586 5745.02539062 5.39627456665
1478614583684 lifecam22 2606.72412109 5742.05273438 5.39729976654
1478614583748 lifecam22 2601.49804688 5736.36865234 5.39738893509
1478614583949 lifecam22 2588.13110352 5729.68603516 5.42899465561
1478614584026 lifecam22 2582.82006836 5724.47216797 5.42777109146
1478614584088 lifecam22 2578.43530273 5721.65527344 5.43702602386
1478614584156 lifecam22 2572.78369141 5717.61425781 5.44185495377
1478614584221 lifecam22 2568.90429688 5715.87988281 5.45565843582
1478614584358 lifecam22 2560.18994141 5709.85400391 5.4716501236
1478614584426 lifecam22 2553.27368164 5705.73779297 5.47549295425
1478614584490 lifecam22 2550.390625 5701.55908203 5.47840976715
1478614584552 lifecam22 2545.93530273 5700.21923828 5.49300003052
1478614584624 lifecam22 2541.49511719 5694.83007812 5.49461364746
1478614584831 lifecam22 2528.15356445 5684.20507812 5.51266384125
1478614584891 lifecam22 2523.18432617 5682.21679688 5.52510452271
1478614584960 lifecam22 2518.50366211 5678.50976562 5.53926897049
1478614585026 lifecam22 2513.59570312 5676.18945312 5.54664325714
1478614585097 lifecam22 2509.83642578 5671.22949219 5.55337905884
1478614585284 lifecam22 2496.17260742 5660.54541016 5.57633161545
1478614585352 lifecam22 2491.93164062 5656.22753906 5.57600545883
1478614585421 lifecam22 2487.18212891 5650.75341797 5.57597541809
1478614585491 lifecam22 2483.16723633 5648.49414062 5.58750152588
1478614585563 lifecam22 2480.29150391 5643.70263672 5.59603643417
1478614585699 lifecam22 2472.09936523 5634.59326172 5.60243225098
1478614585761 lifecam22 2467.00805664 5631.51074219 5.60961532593
1478614585824 lifecam22 2463.15966797 5627.06103516 5.62244081497
1478614585900 lifecam22 2458.92919922 5623.47314453 5.62691450119
1478614585957 lifecam22 2454.59863281 5618.63818359 5.63502979279
1478614586161 lifecam22 2443.24316406 5608.13378906 5.6622633934
1478614586223 lifecam22 2438.79296875 5602.05029297 5.65882968903
1478614586294 lifecam22 2436.15356445 5597.92724609 5.66497659683
1478614586367 lifecam22 2431.56958008 5593.29785156 5.66930246353
1478614586436 lifecam22 2428.09912109 5589.58886719 5.67774343491
1478614586636 lifecam22 2416.47119141 5577.54003906 5.70514059067
1478614586695 lifecam22 2412.9440918 5572.74951172 5.70930337906
1478614586751 lifecam22 2408.12207031 5568.65380859 5.71742963791
1478614586819 lifecam22 2404.63476562 5563.90966797 5.72198438644
1478614586890 lifecam22 2401.26586914 5559.36816406 5.73177289963
1478614587091 lifecam22 2389.34350586 5545.85644531 5.75062322617
1478614587158 lifecam22 2385.6472168 5541.53076172 5.75848913193
1478614587230 lifecam22 2382.47167969 5537.68847656 5.76951408386
1478614587296 lifecam22 2379.47583008 5531.47119141 5.76695299149
1478614587366 lifecam22 2376.98681641 5526.29785156 5.76958417892
1478614587569 lifecam22 2366.01293945 5513.40039062 5.79746675491
1478614587620 lifecam22 2362.72973633 5507.21289062 5.79930639267
1478614587697 lifecam22 2359.20166016 5503.01367188 5.80506229401
1478614587760 lifecam22 2356.48364258 5497.81152344 5.81087255478
1478614587829 lifecam22 2353.15844727 5493.27636719 5.81604766846
1478614588098 lifecam22 2340.54785156 5474.609375 5.84883499146
1478614588155 lifecam22 2337.50219727 5469.99365234 5.85659599304
1478614588235 lifecam22 2335.38476562 5464.56201172 5.85800695419
1478614588291 lifecam22 2331.22705078 5459.61083984 5.86464548111
1478614588356 lifecam22 2329.77148438 5454.29296875 5.87076044083
1478614588573 lifecam22 2319.71728516 5439.56542969 5.89303159714
1478614588641 lifecam22 2316.7043457 5434.89257812 5.8998632431
1478614588700 lifecam22 2314.07470703 5430.25683594 5.91194534302
1478614588764 lifecam22 2310.55249023 5425.29052734 5.92087268829
1478614588833 lifecam22 2307.42041016 5419.90576172 5.92792415619
1478614589096 lifecam22 2297.57470703 5400.109375 5.95585203171
1478614589156 lifecam22 2295.16894531 5393.69433594 5.95189189911
1478614589226 lifecam22 2292.85498047 5388.75244141 5.96530056
1478614589302 lifecam22 2290.65014648 5382.58837891 5.96772384644
1478614589376 lifecam22 2287.12915039 5377.890625 5.97632694244
1478614589566 lifecam22 2280.95361328 5361.20947266 5.99102735519
1478614589629 lifecam22 2277.75244141 5357.70214844 6.00594949722
1478614589690 lifecam22 2276.6628418 5351.203125 6.00506925583
1478614589759 lifecam22 2273.98681641 5345.90380859 6.01115703583
1478614590035 lifecam22 2265.64648438 5325.05761719 6.03886699677
1478614590101 lifecam22 2264.16308594 5318.93212891 6.0435051918
1478614590164 lifecam22 2261.43896484 5314.09716797 6.05300331116
1478614590228 lifecam22 2259.22216797 5308.17578125 6.05943822861
1478614590293 lifecam22 2257.12573242 5303.39404297 6.06920671463
1478614590503 lifecam22 2249.98388672 5288.14453125 6.09770107269
1478614590574 lifecam22 2248.86303711 5281.97705078 6.1005563736
1478614590633 lifecam22 2246.43359375 5276.38916016 6.10689592361
1478614590695 lifecam22 2245.31884766 5270.46923828 6.1111240387
1478614590762 lifecam22 2244.40551758 5264.75683594 6.11500453949
1478614590962 lifecam22 2240.2980957 5248.11035156 6.12898540497
1478614591034 lifecam22 2238.61181641 5242.01660156 6.13528728485
1478614591106 lifecam22 2236.71728516 5236.87011719 6.14328527451
1478614591172 lifecam22 2234.97167969 5231.60595703 6.1554775238
1478614591237 lifecam22 2233.1262207 5226.15966797 6.16225624084
1478614591427 lifecam22 2229.19458008 5208.82910156 6.17976522446
1478614591513 lifecam22 2229.46362305 5202.47753906 6.18073177338
1478614591565 lifecam22 2227.0925293 5197.64648438 6.19044733047
1478614591639 lifecam22 2227.62109375 5191.69433594 6.19352769852
1478614591712 lifecam22 2224.29589844 5186.88720703 6.20838975906
1478614591907 lifecam22 2222.75146484 5168.11425781 6.21272039413
1478614591968 lifecam22 2221.09814453 5163.31054688 6.22664928436
1478614592030 lifecam22 2219.82958984 5157.23876953 6.23381376266
1478614592111 lifecam22 2218.44995117 5154.70654297 6.24864530563
1478614592180 lifecam22 2218.21459961 5147.68505859 6.24842023849
1478614592374 lifecam22 2218.75610352 5141.54248047 6.24587678909
1478614592434 lifecam22 2218.50244141 5141.56494141 6.24826574326
1478614592499 lifecam22 2218.71118164 5141.61425781 6.24761867523
1478614592561 lifecam22 2218.66918945 5141.5078125 6.24668931961
1478614592635 lifecam22 2218.62939453 5141.55224609 6.24706602097
1478614592840 lifecam22 2218.79248047 5141.67626953 6.24817228317
1478614592915 lifecam22 2218.66943359 5141.5078125 6.24668979645
1478614592965 lifecam22 2218.54785156 5141.49023438 6.24651479721
1478614593044 lifecam22 2218.66918945 5141.5078125 6.24668931961
1478614593096 lifecam22 2218.66918945 5141.5078125 6.24668931961
1478614593309 lifecam22 2218.85229492 5141.60986328 6.24760580063
1478614593370 lifecam22 2218.77612305 5141.52001953 6.24568796158
1478614593445 lifecam22 2218.79248047 5141.67626953 6.24817228317
