1477660659649 lifecam22 3370.89282227 4772.18212891 4.6677737236
1477660659712 lifecam22 3371.23657227 4771.94433594 4.66710567474
1477660659781 lifecam22 3371.09594727 4771.95117188 4.66709661484
1477660659849 lifecam22 3371.015625 4772.01708984 4.66766643524
1477660659914 lifecam22 3371.00537109 4771.73193359 4.66633033752
1477660659984 lifecam22 3371.55273438 4771.92822266 4.66846179962
1477660660049 lifecam22 3371.00537109 4771.73193359 4.66633033752
1477660660179 lifecam22 3371.00537109 4771.73193359 4.66633033752
1477660660250 lifecam22 3371.61254883 4771.98681641 4.66904067993
1477660660317 lifecam22 3371.55273438 4771.92822266 4.66846179962
1477660660378 lifecam22 3370.86474609 4771.73925781 4.66632032394
1477660660447 lifecam22 3371.13598633 4771.99023438 4.66748142242
1477660660521 lifecam22 3371.14575195 4771.72460938 4.66633987427
1477660660580 lifecam22 3371.12597656 4771.70507812 4.66614675522
1477660660647 lifecam22 3371.28662109 4771.71728516 4.66634941101
1477660660718 lifecam22 3370.76367188 4771.78515625 4.66669511795
1477660660782 lifecam22 3371.00537109 4771.73193359 4.66633033752
1477660660916 lifecam22 3371.12597656 4771.70507812 4.66614675522
1477660660979 lifecam22 3371.04345703 4771.90966797 4.66664028168
1477660661047 lifecam22 3371.02514648 4771.75146484 4.66652202606
1477660661115 lifecam22 3371.00537109 4771.73193359 4.66633033752
1477660661183 lifecam22 3370.88256836 4771.89746094 4.66643762589
1477660661318 lifecam22 3371.11572266 4771.97070312 4.66728925705
1477660661386 lifecam22 3370.92260742 4771.93652344 4.66682243347
1477660661449 lifecam22 3371.13378906 4772.12890625 4.66740560532
1477660661516 lifecam22 3371.01342773 4772.15576172 4.6675901413
1477660661585 lifecam22 3370.78198242 4771.94335938 4.66681289673
1477660661716 lifecam22 3371.20410156 4771.921875 4.66684293747
1477660661787 lifecam22 3371.20410156 4771.921875 4.66684293747
1477660661851 lifecam22 3371.25463867 4772.10253906 4.66722202301
1477660661916 lifecam22 3371.25463867 4772.10253906 4.66722202301
1477660662056 lifecam22 3371.3046875 4771.87548828 4.66646718979
1477660662119 lifecam22 3371.3046875 4771.87548828 4.66646718979
1477660662189 lifecam22 3371.18383789 4771.90234375 4.66665029526
1477660662255 lifecam22 3371.14404297 4771.86328125 4.66626358032
1477660662320 lifecam22 3371.48535156 4771.90722656 4.66686439514
1477660662390 lifecam22 3371.91918945 4772.14160156 4.66925096512
1477660662446 lifecam22 3372.34130859 4772.26513672 4.67062950134
1477660662519 lifecam22 3372.82910156 4772.47363281 4.67157745361
1477660662582 lifecam22 3372.77392578 4772.79541016 4.67329597473
1477660662650 lifecam22 3369.32006836 4771.51367188 4.6619887352
1477660662786 lifecam22 3369.93408203 4773.16113281 4.67413377762
1477660662851 lifecam22 3359.37036133 4773.62304688 4.6774430275
1477660662919 lifecam22 3353.76733398 4775.40625 4.68888807297
1477660662983 lifecam22 3346.80908203 4773.56005859 4.67813205719
1477660663052 lifecam22 3340.39355469 4775.546875 4.69107627869
1477660663123 lifecam22 3332.53881836 4773.92675781 4.68344974518
1477660663187 lifecam22 3326.2043457 4774.41845703 4.68500518799
1477660663257 lifecam22 3319.34033203 4775.20507812 4.69062232971
1477660663322 lifecam22 3311.92382812 4772.52050781 4.68478822708
1477660663390 lifecam22 3305.12036133 4773.12255859 4.68653154373
1477660663463 lifecam22 3298.49487305 4771.88867188 4.68985891342
1477660663519 lifecam22 3293.07055664 4772.45556641 4.69358205795
1477660663588 lifecam22 3287.70166016 4772.43066406 4.70418167114
1477660663650 lifecam22 3282.17944336 4772.53222656 4.71042966843
1477660663723 lifecam22 3275.55249023 4772.48632812 4.71003007889
1477660663852 lifecam22 3261.3359375 4770.46044922 4.70186328888
1477660663924 lifecam22 3254.65917969 4771.06347656 4.7047753334
1477660663990 lifecam22 3247.85205078 4771.39697266 4.70651769638
1477660664058 lifecam22 3240.37915039 4770.50292969 4.70225191116
1477660664123 lifecam22 3233.35766602 4770.48144531 4.70205688477
1477660664193 lifecam22 3225.80249023 4769.51367188 4.69832754135
1477660664255 lifecam22 3220.10913086 4769.62060547 4.70088338852
1477660664319 lifecam22 3214.68115234 4769.81933594 4.70180940628
1477660664386 lifecam22 3207.59155273 4769.16650391 4.70354270935
1477660664458 lifecam22 3203.00830078 4770.34228516 4.71218061447
1477660664520 lifecam22 3196.86303711 4767.125 4.71713113785
1477660664588 lifecam22 3190.40136719 4766.94726562 4.72053384781
1477660664658 lifecam22 3184.47607422 4765.80029297 4.71294355392
1477660664724 lifecam22 3177.95654297 4765.98828125 4.71599721909
1477660664791 lifecam22 3171.40405273 4765.77050781 4.7151889801
1477660664858 lifecam22 3164.55371094 4765.52783203 4.71288013458
1477660664928 lifecam22 3157.55395508 4765.52783203 4.71288061142
1477660664988 lifecam22 3150.55395508 4765.52783203 4.71288061142
1477660665054 lifecam22 3143.55395508 4765.52783203 4.71288061142
1477660665123 lifecam22 3136.55395508 4765.52783203 4.71288108826
1477660665189 lifecam22 3128.97949219 4764.38623047 4.70767259598
1477660665325 lifecam22 3113.97802734 4762.36572266 4.69864988327
1477660665386 lifecam22 3108.27856445 4761.85253906 4.71037817001
1477660665456 lifecam22 3101.91381836 4761.34814453 4.71615743637
1477660665522 lifecam22 3094.72290039 4759.06640625 4.71441888809
1477660665594 lifecam22 3087.55371094 4758.52734375 4.71288061142
1477660665723 lifecam22 3073.5534668 4758.52734375 4.71287870407
1477660665792 lifecam22 3067.71191406 4759.19433594 4.71920633316
1477660665855 lifecam22 3061.14941406 4759.47753906 4.72188186646
1477660665923 lifecam22 3055.02099609 4759.92724609 4.72610807419
1477660665993 lifecam22 3051.79882812 4761.70214844 4.74264001846
1477660666065 lifecam22 3045.98486328 4761.85839844 4.74408149719
1477660666125 lifecam22 3039.53320312 4759.74121094 4.74453020096
1477660666193 lifecam22 3031.69384766 4758.28466797 4.73171567917
1477660666259 lifecam22 3026.09423828 4755.04101562 4.73248958588
1477660666323 lifecam22 3018.87329102 4753.87695312 4.72772836685
1477660666459 lifecam22 3003.73510742 4751.95947266 4.71698284149
1477660666521 lifecam22 2996.73510742 4751.95947266 4.71698236465
1477660666590 lifecam22 2990.88793945 4752.62695312 4.72328615189
1477660666658 lifecam22 2984.21875 4752.84228516 4.72531557083
1477660666722 lifecam22 2977.54199219 4752.97021484 4.72651720047
1477660666861 lifecam22 2964.76855469 4752.78710938 4.73416185379
1477660666924 lifecam22 2958.31787109 4751.24072266 4.73903560638
1477660666990 lifecam22 2952.13623047 4751.3359375 4.74917697906
1477660667058 lifecam22 2944.43652344 4749.00927734 4.74200487137
1477660667127 lifecam22 2938.41552734 4748.78173828 4.7420425415
1477660667194 lifecam22 2930.39550781 4747.34423828 4.73475408554
1477660667258 lifecam22 2923.21630859 4746.22216797 4.72887563705
1477660667330 lifecam22 2916.76635742 4746.51269531 4.73313140869
1477660667391 lifecam22 2912.33959961 4747.73388672 4.74569892883
1477660667460 lifecam22 2905.03515625 4747.66064453 4.74645900726
1477660667589 lifecam22 2893.30859375 4747.59960938 4.76378059387
1477660667659 lifecam22 2886.76831055 4745.43408203 4.76431274414
1477660667726 lifecam22 2880.12280273 4744.82519531 4.76265954971
1477660667793 lifecam22 2872.33959961 4742.87255859 4.75148153305
1477660667857 lifecam22 2866.3034668 4742.59716797 4.74990558624
1477660667993 lifecam22 2852.30004883 4740.67675781 4.74435663223
1477660668060 lifecam22 2845.52270508 4739.85791016 4.74166107178
1477660668126 lifecam22 2840.71118164 4740.01953125 4.75986766815
1477660668194 lifecam22 2834.36450195 4738.12353516 4.75842761993
1477660668259 lifecam22 2827.10009766 4737.11523438 4.75555992126
1477660668326 lifecam22 2820.47290039 4736.5078125 4.75240087509
1477660668393 lifecam22 2813.45288086 4735.55566406 4.74879693985
1477660668461 lifecam22 2806.80126953 4735.44726562 4.74938726425
1477660668525 lifecam22 2800.66992188 4735.32861328 4.75042963028
1477660668594 lifecam22 2792.66748047 4734.46582031 4.75166797638
1477660668728 lifecam22 2781.7590332 4734.85400391 4.77334165573
1477660668794 lifecam22 2775.26831055 4734.32275391 4.77549171448
1477660668862 lifecam22 2767.92578125 4732.62988281 4.77389574051
1477660668927 lifecam22 2761.4909668 4732.04980469 4.77216911316
1477660668994 lifecam22 2753.65332031 4730.38818359 4.76482248306
1477660669065 lifecam22 2747.41015625 4729.94824219 4.76592636108
1477660669125 lifecam22 2741.16259766 4729.25537109 4.76771497726
1477660669193 lifecam22 2734.35424805 4729.16308594 4.77254104614
1477660669261 lifecam22 2727.77709961 4728.15136719 4.76997566223
1477660669331 lifecam22 2721.02758789 4727.93164062 4.77771568298
1477660669461 lifecam22 2707.36694336 4724.43310547 4.76387453079
1477660669531 lifecam22 2700.03662109 4723.22998047 4.76168394089
1477660669593 lifecam22 2694.10717773 4723.42431641 4.76411294937
1477660669661 lifecam22 2686.73974609 4721.80712891 4.76000499725
1477660669725 lifecam22 2681.41894531 4721.68164062 4.77026557922
1477660669803 lifecam22 2674.8972168 4720.62695312 4.77275419235
1477660669862 lifecam22 2667.39697266 4718.73779297 4.7696352005
1477660669929 lifecam22 2662.6171875 4718.99072266 4.7773733139
1477660669999 lifecam22 2654.0690918 4717.51416016 4.76822662354
1477660670064 lifecam22 2649.01293945 4718.06445312 4.77782058716
1477660670199 lifecam22 2636.49682617 4717.51171875 4.78561735153
1477660670261 lifecam22 2630.22583008 4716.91650391 4.79342937469
1477660670330 lifecam22 2623.26879883 4715.65722656 4.79151391983
1477660670399 lifecam22 2616.68530273 4714.64013672 4.79173469543
1477660670461 lifecam22 2609.04614258 4712.81689453 4.78381919861
1477660670600 lifecam22 2595.10229492 4711.50146484 4.78568792343
1477660670664 lifecam22 2589.50488281 4710.44580078 4.7887134552
1477660670730 lifecam22 2582.39770508 4709.29394531 4.79062795639
1477660670797 lifecam22 2575.74438477 4707.64013672 4.78482818604
1477660670866 lifecam22 2567.99609375 4705.09863281 4.77546977997
1477660670930 lifecam22 2561.10644531 4704.97802734 4.77823638916
1477660670996 lifecam22 2554.98730469 4704.89501953 4.78435850143
1477660671065 lifecam22 2548.67211914 4704.75048828 4.78905439377
1477660671128 lifecam22 2541.96118164 4703.77929688 4.78855705261
1477660671198 lifecam22 2535.47021484 4702.47558594 4.78991317749
1477660671329 lifecam22 2522.75415039 4701.69287109 4.79235506058
1477660671398 lifecam22 2516.55639648 4699.92578125 4.79371547699
1477660671465 lifecam22 2510.45874023 4699.73583984 4.79543018341
1477660671536 lifecam22 2503.83227539 4698.0859375 4.7987780571
1477660671596 lifecam22 2497.97412109 4697.62890625 4.80247545242
1477660671732 lifecam22 2483.95166016 4693.9453125 4.79322576523
1477660671798 lifecam22 2477.54663086 4692.52001953 4.79100131989
1477660671864 lifecam22 2470.50878906 4692.15087891 4.79607534409
1477660671933 lifecam22 2464.57519531 4691.67480469 4.79882621765
1477660671998 lifecam22 2458.2734375 4691.00097656 4.80076360703
1477660672065 lifecam22 2451.57055664 4689.98291016 4.80113506317
1477660672134 lifecam22 2444.9855957 4689.12402344 4.80030727386
1477660672200 lifecam22 2438.26074219 4687.89550781 4.80312490463
1477660672264 lifecam22 2431.90014648 4687.21582031 4.80507040024
1477660672333 lifecam22 2425.05419922 4686.33496094 4.80765390396
1477660672465 lifecam22 2411.41967773 4683.75097656 4.80592918396
1477660672532 lifecam22 2404.15576172 4681.70751953 4.80291557312
1477660672602 lifecam22 2397.79467773 4680.40673828 4.80608701706
1477660672667 lifecam22 2391.07299805 4679.75341797 4.80698919296
1477660672733 lifecam22 2385.0769043 4679.60058594 4.81331205368
1477660672804 lifecam22 2377.34765625 4677.9921875 4.80751132965
1477660672864 lifecam22 2371.42626953 4677.81835938 4.81246709824
1477660672933 lifecam22 2364.44238281 4675.72021484 4.80923223495
1477660673000 lifecam22 2359.01977539 4675.64501953 4.8158326149
1477660673070 lifecam22 2352.77124023 4674.25244141 4.81897544861
1477660673200 lifecam22 2339.31176758 4672.39746094 4.81912517548
1477660673271 lifecam22 2332.84033203 4670.45800781 4.81598567963
1477660673332 lifecam22 2326.33837891 4669.13769531 4.81369972229
1477660673400 lifecam22 2319.74780273 4667.61865234 4.81718492508
1477660673471 lifecam22 2313.87207031 4666.44384766 4.8183760643
1477660673544 lifecam22 2306.55517578 4665.48486328 4.81715393066
1477660673601 lifecam22 2299.50756836 4663.68554688 4.81188964844
1477660673668 lifecam22 2292.70556641 4663.78027344 4.81909799576
1477660673740 lifecam22 2287.01635742 4662.55664062 4.82447052002
1477660673801 lifecam22 2280.3671875 4661.58349609 4.82246923447
1477660673938 lifecam22 2267.50341797 4659.51416016 4.82529306412
1477660673999 lifecam22 2260.72802734 4657.93652344 4.82492208481
1477660674068 lifecam22 2254.20556641 4657.16845703 4.82696533203
1477660674137 lifecam22 2247.83276367 4655.42529297 4.82960605621
1477660674200 lifecam22 2241.17358398 4654.26904297 4.83045864105
1477660674339 lifecam22 2228.36425781 4651.43310547 4.82825946808
1477660674402 lifecam22 2221.96679688 4650.1953125 4.82948923111
1477660674469 lifecam22 2215.13476562 4649.10546875 4.83353042603
1477660674531 lifecam22 2208.50976562 4648.81005859 4.83274888992
1477660674606 lifecam22 2201.6015625 4647.58886719 4.8345823288
1477660674669 lifecam22 2194.91479492 4646.46972656 4.83241128922
1477660674736 lifecam22 2189.20629883 4645.54736328 4.83985280991
1477660674799 lifecam22 2182.48974609 4643.99658203 4.83937311172
1477660674871 lifecam22 2175.89404297 4643.14111328 4.83955383301
1477660674938 lifecam22 2169.40551758 4641.06982422 4.83912467957
1477660675068 lifecam22 2156.89404297 4638.25244141 4.83867883682
1477660675136 lifecam22 2150.44360352 4636.46484375 4.83941459656
1477660675204 lifecam22 2144.11303711 4634.81152344 4.8377699852
1477660675273 lifecam22 2136.77636719 4633.40087891 4.83469486237
1477660675335 lifecam22 2130.86108398 4632.97167969 4.83796787262
1477660675408 lifecam22 2123.65063477 4631.70947266 4.84213685989
1477660675472 lifecam22 2117.75317383 4631.11621094 4.84376239777
1477660675535 lifecam22 2111.04174805 4629.86962891 4.84746170044
1477660675604 lifecam22 2104.01513672 4627.87011719 4.84226131439
1477660675672 lifecam22 2097.34301758 4626.92626953 4.84364032745
1477660675804 lifecam22 2084.92626953 4625.60449219 4.85614490509
1477660675872 lifecam22 2077.13183594 4623.15527344 4.84856081009
1477660675942 lifecam22 2071.29150391 4621.5859375 4.8494720459
1477660676004 lifecam22 2063.73193359 4619.94482422 4.84950876236
1477660676073 lifecam22 2058.55541992 4619.05761719 4.85477209091
1477660676147 lifecam22 2051.85766602 4617.7890625 4.85572528839
1477660676204 lifecam22 2044.78442383 4616.29882812 4.85521697998
1477660676271 lifecam22 2038.06225586 4614.81884766 4.85084342957
1477660676340 lifecam22 2031.67504883 4613.734375 4.85577869415
1477660676406 lifecam22 2025.20996094 4613.03955078 4.85938835144
1477660676541 lifecam22 2011.76586914 4608.97998047 4.85211133957
1477660676603 lifecam22 2006.08862305 4608.12451172 4.85491895676
1477660676665 lifecam22 1999.19165039 4605.82324219 4.85556125641
1477660676741 lifecam22 1993.40332031 4605.46191406 4.85872364044
1477660676807 lifecam22 1986.43994141 4603.13671875 4.857213974
1477660676942 lifecam22 1973.92211914 4600.60644531 4.86234331131
1477660677008 lifecam22 1967.5111084 4599.39453125 4.86255216599
1477660677064 lifecam20 1897.17285156 4594.60791016 4.81724452972
1477660677071 lifecam22 1893.80993652 4594.11035156 4.81834936142
1477660677134 lifecam20 1890.8815918 4594.12353516 4.82445383072
1477660677140 lifecam22 1887.47436523 4593.24023438 4.82460165024
1477660677204 lifecam20 1884.30224609 4592.84863281 4.82378816605
1477660677207 lifecam22 1881.64904785 4592.54833984 4.82584381104
1477660677274 lifecam22 1877.94360352 4591.59082031 4.82447576523
1477660677275 lifecam20 1874.76147461 4591.1875 4.82600545883
1477660677331 lifecam20 1871.64990234 4591.11621094 4.8275718689
1477660677339 lifecam22 1868.63684082 4590.5234375 4.82980775833
1477660677404 lifecam20 1865.0456543 4590.87695312 4.83504486084
1477660677407 lifecam22 1861.59423828 4590.0703125 4.83362007141
1477660677476 lifecam20 1858.40673828 4589.88574219 4.83756446838
1477660677479 lifecam22 1855.09863281 4589.19824219 4.84034585953
1477660677533 lifecam20 1852.14794922 4589.75097656 4.84536123276
1477660677540 lifecam22 1848.66723633 4588.93847656 4.84427213669
1477660677673 lifecam20 1842.15576172 4588.39941406 4.84954738617
1477660677676 lifecam22 1835.58032227 4586.83496094 4.85029554367
1477660677733 lifecam20 1832.71069336 4587.10351562 4.85710477829
1477660677740 lifecam22 1829.05053711 4586.18701172 4.85562324524
1477660677804 lifecam20 1825.61254883 4585.67773438 4.85617256165
1477660677807 lifecam22 1821.93469238 4584.2890625 4.85503053665
1477660677876 lifecam20 1819.18920898 4584.43652344 4.8598446846
1477660677878 lifecam22 1816.49316406 4583.82373047 4.86031866074
1477660677940 lifecam22 1813.07958984 4583.32763672 4.86160087585
1477660677943 lifecam20 1809.62976074 4583.43603516 4.86567592621
1477660678004 lifecam20 1805.98754883 4583.04003906 4.867436409
1477660678012 lifecam22 1802.41943359 4582.47412109 4.86833667755
1477660678072 lifecam20 1799.3996582 4582.078125 4.86981058121
1477660678075 lifecam22 1796.2355957 4581.65820312 4.87195205688
1477660678142 lifecam20 1793.11816406 4581.19091797 4.87283229828
1477660678144 lifecam22 1790.30517578 4580.86328125 4.87474584579
1477660678203 lifecam20 1786.81494141 4579.59814453 4.87339162827
1477660678208 lifecam22 1783.4284668 4578.07519531 4.87144184113
1477660678273 lifecam20 1780.59204102 4577.65771484 4.87240552902
1477660678277 lifecam22 1777.6472168 4577.37890625 4.8716506958
1477660678404 lifecam20 1771.23461914 4576.13671875 4.87375068665
1477660678408 lifecam22 1765.3223877 4574.92089844 4.88013076782
1477660678474 lifecam20 1761.40942383 4573.86621094 4.87865352631
1477660678476 lifecam22 1757.76904297 4572.53369141 4.87583971024
1477660678541 lifecam20 1754.62963867 4571.39355469 4.87512922287
1477660678545 lifecam22 1751.37634277 4570.16113281 4.87336874008
1477660678599 lifecam20 1748.09204102 4569.31738281 4.87275028229
1477660678608 lifecam22 1744.66015625 4568.63867188 4.87347888947
1477660678669 lifecam20 1741.15405273 4567.85058594 4.87522745132
1477660678675 lifecam22 1738.17724609 4566.9296875 4.87592506409
1477660678807 lifecam22 1731.07202148 4565.11523438 4.87345695496
1477660678811 lifecam20 1724.34814453 4563.65039062 4.87376832962
1477660678872 lifecam20 1721.01574707 4562.73339844 4.87301111221
1477660678876 lifecam22 1718.125 4562.12109375 4.87513399124
1477660678940 lifecam20 1714.9387207 4561.79101562 4.87788486481
1477660678943 lifecam22 1712.21899414 4561.67138672 4.88095808029
1477660679013 lifecam20 1708.73583984 4561.10351562 4.88017654419
1477660679015 lifecam22 1705.41149902 4560.26171875 4.88034582138
1477660679070 lifecam20 1702.03540039 4559.62890625 4.88185358047
1477660679076 lifecam22 1697.859375 4558.625 4.87999868393
1477660679210 lifecam20 1691.3112793 4557.00097656 4.88183498383
1477660679213 lifecam22 1685.55810547 4555.69970703 4.88508844376
1477660679272 lifecam20 1682.0279541 4555.40820312 4.88676977158
1477660679278 lifecam22 1678.84362793 4554.99511719 4.88883638382
1477660679339 lifecam20 1675.45166016 4554.29296875 4.88952970505
1477660679343 lifecam22 1672.0949707 4553.73388672 4.89043569565
1477660679411 lifecam20 1668.43041992 4552.32910156 4.88997364044
1477660679413 lifecam22 1665.06079102 4550.86035156 4.88888454437
1477660679475 lifecam22 1661.92358398 4550.13330078 4.88972806931
1477660679479 lifecam20 1658.79125977 4549.39648438 4.88907337189
1477660679545 lifecam20 1655.15734863 4547.90283203 4.88824605942
1477660679550 lifecam22 1651.86376953 4546.60546875 4.88805103302
1477660679610 lifecam20 1648.67724609 4545.84667969 4.8882598877
1477660679614 lifecam22 1645.47937012 4544.71386719 4.88717556
1477660679679 lifecam20 1642.15380859 4543.59960938 4.88682937622
1477660679681 lifecam22 1638.99499512 4542.82470703 4.8871307373
1477660679738 lifecam20 1635.44165039 4542.32324219 4.88769674301
1477660679743 lifecam22 1631.8840332 4541.61425781 4.88718795776
1477660679810 lifecam20 1628.4095459 4541.21191406 4.88851499557
1477660679812 lifecam22 1625.08666992 4540.68701172 4.88981962204
1477660679943 lifecam20 1618.76318359 4538.88085938 4.89000797272
1477660679945 lifecam22 1612.14135742 4536.92285156 4.88943576813
1477660680011 lifecam20 1608.93884277 4536.29736328 4.89030742645
1477660680014 lifecam22 1606.26745605 4535.74804688 4.89135408401
1477660680077 lifecam20 1602.50756836 4534.50585938 4.89074134827
1477660680080 lifecam22 1599.11401367 4533.44433594 4.89180040359
1477660680135 lifecam20 1595.99389648 4533.40820312 4.89429664612
1477660680142 lifecam22 1592.67358398 4532.89208984 4.89443492889
1477660680204 lifecam20 1589.90087891 4531.98144531 4.89726734161
1477660680213 lifecam22 1587.04199219 4531.30126953 4.90183019638
1477660680343 lifecam22 1580.92199707 4529.51855469 4.89964818954
1477660680345 lifecam20 1573.76782227 4527.56152344 4.8978843689
1477660680407 lifecam20 1570.66552734 4526.69238281 4.90050649643
1477660680414 lifecam22 1567.60693359 4525.37841797 4.90093183517
1477660680479 lifecam20 1564.72900391 4524.57666016 4.89983797073
1477660680481 lifecam22 1561.50024414 4523.48339844 4.89692115784
1477660680530 lifecam20 1558.17895508 4522.54785156 4.89797067642
1477660680544 lifecam22 1554.9128418 4521.99023438 4.90102815628
1477660680605 lifecam20 1551.54370117 4521.29882812 4.90168619156
1477660680611 lifecam22 1548.26733398 4520.55810547 4.90156698227
1477660680748 lifecam20 1541.53759766 4519.27392578 4.90268611908
1477660680750 lifecam22 1535.11694336 4517.92431641 4.90540027618
1477660680803 lifecam20 1531.28320312 4517.17480469 4.90620803833
1477660680812 lifecam22 1527.73046875 4515.96875 4.90417480469
1477660680873 lifecam20 1524.50488281 4514.78125 4.90339565277
1477660680881 lifecam22 1521.66625977 4514.38867188 4.90734100342
1477660680947 lifecam20 1518.18884277 4513.52880859 4.90769720078
1477660680950 lifecam22 1514.75048828 4512.17675781 4.90640497208
1477660681013 lifecam22 1511.15258789 4511.25927734 4.90645933151
1477660681016 lifecam20 1507.40405273 4510.23242188 4.9063167572
1477660681144 lifecam20 1500.00012207 4508.33740234 4.906645298
1477660681147 lifecam22 1493.08032227 4506.58349609 4.90719747543
1477660681212 lifecam20 1490.3112793 4505.68164062 4.907807827
1477660681215 lifecam22 1487.48583984 4504.59277344 4.90688753128
1477660681274 lifecam20 1484.00732422 4503.58496094 4.9064450264
1477660681279 lifecam22 1480.29187012 4502.33349609 4.9063038826
1477660681346 lifecam20 1476.98486328 4501.53662109 4.9068312645
1477660681349 lifecam22 1473.67138672 4500.88964844 4.90680599213
1477660681414 lifecam20 1470.14526367 4499.85742188 4.90715456009
1477660681415 lifecam22 1467.57641602 4499.14550781 4.91052675247
1477660681479 lifecam20 1464.10961914 4498.62695312 4.91281414032
1477660681486 lifecam22 1460.52001953 4497.81835938 4.91299009323
1477660681546 lifecam20 1457.11328125 4497.12011719 4.9124417305
1477660681550 lifecam22 1453.78112793 4496.66992188 4.91373586655
1477660681614 lifecam20 1449.74963379 4495.75878906 4.91345262527
1477660681615 lifecam22 1445.75024414 4494.88671875 4.91374874115
1477660681673 lifecam20 1442.81384277 4494.51074219 4.91594266891
1477660681681 lifecam22 1440.00085449 4493.75390625 4.91643619537
1477660681743 lifecam20 1436.44140625 4492.16894531 4.91488313675
1477660681747 lifecam22 1433.13305664 4490.88037109 4.91472101212
1477660681881 lifecam20 1426.75317383 4489.52441406 4.91809368134
1477660681883 lifecam22 1420.53295898 4487.85302734 4.9191493988
1477660681939 lifecam20 1416.84814453 4486.37548828 4.91639852524
1477660681947 lifecam22 1413.36120605 4485.13867188 4.91538572311
1477660682014 lifecam20 1410.08850098 4484.34179688 4.91527938843
1477660682017 lifecam22 1407.14990234 4483.48828125 4.91496229172
1477660682085 lifecam20 1403.95043945 4482.58984375 4.91755771637
1477660682086 lifecam22 1400.58483887 4481.17675781 4.91748523712
1477660682138 lifecam20 1396.87402344 4480.11035156 4.91675615311
1477660682145 lifecam22 1393.6953125 4479.49609375 4.91971302032
1477660682282 lifecam20 1387.24157715 4477.59570312 4.92015600204
1477660682286 lifecam22 1380.27856445 4475.25195312 4.91753911972
1477660682341 lifecam20 1377.16796875 4474.85302734 4.92207384109
1477660682349 lifecam22 1374.35437012 4474.40234375 4.92482709885
1477660682408 lifecam20 1370.40673828 4473.1015625 4.92257118225
1477660682418 lifecam22 1366.78442383 4472.24804688 4.92431259155
1477660682474 lifecam20 1363.74926758 4471.93603516 4.9255399704
1477660682488 lifecam22 1360.44311523 4471.04052734 4.92315721512
1477660682539 lifecam20 1356.37890625 4469.72412109 4.92218828201
1477660682553 lifecam22 1352.95751953 4468.93066406 4.92540550232
1477660682671 lifecam20 1346.78320312 4467.27685547 4.92813587189
1477660682684 lifecam22 1340.91967773 4465.50048828 4.92884683609
1477660682739 lifecam20 1337.44262695 4464.6875 4.92958068848
1477660682756 lifecam22 1333.75415039 4463.53320312 4.93039798737
1477660682806 lifecam20 1330.44628906 4462.78222656 4.93157577515
1477660682821 lifecam22 1327.53857422 4462.06835938 4.93134832382
1477660682876 lifecam20 1323.81347656 4460.98339844 4.93167877197
1477660682888 lifecam22 1320.52734375 4459.93945312 4.93273639679
1477660682940 lifecam20 1317.32714844 4458.64648438 4.93188476562
1477660682954 lifecam22 1314.53149414 4458.08789062 4.93493270874
1477660683004 lifecam20 1311.11254883 4456.80761719 4.93425703049
1477660683020 lifecam22 1307.48730469 4455.03076172 4.93149757385
1477660683073 lifecam20 1304.46044922 4454.17529297 4.93380451202
1477660683088 lifecam22 1301.28881836 4453.17675781 4.93371772766
1477660683144 lifecam20 1297.78393555 4451.76660156 4.93128538132
1477660683155 lifecam22 1294.76074219 4450.7890625 4.93215894699
1477660683208 lifecam20 1290.99023438 4449.88378906 4.93106937408
1477660683223 lifecam22 1287.44384766 4448.68359375 4.92943239212
1477660683272 lifecam20 1284.03051758 4447.92382812 4.93218421936
1477660683290 lifecam22 1280.76220703 4447.13037109 4.93234920502
1477660683351 lifecam20 1277.35693359 4446.24023438 4.93075847626
1477660683362 lifecam22 1273.79736328 4445.39746094 4.93119668961
1477660683407 lifecam20 1270.32995605 4444.28027344 4.93027973175
1477660683421 lifecam22 1267.11010742 4443.17578125 4.93045282364
1477660683471 lifecam20 1264.08642578 4442.01269531 4.93289709091
1477660683490 lifecam22 1261.08764648 4440.36035156 4.93017959595
1477660683543 lifecam20 1258.08825684 4439.80517578 4.93075799942
1477660683555 lifecam22 1255.17199707 4439.54394531 4.93393325806
1477660683611 lifecam20 1251.27331543 4438.34277344 4.93354177475
1477660683623 lifecam22 1247.91186523 4436.96484375 4.9339184761
1477660683739 lifecam20 1241.97851562 4435.59179688 4.93827676773
1477660683755 lifecam22 1236.4597168 4434.33203125 4.94149160385
1477660683807 lifecam20 1233.36035156 4432.84082031 4.93933868408
1477660683824 lifecam22 1230.43249512 4431.93945312 4.94184350967
1477660683872 lifecam20 1226.71850586 4431.31445312 4.94392204285
1477660683888 lifecam22 1223.52050781 4430.30273438 4.94434547424
1477660683946 lifecam20 1220.58483887 4428.78710938 4.94408130646
1477660684016 lifecam20 1217.36743164 4427.92431641 4.94428682327
1477660684018 lifecam22 1210.46960449 4425.2109375 4.94154644012
1477660684085 lifecam20 1206.32958984 4423.8515625 4.94008731842
1477660684089 lifecam22 1203.48461914 4423.00097656 4.94126701355
1477660684145 lifecam20 1200.68774414 4422.10546875 4.9421620369
1477660684150 lifecam22 1197.58618164 4420.99462891 4.9426150322
1477660684216 lifecam20 1194.2578125 4420.23828125 4.943151474
1477660684219 lifecam22 1190.55175781 4419.09960938 4.94056510925
1477660684286 lifecam20 1187.47131348 4418.44335938 4.94367218018
1477660684289 lifecam22 1183.98608398 4417.57324219 4.94477176666
1477660684345 lifecam20 1180.54882812 4416.58349609 4.94427204132
1477660684353 lifecam22 1177.88562012 4415.72412109 4.94695138931
1477660684410 lifecam20 1174.17919922 4414.11230469 4.94543981552
1477660684483 lifecam20 1170.82739258 4413.25097656 4.94613075256
1477660684486 lifecam22 1164.33581543 4411.21972656 4.94725370407
1477660684547 lifecam20 1161.1875 4410.55566406 4.95020484924
1477660684551 lifecam22 1158.11279297 4409.69677734 4.95131063461
1477660684610 lifecam20 1154.55541992 4408.76757812 4.95292901993
1477660684617 lifecam22 1151.29943848 4407.62988281 4.95340394974
1477660684683 lifecam20 1148.12988281 4406.44775391 4.9519367218
1477660684686 lifecam22 1145.02832031 4405.34277344 4.9517493248
1477660684753 lifecam22 1141.71472168 4404.15429688 4.95252180099
1477660684757 lifecam20 1137.88354492 4402.56835938 4.95025491714
1477660684886 lifecam20 1131.40283203 4400.53271484 4.95168972015
1477660684889 lifecam22 1125.06945801 4398.33496094 4.95300674438
1477660684954 lifecam20 1121.84057617 4397.29589844 4.95435762405
1477660684957 lifecam22 1118.57641602 4396.15087891 4.9531493187
1477660685010 lifecam20 1115.2376709 4395.31689453 4.9538693428
1477660685018 lifecam22 1111.45825195 4393.984375 4.95196866989
1477660685086 lifecam20 1107.828125 4393.11669922 4.95077943802
1477660685088 lifecam22 1104.66357422 4392.52832031 4.95236635208
1477660685154 lifecam20 1101.57824707 4391.640625 4.95583248138
1477660685156 lifecam22 1098.98828125 4390.82617188 4.95823717117
1477660685282 lifecam20 1092.72937012 4388.76757812 4.95932340622
1477660685288 lifecam22 1086.92871094 4386.81933594 4.96013641357
1477660685354 lifecam20 1083.7154541 4385.53027344 4.96064996719
1477660685354 lifecam22 1080.58642578 4384.05615234 4.96004390717
1477660685415 lifecam20 1077.05957031 4383.16210938 4.95842313766
1477660685420 lifecam22 1073.79907227 4382.6171875 4.95979690552
1477660685482 lifecam20 1070.1875 4380.85839844 4.95800542831
1477660685486 lifecam22 1067.11560059 4379.23339844 4.95699071884
1477660685554 lifecam22 1063.75756836 4377.95703125 4.95817565918
1477660685553 lifecam20 1060.78393555 4377.26757812 4.96158981323
1477660685682 lifecam20 1053.72424316 4374.60839844 4.95910453796
1477660685686 lifecam22 1047.46435547 4372.13427734 4.95717144012
1477660685751 lifecam20 1045.06994629 4371.25097656 4.95887613297
1477660685754 lifecam22 1042.63549805 4370.36474609 4.95996761322
1477660685821 lifecam20 1039.39733887 4369.29394531 4.9608707428
1477660685823 lifecam22 1035.54101562 4368.0078125 4.96020174026
1477660685878 lifecam20 1032.23168945 4367.01074219 4.95969247818
1477660685885 lifecam22 1029.47167969 4366.47167969 4.96381521225
1477660685950 lifecam20 1026.2611084 4365.62988281 4.96674442291
1477660685955 lifecam22 1023.14465332 4364.5859375 4.96671295166
1477660686021 lifecam20 1019.83764648 4363.81542969 4.96724033356
1477660686022 lifecam22 1016.83355713 4363.03613281 4.96795940399
1477660686079 lifecam20 1013.45361328 4362.11425781 4.96828269958
1477660686088 lifecam22 1010.54125977 4361.38476562 4.97032976151
1477660686149 lifecam20 1007.09155273 4359.95947266 4.9716091156
1477660686155 lifecam22 1003.63134766 4358.34814453 4.97022104263
1477660686220 lifecam20 1000.13793945 4357.38232422 4.96989917755
1477660686222 lifecam22 996.375976562 4356.5859375 4.9719953537
1477660686285 lifecam22 994.006225586 4355.4296875 4.97183704376
1477660686288 lifecam20 990.799865723 4354.5390625 4.97285699844
1477660686419 lifecam20 983.963134766 4352.03417969 4.97232675552
1477660686422 lifecam22 977.090454102 4349.40917969 4.97200107574
1477660686486 lifecam20 974.074829102 4347.984375 4.97151565552
1477660686489 lifecam22 971.163330078 4346.79296875 4.97063732147
1477660686550 lifecam20 967.472045898 4345.16503906 4.97036457062
1477660686556 lifecam22 963.779541016 4343.36669922 4.96944332123
1477660686617 lifecam20 960.802978516 4342.17480469 4.96858549118
1477660686622 lifecam22 957.868652344 4341.43212891 4.97050142288
1477660686690 lifecam20 954.571899414 4340.31982422 4.97012805939
1477660686692 lifecam22 951.93359375 4338.82470703 4.96909856796
1477660686818 lifecam20 945.021728516 4337.00683594 4.97150278091
1477660686823 lifecam22 938.314147949 4335.328125 4.97271299362
1477660686888 lifecam20 934.861083984 4334.17285156 4.97271728516
1477660686890 lifecam22 931.69519043 4333.22021484 4.97404432297
1477660686950 lifecam20 928.447753906 4332.15283203 4.97393798828
1477660686955 lifecam22 925.216552734 4330.70996094 4.97161006927
1477660687018 lifecam20 922.004211426 4329.81835938 4.9760389328
1477660687023 lifecam22 919.148254395 4328.94726562 4.97929906845
1477660687090 lifecam22 915.960754395 4327.82080078 4.98041963577
1477660687090 lifecam20 912.797729492 4326.72851562 4.97923660278
1477660687161 lifecam20 909.606689453 4325.55761719 4.97915649414
1477660687162 lifecam22 906.401489258 4324.56396484 4.97975969315
1477660687214 lifecam20 902.500366211 4322.99023438 4.98001670837
1477660687220 lifecam22 899.611328125 4321.71826172 4.98051977158
1477660687288 lifecam20 897.503723145 4321.31835938 4.98313474655
1477660687292 lifecam22 894.642883301 4320.34521484 4.98372745514
1477660687358 lifecam20 891.081054688 4318.50292969 4.98215579987
1477660687361 lifecam22 888.186157227 4317.078125 4.9823846817
1477660687416 lifecam20 884.889038086 4316.08984375 4.98303031921
1477660687422 lifecam22 881.481140137 4314.88574219 4.9833278656
1477660687482 lifecam20 878.515136719 4313.77978516 4.98480081558
1477660687555 lifecam20 874.674255371 4312.14648438 4.98247909546
1477660687557 lifecam22 868.457885742 4309.62402344 4.98185634613
1477660687614 lifecam20 865.555297852 4308.79980469 4.98429870605
1477660687622 lifecam22 862.943969727 4307.92285156 4.9863653183
1477660687688 lifecam20 859.687561035 4306.84179688 4.98788070679
1477660687692 lifecam22 856.244262695 4305.96777344 4.98914813995
1477660687756 lifecam20 852.755004883 4305.02099609 4.98813581467
1477660687758 lifecam22 849.158081055 4303.42382812 4.98584604263
1477660687825 lifecam20 845.748413086 4302.2578125 4.98647356033
1477660687827 lifecam22 843.146850586 4302.07226562 4.99153852463
1477660687955 lifecam20 842.992492676 4302.06347656 4.9931974411
1477660687958 lifecam22 843.148925781 4302.04980469 4.99324846268
1477660688022 lifecam20 842.361206055 4302.13867188 4.99535417557
1477660688026 lifecam22 841.741516113 4301.84667969 4.99429512024
1477660688081 lifecam20 841.989624023 4301.56640625 4.99032306671
1477660688090 lifecam22 842.236450195 4301.61328125 4.99012851715
1477660688149 lifecam20 842.250244141 4301.68457031 4.99213790894
1477660688156 lifecam22 842.360473633 4301.75292969 4.99306678772
1477660688222 lifecam20 842.463012695 4301.81933594 4.99234867096
1477660688225 lifecam22 842.306396484 4301.65820312 4.99131965637
1477660688350 lifecam20 842.284179688 4301.64550781 4.99294137955
1477660688357 lifecam22 842.284179688 4301.64550781 4.99294137955
1477660688428 lifecam22 842.402709961 4301.59667969 4.99328279495
1477660688428 lifecam20 842.385620117 4301.453125 4.99086952209
1477660688482 lifecam20 842.663574219 4301.65039062 4.99367618561
1477660688488 lifecam22 842.545043945 4301.69921875 4.9933347702
1477660688549 lifecam20 842.319580078 4301.79882812 4.99359512329
1477660688556 lifecam22 842.38092041 4301.82910156 4.99365663528
1477660688622 lifecam20 842.308837891 4301.58056641 4.99113512039
