1477661832673 lifecam22 3371.0703125 4771.82519531 4.66471815109
1477661832732 lifecam22 3370.82617188 4771.72558594 4.66248273849
1477661832800 lifecam22 3371.25561523 4771.95019531 4.66480016708
1477661832867 lifecam22 3370.82617188 4771.72558594 4.66248273849
1477661832933 lifecam22 3371.25292969 4771.86181641 4.66516065598
1477661832999 lifecam22 3371.60668945 4772.28955078 4.66798877716
1477661833069 lifecam22 3371.25292969 4771.86181641 4.66516065598
1477661833130 lifecam22 3371.0703125 4771.82519531 4.66471815109
1477661833200 lifecam22 3371.0703125 4771.82519531 4.66471815109
1477661833267 lifecam22 3370.90625 4771.80664062 4.66444921494
1477661833335 lifecam22 3370.90625 4771.80664062 4.66444921494
1477661833398 lifecam22 3370.84399414 4771.65869141 4.66261768341
1477661833466 lifecam22 3370.82495117 4771.64111328 4.6624455452
1477661833535 lifecam22 3370.76098633 4771.58496094 4.66063785553
1477661833599 lifecam22 3370.82617188 4771.72558594 4.66248273849
1477661833666 lifecam22 3370.93603516 4771.96435547 4.66343450546
1477661833739 lifecam22 3371.0703125 4771.82519531 4.66471815109
1477661833798 lifecam22 3371.0703125 4771.82519531 4.66471815109
1477661833868 lifecam22 3370.82617188 4771.72558594 4.66248273849
1477661833936 lifecam22 3370.82617188 4771.72558594 4.66248273849
1477661834005 lifecam22 3370.93603516 4771.96435547 4.66343450546
1477661834067 lifecam22 3371.3112793 4772.09472656 4.66430616379
1477661834135 lifecam22 3371.18066406 4772.06445312 4.66567277908
1477661834204 lifecam22 3371.0703125 4771.82519531 4.66471815109
1477661834268 lifecam22 3371.25292969 4771.86181641 4.66516065598
1477661834336 lifecam22 3371.6237793 4771.77294922 4.6603512764
1477661834404 lifecam22 3371.3503418 4771.92333984 4.65899372101
1477661834468 lifecam22 3371.1875 4772.05859375 4.65618610382
1477661834535 lifecam22 3370.65161133 4772.26611328 4.6621928215
1477661834603 lifecam22 3370.82617188 4771.72558594 4.66248273849
1477661834667 lifecam22 3371.11889648 4772.00097656 4.66387796402
1477661834736 lifecam22 3370.93603516 4771.96435547 4.66343450546
1477661834802 lifecam22 3366.48901367 4771.66308594 4.6597905159
1477661834873 lifecam22 3357.96826172 4772.078125 4.66337442398
1477661834934 lifecam22 3351.68359375 4771.68701172 4.6637673378
1477661835001 lifecam22 3344.90039062 4771.25439453 4.66242599487
1477661835073 lifecam22 3337.66357422 4772.08740234 4.66383552551
1477661835134 lifecam22 3331.32250977 4771.77490234 4.66493844986
1477661835204 lifecam22 3325.37524414 4772.60742188 4.6707239151
1477661835272 lifecam22 3318.15087891 4772.64501953 4.66971302032
1477661835336 lifecam22 3312.47167969 4772.87353516 4.67201375961
1477661835403 lifecam22 3305.32739258 4772.61962891 4.67083644867
1477661835537 lifecam22 3292.35180664 4773.23681641 4.67581796646
1477661835603 lifecam22 3286.00073242 4773.11962891 4.67766189575
1477661835669 lifecam22 3280.2043457 4772.62841797 4.68408346176
1477661835740 lifecam22 3273.13647461 4772.71191406 4.68348503113
1477661835801 lifecam22 3266.29370117 4772.56347656 4.68487453461
1477661835868 lifecam22 3259.21166992 4772.19726562 4.68275356293
1477661835940 lifecam22 3252.04321289 4771.02978516 4.67186927795
1477661836004 lifecam22 3245.17089844 4771.58007812 4.67703914642
1477661836071 lifecam22 3237.98657227 4771.25878906 4.67396783829
1477661836139 lifecam22 3231.28198242 4770.82714844 4.67150115967
1477661836204 lifecam22 3224.31054688 4770.52001953 4.67333459854
1477661836271 lifecam22 3218.45019531 4769.99072266 4.66619539261
1477661836338 lifecam22 3213.0793457 4770.046875 4.67986011505
1477661836408 lifecam22 3206.28369141 4769.94287109 4.68048000336
1477661836472 lifecam22 3199.85595703 4770.05029297 4.68158864975
1477661836539 lifecam22 3192.24487305 4768.34277344 4.67493629456
1477661836606 lifecam22 3189.3190918 4770.22070312 4.6904630661
1477661836670 lifecam22 3181.7421875 4769.61572266 4.68617296219
1477661836740 lifecam22 3176.99584961 4770.54199219 4.69880628586
1477661836808 lifecam22 3169.99560547 4770.54199219 4.69880580902
1477661836872 lifecam22 3163.23095703 4770.63574219 4.70091867447
1477661836939 lifecam22 3156.40356445 4770.94775391 4.70247220993
1477661837008 lifecam22 3149.40356445 4770.94775391 4.70247173309
1477661837076 lifecam22 3142.48730469 4770.75146484 4.70322465897
1477661837138 lifecam22 3135.09741211 4769.94287109 4.69971704483
1477661837207 lifecam22 3128.09716797 4769.94287109 4.69971704483
1477661837276 lifecam22 3120.94384766 4769.51074219 4.69833850861
1477661837337 lifecam22 3113.89941406 4769.32666016 4.69793844223
1477661837408 lifecam22 3106.42553711 4768.63916016 4.69369792938
1477661837475 lifecam22 3098.69848633 4767.18115234 4.68722772598
1477661837540 lifecam22 3091.54370117 4765.36914062 4.6858549118
1477661837605 lifecam22 3084.54370117 4765.36865234 4.68585395813
1477661837675 lifecam22 3078.81665039 4765.21582031 4.69720125198
1477661837744 lifecam22 3072.22070312 4765.16455078 4.70082569122
1477661837806 lifecam22 3064.65942383 4765.27685547 4.69472980499
1477661837875 lifecam22 3058.28710938 4765.01708984 4.70034980774
1477661837944 lifecam22 3052.18994141 4765.05175781 4.70207643509
1477661838005 lifecam22 3048.76464844 4765.58496094 4.70873165131
1477661838076 lifecam22 3043.63061523 4765.68847656 4.71440935135
1477661838144 lifecam22 3038.7277832 4765.99316406 4.7172999382
1477661838206 lifecam22 3031.55371094 4765.52783203 4.71287918091
1477661838275 lifecam22 3024.55395508 4765.52783203 4.71287918091
1477661838344 lifecam22 3017.55395508 4765.52783203 4.71288013458
1477661838408 lifecam22 3009.09716797 4762.94287109 4.69971895218
1477661838474 lifecam22 3001.94384766 4762.51123047 4.69834041595
1477661838543 lifecam22 2994.96533203 4762.24414062 4.69853401184
1477661838612 lifecam22 2988.00976562 4762.14306641 4.69893264771
1477661838673 lifecam22 2981.35742188 4762.02539062 4.70205831528
1477661838744 lifecam22 2975.63671875 4762.34814453 4.71062326431
1477661838811 lifecam22 2969.45849609 4762.41357422 4.71663999557
1477661838874 lifecam22 2962.43530273 4759.55273438 4.7138209343
1477661838943 lifecam22 2956.40307617 4760.61767578 4.72197294235
1477661839011 lifecam22 2949.31958008 4759.57910156 4.72039175034
1477661839075 lifecam22 2942.52514648 4759.63818359 4.72095155716
1477661839142 lifecam22 2935.45556641 4759.59179688 4.72174406052
1477661839210 lifecam22 2929.56933594 4759.99755859 4.726770401
1477661839280 lifecam22 2922.95922852 4760.09863281 4.72771978378
1477661839341 lifecam22 2915.55371094 4759.08691406 4.7181854248
1477661839411 lifecam22 2908.85327148 4759.03515625 4.71769857407
1477661839479 lifecam22 2902.29174805 4758.62792969 4.71383333206
1477661839542 lifecam22 2895.29174805 4758.62792969 4.7138338089
1477661839611 lifecam22 2888.48925781 4757.01025391 4.7119884491
1477661839679 lifecam22 2881.13647461 4756.22216797 4.70995092392
1477661839741 lifecam22 2877.78466797 4755.99707031 4.73037910461
1477661839810 lifecam22 2870.70214844 4755.89648438 4.7307472229
1477661839879 lifecam22 2864.37207031 4755.47412109 4.73756408691
1477661839943 lifecam22 2856.31445312 4752.61767578 4.72319984436
1477661840008 lifecam22 2850.92675781 4753.22265625 4.72781705856
1477661840079 lifecam22 2844.30493164 4753.22705078 4.72892570496
1477661840147 lifecam22 2837.58666992 4753.20654297 4.72873258591
1477661840208 lifecam22 2830.82714844 4753.14550781 4.72815656662
1477661840279 lifecam22 2823.83496094 4753.11181641 4.72784042358
1477661840347 lifecam22 2818.23413086 4753.23144531 4.73169326782
1477661840410 lifecam22 2812.65795898 4753.62792969 4.74306297302
1477661840480 lifecam22 2805.25439453 4753.69580078 4.74117136002
1477661840547 lifecam22 2798.171875 4750.72460938 4.73721504211
1477661840612 lifecam22 2791.62866211 4749.93505859 4.74003219604
1477661840678 lifecam22 2784.76245117 4748.82226562 4.7411570549
1477661840746 lifecam22 2777.8449707 4748.62890625 4.7405500412
1477661840814 lifecam22 2770.31176758 4746.99560547 4.73140716553
1477661840877 lifecam22 2762.71557617 4745.52636719 4.71891546249
1477661840945 lifecam22 2755.05493164 4744.52880859 4.71288871765
1477661841014 lifecam22 2748.51318359 4744.66992188 4.71706390381
1477661841076 lifecam22 2744.77392578 4746.36376953 4.73466205597
1477661841145 lifecam22 2737.99609375 4746.20605469 4.73882436752
1477661841213 lifecam22 2731.9609375 4745.33935547 4.7434720993
1477661841277 lifecam22 2726.4597168 4745.2421875 4.75700807571
1477661841411 lifecam22 2712.85107422 4744.38085938 4.75760650635
1477661841483 lifecam22 2705.34106445 4742.89160156 4.75140142441
1477661841545 lifecam22 2698.78735352 4743.00146484 4.75227975845
1477661841614 lifecam22 2691.31713867 4741.640625 4.74677228928
1477661841682 lifecam22 2685.62646484 4741.82177734 4.75205469131
1477661841744 lifecam22 2678.42553711 4740.80371094 4.74748706818
1477661841813 lifecam22 2672.81518555 4740.6796875 4.75874233246
1477661841882 lifecam22 2667.15600586 4740.30224609 4.76320123672
1477661841945 lifecam22 2659.57128906 4737.48046875 4.75875854492
1477661842013 lifecam22 2652.55639648 4736.56640625 4.75308084488
1477661842081 lifecam22 2645.02416992 4735.84423828 4.75043773651
1477661842146 lifecam22 2638.57666016 4735.27832031 4.74630641937
1477661842213 lifecam22 2631.93920898 4736.06201172 4.75329208374
1477661842281 lifecam22 2625.39746094 4735.56933594 4.75298976898
1477661842351 lifecam22 2618.80078125 4735.55566406 4.75634002686
1477661842412 lifecam22 2612.03515625 4734.70507812 4.75456380844
1477661842478 lifecam22 2607.50512695 4734.45019531 4.76640844345
1477661842550 lifecam22 2600.24462891 4734.15429688 4.77008533478
1477661842612 lifecam22 2594.63134766 4733.9609375 4.7725777626
1477661842681 lifecam22 2587.16357422 4732.25488281 4.76984930038
1477661842749 lifecam22 2579.60498047 4730.77197266 4.76297092438
1477661842812 lifecam22 2572.59008789 4729.5546875 4.75984430313
1477661842881 lifecam22 2565.44995117 4728.76367188 4.75753164291
1477661842950 lifecam22 2559.41601562 4728.41699219 4.76128864288
1477661843019 lifecam22 2552.40917969 4727.96044922 4.76630973816
1477661843080 lifecam22 2546.57446289 4727.87109375 4.7685842514
1477661843147 lifecam22 2539.90454102 4727.11621094 4.77134847641
1477661843219 lifecam22 2533.28710938 4726.18896484 4.77234840393
1477661843282 lifecam22 2526.16943359 4724.67382812 4.76599121094
1477661843351 lifecam22 2518.66674805 4723.46972656 4.76275920868
1477661843418 lifecam22 2512.97509766 4723.74707031 4.76760101318
1477661843480 lifecam22 2506.24609375 4722.32910156 4.76672792435
1477661843551 lifecam22 2500.60327148 4722.48583984 4.77828836441
1477661843618 lifecam22 2493.90820312 4721.96386719 4.77689123154
1477661843686 lifecam22 2487.18041992 4720.29541016 4.77674007416
1477661843748 lifecam22 2481.59204102 4719.07421875 4.7750825882
1477661843816 lifecam22 2473.81103516 4718.42529297 4.77328872681
1477661843886 lifecam22 2468.11108398 4718.26123047 4.77785110474
1477661843949 lifecam22 2461.02392578 4717.56152344 4.77665948868
1477661844019 lifecam22 2455.3605957 4717.20458984 4.78120470047
1477661844086 lifecam22 2448.93798828 4716.25244141 4.78004693985
1477661844148 lifecam22 2442.41430664 4715.078125 4.78216028214
1477661844218 lifecam22 2435.5715332 4714.58300781 4.78320980072
1477661844286 lifecam22 2428.23266602 4712.71337891 4.77897167206
1477661844349 lifecam22 2421.90771484 4712.73046875 4.7825961113
1477661844417 lifecam22 2415.01586914 4711.74755859 4.78203582764
1477661844484 lifecam22 2408.6105957 4710.96337891 4.78521776199
1477661844554 lifecam22 2401.99511719 4709.89013672 4.79030323029
1477661844616 lifecam22 2395.69506836 4709.36962891 4.79032707214
1477661844686 lifecam22 2388.64038086 4708.06005859 4.78880977631
1477661844754 lifecam22 2381.546875 4707.68847656 4.7902173996
1477661844816 lifecam22 2374.66137695 4706.87646484 4.7891254425
1477661844886 lifecam22 2367.08398438 4705.32421875 4.78552389145
1477661844954 lifecam22 2361.21850586 4705.33544922 4.79207181931
1477661845016 lifecam22 2354.91113281 4704.42871094 4.79636859894
1477661845086 lifecam22 2347.85449219 4703.19482422 4.79357147217
1477661845154 lifecam22 2341.59716797 4702.34912109 4.79425287247
1477661845223 lifecam22 2335.29833984 4700.71972656 4.79447221756
1477661845284 lifecam22 2328.28564453 4700.11621094 4.79266500473
1477661845354 lifecam22 2323.08959961 4699.06787109 4.79793834686
1477661845422 lifecam22 2316.47314453 4698.01611328 4.79961442947
1477661845485 lifecam22 2309.80981445 4696.34130859 4.79639816284
1477661845554 lifecam22 2302.54418945 4695.25927734 4.79271697998
1477661845622 lifecam22 2296.71850586 4695.15478516 4.79829597473
1477661845683 lifecam22 2289.83398438 4693.66113281 4.79549074173
1477661845754 lifecam22 2283.52416992 4693.40869141 4.79642105103
1477661845822 lifecam22 2276.95751953 4692.96044922 4.8014831543
1477661845885 lifecam22 2270.63452148 4692.12451172 4.8039021492
1477661845952 lifecam22 2264.36547852 4691.51660156 4.80613327026
1477661846025 lifecam22 2256.88964844 4689.96386719 4.80305099487
1477661846087 lifecam22 2250.4230957 4689.71386719 4.80566358566
1477661846151 lifecam22 2242.19360352 4687.82714844 4.80070972443
1477661846221 lifecam22 2236.41357422 4686.54882812 4.80702781677
1477661846289 lifecam22 2229.91918945 4685.38134766 4.80655860901
1477661846351 lifecam22 2223.10644531 4683.83544922 4.80217981339
1477661846421 lifecam22 2217.12719727 4682.77050781 4.8062338829
1477661846488 lifecam22 2210.19726562 4681.81738281 4.8048043251
1477661846551 lifecam22 2203.96264648 4681.53369141 4.80881166458
1477661846621 lifecam22 2197.21362305 4680.88378906 4.81207990646
1477661846688 lifecam22 2191.48266602 4680.68554688 4.81860303879
1477661846817 lifecam22 2178.5246582 4678.68505859 4.81828117371
1477661846890 lifecam22 2171.96289062 4677.4375 4.81879806519
1477661846958 lifecam22 2165.29882812 4675.91259766 4.82225751877
1477661847021 lifecam22 2159.12841797 4675.12841797 4.8202548027
1477661847090 lifecam22 2152.01318359 4672.85205078 4.81706666946
1477661847158 lifecam22 2145.3203125 4671.73583984 4.81369018555
1477661847219 lifecam22 2138.67163086 4670.30908203 4.81302070618
1477661847289 lifecam22 2132.59106445 4669.37402344 4.81402587891
1477661847357 lifecam22 2125.43920898 4667.81982422 4.81567621231
1477661847424 lifecam22 2119.00610352 4667.20800781 4.81749486923
1477661847486 lifecam22 2112.78833008 4666.81542969 4.82162952423
1477661847557 lifecam22 2107.04321289 4666.5078125 4.82470083237
1477661847623 lifecam22 2099.66674805 4665.35742188 4.82406044006
1477661847688 lifecam22 2093.5390625 4664.0625 4.82797431946
1477661847758 lifecam22 2086.70483398 4662.33691406 4.82747220993
1477661847824 lifecam22 2079.87939453 4661.60400391 4.82774782181
1477661847887 lifecam22 2073.51074219 4660.94433594 4.83186483383
1477661847957 lifecam22 2065.94921875 4658.98144531 4.82744407654
1477661848024 lifecam22 2058.9609375 4657.66796875 4.82604932785
1477661848088 lifecam22 2053.08276367 4656.84960938 4.83174753189
1477661848156 lifecam22 2046.16357422 4655.17675781 4.83312559128
1477661848224 lifecam22 2040.0625 4654.26416016 4.83332872391
1477661848292 lifecam22 2032.54760742 4652.96289062 4.8301525116
1477661848356 lifecam22 2026.36206055 4652.90332031 4.83352899551
1477661848424 lifecam22 2019.97119141 4652.04882812 4.83808135986
1477661848492 lifecam22 2013.61743164 4650.10449219 4.8379483223
1477661848555 lifecam22 2007.01293945 4648.81640625 4.83624076843
1477661848625 lifecam22 2000.14282227 4646.89111328 4.83383369446
1477661848692 lifecam22 1994.00268555 4646.39648438 4.83373260498
1477661848756 lifecam22 1987.95214844 4645.31787109 4.84058713913
1477661848824 lifecam22 1981.6394043 4643.49902344 4.84055519104
1477661848893 lifecam22 1975.09472656 4641.70361328 4.83762311935
1477661848960 lifecam22 1967.79248047 4640.07568359 4.83472061157
1477661849024 lifecam22 1961.86303711 4639.04248047 4.83534240723
1477661849092 lifecam22 1955.14331055 4638.17333984 4.84175252914
1477661849162 lifecam22 1949.05456543 4637.46923828 4.84348583221
1477661849224 lifecam22 1942.09790039 4636.22070312 4.84451341629
1477661849293 lifecam22 1935.15576172 4635.09082031 4.84276485443
1477661849361 lifecam22 1928.84448242 4634.62255859 4.8452501297
1477661849425 lifecam22 1922.61962891 4633.17236328 4.84992027283
1477661849492 lifecam22 1916.03356934 4632.65771484 4.85293102264
1477661849561 lifecam22 1909.47265625 4630.8359375 4.85201978683
1477661849623 lifecam22 1902.5032959 4629.69384766 4.85075521469
1477661849700 lifecam22 1895.64831543 4627.96386719 4.84989118576
1477661849759 lifecam22 1888.47070312 4625.99902344 4.84970331192
1477661849826 lifecam22 1882.33154297 4625.01220703 4.85350084305
1477661849892 lifecam22 1876.17492676 4623.19970703 4.8521490097
1477661849960 lifecam22 1869.06665039 4621.265625 4.84805440903
1477661850028 lifecam22 1862.48303223 4620.27294922 4.8504781723
1477661850091 lifecam22 1855.65441895 4619.19580078 4.84911727905
1477661850160 lifecam22 1848.73510742 4618.18017578 4.85346078873
1477661850229 lifecam22 1842.29248047 4616.765625 4.85171413422
1477661850290 lifecam22 1836.25292969 4615.15673828 4.85083198547
1477661850360 lifecam22 1829.97033691 4614.12646484 4.85816955566
1477661850428 lifecam22 1824.14111328 4613.79003906 4.86224794388
1477661850478 lifecam20 1752.09570312 4609.78613281 4.81943321228
1477661850542 lifecam20 1748.68310547 4609.13476562 4.81769943237
1477661850557 lifecam22 1742.16772461 4607.77929688 4.81825208664
1477661850611 lifecam20 1739.13476562 4608.06640625 4.82475709915
1477661850625 lifecam22 1735.39465332 4607.14746094 4.82468175888
1477661850680 lifecam20 1732.21899414 4606.64257812 4.82551288605
1477661850693 lifecam22 1729.49304199 4605.94726562 4.82737207413
1477661850745 lifecam20 1726.22436523 4605.51660156 4.82772922516
1477661850758 lifecam22 1722.94140625 4604.7421875 4.82721662521
1477661850813 lifecam20 1719.50854492 4604.64550781 4.82873392105
1477661850826 lifecam22 1715.88122559 4603.73095703 4.82685041428
1477661850880 lifecam20 1712.53051758 4603.8984375 4.83060312271
1477661850893 lifecam22 1709.74511719 4603.30566406 4.83141994476
1477661850945 lifecam20 1706.7824707 4603.45019531 4.83529090881
1477661850958 lifecam22 1703.22607422 4602.73828125 4.83575057983
1477661851013 lifecam20 1699.89355469 4602.84277344 4.83875513077
1477661851025 lifecam22 1696.93066406 4602.46289062 4.83932876587
1477661851081 lifecam20 1694.1237793 4602.37695312 4.84287977219
1477661851093 lifecam22 1690.76696777 4601.45019531 4.84327983856
1477661851148 lifecam20 1687.35803223 4601.08007812 4.84471416473
1477661851161 lifecam22 1684.07202148 4600.52148438 4.84457063675
1477661851214 lifecam20 1680.63989258 4600.82324219 4.84902143478
1477661851226 lifecam22 1677.02062988 4599.98876953 4.84732961655
1477661851280 lifecam20 1673.52587891 4599.21240234 4.84745693207
1477661851347 lifecam20 1670.55151367 4599.34472656 4.85115146637
1477661851361 lifecam22 1664.26904297 4598.33398438 4.85562562943
1477661851413 lifecam20 1661.48937988 4598.97558594 4.8628692627
1477661851425 lifecam22 1657.86682129 4598.32324219 4.86332178116
1477661851480 lifecam20 1654.05053711 4597.61425781 4.86393117905
1477661851492 lifecam22 1650.82519531 4596.43652344 4.86214256287
1477661851547 lifecam20 1647.38916016 4595.61962891 4.86184024811
1477661851560 lifecam22 1644.32104492 4595.23144531 4.86522245407
1477661851614 lifecam20 1641.68798828 4594.79492188 4.86834478378
1477661851625 lifecam22 1638.11169434 4593.35058594 4.86630821228
1477661851680 lifecam20 1634.73168945 4592.58691406 4.86550045013
1477661851693 lifecam22 1631.80419922 4591.87841797 4.8660326004
1477661851748 lifecam20 1628.50012207 4591.74023438 4.86877393723
1477661851760 lifecam22 1624.84838867 4591.18798828 4.86848783493
1477661851813 lifecam20 1621.22949219 4590.48779297 4.86974859238
1477661851825 lifecam22 1618.13916016 4590.07373047 4.87262105942
1477661851881 lifecam20 1614.64477539 4589.46386719 4.87228775024
1477661851893 lifecam22 1611.68127441 4589.06835938 4.87500476837
1477661851947 lifecam20 1608.49780273 4588.34179688 4.87456130981
1477661851961 lifecam22 1605.08251953 4587.20703125 4.87089681625
1477661852016 lifecam20 1601.85961914 4586.38378906 4.87177991867
1477661852029 lifecam22 1598.14819336 4585.12792969 4.86925315857
1477661852081 lifecam20 1594.89550781 4584.63183594 4.86995744705
1477661852093 lifecam22 1592.27563477 4584.60888672 4.87399053574
1477661852148 lifecam20 1588.9597168 4583.74169922 4.87474584579
1477661852161 lifecam22 1586.30761719 4583.14453125 4.87785625458
1477661852215 lifecam20 1582.92749023 4582.37695312 4.87785768509
1477661852229 lifecam22 1579.24560547 4581.24414062 4.87568712234
1477661852282 lifecam20 1576.53344727 4580.85205078 4.87716054916
1477661852293 lifecam22 1573.65014648 4580.27050781 4.87682294846
1477661852348 lifecam20 1569.9050293 4578.90136719 4.87442588806
1477661852361 lifecam22 1566.23608398 4577.47363281 4.87255382538
1477661852416 lifecam20 1563.07055664 4576.77880859 4.87301588058
1477661852428 lifecam22 1560.33398438 4576.39453125 4.87568664551
1477661852481 lifecam20 1556.72460938 4575.21679688 4.87345075607
1477661852494 lifecam22 1553.42492676 4574.11621094 4.87276506424
1477661852549 lifecam20 1550.41503906 4573.90576172 4.87624645233
1477661852561 lifecam22 1547.08227539 4573.14013672 4.87582492828
1477661852616 lifecam20 1543.38671875 4572.09570312 4.87492704391
1477661852630 lifecam22 1539.73388672 4571.26220703 4.87462425232
1477661852684 lifecam20 1536.35888672 4570.77929688 4.8749332428
1477661852697 lifecam22 1533.15551758 4570.37304688 4.87693500519
1477661852749 lifecam20 1529.69482422 4569.86279297 4.87820720673
1477661852762 lifecam22 1526.87988281 4569.47265625 4.88040542603
1477661852817 lifecam20 1523.45178223 4569.11914062 4.88254308701
1477661852829 lifecam22 1519.99279785 4568.67382812 4.88352108002
1477661852885 lifecam20 1516.79248047 4568.17382812 4.88405799866
1477661852898 lifecam22 1513.28515625 4567.23925781 4.88297128677
1477661852949 lifecam20 1509.75439453 4565.93457031 4.88284873962
1477661852961 lifecam22 1506.5994873 4564.93457031 4.88463544846
1477661853016 lifecam20 1503.13330078 4564.42724609 4.88642263412
1477661853029 lifecam22 1500.25317383 4563.984375 4.88905191422
1477661853084 lifecam20 1496.87097168 4563.43408203 4.89086151123
1477661853096 lifecam22 1493.26342773 4562.74902344 4.89049291611
1477661853149 lifecam20 1489.63378906 4561.859375 4.89021062851
1477661853162 lifecam22 1485.74291992 4560.65039062 4.88922262192
1477661853217 lifecam20 1482.33129883 4559.65576172 4.88851547241
1477661853228 lifecam22 1479.28613281 4558.67285156 4.88800621033
1477661853284 lifecam20 1475.67114258 4557.453125 4.88535499573
1477661853297 lifecam22 1472.55859375 4556.828125 4.88719034195
1477661853349 lifecam20 1469.04382324 4555.61132812 4.88689565659
1477661853365 lifecam22 1465.23413086 4554.33984375 4.88537693024
1477661853415 lifecam20 1461.63671875 4553.86474609 4.8867225647
1477661853428 lifecam22 1458.31750488 4553.04492188 4.88630914688
1477661853483 lifecam20 1455.03515625 4552.0625 4.88596725464
1477661853496 lifecam22 1452.09960938 4551.11376953 4.88571405411
1477661853551 lifecam20 1448.34179688 4550.65039062 4.88680505753
1477661853565 lifecam22 1445.04223633 4550.3828125 4.88921022415
1477661853617 lifecam20 1441.70825195 4549.96191406 4.89053297043
1477661853629 lifecam22 1438.56445312 4549.61523438 4.89245033264
1477661853684 lifecam20 1435.18530273 4548.96875 4.89346456528
1477661853696 lifecam22 1431.66174316 4548.05175781 4.89305353165
1477661853752 lifecam20 1428.17944336 4547.2265625 4.89376497269
1477661853764 lifecam22 1424.75 4546.32861328 4.89408159256
1477661853817 lifecam20 1421.49108887 4545.75878906 4.89631223679
1477661853830 lifecam22 1418.20812988 4544.9453125 4.89540338516
1477661853885 lifecam20 1414.54345703 4543.70605469 4.8941488266
1477661853896 lifecam22 1411.3079834 4542.8359375 4.89601802826
1477661853951 lifecam20 1408.10253906 4542.54394531 4.89737653732
1477661853964 lifecam22 1405.05395508 4542.20507812 4.89987707138
1477661854017 lifecam20 1401.44299316 4541.32519531 4.90191936493
1477661854029 lifecam22 1397.86352539 4540.22900391 4.90272378922
1477661854084 lifecam20 1394.49829102 4539.04101562 4.90115737915
1477661854096 lifecam22 1391.14990234 4537.5078125 4.89857149124
1477661854152 lifecam20 1387.77612305 4536.51025391 4.89783763885
1477661854164 lifecam22 1384.62243652 4535.81152344 4.89683055878
1477661854219 lifecam20 1381.2565918 4534.93505859 4.89790868759
1477661854232 lifecam22 1378.01452637 4533.90039062 4.89787483215
1477661854285 lifecam20 1374.76416016 4532.94238281 4.89643335342
1477661854296 lifecam22 1371.69750977 4532.04980469 4.89679050446
1477661854351 lifecam20 1368.08764648 4531.15673828 4.89848995209
1477661854364 lifecam22 1364.50976562 4530.13720703 4.89836406708
1477661854419 lifecam20 1361.17651367 4529.38378906 4.89829921722
1477661854432 lifecam22 1357.69836426 4528.83789062 4.89958953857
1477661854484 lifecam20 1354.05065918 4528.4453125 4.90230131149
1477661854497 lifecam22 1350.74389648 4528.046875 4.9052491188
1477661854551 lifecam20 1347.5534668 4527.39648438 4.90671348572
1477661854565 lifecam22 1344.66821289 4526.56835938 4.90724372864
1477661854618 lifecam20 1341.23046875 4525.8203125 4.90686321259
1477661854635 lifecam22 1337.58581543 4524.92578125 4.90632104874
1477661854682 lifecam20 1334.15136719 4523.73535156 4.90527534485
1477661854699 lifecam22 1330.86254883 4522.59179688 4.90531301498
1477661854750 lifecam20 1327.45935059 4521.9765625 4.90665340424
1477661854774 lifecam22 1324.64501953 4521.6484375 4.90932798386
1477661854819 lifecam20 1321.35668945 4520.58496094 4.9086561203
1477661854832 lifecam22 1318.24194336 4519.41796875 4.90768003464
1477661854886 lifecam20 1314.68530273 4518.62646484 4.90821218491
1477661854900 lifecam22 1311.1171875 4517.66650391 4.90701389313
1477661854950 lifecam20 1307.76098633 4516.96972656 4.90750074387
1477661854968 lifecam22 1304.47827148 4516.24023438 4.90908098221
1477661855018 lifecam20 1301.04052734 4515.04394531 4.90827274323
1477661855035 lifecam22 1297.95385742 4514.27246094 4.90840148926
1477661855088 lifecam20 1294.56518555 4513.23974609 4.91009950638
1477661855100 lifecam22 1291.28564453 4511.70458984 4.90974473953
1477661855150 lifecam20 1287.88378906 4510.91796875 4.91020345688
1477661855167 lifecam22 1284.546875 4510.24804688 4.91047239304
1477661855168 lifecam19 859.216247559 4120.79785156 5.40532302856
1477661855218 lifecam20 857.218933105 4120.25439453 5.40647220612
1477661855235 lifecam22 855.38885498 4119.703125 5.40737390518
1477661855288 lifecam20 852.802429199 4119.13525391 5.40638923645
1477661855301 lifecam22 850.449890137 4118.65380859 5.40757513046
1477661855351 lifecam20 1268.1114502 4506.171875 4.91300821304
1477661855366 lifecam22 1264.81274414 4505.24169922 4.9117269516
1477661855419 lifecam20 1261.12182617 4504.453125 4.91271162033
1477661855432 lifecam22 1257.75183105 4503.76757812 4.91462564468
1477661855487 lifecam20 1254.63818359 4502.96044922 4.91493368149
1477661855499 lifecam22 1251.59667969 4501.86132812 4.91324090958
1477661855550 lifecam20 1248.40112305 4500.94042969 4.91466522217
1477661855570 lifecam22 1245.42919922 4500.30175781 4.91755485535
1477661855619 lifecam20 1242.20825195 4499.49804688 4.91949558258
1477661855635 lifecam22 1238.48583984 4498.17089844 4.91783761978
1477661855687 lifecam20 1235.125 4497.44824219 4.91587781906
1477661855701 lifecam22 1232.29077148 4497.00927734 4.91866016388
1477661855755 lifecam20 1229.10510254 4495.57226562 4.91911315918
1477661855768 lifecam22 1225.96081543 4494.25 4.91760873795
1477661855817 lifecam20 1222.78393555 4493.484375 4.91703414917
1477661855835 lifecam22 1220.23779297 4492.7421875 4.9181303978
1477661855887 lifecam20 1216.77844238 4492.01464844 4.92034339905
1477661855903 lifecam22 1213.07299805 4490.72753906 4.91875600815
1477661855955 lifecam20 1209.47070312 4489.30908203 4.91753721237
1477661855969 lifecam22 1206.38183594 4488.45507812 4.91935586929
1477661856018 lifecam20 1203.25939941 4487.65332031 4.92020082474
1477661856035 lifecam22 1200.48400879 4486.93554688 4.92075586319
1477661856086 lifecam20 1197.00476074 4486.12695312 4.92076730728
1477661856102 lifecam22 1193.67675781 4485.40869141 4.92253780365
1477661856155 lifecam20 1190.34130859 4484.76269531 4.92318630219
1477661856168 lifecam22 1187.27807617 4483.87011719 4.92390871048
1477661856218 lifecam20 1183.79321289 4482.87792969 4.92489051819
1477661856238 lifecam22 1180.3079834 4482.00927734 4.9249458313
1477661856286 lifecam20 1177.20239258 4481.38183594 4.92510128021
1477661856303 lifecam22 1174.01269531 4480.63867188 4.92448329926
1477661856355 lifecam20 1170.75756836 4479.94970703 4.92770528793
1477661856368 lifecam22 1167.47021484 4479.20898438 4.93057489395
1477661856424 lifecam20 1163.84008789 4477.88818359 4.92835617065
1477661856437 lifecam22 1160.84558105 4476.46679688 4.92652702332
1477661856486 lifecam20 1157.38049316 4475.69824219 4.92862939835
1477661856502 lifecam22 1154.04003906 4475.09277344 4.9304895401
1477661856556 lifecam20 1150.98144531 4474.23583984 4.93086910248
1477661856567 lifecam22 1147.18017578 4472.796875 4.92880010605
1477661856622 lifecam20 1143.58703613 4471.65136719 4.92753314972
1477661856639 lifecam22 1140.63623047 4470.83642578 4.92870187759
1477661856687 lifecam20 1136.92358398 4469.88964844 4.92989063263
1477661856703 lifecam22 1133.45129395 4468.78076172 4.92881298065
1477661856754 lifecam20 1130.80981445 4467.76855469 4.92903089523
1477661856771 lifecam22 1128.03417969 4466.99609375 4.93078947067
1477661856823 lifecam20 1124.23486328 4465.81884766 4.92996311188
1477661856840 lifecam22 1121.05786133 4464.76171875 4.93122053146
1477661856886 lifecam20 1117.73925781 4463.62207031 4.93105983734
1477661856902 lifecam22 1114.52331543 4462.30859375 4.92999219894
1477661856955 lifecam20 1111.1484375 4461.34423828 4.9302816391
1477661856967 lifecam22 1107.94128418 4460.49804688 4.93108224869
1477661857022 lifecam20 1104.34240723 4459.41845703 4.92979478836
1477661857039 lifecam22 1100.93066406 4458.42626953 4.92917919159
1477661857085 lifecam20 1097.81958008 4457.97949219 4.93103170395
1477661857106 lifecam22 1094.81994629 4457.58789062 4.93331003189
1477661857154 lifecam20 1091.37695312 4456.77929688 4.93564271927
1477661857172 lifecam22 1087.72900391 4455.53222656 4.93470907211
1477661857224 lifecam20 1084.15722656 4454.62011719 4.93409395218
1477661857235 lifecam22 1081.17980957 4454.01464844 4.93545770645
1477661857289 lifecam20 1078.27941895 4453.0625 4.93735027313
1477661857304 lifecam22 1075.35070801 4451.81933594 4.93739318848
1477661857354 lifecam20 1071.87683105 4450.88964844 4.93579435349
1477661857372 lifecam22 1068.59619141 4450.12304688 4.93664836884
1477661857423 lifecam20 1065.50292969 4449.24755859 4.93962144852
1477661857437 lifecam22 1061.77075195 4448.19628906 4.93928766251
1477661857492 lifecam20 1058.41003418 4446.92773438 4.93883991241
1477661857504 lifecam22 1055.89770508 4445.84130859 4.94149398804
1477661857554 lifecam20 1053.13037109 4445.46582031 4.9439868927
1477661857570 lifecam22 1050.27685547 4444.75634766 4.94358301163
1477661857623 lifecam20 1046.68603516 4443.00292969 4.94135189056
1477661857637 lifecam22 1043.79614258 4441.84228516 4.94230508804
1477661857691 lifecam20 1040.71582031 4441.33886719 4.94520711899
1477661857704 lifecam22 1037.5814209 4440.53417969 4.94601869583
1477661857754 lifecam20 1033.80029297 4438.89501953 4.94247817993
1477661857769 lifecam22 1030.23754883 4437.32958984 4.94092273712
1477661857824 lifecam20 1027.15490723 4436.61816406 4.94215297699
1477661857837 lifecam22 1023.97033691 4435.36767578 4.93981599808
1477661857892 lifecam20 1020.63769531 4434.44238281 4.94168186188
1477661857904 lifecam22 1017.56481934 4433.57275391 4.94279766083
1477661857959 lifecam20 1013.65325928 4432.42675781 4.94164466858
1477661857973 lifecam22 1010.33679199 4431.73144531 4.94375228882
1477661858023 lifecam20 1007.36364746 4431.00292969 4.94502925873
1477661858038 lifecam22 1004.4921875 4430.07226562 4.944627285
1477661858089 lifecam20 1001.33935547 4429.03222656 4.94317483902
1477661858107 lifecam22 997.65222168 4428.08300781 4.94312572479
1477661858158 lifecam20 994.110290527 4427.04980469 4.94295883179
1477661858174 lifecam22 991.116943359 4426.2265625 4.94627761841
1477661858222 lifecam20 987.510620117 4425.45068359 4.94925785065
1477661858238 lifecam22 984.224853516 4424.72753906 4.95065355301
1477661858291 lifecam20 981.291381836 4423.98535156 4.95177221298
1477661858307 lifecam22 978.145751953 4422.29296875 4.94850921631
1477661858359 lifecam20 974.311401367 4421.18945312 4.94805622101
1477661858372 lifecam22 971.255493164 4420.82421875 4.952044487
1477661858423 lifecam20 967.854736328 4419.66601562 4.95241975784
1477661858440 lifecam22 964.651123047 4418.63476562 4.95143508911
1477661858491 lifecam20 961.71472168 4417.92871094 4.95421218872
1477661858504 lifecam22 958.704711914 4416.88671875 4.95498943329
1477661858558 lifecam20 955.020385742 4415.31396484 4.95118093491
1477661858572 lifecam22 951.576660156 4413.66503906 4.94928884506
1477661858621 lifecam20 948.356079102 4412.64648438 4.95113801956
1477661858642 lifecam22 945.270996094 4411.59521484 4.94998121262
1477661858690 lifecam20 942.227355957 4410.78710938 4.95272827148
1477661858706 lifecam22 938.93371582 4409.84619141 4.95603275299
1477661858759 lifecam20 935.61315918 4408.86425781 4.95526123047
1477661858772 lifecam22 932.481079102 4407.73974609 4.95376110077
1477661858829 lifecam20 928.179321289 4406.08154297 4.95085954666
1477661858840 lifecam22 925.057006836 4405.14355469 4.95160007477
1477661858891 lifecam20 922.371337891 4404.65429688 4.9541182518
1477661858905 lifecam22 919.139526367 4403.85986328 4.95461177826
1477661858960 lifecam20 915.90625 4403.02148438 4.95606088638
1477661858972 lifecam22 912.272583008 4402.05371094 4.95632457733
1477661859027 lifecam20 908.706481934 4400.37548828 4.95283269882
1477661859040 lifecam22 906.020568848 4399.16503906 4.95410776138
1477661859091 lifecam20 903.284179688 4398.85058594 4.95868110657
1477661859105 lifecam22 899.832397461 4397.74267578 4.95864105225
1477661859159 lifecam20 896.364624023 4396.09570312 4.95626974106
1477661859172 lifecam22 893.215881348 4394.86621094 4.95588922501
1477661859228 lifecam20 889.881591797 4394.42675781 4.95893955231
1477661859240 lifecam22 887.153686523 4393.94824219 4.9617729187
1477661859290 lifecam20 884.017883301 4392.38183594 4.96185731888
1477661859308 lifecam22 881.077087402 4391.09472656 4.96153688431
1477661859359 lifecam20 877.619506836 4390.03662109 4.96117353439
1477661859375 lifecam22 874.499206543 4388.55957031 4.96165132523
1477661859425 lifecam20 871.528198242 4387.58203125 4.96157360077
1477661859440 lifecam22 868.53503418 4386.62695312 4.96065759659
1477661859493 lifecam20 864.654418945 4384.81298828 4.95862102509
1477661859511 lifecam22 861.453674316 4383.69970703 4.96015882492
1477661859557 lifecam20 858.572753906 4383.07226562 4.96147537231
1477661859575 lifecam22 855.294311523 4381.70214844 4.96008825302
1477661859626 lifecam20 851.954223633 4380.74902344 4.961581707
1477661859641 lifecam22 848.962524414 4380.18457031 4.96384572983
1477661859694 lifecam20 845.783325195 4379.27441406 4.96526527405
1477661859707 lifecam22 842.066711426 4377.88085938 4.9643239975
1477661859760 lifecam20 838.640014648 4377.06689453 4.96567106247
1477661859772 lifecam22 835.788574219 4376.78662109 4.9694981575
1477661859826 lifecam20 832.173828125 4375.83154297 4.96862459183
1477661859839 lifecam22 829.513305664 4374.81054688 4.96853113174
1477661859894 lifecam20 829.830322266 4375.13671875 4.9695558548
1477661859907 lifecam22 830.713134766 4375.91894531 4.97185611725
1477661859959 lifecam20 830.974853516 4376.00292969 4.97278261185
1477661859976 lifecam22 830.99230957 4375.98242188 4.97255897522
1477661860027 lifecam20 830.557617188 4375.7890625 4.9712471962
1477661860039 lifecam22 830.588562012 4375.73046875 4.97137594223
1477661860092 lifecam20 831.015075684 4375.87695312 4.97158956528
1477661860107 lifecam22 830.858703613 4375.82421875 4.97136735916
1477661860162 lifecam20 830.819702148 4375.94628906 4.97332906723
1477661860175 lifecam22 830.96875 4375.92285156 4.97318792343
1477661860227 lifecam20 831.007751465 4375.80029297 4.97122621536
1477661860240 lifecam22 830.831604004 4375.83447266 4.97090864182
1477661860295 lifecam20 830.502929688 4375.58398438 4.97006320953
1477661860307 lifecam22 830.590515137 4375.58203125 4.97037220001
1477661860362 lifecam20 830.950134277 4375.69140625 4.97113513947
1477661860375 lifecam22 830.994689941 4375.76367188 4.9722776413
1477661860428 lifecam20 830.69732666 4375.72607422 4.97231435776
1477661860439 lifecam22 830.76373291 4375.73925781 4.97167015076
1477661860495 lifecam20 830.855102539 4375.91503906 4.97286272049
1477661860508 lifecam22 830.791625977 4375.95507812 4.97283124924
1477661860563 lifecam20 830.580749512 4375.73388672 4.97099924088
1477661860574 lifecam22 830.521362305 4375.671875 4.97058868408
1477661860627 lifecam20 831.195861816 4376.00976562 4.97276163101
1477661860643 lifecam22 831.172973633 4375.89257812 4.97227144241
1477661860695 lifecam20 831.043212891 4375.85888672 4.97117328644
1477661860706 lifecam22 831.055175781 4375.79589844 4.97111701965
1477661860760 lifecam20 831.043945312 4375.83300781 4.97168254852
1477661860775 lifecam22 830.896118164 4375.7734375 4.97096204758
1477661860827 lifecam20 830.921264648 4375.81591797 4.97128725052
1477661860843 lifecam22 831.151489258 4376.05371094 4.97290802002
1477661860894 lifecam20 830.973632812 4375.80957031 4.97137975693
