1478870039480 lifecam22 3194.44555664 5859.06347656 4.60673809052
1478870039548 lifecam22 3194.56860352 5859.14404297 4.60634946823
1478870039610 lifecam22 3194.19311523 5859.12011719 4.60570240021
1478870039687 lifecam22 3194.26855469 5859.15771484 4.60614109039
1478870039817 lifecam22 3194.03540039 5859.12646484 4.60558462143
1478870039882 lifecam22 3194.03540039 5859.12646484 4.60558462143
1478870039945 lifecam22 3193.86450195 5859.22851562 4.60523366928
1478870040007 lifecam22 3194.03540039 5859.12646484 4.60558462143
1478870040085 lifecam22 3194.11474609 5859.29541016 4.60725975037
1478870040210 lifecam22 3193.97802734 5858.95751953 4.60521316528
1478870040270 lifecam22 3193.72753906 5859.02148438 4.60441875458
1478870040348 lifecam22 3194.02832031 5859.25195312 4.60675382614
1478870040412 lifecam22 3194.0715332 5859.00439453 4.60576057434
1478870040482 lifecam22 3193.80712891 5859.08691406 4.60384941101
1478870040613 lifecam22 3194.02832031 5859.25195312 4.60675382614
1478870040673 lifecam22 3193.79663086 5858.83105469 4.6036901474
1478870040736 lifecam22 3193.97802734 5858.95751953 4.60521316528
1478870040812 lifecam22 3193.92944336 5858.55029297 4.60248470306
1478870040871 lifecam22 3194.44555664 5859.06347656 4.60673809052
1478870041072 lifecam22 3194.53442383 5859.12744141 4.60615110397
1478870041150 lifecam22 3194.50244141 5859.23291016 4.60710859299
1478870041217 lifecam22 3194.44555664 5859.06347656 4.60673809052
1478870041277 lifecam22 3194.50244141 5859.23291016 4.60710859299
1478870041492 lifecam22 3194.65234375 5854.99951172 4.58450555801
1478870041543 lifecam22 3194.78759766 5856.37060547 4.58572626114
1478870041611 lifecam22 3195.76196289 5855.45458984 4.58494710922
1478870041684 lifecam22 3196.58691406 5856.19628906 4.58410215378
1478870041749 lifecam22 3193.86523438 5857.35009766 4.59665822983
1478870041882 lifecam22 3195.03662109 5856.77392578 4.59653568268
1478870041941 lifecam22 3192.28759766 5858.05859375 4.59742641449
1478870042016 lifecam22 3182.66723633 5860.4296875 4.61280632019
1478870042082 lifecam22 3176.67871094 5860.41894531 4.61428260803
1478870042149 lifecam22 3172.08032227 5862.33496094 4.6231918335
1478870042353 lifecam22 3150.18017578 5862.09765625 4.61788892746
1478870042410 lifecam22 3143.85400391 5861.65820312 4.61928844452
1478870042486 lifecam22 3136.99462891 5862.10302734 4.61834049225
1478870042550 lifecam22 3130.40795898 5861.30126953 4.61381149292
1478870042610 lifecam22 3123.71264648 5861.90673828 4.6160235405
1478870042812 lifecam22 3103.70874023 5862.22802734 4.61066484451
1478870042887 lifecam22 3096.34790039 5862.07373047 4.6103310585
1478870042957 lifecam22 3089.55786133 5862.62011719 4.61278343201
1478870043023 lifecam22 3083.40917969 5863.43164062 4.61732053757
1478870043083 lifecam22 3075.9440918 5862.92626953 4.61350250244
1478870043288 lifecam22 3056.92236328 5865.28662109 4.62172269821
1478870043355 lifecam22 3050.67504883 5866.04785156 4.62418317795
1478870043418 lifecam22 3043.71533203 5865.42089844 4.6224565506
1478870043486 lifecam22 3037.85668945 5866.35742188 4.62451839447
1478870043543 lifecam22 3031.24829102 5866.51464844 4.62306547165
1478870043682 lifecam22 3018.11035156 5866.23681641 4.6237206459
1478870043750 lifecam22 3011.0090332 5866.91357422 4.626101017
1478870043825 lifecam22 3004.45825195 5867.28564453 4.62491607666
1478870043886 lifecam22 2997.37988281 5867.73193359 4.62520360947
1478870043951 lifecam22 2990.39379883 5866.91259766 4.62265491486
1478870044090 lifecam22 2977.34594727 5866.96728516 4.62557029724
1478870044150 lifecam22 2971.42797852 5868.62890625 4.63318300247
1478870044217 lifecam22 2964.63891602 5868.03466797 4.63026046753
1478870044288 lifecam22 2957.78393555 5867.34716797 4.62811565399
1478870044356 lifecam22 2951.84790039 5868.43115234 4.62622642517
1478870044489 lifecam22 2938.69970703 5869.38476562 4.6332359314
1478870044550 lifecam22 2931.2980957 5868.24609375 4.62756347656
1478870044613 lifecam22 2925.06567383 5868.73730469 4.63285446167
1478870044693 lifecam22 2918.16943359 5869.90722656 4.63593149185
1478870044753 lifecam22 2911.82958984 5869.56933594 4.63814735413
1478870044959 lifecam22 2891.25878906 5869.79736328 4.63556146622
1478870045025 lifecam22 2884.88110352 5870.03710938 4.63446092606
1478870045086 lifecam22 2878.46533203 5870.44628906 4.64010906219
1478870045153 lifecam22 2871.81567383 5870.53076172 4.63955354691
1478870045223 lifecam22 2865.16943359 5870.66992188 4.6387720108
1478870045358 lifecam22 2851.61352539 5870.76757812 4.64006376266
1478870045416 lifecam22 2844.53100586 5870.44287109 4.63817691803
1478870045486 lifecam22 2837.67236328 5870.68164062 4.63932132721
1478870045557 lifecam22 2830.74536133 5870.89160156 4.63857650757
1478870045617 lifecam22 2824.10986328 5870.91455078 4.64048814774
1478870045822 lifecam22 2804.3996582 5870.51953125 4.64003133774
1478870045885 lifecam22 2798.63989258 5871.61914062 4.6462225914
1478870045952 lifecam22 2791.32763672 5870.76269531 4.64443635941
1478870046023 lifecam22 2785.0012207 5871.17333984 4.64604949951
1478870046088 lifecam22 2779.00878906 5871.14990234 4.64667749405
1478870046210 lifecam22 2765.09863281 5871.12060547 4.64519023895
1478870046280 lifecam22 2758.35644531 5871.17871094 4.64859962463
1478870046353 lifecam22 2751.8503418 5871.75634766 4.65051412582
1478870046420 lifecam22 2744.67675781 5871.70800781 4.65125131607
1478870046485 lifecam22 2737.93237305 5871.30957031 4.65137434006
1478870046749 lifecam22 2712.56298828 5872.54833984 4.65983009338
1478870046819 lifecam22 2706.16333008 5872.62109375 4.66372537613
1478870046888 lifecam22 2698.95483398 5872.59716797 4.66194820404
1478870046954 lifecam22 2691.76904297 5871.48193359 4.6526966095
1478870047155 lifecam22 2672.77587891 5871.22119141 4.65999603271
1478870047218 lifecam22 2666.07055664 5871.60302734 4.66105937958
1478870047283 lifecam22 2658.5300293 5871.56347656 4.65763282776
1478870047346 lifecam22 2652.2265625 5871.35400391 4.66128873825
1478870047417 lifecam22 2644.94677734 5871.91259766 4.65853691101
1478870047621 lifecam22 2624.95068359 5871.56054688 4.66764354706
1478870047698 lifecam22 2618.24902344 5870.52587891 4.66685009003
1478870047747 lifecam22 2611.37548828 5871.55712891 4.66904115677
1478870047823 lifecam22 2604.34545898 5870.48046875 4.66648435593
1478870047879 lifecam22 2597.27978516 5870.46582031 4.66469955444
1478870048088 lifecam22 2577.44213867 5870.29833984 4.66631221771
1478870048150 lifecam22 2570.3359375 5869.99267578 4.67089557648
1478870048215 lifecam22 2564.15625 5869.70458984 4.67358207703
1478870048284 lifecam22 2556.98950195 5869.62988281 4.67151832581
1478870048362 lifecam22 2550.47949219 5869.70800781 4.67507219315
1478870048502 lifecam22 2538.45825195 5870.12060547 4.67986154556
1478870048554 lifecam22 2531.17700195 5870.09765625 4.68073797226
1478870048625 lifecam22 2524.23876953 5870.14648438 4.68001174927
1478870048690 lifecam22 2518.30419922 5869.91796875 4.68089485168
1478870048752 lifecam22 2512.26757812 5869.91650391 4.67989253998
1478870048815 lifecam22 2506.23583984 5870.53808594 4.68620061874
1478870049023 lifecam22 2487.43896484 5871.06933594 4.69955301285
1478870049093 lifecam22 2480.04711914 5871.00048828 4.69604063034
1478870049160 lifecam22 2472.89892578 5871.0078125 4.69471597672
1478870049215 lifecam22 2466.92871094 5870.52832031 4.70269918442
1478870049281 lifecam22 2460.13110352 5871.19189453 4.70452308655
1478870049420 lifecam22 2444.77563477 5868.04833984 4.69366168976
1478870049486 lifecam22 2438.40039062 5869.17431641 4.69920444489
1478870049554 lifecam22 2429.85180664 5865.56689453 4.68266391754
1478870049624 lifecam22 2423.01757812 5865.92480469 4.67878341675
1478870049687 lifecam22 2415.67016602 5864.14306641 4.6755900383
1478870049901 lifecam22 2395.63720703 5863.86816406 4.68072986603
1478870049955 lifecam22 2388.53588867 5863.91162109 4.68109416962
1478870050028 lifecam22 2382.07543945 5863.33984375 4.683552742
1478870050088 lifecam22 2376.27832031 5863.93310547 4.6907582283
1478870050159 lifecam22 2370.21557617 5863.68945312 4.68924713135
1478870050355 lifecam22 2351.3190918 5864.20849609 4.70166492462
1478870050427 lifecam22 2346.5480957 5864.88427734 4.71371603012
1478870050487 lifecam22 2341.29125977 5864.55566406 4.71078681946
1478870050552 lifecam22 2334.45117188 5864.32324219 4.70862817764
1478870050617 lifecam22 2327.67163086 5864.41162109 4.71062994003
1478870050826 lifecam22 2307.03979492 5864.76660156 4.71515035629
1478870050893 lifecam22 2300.03979492 5864.76660156 4.71515321732
1478870050957 lifecam22 2290.99707031 5860.921875 4.69558954239
1478870051027 lifecam22 2284.89086914 5862.72070312 4.70361804962
1478870051093 lifecam22 2276.12280273 5857.63720703 4.68779420853
1478870051283 lifecam22 2256.59448242 5857.20410156 4.70094871521
1478870051360 lifecam22 2249.82836914 5857.13867188 4.70305538177
1478870051425 lifecam22 2243.39355469 5857.26269531 4.70688962936
1478870051493 lifecam22 2236.59448242 5857.33105469 4.70871210098
1478870051559 lifecam22 2229.43261719 5857.3125 4.70852136612
1478870051754 lifecam22 2210.19213867 5858.26611328 4.71988677979
1478870051827 lifecam22 2206.23852539 5859.88037109 4.735019207
1478870051886 lifecam22 2200.02783203 5860.08251953 4.73690366745
1478870051956 lifecam22 2193.17285156 5859.80273438 4.73680067062
1478870052024 lifecam22 2187.67285156 5860.09228516 4.73818778992
1478870052227 lifecam22 2167.29418945 5857.11621094 4.73879861832
1478870052287 lifecam22 2160.28857422 5852.43701172 4.72875547409
1478870052353 lifecam22 2153.06958008 5852.19628906 4.72733402252
1478870052429 lifecam22 2146.15356445 5852.16162109 4.72701215744
1478870052488 lifecam22 2139.296875 5851.66503906 4.72364902496
1478870052688 lifecam22 2117.53637695 5850.52832031 4.712890625
1478870052762 lifecam22 2110.53637695 5850.52880859 4.71289014816
1478870052822 lifecam22 2103.76708984 5850.49267578 4.71499061584
1478870052892 lifecam22 2097.14526367 5850.49365234 4.71498537064
1478870052965 lifecam22 2091.09521484 5848.94873047 4.72497081757
1478870053164 lifecam22 2069.80078125 5844.06982422 4.71686077118
1478870053229 lifecam22 2063.51904297 5844.46679688 4.72060394287
1478870053296 lifecam22 2057.37011719 5844.89697266 4.72582817078
1478870053364 lifecam22 2051.56567383 5845.53759766 4.73182678223
1478870053427 lifecam22 2043.98864746 5845.23681641 4.7290148735
1478870053624 lifecam22 2026.26477051 5846.32568359 4.74401855469
1478870053694 lifecam22 2020.32458496 5846.26269531 4.7509560585
1478870053759 lifecam22 2013.72424316 5846.09765625 4.75319719315
1478870053822 lifecam22 2008.06604004 5844.84912109 4.76403856277
1478870053900 lifecam22 2000.92077637 5844.12158203 4.76111745834
1478870054097 lifecam22 1978.22033691 5838.62695312 4.73266220093
1478870054162 lifecam22 1971.24951172 5838.66455078 4.73301029205
1478870054231 lifecam22 1964.19433594 5838.34277344 4.73000621796
1478870054287 lifecam22 1957.22241211 5838.82080078 4.73564434052
1478870054357 lifecam22 1950.41796875 5838.234375 4.73246002197
1478870054505 lifecam22 1939.37255859 5837.68847656 4.75340747833
1478870054563 lifecam22 1932.85217285 5837.64355469 4.75262737274
1478870054625 lifecam22 1925.50939941 5835.48388672 4.75124692917
1478870054703 lifecam22 1918.76574707 5834.76220703 4.74965620041
1478870054761 lifecam22 1909.34899902 5831.81738281 4.73136472702
1478870054976 lifecam22 1890.67956543 5831.39160156 4.73268795013
1478870055030 lifecam22 1885.89221191 5831.83984375 4.74871778488
1478870055099 lifecam22 1879.9498291 5832.09033203 4.75735902786
1478870055168 lifecam22 1873.92041016 5830.65087891 4.76478099823
1478870055224 lifecam22 1866.89257812 5830.48291016 4.76450252533
1478870055432 lifecam22 1845.91809082 5828.24853516 4.75691270828
1478870055500 lifecam22 1837.26708984 5825.46289062 4.74042272568
1478870055569 lifecam22 1831.15380859 5825.53271484 4.74586391449
1478870055633 lifecam22 1824.95593262 5825.78808594 4.75329780579
1478870055701 lifecam22 1819.65222168 5825.62109375 4.77015447617
1478870055902 lifecam22 1798.84155273 5823.09033203 4.76526594162
1478870055971 lifecam22 1791.85644531 5822.42529297 4.7614941597
1478870056025 lifecam22 1786.43981934 5821.19189453 4.75566387177
1478870056092 lifecam22 1788.98071289 5821.16894531 4.75738811493
1478870056160 lifecam22 1788.5411377 5820.67773438 4.7543888092
1478870056364 lifecam22 1788.10852051 5820.82714844 4.75439500809
1478870056427 lifecam22 1788.52941895 5821.29492188 4.75720834732
1478870056489 lifecam22 1788.70739746 5821.02050781 4.7560634613
1478870056558 lifecam22 1788.68395996 5821.30419922 4.75871562958
1478870056631 lifecam22 1789.00720215 5821.47412109 4.7590508461
1478870056781 lifecam22 1789.31103516 5821.81738281 4.76071500778
1478870056832 lifecam22 1789.25134277 5821.88183594 4.7601556778
1478870056907 lifecam22 1789.31103516 5821.81738281 4.76071500778
1478870056974 lifecam22 1789.45703125 5822.10693359 4.76219081879
1478870057039 lifecam22 1789.45703125 5822.10693359 4.76219081879
1478870057244 lifecam22 1789.58459473 5822.37841797 4.76349210739
1478870057311 lifecam22 1789.30053711 5822.08544922 4.76202964783
1478870057373 lifecam22 1789.45703125 5822.10693359 4.76219081879
1478870057445 lifecam22 1789.24389648 5821.59619141 4.7586684227
1478870057511 lifecam22 1789.69348145 5822.63134766 4.76461744308
1478870057639 lifecam22 1789.30053711 5822.08544922 4.76202964783
1478870057707 lifecam22 1789.44616699 5822.375 4.76350402832
1478870057776 lifecam22 1789.23754883 5821.74365234 4.76001596451
1478870057841 lifecam22 1789.63244629 5822.58007812 4.76534795761
1478870057907 lifecam22 1789.17272949 5821.81494141 4.76072978973
1478870058044 lifecam22 1789.4387207 5822.08837891 4.76201629639
1478870058106 lifecam22 1789.44616699 5822.375 4.76350402832
1478870058176 lifecam22 1789.45703125 5822.10693359 4.76219081879
1478870058240 lifecam22 1789.37866211 5822.15185547 4.76145601273
