1478869805445 lifecam22 3194.08203125 5857.22753906 4.60235595703
1478869805515 lifecam22 3194.03588867 5857.68164062 4.60406637192
1478869805579 lifecam22 3194.29931641 5857.63964844 4.60387516022
1478869805642 lifecam22 3194.37329102 5857.46582031 4.60352993011
1478869805705 lifecam22 3194.31445312 5857.71142578 4.60295772552
1478869805912 lifecam22 3193.81201172 5857.41210938 4.60104036331
1478869805975 lifecam22 3194.46508789 5857.77441406 4.6054224968
1478869806040 lifecam22 3193.95556641 5857.51269531 4.60215234756
1478869806102 lifecam22 3194.60522461 5857.78662109 4.60541248322
1478869806173 lifecam22 3194.31054688 5857.77685547 4.60386180878
1478869806376 lifecam22 3193.81201172 5857.41210938 4.60104036331
1478869806444 lifecam22 3194.23339844 5857.48193359 4.60351467133
1478869806502 lifecam22 3193.87988281 5857.5859375 4.60157346725
1478869806587 lifecam22 3194.00732422 5857.43212891 4.6015958786
1478869806642 lifecam22 3194.24926758 5857.49365234 4.60372972488
1478869806844 lifecam22 3194.08544922 5857.37402344 4.60101366043
1478869806916 lifecam22 3194.30175781 5857.65429688 4.6027097702
1478869806975 lifecam22 3193.80078125 5857.27539062 4.60105466843
1478869807037 lifecam22 3194.09863281 5857.88476562 4.60445785522
1478869807112 lifecam22 3193.94799805 5857.24853516 4.602394104
1478869807316 lifecam22 3194.95239258 5857.77734375 4.60462284088
1478869807374 lifecam22 3194.08544922 5857.37402344 4.60101366043
1478869807438 lifecam22 3195.53442383 5857.4609375 4.6048989296
1478869807508 lifecam22 3195.28833008 5856.58837891 4.59366750717
1478869807577 lifecam22 3196.07446289 5856.43310547 4.59323692322
1478869807786 lifecam22 3194.56591797 5857.23095703 4.60296583176
1478869807850 lifecam22 3195.49853516 5857.3359375 4.6036901474
1478869807906 lifecam22 3194.34741211 5856.68945312 4.59894132614
1478869807988 lifecam22 3182.99169922 5855.59423828 4.59051418304
1478869808048 lifecam22 3175.0390625 5857.04785156 4.59496307373
1478869808250 lifecam22 3155.84692383 5857.26464844 4.59031200409
1478869808309 lifecam22 3151.13256836 5858.19091797 4.59739780426
1478869808384 lifecam22 3142.64599609 5859.29345703 4.5956363678
1478869808451 lifecam22 3136.16455078 5859.10449219 4.59545707703
1478869808515 lifecam22 3129.9597168 5859.46777344 4.59599637985
1478869808708 lifecam22 3109.67578125 5860.6484375 4.59885454178
1478869808782 lifecam22 3102.57299805 5860.06689453 4.59601640701
1478869808857 lifecam22 3096.51367188 5860.52880859 4.59772968292
1478869808915 lifecam22 3090.04711914 5861.17626953 4.59800672531
1478869808988 lifecam22 3083.60351562 5861.31396484 4.60033941269
1478869809183 lifecam22 3063.62231445 5862.97705078 4.60133457184
1478869809251 lifecam22 3056.16186523 5863.11669922 4.59953117371
1478869809314 lifecam22 3049.3371582 5863.11572266 4.6010799408
1478869809384 lifecam22 3043.87939453 5864.64355469 4.60815095901
1478869809443 lifecam22 3036.68164062 5863.89794922 4.60328102112
1478869809648 lifecam22 3018.2902832 5866.55371094 4.61515617371
1478869809715 lifecam22 3011.33056641 5866.30078125 4.61045122147
1478869809786 lifecam22 3004.96826172 5866.91650391 4.61178255081
1478869809843 lifecam22 2998.87304688 5866.51123047 4.60897684097
1478869809914 lifecam22 2992.72290039 5867.32910156 4.61212110519
1478869810121 lifecam22 2972.24609375 5868.5078125 4.61468076706
1478869810184 lifecam22 2964.69921875 5868.46435547 4.61234951019
1478869810242 lifecam22 2959.05078125 5869.27490234 4.61490392685
1478869810308 lifecam22 2951.46875 5868.69970703 4.61289405823
1478869810382 lifecam22 2945.10961914 5869.18994141 4.61549663544
1478869810585 lifecam22 2925.37792969 5870.12695312 4.61824464798
1478869810651 lifecam22 2918.53466797 5870.12011719 4.61833953857
1478869810712 lifecam22 2911.38891602 5870.00390625 4.61711263657
1478869810783 lifecam22 2904.64746094 5870.04296875 4.61275529861
1478869810858 lifecam22 2897.68530273 5869.93798828 4.61446237564
1478869811054 lifecam22 2877.97973633 5871.55810547 4.62119960785
1478869811116 lifecam22 2871.2434082 5872.43896484 4.62170743942
1478869811177 lifecam22 2864.57568359 5871.83642578 4.62185621262
1478869811248 lifecam22 2858.40698242 5873.40576172 4.62692403793
1478869811322 lifecam22 2851.19946289 5873.51269531 4.62387704849
1478869811515 lifecam22 2832.06787109 5875.12255859 4.63287878036
1478869811586 lifecam22 2825.73950195 5874.79785156 4.6321144104
1478869811656 lifecam22 2819.73486328 5875.06884766 4.62764167786
1478869811718 lifecam22 2811.64575195 5874.13183594 4.6231470108
1478869811789 lifecam22 2805.79248047 5875.12646484 4.62821006775
1478869811991 lifecam22 2785.70092773 5875.9296875 4.62947511673
1478869812056 lifecam22 2778.42504883 5875.04589844 4.62489366531
1478869812118 lifecam22 2772.46508789 5876.29394531 4.63101243973
1478869812196 lifecam22 2765.31030273 5875.91210938 4.62985038757
1478869812251 lifecam22 2758.44189453 5875.46142578 4.62766742706
1478869812387 lifecam22 2745.19262695 5874.98486328 4.63017940521
1478869812448 lifecam22 2739.62109375 5876.87451172 4.63513088226
1478869812518 lifecam22 2732.05639648 5875.91064453 4.63068389893
1478869812586 lifecam22 2725.69946289 5876.80810547 4.63457536697
1478869812657 lifecam22 2718.83374023 5876.671875 4.63323879242
1478869812856 lifecam22 2698.45654297 5877.41894531 4.63826131821
1478869812922 lifecam22 2692.47827148 5877.7890625 4.64136075974
1478869812993 lifecam22 2685.39990234 5877.61328125 4.63965511322
1478869813058 lifecam22 2678.88061523 5877.99414062 4.64232730865
1478869813125 lifecam22 2672.01953125 5878.14599609 4.64385890961
1478869813269 lifecam22 2658.5078125 5878.24072266 4.64515161514
1478869813321 lifecam22 2652.56591797 5878.41015625 4.64494752884
1478869813387 lifecam22 2645.30786133 5877.94433594 4.64289093018
1478869813462 lifecam22 2638.66674805 5878.23925781 4.64476966858
1478869813534 lifecam22 2631.93139648 5878.33984375 4.64591741562
1478869813724 lifecam22 2611.12353516 5878.76708984 4.64625835419
1478869813797 lifecam22 2603.87841797 5878.74853516 4.64704322815
1478869813865 lifecam22 2597.12353516 5878.76757812 4.64625835419
1478869813922 lifecam22 2589.93896484 5878.02734375 4.64552545547
1478869813995 lifecam22 2583.53808594 5878.75292969 4.6451086998
1478869814127 lifecam22 2569.79516602 5878.08886719 4.64694786072
1478869814193 lifecam22 2563.43847656 5878.48876953 4.64719629288
1478869814256 lifecam22 2556.87548828 5877.8046875 4.64624023438
1478869814330 lifecam22 2549.875 5877.91943359 4.64485836029
1478869814392 lifecam22 2543.20922852 5878.22753906 4.64793634415
1478869814599 lifecam22 2524.52734375 5878.67919922 4.65800142288
1478869814655 lifecam22 2518.34838867 5878.95654297 4.65990972519
1478869814720 lifecam22 2511.50634766 5878.78759766 4.65711307526
1478869814797 lifecam22 2505.34838867 5878.97167969 4.66194868088
1478869814859 lifecam22 2498.40063477 5879.43408203 4.66232156754
1478869815005 lifecam22 2484.40795898 5879.07617188 4.66145086288
1478869815065 lifecam22 2477.42382812 5878.70849609 4.65807342529
1478869815126 lifecam22 2470.84130859 5878.78125 4.66191005707
1478869815185 lifecam22 2463.61474609 5878.28710938 4.65575265884
1478869815266 lifecam22 2456.84375 5877.96240234 4.65911102295
1478869815462 lifecam22 2436.14868164 5877.84033203 4.65961074829
1478869815527 lifecam22 2429.89526367 5878.51660156 4.66128110886
1478869815589 lifecam22 2422.578125 5877.27246094 4.65818023682
1478869815659 lifecam22 2415.92675781 5876.81298828 4.65782022476
1478869815724 lifecam22 2409.76123047 5877.65576172 4.66008043289
1478869815927 lifecam22 2390.57983398 5876.66748047 4.66400957108
1478869815993 lifecam22 2383.33081055 5876.58642578 4.66310787201
1478869816060 lifecam22 2379.45703125 5878.05371094 4.67723226547
1478869816127 lifecam22 2370.81811523 5876.94433594 4.66971349716
1478869816192 lifecam22 2365.66503906 5877.88378906 4.67922258377
1478869816337 lifecam22 2352.07495117 5877.31835938 4.68288898468
1478869816394 lifecam22 2345.84399414 5877.69824219 4.68680334091
1478869816458 lifecam22 2339.26269531 5877.91699219 4.68904066086
1478869816526 lifecam22 2332.60571289 5878.00585938 4.69209575653
1478869816593 lifecam22 2325.35083008 5878.04003906 4.68982362747
1478869816793 lifecam22 2304.734375 5877.98095703 4.69324541092
1478869816859 lifecam22 2297.49584961 5878.046875 4.69111824036
1478869816932 lifecam22 2290.41723633 5877.06542969 4.68275880814
1478869816997 lifecam22 2284.66333008 5878.12939453 4.70156764984
1478869817069 lifecam22 2276.96557617 5876.1953125 4.68424129486
1478869817260 lifecam22 2256.28295898 5876.28857422 4.68721580505
1478869817327 lifecam22 2249.12084961 5875.36621094 4.68569612503
1478869817392 lifecam22 2242.61450195 5875.39404297 4.68646717072
1478869817463 lifecam22 2235.63037109 5875.31591797 4.68550777435
1478869817664 lifecam22 2215.95678711 5870.16992188 4.66636943817
1478869817727 lifecam22 2210.22094727 5871.96630859 4.67255926132
1478869817794 lifecam22 2203.65917969 5870.82568359 4.67468976974
1478869817860 lifecam22 2197.77514648 5871.20458984 4.68199539185
1478869817932 lifecam22 2191.66748047 5871.72607422 4.68711662292
1478869818067 lifecam22 2177.89208984 5871.24902344 4.68910932541
1478869818132 lifecam22 2171.11254883 5871.05859375 4.69107294083
1478869818195 lifecam22 2164.22241211 5871.01660156 4.69205331802
1478869818267 lifecam22 2157.77050781 5871.03222656 4.69356632233
1478869818334 lifecam22 2150.93823242 5871.04101562 4.69506549835
1478869818474 lifecam22 2137.30932617 5871.11425781 4.69838762283
1478869818532 lifecam22 2131.43286133 5871.31201172 4.70852231979
1478869818597 lifecam22 2124.45458984 5871.33203125 4.70871019363
1478869818671 lifecam22 2117.59472656 5871.33154297 4.70871305466
1478869818725 lifecam22 2110.45092773 5871.32324219 4.70862627029
1478869818934 lifecam22 2089.91552734 5871.52880859 4.71289110184
1478869818996 lifecam22 2082.91503906 5871.52880859 4.71289110184
1478869819071 lifecam22 2074.57788086 5869.14013672 4.70080089569
1478869819139 lifecam22 2069.29345703 5870.24804688 4.70694637299
1478869819201 lifecam22 2059.5234375 5865.55517578 4.68779945374
1478869819331 lifecam22 2048.9050293 5865.35498047 4.69549369812
1478869819397 lifecam22 2042.33825684 5864.12646484 4.6913485527
1478869819465 lifecam22 2038.47619629 5863.99902344 4.69449043274
1478869819528 lifecam22 2032.42590332 5864.19189453 4.70656299591
1478869819605 lifecam22 2026.19274902 5864.60791016 4.70898342133
1478869819719 lifecam22 2012.69616699 5864.82910156 4.71455860138
1478869819799 lifecam22 2005.69616699 5864.82910156 4.71456003189
1478869819867 lifecam22 1998.5369873 5864.52880859 4.71289205551
1478869819926 lifecam22 1991.5369873 5864.52880859 4.71289157867
1478869819993 lifecam22 1984.5369873 5864.52880859 4.71289205551
1478869820132 lifecam22 1970.5369873 5864.52880859 4.71289157867
1478869820195 lifecam22 1963.64257812 5864.50097656 4.71385335922
1478869820258 lifecam22 1957.10668945 5864.28320312 4.71920967102
1478869820327 lifecam22 1949.54711914 5863.0625 4.71298313141
1478869820389 lifecam22 1941.41210938 5858.82958984 4.69930744171
1478869820538 lifecam22 1927.61132812 5857.26123047 4.70109844208
1478869820596 lifecam22 1921.81347656 5857.54541016 4.71073007584
1478869820672 lifecam22 1914.81799316 5857.53027344 4.71058893204
1478869820730 lifecam22 1909.43005371 5858.42089844 4.72134923935
1478869820811 lifecam22 1902.74389648 5858.58007812 4.72284412384
1478869820946 lifecam22 1889.07397461 5858.59570312 4.72299575806
1478869821009 lifecam22 1883.08447266 5859.00927734 4.72688150406
1478869821076 lifecam22 1876.35913086 5858.49023438 4.72932243347
1478869821127 lifecam22 1869.67138672 5858.92675781 4.72974681854
1478869821203 lifecam22 1864.51586914 5857.42773438 4.73472642899
1478869821402 lifecam22 1844.20153809 5852.68457031 4.7307972908
1478869821465 lifecam22 1837.31945801 5851.31494141 4.7181854248
1478869821535 lifecam22 1830.72827148 5853.29785156 4.73890066147
1478869821605 lifecam22 1824.03076172 5853.04345703 4.73653841019
1478869821673 lifecam22 1816.92700195 5852.35791016 4.73014593124
1478869821874 lifecam22 1796.05554199 5851.33349609 4.72279500961
1478869821932 lifecam22 1789.08520508 5851.2734375 4.72338676453
1478869821994 lifecam22 1782.69311523 5851.08935547 4.72530794144
1478869822067 lifecam22 1783.7890625 5851.20898438 4.72590780258
1478869822133 lifecam22 1783.59191895 5851.37646484 4.72538757324
1478869822270 lifecam22 1783.66088867 5851.3203125 4.72601079941
1478869822336 lifecam22 1783.90075684 5851.26416016 4.72544813156
1478869822397 lifecam22 1783.56640625 5851.08642578 4.72376537323
1478869822460 lifecam22 1784.07629395 5851.16650391 4.72576475143
1478869822541 lifecam22 1783.84533691 5851.35205078 4.72770595551
1478869822676 lifecam22 1784.1809082 5851.53613281 4.72941732407
1478869822730 lifecam22 1784.00756836 5851.31884766 4.72645044327
1478869822802 lifecam22 1783.64123535 5851.30029297 4.72582387924
1478869822870 lifecam22 1783.99450684 5851.49804688 4.72768974304
1478869822934 lifecam22 1783.99450684 5851.49804688 4.72768974304
1478869823074 lifecam22 1783.90075684 5851.26416016 4.72544813156
1478869823140 lifecam22 1784.21386719 5851.63769531 4.7300195694
1478869823205 lifecam22 1783.90075684 5851.26416016 4.72544813156
1478869823277 lifecam22 1783.66088867 5851.3203125 4.72601079941
1478869823328 lifecam22 1783.92431641 5851.19970703 4.72580099106
1478869823472 lifecam22 1784.1661377 5851.41992188 4.72925806046
1478869823536 lifecam22 1783.7890625 5851.20898438 4.72590780258
1478869823604 lifecam22 1784.04736328 5851.4140625 4.72816228867
1478869823670 lifecam22 1783.99450684 5851.49804688 4.72768974304
1478869823729 lifecam22 1783.66088867 5851.3203125 4.72601079941
