1478870891664 lifecam22 3192.86621094 5857.2734375 4.60657262802
1478870891742 lifecam22 3192.38012695 5856.77246094 4.60272407532
1478870891805 lifecam22 3192.61572266 5856.82177734 4.60346746445
1478870891870 lifecam22 3192.38012695 5856.77246094 4.60272407532
1478870892132 lifecam22 3192.81030273 5856.71777344 4.60273694992
1478870892204 lifecam22 3192.83398438 5857.11523438 4.60506105423
1478870892257 lifecam22 3193.0090332 5857.0078125 4.60427045822
1478870892326 lifecam22 3192.83398438 5857.11523438 4.60506105423
1478870892399 lifecam22 3192.63647461 5856.82568359 4.60352897644
1478870892541 lifecam22 3192.86157227 5857.01220703 4.60673141479
1478870892607 lifecam22 3192.54736328 5856.90332031 4.60274791718
1478870892654 lifecam22 3192.57958984 5857.06103516 4.60425853729
1478870892743 lifecam22 3192.60253906 5856.97167969 4.60199213028
1478870892807 lifecam22 3192.63867188 5856.73046875 4.6012005806
1478870893005 lifecam22 3192.57958984 5857.06103516 4.60425853729
1478870893073 lifecam22 3192.38012695 5856.77246094 4.60272407532
1478870893130 lifecam22 3192.63647461 5856.82568359 4.60352897644
1478870893195 lifecam22 3192.97583008 5856.98388672 4.60519599915
1478870893267 lifecam22 3192.60791016 5857.06054688 4.60428285599
1478870893524 lifecam22 3192.38012695 5856.77246094 4.60272407532
1478870893603 lifecam22 3192.57958984 5857.06103516 4.60425853729
1478870893678 lifecam22 3192.60644531 5856.82666016 4.60350084305
1478870893743 lifecam22 3192.61572266 5856.82177734 4.60346746445
1478870893810 lifecam22 3193.00341797 5856.74707031 4.60443353653
1478870894008 lifecam22 3192.87207031 5856.87597656 4.60427427292
1478870894062 lifecam22 3193.28051758 5856.97949219 4.60432767868
1478870894145 lifecam22 3193.09228516 5856.83056641 4.60412073135
1478870894200 lifecam22 3193.58740234 5857.32910156 4.60794115067
1478870894277 lifecam22 3193.31738281 5856.73925781 4.60354566574
1478870894469 lifecam22 3193.07763672 5856.92724609 4.60619068146
1478870894541 lifecam22 3193.37988281 5856.55371094 4.60047292709
1478870894602 lifecam22 3193.59619141 5856.89160156 4.59839868546
1478870894669 lifecam22 3193.29052734 5856.47509766 4.60106992722
1478870894730 lifecam22 3193.33496094 5856.49707031 4.60389328003
1478870895007 lifecam22 3177.44848633 5857.88134766 4.61212015152
1478870895063 lifecam22 3172.28173828 5857.61279297 4.60368680954
1478870895131 lifecam22 3164.8425293 5858.93457031 4.61011981964
1478870895209 lifecam22 3158.03271484 5857.79736328 4.60367631912
1478870895265 lifecam22 3151.77441406 5859.38867188 4.60917139053
1478870895413 lifecam22 3138.46386719 5860.47802734 4.61486768723
1478870895468 lifecam22 3132.02783203 5861.81005859 4.62279987335
1478870895529 lifecam22 3124.91674805 5860.32373047 4.61381196976
1478870895608 lifecam22 3118.40527344 5861.48193359 4.6162686348
1478870895681 lifecam22 3111.06616211 5860.55517578 4.61486625671
1478870895744 lifecam22 3105.29882812 5861.80078125 4.62125110626
1478870895946 lifecam22 3085.7734375 5862.1953125 4.6226644516
1478870896007 lifecam22 3079.39331055 5862.04345703 4.62555503845
1478870896071 lifecam22 3072.85253906 5862.66943359 4.62681770325
1478870896136 lifecam22 3065.01098633 5862.14794922 4.62109661102
1478870896205 lifecam22 3059.15014648 5862.52099609 4.62700510025
1478870896405 lifecam22 3038.92602539 5863.16992188 4.62849521637
1478870896479 lifecam22 3032.51928711 5863.34423828 4.62596273422
1478870896536 lifecam22 3025.83154297 5863.52978516 4.62915897369
1478870896594 lifecam22 3019.16333008 5863.93652344 4.62822771072
1478870896665 lifecam22 3012.49414062 5864.20898438 4.62974309921
1478870896880 lifecam22 2993.5559082 5865.05615234 4.635014534
1478870896934 lifecam22 2987.29736328 5865.1484375 4.63386535645
1478870896997 lifecam22 2980.36083984 5864.82177734 4.63082361221
1478870897079 lifecam22 2973.48217773 5865.82128906 4.63901138306
1478870897149 lifecam22 2966.35864258 5866.00585938 4.6340341568
1478870897350 lifecam22 2946.84985352 5866.32226562 4.63202238083
1478870897414 lifecam22 2939.26708984 5865.16796875 4.62858438492
1478870897465 lifecam22 2933.64160156 5866.95898438 4.63633918762
1478870897533 lifecam22 2926.30908203 5865.27197266 4.6330075264
1478870897602 lifecam22 2919.95214844 5865.80615234 4.63476896286
1478870897825 lifecam22 2900.70336914 5866.65771484 4.6411819458
1478870897883 lifecam22 2893.46044922 5866.71533203 4.64025115967
1478870897944 lifecam22 2887.0390625 5867.05224609 4.64273262024
1478870898007 lifecam22 2880.22558594 5867.72802734 4.64658880234
1478870898080 lifecam22 2873.69482422 5866.93652344 4.64826583862
1478870898281 lifecam22 2853.76318359 5867.43408203 4.64923048019
1478870898328 lifecam22 2847.67675781 5869.12841797 4.65734815598
1478870898409 lifecam22 2841.60107422 5869.17871094 4.65778589249
1478870898479 lifecam22 2835.484375 5869.53369141 4.66160535812
1478870898546 lifecam22 2828.65112305 5869.41992188 4.66067504883
1478870898753 lifecam22 2808.10791016 5868.15917969 4.65858840942
1478870898811 lifecam22 2801.47363281 5868.71777344 4.65919351578
1478870898883 lifecam22 2794.18481445 5869.14697266 4.66060733795
1478870898950 lifecam22 2787.70849609 5868.41210938 4.66013622284
1478870899019 lifecam22 2781.03759766 5869.77050781 4.66048669815
1478870899218 lifecam22 2762.20239258 5869.40722656 4.66911458969
1478870899275 lifecam22 2754.91748047 5868.48095703 4.66689682007
1478870899337 lifecam22 2748.84570312 5869.58300781 4.67236661911
1478870899416 lifecam22 2741.31713867 5867.35791016 4.65772676468
1478870899466 lifecam22 2734.8269043 5868.31591797 4.66588973999
1478870899538 lifecam22 2728.13500977 5867.24853516 4.65723896027
1478870899688 lifecam22 2715.50292969 5868.16943359 4.66674089432
1478870899747 lifecam22 2708.04394531 5867.50244141 4.66277551651
1478870899818 lifecam22 2702.16455078 5868.63720703 4.67003917694
1478870899881 lifecam22 2695.62158203 5868.77246094 4.67155599594
1478870899949 lifecam22 2688.66650391 5868.81152344 4.67328357697
1478870900206 lifecam22 2661.78466797 5869.50244141 4.67971324921
1478870900277 lifecam22 2654.29492188 5868.52685547 4.67400074005
1478870900349 lifecam22 2648.06225586 5868.68896484 4.67417955399
1478870900409 lifecam22 2641.14208984 5868.25146484 4.67257213593
1478870900479 lifecam22 2633.49536133 5866.88037109 4.66939544678
1478870900616 lifecam22 2620.85839844 5867.33837891 4.6797003746
1478870900678 lifecam22 2613.39111328 5867.67138672 4.67499876022
1478870900740 lifecam22 2606.58959961 5867.70800781 4.67681312561
1478870900812 lifecam22 2599.94018555 5866.07324219 4.67567634583
1478870900871 lifecam22 2594.03857422 5866.57519531 4.67926645279
1478870901083 lifecam22 2572.69604492 5865.49707031 4.67634057999
1478870901149 lifecam22 2566.37207031 5863.62158203 4.6719083786
1478870901217 lifecam22 2560.30615234 5864.84130859 4.67239713669
1478870901273 lifecam22 2554.15820312 5863.97119141 4.67612934113
1478870901351 lifecam22 2548.68969727 5864.27783203 4.68541765213
1478870901550 lifecam22 2528.18920898 5864.17236328 4.68838739395
1478870901617 lifecam22 2521.35058594 5864.04003906 4.68982315063
1478870901687 lifecam22 2514.60595703 5864.00585938 4.69209623337
1478870901739 lifecam22 2507.60571289 5864.00537109 4.69209575653
1478870901809 lifecam22 2500.73461914 5863.98144531 4.69324636459
1478870902018 lifecam22 2481.01147461 5864.18652344 4.70470476151
1478870902084 lifecam22 2474.15283203 5863.92285156 4.70226097107
1478870902154 lifecam22 2467.62792969 5863.95507812 4.70405960083
1478870902214 lifecam22 2461.76757812 5863.77392578 4.70445537567
1478870902285 lifecam22 2454.65234375 5864.17724609 4.70827054977
1478870902489 lifecam22 2433.29418945 5863.78710938 4.70844173431
1478870902546 lifecam22 2426.47509766 5861.38720703 4.69780254364
1478870902610 lifecam22 2421.01025391 5862.85546875 4.70379257202
1478870902688 lifecam22 2412.23291016 5858.19873047 4.68944454193
1478870902748 lifecam22 2406.23144531 5860.16699219 4.69526386261
1478870902809 lifecam22 2399.65649414 5857.97949219 4.69505500793
1478870903017 lifecam22 2383.32568359 5858.46435547 4.71797275543
1478870903088 lifecam22 2376.05126953 5857.23583984 4.70633745193
1478870903151 lifecam22 2369.29248047 5857.3125 4.70851802826
1478870903216 lifecam22 2362.67138672 5857.41113281 4.71062707901
1478870903279 lifecam22 2355.67163086 5857.41162109 4.71062755585
1478870903423 lifecam22 2341.9152832 5857.52832031 4.71288871765
1478870903479 lifecam22 2335.03930664 5857.76611328 4.71514797211
1478870903544 lifecam22 2328.03979492 5857.76660156 4.71515035629
1478870903620 lifecam22 2320.91503906 5857.52880859 4.71288871765
1478870903688 lifecam22 2314.28515625 5857.61425781 4.71739196777
1478870903890 lifecam22 2290.82568359 5850.61425781 4.69406032562
1478870903958 lifecam22 2283.97387695 5850.34130859 4.69538593292
1478870904019 lifecam22 2278.43164062 5850.31152344 4.70851373672
1478870904085 lifecam22 2271.81298828 5850.54492188 4.71072626114
1478870904154 lifecam22 2264.65258789 5850.39990234 4.71051836014
1478870904357 lifecam22 2248.54907227 5853.04052734 4.73650932312
1478870904416 lifecam22 2242.42041016 5853.26513672 4.73859405518
1478870904483 lifecam22 2236.18945312 5853.16210938 4.73764181137
1478870904550 lifecam22 2230.10009766 5852.41113281 4.74052715302
1478870904619 lifecam22 2223.2668457 5853.01269531 4.74098300934
1478870904821 lifecam22 2201.82470703 5844.69677734 4.72141456604
1478870904884 lifecam22 2195.10009766 5844.97314453 4.7252612114
1478870904948 lifecam22 2188.2890625 5844.78662109 4.72479248047
1478870905022 lifecam22 2181.09057617 5845.34863281 4.73006010056
1478870905088 lifecam22 2174.11547852 5844.98291016 4.72663640976
1478870905292 lifecam22 2153.22387695 5843.47314453 4.71569871902
1478870905418 lifecam22 2141.60742188 5844.06445312 4.73481225967
1478870905479 lifecam22 2135.05859375 5844.09863281 4.73900270462
1478870905547 lifecam22 2129.54858398 5842.39453125 4.74845504761
1478870905748 lifecam22 2108.40380859 5838.98583984 4.73600435257
1478870905825 lifecam22 2101.45361328 5839.05078125 4.73660612106
1478870905890 lifecam22 2093.9309082 5838.80859375 4.73435020447
1478870905949 lifecam22 2088.15893555 5839.33154297 4.73921489716
1478870906014 lifecam22 2081.59521484 5839.34863281 4.7418179512
1478870906160 lifecam22 2070.07519531 5839.89404297 4.75582838058
1478870906215 lifecam22 2063.88061523 5838.01611328 4.76314496994
1478870906291 lifecam22 2057.25512695 5837.25146484 4.76582336426
1478870906348 lifecam22 2050.14819336 5836.71240234 4.76334571838
1478870906415 lifecam22 2040.87683105 5832.50830078 4.74084472656
1478870906626 lifecam22 2020.27941895 5831.47851562 4.73243951797
1478870906692 lifecam22 2014.45300293 5831.73144531 4.73960113525
1478870906757 lifecam22 2009.30310059 5831.72363281 4.75543498993
1478870906821 lifecam22 2002.97106934 5832.00732422 4.76027154922
1478870906889 lifecam22 1996.90637207 5830.53027344 4.76389694214
1478870907089 lifecam22 1976.23425293 5827.93457031 4.75407218933
1478870907158 lifecam22 1969.44921875 5828.92626953 4.76131772995
1478870907226 lifecam22 1961.58605957 5825.62207031 4.74189949036
1478870907285 lifecam22 1955.45959473 5825.91992188 4.75219392776
1478870907358 lifecam22 1949.71411133 5825.98046875 4.75591421127
1478870907562 lifecam22 1930.4666748 5823.66992188 4.76593399048
1478870907624 lifecam22 1922.98242188 5823.15917969 4.76516771317
1478870907686 lifecam22 1915.96691895 5822.71191406 4.76349687576
1478870907751 lifecam22 1908.62866211 5821.25146484 4.75682926178
1478870907822 lifecam22 1900.58618164 5818.5078125 4.74325323105
1478870908024 lifecam22 1882.68798828 5818.72119141 4.77106666565
1478870908093 lifecam22 1876.00683594 5817.40966797 4.77009916306
1478870908157 lifecam22 1868.24182129 5816.17382812 4.76515197754
1478870908226 lifecam22 1862.54833984 5816.23730469 4.76765203476
1478870908289 lifecam22 1854.45153809 5813.72216797 4.75658178329
1478870908492 lifecam22 1836.59423828 5812.60888672 4.78105592728
1478870908562 lifecam22 1829.59411621 5812.60888672 4.78105640411
1478870908621 lifecam22 1822.65991211 5811.39648438 4.77840566635
1478870908697 lifecam22 1816.75683594 5810.93408203 4.77861595154
1478870908758 lifecam22 1810.15783691 5810.32910156 4.77663183212
1478870908964 lifecam22 1791.7598877 5808.90185547 4.78906536102
1478870909019 lifecam22 1794.08789062 5808.91503906 4.78801345825
1478870909089 lifecam22 1793.63500977 5808.65332031 4.78610515594
1478870909163 lifecam22 1793.65185547 5808.55859375 4.78630113602
1478870909230 lifecam22 1793.71350098 5808.89111328 4.78833627701
1478870909428 lifecam22 1793.73217773 5808.62060547 4.78573036194
1478870909494 lifecam22 1793.20397949 5808.29833984 4.78259134293
1478870909559 lifecam22 1793.0090332 5807.98876953 4.78280115128
1478870909630 lifecam22 1793.30749512 5807.92822266 4.78204488754
1478870909698 lifecam22 1793.45678711 5808.56542969 4.78648996353
1478870909901 lifecam22 1793.55529785 5808.59130859 4.78667879105
1478870909959 lifecam22 1793.21166992 5808.25683594 4.78404283524
1478870910032 lifecam22 1793.63500977 5808.65332031 4.78610515594
1478870910093 lifecam22 1793.38525391 5808.62255859 4.78588438034
1478870910156 lifecam22 1793.21166992 5808.25683594 4.78404283524
1478870910364 lifecam22 1793.48376465 5808.64892578 4.7860751152
1478870910427 lifecam22 1793.63500977 5808.65332031 4.78610515594
1478870910493 lifecam22 1793.55334473 5808.53222656 4.7861123085
1478870910554 lifecam22 1793.71350098 5808.89111328 4.78833627701
1478870910624 lifecam22 1793.47705078 5808.35498047 4.78444814682
1478870910822 lifecam22 1793.48132324 5808.37304688 4.78431081772
1478870910898 lifecam22 1793.2590332 5807.81933594 4.78051996231
1478870910965 lifecam22 1793.21142578 5807.96191406 4.78242206573
1478870911028 lifecam22 1793.63500977 5808.65332031 4.78610515594
1478870911097 lifecam22 1793.10046387 5808.16650391 4.78297281265
1478870911296 lifecam22 1793.07165527 5808.25976562 4.7842707634
1478870911369 lifecam22 1793.54211426 5808.62695312 4.78591775894
1478870911431 lifecam22 1793.27453613 5808.53271484 4.78481721878
1478870911492 lifecam22 1793.61523438 5808.86474609 4.78814840317
1478870911553 lifecam22 1793.61523438 5808.86474609 4.78814840317
1478870911762 lifecam22 1793.21142578 5807.96191406 4.78242206573
1478870911835 lifecam22 1793.28320312 5808.19921875 4.78464841843
