1478869914151 lifecam22 3195.84008789 5862.07373047 4.61965513229
1478869914216 lifecam22 3195.84008789 5861.95214844 4.61852073669
1478869914280 lifecam22 3195.67529297 5861.83984375 4.61852884293
1478869914346 lifecam22 3195.22460938 5861.73095703 4.61585855484
1478869914487 lifecam22 3195.06225586 5861.84863281 4.61679792404
1478869914548 lifecam22 3195.67700195 5861.94775391 4.61832332611
1478869914617 lifecam22 3195.0703125 5861.73779297 4.61699342728
1478869914686 lifecam22 3195.60864258 5861.78515625 4.61908960342
1478869914750 lifecam22 3196.22802734 5862.01220703 4.6218123436
1478869914812 lifecam22 3196.22802734 5862.01220703 4.6218123436
1478869914950 lifecam22 3195.08520508 5861.74511719 4.61585378647
1478869915012 lifecam22 3195.22460938 5861.73095703 4.61585855484
1478869915083 lifecam22 3195.69995117 5862.08740234 4.6196475029
1478869915149 lifecam22 3195.06176758 5861.72705078 4.61566352844
1478869915212 lifecam22 3195.07592773 5861.73095703 4.61571407318
1478869915357 lifecam22 3195.38818359 5861.85644531 4.61719179153
1478869915422 lifecam22 3195.54467773 5861.85107422 4.61851072311
1478869915487 lifecam22 3195.82617188 5861.69091797 4.61977005005
1478869915549 lifecam22 3196.01489258 5861.83789062 4.62133646011
1478869915617 lifecam22 3195.83911133 5861.69628906 4.61983537674
1478869915823 lifecam22 3195.83544922 5861.70458984 4.61991071701
1478869915884 lifecam22 3195.82617188 5861.69091797 4.61977005005
1478869915951 lifecam22 3195.52685547 5861.58740234 4.61851167679
1478869916017 lifecam22 3195.75048828 5861.89257812 4.6202378273
1478869916083 lifecam22 3195.92016602 5861.89453125 4.62041425705
1478869916284 lifecam22 3195.60864258 5861.78515625 4.61908960342
1478869916347 lifecam22 3195.10644531 5861.99755859 4.6194601059
1478869916418 lifecam22 3196.89501953 5862.03320312 4.62262439728
1478869916483 lifecam22 3197.52539062 5862.12646484 4.62545347214
1478869916548 lifecam22 3197.17553711 5862.24755859 4.62355470657
1478869916750 lifecam22 3196.22802734 5862.01220703 4.6218123436
1478869916821 lifecam22 3195.98730469 5861.94921875 4.61985349655
1478869916889 lifecam22 3193.35717773 5861.63476562 4.61565732956
1478869916953 lifecam22 3182.10449219 5861.81054688 4.61574649811
1478869917023 lifecam22 3178.26489258 5862.44433594 4.62295150757
1478869917217 lifecam22 3156.81884766 5863.00292969 4.61852645874
1478869917289 lifecam22 3149.22363281 5862.46875 4.61551237106
1478869917352 lifecam22 3142.63378906 5863.25732422 4.61389160156
1478869917416 lifecam22 3135.86816406 5863.13476562 4.61526823044
1478869917483 lifecam22 3129.3371582 5863.45849609 4.61681699753
1478869917627 lifecam22 3116.15795898 5863.05908203 4.61819458008
1478869917694 lifecam22 3109.21313477 5863.63232422 4.61027956009
1478869917758 lifecam22 3102.2355957 5863.12695312 4.6095495224
1478869917822 lifecam22 3095.91064453 5864.17041016 4.61219167709
1478869917887 lifecam22 3089.12475586 5864.08691406 4.61164236069
1478869918091 lifecam22 3069.42163086 5865.49267578 4.61965465546
1478869918159 lifecam22 3062.69018555 5866.23730469 4.62154150009
1478869918222 lifecam22 3056.97583008 5866.36035156 4.62267351151
1478869918287 lifecam22 3049.97607422 5866.62207031 4.62381124496
1478869918354 lifecam22 3044.5612793 5867.97900391 4.63269805908
1478869918553 lifecam22 3024.46704102 5868.36376953 4.63140106201
1478869918625 lifecam22 3017.95068359 5868.35595703 4.63054132462
1478869918695 lifecam22 3011.4621582 5868.29931641 4.63092517853
1478869918757 lifecam22 3004.70922852 5868.23291016 4.63028001785
1478869918825 lifecam22 2997.6105957 5868.28173828 4.63064575195
1478869919024 lifecam22 2977.58984375 5869.50146484 4.63259077072
1478869919091 lifecam22 2971.45458984 5869.67431641 4.63258218765
1478869919160 lifecam22 2964.56762695 5869.62353516 4.63483858109
1478869919223 lifecam22 2958.51318359 5869.99121094 4.63647937775
1478869919289 lifecam22 2950.43579102 5869.2890625 4.63145017624
1478869919496 lifecam22 2931.77490234 5869.43457031 4.63630247116
1478869919562 lifecam22 2925.02514648 5870.30224609 4.6394982338
1478869919626 lifecam22 2918.10205078 5869.71337891 4.6340508461
1478869919690 lifecam22 2911.64550781 5870.28466797 4.6398768425
1478869919755 lifecam22 2903.97094727 5870.22900391 4.63876819611
1478869919960 lifecam22 2884.08984375 5870.28613281 4.63745546341
1478869920029 lifecam22 2877.45043945 5870.72070312 4.6393198967
1478869920087 lifecam22 2871.06860352 5871.06787109 4.641726017
1478869920160 lifecam22 2864.33935547 5871.30029297 4.64427280426
1478869920215 lifecam22 2857.86938477 5871.60107422 4.64587783813
1478869920426 lifecam22 2837.93041992 5870.7578125 4.64024972916
1478869920492 lifecam22 2830.88696289 5871.01269531 4.64238834381
1478869920549 lifecam22 2824.16625977 5871.22460938 4.64084672928
1478869920616 lifecam22 2816.87719727 5871.24658203 4.64219427109
1478869920690 lifecam22 2810.05078125 5871.27001953 4.64373159409
1478869920894 lifecam22 2790.98071289 5871.45849609 4.64668369293
1478869920961 lifecam22 2784.37890625 5871.64501953 4.64874076843
1478869921025 lifecam22 2777.40820312 5870.96044922 4.64626646042
1478869921092 lifecam22 2771.31640625 5871.43994141 4.64880037308
1478869921155 lifecam22 2764.34326172 5871.11279297 4.64693784714
1478869921368 lifecam22 2744.30810547 5871.40136719 4.64923334122
1478869921425 lifecam22 2737.87451172 5872.1328125 4.65400028229
1478869921496 lifecam22 2730.63916016 5871.41796875 4.65214252472
1478869921560 lifecam22 2724.02172852 5871.89746094 4.6531124115
1478869921628 lifecam22 2717.17626953 5872.15039062 4.65438985825
1478869921827 lifecam22 2697.72509766 5872.25439453 4.65638446808
1478869921898 lifecam22 2691.23413086 5872.24707031 4.65951776505
1478869921965 lifecam22 2684.64160156 5872.18945312 4.65936756134
1478869922023 lifecam22 2677.18188477 5871.82519531 4.65917444229
1478869922091 lifecam22 2671.21728516 5871.01025391 4.6515250206
1478869922296 lifecam22 2651.85571289 5871.5546875 4.65909385681
1478869922363 lifecam22 2645.28198242 5871.66943359 4.66299247742
1478869922428 lifecam22 2637.4987793 5871.95898438 4.66254997253
1478869922497 lifecam22 2631.63989258 5872.10498047 4.66462612152
1478869922561 lifecam22 2624.59179688 5871.38964844 4.6659412384
1478869922698 lifecam22 2611.04711914 5871.11914062 4.66864585876
1478869922761 lifecam22 2604.1262207 5870.94091797 4.6681227684
1478869922833 lifecam22 2597.16772461 5870.71630859 4.66730737686
1478869922900 lifecam22 2590.55786133 5870.50244141 4.67054748535
1478869922962 lifecam22 2583.22070312 5870.88330078 4.66776323318
1478869923234 lifecam22 2556.11572266 5869.68164062 4.67332410812
1478869923298 lifecam22 2549.5456543 5870.07958984 4.67348575592
1478869923362 lifecam22 2543.03930664 5869.72558594 4.67504501343
1478869923431 lifecam22 2536.32714844 5869.81298828 4.67600345612
1478869923501 lifecam22 2530.13476562 5869.54882812 4.67385149002
1478869923696 lifecam22 2509.71166992 5869.71679688 4.67691040039
1478869923768 lifecam22 2502.72631836 5870.14453125 4.68099308014
1478869923829 lifecam22 2499.60742188 5870.71777344 4.68805885315
1478869923900 lifecam22 2493.10253906 5870.66601562 4.68909645081
1478869923967 lifecam22 2486.10253906 5870.66601562 4.68909692764
1478869924165 lifecam22 2465.44262695 5870.71923828 4.69202709198
1478869924231 lifecam22 2459.78808594 5871.12646484 4.7026925087
1478869924300 lifecam22 2452.26416016 5870.04394531 4.69798660278
1478869924368 lifecam22 2445.54467773 5870.75 4.7005033493
1478869924434 lifecam22 2437.28051758 5867.55175781 4.68795204163
1478869924631 lifecam22 2416.25024414 5866.85888672 4.68753004074
1478869924688 lifecam22 2408.94238281 5865.87744141 4.67945957184
1478869924764 lifecam22 2401.95874023 5865.78125 4.68356084824
1478869924835 lifecam22 2394.90527344 5865.13476562 4.67759037018
1478869924896 lifecam22 2387.7434082 5863.95849609 4.67763328552
1478869925100 lifecam22 2367.34912109 5863.34619141 4.68330335617
1478869925165 lifecam22 2360.88916016 5863.44238281 4.68312597275
1478869925232 lifecam22 2354.70336914 5862.93847656 4.68111515045
1478869925298 lifecam22 2348.29467773 5863.35498047 4.68530607224
1478869925361 lifecam22 2342.21557617 5863.68945312 4.68924713135
1478869925505 lifecam22 2329.68310547 5863.94189453 4.70209741592
1478869925568 lifecam22 2326.80297852 5864.95849609 4.71325969696
1478869925630 lifecam22 2320.35131836 5864.77978516 4.7128777504
1478869925701 lifecam22 2313.32495117 5864.33300781 4.70870876312
1478869925766 lifecam22 2306.671875 5864.41113281 4.71062850952
1478869925969 lifecam22 2286.04003906 5864.76660156 4.71515130997
1478869926033 lifecam22 2279.03979492 5864.76611328 4.71515035629
1478869926101 lifecam22 2270.81469727 5862.66503906 4.70292949677
1478869926170 lifecam22 2262.14038086 5860.40429688 4.69132041931
1478869926231 lifecam22 2255.39013672 5859.859375 4.69017505646
1478869926430 lifecam22 2234.60595703 5857.00585938 4.69209432602
1478869926500 lifecam22 2228.37036133 5857.14453125 4.69893360138
1478869926571 lifecam22 2221.60522461 5857.07910156 4.70104646683
1478869926637 lifecam22 2215.39355469 5857.26318359 4.70689105988
1478869926703 lifecam22 2208.5949707 5857.33105469 4.70871353149
1478869926840 lifecam22 2194.89746094 5857.51757812 4.71278333664
1478869926900 lifecam22 2188.47094727 5857.78710938 4.71534538269
1478869926973 lifecam22 2183.97900391 5859.07519531 4.72749710083
1478869927040 lifecam22 2178.77319336 5859.81884766 4.73444700241
1478869927103 lifecam22 2172.34912109 5860.04345703 4.73653650284
1478869927302 lifecam22 2152.67407227 5858.87597656 4.73548793793
1478869927368 lifecam22 2144.51171875 5854.30712891 4.71723270416
1478869927433 lifecam22 2136.83569336 5851.76074219 4.69753503799
1478869927501 lifecam22 2131.56982422 5851.73339844 4.72042369843
1478869927565 lifecam22 2124.4128418 5850.55371094 4.71077680588
1478869927769 lifecam22 2103.91503906 5850.52880859 4.71288919449
1478869927829 lifecam22 2096.53637695 5850.52832031 4.71288919449
1478869927898 lifecam22 2089.53637695 5850.52832031 4.71288871765
1478869927958 lifecam22 2082.91455078 5850.52832031 4.71288824081
1478869928036 lifecam22 2075.66137695 5850.52001953 4.71402597427
1478869928236 lifecam22 2055.35839844 5848.23144531 4.71639204025
1478869928292 lifecam22 2046.68591309 5843.69335938 4.70035219193
1478869928362 lifecam22 2041.38171387 5844.85498047 4.71392679214
1478869928422 lifecam22 2035.30236816 5844.38085938 4.71860456467
1478869928495 lifecam22 2029.30456543 5844.83691406 4.72526597977
1478869928634 lifecam22 2015.88562012 5845.11376953 4.72786426544
1478869928696 lifecam22 2009.66320801 5845.47265625 4.73121976852
1478869928769 lifecam22 2004.79577637 5846.40380859 4.73988246918
1478869928836 lifecam22 1998.17199707 5846.50537109 4.74081993103
1478869928900 lifecam22 1991.28479004 5846.34130859 4.74172353745
1478869929092 lifecam22 1972.32373047 5845.02587891 4.75150966644
1478869929165 lifecam22 1965.87573242 5843.75439453 4.7527680397
1478869929230 lifecam22 1958.1685791 5840.93212891 4.74210214615
1478869929306 lifecam22 1950.21606445 5838.13085938 4.72668170929
1478869929364 lifecam22 1943.18493652 5838.86621094 4.73488950729
1478869929513 lifecam22 1929.24047852 5838.78710938 4.73415279388
1478869929571 lifecam22 1922.07299805 5838.10107422 4.72773933411
1478869929642 lifecam22 1914.78308105 5837.18212891 4.71908903122
1478869929699 lifecam22 1908.39355469 5837.43994141 4.7272901535
1478869929768 lifecam22 1901.87768555 5837.27441406 4.72564029694
1478869929916 lifecam22 1889.96936035 5834.24560547 4.7407617569
1478869929966 lifecam22 1883.48974609 5834.19873047 4.741147995
1478869930036 lifecam22 1874.7088623 5830.51855469 4.72226476669
1478869930108 lifecam22 1868.8638916 5831.09375 4.7276763916
1478869930172 lifecam22 1861.36962891 5830.89648438 4.7258272171
1478869930234 lifecam22 1854.59521484 5830.97558594 4.72656488419
1478869930315 lifecam22 1847.96704102 5831.06494141 4.72862100601
1478869930373 lifecam22 1842.1081543 5831.39794922 4.73536968231
1478869930434 lifecam22 1837.78808594 5832.22949219 4.75471544266
1478869930509 lifecam22 1831.31164551 5831.6171875 4.75918626785
1478869930578 lifecam22 1825.5435791 5830.71044922 4.76665830612
1478869930629 lifecam22 1818.73059082 5830.48095703 4.7656917572
1478869930709 lifecam22 1811.56384277 5830.01806641 4.76393985748
1478869930767 lifecam22 1804.42895508 5829.31542969 4.76110601425
1478869930843 lifecam22 1797.5838623 5828.50390625 4.75717592239
1478869930909 lifecam22 1788.77099609 5825.42236328 4.74005079269
1478869930975 lifecam22 1788.87646484 5827.87158203 4.75495910645
1478869931180 lifecam22 1789.13977051 5825.87207031 4.74303102493
1478869931245 lifecam22 1788.34069824 5825.39941406 4.73984289169
1478869931307 lifecam22 1789.08483887 5825.95410156 4.74378967285
1478869931376 lifecam22 1788.82470703 5825.96972656 4.74394369125
1478869931446 lifecam22 1788.5390625 5825.46240234 4.74042510986
1478869931583 lifecam22 1788.34069824 5825.39941406 4.73984289169
1478869931642 lifecam22 1788.90515137 5825.91064453 4.74339532852
1478869931698 lifecam22 1788.90515137 5825.91064453 4.74339532852
1478869931780 lifecam22 1788.90515137 5825.91064453 4.74339532852
1478869931846 lifecam22 1788.82470703 5825.96972656 4.74394369125
1478869931981 lifecam22 1788.90515137 5825.91064453 4.74339532852
1478869932037 lifecam22 1788.90515137 5825.91064453 4.74339532852
1478869932107 lifecam22 1788.90515137 5825.91064453 4.74339532852
1478869932170 lifecam22 1788.90515137 5825.91064453 4.74339532852
1478869932239 lifecam22 1788.90515137 5825.91064453 4.74339532852
1478869932446 lifecam22 1788.88647461 5825.89013672 4.74320840836
