1478870596151 lifecam22 3193.26611328 5857.99072266 4.60576725006
1478870596213 lifecam22 3193.50366211 5857.92333984 4.60541152954
1478870596278 lifecam22 3193.71899414 5858.20214844 4.60710906982
1478870596346 lifecam22 3193.98706055 5858.29296875 4.60826349258
1478870596412 lifecam22 3193.98706055 5858.03320312 4.60714197159
1478870596546 lifecam22 3193.97631836 5858.15576172 4.60827589035
1478870596614 lifecam22 3193.82763672 5858.18212891 4.60693311691
1478870596667 lifecam22 3193.98706055 5858.29296875 4.60826349258
1478870596740 lifecam22 3193.97631836 5858.15576172 4.60827589035
1478870596805 lifecam22 3193.62280273 5858.03955078 4.60522556305
1478870596956 lifecam22 3193.97631836 5858.15576172 4.60827589035
1478870597003 lifecam22 3193.83837891 5858.31933594 4.60692024231
1478870597074 lifecam22 3193.63574219 5857.91796875 4.60409641266
1478870597145 lifecam22 3193.5246582 5857.94091797 4.60560131073
1478870597214 lifecam22 3193.76074219 5857.87646484 4.60658121109
1478870597406 lifecam22 3193.35717773 5857.69238281 4.6029548645
1478870597481 lifecam22 3193.98706055 5858.29296875 4.60826349258
1478870597545 lifecam22 3193.98706055 5858.03320312 4.60714197159
1478870597604 lifecam22 3193.61230469 5857.90283203 4.60524082184
1478870597673 lifecam22 3193.98706055 5858.03320312 4.60714197159
1478870597814 lifecam22 3193.97827148 5858.30322266 4.60693407059
1478870597878 lifecam22 3193.85083008 5858.19726562 4.60579061508
1478870597946 lifecam22 3194.0769043 5858.12646484 4.60538721085
1478870598001 lifecam22 3193.80078125 5858.17236328 4.6054983139
1478870598073 lifecam22 3194.21679688 5858.11035156 4.60539865494
1478870598213 lifecam22 3195.47265625 5858.82324219 4.60845470428
1478870598273 lifecam22 3195.44506836 5859.32910156 4.60907125473
1478870598350 lifecam22 3195.32226562 5859.10595703 4.61197757721
1478870598419 lifecam22 3194.08325195 5858.65039062 4.60883760452
1478870598479 lifecam22 3193.98706055 5858.29296875 4.60826349258
1478870598619 lifecam22 3190.33178711 5858.890625 4.60863542557
1478870598683 lifecam22 3177.90454102 5856.4140625 4.59495925903
1478870598737 lifecam22 3172.22070312 5856.57568359 4.5953001976
1478870598815 lifecam22 3167.18774414 5858.12304688 4.60155391693
1478870598880 lifecam22 3159.49829102 5858.62646484 4.60386514664
1478870599016 lifecam22 3147.74609375 5860.45117188 4.61230325699
1478870599082 lifecam22 3140.69873047 5861.02929688 4.61369800568
1478870599148 lifecam22 3134.36889648 5861.53808594 4.61525964737
1478870599209 lifecam22 3127.46704102 5861.67529297 4.61514186859
1478870599285 lifecam22 3120.65429688 5861.32470703 4.61207771301
1478870599420 lifecam22 3108.03710938 5861.88867188 4.61748456955
1478870599489 lifecam22 3101.1652832 5862.3515625 4.61506080627
1478870599551 lifecam22 3093.67236328 5862.5078125 4.61503458023
1478870599615 lifecam22 3086.45922852 5862.64501953 4.61188697815
1478870599677 lifecam22 3080.20776367 5863.9140625 4.61431598663
1478870599814 lifecam22 3066.11425781 5863.20703125 4.60751581192
1478870599886 lifecam22 3058.74560547 5863.30517578 4.6067943573
1478870599951 lifecam22 3052.46826172 5862.41162109 4.60204648972
1478870600016 lifecam22 3045.83789062 5863.46142578 4.60572338104
1478870600085 lifecam22 3039.25756836 5862.39892578 4.60152864456
1478870600218 lifecam22 3026.48266602 5863.61767578 4.60382986069
1478870600282 lifecam22 3020.02050781 5864.14355469 4.60682249069
1478870600341 lifecam22 3014.18701172 5865.22363281 4.61270952225
1478870600419 lifecam22 3007.39233398 5865.11914062 4.61332464218
1478870600477 lifecam22 3001.64868164 5866.78564453 4.62224006653
1478870600621 lifecam22 2988.02294922 5866.72021484 4.62069272995
1478870600675 lifecam22 2982.29858398 5867.2734375 4.62384557724
1478870600748 lifecam22 2975.27856445 5867.2578125 4.62367391586
1478870600820 lifecam22 2969.52148438 5868.74658203 4.62991952896
1478870600886 lifecam22 2962.77587891 5868.70068359 4.62846565247
1478870601084 lifecam22 2942.21118164 5868.79931641 4.62713575363
1478870601150 lifecam22 2934.98925781 5868.49511719 4.62518310547
1478870601216 lifecam22 2929.31494141 5869.4453125 4.63024234772
1478870601286 lifecam22 2921.42773438 5869.2421875 4.62755823135
1478870601352 lifecam22 2914.96289062 5869.91601562 4.63055324554
1478870601484 lifecam22 2901.36181641 5869.59521484 4.62915802002
1478870601551 lifecam22 2894.65039062 5870.08740234 4.63148117065
1478870601618 lifecam22 2888.66235352 5869.99804688 4.63417816162
1478870601688 lifecam22 2881.70458984 5870.6640625 4.63657522202
1478870601749 lifecam22 2874.30566406 5869.95410156 4.63076448441
1478870601947 lifecam22 2854.63598633 5869.7265625 4.62984132767
1478870602013 lifecam22 2848.62011719 5869.89306641 4.63082075119
1478870602085 lifecam22 2841.63574219 5870.03857422 4.63219833374
1478870602152 lifecam22 2834.97680664 5870.05419922 4.63264656067
1478870602214 lifecam22 2828.06713867 5870.50537109 4.63319396973
1478870602422 lifecam22 2808.87475586 5870.69238281 4.63521289825
1478870602481 lifecam22 2802.50976562 5871.48242188 4.64011335373
1478870602552 lifecam22 2795.95092773 5871.96191406 4.64126873016
1478870602617 lifecam22 2789.58227539 5872.61767578 4.6452999115
1478870602687 lifecam22 2782.56225586 5872.12402344 4.6429142952
1478870602826 lifecam22 2769.33422852 5871.72607422 4.64115619659
1478870602886 lifecam22 2762.1862793 5872.25292969 4.6421880722
1478870602956 lifecam22 2755.45507812 5871.56982422 4.64095544815
1478870603018 lifecam22 2748.85693359 5871.90820312 4.64187240601
1478870603083 lifecam22 2741.33740234 5872.27050781 4.64118289948
1478870603294 lifecam22 2721.61181641 5872.3984375 4.64454889297
1478870603349 lifecam22 2714.78076172 5871.88867188 4.64370346069
1478870603425 lifecam22 2709.27441406 5873.79541016 4.65519523621
1478870603477 lifecam22 2701.93237305 5872.10449219 4.64792156219
1478870603555 lifecam22 2695.81665039 5873.63623047 4.65407133102
1478870603698 lifecam22 2681.70922852 5872.25390625 4.64627075195
1478870603749 lifecam22 2674.64550781 5871.69287109 4.64209651947
1478870603814 lifecam22 2667.65161133 5870.91845703 4.6373925209
1478870603895 lifecam22 2661.79663086 5872.49755859 4.64665937424
1478870603958 lifecam22 2653.71240234 5871.62011719 4.64282846451
1478870604094 lifecam22 2641.64526367 5872.43554688 4.64776086807
1478870604150 lifecam22 2634.57470703 5871.828125 4.64616632462
1478870604216 lifecam22 2628.63208008 5872.69140625 4.65353822708
1478870604283 lifecam22 2622.48022461 5873.56640625 4.65685558319
1478870604359 lifecam22 2615.65722656 5873.84375 4.65959882736
1478870604495 lifecam22 2602.26733398 5873.84912109 4.66122961044
1478870604558 lifecam22 2594.89306641 5872.42919922 4.65571689606
1478870604612 lifecam22 2588.39257812 5872.68652344 4.6573266983
1478870604690 lifecam22 2580.85742188 5871.98046875 4.65685987473
1478870604759 lifecam22 2575.16259766 5872.66601562 4.66290140152
1478870604824 lifecam22 2567.98632812 5872.37744141 4.66135454178
1478870604955 lifecam22 2554.4519043 5873.04980469 4.6626458168
1478870605029 lifecam22 2547.88769531 5872.31103516 4.66687202454
1478870605090 lifecam22 2540.62915039 5872.27490234 4.66214847565
1478870605157 lifecam22 2533.8046875 5872.15380859 4.66509628296
1478870605219 lifecam22 2527.20678711 5871.50830078 4.66746616364
1478870605360 lifecam22 2512.99023438 5869.87011719 4.65903234482
1478870605427 lifecam22 2506.83056641 5870.74414062 4.65899848938
1478870605489 lifecam22 2499.63525391 5869.56298828 4.65657758713
1478870605558 lifecam22 2492.91772461 5869.41748047 4.65789747238
1478870605626 lifecam22 2486.78417969 5870.16943359 4.66281795502
1478870605754 lifecam22 2473.49951172 5870.51025391 4.66753339767
1478870605828 lifecam22 2467.49804688 5870.10302734 4.66678333282
1478870605898 lifecam22 2461.52612305 5870.09570312 4.66853427887
1478870605960 lifecam22 2454.9296875 5870.33544922 4.67080116272
1478870606028 lifecam22 2448.57421875 5870.49169922 4.67379045486
1478870606162 lifecam22 2436.54394531 5871.10253906 4.68413686752
1478870606227 lifecam22 2429.5378418 5870.61962891 4.6855340004
1478870606288 lifecam22 2423.25976562 5871.09765625 4.68901777267
1478870606355 lifecam22 2416.3503418 5871.04003906 4.68981933594
1478870606426 lifecam22 2409.49536133 5871.04638672 4.69111347198
1478870606553 lifecam22 2395.60571289 5871.00585938 4.69209432602
1478870606630 lifecam22 2388.49584961 5871.046875 4.69111728668
1478870606698 lifecam22 2381.60546875 5871.00585938 4.69209432602
1478870606760 lifecam22 2374.89916992 5871.0078125 4.69471549988
1478870606820 lifecam22 2367.77050781 5871.03271484 4.69356632233
1478870606963 lifecam22 2354.74902344 5870.25830078 4.69989776611
1478870607017 lifecam22 2347.72045898 5870.01757812 4.69962930679
1478870607084 lifecam22 2339.31933594 5866.99267578 4.68341112137
1478870607164 lifecam22 2332.54174805 5866.39453125 4.67461538315
1478870607224 lifecam22 2324.796875 5865.33007812 4.67394018173
1478870607365 lifecam22 2310.90917969 5863.953125 4.66590356827
1478870607423 lifecam22 2303.62255859 5863.58398438 4.66768932343
1478870607496 lifecam22 2297.33325195 5864.93017578 4.67568349838
1478870607566 lifecam22 2290.19091797 5863.20263672 4.67032241821
1478870607619 lifecam22 2284.29418945 5862.82226562 4.67223119736
1478870607822 lifecam22 2269.22241211 5864.01660156 4.69205093384
1478870607899 lifecam22 2262.38769531 5864.04296875 4.69352865219
1478870607960 lifecam22 2255.51660156 5864.01806641 4.69468164444
1478870608029 lifecam22 2248.77075195 5864.03222656 4.69356822968
1478870608164 lifecam22 2236.01147461 5864.18652344 4.70470428467
1478870608233 lifecam22 2229.43286133 5864.31201172 4.70852279663
1478870608298 lifecam22 2222.45068359 5864.32324219 4.70862674713
1478870608362 lifecam22 2215.671875 5864.41162109 4.71062994003
1478870608432 lifecam22 2208.91503906 5864.52832031 4.712890625
1478870608565 lifecam22 2194.67504883 5864.15087891 4.710709095
1478870608629 lifecam22 2185.46826172 5860.34179688 4.69087028503
1478870608701 lifecam22 2180.32739258 5863.53125 4.70756006241
1478870608763 lifecam22 2171.15454102 5857.80224609 4.68807649612
1478870608829 lifecam22 2164.38183594 5857.48486328 4.69010019302
1478870608969 lifecam22 2150.60571289 5857.00585938 4.69209384918
1478870609028 lifecam22 2144.55029297 5857.21972656 4.69531917572
1478870609094 lifecam22 2137.83056641 5856.88574219 4.69932174683
1478870609165 lifecam22 2133.85473633 5858.33056641 4.7170124054
1478870609224 lifecam22 2126.48071289 5857.87939453 4.71396684647
1478870609371 lifecam22 2117.97705078 5859.16357422 4.72833061218
1478870609420 lifecam22 2110.97387695 5859.42529297 4.73077630997
1478870609494 lifecam22 2103.89477539 5858.68164062 4.72380542755
1478870609562 lifecam22 2097.03393555 5859.34619141 4.73003673553
1478870609628 lifecam22 2089.99316406 5859.14404297 4.7281460762
1478870609834 lifecam22 2067.87402344 5854.24609375 4.70705652237
1478870609901 lifecam22 2060.8972168 5853.91796875 4.70709276199
1478870609964 lifecam22 2053.31640625 5850.20361328 4.70203733444
1478870610030 lifecam22 2047.1854248 5850.35400391 4.70755147934
1478870610096 lifecam22 2040.3248291 5850.33251953 4.70870447159
1478870610236 lifecam22 2026.67150879 5850.41113281 4.71062612534
1478870610300 lifecam22 2019.67150879 5850.41113281 4.71062660217
1478870610363 lifecam22 2012.91491699 5850.52832031 4.71288824081
1478870610431 lifecam22 2005.91491699 5850.52832031 4.71288633347
1478870610498 lifecam22 2000.05895996 5851.18115234 4.71908569336
1478870610639 lifecam22 1987.56359863 5850.19580078 4.72567892075
1478870610697 lifecam22 1979.97033691 5849.52685547 4.72533130646
1478870610763 lifecam22 1971.92333984 5844.6171875 4.70667934418
1478870610832 lifecam22 1967.10046387 5844.95703125 4.72169303894
1478870610899 lifecam22 1960.85461426 5845.32568359 4.72632026672
1478870611097 lifecam22 1941.95495605 5846.421875 4.74004793167
1478870611161 lifecam22 1935.34094238 5846.39990234 4.73984336853
1478870611231 lifecam22 1928.83422852 5846.40332031 4.73987722397
1478870611303 lifecam22 1921.7713623 5846.42236328 4.74005270004
1478870611370 lifecam22 1914.88024902 5846.39453125 4.74099826813
1478870611501 lifecam22 1902.17468262 5845.51904297 4.746530056
1478870611565 lifecam22 1895.60571289 5843.04785156 4.73583221436
1478870611624 lifecam22 1888.53344727 5841.60058594 4.73375320435
1478870611692 lifecam22 1879.95117188 5837.19140625 4.71814155579
1478870611769 lifecam22 1873.07958984 5836.98486328 4.71722126007
1478870611905 lifecam22 1858.78295898 5837.18164062 4.71908855438
1478870611966 lifecam22 1851.78320312 5837.18212891 4.71908950806
1478870612034 lifecam22 1844.72106934 5836.984375 4.71721601486
1478870612099 lifecam22 1838.50195312 5837.43847656 4.72151422501
1478870612166 lifecam22 1832.58007812 5836.79492188 4.72661352158
1478870612299 lifecam22 1821.64758301 5836.08300781 4.74947309494
1478870612368 lifecam22 1812.56103516 5831.23583984 4.72767543793
1478870612434 lifecam22 1808.15576172 5833.03662109 4.74141740799
1478870612503 lifecam22 1799.75158691 5831.26708984 4.7292971611
1478870612563 lifecam22 1793.57067871 5831.68798828 4.73322868347
1478870612701 lifecam22 1781.84387207 5832.28027344 4.73873567581
1478870612762 lifecam22 1783.61938477 5830.65429688 4.7235455513
1478870612835 lifecam22 1781.82507324 5830.36035156 4.72077131271
1478870612905 lifecam22 1782.91796875 5830.83447266 4.72524118423
1478870612970 lifecam22 1781.78308105 5830.18212891 4.71908807755
1478870613232 lifecam22 1782.56213379 5830.63720703 4.72338151932
1478870613302 lifecam22 1782.56213379 5830.63720703 4.72338151932
1478870613371 lifecam22 1782.91796875 5830.83447266 4.72524118423
1478870613432 lifecam22 1782.54052734 5830.6171875 4.72319412231
1478870613569 lifecam22 1782.18383789 5830.41943359 4.72132968903
1478870613636 lifecam22 1782.56213379 5830.63720703 4.72338151932
1478870613697 lifecam22 1782.56213379 5830.63720703 4.72338151932
1478870613773 lifecam22 1782.18383789 5830.41943359 4.72132968903
1478870613833 lifecam22 1782.18383789 5830.41943359 4.72132968903
1478870613963 lifecam22 1782.18383789 5830.41943359 4.72132968903
1478870614040 lifecam22 1782.56213379 5830.63720703 4.72338151932
1478870614097 lifecam22 1782.56213379 5830.63720703 4.72338151932
1478870614170 lifecam22 1782.56213379 5830.63720703 4.72338151932
1478870614241 lifecam22 1782.1619873 5830.39941406 4.7211432457
1478870614430 lifecam22 1782.18383789 5830.41943359 4.72132968903
1478870614506 lifecam22 1782.18383789 5830.41943359 4.72132968903
1478870614569 lifecam22 1782.1619873 5830.39941406 4.7211432457
1478870614639 lifecam22 1782.54052734 5830.6171875 4.72319412231
1478870614694 lifecam22 1782.18383789 5830.41943359 4.72132968903
1478870614836 lifecam22 1782.54052734 5830.6171875 4.72319412231
1478870614904 lifecam22 1782.56213379 5830.63720703 4.72338151932
1478870614969 lifecam22 1782.56213379 5830.63720703 4.72338151932
1478870615037 lifecam22 1782.56213379 5830.63720703 4.72338151932
1478870615107 lifecam22 1782.54052734 5830.6171875 4.72319412231
1478870615240 lifecam22 1782.56213379 5830.63720703 4.72338151932
1478870615300 lifecam22 1782.56213379 5830.63720703 4.72338151932
1478870615371 lifecam22 1782.56213379 5830.63720703 4.72338151932
1478870615436 lifecam22 1782.56213379 5830.63720703 4.72338151932
1478870615505 lifecam22 1782.18383789 5830.41943359 4.72132968903
1478870615702 lifecam22 1782.54052734 5830.6171875 4.72319412231
1478870615773 lifecam22 1782.64550781 5830.59472656 4.7241268158
1478870615833 lifecam22 1782.18383789 5830.41943359 4.72132968903
1478870615905 lifecam22 1782.18383789 5830.41943359 4.72132968903
