1478870736029 lifecam22 3196.1418457 5863.40087891 4.63869380951
1478870736162 lifecam22 3196.28295898 5863.25341797 4.63870239258
1478870736223 lifecam22 3196.89501953 5863.60058594 4.63991594315
1478870736294 lifecam22 3196.30371094 5863.37011719 4.63724708557
1478870736352 lifecam22 3196.28295898 5863.25341797 4.63870239258
1478870736434 lifecam22 3196.41381836 5863.22021484 4.63986873627
1478870736636 lifecam22 3196.28295898 5863.25341797 4.63870239258
1478870736690 lifecam22 3196.27197266 5863.24755859 4.63737535477
1478870736767 lifecam22 3196.84545898 5863.46337891 4.63989114761
1478870736823 lifecam22 3196.63769531 5863.23388672 4.63893079758
1478870736882 lifecam22 3196.93066406 5863.45898438 4.63992404938
1478870737096 lifecam22 3196.35327148 5863.44433594 4.63798570633
1478870737166 lifecam22 3196.87402344 5863.58203125 4.63972568512
1478870737228 lifecam22 3196.30371094 5863.37011719 4.63724708557
1478870737294 lifecam22 3196.55786133 5863.34521484 4.63853883743
1478870737362 lifecam22 3196.44873047 5863.11230469 4.6362657547
1478870737563 lifecam22 3197.2097168 5863.20605469 4.63649368286
1478870737626 lifecam22 3196.9519043 5863.23486328 4.63781690598
1478870737703 lifecam22 3197.10009766 5863.51708984 4.63931560516
1478870737830 lifecam22 3197.07299805 5863.48486328 4.63898992538
1478870737970 lifecam22 3196.50561523 5863.26708984 4.63776159286
1478870738034 lifecam22 3196.87402344 5863.58203125 4.63972568512
1478870738093 lifecam22 3198.34765625 5863.16699219 4.63454914093
1478870738159 lifecam22 3198.74584961 5863.47900391 4.63782978058
1478870738218 lifecam22 3198.65893555 5863.53564453 4.63569831848
1478870738497 lifecam22 3197.6315918 5864.07568359 4.64371919632
1478870738563 lifecam22 3196.97875977 5863.77685547 4.6416387558
1478870738632 lifecam22 3196.76708984 5864.44287109 4.64406061172
1478870738704 lifecam22 3187.14355469 5864.69921875 4.6428027153
1478870738769 lifecam22 3180.16259766 5864.26660156 4.6456618309
1478870738968 lifecam22 3160.2800293 5864.76367188 4.64426469803
1478870739026 lifecam22 3154.2956543 5864.54785156 4.64591407776
1478870739100 lifecam22 3146.57128906 5863.93945312 4.64227104187
1478870739165 lifecam22 3142.48291016 5864.90917969 4.65372514725
1478870739232 lifecam22 3135.12744141 5864.69482422 4.65387487411
1478870739430 lifecam22 3115.16674805 5865.22363281 4.65715265274
1478870739493 lifecam22 3109.47070312 5865.93115234 4.66340017319
1478870739565 lifecam22 3102.39770508 5865.54541016 4.66071844101
1478870739633 lifecam22 3095.32250977 5865.07275391 4.66014099121
1478870739705 lifecam22 3089.16064453 5865.97412109 4.66515493393
1478870739898 lifecam22 3068.67016602 5864.80859375 4.66643238068
1478870739959 lifecam22 3062.28149414 5864.76269531 4.66938972473
1478870740027 lifecam22 3054.95825195 5864.90625 4.66778755188
1478870740097 lifecam22 3048.44677734 5864.72167969 4.67088937759
1478870740160 lifecam22 3041.83959961 5864.66943359 4.66821861267
1478870740302 lifecam22 3027.44458008 5864.19042969 4.66976451874
1478870740351 lifecam22 3020.7097168 5863.28173828 4.66150951385
1478870740427 lifecam22 3015.53466797 5862.59521484 4.65880441666
1478870740493 lifecam22 3009.17480469 5862.6171875 4.66181755066
1478870740569 lifecam22 3004.87939453 5863.89111328 4.6712269783
1478870740701 lifecam22 2992.00830078 5864.23388672 4.67859840393
1478870740772 lifecam22 2985.68676758 5863.89648438 4.68213367462
1478870740834 lifecam22 2979.40649414 5864.55761719 4.68587827682
1478870740900 lifecam22 2972.57617188 5864.15625 4.68738269806
1478870740965 lifecam22 2965.64379883 5864.07324219 4.6879825592
1478870741169 lifecam22 2944.79370117 5864.07861328 4.68931531906
1478870741235 lifecam22 2937.79345703 5864.07861328 4.68931484222
1478870741302 lifecam22 2930.99267578 5863.96826172 4.69108819962
1478870741366 lifecam22 2924.1640625 5863.99511719 4.69261646271
1478870741436 lifecam22 2916.90600586 5863.63574219 4.69031572342
1478870741568 lifecam22 2903.3972168 5863.83398438 4.69346570969
1478870741637 lifecam22 2895.99853516 5861.65478516 4.68614912033
1478870741701 lifecam22 2889.83911133 5862.30957031 4.68596792221
1478870741767 lifecam22 2882.36791992 5859.71923828 4.67623615265
1478870741836 lifecam22 2877.046875 5861.49121094 4.68943357468
1478870741974 lifecam22 2863.93408203 5859.83105469 4.68488121033
1478870742041 lifecam22 2858.29589844 5861.99609375 4.6995716095
1478870742102 lifecam22 2850.171875 5859.80566406 4.68827772141
1478870742172 lifecam22 2843.12060547 5859.62158203 4.6878247261
1478870742235 lifecam22 2838.4675293 5860.27734375 4.69443511963
1478870742379 lifecam22 2825.04345703 5860.57861328 4.69861745834
1478870742443 lifecam22 2818.42553711 5859.77197266 4.6950378418
1478870742504 lifecam22 2811.47265625 5858.3984375 4.69372606277
1478870742567 lifecam22 2804.24291992 5857.24755859 4.68778371811
1478870742635 lifecam22 2797.79345703 5857.07910156 4.68931341171
1478870742770 lifecam22 2784.0534668 5857.04150391 4.69163274765
1478870742839 lifecam22 2777.13256836 5856.95166016 4.69358205795
1478870742907 lifecam22 2770.29541016 5856.96777344 4.69378948212
1478870742972 lifecam22 2763.19482422 5857.02880859 4.69413423538
1478870743032 lifecam22 2757.92675781 5857.31445312 4.70845985413
1478870743238 lifecam22 2740.79589844 5859.07714844 4.72751617432
1478870743306 lifecam22 2734.08105469 5859.34033203 4.72998571396
1478870743374 lifecam22 2726.12255859 5857.77197266 4.71888828278
1478870743435 lifecam22 2719.16088867 5856.64257812 4.70987558365
1478870743503 lifecam22 2710.22338867 5852.82763672 4.69218397141
1478870743644 lifecam22 2696.37353516 5851.26708984 4.69002771378
1478870743703 lifecam22 2689.49536133 5850.04638672 4.69111204147
1478870743774 lifecam22 2682.48388672 5850.43652344 4.69100856781
1478870743841 lifecam22 2676.16113281 5850.12060547 4.69705915451
1478870743905 lifecam22 2670.35571289 5850.39404297 4.70399713516
1478870743978 lifecam22 2664.98681641 5851.10058594 4.71347951889
1478870744045 lifecam22 2659.40185547 5851.77001953 4.72228240967
1478870744106 lifecam22 2652.62988281 5851.85449219 4.72425699234
1478870744169 lifecam22 2646.09057617 5852.07861328 4.7275352478
1478870744236 lifecam22 2638.76928711 5852.03613281 4.72713184357
1478870744440 lifecam22 2618.22485352 5851.99951172 4.72678947449
1478870744500 lifecam22 2611.82373047 5851.88183594 4.72808694839
1478870744576 lifecam22 2603.99438477 5850.53173828 4.72736930847
1478870744631 lifecam22 2597.12158203 5850.58447266 4.72861433029
1478870744707 lifecam22 2589.70898438 5848.22167969 4.72203016281
1478870744846 lifecam22 2577.69921875 5845.72753906 4.72367048264
1478870744907 lifecam22 2570.61669922 5845.25683594 4.72693347931
1478870744962 lifecam22 2565.0078125 5845.46679688 4.73116588593
1478870745042 lifecam22 2558.3737793 5845.88378906 4.73505353928
1478870745109 lifecam22 2551.51513672 5845.74072266 4.7337231636
1478870745242 lifecam22 2538.05786133 5845.07373047 4.72863912582
1478870745305 lifecam22 2531.59814453 5844.82861328 4.72860240936
1478870745377 lifecam22 2524.58862305 5843.36230469 4.72815418243
1478870745445 lifecam22 2517.64233398 5842.82470703 4.72841691971
1478870745508 lifecam22 2511.4621582 5841.69628906 4.73720550537
1478870745637 lifecam22 2498.56469727 5839.52392578 4.7386007309
1478870745697 lifecam22 2491.09667969 5838.39990234 4.73053836823
1478870745776 lifecam22 2484.40161133 5838.44042969 4.73091888428
1478870745844 lifecam22 2477.46923828 5838.25830078 4.72921609879
1478870745910 lifecam22 2470.71606445 5838.74804688 4.73379278183
1478870746041 lifecam22 2458.29150391 5838.66552734 4.73668289185
1478870746103 lifecam22 2452.34545898 5839.00195312 4.7410326004
1478870746176 lifecam22 2445.6184082 5838.85546875 4.74336528778
1478870746245 lifecam22 2440.85131836 5837.67089844 4.76195478439
1478870746295 lifecam22 2434.33422852 5837.35693359 4.76636886597
1478870746448 lifecam22 2418.67480469 5833.76171875 4.74778032303
1478870746515 lifecam22 2411.58325195 5833.88574219 4.74777746201
1478870746577 lifecam22 2404.4831543 5832.26318359 4.73857545853
1478870746632 lifecam22 2397.39477539 5832.04492188 4.73655080795
1478870746711 lifecam22 2390.63623047 5832.34375 4.74173498154
1478870746973 lifecam22 2366.39038086 5830.05419922 4.76270151138
1478870747044 lifecam22 2358.56640625 5827.91259766 4.75161600113
1478870747107 lifecam22 2350.17431641 5824.82177734 4.73447751999
1478870747162 lifecam22 2344.421875 5826.51416016 4.74607801437
1478870747244 lifecam22 2336.22265625 5825.0234375 4.73635339737
1478870747386 lifecam22 2324.91552734 5826.11621094 4.754529953
1478870747435 lifecam22 2319.55541992 5826.30566406 4.76670694351
1478870747513 lifecam22 2314.14233398 5826.09960938 4.77164697647
1478870747579 lifecam22 2307.43798828 5824.68945312 4.77227926254
1478870747645 lifecam22 2300.42236328 5823.93212891 4.77042484283
1478870747853 lifecam22 2278.20336914 5819.50048828 4.74660921097
1478870747907 lifecam22 2271.08325195 5818.56884766 4.74262475967
1478870747981 lifecam22 2265.89501953 5819.03173828 4.7586350441
1478870748046 lifecam22 2259.55834961 5819.10888672 4.76458740234
1478870748101 lifecam22 2253.10693359 5818.52294922 4.77078008652
1478870748306 lifecam22 2231.25024414 5814.93701172 4.76084756851
1478870748372 lifecam22 2224.84448242 5815.41894531 4.76272010803
1478870748436 lifecam22 2216.8918457 5811.73681641 4.748026371
1478870748499 lifecam22 2211.04541016 5811.90966797 4.75714302063
1478870748570 lifecam22 2206.08911133 5812.01708984 4.77244901657
1478870748786 lifecam22 2187.75097656 5810.49658203 4.77716112137
1478870748842 lifecam22 2180.62744141 5810.20703125 4.77584314346
1478870748914 lifecam22 2173.10546875 5808.65136719 4.76881027222
1478870748978 lifecam22 2167.22607422 5807.24169922 4.77671575546
1478870749043 lifecam22 2160.58959961 5807.64599609 4.78392028809
1478870749238 lifecam22 2141.10009766 5805.21386719 4.78303909302
1478870749310 lifecam22 2134.1628418 5804.67871094 4.78317260742
1478870749374 lifecam22 2127.00170898 5804.06396484 4.78009796143
1478870749444 lifecam22 2120.35693359 5803.73876953 4.78229045868
1478870749509 lifecam22 2114.83959961 5803.18652344 4.79408073425
1478870749654 lifecam22 2100.16870117 5798.7578125 4.77466201782
1478870749706 lifecam22 2093.18457031 5798.00634766 4.77520084381
1478870749780 lifecam22 2086.70385742 5797.20458984 4.77608203888
1478870749847 lifecam22 2079.46972656 5796.45751953 4.77416372299
1478870749915 lifecam22 2073.68115234 5796.71337891 4.78009366989
1478870749971 lifecam22 2067.63647461 5796.44189453 4.7899479866
1478870750116 lifecam22 2054.72998047 5794.97900391 4.79380321503
1478870750174 lifecam22 2047.41906738 5792.27392578 4.78808784485
1478870750235 lifecam22 2041.43908691 5793.23974609 4.79425764084
1478870750305 lifecam22 2034.4161377 5791.22900391 4.78957700729
1478870750370 lifecam22 2028.49499512 5791.08691406 4.79659938812
1478870750574 lifecam22 2008.54040527 5786.85839844 4.79370164871
1478870750639 lifecam22 2001.18811035 5784.90722656 4.78693294525
1478870750707 lifecam22 1994.27209473 5784.38867188 4.78716516495
1478870750781 lifecam22 1987.15808105 5783.93408203 4.78703212738
1478870750851 lifecam22 1981.56188965 5783.71630859 4.79991006851
1478870750988 lifecam22 1969.20568848 5782.75976562 4.80488729477
1478870751056 lifecam22 1962.96276855 5781.79882812 4.80685281754
1478870751120 lifecam22 1955.50085449 5780.67431641 4.80183267593
1478870751187 lifecam22 1948.13916016 5779.25488281 4.79890155792
1478870751253 lifecam22 1941.86779785 5778.08691406 4.80120420456
1478870751450 lifecam22 1922.4440918 5775.74023438 4.80401563644
1478870751519 lifecam22 1915.33984375 5774.11083984 4.80444526672
1478870751582 lifecam22 1908.27734375 5772.22021484 4.79631519318
1478870751655 lifecam22 1900.95056152 5771.67285156 4.79871892929
1478870751857 lifecam22 1881.90710449 5769.36181641 4.80800247192
1478870751923 lifecam22 1875.52416992 5768.27246094 4.80818462372
1478870751986 lifecam22 1868.2019043 5766.72314453 4.80358171463
1478870752050 lifecam22 1862.99572754 5764.95800781 4.81168937683
1478870752116 lifecam22 1856.40039062 5764.65478516 4.81381940842
1478870752256 lifecam22 1842.96337891 5762.79150391 4.81254482269
1478870752314 lifecam22 1836.32861328 5761.13378906 4.80910205841
1478870752386 lifecam22 1828.61755371 5759.01464844 4.80486631393
1478870752446 lifecam22 1823.40661621 5759.65185547 4.81933689117
1478870752519 lifecam22 1816.54516602 5757.68164062 4.81854152679
1478870752653 lifecam22 1803.58972168 5756.75341797 4.82187366486
1478870752719 lifecam22 1797.5065918 5755.8671875 4.82157087326
1478870752791 lifecam22 1800.02331543 5755.88525391 4.81841373444
1478870752854 lifecam22 1798.92993164 5755.73876953 4.81928825378
1478870752919 lifecam22 1799.54443359 5755.59912109 4.81730127335
1478870753119 lifecam22 1799.29187012 5756.18115234 4.82168865204
1478870753188 lifecam22 1799.01379395 5755.4296875 4.81618022919
1478870753254 lifecam22 1799.01379395 5755.4296875 4.81618022919
1478870753323 lifecam22 1799.01379395 5755.4296875 4.81618022919
1478870753380 lifecam22 1799.21606445 5755.95458984 4.81964111328
1478870753518 lifecam22 1798.77783203 5755.30908203 4.81526088715
1478870753574 lifecam22 1799.21606445 5755.95458984 4.81964111328
1478870753656 lifecam22 1799.48852539 5756.00341797 4.82211446762
1478870753723 lifecam22 1799.12255859 5755.70996094 4.81742715836
1478870753793 lifecam22 1799.1385498 5755.56298828 4.818546772
1478870753919 lifecam22 1799.27404785 5755.45214844 4.81850385666
1478870753987 lifecam22 1799.22741699 5755.54638672 4.81818723679
1478870754053 lifecam22 1799.1385498 5755.56298828 4.818546772
1478870754119 lifecam22 1799.36083984 5755.68066406 4.82063579559
1478870754182 lifecam22 1799.09130859 5755.65673828 4.81822776794
1478870754322 lifecam22 1799.39855957 5755.72460938 4.81976938248
1478870754390 lifecam22 1799.08752441 5755.63134766 4.81815624237
1478870754456 lifecam22 1799.2923584 5756.18115234 4.82056045532
1478870754523 lifecam22 1799.22741699 5755.54638672 4.81818723679
1478870754580 lifecam22 1799.01379395 5755.4296875 4.81618022919
1478870754712 lifecam22 1799.16503906 5755.85888672 4.82020282745
1478870754789 lifecam22 1799.12255859 5755.70996094 4.81742715836
1478870754863 lifecam22 1799.31384277 5755.77490234 4.82031822205
1478870754908 lifecam22 1799.33569336 5755.82666016 4.81943130493
1478870754993 lifecam22 1799.01379395 5755.4296875 4.81618022919
