1478870447508 lifecam22 3193.31347656 5857.01953125 4.60199260712
1478870447582 lifecam22 3193.09960938 5856.5859375 4.59911108017
1478870447651 lifecam22 3193.11401367 5856.72705078 4.60045671463
1478870447703 lifecam22 3193.08740234 5856.70849609 4.60023498535
1478870447842 lifecam22 3193.11450195 5856.72558594 4.59912586212
1478870447917 lifecam22 3193.27050781 5856.57373047 4.60064506531
1478870447982 lifecam22 3193.47900391 5856.97753906 4.60349607468
1478870448047 lifecam22 3193.29589844 5857.11035156 4.60175657272
1478870448115 lifecam22 3193.1262207 5856.60449219 4.59933137894
1478870448248 lifecam22 3193.32568359 5856.89746094 4.60086536407
1478870448317 lifecam22 3193.3046875 5856.72607422 4.60082197189
1478870448364 lifecam22 3193.1262207 5856.60449219 4.59933137894
1478870448447 lifecam22 3193.30444336 5856.49755859 4.60101366043
1478870448516 lifecam22 3193.55493164 5856.8046875 4.60314893723
1478870448646 lifecam22 3193.28149414 5856.45166016 4.60084819794
1478870448714 lifecam22 3193.51220703 5856.89941406 4.60253381729
1478870448781 lifecam22 3193.11157227 5856.46484375 4.59931659698
1478870448848 lifecam22 3193.30810547 5856.98730469 4.60063076019
1478870448916 lifecam22 3193.30200195 5857.140625 4.60178756714
1478870449112 lifecam22 3193.11157227 5856.46484375 4.59931659698
1478870449178 lifecam22 3193.11157227 5856.46484375 4.59931659698
1478870449244 lifecam22 3193.06054688 5856.68798828 4.60118913651
1478870449317 lifecam22 3193.36791992 5856.67431641 4.60026693344
1478870449382 lifecam22 3193.37988281 5856.55371094 4.60047292709
1478870449579 lifecam22 3193.39453125 5856.69335938 4.60048818588
1478870449648 lifecam22 3193.77319336 5856.87939453 4.60370445251
1478870449711 lifecam22 3193.73291016 5856.69628906 4.60349655151
1478870449777 lifecam22 3194.79394531 5856.63525391 4.60298252106
1478870449851 lifecam22 3193.76977539 5857.10986328 4.60348367691
1478870449978 lifecam22 3195.67675781 5857.95117188 4.60709762573
1478870450048 lifecam22 3195.38305664 5857.49365234 4.60501861572
1478870450112 lifecam22 3193.72143555 5857.21484375 4.60428285599
1478870450177 lifecam22 3193.65258789 5856.51367188 4.60044145584
1478870450245 lifecam22 3193.77270508 5857.109375 4.60351085663
1478870450445 lifecam22 3172.22924805 5856.16601562 4.59680271149
1478870450515 lifecam22 3164.99584961 5857.04785156 4.59664583206
1478870450579 lifecam22 3158.40991211 5857.86523438 4.60215139389
1478870450645 lifecam22 3152.83447266 5858.62255859 4.60422706604
1478870450715 lifecam22 3145.07104492 5858.79541016 4.60367107391
1478870450914 lifecam22 3126.72070312 5860.46630859 4.61456680298
1478870450987 lifecam22 3120.40380859 5861.45556641 4.61597585678
1478870451048 lifecam22 3113.58935547 5862.02246094 4.61838960648
1478870451115 lifecam22 3107.19702148 5861.671875 4.62006092072
1478870451183 lifecam22 3101.13549805 5862.29003906 4.62274551392
1478870451318 lifecam22 3086.93334961 5862.06445312 4.61771583557
1478870451384 lifecam22 3079.65844727 5862.07910156 4.61327219009
1478870451444 lifecam22 3073.06713867 5862.578125 4.61975669861
1478870451515 lifecam22 3067.12207031 5863.37939453 4.62372398376
1478870451585 lifecam22 3059.20996094 5863.18505859 4.61773920059
1478870451852 lifecam22 3032.5402832 5864.17285156 4.61835622787
1478870451912 lifecam22 3024.98461914 5862.85498047 4.6119055748
1478870451982 lifecam22 3019.3762207 5862.86816406 4.61235427856
1478870452051 lifecam22 3012.953125 5863.46630859 4.61062526703
1478870452113 lifecam22 3006.3815918 5863.13476562 4.61200332642
1478870452183 lifecam22 2999.79956055 5863.62011719 4.61038160324
1478870452251 lifecam22 2992.98364258 5863.75244141 4.61064720154
1478870452316 lifecam22 2987.28881836 5864.80615234 4.6190071106
1478870452387 lifecam22 2981.01831055 5865.90283203 4.62222099304
1478870452450 lifecam22 2974.21240234 5865.68359375 4.6216635704
1478870452654 lifecam22 2955.17211914 5867.43652344 4.63208150864
1478870452718 lifecam22 2948.49560547 5868.10351562 4.63346481323
1478870452787 lifecam22 2941.93994141 5868.19384766 4.63484764099
1478870452855 lifecam22 2935.00146484 5868.80517578 4.63635396957
1478870452921 lifecam22 2927.70874023 5867.59179688 4.62694215775
1478870453123 lifecam22 2906.97192383 5867.96484375 4.62658119202
1478870453188 lifecam22 2900.08618164 5868.10888672 4.62677001953
1478870453248 lifecam22 2893.32495117 5868.62646484 4.62947559357
1478870453322 lifecam22 2886.76318359 5869.08984375 4.63293743134
1478870453389 lifecam22 2880.4284668 5869.64501953 4.63472652435
1478870453588 lifecam22 2861.23071289 5870.28466797 4.63984823227
1478870453654 lifecam22 2854.13793945 5868.48291016 4.63587331772
1478870453717 lifecam22 2847.5690918 5869.67578125 4.6384973526
1478870453786 lifecam22 2840.93359375 5869.02636719 4.6354227066
1478870453851 lifecam22 2834.02124023 5869.24072266 4.63748216629
1478870454059 lifecam22 2814.5078125 5869.62451172 4.63682889938
1478870454118 lifecam22 2807.1784668 5869.47119141 4.63511514664
1478870454189 lifecam22 2800.27319336 5869.82128906 4.63847589493
1478870454252 lifecam22 2794.12011719 5869.62792969 4.63606214523
1478870454318 lifecam22 2788.30761719 5870.13574219 4.64027070999
1478870454521 lifecam22 2768.17456055 5870.83154297 4.64370536804
1478870454588 lifecam22 2761.32641602 5870.9609375 4.64364433289
1478870454659 lifecam22 2754.76196289 5871.04101562 4.64613056183
1478870454723 lifecam22 2748.48608398 5870.98925781 4.64579057693
1478870454786 lifecam22 2741.45727539 5871.22216797 4.64413881302
1478870454990 lifecam22 2720.84375 5871.15380859 4.64625883102
1478870455058 lifecam22 2714.3840332 5871.328125 4.64966773987
1478870455119 lifecam22 2707.32128906 5871.64404297 4.64748430252
1478870455252 lifecam22 2694.07592773 5871.64013672 4.65054750443
1478870455390 lifecam22 2680.29125977 5870.56494141 4.64834165573
1478870455450 lifecam22 2673.79931641 5871.14990234 4.65034389496
1478870455518 lifecam22 2667.27783203 5870.10546875 4.65120744705
1478870455581 lifecam22 2660.46777344 5871.03662109 4.65253400803
1478870455647 lifecam22 2653.87084961 5869.85253906 4.64658212662
1478870455849 lifecam22 2633.90576172 5870.67822266 4.65775585175
1478870455916 lifecam22 2627.39453125 5870.96386719 4.65831661224
1478870455988 lifecam22 2619.7277832 5871.04589844 4.6572766304
1478870456049 lifecam22 2613.83691406 5870.21484375 4.65884542465
1478870456121 lifecam22 2608.76464844 5871.63378906 4.66909980774
1478870456392 lifecam22 2580.55786133 5870.86865234 4.66743946075
1478870456463 lifecam22 2575.25854492 5871.65087891 4.6743888855
1478870456516 lifecam22 2568.07275391 5871.47802734 4.67395544052
1478870456593 lifecam22 2561.08935547 5871.05273438 4.67553520203
1478870456708 lifecam22 2547.78808594 5871.37353516 4.67889308929
1478870456793 lifecam22 2541.58300781 5871.34228516 4.68028688431
1478870456857 lifecam22 2534.66381836 5871.47119141 4.67832899094
1478870456930 lifecam22 2527.72192383 5870.12646484 4.6748175621
1478870456986 lifecam22 2520.57446289 5870.53857422 4.67473840714
1478870457193 lifecam22 2500.01367188 5869.65332031 4.67516517639
1478870457265 lifecam22 2493.23144531 5869.44726562 4.67463445663
1478870457320 lifecam22 2486.11621094 5868.96777344 4.66998529434
1478870457390 lifecam22 2479.06420898 5868.50292969 4.66937208176
1478870457449 lifecam22 2473.01293945 5868.76025391 4.66978406906
1478870457655 lifecam22 2452.86083984 5869.18066406 4.67668914795
1478870457720 lifecam22 2445.72094727 5868.22314453 4.67533922195
1478870457794 lifecam22 2439.6550293 5868.53759766 4.68002223969
1478870457858 lifecam22 2433.84960938 5868.23535156 4.67624378204
1478870457922 lifecam22 2429.58666992 5869.24560547 4.69276762009
1478870458120 lifecam22 2410.00268555 5869.390625 4.6981253624
1478870458185 lifecam22 2403.58203125 5869.93359375 4.70084095001
1478870458246 lifecam22 2395.01293945 5866.90966797 4.68676662445
1478870458317 lifecam22 2388.08691406 5866.96386719 4.68742847443
1478870458386 lifecam22 2381.06323242 5866.57568359 4.68726730347
1478870458589 lifecam22 2359.98901367 5865.69580078 4.68660640717
1478870458651 lifecam22 2352.96142578 5865.02392578 4.68636465073
1478870458732 lifecam22 2345.87524414 5864.81689453 4.68559980392
1478870458800 lifecam22 2339.35058594 5864.03955078 4.68982124329
1478870458868 lifecam22 2332.26049805 5864.09814453 4.68901968002
1478870459061 lifecam22 2311.69555664 5863.359375 4.68647670746
1478870459125 lifecam22 2305.54663086 5863.75732422 4.6980381012
1478870459191 lifecam22 2298.32641602 5862.66601562 4.68741989136
1478870459252 lifecam22 2291.78344727 5862.46972656 4.69158506393
1478870459319 lifecam22 2285.38012695 5863.9140625 4.70441865921
1478870459601 lifecam22 2259.61621094 5862.9140625 4.70023202896
1478870459665 lifecam22 2256.78637695 5864.23925781 4.71639537811
1478870459728 lifecam22 2249.99316406 5864.27539062 4.71316814423
1478870459792 lifecam22 2242.45019531 5863.64453125 4.71205472946
1478870459853 lifecam22 2234.14282227 5860.21289062 4.69134473801
1478870460066 lifecam22 2212.93945312 5857.44042969 4.68953084946
1478870460119 lifecam22 2206.77075195 5857.03222656 4.69356584549
1478870460197 lifecam22 2199.89941406 5857.00830078 4.69471788406
1478870460257 lifecam22 2192.8996582 5857.00830078 4.69471693039
1478870460336 lifecam22 2187.45458984 5857.33203125 4.70871067047
1478870460531 lifecam22 2166.65332031 5857.39990234 4.71052312851
1478870460600 lifecam22 2159.91479492 5857.52832031 4.71288824081
1478870460665 lifecam22 2152.91503906 5857.52880859 4.712890625
1478870460718 lifecam22 2145.91479492 5857.52832031 4.71288824081
1478870460792 lifecam22 2137.67138672 5855.41894531 4.7016415596
1478870460997 lifecam22 2117.30639648 5851.77685547 4.70021390915
1478870461070 lifecam22 2111.04833984 5851.75927734 4.70293855667
1478870461130 lifecam22 2102.33447266 5850.28759766 4.69719696045
1478870461198 lifecam22 2098.82055664 5851.55419922 4.71770477295
1478870461269 lifecam22 2094.57788086 5852.80761719 4.7319688797
1478870461399 lifecam22 2082.68994141 5852.07617188 4.72620344162
1478870461466 lifecam22 2076.00830078 5852.60498047 4.73245477676
1478870461532 lifecam22 2068.84423828 5851.62109375 4.72323036194
1478870461596 lifecam22 2061.77734375 5851.56005859 4.72265481949
1478870461662 lifecam22 2054.82470703 5851.35986328 4.7207698822
1478870461805 lifecam22 2040.6385498 5850.76611328 4.71514606476
1478870461867 lifecam22 2033.86242676 5849.47021484 4.72096347809
1478870461937 lifecam22 2026.83508301 5849.16943359 4.71790981293
1478870461989 lifecam22 2018.76281738 5845.58203125 4.7085313797
1478870462071 lifecam22 2011.48913574 5844.65332031 4.70125579834
1478870462205 lifecam22 1998.67199707 5843.41162109 4.71062850952
1478870462266 lifecam22 1992.03527832 5843.6328125 4.71272754669
1478870462331 lifecam22 1984.91564941 5843.52880859 4.71289110184
1478870462391 lifecam22 1978.70056152 5843.98388672 4.71721220016
1478870462459 lifecam22 1970.91540527 5843.52880859 4.71288919449
1478870462600 lifecam22 1959.69812012 5844.796875 4.72732877731
1478870462666 lifecam22 1953.52966309 5843.98974609 4.73079061508
1478870462722 lifecam22 1946.75842285 5843.22998047 4.73275947571
1478870462802 lifecam22 1940.10375977 5840.97070312 4.73436880112
1478870462872 lifecam22 1932.95336914 5838.81982422 4.72990655899
1478870463070 lifecam22 1913.71936035 5839.31884766 4.73909282684
1478870463130 lifecam22 1907.32214355 5839.37988281 4.73965644836
1478870463190 lifecam22 1900.1237793 5839.31640625 4.73907327652
1478870463263 lifecam22 1893.34106445 5839.39990234 4.73984336853
1478870463337 lifecam22 1886.91137695 5839.29199219 4.74004411697
1478870463529 lifecam22 1868.94519043 5836.921875 4.75051021576
1478870463596 lifecam22 1860.98852539 5835.18603516 4.74589300156
1478870463667 lifecam22 1852.65014648 5831.66015625 4.72696352005
1478870463729 lifecam22 1844.84802246 5830.51855469 4.72226762772
1478870463940 lifecam22 1823.82519531 5830.35986328 4.72077226639
1478870464003 lifecam22 1817.91174316 5830.63916016 4.72340011597
1478870464065 lifecam22 1812.67285156 5830.60009766 4.73790073395
1478870464142 lifecam22 1805.77856445 5831.01123047 4.73632335663
1478870464192 lifecam22 1800.78735352 5829.38574219 4.75355482101
1478870464344 lifecam22 1787.43481445 5828.03466797 4.75077390671
1478870464400 lifecam22 1784.35290527 5827.59667969 4.74915838242
1478870464466 lifecam22 1788.23120117 5828.83496094 4.7561173439
1478870464533 lifecam22 1784.85253906 5826.63037109 4.74206209183
1478870464608 lifecam22 1787.63098145 5828.69238281 4.75546884537
1478870464725 lifecam22 1787.13574219 5828.47363281 4.75361251831
1478870464793 lifecam22 1785.97802734 5828.22998047 4.75175952911
1478870464867 lifecam22 1786.22851562 5828.19921875 4.7513794899
1478870464942 lifecam22 1786.29150391 5828.40185547 4.75324964523
1478870465005 lifecam22 1785.79089355 5827.91894531 4.74841165543
1478870465132 lifecam22 1786.13183594 5827.91650391 4.74824953079
1478870465211 lifecam22 1786.88781738 5828.36425781 4.75268173218
1478870465274 lifecam22 1786.58239746 5828.55224609 4.75454950333
1478870465340 lifecam22 1786.59606934 5828.21386719 4.75137662888
1478870465409 lifecam22 1786.34838867 5827.85742188 4.74877262115
1478870465605 lifecam22 1786.14782715 5827.93212891 4.74840497971
1478870465674 lifecam22 1786.55310059 5828.18847656 4.75228738785
1478870465745 lifecam22 1786.42529297 5828.12353516 4.75171852112
1478870465795 lifecam22 1786.50024414 5827.98681641 4.75041294098
1478870465873 lifecam22 1785.79089355 5827.91894531 4.74841165543
1478870466070 lifecam22 1786.13256836 5827.97314453 4.75041484833
1478870466135 lifecam22 1786.49267578 5828.28369141 4.75158214569
1478870466196 lifecam22 1786.34838867 5827.85742188 4.74877262115
1478870466280 lifecam22 1785.85375977 5828.12060547 4.7502822876
1478870466338 lifecam22 1786.44042969 5828.08251953 4.74971103668
1478870466478 lifecam22 1785.91442871 5828.02783203 4.74988698959
1478870466542 lifecam22 1786.22851562 5828.19921875 4.7513794899
1478870466614 lifecam22 1785.98034668 5827.59082031 4.746737957
1478870466681 lifecam22 1786.29150391 5828.40185547 4.75324964523
1478870466729 lifecam22 1786.59667969 5828.56005859 4.75347280502
1478870466874 lifecam22 1786.13256836 5827.97314453 4.75041484833
1478870466933 lifecam22 1785.85375977 5828.12060547 4.7502822876
1478870467006 lifecam22 1786.53137207 5828.16796875 4.75210142136
1478870467069 lifecam22 1786.79309082 5828.13720703 4.75171899796
1478870467140 lifecam22 1786.27770996 5828.34277344 4.75106334686
1478870467282 lifecam22 1785.76928711 5827.89892578 4.74822568893
1478870467344 lifecam22 1786.59606934 5828.21386719 4.75137662888
