1478870973721 lifecam22 3192.61132812 5860.06347656 4.60153532028
1478870973790 lifecam22 3192.07373047 5859.56298828 4.59797859192
1478870973999 lifecam22 3192.34301758 5859.91064453 4.60008621216
1478870974063 lifecam22 3192.47216797 5860.13769531 4.60104227066
1478870974131 lifecam22 3192.38208008 5859.88574219 4.5996427536
1478870974199 lifecam22 3192.65112305 5860.23535156 4.60174751282
1478870974260 lifecam22 3192.57714844 5859.84179688 4.59973144531
1478870974399 lifecam22 3192.18383789 5859.78857422 4.59875917435
1478870974464 lifecam22 3192.18383789 5859.78857422 4.59875917435
1478870974531 lifecam22 3192.34594727 5859.7890625 4.59896087646
1478870974598 lifecam22 3192.57714844 5859.84179688 4.59973144531
1478870974669 lifecam22 3192.1809082 5859.90966797 4.59988307953
1478870974792 lifecam22 3192.07373047 5859.56298828 4.59797859192
1478870974866 lifecam22 3192.07373047 5859.56298828 4.59797859192
1478870974931 lifecam22 3192.88061523 5860.41210938 4.60364294052
1478870974997 lifecam22 3192.41186523 5859.96289062 4.60065460205
1478870975066 lifecam22 3192.34594727 5859.7890625 4.59896087646
1478870975259 lifecam22 3192.48730469 5860.35595703 4.60267543793
1478870975336 lifecam22 3192.34716797 5859.87255859 4.59889602661
1478870975398 lifecam22 3192.07177734 5859.75244141 4.59904384613
1478870975467 lifecam22 3192.98486328 5860.03613281 4.60070991516
1478870975535 lifecam22 3193.09960938 5860.12402344 4.60166072845
1478870975666 lifecam22 3193.09521484 5859.87988281 4.60183525085
1478870975726 lifecam22 3192.56225586 5859.56396484 4.59858989716
1478870975803 lifecam22 3193.24902344 5859.98388672 4.60186433792
1478870975861 lifecam22 3193.2512207 5860.19921875 4.60042476654
1478870975926 lifecam22 3193.35131836 5860.56347656 4.6015048027
1478870976068 lifecam22 3193.49316406 5860.81787109 4.59997701645
1478870976132 lifecam22 3193.49682617 5860.02734375 4.59292793274
1478870976201 lifecam22 3195.49511719 5860.11425781 4.59942483902
1478870976267 lifecam22 3195.09399414 5860.10400391 4.60204410553
1478870976333 lifecam22 3193.27075195 5859.35009766 4.59641313553
1478870976536 lifecam22 3187.74316406 5861.24121094 4.60936832428
1478870976603 lifecam22 3178.71069336 5861.66455078 4.61113023758
1478870976669 lifecam22 3173.35131836 5861.33154297 4.60192584991
1478870976735 lifecam22 3165.47119141 5860.88037109 4.60309171677
1478870976801 lifecam22 3158.60351562 5861.77001953 4.60403347015
1478870976931 lifecam22 3144.43945312 5862.03076172 4.60095787048
1478870976995 lifecam22 3138.42333984 5862.79003906 4.60265874863
1478870977064 lifecam22 3131.44799805 5862.54833984 4.60307168961
1478870977132 lifecam22 3124.33984375 5863.23583984 4.60154676437
1478870977203 lifecam22 3118.01538086 5863.51074219 4.60359716415
1478870977407 lifecam22 3098.47631836 5863.57617188 4.60425329208
1478870977470 lifecam22 3092.12719727 5864.36474609 4.6070599556
1478870977528 lifecam22 3085.3671875 5864.15380859 4.60542678833
1478870977594 lifecam22 3078.98413086 5864.65087891 4.60815382004
1478870977660 lifecam22 3073.0847168 5865.98583984 4.61500501633
1478870977797 lifecam22 3059.40673828 5866.74853516 4.61732673645
1478870977875 lifecam22 3053.00170898 5867.19970703 4.61977863312
1478870977937 lifecam22 3045.92578125 5866.86669922 4.61787605286
1478870977998 lifecam22 3040.27734375 5867.69091797 4.62188196182
1478870978069 lifecam22 3033.32104492 5867.71240234 4.61958694458
1478870978206 lifecam22 3020.9465332 5869.15527344 4.62565040588
1478870978274 lifecam22 3013.98852539 5868.53027344 4.62232255936
1478870978338 lifecam22 3008.06225586 5869.1328125 4.62509012222
1478870978403 lifecam22 3001.8269043 5869.22265625 4.62664031982
1478870978465 lifecam22 2994.3034668 5868.69042969 4.62242460251
1478870978669 lifecam22 2974.65332031 5869.89111328 4.62711715698
1478870978741 lifecam22 2967.74462891 5870.36474609 4.62900829315
1478870978806 lifecam22 2961.90209961 5869.90771484 4.63209009171
1478870978867 lifecam22 2954.65917969 5870.62890625 4.63077163696
1478870978940 lifecam22 2947.85571289 5870.12695312 4.63153409958
1478870979073 lifecam22 2934.41918945 5870.72607422 4.6323800087
1478870979133 lifecam22 2928.02856445 5870.328125 4.63226032257
1478870979209 lifecam22 2921.62158203 5870.64746094 4.63327693939
1478870979272 lifecam22 2914.39282227 5870.0703125 4.63017845154
1478870979335 lifecam22 2907.51879883 5870.45507812 4.6313791275
1478870979528 lifecam22 2887.21704102 5871.46289062 4.63621807098
1478870979602 lifecam22 2880.63134766 5871.08007812 4.63563346863
1478870979675 lifecam22 2873.24389648 5871.14257812 4.63589048386
1478870979741 lifecam22 2868.23510742 5871.98095703 4.64167690277
1478870979878 lifecam22 2855.42529297 5873.50585938 4.64804697037
1478870979949 lifecam22 2848.36450195 5873.58886719 4.64746952057
1478870980010 lifecam22 2841.19848633 5873.05419922 4.6450381279
1478870980077 lifecam22 2835.42895508 5873.83886719 4.6505856514
1478870980141 lifecam22 2828.26953125 5872.4375 4.64248418808
1478870980271 lifecam22 2814.17944336 5871.89550781 4.63339185715
1478870980343 lifecam22 2807.71289062 5872.80566406 4.64380121231
1478870980403 lifecam22 2800.59350586 5873.10888672 4.63765668869
1478870980465 lifecam22 2794.18725586 5873.62451172 4.64019823074
1478870980543 lifecam22 2787.58666992 5872.63867188 4.64182090759
1478870980675 lifecam22 2774.72558594 5872.69189453 4.64394140244
1478870980751 lifecam22 2768.51782227 5873.90673828 4.64706325531
1478870980806 lifecam22 2761.0480957 5872.72314453 4.64300966263
1478870980875 lifecam22 2755.19335938 5873.40332031 4.64912176132
1478870980939 lifecam22 2748.62939453 5873.41552734 4.64927864075
1478870981134 lifecam22 2728.59277344 5873.66650391 4.65248918533
1478870981202 lifecam22 2722.85717773 5874.75976562 4.66101455688
1478870981271 lifecam22 2715.2265625 5874.90722656 4.65921020508
1478870981339 lifecam22 2708.25927734 5874.15966797 4.65750980377
1478870981411 lifecam22 2702.66381836 5875.78369141 4.6669011116
1478870981540 lifecam22 2688.81201172 5874.140625 4.6574382782
1478870981606 lifecam22 2682.60864258 5875.21240234 4.66436433792
1478870981678 lifecam22 2676.10424805 5875.80517578 4.66771888733
1478870981738 lifecam22 2669.38891602 5875.93164062 4.66905212402
1478870981805 lifecam22 2662.21166992 5875.49658203 4.6659860611
1478870981942 lifecam22 2648.87036133 5874.85302734 4.66287612915
1478870982000 lifecam22 2641.11962891 5874.77490234 4.66299676895
1478870982075 lifecam22 2634.38671875 5874.69384766 4.66238594055
1478870982142 lifecam22 2627.66357422 5875.375 4.66638612747
1478870982206 lifecam22 2619.92529297 5874.79492188 4.66426229477
1478870982409 lifecam22 2601.03393555 5874.81982422 4.66809988022
1478870982475 lifecam22 2594.7043457 5875.13964844 4.67014074326
1478870982545 lifecam22 2587.61474609 5873.15966797 4.6674618721
1478870982607 lifecam22 2580.93896484 5874.53466797 4.67111873627
1478870982675 lifecam22 2574.98046875 5873.76660156 4.6729516983
1478870982815 lifecam22 2561.1550293 5872.66113281 4.6694226265
1478870982874 lifecam22 2555.07788086 5873.38867188 4.67999982834
1478870982946 lifecam22 2548.48681641 5873.68359375 4.68091821671
1478870983010 lifecam22 2541.68847656 5873.42431641 4.68272686005
1478870983072 lifecam22 2535.05078125 5873.87939453 4.68591737747
1478870983213 lifecam22 2520.64941406 5872.5859375 4.67748022079
1478870983272 lifecam22 2513.59326172 5872.265625 4.67336845398
1478870983346 lifecam22 2506.64135742 5872.30224609 4.6726102829
1478870983404 lifecam22 2499.64672852 5872.03564453 4.67146587372
1478870983470 lifecam22 2493.03051758 5872.26318359 4.67360877991
1478870983612 lifecam22 2478.69506836 5871.01269531 4.66758966446
1478870983687 lifecam22 2472.80371094 5870.26123047 4.66734552383
1478870983744 lifecam22 2465.88500977 5870.40576172 4.6741194725
1478870983815 lifecam22 2459.32446289 5869.79394531 4.67076444626
1478870983884 lifecam22 2452.30078125 5870.04736328 4.67734670639
1478870984013 lifecam22 2438.76342773 5869.51513672 4.67204666138
1478870984079 lifecam22 2432.20043945 5869.60498047 4.6756196022
1478870984144 lifecam22 2427.44873047 5870.05273438 4.68084192276
1478870984205 lifecam22 2422.71972656 5870.67822266 4.68905830383
1478870984278 lifecam22 2416.02026367 5870.68359375 4.69172477722
1478870984416 lifecam22 2404.01098633 5870.88769531 4.70470380783
1478870984481 lifecam22 2397.01123047 5871.18652344 4.70470333099
1478870984549 lifecam22 2389.30493164 5869.60986328 4.69709444046
1478870984609 lifecam22 2382.72949219 5870.26171875 4.70216989517
1478870984683 lifecam22 2375.52539062 5869.92236328 4.70033359528
1478870984883 lifecam22 2354.06982422 5868.59912109 4.69624137878
1478870984950 lifecam22 2346.18139648 5866.67578125 4.68831777573
1478870985012 lifecam22 2339.30761719 5866.91699219 4.68943881989
1478870985079 lifecam22 2332.15063477 5866.11132812 4.6880440712
1478870985144 lifecam22 2325.35498047 5866.56054688 4.68986129761
1478870985281 lifecam22 2311.22485352 5864.33251953 4.68870306015
1478870985350 lifecam22 2304.26318359 5863.68261719 4.68511867523
1478870985473 lifecam22 2290.99829102 5863.55712891 4.68669843674
1478870985542 lifecam22 2284.56079102 5863.79882812 4.69183397293
1478870985683 lifecam22 2272.56518555 5864.31542969 4.70605945587
1478870985747 lifecam22 2266.57788086 5864.67333984 4.71092987061
1478870985814 lifecam22 2262.42700195 5865.5625 4.72142982483
1478870985876 lifecam22 2257.73828125 5866.44140625 4.72985601425
1478870985938 lifecam22 2250.88671875 5866.27148438 4.72934103012
1478870986081 lifecam22 2235.25366211 5863.21923828 4.70767688751
1478870986147 lifecam22 2227.03027344 5859.62207031 4.6903386116
1478870986215 lifecam22 2219.94726562 5859.15136719 4.68960237503
1478870986283 lifecam22 2212.73901367 5857.65136719 4.687748909
1478870986345 lifecam22 2206.42895508 5857.65234375 4.69051980972
1478870986551 lifecam22 2187.01123047 5857.18701172 4.70470333099
1478870986617 lifecam22 2180.43261719 5857.31201172 4.70852136612
1478870986688 lifecam22 2173.65356445 5857.40039062 4.71052408218
1478870986757 lifecam22 2166.65332031 5857.39990234 4.71052312851
1478870986815 lifecam22 2159.89770508 5857.51757812 4.71278333664
1478870986954 lifecam22 2145.89746094 5857.51757812 4.71278333664
1478870987019 lifecam22 2138.91479492 5857.52832031 4.71288728714
1478870987083 lifecam22 2134.30444336 5858.83691406 4.72526407242
1478870987149 lifecam22 2126.37158203 5858.09814453 4.72196483612
1478870987217 lifecam22 2123.40722656 5860.00732422 4.74115180969
1478870987348 lifecam22 2107.87133789 5853.58300781 4.72505378723
1478870987423 lifecam22 2101.20849609 5854.75292969 4.73095607758
1478870987485 lifecam22 2095.1796875 5852.99462891 4.73371934891
1478870987553 lifecam22 2089.15454102 5853.15136719 4.73522186279
1478870987616 lifecam22 2082.62915039 5853.17626953 4.73662567139
1478870987740 lifecam22 2068.94799805 5853.22900391 4.73826217651
1478870987821 lifecam22 2062.10986328 5852.12255859 4.72794437408
1478870987881 lifecam22 2054.82470703 5851.35986328 4.7207698822
1478870987941 lifecam22 2047.78259277 5851.18164062 4.7190861702
1478870988021 lifecam22 2041.55456543 5850.91503906 4.72736358643
1478870988149 lifecam22 2027.15930176 5845.65380859 4.71757698059
1478870988208 lifecam22 2022.34289551 5848.49804688 4.73856925964
1478870988287 lifecam22 2012.84020996 5843.83740234 4.71464681625
1478870988414 lifecam22 1999.32116699 5843.98291016 4.71720457077
1478870988552 lifecam22 1986.7088623 5844.51806641 4.72226333618
1478870988618 lifecam22 1980.07897949 5844.75830078 4.72452545166
1478870988688 lifecam22 1973.18481445 5844.59863281 4.72527837753
1478870988754 lifecam22 1966.94213867 5844.95556641 4.72973632812
1478870988815 lifecam22 1962.09936523 5845.91748047 4.74289131165
1478870989020 lifecam22 1943.73742676 5842.19775391 4.75649929047
1478870989092 lifecam22 1935.50830078 5840.19921875 4.74493169785
1478870989160 lifecam22 1927.76586914 5839.63916016 4.74092531204
1478870989215 lifecam22 1921.0501709 5839.37939453 4.73965454102
1478870989288 lifecam22 1914.04980469 5839.37939453 4.73965406418
1478870989419 lifecam22 1900.92126465 5839.43652344 4.74378919601
1478870989489 lifecam22 1894.6237793 5839.57421875 4.74885511398
1478870989555 lifecam22 1889.24829102 5838.33886719 4.7634677887
1478870989623 lifecam22 1882.69006348 5838.01367188 4.76768541336
1478870989685 lifecam22 1874.18847656 5833.55419922 4.74355792999
1478870989823 lifecam22 1859.40283203 5831.01757812 4.72695827484
1478870989887 lifecam22 1852.70214844 5831.03515625 4.72712373734
1478870989956 lifecam22 1846.36791992 5831.39160156 4.73046302795
1478870990018 lifecam22 1839.81567383 5831.81298828 4.74032878876
1478870990080 lifecam22 1834.20007324 5832.09716797 4.74835014343
1478870990221 lifecam22 1821.8795166 5831.17871094 4.76351833344
1478870990288 lifecam22 1816.06628418 5830.25146484 4.76185798645
1478870990352 lifecam22 1809.70959473 5830.17382812 4.76486539841
1478870990423 lifecam22 1802.02758789 5829.57226562 4.7609333992
1478870990489 lifecam22 1796.16748047 5829.77929688 4.76499271393
1478870990625 lifecam22 1788.80566406 5828.16601562 4.75966262817
1478870990692 lifecam22 1788.97888184 5827.84765625 4.75588178635
1478870990752 lifecam22 1788.0534668 5827.3515625 4.75370740891
1478870990825 lifecam22 1789.02734375 5828.36914062 4.75923967361
1478870990890 lifecam22 1788.95581055 5828.02783203 4.75839710236
1478870991093 lifecam22 1789.01245117 5828.35400391 4.75909948349
1478870991157 lifecam22 1788.37353516 5827.53466797 4.75537967682
1478870991217 lifecam22 1788.6282959 5827.66162109 4.75651931763
1478870991293 lifecam22 1788.95581055 5828.02783203 4.75839710236
1478870991356 lifecam22 1788.97412109 5828.04882812 4.75857210159
1478870991490 lifecam22 1788.66125488 5827.68505859 4.75559234619
1478870991556 lifecam22 1788.77001953 5827.66601562 4.75653791428
1478870991622 lifecam22 1789.07897949 5828.02734375 4.75948524475
1478870991696 lifecam22 1788.98510742 5828.04736328 4.75743436813
1478870991756 lifecam22 1788.95581055 5828.02783203 4.75839710236
1478870991893 lifecam22 1788.59289551 5827.91894531 4.7563123703
1478870991965 lifecam22 1788.84729004 5828.04638672 4.75745248795
1478870992027 lifecam22 1788.31384277 5827.29785156 4.75353002548
1478870992089 lifecam22 1788.75817871 5828.22607422 4.75796079636
1478870992150 lifecam22 1788.51928711 5827.68066406 4.75557279587
1478870992293 lifecam22 1788.66125488 5827.68505859 4.75559234619
