1478869474797 lifecam22 3195.36743164 5859.11035156 4.61871862411
1478869474857 lifecam22 3195.69726562 5859.24072266 4.62027168274
1478869474938 lifecam22 3195.42260742 5858.77636719 4.61682081223
1478869474998 lifecam22 3195.13012695 5858.80761719 4.61548709869
1478869475194 lifecam22 3195.40527344 5859.12841797 4.61892461777
1478869475259 lifecam22 3195.40527344 5859.12841797 4.61892461777
1478869475335 lifecam22 3195.3671875 5858.84912109 4.6175904274
1478869475399 lifecam22 3195.65942383 5859.22265625 4.6200633049
1478869475458 lifecam22 3195.17138672 5858.82714844 4.61703300476
1478869475678 lifecam22 3195.40527344 5859.12841797 4.61892461777
1478869475743 lifecam22 3195.11914062 5858.66992188 4.61549663544
1478869475802 lifecam22 3195.36743164 5859.11035156 4.61871862411
1478869475857 lifecam22 3195.6574707 5859.07958984 4.61871623993
1478869475933 lifecam22 3195.13110352 5858.80859375 4.61682271957
1478869476137 lifecam22 3194.95996094 5858.81591797 4.61528778076
1478869476202 lifecam22 3195.42724609 5859.40625 4.620241642
1478869476269 lifecam22 3195.45776367 5858.90917969 4.6183552742
1478869476339 lifecam22 3195.94897461 5859.19140625 4.62006092072
1478869476410 lifecam22 3195.11425781 5858.63818359 4.61547613144
1478869476609 lifecam22 3195.35571289 5858.97119141 4.61739206314
1478869476671 lifecam22 3195.35571289 5858.97119141 4.61739206314
1478869476734 lifecam22 3195.42260742 5858.77636719 4.61682081223
1478869476810 lifecam22 3195.6574707 5859.07958984 4.61871623993
1478869476878 lifecam22 3195.24682617 5859.27392578 4.61871480942
1478869477072 lifecam22 3195.41723633 5859.26855469 4.6202507019
1478869477140 lifecam22 3195.66918945 5859.21923828 4.62004041672
1478869477205 lifecam22 3195.40527344 5859.12841797 4.61892461777
1478869477278 lifecam22 3195.65942383 5859.22265625 4.6200633049
1478869477341 lifecam22 3195.35571289 5858.97119141 4.61739206314
1478869477414 lifecam22 3195.13110352 5858.80859375 4.61682271957
1478869477476 lifecam22 3195.6472168 5859.08300781 4.61873674393
1478869477533 lifecam22 3195.35571289 5858.97119141 4.61739206314
1478869477597 lifecam22 3195.35571289 5858.97119141 4.61739206314
1478869477677 lifecam22 3195.19580078 5858.85693359 4.61472606659
1478869477878 lifecam22 3196.00170898 5858.98681641 4.61819028854
1478869477933 lifecam22 3196.41259766 5859.18603516 4.62047386169
1478869478007 lifecam22 3195.73461914 5858.78710938 4.61724758148
1478869478071 lifecam22 3195.82666016 5858.84326172 4.61666059494
1478869478343 lifecam22 3195.3269043 5859.98779297 4.61510467529
1478869478399 lifecam22 3195.60375977 5859.82226562 4.61384439468
1478869478457 lifecam22 3195.63989258 5859.35986328 4.61473798752
1478869478543 lifecam22 3198.70751953 5860.47705078 4.62419319153
1478869478612 lifecam22 3198.32666016 5861.57861328 4.62643432617
1478869478743 lifecam22 3196.30053711 5860.52294922 4.62103557587
1478869478810 lifecam22 3196.01049805 5858.99267578 4.6170091629
1478869478876 lifecam22 3196.74926758 5859.33544922 4.62220859528
1478869478936 lifecam22 3196.11157227 5859.34082031 4.61891746521
1478869479013 lifecam22 3196.03808594 5858.89453125 4.61857366562
1478869479144 lifecam22 3195.79931641 5859.21191406 4.61738204956
1478869479204 lifecam22 3196.2824707 5859.33740234 4.62045240402
1478869479276 lifecam22 3196.30395508 5859.09570312 4.61951828003
1478869479342 lifecam22 3195.86425781 5858.75146484 4.61704349518
1478869479409 lifecam22 3196.24609375 5859.05957031 4.61911821365
1478869479542 lifecam22 3196.1340332 5859.09960938 4.61798620224
1478869479609 lifecam22 3196.1340332 5859.09960938 4.61798620224
1478869479671 lifecam22 3196.36791992 5858.77539062 4.61779594421
1478869479735 lifecam22 3196.28759766 5859.09326172 4.61816310883
1478869479806 lifecam22 3195.70678711 5859.11865234 4.61913537979
1478869479945 lifecam22 3197.51147461 5860.30566406 4.61907434464
1478869480011 lifecam22 3199.76196289 5860.40673828 4.62362575531
1478869480079 lifecam22 3200.46899414 5860.46875 4.62731075287
1478869480138 lifecam22 3195.43896484 5859.16552734 4.61799097061
1478869480199 lifecam22 3197.1315918 5859.13085938 4.62067461014
1478869480405 lifecam22 3178.578125 5857.17773438 4.60522031784
1478869480473 lifecam22 3175.18505859 5857.85839844 4.60923671722
1478869480552 lifecam22 3169.02539062 5858.78125 4.61472892761
1478869480614 lifecam22 3160.50317383 5858.96875 4.61221694946
1478869480680 lifecam22 3155.55249023 5859.62646484 4.61641216278
1478869480817 lifecam22 3141.96240234 5861.55029297 4.6243891716
1478869480873 lifecam22 3136.83203125 5861.6015625 4.62687158585
1478869480950 lifecam22 3129.26831055 5861.66162109 4.62436389923
1478869481017 lifecam22 3122.93652344 5861.55908203 4.62403917313
1478869481070 lifecam22 3116.0715332 5861.19970703 4.6234459877
1478869481203 lifecam22 3103.07592773 5862.59912109 4.63182258606
1478869481280 lifecam22 3095.88330078 5862.99755859 4.63151550293
1478869481346 lifecam22 3089.2277832 5863.01757812 4.63070631027
1478869481412 lifecam22 3082.39282227 5862.83642578 4.63194799423
1478869481480 lifecam22 3075.79248047 5863.29296875 4.63134813309
1478869481610 lifecam22 3062.32519531 5863.08300781 4.63238763809
1478869481676 lifecam22 3055.17138672 5862.46972656 4.62650299072
1478869481735 lifecam22 3048.65063477 5862.44287109 4.62669658661
1478869481817 lifecam22 3042.02563477 5862.82617188 4.62548732758
1478869481881 lifecam22 3035.16088867 5862.19287109 4.62229728699
1478869482016 lifecam22 3021.56201172 5863.00878906 4.62512159348
1478869482083 lifecam22 3016.26928711 5863.23974609 4.63003063202
1478869482157 lifecam22 3009.91748047 5863.87988281 4.63271093369
1478869482211 lifecam22 3002.89306641 5863.85839844 4.63255310059
1478869482283 lifecam22 2996.41015625 5863.78759766 4.63230085373
1478869482480 lifecam22 2977.20117188 5864.79101562 4.63769245148
1478869482549 lifecam22 2970.56030273 5865.75341797 4.64040565491
1478869482609 lifecam22 2963.89941406 5865.39404297 4.63982820511
1478869482681 lifecam22 2957.51220703 5865.65087891 4.64020442963
1478869482749 lifecam22 2950.54296875 5865.9375 4.64036083221
1478869482946 lifecam22 2930.27416992 5865.62548828 4.64171886444
1478869483016 lifecam22 2923.02148438 5866.66357422 4.64459896088
1478869483074 lifecam22 2915.9296875 5866.63671875 4.64315509796
1478869483151 lifecam22 2909.546875 5865.98486328 4.6439614296
1478869483221 lifecam22 2903.32250977 5867.23486328 4.64300537109
1478869483353 lifecam22 2891.05639648 5867.85107422 4.65539216995
1478869483416 lifecam22 2883.73071289 5866.64746094 4.65044593811
1478869483485 lifecam22 2877.21508789 5866.65771484 4.65347862244
1478869483544 lifecam22 2871.44311523 5867.80029297 4.65894699097
1478869483616 lifecam22 2863.92358398 5866.85302734 4.65463495255
1478869483747 lifecam22 2850.52539062 5867.07568359 4.65609455109
1478869483820 lifecam22 2844.33813477 5868.70898438 4.66451931
1478869483887 lifecam22 2837.41601562 5868.10595703 4.66250801086
1478869483946 lifecam22 2830.81445312 5868.44384766 4.66593551636
1478869484021 lifecam22 2824.44067383 5868.45556641 4.66500234604
1478869484148 lifecam22 2810.76245117 5867.00683594 4.65269517899
1478869484215 lifecam22 2804.51220703 5867.76416016 4.6551823616
1478869484286 lifecam22 2797.4284668 5867.67724609 4.65568065643
1478869484351 lifecam22 2791.40966797 5868.26220703 4.66038894653
1478869484418 lifecam22 2786.3112793 5869.05419922 4.66889047623
1478869484557 lifecam22 2772.43408203 5869.1796875 4.66767978668
1478869484616 lifecam22 2765.06665039 5868.08105469 4.66284132004
1478869484687 lifecam22 2758.75 5868.41943359 4.66510105133
1478869484754 lifecam22 2751.87255859 5869.26367188 4.66983032227
1478869484819 lifecam22 2745.05834961 5869.20166016 4.67159795761
1478869485022 lifecam22 2724.54907227 5868.08154297 4.66504526138
1478869485086 lifecam22 2718.05566406 5869.12548828 4.67204618454
1478869485147 lifecam22 2710.02783203 5867.109375 4.66232728958
1478869485218 lifecam22 2704.2121582 5868.49023438 4.6685218811
1478869485286 lifecam22 2696.5065918 5866.85400391 4.66025781631
1478869485418 lifecam22 2683.45703125 5867.08056641 4.66314935684
1478869485481 lifecam22 2675.55981445 5865.54736328 4.65460300446
1478869485556 lifecam22 2670.02758789 5867.96630859 4.66790246964
1478869485622 lifecam22 2663.38623047 5867.06835938 4.6663184166
1478869485690 lifecam22 2656.99707031 5867.09423828 4.66673755646
1478869485818 lifecam22 2643.17504883 5866.57910156 4.66600561142
1478869485890 lifecam22 2637.43579102 5867.92041016 4.67412996292
1478869485954 lifecam22 2630.67773438 5867.73095703 4.67507696152
1478869486023 lifecam22 2625.61816406 5868.53710938 4.68586111069
1478869486089 lifecam22 2618.63989258 5869.11083984 4.68600893021
1478869486229 lifecam22 2604.40380859 5867.34863281 4.68277025223
1478869486294 lifecam22 2597.65771484 5867.29443359 4.68367290497
1478869486351 lifecam22 2590.73632812 5866.38720703 4.68313217163
1478869486411 lifecam22 2583.86254883 5866.62792969 4.68424749374
1478869486480 lifecam22 2576.57275391 5866.37402344 4.68292331696
1478869486614 lifecam22 2562.8762207 5866.50341797 4.68313598633
1478869486692 lifecam22 2555.60229492 5864.65234375 4.6790394783
1478869486757 lifecam22 2548.8684082 5865.35009766 4.67713022232
1478869486821 lifecam22 2541.54638672 5864.16992188 4.67578363419
1478869486891 lifecam22 2534.86010742 5862.98925781 4.67481279373
1478869487027 lifecam22 2522.08813477 5862.90283203 4.67718601227
1478869487087 lifecam22 2514.55981445 5862.82080078 4.67485284805
1478869487152 lifecam22 2508.75878906 5862.86230469 4.67921733856
1478869487218 lifecam22 2501.47875977 5862.73388672 4.67788219452
1478869487291 lifecam22 2495.05957031 5863.00976562 4.68074607849
1478869487427 lifecam22 2482.28613281 5863.84521484 4.68947076797
1478869487490 lifecam22 2476.23486328 5863.83691406 4.6980304718
1478869487550 lifecam22 2470.46264648 5863.76953125 4.70034790039
1478869487622 lifecam22 2465.98803711 5864.19140625 4.70468139648
1478869487687 lifecam22 2459.53320312 5864.71142578 4.71218347549
1478869487824 lifecam22 2446.30078125 5864.4609375 4.70990419388
1478869487887 lifecam22 2439.70288086 5864.58105469 4.712225914
1478869487960 lifecam22 2432.4128418 5864.02294922 4.70834207535
1478869488018 lifecam22 2425.67504883 5864.15087891 4.71070957184
1478869488093 lifecam22 2416.68383789 5860.81787109 4.69279289246
1478869488230 lifecam22 2402.50048828 5860.34960938 4.69115543365
1478869488290 lifecam22 2395.77563477 5860.86230469 4.69361162186
1478869488355 lifecam22 2388.2956543 5859.78515625 4.68933153152
1478869488426 lifecam22 2381.37011719 5857.33886719 4.68999528885
1478869488482 lifecam22 2374.39428711 5858.54736328 4.6902089119
1478869488689 lifecam22 2353.89941406 5857.0078125 4.69471693039
1478869488762 lifecam22 2348.01123047 5857.18652344 4.70470380783
1478869488816 lifecam22 2341.06542969 5856.59814453 4.69645881653
1478869488893 lifecam22 2334.78320312 5856.90087891 4.70561885834
1478869488960 lifecam22 2328.53466797 5856.89941406 4.70474100113
1478869489088 lifecam22 2317.24609375 5858.14648438 4.71875572205
1478869489149 lifecam22 2309.66479492 5858.07421875 4.71806621552
1478869489216 lifecam22 2302.41503906 5858.24707031 4.71970319748
1478869489277 lifecam22 2298.46606445 5859.32128906 4.72980356216
1478869489355 lifecam22 2292.62548828 5859.47167969 4.7323884964
1478869489554 lifecam22 2269.98999023 5853.64111328 4.71223926544
1478869489619 lifecam22 2263.09130859 5851.73828125 4.70093584061
1478869489685 lifecam22 2256.02929688 5851.36474609 4.70495510101
1478869489754 lifecam22 2249.79589844 5850.38183594 4.70519781113
1478869489819 lifecam22 2243.29174805 5850.3125 4.7085146904
1478869489961 lifecam22 2229.67114258 5850.41113281 4.71062612534
1478869490079 lifecam22 2215.91503906 5850.52880859 4.71288967133
1478869490144 lifecam22 2208.91479492 5850.52832031 4.7128868103
1478869490216 lifecam22 2201.91479492 5850.52832031 4.71288824081
1478869490285 lifecam22 2194.91479492 5850.52880859 4.71288824081
1478869490423 lifecam22 2179.3894043 5845.62597656 4.69910764694
1478869490486 lifecam22 2173.94189453 5848.69580078 4.71417045593
1478869490554 lifecam22 2165.07519531 5843.42724609 4.69629096985
1478869490617 lifecam22 2161.31616211 5844.57519531 4.71421813965
1478869490688 lifecam22 2156.79418945 5845.64892578 4.72925186157
1478869490888 lifecam22 2137.13134766 5846.31640625 4.73906946182
1478869490953 lifecam22 2130.77709961 5846.53710938 4.74111461639
1478869491017 lifecam22 2124.22241211 5846.41064453 4.73994493484
1478869491082 lifecam22 2117.58276367 5846.19189453 4.73791790009
1478869491153 lifecam22 2111.18359375 5845.76660156 4.73513746262
1478869491358 lifecam22 2090.984375 5845.40039062 4.738904953
1478869491415 lifecam22 2084.87353516 5844.26513672 4.74682235718
1478869491486 lifecam22 2078.07226562 5841.25048828 4.74113941193
1478869491551 lifecam22 2069.16870117 5837.65283203 4.71877813339
1478869491620 lifecam22 2061.72070312 5836.98339844 4.71721410751
1478869491825 lifecam22 2040.63903809 5836.76660156 4.71514892578
1478869491898 lifecam22 2033.91516113 5836.52832031 4.71289014816
1478869491964 lifecam22 2026.91540527 5836.52880859 4.712890625
1478869492024 lifecam22 2020.66955566 5836.72265625 4.71836614609
1478869492088 lifecam22 2014.19152832 5836.81201172 4.72171926498
1478869492290 lifecam22 1995.73718262 5831.51318359 4.73040962219
1478869492357 lifecam22 1989.98278809 5832.41015625 4.73877477646
1478869492421 lifecam22 1983.54162598 5832.42871094 4.74011135101
1478869492490 lifecam22 1976.83850098 5832.44433594 4.74025630951
1478869492550 lifecam22 1969.79589844 5832.40429688 4.73988199234
1478869492746 lifecam22 1951.20300293 5832.71289062 4.75440359116
1478869492820 lifecam22 1945.01696777 5832.23828125 4.7630777359
1478869492891 lifecam22 1938.21118164 5831.87402344 4.76464271545
1478869492949 lifecam22 1931.36291504 5830.47216797 4.76406288147
1478869493016 lifecam22 1924.48388672 5830.14160156 4.76469659805
1478869493228 lifecam22 1901.59082031 5825.19824219 4.73696184158
1478869493299 lifecam22 1894.59399414 5825.07080078 4.73578023911
1478869493359 lifecam22 1888.35473633 5824.23486328 4.73490953445
1478869493418 lifecam22 1881.55847168 5823.75927734 4.73163890839
1478869493486 lifecam22 1877.19689941 5824.65429688 4.75923252106
1478869493686 lifecam22 1856.45495605 5821.72753906 4.75366067886
1478869493762 lifecam22 1849.87512207 5821.94482422 4.75552940369
1478869493822 lifecam22 1840.52355957 5817.35449219 4.73011636734
1478869493894 lifecam22 1833.51733398 5817.94775391 4.73350381851
1478869493953 lifecam22 1828.42541504 5817.984375 4.74321317673
