1478870626927 lifecam22 3192.94555664 5858.29736328 4.60044240952
1478870627124 lifecam22 3193.07177734 5858.35986328 4.60118198395
1478870627181 lifecam22 3193.27783203 5858.54492188 4.6018652916
1478870627254 lifecam22 3192.72729492 5858.13818359 4.59758758545
1478870627321 lifecam22 3193.2199707 5858.40429688 4.6004781723
1478870627382 lifecam22 3192.98486328 5858.32910156 4.59967899323
1478870627592 lifecam22 3192.56445312 5858.25878906 4.59851074219
1478870627649 lifecam22 3192.7043457 5858.24169922 4.59852409363
1478870627722 lifecam22 3193.19458008 5858.58349609 4.60225152969
1478870627792 lifecam22 3192.7043457 5858.24169922 4.59852409363
1478870627850 lifecam22 3192.82226562 5858.296875 4.59918212891
1478870628064 lifecam22 3192.94799805 5858.25292969 4.60033750534
1478870628125 lifecam22 3193.07617188 5858.52832031 4.6015920639
1478870628189 lifecam22 3192.58764648 5858.15478516 4.59757614136
1478870628257 lifecam22 3192.98486328 5858.32910156 4.59967899323
1478870628321 lifecam22 3193.0690918 5858.62792969 4.60109853745
1478870628523 lifecam22 3192.82958984 5858.19726562 4.59967899323
1478870628593 lifecam22 3193.09179688 5858.67675781 4.60158061981
1478870628668 lifecam22 3192.7043457 5858.24169922 4.59852409363
1478870628725 lifecam22 3193.0690918 5858.62792969 4.60109853745
1478870628796 lifecam22 3192.98486328 5858.32910156 4.59967899323
1478870628924 lifecam22 3192.78808594 5858.14453125 4.59900665283
1478870628992 lifecam22 3193.11474609 5858.57373047 4.60064315796
1478870629059 lifecam22 3193.29614258 5858.18164062 4.60009813309
1478870629126 lifecam22 3193.47583008 5858.33056641 4.60029459
1478870629198 lifecam22 3193.36010742 5858.10253906 4.60040998459
1478870629328 lifecam22 3193.72241211 5858.66259766 4.60220575333
1478870629392 lifecam22 3194.38549805 5858.13867188 4.60188913345
1478870629460 lifecam22 3194.01904297 5859.12597656 4.60445642471
1478870629525 lifecam22 3193.98999023 5858.76220703 4.59954166412
1478870629594 lifecam22 3194.79956055 5860.37646484 4.60536909103
1478870629791 lifecam22 3193.23901367 5858.65527344 4.60396575928
1478870629866 lifecam22 3194.55932617 5859.28955078 4.60635042191
1478870629922 lifecam22 3193.19238281 5858.62939453 4.60236120224
1478870630001 lifecam22 3194.25195312 5858.69140625 4.60311222076
1478870630067 lifecam22 3188.41040039 5858.24658203 4.60020399094
1478870630265 lifecam22 3167.43896484 5859.70703125 4.60415458679
1478870630334 lifecam22 3159.62719727 5859.98242188 4.60536623001
1478870630398 lifecam22 3154.48242188 5861.24121094 4.609375
1478870630462 lifecam22 3147.29589844 5861.9609375 4.61257123947
1478870630527 lifecam22 3140.35839844 5861.67431641 4.60917282104
1478870630665 lifecam22 3127.40112305 5862.33886719 4.61148548126
1478870630729 lifecam22 3121.00585938 5862.42333984 4.61044406891
1478870630801 lifecam22 3113.97192383 5862.61230469 4.60966062546
1478870630861 lifecam22 3106.98266602 5862.65917969 4.60890245438
1478870630932 lifecam22 3099.75048828 5863.32177734 4.6072063446
1478870631068 lifecam22 3086.14306641 5863.54052734 4.60558271408
1478870631130 lifecam22 3079.84643555 5864.13476562 4.60523080826
1478870631196 lifecam22 3073.03198242 5863.90429688 4.60887861252
1478870631260 lifecam22 3067.35986328 5865.18310547 4.61175775528
1478870631327 lifecam22 3059.66674805 5864.23242188 4.60988235474
1478870631463 lifecam22 3046.48242188 5864.72070312 4.60915279388
1478870631529 lifecam22 3040.07421875 5864.20605469 4.60476875305
1478870631601 lifecam22 3034.12036133 5865.41210938 4.61065483093
1478870631666 lifecam22 3027.14160156 5865.05810547 4.60721063614
1478870631733 lifecam22 3020.83325195 5866.36523438 4.61500024796
1478870631863 lifecam22 3007.60522461 5866.47900391 4.61557245255
1478870631927 lifecam22 3001.81835938 5868.00634766 4.62329244614
1478870632000 lifecam22 2995.33056641 5867.61230469 4.62141799927
1478870632067 lifecam22 2989.30322266 5868.33544922 4.6260433197
1478870632131 lifecam22 2983.64916992 5869.12109375 4.62959623337
1478870632268 lifecam22 2970.19702148 5870.07080078 4.63389921188
1478870632336 lifecam22 2963.46582031 5869.89111328 4.63125991821
1478870632399 lifecam22 2956.60961914 5869.88720703 4.63253545761
1478870632467 lifecam22 2949.64892578 5869.78027344 4.62899208069
1478870632533 lifecam22 2942.72631836 5869.96728516 4.63220834732
1478870632666 lifecam22 2928.70043945 5870.31396484 4.63152694702
1478870632733 lifecam22 2921.71801758 5870.20800781 4.63055324554
1478870632795 lifecam22 2915.08056641 5870.53857422 4.63127803802
1478870632867 lifecam22 2908.41308594 5870.26123047 4.63166379929
1478870632935 lifecam22 2902.12255859 5870.84765625 4.63524007797
1478870633073 lifecam22 2888.68139648 5870.39013672 4.63525438309
1478870633138 lifecam22 2882.25463867 5871.36962891 4.63973426819
1478870633195 lifecam22 2875.87182617 5870.44628906 4.63551092148
1478870633266 lifecam22 2869.19287109 5871.23779297 4.63924694061
1478870633333 lifecam22 2862.40136719 5870.47949219 4.6322054863
1478870633527 lifecam22 2841.95141602 5870.91259766 4.63434886932
1478870633600 lifecam22 2835.28515625 5870.70214844 4.63511991501
1478870633656 lifecam22 2829.40356445 5871.22607422 4.63720083237
1478870633729 lifecam22 2822.39282227 5871.35253906 4.63836860657
1478870633805 lifecam22 2816.79882812 5871.84814453 4.64259433746
1478870633938 lifecam22 2803.78149414 5872.95019531 4.6482334137
1478870633996 lifecam22 2797.14038086 5873.65722656 4.65112829208
1478870634052 lifecam22 2790.38012695 5873.46630859 4.6520409584
1478870634131 lifecam22 2784.0546875 5873.3515625 4.65047693253
1478870634204 lifecam22 2776.83105469 5872.921875 4.64631223679
1478870634409 lifecam22 2756.31591797 5872.51464844 4.64800453186
1478870634467 lifecam22 2750.23217773 5873.44140625 4.65213155746
1478870634534 lifecam22 2743.72119141 5874.24951172 4.65747022629
1478870634607 lifecam22 2736.74755859 5872.703125 4.65083169937
1478870634677 lifecam22 2730.93286133 5874.48339844 4.65960025787
1478870634806 lifecam22 2716.828125 5874.13134766 4.65758800507
1478870634869 lifecam22 2709.77441406 5873.59228516 4.65610170364
1478870634936 lifecam22 2702.51269531 5872.47314453 4.65181541443
1478870635005 lifecam22 2696.59375 5873.88085938 4.65690326691
1478870635062 lifecam22 2688.29052734 5871.91162109 4.64773416519
1478870635200 lifecam22 2675.45874023 5872.18701172 4.64972114563
1478870635270 lifecam22 2669.07788086 5872.58447266 4.65270805359
1478870635340 lifecam22 2662.50073242 5873.3828125 4.65649557114
1478870635404 lifecam22 2654.94384766 5872.24316406 4.65207099915
1478870635474 lifecam22 2649.12524414 5872.97314453 4.65840673447
1478870635603 lifecam22 2636.47998047 5873.72314453 4.66498041153
1478870635675 lifecam22 2629.91821289 5874.50439453 4.66737651825
1478870635733 lifecam22 2622.98681641 5874.97607422 4.66906452179
1478870635811 lifecam22 2617.08886719 5874.01123047 4.67387104034
1478870635876 lifecam22 2609.90307617 5874.14208984 4.67095088959
1478870636016 lifecam22 2596.40942383 5873.45458984 4.67279434204
1478870636066 lifecam22 2589.75854492 5873.29785156 4.67189645767
1478870636139 lifecam22 2583.34838867 5873.48681641 4.68237543106
1478870636205 lifecam22 2576.07446289 5873.77490234 4.67989206314
1478870636278 lifecam22 2569.42773438 5873.32568359 4.6804022789
1478870636473 lifecam22 2548.25732422 5871.01513672 4.66888284683
1478870636534 lifecam22 2541.69482422 5872.21875 4.67186594009
1478870636601 lifecam22 2534.40356445 5870.48828125 4.66786336899
1478870636672 lifecam22 2527.69458008 5870.47998047 4.66914892197
1478870636738 lifecam22 2521.28662109 5870.07373047 4.66532087326
1478870636872 lifecam22 2508.45898438 5869.94775391 4.67098140717
1478870636931 lifecam22 2501.07324219 5869.91699219 4.66928386688
1478870637006 lifecam22 2494.65063477 5869.78710938 4.67332458496
1478870637074 lifecam22 2487.67553711 5869.67919922 4.67357826233
1478870637139 lifecam22 2481.80322266 5870.10400391 4.68063879013
1478870637339 lifecam22 2463.1472168 5870.12939453 4.68441104889
1478870637409 lifecam22 2457.85913086 5870.79150391 4.69018173218
1478870637474 lifecam22 2451.74755859 5871.13378906 4.69451999664
1478870637542 lifecam22 2444.91870117 5871.02441406 4.69489049911
1478870637604 lifecam22 2438.40014648 5871.03564453 4.69920301437
1478870637738 lifecam22 2425.01074219 5871.18701172 4.70470333099
1478870637798 lifecam22 2417.74755859 5870.27294922 4.70227479935
1478870637874 lifecam22 2411.45410156 5871.33203125 4.70870876312
1478870637940 lifecam22 2404.20947266 5870.94628906 4.7064447403
1478870638009 lifecam22 2397.43481445 5870.80371094 4.70853185654
1478870638209 lifecam22 2374.18945312 5866.81640625 4.68838834763
1478870638272 lifecam22 2367.18920898 5866.81640625 4.68838644028
1478870638344 lifecam22 2360.18994141 5864.56738281 4.68839120865
1478870638409 lifecam22 2353.29956055 5864.92822266 4.68936777115
1478870638474 lifecam22 2346.31518555 5864.27441406 4.6895070076
1478870638614 lifecam22 2332.99389648 5863.28076172 4.68407917023
1478870638670 lifecam22 2326.93017578 5863.44580078 4.6913728714
1478870638731 lifecam22 2320.8034668 5864.00585938 4.69797372818
1478870638812 lifecam22 2315.02587891 5864.26171875 4.70645236969
1478870638879 lifecam22 2310.15283203 5864.88867188 4.71309041977
1478870639074 lifecam22 2292.74169922 5865.76464844 4.72356891632
1478870639139 lifecam22 2285.23291016 5864.76269531 4.71391534805
1478870639204 lifecam22 2278.75244141 5865.484375 4.72194480896
1478870639269 lifecam22 2271.73046875 5865.46435547 4.72175455093
1478870639338 lifecam22 2264.66064453 5864.76611328 4.71514749527
1478870639483 lifecam22 2249.24487305 5862.05957031 4.7012090683
1478870639547 lifecam22 2241.45239258 5857.6640625 4.6907286644
1478870639610 lifecam22 2234.55493164 5857.89404297 4.69164180756
1478870639682 lifecam22 2227.77075195 5857.03222656 4.69356632233
1478870639749 lifecam22 2220.66113281 5857.07324219 4.6925907135
1478870639881 lifecam22 2208.43261719 5857.31201172 4.70852184296
1478870639947 lifecam22 2201.43261719 5857.31201172 4.70852088928
1478870639999 lifecam22 2194.89746094 5857.51757812 4.71278333664
1478870640080 lifecam22 2187.91479492 5857.52880859 4.71288824081
1478870640145 lifecam22 2180.89746094 5857.51757812 4.71278381348
1478870640280 lifecam22 2170.19604492 5859.36767578 4.73023796082
1478870640341 lifecam22 2162.43896484 5855.66650391 4.71986246109
1478870640412 lifecam22 2157.078125 5857.16943359 4.73124313354
1478870640471 lifecam22 2149.13525391 5854.19628906 4.71913814545
1478870640546 lifecam22 2144.33642578 5853.30419922 4.73292541504
1478870640690 lifecam22 2131.29858398 5853.29980469 4.73658180237
1478870640735 lifecam22 2124.54980469 5853.61132812 4.74179792404
1478870640808 lifecam22 2118.18286133 5852.90917969 4.73528957367
1478870640874 lifecam22 2111.11621094 5852.83203125 4.73456859589
1478870640950 lifecam22 2104.13769531 5852.81201172 4.73438405991
1478870641142 lifecam22 2083.17358398 5851.56347656 4.72493505478
1478870641211 lifecam22 2076.08007812 5850.95458984 4.72028207779
1478870641282 lifecam22 2069.55908203 5850.30273438 4.72270488739
1478870641348 lifecam22 2063.07568359 5847.8515625 4.72597503662
1478870641404 lifecam22 2055.35205078 5844.71728516 4.71801900864
1478870641486 lifecam22 2048.26635742 5844.48291016 4.71723461151
1478870641537 lifecam22 2040.89758301 5843.51757812 4.71278381348
1478870641614 lifecam22 2034.31970215 5843.76611328 4.71514844894
1478870641685 lifecam22 2028.43005371 5844.42138672 4.72135019302
1478870641753 lifecam22 2021.3951416 5844.35986328 4.7207698822
1478870641947 lifecam22 2003.89318848 5845.38525391 4.74352216721
1478870642017 lifecam22 1998.8536377 5845.80224609 4.75270700455
1478870642087 lifecam22 1992.39196777 5842.86816406 4.75482177734
1478870642147 lifecam22 1985.49035645 5842.80761719 4.75446748734
1478870642214 lifecam22 1977.26708984 5839.46240234 4.74042320251
1478870642356 lifecam22 1963.37072754 5839.56835938 4.74140501022
1478870642420 lifecam22 1956.64501953 5839.56835938 4.74140262604
1478870642486 lifecam22 1949.71899414 5839.50537109 4.74082231522
1478870642551 lifecam22 1943.07104492 5839.36816406 4.74194192886
1478870642617 lifecam22 1937.03271484 5839.77490234 4.75107240677
1478870642810 lifecam22 1917.8536377 5838.24951172 4.76737594604
1478870642881 lifecam22 1910.6105957 5836.45019531 4.7595410347
1478870642949 lifecam22 1903.54858398 5834.31396484 4.7489991188
1478870643013 lifecam22 1895.90844727 5832.34716797 4.73721218109
1478870643083 lifecam22 1888.27258301 5831.83496094 4.73460006714
1478870643226 lifecam22 1875.5390625 5831.99658203 4.74175310135
1478870643287 lifecam22 1869.88171387 5832.22460938 4.75194454193
1478870643350 lifecam22 1862.95715332 5831.52539062 4.74840354919
1478870643416 lifecam22 1857.48876953 5831.20166016 4.76204824448
1478870643482 lifecam22 1850.03930664 5828.67236328 4.75289678574
1478870643616 lifecam22 1835.78735352 5825.68017578 4.742436409
1478870643691 lifecam22 1828.953125 5825.40380859 4.73988342285
1478870643739 lifecam22 1823.06079102 5825.51171875 4.74521780014
1478870643815 lifecam22 1817.54589844 5825.75976562 4.75812292099
1478870643886 lifecam22 1811.47155762 5825.34423828 4.76428127289
1478870644084 lifecam22 1790.79650879 5823.31201172 4.76494407654
1478870644153 lifecam22 1791.76208496 5823.44628906 4.76734113693
1478870644219 lifecam22 1792.39819336 5823.80517578 4.76925897598
1478870644284 lifecam22 1791.2520752 5823.19042969 4.76525497437
1478870644351 lifecam22 1791.91967773 5823.30371094 4.76607322693
1478870644485 lifecam22 1791.49060059 5823.36572266 4.76554298401
1478870644546 lifecam22 1791.49060059 5823.36572266 4.76554298401
1478870644683 lifecam22 1791.81884766 5823.63867188 4.76796245575
1478870644751 lifecam22 1791.70898438 5823.37353516 4.7668170929
1478870644887 lifecam22 1791.42883301 5823.38232422 4.76572847366
1478870644953 lifecam22 1791.37084961 5823.19042969 4.76510667801
1478870645021 lifecam22 1791.81884766 5823.63867188 4.76796245575
1478870645077 lifecam22 1791.42883301 5823.38232422 4.76572847366
1478870645153 lifecam22 1791.42883301 5823.38232422 4.76572847366
1478870645289 lifecam22 1791.31726074 5823.11669922 4.76458644867
1478870645349 lifecam22 1791.81884766 5823.63867188 4.76796245575
1478870645418 lifecam22 1791.42883301 5823.38232422 4.76572847366
