1478869607476 lifecam22 3195.50048828 5859.37207031 4.61336755753
1478869607543 lifecam22 3195.85473633 5860.02978516 4.61604833603
1478869607606 lifecam22 3195.36352539 5859.77050781 4.61299037933
1478869607675 lifecam22 3195.59545898 5859.71044922 4.61396455765
1478869607738 lifecam22 3195.30786133 5859.60058594 4.6126203537
1478869607943 lifecam22 3195.85473633 5860.02978516 4.61604833603
1478869608007 lifecam22 3195.36352539 5859.77050781 4.61299037933
1478869608072 lifecam22 3195.765625 5859.7265625 4.61548042297
1478869608141 lifecam22 3195.65087891 5859.88085938 4.61433410645
1478869608205 lifecam22 3195.59545898 5859.71044922 4.61396455765
1478869608408 lifecam22 3195.36352539 5859.77050781 4.61299037933
1478869608470 lifecam22 3195.65087891 5859.88085938 4.61433410645
1478869608539 lifecam22 3195.36352539 5859.77050781 4.61299037933
1478869608609 lifecam22 3195.91040039 5860.20117188 4.61642169952
1478869608677 lifecam22 3195.765625 5859.7265625 4.61548042297
1478869608884 lifecam22 3195.30786133 5859.60058594 4.6126203537
1478869608943 lifecam22 3195.30786133 5859.60058594 4.6126203537
1478869609009 lifecam22 3195.36352539 5859.77050781 4.61299037933
1478869609077 lifecam22 3195.36352539 5859.77050781 4.61299037933
1478869609139 lifecam22 3195.8215332 5859.89746094 4.61585140228
1478869609344 lifecam22 3195.765625 5859.7265625 4.61548042297
1478869609409 lifecam22 3195.64038086 5859.76464844 4.61432743073
1478869609480 lifecam22 3195.765625 5859.7265625 4.61548042297
1478869609544 lifecam22 3195.4777832 5859.6171875 4.61414003372
1478869609610 lifecam22 3195.4777832 5859.6171875 4.61414003372
1478869609805 lifecam22 3195.52734375 5859.51171875 4.61471176147
1478869609877 lifecam22 3195.5559082 5859.54248047 4.61373710632
1478869609944 lifecam22 3195.81542969 5860.24658203 4.61794233322
1478869610009 lifecam22 3194.99316406 5859.46630859 4.61241674423
1478869610075 lifecam22 3195.69165039 5860.28515625 4.61678886414
1478869610275 lifecam22 3196.88256836 5862.390625 4.62473201752
1478869610348 lifecam22 3197.47045898 5861.15722656 4.6242556572
1478869610411 lifecam22 3197.17529297 5861.31542969 4.62417697906
1478869610479 lifecam22 3198.04858398 5860.21630859 4.62270927429
1478869610545 lifecam22 3197.00097656 5860.42919922 4.61831855774
1478869610741 lifecam22 3181.94628906 5861.37695312 4.62091732025
1478869610815 lifecam22 3177.76611328 5861.80273438 4.62754201889
1478869610880 lifecam22 3171.41650391 5862.32470703 4.62906169891
1478869610945 lifecam22 3163.41577148 5862.18847656 4.62686300278
1478869611014 lifecam22 3158.33569336 5862.74462891 4.63215875626
1478869611210 lifecam22 3137.63134766 5863.046875 4.63055372238
1478869611280 lifecam22 3129.99609375 5863.24755859 4.6301279068
1478869611348 lifecam22 3123.11499023 5863.39697266 4.62852716446
1478869611409 lifecam22 3116.30761719 5863.68701172 4.62753534317
1478869611478 lifecam22 3109.57910156 5863.26464844 4.63125944138
1478869611676 lifecam22 3089.37280273 5863.52001953 4.62908887863
1478869611748 lifecam22 3082.4934082 5864.00195312 4.62990283966
1478869611813 lifecam22 3075.55810547 5863.16796875 4.62607240677
1478869611881 lifecam22 3069.37548828 5863.60253906 4.6255068779
1478869612147 lifecam22 3043.06884766 5863.41064453 4.62798023224
1478869612211 lifecam22 3037.27490234 5866.22363281 4.63830947876
1478869612280 lifecam22 3029.43554688 5864.35351562 4.62797164917
1478869612349 lifecam22 3024.44628906 5865.6328125 4.64021110535
1478869612412 lifecam22 3017.27148438 5865.22167969 4.63270807266
1478869612553 lifecam22 3003.65429688 5866.83642578 4.63775539398
1478869612619 lifecam22 2997.93041992 5867.06787109 4.63910007477
1478869612681 lifecam22 2991.44946289 5867.08349609 4.64122867584
1478869612747 lifecam22 2984.54663086 5867.06787109 4.63833475113
1478869612810 lifecam22 2977.56542969 5867.38916016 4.63833332062
1478869612876 lifecam22 2970.37866211 5866.27246094 4.63481473923
1478869613013 lifecam22 2956.75024414 5866.07421875 4.63329553604
1478869613083 lifecam22 2950.11987305 5867.98242188 4.63853359222
1478869613151 lifecam22 2944.06616211 5867.67871094 4.63911008835
1478869613216 lifecam22 2936.59814453 5867.35107422 4.63824415207
1478869613281 lifecam22 2931.67626953 5868.85302734 4.64624357224
1478869613482 lifecam22 2910.69360352 5867.73144531 4.64485263824
1478869613550 lifecam22 2904.60620117 5867.87011719 4.65164422989
1478869613614 lifecam22 2898.47119141 5869.42431641 4.65412139893
1478869613685 lifecam22 2891.33569336 5867.60351562 4.65195798874
1478869613747 lifecam22 2885.46240234 5869.46191406 4.65923023224
1478869613952 lifecam22 2864.85961914 5869.52246094 4.66271543503
1478869614015 lifecam22 2858.36987305 5869.43847656 4.66350793839
1478869614086 lifecam22 2851.19897461 5869.88525391 4.66234731674
1478869614215 lifecam22 2838.39916992 5867.96972656 4.65135860443
1478869614353 lifecam22 2824.83374023 5868.95800781 4.65446043015
1478869614417 lifecam22 2818.53491211 5869.29394531 4.65538644791
1478869614486 lifecam22 2811.64868164 5868.99658203 4.65654945374
1478869614552 lifecam22 2806.58374023 5869.41552734 4.6628241539
1478869614615 lifecam22 2799.31347656 5869.70898438 4.66163825989
1478869614885 lifecam22 2772.49926758 5869.87060547 4.66766214371
1478869614951 lifecam22 2766.10644531 5869.83251953 4.66979932785
1478869615019 lifecam22 2758.96020508 5869.95117188 4.66947984695
1478869615086 lifecam22 2752.48510742 5869.00537109 4.66932582855
1478869615153 lifecam22 2746.06030273 5870.046875 4.6730132103
1478869615349 lifecam22 2724.84301758 5868.17089844 4.66526794434
1478869615422 lifecam22 2718.88769531 5868.75976562 4.67022132874
1478869615489 lifecam22 2711.70678711 5868.21728516 4.66750955582
1478869615551 lifecam22 2705.26049805 5868.43457031 4.67106533051
1478869615617 lifecam22 2699.05419922 5869.54101562 4.67559528351
1478869615754 lifecam22 2684.94824219 5869.01269531 4.67565870285
1478869615818 lifecam22 2678.84008789 5869.30224609 4.67489767075
1478869615888 lifecam22 2671.19873047 5868.44921875 4.67423582077
1478869615951 lifecam22 2665.35522461 5868.53564453 4.67329406738
1478869616020 lifecam22 2659.07348633 5869.42138672 4.67795991898
1478869616216 lifecam22 2639.70703125 5869.71777344 4.6865530014
1478869616290 lifecam22 2633.59423828 5869.56054688 4.69199228287
1478869616357 lifecam22 2626.41699219 5869.80908203 4.69041442871
1478869616420 lifecam22 2619.33496094 5868.19433594 4.68968343735
1478869616490 lifecam22 2612.00854492 5867.56347656 4.68429231644
1478869616746 lifecam22 2583.85620117 5866.43652344 4.6841917038
1478869616822 lifecam22 2576.9519043 5866.51464844 4.68381929398
1478869616889 lifecam22 2570.05957031 5865.97167969 4.6816945076
1478869616951 lifecam22 2563.05615234 5865.21875 4.68451118469
1478869617022 lifecam22 2555.85620117 5865.40332031 4.68126726151
1478869617155 lifecam22 2541.82226562 5863.08837891 4.67443132401
1478869617217 lifecam22 2536.22607422 5863.03027344 4.67715215683
1478869617278 lifecam22 2529.53076172 5862.99804688 4.67949867249
1478869617349 lifecam22 2523.1159668 5863.37011719 4.68197965622
1478869617418 lifecam22 2515.85302734 5863.02929688 4.68124294281
1478869617562 lifecam22 2503.87133789 5863.95898438 4.69355487823
1478869617620 lifecam22 2497.11962891 5863.78808594 4.69454288483
1478869617698 lifecam22 2491.62182617 5863.6875 4.69525098801
1478869617742 lifecam22 2486.11230469 5864.20019531 4.70462417603
1478869617816 lifecam22 2480.84326172 5865.00146484 4.71224832535
1478869618019 lifecam22 2460.67163086 5864.41113281 4.71062898636
1478869618084 lifecam22 2453.67138672 5864.41162109 4.71062850952
1478869618149 lifecam22 2446.43457031 5863.80371094 4.70852804184
1478869618212 lifecam22 2439.67480469 5864.15039062 4.71070814133
1478869618280 lifecam22 2430.57470703 5860.57666016 4.69181632996
1478869618486 lifecam22 2409.41333008 5859.09814453 4.69038105011
1478869618555 lifecam22 2402.51660156 5859.84765625 4.69129896164
1478869618628 lifecam22 2395.37011719 5857.33886719 4.68999576569
1478869618685 lifecam22 2388.40576172 5857.10449219 4.69031238556
1478869618759 lifecam22 2381.66088867 5857.07324219 4.69258832932
1478869618892 lifecam22 2368.60913086 5856.84082031 4.69859027863
1478869618958 lifecam22 2363.19506836 5857.10449219 4.70663881302
1478869619019 lifecam22 2357.19775391 5857.41699219 4.71055269241
1478869619084 lifecam22 2350.38232422 5857.45703125 4.71093511581
1478869619160 lifecam22 2344.79638672 5858.13183594 4.71861457825
1478869619300 lifecam22 2330.89648438 5858.79589844 4.72487974167
1478869619355 lifecam22 2324.8527832 5859.01904297 4.72697734833
1478869619425 lifecam22 2320.57568359 5859.67480469 4.73428821564
1478869619482 lifecam22 2313.58276367 5859.17871094 4.73445701599
1478869619559 lifecam22 2307.06860352 5859.53564453 4.73654794693
1478869619753 lifecam22 2283.76245117 5851.91357422 4.70839118958
1478869619826 lifecam22 2278.04492188 5850.48974609 4.70741128922
1478869619892 lifecam22 2271.29150391 5850.3125 4.70851182938
1478869619960 lifecam22 2264.45043945 5850.32324219 4.70862388611
1478869620021 lifecam22 2257.67114258 5850.41113281 4.71062612534
1478869620164 lifecam22 2243.91479492 5850.52832031 4.71288824081
1478869620215 lifecam22 2236.91455078 5850.52880859 4.71288824081
1478869620293 lifecam22 2229.91503906 5850.52880859 4.71288871765
1478869620342 lifecam22 2223.03955078 5850.52050781 4.7140250206
1478869620413 lifecam22 2216.03979492 5850.52099609 4.71402454376
1478869620625 lifecam22 2193.99291992 5843.71337891 4.7032752037
1478869620701 lifecam22 2187.43261719 5843.31201172 4.70852041245
1478869620748 lifecam22 2184.34863281 5845.37109375 4.7278842926
1478869620823 lifecam22 2178.03979492 5845.81738281 4.73443698883
1478869620893 lifecam22 2172.38671875 5846.36474609 4.73952054977
1478869621032 lifecam22 2158.53100586 5846.44238281 4.74023962021
1478869621079 lifecam22 2152.09399414 5846.57763672 4.74149084091
1478869621161 lifecam22 2145.3581543 5846.41845703 4.74243974686
1478869621224 lifecam22 2139.24658203 5846.12695312 4.74206876755
1478869621285 lifecam22 2132.54882812 5845.88623047 4.74098920822
1478869621496 lifecam22 2113.58007812 5843.53173828 4.75544261932
1478869621554 lifecam22 2105.17285156 5839.56396484 4.73555374146
1478869621629 lifecam22 2097.90405273 5839.38476562 4.73496294022
1478869621685 lifecam22 2089.99853516 5838.00390625 4.72683525085
1478869621751 lifecam22 2083.50439453 5838.16601562 4.72835111618
1478869621904 lifecam22 2068.93188477 5837.70068359 4.72398328781
1478869621956 lifecam22 2061.82568359 5836.96289062 4.71814823151
1478869622014 lifecam22 2055.37988281 5836.47167969 4.71839761734
1478869622088 lifecam22 2048.75244141 5836.68164062 4.7231426239
1478869622153 lifecam22 2044.18395996 5835.83691406 4.73996257782
1478869622305 lifecam22 2031.92004395 5835.2265625 4.75047636032
1478869622359 lifecam22 2023.83410645 5831.6796875 4.73315382004
1478869622415 lifecam22 2017.92272949 5832.22851562 4.73825597763
1478869622484 lifecam22 2011.54162598 5832.42871094 4.74011135101
1478869622555 lifecam22 2005.16345215 5832.49755859 4.74196958542
1478869622759 lifecam22 1985.90124512 5832.56298828 4.76010513306
1478869622829 lifecam22 1979.8828125 5832.02050781 4.76744556427
1478869622896 lifecam22 1972.88635254 5830.02783203 4.76268196106
1478869622961 lifecam22 1966.35205078 5830.21582031 4.76544713974
1478869623020 lifecam22 1959.04833984 5829.6875 4.76315402985
1478869623215 lifecam22 1936.5625 5825.56982422 4.74380874634
1478869623294 lifecam22 1930.51257324 5825.45703125 4.74387836456
1478869623359 lifecam22 1924.52453613 5825.52197266 4.74976730347
1478869623426 lifecam22 1918.79443359 5825.11865234 4.7599234581
1478869623492 lifecam22 1912.9576416 5825.31884766 4.76777267456
1478869623632 lifecam22 1897.60095215 5822.79736328 4.76103019714
1478869623689 lifecam22 1891.62402344 5823.25732422 4.76655435562
1478869623765 lifecam22 1882.80200195 5818.73535156 4.74194288254
1478869623833 lifecam22 1876.69458008 5818.78808594 4.74028396606
1478869623902 lifecam22 1869.86853027 5818.91259766 4.7519993782
1478869624029 lifecam22 1859.35412598 5819.33056641 4.77493000031
1478869624085 lifecam22 1852.94152832 5817.12011719 4.76915454865
1478869624165 lifecam22 1846.30834961 5817.07958984 4.7685918808
1478869624236 lifecam22 1838.7232666 5815.51464844 4.7635269165
1478869624305 lifecam22 1831.22839355 5814.11962891 4.75570392609
1478869624498 lifecam22 1811.34265137 5812.11181641 4.76234102249
1478869624570 lifecam22 1805.50891113 5811.765625 4.77019453049
1478869624626 lifecam22 1798.61706543 5810.72851562 4.77061605453
1478869624701 lifecam22 1791.61584473 5810.28808594 4.76911973953
1478869624768 lifecam22 1792.54187012 5810.75146484 4.77303409576
1478869624903 lifecam22 1792.48779297 5810.54638672 4.77241802216
1478869624964 lifecam22 1792.97900391 5810.7109375 4.77372121811
1478869625036 lifecam22 1792.5802002 5810.71484375 4.77267456055
1478869625102 lifecam22 1792.94006348 5810.95019531 4.77470779419
1478869625172 lifecam22 1792.88684082 5810.74511719 4.77408981323
1478869625310 lifecam22 1792.68969727 5810.70068359 4.77247905731
1478869625364 lifecam22 1792.59790039 5810.73486328 4.77284955978
1478869625430 lifecam22 1793.0098877 5811.00097656 4.7756114006
1478869625497 lifecam22 1792.94006348 5810.95019531 4.77470779419
1478869625566 lifecam22 1793.02783203 5811.02050781 4.77578639984
1478869625765 lifecam22 1792.94006348 5810.95019531 4.77470779419
1478869625832 lifecam22 1792.59790039 5810.73486328 4.77284955978
1478869625894 lifecam22 1792.59790039 5810.73486328 4.77284955978
1478869625959 lifecam22 1793.38537598 5811.39648438 4.7779006958
1478869626024 lifecam22 1792.54382324 5810.52978516 4.77223396301
1478869626234 lifecam22 1792.59790039 5810.73486328 4.77284955978
1478869626297 lifecam22 1792.59790039 5810.73486328 4.77284955978
1478869626364 lifecam22 1792.9230957 5810.83300781 4.7753534317
1478869626432 lifecam22 1792.56506348 5810.91259766 4.77334260941
1478869626500 lifecam22 1792.54382324 5810.52978516 4.77223396301
