1478869880436 lifecam22 3196.04199219 5862.10107422 4.62384366989
1478869880500 lifecam22 3195.73071289 5861.99121094 4.62252235413
1478869880561 lifecam22 3196.28051758 5862.29541016 4.62453985214
1478869880705 lifecam22 3196.32617188 5862.07324219 4.6252207756
1478869880750 lifecam22 3196.61425781 5862.43505859 4.62616300583
1478869880826 lifecam22 3196.51635742 5862.09082031 4.62418842316
1478869880890 lifecam22 3196.51635742 5862.09082031 4.62418842316
1478869880970 lifecam22 3196.5234375 5861.96533203 4.62301301956
1478869881102 lifecam22 3196.57128906 5862.01513672 4.62352371216
1478869881164 lifecam22 3196.51635742 5862.09082031 4.62418842316
1478869881227 lifecam22 3196.30737305 5861.92626953 4.62382555008
1478869881292 lifecam22 3196.51635742 5862.09082031 4.62418842316
1478869881363 lifecam22 3196.51635742 5862.09082031 4.62418842316
1478869881564 lifecam22 3196.21166992 5861.85546875 4.62168598175
1478869881629 lifecam22 3196.51635742 5862.09082031 4.62418842316
1478869881695 lifecam22 3196.26269531 5862.15039062 4.62314939499
1478869881772 lifecam22 3195.87744141 5861.71728516 4.62006616592
1478869881832 lifecam22 3196.70507812 5862.10986328 4.62455129623
1478869881967 lifecam22 3196.22314453 5862.12695312 4.62425756454
1478869882036 lifecam22 3196.20483398 5861.98095703 4.62286376953
1478869882095 lifecam22 3196.20483398 5861.98095703 4.62286376953
1478869882163 lifecam22 3196.59667969 5862.2890625 4.62476968765
1478869882220 lifecam22 3196.59667969 5862.2890625 4.62476968765
1478869882364 lifecam22 3196.84741211 5861.98632812 4.62350940704
1478869882436 lifecam22 3196.38769531 5862.12402344 4.62440299988
1478869882506 lifecam22 3196.5378418 5861.98583984 4.62321996689
1478869882560 lifecam22 3196.51635742 5862.09082031 4.62418842316
1478869882629 lifecam22 3196.06640625 5861.60498047 4.6204419136
1478869882772 lifecam22 3197.28662109 5862.06201172 4.62598848343
1478869882836 lifecam22 3196.88305664 5862.12548828 4.6248497963
1478869882897 lifecam22 3196.70166016 5861.73144531 4.62223958969
1478869882959 lifecam22 3198.04614258 5862.29248047 4.62613534927
1478869883039 lifecam22 3196.50219727 5861.68847656 4.62302446365
1478869883089 lifecam22 3194.97680664 5862.02880859 4.62217235565
1478869883235 lifecam22 3196.19335938 5863.13769531 4.63496875763
1478869883292 lifecam22 3189.19482422 5863.66601562 4.63614559174
1478869883371 lifecam22 3181.58349609 5865.68310547 4.64525079727
1478869883431 lifecam22 3177.73608398 5864.51953125 4.64493083954
1478869883508 lifecam22 3169.49316406 5865.47412109 4.64635562897
1478869883638 lifecam22 3156.13378906 5865.34375 4.64828634262
1478869883698 lifecam22 3149.9230957 5866.92822266 4.65697479248
1478869883753 lifecam22 3142.78393555 5865.47802734 4.65001869202
1478869883822 lifecam22 3136.59277344 5866.54296875 4.65663290024
1478869883892 lifecam22 3129.22607422 5865.87939453 4.65280675888
1478869883975 lifecam22 3122.91015625 5865.42626953 4.6542468071
1478869884042 lifecam22 3116.81616211 5866.77490234 4.66237878799
1478869884107 lifecam22 3109.359375 5865.33789062 4.65254116058
1478869884173 lifecam22 3102.84716797 5865.48193359 4.65396928787
1478869884223 lifecam22 3095.67138672 5864.52832031 4.64504146576
1478869884367 lifecam22 3081.86254883 5865.08251953 4.64901399612
1478869884431 lifecam22 3074.72192383 5864.30517578 4.64558935165
1478869884494 lifecam22 3067.73730469 5864.72021484 4.64687776566
1478869884567 lifecam22 3061.03857422 5864.32617188 4.64344358444
1478869884633 lifecam22 3054.25854492 5863.89160156 4.64072799683
1478869884834 lifecam22 3034.69458008 5864.40625 4.64551925659
1478869884907 lifecam22 3029.078125 5866.00878906 4.65343141556
1478869884965 lifecam22 3024.05932617 5866.17822266 4.66043567657
1478869885031 lifecam22 3017.37304688 5865.97900391 4.66031646729
1478869885104 lifecam22 3011.29980469 5866.72802734 4.66414213181
1478869885241 lifecam22 2997.27734375 5865.58154297 4.65964031219
1478869885300 lifecam22 2990.90380859 5865.72900391 4.66402482986
1478869885369 lifecam22 2983.4050293 5865.55566406 4.66078233719
1478869885442 lifecam22 2977.41015625 5866.22900391 4.66511106491
1478869885495 lifecam22 2970.77661133 5865.56835938 4.66835308075
1478869885637 lifecam22 2956.83740234 5865.62744141 4.66775560379
1478869885707 lifecam22 2950.01611328 5865.23339844 4.66814613342
1478869885760 lifecam22 2942.93676758 5864.92285156 4.66525506973
1478869885898 lifecam22 2929.89746094 5864.63574219 4.66642093658
1478869885967 lifecam22 2922.95849609 5862.97851562 4.65883636475
1478869886040 lifecam22 2916.42456055 5864.546875 4.66740846634
1478869886112 lifecam22 2909.60742188 5863.78808594 4.66301107407
1478869886162 lifecam22 2902.82470703 5863.78466797 4.66841030121
1478869886224 lifecam22 2896.36206055 5864.35693359 4.66900444031
1478869886298 lifecam22 2888.83300781 5863.36230469 4.66574907303
1478869886375 lifecam22 2884.00878906 5863.26660156 4.6697807312
1478869886436 lifecam22 2877.33520508 5863.70556641 4.67108535767
1478869886510 lifecam22 2870.5144043 5863.60400391 4.67142343521
1478869886573 lifecam22 2863.98144531 5863.66113281 4.67350196838
1478869886624 lifecam22 2857.57983398 5863.77587891 4.67362499237
1478869886695 lifecam22 2851.27807617 5863.21533203 4.67882871628
1478869886848 lifecam22 2839.31298828 5863.91845703 4.68642520905
1478869886905 lifecam22 2832.02148438 5863.53222656 4.68519973755
1478869886970 lifecam22 2825.79394531 5864.07910156 4.68931770325
1478869887032 lifecam22 2818.88256836 5864.01416016 4.69010639191
1478869887110 lifecam22 2811.49829102 5864.02636719 4.69005727768
1478869887169 lifecam22 2804.8828125 5864.01464844 4.69010686874
1478869887306 lifecam22 2790.68969727 5863.62597656 4.68596839905
1478869887376 lifecam22 2783.71630859 5863.23486328 4.68623781204
1478869887445 lifecam22 2776.96435547 5863.59423828 4.68839550018
1478869887495 lifecam22 2770.88525391 5862.83447266 4.69388103485
1478869887575 lifecam22 2763.81494141 5861.96435547 4.6883559227
1478869887694 lifecam22 2752.29541016 5861.29736328 4.68937492371
1478869887772 lifecam22 2746.03833008 5861.71533203 4.69470643997
1478869887842 lifecam22 2738.0793457 5860.08837891 4.68616771698
1478869887902 lifecam22 2731.29321289 5860.20947266 4.68806743622
1478869887973 lifecam22 2724.50073242 5860.35009766 4.691157341
1478869888110 lifecam22 2710.66625977 5860.48144531 4.69133853912
1478869888169 lifecam22 2703.2265625 5859.55273438 4.6859793663
1478869888241 lifecam22 2696.64624023 5859.28417969 4.68729829788
1478869888310 lifecam22 2690.60913086 5859.46386719 4.6893825531
1478869888371 lifecam22 2683.72607422 5859.57373047 4.69044828415
1478869888506 lifecam22 2671.18310547 5857.91699219 4.69042444229
1478869888575 lifecam22 2664.29663086 5857.03955078 4.68842935562
1478869888632 lifecam22 2657.45751953 5857.0078125 4.68986225128
1478869888704 lifecam22 2650.63964844 5856.94042969 4.69148254395
1478869888772 lifecam22 2643.93310547 5857.03515625 4.69410610199
1478869888915 lifecam22 2631.89038086 5857.54150391 4.7105717659
1478869888972 lifecam22 2624.50878906 5857.21142578 4.70595216751
1478869889030 lifecam22 2617.76464844 5857.29589844 4.70826673508
1478869889104 lifecam22 2611.03051758 5857.41064453 4.71057081223
1478869889182 lifecam22 2604.03076172 5857.41064453 4.7105717659
1478869889309 lifecam22 2590.4140625 5857.52783203 4.71287965775
1478869889374 lifecam22 2585.33496094 5856.74462891 4.71520996094
1478869889441 lifecam22 2576.56176758 5854.26367188 4.7049202919
1478869889505 lifecam22 2571.30322266 5855.41113281 4.70957803726
1478869889581 lifecam22 2563.05126953 5851.43359375 4.69513130188
1478869889695 lifecam22 2549.66699219 5851.17773438 4.70170688629
1478869889783 lifecam22 2543.42602539 5851.32470703 4.70848560333
1478869889841 lifecam22 2536.18139648 5850.38085938 4.69952726364
1478869889909 lifecam22 2530.59399414 5850.33056641 4.70870828629
1478869889983 lifecam22 2523.43188477 5850.31152344 4.70851564407
1478869890113 lifecam22 2509.8972168 5850.51660156 4.71278095245
1478869890175 lifecam22 2503.5871582 5850.89892578 4.71641016006
1478869890301 lifecam22 2491.35253906 5851.89208984 4.72578287125
1478869890368 lifecam22 2484.79541016 5851.91552734 4.72600317001
1478869890513 lifecam22 2471.19555664 5851.89746094 4.72826051712
1478869890569 lifecam22 2464.23095703 5852.19873047 4.73230457306
1478869890638 lifecam22 2456.48364258 5849.67871094 4.7216424942
1478869890706 lifecam22 2450.32568359 5850.34863281 4.7265048027
1478869890778 lifecam22 2442.57836914 5845.03759766 4.71391677856
1478869890914 lifecam22 2431.19555664 5845.40185547 4.72942733765
1478869890983 lifecam22 2424.8659668 5845.56298828 4.73206090927
1478869891045 lifecam22 2417.65673828 5845.46337891 4.73113298416
1478869891112 lifecam22 2411.75390625 5845.55664062 4.73200130463
1478869891173 lifecam22 2404.88696289 5845.27197266 4.72934055328
1478869891307 lifecam22 2391.39648438 5844.99316406 4.72923278809
1478869891387 lifecam22 2384.47216797 5844.96875 4.7299413681
1478869891436 lifecam22 2377.73022461 5843.69628906 4.73204803467
1478869891508 lifecam22 2370.98730469 5843.05273438 4.73425865173
1478869891583 lifecam22 2365.29003906 5842.57714844 4.74401044846
1478869891775 lifecam22 2342.13818359 5837.11328125 4.71844100952
1478869891847 lifecam22 2335.64086914 5836.98583984 4.71723461151
1478869891908 lifecam22 2328.08105469 5836.93457031 4.71674489975
1478869891982 lifecam22 2321.9362793 5837.14648438 4.71875047684
1478869892046 lifecam22 2316.20068359 5837.84912109 4.72537517548
1478869892121 lifecam22 2309.45361328 5837.93603516 4.72741937637
1478869892175 lifecam22 2303.35131836 5838.14990234 4.73309612274
1478869892244 lifecam22 2297.5480957 5838.48291016 4.73994445801
1478869892311 lifecam22 2291.31176758 5836.83300781 4.74729251862
1478869892373 lifecam22 2284.84863281 5836.48779297 4.75038051605
1478869892568 lifecam22 2265.36254883 5834.99707031 4.75439405441
1478869892659 lifecam22 2256.95654297 5832.58007812 4.74151325226
1478869892712 lifecam22 2250.28417969 5832.48535156 4.74063396454
1478869892774 lifecam22 2243.80908203 5832.07910156 4.73686885834
1478869892842 lifecam22 2237.33496094 5832.13574219 4.7421412468
1478869892983 lifecam22 2225.72094727 5831.52880859 4.75758314133
1478869893049 lifecam22 2218.95556641 5830.04296875 4.75780391693
1478869893110 lifecam22 2211.95043945 5829.19628906 4.75573682785
1478869893187 lifecam22 2203.0168457 5825.91064453 4.7398443222
1478869893252 lifecam22 2196.33276367 5826.77392578 4.74424743652
1478869893449 lifecam22 2175.71557617 5824.81445312 4.73555898666
1478869893511 lifecam22 2170.53588867 5825.68359375 4.74705600739
1478869893583 lifecam22 2164.29785156 5825.63330078 4.7490401268
1478869893645 lifecam22 2158.62475586 5826.53466797 4.76451969147
1478869893704 lifecam22 2153.52954102 5825.66503906 4.77235651016
1478869893856 lifecam22 2139.61328125 5823.10058594 4.764295578
1478869893911 lifecam22 2132.40185547 5822.57763672 4.76211595535
1478869893979 lifecam22 2124.01879883 5819.4296875 4.74598360062
1478869894047 lifecam22 2116.75561523 5818.51708984 4.74092721939
1478869894113 lifecam22 2109.578125 5818.47412109 4.74052858353
1478869894251 lifecam22 2097.76318359 5818.99365234 4.75679779053
1478869894313 lifecam22 2091.71362305 5819.02783203 4.76216459274
1478869894374 lifecam22 2085.32836914 5817.47509766 4.76967382431
1478869894454 lifecam22 2078.30224609 5816.72949219 4.76776027679
1478869894502 lifecam22 2070.83422852 5815.73974609 4.76372623444
1478869894650 lifecam22 2055.08032227 5811.08789062 4.73694944382
1478869894713 lifecam22 2049.81054688 5811.63330078 4.74856996536
1478869894778 lifecam22 2044.17663574 5811.78076172 4.7532043457
1478869894849 lifecam22 2038.49597168 5811.38232422 4.76388978958
1478869894913 lifecam22 2032.61218262 5812.16943359 4.77425003052
1478869895055 lifecam22 2018.3236084 5810.16699219 4.7735414505
1478869895124 lifecam22 2012.27111816 5810.10253906 4.77371549606
1478869895173 lifecam22 2004.92370605 5808.59082031 4.76715278625
1478869895258 lifecam22 1998.34802246 5807.53466797 4.76902580261
1478869895328 lifecam22 1991.94226074 5807.02001953 4.76996994019
1478869895458 lifecam22 1979.25622559 5806.63378906 4.78031826019
1478869895526 lifecam22 1973.0592041 5805.77050781 4.78197336197
1478869895594 lifecam22 1965.93457031 5804.46630859 4.77874279022
1478869895650 lifecam22 1958.77038574 5803.00390625 4.76892995834
1478869895713 lifecam22 1951.72253418 5802.46142578 4.76931524277
1478869895857 lifecam22 1937.79650879 5800.14160156 4.76630926132
1478869895914 lifecam22 1930.68994141 5798.82080078 4.76548147202
1478869895987 lifecam22 1924.26086426 5798.66064453 4.76729488373
1478869896059 lifecam22 1917.51672363 5797.328125 4.77002906799
1478869896113 lifecam22 1910.95617676 5796.80908203 4.7711057663
1478869896254 lifecam22 1897.53796387 5795.38671875 4.77075576782
1478869896315 lifecam22 1891.00561523 5795.44873047 4.77443647385
1478869896385 lifecam22 1883.55395508 5792.28369141 4.7704615593
1478869896459 lifecam22 1878.59082031 5793.109375 4.78112697601
1478869896526 lifecam22 1871.59191895 5791.61035156 4.78106784821
1478869896656 lifecam22 1858.89831543 5790.67626953 4.78173542023
1478869896716 lifecam22 1850.98681641 5789.67138672 4.77782249451
1478869896775 lifecam22 1845.83093262 5789.80322266 4.7905831337
1478869896850 lifecam22 1839.95397949 5789.46923828 4.79684495926
1478869896918 lifecam22 1833.04333496 5788.10205078 4.79530096054
1478869897122 lifecam22 1812.15039062 5784.71044922 4.78640460968
1478869897189 lifecam22 1804.92529297 5783.72021484 4.78243541718
1478869897260 lifecam22 1799.31176758 5783.95654297 4.79789066315
1478869897321 lifecam22 1794.13439941 5782.98486328 4.79508113861
1478869897378 lifecam22 1795.76745605 5783.73925781 4.79855871201
1478869897519 lifecam22 1795.02270508 5782.88671875 4.79352140427
1478869897587 lifecam22 1795.71789551 5783.54150391 4.79794740677
1478869897644 lifecam22 1795.38037109 5783.38085938 4.79665613174
1478869897713 lifecam22 1795.28234863 5783.11914062 4.79556083679
1478869897790 lifecam22 1795.32458496 5783.10302734 4.79537630081
1478869897923 lifecam22 1795.47302246 5783.56201172 4.79708337784
1478869897984 lifecam22 1795.28234863 5783.11914062 4.79556083679
1478869898043 lifecam22 1795.50292969 5783.81396484 4.79948377609
1478869898111 lifecam22 1795.0736084 5783.1640625 4.79480075836
1478869898195 lifecam22 1795.65319824 5783.67529297 4.80071783066
1478869898325 lifecam22 1795.60498047 5783.61181641 4.80023193359
1478869898389 lifecam22 1795.12402344 5783.36035156 4.79541349411
1478869898451 lifecam22 1795.38037109 5783.38085938 4.79665613174
1478869898518 lifecam22 1795.65319824 5783.67529297 4.80071783066
1478869898581 lifecam22 1795.38037109 5783.38085938 4.79665613174
1478869898792 lifecam22 1795.15124512 5783.3203125 4.79635238647
1478869898855 lifecam22 1795.70275879 5783.87255859 4.80132722855
1478869898911 lifecam22 1795.50292969 5783.81396484 4.79948377609
