1478869952940 lifecam22 3194.33911133 5858.17822266 4.61282300949
1478869953142 lifecam22 3194.65112305 5858.40673828 4.61398601532
1478869953212 lifecam22 3194.59716797 5858.24853516 4.612449646
1478869953270 lifecam22 3194.32714844 5858.15673828 4.61129522324
1478869953340 lifecam22 3194.60864258 5858.38867188 4.61377334595
1478869953409 lifecam22 3194.66259766 5858.546875 4.61530971527
1478869953602 lifecam22 3194.33911133 5858.29638672 4.61261892319
1478869953677 lifecam22 3194.60864258 5858.38867188 4.61377334595
1478869953734 lifecam22 3194.32714844 5858.15673828 4.61129522324
1478869953801 lifecam22 3194.60864258 5858.38867188 4.61377334595
1478869953877 lifecam22 3194.42724609 5858.23535156 4.61227416992
1478869954076 lifecam22 3194.85180664 5858.71972656 4.61569070816
1478869954141 lifecam22 3194.66259766 5858.546875 4.61530971527
1478869954206 lifecam22 3194.44873047 5858.00195312 4.61379957199
1478869954277 lifecam22 3194.33862305 5858.03515625 4.61149454117
1478869954346 lifecam22 3194.65112305 5858.40673828 4.61398601532
1478869954543 lifecam22 3194.39282227 5858.45410156 4.61415338516
1478869954610 lifecam22 3194.60864258 5858.38867188 4.61377334595
1478869954679 lifecam22 3194.59716797 5858.24853516 4.612449646
1478869954740 lifecam22 3194.234375 5857.99414062 4.61074256897
1478869954806 lifecam22 3194.35058594 5858.17431641 4.61281871796
1478869955022 lifecam22 3194.59545898 5857.98730469 4.61263847351
1478869955078 lifecam22 3194.39233398 5857.84521484 4.60961580276
1478869955148 lifecam22 3194.65112305 5858.40673828 4.61398601532
1478869955215 lifecam22 3194.83984375 5858.58105469 4.61436271667
1478869955281 lifecam22 3194.71459961 5858.10546875 4.61111927032
1478869955484 lifecam22 3194.8984375 5858.23730469 4.61265945435
1478869955552 lifecam22 3194.8984375 5858.23730469 4.61265945435
1478869955615 lifecam22 3196.46289062 5858.58789062 4.61761236191
1478869955682 lifecam22 3195.76757812 5858.42041016 4.61530971527
1478869955743 lifecam22 3195.53222656 5858.74707031 4.61166191101
1478869955951 lifecam22 3197.29296875 5859.390625 4.62195587158
1478869956014 lifecam22 3194.94287109 5858.51757812 4.61533403397
1478869956088 lifecam22 3195.49291992 5858.45410156 4.61533308029
1478869956152 lifecam22 3195.00415039 5858.82177734 4.6130194664
1478869956219 lifecam22 3189.98803711 5859.40917969 4.61778640747
1478869956352 lifecam22 3175.70825195 5860.44970703 4.62594652176
1478869956414 lifecam22 3169.3605957 5861.71972656 4.63052463531
1478869956484 lifecam22 3160.89648438 5861.73291016 4.63341140747
1478869956550 lifecam22 3156.38208008 5862.15673828 4.63303852081
1478869956617 lifecam22 3149.21240234 5862.26416016 4.63256263733
1478869956746 lifecam22 3136.13720703 5862.90380859 4.63674259186
1478869956814 lifecam22 3129.08886719 5861.93603516 4.63550043106
1478869956884 lifecam22 3122.01074219 5862.13330078 4.63468074799
1478869956952 lifecam22 3116.50244141 5862.83837891 4.63946771622
1478869957020 lifecam22 3108.63867188 5861.95361328 4.63566684723
1478869957219 lifecam22 3088.95849609 5862.82519531 4.63850831985
1478869957290 lifecam22 3081.99438477 5862.85986328 4.63886499405
1478869957351 lifecam22 3075.07177734 5862.64941406 4.63966035843
1478869957419 lifecam22 3068.38891602 5863.0625 4.63843774796
1478869957481 lifecam22 3061.59960938 5863.10253906 4.63899230957
1478869957625 lifecam22 3048.48535156 5863.49560547 4.64066457748
1478869957686 lifecam22 3041.91040039 5863.72998047 4.64320850372
1478869957752 lifecam22 3035.75585938 5863.98632812 4.64643096924
1478869957815 lifecam22 3030.09863281 5864.26806641 4.64589500427
1478869957880 lifecam22 3023.79272461 5864.44384766 4.65058326721
1478869958096 lifecam22 3003.67431641 5864.58935547 4.65128898621
1478869958156 lifecam22 2996.99780273 5864.92382812 4.65336751938
1478869958224 lifecam22 2990.15332031 5864.73974609 4.65435600281
1478869958289 lifecam22 2983.82324219 5865.22705078 4.65545034409
1478869958347 lifecam22 2976.48413086 5863.84912109 4.64366483688
1478869958557 lifecam22 2956.03369141 5862.98291016 4.6454205513
1478869958611 lifecam22 2949.21875 5863.83691406 4.6441860199
1478869958679 lifecam22 2942.85400391 5863.02197266 4.64518642426
1478869958761 lifecam22 2936.35400391 5863.18457031 4.64438962936
1478869958817 lifecam22 2929.33325195 5862.91357422 4.64306497574
1478869958952 lifecam22 2916.51855469 5863.46777344 4.64934206009
1478869959012 lifecam22 2909.28027344 5863.27050781 4.64856433868
1478869959088 lifecam22 2903.60546875 5863.8515625 4.656229496
1478869959153 lifecam22 2897.57202148 5864.45019531 4.66115522385
1478869959219 lifecam22 2890.61352539 5864.29052734 4.66233587265
1478869959353 lifecam22 2877.84277344 5864.890625 4.66745233536
1478869959426 lifecam22 2871.77416992 5865.10839844 4.67138338089
1478869959492 lifecam22 2864.83178711 5865.16699219 4.67056703568
1478869959555 lifecam22 2858.04174805 5865.09228516 4.67117977142
1478869959623 lifecam22 2851.48413086 5865.48486328 4.67384290695
1478869959746 lifecam22 2838.09594727 5864.31103516 4.67130231857
1478869959825 lifecam22 2831.44921875 5864.90039062 4.67202329636
1478869959890 lifecam22 2824.17358398 5864.49609375 4.67304134369
1478869959948 lifecam22 2817.19360352 5864.28613281 4.66986703873
1478869960025 lifecam22 2810.65917969 5865.0859375 4.67259883881
1478869960155 lifecam22 2797.0769043 5863.64550781 4.66583108902
1478869960216 lifecam22 2790.30151367 5863.19433594 4.66913700104
1478869960284 lifecam22 2784.6940918 5863.34716797 4.67483901978
1478869960358 lifecam22 2777.19921875 5863.05712891 4.67318058014
1478869960425 lifecam22 2772.84423828 5863.56005859 4.68550395966
1478869960548 lifecam22 2759.24780273 5863.25097656 4.68236351013
1478869960623 lifecam22 2752.20166016 5863.2109375 4.68063926697
1478869960695 lifecam22 2745.01538086 5862.76367188 4.67632293701
1478869960744 lifecam22 2738.30493164 5862.890625 4.68032693863
1478869960818 lifecam22 2731.28491211 5862.87158203 4.68014144897
1478869960957 lifecam22 2717.56933594 5862.57617188 4.67896413803
1478869961026 lifecam22 2711.86352539 5862.65673828 4.68140506744
1478869961085 lifecam22 2704.97631836 5862.87402344 4.68368387222
1478869961148 lifecam22 2698.40356445 5863.14599609 4.68508052826
1478869961223 lifecam22 2692.11621094 5863.47167969 4.68974733353
1478869961364 lifecam22 2679.84594727 5864.02832031 4.69997501373
1478869961417 lifecam22 2673.76416016 5864.29541016 4.70826530457
1478869961485 lifecam22 2665.89013672 5862.81689453 4.69774723053
1478869961562 lifecam22 2659.28637695 5863.55664062 4.70384025574
1478869961616 lifecam22 2651.5534668 5861.91064453 4.69604587555
1478869961758 lifecam22 2638.6706543 5863.38916016 4.70614051819
1478869961817 lifecam22 2629.52001953 5859.47753906 4.6846203804
1478869961897 lifecam22 2622.85595703 5860.16699219 4.68870973587
1478869961953 lifecam22 2614.93481445 5857.37304688 4.677339077
1478869962030 lifecam22 2610.76635742 5859.22021484 4.6894030571
1478869962222 lifecam22 2591.40576172 5857.10449219 4.69031333923
1478869962284 lifecam22 2584.88378906 5857.34179688 4.69800233841
1478869962363 lifecam22 2577.77075195 5857.03222656 4.693567276
1478869962430 lifecam22 2570.93823242 5857.04150391 4.69506788254
1478869962494 lifecam22 2565.01147461 5857.18652344 4.70470190048
1478869962623 lifecam22 2551.43237305 5857.31201172 4.70851945877
1478869962697 lifecam22 2544.43261719 5857.31201172 4.70852088928
1478869962752 lifecam22 2537.65332031 5857.40039062 4.710521698
1478869962833 lifecam22 2530.89746094 5857.51757812 4.71278429031
1478869962898 lifecam22 2524.17236328 5857.640625 4.71395730972
1478869963029 lifecam22 2511.04370117 5858.05761719 4.71791505814
1478869963105 lifecam22 2505.44189453 5858.69287109 4.72390556335
1478869963166 lifecam22 2498.01171875 5856.77246094 4.71497011185
1478869963230 lifecam22 2489.98461914 5853.40185547 4.69991779327
1478869963286 lifecam22 2482.56201172 5851.77050781 4.69725894928
1478869963428 lifecam22 2468.96264648 5850.66894531 4.69819021225
1478869963495 lifecam22 2462.71020508 5850.70117188 4.70259904861
1478869963559 lifecam22 2458.46240234 5851.81982422 4.71630382538
1478869963626 lifecam22 2452.96411133 5851.92724609 4.72397470474
1478869963697 lifecam22 2446.86376953 5852.29931641 4.72959756851
1478869963891 lifecam22 2425.95629883 5852.09619141 4.72769403458
1478869963963 lifecam22 2418.86010742 5851.96826172 4.72649765015
1478869964021 lifecam22 2412.3684082 5851.71142578 4.72656440735
1478869964087 lifecam22 2405.13012695 5850.97900391 4.71839046478
1478869964166 lifecam22 2397.68823242 5849.27734375 4.71348047256
1478869964239 lifecam22 2390.01513672 5846.30175781 4.70473909378
1478869964291 lifecam22 2382.73095703 5844.42529297 4.70447683334
1478869964362 lifecam22 2376.47167969 5843.47314453 4.71003198624
1478869964431 lifecam22 2369.43261719 5843.31201172 4.70851993561
1478869964490 lifecam22 2362.65332031 5843.40039062 4.71052217484
1478869964687 lifecam22 2342.97485352 5844.18603516 4.71912622452
1478869964763 lifecam22 2337.09667969 5844.77099609 4.7246427536
1478869964820 lifecam22 2330.95043945 5845.1953125 4.72862672806
1478869964890 lifecam22 2323.5715332 5844.97460938 4.72655677795
1478869964967 lifecam22 2318.78686523 5845.99804688 4.73856639862
1478869965103 lifecam22 2305.92211914 5845.41259766 4.74451303482
1478869965166 lifecam22 2298.81298828 5843.62646484 4.74774122238
1478869965233 lifecam22 2292.89355469 5842.85400391 4.75256204605
1478869965296 lifecam22 2286.28393555 5841.98681641 4.75049686432
1478869965354 lifecam22 2277.83398438 5839.52294922 4.74098396301
1478869965502 lifecam22 2264.65820312 5839.16113281 4.73763036728
1478869965564 lifecam22 2257.98974609 5839.07763672 4.73685503006
1478869965634 lifecam22 2250.96972656 5838.91699219 4.73536300659
1478869965690 lifecam22 2244.63549805 5838.43652344 4.73564434052
1478869965756 lifecam22 2237.7421875 5838.28320312 4.73402833939
1478869965895 lifecam22 2225.92675781 5835.78515625 4.75020647049
1478869965972 lifecam22 2219.00097656 5835.32763672 4.74822950363
1478869966029 lifecam22 2209.97045898 5831.74707031 4.7325797081
1478869966095 lifecam22 2203.51000977 5831.76416016 4.73190498352
1478869966167 lifecam22 2195.86035156 5831.37158203 4.73027324677
1478869966298 lifecam22 2184.07714844 5831.53271484 4.73177719116
1478869966357 lifecam22 2178.04370117 5831.95410156 4.7368273735
1478869966425 lifecam22 2171.90771484 5831.95019531 4.74220895767
1478869966499 lifecam22 2166.09594727 5832.29101562 4.75318527222
1478869966560 lifecam22 2160.59912109 5831.96240234 4.76596498489
1478869966706 lifecam22 2147.45727539 5830.42138672 4.76691961288
1478869966756 lifecam22 2139.38476562 5828.41552734 4.75738668442
1478869966822 lifecam22 2131.61181641 5826.05371094 4.7447218895
1478869966905 lifecam22 2124.13720703 5825.61865234 4.74186611176
1478869966961 lifecam22 2117.55004883 5825.61132812 4.74179983139
1478869967230 lifecam22 2092.66479492 5824.98242188 4.77045679092
1478869967296 lifecam22 2085.60571289 5824.12402344 4.76878261566
1478869967363 lifecam22 2078.62036133 5822.88964844 4.76227235794
1478869967432 lifecam22 2069.73608398 5818.59863281 4.73963260651
1478869967491 lifecam22 2064.10595703 5820.54541016 4.75127744675
1478869967633 lifecam22 2051.8371582 5819.19628906 4.75584936142
1478869967707 lifecam22 2045.53356934 5818.9140625 4.76065397263
1478869967772 lifecam22 2040.68322754 5818.75488281 4.77366733551
1478869967832 lifecam22 2033.12585449 5818.71337891 4.77611446381
1478869967901 lifecam22 2026.78552246 5817.55078125 4.77380180359
1478869968111 lifecam22 2005.49938965 5813.97949219 4.7568936348
1478869968166 lifecam22 1999.40075684 5814.77636719 4.76283073425
1478869968230 lifecam22 1992.52038574 5812.43457031 4.76106452942
1478869968293 lifecam22 1986.38171387 5812.45117188 4.76952791214
1478869968370 lifecam22 1980.38964844 5811.77929688 4.77038526535
1478869968635 lifecam22 1951.62976074 5807.97021484 4.7614736557
1478869968699 lifecam22 1944.71765137 5807.91601562 4.76223564148
1478869968771 lifecam22 1938.14978027 5806.26513672 4.76636266708
1478869968831 lifecam22 1931.71936035 5805.58886719 4.76906251907
1478869968901 lifecam22 1925.9342041 5805.36279297 4.77579689026
1478869969103 lifecam22 1905.94042969 5803.25683594 4.77571821213
1478869969162 lifecam22 1899.18225098 5802.90087891 4.77843856812
1478869969224 lifecam22 1893.20458984 5801.43505859 4.77658367157
1478869969292 lifecam22 1886.14990234 5799.62158203 4.77641487122
1478869969358 lifecam22 1880.83947754 5799.45361328 4.7827038765
1478869969567 lifecam22 1859.41320801 5797.20068359 4.78087425232
1478869969627 lifecam22 1853.40686035 5796.69287109 4.78816652298
1478869969693 lifecam22 1847.41503906 5796.97363281 4.79383039474
1478869969772 lifecam22 1840.78869629 5795.06005859 4.79056072235
1478869969829 lifecam22 1834.0020752 5794.53515625 4.79576301575
1478869970031 lifecam22 1812.88415527 5791.17773438 4.78508996964
1478869970100 lifecam22 1806.18347168 5790.49462891 4.78558349609
1478869970160 lifecam22 1801.22900391 5789.78320312 4.79462528229
1478869970230 lifecam22 1794.07617188 5788.87548828 4.7912478447
1478869970296 lifecam22 1791.3458252 5789.29150391 4.79998111725
1478869970571 lifecam22 1792.19714355 5788.23828125 4.79202270508
1478869970642 lifecam22 1792.07788086 5787.98828125 4.7896399498
1478869970706 lifecam22 1791.75964355 5787.90136719 4.78906488419
1478869970764 lifecam22 1792.21740723 5788.28564453 4.79112148285
1478869970831 lifecam22 1791.94104004 5787.52587891 4.78915023804
1478869971033 lifecam22 1792.20446777 5788.26708984 4.79225969315
1478869971101 lifecam22 1792.12426758 5788.45507812 4.79279851913
1478869971172 lifecam22 1792.19714355 5788.23828125 4.79202270508
1478869971242 lifecam22 1792.08227539 5788.27685547 4.79101037979
1478869971309 lifecam22 1792.23803711 5788.32666016 4.79260873795
1478869971437 lifecam22 1792.01538086 5788.20800781 4.79161930084
1478869971500 lifecam22 1792.12548828 5788.16748047 4.79131650925
1478869971568 lifecam22 1792.12426758 5788.45507812 4.79279851913
1478869971632 lifecam22 1792.19104004 5788.52441406 4.79218864441
1478869971700 lifecam22 1792.0111084 5788.04785156 4.79034852982
1478869971844 lifecam22 1792.13024902 5788.46533203 4.7928609848
1478869971906 lifecam22 1792.2199707 5788.27832031 4.79225969315
1478869971969 lifecam22 1792.07788086 5787.98828125 4.7896399498
1478869972038 lifecam22 1792.1730957 5788.09765625 4.79058218002
1478869972111 lifecam22 1792.22192383 5787.99902344 4.79095125198
1478869972300 lifecam22 1792.15405273 5788.21728516 4.79161500931
1478869972370 lifecam22 1792.26745605 5788.46630859 4.79410839081
1478869972431 lifecam22 1792.23352051 5788.32666016 4.7912979126
1478869972497 lifecam22 1792.12426758 5788.45507812 4.79279851913
1478869972566 lifecam22 1791.91503906 5788.21728516 4.7907166481
1478869972697 lifecam22 1792.12548828 5788.16748047 4.79131650925
