1478870698225 lifecam22 3194.65478516 5859.46923828 4.61337089539
1478870698305 lifecam22 3194.71069336 5859.63964844 4.61373996735
1478870698369 lifecam22 3194.38818359 5859.37744141 4.61221694946
1478870698435 lifecam22 3194.38818359 5859.37744141 4.61221694946
1478870698504 lifecam22 3194.65478516 5859.46923828 4.61337089539
1478870698570 lifecam22 3194.38818359 5859.37744141 4.61221694946
1478870698632 lifecam22 3194.38818359 5859.37744141 4.61221694946
1478870698701 lifecam22 3194.65478516 5859.46923828 4.61337089539
1478870698898 lifecam22 3194.44433594 5859.54736328 4.61258935928
1478870698966 lifecam22 3194.38012695 5859.23828125 4.61089706421
1478870699036 lifecam22 3194.38012695 5859.23828125 4.61089706421
1478870699107 lifecam22 3194.38818359 5859.37744141 4.61221694946
1478870699167 lifecam22 3194.38818359 5859.37744141 4.61221694946
1478870699301 lifecam22 3194.64892578 5859.69238281 4.61430740356
1478870699374 lifecam22 3194.65478516 5859.46923828 4.61337089539
1478870699442 lifecam22 3194.64672852 5859.33007812 4.61204910278
1478870699503 lifecam22 3194.38818359 5859.37744141 4.61221694946
1478870699563 lifecam22 3194.64672852 5859.33007812 4.61204910278
1478870699707 lifecam22 3194.64672852 5859.33007812 4.61204910278
1478870699773 lifecam22 3194.38818359 5859.37744141 4.61221694946
1478870699833 lifecam22 3194.38012695 5859.23828125 4.61089706421
1478870699904 lifecam22 3194.38818359 5859.37744141 4.61221694946
1478870699978 lifecam22 3194.65478516 5859.46923828 4.61337089539
1478870700171 lifecam22 3194.9074707 5859.64550781 4.61413621902
1478870700232 lifecam22 3194.9074707 5859.64550781 4.61413621902
1478870700305 lifecam22 3194.64672852 5859.33007812 4.61204910278
1478870700375 lifecam22 3194.65478516 5859.46923828 4.61337089539
1478870700440 lifecam22 3194.93505859 5859.43994141 4.61339426041
1478870700571 lifecam22 3194.70336914 5859.5 4.61242055893
1478870700641 lifecam22 3194.62524414 5859.05419922 4.61073446274
1478870700695 lifecam22 3196.76147461 5859.59130859 4.61678791046
1478870700778 lifecam22 3196.13256836 5859.2421875 4.6141409874
1478870700842 lifecam22 3195.92138672 5859.33007812 4.61206007004
1478870700970 lifecam22 3199.79345703 5859.67138672 4.6183013916
1478870701040 lifecam22 3201.16137695 5859.07519531 4.60931158066
1478870701106 lifecam22 3198.12109375 5860.29589844 4.61950111389
1478870701175 lifecam22 3200.26293945 5860.30175781 4.62201070786
1478870701241 lifecam22 3199.89648438 5859.47167969 4.61929988861
1478870701378 lifecam22 3179.85131836 5858.05908203 4.60199737549
1478870701436 lifecam22 3175.23022461 5857.31298828 4.59766769409
1478870701500 lifecam22 3167.30908203 5858.37158203 4.60126781464
1478870701574 lifecam22 3161.19604492 5859.53466797 4.60945272446
1478870701639 lifecam22 3155.31225586 5860.16455078 4.61002922058
1478870701780 lifecam22 3141.18286133 5860.07861328 4.60770320892
1478870701840 lifecam22 3134.75732422 5860.89892578 4.60692834854
1478870701912 lifecam22 3127.82202148 5861.00976562 4.61057424545
1478870701979 lifecam22 3121.38891602 5861.43994141 4.61002492905
1478870702041 lifecam22 3114.33886719 5861.92041016 4.61051940918
1478870702173 lifecam22 3100.95483398 5862.68652344 4.6103758812
1478870702232 lifecam22 3093.6706543 5862.47167969 4.61039590836
1478870702309 lifecam22 3087.23999023 5862.63671875 4.61039209366
1478870702372 lifecam22 3080.04541016 5862.65332031 4.60755586624
1478870702438 lifecam22 3073.58618164 5862.28808594 4.60890388489
1478870702573 lifecam22 3060.3112793 5862.28320312 4.604616642
1478870702643 lifecam22 3053.81176758 5863.19775391 4.6057510376
1478870702707 lifecam22 3047.22363281 5862.61962891 4.60230588913
1478870702787 lifecam22 3040.48803711 5863.48291016 4.60514259338
1478870702841 lifecam22 3033.87963867 5863.66503906 4.60474252701
1478870703044 lifecam22 3014.9543457 5865.69921875 4.6153845787
1478870703110 lifecam22 3008.43969727 5865.31835938 4.61501646042
1478870703173 lifecam22 3002.33251953 5866.70654297 4.62086439133
1478870703240 lifecam22 2995.8659668 5867.06103516 4.62140893936
1478870703302 lifecam22 2990.35595703 5868.21630859 4.63006353378
1478870703508 lifecam22 2970.04296875 5868.26953125 4.62579202652
1478870703579 lifecam22 2962.97729492 5868.21923828 4.62525367737
1478870703637 lifecam22 2956.09692383 5868.0625 4.62390422821
1478870703709 lifecam22 2949.63769531 5868.38769531 4.62482357025
1478870703911 lifecam22 2929.14477539 5869.94042969 4.63094472885
1478870703974 lifecam22 2922.56591797 5869.36865234 4.62855005264
1478870704044 lifecam22 2916.47558594 5870.48974609 4.63474702835
1478870704110 lifecam22 2909.68676758 5869.63330078 4.63205814362
1478870704168 lifecam22 2902.26782227 5870.44433594 4.63413619995
1478870704317 lifecam22 2889.2668457 5869.80908203 4.63421773911
1478870704374 lifecam22 2882.72412109 5869.79736328 4.62930965424
1478870704444 lifecam22 2875.58813477 5869.15380859 4.6270442009
1478870704508 lifecam22 2868.70825195 5869.65185547 4.62792921066
1478870704578 lifecam22 2862.62036133 5869.89306641 4.63082361221
1478870704716 lifecam22 2848.5534668 5870.09765625 4.63267564774
1478870704779 lifecam22 2842.31835938 5869.95849609 4.63205003738
1478870704845 lifecam22 2836.51733398 5870.67773438 4.63724851608
1478870704911 lifecam22 2830.22192383 5870.98291016 4.63916969299
1478870704970 lifecam22 2823.17236328 5871.19677734 4.63723230362
1478870705181 lifecam22 2803.14038086 5871.60595703 4.64179897308
1478870705247 lifecam22 2796.80444336 5871.92529297 4.64254140854
1478870705313 lifecam22 2790.23388672 5871.52929688 4.63925218582
1478870705378 lifecam22 2783.45483398 5871.56982422 4.64095640182
1478870705444 lifecam22 2776.60961914 5871.69677734 4.64112377167
1478870705644 lifecam22 2756.61547852 5872.5078125 4.64816713333
1478870705713 lifecam22 2749.61352539 5872.79736328 4.64706516266
1478870705776 lifecam22 2743.16601562 5872.21777344 4.6458234787
1478870705847 lifecam22 2735.88134766 5872.10742188 4.64588975906
1478870705916 lifecam22 2730.04736328 5872.83203125 4.64984178543
1478870706048 lifecam22 2716.05834961 5872.21142578 4.64785480499
1478870706102 lifecam22 2709.98583984 5872.39648438 4.64897346497
1478870706177 lifecam22 2702.29052734 5871.91113281 4.6477355957
1478870706248 lifecam22 2696.69995117 5872.95556641 4.65088558197
1478870706302 lifecam22 2689.53491211 5872.10791016 4.64920377731
1478870706512 lifecam22 2668.9296875 5872.97314453 4.65231132507
1478870706582 lifecam22 2663.50683594 5873.8515625 4.66023778915
1478870706650 lifecam22 2656.52416992 5873.61523438 4.65924882889
1478870706710 lifecam22 2649.90478516 5873.93554688 4.66241264343
1478870706774 lifecam22 2643.39331055 5874.35009766 4.66410541534
1478870706908 lifecam22 2630.48681641 5874.46386719 4.66578245163
1478870706981 lifecam22 2623.87768555 5874.21875 4.66262245178
1478870707049 lifecam22 2615.67407227 5872.49707031 4.65500164032
1478870707115 lifecam22 2610.06518555 5872.99511719 4.65803050995
1478870707179 lifecam22 2603.0637207 5872.5546875 4.6620221138
1478870707384 lifecam22 2581.95800781 5873.03271484 4.66486930847
1478870707452 lifecam22 2575.48046875 5872.93164062 4.6629319191
1478870707517 lifecam22 2568.265625 5872.18652344 4.66112613678
1478870707581 lifecam22 2561.76879883 5872.46875 4.66573429108
1478870707647 lifecam22 2554.6809082 5872.30371094 4.66390895844
1478870707788 lifecam22 2541.22412109 5872.36767578 4.66765403748
1478870707843 lifecam22 2534.66333008 5870.32373047 4.6611328125
1478870707915 lifecam22 2527.74291992 5871.27880859 4.66285037994
1478870707984 lifecam22 2521.30273438 5870.38427734 4.66084337234
1478870708047 lifecam22 2514.23510742 5870.06298828 4.66274785995
1478870708247 lifecam22 2494.4765625 5870.23730469 4.66621589661
1478870708313 lifecam22 2487.90673828 5869.73779297 4.66302680969
1478870708383 lifecam22 2481.28662109 5870.05566406 4.66622114182
1478870708444 lifecam22 2476.36132812 5870.30419922 4.6732673645
1478870708510 lifecam22 2471.39233398 5871.21533203 4.68279600143
1478870708651 lifecam22 2458.10668945 5871.49609375 4.6876540184
1478870708711 lifecam22 2451.25976562 5871.09814453 4.689016819
1478870708781 lifecam22 2444.25952148 5871.09765625 4.68901443481
1478870708851 lifecam22 2437.35009766 5871.03955078 4.68981838226
1478870708917 lifecam22 2430.60546875 5871.00585938 4.69209432602
1478870709054 lifecam22 2416.89868164 5871.0078125 4.69471406937
1478870709115 lifecam22 2409.77001953 5871.03173828 4.69356441498
1478870709174 lifecam22 2402.60546875 5871.00585938 4.69209384918
1478870709255 lifecam22 2396.32495117 5870.45507812 4.69852876663
1478870709317 lifecam22 2389.21411133 5871.00976562 4.69753503799
1478870709453 lifecam22 2376.515625 5870.65673828 4.70439624786
1478870709518 lifecam22 2368.91455078 5869.82958984 4.70012664795
1478870709587 lifecam22 2360.2565918 5866.41552734 4.68343925476
1478870709643 lifecam22 2352.9699707 5865.37792969 4.66960668564
1478870709718 lifecam22 2346.03759766 5864.1015625 4.66989660263
1478870709856 lifecam22 2332.19433594 5863.70654297 4.66739177704
1478870709922 lifecam22 2325.57641602 5863.43017578 4.67259788513
1478870709976 lifecam22 2318.94165039 5863.91943359 4.6787405014
1478870710047 lifecam22 2311.63891602 5862.75097656 4.67235946655
1478870710116 lifecam22 2307.10693359 5863.15527344 4.68125724792
1478870710194 lifecam22 2304.07446289 5864.40429688 4.69430828094
1478870710248 lifecam22 2297.39331055 5864.42431641 4.69713401794
1478870710315 lifecam22 2290.07299805 5864.16113281 4.69202327728
1478870710384 lifecam22 2283.47607422 5863.99902344 4.69449138641
1478870710455 lifecam22 2277.83154297 5864.24707031 4.70668411255
1478870710593 lifecam22 2264.29248047 5864.31298828 4.70851898193
1478870710650 lifecam22 2257.45092773 5864.32324219 4.70862579346
1478870710718 lifecam22 2250.45092773 5864.32324219 4.70862722397
1478870710786 lifecam22 2243.67138672 5864.41113281 4.71062755585
1478870710859 lifecam22 2236.91503906 5864.52880859 4.71289157867
1478870710914 lifecam22 2229.67529297 5864.18115234 4.71071100235
1478870710993 lifecam22 2222.43481445 5863.80371094 4.70853185654
1478870711057 lifecam22 2215.67504883 5864.15087891 4.710709095
1478870711119 lifecam22 2206.3425293 5858.49951172 4.68975067139
1478870711189 lifecam22 2200.4284668 5861.04052734 4.69945669174
1478870711253 lifecam22 2192.58154297 5857.38574219 4.6918797493
1478870711458 lifecam22 2173.01147461 5857.18652344 4.70470333099
1478870711516 lifecam22 2166.66430664 5857.3828125 4.70802974701
1478870711588 lifecam22 2160.4387207 5857.61914062 4.7124247551
1478870711651 lifecam22 2158.27294922 5859.74658203 4.73243618011
1478870711721 lifecam22 2149.15820312 5859.32714844 4.72985982895
1478870711857 lifecam22 2138.6809082 5860.37353516 4.73960018158
1478870711925 lifecam22 2132.09838867 5859.63183594 4.73270320892
1478870711987 lifecam22 2125.04394531 5859.61083984 4.73251199722
1478870712054 lifecam22 2118.13818359 5858.90087891 4.72701072693
1478870712123 lifecam22 2111.44580078 5859.48730469 4.73740530014
1478870712265 lifecam22 2096.94189453 5856.24462891 4.72497367859
1478870712321 lifecam22 2088.07080078 5850.39550781 4.69982337952
1478870712391 lifecam22 2082.39746094 5850.54003906 4.70947122574
1478870712455 lifecam22 2075.76489258 5850.63330078 4.71272134781
1478870712522 lifecam22 2068.67114258 5850.41113281 4.71062469482
1478870712723 lifecam22 2047.91467285 5850.52832031 4.71288728714
1478870712795 lifecam22 2040.53674316 5850.52880859 4.71288919449
1478870712853 lifecam22 2033.53625488 5850.52832031 4.71288919449
1478870712924 lifecam22 2027.14538574 5850.49365234 4.71498441696
1478870712993 lifecam22 2020.56726074 5848.02978516 4.71832132339
1478870713127 lifecam22 2008.39343262 5844.84423828 4.72177362442
1478870713192 lifecam22 2001.88830566 5845.19287109 4.72509813309
1478870713255 lifecam22 1996.88952637 5845.828125 4.7321767807
1478870713325 lifecam22 1990.52331543 5846.20800781 4.73688459396
1478870713391 lifecam22 1984.04992676 5846.37939453 4.73965501785
1478870713533 lifecam22 1970.26721191 5846.46240234 4.74042367935
1478870713585 lifecam22 1963.26745605 5846.46289062 4.74042606354
1478870713656 lifecam22 1956.62902832 5846.41357422 4.74118280411
1478870713719 lifecam22 1950.24511719 5846.35253906 4.74419307709
1478870713785 lifecam22 1943.61779785 5846.15527344 4.74739027023
1478870713983 lifecam22 1924.13818359 5843.20214844 4.75506258011
1478870714066 lifecam22 1915.17358398 5838.11474609 4.72521781921
1478870714125 lifecam22 1908.25878906 5837.98339844 4.72468185425
1478870714195 lifecam22 1901.56213379 5837.63671875 4.72338056564
1478870714257 lifecam22 1894.1842041 5837.41943359 4.7213306427
1478870714401 lifecam22 1880.05627441 5837.33349609 4.72279834747
1478870714463 lifecam22 1873.10058594 5837.1171875 4.72189474106
1478870714529 lifecam22 1868.9621582 5836.95214844 4.74176502228
1478870714597 lifecam22 1862.46203613 5836.97119141 4.74495983124
1478870714660 lifecam22 1856.9519043 5836.04003906 4.75496196747
1478870714796 lifecam22 1840.69372559 5831.62060547 4.73045539856
1478870714857 lifecam22 1834.66308594 5831.47265625 4.73121929169
1478870714925 lifecam22 1828.09130859 5831.63330078 4.73271608353
1478870714997 lifecam22 1821.31286621 5831.71142578 4.73344802856
1478870715054 lifecam22 1815.72412109 5831.90039062 4.74264192581
1478870715194 lifecam22 1804.64025879 5831.75488281 4.76504659653
1478870715262 lifecam22 1797.90637207 5830.95947266 4.76628398895
1478870715319 lifecam22 1790.8026123 5829.85498047 4.76352882385
1478870715395 lifecam22 1791.26159668 5830.35058594 4.76545667648
1478870715465 lifecam22 1791.53930664 5830.42431641 4.76602172852
1478870715599 lifecam22 1791.15014648 5830.08544922 4.76431560516
1478870715660 lifecam22 1791.07568359 5829.86767578 4.76353120804
1478870715726 lifecam22 1791.10510254 5829.94921875 4.76428318024
1478870715791 lifecam22 1791.07568359 5829.86767578 4.76353120804
1478870715859 lifecam22 1791.15014648 5830.08544922 4.76431560516
1478870715989 lifecam22 1791.07568359 5829.86767578 4.76353120804
1478870716059 lifecam22 1791.15014648 5830.08544922 4.76431560516
1478870716132 lifecam22 1791.15014648 5830.08544922 4.76431560516
1478870716197 lifecam22 1791.15014648 5830.08544922 4.76431560516
1478870716265 lifecam22 1791.15014648 5830.08544922 4.76431560516
1478870716399 lifecam22 1791.15014648 5830.08544922 4.76431560516
1478870716455 lifecam22 1791.07568359 5829.86767578 4.76353120804
1478870716525 lifecam22 1791.07568359 5829.86767578 4.76353120804
1478870716598 lifecam22 1791.25378418 5829.91601562 4.76390886307
1478870716658 lifecam22 1791.15014648 5830.08544922 4.76431560516
1478870716794 lifecam22 1791.15014648 5830.08544922 4.76431560516
1478870716867 lifecam22 1791.15014648 5830.08544922 4.76431560516
1478870716927 lifecam22 1791.15014648 5830.08544922 4.76431560516
1478870716994 lifecam22 1791.15014648 5830.08544922 4.76431560516
1478870717065 lifecam22 1791.25378418 5829.91601562 4.76390886307
1478870717203 lifecam22 1791.15014648 5830.08544922 4.76431560516
1478870717254 lifecam22 1791.25378418 5829.91601562 4.76390886307
1478870717333 lifecam22 1791.07568359 5829.86767578 4.76353120804
1478870717400 lifecam22 1791.15014648 5830.08544922 4.76431560516
1478870717464 lifecam22 1791.07568359 5829.86767578 4.76353120804
1478870717598 lifecam22 1790.99987793 5829.92431641 4.76409435272
1478870717667 lifecam22 1791.07397461 5830.14160156 4.76487731934
1478870717722 lifecam22 1791.17919922 5830.16699219 4.76506567001
1478870717791 lifecam22 1791.25524902 5830.11083984 4.764503479
1478870717865 lifecam22 1791.07568359 5829.86767578 4.76353120804
1478870717999 lifecam22 1791.15014648 5830.08544922 4.76431560516
1478870718069 lifecam22 1791.07568359 5829.86767578 4.76353120804
1478870718135 lifecam22 1791.07568359 5829.86767578 4.76353120804
1478870718191 lifecam22 1791.07568359 5829.86767578 4.76353120804
1478870718259 lifecam22 1791.15014648 5830.08544922 4.76431560516
1478870718406 lifecam22 1791.15014648 5830.08544922 4.76431560516
1478870718468 lifecam22 1791.15014648 5830.08544922 4.76431560516
1478870718538 lifecam22 1791.15014648 5830.08544922 4.76431560516
1478870718590 lifecam22 1791.26159668 5830.35058594 4.76545667648
1478870718664 lifecam22 1791.07568359 5829.86767578 4.76353120804
1478870718870 lifecam22 1791.07568359 5829.86767578 4.76353120804
1478870718938 lifecam22 1791.15014648 5830.08544922 4.76431560516
1478870718997 lifecam22 1791.15014648 5830.08544922 4.76431560516
1478870719070 lifecam22 1791.15014648 5830.08544922 4.76431560516
1478870719133 lifecam22 1791.15014648 5830.08544922 4.76431560516
1478870719265 lifecam22 1791.25378418 5829.91601562 4.76390886307
1478870719326 lifecam22 1791.25378418 5829.91601562 4.76390886307
1478870719394 lifecam22 1791.07568359 5829.86767578 4.76353120804
1478870719456 lifecam22 1791.07397461 5830.14160156 4.76487731934
1478870719522 lifecam22 1791.15014648 5830.08544922 4.76431560516
1478870719732 lifecam22 1791.07568359 5829.86767578 4.76353120804
1478870719804 lifecam22 1791.15014648 5830.08544922 4.76431560516
1478870719864 lifecam22 1790.99987793 5829.92431641 4.76409435272
1478870719934 lifecam22 1791.15014648 5830.08544922 4.76431560516
1478870720004 lifecam22 1791.15014648 5830.08544922 4.76431560516
1478870720138 lifecam22 1791.07397461 5830.14160156 4.76487731934
1478870720197 lifecam22 1790.99987793 5829.92431641 4.76409435272
1478870720268 lifecam22 1791.07397461 5830.14160156 4.76487731934
1478870720331 lifecam22 1791.15014648 5830.08544922 4.76431560516
1478870720400 lifecam22 1791.07568359 5829.86767578 4.76353120804
1478870720475 lifecam22 1791.15014648 5830.08544922 4.76431560516
1478870720541 lifecam22 1791.15014648 5830.08544922 4.76431560516
1478870720597 lifecam22 1791.07568359 5829.86767578 4.76353120804
