1478870482760 lifecam22 3193.94042969 5858.89160156 4.60597085953
1478870482829 lifecam22 3193.96801758 5859.03125 4.60730981827
1478870482893 lifecam22 3194.20996094 5859.22363281 4.60938167572
1478870482953 lifecam22 3194.20996094 5859.22363281 4.60938167572
1478870483031 lifecam22 3194.20996094 5859.22363281 4.60938167572
1478870483222 lifecam22 3193.68261719 5858.70507812 4.60637283325
1478870483297 lifecam22 3193.95507812 5859.15332031 4.60844135284
1478870483355 lifecam22 3193.71704102 5858.85839844 4.60655260086
1478870483422 lifecam22 3193.95507812 5859.15332031 4.60844135284
1478870483491 lifecam22 3193.95507812 5859.15332031 4.60844135284
1478870483698 lifecam22 3193.92089844 5859.0 4.60826063156
1478870483761 lifecam22 3194.19384766 5859.10546875 4.60825443268
1478870483829 lifecam22 3193.83032227 5859.19628906 4.60728979111
1478870483900 lifecam22 3193.97290039 5858.92724609 4.60749197006
1478870483965 lifecam22 3194.26635742 5859.39306641 4.60975217819
1478870484233 lifecam22 3194.20996094 5859.22363281 4.60938167572
1478870484298 lifecam22 3194.20996094 5859.22363281 4.60938167572
1478870484368 lifecam22 3193.96801758 5859.03125 4.60730981827
1478870484431 lifecam22 3193.95507812 5859.15332031 4.60844135284
1478870484495 lifecam22 3194.05126953 5859.11181641 4.60804843903
1478870484696 lifecam22 3194.24951172 5859.14941406 4.60732316971
1478870484765 lifecam22 3194.10693359 5858.671875 4.60524368286
1478870484837 lifecam22 3193.96240234 5858.67382812 4.60639715195
1478870484906 lifecam22 3194.24951172 5859.14941406 4.60732316971
1478870484963 lifecam22 3194.22290039 5858.75585938 4.60617160797
1478870485169 lifecam22 3195.78588867 5859.8359375 4.61172151566
1478870485233 lifecam22 3198.40991211 5860.49072266 4.61691761017
1478870485296 lifecam22 3200.17114258 5862.12890625 4.62830209732
1478870485359 lifecam22 3195.80810547 5861.28857422 4.6185965538
1478870485429 lifecam22 3197.13549805 5860.79785156 4.61927223206
1478870485574 lifecam22 3194.89794922 5860.04638672 4.61252117157
1478870485632 lifecam22 3185.44116211 5861.24316406 4.62114953995
1478870485697 lifecam22 3177.328125 5860.29589844 4.61763381958
1478870485758 lifecam22 3173.18383789 5861.52001953 4.62191200256
1478870485835 lifecam22 3165.1496582 5862.36328125 4.62791633606
1478870485899 lifecam22 3158.79931641 5862.37744141 4.62829113007
1478870486104 lifecam22 3138.65454102 5862.92675781 4.62906074524
1478870486166 lifecam22 3131.52172852 5863.01660156 4.62584638596
1478870486225 lifecam22 3125.65942383 5863.72705078 4.63493442535
1478870486296 lifecam22 3118.98535156 5863.80078125 4.63198232651
1478870486364 lifecam22 3112.69604492 5864.06396484 4.6376042366
1478870486572 lifecam22 3092.44677734 5863.078125 4.62910461426
1478870486625 lifecam22 3085.50830078 5863.80029297 4.6292309761
1478870486698 lifecam22 3078.06079102 5863.69335938 4.6291513443
1478870486763 lifecam22 3071.82421875 5864.03173828 4.62925672531
1478870486830 lifecam22 3065.34521484 5865.24511719 4.63070011139
1478870487030 lifecam22 3044.31713867 5863.92724609 4.62612628937
1478870487101 lifecam22 3037.80737305 5864.07324219 4.62917470932
1478870487165 lifecam22 3032.36694336 5864.88427734 4.63520860672
1478870487242 lifecam22 3025.38134766 5864.11230469 4.63202047348
1478870487298 lifecam22 3019.22973633 5864.91308594 4.63352394104
1478870487506 lifecam22 2998.96899414 5865.76513672 4.63591003418
1478870487559 lifecam22 2993.23095703 5865.73925781 4.63912582397
1478870487635 lifecam22 2986.48144531 5867.08251953 4.64311218262
1478870487703 lifecam22 2980.8125 5867.42626953 4.64852190018
1478870487764 lifecam22 2974.06347656 5866.64550781 4.64860010147
1478870487971 lifecam22 2954.87304688 5868.45996094 4.65640640259
1478870488033 lifecam22 2948.54199219 5869.26513672 4.65994882584
1478870488105 lifecam22 2941.93969727 5868.98583984 4.66073179245
1478870488171 lifecam22 2934.85351562 5867.94824219 4.65289545059
1478870488229 lifecam22 2927.38525391 5867.953125 4.6500082016
1478870488440 lifecam22 2907.37744141 5867.46972656 4.65528345108
1478870488505 lifecam22 2900.09643555 5868.67626953 4.65478515625
1478870488569 lifecam22 2893.78198242 5868.64111328 4.65464735031
1478870488630 lifecam22 2887.56762695 5868.00878906 4.65810203552
1478870488699 lifecam22 2880.33081055 5867.69677734 4.65004491806
1478870488912 lifecam22 2860.05200195 5866.98242188 4.6540389061
1478870488968 lifecam22 2853.31738281 5866.94433594 4.65384721756
1478870489036 lifecam22 2847.14770508 5867.80126953 4.65591812134
1478870489097 lifecam22 2840.94750977 5867.02197266 4.65685129166
1478870489165 lifecam22 2834.26025391 5867.5234375 4.65723085403
1478870489376 lifecam22 2814.78295898 5868.76464844 4.66802120209
1478870489434 lifecam22 2807.89160156 5867.82080078 4.66482496262
1478870489494 lifecam22 2801.36157227 5868.38183594 4.66697263718
1478870489566 lifecam22 2794.84301758 5868.17089844 4.66526699066
1478870489633 lifecam22 2787.84326172 5868.17138672 4.66526794434
1478870489838 lifecam22 2768.67236328 5869.60595703 4.67601823807
1478870489907 lifecam22 2762.07617188 5869.68994141 4.67700099945
1478870489981 lifecam22 2754.94848633 5869.01318359 4.6756606102
1478870490038 lifecam22 2748.19824219 5868.71142578 4.67295503616
1478870490109 lifecam22 2740.35864258 5867.62353516 4.66594648361
1478870490311 lifecam22 2719.77490234 5867.44677734 4.66595077515
1478870490382 lifecam22 2713.21313477 5867.16650391 4.66499423981
1478870490438 lifecam22 2707.59033203 5867.69628906 4.66803455353
1478870490510 lifecam22 2699.26293945 5866.11767578 4.66446399689
1478870490572 lifecam22 2695.10131836 5868.88818359 4.67999172211
1478870490770 lifecam22 2674.1953125 5865.58398438 4.66967773438
1478870490830 lifecam22 2667.32226562 5865.28466797 4.67089271545
1478870490901 lifecam22 2660.63134766 5865.28613281 4.66996383667
1478870490970 lifecam22 2653.63916016 5865.18603516 4.67134714127
1478870491031 lifecam22 2646.81054688 5865.07617188 4.67041969299
1478870491177 lifecam22 2632.46166992 5864.38085938 4.67122602463
1478870491239 lifecam22 2625.6640625 5864.67578125 4.67168521881
1478870491310 lifecam22 2618.76464844 5863.69628906 4.67114639282
1478870491377 lifecam22 2612.23535156 5863.85693359 4.67425870895
1478870491445 lifecam22 2606.54516602 5864.04541016 4.67666769028
1478870491653 lifecam22 2586.11572266 5863.37011719 4.68198108673
1478870491701 lifecam22 2579.95849609 5863.71826172 4.68692398071
1478870491775 lifecam22 2572.88623047 5863.56787109 4.6850810051
1478870491838 lifecam22 2566.83227539 5863.81103516 4.69181251526
1478870491908 lifecam22 2559.58081055 5863.34375 4.68728971481
1478870491967 lifecam22 2552.80200195 5863.57910156 4.68819189072
1478870492176 lifecam22 2533.79492188 5863.64208984 4.70071744919
1478870492253 lifecam22 2530.02368164 5864.48730469 4.70869016647
1478870492311 lifecam22 2521.98193359 5864.05175781 4.70597219467
1478870492379 lifecam22 2516.17138672 5863.64941406 4.70609807968
1478870492443 lifecam22 2509.4309082 5864.03369141 4.70844697952
1478870492645 lifecam22 2486.02807617 5859.27734375 4.68695640564
1478870492708 lifecam22 2478.87475586 5858.34765625 4.68559646606
1478870492781 lifecam22 2472.00073242 5858.58837891 4.68671417236
1478870492847 lifecam22 2464.99731445 5857.65087891 4.68668365479
1478870492918 lifecam22 2458.17749023 5857.42138672 4.68828344345
1478870493046 lifecam22 2444.49560547 5857.04638672 4.69111347198
1478870493116 lifecam22 2437.92529297 5857.18310547 4.69373035431
1478870493180 lifecam22 2430.8996582 5857.00830078 4.69471788406
1478870493249 lifecam22 2425.71362305 5857.44189453 4.70718288422
1478870493320 lifecam22 2420.20556641 5858.04541016 4.71416330338
1478870493458 lifecam22 2408.58154297 5858.38427734 4.71990156174
1478870493518 lifecam22 2401.52270508 5858.21484375 4.71939945221
1478870493581 lifecam22 2394.66357422 5858.43603516 4.72148656845
1478870493645 lifecam22 2389.07446289 5858.63525391 4.72336673737
1478870493705 lifecam22 2381.44335938 5858.85986328 4.72547674179
1478870493918 lifecam22 2360.98681641 5854.70214844 4.71228313446
1478870493983 lifecam22 2353.69140625 5853.46582031 4.70458507538
1478870494048 lifecam22 2346.40844727 5851.56982422 4.70406246185
1478870494115 lifecam22 2340.00195312 5851.21240234 4.70467090607
1478870494184 lifecam22 2334.45825195 5851.22705078 4.71704339981
1478870494385 lifecam22 2313.67138672 5850.41113281 4.71062660217
1478870494453 lifecam22 2306.91479492 5850.52880859 4.71288824081
1478870494520 lifecam22 2299.91503906 5850.52832031 4.71288871765
1478870494582 lifecam22 2292.91479492 5850.52832031 4.71288824081
1478870494648 lifecam22 2285.91455078 5850.52832031 4.71288824081
1478870494849 lifecam22 2264.38476562 5847.18261719 4.70807886124
1478870494980 lifecam22 2253.53271484 5846.22070312 4.72679376602
1478870495051 lifecam22 2247.2043457 5846.05566406 4.7292842865
1478870495117 lifecam22 2240.85717773 5845.70214844 4.73216199875
1478870495247 lifecam22 2228.85546875 5846.54345703 4.74117326736
1478870495318 lifecam22 2222.05761719 5846.60205078 4.74171447754
1478870495385 lifecam22 2215.28613281 5846.47607422 4.74055099487
1478870495447 lifecam22 2207.95678711 5846.58056641 4.74151229858
1478870495516 lifecam22 2201.52124023 5846.49511719 4.74072790146
1478870495654 lifecam22 2188.98999023 5845.68652344 4.74404621124
1478870495717 lifecam22 2181.9621582 5844.64990234 4.7408413887
1478870495787 lifecam22 2174.68408203 5840.03808594 4.73844575882
1478870495853 lifecam22 2169.47241211 5842.79443359 4.75244092941
1478870495917 lifecam22 2160.15039062 5838.54931641 4.7319355011
1478870495982 lifecam22 2153.14990234 5838.54931641 4.7319355011
1478870496118 lifecam22 2138.63867188 5836.76611328 4.71514844894
1478870496183 lifecam22 2131.9152832 5836.52880859 4.71289110184
1478870496251 lifecam22 2125.13818359 5836.50976562 4.71491909027
1478870496316 lifecam22 2118.4296875 5836.43701172 4.71757936478
1478870496384 lifecam22 2112.53076172 5836.58105469 4.73023033142
1478870496586 lifecam22 2095.06689453 5834.59716797 4.74883413315
1478870496654 lifecam22 2087.14038086 5832.13720703 4.7363448143
1478870496719 lifecam22 2081.34521484 5833.27880859 4.7446770668
1478870496785 lifecam22 2073.93505859 5832.25341797 4.73848390579
1478870496855 lifecam22 2067.36108398 5832.390625 4.739757061
1478870497056 lifecam22 2049.00170898 5832.69824219 4.75266551971
1478870497120 lifecam22 2043.06774902 5831.7890625 4.76524066925
1478870497189 lifecam22 2036.40783691 5830.41503906 4.76605272293
1478870497251 lifecam22 2029.22229004 5829.93017578 4.76412725449
1478870497323 lifecam22 2021.89953613 5829.38183594 4.76165771484
1478870497452 lifecam22 2005.83435059 5825.40332031 4.73987579346
1478870497518 lifecam22 1999.14562988 5825.16064453 4.73881578445
1478870497588 lifecam22 1992.68859863 5824.93701172 4.73903799057
1478870497654 lifecam22 1988.41027832 5825.68359375 4.76042127609
1478870497722 lifecam22 1981.90856934 5825.40771484 4.76531124115
1478870497921 lifecam22 1961.8671875 5821.38818359 4.75399923325
1478870497988 lifecam22 1952.90441895 5818.28027344 4.7377166748
1478870498119 lifecam22 1939.95117188 5818.11279297 4.74089765549
1478870498187 lifecam22 1933.76062012 5818.60498047 4.75171470642
1478870498325 lifecam22 1923.05322266 5818.77685547 4.7723402977
1478870498393 lifecam22 1916.27050781 5817.61523438 4.77115011215
1478870498458 lifecam22 1909.30334473 5817.08007812 4.76986455917
1478870498519 lifecam22 1902.15808105 5816.64111328 4.76831912994
1478870498587 lifecam22 1895.25720215 5816.01904297 4.76503229141
1478870498791 lifecam22 1874.27734375 5812.03417969 4.7558131218
1478870498856 lifecam22 1868.59533691 5811.52832031 4.76959276199
1478870498922 lifecam22 1862.10705566 5811.64648438 4.77170658112
1478870498992 lifecam22 1854.38415527 5810.07666016 4.76815843582
1478870499057 lifecam22 1847.31848145 5809.57373047 4.7660574913
1478870499260 lifecam22 1827.09838867 5806.94091797 4.76374101639
1478870499326 lifecam22 1820.31628418 5805.89941406 4.76795530319
1478870499390 lifecam22 1814.96435547 5805.1953125 4.77750492096
1478870499456 lifecam22 1807.96203613 5805.04638672 4.7786192894
1478870499522 lifecam22 1801.40014648 5803.23779297 4.77404642105
1478870499723 lifecam22 1790.48803711 5801.57128906 4.76439571381
1478870499794 lifecam22 1790.31433105 5801.94677734 4.76554489136
1478870499858 lifecam22 1790.20361328 5801.69287109 4.76441574097
1478870499928 lifecam22 1790.14257812 5801.54052734 4.76481151581
1478870499994 lifecam22 1790.41088867 5801.81982422 4.76611089706
1478870500193 lifecam22 1790.25134277 5801.79541016 4.76593732834
1478870500258 lifecam22 1790.31433105 5801.94677734 4.76554489136
1478870500324 lifecam22 1790.22216797 5801.71142578 4.7645907402
1478870500393 lifecam22 1790.41088867 5801.81982422 4.76611089706
1478870500461 lifecam22 1790.34143066 5802.03076172 4.76688766479
1478870500597 lifecam22 1790.25134277 5801.79541016 4.76593732834
1478870500662 lifecam22 1790.14257812 5801.54052734 4.76481151581
1478870500723 lifecam22 1790.23291016 5801.77636719 4.76576137543
1478870500793 lifecam22 1790.30249023 5801.56494141 4.76498508453
1478870500860 lifecam22 1790.41088867 5801.81982422 4.76611089706
1478870501126 lifecam22 1790.14257812 5801.54052734 4.76481151581
1478870501196 lifecam22 1790.25134277 5801.79541016 4.76593732834
1478870501258 lifecam22 1790.25134277 5801.79541016 4.76593732834
1478870501327 lifecam22 1790.41088867 5801.81982422 4.76611089706
1478870501393 lifecam22 1790.12097168 5801.51953125 4.76462507248
1478870501532 lifecam22 1790.41088867 5801.81982422 4.76611089706
1478870501597 lifecam22 1790.50109863 5802.05615234 4.76706266403
1478870501662 lifecam22 1790.38220215 5801.73632812 4.76476669312
1478870501726 lifecam22 1790.62719727 5801.91015625 4.76686954498
1478870501794 lifecam22 1790.25134277 5801.79541016 4.76593732834
1478870501992 lifecam22 1790.25134277 5801.79541016 4.76593732834
1478870502061 lifecam22 1790.25134277 5801.79541016 4.76593732834
1478870502127 lifecam22 1790.31433105 5801.94677734 4.76554489136
