1478869638714 lifecam22 3193.89331055 5862.58447266 4.63151454926
1478869638788 lifecam22 3194.02172852 5862.54394531 4.63267755508
1478869638850 lifecam22 3194.02172852 5862.54394531 4.63267755508
1478869638919 lifecam22 3193.87890625 5862.54980469 4.63140869141
1478869639053 lifecam22 3194.02172852 5862.54394531 4.63267755508
1478869639116 lifecam22 3194.02172852 5862.54394531 4.63267755508
1478869639188 lifecam22 3194.02172852 5862.54394531 4.63267755508
1478869639256 lifecam22 3194.02172852 5862.54394531 4.63267755508
1478869639313 lifecam22 3194.02172852 5862.54394531 4.63267755508
1478869639459 lifecam22 3194.12060547 5862.74707031 4.63343524933
1478869639516 lifecam22 3193.89331055 5862.58447266 4.63151454926
1478869639583 lifecam22 3194.02172852 5862.54394531 4.63267755508
1478869639647 lifecam22 3194.02172852 5862.54394531 4.63267755508
1478869639716 lifecam22 3194.02172852 5862.54394531 4.63267755508
1478869639933 lifecam22 3194.12060547 5862.74707031 4.63343524933
1478869639981 lifecam22 3193.89331055 5862.58447266 4.63151454926
1478869640055 lifecam22 3193.89331055 5862.58447266 4.63151454926
1478869640123 lifecam22 3194.02172852 5862.54394531 4.63267755508
1478869640195 lifecam22 3194.04467773 5862.56005859 4.6328701973
1478869640391 lifecam22 3194.02172852 5862.54394531 4.63267755508
1478869640457 lifecam22 3193.89331055 5862.58447266 4.63151454926
1478869640524 lifecam22 3194.02172852 5862.54394531 4.63267755508
1478869640592 lifecam22 3194.02172852 5862.54394531 4.63267755508
1478869640658 lifecam22 3194.06567383 5862.32666016 4.63193416595
1478869640786 lifecam22 3194.32592773 5862.53613281 4.63289165497
1478869640864 lifecam22 3194.01293945 5862.55371094 4.63133525848
1478869640919 lifecam22 3194.17456055 5862.55957031 4.63153839111
1478869640989 lifecam22 3194.68945312 5862.58691406 4.6336774826
1478869641054 lifecam22 3195.16162109 5861.80615234 4.62539672852
1478869641201 lifecam22 3196.95068359 5861.93310547 4.62447118759
1478869641255 lifecam22 3198.09643555 5862.87255859 4.62515163422
1478869641317 lifecam22 3193.26928711 5863.5390625 4.63821029663
1478869641389 lifecam22 3193.91943359 5863.20898438 4.63544988632
1478869641455 lifecam22 3195.26806641 5863.32373047 4.63591241837
1478869641513 lifecam22 3193.16064453 5864.37109375 4.64211940765
1478869641668 lifecam22 3178.42041016 5864.87109375 4.65258932114
1478869641712 lifecam22 3172.69091797 5864.95019531 4.64620304108
1478869641789 lifecam22 3164.98339844 5865.56542969 4.65424394608
1478869641867 lifecam22 3158.45874023 5864.22363281 4.64195680618
1478869641926 lifecam22 3152.0378418 5865.50097656 4.64907979965
1478869642131 lifecam22 3131.58740234 5866.37353516 4.65619087219
1478869642194 lifecam22 3124.00415039 5864.79833984 4.64789676666
1478869642261 lifecam22 3117.65527344 5866.29003906 4.65308427811
1478869642329 lifecam22 3110.01586914 5864.20947266 4.64212036133
1478869642390 lifecam22 3103.15405273 5863.80175781 4.63980340958
1478869642532 lifecam22 3090.34033203 5863.6953125 4.64406204224
1478869642603 lifecam22 3083.59130859 5864.34179688 4.64343500137
1478869642665 lifecam22 3078.99072266 5864.41552734 4.65273237228
1478869642720 lifecam22 3071.23461914 5864.04882812 4.65126848221
1478869642788 lifecam22 3066.1887207 5864.81054688 4.65844011307
1478869642996 lifecam22 3047.00854492 5865.74658203 4.66950845718
1478869643052 lifecam22 3040.55297852 5865.68945312 4.67444229126
1478869643122 lifecam22 3034.97338867 5866.77978516 4.68204259872
1478869643200 lifecam22 3027.8190918 5865.99462891 4.67850446701
1478869643261 lifecam22 3020.76635742 5865.81396484 4.6780538559
1478869643456 lifecam22 2999.59130859 5865.63623047 4.67428636551
1478869643519 lifecam22 2993.16943359 5865.41064453 4.6769657135
1478869643585 lifecam22 2985.90966797 5864.13037109 4.66452741623
1478869643667 lifecam22 2979.95898438 5863.58496094 4.65727138519
1478869643716 lifecam22 2973.19799805 5863.39892578 4.66092443466
1478869643870 lifecam22 2959.26098633 5863.74462891 4.66698455811
1478869643924 lifecam22 2953.68334961 5863.44775391 4.66468429565
1478869643982 lifecam22 2947.26855469 5864.49267578 4.66960477829
1478869644054 lifecam22 2941.11474609 5863.37255859 4.67212533951
1478869644125 lifecam22 2934.8293457 5863.99609375 4.67589330673
1478869644331 lifecam22 2914.98364258 5863.29199219 4.68118619919
1478869644385 lifecam22 2908.92260742 5863.44824219 4.68564748764
1478869644469 lifecam22 2902.79370117 5864.07910156 4.68931722641
1478869644533 lifecam22 2895.88256836 5864.01416016 4.69010639191
1478869644592 lifecam22 2889.16430664 5863.99560547 4.69261789322
1478869644795 lifecam22 2868.88696289 5864.09082031 4.70034360886
1478869644863 lifecam22 2862.22363281 5864.09228516 4.7021112442
1478869644927 lifecam22 2855.5090332 5864.21142578 4.70595312119
1478869644987 lifecam22 2849.06762695 5864.31396484 4.70846509933
1478869645054 lifecam22 2841.9050293 5864.29443359 4.70827054977
1478869645197 lifecam22 2831.53100586 5865.93798828 4.72501087189
1478869645259 lifecam22 2825.14672852 5865.91357422 4.72598552704
1478869645327 lifecam22 2818.26391602 5865.89208984 4.72578573227
1478869645402 lifecam22 2810.19482422 5863.43457031 4.70641279221
1478869645471 lifecam22 2801.33496094 5860.07470703 4.68968343735
1478869645605 lifecam22 2787.27172852 5858.97412109 4.68912172318
1478869645656 lifecam22 2780.57226562 5859.6328125 4.6917963028
1478869645735 lifecam22 2773.75073242 5859.41650391 4.69222927094
1478869645790 lifecam22 2767.83496094 5857.34814453 4.69191551208
1478869645867 lifecam22 2762.54150391 5858.96972656 4.70260667801
1478869646009 lifecam22 2748.96313477 5857.66943359 4.69819164276
1478869646065 lifecam22 2743.75268555 5857.90136719 4.71176576614
1478869646135 lifecam22 2737.12890625 5857.63671875 4.71270656586
1478869646205 lifecam22 2729.99780273 5857.390625 4.71037960052
1478869646269 lifecam22 2723.41381836 5857.52734375 4.71287822723
1478869646472 lifecam22 2703.1418457 5857.93115234 4.71671295166
1478869646538 lifecam22 2696.91088867 5858.375 4.72091436386
1478869646597 lifecam22 2690.30737305 5858.49267578 4.72318649292
1478869646655 lifecam22 2683.21655273 5858.30517578 4.72373771667
1478869646729 lifecam22 2678.12353516 5858.03710938 4.72996902466
1478869646935 lifecam22 2656.78710938 5855.24169922 4.72522544861
1478869646998 lifecam22 2649.44335938 5851.83740234 4.72154045105
1478869647065 lifecam22 2643.03637695 5852.16064453 4.72459077835
1478869647124 lifecam22 2636.66479492 5852.13330078 4.72804546356
1478869647193 lifecam22 2629.56298828 5851.91064453 4.72595262527
1478869647333 lifecam22 2616.08056641 5851.91113281 4.72595787048
1478869647394 lifecam22 2608.66479492 5852.13330078 4.72804355621
1478869647471 lifecam22 2601.73828125 5852.20605469 4.72997188568
1478869647542 lifecam22 2596.88427734 5852.77246094 4.7364859581
1478869647591 lifecam22 2589.99829102 5852.99560547 4.74107456207
1478869647797 lifecam22 2568.66723633 5844.890625 4.72459888458
1478869647875 lifecam22 2561.67675781 5845.21044922 4.72751951218
1478869647937 lifecam22 2555.35107422 5845.31982422 4.72978830338
1478869647992 lifecam22 2548.19091797 5845.4140625 4.72967863083
1478869648072 lifecam22 2543.07006836 5845.72558594 4.73358201981
1478869648207 lifecam22 2529.49023438 5845.77734375 4.73526859283
1478869648268 lifecam22 2522.79907227 5845.87109375 4.7373380661
1478869648336 lifecam22 2517.29418945 5845.9609375 4.7468585968
1478869648391 lifecam22 2511.66210938 5846.046875 4.754550457
1478869648459 lifecam22 2505.60302734 5845.12988281 4.76017904282
1478869648737 lifecam22 2476.76049805 5840.90332031 4.74780845642
1478869648801 lifecam22 2469.00317383 5839.21289062 4.73811101913
1478869648876 lifecam22 2462.20385742 5839.14501953 4.73864889145
1478869648945 lifecam22 2456.48242188 5839.33691406 4.74155855179
1478869649001 lifecam22 2450.59960938 5839.92138672 4.75199699402
1478869649209 lifecam22 2431.36767578 5837.91992188 4.76724910736
1478869649276 lifecam22 2425.05737305 5838.04541016 4.76965332031
1478869649335 lifecam22 2416.94628906 5835.62207031 4.75730705261
1478869649400 lifecam22 2411.37890625 5836.33496094 4.76257610321
1478869649473 lifecam22 2402.36181641 5833.34130859 4.74745178223
1478869649669 lifecam22 2384.78637695 5832.41210938 4.76241111755
1478869649745 lifecam22 2378.61743164 5832.77441406 4.76798582077
1478869649815 lifecam22 2371.60180664 5831.13183594 4.76807451248
1478869649872 lifecam22 2364.81518555 5830.49853516 4.76748180389
1478869649937 lifecam22 2357.76391602 5830.24023438 4.76631784439
1478869650212 lifecam22 2330.01513672 5826.25634766 4.76553535461
1478869650265 lifecam22 2323.99487305 5825.81396484 4.76377677917
1478869650341 lifecam22 2317.61474609 5825.50634766 4.77172756195
1478869650409 lifecam22 2311.67578125 5824.95947266 4.77492761612
1478869650472 lifecam22 2305.60546875 5825.15380859 4.77879428864
1478869650662 lifecam22 2286.2409668 5823.55908203 4.78120756149
1478869650731 lifecam22 2278.50292969 5820.63916016 4.77480602264
1478869650814 lifecam22 2272.13305664 5820.87304688 4.77927732468
1478869650875 lifecam22 2265.60180664 5820.34570312 4.78561687469
1478869650943 lifecam22 2258.34716797 5819.03808594 4.78111171722
1478869651147 lifecam22 2237.81640625 5817.46533203 4.77773332596
1478869651204 lifecam22 2232.01489258 5815.26513672 4.78325271606
1478869651265 lifecam22 2224.95703125 5814.77392578 4.78445291519
1478869651335 lifecam22 2218.16357422 5813.29638672 4.7817606926
1478869651403 lifecam22 2211.2175293 5811.30615234 4.77709531784
1478869651613 lifecam22 2191.86328125 5809.57666016 4.77681207657
1478869651673 lifecam22 2185.58740234 5808.65722656 4.78147172928
1478869651749 lifecam22 2178.88525391 5808.14306641 4.78582906723
1478869651813 lifecam22 2172.68676758 5807.93359375 4.79247713089
1478869651880 lifecam22 2165.25634766 5805.87988281 4.78377723694
1478869652073 lifecam22 2147.48803711 5805.43261719 4.80054569244
1478869652136 lifecam22 2140.82885742 5804.83203125 4.80212545395
1478869652216 lifecam22 2134.03295898 5804.61767578 4.80377531052
1478869652277 lifecam22 2127.07421875 5802.72509766 4.80250883102
1478869652338 lifecam22 2120.29443359 5801.66552734 4.79943561554
1478869652542 lifecam22 2099.85009766 5798.15380859 4.79514217377
1478869652607 lifecam22 2093.78662109 5797.56787109 4.80298423767
1478869652668 lifecam22 2086.94213867 5797.70410156 4.80585861206
1478869652737 lifecam22 2080.14672852 5796.12792969 4.80370140076
1478869652807 lifecam22 2073.11401367 5794.42236328 4.79942655563
1478869653068 lifecam22 2048.18481445 5791.53710938 4.81624603271
1478869653138 lifecam22 2041.47570801 5790.68408203 4.81315231323
1478869653203 lifecam22 2034.45129395 5788.53125 4.8058719635
1478869653267 lifecam22 2027.04504395 5786.55957031 4.80166578293
1478869653338 lifecam22 2020.6295166 5785.22412109 4.79560518265
1478869653550 lifecam22 2001.66638184 5784.71386719 4.818379879
1478869653616 lifecam22 1994.59436035 5782.48925781 4.81294441223
1478869653675 lifecam22 1987.36682129 5781.13232422 4.80716896057
1478869653736 lifecam22 1981.05871582 5779.40771484 4.80255556107
1478869653805 lifecam22 1975.54211426 5779.01367188 4.81545114517
1478869654018 lifecam22 1955.96179199 5778.08837891 4.82400083542
1478869654084 lifecam22 1948.90515137 5776.11767578 4.81810951233
1478869654147 lifecam22 1942.11047363 5774.29443359 4.81587934494
1478869654215 lifecam22 1935.77392578 5772.94824219 4.82137823105
1478869654266 lifecam22 1929.45117188 5772.45800781 4.82504177094
1478869654482 lifecam22 1908.6595459 5769.83300781 4.82323455811
1478869654537 lifecam22 1902.54736328 5769.57763672 4.83228492737
1478869654611 lifecam22 1895.92932129 5766.94482422 4.83017396927
1478869654678 lifecam22 1888.63269043 5765.21972656 4.82429170609
1478869654737 lifecam22 1881.51074219 5764.71386719 4.82614564896
1478869654942 lifecam22 1862.28686523 5759.35693359 4.824177742
1478869655004 lifecam22 1855.51501465 5758.39501953 4.82504606247
1478869655070 lifecam22 1849.0682373 5756.97998047 4.82000541687
1478869655136 lifecam22 1842.41125488 5756.21972656 4.82212018967
1478869655204 lifecam22 1837.53344727 5756.74902344 4.83758497238
1478869655411 lifecam22 1816.75305176 5752.03271484 4.82978487015
1478869655477 lifecam22 1810.12512207 5750.84863281 4.83185005188
1478869655541 lifecam22 1804.83227539 5750.85107422 4.84595012665
1478869655604 lifecam22 1800.91625977 5751.02880859 4.85164117813
1478869655675 lifecam22 1803.92944336 5750.62695312 4.84801006317
1478869655878 lifecam22 1802.99450684 5751.1328125 4.85013866425
1478869655944 lifecam22 1803.68432617 5751.23681641 4.8514919281
1478869656011 lifecam22 1802.58837891 5750.64208984 4.84717607498
1478869656069 lifecam22 1803.55834961 5751.08544922 4.85020589828
1478869656140 lifecam22 1803.02990723 5750.88574219 4.85013246536
1478869656346 lifecam22 1803.29296875 5751.35400391 4.85186672211
1478869656409 lifecam22 1803.3293457 5751.10595703 4.85186100006
1478869656471 lifecam22 1803.48083496 5751.43994141 4.85244703293
1478869656538 lifecam22 1803.36730957 5751.00341797 4.84965896606
1478869656604 lifecam22 1803.22351074 5751.11816406 4.85092639923
1478869656814 lifecam22 1803.22351074 5751.11816406 4.85092639923
1478869656870 lifecam22 1803.48083496 5751.43994141 4.85244703293
1478869656939 lifecam22 1803.41137695 5751.20361328 4.85150766373
1478869657007 lifecam22 1803.51745605 5751.19140625 4.85244131088
1478869657078 lifecam22 1803.16320801 5751.16992188 4.85028266907
1478869657277 lifecam22 1803.41137695 5751.20361328 4.85150766373
1478869657340 lifecam22 1802.9519043 5750.93310547 4.84829568863
1478869657406 lifecam22 1803.13977051 5751.01855469 4.84887266159
1478869657475 lifecam22 1803.33361816 5751.25292969 4.85207414627
1478869657538 lifecam22 1803.48083496 5751.43994141 4.85244703293
1478869657742 lifecam22 1803.18261719 5751.21826172 4.85071706772
