1478870001478 lifecam22 3194.6105957 5859.17089844 4.61184692383
1478870001612 lifecam22 3194.87109375 5859.48632812 4.61393547058
1478870001674 lifecam22 3194.62280273 5859.04931641 4.61071538925
1478870001742 lifecam22 3194.7097168 5859.36523438 4.61245012283
1478870001816 lifecam22 3194.65942383 5859.20800781 4.6109161377
1478870001888 lifecam22 3194.65942383 5859.20800781 4.6109161377
1478870002027 lifecam22 3194.39282227 5859.1171875 4.60976743698
1478870002078 lifecam22 3194.64672852 5859.33007812 4.61204910278
1478870002157 lifecam22 3194.52685547 5859.21240234 4.61223983765
1478870002213 lifecam22 3194.69702148 5859.48681641 4.61358261108
1478870002283 lifecam22 3194.9074707 5859.64550781 4.61413621902
1478870002347 lifecam22 3194.38012695 5859.23828125 4.61089706421
1478870002492 lifecam22 3194.5234375 5859.73339844 4.61315107346
1478870002557 lifecam22 3194.40820312 5859.38818359 4.61238622665
1478870002610 lifecam22 3195.06469727 5859.76171875 4.61680412292
1478870002676 lifecam22 3194.38818359 5859.37744141 4.61221694946
1478870002748 lifecam22 3194.75976562 5859.796875 4.61527109146
1478870003010 lifecam22 3194.64672852 5859.33007812 4.61204910278
1478870003076 lifecam22 3194.64892578 5859.69238281 4.61430740356
1478870003156 lifecam22 3194.70336914 5859.5 4.61242055893
1478870003221 lifecam22 3194.64672852 5859.33007812 4.61204910278
1478870003280 lifecam22 3194.85083008 5859.47509766 4.61376285553
1478870003429 lifecam22 3194.82080078 5859.44970703 4.61607027054
1478870003484 lifecam22 3194.91308594 5859.68212891 4.6141576767
1478870003612 lifecam22 3194.64672852 5859.33007812 4.61204910278
1478870003679 lifecam22 3194.64672852 5859.33007812 4.61204910278
1478870003760 lifecam22 3194.69702148 5859.48681641 4.61358261108
1478870003828 lifecam22 3194.96386719 5859.94384766 4.61698865891
1478870003887 lifecam22 3194.43823242 5859.53466797 4.61374807358
1478870003957 lifecam22 3194.65478516 5859.46923828 4.61337089539
1478870004029 lifecam22 3194.64672852 5859.33007812 4.61204910278
1478870004083 lifecam22 3194.65478516 5859.46923828 4.61337089539
1478870004227 lifecam22 3194.64672852 5859.33007812 4.61204910278
1478870004342 lifecam22 3195.57226562 5859.92773438 4.61480093002
1478870004412 lifecam22 3197.81518555 5860.03173828 4.62075185776
1478870004481 lifecam22 3195.99462891 5859.88427734 4.61613130569
1478870004630 lifecam22 3199.23535156 5861.68603516 4.62669420242
1478870004697 lifecam22 3197.92724609 5859.86279297 4.61927175522
1478870004743 lifecam22 3194.66040039 5859.47802734 4.61216974258
1478870004818 lifecam22 3195.60498047 5858.93945312 4.61205911636
1478870004882 lifecam22 3196.14916992 5860.515625 4.62081575394
1478870005020 lifecam22 3179.66748047 5862.95751953 4.63949728012
1478870005086 lifecam22 3176.41235352 5862.78417969 4.63410663605
1478870005159 lifecam22 3167.98364258 5863.88867188 4.6409907341
1478870005217 lifecam22 3160.64819336 5863.32617188 4.63945770264
1478870005282 lifecam22 3155.98950195 5864.31298828 4.64490795135
1478870005409 lifecam22 3141.90039062 5863.83740234 4.64679098129
1478870005497 lifecam22 3135.46118164 5864.18115234 4.64799547195
1478870005554 lifecam22 3128.36181641 5863.33203125 4.64635658264
1478870005629 lifecam22 3122.95825195 5864.11914062 4.6487159729
1478870005696 lifecam22 3114.8293457 5863.03564453 4.64420318604
1478870005822 lifecam22 3102.64477539 5863.56542969 4.64636182785
1478870005883 lifecam22 3095.54418945 5863.56982422 4.65035009384
1478870005955 lifecam22 3088.87866211 5864.55029297 4.65450382233
1478870006028 lifecam22 3081.59301758 5864.16455078 4.65207052231
1478870006090 lifecam22 3075.12255859 5863.66699219 4.64944887161
1478870006214 lifecam22 3061.0559082 5863.23681641 4.64658784866
1478870006286 lifecam22 3054.39599609 5863.4453125 4.64343929291
1478870006353 lifecam22 3047.52783203 5863.45849609 4.64206218719
1478870006416 lifecam22 3041.04248047 5863.18945312 4.64420032501
1478870006497 lifecam22 3035.11010742 5863.6875 4.64708757401
1478870006621 lifecam22 3022.42236328 5863.76611328 4.65138101578
1478870006700 lifecam22 3017.13183594 5864.84082031 4.65997552872
1478870006748 lifecam22 3009.29980469 5864.10888672 4.65655755997
1478870006824 lifecam22 3003.2890625 5864.62109375 4.65940475464
1478870006891 lifecam22 2996.9140625 5864.76025391 4.66224336624
1478870007024 lifecam22 2983.64355469 5864.96679688 4.66301822662
1478870007090 lifecam22 2977.26049805 5863.82177734 4.66535568237
1478870007166 lifecam22 2970.94824219 5865.42626953 4.66985940933
1478870007230 lifecam22 2964.57958984 5864.52832031 4.67422485352
1478870007292 lifecam22 2957.36987305 5864.29736328 4.67133998871
1478870007422 lifecam22 2943.74731445 5863.86376953 4.67243528366
1478870007486 lifecam22 2936.76000977 5864.02392578 4.67136526108
1478870007557 lifecam22 2929.59570312 5863.45800781 4.66728162766
1478870007627 lifecam22 2922.74487305 5863.87939453 4.67126750946
1478870007694 lifecam22 2915.74780273 5863.86425781 4.67243671417
1478870007834 lifecam22 2902.53759766 5862.86767578 4.66857004166
1478870007892 lifecam22 2896.06469727 5861.96337891 4.66538619995
1478870007958 lifecam22 2889.81982422 5861.93994141 4.66534662247
1478870008034 lifecam22 2884.44628906 5862.92236328 4.6752910614
1478870008090 lifecam22 2878.15576172 5863.58203125 4.68281745911
1478870008294 lifecam22 2858.43261719 5863.09521484 4.6790728569
1478870008365 lifecam22 2851.68408203 5863.14501953 4.67965555191
1478870008428 lifecam22 2845.11010742 5863.23486328 4.68199300766
1478870008492 lifecam22 2838.6796875 5863.37353516 4.68603944778
1478870008550 lifecam22 2831.41796875 5863.34667969 4.68438243866
1478870008699 lifecam22 2818.60888672 5863.97949219 4.69104099274
1478870008762 lifecam22 2811.78051758 5864.00634766 4.69257164001
1478870008815 lifecam22 2805.1640625 5863.99511719 4.69261646271
1478870008893 lifecam22 2798.2956543 5863.96777344 4.69378948212
1478870008950 lifecam22 2790.92700195 5861.70556641 4.69052553177
1478870009093 lifecam22 2777.06713867 5861.15283203 4.68682146072
1478870009160 lifecam22 2769.48144531 5859.69433594 4.67946910858
1478870009219 lifecam22 2764.08251953 5859.17529297 4.67645835876
1478870009286 lifecam22 2756.60327148 5858.60595703 4.67474508286
1478870009355 lifecam22 2752.27270508 5860.45361328 4.68788337708
1478870009500 lifecam22 2738.18896484 5859.81640625 4.68838500977
1478870009568 lifecam22 2731.10595703 5859.46679688 4.68764734268
1478870009635 lifecam22 2724.01196289 5859.39111328 4.68681001663
1478870009692 lifecam22 2716.87817383 5859.00976562 4.68562602997
1478870009753 lifecam22 2709.98803711 5858.82958984 4.68523311615
1478870009900 lifecam22 2696.22851562 5858.53417969 4.68873691559
1478870009965 lifecam22 2689.67944336 5857.48779297 4.68906879425
1478870010033 lifecam22 2683.14501953 5856.82177734 4.68552494049
1478870010085 lifecam22 2677.05493164 5856.65478516 4.68563842773
1478870010167 lifecam22 2670.70068359 5856.78027344 4.68948745728
1478870010368 lifecam22 2650.73461914 5857.04833984 4.6950378418
1478870010437 lifecam22 2644.41479492 5857.33105469 4.70323562622
1478870010487 lifecam22 2638.79736328 5857.31591797 4.70845842361
1478870010551 lifecam22 2632.12866211 5857.63671875 4.71270561218
1478870010623 lifecam22 2625.29345703 5857.54785156 4.71307134628
1478870010701 lifecam22 2618.58764648 5857.99267578 4.71729755402
1478870010751 lifecam22 2611.03564453 5857.52783203 4.71288251877
1478870010832 lifecam22 2601.17138672 5852.48535156 4.68715190887
1478870010904 lifecam22 2597.11450195 5855.68115234 4.70637369156
1478870010965 lifecam22 2588.55859375 5851.63330078 4.69270658493
1478870011151 lifecam22 2570.69335938 5851.51464844 4.70777797699
1478870011228 lifecam22 2563.5859375 5851.55175781 4.70679616928
1478870011296 lifecam22 2557.97070312 5851.62939453 4.71581935883
1478870011355 lifecam22 2551.58276367 5851.83496094 4.72284889221
1478870011436 lifecam22 2544.54931641 5851.31005859 4.71781635284
1478870011567 lifecam22 2530.73071289 5851.10449219 4.71714067459
1478870011630 lifecam22 2523.89697266 5850.51708984 4.71278142929
1478870011698 lifecam22 2517.0390625 5850.76611328 4.71514701843
1478870011758 lifecam22 2510.171875 5850.64013672 4.71395349503
1478870011825 lifecam22 2503.5402832 5850.85400391 4.71598243713
1478870011965 lifecam22 2491.38745117 5851.90185547 4.72828626633
1478870012028 lifecam22 2482.5769043 5848.96875 4.71358394623
1478870012089 lifecam22 2476.78271484 5850.06542969 4.72141075134
1478870012158 lifecam22 2469.12915039 5847.27197266 4.71425151825
1478870012228 lifecam22 2461.87451172 5844.71044922 4.70916748047
1478870012437 lifecam22 2444.39526367 5845.625 4.73264026642
1478870012496 lifecam22 2437.62036133 5845.76464844 4.73394155502
1478870012564 lifecam22 2431.40771484 5845.54492188 4.73189258575
1478870012631 lifecam22 2425.33300781 5845.70214844 4.73335981369
1478870012702 lifecam22 2418.23388672 5845.61621094 4.73374891281
1478870012829 lifecam22 2405.18017578 5845.46240234 4.73463201523
1478870012901 lifecam22 2398.54003906 5844.35302734 4.73428249359
1478870012965 lifecam22 2392.16357422 5843.86376953 4.74238491058
1478870013034 lifecam22 2384.83959961 5839.59960938 4.7366065979
1478870013095 lifecam22 2378.4777832 5840.24707031 4.73884534836
1478870013305 lifecam22 2356.32299805 5837.78808594 4.72480583191
1478870013358 lifecam22 2349.3828125 5838.13085938 4.72802352905
1478870013422 lifecam22 2342.66552734 5838.13378906 4.72805070877
1478870013505 lifecam22 2335.67724609 5837.14550781 4.71874475479
1478870013573 lifecam22 2328.27197266 5836.49511719 4.71619606018
1478870013693 lifecam22 2317.77148438 5837.03027344 4.73964214325
1478870013771 lifecam22 2309.75073242 5834.75537109 4.73627758026
1478870013831 lifecam22 2304.57958984 5835.74755859 4.74651384354
1478870013895 lifecam22 2297.71044922 5833.95605469 4.74517869949
1478870013969 lifecam22 2290.56835938 5832.89892578 4.74015378952
1478870014174 lifecam22 2270.75463867 5832.52148438 4.74096870422
1478870014230 lifecam22 2264.27734375 5832.49072266 4.74433279037
1478870014300 lifecam22 2258.13745117 5832.64746094 4.7495007515
1478870014376 lifecam22 2253.31030273 5832.23339844 4.76040267944
1478870014430 lifecam22 2246.11743164 5830.16357422 4.7614159584
1478870014571 lifecam22 2230.87646484 5826.70507812 4.74539518356
1478870014640 lifecam22 2224.70874023 5827.78710938 4.75179338455
1478870014709 lifecam22 2216.08496094 5825.03564453 4.73646259308
1478870014759 lifecam22 2209.08447266 5825.03515625 4.73645973206
1478870014834 lifecam22 2202.71899414 5824.94726562 4.73797798157
1478870014974 lifecam22 2190.9375 5825.09423828 4.75367355347
1478870015036 lifecam22 2184.70947266 5825.34716797 4.75922298431
1478870015090 lifecam22 2180.55493164 5826.33544922 4.77797174454
1478870015164 lifecam22 2174.04833984 5825.26660156 4.77790355682
1478870015236 lifecam22 2166.94555664 5824.85693359 4.77668809891
1478870015365 lifecam22 2151.0559082 5818.97753906 4.74300765991
1478870015424 lifecam22 2143.87963867 5818.37207031 4.74072122574
1478870015505 lifecam22 2137.47875977 5818.24609375 4.74330854416
1478870015570 lifecam22 2131.11083984 5819.29638672 4.75874948502
1478870015633 lifecam22 2124.86132812 5818.07519531 4.75984239578
1478870015774 lifecam22 2112.67016602 5817.17822266 4.76809549332
1478870015847 lifecam22 2105.46948242 5816.53369141 4.76594543457
1478870015897 lifecam22 2098.53588867 5816.07421875 4.76607990265
1478870015980 lifecam22 2090.1081543 5812.94482422 4.75026512146
1478870016038 lifecam22 2083.4831543 5812.36767578 4.75003957748
1478870016241 lifecam22 2065.10888672 5811.20605469 4.76652669907
1478870016305 lifecam22 2058.31494141 5810.00439453 4.76916313171
1478870016374 lifecam22 2052.12231445 5810.00292969 4.77006053925
1478870016447 lifecam22 2044.79626465 5809.50097656 4.76919174194
1478870016511 lifecam22 2038.4395752 5809.00048828 4.76803684235
1478870016644 lifecam22 2025.18444824 5806.06103516 4.76616621017
1478870016700 lifecam22 2019.11804199 5806.33789062 4.77098798752
1478870016774 lifecam22 2013.68249512 5806.43408203 4.78389072418
1478870016843 lifecam22 2006.75036621 5806.36816406 4.78574705124
1478870016905 lifecam22 2000.27282715 5805.31933594 4.78449964523
1478870017054 lifecam22 1986.1895752 5803.42871094 4.77724409103
1478870017105 lifecam22 1979.2401123 5802.61816406 4.77233028412
1478870017181 lifecam22 1972.01000977 5800.04052734 4.77345609665
1478870017239 lifecam22 1965.5769043 5798.9140625 4.76783132553
1478870017298 lifecam22 1959.21289062 5799.08544922 4.7823176384
1478870017508 lifecam22 1938.0612793 5795.88476562 4.76896476746
1478870017566 lifecam22 1931.53918457 5795.94921875 4.77063560486
1478870017633 lifecam22 1925.24780273 5794.7109375 4.77844953537
1478870017702 lifecam22 1918.83312988 5794.73144531 4.78298377991
1478870017771 lifecam22 1911.06750488 5791.50585938 4.77373695374
1478870017974 lifecam22 1892.26525879 5789.75146484 4.77889204025
1478870018042 lifecam22 1885.28503418 5789.47998047 4.77886390686
1478870018109 lifecam22 1879.76086426 5789.77734375 4.79243993759
1478870018184 lifecam22 1873.08398438 5788.60351562 4.79496192932
1478870018235 lifecam22 1866.76879883 5787.96923828 4.79933166504
1478870018370 lifecam22 1851.96105957 5784.93017578 4.78835058212
1478870018446 lifecam22 1845.85095215 5783.6875 4.78388738632
1478870018508 lifecam22 1840.43139648 5784.02880859 4.79851913452
1478870018573 lifecam22 1834.12451172 5783.81640625 4.80353116989
1478870018631 lifecam22 1827.32373047 5783.71777344 4.80525684357
1478870018780 lifecam22 1813.49865723 5779.96435547 4.79484701157
1478870018837 lifecam22 1805.82824707 5777.85449219 4.7875585556
1478870018898 lifecam22 1799.70031738 5777.07177734 4.78602981567
1478870018971 lifecam22 1794.375 5777.37255859 4.80291318893
1478870019038 lifecam22 1795.04504395 5777.46679688 4.8032875061
1478870019181 lifecam22 1795.04504395 5777.46679688 4.8032875061
1478870019243 lifecam22 1795.36669922 5776.90136719 4.79684019089
1478870019304 lifecam22 1794.73120117 5776.79443359 4.79629516602
1478870019365 lifecam22 1795.14013672 5776.67626953 4.79718208313
1478870019441 lifecam22 1794.94213867 5776.57958984 4.79531383514
1478870019590 lifecam22 1794.94213867 5776.57958984 4.79531383514
1478870019652 lifecam22 1795.19042969 5776.87304688 4.7977938652
1478870019704 lifecam22 1795.19042969 5776.87304688 4.7977938652
1478870019771 lifecam22 1795.19042969 5776.87304688 4.7977938652
1478870019845 lifecam22 1795.24475098 5777.08886719 4.79982471466
1478870020033 lifecam22 1795.04492188 5776.99267578 4.797955513
1478870020119 lifecam22 1794.94213867 5776.57958984 4.79531383514
1478870020173 lifecam22 1794.99230957 5776.77587891 4.79592370987
1478870020236 lifecam22 1794.7520752 5776.53808594 4.79397439957
1478870020306 lifecam22 1795.19042969 5776.87304688 4.7977938652
1478870020451 lifecam22 1794.99230957 5776.77587891 4.79592370987
1478870020517 lifecam22 1795.14013672 5776.67626953 4.79718208313
1478870020584 lifecam22 1794.99230957 5776.77587891 4.79592370987
1478870020639 lifecam22 1794.99230957 5776.77587891 4.79592370987
1478870020701 lifecam22 1795.04492188 5776.99267578 4.797955513
1478870020854 lifecam22 1795.24475098 5777.08886719 4.79982471466
1478870020907 lifecam22 1795.34838867 5777.21142578 4.79980897903
1478870020975 lifecam22 1795.29626465 5776.99414062 4.79778051376
1478870021043 lifecam22 1795.19042969 5776.87304688 4.7977938652
1478870021102 lifecam22 1794.99230957 5776.77587891 4.79592370987
1478870021312 lifecam22 1794.99230957 5776.77587891 4.79592370987
1478870021378 lifecam22 1795.19042969 5776.87304688 4.7977938652
1478870021446 lifecam22 1794.99230957 5776.77587891 4.79592370987
1478870021509 lifecam22 1795.19042969 5776.87304688 4.7977938652
1478870021573 lifecam22 1794.94213867 5776.57958984 4.79531383514
1478870021659 lifecam22 1794.99499512 5776.79638672 4.79734611511
1478870021706 lifecam22 1794.94213867 5776.57958984 4.79531383514
1478870021783 lifecam22 1794.99230957 5776.77587891 4.79592370987
1478870021846 lifecam22 1795.29626465 5776.99414062 4.79778051376
1478870021913 lifecam22 1795.29541016 5777.00830078 4.79792451859
