1478870168615 lifecam22 3195.16333008 5862.08496094 4.61487197876
1478870168676 lifecam22 3194.99902344 5862.21435547 4.61469268799
1478870168733 lifecam22 3194.61035156 5862.05908203 4.61257457733
1478870168882 lifecam22 3194.85131836 5861.97900391 4.61355352402
1478870168938 lifecam22 3194.76098633 5862.17431641 4.61258172989
1478870169007 lifecam22 3194.99902344 5862.21435547 4.61469268799
1478870169066 lifecam22 3194.85131836 5861.97900391 4.61355352402
1478870169131 lifecam22 3194.99902344 5862.21435547 4.61469268799
1478870169336 lifecam22 3194.99902344 5862.21435547 4.61469268799
1478870169397 lifecam22 3194.84960938 5862.09960938 4.61468553543
1478870169465 lifecam22 3194.99902344 5862.21435547 4.61469268799
1478870169536 lifecam22 3194.85131836 5861.97900391 4.61355352402
1478870169596 lifecam22 3194.61035156 5862.05908203 4.61257457733
1478870169683 lifecam22 3195.03417969 5862.35253906 4.61602735519
1478870169740 lifecam22 3194.99731445 5862.33496094 4.61582660675
1478870169808 lifecam22 3194.91186523 5862.01464844 4.61279964447
1478870169868 lifecam22 3194.99902344 5862.21435547 4.61469268799
1478870169933 lifecam22 3194.85131836 5861.97900391 4.61355352402
1478870170219 lifecam22 3194.99902344 5862.21435547 4.61469268799
1478870170276 lifecam22 3195.0847168 5862.14599609 4.61299514771
1478870170334 lifecam22 3195.19921875 5862.23535156 4.61394691467
1478870170404 lifecam22 3194.81225586 5861.95849609 4.610704422
1478870170612 lifecam22 3194.9855957 5862.08984375 4.61089468002
1478870170669 lifecam22 3195.2253418 5862.16552734 4.61298656464
1478870170737 lifecam22 3194.9597168 5862.19384766 4.61183786392
1478870170813 lifecam22 3196.2890625 5862.46826172 4.61582899094
1478870170877 lifecam22 3195.0234375 5862.22900391 4.61223506927
1478870171014 lifecam22 3195.20410156 5862.39599609 4.61122655869
1478870171080 lifecam22 3196.24316406 5862.43847656 4.61159706116
1478870171143 lifecam22 3196.9440918 5862.45556641 4.61521816254
1478870171201 lifecam22 3196.17236328 5861.98925781 4.61639499664
1478870171285 lifecam22 3195.85986328 5862.39697266 4.61583614349
1478870171420 lifecam22 3194.05029297 5863.67578125 4.62610530853
1478870171475 lifecam22 3183.6315918 5864.30419922 4.62876033783
1478870171550 lifecam22 3179.86425781 5864.28320312 4.63608312607
1478870171605 lifecam22 3172.42138672 5864.4296875 4.63221216202
1478870171669 lifecam22 3164.44482422 5864.71972656 4.63200855255
1478870171886 lifecam22 3144.62011719 5864.09570312 4.62630605698
1478870171949 lifecam22 3138.18115234 5863.70800781 4.62728643417
1478870172010 lifecam22 3131.12646484 5864.44921875 4.62515211105
1478870172071 lifecam22 3124.96313477 5864.59228516 4.62997245789
1478870172140 lifecam22 3119.39404297 5865.54345703 4.63948822021
1478870172283 lifecam22 3104.99438477 5865.96240234 4.63698911667
1478870172344 lifecam22 3098.95629883 5866.609375 4.64383363724
1478870172416 lifecam22 3092.81445312 5866.48046875 4.64155769348
1478870172476 lifecam22 3085.79589844 5867.30517578 4.64597463608
1478870172541 lifecam22 3079.8059082 5868.22558594 4.64955568314
1478870172686 lifecam22 3066.6730957 5867.90478516 4.6511297226
1478870172751 lifecam22 3060.14892578 5868.94433594 4.65164136887
1478870172815 lifecam22 3052.56420898 5867.58837891 4.64029407501
1478870172874 lifecam22 3046.01367188 5867.61230469 4.6412858963
1478870172949 lifecam22 3039.80004883 5867.73339844 4.6450843811
1478870173149 lifecam22 3019.26196289 5867.98632812 4.64409637451
1478870173219 lifecam22 3012.96850586 5867.90625 4.64544439316
1478870173290 lifecam22 3006.2487793 5867.92089844 4.64292192459
1478870173344 lifecam22 2999.05371094 5867.06738281 4.64160823822
1478870173406 lifecam22 2993.32714844 5868.96826172 4.64826059341
1478870173557 lifecam22 2980.1953125 5868.54980469 4.65004205704
1478870173610 lifecam22 2975.234375 5868.76367188 4.65689659119
1478870173695 lifecam22 2967.76489258 5867.58984375 4.65438270569
1478870173736 lifecam22 2961.95141602 5869.12744141 4.6581454277
1478870173812 lifecam22 2954.83520508 5869.03027344 4.6609377861
1478870173954 lifecam22 2941.39770508 5869.68310547 4.66475868225
1478870174018 lifecam22 2935.22265625 5869.04833984 4.66931009293
1478870174084 lifecam22 2928.50219727 5869.09326172 4.66799068451
1478870174148 lifecam22 2921.45458984 5869.11474609 4.66881990433
1478870174210 lifecam22 2915.22045898 5869.57910156 4.67173957825
1478870174356 lifecam22 2902.06933594 5870.50195312 4.67805480957
1478870174424 lifecam22 2895.04980469 5870.22314453 4.67667675018
1478870174479 lifecam22 2888.03735352 5870.29931641 4.67738580704
1478870174557 lifecam22 2880.94628906 5869.74023438 4.67068719864
1478870174611 lifecam22 2873.96386719 5869.59130859 4.67316532135
1478870174821 lifecam22 2853.79296875 5869.546875 4.6731710434
1478870174889 lifecam22 2846.68505859 5868.61767578 4.66579055786
1478870175011 lifecam22 2834.34936523 5868.32666016 4.66529273987
1478870175076 lifecam22 2828.17431641 5869.26367188 4.67185926437
1478870175141 lifecam22 2820.78759766 5868.43994141 4.66796398163
1478870175219 lifecam22 2813.68041992 5867.92041016 4.66574859619
1478870175282 lifecam22 2808.32446289 5869.18603516 4.67411470413
1478870175356 lifecam22 2800.42089844 5867.24658203 4.66419219971
1478870175410 lifecam22 2794.37207031 5868.07714844 4.66796684265
1478870175481 lifecam22 2787.13256836 5867.06445312 4.66328716278
1478870175619 lifecam22 2773.70043945 5867.84228516 4.6671333313
1478870175694 lifecam22 2766.91601562 5866.64501953 4.6663107872
1478870175745 lifecam22 2760.6628418 5868.45898438 4.67611265182
1478870175826 lifecam22 2754.48339844 5868.32324219 4.67648887634
1478870175877 lifecam22 2748.41088867 5868.82421875 4.68470954895
1478870176091 lifecam22 2728.06640625 5868.83300781 4.68799352646
1478870176155 lifecam22 2721.01147461 5868.6484375 4.68626356125
1478870176213 lifecam22 2713.4050293 5867.03173828 4.68112611771
1478870176291 lifecam22 2707.75756836 5866.65039062 4.67720746994
1478870176358 lifecam22 2700.50366211 5865.79492188 4.67397499084
1478870176487 lifecam22 2688.73657227 5866.38769531 4.68313407898
1478870176563 lifecam22 2681.703125 5866.41796875 4.68544864655
1478870176614 lifecam22 2675.10961914 5866.64013672 4.68768024445
1478870176678 lifecam22 2668.18920898 5866.81689453 4.68838787079
1478870176761 lifecam22 2660.6706543 5865.29785156 4.68378686905
1478870176958 lifecam22 2640.13452148 5864.38818359 4.68790054321
1478870177022 lifecam22 2633.16186523 5864.28027344 4.68814325333
1478870177084 lifecam22 2626.4753418 5863.88964844 4.68963003159
1478870177156 lifecam22 2619.49047852 5863.35644531 4.68459892273
1478870177223 lifecam22 2612.63989258 5863.49023438 4.68725442886
1478870177363 lifecam22 2599.20019531 5863.35058594 4.68725442886
1478870177425 lifecam22 2593.34228516 5863.97802734 4.70140457153
1478870177476 lifecam22 2586.54931641 5863.7734375 4.69952583313
1478870177548 lifecam22 2580.37475586 5864.13037109 4.70438289642
1478870177627 lifecam22 2574.82958984 5864.55029297 4.70982408524
1478870177835 lifecam22 2555.20751953 5864.84521484 4.71466732025
1478870177894 lifecam22 2548.20776367 5864.84472656 4.71466684341
1478870177961 lifecam22 2541.03588867 5864.52783203 4.71288490295
1478870178031 lifecam22 2536.75732422 5864.24169922 4.71666908264
1478870178100 lifecam22 2529.06445312 5862.65283203 4.707447052
1478870178356 lifecam22 2500.4128418 5858.50585938 4.69718837738
1478870178428 lifecam22 2493.44555664 5858.13085938 4.69745492935
1478870178496 lifecam22 2486.66210938 5857.31396484 4.69487047195
1478870178564 lifecam22 2479.79394531 5857.171875 4.69489431381
1478870178618 lifecam22 2474.23144531 5857.24414062 4.70669603348
1478870178826 lifecam22 2453.89746094 5857.51708984 4.7127828598
1478870178885 lifecam22 2446.89746094 5857.51757812 4.71278142929
1478870178951 lifecam22 2439.89746094 5857.51708984 4.7127828598
1478870179022 lifecam22 2432.89746094 5857.51757812 4.71278429031
1478870179088 lifecam22 2426.15185547 5857.62744141 4.71383190155
1478870179295 lifecam22 2404.54760742 5852.90771484 4.70358085632
1478870179352 lifecam22 2398.93261719 5853.82324219 4.71247386932
1478870179423 lifecam22 2391.68066406 5851.44433594 4.7038397789
1478870179492 lifecam22 2385.80395508 5851.65380859 4.71714067459
1478870179560 lifecam22 2382.03125 5852.79931641 4.73193120956
1478870179753 lifecam22 2362.59204102 5852.90673828 4.7352643013
1478870179830 lifecam22 2355.81298828 5852.7578125 4.73388004303
1478870179899 lifecam22 2348.87011719 5852.53417969 4.73179721832
1478870179962 lifecam22 2341.87036133 5852.53466797 4.73180055618
1478870180025 lifecam22 2334.95898438 5852.20947266 4.72875738144
1478870180233 lifecam22 2314.36035156 5851.57519531 4.72986745834
1478870180288 lifecam22 2306.50585938 5848.21289062 4.71680355072
1478870180361 lifecam22 2299.21240234 5844.14941406 4.71008348465
1478870180428 lifecam22 2293.38208008 5845.34521484 4.7255897522
1478870180498 lifecam22 2286.05419922 5843.90576172 4.71647167206
1478870180769 lifecam22 2258.2878418 5843.76660156 4.71515417099
1478870180834 lifecam22 2251.12768555 5843.48291016 4.71488142014
1478870180900 lifecam22 2246.12548828 5844.62744141 4.72573804855
1478870180957 lifecam22 2239.32958984 5844.39404297 4.72998714447
1478870181017 lifecam22 2234.93896484 5844.1171875 4.74574756622
1478870181172 lifecam22 2222.23608398 5841.75488281 4.75029039383
1478870181226 lifecam22 2215.70996094 5840.87792969 4.74870586395
1478870181289 lifecam22 2207.6809082 5839.50048828 4.74077367783
1478870181354 lifecam22 2201.13720703 5839.61865234 4.74186658859
1478870181423 lifecam22 2194.33740234 5839.60205078 4.74171161652
1478870181485 lifecam22 2187.76147461 5839.5390625 4.74113416672
1478870181687 lifecam22 2168.69604492 5839.38525391 4.75245904922
1478870181761 lifecam22 2162.11987305 5839.13476562 4.75115299225
1478870181825 lifecam22 2156.23828125 5837.66992188 4.76289129257
1478870181886 lifecam22 2149.59814453 5837.14208984 4.76215410233
1478870181955 lifecam22 2141.59106445 5836.16552734 4.75682783127
1478870182159 lifecam22 2118.52807617 5831.36425781 4.73020887375
1478870182227 lifecam22 2112.13208008 5831.38427734 4.73266744614
1478870182300 lifecam22 2105.23266602 5831.50048828 4.73605632782
1478870182361 lifecam22 2101.11425781 5831.30615234 4.74936056137
1478870182431 lifecam22 2095.31640625 5831.10888672 4.75146865845
1478870182632 lifecam22 2076.29736328 5829.34667969 4.76094341278
1478870182708 lifecam22 2068.05395508 5826.69335938 4.74721336365
1478870182760 lifecam22 2060.71850586 5826.74072266 4.74806880951
1478870182828 lifecam22 2053.44360352 5825.63183594 4.74198818207
1478870182892 lifecam22 2047.23620605 5825.71337891 4.74900197983
1478870183106 lifecam22 2029.27526855 5825.81005859 4.76809930801
1478870183166 lifecam22 2022.71984863 5825.18603516 4.77106714249
1478870183225 lifecam22 2015.42077637 5823.71533203 4.76757049561
1478870183303 lifecam22 2008.34289551 5822.83789062 4.76327085495
1478870183359 lifecam22 2000.61218262 5821.00976562 4.75461530685
1478870183503 lifecam22 1986.72106934 5818.64208984 4.74443435669
1478870183575 lifecam22 1980.5480957 5819.0390625 4.75726938248
1478870183638 lifecam22 1974.51965332 5819.27685547 4.76163387299
1478870183693 lifecam22 1968.81872559 5819.35546875 4.77509737015
1478870183763 lifecam22 1961.6829834 5817.75439453 4.77299785614
1478870183895 lifecam22 1948.0994873 5816.32763672 4.76950073242
1478870183964 lifecam22 1941.3170166 5815.91162109 4.7668967247
1478870184026 lifecam22 1934.0234375 5813.39306641 4.76220703125
1478870184104 lifecam22 1928.37268066 5812.77001953 4.76425504684
1478870184161 lifecam22 1922.6262207 5813.08398438 4.77303123474
1478870184302 lifecam22 1909.41381836 5810.48193359 4.7710814476
1478870184367 lifecam22 1902.30322266 5810.08007812 4.76986455917
1478870184433 lifecam22 1895.27954102 5809.55664062 4.76916694641
1478870184494 lifecam22 1888.21557617 5809.50244141 4.76989507675
1478870184557 lifecam22 1881.70288086 5807.58300781 4.77081012726
1478870184766 lifecam22 1861.59301758 5804.69873047 4.77227926254
1478870184830 lifecam22 1855.45727539 5804.77539062 4.77619791031
1478870184909 lifecam22 1848.27612305 5804.01757812 4.77530860901
1478870184970 lifecam22 1841.28295898 5803.09570312 4.77271509171
1478870185030 lifecam22 1834.89978027 5802.90820312 4.7741689682
1478870185162 lifecam22 1822.45690918 5801.0703125 4.78383398056
1478870185228 lifecam22 1815.71618652 5799.17529297 4.78249549866
1478870185289 lifecam22 1808.51647949 5798.65673828 4.78280305862
1478870185375 lifecam22 1801.39672852 5797.92773438 4.78234958649
1478870185423 lifecam22 1794.45849609 5797.11425781 4.77971124649
1478870185565 lifecam22 1793.04663086 5796.67138672 4.77423238754
1478870185640 lifecam22 1791.47546387 5796.4765625 4.77314901352
1478870185705 lifecam22 1792.43286133 5796.67675781 4.77456951141
1478870185776 lifecam22 1791.72045898 5796.7265625 4.7753663063
1478870185835 lifecam22 1792.14990234 5796.58935547 4.77388954163
1478870186037 lifecam22 1792.31811523 5796.64257812 4.77548074722
1478870186101 lifecam22 1792.33532715 5796.71289062 4.7749505043
1478870186166 lifecam22 1792.1776123 5796.63476562 4.77547121048
1478870186228 lifecam22 1791.97045898 5796.47607422 4.77290964127
1478870186308 lifecam22 1792.14990234 5796.58935547 4.77388954163
1478870186434 lifecam22 1792.3560791 5796.81982422 4.77594041824
1478870186502 lifecam22 1792.33532715 5796.71289062 4.7749505043
1478870186563 lifecam22 1791.97290039 5796.56201172 4.77371454239
1478870186626 lifecam22 1791.93408203 5796.38525391 4.77325439453
1478870186700 lifecam22 1792.40234375 5797.02099609 4.77779340744
1478870186842 lifecam22 1792.31811523 5796.64257812 4.77548074722
1478870186911 lifecam22 1792.31811523 5796.64257812 4.77548074722
1478870186967 lifecam22 1791.93151855 5796.29931641 4.77244901657
1478870187031 lifecam22 1792.1776123 5796.63476562 4.77547121048
1478870187102 lifecam22 1791.95288086 5796.40625 4.77344036102
1478870187309 lifecam22 1791.93151855 5796.29931641 4.77244901657
1478870187380 lifecam22 1792.3560791 5796.81982422 4.77594041824
1478870187435 lifecam22 1792.00024414 5796.60742188 4.77529811859
1478870187511 lifecam22 1792.3560791 5796.81982422 4.77594041824
1478870187575 lifecam22 1791.99169922 5796.58300781 4.77390098572
1478870187707 lifecam22 1791.99169922 5796.58300781 4.77390098572
1478870187771 lifecam22 1792.36474609 5796.84375 4.77733469009
1478870187845 lifecam22 1791.99169922 5796.58300781 4.77390098572
1478870187907 lifecam22 1791.99169922 5796.58300781 4.77390098572
1478870187980 lifecam22 1791.85131836 5796.57519531 4.77389335632
1478870188111 lifecam22 1792.3560791 5796.81982422 4.77594041824
1478870188168 lifecam22 1791.99169922 5796.58300781 4.77390098572
