1478870662788 lifecam22 3193.99389648 5857.12207031 4.61170578003
1478870662847 lifecam22 3193.98388672 5857.24316406 4.61152887344
1478870662907 lifecam22 3194.00341797 5857.49853516 4.61283779144
1478870662972 lifecam22 3193.77783203 5857.07373047 4.60982036591
1478870663036 lifecam22 3194.01953125 5857.13769531 4.6119222641
1478870663241 lifecam22 3193.78735352 5856.95263672 4.60999488831
1478870663304 lifecam22 3193.76513672 5856.93212891 4.60849714279
1478870663370 lifecam22 3193.77783203 5857.07373047 4.60982036591
1478870663438 lifecam22 3194.01000977 5857.25878906 4.61174678802
1478870663505 lifecam22 3193.77441406 5856.81152344 4.60867404938
1478870663641 lifecam22 3193.77783203 5857.07373047 4.60982036591
1478870663704 lifecam22 3193.97436523 5857.36425781 4.61135339737
1478870663779 lifecam22 3193.77783203 5857.07373047 4.60982036591
1478870663837 lifecam22 3193.77783203 5857.07373047 4.60982036591
1478870663905 lifecam22 3193.95629883 5857.19628906 4.61000156403
1478870664114 lifecam22 3193.76513672 5856.93212891 4.60849714279
1478870664186 lifecam22 3193.70458984 5856.77392578 4.60695838928
1478870664237 lifecam22 3193.70458984 5856.77392578 4.60695838928
1478870664304 lifecam22 3193.96142578 5857.22314453 4.61002874374
1478870664373 lifecam22 3193.80029297 5856.82666016 4.60889053345
1478870664515 lifecam22 3194.26733398 5856.82958984 4.60811758041
1478870664576 lifecam22 3195.02661133 5857.45458984 4.61075496674
1478870664643 lifecam22 3194.18579102 5857.90429688 4.61283302307
1478870664706 lifecam22 3194.15234375 5857.48779297 4.61153268814
1478870664791 lifecam22 3194.02294922 5857.91308594 4.61533641815
1478870664985 lifecam22 3181.73046875 5857.35253906 4.60808038712
1478870665046 lifecam22 3176.86816406 5858.16015625 4.61660003662
1478870665105 lifecam22 3171.14697266 5858.32080078 4.61830759048
1478870665174 lifecam22 3162.40380859 5858.18896484 4.61248731613
1478870665241 lifecam22 3157.56616211 5859.32958984 4.62013339996
1478870665446 lifecam22 3137.37988281 5859.97607422 4.61809968948
1478870665511 lifecam22 3130.70947266 5860.35888672 4.62218618393
1478870665576 lifecam22 3123.51855469 5859.97802734 4.61691808701
1478870665640 lifecam22 3117.31738281 5860.73046875 4.6195936203
1478870665709 lifecam22 3110.03637695 5860.39306641 4.61997509003
1478870665923 lifecam22 3090.28686523 5861.24560547 4.62299108505
1478870665979 lifecam22 3083.93798828 5862.125 4.62535667419
1478870666040 lifecam22 3076.47070312 5861.00537109 4.62078523636
1478870666108 lifecam22 3071.03442383 5862.37304688 4.62990617752
1478870666179 lifecam22 3063.61523438 5861.76806641 4.62515544891
1478870666380 lifecam22 3044.28540039 5862.22021484 4.62830734253
1478870666449 lifecam22 3038.61694336 5863.05908203 4.63325452805
1478870666509 lifecam22 3030.9921875 5862.55908203 4.62920808792
1478870666574 lifecam22 3024.78515625 5862.69042969 4.63116073608
1478870666647 lifecam22 3018.16113281 5863.10888672 4.63301229477
1478870666849 lifecam22 2998.75732422 5863.33740234 4.63300991058
1478870666922 lifecam22 2991.80297852 5863.53515625 4.63673067093
1478870666989 lifecam22 2985.22973633 5863.99755859 4.63588428497
1478870667048 lifecam22 2978.9140625 5864.40332031 4.6389503479
1478870667120 lifecam22 2972.21850586 5864.25488281 4.63912916183
1478870667255 lifecam22 2959.74243164 5864.49951172 4.64269113541
1478870667318 lifecam22 2953.06494141 5864.5078125 4.64303684235
1478870667376 lifecam22 2946.46411133 5864.69384766 4.64509916306
1478870667451 lifecam22 2938.97802734 5864.57226562 4.6422457695
1478870667515 lifecam22 2932.8894043 5865.44384766 4.64732789993
1478870667779 lifecam22 2905.1887207 5864.90576172 4.64628124237
1478870667847 lifecam22 2899.01708984 5866.13183594 4.65072870255
1478870667920 lifecam22 2891.31933594 5864.49658203 4.64385652542
1478870667979 lifecam22 2884.91650391 5865.77880859 4.64997529984
1478870668052 lifecam22 2878.4519043 5864.15722656 4.6390004158
1478870668248 lifecam22 2858.35595703 5864.23730469 4.6414732933
1478870668323 lifecam22 2851.99316406 5865.02148438 4.64416503906
1478870668378 lifecam22 2844.72827148 5865.09277344 4.64437627792
1478870668443 lifecam22 2837.87548828 5864.796875 4.6445441246
1478870668517 lifecam22 2831.54418945 5865.77294922 4.64877414703
1478870668713 lifecam22 2812.52587891 5866.38476562 4.65450620651
1478870668797 lifecam22 2807.26660156 5867.31982422 4.66225385666
1478870668845 lifecam22 2799.83276367 5867.15966797 4.66084814072
1478870668912 lifecam22 2793.05126953 5866.96386719 4.6591553688
1478870668978 lifecam22 2786.20092773 5865.98046875 4.65513420105
1478870669187 lifecam22 2765.68603516 5865.74023438 4.65326595306
1478870669250 lifecam22 2759.14648438 5865.99804688 4.65729522705
1478870669314 lifecam22 2752.07836914 5865.92236328 4.65787172318
1478870669380 lifecam22 2745.86791992 5867.28173828 4.66214799881
1478870669454 lifecam22 2738.39208984 5865.60253906 4.65614700317
1478870669652 lifecam22 2719.07543945 5865.30419922 4.66405630112
1478870669719 lifecam22 2711.98779297 5865.63134766 4.66440391541
1478870669791 lifecam22 2705.44018555 5864.84179688 4.66001081467
1478870669859 lifecam22 2699.02783203 5864.26318359 4.65634775162
1478870669923 lifecam22 2692.55200195 5863.89599609 4.65860509872
1478870670115 lifecam22 2673.73120117 5864.72216797 4.67014598846
1478870670194 lifecam22 2667.90429688 5865.74414062 4.67914628983
1478870670255 lifecam22 2660.45874023 5865.53222656 4.67933607101
1478870670324 lifecam22 2653.70239258 5865.30224609 4.67990398407
1478870670387 lifecam22 2646.43920898 5864.23193359 4.67104578018
1478870670519 lifecam22 2632.87792969 5865.44335938 4.67895460129
1478870670587 lifecam22 2625.58691406 5864.71191406 4.67320775986
1478870670649 lifecam22 2618.8125 5863.77148438 4.67827987671
1478870670719 lifecam22 2612.00927734 5863.16796875 4.67270326614
1478870670786 lifecam22 2604.7019043 5863.375 4.67323303223
1478870670995 lifecam22 2584.08569336 5862.79833984 4.67697381973
1478870671047 lifecam22 2577.08569336 5862.79833984 4.67697381973
1478870671121 lifecam22 2570.89038086 5862.86474609 4.67795467377
1478870671190 lifecam22 2564.07714844 5862.77636719 4.67972183228
1478870671255 lifecam22 2557.49731445 5863.01953125 4.67968606949
1478870671458 lifecam22 2537.82910156 5862.76953125 4.68661212921
1478870671513 lifecam22 2531.73486328 5861.75097656 4.68625068665
1478870671586 lifecam22 2527.56005859 5862.86669922 4.69341897964
1478870671653 lifecam22 2518.30883789 5860.4140625 4.68153953552
1478870671721 lifecam22 2515.35058594 5862.70117188 4.70001888275
1478870671923 lifecam22 2494.67041016 5862.4765625 4.70289230347
1478870671992 lifecam22 2486.06323242 5859.57568359 4.6872677803
1478870672051 lifecam22 2479.18896484 5859.81640625 4.68838596344
1478870672120 lifecam22 2472.00415039 5859.25048828 4.68674087524
1478870672184 lifecam22 2464.77661133 5858.52099609 4.68472528458
1478870672393 lifecam22 2444.22485352 5857.33251953 4.68870210648
1478870672451 lifecam22 2437.23242188 5857.20556641 4.68877077103
1478870672519 lifecam22 2430.40600586 5857.10449219 4.69031238556
1478870672594 lifecam22 2423.49584961 5857.046875 4.69111633301
1478870672652 lifecam22 2416.91674805 5856.88916016 4.69359970093
1478870672855 lifecam22 2397.59472656 5857.33154297 4.70871353149
1478870672917 lifecam22 2391.0769043 5857.42138672 4.71054315567
1478870672989 lifecam22 2384.93188477 5857.55908203 4.71188020706
1478870673049 lifecam22 2379.36206055 5857.86230469 4.71606016159
1478870673129 lifecam22 2372.72216797 5858.47363281 4.72184181213
1478870673334 lifecam22 2352.89892578 5853.13916016 4.69853782654
1478870673401 lifecam22 2345.51708984 5851.84863281 4.69993400574
1478870673461 lifecam22 2338.93847656 5850.43994141 4.68952703476
1478870673531 lifecam22 2332.41064453 5850.30273438 4.69599294662
1478870673595 lifecam22 2325.53100586 5850.18896484 4.69612646103
1478870673723 lifecam22 2313.3190918 5850.45361328 4.70983886719
1478870673805 lifecam22 2306.29174805 5850.3125 4.7085146904
1478870673866 lifecam22 2299.67114258 5850.41113281 4.7106256485
1478870673919 lifecam22 2292.91479492 5850.52832031 4.71288824081
1478870673997 lifecam22 2285.91455078 5850.52832031 4.71288824081
1478870674131 lifecam22 2271.91455078 5850.52832031 4.71288537979
1478870674203 lifecam22 2264.91455078 5850.52832031 4.71288776398
1478870674256 lifecam22 2258.30419922 5850.63134766 4.71756601334
1478870674317 lifecam22 2251.14501953 5850.49365234 4.71498441696
1478870674400 lifecam22 2242.203125 5845.03710938 4.69743776321
1478870674530 lifecam22 2228.80419922 5843.67822266 4.70283699036
1478870674600 lifecam22 2223.00244141 5843.5703125 4.71097326279
1478870674669 lifecam22 2218.22851562 5844.78759766 4.72243309021
1478870674723 lifecam22 2213.35131836 5845.97802734 4.7359290123
1478870674801 lifecam22 2207.95678711 5846.58056641 4.74151229858
1478870674936 lifecam22 2194.09423828 5846.57763672 4.74149084091
1478870674998 lifecam22 2187.09448242 5846.57763672 4.74149131775
1478870675067 lifecam22 2181.30444336 5845.89501953 4.73878002167
1478870675126 lifecam22 2174.47387695 5845.79931641 4.74151086807
1478870675199 lifecam22 2167.00341797 5842.90673828 4.73115110397
1478870675337 lifecam22 2153.71044922 5839.26660156 4.7319278717
1478870675403 lifecam22 2146.44995117 5838.63574219 4.73274040222
1478870675468 lifecam22 2139.18017578 5838.44677734 4.73098039627
1478870675532 lifecam22 2131.99853516 5838.00439453 4.72683572769
1478870675603 lifecam22 2124.80029297 5837.18261719 4.71909427643
1478870675737 lifecam22 2110.63891602 5836.76611328 4.71514844894
1478870675801 lifecam22 2104.39379883 5836.92382812 4.7200255394
1478870675862 lifecam22 2097.6262207 5836.70947266 4.71795463562
1478870675932 lifecam22 2092.3190918 5836.84472656 4.7307434082
1478870675989 lifecam22 2086.98999023 5837.41894531 4.74251031876
1478870676202 lifecam22 2066.3894043 5833.05078125 4.74047517776
1478870676258 lifecam22 2058.3190918 5831.43896484 4.73090314865
1478870676319 lifecam22 2052.87011719 5832.16357422 4.73765277863
1478870676402 lifecam22 2045.88000488 5832.18847656 4.73788118362
1478870676468 lifecam22 2039.48718262 5832.37890625 4.74087381363
1478870676673 lifecam22 2021.15368652 5832.39941406 4.75851154327
1478870676726 lifecam22 2014.97668457 5830.18798828 4.76165628433
1478870676806 lifecam22 2007.50036621 5828.33154297 4.75681209564
1478870676875 lifecam22 2000.39758301 5827.01171875 4.747402668
1478870676936 lifecam22 1992.1295166 5825.08544922 4.73692512512
1478870677141 lifecam22 1971.79162598 5824.83642578 4.73693561554
1478870677191 lifecam22 1966.48583984 5825.82910156 4.75149917603
1478870677270 lifecam22 1960.28149414 5825.10742188 4.7591047287
1478870677336 lifecam22 1954.32495117 5824.53613281 4.7637462616
1478870677403 lifecam22 1947.77087402 5823.44140625 4.76568746567
1478870677599 lifecam22 1926.56298828 5822.19189453 4.76051425934
1478870677664 lifecam22 1918.82531738 5819.03662109 4.74364376068
1478870677743 lifecam22 1912.08959961 5818.25048828 4.73960494995
1478870677809 lifecam22 1906.546875 5818.73779297 4.75026988983
1478870677866 lifecam22 1901.37780762 5818.90722656 4.76238107681
1478870678066 lifecam22 1881.11108398 5817.14794922 4.76808834076
1478870678126 lifecam22 1874.30285645 5816.21289062 4.76552915573
1478870678193 lifecam22 1866.74475098 5815.20556641 4.76092767715
1478870678272 lifecam22 1858.83117676 5812.24853516 4.74536085129
1478870678339 lifecam22 1852.7487793 5811.93359375 4.75407075882
1478870678534 lifecam22 1833.75268555 5810.7265625 4.76934623718
1478870678605 lifecam22 1827.4888916 5810.05126953 4.77022886276
1478870678659 lifecam22 1819.49133301 5808.64941406 4.76373147964
1478870678738 lifecam22 1813.3536377 5808.54003906 4.76369524002
1478870678809 lifecam22 1804.98950195 5805.54394531 4.75329446793
1478870679002 lifecam22 1789.77111816 5805.65917969 4.78036022186
1478870679065 lifecam22 1792.44750977 5805.00488281 4.77241659164
1478870679137 lifecam22 1791.27355957 5804.80615234 4.77197217941
1478870679204 lifecam22 1791.59057617 5804.71289062 4.76964521408
1478870679272 lifecam22 1791.29724121 5804.82226562 4.76955652237
1478870679470 lifecam22 1791.36804199 5804.578125 4.76880884171
1478870679534 lifecam22 1791.33251953 5804.71630859 4.76981925964
1478870679610 lifecam22 1791.32299805 5804.5703125 4.76839733124
1478870679678 lifecam22 1791.33251953 5804.71630859 4.76981925964
1478870679745 lifecam22 1791.29724121 5804.82226562 4.76955652237
1478870679944 lifecam22 1791.41394043 5804.66308594 4.76926851273
1478870680012 lifecam22 1791.26867676 5804.61279297 4.7691860199
1478870680066 lifecam22 1791.31433105 5804.69775391 4.76964473724
1478870680141 lifecam22 1791.26867676 5804.61279297 4.7691860199
1478870680207 lifecam22 1791.33251953 5804.71630859 4.76981925964
1478870680409 lifecam22 1791.39208984 5804.46484375 4.76896619797
1478870680466 lifecam22 1791.33251953 5804.71630859 4.76981925964
1478870680536 lifecam22 1791.34924316 5804.59179688 4.76990652084
1478870680596 lifecam22 1791.26867676 5804.61279297 4.7691860199
1478870680678 lifecam22 1791.53222656 5804.79980469 4.7717795372
1478870680872 lifecam22 1791.33251953 5804.71630859 4.76981925964
1478870680939 lifecam22 1791.31433105 5804.69775391 4.76964473724
1478870680995 lifecam22 1791.26867676 5804.61279297 4.7691860199
1478870681078 lifecam22 1791.34924316 5804.59179688 4.76990652084
1478870681144 lifecam22 1791.44873047 5804.55712891 4.76953029633
