1478870559285 lifecam22 3195.05322266 5859.14746094 4.60821676254
1478870559343 lifecam22 3195.07861328 5859.30175781 4.60840368271
1478870559410 lifecam22 3194.97338867 5859.34228516 4.60859823227
1478870559470 lifecam22 3195.05419922 5859.02636719 4.60707902908
1478870559539 lifecam22 3194.98022461 5859.48681641 4.60867834091
1478870559684 lifecam22 3194.9699707 5859.33300781 4.60857534409
1478870559742 lifecam22 3194.9699707 5859.33300781 4.60857534409
1478870559811 lifecam22 3195.07861328 5859.30175781 4.60840368271
1478870559886 lifecam22 3194.9699707 5859.33300781 4.60857534409
1478870559949 lifecam22 3195.07861328 5859.30175781 4.60840368271
1478870560149 lifecam22 3195.07861328 5859.30175781 4.60840368271
1478870560209 lifecam22 3195.08203125 5859.31103516 4.60842752457
1478870560277 lifecam22 3195.07861328 5859.30175781 4.60840368271
1478870560340 lifecam22 3195.07861328 5859.30175781 4.60840368271
1478870560418 lifecam22 3195.07861328 5859.30175781 4.60840368271
1478870560618 lifecam22 3195.11108398 5859.19628906 4.60744953156
1478870560693 lifecam22 3195.16967773 5859.49658203 4.608979702
1478870560744 lifecam22 3194.92016602 5859.30810547 4.60828495026
1478870560812 lifecam22 3195.07861328 5859.30175781 4.60840368271
1478870560885 lifecam22 3195.20361328 5859.26269531 4.60955905914
1478870561082 lifecam22 3194.92382812 5859.31738281 4.60830879211
1478870561151 lifecam22 3195.07861328 5859.30175781 4.60840368271
1478870561213 lifecam22 3195.07861328 5859.30175781 4.60840368271
1478870561280 lifecam22 3195.02197266 5859.13183594 4.60803413391
1478870561345 lifecam22 3195.23535156 5859.15673828 4.60860300064
1478870561551 lifecam22 3195.05419922 5859.02636719 4.60707902908
1478870561619 lifecam22 3195.17089844 5859.37548828 4.60784244537
1478870561676 lifecam22 3195.50512695 5859.50830078 4.60946512222
1478870561743 lifecam22 3195.86523438 5859.66210938 4.61130857468
1478870561821 lifecam22 3195.74975586 5859.3125 4.6105465889
1478870562084 lifecam22 3195.20385742 5859.40380859 4.60814619064
1478870562155 lifecam22 3195.74975586 5859.3125 4.6105465889
1478870562213 lifecam22 3195.50512695 5859.50830078 4.60946512222
1478870562291 lifecam22 3196.8581543 5860.46875 4.61580991745
1478870562344 lifecam22 3195.86523438 5859.66210938 4.61130857468
1478870562495 lifecam22 3196.13476562 5859.61425781 4.61245107651
1478870562553 lifecam22 3195.44506836 5859.32910156 4.60907125473
1478870562618 lifecam22 3197.12768555 5859.75439453 4.61357593536
1478870562687 lifecam22 3196.44897461 5860.53564453 4.61334562302
1478870562749 lifecam22 3197.23095703 5860.88378906 4.61500692368
1478870562960 lifecam22 3196.42675781 5860.64013672 4.61430692673
1478870563027 lifecam22 3196.0324707 5860.18457031 4.61365699768
1478870563085 lifecam22 3196.18969727 5859.78515625 4.61281681061
1478870563162 lifecam22 3195.51171875 5859.00976562 4.60866212845
1478870563224 lifecam22 3185.63452148 5858.95849609 4.60465764999
1478870563371 lifecam22 3172.71655273 5858.85839844 4.60655069351
1478870563423 lifecam22 3164.87426758 5859.32080078 4.60610103607
1478870563483 lifecam22 3158.31933594 5859.84326172 4.60633325577
1478870563561 lifecam22 3152.20288086 5860.12597656 4.6087231636
1478870563627 lifecam22 3145.60595703 5860.98193359 4.61304092407
1478870563830 lifecam22 3125.69580078 5862.359375 4.61561393738
1478870563896 lifecam22 3119.01000977 5862.22753906 4.61350727081
1478870563961 lifecam22 3112.46972656 5862.46435547 4.61346197128
1478870564027 lifecam22 3105.33251953 5862.22460938 4.61366033554
1478870564087 lifecam22 3098.6796875 5862.40869141 4.611328125
1478870564227 lifecam22 3084.28710938 5862.96875 4.60905313492
1478870564293 lifecam22 3078.15258789 5864.29785156 4.61442375183
1478870564364 lifecam22 3070.94262695 5863.25439453 4.60929536819
1478870564430 lifecam22 3064.32519531 5863.88525391 4.60917615891
1478870564496 lifecam22 3057.91699219 5864.32568359 4.61268615723
1478870564692 lifecam22 3038.19677734 5863.76855469 4.61306524277
1478870564755 lifecam22 3031.41699219 5864.99560547 4.61418676376
1478870564828 lifecam22 3024.41308594 5864.36279297 4.60945606232
1478870564896 lifecam22 3018.36962891 5864.92333984 4.61193990707
1478870564965 lifecam22 3012.10205078 5865.24560547 4.61195707321
1478870565091 lifecam22 2999.37475586 5866.37744141 4.61730003357
1478870565160 lifecam22 2992.89697266 5866.77587891 4.62038087845
1478870565224 lifecam22 2986.58789062 5866.94189453 4.62262058258
1478870565287 lifecam22 2980.89526367 5867.38720703 4.62531709671
1478870565352 lifecam22 2974.57250977 5868.50195312 4.63117647171
1478870565496 lifecam22 2961.4465332 5869.66601562 4.63448905945
1478870565566 lifecam22 2954.29101562 5868.91699219 4.63244056702
1478870565637 lifecam22 2947.96166992 5869.44482422 4.63290596008
1478870565687 lifecam22 2941.22949219 5869.4921875 4.63237571716
1478870565755 lifecam22 2933.69506836 5868.97412109 4.62949371338
1478870565896 lifecam22 2919.64941406 5869.44287109 4.63140296936
1478870565964 lifecam22 2913.97802734 5870.14990234 4.63444471359
1478870566035 lifecam22 2907.0859375 5870.34667969 4.63688278198
1478870566093 lifecam22 2899.87353516 5869.68554688 4.63249588013
1478870566161 lifecam22 2893.85693359 5870.60302734 4.63556909561
1478870566294 lifecam22 2879.88256836 5870.35351562 4.63593673706
1478870566365 lifecam22 2872.49926758 5870.17529297 4.63514614105
1478870566432 lifecam22 2866.33740234 5869.72753906 4.63560533524
1478870566491 lifecam22 2859.98950195 5870.31347656 4.636510849
1478870566565 lifecam22 2852.62329102 5870.09423828 4.63537216187
1478870566699 lifecam22 2841.02197266 5870.81689453 4.64293384552
1478870566752 lifecam22 2834.44897461 5871.02001953 4.64517974854
1478870566824 lifecam22 2827.84375 5871.63183594 4.64730548859
1478870566900 lifecam22 2820.65795898 5871.22998047 4.64468050003
1478870566965 lifecam22 2813.96582031 5871.60546875 4.64840555191
1478870567102 lifecam22 2800.08129883 5871.22558594 4.64615011215
1478870567164 lifecam22 2793.49511719 5871.59960938 4.64502477646
1478870567224 lifecam22 2787.69677734 5872.03515625 4.6500544548
1478870567297 lifecam22 2780.30859375 5871.66210938 4.64740896225
1478870567366 lifecam22 2774.21435547 5871.11767578 4.64161539078
1478870567432 lifecam22 2767.42358398 5871.15771484 4.6421661377
1478870567503 lifecam22 2760.57470703 5870.87158203 4.64099264145
1478870567566 lifecam22 2754.13452148 5871.32421875 4.64312648773
1478870567631 lifecam22 2746.8059082 5871.05810547 4.64296293259
1478870567699 lifecam22 2739.96191406 5871.59375 4.64411115646
1478870567768 lifecam22 2733.01342773 5871.37353516 4.64466571808
1478870567967 lifecam22 2713.06958008 5871.16455078 4.64755392075
1478870568037 lifecam22 2707.24194336 5871.89453125 4.64973783493
1478870568103 lifecam22 2700.68188477 5871.53271484 4.65490913391
1478870568172 lifecam22 2693.609375 5871.51611328 4.65166902542
1478870568237 lifecam22 2687.00976562 5871.56005859 4.65226507187
1478870568353 lifecam22 2673.85229492 5871.31103516 4.65187215805
1478870568440 lifecam22 2666.66430664 5871.0078125 4.65146112442
1478870568492 lifecam22 2660.16918945 5871.56054688 4.65463685989
1478870568573 lifecam22 2653.23706055 5871.47363281 4.65758323669
1478870568636 lifecam22 2646.63842773 5871.53271484 4.66121864319
1478870568761 lifecam22 2632.64672852 5871.05664062 4.65799283981
1478870568835 lifecam22 2626.78369141 5871.42138672 4.66354656219
1478870568903 lifecam22 2619.73901367 5871.62792969 4.66285800934
1478870568963 lifecam22 2613.08959961 5871.8203125 4.66731214523
1478870569035 lifecam22 2606.60375977 5872.03710938 4.66703081131
1478870569168 lifecam22 2593.13525391 5870.328125 4.6626663208
1478870569229 lifecam22 2586.58764648 5871.01806641 4.66514205933
1478870569302 lifecam22 2579.96875 5870.28564453 4.66500854492
1478870569366 lifecam22 2573.39086914 5870.51708984 4.66609048843
1478870569436 lifecam22 2566.20458984 5870.50292969 4.6669549942
1478870569572 lifecam22 2553.43847656 5870.90966797 4.67252588272
1478870569633 lifecam22 2548.21704102 5871.32666016 4.68125009537
1478870569706 lifecam22 2541.02099609 5870.91796875 4.68097019196
1478870569769 lifecam22 2534.57421875 5871.15722656 4.68440485001
1478870569836 lifecam22 2528.35009766 5871.04003906 4.68982028961
1478870569975 lifecam22 2514.3503418 5871.04003906 4.68982028961
1478870570035 lifecam22 2507.33081055 5870.74316406 4.6870303154
1478870570102 lifecam22 2500.34912109 5870.06738281 4.68201732635
1478870570169 lifecam22 2493.45532227 5869.640625 4.68049716949
1478870570238 lifecam22 2486.51171875 5869.55859375 4.67974424362
1478870570365 lifecam22 2473.39770508 5869.77832031 4.68939447403
1478870570439 lifecam22 2466.28808594 5868.82714844 4.68390321732
1478870570505 lifecam22 2459.61035156 5869.04394531 4.68768787384
1478870570572 lifecam22 2453.98071289 5869.00195312 4.68847894669
1478870570638 lifecam22 2447.12646484 5868.20410156 4.68600893021
1478870570840 lifecam22 2428.24194336 5869.89941406 4.70222997665
1478870570908 lifecam22 2421.76660156 5869.02392578 4.69553041458
1478870570968 lifecam22 2414.93774414 5866.68603516 4.68377828598
1478870571032 lifecam22 2405.45019531 5865.2109375 4.67781734467
1478870571105 lifecam22 2402.16894531 5866.55664062 4.68820762634
1478870571237 lifecam22 2387.56030273 5864.90332031 4.68616485596
1478870571301 lifecam22 2380.49047852 5865.61132812 4.69047737122
1478870571373 lifecam22 2374.11254883 5864.05859375 4.69107341766
1478870571441 lifecam22 2366.99438477 5864.22460938 4.69002056122
1478870571499 lifecam22 2360.68481445 5864.02636719 4.69618272781
1478870571647 lifecam22 2348.01147461 5864.18652344 4.70470523834
1478870571705 lifecam22 2341.23095703 5864.24365234 4.70669651031
1478870571772 lifecam22 2334.45483398 5864.33251953 4.70871305466
1478870571838 lifecam22 2327.2109375 5863.97705078 4.70645475388
1478870571903 lifecam22 2320.45092773 5864.32324219 4.70862722397
1478870572108 lifecam22 2299.9152832 5864.52880859 4.71289157867
1478870572175 lifecam22 2292.43457031 5863.80371094 4.70852994919
1478870572242 lifecam22 2284.29125977 5861.20947266 4.69822740555
1478870572308 lifecam22 2276.61816406 5860.19433594 4.69220542908
1478870572375 lifecam22 2270.4909668 5859.12109375 4.69604682922
1478870572507 lifecam22 2259.77832031 5859.78710938 4.71185255051
1478870572573 lifecam22 2252.09790039 5858.96728516 4.70918798447
1478870572637 lifecam22 2249.02783203 5859.14697266 4.71700954437
1478870572702 lifecam22 2243.80102539 5859.53417969 4.72742462158
1478870572774 lifecam22 2236.70092773 5858.82470703 4.72307777405
1478870572971 lifecam22 2215.40698242 5858.25732422 4.71881914139
1478870573039 lifecam22 2208.73046875 5858.46435547 4.72175645828
1478870573110 lifecam22 2201.64501953 5858.00488281 4.71740913391
1478870573178 lifecam22 2194.66088867 5857.76611328 4.71514940262
1478870573236 lifecam22 2187.48828125 5856.82861328 4.71245336533
1478870573375 lifecam22 2171.45996094 5851.07519531 4.69079589844
1478870573440 lifecam22 2164.7668457 5850.29833984 4.69353294373
1478870573507 lifecam22 2157.94311523 5850.47070312 4.69511079788
1478870573570 lifecam22 2152.43188477 5850.31152344 4.70851707458
1478870573641 lifecam22 2145.43188477 5850.31152344 4.70851707458
1478870573771 lifecam22 2131.8972168 5850.51757812 4.71278142929
1478870573837 lifecam22 2124.91479492 5850.52832031 4.71288824081
1478870573908 lifecam22 2118.3190918 5850.76611328 4.71514606476
1478870573979 lifecam22 2112.76513672 5851.59960938 4.72303009033
1478870574038 lifecam22 2106.40991211 5851.95947266 4.72641134262
1478870574181 lifecam22 2095.82861328 5853.30761719 4.74388170242
1478870574244 lifecam22 2090.23852539 5852.91992188 4.75390577316
1478870574312 lifecam22 2083.9765625 5851.49121094 4.75597286224
1478870574380 lifecam22 2077.39135742 5850.37988281 4.75546169281
1478870574446 lifecam22 2068.25268555 5846.31347656 4.73670339584
1478870574582 lifecam22 2055.09887695 5846.18798828 4.73788070679
1478870574645 lifecam22 2047.97668457 5846.26611328 4.73860311508
1478870574708 lifecam22 2040.87145996 5846.44384766 4.74025058746
1478870574776 lifecam22 2034.18493652 5845.86621094 4.73489093781
1478870574846 lifecam22 2027.24865723 5845.58007812 4.73339223862
1478870574899 lifecam22 2020.21374512 5844.52294922 4.72570943832
1478870575045 lifecam22 2007.47277832 5843.20117188 4.7321844101
1478870575113 lifecam22 1998.70373535 5836.93603516 4.71469020844
1478870575179 lifecam22 1994.5189209 5841.23144531 4.73943805695
1478870575247 lifecam22 1986.43029785 5837.42138672 4.72135019302
1478870575313 lifecam22 1979.39526367 5837.35986328 4.72077178955
1478870575446 lifecam22 1966.00036621 5837.65673828 4.72356700897
1478870575513 lifecam22 1960.46032715 5838.4140625 4.73067331314
1478870575579 lifecam22 1952.57019043 5837.71630859 4.72748231888
1478870575644 lifecam22 1947.97058105 5838.16796875 4.74675512314
1478870575712 lifecam22 1942.63500977 5838.46679688 4.75675487518
1478870575845 lifecam22 1930.26403809 5836.98486328 4.76376008987
1478870575912 lifecam22 1923.08203125 5836.50634766 4.76184606552
1478870575973 lifecam22 1915.4206543 5835.14990234 4.7551574707
1478870576047 lifecam22 1907.72497559 5833.28466797 4.74569749832
1478870576108 lifecam22 1900.26696777 5832.46240234 4.74042320251
1478870576317 lifecam22 1882.11425781 5832.34277344 4.76276636124
1478870576388 lifecam22 1875.85229492 5832.33837891 4.76859617233
1478870576450 lifecam22 1868.66491699 5830.97314453 4.76743745804
1478870576514 lifecam22 1861.3536377 5829.85546875 4.76337814331
1478870576577 lifecam22 1854.39733887 5829.76025391 4.76252365112
1478870576702 lifecam22 1839.02185059 5826.27197266 4.74374103546
1478870576778 lifecam22 1832.44067383 5825.39306641 4.74328422546
1478870576840 lifecam22 1827.67785645 5825.62841797 4.75274276733
1478870576909 lifecam22 1821.06860352 5826.00488281 4.76277971268
1478870576985 lifecam22 1815.51013184 5824.27929688 4.76800489426
1478870577056 lifecam22 1809.17248535 5823.51123047 4.7630443573
1478870577099 lifecam22 1800.79321289 5821.52685547 4.75505876541
1478870577176 lifecam22 1793.53820801 5820.55908203 4.75114393234
1478870577249 lifecam22 1788.52966309 5819.0234375 4.74444723129
1478870577311 lifecam22 1790.7401123 5817.74853516 4.73379039764
1478870577522 lifecam22 1790.11193848 5819.61376953 4.74790477753
1478870577574 lifecam22 1790.13049316 5819.50488281 4.74690914154
1478870577656 lifecam22 1789.40332031 5819.02587891 4.74358129501
1478870577714 lifecam22 1790.01831055 5818.99560547 4.74327707291
1478870577783 lifecam22 1790.01416016 5819.5859375 4.74765920639
1478870577910 lifecam22 1789.83215332 5819.14746094 4.74466657639
1478870577984 lifecam22 1789.51171875 5818.92041016 4.74261951447
1478870578048 lifecam22 1789.8605957 5819.18261719 4.74500274658
1478870578116 lifecam22 1789.5970459 5819.33886719 4.74544715881
1478870578171 lifecam22 1789.9420166 5819.25292969 4.74564313889
1478870578379 lifecam22 1790.18566895 5819.55419922 4.74734163284
1478870578440 lifecam22 1789.83215332 5819.14746094 4.74466657639
1478870578506 lifecam22 1790.01745605 5819.59130859 4.74770832062
1478870578583 lifecam22 1790.11621094 5819.55322266 4.74735212326
1478870578651 lifecam22 1790.11621094 5819.55322266 4.74735212326
1478870578773 lifecam22 1790.03613281 5819.48242188 4.74671316147
1478870578835 lifecam22 1790.02502441 5819.46289062 4.74653530121
1478870578919 lifecam22 1789.60827637 5819.02490234 4.7435760498
1478870578975 lifecam22 1789.9420166 5819.25292969 4.74564313889
1478870579044 lifecam22 1789.9420166 5819.25292969 4.74564313889
1478870579189 lifecam22 1790.01416016 5819.5859375 4.74765920639
1478870579252 lifecam22 1789.9420166 5819.25292969 4.74564313889
1478870579311 lifecam22 1789.65148926 5818.97558594 4.74413251877
1478870579383 lifecam22 1790.11193848 5819.61376953 4.74790477753
1478870579450 lifecam22 1789.82299805 5819.27001953 4.74579286575
1478870579652 lifecam22 1790.03161621 5819.27490234 4.74584007263
1478870579712 lifecam22 1789.51013184 5818.98779297 4.74324131012
1478870579780 lifecam22 1789.42004395 5819.04101562 4.74373722076
1478870579846 lifecam22 1790.11193848 5819.61376953 4.74790477753
1478870579919 lifecam22 1789.83959961 5819.28564453 4.74594974518
1478870580053 lifecam22 1789.9420166 5819.25292969 4.74564313889
1478870580117 lifecam22 1789.9375 5819.31298828 4.74619579315
1478870580184 lifecam22 1789.91381836 5819.02392578 4.744556427
1478870580250 lifecam22 1789.9375 5819.31298828 4.74619579315
1478870580319 lifecam22 1790.06616211 5819.671875 4.74816894531
1478870580515 lifecam22 1789.69567871 5819.30078125 4.74508857727
1478870580579 lifecam22 1790.09875488 5819.40136719 4.74596691132
1478870580648 lifecam22 1790.10864258 5819.60839844 4.7478556633
1478870580709 lifecam22 1789.83959961 5819.28564453 4.74594974518
1478870580786 lifecam22 1789.84301758 5819.29101562 4.74599885941
1478870580919 lifecam22 1789.84301758 5819.29101562 4.74599885941
1478870580985 lifecam22 1789.9375 5819.31298828 4.74619579315
1478870581050 lifecam22 1789.50585938 5819.04833984 4.7437953949
1478870581110 lifecam22 1789.60827637 5819.02490234 4.7435760498
1478870581177 lifecam22 1789.84301758 5819.29101562 4.74599885941
1478870581393 lifecam22 1789.59973145 5819.00976562 4.74343776703
1478870581460 lifecam22 1789.84301758 5819.29101562 4.74599885941
1478870581524 lifecam22 1789.50585938 5819.04833984 4.7437953949
1478870581590 lifecam22 1789.84301758 5819.29101562 4.74599885941
1478870581659 lifecam22 1789.81945801 5818.80859375 4.74258708954
1478870581789 lifecam22 1789.82629395 5819.27539062 4.74584197998
