1478873849054 lifecam22 3209.27368164 5863.24951172 4.75383329391
1478873849122 lifecam22 3209.25952148 5863.07910156 4.75231122971
1478873849195 lifecam22 3209.28613281 5863.25683594 4.7526307106
1478873849322 lifecam22 3209.25952148 5863.07910156 4.75231122971
1478873849395 lifecam22 3209.25952148 5863.07910156 4.75231122971
1478873849450 lifecam22 3209.25952148 5863.07910156 4.75231122971
1478873849523 lifecam22 3209.25952148 5863.07910156 4.75231122971
1478873849592 lifecam22 3209.25244141 5863.06445312 4.75091505051
1478873849722 lifecam22 3209.25952148 5863.07910156 4.75231122971
1478873849792 lifecam22 3209.28613281 5863.25683594 4.7526307106
1478873849856 lifecam22 3209.25244141 5863.06445312 4.75091505051
1478873849924 lifecam22 3209.28955078 5862.95703125 4.74993896484
1478873849991 lifecam22 3209.28955078 5862.95703125 4.74993896484
1478873850189 lifecam22 3208.8828125 5861.95556641 4.73920249939
1478873850260 lifecam22 3208.95654297 5862.31103516 4.74242448807
1478873850326 lifecam22 3209.23388672 5862.87402344 4.74939632416
1478873850390 lifecam22 3209.65454102 5863.16064453 4.75186491013
1478873850458 lifecam22 3209.25952148 5863.07910156 4.75231122971
1478873850654 lifecam22 3198.28222656 5861.81738281 4.74720430374
1478873850726 lifecam22 3191.92993164 5859.58740234 4.73767185211
1478873850797 lifecam22 3183.37646484 5854.33837891 4.69790267944
1478873850857 lifecam22 3175.78466797 5850.60644531 4.68799448013
1478873850920 lifecam22 3168.59472656 5849.94726562 4.68510580063
1478873851127 lifecam22 3145.29760742 5842.26318359 4.62985992432
1478873851188 lifecam22 3137.78540039 5839.36328125 4.61124277115
1478873851251 lifecam22 3130.85913086 5838.453125 4.60302352905
1478873851320 lifecam22 3123.40356445 5837.15966797 4.58899116516
1478873851393 lifecam22 3115.28027344 5834.50976562 4.57088375092
1478873851601 lifecam22 3092.8605957 5830.29052734 4.53260421753
1478873851651 lifecam22 3085.09448242 5829.203125 4.51753520966
1478873851719 lifecam22 3076.12158203 5827.21386719 4.49376535416
1478873851789 lifecam22 3068.53881836 5827.31005859 4.47909069061
1478873851858 lifecam22 3061.40234375 5826.51953125 4.47073936462
1478873852063 lifecam22 3037.70751953 5823.79296875 4.42480230331
1478873852128 lifecam22 3030.68945312 5823.77832031 4.4118065834
1478873852195 lifecam22 3021.47363281 5823.33105469 4.38787555695
1478873852258 lifecam22 3014.3984375 5822.42773438 4.37831020355
1478873852321 lifecam22 3007.29394531 5822.70361328 4.36534404755
1478873852529 lifecam22 2982.89672852 5824.02050781 4.3162446022
1478873852595 lifecam22 2975.29223633 5823.86865234 4.30521535873
1478873852666 lifecam22 2969.55175781 5825.32226562 4.29928159714
1478873852725 lifecam22 2959.90307617 5824.66162109 4.27454471588
1478873852793 lifecam22 2953.25024414 5825.92382812 4.26461744308
1478873852993 lifecam22 2930.00756836 5829.3359375 4.22270059586
1478873853054 lifecam22 2921.12451172 5828.52978516 4.19548368454
1478873853125 lifecam22 2914.34179688 5830.66992188 4.18889474869
1478873853193 lifecam22 2906.93603516 5831.68603516 4.17049884796
1478873853256 lifecam22 2898.48803711 5832.32617188 4.15490961075
1478873853459 lifecam22 2874.55859375 5837.99072266 4.11105489731
1478873853524 lifecam22 2866.50048828 5839.87255859 4.08564949036
1478873853592 lifecam22 2860.30664062 5842.49853516 4.08166265488
1478873853657 lifecam22 2852.18579102 5845.33496094 4.06589317322
1478873853727 lifecam22 2846.26123047 5847.9140625 4.05512237549
1478873853924 lifecam22 2823.0078125 5855.13183594 4.01081132889
1478873853996 lifecam22 2816.79467773 5858.14355469 4.00141763687
1478873854062 lifecam22 2807.43774414 5860.82910156 3.97229504585
1478873854123 lifecam22 2802.69555664 5863.62695312 3.97341609001
1478873854191 lifecam22 2791.60791016 5867.03369141 3.93491196632
1478873854458 lifecam22 2763.96875 5880.86474609 3.88119912148
1478873854525 lifecam22 2756.3581543 5884.31445312 3.86249089241
1478873854593 lifecam22 2750.10839844 5887.85009766 3.85439038277
1478873854668 lifecam22 2742.76953125 5891.28125 3.8325483799
1478873854867 lifecam22 2723.28198242 5904.546875 3.78883314133
1478873854928 lifecam22 2716.53393555 5908.60595703 3.77234721184
1478873854999 lifecam22 2710.03955078 5913.19921875 3.75844168663
1478873855063 lifecam22 2704.26196289 5917.71435547 3.74603557587
1478873855127 lifecam22 2696.93432617 5922.18261719 3.73116922379
1478873855332 lifecam22 2678.88745117 5936.09619141 3.68896818161
1478873855392 lifecam22 2673.30786133 5941.09179688 3.66985988617
1478873855459 lifecam22 2667.23242188 5945.44873047 3.65958666801
1478873855527 lifecam22 2661.95458984 5951.15625 3.64644122124
1478873855600 lifecam22 2655.828125 5955.35546875 3.63208913803
1478873855798 lifecam22 2637.88378906 5971.59082031 3.58710622787
1478873855870 lifecam22 2631.60693359 5977.33105469 3.56503629684
1478873855935 lifecam22 2626.46508789 5982.78417969 3.55487728119
1478873855996 lifecam22 2620.56225586 5988.70849609 3.53676795959
1478873856071 lifecam22 2616.33935547 5994.23681641 3.52451848984
1478873856262 lifecam22 2600.80517578 6012.72070312 3.47938013077
1478873856327 lifecam22 2595.49291992 6017.60205078 3.47040510178
1478873856395 lifecam22 2592.04833984 6023.85205078 3.45903348923
1478873856464 lifecam22 2585.11181641 6030.70996094 3.43552684784
1478873856529 lifecam22 2582.12841797 6036.17431641 3.4280834198
1478873856667 lifecam22 2572.69018555 6048.91845703 3.39915657043
1478873856727 lifecam22 2569.34814453 6055.27783203 3.38592195511
1478873856796 lifecam22 2564.0378418 6061.88525391 3.36996889114
1478873856873 lifecam22 2559.70336914 6068.44482422 3.35570335388
1478873856938 lifecam22 2554.54345703 6075.61669922 3.33629703522
1478873857200 lifecam22 2540.41601562 6101.7421875 3.28147649765
1478873857263 lifecam22 2536.99047852 6109.20263672 3.26707744598
1478873857330 lifecam22 2534.14746094 6115.98730469 3.25612258911
1478873857395 lifecam22 2530.59326172 6123.63525391 3.23906612396
1478873857472 lifecam22 2527.89892578 6129.84375 3.22848272324
1478873857673 lifecam22 2518.24780273 6150.25439453 3.18427276611
1478873857731 lifecam22 2515.74731445 6157.58789062 3.17101240158
1478873857801 lifecam22 2512.53100586 6164.65332031 3.15774059296
1478873857862 lifecam22 2515.68139648 6157.72509766 3.1733288765
1478873857939 lifecam22 2514.68115234 6162.59814453 3.16810035706
1478873858133 lifecam22 2514.69726562 6161.359375 3.16632604599
1478873858206 lifecam22 2514.54199219 6161.77880859 3.1650018692
1478873858266 lifecam22 2514.50024414 6162.18457031 3.16746616364
1478873858332 lifecam22 2513.71679688 6162.12109375 3.16003274918
1478873858397 lifecam22 2513.71630859 6162.55029297 3.15886449814
1478873858606 lifecam22 2514.17749023 6162.51708984 3.16315507889
1478873858669 lifecam22 2513.96289062 6162.12792969 3.16236972809
1478873858731 lifecam22 2513.8815918 6162.08642578 3.16158103943
