1478873323241 lifecam22 3200.46899414 5861.39306641 4.67499399185
1478873323309 lifecam22 3200.85058594 5861.42382812 4.67556524277
1478873323439 lifecam22 3199.14013672 5860.87890625 4.6696228981
1478873323511 lifecam22 3202.13916016 5862.0390625 4.68281459808
1478873323576 lifecam22 3202.29956055 5862.04736328 4.68429088593
1478873323639 lifecam22 3203.26000977 5862.30957031 4.68701934814
1478873323702 lifecam22 3202.56103516 5861.97949219 4.6850938797
1478873323839 lifecam22 3202.4777832 5862.68066406 4.68368911743
1478873323909 lifecam22 3203.87036133 5862.83154297 4.68875408173
1478873323979 lifecam22 3202.94628906 5862.32373047 4.68330144882
1478873324098 lifecam22 3203.12548828 5862.73535156 4.68448495865
1478873324242 lifecam22 3203.69213867 5863.30224609 4.68855285645
1478873324310 lifecam22 3203.93579102 5863.19433594 4.68933439255
1478873324369 lifecam22 3202.77539062 5862.54492188 4.68256044388
1478873324452 lifecam22 3203.45239258 5862.92675781 4.68641090393
1478873324499 lifecam22 3204.02490234 5864.01025391 4.69012594223
1478873324649 lifecam22 3204.30639648 5863.99169922 4.69263315201
1478873324708 lifecam22 3204.4375 5863.96435547 4.69380569458
1478873324779 lifecam22 3204.17626953 5863.56835938 4.69147539139
1478873324845 lifecam22 3203.71630859 5862.84082031 4.68738222122
1478873324909 lifecam22 3195.95629883 5862.70654297 4.68295621872
1478873325047 lifecam22 3179.19116211 5857.21826172 4.64853525162
1478873325111 lifecam22 3171.35205078 5855.68847656 4.63505029678
1478873325176 lifecam22 3162.19433594 5852.21875 4.61577987671
1478873325236 lifecam22 3155.359375 5849.80712891 4.60106992722
1478873325304 lifecam22 3147.82128906 5848.22460938 4.58352231979
1478873325450 lifecam22 3132.43701172 5845.06005859 4.55375146866
1478873325514 lifecam22 3124.33276367 5843.6953125 4.53964090347
1478873325579 lifecam22 3116.39526367 5842.09423828 4.52612257004
1478873325646 lifecam22 3109.19604492 5841.72412109 4.511531353
1478873325708 lifecam22 3101.0246582 5840.15966797 4.49621915817
1478873325851 lifecam22 3087.15209961 5838.23925781 4.47028779984
1478873325905 lifecam22 3077.74243164 5837.24462891 4.45169258118
1478873325972 lifecam22 3069.62109375 5836.48730469 4.43201780319
1478873326045 lifecam22 3061.87036133 5836.05615234 4.42298364639
1478873326105 lifecam22 3054.91601562 5835.41357422 4.4085278511
1478873326248 lifecam22 3038.91918945 5834.70117188 4.37995290756
1478873326313 lifecam22 3031.71386719 5834.61865234 4.36359405518
1478873326373 lifecam22 3021.92626953 5833.50244141 4.33903455734
1478873326444 lifecam22 3015.18481445 5833.66650391 4.32788896561
1478873326508 lifecam22 3007.29150391 5834.89111328 4.31455278397
1478873326646 lifecam22 2992.28149414 5835.54345703 4.28273773193
1478873326710 lifecam22 2984.2746582 5836.49072266 4.27055454254
1478873326778 lifecam22 2976.84326172 5837.62548828 4.25532245636
1478873326842 lifecam22 2969.21728516 5839.10351562 4.24624490738
1478873326913 lifecam22 2962.1340332 5838.77392578 4.23301887512
1478873327119 lifecam22 2938.98413086 5843.49316406 4.19243907928
1478873327184 lifecam22 2931.24121094 5844.21972656 4.17135381699
1478873327247 lifecam22 2923.56591797 5845.52734375 4.15547847748
1478873327317 lifecam22 2916.55810547 5847.83447266 4.14797687531
1478873327373 lifecam22 2909.09326172 5849.38818359 4.1288561821
1478873327512 lifecam22 2893.11523438 5853.19824219 4.09390258789
1478873327573 lifecam22 2885.91845703 5855.40429688 4.08483695984
1478873327639 lifecam22 2877.32861328 5856.79296875 4.06511068344
1478873327711 lifecam22 2870.33105469 5859.29541016 4.04993391037
1478873327773 lifecam22 2863.02099609 5861.04931641 4.0386967659
1478873327911 lifecam22 2845.80444336 5867.57861328 3.99658536911
1478873327973 lifecam22 2839.01391602 5870.23242188 3.98229050636
1478873328043 lifecam22 2834.01831055 5873.15039062 3.98158025742
1478873328107 lifecam22 2824.39257812 5876.54882812 3.94863772392
1478873328175 lifecam22 2817.44775391 5880.17919922 3.93879389763
1478873328322 lifecam22 2803.67944336 5886.5078125 3.90905475616
1478873328445 lifecam22 2789.27050781 5893.08544922 3.87796783447
1478873328506 lifecam22 2781.64306641 5896.83642578 3.86078643799
1478873328574 lifecam22 2775.93920898 5899.76318359 3.85226774216
1478873328654 lifecam22 2767.93383789 5904.18603516 3.83343744278
1478873328716 lifecam22 2761.59179688 5907.86376953 3.81993865967
1478873328786 lifecam22 2753.24121094 5912.6015625 3.79810714722
1478873328854 lifecam22 2746.65844727 5915.94189453 3.77919268608
1478873328910 lifecam22 2739.7409668 5920.53417969 3.76283359528
1478873329054 lifecam22 2728.60742188 5929.02929688 3.74268293381
1478873329118 lifecam22 2722.34716797 5934.18994141 3.72912716866
1478873329176 lifecam22 2715.96044922 5938.87011719 3.71290683746
1478873329243 lifecam22 2709.70922852 5944.18847656 3.69483923912
1478873329316 lifecam22 2703.35351562 5948.67431641 3.68065500259
1478873329515 lifecam22 2684.63891602 5964.14599609 3.63296747208
1478873329585 lifecam22 2678.78588867 5969.50341797 3.61929130554
1478873329652 lifecam22 2673.15039062 5974.59423828 3.60722303391
1478873329718 lifecam22 2668.52661133 5980.0546875 3.59378957748
1478873329783 lifecam22 2661.83422852 5985.35058594 3.58187961578
1478873329919 lifecam22 2651.64916992 5995.85400391 3.55404996872
1478873329977 lifecam22 2645.45825195 6001.29833984 3.53454399109
1478873330055 lifecam22 2641.38085938 6007.51269531 3.52268409729
1478873330117 lifecam22 2635.28637695 6013.05810547 3.50492811203
1478873330180 lifecam22 2630.96704102 6018.15185547 3.49327516556
1478873330322 lifecam22 2621.08422852 6030.61572266 3.46630096436
1478873330381 lifecam22 2615.86352539 6037.53857422 3.4471077919
1478873330455 lifecam22 2611.10693359 6043.64208984 3.43274259567
1478873330513 lifecam22 2606.36669922 6050.01171875 3.41740655899
1478873330588 lifecam22 2602.60693359 6056.14794922 3.40440273285
1478873330786 lifecam22 2589.67626953 6075.08007812 3.36295700073
1478873330849 lifecam22 2584.58886719 6081.92236328 3.34379863739
1478873330920 lifecam22 2581.29614258 6088.07861328 3.33265447617
1478873330986 lifecam22 2576.70019531 6094.56933594 3.31701564789
1478873331044 lifecam22 2572.81762695 6100.8359375 3.30265712738
1478873331191 lifecam22 2564.99145508 6115.38671875 3.27478790283
1478873331247 lifecam22 2561.33422852 6122.70410156 3.2556476593
1478873331322 lifecam22 2556.90600586 6129.99414062 3.23705434799
1478873331379 lifecam22 2554.15844727 6136.87792969 3.22835731506
1478873331448 lifecam22 2551.48730469 6143.38232422 3.21299791336
1478873331657 lifecam22 2541.36425781 6164.92822266 3.16743469238
1478873331718 lifecam22 2539.2644043 6172.41162109 3.15613222122
1478873331789 lifecam22 2536.47631836 6181.35595703 3.14159822464
1478873331855 lifecam22 2534.00488281 6187.27587891 3.11776089668
1478873331914 lifecam22 2531.71557617 6194.97167969 3.10429883003
1478873332055 lifecam22 2528.23022461 6209.140625 3.0845272541
1478873332126 lifecam22 2528.58300781 6209.36181641 3.08774590492
1478873332184 lifecam22 2527.79760742 6208.83300781 3.08029294014
1478873332250 lifecam22 2528.23022461 6209.140625 3.0845272541
1478873332314 lifecam22 2528.32348633 6208.6484375 3.08536505699
1478873332454 lifecam22 2528.23022461 6209.140625 3.0845272541
1478873332525 lifecam22 2528.43603516 6208.78759766 3.08517622948
1478873332584 lifecam22 2528.23022461 6209.140625 3.0845272541
1478873332652 lifecam22 2528.59350586 6208.70605469 3.08697152138
1478873332714 lifecam22 2528.48144531 6208.56494141 3.08716607094
