1478873968706 lifecam22 3196.57714844 5860.69042969 4.65466785431
1478873968770 lifecam22 3196.60620117 5860.75390625 4.65389919281
1478873968836 lifecam22 3197.02441406 5861.15576172 4.65653038025
1478873968906 lifecam22 3196.63037109 5860.76953125 4.65545320511
1478873968968 lifecam22 3196.66430664 5860.66503906 4.65447664261
1478873969168 lifecam22 3196.66430664 5860.66503906 4.65447664261
1478873969237 lifecam22 3196.66162109 5860.83642578 4.65471744537
1478873969311 lifecam22 3196.58154297 5860.7265625 4.65501594543
1478873969368 lifecam22 3196.61572266 5860.78271484 4.65432929993
1478873969437 lifecam22 3196.55664062 5860.70556641 4.65480184555
1478873969574 lifecam22 3196.56054688 5860.69921875 4.65351057053
1478873969635 lifecam22 3196.66430664 5860.66503906 4.65447664261
1478873969705 lifecam22 3196.97998047 5860.78857422 4.65458726883
1478873969773 lifecam22 3197.71435547 5861.58837891 4.65594577789
1478873969835 lifecam22 3197.91186523 5862.06542969 4.65523767471
1478873970107 lifecam22 3196.50683594 5860.66308594 4.65437221527
1478873970171 lifecam22 3195.3671875 5861.00878906 4.65447282791
1478873970241 lifecam22 3196.21606445 5860.66992188 4.65192937851
1478873970307 lifecam22 3195.09863281 5860.74902344 4.64958190918
1478873970372 lifecam22 3195.48510742 5860.83642578 4.65063524246
1478873970518 lifecam22 3195.57763672 5860.77783203 4.65256214142
1478873970578 lifecam22 3195.65551758 5860.71972656 4.65330839157
1478873970643 lifecam22 3195.83349609 5860.88232422 4.65609169006
1478873970707 lifecam22 3195.81347656 5860.73632812 4.65469121933
1478873970776 lifecam22 3196.16870117 5861.1875 4.65764665604
1478873971041 lifecam22 3195.46142578 5861.29882812 4.65983963013
1478873971108 lifecam22 3198.19335938 5860.79150391 4.65940141678
1478873971173 lifecam22 3197.99023438 5860.99951172 4.65835857391
1478873971239 lifecam22 3197.65698242 5860.84667969 4.65673542023
1478873971307 lifecam22 3197.93969727 5860.95654297 4.65792512894
1478873971457 lifecam22 3197.73876953 5862.05859375 4.65504455566
1478873971513 lifecam22 3198.28320312 5861.69873047 4.65973758698
1478873971576 lifecam22 3198.67260742 5861.77490234 4.66191577911
1478873971644 lifecam22 3195.60229492 5861.16552734 4.65864896774
1478873971708 lifecam22 3196.37792969 5860.69580078 4.65212249756
1478873971982 lifecam22 3173.60742188 5857.37304688 4.62949514389
1478873972046 lifecam22 3165.60058594 5855.58984375 4.61201047897
1478873972113 lifecam22 3158.76391602 5853.9453125 4.6009144783
1478873972174 lifecam22 3150.53295898 5852.54101562 4.58536052704
1478873972240 lifecam22 3142.87475586 5850.42626953 4.56652069092
1478873972452 lifecam22 3120.06933594 5846.08203125 4.52181053162
1478873972511 lifecam22 3111.96386719 5844.4296875 4.50760555267
1478873972574 lifecam22 3104.31347656 5844.03662109 4.49327516556
1478873972645 lifecam22 3096.52832031 5842.81640625 4.48035049438
1478873972711 lifecam22 3088.42456055 5841.48974609 4.46536016464
1478873972913 lifecam22 3064.87255859 5839.95361328 4.41588973999
1478873972979 lifecam22 3056.76855469 5837.92675781 4.40131950378
1478873973045 lifecam22 3049.06176758 5838.55957031 4.38853883743
1478873973108 lifecam22 3040.74291992 5838.08203125 4.36981296539
1478873973182 lifecam22 3033.70019531 5838.26953125 4.35988092422
1478873973386 lifecam22 3010.45751953 5839.44677734 4.3185544014
1478873973443 lifecam22 3002.65527344 5840.58984375 4.30318880081
1478873973512 lifecam22 2994.36254883 5840.27392578 4.28287029266
1478873973575 lifecam22 2987.70654297 5841.83496094 4.27616596222
1478873973649 lifecam22 2979.69848633 5841.82763672 4.26352405548
1478873973852 lifecam22 2956.15698242 5844.08007812 4.21007728577
1478873973910 lifecam22 2948.35205078 5846.31933594 4.19846868515
1478873973981 lifecam22 2940.76953125 5846.35791016 4.17676401138
1478873974043 lifecam22 2933.65795898 5847.91162109 4.16961765289
1478873974117 lifecam22 2926.04760742 5849.67578125 4.15381145477
1478873974322 lifecam22 2901.79272461 5854.93554688 4.10070228577
1478873974389 lifecam22 2894.00830078 5856.82910156 4.08609390259
1478873974447 lifecam22 2887.69360352 5859.29882812 4.07644224167
1478873974519 lifecam22 2879.3125 5861.31591797 4.05724430084
1478873974583 lifecam22 2873.94262695 5863.79492188 4.05532455444
1478873974792 lifecam22 2851.45605469 5872.06884766 4.00887012482
1478873974855 lifecam22 2842.88183594 5874.10449219 3.99316596985
1478873974917 lifecam22 2836.40600586 5877.17822266 3.98023819923
1478873974986 lifecam22 2826.81225586 5881.38574219 3.94984340668
1478873975053 lifecam22 2819.41455078 5883.54150391 3.9304754734
1478873975320 lifecam22 2790.58374023 5897.54638672 3.87135720253
1478873975380 lifecam22 2784.21484375 5900.24951172 3.8577644825
1478873975450 lifecam22 2776.90942383 5904.71826172 3.84369301796
1478873975516 lifecam22 2770.43896484 5908.45361328 3.82721543312
1478873975580 lifecam22 2763.73388672 5912.75341797 3.81706094742
1478873975791 lifecam22 2744.97729492 5925.85595703 3.77463531494
1478873975858 lifecam22 2738.75878906 5929.82519531 3.76196956635
1478873975919 lifecam22 2731.20288086 5934.25341797 3.74098992348
1478873975980 lifecam22 2726.74438477 5938.74121094 3.73326730728
1478873976054 lifecam22 2718.53930664 5943.67724609 3.71210408211
1478873976255 lifecam22 2700.24853516 5957.34960938 3.66894698143
1478873976316 lifecam22 2694.51708984 5962.796875 3.65016055107
1478873976389 lifecam22 2687.91625977 5967.92919922 3.63664627075
1478873976452 lifecam22 2682.50976562 5972.89941406 3.62466287613
1478873976519 lifecam22 2675.51147461 5978.87255859 3.60369110107
1478873976718 lifecam22 2659.91113281 5994.45556641 3.56691837311
1478873976786 lifecam22 2653.17114258 6000.76855469 3.54097795486
1478873976857 lifecam22 2650.19506836 6006.11865234 3.53870201111
1478873976920 lifecam22 2644.02490234 6011.83837891 3.52125787735
1478873976984 lifecam22 2640.05883789 6017.34375 3.51457548141
1478873977188 lifecam22 2624.0703125 6035.2734375 3.46544837952
1478873977251 lifecam22 2619.06738281 6041.28369141 3.45453977585
1478873977320 lifecam22 2615.29736328 6047.30712891 3.43983316422
1478873977381 lifecam22 2610.3996582 6053.99462891 3.42355489731
1478873977450 lifecam22 2606.0378418 6060.44238281 3.40844106674
1478873977663 lifecam22 2592.05859375 6080.37890625 3.36047649384
1478873977719 lifecam22 2587.97998047 6085.61083984 3.34497785568
1478873977792 lifecam22 2583.02807617 6093.92578125 3.33066701889
1478873977860 lifecam22 2579.8190918 6099.05615234 3.31798791885
1478873977924 lifecam22 2576.22949219 6106.28271484 3.30677747726
1478873978182 lifecam22 2561.95483398 6134.69433594 3.2408657074
1478873978254 lifecam22 2558.69287109 6140.95556641 3.22939062119
1478873978319 lifecam22 2554.02685547 6148.26318359 3.21355056763
1478873978387 lifecam22 2551.35083008 6155.46630859 3.19983053207
1478873978451 lifecam22 2547.03125 6163.49658203 3.1777715683
1478873978657 lifecam22 2539.72973633 6183.61572266 3.13938736916
1478873978721 lifecam22 2534.95043945 6192.01757812 3.12058949471
1478873978789 lifecam22 2534.81787109 6197.74169922 3.12566542625
1478873978853 lifecam22 2531.93261719 6206.52783203 3.10166954994
1478873978926 lifecam22 2528.81030273 6212.60742188 3.08504128456
1478873979131 lifecam22 2530.84545898 6214.83105469 3.09497857094
1478873979195 lifecam22 2530.15258789 6214.04980469 3.09119439125
1478873979261 lifecam22 2530.38891602 6214.22802734 3.09208273888
1478873979325 lifecam22 2530.55175781 6213.88671875 3.09369206429
1478873979389 lifecam22 2530.16723633 6214.48193359 3.09123206139
1478873979591 lifecam22 2530.55175781 6213.88671875 3.09369206429
1478873979723 lifecam22 2530.39892578 6214.06689453 3.09221243858
1478873979794 lifecam22 2530.56396484 6214.02246094 3.0937769413
1478873979853 lifecam22 2530.56396484 6214.02246094 3.0937769413
