1478873543389 lifecam22 3206.42456055 5863.85839844 4.71519613266
1478873543451 lifecam22 3205.81152344 5862.22412109 4.70855522156
1478873543518 lifecam22 3206.63085938 5864.13085938 4.71745109558
1478873543584 lifecam22 3206.53100586 5863.97753906 4.71616506577
1478873543647 lifecam22 3206.3972168 5863.72753906 4.71531057358
1478873543794 lifecam22 3206.26538086 5863.44628906 4.71131515503
1478873543847 lifecam22 3206.39453125 5864.15039062 4.71533584595
1478873543919 lifecam22 3206.0859375 5863.07275391 4.70863056183
1478873543985 lifecam22 3206.47509766 5864.24902344 4.71326065063
1478873544051 lifecam22 3206.23583984 5863.78417969 4.7099905014
1478873544191 lifecam22 3206.55419922 5864.52783203 4.71288061142
1478873544248 lifecam22 3206.36352539 5864.05371094 4.71114873886
1478873544316 lifecam22 3206.49072266 5864.32324219 4.7123041153
1478873544386 lifecam22 3206.44848633 5864.28027344 4.71191978455
1478873544451 lifecam22 3206.49072266 5864.32324219 4.7123041153
1478873544643 lifecam22 3207.63427734 5866.62109375 4.72274923325
1478873544714 lifecam22 3206.55419922 5864.52783203 4.71288156509
1478873544786 lifecam22 3206.55419922 5864.52734375 4.71287965775
1478873544855 lifecam22 3206.46948242 5864.30126953 4.71211147308
1478873544920 lifecam22 3206.37036133 5863.98828125 4.71229457855
1478873544991 lifecam22 3203.37353516 5865.33251953 4.72989082336
1478873545051 lifecam22 3191.66723633 5862.79394531 4.70611047745
1478873545120 lifecam22 3190.79931641 5862.73535156 4.71438360214
1478873545181 lifecam22 3182.87597656 5859.18164062 4.69342136383
1478873545254 lifecam22 3174.55761719 5856.45458984 4.68433666229
1478873545449 lifecam22 3150.63671875 5848.52099609 4.62991571426
1478873545522 lifecam22 3143.58959961 5847.05566406 4.61909198761
1478873545585 lifecam22 3135.12329102 5844.453125 4.59506797791
1478873545656 lifecam22 3128.33666992 5842.98535156 4.5863275528
1478873545724 lifecam22 3121.20751953 5841.35400391 4.57291889191
1478873545856 lifecam22 3105.34179688 5837.72900391 4.54253387451
1478873545926 lifecam22 3096.95898438 5835.28076172 4.51847267151
1478873545988 lifecam22 3089.19946289 5834.67675781 4.50646066666
1478873546053 lifecam22 3082.02880859 5833.24560547 4.49277639389
1478873546121 lifecam22 3073.6159668 5832.10791016 4.47301912308
1478873546254 lifecam22 3058.15185547 5830.55224609 4.44526720047
1478873546312 lifecam22 3048.98095703 5830.29443359 4.42683458328
1478873546389 lifecam22 3043.28320312 5829.86132812 4.41962385178
1478873546453 lifecam22 3035.03051758 5830.23339844 4.40333747864
1478873546519 lifecam22 3027.06835938 5829.21533203 4.38782262802
1478873546663 lifecam22 3010.95092773 5828.94335938 4.35949277878
1478873546719 lifecam22 3004.06445312 5829.33691406 4.34335184097
1478873546790 lifecam22 2995.72607422 5829.83105469 4.32862329483
1478873546854 lifecam22 2987.52661133 5829.58251953 4.31303548813
1478873546923 lifecam22 2980.19433594 5831.53271484 4.30412387848
1478873547125 lifecam22 2956.81396484 5832.22216797 4.25606918335
1478873547189 lifecam22 2949.0168457 5832.14697266 4.23741292953
1478873547256 lifecam22 2942.59912109 5834.27148438 4.22766399384
1478873547322 lifecam22 2933.45874023 5834.91894531 4.20747804642
1478873547382 lifecam22 2926.64306641 5836.07373047 4.19700908661
1478873547522 lifecam22 2910.9296875 5838.82421875 4.16700792313
1478873547592 lifecam22 2903.44165039 5840.54492188 4.15372943878
1478873547661 lifecam22 2895.54296875 5842.53417969 4.1392788887
1478873547715 lifecam22 2887.66552734 5844.29492188 4.12109708786
1478873547783 lifecam22 2880.30859375 5846.38232422 4.10631275177
1478873547930 lifecam22 2865.37866211 5850.5859375 4.08050346375
1478873547992 lifecam22 2857.65112305 5852.82666016 4.06088209152
1478873548056 lifecam22 2849.07299805 5854.93505859 4.04367589951
1478873548114 lifecam22 2844.01245117 5857.25390625 4.03887414932
1478873548191 lifecam22 2834.74267578 5860.65625 4.01639652252
1478873548321 lifecam22 2820.24804688 5864.92529297 3.98798418045
1478873548391 lifecam22 2814.22045898 5867.93408203 3.97906756401
1478873548455 lifecam22 2804.61889648 5870.45214844 3.95094323158
1478873548515 lifecam22 2797.07519531 5874.05664062 3.93652462959
1478873548589 lifecam22 2788.61645508 5876.56201172 3.9127342701
1478873548723 lifecam22 2776.84985352 5884.47460938 3.89379310608
1478873548799 lifecam22 2769.07885742 5888.54443359 3.8724591732
1478873548859 lifecam22 2761.72216797 5892.01660156 3.8599627018
1478873548922 lifecam22 2755.45361328 5895.81933594 3.84732675552
1478873548994 lifecam22 2748.11401367 5900.23535156 3.82735657692
1478873549129 lifecam22 2735.8046875 5908.71240234 3.80400490761
1478873549193 lifecam22 2728.44628906 5912.03027344 3.78527593613
1478873549261 lifecam22 2722.76708984 5916.53271484 3.77303552628
1478873549327 lifecam22 2715.38330078 5921.41308594 3.75618338585
1478873549393 lifecam22 2709.06298828 5924.80029297 3.74205541611
1478873549593 lifecam22 2690.33544922 5939.82568359 3.697961092
1478873549671 lifecam22 2684.53564453 5944.22363281 3.68372774124
1478873549729 lifecam22 2678.09375 5949.36816406 3.66623520851
1478873549796 lifecam22 2671.55395508 5954.67626953 3.65054368973
1478873549854 lifecam22 2666.42236328 5959.76318359 3.63664913177
1478873550063 lifecam22 2650.28881836 5975.15869141 3.60205364227
1478873550130 lifecam22 2642.99584961 5980.5078125 3.57769155502
1478873550195 lifecam22 2638.12768555 5986.73095703 3.56691169739
1478873550260 lifecam22 2631.62133789 5992.00634766 3.54529762268
1478873550329 lifecam22 2627.64550781 5997.02832031 3.53854227066
1478873550463 lifecam22 2616.36230469 6009.70263672 3.50270605087
1478873550532 lifecam22 2610.93432617 6015.30810547 3.48495149612
1478873550597 lifecam22 2606.27490234 6020.57128906 3.47937726974
1478873550666 lifecam22 2601.26049805 6026.86328125 3.46399497986
1478873550733 lifecam22 2595.81103516 6033.33251953 3.44358348846
1478873550922 lifecam22 2581.84594727 6051.50732422 3.39878702164
1478873551061 lifecam22 2573.77368164 6065.10107422 3.37412786484
1478873551128 lifecam22 2568.42797852 6072.16845703 3.35105514526
1478873551198 lifecam22 2566.21875 6077.82373047 3.34627056122
1478873551397 lifecam22 2554.08227539 6098.14892578 3.30233716965
1478873551465 lifecam22 2550.70507812 6104.36621094 3.2893371582
1478873551529 lifecam22 2546.20483398 6111.84375 3.27007579803
1478873551598 lifecam22 2543.2331543 6118.38818359 3.25778388977
1478873551672 lifecam22 2539.53369141 6125.73339844 3.24207258224
1478873551868 lifecam22 2529.90039062 6146.97900391 3.1987080574
1478873551930 lifecam22 2525.3359375 6156.34326172 3.17398405075
1478873551988 lifecam22 2524.24975586 6161.49658203 3.17374515533
1478873552056 lifecam22 2522.98999023 6165.13085938 3.16126537323
1478873552124 lifecam22 2518.39550781 6172.91162109 3.1562795639
1478873552333 lifecam22 2519.52514648 6173.26464844 3.15301465988
1478873552394 lifecam22 2519.35864258 6173.15039062 3.15406894684
1478873552464 lifecam22 2519.38183594 6173.2734375 3.15293502808
1478873552532 lifecam22 2519.24902344 6173.12304688 3.15432167053
1478873552598 lifecam22 2519.41577148 6173.23730469 3.15326929092
1478873552796 lifecam22 2519.52514648 6173.26464844 3.15301465988
1478873552868 lifecam22 2519.52514648 6173.26464844 3.15301465988
1478873552933 lifecam22 2519.59423828 6173.18847656 3.15371751785
1478873552998 lifecam22 2519.50219727 6173.14160156 3.15414810181
1478873553068 lifecam22 2519.52514648 6173.26464844 3.15301465988
1478873553267 lifecam22 2519.52514648 6173.26464844 3.15301465988
1478873553333 lifecam22 2519.52514648 6173.26464844 3.15301465988
