1478873419391 lifecam22 3198.15527344 5859.09082031 4.65169286728
1478873419454 lifecam22 3198.21166992 5859.39355469 4.65316057205
1478873419520 lifecam22 3198.70361328 5859.54931641 4.65490150452
1478873419587 lifecam22 3198.11352539 5859.17919922 4.65237617493
1478873419722 lifecam22 3198.63061523 5859.48339844 4.65557003021
1478873419789 lifecam22 3198.296875 5859.328125 4.65394687653
1478873419855 lifecam22 3198.54443359 5859.54785156 4.65478229523
1478873419922 lifecam22 3198.83691406 5859.39550781 4.65490579605
1478873419988 lifecam22 3198.69238281 5859.27050781 4.65490818024
1478873420129 lifecam22 3198.296875 5859.328125 4.65394687653
1478873420191 lifecam22 3199.13818359 5859.63623047 4.65728473663
1478873420256 lifecam22 3198.97851562 5859.63427734 4.65716505051
1478873420323 lifecam22 3198.48901367 5859.24560547 4.65331315994
1478873420388 lifecam22 3198.83691406 5859.39550781 4.65490579605
1478873420599 lifecam22 3198.40307617 5859.31103516 4.65252828598
1478873420659 lifecam22 3198.45361328 5859.32666016 4.65151023865
1478873420721 lifecam22 3198.65942383 5859.39453125 4.64811897278
1478873420794 lifecam22 3198.15454102 5860.03759766 4.64996910095
1478873420859 lifecam22 3198.48461914 5860.18798828 4.65159511566
1478873420995 lifecam22 3197.48022461 5859.13330078 4.65194177628
1478873421059 lifecam22 3198.63061523 5859.48339844 4.65557003021
1478873421125 lifecam22 3194.47436523 5859.20507812 4.65190410614
1478873421193 lifecam22 3182.09643555 5856.01025391 4.62500047684
1478873421264 lifecam22 3176.90844727 5855.3125 4.61902952194
1478873421463 lifecam22 3153.5715332 5849.55664062 4.57121324539
1478873421526 lifecam22 3145.13476562 5846.48925781 4.5491900444
1478873421592 lifecam22 3138.00219727 5846.85595703 4.54096460342
1478873421662 lifecam22 3130.16870117 5844.26123047 4.52365064621
1478873421727 lifecam22 3122.39575195 5843.66455078 4.51227712631
1478873421927 lifecam22 3099.17578125 5840.14697266 4.46490287781
1478873421995 lifecam22 3091.76049805 5839.46533203 4.45536231995
1478873422062 lifecam22 3083.59301758 5838.31689453 4.43680620193
1478873422128 lifecam22 3076.45654297 5838.30615234 4.42672681808
1478873422190 lifecam22 3068.10546875 5836.46386719 4.40475082397
1478873422331 lifecam22 3052.17993164 5836.76660156 4.3761973381
1478873422394 lifecam22 3044.18212891 5835.89892578 4.35936307907
1478873422460 lifecam22 3036.32348633 5836.76416016 4.34907054901
1478873422528 lifecam22 3028.72509766 5835.93847656 4.32896614075
1478873422592 lifecam22 3021.66113281 5836.90966797 4.31730175018
1478873422799 lifecam22 2997.97216797 5839.28125 4.27532672882
1478873422863 lifecam22 2990.81298828 5839.39794922 4.25990390778
1478873422933 lifecam22 2983.12280273 5841.50634766 4.25039148331
1478873422992 lifecam22 2975.96655273 5842.13183594 4.23405790329
1478873423053 lifecam22 2967.0246582 5842.71142578 4.2155122757
1478873423262 lifecam22 2943.9440918 5847.23046875 4.1726102829
1478873423332 lifecam22 2937.21923828 5848.97753906 4.15697574615
1478873423398 lifecam22 2927.74121094 5849.85400391 4.13648796082
1478873423465 lifecam22 2922.93652344 5851.98144531 4.13208341599
1478873423531 lifecam22 2912.94677734 5853.32275391 4.10583925247
1478873423724 lifecam22 2890.125 5859.01025391 4.06157588959
1478873423794 lifecam22 2884.13012695 5862.19335938 4.05643796921
1478873423921 lifecam22 2869.19482422 5866.92431641 4.02270364761
1478873423992 lifecam22 2862.31420898 5870.05664062 4.01057338715
1478873424132 lifecam22 2847.74902344 5875.72607422 3.98762011528
1478873424189 lifecam22 2838.34863281 5878.35009766 3.95708155632
1478873424259 lifecam22 2833.22192383 5881.75244141 3.95039486885
1478873424325 lifecam22 2821.2590332 5884.64306641 3.90694952011
1478873424389 lifecam22 2815.96508789 5888.48925781 3.90264987946
1478873424594 lifecam22 2794.24780273 5898.38232422 3.85788607597
1478873424661 lifecam22 2788.26220703 5902.11767578 3.84542608261
1478873424731 lifecam22 2782.1628418 5906.11328125 3.83577942848
1478873424801 lifecam22 2774.24536133 5909.93261719 3.81448578835
1478873424862 lifecam22 2766.84814453 5914.46875 3.79516601562
1478873425067 lifecam22 2748.04199219 5927.84130859 3.75779795647
1478873425127 lifecam22 2740.9753418 5932.37353516 3.73699808121
1478873425195 lifecam22 2735.86669922 5936.2109375 3.72706890106
1478873425257 lifecam22 2728.90600586 5941.07568359 3.71123719215
1478873425325 lifecam22 2723.23291016 5946.33251953 3.7013964653
1478873425531 lifecam22 2705.25732422 5960.62548828 3.65788841248
1478873425599 lifecam22 2699.71533203 5965.04003906 3.64391541481
1478873425661 lifecam22 2693.578125 5971.32617188 3.62745809555
1478873425728 lifecam22 2688.66870117 5975.69677734 3.6124215126
1478873425802 lifecam22 2681.40307617 5982.17285156 3.59480285645
1478873425994 lifecam22 2664.6640625 5997.76269531 3.55259895325
1478873426064 lifecam22 2659.47314453 6003.25048828 3.53725481033
1478873426134 lifecam22 2653.95996094 6009.89941406 3.51938819885
1478873426193 lifecam22 2648.68408203 6015.69921875 3.50183486938
1478873426263 lifecam22 2644.80395508 6021.1796875 3.49547052383
1478873426467 lifecam22 2630.00073242 6039.78027344 3.44873428345
1478873426538 lifecam22 2626.22314453 6045.18603516 3.43541240692
1478873426601 lifecam22 2620.6887207 6052.30957031 3.42148399353
1478873426672 lifecam22 2615.26977539 6058.41992188 3.40102100372
1478873426732 lifecam22 2611.20019531 6065.63476562 3.38699245453
1478873426934 lifecam22 2597.78125 6084.8671875 3.34100961685
1478873426999 lifecam22 2593.82226562 6090.49462891 3.32913303375
1478873427061 lifecam22 2589.49853516 6098.68115234 3.3109164238
1478873427130 lifecam22 2584.97973633 6104.40673828 3.29850387573
1478873427197 lifecam22 2581.44262695 6111.39013672 3.28030872345
1478873427405 lifecam22 2571.90039062 6132.30078125 3.24269008636
1478873427461 lifecam22 2567.45776367 6138.88476562 3.22251033783
1478873427530 lifecam22 2565.50927734 6146.47363281 3.21248531342
1478873427597 lifecam22 2561.63085938 6154.09814453 3.19503068924
1478873427664 lifecam22 2559.28979492 6161.77197266 3.1834487915
1478873427871 lifecam22 2550.52832031 6180.94433594 3.14209413528
1478873427935 lifecam22 2550.30810547 6188.01074219 3.1399948597
1478873427997 lifecam22 2546.50878906 6196.55566406 3.11506342888
1478873428067 lifecam22 2544.17822266 6203.51855469 3.09716153145
1478873428139 lifecam22 2542.38891602 6211.10205078 3.08769869804
1478873428337 lifecam22 2537.73486328 6229.30322266 3.05613732338
