1478873093545 lifecam22 3195.2265625 5861.68603516 4.65541553497
1478873093613 lifecam22 3195.28979492 5861.6015625 4.65601968765
1478873093679 lifecam22 3194.92626953 5861.41113281 4.65408992767
1478873093816 lifecam22 3195.17407227 5861.75341797 4.65601921082
1478873093877 lifecam22 3195.1953125 5861.65966797 4.65386629105
1478873093948 lifecam22 3194.95678711 5861.17138672 4.65195083618
1478873094015 lifecam22 3194.96313477 5861.17724609 4.65328407288
1478873094079 lifecam22 3195.41137695 5861.04003906 4.65609931946
1478873094213 lifecam22 3195.04125977 5860.98583984 4.65154790878
1478873094284 lifecam22 3194.53857422 5861.72900391 4.65043497086
1478873094355 lifecam22 3195.13769531 5861.60205078 4.64953517914
1478873094416 lifecam22 3194.97875977 5861.32617188 4.65332746506
1478873094482 lifecam22 3195.19165039 5861.36083984 4.65633106232
1478873094615 lifecam22 3195.89257812 5860.80175781 4.65271759033
1478873094684 lifecam22 3195.54272461 5860.8984375 4.65608978271
1478873094743 lifecam22 3195.68554688 5861.47412109 4.65196466446
1478873094814 lifecam22 3195.47827148 5862.46337891 4.65346336365
1478873094885 lifecam22 3195.453125 5861.08642578 4.65253353119
1478873095089 lifecam22 3194.95336914 5863.19140625 4.65215492249
1478873095151 lifecam22 3195.69946289 5863.17626953 4.65518283844
1478873095220 lifecam22 3195.15356445 5863.50878906 4.65138244629
1478873095289 lifecam22 3195.47949219 5862.75195312 4.64966869354
1478873095356 lifecam22 3196.38916016 5862.71972656 4.65389251709
1478873095486 lifecam22 3194.78417969 5863.5703125 4.66066741943
1478873095552 lifecam22 3184.1862793 5861.77246094 4.65118217468
1478873095621 lifecam22 3176.09399414 5859.13867188 4.63035345078
1478873095682 lifecam22 3169.59838867 5856.57861328 4.61764526367
1478873095748 lifecam22 3161.27441406 5855.54296875 4.60820388794
1478873095891 lifecam22 3147.05639648 5852.00097656 4.57755804062
1478873095954 lifecam22 3139.80908203 5851.06884766 4.56850671768
1478873096025 lifecam22 3132.58032227 5849.04199219 4.55193090439
1478873096091 lifecam22 3124.05395508 5846.99804688 4.53347015381
1478873096154 lifecam22 3116.63549805 5846.07128906 4.51868057251
1478873096294 lifecam22 3101.71557617 5844.06494141 4.49408960342
1478873096353 lifecam22 3093.82250977 5843.61181641 4.47721815109
1478873096418 lifecam22 3085.76586914 5841.05517578 4.45943784714
1478873096488 lifecam22 3077.65014648 5841.3359375 4.44538354874
1478873096554 lifecam22 3067.74804688 5839.48242188 4.42338275909
1478873096696 lifecam22 3053.25024414 5838.46582031 4.39248275757
1478873096746 lifecam22 3044.88476562 5837.74853516 4.37870073318
1478873096821 lifecam22 3038.24609375 5838.61474609 4.36785650253
1478873096889 lifecam22 3029.12963867 5837.94970703 4.34866046906
1478873096952 lifecam22 3022.03320312 5838.66015625 4.33775091171
1478873097156 lifecam22 2998.12353516 5839.90869141 4.29152393341
1478873097221 lifecam22 2990.46508789 5840.70800781 4.27738428116
1478873097293 lifecam22 2983.0534668 5840.18994141 4.26222705841
1478873097356 lifecam22 2976.11791992 5842.34033203 4.25234985352
1478873097419 lifecam22 2969.01708984 5842.68164062 4.24302434921
1478873097565 lifecam22 2953.84912109 5844.96191406 4.21073722839
1478873097620 lifecam22 2945.32836914 5845.23535156 4.19080924988
1478873097692 lifecam22 2937.86303711 5847.40136719 4.1772236824
1478873097750 lifecam22 2929.82397461 5847.87109375 4.15922355652
1478873097821 lifecam22 2921.70166016 5849.765625 4.14315795898
1478873097962 lifecam22 2907.01635742 5852.98779297 4.11387825012
1478873098029 lifecam22 2899.72167969 5855.01660156 4.09785842896
1478873098088 lifecam22 2892.11254883 5857.27197266 4.08737516403
1478873098153 lifecam22 2883.84448242 5859.94726562 4.06889247894
1478873098221 lifecam22 2876.6887207 5862.23046875 4.05621528625
1478873098359 lifecam22 2860.98046875 5866.6484375 4.02197360992
1478873098482 lifecam22 2846.31103516 5871.53222656 3.99388337135
1478873098551 lifecam22 2839.171875 5875.22021484 3.98183774948
1478873098619 lifecam22 2831.75366211 5878.39892578 3.96652579308
1478873098752 lifecam22 2815.58691406 5884.74511719 3.9279282093
1478873098822 lifecam22 2810.16870117 5888.23193359 3.91916823387
1478873098894 lifecam22 2801.00146484 5890.73535156 3.89090919495
1478873098961 lifecam22 2795.31005859 5894.09765625 3.8827445507
1478873099029 lifecam22 2788.93505859 5898.41455078 3.86927771568
1478873099157 lifecam22 2774.55273438 5905.47607422 3.83922290802
1478873099223 lifecam22 2766.13378906 5909.74755859 3.81579661369
1478873099291 lifecam22 2759.95239258 5913.59130859 3.80493998528
1478873099356 lifecam22 2754.23974609 5918.08789062 3.7920153141
1478873099421 lifecam22 2747.28564453 5922.41455078 3.77481365204
1478873099563 lifecam22 2735.28149414 5930.57226562 3.75088119507
1478873099631 lifecam22 2728.3894043 5935.20458984 3.73542523384
1478873099687 lifecam22 2723.01904297 5939.58984375 3.72472858429
1478873099755 lifecam22 2717.15893555 5944.70605469 3.71032357216
1478873099827 lifecam22 2709.09106445 5949.08105469 3.68598389626
1478873099959 lifecam22 2696.59106445 5959.28271484 3.65837717056
1478873100027 lifecam22 2690.82958984 5963.671875 3.64431214333
1478873100092 lifecam22 2685.640625 5969.18164062 3.63139438629
1478873100156 lifecam22 2678.17114258 5974.28710938 3.61092805862
1478873100223 lifecam22 2672.49829102 5979.8671875 3.59257125854
1478873100300 lifecam22 2665.48706055 5985.06347656 3.57545757294
1478873100357 lifecam22 2662.11791992 5990.29199219 3.57266044617
1478873100425 lifecam22 2656.39355469 5996.07861328 3.55822610855
1478873100487 lifecam22 2650.34375 6001.8828125 3.54151058197
1478873100557 lifecam22 2646.06347656 6007.57080078 3.52629041672
1478873100756 lifecam22 2631.109375 6024.83789062 3.48626756668
1478873100829 lifecam22 2625.88037109 6030.94238281 3.47227811813
1478873100893 lifecam22 2620.74511719 6037.44824219 3.45503664017
1478873100955 lifecam22 2615.60717773 6043.05712891 3.43925857544
1478873101025 lifecam22 2611.59741211 6049.18457031 3.42931461334
1478873101230 lifecam22 2598.29931641 6067.63525391 3.3824930191
1478873101299 lifecam22 2594.55712891 6074.39550781 3.3714761734
1478873101366 lifecam22 2588.56542969 6081.45654297 3.34819126129
1478873101430 lifecam22 2585.16064453 6087.95605469 3.33566808701
1478873101497 lifecam22 2580.52392578 6095.14990234 3.3204832077
1478873101632 lifecam22 2573.58544922 6108.05175781 3.2940955162
1478873101699 lifecam22 2569.83007812 6114.76611328 3.28213167191
1478873101764 lifecam22 2567.43457031 6121.86914062 3.27108669281
1478873101829 lifecam22 2562.25561523 6129.43603516 3.24609947205
1478873101896 lifecam22 2559.20336914 6136.10058594 3.23353910446
1478873102099 lifecam22 2549.56469727 6156.43017578 3.1942358017
1478873102166 lifecam22 2545.62011719 6164.60742188 3.17434215546
1478873102231 lifecam22 2544.12817383 6171.54638672 3.16413354874
1478873102296 lifecam22 2540.74560547 6180.18457031 3.15106344223
1478873102364 lifecam22 2533.94555664 6186.51904297 3.11718201637
1478873102502 lifecam22 2532.5324707 6200.26513672 3.11089539528
1478873102563 lifecam22 2529.1328125 6208.12451172 3.08473944664
1478873102632 lifecam22 2527.36669922 6216.58251953 3.0714943409
1478873102701 lifecam22 2527.82519531 6217.93798828 3.07468914986
1478873102765 lifecam22 2527.45507812 6215.73193359 3.07159733772
1478873102966 lifecam22 2527.81567383 6217.07910156 3.07744431496
1478873103034 lifecam22 2527.70239258 6216.87011719 3.07337737083
1478873103094 lifecam22 2527.72143555 6217.05126953 3.07524800301
1478873103168 lifecam22 2527.72143555 6217.05126953 3.07524800301
1478873103232 lifecam22 2527.72119141 6217.11035156 3.07343935966
1478873103437 lifecam22 2527.80566406 6216.390625 3.07634091377
1478873103502 lifecam22 2527.72119141 6217.11035156 3.07343935966
1478873103564 lifecam22 2527.81713867 6216.52587891 3.07639050484
1478873103630 lifecam22 2527.80566406 6216.390625 3.07634091377
1478873103696 lifecam22 2527.8449707 6216.78564453 3.0765440464
