1478873252927 lifecam22 3195.72631836 5859.31884766 4.66045045853
1478873252993 lifecam22 3195.87182617 5858.90917969 4.65807580948
1478873253059 lifecam22 3196.51904297 5859.22705078 4.65735673904
1478873253126 lifecam22 3195.89599609 5859.49365234 4.6593413353
1478873253330 lifecam22 3195.67138672 5859.14306641 4.65865039825
1478873253397 lifecam22 3196.53222656 5859.39355469 4.65875148773
1478873253457 lifecam22 3195.14697266 5859.11230469 4.65663576126
1478873253526 lifecam22 3195.39233398 5859.31542969 4.65877199173
1478873253590 lifecam22 3195.26611328 5859.35302734 4.65760707855
1478873253804 lifecam22 3195.45605469 5859.48291016 4.66181278229
1478873253867 lifecam22 3195.57617188 5860.57617188 4.66252088547
1478873253932 lifecam22 3195.22631836 5859.57324219 4.65848398209
1478873253995 lifecam22 3195.47070312 5859.65722656 4.65795564651
1478873254056 lifecam22 3195.91333008 5859.62402344 4.65932655334
1478873254269 lifecam22 3195.48608398 5859.12011719 4.65833425522
1478873254328 lifecam22 3196.20678711 5859.09765625 4.65720367432
1478873254406 lifecam22 3196.30712891 5858.76123047 4.65430212021
1478873254468 lifecam22 3197.22192383 5859.07519531 4.65494728088
1478873254534 lifecam22 3197.79492188 5860.64355469 4.65882205963
1478873254803 lifecam22 3195.54052734 5860.25048828 4.66486978531
1478873254874 lifecam22 3198.03442383 5859.05712891 4.65801000595
1478873254925 lifecam22 3195.83056641 5861.13037109 4.67954587936
1478873254997 lifecam22 3183.90234375 5858.91503906 4.65803480148
1478873255061 lifecam22 3179.94824219 5858.14257812 4.65999937057
1478873255269 lifecam22 3157.00683594 5851.56738281 4.61456298828
1478873255335 lifecam22 3147.95947266 5849.25585938 4.59299516678
1478873255400 lifecam22 3142.00048828 5847.15332031 4.58291292191
1478873255465 lifecam22 3134.18847656 5846.27539062 4.56739139557
1478873255541 lifecam22 3124.44018555 5843.08154297 4.54312801361
1478873255673 lifecam22 3108.52148438 5839.69287109 4.50932884216
1478873255734 lifecam22 3101.60400391 5839.03369141 4.4988322258
1478873255803 lifecam22 3094.44287109 5838.81396484 4.49022579193
1478873255866 lifecam22 3086.4519043 5837.7421875 4.47265529633
1478873255936 lifecam22 3079.52075195 5837.68994141 4.46281957626
1478873256073 lifecam22 3062.89453125 5836.15136719 4.42895746231
1478873256135 lifecam22 3056.05395508 5835.52441406 4.41518115997
1478873256203 lifecam22 3047.33300781 5835.35791016 4.39837884903
1478873256269 lifecam22 3040.70507812 5835.00048828 4.38661193848
1478873256336 lifecam22 3031.9597168 5834.98242188 4.36760854721
1478873256535 lifecam22 3007.30615234 5834.48828125 4.31729030609
1478873256604 lifecam22 2999.12402344 5833.99951172 4.30006837845
1478873256678 lifecam22 2992.3605957 5835.98388672 4.29250144958
1478873256728 lifecam22 2984.43383789 5835.40234375 4.27550363541
1478873256807 lifecam22 2976.04516602 5836.03369141 4.25517463684
1478873256942 lifecam22 2962.13085938 5838.40283203 4.23701095581
1478873257010 lifecam22 2953.671875 5839.09814453 4.21663236618
1478873257067 lifecam22 2946.46337891 5840.48632812 4.20670890808
1478873257129 lifecam22 2938.88134766 5842.41503906 4.19478940964
1478873257205 lifecam22 2931.62084961 5843.11816406 4.17434072495
1478873257339 lifecam22 2915.93115234 5846.28027344 4.14582490921
1478873257404 lifecam22 2908.87792969 5847.60595703 4.13497447968
1478873257465 lifecam22 2901.59472656 5849.68359375 4.12094259262
1478873257536 lifecam22 2893.35083008 5851.77490234 4.10280704498
1478873257599 lifecam22 2884.68286133 5854.10546875 4.0848069191
1478873257732 lifecam22 2871.75390625 5858.33056641 4.06439113617
1478873257801 lifecam22 2862.79370117 5861.05126953 4.0409617424
1478873257863 lifecam22 2856.67773438 5863.18310547 4.02831983566
1478873257944 lifecam22 2847.22021484 5865.578125 4.00966310501
1478873258014 lifecam22 2840.67700195 5868.69580078 3.99666666985
1478873258139 lifecam22 2826.84667969 5874.65771484 3.97032189369
1478873258208 lifecam22 2817.11279297 5877.07910156 3.9421954155
1478873258262 lifecam22 2811.20776367 5881.14990234 3.93677783012
1478873258331 lifecam22 2806.86352539 5884.54199219 3.93249630928
1478873258408 lifecam22 2795.89941406 5887.85888672 3.89850401878
1478873258540 lifecam22 2781.40405273 5895.83837891 3.86363530159
1478873258601 lifecam22 2775.20776367 5898.25341797 3.85541701317
1478873258673 lifecam22 2769.31884766 5902.55322266 3.8458609581
1478873258734 lifecam22 2761.48876953 5906.63720703 3.8255739212
1478873258808 lifecam22 2754.30639648 5909.95214844 3.80849552155
1478873258943 lifecam22 2741.50561523 5917.93066406 3.77971839905
1478873259006 lifecam22 2735.18115234 5922.27050781 3.76405715942
1478873259072 lifecam22 2728.3828125 5927.97802734 3.74749660492
1478873259130 lifecam22 2721.68652344 5930.96875 3.72965097427
1478873259207 lifecam22 2715.32641602 5936.33789062 3.71564674377
1478873259347 lifecam22 2703.42260742 5945.58642578 3.69272089005
1478873259408 lifecam22 2697.22705078 5951.39257812 3.67659449577
1478873259474 lifecam22 2691.19335938 5955.77587891 3.66113066673
1478873259536 lifecam22 2685.55102539 5961.36621094 3.64788818359
1478873259604 lifecam22 2680.43554688 5966.54589844 3.63577699661
1478873259745 lifecam22 2669.5390625 5976.80175781 3.60935640335
1478873259803 lifecam22 2663.60180664 5981.56787109 3.59413576126
1478873259873 lifecam22 2657.2890625 5987.30957031 3.5767250061
1478873259937 lifecam22 2652.66210938 5993.19824219 3.5658454895
1478873260006 lifecam22 2646.40429688 5998.49316406 3.54877662659
1478873260154 lifecam22 2634.69018555 6010.64941406 3.51472473145
1478873260206 lifecam22 2631.24462891 6015.80761719 3.50486469269
1478873260269 lifecam22 2624.48974609 6022.81542969 3.48267650604
1478873260337 lifecam22 2619.39941406 6027.77783203 3.46546840668
1478873260406 lifecam22 2614.95117188 6034.65087891 3.45472002029
1478873260608 lifecam22 2600.63867188 6053.10791016 3.4108338356
1478873260675 lifecam22 2597.05395508 6058.79003906 3.39899730682
1478873260736 lifecam22 2593.32714844 6065.72314453 3.3846487999
1478873260806 lifecam22 2587.75244141 6072.59375 3.36405324936
1478873260876 lifecam22 2584.34326172 6078.94335938 3.35290384293
1478873261024 lifecam22 2575.13916016 6092.05371094 3.32249164581
1478873261080 lifecam22 2572.35717773 6098.9609375 3.312479496
1478873261151 lifecam22 2567.86230469 6105.78320312 3.29583263397
1478873261214 lifecam22 2564.26586914 6111.95117188 3.28203678131
1478873261279 lifecam22 2560.5456543 6119.88574219 3.26145124435
1478873261477 lifecam22 2549.23535156 6140.82226562 3.2149271965
1478873261538 lifecam22 2547.04052734 6147.56787109 3.20514249802
1478873261612 lifecam22 2542.42480469 6156.27636719 3.17733573914
1478873261673 lifecam22 2539.89477539 6163.31640625 3.16807746887
1478873261733 lifecam22 2537.22436523 6170.27685547 3.1538233757
1478873261886 lifecam22 2532.02880859 6185.33154297 3.11834454536
1478873261943 lifecam22 2530.76660156 6192.04296875 3.1136496067
1478873262011 lifecam22 2527.23779297 6198.29980469 3.10575222969
1478873262076 lifecam22 2524.94335938 6204.83105469 3.09467434883
1478873262149 lifecam22 2524.54345703 6207.59667969 3.08745455742
1478873262346 lifecam22 2525.23535156 6204.47314453 3.09652876854
1478873262407 lifecam22 2525.08886719 6205.12548828 3.09452939034
1478873262471 lifecam22 2525.00341797 6204.90966797 3.09378123283
1478873262542 lifecam22 2525.34667969 6204.96435547 3.09450125694
1478873262612 lifecam22 2524.83325195 6205.72167969 3.0894215107
1478873262747 lifecam22 2525.16748047 6205.00585938 3.09529995918
1478873262817 lifecam22 2525.2890625 6204.83935547 3.09399914742
1478873262878 lifecam22 2525.00878906 6205.05029297 3.09247946739
1478873262946 lifecam22 2525.70825195 6204.80419922 3.09286141396
1478873263013 lifecam22 2525.00341797 6204.90966797 3.09378123283
1478873263214 lifecam22 2525.11450195 6205.05517578 3.09356760979
1478873263274 lifecam22 2525.2956543 6204.84033203 3.09436917305
1478873263337 lifecam22 2525.08862305 6205.05712891 3.09235978127
1478873263417 lifecam22 2525.22094727 6204.63623047 3.09472060204
1478873263480 lifecam22 2525.2199707 6205.22949219 3.09319615364
