1478873578574 lifecam22 3206.13793945 5864.38964844 4.71038198471
1478873578640 lifecam22 3206.04541016 5864.01220703 4.70826768875
1478873578705 lifecam22 3206.13793945 5864.38964844 4.71038198471
1478873578767 lifecam22 3205.62695312 5863.90771484 4.70575761795
1478873578837 lifecam22 3206.04541016 5864.01220703 4.70826768875
1478873578968 lifecam22 3206.0456543 5864.32421875 4.70826625824
1478873579033 lifecam22 3205.81103516 5864.25732422 4.70614433289
1478873579103 lifecam22 3205.59863281 5864.18115234 4.70422792435
1478873579169 lifecam22 3205.57739258 5864.16259766 4.7040348053
1478873579235 lifecam22 3205.57739258 5864.16259766 4.7040348053
1478873579372 lifecam22 3205.10522461 5863.71826172 4.69978380203
1478873579430 lifecam22 3205.59741211 5864.20947266 4.70421457291
1478873579504 lifecam22 3205.57739258 5864.16259766 4.7040348053
1478873579571 lifecam22 3205.36303711 5864.11523438 4.70210456848
1478873579635 lifecam22 3204.99633789 5864.07666016 4.69880867004
1478873579841 lifecam22 3205.36303711 5864.11523438 4.70210456848
1478873579904 lifecam22 3205.34155273 5863.78417969 4.7019109726
1478873579974 lifecam22 3205.90454102 5864.32324219 4.70826387405
1478873580036 lifecam22 3205.18359375 5865.27490234 4.71440029144
1478873580101 lifecam22 3191.51318359 5863.96435547 4.70218467712
1478873580308 lifecam22 3171.32275391 5856.88232422 4.66053390503
1478873580373 lifecam22 3162.8671875 5853.56738281 4.64000988007
1478873580439 lifecam22 3157.0769043 5851.48242188 4.62627506256
1478873580506 lifecam22 3148.87573242 5850.33447266 4.6142411232
1478873580572 lifecam22 3141.2409668 5847.33496094 4.59749078751
1478873580707 lifecam22 3126.33447266 5843.99414062 4.57221508026
1478873580773 lifecam22 3119.0090332 5842.36474609 4.55540943146
1478873580835 lifecam22 3110.05297852 5840.42822266 4.53462791443
1478873580907 lifecam22 3102.87475586 5838.96777344 4.52200508118
1478873580971 lifecam22 3094.20556641 5837.796875 4.50448226929
1478873581176 lifecam22 3071.91650391 5834.36132812 4.46130037308
1478873581240 lifecam22 3063.84155273 5834.19091797 4.44793224335
1478873581303 lifecam22 3056.35498047 5833.49902344 4.43283987045
1478873581368 lifecam22 3047.85742188 5833.25439453 4.41397619247
1478873581437 lifecam22 3041.31176758 5832.92578125 4.40688657761
1478873581580 lifecam22 3025.26000977 5832.68457031 4.37524795532
1478873581645 lifecam22 3016.57324219 5831.66943359 4.35835504532
1478873581704 lifecam22 3009.91894531 5832.58447266 4.34547805786
1478873581778 lifecam22 3001.53710938 5831.84716797 4.33193540573
1478873581836 lifecam22 2994.96582031 5833.31396484 4.32091617584
1478873581900 lifecam22 2985.31225586 5833.67626953 4.29919433594
1478873582108 lifecam22 2962.88427734 5835.39697266 4.26117181778
1478873582178 lifecam22 2955.54785156 5835.67675781 4.24248361588
1478873582241 lifecam22 2948.55957031 5837.82617188 4.23292922974
1478873582307 lifecam22 2940.05249023 5837.85546875 4.21309280396
1478873582372 lifecam22 2932.30883789 5839.13720703 4.19877243042
1478873582506 lifecam22 2916.42944336 5842.26416016 4.1668806076
1478873582576 lifecam22 2908.47363281 5843.40478516 4.14843130112
1478873582642 lifecam22 2902.22119141 5845.57275391 4.14314842224
1478873582704 lifecam22 2894.13842773 5847.66064453 4.12284755707
1478873582780 lifecam22 2887.34765625 5849.29443359 4.10988712311
1478873582973 lifecam22 2863.09057617 5855.37304688 4.06355381012
1478873583039 lifecam22 2857.56762695 5858.03759766 4.05967712402
1478873583106 lifecam22 2848.74072266 5859.921875 4.03125715256
1478873583172 lifecam22 2840.71069336 5862.82910156 4.01541519165
1478873583238 lifecam22 2833.58081055 5865.22949219 3.99906396866
1478873583437 lifecam22 2811.09594727 5873.28466797 3.95186686516
1478873583506 lifecam22 2801.82250977 5876.76513672 3.93077254295
1478873583575 lifecam22 2796.30883789 5880.85595703 3.92081069946
1478873583644 lifecam22 2787.18310547 5883.42333984 3.90224671364
1478873583708 lifecam22 2782.54052734 5887.26806641 3.89735651016
1478873583852 lifecam22 2766.33813477 5895.80615234 3.85613918304
1478873583903 lifecam22 2761.46020508 5898.59765625 3.84258198738
1478873583980 lifecam22 2754.38549805 5902.45410156 3.83123064041
1478873584043 lifecam22 2748.50195312 5906.08154297 3.81609272957
1478873584103 lifecam22 2742.29736328 5910.61132812 3.80685353279
1478873584310 lifecam22 2722.01757812 5923.03076172 3.76319122314
1478873584379 lifecam22 2715.06445312 5928.78417969 3.74364686012
1478873584442 lifecam22 2709.52636719 5932.84277344 3.72916054726
1478873584506 lifecam22 2703.25512695 5937.03808594 3.71721220016
1478873584576 lifecam22 2697.05786133 5941.99951172 3.70156574249
1478873584711 lifecam22 2682.58984375 5952.08789062 3.66257047653
1478873584783 lifecam22 2677.65185547 5956.55224609 3.65036034584
1478873584847 lifecam22 2672.09887695 5962.07666016 3.63729858398
1478873584908 lifecam22 2665.73339844 5967.33691406 3.62173509598
1478873584976 lifecam22 2660.94482422 5972.47216797 3.60931444168
1478873585185 lifecam22 2643.77832031 5989.24560547 3.56810951233
1478873585247 lifecam22 2637.91918945 5994.18115234 3.54992341995
1478873585301 lifecam22 2632.93237305 5999.82666016 3.53540277481
1478873585375 lifecam22 2626.65429688 6006.08007812 3.51528167725
1478873585439 lifecam22 2622.40356445 6011.89746094 3.50564813614
1478873585577 lifecam22 2612.23706055 6022.99316406 3.47858572006
1478873585649 lifecam22 2607.02734375 6029.12060547 3.46118068695
1478873585713 lifecam22 2601.74560547 6035.38330078 3.44509887695
1478873585773 lifecam22 2597.55883789 6041.72607422 3.43193674088
1478873585843 lifecam22 2592.12646484 6047.36669922 3.41417169571
1478873586053 lifecam22 2579.21069336 6066.73339844 3.37584352493
1478873586116 lifecam22 2574.66479492 6073.92089844 3.35874986649
1478873586178 lifecam22 2571.68603516 6079.52636719 3.34821653366
1478873586243 lifecam22 2567.11865234 6086.50732422 3.33361434937
1478873586311 lifecam22 2563.72290039 6093.01318359 3.31760263443
1478873586452 lifecam22 2555.49316406 6106.79248047 3.28953456879
1478873586509 lifecam22 2552.10766602 6114.0234375 3.27581882477
1478873586583 lifecam22 2548.54345703 6120.22460938 3.26023721695
1478873586646 lifecam22 2546.37841797 6127.13574219 3.25122070312
1478873586715 lifecam22 2542.421875 6133.45996094 3.24005842209
1478873586918 lifecam22 2531.61328125 6156.32519531 3.18290042877
1478873586983 lifecam22 2529.7734375 6163.94677734 3.16972303391
1478873587050 lifecam22 2525.26904297 6171.98193359 3.15606498718
1478873587113 lifecam22 2521.20800781 6180.04833984 3.12944149971
1478873587180 lifecam22 2520.05297852 6186.02148438 3.11822962761
1478873587385 lifecam22 2521.55883789 6187.92578125 3.13281989098
1478873587451 lifecam22 2521.28442383 6187.49804688 3.13017725945
1478873587512 lifecam22 2521.38085938 6187.96386719 3.13110566139
1478873587579 lifecam22 2521.28442383 6187.49804688 3.13017725945
1478873587653 lifecam22 2521.59912109 6187.74316406 3.13320469856
1478873587789 lifecam22 2521.40307617 6187.51855469 3.13132119179
1478873587847 lifecam22 2521.2824707 6187.78027344 3.13015770912
1478873587917 lifecam22 2521.38085938 6187.96386719 3.13110566139
1478873587978 lifecam22 2521.32275391 6187.59423828 3.13054537773
1478873588048 lifecam22 2521.24438477 6187.68359375 3.12978959084
1478873588248 lifecam22 2521.28442383 6187.49804688 3.13017725945
1478873588315 lifecam22 2521.28442383 6187.49804688 3.13017725945
1478873588379 lifecam22 2521.28442383 6187.49804688 3.13017725945
1478873588446 lifecam22 2521.28442383 6187.49804688 3.13017725945
1478873588514 lifecam22 2521.28442383 6187.49804688 3.13017725945
1478873588653 lifecam22 2521.28442383 6187.49804688 3.13017725945
1478873588713 lifecam22 2521.28442383 6187.49804688 3.13017725945
1478873588779 lifecam22 2521.20776367 6188.15185547 3.12943959236
1478873588854 lifecam22 2521.28442383 6187.49804688 3.13017725945
