1478873760317 lifecam22 3204.35229492 5861.03466797 4.69768238068
1478873760380 lifecam22 3204.4597168 5860.99951172 4.69864654541
1478873760444 lifecam22 3204.4597168 5860.99951172 4.69864654541
1478873760512 lifecam22 3204.58764648 5860.84619141 4.69979810715
1478873760657 lifecam22 3204.35351562 5861.17578125 4.69769382477
1478873760714 lifecam22 3204.35351562 5861.17578125 4.69769382477
1478873760782 lifecam22 3204.35229492 5861.03466797 4.69768238068
1478873760844 lifecam22 3204.35229492 5861.03466797 4.69768238068
1478873760913 lifecam22 3204.4597168 5860.99951172 4.69864654541
1478873761120 lifecam22 3204.35229492 5861.03466797 4.69768238068
1478873761182 lifecam22 3204.71777344 5861.15576172 4.69761657715
1478873761249 lifecam22 3204.71777344 5861.15576172 4.69761657715
1478873761315 lifecam22 3204.35351562 5861.17578125 4.69769382477
1478873761383 lifecam22 3204.35351562 5861.17578125 4.69769382477
1478873761528 lifecam22 3204.56591797 5860.82421875 4.6996011734
1478873761586 lifecam22 3204.4597168 5860.99951172 4.69864654541
1478873761661 lifecam22 3204.35229492 5861.03466797 4.69768238068
1478873761720 lifecam22 3192.23339844 5860.03027344 4.68999099731
1478873761786 lifecam22 3187.82763672 5856.28076172 4.67898654938
1478873762052 lifecam22 3157.13671875 5848.55371094 4.62035226822
1478873762121 lifecam22 3148.78149414 5845.50292969 4.5993847847
1478873762185 lifecam22 3140.40698242 5843.32763672 4.58165693283
1478873762254 lifecam22 3133.06787109 5841.4765625 4.5688495636
1478873762320 lifecam22 3124.95556641 5838.83056641 4.54718017578
1478873762458 lifecam22 3109.65039062 5836.12353516 4.51861619949
1478873762522 lifecam22 3101.05786133 5835.50292969 4.50221395493
1478873762586 lifecam22 3093.08398438 5834.62744141 4.48914432526
1478873762651 lifecam22 3086.40527344 5833.16503906 4.47676753998
1478873762722 lifecam22 3078.39575195 5832.70800781 4.4615483284
1478873762921 lifecam22 3055.89648438 5831.27294922 4.42570590973
1478873762989 lifecam22 3048.75048828 5830.23632812 4.41018629074
1478873763054 lifecam22 3042.03417969 5830.890625 4.40137004852
1478873763120 lifecam22 3032.35961914 5830.46142578 4.38204479218
1478873763185 lifecam22 3024.33935547 5830.62646484 4.36304521561
1478873763324 lifecam22 3009.51806641 5829.8984375 4.33639526367
1478873763391 lifecam22 3001.640625 5830.76269531 4.32030487061
1478873763454 lifecam22 2993.64404297 5830.97509766 4.30412769318
1478873763517 lifecam22 2986.15014648 5831.99365234 4.29289722443
1478873763586 lifecam22 2978.48095703 5832.31640625 4.27225017548
1478873763791 lifecam22 2957.03173828 5834.99023438 4.23710441589
1478873763853 lifecam22 2948.17382812 5836.18652344 4.21716547012
1478873763922 lifecam22 2939.89770508 5837.43359375 4.20057153702
1478873763991 lifecam22 2931.44116211 5838.88867188 4.18386173248
1478873764055 lifecam22 2923.61499023 5839.33642578 4.16584777832
1478873764263 lifecam22 2902.28198242 5845.48339844 4.13225460052
1478873764319 lifecam22 2892.99414062 5845.66796875 4.10868406296
1478873764385 lifecam22 2886.40161133 5848.15917969 4.0973610878
1478873764457 lifecam22 2878.24780273 5850.34423828 4.08271789551
1478873764523 lifecam22 2870.04174805 5851.45996094 4.06230926514
1478873764669 lifecam22 2855.85351562 5856.24023438 4.03742551804
1478873764721 lifecam22 2847.18676758 5859.48535156 4.01708507538
1478873764793 lifecam22 2841.80273438 5861.65722656 4.00848484039
1478873764855 lifecam22 2833.69921875 5864.57421875 3.98871278763
1478873764923 lifecam22 2827.30761719 5868.27197266 3.98880839348
1478873765128 lifecam22 2801.89697266 5877.50488281 3.91319918633
1478873765187 lifecam22 2796.90405273 5881.27929688 3.90917849541
1478873765253 lifecam22 2791.26733398 5884.41162109 3.90081477165
1478873765322 lifecam22 2782.34423828 5887.39697266 3.8758995533
1478873765391 lifecam22 2775.4206543 5891.45361328 3.86608314514
1478873765597 lifecam22 2755.81542969 5903.22216797 3.82572793961
1478873765665 lifecam22 2748.72412109 5907.58984375 3.8069152832
1478873765722 lifecam22 2742.29174805 5911.00292969 3.79371213913
1478873765790 lifecam22 2734.72290039 5915.99365234 3.77293539047
1478873765855 lifecam22 2726.6887207 5920.203125 3.75165486336
1478873766059 lifecam22 2708.12866211 5933.60205078 3.71003580093
1478873766129 lifecam22 2702.69726562 5938.79638672 3.69990992546
1478873766195 lifecam22 2696.43774414 5943.5078125 3.68537116051
1478873766259 lifecam22 2690.57495117 5948.83398438 3.67140364647
1478873766328 lifecam22 2685.70629883 5953.74316406 3.66148924828
1478873766530 lifecam22 2667.68579102 5968.58984375 3.61210203171
1478873766593 lifecam22 2662.93725586 5974.16601562 3.60399675369
1478873766658 lifecam22 2655.3425293 5980.02050781 3.58029842377
1478873766728 lifecam22 2650.88061523 5984.49707031 3.57509374619
1478873766788 lifecam22 2645.54663086 5990.09082031 3.55720472336
1478873766937 lifecam22 2634.4699707 6001.421875 3.52752017975
1478873766995 lifecam22 2629.41308594 6007.796875 3.50969171524
1478873767063 lifecam22 2624.22338867 6012.67382812 3.49609184265
1478873767128 lifecam22 2618.39526367 6019.65527344 3.4808511734
1478873767196 lifecam22 2613.52807617 6025.5 3.46597766876
1478873767399 lifecam22 2600.13745117 6043.74560547 3.42384576797
1478873767464 lifecam22 2595.39648438 6050.40625 3.40863513947
1478873767526 lifecam22 2591.3581543 6057.06201172 3.39577627182
1478873767592 lifecam22 2586.09277344 6063.98242188 3.37849378586
1478873767663 lifecam22 2582.15722656 6069.29882812 3.36346483231
1478873767864 lifecam22 2569.98168945 6090.13671875 3.31958293915
1478873767926 lifecam22 2565.40869141 6096.95556641 3.30585384369
1478873767995 lifecam22 2562.77148438 6103.61132812 3.29704284668
1478873768060 lifecam22 2558.30322266 6109.84960938 3.27901506424
1478873768126 lifecam22 2554.73461914 6116.47753906 3.26565980911
1478873768269 lifecam22 2547.25683594 6131.07080078 3.23041582108
1478873768323 lifecam22 2544.9609375 6138.46289062 3.21917581558
1478873768395 lifecam22 2541.36108398 6144.39257812 3.20508861542
1478873768459 lifecam22 2539.62890625 6151.48681641 3.19502830505
1478873768532 lifecam22 2536.80981445 6157.25195312 3.19041872025
1478873768730 lifecam22 2529.0546875 6181.35009766 3.13757157326
1478873768793 lifecam22 2525.81005859 6189.35449219 3.11656069756
1478873768865 lifecam22 2526.00708008 6191.74072266 3.11692452431
1478873768933 lifecam22 2525.14599609 6189.78320312 3.11169314384
1478873769000 lifecam22 2526.85327148 6189.57128906 3.12705349922
1478873769197 lifecam22 2526.25024414 6189.05957031 3.11934113503
1478873769262 lifecam22 2526.36962891 6189.08984375 3.12043070793
1478873769331 lifecam22 2526.13916016 6189.32861328 3.11957192421
1478873769398 lifecam22 2525.98168945 6189.19091797 3.11816525459
1478873769464 lifecam22 2526.40673828 6189.19775391 3.12075018883
1478873769609 lifecam22 2526.3449707 6189.67431641 3.1200864315
1478873769670 lifecam22 2526.36962891 6189.08984375 3.12043070793
1478873769730 lifecam22 2526.1015625 6189.22119141 3.11925148964
1478873769804 lifecam22 2526.69580078 6189.04589844 3.12212061882
1478873769863 lifecam22 2526.13916016 6189.32861328 3.11957192421
1478873770068 lifecam22 2526.38208008 6189.78271484 3.12040495872
1478873770128 lifecam22 2526.01953125 6189.29882812 3.11848521233
1478873770199 lifecam22 2526.01953125 6189.29882812 3.11848521233
1478873770265 lifecam22 2526.2644043 6189.19335938 3.11944651604
1478873770329 lifecam22 2526.13916016 6189.32861328 3.11957192421
1478873770532 lifecam22 2526.28735352 6189.16796875 3.11966013908
1478873770600 lifecam22 2526.13916016 6189.32861328 3.11957192421
