1478874154725 lifecam22 3206.4699707 5867.33105469 4.73921203613
1478874154796 lifecam22 3206.48144531 5866.27734375 4.72939348221
1478874154868 lifecam22 3206.44946289 5865.98828125 4.72668838501
1478874154934 lifecam22 3206.43725586 5866.23632812 4.7290096283
1478874155131 lifecam22 3206.39892578 5866.07080078 4.7274646759
1478874155202 lifecam22 3206.51953125 5866.44238281 4.73093938828
1478874155270 lifecam22 3206.52539062 5866.70947266 4.73343420029
1478874155322 lifecam22 3206.46142578 5866.39892578 4.7305316925
1478874155389 lifecam22 3206.51953125 5866.44238281 4.73093938828
1478874155525 lifecam22 3206.48144531 5866.27734375 4.72939348221
1478874155598 lifecam22 3206.39892578 5866.07080078 4.7274646759
1478874155667 lifecam22 3206.48144531 5866.27734375 4.72939348221
1478874155730 lifecam22 3206.39892578 5866.07080078 4.7274646759
1478874155802 lifecam22 3206.76318359 5866.31835938 4.72977828979
1478874155927 lifecam22 3205.81665039 5864.66699219 4.70861625671
1478874155998 lifecam22 3206.28662109 5865.30810547 4.72028541565
1478874156063 lifecam22 3206.30273438 5865.45117188 4.72163152695
1478874156133 lifecam22 3206.47094727 5866.66894531 4.73305177689
1478874156191 lifecam22 3206.38378906 5866.31689453 4.72976446152
1478874156402 lifecam22 3191.13037109 5864.94775391 4.72701692581
1478874156459 lifecam22 3183.73535156 5861.16748047 4.69772481918
1478874156529 lifecam22 3175.13061523 5857.10351562 4.68678760529
1478874156596 lifecam22 3168.21264648 5856.06787109 4.67938518524
1478874156660 lifecam22 3159.55322266 5852.26757812 4.65264987946
1478874156874 lifecam22 3137.55249023 5846.34667969 4.60708761215
1478874156938 lifecam22 3129.87915039 5845.05859375 4.59464836121
1478874157002 lifecam22 3121.61914062 5842.87939453 4.57591724396
1478874157074 lifecam22 3113.90600586 5840.17089844 4.55647945404
1478874157131 lifecam22 3105.91870117 5839.43603516 4.54537010193
1478874157330 lifecam22 3083.62719727 5836.17333984 4.50416755676
1478874157404 lifecam22 3075.81420898 5834.74755859 4.49007797241
1478874157466 lifecam22 3067.98364258 5834.33642578 4.47404718399
1478874157527 lifecam22 3060.25708008 5833.6875 4.46041059494
1478874157596 lifecam22 3051.13574219 5832.41943359 4.44058609009
1478874157808 lifecam22 3028.35864258 5830.86962891 4.39628076553
1478874157873 lifecam22 3019.79443359 5830.6015625 4.37877178192
1478874157935 lifecam22 3011.72900391 5829.66699219 4.3592171669
1478874157996 lifecam22 3004.72753906 5830.296875 4.34885883331
1478874158071 lifecam22 2996.2409668 5829.73193359 4.33077049255
1478874158271 lifecam22 2972.92871094 5830.28759766 4.28357696533
1478874158333 lifecam22 2965.97607422 5832.3203125 4.27408361435
1478874158396 lifecam22 2956.89916992 5831.71777344 4.25487804413
1478874158463 lifecam22 2952.16503906 5833.79150391 4.25498867035
1478874158531 lifecam22 2942.47875977 5834.50585938 4.22757482529
1478874158744 lifecam22 2920.03417969 5837.98925781 4.18569135666
1478874158805 lifecam22 2913.73266602 5840.36279297 4.18099832535
1478874158863 lifecam22 2905.0234375 5841.03271484 4.16339302063
1478874158939 lifecam22 2898.51660156 5843.0859375 4.15830421448
1478874159000 lifecam22 2889.25048828 5844.16552734 4.12979221344
1478874159206 lifecam22 2866.98486328 5850.6328125 4.08469104767
1478874159265 lifecam22 2859.05224609 5852.96289062 4.07030153275
1478874159400 lifecam22 2844.91821289 5857.23242188 4.04712820053
1478874159467 lifecam22 2836.37963867 5859.92675781 4.02423000336
1478874159671 lifecam22 2814.54736328 5867.74853516 3.97595667839
1478874159729 lifecam22 2806.40405273 5870.76513672 3.9651620388
1478874159799 lifecam22 2797.26489258 5874.13916016 3.93707489967
1478874159868 lifecam22 2793.42578125 5877.77246094 3.93463730812
1478874159930 lifecam22 2782.81567383 5880.57470703 3.90283226967
1478874160139 lifecam22 2762.38671875 5891.29785156 3.8642642498
1478874160199 lifecam22 2756.42431641 5896.30224609 3.85525178909
1478874160267 lifecam22 2748.55029297 5899.38037109 3.83532786369
1478874160335 lifecam22 2743.40185547 5903.16503906 3.82854795456
1478874160408 lifecam22 2736.34399414 5907.64892578 3.81014633179
1478874160599 lifecam22 2715.87744141 5919.2734375 3.75952529907
1478874160682 lifecam22 2710.23657227 5923.96582031 3.74957108498
1478874160748 lifecam22 2702.56469727 5928.91552734 3.72977399826
1478874160802 lifecam22 2696.86157227 5933.28710938 3.71558690071
1478874160875 lifecam22 2690.8984375 5938.49658203 3.70473599434
1478874161077 lifecam22 2672.09326172 5953.53710938 3.65322685242
1478874161145 lifecam22 2666.66748047 5958.42480469 3.6455950737
1478874161210 lifecam22 2660.43286133 5963.55371094 3.62786531448
1478874161275 lifecam22 2656.20751953 5968.51904297 3.61938047409
1478874161344 lifecam22 2649.48852539 5974.06152344 3.60423612595
1478874161543 lifecam22 2632.56347656 5990.88818359 3.55272245407
1478874161602 lifecam22 2627.88427734 5996.25585938 3.54281997681
1478874161680 lifecam22 2621.87280273 6001.82763672 3.52712631226
1478874161734 lifecam22 2617.67871094 6007.54638672 3.51465559006
1478874161809 lifecam22 2611.41845703 6012.97607422 3.49986219406
1478874162010 lifecam22 2596.54467773 6031.70947266 3.45471572876
1478874162072 lifecam22 2591.484375 6038.01416016 3.43535089493
1478874162144 lifecam22 2587.49145508 6044.09619141 3.42438697815
1478874162210 lifecam22 2583.78979492 6050.50830078 3.4135184288
1478874162277 lifecam22 2578.83081055 6056.81201172 3.39864444733
1478874162411 lifecam22 2569.62158203 6069.98242188 3.36668586731
1478874162471 lifecam22 2565.13647461 6076.23681641 3.35337400436
1478874162540 lifecam22 2561.10913086 6082.6171875 3.33855867386
1478874162601 lifecam22 2557.75854492 6089.13671875 3.32274436951
1478874162681 lifecam22 2553.2355957 6096.43261719 3.3079123497
1478874162884 lifecam22 2542.15625 6116.36132812 3.26643610001
1478874162939 lifecam22 2539.15112305 6123.42041016 3.25068902969
1478874163002 lifecam22 2535.53442383 6129.69726562 3.23942947388
1478874163070 lifecam22 2531.62304688 6137.58056641 3.2195110321
1478874163139 lifecam22 2528.97631836 6143.89550781 3.20707893372
1478874163414 lifecam22 2517.50024414 6172.80419922 3.1525144577
1478874163470 lifecam22 2514.83984375 6181.05029297 3.13551592827
1478874163537 lifecam22 2516.23950195 6173.62939453 3.14612579346
1478874163607 lifecam22 2514.65966797 6178.07568359 3.13378787041
1478874163673 lifecam22 2513.82128906 6177.41455078 3.12679076195
1478874163884 lifecam22 2513.78393555 6178.09619141 3.12534070015
1478874163940 lifecam22 2513.52758789 6177.95751953 3.12285399437
1478874164006 lifecam22 2513.72827148 6177.63623047 3.12479901314
1478874164083 lifecam22 2513.99609375 6177.49560547 3.12599158287
1478874164147 lifecam22 2513.99609375 6177.49560547 3.12599158287
