1478874176759 lifecam22 3202.56469727 5862.55615234 4.68505430222
1478874176965 lifecam22 3201.93457031 5862.36083984 4.68047237396
1478874177027 lifecam22 3202.65698242 5862.96972656 4.68620204926
1478874177092 lifecam22 3202.33276367 5862.80078125 4.68448019028
1478874177159 lifecam22 3202.3503418 5862.52099609 4.68345165253
1478874177227 lifecam22 3202.35668945 5862.39257812 4.68476581573
1478874177436 lifecam22 3202.46679688 5862.91943359 4.68446683884
1478874177503 lifecam22 3201.93457031 5862.36083984 4.68047237396
1478874177568 lifecam22 3202.73168945 5862.88867188 4.68689727783
1478874177633 lifecam22 3202.79858398 5862.96289062 4.68750286102
1478874177708 lifecam22 3202.77978516 5862.94580078 4.68733072281
1478874177903 lifecam22 3202.5949707 5862.76757812 4.68690776825
1478874177970 lifecam22 3202.92138672 5862.93896484 4.68863153458
1478874178030 lifecam22 3202.5949707 5862.76757812 4.68690776825
1478874178166 lifecam22 3202.61279297 5863.09423828 4.68487596512
1478874178375 lifecam22 3204.17626953 5863.56835938 4.69147539139
1478874178437 lifecam22 3203.10473633 5862.93457031 4.68996763229
1478874178502 lifecam22 3203.28588867 5863.11523438 4.69040632248
1478874178562 lifecam22 3202.90356445 5862.74560547 4.68696022034
1478874178627 lifecam22 3191.33374023 5859.07324219 4.66111755371
1478874178838 lifecam22 3170.76220703 5854.81347656 4.63685083389
1478874178895 lifecam22 3161.2434082 5852.62841797 4.62101554871
1478874178965 lifecam22 3156.00439453 5850.64697266 4.61223983765
1478874179032 lifecam22 3148.328125 5849.89794922 4.59942674637
1478874179105 lifecam22 3139.89550781 5846.87841797 4.5801448822
1478874179304 lifecam22 3116.78540039 5841.79101562 4.53406620026
1478874179372 lifecam22 3108.67553711 5840.00195312 4.51509666443
1478874179438 lifecam22 3100.7421875 5838.60107422 4.4992518425
1478874179505 lifecam22 3093.35302734 5838.3671875 4.48999977112
1478874179571 lifecam22 3086.28442383 5837.58496094 4.47627592087
1478874179712 lifecam22 3070.54638672 5836.80566406 4.44984340668
1478874179765 lifecam22 3062.81567383 5835.99267578 4.43337440491
1478874179838 lifecam22 3054.40332031 5835.16503906 4.41633319855
1478874179898 lifecam22 3047.76831055 5835.57910156 4.40545606613
1478874179960 lifecam22 3038.74072266 5834.50537109 4.38785457611
1478874180239 lifecam22 3007.43896484 5834.19921875 4.32179832458
1478874180300 lifecam22 2999.53222656 5834.01025391 4.3067073822
1478874180367 lifecam22 2991.72338867 5834.72607422 4.29304981232
1478874180429 lifecam22 2984.22143555 5835.36376953 4.28187561035
1478874180499 lifecam22 2976.66796875 5835.38232422 4.26138210297
1478874180703 lifecam22 2954.17724609 5838.79199219 4.22673749924
1478874180768 lifecam22 2945.23632812 5839.48828125 4.20150995255
1478874180831 lifecam22 2938.89868164 5841.55517578 4.19717407227
1478874180899 lifecam22 2930.41235352 5843.05712891 4.17698001862
1478874180966 lifecam22 2923.17089844 5843.90283203 4.16328477859
1478874181170 lifecam22 2900.26708984 5848.6640625 4.11889076233
1478874181245 lifecam22 2893.48095703 5851.36669922 4.10925292969
1478874181304 lifecam22 2884.46069336 5853.77441406 4.08632850647
1478874181366 lifecam22 2877.75341797 5855.92578125 4.07605981827
1478874181435 lifecam22 2871.13061523 5857.97607422 4.06448888779
1478874181640 lifecam22 2848.77124023 5865.46435547 4.02018070221
1478874181703 lifecam22 2840.24169922 5867.58251953 3.99875807762
1478874181766 lifecam22 2833.39257812 5870.38623047 3.98588299751
1478874181833 lifecam22 2826.03125 5873.23193359 3.97619128227
1478874181904 lifecam22 2816.27587891 5876.85253906 3.9404771328
1478874182106 lifecam22 2796.22998047 5887.59277344 3.90155076981
1478874182168 lifecam22 2786.56030273 5890.29150391 3.88110375404
1478874182239 lifecam22 2781.03808594 5893.75439453 3.87120008469
1478874182310 lifecam22 2773.82641602 5897.92529297 3.85410380363
1478874182374 lifecam22 2767.85302734 5901.24560547 3.8455080986
1478874182583 lifecam22 2747.40698242 5913.86181641 3.79758119583
1478874182634 lifecam22 2741.62695312 5917.85009766 3.78463125229
1478874182704 lifecam22 2733.93701172 5921.31982422 3.76389908791
1478874182782 lifecam22 2727.52148438 5926.74951172 3.752358675
1478874182845 lifecam22 2720.7800293 5930.27392578 3.73688435555
1478874182983 lifecam22 2708.33813477 5940.25683594 3.70648145676
1478874183045 lifecam22 2702.22265625 5944.88623047 3.69083046913
1478874183111 lifecam22 2695.6105957 5950.59765625 3.67274641991
1478874183179 lifecam22 2690.05639648 5955.23925781 3.65694451332
1478874183245 lifecam22 2684.12255859 5961.12744141 3.64611315727
1478874183441 lifecam22 2667.5769043 5975.87988281 3.60659503937
1478874183502 lifecam22 2661.09741211 5981.21728516 3.58851337433
1478874183571 lifecam22 2655.93432617 5986.70068359 3.57971143723
1478874183638 lifecam22 2649.71118164 5992.52050781 3.55543994904
1478874183702 lifecam22 2645.36132812 5997.96484375 3.54644441605
1478874183907 lifecam22 2628.82324219 6015.6484375 3.5010638237
1478874183978 lifecam22 2624.2277832 6021.37646484 3.4835600853
1478874184045 lifecam22 2617.96508789 6026.95947266 3.46935415268
1478874184116 lifecam22 2615.10766602 6032.85058594 3.46199178696
1478874184179 lifecam22 2610.03662109 6039.18603516 3.44841814041
1478874184377 lifecam22 2595.45092773 6058.83984375 3.39619636536
1478874184437 lifecam22 2592.07299805 6065.1796875 3.38449001312
1478874184506 lifecam22 2587.24707031 6072.47607422 3.37238025665
1478874184574 lifecam22 2582.53564453 6078.10107422 3.3533949852
1478874184635 lifecam22 2579.34375 6084.63183594 3.34519433975
1478874184778 lifecam22 2571.22436523 6097.42578125 3.31867408752
1478874184843 lifecam22 2566.83398438 6105.69433594 3.2937912941
1478874184916 lifecam22 2563.64355469 6110.55712891 3.28479528427
1478874184978 lifecam22 2559.46362305 6118.96435547 3.26597118378
1478874185045 lifecam22 2556.90576172 6124.61035156 3.25717258453
1478874185182 lifecam22 2548.42553711 6140.62890625 3.21105289459
1478874185245 lifecam22 2544.60595703 6146.27587891 3.2036075592
1478874185313 lifecam22 2541.9699707 6153.61767578 3.19026517868
1478874185370 lifecam22 2538.51806641 6161.31103516 3.17457914352
1478874185438 lifecam22 2539.02978516 6163.97607422 3.18062448502
1478874185578 lifecam22 2531.22094727 6180.24853516 3.14972066879
1478874185646 lifecam22 2528.54760742 6189.53613281 3.12746930122
1478874185705 lifecam22 2526.22241211 6196.87939453 3.11033701897
1478874185772 lifecam22 2525.84765625 6201.63037109 3.1094892025
1478874185842 lifecam22 2526.72167969 6200.0390625 3.116533041
1478874185983 lifecam22 2526.72167969 6200.0390625 3.116533041
1478874186041 lifecam22 2526.72167969 6200.0390625 3.116533041
1478874186110 lifecam22 2526.72167969 6200.0390625 3.116533041
1478874186177 lifecam22 2526.98657227 6200.03369141 3.11757874489
1478874186251 lifecam22 2526.72167969 6200.0390625 3.116533041
1478874186383 lifecam22 2527.1003418 6199.78662109 3.11869359016
1478874186449 lifecam22 2527.1003418 6199.78662109 3.11869359016
1478874186506 lifecam22 2526.80395508 6199.9921875 3.11732840538
1478874186578 lifecam22 2527.1003418 6199.78662109 3.11869359016
1478874186644 lifecam22 2527.18237305 6199.74121094 3.11949086189
1478874186774 lifecam22 2527.18237305 6199.74121094 3.11949086189
1478874186846 lifecam22 2526.64575195 6200.29931641 3.11440730095
1478874186914 lifecam22 2526.80395508 6199.9921875 3.11732840538
1478874186984 lifecam22 2527.18237305 6199.74121094 3.11949086189
1478874187041 lifecam22 2526.72167969 6200.0390625 3.116533041
