1478874199196 lifecam22 3204.94165039 5863.70117188 4.69957923889
1478874199262 lifecam22 3204.94213867 5863.70117188 4.69958019257
1478874199397 lifecam22 3205.41430664 5864.14404297 4.70383548737
1478874199469 lifecam22 3205.20043945 5864.09765625 4.70190382004
1478874199530 lifecam22 3204.94213867 5863.70117188 4.69958019257
1478874199601 lifecam22 3204.94213867 5863.70117188 4.69958019257
1478874199669 lifecam22 3205.20043945 5864.09765625 4.70190382004
1478874199796 lifecam22 3204.94165039 5863.70117188 4.69957923889
1478874199870 lifecam22 3205.15698242 5863.74755859 4.70151662827
1478874199939 lifecam22 3205.1574707 5863.74804688 4.7015171051
1478874199998 lifecam22 3205.39331055 5863.81347656 4.70364332199
1478874200066 lifecam22 3205.10522461 5863.71826172 4.69978380203
1478874200200 lifecam22 3204.63012695 5864.01367188 4.69552755356
1478874200266 lifecam22 3204.19628906 5864.03759766 4.69165229797
1478874200328 lifecam22 3204.4909668 5864.98925781 4.6942820549
1478874200404 lifecam22 3204.30249023 5864.26806641 4.69260025024
1478874200465 lifecam22 3204.49902344 5864.04052734 4.69435548782
1478874200666 lifecam22 3199.5480957 5863.61376953 4.69480276108
1478874200729 lifecam22 3189.97119141 5861.14746094 4.68964910507
1478874200804 lifecam22 3182.39379883 5860.28466797 4.67898702621
1478874200866 lifecam22 3179.59741211 5858.09814453 4.66738176346
1478874200926 lifecam22 3169.77709961 5856.63671875 4.65077877045
1478874201074 lifecam22 3155.39331055 5851.55322266 4.61764001846
1478874201142 lifecam22 3145.9309082 5848.65185547 4.60247945786
1478874201206 lifecam22 3138.94799805 5846.87011719 4.58652830124
1478874201263 lifecam22 3131.07324219 5844.46191406 4.571144104
1478874201332 lifecam22 3123.85351562 5842.91162109 4.55584955215
1478874201411 lifecam22 3115.81298828 5841.515625 4.53602027893
1478874201474 lifecam22 3107.9387207 5839.95556641 4.52313613892
1478874201538 lifecam22 3100.8347168 5839.11328125 4.50921869278
1478874201606 lifecam22 3091.76953125 5837.453125 4.48752164841
1478874201668 lifecam22 3084.84106445 5837.14941406 4.47979879379
1478874201729 lifecam22 3077.68261719 5836.85498047 4.47132253647
1478874201871 lifecam22 3061.40698242 5834.84179688 4.43474388123
1478874201941 lifecam22 3053.91210938 5834.7109375 4.41939067841
1478874202004 lifecam22 3045.85473633 5833.73144531 4.40508794785
1478874202073 lifecam22 3037.73657227 5833.390625 4.3883728981
1478874202139 lifecam22 3030.01855469 5833.13378906 4.37192964554
1478874202278 lifecam22 3015.13842773 5833.49414062 4.34730768204
1478874202341 lifecam22 3007.53637695 5832.89697266 4.33636808395
1478874202396 lifecam22 2998.99267578 5833.56054688 4.3142080307
1478874202464 lifecam22 2990.69628906 5833.25488281 4.29791212082
1478874202531 lifecam22 2983.40649414 5833.89941406 4.28709411621
1478874202670 lifecam22 2968.79052734 5835.79101562 4.2588095665
1478874202735 lifecam22 2960.34643555 5836.78466797 4.24195337296
1478874202809 lifecam22 2954.85644531 5838.49462891 4.23662567139
1478874202873 lifecam22 2945.94042969 5839.48291016 4.21921253204
1478874202939 lifecam22 2938.00512695 5840.50537109 4.20132637024
1478874203070 lifecam22 2921.93603516 5842.71777344 4.16976356506
1478874203142 lifecam22 2915.58959961 5844.71728516 4.15671300888
1478874203200 lifecam22 2906.97314453 5845.38671875 4.14029979706
1478874203263 lifecam22 2901.71899414 5848.25390625 4.13712644577
1478874203338 lifecam22 2893.39428711 5850.04736328 4.11892080307
1478874203472 lifecam22 2877.50244141 5854.37597656 4.08336830139
1478874203536 lifecam22 2869.30834961 5856.46533203 4.06657838821
1478874203611 lifecam22 2861.87036133 5858.51220703 4.05007600784
1478874203674 lifecam22 2854.89428711 5860.94091797 4.03761577606
1478874203733 lifecam22 2847.55493164 5863.38769531 4.02594566345
1478874203877 lifecam22 2831.67431641 5869.31884766 3.99506926537
1478874203931 lifecam22 2825.38769531 5871.30029297 3.97713160515
1478874204011 lifecam22 2818.52441406 5875.79003906 3.96776604652
1478874204072 lifecam22 2807.66943359 5877.77734375 3.93504548073
1478874204134 lifecam22 2803.88525391 5881.23681641 3.9365093708
1478874204270 lifecam22 2787.79443359 5888.23535156 3.89475011826
1478874204340 lifecam22 2780.58398438 5892.62744141 3.87876677513
1478874204399 lifecam22 2772.75439453 5895.01074219 3.8594584465
1478874204469 lifecam22 2768.00317383 5899.54589844 3.85351586342
1478874204537 lifecam22 2760.41259766 5902.88085938 3.83677959442
1478874204675 lifecam22 2746.10571289 5911.45947266 3.80409526825
1478874204739 lifecam22 2738.51049805 5915.01367188 3.78468322754
1478874204803 lifecam22 2732.57739258 5919.65527344 3.77131962776
1478874204879 lifecam22 2726.13305664 5923.33789062 3.75676298141
1478874204936 lifecam22 2719.90112305 5928.09960938 3.74301481247
1478874205016 lifecam22 2713.36572266 5933.23974609 3.72526884079
1478874205072 lifecam22 2708.27709961 5937.32275391 3.71779918671
1478874205144 lifecam22 2700.45507812 5942.61572266 3.69448804855
1478874205201 lifecam22 2694.68896484 5947.75439453 3.67812919617
1478874205272 lifecam22 2689.6105957 5952.53222656 3.66997694969
1478874205337 lifecam22 2684.15576172 5957.58886719 3.658618927
1478874205406 lifecam22 2678.03540039 5962.30029297 3.64323377609
1478874205479 lifecam22 2671.77197266 5967.25146484 3.62881708145
1478874205535 lifecam22 2665.28491211 5973.35302734 3.61007452011
1478874205603 lifecam22 2658.52734375 5978.90380859 3.59014415741
1478874205675 lifecam22 2655.46777344 5983.68798828 3.5840139389
1478874205879 lifecam22 2638.65014648 6001.04394531 3.54025745392
1478874205944 lifecam22 2632.19873047 6006.29492188 3.52125263214
1478874206016 lifecam22 2627.93237305 6012.13867188 3.50894212723
1478874206075 lifecam22 2621.62060547 6017.78857422 3.49197244644
1478874206137 lifecam22 2617.73681641 6023.60595703 3.48346757889
1478874206284 lifecam22 2607.05615234 6036.03564453 3.44837808609
1478874206350 lifecam22 2603.85498047 6041.92236328 3.43868589401
1478874206413 lifecam22 2597.73242188 6048.97558594 3.41855716705
1478874206469 lifecam22 2594.71899414 6055.04443359 3.41019248962
1478874206544 lifecam22 2590.16381836 6061.20507812 3.39724779129
1478874206680 lifecam22 2581.37158203 6074.54052734 3.36401033401
1478874206742 lifecam22 2576.66503906 6080.70458984 3.34592962265
1478874206801 lifecam22 2572.44970703 6087.73583984 3.33220243454
1478874206876 lifecam22 2569.27856445 6094.31005859 3.32143163681
1478874206947 lifecam22 2565.09472656 6100.74609375 3.30776023865
1478874207143 lifecam22 2553.06079102 6121.36621094 3.26018667221
1478874207207 lifecam22 2549.82202148 6128.42041016 3.2446770668
1478874207274 lifecam22 2545.58862305 6135.82373047 3.225066185
1478874207341 lifecam22 2542.95849609 6142.49414062 3.21113157272
1478874207410 lifecam22 2540.67895508 6149.01318359 3.2043671608
1478874207475 lifecam22 2536.06298828 6156.90917969 3.18762683868
1478874207552 lifecam22 2532.79345703 6165.30664062 3.16272735596
1478874207616 lifecam22 2529.67773438 6173.81542969 3.14779663086
1478874207682 lifecam22 2529.50415039 6179.78662109 3.14604711533
1478874207741 lifecam22 2524.64550781 6187.45117188 3.10951590538
1478874207880 lifecam22 2525.18798828 6197.80664062 3.1182205677
1478874207948 lifecam22 2523.8737793 6195.42138672 3.10584330559
1478874208011 lifecam22 2525.4152832 6195.55664062 3.11995482445
1478874208079 lifecam22 2523.80859375 6195.5703125 3.10672354698
1478874208136 lifecam22 2524.40014648 6196.09277344 3.1120159626
1478874208281 lifecam22 2524.36132812 6195.85888672 3.11020350456
1478874208338 lifecam22 2524.31958008 6196.03417969 3.11129450798
1478874208406 lifecam22 2524.16699219 6195.61816406 3.10996985435
1478874208473 lifecam22 2524.04150391 6195.61035156 3.1088321209
1478874208542 lifecam22 2524.01879883 6195.63574219 3.10862231255
1478874208607 lifecam22 2524.40625 6195.80761719 3.11062312126
1478874208689 lifecam22 2524.13256836 6195.81933594 3.10812926292
1478874208744 lifecam22 2524.53320312 6195.50683594 3.1133043766
1478874208808 lifecam22 2524.30322266 6195.77539062 3.10969042778
1478874208876 lifecam22 2524.23535156 6195.8515625 3.10906100273
1478874208943 lifecam22 2524.33837891 6195.57519531 3.11153054237
