1478874108594 lifecam22 3205.46142578 5861.046875 4.70536851883
1478874108661 lifecam22 3205.27856445 5860.60595703 4.70134449005
1478874108720 lifecam22 3205.4519043 5861.17285156 4.7052936554
1478874108794 lifecam22 3205.46142578 5861.046875 4.70536851883
1478874108940 lifecam22 3205.58789062 5861.04199219 4.70648908615
1478874108995 lifecam22 3205.57861328 5861.16796875 4.70641279221
1478874109059 lifecam22 3205.46142578 5861.046875 4.70536851883
1478874109116 lifecam22 3205.40307617 5860.60351562 4.70246553421
1478874109191 lifecam22 3205.46142578 5861.046875 4.70536851883
1478874109397 lifecam22 3205.58154297 5861.07714844 4.70680141449
1478874109460 lifecam22 3205.39453125 5860.72900391 4.70238780975
1478874109530 lifecam22 3205.27856445 5860.60595703 4.70134449005
1478874109590 lifecam22 3205.24194336 5860.83642578 4.70101547241
1478874109658 lifecam22 3205.27001953 5860.73144531 4.70126676559
1478874109797 lifecam22 3205.54931641 5861.2734375 4.7061624527
1478874109867 lifecam22 3205.58789062 5861.04199219 4.70648908615
1478874109929 lifecam22 3205.40307617 5860.60351562 4.70246553421
1478874109997 lifecam22 3205.57861328 5861.16796875 4.70641279221
1478874110062 lifecam22 3205.42285156 5861.27832031 4.70504426956
1478874110259 lifecam22 3205.82348633 5862.53076172 4.70625638962
1478874110337 lifecam22 3205.13916016 5861.13134766 4.70009040833
1478874110403 lifecam22 3205.11279297 5861.11816406 4.69985342026
1478874110456 lifecam22 3205.25268555 5860.98242188 4.70111083984
1478874110531 lifecam22 3205.58789062 5861.04199219 4.70648908615
1478874110659 lifecam22 3205.4753418 5860.63964844 4.70311594009
1478874110728 lifecam22 3198.32446289 5860.62890625 4.70175647736
1478874110800 lifecam22 3189.98535156 5856.95751953 4.68977451324
1478874110859 lifecam22 3182.44848633 5856.4140625 4.68263053894
1478874110934 lifecam22 3173.88842773 5852.01513672 4.65324449539
1478874111067 lifecam22 3160.8918457 5849.34082031 4.63677310944
1478874111130 lifecam22 3152.58642578 5846.83349609 4.62151861191
1478874111199 lifecam22 3145.93066406 5845.26806641 4.60872888565
1478874111269 lifecam22 3137.47973633 5842.77490234 4.59085607529
1478874111330 lifecam22 3130.05981445 5840.68847656 4.57605361938
1478874111462 lifecam22 3114.38330078 5837.52294922 4.54332685471
1478874111526 lifecam22 3106.76831055 5835.95410156 4.52909469604
1478874111595 lifecam22 3100.02832031 5834.50097656 4.51519966125
1478874111661 lifecam22 3091.19458008 5832.19824219 4.49680709839
1478874111726 lifecam22 3083.38842773 5832.38574219 4.483897686
1478874111857 lifecam22 3068.13330078 5830.35107422 4.45449447632
1478874111925 lifecam22 3060.6953125 5830.49023438 4.43734502792
1478874111995 lifecam22 3053.30786133 5830.27490234 4.43091917038
1478874112058 lifecam22 3045.37524414 5829.81689453 4.41396760941
1478874112125 lifecam22 3037.65625 5829.13085938 4.39811325073
1478874112198 lifecam22 3029.19482422 5828.81152344 4.38073348999
1478874112268 lifecam22 3021.56958008 5828.52636719 4.36734485626
1478874112324 lifecam22 3014.16894531 5829.30322266 4.35712862015
1478874112400 lifecam22 3006.53588867 5828.50390625 4.34170150757
1478874112455 lifecam22 2999.45703125 5829.59277344 4.32994842529
1478874112601 lifecam22 2982.67724609 5829.34277344 4.28782272339
1478874112671 lifecam22 2974.21118164 5829.89355469 4.27503967285
1478874112725 lifecam22 2967.19165039 5830.32861328 4.2636089325
1478874112799 lifecam22 2958.81396484 5830.82324219 4.24012517929
1478874112870 lifecam22 2950.61523438 5830.92041016 4.2254652977
1478874113058 lifecam22 2929.94702148 5835.89648438 4.19599103928
1478874113129 lifecam22 2922.09204102 5837.22705078 4.17597007751
1478874113196 lifecam22 2913.84545898 5838.49755859 4.16288566589
1478874113262 lifecam22 2907.00146484 5841.15869141 4.14843893051
1478874113332 lifecam22 2898.49047852 5841.70117188 4.13258647919
1478874113466 lifecam22 2882.32666016 5845.2109375 4.09849309921
1478874113527 lifecam22 2876.35253906 5847.67724609 4.08989810944
1478874113605 lifecam22 2868.57641602 5849.79589844 4.07760334015
1478874113670 lifecam22 2861.81591797 5852.15722656 4.05949068069
1478874113736 lifecam22 2853.95751953 5854.96386719 4.04760694504
1478874113867 lifecam22 2838.85742188 5859.66064453 4.01401042938
1478874113939 lifecam22 2831.80444336 5862.35595703 4.00287103653
1478874114002 lifecam22 2823.37475586 5865.62695312 3.98101043701
1478874114066 lifecam22 2814.90991211 5868.36035156 3.96432137489
1478874114138 lifecam22 2810.19433594 5871.33105469 3.95723176003
1478874114272 lifecam22 2792.79882812 5878.80126953 3.91241145134
1478874114340 lifecam22 2788.26855469 5882.74267578 3.90893721581
1478874114404 lifecam22 2777.47070312 5885.33251953 3.87874388695
1478874114461 lifecam22 2772.57519531 5888.65087891 3.8691599369
1478874114528 lifecam22 2764.95117188 5892.74658203 3.85091257095
1478874114663 lifecam22 2752.16064453 5900.48242188 3.82754421234
1478874114737 lifecam22 2743.94506836 5904.38720703 3.80449652672
1478874114804 lifecam22 2738.87695312 5908.38525391 3.79632878304
1478874114870 lifecam22 2730.70336914 5913.08496094 3.77555465698
1478874114938 lifecam22 2725.12207031 5916.46240234 3.76452159882
1478874115070 lifecam22 2710.89550781 5926.52392578 3.72811770439
1478874115133 lifecam22 2705.7800293 5929.96240234 3.71586489677
1478874115196 lifecam22 2698.32128906 5935.34228516 3.69792032242
1478874115267 lifecam22 2692.89160156 5940.00390625 3.6872792244
1478874115331 lifecam22 2685.66992188 5944.89941406 3.66944670677
1478874115479 lifecam22 2675.44580078 5955.35546875 3.64663648605
1478874115533 lifecam22 2669.80102539 5959.96777344 3.6309337616
1478874115605 lifecam22 2664.08984375 5965.79394531 3.61904430389
1478874115669 lifecam22 2658.87646484 5970.68164062 3.60323095322
1478874115736 lifecam22 2652.67700195 5976.17773438 3.58795928955
1478874115934 lifecam22 2636.97998047 5992.86572266 3.54939079285
1478874116007 lifecam22 2632.23095703 5998.74804688 3.53344202042
1478874116071 lifecam22 2626.06225586 6003.97558594 3.51798152924
1478874116141 lifecam22 2620.50390625 6010.38232422 3.50075864792
1478874116199 lifecam22 2614.95922852 6016.31933594 3.48269462585
1478874116334 lifecam22 2604.05859375 6028.91357422 3.44648742676
1478874116402 lifecam22 2599.60766602 6035.05664062 3.437251091
1478874116464 lifecam22 2595.39379883 6040.83642578 3.42377567291
1478874116536 lifecam22 2590.81201172 6047.05859375 3.4102191925
1478874116604 lifecam22 2586.77197266 6053.14941406 3.3993639946
1478874116737 lifecam22 2578.97583008 6065.90429688 3.37180233002
1478874116805 lifecam22 2574.27392578 6073.00439453 3.35356760025
1478874116869 lifecam22 2570.45141602 6079.45458984 3.34023427963
1478874116941 lifecam22 2566.12011719 6086.06738281 3.32868671417
1478874117003 lifecam22 2561.66357422 6093.08007812 3.30732870102
1478874117148 lifecam22 2553.62768555 6107.03808594 3.28000688553
1478874117210 lifecam22 2550.42993164 6113.81152344 3.26220321655
1478874117279 lifecam22 2546.54418945 6120.484375 3.24819326401
1478874117333 lifecam22 2544.30224609 6126.27832031 3.24115800858
1478874117400 lifecam22 2539.76342773 6133.86962891 3.22221565247
1478874117538 lifecam22 2532.85180664 6149.16748047 3.1808848381
1478874117672 lifecam22 2527.31103516 6164.66162109 3.15993404388
1478874117748 lifecam22 2524.62915039 6169.96679688 3.14458179474
1478874117812 lifecam22 2520.33862305 6178.47119141 3.12101435661
1478874117946 lifecam22 2521.28613281 6180.21533203 3.13019585609
1478874118005 lifecam22 2522.87744141 6180.70458984 3.14427471161
1478874118074 lifecam22 2522.29150391 6180.33691406 3.13983607292
1478874118144 lifecam22 2522.50878906 6180.82617188 3.14190769196
1478874118207 lifecam22 2522.25195312 6180.52148438 3.13945841789
1478874118347 lifecam22 2522.52880859 6180.52392578 3.14209699631
1478874118416 lifecam22 2522.87866211 6180.41259766 3.14427804947
1478874118475 lifecam22 2522.52880859 6180.6640625 3.14209651947
1478874118548 lifecam22 2522.56811523 6180.47998047 3.14247226715
1478874118612 lifecam22 2522.52880859 6180.52392578 3.14209699631
1478874118742 lifecam22 2522.87866211 6180.41259766 3.14427804947
1478874118817 lifecam22 2522.50878906 6180.82617188 3.14190769196
1478874118877 lifecam22 2522.87866211 6180.41259766 3.14427804947
