1478873276232 lifecam22 3203.25292969 5865.02001953 4.68925476074
1478873276303 lifecam22 3203.22485352 5864.86083984 4.68901062012
1478873276367 lifecam22 3203.61767578 5865.22705078 4.69111824036
1478873276438 lifecam22 3203.24902344 5864.89599609 4.68922615051
1478873276636 lifecam22 3203.11743164 5864.74707031 4.69041585922
1478873276707 lifecam22 3203.68505859 5865.14453125 4.69171905518
1478873276771 lifecam22 3203.55615234 5864.89550781 4.69056892395
1478873276836 lifecam22 3203.64526367 5864.83056641 4.69136333466
1478873276906 lifecam22 3203.85424805 5865.70703125 4.69322729111
1478873277102 lifecam22 3203.68505859 5865.14453125 4.69171905518
1478873277160 lifecam22 3203.68505859 5865.14453125 4.69171905518
1478873277225 lifecam22 3203.68505859 5865.14453125 4.69171905518
1478873277294 lifecam22 3203.61767578 5865.22705078 4.69111824036
1478873277368 lifecam22 3204.82495117 5867.51708984 4.70193004608
1478873277510 lifecam22 3204.58618164 5867.70458984 4.69978618622
1478873277569 lifecam22 3204.67236328 5867.64941406 4.70055866241
1478873277628 lifecam22 3205.32421875 5867.62890625 4.70175647736
1478873277699 lifecam22 3205.19482422 5867.64013672 4.70059299469
1478873277767 lifecam22 3203.6796875 5866.28955078 4.6943154335
1478873277911 lifecam22 3196.31030273 5863.11767578 4.67454099655
1478873277975 lifecam22 3189.67285156 5863.59521484 4.68458890915
1478873278028 lifecam22 3180.47216797 5859.87841797 4.65672540665
1478873278107 lifecam22 3174.5925293 5857.17285156 4.64111566544
1478873278165 lifecam22 3167.17602539 5856.61474609 4.63238286972
1478873278365 lifecam22 3143.44921875 5850.08203125 4.57669019699
1478873278432 lifecam22 3135.80078125 5847.37988281 4.55954027176
1478873278502 lifecam22 3128.2109375 5846.85351562 4.54998397827
1478873278564 lifecam22 3120.08398438 5844.73535156 4.53522253036
1478873278631 lifecam22 3112.99584961 5843.38476562 4.51897525787
1478873278840 lifecam22 3089.9309082 5841.18652344 4.47887802124
1478873278895 lifecam22 3082.48828125 5840.33691406 4.46150493622
1478873278968 lifecam22 3073.99536133 5838.85009766 4.44553184509
1478873279029 lifecam22 3065.99853516 5838.24365234 4.42737054825
1478873279098 lifecam22 3058.44140625 5838.05175781 4.41488361359
1478873279241 lifecam22 3042.15087891 5837.31787109 4.38173151016
1478873279300 lifecam22 3034.8190918 5836.35986328 4.36726236343
1478873279368 lifecam22 3027.02856445 5837.01660156 4.35493183136
1478873279432 lifecam22 3018.60522461 5836.57080078 4.33669233322
1478873279498 lifecam22 3010.06298828 5836.16601562 4.31781101227
1478873279561 lifecam22 3003.45410156 5838.19384766 4.3110203743
1478873279703 lifecam22 2988.08032227 5838.71435547 4.27925395966
1478873279775 lifecam22 2979.96411133 5838.23193359 4.26489543915
1478873279842 lifecam22 2971.52685547 5838.85351562 4.24452733994
1478873279908 lifecam22 2965.38061523 5840.94726562 4.23645544052
1478873279981 lifecam22 2956.96289062 5841.39160156 4.21988582611
1478873280172 lifecam22 2935.28198242 5845.80908203 4.18216562271
1478873280241 lifecam22 2927.24829102 5847.33251953 4.16637039185
1478873280311 lifecam22 2919.25097656 5848.61376953 4.15032100677
1478873280368 lifecam22 2912.2355957 5850.52099609 4.13683366776
1478873280443 lifecam22 2904.21899414 5852.39453125 4.12045669556
1478873280570 lifecam22 2889.93359375 5857.0078125 4.09514331818
1478873280645 lifecam22 2882.5078125 5858.66992188 4.08215522766
1478873280699 lifecam22 2874.28271484 5860.29052734 4.06208848953
1478873280775 lifecam22 2867.16235352 5862.90625 4.04804706573
1478873280836 lifecam22 2858.77880859 5865.23339844 4.03047275543
1478873280980 lifecam22 2843.17089844 5870.83886719 3.99692630768
1478873281046 lifecam22 2835.33520508 5874.16503906 3.97491574287
1478873281109 lifecam22 2830.54199219 5876.78320312 3.97814011574
1478873281178 lifecam22 2822.22900391 5880.17431641 3.95761179924
1478873281236 lifecam22 2814.49072266 5883.87744141 3.93220043182
1478873281444 lifecam22 2791.49243164 5893.08886719 3.88370537758
1478873281508 lifecam22 2784.27246094 5897.17626953 3.87154316902
1478873281577 lifecam22 2778.17871094 5900.40136719 3.8578016758
1478873281641 lifecam22 2770.5625 5904.58789062 3.8379445076
1478873281705 lifecam22 2765.02075195 5907.86865234 3.83011102676
1478873281903 lifecam22 2744.78222656 5920.69482422 3.78319168091
1478873281972 lifecam22 2737.44067383 5924.48486328 3.76349067688
1478873282035 lifecam22 2731.12866211 5928.93896484 3.75042819977
1478873282102 lifecam22 2723.95727539 5934.44384766 3.73286390305
1478873282171 lifecam22 2718.68652344 5937.8671875 3.71926355362
1478873282310 lifecam22 2706.88525391 5948.04248047 3.69394540787
1478873282377 lifecam22 2700.63452148 5952.68701172 3.67927145958
1478873282440 lifecam22 2693.95996094 5958.03564453 3.6629755497
1478873282513 lifecam22 2688.61083984 5962.92041016 3.64965295792
1478873282579 lifecam22 2682.85253906 5968.01123047 3.63566493988
1478873282704 lifecam22 2669.45825195 5979.12890625 3.5977101326
1478873282780 lifecam22 2665.89794922 5983.67089844 3.59103345871
1478873282849 lifecam22 2658.95288086 5989.93847656 3.56966114044
1478873282915 lifecam22 2654.24414062 5995.43212891 3.5642580986
1478873282975 lifecam22 2649.27075195 6000.8515625 3.54455089569
1478873283106 lifecam22 2638.40600586 6012.35400391 3.51477003098
1478873283183 lifecam22 2633.0534668 6017.5625 3.50367307663
1478873283249 lifecam22 2627.82373047 6023.59814453 3.49012947083
1478873283314 lifecam22 2622.10864258 6030.24511719 3.47058343887
1478873283377 lifecam22 2616.45605469 6036.21386719 3.45093727112
1478873283518 lifecam22 2608.73828125 6048.24316406 3.42773485184
1478873283581 lifecam22 2604.65942383 6054.92822266 3.41529798508
1478873283646 lifecam22 2600.41821289 6061.66699219 3.40113067627
1478873283716 lifecam22 2595.61132812 6067.17431641 3.38831710815
1478873283780 lifecam22 2590.57666016 6074.53320312 3.36990356445
1478873283977 lifecam22 2579.46728516 6093.50634766 3.33147525787
1478873284045 lifecam22 2574.26513672 6099.99609375 3.31062746048
1478873284115 lifecam22 2572.00512695 6106.09765625 3.30552196503
1478873284179 lifecam22 2566.73730469 6114.09960938 3.28194332123
1478873284244 lifecam22 2562.52636719 6120.9609375 3.26758241653
1478873284377 lifecam22 2556.04711914 6133.51953125 3.23918676376
1478873284437 lifecam22 2552.25732422 6141.66943359 3.22008037567
1478873284511 lifecam22 2549.47338867 6149.12207031 3.20641326904
1478873284577 lifecam22 2545.38134766 6156.52832031 3.18898868561
1478873284650 lifecam22 2543.16113281 6164.33544922 3.17315196991
1478873284781 lifecam22 2536.68066406 6180.40966797 3.14636135101
1478873284843 lifecam22 2534.12451172 6186.12695312 3.11892867088
1478873284915 lifecam22 2531.3737793 6194.24609375 3.10774731636
1478873284985 lifecam22 2530.67504883 6200.796875 3.10323786736
1478873285044 lifecam22 2528.37792969 6207.63916016 3.09187960625
1478873285249 lifecam22 2528.47460938 6209.24609375 3.08930182457
1478873285311 lifecam22 2528.62158203 6208.57763672 3.08980441093
1478873285373 lifecam22 2528.71582031 6209.10986328 3.09043431282
1478873285440 lifecam22 2528.39477539 6209.00341797 3.08867287636
1478873285509 lifecam22 2528.53051758 6209.14599609 3.0886785984
1478873285654 lifecam22 2528.75708008 6208.61230469 3.09105753899
1478873285714 lifecam22 2529.07006836 6208.53125 3.09407067299
1478873285772 lifecam22 2528.89257812 6208.76269531 3.09225440025
1478873285842 lifecam22 2528.69433594 6208.81884766 3.09037041664
1478873285914 lifecam22 2528.65112305 6208.89013672 3.08992981911
1478873286050 lifecam22 2528.45239258 6208.95507812 3.08923983574
1478873286113 lifecam22 2528.65112305 6208.89013672 3.08992981911
1478873286190 lifecam22 2528.30810547 6209.25244141 3.08773350716
1478873286254 lifecam22 2528.41137695 6208.98388672 3.08884739876
1478873286315 lifecam22 2528.65112305 6208.89013672 3.08992981911
1478873286516 lifecam22 2528.41333008 6208.97314453 3.08886218071
