1478873388609 lifecam22 3204.37353516 5861.47119141 4.69909143448
1478873388676 lifecam22 3204.37670898 5861.33837891 4.69790124893
1478873388741 lifecam22 3204.35351562 5861.17578125 4.69769382477
1478873388810 lifecam22 3204.37670898 5861.33837891 4.69790124893
1478873388871 lifecam22 3204.35351562 5861.17578125 4.69769382477
1478873389017 lifecam22 3204.35351562 5861.17578125 4.69769382477
1478873389079 lifecam22 3204.35351562 5861.17578125 4.69769382477
1478873389143 lifecam22 3204.35351562 5861.17578125 4.69769382477
1478873389207 lifecam22 3204.35351562 5861.17578125 4.69769382477
1478873389274 lifecam22 3204.35351562 5861.17578125 4.69769382477
1478873389480 lifecam22 3204.34765625 5861.44775391 4.69887638092
1478873389544 lifecam22 3204.37670898 5861.33837891 4.69790124893
1478873389607 lifecam22 3204.34765625 5861.44775391 4.69887638092
1478873389676 lifecam22 3204.52392578 5861.41748047 4.69587898254
1478873389745 lifecam22 3204.52392578 5861.41748047 4.69587898254
1478873389944 lifecam22 3204.37670898 5861.33837891 4.69790124893
1478873390017 lifecam22 3204.35351562 5861.17578125 4.69769382477
1478873390081 lifecam22 3197.79785156 5860.60693359 4.6911945343
1478873390208 lifecam22 3181.76464844 5857.69873047 4.67357492447
1478873390347 lifecam22 3168.02612305 5851.63330078 4.63876628876
1478873390415 lifecam22 3160.01757812 5849.56982422 4.61754369736
1478873390479 lifecam22 3152.39794922 5847.85839844 4.60592794418
1478873390545 lifecam22 3145.08374023 5846.32128906 4.59558582306
1478873390609 lifecam22 3136.75439453 5844.36914062 4.57475566864
1478873390746 lifecam22 3121.54077148 5840.91308594 4.54499816895
1478873390815 lifecam22 3113.47119141 5839.16699219 4.53091812134
1478873390882 lifecam22 3106.4206543 5837.85253906 4.51577615738
1478873390946 lifecam22 3098.94360352 5837.04785156 4.50172185898
1478873391014 lifecam22 3090.80932617 5835.67578125 4.48695993423
1478873391213 lifecam22 3068.20092773 5832.86328125 4.44383621216
1478873391280 lifecam22 3060.93798828 5832.53515625 4.4295630455
1478873391349 lifecam22 3051.67382812 5830.98242188 4.40980863571
1478873391415 lifecam22 3044.12231445 5831.78759766 4.39796304703
1478873391478 lifecam22 3037.04418945 5830.60351562 4.38251066208
1478873391685 lifecam22 3011.62426758 5830.81152344 4.32997846603
1478873391744 lifecam22 3004.90869141 5832.04443359 4.32496404648
1478873391812 lifecam22 2998.359375 5832.50195312 4.31138324738
1478873391882 lifecam22 2990.45629883 5832.71044922 4.29733419418
1478873391950 lifecam22 2983.53320312 5834.09326172 4.28774309158
1478873392085 lifecam22 2968.48461914 5835.32861328 4.26011180878
1478873392150 lifecam22 2960.1027832 5836.40722656 4.24026346207
1478873392214 lifecam22 2952.04077148 5836.71826172 4.22764396667
1478873392280 lifecam22 2944.43164062 5838.5078125 4.21211910248
1478873392351 lifecam22 2936.19799805 5839.11914062 4.19203424454
1478873392548 lifecam22 2912.68359375 5843.00341797 4.14274692535
1478873392613 lifecam22 2904.57885742 5844.94775391 4.12549161911
1478873392678 lifecam22 2896.37011719 5846.31298828 4.11154460907
1478873392812 lifecam22 2881.35546875 5850.84277344 4.08520698547
1478873392948 lifecam22 2868.01098633 5855.37060547 4.05931377411
1478873393016 lifecam22 2860.27490234 5858.13134766 4.04317855835
1478873393080 lifecam22 2853.98950195 5861.05761719 4.03452014923
1478873393146 lifecam22 2846.43701172 5863.81152344 4.01742315292
1478873393213 lifecam22 2837.06103516 5865.91064453 3.99976277351
1478873393347 lifecam22 2824.59033203 5871.53515625 3.97727966309
1478873393415 lifecam22 2816.80932617 5874.1484375 3.96201133728
1478873393481 lifecam22 2807.78466797 5877.86328125 3.93517661095
1478873393549 lifecam22 2803.0222168 5880.89501953 3.93313384056
1478873393618 lifecam22 2793.30249023 5884.08886719 3.90186142921
1478873393815 lifecam22 2772.34692383 5895.19726562 3.85269236565
1478873393884 lifecam22 2765.76049805 5899.27880859 3.83900094032
1478873393951 lifecam22 2757.64868164 5903.43164062 3.82080364227
1478873394017 lifecam22 2752.296875 5906.87255859 3.8079161644
1478873394086 lifecam22 2743.61743164 5911.59082031 3.7878305912
1478873394218 lifecam22 2730.7956543 5920.44677734 3.75793790817
1478873394286 lifecam22 2725.45751953 5924.46972656 3.74711155891
1478873394353 lifecam22 2719.92675781 5929.39453125 3.73664045334
1478873394416 lifecam22 2710.93798828 5934.26464844 3.71180152893
1478873394481 lifecam22 2706.28125 5939.21777344 3.70344233513
1478873394620 lifecam22 2694.83105469 5948.35302734 3.67917943001
1478873394688 lifecam22 2688.92993164 5953.43798828 3.66635012627
1478873394753 lifecam22 2683.42529297 5957.80517578 3.6498978138
1478873394817 lifecam22 2677.07763672 5964.11621094 3.63198709488
1478873394880 lifecam22 2670.22167969 5969.1640625 3.61240148544
1478873395086 lifecam22 2652.70874023 5984.70654297 3.56605911255
1478873395155 lifecam22 2647.52978516 5990.06201172 3.55649805069
1478873395218 lifecam22 2642.49731445 5996.23388672 3.54177904129
1478873395286 lifecam22 2636.69702148 6002.30126953 3.52599477768
1478873395351 lifecam22 2632.36694336 6007.98144531 3.51165914536
1478873395485 lifecam22 2622.42333984 6019.64404297 3.48574924469
1478873395549 lifecam22 2618.45043945 6025.45068359 3.47646760941
1478873395619 lifecam22 2613.34423828 6031.57421875 3.46143960953
1478873395688 lifecam22 2608.19628906 6037.77734375 3.44017124176
1478873395751 lifecam22 2603.14233398 6043.94433594 3.42746734619
1478873395891 lifecam22 2592.76171875 6057.22265625 3.38996267319
1478873395957 lifecam22 2589.01708984 6062.68212891 3.38086986542
1478873396014 lifecam22 2584.74169922 6068.43652344 3.36628246307
1478873396085 lifecam22 2580.08544922 6075.74560547 3.35194587708
1478873396150 lifecam22 2575.61767578 6082.55957031 3.33427190781
1478873396288 lifecam22 2567.35546875 6096.28564453 3.30412721634
1478873396356 lifecam22 2563.98022461 6103.43798828 3.2922000885
1478873396418 lifecam22 2560.20361328 6109.39160156 3.27782583237
1478873396487 lifecam22 2557.22412109 6116.22021484 3.26739788055
1478873396552 lifecam22 2554.49121094 6123.56982422 3.25170373917
1478873396755 lifecam22 2544.5625 6144.18164062 3.21291351318
1478873396822 lifecam22 2542.24462891 6149.93798828 3.20387935638
1478873396887 lifecam22 2539.85253906 6156.97070312 3.19112634659
1478873396955 lifecam22 2535.72412109 6164.11816406 3.17048311234
1478873397021 lifecam22 2532.60668945 6172.33203125 3.1568608284
1478873397159 lifecam22 2527.02661133 6187.52001953 3.11797451973
1478873397226 lifecam22 2525.57983398 6194.33984375 3.10840058327
1478873397290 lifecam22 2525.00195312 6200.47509766 3.10689997673
1478873397349 lifecam22 2525.39013672 6196.39453125 3.1103246212
1478873397421 lifecam22 2525.26586914 6199.15771484 3.10827898979
1478873397629 lifecam22 2525.46386719 6197.32763672 3.10957884789
1478873397691 lifecam22 2525.28833008 6198.58544922 3.10859322548
1478873397753 lifecam22 2525.87744141 6197.20947266 3.11433768272
1478873397825 lifecam22 2525.88793945 6197.90478516 3.11431050301
1478873397891 lifecam22 2525.86547852 6197.9296875 3.11409783363
1478873398031 lifecam22 2525.76538086 6197.89306641 3.11317133904
