1478191757242 lifecam22 3346.30029297 5374.40966797 4.71057462692
1478191757444 lifecam22 3345.77246094 5374.234375 4.70579719543
1478191757516 lifecam22 3344.97900391 5374.01123047 4.69865655899
1478191757578 lifecam22 3344.95532227 5374.01416016 4.69844102859
1478191757649 lifecam22 3344.62988281 5374.01367188 4.69552612305
1478191757713 lifecam22 3344.76318359 5373.96484375 4.69672012329
1478191758043 lifecam22 3345.40893555 5374.10498047 4.70251846313
1478191758109 lifecam22 3346.0456543 5374.32421875 4.70826530457
1478191758180 lifecam22 3346.0456543 5374.32421875 4.70826530457
1478191758239 lifecam22 3345.59985352 5374.15576172 4.70423936844
1478191758313 lifecam22 3345.40576172 5374.15283203 4.70248699188
1478191758586 lifecam22 3345.81201172 5374.22900391 4.70615434647
1478191758644 lifecam22 3345.85473633 5374.27148438 4.70653915405
1478191758707 lifecam22 3345.81201172 5374.22900391 4.70615434647
1478191758775 lifecam22 3346.06738281 5374.31396484 4.70846366882
1478191758839 lifecam22 3345.85571289 5374.24023438 4.7065486908
1478191759182 lifecam22 3345.81201172 5374.22900391 4.70615434647
1478191759251 lifecam22 3344.84399414 5374.08496094 4.69744300842
1478191759308 lifecam22 3344.99584961 5374.07617188 4.69880437851
1478191759383 lifecam22 3345.09863281 5374.72509766 4.69972801208
1478191759444 lifecam22 3345.69995117 5375.13964844 4.70514059067
1478191759784 lifecam22 3340.97338867 5385.69140625 4.78014373779
1478191759836 lifecam22 3337.05541992 5384.51611328 4.77555894852
1478191759921 lifecam22 3333.82128906 5386.68896484 4.79243183136
1478191759982 lifecam22 3328.48754883 5388.66357422 4.80434608459
1478191760065 lifecam22 3324.96582031 5391.35107422 4.82206773758
1478191760372 lifecam22 3303.75292969 5401.40625 4.91791343689
1478191760443 lifecam22 3299.02099609 5401.56396484 4.93412351608
1478191760519 lifecam22 3295.08203125 5404.59863281 4.95613574982
1478191760588 lifecam22 3290.15063477 5405.66552734 4.9700255394
1478191760651 lifecam22 3284.93041992 5407.62158203 4.99103403091
1478191760981 lifecam22 3261.38574219 5410.97265625 5.06196260452
1478191761047 lifecam22 3256.78173828 5412.11328125 5.08059978485
1478191761118 lifecam22 3251.80615234 5412.94238281 5.09708929062
1478191761181 lifecam22 3247.4206543 5413.71875 5.11502313614
1478191761253 lifecam22 3242.08447266 5414.14599609 5.12977790833
1478191761517 lifecam22 3223.07714844 5414.23535156 5.19386196136
1478191761581 lifecam22 3218.65209961 5414.44970703 5.2070183754
1478191761647 lifecam22 3214.3359375 5414.60693359 5.22997808456
1478191761712 lifecam22 3209.34057617 5414.38525391 5.24352407455
1478191761979 lifecam22 3190.66772461 5412.85791016 5.30814027786
1478191762048 lifecam22 3184.72827148 5411.88964844 5.32265901566
1478191762119 lifecam22 3181.26611328 5414.18798828 5.3523850441
1478191762182 lifecam22 3175.88989258 5410.96533203 5.357421875
1478191762258 lifecam22 3171.71582031 5412.78173828 5.38673305511
1478191762454 lifecam22 3157.05419922 5410.93115234 5.43773031235
1478191762521 lifecam22 3152.03881836 5408.88623047 5.45208597183
1478191762653 lifecam22 3143.95800781 5405.12939453 5.47640895844
1478191762723 lifecam22 3138.44018555 5405.74462891 5.50435447693
1478191762988 lifecam22 3119.1328125 5400.98632812 5.57676029205
1478191763046 lifecam22 3115.34204102 5401.45117188 5.60061311722
1478191763117 lifecam22 3111.15869141 5397.68212891 5.60309648514
1478191763181 lifecam22 3106.18383789 5396.43017578 5.62644433975
1478191763251 lifecam22 3102.12207031 5395.234375 5.64525318146
1478191763455 lifecam22 3089.99731445 5388.07128906 5.68680667877
1478191763582 lifecam22 3081.24560547 5383.06835938 5.71864271164
1478191763653 lifecam22 3077.12548828 5381.10205078 5.73418712616
1478191763715 lifecam22 3072.6809082 5378.82275391 5.75496053696
1478191763921 lifecam22 3059.6887207 5370.16748047 5.80576372147
1478191763985 lifecam22 3057.4675293 5368.26367188 5.81699609756
1478191764050 lifecam22 3051.49829102 5365.27685547 5.84288644791
1478191764120 lifecam22 3048.55981445 5362.59423828 5.85321092606
1478191764186 lifecam22 3044.25976562 5360.47119141 5.87643241882
1478191764393 lifecam22 3032.89453125 5349.15283203 5.91484260559
1478191764450 lifecam22 3029.25292969 5347.10791016 5.93881130219
1478191764529 lifecam22 3025.70214844 5345.17871094 5.9518494606
1478191764590 lifecam22 3022.58374023 5341.63671875 5.96862792969
1478191764655 lifecam22 3018.09228516 5339.40917969 5.9891409874
1478191764857 lifecam22 3006.87719727 5327.93701172 6.04249620438
1478191764917 lifecam22 3002.97045898 5325.08837891 6.06912708282
1478191764988 lifecam22 3001.04785156 5322.32714844 6.07389640808
1478191765057 lifecam22 2998.64013672 5318.20703125 6.09005832672
1478191765127 lifecam22 2995.6628418 5314.90625 6.10582876205
1478191765382 lifecam22 2983.30566406 5297.16113281 6.1696305275
1478191765452 lifecam22 2981.99902344 5295.56152344 6.18076753616
1478191765532 lifecam22 2977.74511719 5291.77001953 6.20305204391
1478191765586 lifecam22 2975.96777344 5287.10693359 6.21210002899
1478191765651 lifecam22 2973.13769531 5283.28320312 6.22834825516
1478191765800 lifecam22 2967.04003906 5276.78710938 6.27703332901
1478191765856 lifecam22 2966.47290039 5270.91308594 0.000483814859763
1478191765916 lifecam22 2963.26000977 5267.12353516 0.0225090440363
1478191765985 lifecam22 2959.73071289 5263.05419922 0.0421363785863
1478191766061 lifecam22 2957.16088867 5259.47021484 0.0608060956001
1478191766324 lifecam22 2950.28857422 5240.75732422 0.118599712849
1478191766397 lifecam22 2949.01782227 5236.01855469 0.133842900395
1478191766458 lifecam22 2946.1875 5232.06201172 0.153561770916
1478191766528 lifecam22 2945.99804688 5226.65087891 0.162429630756
1478191766588 lifecam22 2943.16479492 5223.02246094 0.185346648097
1478191766865 lifecam22 2939.70605469 5204.26318359 0.237084448338
1478191766921 lifecam22 2939.12890625 5207.58154297 0.233882114291
1478191766991 lifecam22 2940.09692383 5205.93017578 0.233434721828
1478191767049 lifecam22 2939.75219727 5206.97265625 0.234581887722
1478191767129 lifecam22 2939.24389648 5206.33349609 0.235142052174
1478191767333 lifecam22 2939.14916992 5206.87060547 0.236177504063
1478191767397 lifecam22 2939.64526367 5206.67822266 0.233419135213
1478191767460 lifecam22 2939.29785156 5206.77783203 0.236362293363
1478191767524 lifecam22 2939.42285156 5206.81982422 0.236462667584
1478191767594 lifecam22 2939.04052734 5206.81982422 0.237282931805
1478191767859 lifecam22 2939.12036133 5206.62939453 0.235435798764
1478191767923 lifecam22 2939.10058594 5206.91259766 0.237973034382
1478191767996 lifecam22 2939.29785156 5206.77783203 0.236362293363
1478191768058 lifecam22 2939.40356445 5206.71044922 0.235544145107
1478191768121 lifecam22 2939.29785156 5206.77783203 0.236362293363
1478191768330 lifecam22 2939.21240234 5206.72021484 0.236036121845
1478191768390 lifecam22 2939.22558594 5206.95458984 0.238074243069
1478191768454 lifecam22 2939.6262207 5206.56933594 0.232497900724
1478191768517 lifecam22 2939.77441406 5206.47363281 0.232671797276
1478191768593 lifecam22 2939.12036133 5206.62939453 0.235435798764
1478191768865 lifecam22 2939.73388672 5206.38818359 0.23334440589
1478191768930 lifecam22 2939.53686523 5206.62353516 0.234509527683
1478191768992 lifecam22 2939.72094727 5206.76171875 0.235313236713
1478191769062 lifecam22 2939.35742188 5206.87060547 0.237053692341
1478191769129 lifecam22 2939.23217773 5206.43603516 0.233497440815
1478191769392 lifecam22 2939.47338867 5206.67480469 0.235092371702
1478191769458 lifecam22 2939.10058594 5206.91259766 0.237973034382
