1478191571219 lifecam22 3339.91308594 5371.89746094 4.68086242676
1478191571293 lifecam22 3340.52026367 5372.16503906 4.68621397018
1478191571357 lifecam22 3339.91650391 5372.29589844 4.68739175797
1478191571426 lifecam22 3339.27709961 5372.10107422 4.68544006348
1478191571759 lifecam22 3340.14819336 5372.11962891 4.6854391098
1478191571821 lifecam22 3339.9375 5372.32519531 4.68890714645
1478191571887 lifecam22 3339.82788086 5372.11669922 4.68416118622
1478191571959 lifecam22 3339.68188477 5372.09716797 4.68545389175
1478191572020 lifecam22 3339.24267578 5372.00292969 4.68147134781
1478191572292 lifecam22 3339.98339844 5371.85107422 4.67898082733
1478191572358 lifecam22 3339.72753906 5371.99853516 4.68031311035
1478191572427 lifecam22 3340.35571289 5372.14599609 4.68601036072
1478191572490 lifecam22 3340.63183594 5372.04003906 4.68356180191
1478191572558 lifecam22 3340.60888672 5372.14013672 4.68452072144
1478191572823 lifecam22 3341.09790039 5371.93847656 4.68149757385
1478191572894 lifecam22 3341.05175781 5372.01953125 4.68226146698
1478191572956 lifecam22 3341.49755859 5372.03222656 4.68247699738
1478191573033 lifecam22 3341.64233398 5372.04931641 4.683822155
1478191573099 lifecam22 3342.43920898 5372.47753906 4.68807029724
1478191573422 lifecam22 3343.71166992 5373.07910156 4.69403553009
1478191573492 lifecam22 3344.28491211 5373.37304688 4.69788169861
1478191573559 lifecam22 3344.82714844 5373.69824219 4.69992113113
1478191573622 lifecam22 3344.05004883 5373.26660156 4.69569969177
1478191573695 lifecam22 3344.24609375 5373.3125 4.69749975204
1478191574028 lifecam22 3341.03686523 5372.74462891 4.67925930023
1478191574091 lifecam22 3339.67333984 5372.87939453 4.67749786377
1478191574167 lifecam22 3335.33544922 5372.2734375 4.68972873688
1478191574222 lifecam22 3326.81542969 5372.29492188 4.69019317627
1478191574293 lifecam22 3325.43408203 5374.54785156 4.71307468414
1478191574561 lifecam22 3313.72802734 5384.4765625 4.77911996841
1478191574620 lifecam22 3308.89868164 5387.32373047 4.79782962799
1478191574690 lifecam22 3304.3737793 5389.00537109 4.80927801132
1478191574754 lifecam22 3301.05224609 5391.52050781 4.82880878448
1478191574822 lifecam22 3296.18383789 5391.75927734 4.84557962418
1478191575102 lifecam22 3278.61132812 5400.67285156 4.91859579086
1478191575166 lifecam22 3273.6237793 5402.07861328 4.93783378601
1478191575229 lifecam22 3269.63012695 5403.84326172 4.95419740677
1478191575292 lifecam22 3264.51928711 5404.45410156 4.96811056137
1478191575560 lifecam22 3246.36352539 5408.89257812 5.03140687943
1478191575621 lifecam22 3241.24121094 5409.22070312 5.04728221893
1478191575698 lifecam22 3237.44946289 5410.19873047 5.06169843674
1478191575763 lifecam22 3232.1628418 5410.30517578 5.07379245758
1478191575827 lifecam22 3227.43359375 5410.50439453 5.09008789062
1478191576094 lifecam22 3208.65063477 5413.64404297 5.16248703003
1478191576163 lifecam22 3203.87939453 5413.43847656 5.17770767212
1478191576230 lifecam22 3199.59008789 5415.10205078 5.20025444031
1478191576303 lifecam22 3193.47143555 5413.71044922 5.21235179901
1478191576364 lifecam22 3188.54296875 5414.27636719 5.23006391525
1478191576639 lifecam22 3170.3190918 5412.2578125 5.29093170166
1478191576698 lifecam22 3165.81396484 5411.76367188 5.30540180206
1478191576757 lifecam22 3160.39819336 5411.53955078 5.32493019104
1478191576834 lifecam22 3156.09667969 5411.28173828 5.34149551392
1478191576897 lifecam22 3150.68237305 5411.23144531 5.3622636795
1478191577159 lifecam22 3131.96704102 5409.57666016 5.43336868286
1478191577233 lifecam22 3127.67749023 5407.29638672 5.44515895844
1478191577298 lifecam22 3122.43969727 5407.50048828 5.46766757965
1478191577367 lifecam22 3119.17285156 5405.96044922 5.4818444252
1478191577645 lifecam22 3100.73852539 5401.83935547 5.55328416824
1478191577698 lifecam22 3095.77368164 5397.97119141 5.56259298325
1478191577840 lifecam22 3086.99047852 5396.16162109 5.6064414978
1478191577891 lifecam22 3082.0793457 5395.30175781 5.6207613945
1478191578234 lifecam22 3059.95751953 5385.15771484 5.70385599136
1478191578298 lifecam22 3056.22290039 5382.66992188 5.71560096741
1478191578362 lifecam22 3051.66723633 5381.33496094 5.740193367
1478191578427 lifecam22 3047.58325195 5377.7578125 5.75079011917
1478191578577 lifecam22 3039.38769531 5372.59716797 5.7806725502
1478191578627 lifecam22 3034.74414062 5369.48925781 5.79565525055
1478191578706 lifecam22 3030.53979492 5369.25341797 5.824031353
1478191578773 lifecam22 3027.08569336 5364.08496094 5.82703065872
1478191578830 lifecam22 3022.30395508 5362.50244141 5.85679864883
1478191579174 lifecam22 3005.06787109 5345.26123047 5.92513132095
1478191579245 lifecam22 3001.48706055 5341.46191406 5.94032621384
1478191579299 lifecam22 2997.74584961 5340.15234375 5.96138334274
1478191579374 lifecam22 2994.20629883 5337.47070312 5.97800970078
1478191579433 lifecam22 2990.73803711 5333.32275391 5.99127960205
1478191579771 lifecam22 2973.47485352 5317.61279297 6.08549499512
1478191579835 lifecam22 2969.34179688 5314.13574219 6.10207748413
1478191579901 lifecam22 2967.19116211 5309.29589844 6.11510419846
1478191579974 lifecam22 2961.96923828 5305.50048828 6.1451253891
1478191580035 lifecam22 2960.95849609 5302.06298828 6.14754581451
1478191580244 lifecam22 2952.45068359 5291.00732422 6.19859838486
1478191580307 lifecam22 2950.05908203 5287.28027344 6.2109746933
1478191580381 lifecam22 2947.39282227 5281.86425781 6.22719478607
1478191580430 lifecam22 2943.74951172 5279.51953125 6.24912405014
1478191580506 lifecam22 2938.92529297 5273.78271484 6.27935028076
1478191580837 lifecam22 2929.87109375 5252.77197266 0.0625110343099
1478191580903 lifecam22 2928.10668945 5246.04345703 0.0822194218636
1478191580970 lifecam22 2926.62207031 5243.75 0.0967592746019
1478191581041 lifecam22 2925.33886719 5239.640625 0.10850661993
1478191581104 lifecam22 2923.92919922 5235.54541016 0.123985953629
1478191581367 lifecam22 2920.70263672 5225.02148438 0.156265705824
1478191581437 lifecam22 2921.48876953 5223.52050781 0.153836548328
1478191581503 lifecam22 2920.78442383 5224.28271484 0.157932579517
1478191581570 lifecam22 2920.49243164 5224.36572266 0.15910166502
1478191581645 lifecam22 2920.49243164 5224.36572266 0.15910166502
1478191581970 lifecam22 2920.96191406 5224.27783203 0.15762552619
1478191582033 lifecam22 2920.49243164 5224.36572266 0.15910166502
1478191582108 lifecam22 2920.78442383 5224.28271484 0.157932579517
1478191582170 lifecam22 2920.49243164 5224.36572266 0.15910166502
1478191582238 lifecam22 2920.49243164 5224.36572266 0.15910166502
1478191582508 lifecam22 2920.49243164 5224.36572266 0.15910166502
1478191582574 lifecam22 2920.78442383 5224.28271484 0.157932579517
1478191582640 lifecam22 2920.49243164 5224.36572266 0.15910166502
1478191582713 lifecam22 2920.96191406 5224.27783203 0.15762552619
1478191582778 lifecam22 2920.78442383 5224.28271484 0.157932579517
1478191583040 lifecam22 2920.49243164 5224.36572266 0.15910166502
1478191583114 lifecam22 2920.78442383 5224.28271484 0.157932579517
1478191583177 lifecam22 2920.78442383 5224.28271484 0.157932579517
1478191583242 lifecam22 2920.78442383 5224.28271484 0.157932579517
1478191583306 lifecam22 2920.78442383 5224.28271484 0.157932579517
1478191583572 lifecam22 2920.49243164 5224.36572266 0.15910166502
1478191583648 lifecam22 2920.49243164 5224.36572266 0.15910166502
1478191583708 lifecam22 2920.67016602 5224.36083984 0.158793896437
1478191583771 lifecam22 2921.01660156 5223.97314453 0.156235635281
1478191583846 lifecam22 2920.49243164 5224.36572266 0.15910166502
1478191584112 lifecam22 2920.49243164 5224.36572266 0.15910166502
1478191584176 lifecam22 2920.49243164 5224.36572266 0.15910166502
1478191584244 lifecam22 2920.78442383 5224.28271484 0.157932579517
1478191584308 lifecam22 2920.78442383 5224.28271484 0.157932579517
1478191584372 lifecam22 2920.96191406 5224.27783203 0.15762552619
1478191584644 lifecam22 2920.78442383 5224.28271484 0.157932579517
1478191584709 lifecam22 2920.78442383 5224.28271484 0.157932579517
1478191584783 lifecam22 2920.55981445 5224.19775391 0.158718630672
1478191584844 lifecam22 2920.78442383 5224.28271484 0.157932579517
1478191584911 lifecam22 2920.78442383 5224.28271484 0.157932579517
1478191585242 lifecam22 2920.78442383 5224.28271484 0.157932579517
1478191585311 lifecam22 2920.78442383 5224.28271484 0.157932579517
1478191585378 lifecam22 2920.96191406 5224.27783203 0.15762552619
1478191585443 lifecam22 2920.49243164 5224.36572266 0.15910166502
1478191585510 lifecam22 2920.78442383 5224.28271484 0.157932579517
1478191585710 lifecam22 2920.49243164 5224.36572266 0.15910166502
1478191585776 lifecam22 2920.67016602 5224.36083984 0.158793896437
