1477666135079 lifecam22 3360.55395508 4779.52783203 4.71287918091
1477666135145 lifecam22 3360.44873047 4779.81103516 4.71557378769
1477666135213 lifecam22 3360.39916992 4779.89257812 4.71634817123
1477666135281 lifecam22 3360.68383789 4780.87255859 4.72559785843
1477666135347 lifecam22 3360.69018555 4780.85351562 4.72541952133
1477666135415 lifecam22 3360.62866211 4780.66796875 4.72367715836
1477666135480 lifecam22 3360.6184082 4780.49072266 4.72200202942
1477666135545 lifecam22 3360.41650391 4780.03564453 4.71770143509
1477666135612 lifecam22 3360.62866211 4780.66796875 4.72367715836
1477666135682 lifecam22 3360.68481445 4780.31054688 4.72136878967
1477666135814 lifecam22 3360.41650391 4780.03564453 4.71770143509
1477666135882 lifecam22 3360.59619141 4780.47021484 4.72180986404
1477666135948 lifecam22 3360.49389648 4780.25927734 4.71982097626
1477666136013 lifecam22 3360.50146484 4780.51171875 4.72220182419
1477666136084 lifecam22 3360.39916992 4779.89257812 4.71634817123
1477666136149 lifecam22 3360.55395508 4779.52783203 4.71287918091
1477666136213 lifecam22 3360.55395508 4779.52783203 4.71287918091
1477666136282 lifecam22 3360.55395508 4779.52783203 4.71287918091
1477666136350 lifecam22 3360.55395508 4779.52783203 4.71287918091
1477666136414 lifecam22 3360.55395508 4779.52783203 4.71287918091
1477666136483 lifecam22 3360.55395508 4779.52783203 4.71287918091
1477666136549 lifecam22 3360.55395508 4779.52783203 4.71287918091
1477666136613 lifecam22 3360.55395508 4779.52783203 4.71287918091
1477666136681 lifecam22 3360.55395508 4779.52783203 4.71287918091
1477666136749 lifecam22 3360.55395508 4779.52783203 4.71287918091
1477666136829 lifecam22 3360.55395508 4779.52783203 4.71287918091
1477666136881 lifecam22 3360.55395508 4779.52783203 4.71287918091
1477666136952 lifecam22 3360.55395508 4779.52783203 4.71287918091
1477666137016 lifecam22 3360.55395508 4779.52783203 4.71287918091
1477666137083 lifecam22 3360.45361328 4779.68945312 4.71441841125
1477666137217 lifecam22 3360.49731445 4780.50341797 4.72080659866
1477666137281 lifecam22 3360.39916992 4779.89257812 4.71634817123
1477666137349 lifecam22 3359.45605469 4779.87304688 4.71616125107
1477666137417 lifecam22 3360.4387207 4780.05566406 4.71789264679
1477666137486 lifecam22 3360.55395508 4779.52783203 4.71287918091
1477666137550 lifecam22 3360.44750977 4782.13964844 4.73742961884
1477666137616 lifecam22 3346.55419922 4779.52783203 4.71288156509
1477666137684 lifecam22 3339.55419922 4779.52783203 4.71288108826
1477666137752 lifecam22 3339.03417969 4783.30810547 4.74585437775
1477666137817 lifecam22 3331.51757812 4783.44287109 4.74896240234
1477666137890 lifecam22 3326.71679688 4783.70019531 4.75338935852
1477666137949 lifecam22 3320.77148438 4784.10742188 4.76329755783
1477666138016 lifecam22 3314.13671875 4784.04101562 4.76656246185
1477666138087 lifecam22 3308.27709961 4783.99951172 4.77428865433
1477666138151 lifecam22 3303.42675781 4785.14746094 4.78411149979
1477666138217 lifecam22 3297.43554688 4785.84472656 4.79248571396
1477666138284 lifecam22 3292.08520508 4786.30566406 4.79693651199
1477666138354 lifecam22 3286.24243164 4786.32519531 4.80424499512
1477666138417 lifecam22 3280.28613281 4786.01708984 4.8095998764
1477666138485 lifecam22 3274.07739258 4786.19970703 4.81685400009
1477666138554 lifecam22 3269.67089844 4786.16455078 4.82708930969
1477666138618 lifecam22 3263.37988281 4786.71240234 4.83408641815
1477666138683 lifecam22 3257.73681641 4785.45947266 4.83519124985
1477666138753 lifecam22 3252.67016602 4786.42724609 4.84473133087
1477666138817 lifecam22 3246.13012695 4784.80175781 4.8419675827
1477666138885 lifecam22 3240.96850586 4786.18408203 4.85868549347
1477666138953 lifecam22 3235.47851562 4786.66162109 4.86634302139
1477666139020 lifecam22 3229.1315918 4786.02246094 4.87096977234
1477666139084 lifecam22 3223.45776367 4786.16162109 4.87939739227
1477666139152 lifecam22 3218.2175293 4785.87841797 4.88593053818
1477666139221 lifecam22 3211.64990234 4784.90283203 4.88811302185
1477666139352 lifecam22 3200.40722656 4784.11621094 4.90264081955
1477666139420 lifecam22 3194.54296875 4783.86132812 4.91008663177
1477666139486 lifecam22 3188.22143555 4783.40869141 4.91513299942
1477666139552 lifecam22 3182.38525391 4782.16308594 4.91926240921
1477666139622 lifecam22 3176.82543945 4781.64501953 4.9240398407
1477666139688 lifecam22 3170.77172852 4780.42431641 4.92961740494
1477666139752 lifecam22 3165.18164062 4779.734375 4.93678617477
1477666139820 lifecam22 3158.89746094 4779.54736328 4.94111633301
1477666139889 lifecam22 3152.65209961 4778.67919922 4.94950580597
1477666139952 lifecam22 3147.18896484 4778.74560547 4.95922613144
1477666140022 lifecam22 3141.75024414 4777.59716797 4.96498250961
1477666140087 lifecam22 3136.64453125 4778.22021484 4.97825479507
1477666140153 lifecam22 3130.47949219 4776.47607422 4.98137569427
1477666140221 lifecam22 3125.06005859 4776.32763672 4.98917579651
1477666140287 lifecam22 3119.42773438 4774.54101562 4.99455404282
1477666140361 lifecam22 3114.13305664 4774.40771484 5.0048789978
1477666140420 lifecam22 3108.22436523 4771.9609375 5.00763368607
1477666140488 lifecam22 3103.42724609 4771.49951172 5.01390171051
1477666140556 lifecam22 3097.68530273 4769.19921875 5.01844644547
1477666140620 lifecam22 3091.94604492 4768.48779297 5.02409887314
1477666140755 lifecam22 3080.23779297 4765.76513672 5.03649997711
1477666140822 lifecam22 3074.4609375 4765.765625 5.04688215256
1477666140887 lifecam22 3069.58007812 4764.890625 5.05604600906
1477666140955 lifecam22 3063.58178711 4763.50439453 5.06169843674
1477666141021 lifecam22 3058.09472656 4761.88525391 5.06519031525
1477666141088 lifecam22 3052.82421875 4761.02539062 5.0764632225
1477666141158 lifecam22 3046.98071289 4760.25537109 5.08315420151
1477666141227 lifecam22 3040.83984375 4758.51611328 5.08913898468
1477666141288 lifecam22 3035.76708984 4756.46533203 5.09334182739
1477666141356 lifecam22 3029.9309082 4754.19824219 5.09568452835
1477666141423 lifecam22 3024.75 4752.65917969 5.10340166092
1477666141489 lifecam22 3018.90405273 4750.31689453 5.10623979568
1477666141555 lifecam22 3013.35571289 4748.63720703 5.11103820801
1477666141625 lifecam22 3007.9987793 4746.97949219 5.11869478226
1477666141691 lifecam22 3002.62939453 4746.65332031 5.12942790985
1477666141760 lifecam22 2996.80957031 4744.52148438 5.13296747208
1477666141822 lifecam22 2991.62036133 4742.63525391 5.14252853394
1477666141890 lifecam22 2985.60302734 4741.11816406 5.15204048157
1477666141956 lifecam22 2980.49389648 4738.53857422 5.15699863434
1477666142023 lifecam22 2974.7578125 4737.56103516 5.16437292099
1477666142098 lifecam22 2969.60839844 4734.98632812 5.16819429398
1477666142156 lifecam22 2964.08129883 4733.33886719 5.17482089996
1477666142223 lifecam22 2959.44262695 4731.27392578 5.18277788162
1477666142291 lifecam22 2954.43212891 4729.06689453 5.19007110596
1477666142357 lifecam22 2947.90063477 4726.25585938 5.1952624321
1477666142492 lifecam22 2936.76757812 4721.15527344 5.20129346848
1477666142559 lifecam22 2931.96069336 4720.34179688 5.21341133118
1477666142623 lifecam22 2926.49780273 4718.75048828 5.22359800339
1477666142693 lifecam22 2921.47192383 4716.74755859 5.22912931442
1477666142762 lifecam22 2915.85400391 4714.32080078 5.23752784729
1477666142823 lifecam22 2911.10205078 4712.86132812 5.24792671204
1477666142892 lifecam22 2905.22216797 4710.27783203 5.25255012512
1477666142960 lifecam22 2899.5859375 4707.91357422 5.26020765305
1477666143024 lifecam22 2894.13916016 4704.62207031 5.26020765305
1477666143094 lifecam22 2889.60351562 4702.0078125 5.2668838501
1477666143161 lifecam22 2884.81469727 4700.16064453 5.27485561371
1477666143226 lifecam22 2879.11547852 4697.66064453 5.28520393372
1477666143292 lifecam22 2874.20239258 4694.73681641 5.2890753746
1477666143360 lifecam22 2868.61474609 4691.47216797 5.29157304764
1477666143425 lifecam22 2863.25488281 4690.21630859 5.30675172806
1477666143558 lifecam22 2852.31396484 4683.22558594 5.31298732758
1477666143627 lifecam22 2847.59082031 4681.07128906 5.32038593292
1477666143693 lifecam22 2843.13476562 4677.89111328 5.32486820221
1477666143758 lifecam22 2838.19091797 4675.82958984 5.33484268188
1477666143828 lifecam22 2833.31933594 4672.44824219 5.3385219574
1477666143896 lifecam22 2828.19799805 4669.04101562 5.34290790558
1477666143961 lifecam22 2824.19628906 4666.37304688 5.34936952591
1477666144027 lifecam22 2818.33178711 4663.11132812 5.35594081879
1477666144092 lifecam22 2813.578125 4660.15917969 5.35785007477
1477666144159 lifecam22 2809.09228516 4657.72314453 5.37131643295
1477666144226 lifecam22 2803.56152344 4655.64794922 5.37933349609
1477666144294 lifecam22 2798.44360352 4650.42675781 5.37754631042
1477666144361 lifecam22 2793.67285156 4649.83496094 5.3949713707
1477666144427 lifecam22 2788.96411133 4646.359375 5.40085744858
1477666144494 lifecam22 2783.47314453 4642.57958984 5.40521240234
1477666144569 lifecam22 2778.953125 4640.17333984 5.41461038589
1477666144627 lifecam22 2774.43774414 4636.66455078 5.41951322556
1477666144695 lifecam22 2769.54516602 4634.69091797 5.43379735947
1477666144760 lifecam22 2764.375 4631.45751953 5.43609380722
1477666144828 lifecam22 2759.41699219 4628.07177734 5.44602584839
1477666144964 lifecam22 2750.33154297 4619.93847656 5.44507884979
1477666145030 lifecam22 2746.27539062 4617.74414062 5.46510028839
1477666145094 lifecam22 2740.42114258 4612.78564453 5.45749950409
1477666145165 lifecam22 2735.18969727 4611.24707031 5.48465633392
1477666145228 lifecam22 2730.93286133 4607.40185547 5.47974634171
1477666145294 lifecam22 2727.18408203 4603.72119141 5.48425340652
1477666145363 lifecam22 2721.11914062 4598.52050781 5.49456930161
1477666145413 lifecam20 2665.36816406 4599.85546875 5.50989723206
1477666145429 lifecam22 2663.6953125 4598.16503906 5.51080179214
1477666145477 lifecam20 2662.18261719 4594.8125 5.50210571289
1477666145496 lifecam22 2660.18408203 4594.36083984 5.51191329956
1477666145545 lifecam20 2658.06591797 4591.92578125 5.50997447968
1477666145562 lifecam22 2655.53173828 4589.59960938 5.51291799545
1477666145614 lifecam20 2652.90332031 4588.06835938 5.51787853241
1477666145628 lifecam22 2650.59838867 4585.12304688 5.51306915283
1477666145677 lifecam20 2648.30273438 4583.68603516 5.51966762543
1477666145697 lifecam22 2646.41796875 4582.19482422 5.52415180206
1477666145746 lifecam20 2644.37353516 4579.92871094 5.5222325325
1477666145763 lifecam22 2641.99926758 4578.22070312 5.52914810181
1477666145813 lifecam20 2639.66723633 4576.703125 5.53398609161
1477666145830 lifecam22 2637.84472656 4575.51025391 5.5405626297
1477666145881 lifecam20 2635.30224609 4572.66894531 5.53957366943
1477666145895 lifecam22 2633.17919922 4570.56152344 5.54257297516
1477666146013 lifecam20 2628.80029297 4568.02539062 5.55645895004
1477666146030 lifecam22 2623.79882812 4563.85546875 5.56040906906
1477666146082 lifecam20 2621.5390625 4562.08789062 5.56455373764
1477666146095 lifecam22 2619.36181641 4560.6640625 5.57073688507
1477666146146 lifecam20 2617.27880859 4557.94628906 5.56971311569
1477666146163 lifecam22 2615.29248047 4556.33935547 5.5722527504
1477666146214 lifecam20 2613.03955078 4554.63818359 5.57737636566
1477666146231 lifecam22 2611.26220703 4551.64892578 5.57863712311
1477666146283 lifecam20 2609.23364258 4550.05761719 5.58093643188
1477666146297 lifecam22 2606.61865234 4549.16699219 5.58932542801
1477666146346 lifecam20 2604.52880859 4547.32519531 5.59540557861
1477666146363 lifecam22 2602.69750977 4544.23046875 5.59345293045
1477666146414 lifecam20 2600.0703125 4542.63427734 5.59876441956
1477666146432 lifecam22 2597.64404297 4541.05175781 5.6043214798
1477666146481 lifecam20 2595.85351562 4538.47265625 5.60511302948
1477666146498 lifecam22 2593.83374023 4536.88671875 5.60890769958
1477666146543 lifecam20 2591.59667969 4535.39404297 5.6121673584
1477666146564 lifecam22 2589.58544922 4533.97705078 5.61860847473
1477666146613 lifecam20 2587.55664062 4531.09277344 5.61885738373
1477666146632 lifecam22 2585.171875 4528.16210938 5.61889410019
1477666146683 lifecam20 2583.04882812 4526.90234375 5.62560272217
1477666146699 lifecam22 2581.03149414 4525.38623047 5.62979888916
1477666146751 lifecam20 2578.89331055 4523.21972656 5.6330447197
1477666146763 lifecam22 2577.06103516 4521.54492188 5.63773679733
1477666146814 lifecam20 2574.81933594 4519.19628906 5.63949871063
1477666146831 lifecam22 2572.73632812 4518.16064453 5.64849376678
1477666146882 lifecam20 2570.71972656 4516.55664062 5.65325975418
1477666146898 lifecam22 2568.54980469 4515.61914062 5.66507911682
1477666146949 lifecam20 2566.30810547 4513.2890625 5.66792201996
1477666147043 lifecam22 2562.25756836 4511.67675781 5.68658304214
1477666147083 lifecam20 2558.40966797 4507.05761719 5.69241905212
1477666147149 lifecam20 2556.41748047 4505.140625 5.69651317596
1477666147168 lifecam22 2552.83666992 4504.19628906 5.72022819519
1477666147213 lifecam20 2551.55566406 4501.13232422 5.71793842316
1477666147281 lifecam20 2549.18554688 4499.24316406 5.72437620163
1477666147351 lifecam20 2488.07446289 4481.85058594 5.6780962944
1477666147419 lifecam20 2483.58764648 4477.10644531 5.68839788437
1477666147482 lifecam20 2479.96386719 4472.93261719 5.69321346283
1477666147550 lifecam20 2476.24487305 4467.40332031 5.6956076622
1477666147567 lifecam22 2529.82128906 4467.29736328 5.68624067307
1477666147618 lifecam20 2527.97412109 4465.82324219 5.6908326149
1477666147681 lifecam20 2526.17871094 4462.98828125 5.69294261932
1477666147753 lifecam20 2464.45214844 4455.32373047 5.72180271149
1477666147817 lifecam20 2461.33959961 4450.52050781 5.72970485687
1477666147881 lifecam20 2456.68554688 4446.20947266 5.73278284073
1477666147949 lifecam20 2453.50952148 4441.3125 5.74311161041
1477666148018 lifecam20 2449.43041992 4438.48583984 5.7553024292
1477666148149 lifecam20 2442.97314453 4429.18115234 5.76568222046
1477666148219 lifecam20 2438.24169922 4424.21679688 5.78000688553
1477666148286 lifecam20 2435.14208984 4419.34082031 5.78361129761
1477666148349 lifecam20 2432.49755859 4414.12304688 5.78599834442
1477666148416 lifecam20 2429.44726562 4409.37548828 5.79009199142
1477666148486 lifecam20 2425.7331543 4404.23242188 5.79240989685
1477666148551 lifecam20 2422.22460938 4398.74023438 5.80368375778
1477666148619 lifecam20 2418.42626953 4394.21044922 5.80908060074
1477666148687 lifecam20 2414.98876953 4389.4375 5.81273269653
1477666148752 lifecam20 2411.34228516 4385.35253906 5.81917572021
1477666148887 lifecam20 2405.24902344 4375.38818359 5.83333492279
1477666148953 lifecam20 2402.00683594 4371.03613281 5.84583473206
1477666149017 lifecam20 2399.31201172 4366.30126953 5.84681415558
1477666149084 lifecam20 2396.51025391 4360.79296875 5.85365915298
1477666149153 lifecam20 2393.21459961 4355.59472656 5.86375284195
1477666149217 lifecam20 2390.82055664 4349.79199219 5.86328172684
1477666149284 lifecam20 2387.5456543 4345.265625 5.87241172791
1477666149352 lifecam20 2385.49829102 4339.25341797 5.87393283844
1477666149417 lifecam20 2382.73071289 4333.78076172 5.8798456192
1477666149485 lifecam20 2379.62890625 4329.32714844 5.8869843483
1477666149553 lifecam20 2376.6003418 4323.92041016 5.89193296432
1477666149623 lifecam20 2373.56762695 4319.22802734 5.90099287033
1477666149687 lifecam20 2370.21728516 4314.67431641 5.91189718246
1477666149755 lifecam20 2367.85205078 4308.94921875 5.91730546951
1477666149823 lifecam20 2364.1784668 4305.03759766 5.92664670944
1477666149954 lifecam20 2359.13256836 4294.34472656 5.93904590607
1477666150022 lifecam20 2356.64916992 4288.02490234 5.94396543503
1477666150084 lifecam20 2354.0078125 4283.87646484 5.95270824432
1477666150153 lifecam20 2350.48583984 4277.98388672 5.96511316299
1477666150221 lifecam20 2349.27124023 4273.17724609 5.96455049515
1477666150288 lifecam20 2346.59521484 4268.22753906 5.97008705139
1477666150352 lifecam20 2344.23876953 4263.09912109 5.9781703949
1477666150420 lifecam20 2341.36474609 4257.390625 5.98540258408
1477666150488 lifecam20 2338.58935547 4251.81835938 5.99379110336
1477666150552 lifecam20 2335.70117188 4246.87939453 6.00200462341
1477666150621 lifecam20 2333.95043945 4241.92138672 6.00720977783
1477666150688 lifecam20 2330.9831543 4235.67089844 6.01354789734
1477666150753 lifecam20 2329.83178711 4230.84326172 6.01893472672
1477666150823 lifecam20 2327.7890625 4225.16113281 6.02365398407
1477666150890 lifecam20 2325.9296875 4220.29541016 6.03214788437
1477666150955 lifecam20 2324.44775391 4214.75439453 6.03502035141
1477666151022 lifecam20 2322.13818359 4208.54589844 6.03935813904
1477666151089 lifecam20 2321.04223633 4201.87939453 6.04017210007
1477666151156 lifecam20 2319.00561523 4196.09375 6.04506444931
1477666151221 lifecam20 2317.51977539 4190.625 6.05449390411
1477666151289 lifecam20 2314.46899414 4186.03076172 6.06454181671
1477666151359 lifecam20 2312.95092773 4180.31591797 6.07036876678
1477666151421 lifecam20 2310.72900391 4174.66845703 6.0793466568
1477666151489 lifecam20 2308.05517578 4169.73974609 6.09005641937
1477666151558 lifecam20 2306.86669922 4164.21191406 6.09089326859
1477666151620 lifecam20 2304.8762207 4158.88720703 6.10453701019
1477666151689 lifecam20 2302.71484375 4152.94140625 6.1120839119
1477666151756 lifecam20 2300.8269043 4147.74414062 6.12020683289
1477666151824 lifecam20 2300.05615234 4142.17138672 6.11958837509
1477666151889 lifecam20 2298.03588867 4136.453125 6.1247587204
1477666151957 lifecam20 2297.33081055 4130.77832031 6.13334274292
1477666152025 lifecam20 2294.57885742 4125.61523438 6.14292526245
1477666152088 lifecam20 2294.11547852 4119.41064453 6.14703178406
1477666152156 lifecam20 2292.59765625 4114.13720703 6.15195703506
1477666152224 lifecam20 2290.61694336 4108.3203125 6.16363239288
1477666152288 lifecam20 2288.98608398 4102.44189453 6.16722106934
1477666152424 lifecam20 2285.84960938 4091.98583984 6.18470335007
1477666152488 lifecam20 2285.35083008 4085.46459961 6.18732213974
1477666152557 lifecam20 2283.72167969 4080.08569336 6.19624710083
1477666152626 lifecam20 2282.91137695 4074.40356445 6.20204114914
1477666152692 lifecam20 2281.58129883 4068.95898438 6.20796585083
1477666152756 lifecam20 2280.57958984 4064.34350586 6.21661520004
1477666152824 lifecam20 2280.83691406 4057.49560547 6.21576309204
1477666152892 lifecam20 2279.43115234 4052.28149414 6.22416210175
1477666152955 lifecam20 2279.41748047 4045.59301758 6.22449159622
1477666153024 lifecam20 2278.21020508 4039.38183594 6.23249912262
1477666153092 lifecam20 2277.49633789 4033.9375 6.24103879929
1477666153156 lifecam20 2277.34130859 4027.15209961 6.24292087555
1477666153224 lifecam20 2276.95166016 4021.06420898 6.24706411362
1477666153293 lifecam20 2278.43359375 4017.01953125 6.23776388168
1477666153360 lifecam20 2278.41015625 4018.61108398 6.23619890213
1477666153425 lifecam20 2278.31469727 4017.52172852 6.23784446716
1477666153491 lifecam20 2278.64331055 4017.82495117 6.2362036705
1477666153560 lifecam20 2278.56396484 4017.76147461 6.23561143875
1477666153623 lifecam20 2278.47290039 4017.75195312 6.23776865005
1477666153691 lifecam20 2278.47290039 4017.75195312 6.23776865005
1477666153764 lifecam20 2278.49633789 4017.70336914 6.23622083664
1477666153823 lifecam20 2278.69946289 4017.87792969 6.23439645767
