1477665152888 lifecam22 3364.4921875 4777.55517578 4.70236539841
1477665152954 lifecam22 3364.18359375 4776.98535156 4.69839143753
1477665153028 lifecam22 3363.92114258 4776.73730469 4.69735431671
1477665153093 lifecam22 3364.05175781 4777.00146484 4.6985077858
1477665153162 lifecam22 3364.36108398 4777.29394531 4.69995689392
1477665153222 lifecam22 3364.59863281 4777.66650391 4.70080804825
1477665153286 lifecam22 3365.15673828 4776.76953125 4.69793462753
1477665153361 lifecam22 3365.47192383 4776.78320312 4.69813251495
1477665153422 lifecam22 3365.47192383 4776.78320312 4.69813251495
1477665153486 lifecam22 3362.59082031 4778.91845703 4.70706367493
1477665153561 lifecam22 3365.49853516 4781.07519531 4.72750282288
1477665153629 lifecam22 3365.97827148 4780.27197266 4.71993732452
1477665153696 lifecam22 3365.76489258 4780.24511719 4.71968317032
1477665153761 lifecam22 3364.5480957 4779.34326172 4.71112108231
1477665153829 lifecam22 3365.97900391 4779.875 4.71617841721
1477665153895 lifecam22 3367.41650391 4780.03564453 4.71770048141
1477665153957 lifecam22 3366.36181641 4779.58837891 4.71345758438
1477665154032 lifecam22 3365.26196289 4779.20117188 4.7097659111
1477665154090 lifecam22 3360.55395508 4779.52783203 4.71287918091
1477665154154 lifecam22 3353.55444336 4779.52832031 4.71288299561
1477665154231 lifecam22 3346.55419922 4779.52783203 4.71288156509
1477665154291 lifecam22 3339.55419922 4779.52783203 4.71288108826
1477665154358 lifecam22 3332.96337891 4779.77001953 4.71518468857
1477665154429 lifecam22 3329.75292969 4781.70751953 4.73950099945
1477665154499 lifecam22 3324.34375 4782.47021484 4.74623823166
1477665154559 lifecam22 3321.14501953 4783.07177734 4.77032279968
1477665154623 lifecam22 3314.62939453 4783.01660156 4.769551754
1477665154697 lifecam22 3308.01513672 4782.11425781 4.76606321335
1477665154759 lifecam22 3300.90454102 4780.92529297 4.76322984695
1477665154822 lifecam22 3295.89624023 4781.70996094 4.77259778976
1477665154899 lifecam22 3289.45068359 4781.72802734 4.77644586563
1477665154959 lifecam22 3283.42285156 4782.67871094 4.78215742111
1477665155022 lifecam22 3278.14038086 4782.31640625 4.78741788864
1477665155097 lifecam22 3271.765625 4783.03320312 4.79862689972
1477665155159 lifecam22 3266.15063477 4782.67285156 4.80320072174
1477665155234 lifecam22 3259.84375 4782.50244141 4.80797052383
1477665155291 lifecam22 3255.07299805 4783.05859375 4.81946229935
1477665155366 lifecam22 3249.56225586 4783.62402344 4.82611703873
1477665155427 lifecam22 3244.02905273 4784.02539062 4.8372335434
1477665155490 lifecam22 3238.89306641 4784.02294922 4.84412336349
1477665155565 lifecam22 3231.7331543 4783.14599609 4.84403657913
1477665155627 lifecam22 3225.84643555 4782.36914062 4.84799528122
1477665155690 lifecam22 3220.23535156 4783.0078125 4.85363149643
1477665155766 lifecam22 3214.86376953 4782.79833984 4.86510419846
1477665155828 lifecam22 3208.99902344 4783.96826172 4.87431669235
1477665155894 lifecam22 3202.86987305 4782.77929688 4.88027143478
1477665155965 lifecam22 3197.0847168 4782.57519531 4.88299417496
1477665156033 lifecam22 3191.32958984 4782.85400391 4.89451408386
1477665156095 lifecam22 3186.75610352 4782.39013672 4.9018201828
1477665156158 lifecam22 3180.20922852 4781.796875 4.90588617325
1477665156233 lifecam22 3175.02563477 4781.34716797 4.91399478912
1477665156293 lifecam22 3169.61669922 4780.79003906 4.91808176041
1477665156357 lifecam22 3163.20263672 4779.70166016 4.92390489578
1477665156426 lifecam22 3157.66381836 4779.37988281 4.93195581436
1477665156494 lifecam22 3151.86132812 4778.95996094 4.93838787079
1477665156557 lifecam22 3146.09985352 4778.02246094 4.94007873535
1477665156634 lifecam22 3140.1159668 4777.31298828 4.94940137863
1477665156694 lifecam22 3134.72338867 4777.95605469 4.96056652069
1477665156768 lifecam22 3129.23925781 4776.81445312 4.96487188339
1477665156832 lifecam22 3122.32470703 4775.45947266 4.96643924713
1477665156901 lifecam22 3117.23510742 4773.80224609 4.97098302841
1477665156962 lifecam22 3111.11523438 4772.69238281 4.97803020477
1477665157026 lifecam22 3105.76416016 4771.88378906 4.98682975769
1477665157101 lifecam22 3100.13110352 4770.21337891 4.99365663528
1477665157161 lifecam22 3094.43115234 4769.44824219 5.00159978867
1477665157225 lifecam22 3088.71337891 4767.96826172 5.00306797028
1477665157302 lifecam22 3082.70043945 4767.07324219 5.01270389557
1477665157362 lifecam22 3077.43701172 4766.22167969 5.01720285416
1477665157436 lifecam22 3071.43505859 4764.50683594 5.02120733261
1477665157502 lifecam22 3066.63085938 4764.77050781 5.03728675842
1477665157562 lifecam22 3060.88012695 4763.72412109 5.04433679581
1477665157637 lifecam22 3055.25341797 4762.64160156 5.05036973953
1477665157693 lifecam22 3049.59228516 4761.23095703 5.05471515656
1477665157768 lifecam22 3043.90063477 4760.31494141 5.06038093567
1477665157829 lifecam22 3037.81689453 4757.57958984 5.06287622452
1477665157893 lifecam22 3033.26147461 4757.67529297 5.07449293137
1477665157968 lifecam22 3027.4934082 4755.16503906 5.08049201965
1477665158037 lifecam22 3021.99926758 4753.78076172 5.08376121521
1477665158097 lifecam22 3016.7109375 4752.64892578 5.09476947784
1477665158169 lifecam22 3011.76660156 4750.73291016 5.10005760193
1477665158239 lifecam22 3005.48730469 4750.17822266 5.10683870316
1477665158298 lifecam22 3001.17407227 4746.98291016 5.10795116425
1477665158369 lifecam22 2995.02807617 4746.69677734 5.12014007568
1477665158430 lifecam22 2989.45288086 4744.27685547 5.12572383881
1477665158504 lifecam22 2983.12768555 4742.97949219 5.13044166565
1477665158562 lifecam22 2977.875 4741.08447266 5.13759040833
1477665158637 lifecam22 2972.3269043 4739.50830078 5.14707183838
1477665158698 lifecam22 2967.45678711 4738.47998047 5.15561437607
1477665158762 lifecam22 2962.73291016 4736.81640625 5.16216516495
1477665158838 lifecam22 2955.77563477 4734.05175781 5.16694164276
1477665158897 lifecam22 2949.97314453 4731.80810547 5.17018985748
1477665158965 lifecam22 2944.2331543 4729.09765625 5.17442798615
1477665159036 lifecam22 2940.46435547 4728.51367188 5.19041824341
1477665159105 lifecam22 2934.33569336 4725.52392578 5.19086885452
1477665159165 lifecam22 2928.83862305 4723.65429688 5.20105743408
1477665159229 lifecam22 2923.1862793 4721.20019531 5.20480585098
1477665159304 lifecam22 2918.43237305 4718.81494141 5.20817184448
1477665159366 lifecam22 2912.95239258 4717.47509766 5.2188334465
1477665159430 lifecam22 2907.51855469 4714.76220703 5.22080373764
1477665159504 lifecam22 2901.68481445 4712.31982422 5.23200416565
1477665159566 lifecam22 2897.01196289 4710.69042969 5.24130630493
1477665159633 lifecam22 2891.49462891 4707.41162109 5.24159240723
1477665159706 lifecam22 2886.23217773 4706.03710938 5.25252437592
1477665159774 lifecam22 2880.77734375 4702.78076172 5.25849485397
1477665159832 lifecam22 2876.3203125 4700.79296875 5.26399946213
1477665159898 lifecam22 2870.99243164 4697.49316406 5.26901102066
1477665159964 lifecam22 2866.0949707 4695.94726562 5.27819299698
1477665160034 lifecam22 2860.67285156 4691.84228516 5.27677726746
1477665160098 lifecam22 2855.7878418 4690.75439453 5.29017543793
1477665160165 lifecam22 2851.19848633 4688.02978516 5.29789066315
1477665160232 lifecam22 2845.89257812 4685.15771484 5.30195903778
1477665160298 lifecam22 2840.5144043 4683.73046875 5.31427907944
1477665160372 lifecam22 2835.51342773 4680.77734375 5.31909894943
1477665160433 lifecam22 2829.81958008 4677.9921875 5.32435798645
1477665160501 lifecam22 2825.4675293 4674.95068359 5.33152484894
1477665160566 lifecam22 2820.45507812 4673.05957031 5.33959102631
1477665160636 lifecam22 2814.88745117 4669.78808594 5.34633159637
1477665160701 lifecam22 2809.84570312 4667.49853516 5.35566043854
1477665160766 lifecam22 2804.1730957 4663.21679688 5.35769987106
1477665160833 lifecam22 2799.73803711 4660.33251953 5.36288881302
1477665160900 lifecam22 2794.84350586 4657.2421875 5.36768627167
1477665160966 lifecam22 2790.1875 4653.98193359 5.37605237961
1477665161033 lifecam22 2784.71020508 4649.24072266 5.37390851974
1477665161101 lifecam22 2779.56054688 4647.10058594 5.3847284317
1477665161169 lifecam22 2775.49584961 4645.04980469 5.39385128021
1477665161234 lifecam22 2769.58203125 4640.94824219 5.40277957916
1477665161301 lifecam22 2764.76586914 4637.76416016 5.40439414978
1477665161369 lifecam22 2760.74243164 4635.71582031 5.4147644043
1477665161435 lifecam22 2756.22558594 4631.48681641 5.41901683807
1477665161502 lifecam22 2751.12304688 4628.39794922 5.42514896393
1477665161569 lifecam22 2746.75683594 4625.71435547 5.43851089478
1477665161701 lifecam22 2738.00073242 4617.86328125 5.44152736664
1477665161770 lifecam22 2732.87353516 4616.45361328 5.45950031281
1477665161839 lifecam22 2729.16918945 4612.90283203 5.46341228485
1477665161901 lifecam22 2724.1796875 4608.12841797 5.46184158325
1477665161968 lifecam22 2718.5546875 4605.77490234 5.47988796234
1477665162036 lifecam22 2714.72094727 4602.57470703 5.4841299057
1477665162086 lifecam20 2657.11206055 4604.83398438 5.51424074173
1477665162149 lifecam20 2655.41503906 4601.58105469 5.50460672379
1477665162168 lifecam22 2650.68261719 4597.92089844 5.51208209991
1477665162215 lifecam20 2648.97729492 4595.99511719 5.5132932663
1477665162236 lifecam22 2646.57275391 4594.40234375 5.51748275757
1477665162282 lifecam20 2644.9831543 4591.28613281 5.50735759735
1477665162301 lifecam22 2642.41870117 4590.25390625 5.515229702
1477665162346 lifecam20 2639.89038086 4588.09960938 5.5180811882
1477665162376 lifecam22 2637.69042969 4585.05371094 5.51253843307
1477665162414 lifecam20 2634.68383789 4584.1640625 5.52204942703
1477665162444 lifecam22 2632.23730469 4582.84423828 5.52832460403
1477665162483 lifecam20 2630.05981445 4580.859375 5.52789926529
1477665162500 lifecam22 2628.00439453 4579.78417969 5.53725528717
1477665162546 lifecam20 2625.89550781 4578.30175781 5.54106855392
1477665162576 lifecam22 2623.96899414 4575.74902344 5.53971385956
1477665162614 lifecam20 2621.15722656 4573.26660156 5.54237604141
1477665162643 lifecam22 2618.93896484 4572.24609375 5.55276107788
1477665162683 lifecam20 2617.41796875 4569.96337891 5.55286931992
1477665162705 lifecam22 2615.64038086 4566.59082031 5.54742670059
1477665162746 lifecam20 2613.43066406 4565.24707031 5.55386590958
1477665162776 lifecam22 2610.81933594 4563.50195312 5.55805397034
1477665162814 lifecam20 2608.56396484 4560.85253906 5.55852365494
1477665162836 lifecam22 2606.09277344 4558.6015625 5.56115198135
1477665162882 lifecam20 2603.54907227 4556.63232422 5.56410837173
1477665162911 lifecam22 2601.73510742 4554.74414062 5.56801891327
1477665162949 lifecam20 2599.44873047 4552.25488281 5.56943845749
1477665162968 lifecam22 2596.91186523 4550.43066406 5.57383060455
1477665163015 lifecam20 2595.21582031 4549.16796875 5.58073043823
1477665163039 lifecam22 2593.26977539 4547.10644531 5.5841960907
1477665163082 lifecam20 2591.09960938 4545.13769531 5.58650064468
1477665163112 lifecam22 2588.91357422 4543.33789062 5.58936786652
1477665163151 lifecam20 2586.55029297 4541.30761719 5.59396457672
1477665163169 lifecam22 2584.54638672 4539.40722656 5.60012292862
1477665163214 lifecam20 2582.53857422 4537.453125 5.60201215744
1477665163244 lifecam22 2580.94702148 4535.390625 5.60312080383
1477665163282 lifecam20 2579.09716797 4532.99365234 5.60747241974
1477665163305 lifecam22 2577.20947266 4531.14550781 5.61135530472
1477665163350 lifecam20 2575.10839844 4529.046875 5.61236715317
1477665163413 lifecam20 2573.43164062 4526.60449219 5.61380004883
1477665163444 lifecam22 2569.45605469 4522.25146484 5.62127113342
1477665163482 lifecam20 2567.33251953 4520.52246094 5.62490558624
1477665163512 lifecam22 2565.20849609 4518.6796875 5.62681865692
1477665163551 lifecam20 2563.10498047 4516.47998047 5.63108825684
1477665163573 lifecam22 2561.50024414 4514.57080078 5.63349723816
1477665163614 lifecam20 2559.53662109 4512.67822266 5.63662290573
1477665163639 lifecam22 2557.65136719 4511.453125 5.64674282074
1477665163682 lifecam20 2555.81201172 4508.94433594 5.64793205261
1477665163711 lifecam22 2553.49365234 4508.87744141 5.66146421432
1477665163750 lifecam20 2551.46679688 4507.09082031 5.66722679138
1477665163771 lifecam22 2549.72705078 4506.71826172 5.68113279343
1477665163818 lifecam20 2547.25830078 4504.66210938 5.68488788605
1477665163835 lifecam22 2545.11767578 4503.2734375 5.68810892105
1477665163881 lifecam20 2543.61206055 4501.21337891 5.69215011597
1477665163911 lifecam22 2541.77734375 4501.61816406 5.71221065521
1477665163950 lifecam20 2539.35986328 4499.90820312 5.71649932861
1477665164017 lifecam20 2537.86962891 4497.62402344 5.71982717514
1477665164082 lifecam20 2474.71435547 4481.33984375 5.68096923828
1477665164150 lifecam20 2470.48706055 4477.45996094 5.69459342957
1477665164218 lifecam20 2466.35083008 4473.15332031 5.70025968552
1477665164281 lifecam20 2462.63574219 4468.91992188 5.70703744888
1477665164350 lifecam20 2459.00488281 4465.67285156 5.71454381943
1477665164417 lifecam20 2455.44921875 4460.26660156 5.72251796722
1477665164485 lifecam20 2451.31884766 4455.66357422 5.7270565033
1477665164549 lifecam20 2447.7355957 4450.30712891 5.72775363922
1477665164618 lifecam20 2443.92456055 4445.72167969 5.7357301712
1477665164686 lifecam20 2439.77490234 4441.10546875 5.740275383
1477665164749 lifecam20 2436.93261719 4436.33544922 5.74739933014
1477665164817 lifecam20 2433.04199219 4431.93408203 5.75798654556
1477665164886 lifecam20 2430.59863281 4426.11132812 5.758705616
1477665164949 lifecam20 2427.17944336 4421.29443359 5.76567840576
1477665165018 lifecam20 2423.51293945 4417.22460938 5.77694225311
1477665165086 lifecam20 2420.70263672 4411.49707031 5.77631521225
1477665165153 lifecam20 2417.23583984 4406.32128906 5.78286409378
1477665165217 lifecam20 2414.73706055 4401.50488281 5.78307008743
1477665165286 lifecam20 2410.68383789 4396.51171875 5.79198408127
1477665165353 lifecam20 2407.375 4392.00976562 5.79966402054
1477665165417 lifecam20 2404.36010742 4387.79882812 5.80641889572
1477665165485 lifecam20 2401.01757812 4382.71826172 5.81798887253
1477665165554 lifecam20 2398.23364258 4378.28173828 5.82182168961
1477665165617 lifecam20 2394.3449707 4372.41796875 5.83085203171
1477665165685 lifecam20 2390.53466797 4371.26318359 5.85290336609
1477665165753 lifecam20 2387.59106445 4364.32666016 5.85207653046
1477665165817 lifecam20 2384.70581055 4359.47509766 5.85571336746
1477665165885 lifecam20 2381.5793457 4355.03515625 5.86767435074
1477665165954 lifecam20 2379.02905273 4349.49169922 5.87171077728
1477665166020 lifecam20 2375.41723633 4344.45654297 5.875872612
1477665166085 lifecam20 2373.11230469 4339.69873047 5.88431596756
1477665166153 lifecam20 2369.75390625 4334.35644531 5.88863897324
1477665166222 lifecam20 2367.19946289 4329.17626953 5.89261054993
1477665166285 lifecam20 2364.05737305 4323.68457031 5.89721632004
1477665166353 lifecam20 2360.9206543 4318.38964844 5.90304946899
1477665166421 lifecam20 2357.96533203 4314.19921875 5.91786003113
1477665166485 lifecam20 2355.04394531 4309.27441406 5.922311306
1477665166553 lifecam20 2352.50390625 4303.54052734 5.92510318756
1477665166622 lifecam20 2350.16552734 4297.29492188 5.93091917038
1477665166688 lifecam20 2347.59790039 4292.09863281 5.93534469604
1477665166753 lifecam20 2345.76879883 4286.71044922 5.94285058975
1477665166821 lifecam20 2344.12451172 4281.33642578 5.94828462601
1477665166890 lifecam20 2340.48681641 4276.53613281 5.95983934402
1477665166953 lifecam20 2339.10961914 4270.984375 5.96428918839
1477665167022 lifecam20 2335.90087891 4266.79931641 5.97425794601
1477665167089 lifecam20 2335.45263672 4260.44287109 5.97131347656
1477665167153 lifecam20 2332.27661133 4255.25341797 5.97949695587
1477665167221 lifecam20 2329.61547852 4250.68945312 5.99016427994
1477665167290 lifecam20 2327.62597656 4244.80419922 5.99842262268
1477665167353 lifecam20 2325.12475586 4239.90039062 6.0063958168
1477665167421 lifecam20 2323.56811523 4233.23925781 6.00623464584
1477665167489 lifecam20 2320.48632812 4228.93701172 6.01730537415
1477665167558 lifecam20 2319.03466797 4222.88671875 6.02357244492
1477665167621 lifecam20 2316.49365234 4217.84570312 6.03070878983
1477665167690 lifecam20 2314.17382812 4212.28955078 6.03954935074
1477665167757 lifecam20 2311.72607422 4207.69677734 6.04954528809
1477665167821 lifecam20 2310.27050781 4201.54541016 6.05457830429
1477665167889 lifecam20 2308.51416016 4196.62744141 6.05797147751
1477665167957 lifecam20 2305.640625 4191.53125 6.06826305389
1477665168021 lifecam20 2304.09716797 4186.77099609 6.07902240753
1477665168089 lifecam20 2302.11694336 4180.23876953 6.07994890213
1477665168157 lifecam20 2300.61010742 4174.38378906 6.08413171768
1477665168225 lifecam20 2297.75097656 4169.15771484 6.09440946579
1477665168288 lifecam20 2296.66601562 4163.83789062 6.10047578812
1477665168358 lifecam20 2295.359375 4158.17529297 6.1055970192
1477665168425 lifecam20 2293.95800781 4152.43505859 6.10834503174
1477665168489 lifecam20 2292.8737793 4146.68798828 6.11368083954
1477665168556 lifecam20 2291.24389648 4140.28662109 6.12093734741
1477665168625 lifecam20 2290.16455078 4135.17382812 6.12382507324
1477665168689 lifecam20 2289.43017578 4128.72900391 6.12649393082
1477665168756 lifecam20 2288.390625 4123.49707031 6.13337182999
1477665168825 lifecam20 2287.40454102 4117.20605469 6.13718986511
1477665168889 lifecam20 2285.55639648 4112.25585938 6.14725446701
1477665168957 lifecam20 2284.94897461 4105.41699219 6.14799833298
1477665169025 lifecam20 2282.671875 4100.90625 6.16279411316
1477665169093 lifecam20 2281.59643555 4096.18994141 6.17289161682
1477665169157 lifecam20 2279.98828125 4090.08398438 6.17962884903
1477665169225 lifecam20 2278.82983398 4084.23876953 6.18517971039
1477665169293 lifecam20 2278.19946289 4078.34692383 6.19093894958
1477665169356 lifecam20 2277.7590332 4072.21142578 6.19467496872
1477665169425 lifecam20 2275.50683594 4067.17138672 6.20435428619
1477665169492 lifecam20 2274.93798828 4061.70043945 6.21589946747
1477665169556 lifecam20 2272.02319336 4056.82177734 6.22250699997
1477665169624 lifecam20 2272.64990234 4050.5859375 6.22597932816
1477665169693 lifecam20 2270.30688477 4045.40917969 6.2374997139
1477665169760 lifecam20 2270.89990234 4038.55004883 6.23570537567
1477665169824 lifecam20 2273.89331055 4035.45410156 6.22010993958
1477665169892 lifecam20 2273.14477539 4038.08105469 6.22266960144
1477665169961 lifecam20 2274.18920898 4036.42114258 6.22065591812
1477665170024 lifecam20 2273.77294922 4037.34887695 6.22252464294
1477665170093 lifecam20 2273.75195312 4036.93359375 6.22242355347
1477665170160 lifecam20 2273.70214844 4037.28344727 6.22311496735
1477665170224 lifecam20 2273.9909668 4037.10546875 6.22166490555
1477665170293 lifecam20 2273.97241211 4037.12792969 6.22302722931
1477665170361 lifecam20 2273.70214844 4037.28344727 6.22311496735
1477665170424 lifecam20 2273.50244141 4037.21606445 6.22363042831
1477665170493 lifecam20 2273.86328125 4037.10180664 6.22275781631
1477665170560 lifecam20 2273.61206055 4037.2421875 6.22389888763
1477665170629 lifecam20 2273.7902832 4037.03881836 6.22217988968
1477665170692 lifecam20 2273.68432617 4037.30493164 6.22447633743
1477665170760 lifecam20 2273.41210938 4037.1730957 6.22322034836
1477665170828 lifecam20 2273.57470703 4037.27905273 6.22420835495
1477665170892 lifecam20 2273.89990234 4037.06494141 6.22244977951
1477665170960 lifecam20 2273.7902832 4037.03881836 6.22217988968
1477665171028 lifecam20 2273.68432617 4037.30493164 6.22447633743
1477665171092 lifecam20 2273.97241211 4037.12792969 6.22302722931
1477665171160 lifecam20 2273.61206055 4037.2421875 6.22389888763
1477665171228 lifecam20 2273.7902832 4037.03881836 6.22217988968
1477665171296 lifecam20 2273.89990234 4037.06494141 6.22244977951
1477665171360 lifecam20 2273.61206055 4037.2421875 6.22389888763
1477665171428 lifecam20 2273.70214844 4037.28344727 6.22311496735
1477665171496 lifecam20 2273.61206055 4037.2421875 6.22389888763
1477665171560 lifecam20 2273.89990234 4037.06494141 6.22244977951
1477665171627 lifecam20 2273.89990234 4037.06494141 6.22244977951
1477665171697 lifecam20 2273.89990234 4037.06494141 6.22244977951
1477665171760 lifecam20 2273.89990234 4037.06494141 6.22244977951
1477665171828 lifecam20 2273.7902832 4037.03881836 6.22217988968
1477665171896 lifecam20 2273.89990234 4037.06494141 6.22244977951
1477665171965 lifecam20 2273.61206055 4037.2421875 6.22389888763
1477665172028 lifecam20 2273.89990234 4037.06494141 6.22244977951
1477665172096 lifecam20 2273.97241211 4037.12792969 6.22302722931
1477665172163 lifecam20 2273.7902832 4037.03881836 6.22217988968
1477665172228 lifecam20 2273.50244141 4037.21606445 6.22363042831
1477665172296 lifecam20 2273.61206055 4037.2421875 6.22389888763
1477665172364 lifecam20 2273.61206055 4037.2421875 6.22389888763
1477665172428 lifecam20 2273.50244141 4037.21606445 6.22363042831
1477665172496 lifecam20 2273.61206055 4037.2421875 6.22389888763
1477665172564 lifecam20 2273.61206055 4037.2421875 6.22389888763
1477665172628 lifecam20 2273.7902832 4037.03881836 6.22217988968
1477665172696 lifecam20 2273.89990234 4037.06494141 6.22244977951
1477665172764 lifecam20 2273.61206055 4037.2421875 6.22389888763
1477665172832 lifecam20 2273.7902832 4037.03881836 6.22217988968
1477665172896 lifecam20 2273.70214844 4037.28344727 6.22311496735
1477665172964 lifecam20 2273.50244141 4037.21606445 6.22363042831
1477665173035 lifecam20 2273.61206055 4037.2421875 6.22389888763
1477665173096 lifecam20 2273.97241211 4037.12792969 6.22302722931
1477665173164 lifecam20 2273.89990234 4037.06494141 6.22244977951
1477665173232 lifecam20 2273.50244141 4037.21606445 6.22363042831
1477665173296 lifecam20 2273.7902832 4037.03881836 6.22217988968
1477665173363 lifecam20 2273.7902832 4037.03881836 6.22217988968
1477665173432 lifecam20 2273.50244141 4037.21606445 6.22363042831
1477665173500 lifecam20 2273.7902832 4037.03881836 6.22217988968
1477665173564 lifecam20 2273.61206055 4037.2421875 6.22389888763
1477665173631 lifecam20 2273.89990234 4037.06494141 6.22244977951
1477665173700 lifecam20 2273.89990234 4037.06494141 6.22244977951
1477665173763 lifecam20 2273.7902832 4037.03881836 6.22217988968
1477665173831 lifecam20 2273.57470703 4037.27905273 6.22420835495
1477665173900 lifecam20 2273.50244141 4037.21606445 6.22363042831
