1477665494086 lifecam22 3362.57495117 4778.48388672 4.70289325714
1477665494149 lifecam22 3362.22436523 4778.26171875 4.70075273514
1477665494285 lifecam22 3362.11376953 4778.03125 4.69853019714
1477665494350 lifecam22 3362.64135742 4778.66601562 4.70464468002
1477665494418 lifecam22 3362.64135742 4778.66601562 4.70464468002
1477665494486 lifecam22 3362.24975586 4778.30224609 4.70114278793
1477665494550 lifecam22 3362.42016602 4778.18652344 4.70002746582
1477665494618 lifecam22 3362.50634766 4778.40283203 4.70211219788
1477665494687 lifecam22 3362.74609375 4778.91162109 4.70700073242
1477665494754 lifecam22 3362.57495117 4778.48388672 4.70289325714
1477665494817 lifecam22 3362.55200195 4778.46386719 4.70269823074
1477665494885 lifecam22 3362.39550781 4778.16357422 4.6998052597
1477665494954 lifecam22 3362.55200195 4778.46386719 4.70269823074
1477665495025 lifecam22 3362.74609375 4778.91162109 4.70700073242
1477665495087 lifecam22 3362.39550781 4778.16357422 4.6998052597
1477665495155 lifecam22 3362.30932617 4777.94824219 4.69772338867
1477665495217 lifecam22 3362.30932617 4777.94824219 4.69772338867
1477665495285 lifecam22 3365.34838867 4779.48925781 4.71251487732
1477665495416 lifecam22 3363.70507812 4778.62402344 4.70424127579
1477665495485 lifecam22 3364.15820312 4778.99511719 4.70779466629
1477665495553 lifecam22 3363.36254883 4778.421875 4.70229387283
1477665495621 lifecam22 3364.08398438 4778.84326172 4.70634317398
1477665495685 lifecam22 3365.50610352 4779.32324219 4.71093225479
1477665495753 lifecam22 3365.828125 4779.48632812 4.71248674393
1477665495821 lifecam22 3365.57299805 4779.44628906 4.71210575104
1477665495886 lifecam22 3365.25683594 4779.42333984 4.71188306808
1477665495953 lifecam22 3364.91650391 4779.01806641 4.70801496506
1477665496153 lifecam22 3365.828125 4779.48632812 4.71248722076
1477665496224 lifecam22 3364.93554688 4779.16015625 4.70937252045
1477665496422 lifecam22 3362.4440918 4778.74902344 4.70544147491
1477665496490 lifecam22 3364.08398438 4778.84326172 4.70634317398
1477665496554 lifecam22 3360.41381836 4779.52734375 4.71287965775
1477665496621 lifecam22 3352.06396484 4781.03320312 4.72710466385
1477665496689 lifecam22 3346.41650391 4780.03564453 4.71770048141
1477665496758 lifecam22 3339.55419922 4779.52783203 4.71288108826
1477665496821 lifecam22 3333.39160156 4780.14160156 4.72304105759
1477665496889 lifecam22 3328.16650391 4780.94824219 4.72955846786
1477665496957 lifecam22 3325.73217773 4782.36425781 4.76223278046
1477665497021 lifecam22 3318.77807617 4782.90966797 4.76035165787
1477665497157 lifecam22 3307.32788086 4782.82666016 4.77184867859
1477665497220 lifecam22 3300.31811523 4781.92333984 4.77127408981
1477665497289 lifecam22 3294.49560547 4782.66699219 4.77573394775
1477665497356 lifecam22 3287.60302734 4783.20654297 4.77925920486
1477665497421 lifecam22 3283.76733398 4784.32861328 4.793841362
1477665497489 lifecam22 3277.62329102 4784.59570312 4.79844379425
1477665497556 lifecam22 3272.71679688 4785.20068359 4.81289052963
1477665497620 lifecam22 3265.95019531 4784.25 4.812895298
1477665497688 lifecam22 3259.45703125 4783.32177734 4.81159830093
1477665497756 lifecam22 3254.07568359 4784.48876953 4.82342004776
1477665497825 lifecam22 3248.97509766 4783.83203125 4.83236885071
1477665497889 lifecam22 3243.79296875 4784.36279297 4.83932256699
1477665497957 lifecam22 3237.51171875 4783.31298828 4.84573411942
1477665498025 lifecam22 3231.30883789 4782.89111328 4.8461151123
1477665498090 lifecam22 3225.07299805 4781.73144531 4.84650278091
1477665498156 lifecam22 3219.57739258 4782.40869141 4.85931777954
1477665498224 lifecam22 3214.30712891 4782.99511719 4.87037992477
1477665498287 lifecam22 3208.54077148 4782.640625 4.8782582283
1477665498356 lifecam22 3202.59204102 4782.66748047 4.8834810257
1477665498424 lifecam22 3196.5847168 4781.04150391 4.88679790497
1477665498492 lifecam22 3191.22998047 4781.90966797 4.89895057678
1477665498556 lifecam22 3185.54858398 4781.41064453 4.90567398071
1477665498693 lifecam22 3174.09838867 4781.3359375 4.92199659348
1477665498756 lifecam22 3169.04467773 4780.84375 4.93041276932
1477665498824 lifecam22 3162.94628906 4780.41992188 4.93637990952
1477665498892 lifecam22 3156.85302734 4778.83007812 4.940741539
1477665498957 lifecam22 3151.11328125 4779.18945312 4.94918870926
1477665499024 lifecam22 3145.18212891 4778.24365234 4.95690345764
1477665499092 lifecam22 3138.87402344 4777.31640625 4.95965147018
1477665499156 lifecam22 3132.9465332 4776.10205078 4.96393823624
1477665499225 lifecam22 3128.39892578 4776.26464844 4.97481822968
1477665499294 lifecam22 3122.31298828 4774.68945312 4.9788851738
1477665499361 lifecam22 3117.03393555 4774.03320312 4.98500061035
1477665499424 lifecam22 3111.21289062 4773.94873047 4.99203681946
1477665499496 lifecam22 3105.53540039 4772.04150391 4.99828338623
1477665499560 lifecam22 3100.17797852 4771.69287109 5.00873374939
1477665499624 lifecam22 3095.0625 4769.75488281 5.00921344757
1477665499692 lifecam22 3089.10473633 4768.83984375 5.02152299881
1477665499760 lifecam22 3083.83447266 4767.58203125 5.02496671677
1477665499893 lifecam22 3071.62353516 4764.36816406 5.03653001785
1477665499960 lifecam22 3066.16796875 4763.47705078 5.04456377029
1477665500028 lifecam22 3060.45532227 4761.88818359 5.05204248428
1477665500091 lifecam22 3054.38598633 4760.08251953 5.05437040329
1477665500159 lifecam22 3049.2644043 4758.09228516 5.05859375
1477665500228 lifecam22 3044.08398438 4758.32080078 5.07032871246
1477665500292 lifecam22 3037.89868164 4755.83740234 5.07155132294
1477665500360 lifecam22 3033.20581055 4755.06787109 5.08383750916
1477665500428 lifecam22 3027.421875 4754.31835938 5.09042072296
1477665500491 lifecam22 3022.42016602 4752.81201172 5.09950685501
1477665500560 lifecam22 3016.62744141 4751.29052734 5.10240459442
1477665500628 lifecam22 3011.08398438 4749.50097656 5.11244344711
1477665500696 lifecam22 3005.43896484 4747.28613281 5.11271333694
1477665500760 lifecam22 2999.81835938 4745.94775391 5.12139844894
1477665500828 lifecam22 2993.97729492 4744.23242188 5.1271033287
1477665500896 lifecam22 2988.23901367 4743.51171875 5.13545465469
1477665500960 lifecam22 2983.08496094 4741.17578125 5.1451883316
1477665501028 lifecam22 2977.97851562 4739.96484375 5.15188503265
1477665501097 lifecam22 2972.10107422 4736.38330078 5.1520986557
1477665501160 lifecam22 2967.34375 4736.73291016 5.16575336456
1477665501228 lifecam22 2961.3112793 4733.47607422 5.17032194138
1477665501295 lifecam22 2956.50708008 4733.10986328 5.18062877655
1477665501359 lifecam22 2950.90405273 4730.22607422 5.18326187134
1477665501427 lifecam22 2945.93530273 4729.04589844 5.19294595718
1477665501495 lifecam22 2940.86303711 4726.19482422 5.19888210297
1477665501564 lifecam22 2935.54125977 4723.87304688 5.20411682129
1477665501628 lifecam22 2929.40673828 4720.63037109 5.20306158066
1477665501697 lifecam22 2924.0925293 4718.36865234 5.21161603928
1477665501764 lifecam22 2918.50610352 4716.85253906 5.22145366669
1477665501828 lifecam22 2913.71459961 4713.890625 5.22486352921
1477665501897 lifecam22 2907.88793945 4711.47119141 5.23060464859
1477665501963 lifecam22 2902.35229492 4707.86865234 5.23123788834
1477665502027 lifecam22 2897.85693359 4706.91894531 5.24904441833
1477665502095 lifecam22 2891.95922852 4704.15332031 5.25233030319
1477665502163 lifecam22 2886.69140625 4702.28857422 5.26096820831
1477665502297 lifecam22 2876.63232422 4697.64257812 5.27511739731
1477665502364 lifecam22 2871.44433594 4695.4765625 5.28351926804
1477665502432 lifecam22 2866.85351562 4692.64208984 5.29208135605
1477665502496 lifecam22 2860.89819336 4690.52832031 5.29684686661
1477665502565 lifecam22 2856.09375 4686.42480469 5.29827451706
1477665502631 lifecam22 2850.35742188 4685.42773438 5.31200027466
1477665502695 lifecam22 2846.00756836 4682.61083984 5.31495141983
1477665502763 lifecam22 2840.88183594 4679.59521484 5.32106685638
1477665502831 lifecam22 2835.51000977 4676.89453125 5.33031129837
1477665502895 lifecam22 2831.07714844 4673.35498047 5.33323955536
1477665502964 lifecam22 2826.00756836 4671.00634766 5.34033679962
1477665503032 lifecam22 2821.18847656 4668.46484375 5.34730243683
1477665503099 lifecam22 2816.23608398 4665.21044922 5.35334348679
1477665503164 lifecam22 2810.96313477 4661.95361328 5.35991811752
1477665503232 lifecam22 2806.2578125 4658.94824219 5.36290311813
1477665503300 lifecam22 2801.45703125 4656.80322266 5.37562608719
1477665503363 lifecam22 2796.36108398 4653.61914062 5.38056325912
1477665503431 lifecam22 2791.57543945 4650.41308594 5.38435220718
1477665503501 lifecam22 2786.16064453 4648.23583984 5.39545154572
1477665503563 lifecam22 2781.30932617 4644.15380859 5.39918279648
1477665503631 lifecam22 2776.71923828 4641.52197266 5.40858316422
1477665503699 lifecam22 2772.26855469 4637.53857422 5.40611362457
1477665503767 lifecam22 2766.92773438 4633.93017578 5.4181728363
1477665503831 lifecam22 2762.01660156 4630.30419922 5.42241573334
1477665503899 lifecam22 2758.04077148 4626.33056641 5.42431259155
1477665503967 lifecam22 2753.17529297 4623.70947266 5.4372344017
1477665504031 lifecam22 2748.55639648 4620.60595703 5.44429159164
1477665504101 lifecam22 2743.93212891 4616.18017578 5.44574689865
1477665504167 lifecam22 2739.06518555 4614.12011719 5.45407104492
1477665504231 lifecam22 2733.80419922 4609.60595703 5.45973014832
1477665504288 lifecam20 2676.72509766 4613.76367188 5.50153875351
1477665504300 lifecam22 2674.57617188 4613.07373047 5.50868034363
1477665504367 lifecam22 2671.96630859 4611.36279297 5.5144777298
1477665504419 lifecam20 2669.2590332 4594.29394531 5.4354929924
1477665504435 lifecam22 2666.49169922 4591.76757812 5.4359126091
1477665504483 lifecam20 2664.72851562 4593.40039062 5.45448112488
1477665504499 lifecam22 2663.11816406 4592.38476562 5.45896196365
1477665504551 lifecam20 2659.07226562 4599.15039062 5.51334524155
1477665504567 lifecam22 2657.09960938 4597.49902344 5.51557636261
1477665504640 lifecam22 2654.50488281 4595.77197266 5.52175283432
1477665504683 lifecam20 2650.78466797 4589.54492188 5.50814962387
1477665504700 lifecam22 2648.27148438 4587.26464844 5.50721979141
1477665504751 lifecam20 2645.95458984 4585.32910156 5.51317691803
1477665504767 lifecam22 2644.38134766 4583.71777344 5.52439641953
1477665504819 lifecam20 2642.35107422 4581.96386719 5.52575826645
1477665504835 lifecam22 2640.41186523 4580.17871094 5.52785778046
1477665504887 lifecam20 2638.16601562 4577.33007812 5.52586317062
1477665504899 lifecam22 2636.09692383 4575.45605469 5.52736854553
1477665504951 lifecam20 2633.77294922 4574.23681641 5.5349984169
1477665505019 lifecam20 2631.56396484 4572.52636719 5.53753995895
1477665505034 lifecam22 2626.69873047 4567.76123047 5.53729009628
1477665505087 lifecam20 2624.70996094 4565.52148438 5.54049396515
1477665505098 lifecam22 2622.79345703 4563.86621094 5.54464006424
1477665505151 lifecam20 2620.08374023 4562.49707031 5.55002403259
1477665505166 lifecam22 2617.64794922 4561.25537109 5.55801200867
1477665505219 lifecam20 2615.78613281 4559.70019531 5.56246137619
1477665505234 lifecam22 2613.57226562 4558.00390625 5.56670188904
1477665505287 lifecam20 2610.88574219 4556.19482422 5.57186794281
1477665505304 lifecam22 2608.53662109 4554.57373047 5.57756519318
1477665505351 lifecam20 2606.61914062 4552.98925781 5.58160543442
1477665505367 lifecam22 2604.6015625 4550.75732422 5.58239412308
1477665505419 lifecam20 2601.97558594 4548.51806641 5.58541965485
1477665505435 lifecam22 2599.7578125 4546.50097656 5.58885526657
1477665505487 lifecam20 2597.71484375 4544.31640625 5.58971214294
1477665505503 lifecam22 2595.83007812 4542.11523438 5.59301710129
1477665505551 lifecam20 2593.94091797 4540.17871094 5.59728336334
1477665505567 lifecam22 2591.81347656 4538.58984375 5.60220003128
1477665505619 lifecam20 2589.68945312 4536.13720703 5.60511207581
1477665505635 lifecam22 2587.55175781 4533.50927734 5.60674905777
1477665505687 lifecam20 2585.39648438 4531.62255859 5.60977458954
1477665505702 lifecam22 2583.3215332 4530.19921875 5.61624860764
1477665505755 lifecam20 2581.30273438 4527.91064453 5.6185669899
1477665505766 lifecam22 2579.38427734 4525.4921875 5.62016677856
1477665505819 lifecam20 2577.40869141 4523.01416016 5.62092876434
1477665505834 lifecam22 2575.77905273 4520.85839844 5.62383651733
1477665505887 lifecam20 2573.78710938 4519.42089844 5.63107585907
1477665505904 lifecam22 2571.43554688 4518.19970703 5.63920497894
1477665505955 lifecam20 2569.85571289 4515.63867188 5.64089775085
1477665505970 lifecam22 2568.19775391 4514.76171875 5.65199565887
1477665506020 lifecam20 2565.51586914 4512.63085938 5.65448093414
1477665506035 lifecam22 2563.58837891 4512.33935547 5.66394662857
1477665506087 lifecam20 2561.75927734 4510.31005859 5.66891145706
1477665506102 lifecam22 2559.65039062 4508.91650391 5.67520809174
1477665506155 lifecam20 2557.61743164 4507.7578125 5.68204069138
1477665506171 lifecam22 2555.63232422 4507.13476562 5.69455718994
1477665506219 lifecam20 2553.46289062 4504.28613281 5.69361209869
1477665506287 lifecam20 2551.86816406 4502.27587891 5.69865226746
1477665506356 lifecam20 2488.86303711 4487.97070312 5.67392730713
1477665506423 lifecam20 2484.98852539 4483.94677734 5.68008756638
1477665506487 lifecam20 2481.68359375 4479.25634766 5.68229532242
1477665506555 lifecam20 2478.20385742 4474.62304688 5.692278862
1477665506623 lifecam20 2474.68945312 4470.91113281 5.69561958313
1477665506755 lifecam20 2467.23071289 4461.75146484 5.71040821075
1477665506823 lifecam20 2463.61303711 4456.96826172 5.71621799469
1477665506887 lifecam20 2459.59863281 4453.59765625 5.72750854492
1477665506955 lifecam20 2455.7890625 4448.00927734 5.73206615448
1477665507023 lifecam20 2451.40966797 4444.58398438 5.74308586121
1477665507088 lifecam20 2447.88842773 4439.15820312 5.75025653839
1477665507156 lifecam20 2444.90380859 4434.92089844 5.75271940231
1477665507224 lifecam20 2440.58056641 4431.00830078 5.76584768295
1477665507292 lifecam20 2437.55371094 4426.33447266 5.77030944824
1477665507355 lifecam20 2434.36914062 4419.74462891 5.76721954346
1477665507423 lifecam20 2430.90283203 4416.10986328 5.77911520004
1477665507491 lifecam20 2426.93164062 4411.42529297 5.78683423996
1477665507555 lifecam20 2424.28442383 4406.71386719 5.79301738739
1477665507622 lifecam20 2421.34228516 4401.72558594 5.7980670929
1477665507690 lifecam20 2418.00756836 4396.64453125 5.8066072464
1477665507755 lifecam20 2414.54443359 4390.97265625 5.81207847595
1477665507823 lifecam20 2411.45043945 4385.60302734 5.81463527679
1477665507890 lifecam20 2407.4543457 4381.09570312 5.82389736176
1477665507958 lifecam20 2404.0234375 4376.82861328 5.8312587738
1477665508022 lifecam20 2401.99023438 4370.79541016 5.83015584946
1477665508091 lifecam20 2398.19287109 4366.71972656 5.84254074097
1477665508158 lifecam20 2395.69580078 4361.140625 5.85006141663
1477665508223 lifecam20 2392.69628906 4356.02783203 5.85451555252
1477665508291 lifecam20 2390.16552734 4351.62060547 5.85998535156
1477665508358 lifecam20 2387.80102539 4346.28369141 5.86101293564
1477665508423 lifecam20 2384.15332031 4341.83789062 5.87267208099
1477665508490 lifecam20 2381.65527344 4336.52734375 5.87973737717
1477665508558 lifecam20 2377.97729492 4331.85888672 5.88801050186
1477665508627 lifecam20 2375.99145508 4326.38378906 5.89281415939
1477665508691 lifecam20 2372.02392578 4322.32421875 5.90440368652
1477665508759 lifecam20 2369.81640625 4316.24072266 5.90878534317
1477665508827 lifecam20 2366.43237305 4311.44628906 5.91956710815
1477665508890 lifecam20 2364.05395508 4305.2734375 5.92033290863
1477665508958 lifecam20 2361.56860352 4301.59521484 5.93037748337
1477665509026 lifecam20 2358.78735352 4296.05957031 5.93699407578
1477665509095 lifecam20 2355.95776367 4291.35498047 5.94221162796
1477665509158 lifecam20 2353.00805664 4285.5625 5.95134925842
1477665509226 lifecam20 2350.67553711 4280.15136719 5.95393657684
1477665509291 lifecam20 2348.25878906 4275.95947266 5.9656291008
1477665509359 lifecam20 2346.0090332 4270.01855469 5.96951770782
1477665509494 lifecam20 2342.07299805 4258.27441406 5.9768781662
1477665509558 lifecam20 2338.59228516 4252.92822266 5.98439455032
1477665509626 lifecam20 2337.39868164 4246.38574219 5.98707294464
1477665509694 lifecam20 2334.1328125 4241.92333984 5.99881601334
1477665509758 lifecam20 2332.40917969 4236.91015625 6.00475406647
1477665509826 lifecam20 2331.19799805 4231.12060547 6.00755405426
1477665509894 lifecam20 2328.97607422 4225.98144531 6.01479053497
1477665509959 lifecam20 2326.75756836 4220.07080078 6.01997804642
1477665510027 lifecam20 2325.09423828 4214.26269531 6.02409744263
1477665510094 lifecam20 2322.56347656 4209.58447266 6.03739452362
1477665510163 lifecam20 2321.43530273 4204.26464844 6.04029083252
1477665510226 lifecam20 2318.49267578 4199.62011719 6.05560445786
1477665510294 lifecam20 2316.96435547 4193.70214844 6.05676364899
1477665510362 lifecam20 2315.48779297 4187.51367188 6.0602273941
1477665510426 lifecam20 2313.15283203 4182.66015625 6.06731843948
1477665510494 lifecam20 2311.34082031 4176.51416016 6.07282400131
1477665510562 lifecam20 2309.72241211 4171.4453125 6.07944536209
1477665510626 lifecam20 2307.64257812 4166.12744141 6.0876326561
1477665510694 lifecam20 2306.81103516 4160.22851562 6.09349489212
1477665510762 lifecam20 2304.19335938 4155.34667969 6.10365629196
1477665510827 lifecam20 2303.47900391 4149.06103516 6.10497236252
1477665510894 lifecam20 2299.93554688 4145.078125 6.12428665161
1477665510962 lifecam20 2299.30004883 4138.82763672 6.12901687622
1477665511030 lifecam20 2297.18701172 4133.61230469 6.13568735123
1477665511094 lifecam20 2295.80224609 4127.9375 6.13897657394
1477665511163 lifecam20 2293.98779297 4122.96972656 6.14796113968
1477665511231 lifecam20 2293.34960938 4116.48339844 6.15190553665
1477665511294 lifecam20 2291.13427734 4110.52392578 6.15952014923
1477665511362 lifecam20 2290.62963867 4104.30322266 6.16253852844
1477665511431 lifecam20 2289.16601562 4098.55029297 6.16679954529
1477665511496 lifecam20 2287.97851562 4092.73046875 6.1725525856
1477665511562 lifecam20 2287.12255859 4087.51660156 6.18153715134
1477665511630 lifecam20 2286.37524414 4081.30078125 6.18664693832
1477665511698 lifecam20 2285.93481445 4075.95898438 6.19237947464
1477665511762 lifecam20 2285.19799805 4070.19604492 6.19924545288
1477665511898 lifecam20 2284.45068359 4058.46435547 6.20704555511
1477665511962 lifecam20 2282.58886719 4053.12036133 6.21614170074
1477665512030 lifecam20 2282.41235352 4046.85351562 6.21826934814
1477665512097 lifecam20 2281.1640625 4041.52270508 6.22587966919
1477665512166 lifecam20 2279.42773438 4036.58642578 6.24108886719
1477665512230 lifecam20 2277.84814453 4031.04833984 6.24440145493
1477665512298 lifecam20 2283.42822266 4025.82641602 6.21762180328
1477665512361 lifecam20 2281.85913086 4028.46337891 6.22478580475
1477665512429 lifecam20 2282.10913086 4028.05639648 6.22474718094
1477665512497 lifecam20 2281.88964844 4028.47949219 6.22822713852
1477665512566 lifecam20 2282.08789062 4028.46337891 6.22642993927
1477665512629 lifecam20 2282.04296875 4028.28369141 6.22671222687
1477665512765 lifecam20 2282.09521484 4028.3737793 6.22630262375
1477665512898 lifecam20 2282.04296875 4028.28369141 6.22671222687
1477665512966 lifecam20 2282.10913086 4028.05639648 6.22474718094
