1477665036844 lifecam22 3366.13110352 4779.50683594 4.71268224716
1477665036974 lifecam22 3363.50805664 4778.84033203 4.70631551743
1477665037042 lifecam22 3363.44360352 4778.79931641 4.70591926575
1477665037106 lifecam22 3362.67382812 4778.859375 4.70649909973
1477665037175 lifecam22 3362.84301758 4778.61767578 4.70418071747
1477665037242 lifecam22 3362.71777344 4778.22070312 4.70035791397
1477665037306 lifecam22 3363.62011719 4778.36621094 4.70176076889
1477665037515 lifecam22 3364.45727539 4778.83496094 4.70626211166
1477665037574 lifecam22 3361.83105469 4779.97558594 4.71713209152
1477665037642 lifecam22 3353.55444336 4779.52832031 4.71288299561
1477665037710 lifecam22 3346.55419922 4779.52783203 4.71288156509
1477665037777 lifecam22 3341.53222656 4780.53808594 4.72578430176
1477665037842 lifecam22 3337.00610352 4781.93359375 4.73853349686
1477665037910 lifecam22 3333.21435547 4782.92773438 4.75012397766
1477665037974 lifecam22 3327.65649414 4783.13085938 4.76593971252
1477665038042 lifecam22 3321.71606445 4782.96582031 4.77031469345
1477665038110 lifecam22 3314.86279297 4782.53564453 4.77011299133
1477665038183 lifecam22 3308.0090332 4782.40478516 4.77011919022
1477665038242 lifecam22 3302.10571289 4781.87695312 4.77452516556
1477665038310 lifecam22 3297.25561523 4783.22998047 4.78470230103
1477665038378 lifecam22 3291.4074707 4783.30517578 4.79030323029
1477665038442 lifecam22 3285.39819336 4783.52294922 4.79560518265
1477665038510 lifecam22 3279.54541016 4783.64990234 4.80492162704
1477665038578 lifecam22 3273.45825195 4783.33154297 4.80777978897
1477665038642 lifecam22 3268.54394531 4784.55615234 4.81815671921
1477665038717 lifecam22 3262.94702148 4785.23876953 4.82862758636
1477665038778 lifecam22 3257.00854492 4784.53320312 4.82869434357
1477665038842 lifecam22 3252.51098633 4785.72802734 4.84243917465
1477665038910 lifecam22 3245.88989258 4784.98535156 4.8452630043
1477665038978 lifecam22 3239.7199707 4784.0859375 4.8490691185
1477665039052 lifecam22 3232.86962891 4783.39257812 4.84951496124
1477665039110 lifecam22 3227.21948242 4783.80029297 4.85952568054
1477665039178 lifecam22 3221.62939453 4784.11425781 4.868516922
1477665039318 lifecam22 3210.59326172 4782.7734375 4.87916278839
1477665039379 lifecam22 3203.95727539 4782.23779297 4.88132047653
1477665039446 lifecam22 3198.4387207 4781.84375 4.89272165298
1477665039510 lifecam22 3193.72729492 4782.13720703 4.90231609344
1477665039578 lifecam22 3187.65991211 4781.22265625 4.90635061264
1477665039646 lifecam22 3182.43530273 4780.21289062 4.90659666061
1477665039719 lifecam22 3176.11914062 4780.42333984 4.91947031021
1477665039777 lifecam22 3170.36962891 4778.31689453 4.91753149033
1477665039845 lifecam22 3164.16625977 4778.41357422 4.92482805252
1477665039913 lifecam22 3158.69555664 4777.58642578 4.93268203735
1477665039977 lifecam22 3152.68554688 4777.40283203 4.94297218323
1477665040045 lifecam22 3147.30737305 4776.97314453 4.95035600662
1477665040113 lifecam22 3141.46118164 4776.01123047 4.95630216599
1477665040177 lifecam22 3136.31201172 4775.42578125 4.96625089645
1477665040245 lifecam22 3129.87207031 4774.91357422 4.96995544434
1477665040313 lifecam22 3124.43139648 4774.31494141 4.98157835007
1477665040377 lifecam22 3119.47363281 4774.97949219 4.99448299408
1477665040445 lifecam22 3112.95654297 4773.16162109 4.99806022644
1477665040513 lifecam22 3108.10107422 4772.99707031 5.00811052322
1477665040587 lifecam22 3102.82397461 4772.39355469 5.01267528534
1477665040645 lifecam22 3096.95947266 4770.35449219 5.01653146744
1477665040713 lifecam22 3090.78027344 4768.73632812 5.01937294006
1477665040781 lifecam22 3085.2199707 4767.62402344 5.02516174316
1477665040845 lifecam22 3079.19580078 4765.76074219 5.02658987045
1477665040913 lifecam22 3072.98486328 4764.66162109 5.0365447998
1477665040981 lifecam22 3067.63208008 4764.24902344 5.04452323914
1477665041045 lifecam22 3062.62329102 4762.66162109 5.0509262085
1477665041113 lifecam22 3056.63623047 4760.81152344 5.05325078964
1477665041180 lifecam22 3051.13671875 4758.79443359 5.05800151825
1477665041254 lifecam22 3044.72558594 4757.18408203 5.06086349487
1477665041313 lifecam22 3040.9309082 4756.36523438 5.07481527328
1477665041381 lifecam22 3034.8034668 4754.28515625 5.07788467407
1477665041448 lifecam22 3029.30249023 4752.79492188 5.08055639267
1477665041513 lifecam22 3023.64770508 4750.6015625 5.08866739273
1477665041581 lifecam22 3018.078125 4749.95410156 5.09426164627
1477665041648 lifecam22 3013.03491211 4748.21582031 5.10330533981
1477665041713 lifecam22 3007.22021484 4747.08935547 5.10915136337
1477665041781 lifecam22 3002.61328125 4746.703125 5.12496852875
1477665041848 lifecam22 2996.70068359 4744.35595703 5.12820386887
1477665041922 lifecam22 2991.02416992 4742.26806641 5.13269948959
1477665041980 lifecam22 2985.32397461 4740.20068359 5.13668060303
1477665042049 lifecam22 2979.73413086 4739.70703125 5.1504483223
1477665042122 lifecam22 2974.60717773 4737.27197266 5.15606451035
1477665042181 lifecam22 2968.37036133 4735.359375 5.15890407562
1477665042249 lifecam22 2963.25708008 4734.65478516 5.17335700989
1477665042316 lifecam22 2958.14306641 4733.10644531 5.18000555038
1477665042381 lifecam22 2952.85107422 4729.83496094 5.1826672554
1477665042448 lifecam22 2947.39160156 4728.95751953 5.18928861618
1477665042516 lifecam22 2941.7722168 4726.52197266 5.19469690323
1477665042580 lifecam22 2935.48266602 4724.17138672 5.20172977448
1477665042649 lifecam22 2930.02416992 4722.08691406 5.20738124847
1477665042716 lifecam22 2925.28027344 4720.20703125 5.21283388138
1477665042790 lifecam22 2919.59594727 4718.01025391 5.21838521957
1477665042849 lifecam22 2914.61303711 4714.78222656 5.21984481812
1477665042917 lifecam22 2908.70581055 4712.14404297 5.228972435
1477665042984 lifecam22 2904.20898438 4710.98242188 5.24273538589
1477665043048 lifecam22 2898.38793945 4706.625 5.23814487457
1477665043116 lifecam22 2893.390625 4704.38476562 5.24845552444
1477665043184 lifecam22 2888.41674805 4701.29052734 5.25150966644
1477665043248 lifecam22 2883.71679688 4699.80517578 5.25923633575
1477665043316 lifecam22 2878.52001953 4696.07568359 5.26153373718
1477665043384 lifecam22 2872.77197266 4694.12890625 5.2702498436
1477665043458 lifecam22 2867.97314453 4691.45849609 5.27577257156
1477665043516 lifecam22 2862.55297852 4689.59179688 5.28465652466
1477665043584 lifecam22 2857.77490234 4687.27001953 5.29674386978
1477665043652 lifecam22 2852.91455078 4684.32177734 5.2979016304
1477665043716 lifecam22 2847.41210938 4681.78417969 5.30816745758
1477665043784 lifecam22 2842.17456055 4679.75195312 5.31363391876
1477665043852 lifecam22 2836.98193359 4676.7734375 5.3243894577
1477665043916 lifecam22 2832.49755859 4674.62402344 5.33225011826
1477665043984 lifecam22 2826.8059082 4672.37451172 5.34419822693
1477665044052 lifecam22 2821.96313477 4668.90576172 5.34400939941
1477665044116 lifecam22 2817.16357422 4666.23535156 5.35226392746
1477665044184 lifecam22 2812.6730957 4662.10302734 5.34880161285
1477665044252 lifecam22 2807.19799805 4660.35791016 5.361764431
1477665044326 lifecam22 2802.24829102 4657.49414062 5.37005519867
1477665044384 lifecam22 2796.62133789 4655.06054688 5.37950181961
1477665044452 lifecam22 2791.58642578 4651.24169922 5.38017845154
1477665044520 lifecam22 2786.58447266 4649.69384766 5.39388656616
1477665044584 lifecam22 2782.4609375 4646.65136719 5.39908981323
1477665044652 lifecam22 2777.07788086 4642.40820312 5.40144491196
1477665044720 lifecam22 2772.14013672 4638.99951172 5.40724229813
1477665044784 lifecam22 2767.37207031 4635.28222656 5.41385412216
1477665044852 lifecam22 2762.9309082 4631.66113281 5.41575336456
1477665044920 lifecam22 2758.53222656 4627.50878906 5.41931056976
1477665044994 lifecam22 2753.08203125 4624.33740234 5.4262638092
1477665045052 lifecam22 2749.79663086 4619.90576172 5.42879343033
1477665045120 lifecam22 2744.51806641 4617.44726562 5.43909978867
1477665045188 lifecam22 2740.17871094 4614.87597656 5.45159578323
1477665045252 lifecam22 2734.74926758 4610.39648438 5.45303201675
1477665045320 lifecam22 2729.66381836 4608.21386719 5.46924543381
1477665045388 lifecam22 2725.87036133 4604.78515625 5.47437143326
1477665045452 lifecam22 2721.70751953 4602.59619141 5.48372220993
1477665045520 lifecam22 2716.90234375 4599.57324219 5.4984369278
1477665045568 lifecam20 2659.90234375 4601.38867188 5.52094125748
1477665045588 lifecam22 2657.18798828 4598.46630859 5.51811027527
1477665045631 lifecam20 2655.41699219 4594.91796875 5.50748872757
1477665045662 lifecam22 2653.37548828 4594.37792969 5.5154004097
1477665045699 lifecam20 2651.50488281 4590.46875 5.50284576416
1477665045720 lifecam22 2648.82104492 4589.296875 5.51081418991
1477665045767 lifecam20 2646.67822266 4587.74853516 5.51655673981
1477665045788 lifecam22 2644.46777344 4584.63720703 5.51275682449
1477665045830 lifecam20 2642.18164062 4583.05908203 5.51692485809
1477665045861 lifecam22 2640.10205078 4581.32714844 5.51659440994
1477665045899 lifecam20 2637.84912109 4578.85058594 5.51656007767
1477665045920 lifecam22 2635.73022461 4577.37695312 5.5267868042
1477665045966 lifecam20 2632.75927734 4577.05908203 5.53594112396
1477665045988 lifecam22 2630.89282227 4575.52294922 5.54223537445
1477665046035 lifecam20 2628.83935547 4573.05761719 5.5467338562
1477665046055 lifecam22 2626.35205078 4571.61914062 5.55364894867
1477665046098 lifecam20 2624.24658203 4570.17871094 5.55485677719
1477665046120 lifecam22 2622.34643555 4567.23632812 5.55074644089
1477665046168 lifecam20 2619.64526367 4565.54980469 5.55602264404
1477665046187 lifecam22 2616.60595703 4564.0625 5.5617518425
1477665046234 lifecam20 2614.67358398 4562.15136719 5.56513166428
1477665046255 lifecam22 2612.61474609 4559.54101562 5.56487417221
1477665046299 lifecam20 2610.25146484 4556.89941406 5.56499052048
1477665046320 lifecam22 2608.39770508 4555.171875 5.56651926041
1477665046366 lifecam20 2606.41992188 4553.78466797 5.57105731964
1477665046388 lifecam22 2604.27319336 4552.62744141 5.57975292206
1477665046435 lifecam20 2602.11425781 4550.33496094 5.5805439949
1477665046455 lifecam22 2599.99023438 4547.890625 5.58210372925
1477665046498 lifecam20 2597.9453125 4546.13867188 5.58666467667
1477665046529 lifecam22 2596.10546875 4544.06152344 5.58669042587
1477665046567 lifecam20 2593.97021484 4541.54345703 5.5891494751
1477665046587 lifecam22 2591.68017578 4539.05419922 5.59051179886
1477665046634 lifecam20 2589.67333984 4537.29296875 5.59252548218
1477665046656 lifecam22 2587.77319336 4535.93066406 5.598133564
1477665046703 lifecam20 2585.83398438 4533.91699219 5.60114002228
1477665046723 lifecam22 2584.10205078 4531.91601562 5.60593509674
1477665046768 lifecam20 2582.13623047 4528.96777344 5.60675096512
1477665046787 lifecam22 2580.37426758 4526.08105469 5.6048541069
1477665046834 lifecam20 2578.35888672 4524.515625 5.60950803757
1477665046856 lifecam22 2575.82055664 4522.54003906 5.61374235153
1477665046902 lifecam20 2573.79736328 4520.30957031 5.61703586578
1477665046923 lifecam22 2572.03125 4517.94238281 5.62122917175
1477665046967 lifecam20 2569.62597656 4515.625 5.62404918671
1477665047034 lifecam20 2567.77514648 4513.2578125 5.62625217438
1477665047055 lifecam22 2563.74365234 4510.86621094 5.64173126221
1477665047103 lifecam20 2561.83007812 4509.47070312 5.6478228569
1477665047166 lifecam20 2559.64990234 4507.39257812 5.65194416046
1477665047234 lifecam20 2497.04199219 4496.92480469 5.64569854736
1477665047255 lifecam22 2552.11181641 4502.12841797 5.68135404587
1477665047302 lifecam20 2549.93457031 4500.69335938 5.68751049042
1477665047323 lifecam22 2547.93481445 4499.92578125 5.69882583618
1477665047369 lifecam20 2546.22167969 4497.39648438 5.70020627975
1477665047434 lifecam20 2544.11621094 4495.32324219 5.70446920395
1477665047502 lifecam20 2481.27197266 4480.97070312 5.67941856384
1477665047570 lifecam20 2477.71069336 4477.18310547 5.68724346161
1477665047634 lifecam20 2473.40966797 4472.72119141 5.69223499298
1477665047702 lifecam20 2470.02856445 4466.80322266 5.69052553177
1477665047770 lifecam20 2465.92480469 4464.13525391 5.70362997055
1477665047834 lifecam20 2461.62475586 4458.125 5.70639801025
1477665047902 lifecam20 2457.04541016 4454.69824219 5.72066640854
1477665047969 lifecam20 2454.41918945 4449.01660156 5.72186279297
1477665048034 lifecam20 2450.4609375 4445.94970703 5.73202371597
1477665048102 lifecam20 2446.9375 4441.07128906 5.73877668381
1477665048170 lifecam20 2443.35839844 4436.890625 5.74435424805
1477665048238 lifecam20 2440.06787109 4431.76855469 5.75149297714
1477665048302 lifecam20 2437.32617188 4426.97119141 5.75261878967
1477665048369 lifecam20 2432.48876953 4422.79736328 5.76536226273
1477665048438 lifecam20 2429.40185547 4418.29394531 5.77196264267
1477665048502 lifecam20 2426.32495117 4412.25244141 5.77061128616
1477665048570 lifecam20 2423.92480469 4409.17871094 5.77954816818
1477665048638 lifecam20 2419.62182617 4404.52636719 5.78849983215
1477665048702 lifecam20 2416.08056641 4397.97119141 5.7925825119
1477665048770 lifecam20 2413.09790039 4392.12890625 5.79256248474
1477665048838 lifecam20 2409.7409668 4387.47802734 5.80244779587
1477665048905 lifecam20 2407.6730957 4381.2890625 5.80423212051
1477665048970 lifecam20 2404.57397461 4376.98925781 5.80899763107
1477665049037 lifecam20 2401.0534668 4372.48144531 5.82093095779
1477665049106 lifecam20 2398.27514648 4368.02490234 5.8250041008
1477665049170 lifecam20 2393.69848633 4363.93164062 5.84149932861
1477665049238 lifecam20 2390.94824219 4359.15478516 5.84816455841
1477665049305 lifecam20 2388.02880859 4354.05175781 5.85135555267
1477665049370 lifecam20 2384.59082031 4349.1328125 5.85833406448
1477665049437 lifecam20 2381.44824219 4344.31787109 5.87132501602
1477665049506 lifecam20 2377.84033203 4340.09667969 5.87733268738
1477665049569 lifecam20 2374.96166992 4334.7578125 5.88365650177
1477665049638 lifecam20 2372.56396484 4329.43798828 5.88876438141
1477665049705 lifecam20 2369.0949707 4324.03759766 5.89458465576
1477665049774 lifecam20 2366.65454102 4319.36474609 5.90488672256
1477665049837 lifecam20 2364.03417969 4314.06396484 5.90841436386
1477665049906 lifecam20 2361.01831055 4308.75292969 5.91500806808
1477665049973 lifecam20 2358.70629883 4303.55957031 5.92024040222
1477665050038 lifecam20 2356.63305664 4297.62402344 5.92163896561
1477665050105 lifecam20 2353.88549805 4293.2578125 5.92982769012
1477665050173 lifecam20 2351.88012695 4287.52099609 5.93445825577
1477665050237 lifecam20 2348.79785156 4282.81933594 5.93972110748
1477665050306 lifecam20 2346.27441406 4278.27050781 5.95450973511
1477665050373 lifecam20 2343.73681641 4272.46240234 5.95506811142
1477665050442 lifecam20 2341.78198242 4267.30761719 5.96245479584
1477665050505 lifecam20 2339.22875977 4261.69873047 5.96639299393
1477665050573 lifecam20 2336.33666992 4256.83691406 5.97456121445
1477665050641 lifecam20 2333.88061523 4250.8984375 5.98424291611
1477665050706 lifecam20 2331.51928711 4246.07470703 5.99186325073
1477665050773 lifecam20 2330.01586914 4239.49951172 5.99459552765
1477665050842 lifecam20 2327.67260742 4233.93164062 6.00048112869
1477665050905 lifecam20 2325.46484375 4229.28125 6.00968503952
1477665050974 lifecam20 2322.82763672 4223.55126953 6.01850414276
1477665051041 lifecam20 2321.11376953 4218.98828125 6.02225399017
1477665051106 lifecam20 2319.14453125 4213.70068359 6.03227233887
1477665051173 lifecam20 2317.20678711 4207.49462891 6.03382492065
1477665051241 lifecam20 2315.33496094 4201.60644531 6.03693151474
1477665051309 lifecam20 2313.3972168 4195.82910156 6.04229974747
1477665051373 lifecam20 2310.96630859 4191.42919922 6.05870723724
1477665051510 lifecam20 2306.81445312 4179.92041016 6.06666564941
1477665051574 lifecam20 2305.01342773 4174.15185547 6.07178401947
1477665051641 lifecam20 2303.1953125 4168.75341797 6.0801897049
1477665051709 lifecam20 2302.47290039 4163.51464844 6.08395719528
1477665051773 lifecam20 2298.85644531 4158.71582031 6.10170888901
1477665051842 lifecam20 2298.21948242 4153.19042969 6.10532855988
1477665051909 lifecam20 2296.4621582 4147.66992188 6.11035966873
1477665051978 lifecam20 2295.87744141 4142.44189453 6.1161198616
1477665052041 lifecam20 2293.83422852 4136.45117188 6.11979722977
1477665052109 lifecam20 2293.13061523 4130.40234375 6.12259054184
1477665052177 lifecam20 2290.86157227 4125.1796875 6.13253593445
1477665052241 lifecam20 2289.76757812 4119.18066406 6.13532781601
1477665052309 lifecam20 2288.24633789 4113.71728516 6.1423459053
1477665052377 lifecam20 2286.63256836 4108.04052734 6.15097999573
1477665052441 lifecam20 2284.71533203 4102.92919922 6.15961313248
1477665052509 lifecam20 2284.13671875 4096.87695312 6.16398382187
1477665052577 lifecam20 2282.53540039 4090.78564453 6.16987895966
1477665052641 lifecam20 2281.22973633 4084.80493164 6.17810678482
1477665052709 lifecam20 2279.89770508 4080.02661133 6.18792200089
1477665052777 lifecam20 2278.58666992 4073.45483398 6.19409704208
1477665052845 lifecam20 2278.46166992 4067.50024414 6.19740438461
1477665052910 lifecam20 2276.70214844 4063.05175781 6.21004390717
1477665052977 lifecam20 2276.83984375 4056.48022461 6.21067047119
1477665053045 lifecam20 2276.2578125 4050.45605469 6.21569490433
1477665053109 lifecam20 2274.98193359 4044.61523438 6.22051858902
1477665053177 lifecam20 2273.96801758 4038.86010742 6.22738742828
1477665053245 lifecam20 2272.28662109 4032.98876953 6.23304653168
1477665053309 lifecam20 2276.00097656 4029.11450195 6.21706056595
1477665053377 lifecam20 2274.75878906 4031.26879883 6.22237348557
1477665053445 lifecam20 2275.48925781 4029.99731445 6.21967363358
1477665053513 lifecam20 2275.41699219 4030.80712891 6.21967554092
1477665053577 lifecam20 2275.32348633 4030.07324219 6.21830749512
1477665053645 lifecam20 2275.42919922 4030.64379883 6.21943902969
1477665053713 lifecam20 2275.57983398 4030.1706543 6.21773147583
1477665053777 lifecam20 2275.14624023 4030.6574707 6.22094154358
1477665053845 lifecam20 2275.57983398 4030.1706543 6.21773147583
1477665053912 lifecam20 2275.63232422 4030.03051758 6.21653032303
1477665053977 lifecam20 2275.57983398 4030.1706543 6.21773147583
1477665054045 lifecam20 2275.39135742 4030.2902832 6.21902132034
1477665054113 lifecam20 2275.35668945 4030.18603516 6.21810054779
1477665054177 lifecam20 2275.14624023 4030.6574707 6.22094154358
1477665054245 lifecam20 2275.32861328 4030.45556641 6.22043848038
1477665054312 lifecam20 2275.30322266 4030.32641602 6.21930408478
1477665054381 lifecam20 2275.30322266 4030.32641602 6.21930408478
1477665054445 lifecam20 2275.42431641 4030.50146484 6.21937179565
1477665054513 lifecam20 2275.30322266 4030.32641602 6.21930408478
1477665054580 lifecam20 2275.57983398 4030.1706543 6.21773147583
1477665054645 lifecam20 2275.66381836 4030.20214844 6.21638536453
1477665054712 lifecam20 2275.30322266 4030.32641602 6.21930408478
1477665054781 lifecam20 2275.60546875 4030.29956055 6.21886253357
1477665054845 lifecam20 2275.57983398 4030.1706543 6.21773147583
1477665054913 lifecam20 2275.63232422 4030.03051758 6.21653032303
1477665054980 lifecam20 2275.36230469 4030.26977539 6.21851015091
1477665055049 lifecam20 2275.61083984 4030.34277344 6.21758747101
1477665055113 lifecam20 2275.63232422 4030.03051758 6.21653032303
1477665055181 lifecam20 2275.60546875 4030.29956055 6.21886253357
1477665055248 lifecam20 2275.32861328 4030.45556641 6.22043848038
1477665055313 lifecam20 2275.57983398 4030.1706543 6.21773147583
1477665055380 lifecam20 2275.35888672 4030.17749023 6.21922636032
1477665055449 lifecam20 2275.32226562 4030.52246094 6.21928310394
1477665055513 lifecam20 2275.59277344 4029.92993164 6.21680021286
1477665055581 lifecam20 2275.27075195 4030.21362305 6.21950960159
1477665055648 lifecam20 2275.27075195 4030.21362305 6.21950960159
1477665055717 lifecam20 2275.30322266 4030.32641602 6.21930408478
