1477666032730 lifecam22 3360.55395508 4779.52783203 4.71287918091
1477666032794 lifecam22 3353.55444336 4779.52832031 4.71288299561
1477666032860 lifecam22 3344.89331055 4782.04101562 4.73650979996
1477666032929 lifecam22 3339.55419922 4779.52783203 4.71288108826
1477666032993 lifecam22 3332.55444336 4779.52783203 4.71288204193
1477666033062 lifecam22 3325.55444336 4779.52783203 4.71288204193
1477666033126 lifecam22 3318.55395508 4779.52734375 4.71288061142
1477666033193 lifecam22 3311.55419922 4779.52783203 4.71288061142
1477666033261 lifecam22 3308.78833008 4781.71533203 4.73956918716
1477666033329 lifecam22 3303.55932617 4782.63769531 4.75174093246
1477666033404 lifecam22 3298.1809082 4782.68896484 4.76380634308
1477666033462 lifecam22 3292.32714844 4782.90185547 4.76917362213
1477666033527 lifecam22 3286.08105469 4782.84765625 4.77089643478
1477666033597 lifecam22 3279.83325195 4782.98974609 4.77360439301
1477666033663 lifecam22 3274.78955078 4783.79882812 4.78294706345
1477666033798 lifecam22 3263.62280273 4783.86474609 4.79920959473
1477666033863 lifecam22 3258.03930664 4782.87548828 4.8047413826
1477666033930 lifecam22 3251.87475586 4783.5546875 4.80912065506
1477666033997 lifecam22 3245.58276367 4783.41699219 4.81408023834
1477666034064 lifecam22 3239.84228516 4784.02685547 4.82179164886
1477666034123 lifecam22 3235.31494141 4784.94189453 4.83856248856
1477666034198 lifecam22 3229.92431641 4784.82714844 4.84355020523
1477666034266 lifecam22 3223.45336914 4785.01464844 4.85122585297
1477666034329 lifecam22 3217.6171875 4784.24755859 4.85310411453
1477666034395 lifecam22 3211.56054688 4785.35742188 4.86655807495
1477666034597 lifecam22 3195.40112305 4784.03417969 4.8853354454
1477666034666 lifecam22 3189.62402344 4784.11279297 4.89250707626
1477666034734 lifecam22 3183.41772461 4783.53125 4.89556980133
1477666034802 lifecam22 3177.69067383 4784.12548828 4.90714740753
1477666034862 lifecam22 3171.60620117 4783.29052734 4.91081666946
1477666034932 lifecam22 3165.84814453 4783.12353516 4.9162812233
1477666034996 lifecam22 3159.81811523 4782.28662109 4.92206954956
1477666035063 lifecam22 3154.53076172 4781.48095703 4.9295425415
1477666035133 lifecam22 3148.27246094 4780.13720703 4.93119955063
1477666035263 lifecam22 3136.41967773 4778.15820312 4.94156360626
1477666035333 lifecam22 3130.59936523 4777.28417969 4.95065498352
1477666035398 lifecam22 3125.4765625 4776.21972656 4.9557800293
1477666035466 lifecam22 3118.95556641 4774.97070312 4.96066093445
1477666035531 lifecam22 3113.81201172 4774.01123047 4.96236276627
1477666035597 lifecam22 3108.26513672 4773.36474609 4.9747376442
1477666035665 lifecam22 3101.73095703 4772.59667969 4.97993755341
1477666035732 lifecam22 3096.94287109 4771.87939453 4.98733234406
1477666035801 lifecam22 3090.96191406 4771.25341797 4.99938297272
1477666035867 lifecam22 3086.55541992 4771.08007812 5.01064872742
1477666035931 lifecam22 3080.0456543 4769.60400391 5.01702547073
1477666035998 lifecam22 3074.39819336 4768.21044922 5.01774787903
1477666036065 lifecam22 3069.34692383 4767.27246094 5.02434062958
1477666036134 lifecam22 3063.57348633 4766.94628906 5.03659152985
1477666036267 lifecam22 3052.3190918 4764.45703125 5.05147171021
1477666036334 lifecam22 3046.59716797 4762.59423828 5.05419588089
1477666036399 lifecam22 3041.46826172 4761.13183594 5.05834150314
1477666036465 lifecam22 3035.86376953 4760.08105469 5.06635904312
1477666036534 lifecam22 3030.32104492 4758.9921875 5.07541704178
1477666036599 lifecam22 3024.03076172 4757.96679688 5.0804400444
1477666036666 lifecam22 3017.94555664 4756.37109375 5.08324241638
1477666036733 lifecam22 3013.11962891 4755.57421875 5.09304428101
1477666036801 lifecam22 3007.86621094 4753.94189453 5.09949350357
1477666036866 lifecam22 3002.06811523 4752.25146484 5.10598278046
1477666036935 lifecam22 2996.33569336 4749.7734375 5.10830593109
1477666037001 lifecam22 2990.53540039 4747.73193359 5.11225986481
1477666037065 lifecam22 2984.63964844 4745.79248047 5.11631059647
1477666037137 lifecam22 2980.04492188 4743.00048828 5.1203122139
1477666037201 lifecam22 2974.50268555 4741.91308594 5.12989377975
1477666037266 lifecam22 2969.02246094 4738.95019531 5.13274717331
1477666037334 lifecam22 2962.98925781 4737.39355469 5.14050292969
1477666037400 lifecam22 2958.00366211 4736.12255859 5.15027570724
1477666037466 lifecam22 2952.76049805 4734.51513672 5.15790748596
1477666037534 lifecam22 2947.33935547 4733.63476562 5.16602373123
1477666037595 lifecam22 2942.47436523 4731.38769531 5.178586483
1477666037668 lifecam22 2937.06884766 4730.49804688 5.19080352783
1477666037733 lifecam22 2931.19921875 4727.84130859 5.19265079498
1477666037804 lifecam22 2925.63037109 4725.50830078 5.19720220566
1477666037870 lifecam22 2919.89868164 4723.09423828 5.20308494568
1477666037938 lifecam22 2914.41235352 4721.52539062 5.21242523193
1477666038002 lifecam22 2908.55859375 4717.71679688 5.21179151535
1477666038069 lifecam22 2903.85522461 4717.64208984 5.22543859482
1477666038133 lifecam22 2898.50488281 4713.64648438 5.22557544708
1477666038201 lifecam22 2893.98974609 4712.01171875 5.23357725143
1477666038336 lifecam22 2882.79248047 4707.08886719 5.24633026123
1477666038403 lifecam22 2876.28149414 4706.22216797 5.25771188736
1477666038472 lifecam22 2872.30981445 4702.72412109 5.26115942001
1477666038536 lifecam22 2867.23022461 4701.45458984 5.27283382416
1477666038605 lifecam22 2862.43432617 4699.15673828 5.2774477005
1477666038671 lifecam22 2856.3762207 4696.04785156 5.28308105469
1477666038737 lifecam22 2851.89038086 4693.41308594 5.28947591782
1477666038800 lifecam22 2846.56640625 4690.40771484 5.29398488998
1477666038871 lifecam22 2841.44262695 4687.33984375 5.29974317551
1477666038937 lifecam22 2836.50439453 4684.39404297 5.30279541016
1477666039004 lifecam22 2831.46411133 4680.65917969 5.30438137054
1477666039073 lifecam22 2826.22412109 4679.06640625 5.31862211227
1477666039138 lifecam22 2821.39794922 4675.65527344 5.32263278961
1477666039205 lifecam22 2815.70410156 4672.18017578 5.32630825043
1477666039270 lifecam22 2811.18530273 4670.47802734 5.335688591
1477666039342 lifecam22 2805.43041992 4666.01953125 5.33822345734
1477666039406 lifecam22 2800.70117188 4664.31396484 5.34976530075
1477666039469 lifecam22 2796.16796875 4661.83789062 5.35658359528
1477666039537 lifecam22 2791.02612305 4658.81494141 5.36436080933
1477666039606 lifecam22 2785.54638672 4656.08203125 5.37217664719
1477666039738 lifecam22 2775.92480469 4650.43603516 5.38706684113
1477666039805 lifecam22 2771.1105957 4647.14501953 5.39209032059
1477666039871 lifecam22 2765.79418945 4644.85351562 5.40385532379
1477666039939 lifecam22 2761.62548828 4641.69482422 5.41110229492
1477666040007 lifecam22 2756.79199219 4638.37353516 5.41069030762
1477666040072 lifecam22 2751.50610352 4633.96044922 5.41803884506
1477666040138 lifecam22 2746.57739258 4631.5078125 5.42702913284
1477666040206 lifecam22 2741.56567383 4628.07128906 5.4353852272
1477666040272 lifecam22 2737.17138672 4625.76220703 5.44245624542
1477666040338 lifecam22 2732.55615234 4622.27246094 5.44947099686
1477666040406 lifecam22 2727.85620117 4617.45410156 5.45105457306
1477666040472 lifecam22 2723.44555664 4614.10302734 5.45422315598
1477666040540 lifecam22 2718.63037109 4610.703125 5.46351480484
1477666040607 lifecam22 2714.58837891 4608.96630859 5.47504425049
1477666040676 lifecam22 2710.87792969 4605.73632812 5.47627353668
1477666040742 lifecam22 2703.93139648 4601.46435547 5.49066829681
1477666040804 lifecam22 2700.28491211 4598.66357422 5.49654769897
1477666040852 lifecam20 2643.50585938 4597.2109375 5.49683332443
1477666040874 lifecam22 2641.24023438 4596.21289062 5.50626897812
1477666040916 lifecam20 2639.75830078 4594.33496094 5.50408029556
1477666040941 lifecam22 2637.234375 4591.66748047 5.502202034
1477666040984 lifecam20 2634.95996094 4590.08691406 5.50861215591
1477666041004 lifecam22 2632.99072266 4587.68847656 5.50624227524
1477666041053 lifecam20 2630.74560547 4586.28515625 5.51251268387
1477666041080 lifecam22 2627.94848633 4584.73535156 5.5212430954
1477666041117 lifecam20 2625.53833008 4582.47509766 5.52239227295
1477666041141 lifecam22 2623.61328125 4580.83544922 5.52674198151
1477666041185 lifecam20 2621.02783203 4578.68212891 5.53108072281
1477666041208 lifecam22 2619.11914062 4576.61816406 5.53423309326
1477666041253 lifecam20 2617.14550781 4574.6015625 5.53346300125
1477666041272 lifecam22 2614.86035156 4572.79785156 5.53848218918
1477666041316 lifecam20 2612.47119141 4570.92724609 5.54139137268
1477666041340 lifecam22 2610.04882812 4568.8515625 5.54294967651
1477666041384 lifecam20 2607.60253906 4567.98632812 5.55358362198
1477666041407 lifecam22 2605.56103516 4566.20996094 5.55723285675
1477666041453 lifecam20 2603.36865234 4563.97070312 5.55700922012
1477666041476 lifecam22 2600.97363281 4562.51855469 5.56197452545
1477666041516 lifecam20 2598.67041016 4560.37841797 5.56700134277
1477666041544 lifecam22 2596.2097168 4557.58496094 5.56579637527
1477666041584 lifecam20 2594.32397461 4556.07373047 5.56875658035
1477666041608 lifecam22 2592.5324707 4553.97265625 5.57057189941
1477666041653 lifecam20 2590.42602539 4551.45068359 5.57125854492
1477666041673 lifecam22 2588.57568359 4550.18115234 5.57934331894
1477666041719 lifecam20 2586.22460938 4548.80224609 5.58628463745
1477666041743 lifecam22 2584.24072266 4546.20361328 5.58716726303
1477666041784 lifecam20 2582.07470703 4544.04589844 5.58755302429
1477666041810 lifecam22 2579.50341797 4542.77636719 5.59471321106
1477666041852 lifecam20 2577.48388672 4541.02734375 5.60051107407
1477666041871 lifecam22 2575.56103516 4538.93652344 5.60272598267
1477666041921 lifecam20 2573.22460938 4536.08691406 5.60274267197
1477666041941 lifecam22 2570.77880859 4533.84960938 5.60393190384
1477666041985 lifecam20 2568.80078125 4531.92773438 5.6069316864
1477666042009 lifecam22 2566.77832031 4529.45605469 5.61004686356
1477666042054 lifecam20 2564.88330078 4528.04931641 5.61565065384
1477666042076 lifecam22 2563.17675781 4526.66943359 5.62015104294
1477666042147 lifecam22 2560.98291016 4524.27148438 5.62296009064
1477666042184 lifecam20 2556.77099609 4520.06445312 5.62963724136
1477666042211 lifecam22 2554.83691406 4518.36132812 5.63476467133
1477666042245 lifecam20 2552.85791016 4516.22460938 5.63803482056
1477666042277 lifecam22 2551.07617188 4515.11425781 5.6459774971
1477666042320 lifecam20 2548.5859375 4513.67236328 5.65296077728
1477666042340 lifecam22 2546.58837891 4512.86425781 5.66324090958
1477666042389 lifecam20 2545.35644531 4509.56347656 5.66099834442
1477666042409 lifecam22 2543.55615234 4507.84472656 5.66559743881
1477666042454 lifecam20 2541.38183594 4507.21630859 5.67480945587
1477666042520 lifecam20 2539.54394531 4503.71289062 5.66971158981
1477666042588 lifecam20 2476.03198242 4493.6171875 5.66448879242
1477666042652 lifecam20 2472.94360352 4489.01904297 5.66578292847
1477666042721 lifecam20 2468.48657227 4484.44042969 5.67276859283
1477666042788 lifecam20 2463.87719727 4481.47167969 5.68726873398
1477666042853 lifecam20 2461.1809082 4475.23291016 5.68441867828
1477666042920 lifecam20 2456.53393555 4472.6171875 5.70163059235
1477666042987 lifecam20 2453.23950195 4466.74658203 5.70183849335
1477666043051 lifecam20 2449.54101562 4461.53515625 5.70800065994
1477666043120 lifecam20 2445.45166016 4456.97021484 5.71316146851
1477666043255 lifecam20 2438.11328125 4448.71240234 5.72872686386
1477666043319 lifecam20 2434.2734375 4444.04980469 5.73514986038
1477666043388 lifecam20 2430.74389648 4439.60253906 5.74146413803
1477666043458 lifecam20 2427.49584961 4434.36865234 5.74531602859
1477666043522 lifecam20 2422.9074707 4431.00634766 5.76131439209
1477666043589 lifecam20 2420.52246094 4425.25683594 5.76108264923
1477666043655 lifecam20 2415.73974609 4422.19042969 5.77345895767
1477666043719 lifecam20 2412.8359375 4416.08300781 5.77646398544
1477666043788 lifecam20 2408.6394043 4412.8359375 5.78971099854
1477666043855 lifecam20 2406.11621094 4406.34863281 5.7861328125
1477666043924 lifecam20 2403.39428711 4402.98828125 5.79777383804
1477666043989 lifecam20 2398.96923828 4396.5234375 5.80601263046
1477666044056 lifecam20 2396.70532227 4392.59765625 5.81257200241
1477666044124 lifecam20 2393.65209961 4387.10595703 5.81239557266
1477666044187 lifecam20 2390.61352539 4382.86035156 5.82020759583
1477666044256 lifecam20 2387.01293945 4377.55761719 5.82151126862
1477666044323 lifecam20 2383.97875977 4373.25732422 5.83285140991
1477666044387 lifecam20 2380.37597656 4367.88574219 5.83816242218
1477666044455 lifecam20 2377.35351562 4363.80859375 5.8492770195
1477666044523 lifecam20 2374.06103516 4359.34716797 5.857670784
1477666044594 lifecam20 2370.88720703 4353.69628906 5.86002588272
1477666044655 lifecam20 2367.22045898 4349.81738281 5.87508487701
1477666044725 lifecam20 2364.8203125 4343.72802734 5.87579441071
1477666044792 lifecam20 2361.32250977 4339.59179688 5.88595342636
1477666044856 lifecam20 2357.80249023 4334.33300781 5.89295482635
1477666044993 lifecam20 2352.42944336 4322.95361328 5.90087938309
1477666045055 lifecam20 2350.54882812 4316.78173828 5.90204715729
1477666045123 lifecam20 2348.09912109 4311.01171875 5.90577697754
1477666045191 lifecam20 2345.13793945 4306.28222656 5.91460847855
1477666045256 lifecam20 2342.6940918 4301.00878906 5.9199256897
1477666045323 lifecam20 2339.22583008 4296.97949219 5.93327713013
1477666045391 lifecam20 2336.94067383 4291.23730469 5.93942165375
1477666045459 lifecam20 2334.19946289 4285.15820312 5.9385061264
1477666045523 lifecam20 2330.96582031 4280.93310547 5.95372343063
1477666045591 lifecam20 2328.62768555 4276.20458984 5.96268844604
1477666045659 lifecam20 2326.55175781 4270.58056641 5.96630048752
1477666045723 lifecam20 2323.4934082 4265.26757812 5.97390651703
1477666045791 lifecam20 2322.21166992 4259.78662109 5.97928953171
1477666045859 lifecam20 2319.36669922 4255.22070312 5.98836421967
1477666045923 lifecam20 2317.82983398 4249.26660156 5.98759317398
1477666045993 lifecam20 2315.57324219 4244.29101562 5.99387741089
1477666046060 lifecam20 2313.25244141 4239.1328125 6.00372838974
1477666046128 lifecam20 2311.36010742 4232.63085938 6.00524759293
1477666046193 lifecam20 2308.61376953 4227.61767578 6.01549911499
1477666046259 lifecam20 2306.67602539 4222.02148438 6.02094125748
1477666046327 lifecam20 2303.44628906 4216.83740234 6.02978277206
1477666046391 lifecam20 2301.48144531 4213.01708984 6.03984975815
1477666046461 lifecam20 2298.9543457 4207.00146484 6.04800033569
1477666046529 lifecam20 2297.36401367 4200.85253906 6.05027198792
1477666046592 lifecam20 2295.36035156 4195.16992188 6.0570526123
1477666046668 lifecam20 2293.22509766 4190.57226562 6.06649398804
1477666046728 lifecam20 2291.4375 4184.41552734 6.06859350204
1477666046793 lifecam20 2289.87719727 4178.00048828 6.070997715
1477666046861 lifecam20 2287.515625 4173.69873047 6.08408927917
1477666046929 lifecam20 2286.44506836 4167.37402344 6.08766651154
1477666046997 lifecam20 2285.1184082 4161.26904297 6.09235906601
1477666047058 lifecam20 2282.99267578 4155.49462891 6.09744262695
1477666047127 lifecam20 2281.20654297 4150.09179688 6.10762500763
1477666047194 lifecam20 2278.65771484 4145.20410156 6.11662960052
1477666047260 lifecam20 2277.54248047 4139.41455078 6.12218952179
1477666047328 lifecam20 2276.1706543 4134.06689453 6.1279835701
1477666047395 lifecam20 2274.41625977 4128.25878906 6.13557529449
1477666047459 lifecam20 2273.85522461 4121.9765625 6.13824510574
1477666047527 lifecam20 2272.25952148 4117.24951172 6.14758443832
1477666047594 lifecam20 2271.47949219 4111.421875 6.15009021759
1477666047663 lifecam20 2270.22705078 4105.59521484 6.15454006195
1477666047727 lifecam20 2269.0012207 4099.10205078 6.15655946732
1477666047794 lifecam20 2266.86230469 4094.70361328 6.17033100128
1477666047862 lifecam20 2266.42504883 4088.24072266 6.17375659943
1477666047926 lifecam20 2264.55981445 4084.02197266 6.18526506424
1477666047994 lifecam20 2263.31323242 4077.54443359 6.19341230392
1477666048067 lifecam20 2261.98583984 4071.51220703 6.19779062271
1477666048127 lifecam20 2260.31005859 4065.90161133 6.20688247681
1477666048196 lifecam20 2259.86572266 4060.32470703 6.21097993851
1477666048264 lifecam20 2258.73754883 4054.59008789 6.2184419632
1477666048327 lifecam20 2257.5324707 4049.18823242 6.22824239731
1477666048462 lifecam20 2257.07006836 4037.21728516 6.2284040451
1477666048530 lifecam20 2258.04199219 4037.53149414 6.22473907471
1477666048595 lifecam20 2257.80615234 4037.82226562 6.22603416443
1477666048663 lifecam20 2257.86035156 4037.87426758 6.22534942627
1477666048730 lifecam20 2257.96459961 4037.18286133 6.22281360626
1477666048794 lifecam20 2257.90112305 4037.8659668 6.22646188736
1477666048862 lifecam20 2257.82275391 4037.62988281 6.22553777695
1477666048930 lifecam20 2257.84204102 4037.46850586 6.22412109375
1477666048994 lifecam20 2257.84423828 4037.61230469 6.22419691086
1477666049062 lifecam20 2257.86035156 4037.87426758 6.22534942627
