1477665445807 lifecam22 3359.97607422 4775.63574219 4.68944120407
1477665445875 lifecam22 3360.08569336 4775.29589844 4.6877155304
1477665445941 lifecam22 3360.45239258 4775.81494141 4.69118595123
1477665446009 lifecam22 3360.5871582 4775.51708984 4.68984508514
1477665446075 lifecam22 3360.08569336 4775.29589844 4.6877155304
1477665446141 lifecam22 3359.86645508 4775.65966797 4.68963003159
1477665446209 lifecam22 3360.41259766 4775.62451172 4.68945217133
1477665446275 lifecam22 3359.70410156 4775.13623047 4.686170578
1477665446343 lifecam22 3358.94775391 4775.89355469 4.69151687622
1477665446409 lifecam22 3360.39257812 4775.60400391 4.68926000595
1477665446475 lifecam22 3359.5546875 4776.02734375 4.69287586212
1477665446543 lifecam22 3359.49633789 4775.68994141 4.68981218338
1477665446609 lifecam22 3359.93115234 4775.42431641 4.68751716614
1477665446677 lifecam22 3359.74633789 4775.53515625 4.68847513199
1477665446743 lifecam22 3360.41259766 4775.62451172 4.68945217133
1477665446816 lifecam22 3360.32666016 4775.39599609 4.68868255615
1477665446877 lifecam22 3359.67626953 4775.60058594 4.68904924393
1477665446943 lifecam22 3359.72631836 4775.51464844 4.68828248978
1477665447009 lifecam22 3359.79174805 4775.71582031 4.69011878967
1477665447077 lifecam22 3359.72631836 4775.51464844 4.68828248978
1477665447211 lifecam22 3359.55615234 4775.75195312 4.6903886795
1477665447277 lifecam22 3359.26977539 4775.78027344 4.69057226181
1477665447344 lifecam22 3359.47021484 4775.60888672 4.69038200378
1477665447410 lifecam22 3359.79907227 4775.17578125 4.68655538559
1477665447476 lifecam22 3359.98413086 4775.04345703 4.68540334702
1477665447544 lifecam22 3360.12719727 4774.57617188 4.68097257614
1477665447611 lifecam22 3360.12719727 4774.57617188 4.68097257614
1477665447676 lifecam22 3360.60058594 4774.82128906 4.68169260025
1477665447744 lifecam22 3364.63378906 4775.82470703 4.69310283661
1477665447811 lifecam22 3365.9440918 4776.51074219 4.69833993912
1477665447884 lifecam22 3360.734375 4774.67480469 4.68038892746
1477665447944 lifecam22 3359.8659668 4774.45703125 4.67981910706
1477665448012 lifecam22 3360.95239258 4776.18261719 4.69172000885
1477665448079 lifecam22 3353.44848633 4779.28027344 4.71191978455
1477665448144 lifecam22 3345.97924805 4778.10546875 4.70766592026
1477665448212 lifecam22 3343.24658203 4781.26464844 4.73061800003
1477665448279 lifecam22 3333.56152344 4779.75097656 4.7220864296
1477665448344 lifecam22 3331.32617188 4782.00341797 4.74717140198
1477665448412 lifecam22 3326.70239258 4782.35253906 4.7669301033
1477665448479 lifecam22 3320.38623047 4782.68603516 4.76838493347
1477665448547 lifecam22 3314.47485352 4781.80175781 4.76878213882
1477665448613 lifecam22 3307.69482422 4781.45654297 4.76800918579
1477665448680 lifecam22 3300.73779297 4781.50195312 4.76974201202
1477665448747 lifecam22 3294.08813477 4781.10400391 4.76871061325
1477665448813 lifecam22 3288.87890625 4782.7578125 4.78001260757
1477665448883 lifecam22 3283.91821289 4782.74609375 4.78803014755
1477665448946 lifecam22 3278.62744141 4783.91796875 4.7979388237
1477665449012 lifecam22 3272.60351562 4783.09326172 4.80492401123
1477665449080 lifecam22 3266.65429688 4783.76123047 4.81025791168
1477665449146 lifecam22 3262.02758789 4784.50292969 4.82120656967
1477665449222 lifecam22 3257.03515625 4784.2265625 4.82585811615
1477665449281 lifecam22 3250.33276367 4783.796875 4.82703304291
1477665449347 lifecam22 3244.98657227 4783.65478516 4.83534049988
1477665449415 lifecam22 3238.81445312 4782.9375 4.83949756622
1477665449481 lifecam22 3232.16113281 4781.91259766 4.84005069733
1477665449614 lifecam22 3220.18066406 4781.61669922 4.85116863251
1477665449680 lifecam22 3214.59204102 4782.12695312 4.86066770554
1477665449748 lifecam22 3209.33789062 4782.08935547 4.87338829041
1477665449814 lifecam22 3203.25024414 4781.02929688 4.87523269653
1477665449880 lifecam22 3197.54077148 4780.953125 4.88449478149
1477665449948 lifecam22 3192.1081543 4781.26513672 4.89422655106
1477665450014 lifecam22 3186.37963867 4781.49853516 4.90214061737
1477665450083 lifecam22 3180.98168945 4781.49462891 4.91076135635
1477665450148 lifecam22 3175.52685547 4781.47949219 4.91923809052
1477665450216 lifecam22 3169.21728516 4779.62646484 4.92261600494
1477665450283 lifecam22 3163.9140625 4780.02832031 4.92948055267
1477665450348 lifecam22 3157.03344727 4777.95019531 4.92986917496
1477665450416 lifecam22 3151.88378906 4778.796875 4.94317102432
1477665450482 lifecam22 3145.78198242 4778.2734375 4.94942951202
1477665450548 lifecam22 3140.33666992 4777.38476562 4.95442247391
1477665450616 lifecam22 3134.35864258 4776.45849609 4.96025705338
1477665450682 lifecam22 3129.09423828 4775.25244141 4.96518611908
1477665450748 lifecam22 3123.44189453 4774.81298828 4.97577953339
1477665450816 lifecam22 3117.65917969 4773.75244141 4.98119544983
1477665450882 lifecam22 3111.39770508 4773.14208984 4.98661231995
1477665450950 lifecam22 3107.01464844 4772.6875 5.00021362305
1477665451016 lifecam22 3101.87695312 4772.17285156 5.00645303726
1477665451084 lifecam22 3095.47973633 4769.54638672 5.00235080719
1477665451150 lifecam22 3090.05517578 4768.89941406 5.0113363266
1477665451216 lifecam22 3084.1484375 4767.39648438 5.02120065689
1477665451284 lifecam22 3077.90161133 4766.33496094 5.0235581398
1477665451350 lifecam22 3072.58935547 4765.19482422 5.03193998337
1477665451416 lifecam22 3066.96704102 4763.93457031 5.03770971298
1477665451484 lifecam22 3061.68359375 4763.53320312 5.0454955101
1477665451550 lifecam22 3056.32788086 4761.19335938 5.05267047882
1477665451620 lifecam22 3050.83520508 4760.37060547 5.05836725235
1477665451684 lifecam22 3045.05249023 4758.24853516 5.06460809708
1477665451752 lifecam22 3039.8046875 4757.80615234 5.07453966141
1477665451817 lifecam22 3033.66113281 4755.36328125 5.07582521439
1477665451884 lifecam22 3028.52099609 4754.75976562 5.08645582199
1477665452018 lifecam22 3017.16894531 4751.55566406 5.09722042084
1477665452084 lifecam22 3012.27416992 4750.34765625 5.10632181168
1477665452152 lifecam22 3005.21484375 4747.73242188 5.10973930359
1477665452218 lifecam22 3000.00219727 4747.1015625 5.1195640564
1477665452289 lifecam22 2994.81347656 4745.49707031 5.12618350983
1477665452351 lifecam22 2989.24316406 4744.54052734 5.13405179977
1477665452419 lifecam22 2984.01269531 4741.44238281 5.13593673706
1477665452485 lifecam22 2978.17114258 4740.54150391 5.14344501495
1477665452551 lifecam22 2973.02709961 4738.12353516 5.15162181854
1477665452619 lifecam22 2968.18383789 4737.36865234 5.16507291794
1477665452686 lifecam22 2962.06030273 4734.6640625 5.16810941696
1477665452751 lifecam22 2957.42626953 4732.54101562 5.17179441452
1477665452819 lifecam22 2951.94042969 4730.31591797 5.17495775223
1477665452886 lifecam22 2946.88549805 4728.14453125 5.17939043045
1477665452952 lifecam22 2941.203125 4725.81884766 5.18368530273
1477665453020 lifecam22 2935.56835938 4724.34570312 5.19379520416
1477665453086 lifecam22 2929.33666992 4722.27929688 5.20166778564
1477665453154 lifecam22 2923.84790039 4720.24804688 5.20704030991
1477665453220 lifecam22 2919.52197266 4718.60644531 5.21746253967
1477665453288 lifecam22 2914.12597656 4715.64355469 5.22015333176
1477665453353 lifecam22 2908.72729492 4713.9296875 5.22785949707
1477665453419 lifecam22 2903.3894043 4711.34619141 5.23872423172
1477665453487 lifecam22 2898.03125 4709.40869141 5.2476401329
1477665453553 lifecam22 2892.49169922 4706.86914062 5.25141191483
1477665453619 lifecam22 2887.52099609 4703.18017578 5.25515651703
1477665453687 lifecam22 2882.1027832 4701.65283203 5.2638335228
1477665453753 lifecam22 2876.98803711 4697.72998047 5.26313018799
1477665453821 lifecam22 2872.21362305 4695.56591797 5.27163362503
1477665453887 lifecam22 2866.31005859 4693.09326172 5.27779960632
1477665454021 lifecam22 2856.0625 4688.8828125 5.29502296448
1477665454087 lifecam22 2851.05639648 4686.66748047 5.30513763428
1477665454155 lifecam22 2846.34204102 4684.79589844 5.31338691711
1477665454221 lifecam22 2840.80859375 4681.04785156 5.31606626511
1477665454287 lifecam22 2835.75390625 4677.94677734 5.32119941711
1477665454355 lifecam22 2830.90966797 4675.36474609 5.33163928986
1477665454421 lifecam22 2826.17529297 4673.51025391 5.33717155457
1477665454488 lifecam22 2821.3671875 4669.45166016 5.34276914597
1477665454556 lifecam22 2816.06665039 4666.63574219 5.34632110596
1477665454624 lifecam22 2811.66210938 4662.82763672 5.350669384
1477665454692 lifecam22 2806.17358398 4660.29003906 5.35821056366
1477665454755 lifecam22 2801.72802734 4658.16699219 5.36750841141
1477665454823 lifecam22 2797.06958008 4654.39599609 5.36827802658
1477665454888 lifecam22 2791.41308594 4652.83056641 5.38507461548
1477665454955 lifecam22 2786.46362305 4649.10302734 5.38761997223
1477665455089 lifecam22 2777.5090332 4642.93847656 5.39748096466
1477665455155 lifecam22 2771.75854492 4640.38867188 5.41209220886
1477665455223 lifecam22 2767.07128906 4637.53125 5.41681957245
1477665455291 lifecam22 2762.8059082 4634.20507812 5.42245054245
1477665455423 lifecam22 2752.90087891 4626.65136719 5.43090820312
1477665455491 lifecam22 2748.09375 4623.98876953 5.44422864914
1477665455556 lifecam22 2743.33349609 4619.09472656 5.44401168823
1477665455623 lifecam22 2738.88769531 4617.03515625 5.45759344101
1477665455691 lifecam22 2734.19970703 4612.23876953 5.45744562149
1477665455756 lifecam22 2728.51269531 4608.38916016 5.4653635025
1477665455810 lifecam20 2671.15283203 4612.44824219 5.50746965408
1477665455822 lifecam22 2668.92285156 4611.85351562 5.51495933533
1477665455891 lifecam22 2667.38574219 4610.40625 5.51667404175
1477665455943 lifecam20 2663.58032227 4604.63964844 5.50463485718
1477665455956 lifecam22 2660.40991211 4601.97900391 5.50905370712
1477665456010 lifecam20 2658.58398438 4599.42675781 5.50330400467
1477665456024 lifecam22 2656.67089844 4597.84570312 5.50749540329
1477665456078 lifecam20 2654.75976562 4595.42578125 5.50385522842
1477665456091 lifecam22 2653.0690918 4594.25585938 5.50729656219
1477665456142 lifecam20 2651.21582031 4591.44726562 5.50127601624
1477665456159 lifecam22 2648.59790039 4589.82617188 5.5088186264
1477665456210 lifecam20 2645.78369141 4588.12695312 5.51250267029
1477665456225 lifecam22 2643.31396484 4584.94628906 5.50637149811
1477665456278 lifecam20 2642.21362305 4583.296875 5.5118765831
1477665456291 lifecam22 2640.39697266 4581.29296875 5.51159191132
1477665456341 lifecam20 2637.6472168 4581.01513672 5.52269744873
1477665456359 lifecam22 2635.29394531 4580.28076172 5.53307390213
1477665456410 lifecam20 2633.24072266 4577.44824219 5.53183937073
1477665456425 lifecam22 2631.42016602 4574.85058594 5.53286361694
1477665456477 lifecam20 2628.45556641 4573.11523438 5.53884792328
1477665456491 lifecam22 2626.16015625 4572.28222656 5.54862737656
1477665456545 lifecam20 2624.42431641 4569.87353516 5.54706478119
1477665456558 lifecam22 2622.15722656 4567.50097656 5.54907226562
1477665456609 lifecam20 2619.92431641 4566.15136719 5.55551290512
1477665456624 lifecam22 2617.67871094 4563.828125 5.55466890335
1477665456678 lifecam20 2615.15869141 4561.81103516 5.55786514282
1477665456690 lifecam22 2612.73535156 4560.1875 5.56381464005
1477665456746 lifecam20 2610.70068359 4557.90527344 5.56339454651
1477665456758 lifecam22 2608.84301758 4556.19628906 5.5663933754
1477665456810 lifecam20 2606.46826172 4554.27539062 5.57149410248
1477665456826 lifecam22 2603.8996582 4552.68164062 5.58053922653
1477665456878 lifecam20 2601.88891602 4550.87744141 5.58321046829
1477665456892 lifecam22 2600.20117188 4548.890625 5.5834941864
1477665456946 lifecam20 2597.96044922 4547.2890625 5.58970785141
1477665456958 lifecam22 2595.60351562 4545.34960938 5.59240961075
1477665457009 lifecam20 2593.35668945 4543.63671875 5.59759569168
1477665457026 lifecam22 2590.95532227 4540.95605469 5.59842920303
1477665457078 lifecam20 2588.65722656 4539.2578125 5.60174608231
1477665457093 lifecam22 2586.7434082 4537.76855469 5.60707378387
1477665457146 lifecam20 2584.66455078 4534.66650391 5.60582542419
1477665457159 lifecam22 2582.8671875 4532.60351562 5.60974884033
1477665457209 lifecam20 2580.74755859 4531.04296875 5.61645174026
1477665457227 lifecam22 2578.79785156 4528.90136719 5.61761331558
1477665457277 lifecam20 2577.19042969 4526.43066406 5.61747932434
1477665457293 lifecam22 2574.95581055 4524.07080078 5.62035179138
1477665457345 lifecam20 2573.05224609 4522.01757812 5.62228631973
1477665457358 lifecam22 2571.32299805 4520.52685547 5.62909650803
1477665457417 lifecam20 2568.91992188 4517.80371094 5.63174200058
1477665457426 lifecam22 2566.82055664 4516.2265625 5.63802909851
1477665457478 lifecam20 2564.95898438 4514.98046875 5.64565134048
1477665457494 lifecam22 2562.74853516 4514.78466797 5.66050386429
1477665457546 lifecam20 2560.58447266 4512.1171875 5.6603512764
1477665457560 lifecam22 2558.77514648 4509.76318359 5.66122484207
1477665457614 lifecam20 2556.6472168 4507.25439453 5.6637969017
1477665457626 lifecam22 2555.10644531 4508.08398438 5.6817278862
1477665457677 lifecam20 2553.36230469 4505.95996094 5.68472480774
1477665457694 lifecam22 2551.26806641 4503.13134766 5.6833319664
1477665457813 lifecam20 2547.27392578 4499.19238281 5.6904296875
1477665457877 lifecam20 2484.66699219 4485.88623047 5.6753320694
1477665457945 lifecam20 2481.03320312 4481.76367188 5.67812681198
1477665458013 lifecam20 2477.85571289 4477.84667969 5.69060277939
1477665458081 lifecam20 2473.08886719 4474.01318359 5.69495010376
1477665458138 lifecam20 2470.79223633 4469.08740234 5.69707012177
1477665458213 lifecam20 2466.02172852 4464.51464844 5.70469093323
1477665458281 lifecam20 2462.47143555 4459.68212891 5.71183109283
1477665458345 lifecam20 2458.92041016 4454.7109375 5.71794176102
1477665458413 lifecam20 2454.27416992 4451.86914062 5.73432207108
1477665458482 lifecam20 2451.33081055 4445.15039062 5.72866392136
1477665458545 lifecam20 2447.79345703 4441.9609375 5.73831605911
1477665458613 lifecam20 2444.08691406 4437.13574219 5.74630832672
1477665458681 lifecam20 2440.01879883 4433.56542969 5.76057004929
1477665458745 lifecam20 2436.55566406 4428.37207031 5.764087677
1477665458813 lifecam20 2432.63867188 4424.03857422 5.77239704132
1477665458881 lifecam20 2429.33569336 4420.13378906 5.78114461899
1477665458949 lifecam20 2425.72436523 4416.74267578 5.79139328003
1477665459013 lifecam20 2423.15942383 4411.13085938 5.79442358017
1477665459081 lifecam20 2419.73144531 4405.40380859 5.79405641556
1477665459150 lifecam20 2416.3828125 4400.54931641 5.8047118187
1477665459214 lifecam20 2412.36083984 4395.69921875 5.81224870682
1477665459282 lifecam20 2408.61254883 4390.32617188 5.81816673279
1477665459349 lifecam20 2405.90258789 4384.95605469 5.82215833664
1477665459414 lifecam20 2403.06079102 4379.48339844 5.82218599319
1477665459482 lifecam20 2400.71191406 4374.94091797 5.82918071747
1477665459549 lifecam20 2397.28466797 4370.65332031 5.84375190735
1477665459617 lifecam20 2394.33374023 4364.52001953 5.8465013504
1477665459681 lifecam20 2391.9921875 4360.02001953 5.8516292572
1477665459749 lifecam20 2388.79931641 4354.58935547 5.85477924347
1477665459818 lifecam20 2386.10498047 4348.77099609 5.85387706757
1477665459881 lifecam20 2382.75805664 4344.68798828 5.86943483353
1477665459949 lifecam20 2380.26782227 4339.92529297 5.87598466873
1477665460017 lifecam20 2377.15551758 4334.50732422 5.88088178635
1477665460081 lifecam20 2374.47729492 4328.97021484 5.88422250748
1477665460218 lifecam20 2367.74975586 4320.48388672 5.90963506699
1477665460281 lifecam20 2364.49975586 4315.44433594 5.91559410095
1477665460349 lifecam20 2362.73608398 4309.40087891 5.91755962372
1477665460417 lifecam20 2359.62817383 4304.27832031 5.92497968674
1477665460485 lifecam20 2356.58007812 4299.70800781 5.93687820435
1477665460549 lifecam20 2354.04272461 4294.39355469 5.94354438782
1477665460617 lifecam20 2350.70922852 4290.22900391 5.95381593704
1477665460685 lifecam20 2349.36645508 4283.85742188 5.95353651047
1477665460748 lifecam20 2346.34228516 4279.28710938 5.95964479446
1477665460816 lifecam20 2344.06835938 4273.93505859 5.96546506882
1477665460885 lifecam20 2341.61132812 4268.44580078 5.97441577911
1477665460950 lifecam20 2339.24145508 4262.51416016 5.97927904129
1477665461018 lifecam20 2336.79638672 4257.35205078 5.98394632339
1477665461085 lifecam20 2334.66821289 4251.25585938 5.98706912994
1477665461153 lifecam20 2332.3527832 4246.25097656 5.99479484558
1477665461217 lifecam20 2330.79589844 4239.93701172 5.99794149399
1477665461285 lifecam20 2328.61791992 4234.56689453 6.00381183624
1477665461353 lifecam20 2325.79125977 4229.78759766 6.01713705063
1477665461417 lifecam20 2324.76342773 4224.23779297 6.02182531357
1477665461484 lifecam20 2322.53662109 4218.1875 6.02596616745
1477665461553 lifecam20 2321.51855469 4213.33496094 6.03127765656
1477665461616 lifecam20 2318.83032227 4207.84570312 6.03919172287
1477665461684 lifecam20 2317.16333008 4202.35205078 6.03998613358
1477665461752 lifecam20 2315.48339844 4196.95214844 6.048807621
1477665461820 lifecam20 2312.75463867 4191.88769531 6.06108236313
1477665461885 lifecam20 2311.07421875 4186.14794922 6.06567621231
1477665461952 lifecam20 2308.98266602 4180.96142578 6.07210350037
1477665462020 lifecam20 2307.60791016 4175.00585938 6.07919359207
1477665462084 lifecam20 2304.81005859 4171.17138672 6.09318637848
1477665462152 lifecam20 2303.65332031 4164.70996094 6.09977722168
1477665462221 lifecam20 2301.89746094 4159.58007812 6.10289907455
1477665462284 lifecam20 2299.52685547 4153.70263672 6.11524534225
1477665462353 lifecam20 2297.76611328 4148.68408203 6.12056398392
1477665462421 lifecam20 2296.43188477 4142.56152344 6.12629365921
1477665462484 lifecam20 2295.11621094 4136.86279297 6.12890338898
1477665462553 lifecam20 2293.74853516 4131.12597656 6.13586378098
1477665462620 lifecam20 2293.02758789 4125.41992188 6.13681745529
1477665462688 lifecam20 2290.45532227 4120.12158203 6.14921379089
1477665462752 lifecam20 2289.21362305 4114.37304688 6.15460395813
1477665462820 lifecam20 2287.2409668 4108.53125 6.1624879837
1477665462890 lifecam20 2286.18334961 4103.10546875 6.16803693771
1477665462952 lifecam20 2285.25927734 4097.14208984 6.1714925766
1477665463020 lifecam20 2284.16625977 4091.0378418 6.17669200897
1477665463088 lifecam20 2282.91235352 4085.51831055 6.18490791321
1477665463152 lifecam20 2281.56494141 4080.43334961 6.19304895401
1477665463289 lifecam20 2280.62768555 4068.35473633 6.20079755783
1477665463357 lifecam20 2279.05712891 4063.39672852 6.2128162384
1477665463420 lifecam20 2278.74536133 4056.88818359 6.21474313736
1477665463488 lifecam20 2277.79321289 4050.98461914 6.22173833847
1477665463556 lifecam20 2277.49438477 4044.63720703 6.22513961792
1477665463620 lifecam20 2276.6081543 4038.66040039 6.23163747787
1477665463688 lifecam20 2275.11328125 4033.71362305 6.23991298676
1477665463756 lifecam20 2277.42822266 4027.20019531 6.2259054184
1477665463820 lifecam20 2277.63208008 4029.82910156 6.22704696655
1477665463888 lifecam20 2277.51733398 4029.29345703 6.22916460037
1477665463956 lifecam20 2277.68237305 4029.20996094 6.226167202
1477665464021 lifecam20 2277.50976562 4029.28027344 6.22780513763
1477665464089 lifecam20 2277.68237305 4029.20996094 6.226167202
1477665464157 lifecam20 2277.50976562 4029.28027344 6.22780513763
1477665464224 lifecam20 2277.68237305 4029.20996094 6.226167202
1477665464288 lifecam20 2277.68237305 4029.20996094 6.226167202
1477665464356 lifecam20 2277.65576172 4029.40722656 6.22796297073
1477665464424 lifecam20 2277.63134766 4029.41333008 6.22677659988
1477665464488 lifecam20 2277.65576172 4029.40722656 6.22796297073
1477665464556 lifecam20 2277.68237305 4029.20996094 6.226167202
1477665464624 lifecam20 2277.68237305 4029.20996094 6.226167202
1477665464687 lifecam20 2277.65576172 4029.40722656 6.22796297073
1477665464756 lifecam20 2277.63134766 4029.41333008 6.22677659988
1477665464824 lifecam20 2277.68237305 4029.20996094 6.226167202
