1477665265931 lifecam22 3361.42578125 4779.73046875 4.71481180191
1477665265996 lifecam22 3361.35375977 4779.34423828 4.71113491058
1477665266070 lifecam22 3361.4362793 4779.46630859 4.71229696274
1477665266137 lifecam22 3361.63061523 4779.52734375 4.7128777504
1477665266195 lifecam22 3361.73950195 4779.36425781 4.7113237381
1477665266271 lifecam22 3361.79980469 4779.60888672 4.71365213394
1477665266339 lifecam22 3361.69042969 4779.58837891 4.71345806122
1477665266395 lifecam22 3361.73046875 4779.62890625 4.71384620667
1477665266464 lifecam22 3361.70507812 4779.46630859 4.71229553223
1477665266537 lifecam22 3361.72973633 4779.40478516 4.71171092987
1477665266595 lifecam22 3361.79907227 4779.34375 4.71112918854
1477665266663 lifecam22 3361.73950195 4779.36425781 4.7113237381
1477665266737 lifecam22 3362.03491211 4779.05761719 4.70839500427
1477665266795 lifecam22 3362.19287109 4779.34326172 4.71112442017
1477665266863 lifecam22 3362.24780273 4777.75634766 4.69586515427
1477665266939 lifecam22 3361.65283203 4777.52099609 4.69358539581
1477665267005 lifecam22 3362.24780273 4777.75634766 4.69586515427
1477665267063 lifecam22 3366.33666992 4777.4609375 4.7018661499
1477665267131 lifecam22 3367.0871582 4778.77392578 4.70864295959
1477665267204 lifecam22 3366.37939453 4777.50341797 4.702252388
1477665267263 lifecam22 3365.12524414 4776.42919922 4.69484949112
1477665267331 lifecam22 3366.09765625 4776.94287109 4.69971895218
1477665267406 lifecam22 3366.01025391 4776.71630859 4.69893312454
1477665267463 lifecam22 3365.9440918 4776.51074219 4.69833993912
1477665267531 lifecam22 3361.80273438 4774.328125 4.67750120163
1477665267607 lifecam22 3364.42333984 4776.06787109 4.69140720367
1477665267672 lifecam22 3361.86767578 4776.42626953 4.68748998642
1477665267731 lifecam22 3352.45410156 4777.86083984 4.70418691635
1477665267806 lifecam22 3346.55419922 4779.52783203 4.71288156509
1477665267873 lifecam22 3343.00244141 4776.60888672 4.69493436813
1477665267931 lifecam22 3333.43969727 4778.71972656 4.70515823364
1477665267998 lifecam22 3327.66796875 4780.17773438 4.71904754639
1477665268073 lifecam22 3325.37817383 4780.56689453 4.7227230072
1477665268131 lifecam22 3317.83935547 4781.67041016 4.73306655884
1477665268198 lifecam22 3312.11743164 4779.99707031 4.72449064255
1477665268274 lifecam22 3305.65722656 4780.83642578 4.73089838028
1477665268341 lifecam22 3300.52832031 4779.86474609 4.74277734756
1477665268398 lifecam22 3293.56445312 4779.06347656 4.7430524826
1477665268473 lifecam22 3289.07348633 4780.40478516 4.75490617752
1477665268541 lifecam22 3283.55078125 4780.13330078 4.76079845428
1477665268598 lifecam22 3277.59716797 4781.33300781 4.7688741684
1477665268666 lifecam22 3271.02783203 4780.46044922 4.76854038239
1477665268740 lifecam22 3265.12158203 4780.72851562 4.76915788651
1477665268798 lifecam22 3259.66943359 4781.26123047 4.78008174896
1477665268866 lifecam22 3253.51806641 4781.99707031 4.78821134567
1477665268942 lifecam22 3248.95605469 4782.73583984 4.80240297318
1477665269066 lifecam22 3236.93359375 4782.61621094 4.81125497818
1477665269142 lifecam22 3230.80761719 4781.94580078 4.81257915497
1477665269208 lifecam22 3224.63452148 4782.04638672 4.82415246964
1477665269266 lifecam22 3219.85986328 4782.94384766 4.83514356613
1477665269341 lifecam22 3214.58447266 4783.66503906 4.84447622299
1477665269408 lifecam22 3208.33935547 4782.84472656 4.8482542038
1477665269466 lifecam22 3202.91918945 4783.16552734 4.8517742157
1477665269535 lifecam22 3196.76220703 4782.5390625 4.85666370392
1477665269609 lifecam22 3190.97241211 4782.99707031 4.86831188202
1477665269667 lifecam22 3185.71899414 4782.86328125 4.87599563599
1477665269734 lifecam22 3180.02050781 4783.41308594 4.88592624664
1477665269810 lifecam22 3173.74951172 4783.22314453 4.89086341858
1477665269876 lifecam22 3167.80322266 4782.45507812 4.89548015594
1477665269935 lifecam22 3161.88427734 4781.97265625 4.90056371689
1477665270010 lifecam22 3156.00756836 4781.14306641 4.90846443176
1477665270077 lifecam22 3150.21630859 4780.57324219 4.9157037735
1477665270134 lifecam22 3143.73266602 4778.68261719 4.9154381752
1477665270182 lifecam20 2918.6809082 4038.83691406 5.48344278336
1477665270202 lifecam22 2916.359375 4038.56591797 5.48747110367
1477665270334 lifecam22 3127.64624023 4776.47607422 4.93476247787
1477665270402 lifecam22 3121.75927734 4775.63818359 4.94055318832
1477665270477 lifecam22 3115.29296875 4775.20117188 4.94584989548
1477665270534 lifecam22 3110.56884766 4774.89208984 4.95626211166
1477665270602 lifecam22 3104.78271484 4773.95068359 4.96272754669
1477665270677 lifecam22 3098.81591797 4772.53759766 4.96517419815
1477665270744 lifecam22 3093.22949219 4772.41601562 4.9814581871
1477665270802 lifecam22 3087.74414062 4771.93603516 4.98253107071
1477665270870 lifecam22 3081.75439453 4769.75683594 4.98744010925
1477665270945 lifecam22 3077.20458984 4770.48876953 5.00075912476
1477665271002 lifecam22 3070.75610352 4769.30371094 5.01037931442
1477665271070 lifecam22 3065.3046875 4769.10644531 5.01979541779
1477665271202 lifecam22 3054.45947266 4766.10009766 5.02624082565
1477665271270 lifecam22 3049.65771484 4766.04736328 5.04018163681
1477665271344 lifecam22 3043.87158203 4764.74853516 5.04320955276
1477665271411 lifecam22 3037.13696289 4762.74121094 5.04641151428
1477665271470 lifecam22 3032.0847168 4761.65576172 5.05148363113
1477665271547 lifecam22 3026.34399414 4760.40966797 5.05605602264
1477665271611 lifecam22 3020.64746094 4759.16162109 5.06492757797
1477665271670 lifecam22 3014.81152344 4758.28466797 5.07290554047
1477665271737 lifecam22 3009.35522461 4755.61181641 5.07355928421
1477665271813 lifecam22 3003.43920898 4754.359375 5.08158397675
1477665271870 lifecam22 2998.02148438 4753.06738281 5.08858585358
1477665271938 lifecam22 2992.8293457 4750.49462891 5.09421634674
1477665272012 lifecam22 2986.58447266 4748.3671875 5.09420204163
1477665272079 lifecam22 2981.95214844 4746.89257812 5.10345411301
1477665272138 lifecam22 2976.14624023 4746.01171875 5.11483287811
1477665272213 lifecam22 2970.95361328 4744.10253906 5.12213659286
1477665272279 lifecam22 2965.44921875 4742.09814453 5.1257443428
1477665272338 lifecam22 2959.90551758 4740.49609375 5.13295173645
1477665272406 lifecam22 2954.61303711 4738.328125 5.13599777222
1477665272481 lifecam22 2948.60131836 4736.83007812 5.1460943222
1477665272538 lifecam22 2943.15722656 4735.15917969 5.15187644958
1477665272606 lifecam22 2937.97167969 4732.93847656 5.15949440002
1477665272679 lifecam22 2932.83837891 4731.66699219 5.16949176788
1477665272738 lifecam22 2927.12109375 4729.85449219 5.176258564
1477665272805 lifecam22 2921.8046875 4728.328125 5.18733406067
1477665272880 lifecam22 2915.94067383 4726.56103516 5.19259595871
1477665272947 lifecam22 2910.87451172 4724.12744141 5.2005648613
1477665273006 lifecam22 2905.68359375 4721.76074219 5.20179843903
1477665273082 lifecam22 2900.05273438 4719.42626953 5.21020078659
1477665273149 lifecam22 2894.6027832 4716.64599609 5.21051883698
1477665273205 lifecam22 2888.75463867 4715.14550781 5.22281599045
1477665273274 lifecam22 2884.06689453 4712.75390625 5.22855567932
1477665273348 lifecam22 2878.07543945 4711.24365234 5.23734140396
1477665273406 lifecam22 2872.88061523 4708.38916016 5.24101734161
1477665273473 lifecam22 2867.92236328 4706.44775391 5.24672460556
1477665273549 lifecam22 2863.36889648 4704.37841797 5.25832986832
1477665273615 lifecam22 2858.05102539 4702.34277344 5.26465797424
1477665273674 lifecam22 2853.04614258 4699.01855469 5.26851940155
1477665273747 lifecam22 2847.40698242 4696.45751953 5.27235889435
1477665273815 lifecam22 2843.13452148 4692.73925781 5.27340888977
1477665273873 lifecam22 2836.98779297 4689.24609375 5.2768368721
1477665273942 lifecam22 2832.47412109 4686.03369141 5.28087949753
1477665274018 lifecam22 2827.31079102 4683.96386719 5.29034423828
1477665274074 lifecam22 2821.7902832 4681.26904297 5.2965927124
1477665274141 lifecam22 2817.35644531 4679.09033203 5.30581998825
1477665274217 lifecam22 2811.29980469 4675.93261719 5.31346511841
1477665274283 lifecam22 2806.69189453 4673.83300781 5.32203912735
1477665274342 lifecam22 2801.15234375 4670.93017578 5.32756853104
1477665274416 lifecam22 2796.13549805 4668.14746094 5.33636188507
1477665274483 lifecam22 2791.47314453 4665.70019531 5.34611415863
1477665274541 lifecam22 2786.51318359 4663.87011719 5.35634899139
1477665274616 lifecam22 2781.71948242 4660.91503906 5.36070489883
1477665274683 lifecam22 2776.11962891 4658.00439453 5.3672208786
1477665274742 lifecam22 2771.48828125 4654.20898438 5.37176895142
1477665274809 lifecam22 2766.78833008 4652.29833984 5.37952613831
1477665274884 lifecam22 2762.59838867 4647.58398438 5.38060855865
1477665274941 lifecam22 2756.81787109 4645.11181641 5.38892364502
1477665275009 lifecam22 2752.43603516 4642.875 5.40368556976
1477665275083 lifecam22 2746.49121094 4639.19775391 5.40507984161
1477665275151 lifecam22 2741.45874023 4635.58837891 5.41168355942
1477665275209 lifecam22 2737.5612793 4633.09765625 5.41867446899
1477665275284 lifecam22 2732.41943359 4630.28173828 5.43027162552
1477665275351 lifecam22 2728.4074707 4626.95019531 5.43543052673
1477665275409 lifecam22 2723.12158203 4624.09814453 5.44036865234
1477665275477 lifecam22 2719.04736328 4619.74511719 5.44261693954
1477665275552 lifecam22 2713.58178711 4615.87988281 5.44744777679
1477665275609 lifecam22 2709.14599609 4613.41699219 5.45694065094
1477665275677 lifecam22 2705.25854492 4609.96386719 5.46560192108
1477665275751 lifecam22 2699.86010742 4605.36376953 5.46590471268
1477665275790 lifecam20 2641.75146484 4608.31494141 5.50205230713
1477665275819 lifecam22 2639.57373047 4606.23632812 5.50368976593
1477665275877 lifecam22 2637.25439453 4604.9375 5.50992918015
1477665275921 lifecam20 2633.90771484 4599.48535156 5.49752616882
1477665275952 lifecam22 2631.35498047 4598.09375 5.50322961807
1477665275990 lifecam20 2629.90283203 4593.02246094 5.48378276825
1477665276019 lifecam22 2627.4609375 4590.59765625 5.48511266708
1477665276057 lifecam20 2625.30908203 4589.94921875 5.49312829971
1477665276077 lifecam22 2623.60595703 4588.16894531 5.49512052536
1477665276125 lifecam20 2621.32275391 4587.67529297 5.5077009201
1477665276144 lifecam22 2619.13476562 4585.95849609 5.51032781601
1477665276189 lifecam20 2616.89941406 4582.83496094 5.50467824936
1477665276220 lifecam22 2614.85009766 4581.52539062 5.51611232758
1477665276258 lifecam20 2612.54052734 4579.98925781 5.52031517029
1477665276277 lifecam22 2610.00512695 4577.99902344 5.52246952057
1477665276325 lifecam20 2607.3840332 4575.87988281 5.52724218369
1477665276345 lifecam22 2605.10839844 4573.72753906 5.52984523773
1477665276389 lifecam20 2602.72753906 4573.06640625 5.53673124313
1477665276419 lifecam22 2600.6784668 4571.65039062 5.54117012024
1477665276458 lifecam20 2598.55419922 4568.81347656 5.54085206985
1477665276477 lifecam22 2596.19140625 4567.00878906 5.5434422493
1477665276525 lifecam20 2594.05688477 4565.82958984 5.55033016205
1477665276544 lifecam22 2591.79052734 4563.25195312 5.54935932159
1477665276589 lifecam20 2589.55883789 4561.31738281 5.55254459381
1477665276620 lifecam22 2587.65576172 4560.015625 5.5568728447
1477665276658 lifecam20 2585.43725586 4557.96777344 5.55892372131
1477665276686 lifecam22 2583.26464844 4555.63867188 5.56354999542
1477665276725 lifecam20 2580.93945312 4554.08398438 5.56941175461
1477665276745 lifecam22 2578.49926758 4552.33642578 5.57320547104
1477665276789 lifecam20 2576.44433594 4549.96630859 5.57560968399
1477665276819 lifecam22 2574.27758789 4547.85986328 5.57969617844
1477665276857 lifecam20 2572.23583984 4547.03271484 5.58727121353
1477665276888 lifecam22 2569.83081055 4545.62255859 5.59191799164
1477665276926 lifecam20 2567.47705078 4543.09472656 5.59288692474
1477665276944 lifecam22 2565.85717773 4540.43554688 5.59536647797
1477665276993 lifecam20 2563.65429688 4538.34472656 5.59743833542
1477665277013 lifecam22 2561.92553711 4537.01464844 5.60103273392
1477665277057 lifecam20 2560.19897461 4534.23046875 5.60052442551
1477665277087 lifecam22 2558.07519531 4531.18554688 5.60075473785
1477665277125 lifecam20 2556.02807617 4530.03759766 5.60853147507
1477665277145 lifecam22 2553.46777344 4528.47949219 5.61309480667
1477665277193 lifecam20 2551.72265625 4525.62646484 5.61315107346
1477665277212 lifecam22 2550.66015625 4523.91308594 5.61822652817
1477665277257 lifecam20 2548.26123047 4521.93945312 5.62126874924
1477665277288 lifecam22 2546.04931641 4519.88232422 5.62188482285
1477665277326 lifecam20 2544.29101562 4517.72607422 5.62238502502
1477665277354 lifecam22 2542.234375 4514.99023438 5.62399435043
1477665277392 lifecam20 2540.29003906 4513.16552734 5.62814283371
1477665277413 lifecam22 2538.30761719 4511.84082031 5.63450145721
1477665277457 lifecam20 2536.31298828 4509.60400391 5.63801527023
1477665277487 lifecam22 2534.47119141 4509.54394531 5.65151548386
1477665277525 lifecam20 2532.11181641 4507.38964844 5.65549135208
1477665277556 lifecam22 2530.1262207 4505.50488281 5.66021060944
1477665277594 lifecam20 2528.18994141 4504.046875 5.66587400436
1477665277612 lifecam22 2525.70019531 4503.13330078 5.67698049545
1477665277660 lifecam20 2523.86889648 4500.25878906 5.67680454254
1477665277725 lifecam20 2521.35961914 4498.43066406 5.68191432953
1477665277793 lifecam20 2459.46289062 4487.78125 5.67356014252
1477665277861 lifecam20 2454.71728516 4481.94238281 5.67720317841
1477665277925 lifecam20 2451.07641602 4477.53076172 5.68266773224
1477665277994 lifecam20 2447.42138672 4472.71044922 5.68690872192
1477665278060 lifecam20 2443.84936523 4468.23828125 5.69187545776
1477665278125 lifecam20 2440.02441406 4464.08447266 5.69828367233
1477665278193 lifecam20 2436.31616211 4459.78710938 5.71104574203
1477665278261 lifecam20 2432.82861328 4454.87060547 5.7095375061
1477665278325 lifecam20 2429.18286133 4450.18847656 5.7129650116
1477665278393 lifecam20 2426.05932617 4445.29052734 5.72171020508
1477665278461 lifecam20 2421.31396484 4442.44091797 5.7381477356
1477665278529 lifecam20 2417.57617188 4436.69677734 5.74231481552
1477665278592 lifecam20 2413.62963867 4433.35058594 5.74952220917
1477665278661 lifecam20 2409.67431641 4427.26708984 5.75520849228
1477665278728 lifecam20 2406.58447266 4424.03076172 5.76512956619
1477665278793 lifecam20 2402.88183594 4419.35302734 5.77417421341
1477665278861 lifecam20 2400.6237793 4413.86425781 5.77399301529
1477665278929 lifecam20 2396.62597656 4409.88183594 5.78845739365
1477665278992 lifecam20 2393.79150391 4403.80224609 5.78653240204
1477665279061 lifecam20 2390.60473633 4399.49072266 5.7939324379
1477665279129 lifecam20 2387.15087891 4394.81640625 5.80102014542
1477665279197 lifecam20 2384.34448242 4389.54394531 5.80259752274
1477665279261 lifecam20 2381.45043945 4384.61132812 5.8077955246
1477665279329 lifecam20 2378.12084961 4379.87304688 5.813164711
1477665279397 lifecam20 2374.17333984 4374.89355469 5.82281446457
1477665279461 lifecam20 2370.36083984 4371.20800781 5.83525133133
1477665279529 lifecam20 2368.01977539 4365.88769531 5.83963775635
1477665279597 lifecam20 2364.49658203 4360.37304688 5.84322595596
1477665279660 lifecam20 2361.91113281 4355.03320312 5.84680366516
1477665279729 lifecam20 2358.36254883 4350.15234375 5.85904836655
1477665279797 lifecam20 2355.21386719 4344.31054688 5.86089515686
1477665279861 lifecam20 2353.25708008 4340.22509766 5.87108659744
1477665279928 lifecam20 2350.08007812 4334.80419922 5.87565755844
1477665279997 lifecam20 2346.72265625 4331.01025391 5.89104747772
1477665280064 lifecam20 2344.12573242 4324.71875 5.89148569107
1477665280129 lifecam20 2341.4921875 4319.91894531 5.89548492432
1477665280196 lifecam20 2338.31689453 4314.75146484 5.90661144257
1477665280265 lifecam20 2335.45898438 4309.59570312 5.91496181488
1477665280328 lifecam20 2332.79833984 4303.60400391 5.91377830505
1477665280397 lifecam20 2329.71582031 4298.74951172 5.92256498337
1477665280464 lifecam20 2327.65722656 4293.99560547 5.93256473541
1477665280528 lifecam20 2325.08251953 4288.81542969 5.93504619598
1477665280596 lifecam20 2323.24536133 4282.80957031 5.94293832779
1477665280665 lifecam20 2320.44702148 4277.97802734 5.94499921799
1477665280732 lifecam20 2318.56835938 4272.51513672 5.95469856262
1477665280796 lifecam20 2316.15380859 4267.68457031 5.95954418182
1477665280865 lifecam20 2313.93139648 4262.29833984 5.96732282639
1477665280932 lifecam20 2311.76904297 4257.22998047 5.97345685959
1477665280996 lifecam20 2308.89208984 4252.17773438 5.98453521729
1477665281065 lifecam20 2306.50219727 4246.55908203 5.99132728577
1477665281132 lifecam20 2304.02758789 4241.29199219 5.99611186981
1477665281196 lifecam20 2301.96484375 4237.07080078 6.00442266464
1477665281264 lifecam20 2298.90966797 4231.76660156 6.01204776764
1477665281333 lifecam20 2296.64501953 4225.99511719 6.01849412918
1477665281400 lifecam20 2295.40966797 4220.27392578 6.0215716362
1477665281464 lifecam20 2293.69799805 4214.49511719 6.02618169785
1477665281532 lifecam20 2291.00708008 4208.86767578 6.03362178802
1477665281600 lifecam20 2288.87573242 4203.25927734 6.04221343994
1477665281664 lifecam20 2286.79418945 4198.34765625 6.04923725128
1477665281733 lifecam20 2285.45043945 4192.14160156 6.05284547806
1477665281799 lifecam20 2283.87768555 4186.78027344 6.05833959579
1477665281864 lifecam20 2282.15722656 4180.24755859 6.06120729446
1477665281932 lifecam20 2280.89575195 4175.12890625 6.07036399841
1477665282001 lifecam20 2278.39501953 4169.01806641 6.07684421539
1477665282064 lifecam20 2276.94213867 4163.03320312 6.08074855804
1477665282132 lifecam20 2274.88891602 4158.80664062 6.0895357132
1477665282200 lifecam20 2272.53662109 4153.296875 6.09995651245
1477665282268 lifecam20 2271.46801758 4148.03564453 6.10525655746
1477665282332 lifecam20 2269.98266602 4141.97851562 6.11144828796
1477665282401 lifecam20 2268.24511719 4137.28564453 6.12181711197
1477665282467 lifecam20 2267.05249023 4131.63037109 6.1273560524
1477665282532 lifecam20 2266.03198242 4125.82861328 6.13096570969
1477665282600 lifecam20 2264.26928711 4120.74414062 6.13842725754
1477665282668 lifecam20 2263.3581543 4114.32910156 6.14391756058
1477665282732 lifecam20 2262.43481445 4108.82763672 6.1468372345
1477665282800 lifecam20 2260.63183594 4103.29736328 6.15870571136
1477665282868 lifecam20 2259.71313477 4097.05908203 6.16039133072
1477665282936 lifecam20 2258.08569336 4091.28442383 6.1690735817
1477665282999 lifecam20 2257.18652344 4086.33813477 6.17359495163
1477665283068 lifecam20 2255.97167969 4080.06762695 6.17911863327
1477665283135 lifecam20 2254.48144531 4075.42480469 6.18659543991
1477665283200 lifecam20 2252.13745117 4069.88647461 6.19883012772
1477665283268 lifecam20 2250.66137695 4063.69433594 6.20926523209
1477665283336 lifecam20 2250.13305664 4058.31591797 6.21030759811
1477665283400 lifecam20 2251.59765625 4052.50537109 6.20076799393
1477665283468 lifecam20 2251.83813477 4054.87646484 6.20334863663
1477665283536 lifecam20 2252.12158203 4053.74951172 6.20109510422
1477665283600 lifecam20 2251.46264648 4054.54003906 6.20388221741
1477665283667 lifecam20 2252.07739258 4053.046875 6.19943761826
1477665283736 lifecam20 2251.95092773 4053.95239258 6.20144939423
1477665283803 lifecam20 2251.78881836 4053.97998047 6.20161771774
1477665283868 lifecam20 2251.95092773 4053.95239258 6.20144939423
1477665283936 lifecam20 2251.77587891 4054.14331055 6.20188713074
1477665284005 lifecam20 2251.77587891 4054.14331055 6.20188713074
1477665284067 lifecam20 2252.09692383 4053.91992188 6.20009469986
1477665284136 lifecam20 2251.77587891 4054.14331055 6.20188713074
1477665284203 lifecam20 2252.09692383 4053.91992188 6.20009469986
1477665284268 lifecam20 2252.09692383 4053.91992188 6.20009469986
1477665284335 lifecam20 2252.09692383 4053.91992188 6.20009469986
1477665284404 lifecam20 2252.09692383 4053.91992188 6.20009469986
1477665284471 lifecam20 2252.09692383 4053.91992188 6.20009469986
1477665284536 lifecam20 2251.63085938 4054.17407227 6.20324087143
1477665284603 lifecam20 2252.09692383 4053.91992188 6.20009469986
1477665284672 lifecam20 2252.10961914 4053.7565918 6.19982528687
1477665284735 lifecam20 2251.77587891 4054.14331055 6.20188713074
