1477665687329 lifecam22 3360.55395508 4779.52783203 4.71287918091
1477665687391 lifecam22 3352.09399414 4781.5078125 4.73154687881
1477665687452 lifecam22 3346.53442383 4781.12255859 4.72794246674
1477665687523 lifecam22 3339.55419922 4779.52783203 4.71288108826
1477665687591 lifecam22 3333.01391602 4782.13525391 4.73739004135
1477665687659 lifecam22 3326.28149414 4780.61523438 4.72603368759
1477665687722 lifecam22 3320.29760742 4781.47412109 4.73463153839
1477665687783 lifecam22 3314.96582031 4782.18798828 4.74767351151
1477665687860 lifecam22 3310.66137695 4783.06005859 4.76535415649
1477665687927 lifecam22 3305.02636719 4782.99462891 4.77032327652
1477665687991 lifecam22 3298.75683594 4783.50097656 4.77725028992
1477665688059 lifecam22 3292.64135742 4783.7421875 4.77897071838
1477665688123 lifecam22 3285.77954102 4783.76171875 4.78307580948
1477665688192 lifecam22 3279.91308594 4784.12890625 4.78886890411
1477665688259 lifecam22 3274.89404297 4783.98486328 4.80016708374
1477665688327 lifecam22 3270.29516602 4784.26660156 4.80580854416
1477665688390 lifecam22 3264.37915039 4784.31787109 4.81578588486
1477665688452 lifecam22 3258.3203125 4785.21972656 4.82469701767
1477665688528 lifecam22 3252.11425781 4785.12792969 4.8292798996
1477665688595 lifecam22 3247.14868164 4786.54150391 4.84338569641
1477665688659 lifecam22 3241.30224609 4786.68457031 4.85124349594
1477665688727 lifecam22 3236.13916016 4786.11279297 4.85761165619
1477665688800 lifecam22 3229.84057617 4785.76123047 4.86127853394
1477665688859 lifecam22 3223.54980469 4784.82177734 4.86457872391
1477665688927 lifecam22 3218.85473633 4784.97900391 4.87374448776
1477665688995 lifecam22 3212.71411133 4784.25537109 4.87679815292
1477665689059 lifecam22 3207.24072266 4783.41357422 4.88020944595
1477665689135 lifecam22 3201.24316406 4783.87011719 4.89086723328
1477665689195 lifecam22 3196.0546875 4782.81347656 4.89444684982
1477665689263 lifecam22 3190.01196289 4782.80712891 4.90059185028
1477665689327 lifecam22 3183.93139648 4782.46044922 4.90740251541
1477665689395 lifecam22 3177.77709961 4782.12060547 4.9142832756
1477665689471 lifecam22 3172.1496582 4781.91601562 4.92308664322
1477665689526 lifecam22 3166.33007812 4781.13964844 4.92951583862
1477665689595 lifecam22 3160.59350586 4779.59130859 4.93001699448
1477665689663 lifecam22 3154.84301758 4779.31542969 4.93789148331
1477665689726 lifecam22 3148.83569336 4779.02392578 4.95214700699
1477665689797 lifecam22 3143.10375977 4778.36035156 4.95557355881
1477665689862 lifecam22 3137.47705078 4777.55419922 4.96624851227
1477665689930 lifecam22 3132.125 4777.03564453 4.97197294235
1477665689994 lifecam22 3125.56738281 4775.27392578 4.97165870667
1477665690062 lifecam22 3120.10620117 4774.24316406 4.97948646545
1477665690130 lifecam22 3114.68188477 4773.78173828 4.9886598587
1477665690194 lifecam22 3108.98608398 4772.18066406 4.99088287354
1477665690262 lifecam22 3102.76757812 4772.14599609 5.0002617836
1477665690330 lifecam22 3096.68457031 4770.66357422 5.00649261475
1477665690394 lifecam22 3091.48291016 4770.32373047 5.01541137695
1477665690462 lifecam22 3086.09277344 4767.96923828 5.01921367645
1477665690530 lifecam22 3080.93237305 4767.87939453 5.02788639069
1477665690594 lifecam22 3075.58374023 4766.30957031 5.03463840485
1477665690662 lifecam22 3069.67773438 4764.72998047 5.0390458107
1477665690730 lifecam22 3064.77905273 4763.96923828 5.04920578003
1477665690798 lifecam22 3058.69482422 4762.02832031 5.05517339706
1477665690862 lifecam22 3053.65820312 4761.92041016 5.06238651276
1477665690930 lifecam22 3047.77172852 4759.16113281 5.0661406517
1477665690998 lifecam22 3042.60717773 4759.28027344 5.07686901093
1477665691062 lifecam22 3037.20141602 4757.36083984 5.08414697647
1477665691130 lifecam22 3031.49609375 4755.69042969 5.08664464951
1477665691198 lifecam22 3026.35058594 4755.56542969 5.09723949432
1477665691262 lifecam22 3020.23461914 4753.53125 5.10018825531
1477665691330 lifecam22 3014.76953125 4752.04638672 5.10550546646
1477665691398 lifecam22 3009.54370117 4750.68261719 5.1145567894
1477665691466 lifecam22 3003.9284668 4748.48291016 5.12074995041
1477665691530 lifecam22 2997.92871094 4746.72265625 5.12579536438
1477665691598 lifecam22 2991.72314453 4744.92480469 5.13422679901
1477665691666 lifecam22 2987.30175781 4743.55126953 5.14598274231
1477665691730 lifecam22 2981.01513672 4741.36865234 5.14693927765
1477665691798 lifecam22 2975.58081055 4737.91455078 5.14787006378
1477665691866 lifecam22 2969.52905273 4736.73583984 5.1549448967
1477665691930 lifecam22 2963.9465332 4734.484375 5.15831565857
1477665691998 lifecam22 2958.16894531 4733.15039062 5.1687297821
1477665692065 lifecam22 2952.68237305 4730.76660156 5.1693649292
1477665692133 lifecam22 2947.2421875 4728.78710938 5.18204450607
1477665692198 lifecam22 2941.81420898 4726.76611328 5.18566799164
1477665692265 lifecam22 2937.52636719 4724.64355469 5.19686698914
1477665692333 lifecam22 2932.54858398 4722.91113281 5.20146894455
1477665692397 lifecam22 2926.75805664 4720.99121094 5.21417188644
1477665692465 lifecam22 2921.57324219 4718.10107422 5.21497774124
1477665692533 lifecam22 2915.72290039 4716.47460938 5.22518444061
1477665692597 lifecam22 2912.2487793 4714.44189453 5.23033714294
1477665692665 lifecam22 2905.70239258 4712.08984375 5.23816013336
1477665692733 lifecam22 2900.64233398 4709.12255859 5.24010896683
1477665692797 lifecam22 2895.75048828 4706.98925781 5.24801540375
1477665692865 lifecam22 2889.98388672 4704.05810547 5.25197553635
1477665692933 lifecam22 2885.13842773 4703.27197266 5.26473474503
1477665693001 lifecam22 2879.34960938 4699.36865234 5.26584482193
1477665693065 lifecam22 2874.7668457 4698.53271484 5.28141641617
1477665693133 lifecam22 2868.98730469 4695.27099609 5.28380966187
1477665693201 lifecam22 2864.42114258 4693.44384766 5.2932009697
1477665693265 lifecam22 2858.76367188 4690.75634766 5.2981967926
1477665693333 lifecam22 2853.20947266 4688.4453125 5.3080406189
1477665693401 lifecam22 2848.46533203 4686.05664062 5.31652069092
1477665693465 lifecam22 2843.79443359 4682.71386719 5.31695699692
1477665693533 lifecam22 2837.99853516 4679.60644531 5.32325553894
1477665693601 lifecam22 2833.76025391 4676.66552734 5.32936477661
1477665693669 lifecam22 2827.85888672 4673.09179688 5.33397579193
1477665693733 lifecam22 2822.54956055 4669.65087891 5.3395190239
1477665693801 lifecam22 2817.67993164 4667.88183594 5.34966516495
1477665693869 lifecam22 2812.9765625 4664.49609375 5.35191392899
1477665693933 lifecam22 2807.6171875 4661.47753906 5.35891008377
1477665694001 lifecam22 2802.52368164 4658.84277344 5.36838579178
1477665694069 lifecam22 2797.99560547 4654.97265625 5.37018156052
1477665694133 lifecam22 2793.16845703 4652.99951172 5.38117218018
1477665694201 lifecam22 2788.8737793 4649.27636719 5.38543558121
1477665694269 lifecam22 2783.09716797 4646.72167969 5.39295816422
1477665694337 lifecam22 2779.10009766 4642.86328125 5.39845848083
1477665694401 lifecam22 2774.4909668 4641.81005859 5.41099405289
1477665694469 lifecam22 2769.22753906 4636.24267578 5.41172504425
1477665694537 lifecam22 2764.77514648 4633.45166016 5.41650533676
1477665694601 lifecam22 2759.48193359 4630.49072266 5.42988634109
1477665694669 lifecam22 2755.44311523 4627.11328125 5.43567180634
1477665694737 lifecam22 2750.37255859 4623.96533203 5.43783855438
1477665694801 lifecam22 2746.01489258 4620.94726562 5.44697475433
1477665694869 lifecam22 2740.73339844 4617.08105469 5.45157003403
1477665694937 lifecam22 2736.09472656 4614.70849609 5.46708345413
1477665695001 lifecam22 2732.31396484 4612.20263672 5.47354364395
1477665695068 lifecam22 2726.97680664 4610.10253906 5.48483133316
1477665695137 lifecam22 2720.77392578 4605.48583984 5.4921412468
1477665695205 lifecam22 2717.57739258 4601.36083984 5.48896741867
1477665695246 lifecam20 2660.26464844 4603.19580078 5.51391649246
1477665695269 lifecam22 2657.80249023 4603.2109375 5.52964162827
1477665695315 lifecam20 2656.78149414 4597.85253906 5.50291967392
1477665695337 lifecam22 2654.52954102 4594.29492188 5.49628734589
1477665695383 lifecam20 2652.14355469 4593.05126953 5.50432491302
1477665695404 lifecam22 2650.01708984 4591.39453125 5.50712966919
1477665695446 lifecam20 2647.90527344 4589.93261719 5.51341104507
1477665695468 lifecam22 2645.46044922 4588.29589844 5.51904296875
1477665695514 lifecam20 2643.2355957 4586.24414062 5.52207183838
1477665695536 lifecam22 2640.81787109 4583.10839844 5.51842451096
1477665695582 lifecam20 2638.16943359 4581.37939453 5.52309560776
1477665695604 lifecam22 2635.68896484 4579.62060547 5.52781057358
1477665695646 lifecam20 2633.37353516 4576.94921875 5.52662229538
1477665695668 lifecam22 2631.42724609 4575.06152344 5.5311460495
1477665695714 lifecam20 2629.39794922 4573.12792969 5.53266954422
1477665695736 lifecam22 2627.54541016 4571.65869141 5.53689861298
1477665695782 lifecam20 2625.203125 4569.87890625 5.5392074585
1477665695804 lifecam22 2622.66723633 4567.93945312 5.54594898224
1477665695850 lifecam20 2620.39599609 4566.4375 5.55250883102
1477665695872 lifecam22 2618.53393555 4564.39794922 5.55204963684
1477665695914 lifecam20 2616.17529297 4562.53808594 5.55769872665
1477665695937 lifecam22 2613.80419922 4560.61914062 5.5613822937
1477665695982 lifecam20 2611.82128906 4558.70898438 5.56279182434
1477665696004 lifecam22 2609.58251953 4556.97753906 5.56651830673
1477665696050 lifecam20 2607.58935547 4555.45703125 5.57366752625
1477665696072 lifecam22 2605.71191406 4553.71191406 5.5788435936
1477665696114 lifecam20 2603.66040039 4551.73632812 5.57895755768
1477665696136 lifecam22 2601.64282227 4549.65429688 5.58234357834
1477665696182 lifecam20 2599.58691406 4547.09667969 5.58440351486
1477665696204 lifecam22 2597.84130859 4544.51855469 5.58342552185
1477665696250 lifecam20 2595.74316406 4543.05566406 5.58816289902
1477665696272 lifecam22 2593.4440918 4541.87109375 5.596180439
1477665696314 lifecam20 2591.22167969 4539.68554688 5.59982156754
1477665696336 lifecam22 2588.90966797 4537.69433594 5.60193920135
1477665696382 lifecam20 2586.77197266 4535.36621094 5.60419845581
1477665696404 lifecam22 2584.83959961 4532.67724609 5.60612297058
1477665696450 lifecam20 2582.86962891 4531.20605469 5.60923433304
1477665696472 lifecam22 2580.44042969 4529.46679688 5.61287641525
1477665696514 lifecam20 2578.0925293 4527.61083984 5.62124967575
1477665696534 lifecam22 2576.41113281 4526.21289062 5.62759399414
1477665696582 lifecam20 2574.15258789 4523.953125 5.62829446793
1477665696605 lifecam22 2572.12158203 4521.53320312 5.62961864471
1477665696650 lifecam20 2570.11889648 4519.50488281 5.63418626785
1477665696718 lifecam20 2568.22851562 4517.50195312 5.63581705093
1477665696740 lifecam22 2564.04467773 4514.96191406 5.65331029892
1477665696782 lifecam20 2561.8828125 4512.92773438 5.65960359573
1477665696805 lifecam22 2559.95117188 4512.10546875 5.66750955582
1477665696851 lifecam20 2557.95898438 4509.96875 5.6699757576
1477665696873 lifecam22 2556.09472656 4509.41552734 5.6824760437
1477665696918 lifecam20 2553.80615234 4507.66113281 5.6869931221
1477665696941 lifecam22 2551.82080078 4507.20996094 5.69652271271
1477665696982 lifecam20 2550.28320312 4504.72558594 5.69511556625
1477665697050 lifecam20 2548.05322266 4502.3359375 5.69780254364
1477665697118 lifecam20 2485.6796875 4489.26953125 5.67574834824
1477665697184 lifecam20 2481.15966797 4483.94677734 5.68221330643
1477665697251 lifecam20 2477.30517578 4479.35595703 5.68536710739
1477665697319 lifecam20 2473.25488281 4475.06640625 5.69035243988
1477665697386 lifecam20 2469.39282227 4470.78417969 5.70100975037
1477665697451 lifecam20 2465.56811523 4466.33105469 5.70746803284
1477665697519 lifecam20 2461.8972168 4462.36523438 5.71830129623
1477665697586 lifecam20 2458.2043457 4457.29833984 5.72390031815
1477665697650 lifecam20 2454.97485352 4451.83691406 5.72435092926
1477665697718 lifecam20 2452.2121582 4447.14941406 5.72887611389
1477665697786 lifecam20 2447.83789062 4442.33691406 5.73683261871
1477665697850 lifecam20 2444.953125 4438.19873047 5.74275302887
1477665697918 lifecam20 2440.76977539 4433.69238281 5.74767398834
1477665697986 lifecam20 2438.84545898 4428.18261719 5.75156545639
1477665698050 lifecam20 2433.98144531 4423.99316406 5.76234960556
1477665698118 lifecam20 2430.47729492 4419.62792969 5.77287483215
1477665698186 lifecam20 2427.51098633 4414.46386719 5.7740354538
1477665698254 lifecam20 2423.48046875 4410.46630859 5.78696393967
1477665698318 lifecam20 2420.67041016 4405.28857422 5.7883348465
1477665698386 lifecam20 2416.69824219 4401.23144531 5.8022236824
1477665698454 lifecam20 2413.91455078 4396.14941406 5.80680036545
1477665698518 lifecam20 2410.47973633 4391.20556641 5.81024885178
1477665698585 lifecam20 2407.19628906 4385.92285156 5.81932067871
1477665698654 lifecam20 2402.5625 4381.63134766 5.82848310471
1477665698718 lifecam20 2400.29907227 4377.21923828 5.83854389191
1477665698786 lifecam20 2396.70654297 4373.60400391 5.84580278397
1477665698854 lifecam20 2393.51171875 4368.34228516 5.853058815
1477665698922 lifecam20 2390.75976562 4363.04199219 5.85447120667
1477665698985 lifecam20 2387.15380859 4357.42041016 5.86145448685
1477665699053 lifecam20 2384.16674805 4352.86621094 5.8689198494
1477665699122 lifecam20 2380.38208008 4347.30615234 5.87444972992
1477665699186 lifecam20 2377.95581055 4342.89306641 5.87814378738
1477665699254 lifecam20 2374.84082031 4337.77441406 5.88603639603
1477665699322 lifecam20 2372.08081055 4332.22705078 5.89299106598
1477665699386 lifecam20 2369.26293945 4327.71923828 5.90130996704
1477665699453 lifecam20 2367.92211914 4320.32324219 5.89683246613
1477665699522 lifecam20 2364.93359375 4315.46972656 5.90526294708
1477665699585 lifecam20 2362.80810547 4309.47607422 5.90695714951
1477665699653 lifecam20 2360.04956055 4304.08398438 5.91157245636
1477665699721 lifecam20 2358.08398438 4299.02587891 5.91892576218
1477665699790 lifecam20 2354.85693359 4295.27197266 5.93111419678
1477665699854 lifecam20 2351.87304688 4290.20556641 5.93824148178
1477665699921 lifecam20 2348.99804688 4284.51123047 5.94350481033
1477665699989 lifecam20 2345.76489258 4279.66162109 5.95414066315
1477665700053 lifecam20 2343.91235352 4273.85400391 5.96019983292
1477665700121 lifecam20 2341.19970703 4270.27978516 5.97249221802
1477665700190 lifecam20 2338.70532227 4264.54492188 5.97855472565
1477665700253 lifecam20 2336.86376953 4258.05175781 5.97863483429
1477665700321 lifecam20 2333.23291016 4253.55126953 5.99332046509
1477665700390 lifecam20 2332.01000977 4248.09716797 5.99810361862
1477665700458 lifecam20 2328.88037109 4242.59472656 6.00379991531
1477665700521 lifecam20 2327.26391602 4237.25 6.00957679749
1477665700589 lifecam20 2324.75683594 4232.83886719 6.019343853
1477665700657 lifecam20 2322.64331055 4226.54150391 6.02195692062
1477665700721 lifecam20 2320.29272461 4222.01220703 6.03227138519
1477665700789 lifecam20 2318.6171875 4215.54785156 6.03462791443
1477665700857 lifecam20 2315.34448242 4210.30517578 6.0408654213
1477665700921 lifecam20 2313.26293945 4204.70703125 6.04890489578
1477665700989 lifecam20 2311.31201172 4199.98779297 6.05626535416
1477665701057 lifecam20 2309.36572266 4194.16503906 6.06317043304
1477665701126 lifecam20 2308.17333984 4188.56640625 6.0653014183
1477665701189 lifecam20 2306.16333008 4181.64111328 6.06859779358
1477665701257 lifecam20 2304.69604492 4177.20996094 6.07557535172
1477665701325 lifecam20 2303.47070312 4170.41503906 6.07719612122
1477665701389 lifecam20 2301.58520508 4166.4609375 6.08933401108
1477665701457 lifecam20 2300.32324219 4160.28710938 6.09378051758
1477665701525 lifecam20 2298.99707031 4154.21777344 6.09754323959
1477665701589 lifecam20 2297.71826172 4148.19238281 6.10181570053
1477665701657 lifecam20 2295.69067383 4142.62988281 6.11044836044
1477665701725 lifecam20 2294.36743164 4137.34863281 6.11632156372
1477665701789 lifecam20 2292.00976562 4131.58789062 6.12421035767
1477665701857 lifecam20 2290.79296875 4125.79931641 6.13214921951
1477665701925 lifecam20 2289.61499023 4120.75097656 6.13785457611
1477665701993 lifecam20 2288.05493164 4115.36767578 6.14947366714
1477665702057 lifecam20 2285.87036133 4110.58642578 6.15859937668
1477665702125 lifecam20 2285.28955078 4103.87304688 6.16180992126
1477665702194 lifecam20 2283.09204102 4097.91210938 6.17034912109
1477665702257 lifecam20 2281.96875 4092.93896484 6.17773103714
1477665702325 lifecam20 2281.12548828 4087.46337891 6.17814445496
1477665702393 lifecam20 2278.89111328 4081.81347656 6.19176197052
1477665702457 lifecam20 2278.50537109 4076.67651367 6.19585132599
1477665702525 lifecam20 2275.77661133 4070.59130859 6.21108293533
1477665702593 lifecam20 2275.63500977 4064.8894043 6.20958042145
1477665702661 lifecam20 2274.14086914 4059.11206055 6.21656942368
1477665702725 lifecam20 2273.62890625 4052.90795898 6.22077512741
1477665702793 lifecam20 2272.41943359 4047.91333008 6.23075771332
1477665702861 lifecam20 2271.64575195 4041.89453125 6.2349281311
1477665702924 lifecam20 2270.70117188 4036.68261719 6.24412488937
1477665702993 lifecam20 2270.91796875 4029.88891602 6.24353647232
1477665703061 lifecam20 2274.59326172 4024.63867188 6.21918344498
1477665703125 lifecam20 2272.93139648 4027.36450195 6.22746562958
1477665703193 lifecam20 2273.97607422 4025.91064453 6.22304582596
1477665703261 lifecam20 2273.42041016 4026.62524414 6.22604894638
