1478195063474 lifecam22 3351.30908203 5374.19580078 4.69390964508
1478195063546 lifecam22 3351.24633789 5374.27392578 4.69334936142
1478195063618 lifecam22 3351.26611328 5374.15332031 4.69352626801
1478195063677 lifecam22 3351.24633789 5374.27392578 4.69334936142
1478195063734 lifecam22 3351.24633789 5374.27392578 4.69334936142
1478195064017 lifecam22 3351.45068359 5374.19189453 4.6939239502
1478195064081 lifecam22 3351.51489258 5374.25488281 4.69449806213
1478195064148 lifecam22 3351.45068359 5374.19189453 4.6939239502
1478195064211 lifecam22 3351.45068359 5374.19189453 4.6939239502
1478195064272 lifecam22 3351.59765625 5374.05664062 4.69523668289
1478195064606 lifecam22 3350.70214844 5374.64550781 4.68725824356
1478195064682 lifecam22 3351.14624023 5374.21923828 4.69120693207
1478195064748 lifecam22 3350.86816406 5374.38671875 4.68873167038
1478195064815 lifecam22 3350.78393555 5374.44482422 4.68798303604
1478195064874 lifecam22 3350.5703125 5374.67431641 4.68609046936
1478195065216 lifecam22 3331.82983398 5370.01904297 4.66830730438
1478195065285 lifecam22 3328.18798828 5370.97949219 4.6762547493
1478195065337 lifecam22 3320.52709961 5365.390625 4.64601182938
1478195065401 lifecam22 3311.12695312 5363.49365234 4.63139915466
1478195065482 lifecam22 3305.17211914 5361.06054688 4.61345863342
1478195065816 lifecam22 3267.59228516 5353.62744141 4.54541635513
1478195065888 lifecam22 3259.27734375 5351.39697266 4.52635288239
1478195065936 lifecam22 3252.1237793 5350.67285156 4.51267814636
1478195066017 lifecam22 3244.31494141 5349.49316406 4.4976272583
1478195066080 lifecam22 3235.66748047 5348.29003906 4.48237943649
1478195066411 lifecam22 3195.85791016 5344.10888672 4.40022134781
1478195066489 lifecam22 3188.41308594 5344.40185547 4.38795042038
1478195066550 lifecam22 3180.4362793 5343.37451172 4.36969327927
1478195066611 lifecam22 3173.85864258 5343.53271484 4.36222171783
1478195066682 lifecam22 3165.18359375 5343.54736328 4.34493684769
1478195067019 lifecam22 3129.16040039 5346.16796875 4.28008794785
1478195067080 lifecam22 3120.39355469 5345.86181641 4.25903987885
1478195067144 lifecam22 3112.1171875 5346.35693359 4.23970937729
1478195067219 lifecam22 3104.55615234 5347.41894531 4.22476100922
1478195067285 lifecam22 3096.76391602 5347.88720703 4.21305847168
1478195067608 lifecam22 3058.95361328 5356.28857422 4.14412307739
1478195067685 lifecam22 3051.83398438 5357.45751953 4.12457561493
1478195067754 lifecam22 3045.33154297 5359.93164062 4.11879968643
1478195067822 lifecam22 3037.23144531 5361.77392578 4.1021323204
1478195067885 lifecam22 3028.84741211 5363.50341797 4.08006095886
1478195068211 lifecam22 2992.1640625 5375.38183594 4.00564908981
1478195068272 lifecam22 2983.99389648 5377.85791016 3.98971581459
1478195068352 lifecam22 2979.79956055 5380.78173828 3.98606419563
1478195068420 lifecam22 2968.99511719 5383.36035156 3.9598133564
1478195068484 lifecam22 2965.00634766 5386.88671875 3.96141505241
1478195068759 lifecam22 2934.74536133 5401.4296875 3.88403201103
1478195068817 lifecam22 2928.96240234 5404.8125 3.87224912643
1478195068870 lifecam22 2920.48193359 5407.96875 3.85132980347
1478195069010 lifecam22 2907.72631836 5415.49169922 3.82507014275
1478195069350 lifecam22 2876.59301758 5436.06103516 3.7569038868
1478195069488 lifecam22 2862.86352539 5444.19726562 3.71962475777
1478195069554 lifecam22 2856.84741211 5449.45605469 3.70309686661
1478195069619 lifecam22 2849.66357422 5454.61523438 3.68934798241
1478195069949 lifecam22 2818.97314453 5479.37304688 3.60474348068
1478195070018 lifecam22 2814.72216797 5485.28369141 3.59768772125
1478195070151 lifecam22 2804.25561523 5494.99853516 3.57534122467
1478195070220 lifecam22 2798.55126953 5500.17626953 3.56268405914
1478195070492 lifecam22 2778.22949219 5523.63525391 3.50288915634
1478195070556 lifecam22 2774.31933594 5529.27392578 3.49245405197
1478195070619 lifecam22 2767.36572266 5535.22119141 3.47420310974
1478195070686 lifecam22 2762.46508789 5541.203125 3.4594745636
1478195070761 lifecam22 2757.77319336 5547.64306641 3.43903064728
1478195071081 lifecam22 2736.90161133 5579.31298828 3.37265539169
1478195071151 lifecam22 2730.83227539 5586.515625 3.35172224045
1478195071227 lifecam22 2728.34960938 5591.93212891 3.34135437012
1478195071296 lifecam22 2724.3215332 5598.81054688 3.32675266266
1478195071357 lifecam22 2719.34350586 5606.06201172 3.3094534874
1478195071614 lifecam22 2704.43310547 5633.28417969 3.24930906296
1478195071679 lifecam22 2699.44775391 5640.38525391 3.22695684433
1478195071754 lifecam22 2696.89599609 5648.12988281 3.21224021912
1478195071816 lifecam22 2692.64086914 5655.82910156 3.19653844833
1478195071884 lifecam22 2689.70214844 5662.04785156 3.17871618271
1478195072228 lifecam22 2679.4921875 5697.19335938 3.12063765526
1478195072288 lifecam22 2675.63110352 5704.92529297 3.10773396492
