1478194773559 lifecam22 3342.53125 5376.12939453 4.64013957977
1478194773619 lifecam22 3342.72583008 5376.55761719 4.64425373077
1478194773959 lifecam22 3342.36914062 5376.3671875 4.63980770111
1478194774027 lifecam22 3342.53125 5376.12939453 4.64013957977
1478194774081 lifecam22 3342.73681641 5376.41748047 4.64183330536
1478194774158 lifecam22 3342.61938477 5376.33496094 4.64211082458
1478194774221 lifecam22 3342.62231445 5376.07910156 4.63974285126
1478194774495 lifecam22 3342.72583008 5376.55761719 4.64425373077
1478194774560 lifecam22 3342.62158203 5376.44873047 4.64203548431
1478194774622 lifecam22 3342.71044922 5376.28417969 4.6417131424
1478194774696 lifecam22 3343.08984375 5376.46777344 4.64256668091
1478194774759 lifecam22 3342.99072266 5376.40087891 4.64301776886
1478194775026 lifecam22 3342.93774414 5376.22705078 4.64136695862
1478194775097 lifecam22 3343.02587891 5376.43261719 4.64334201813
1478194775164 lifecam22 3343.1237793 5376.49951172 4.64288520813
1478194775227 lifecam22 3343.17333984 5376.14697266 4.64100074768
1478194775297 lifecam22 3343.61425781 5376.29785156 4.6373167038
1478194775622 lifecam22 3343.34936523 5376.57275391 4.63853693008
1478194775699 lifecam22 3343.01416016 5377.07275391 4.63894939423
1478194775760 lifecam22 3344.70288086 5377.72949219 4.64258098602
1478194775842 lifecam22 3344.14257812 5376.80908203 4.63672876358
1478194775893 lifecam22 3342.99609375 5375.63330078 4.63589954376
1478194776104 lifecam22 3337.28076172 5378.02490234 4.65022611618
1478194776155 lifecam22 3326.67456055 5374.30761719 4.62963151932
1478194776229 lifecam22 3321.82470703 5372.02783203 4.61344051361
1478194776292 lifecam22 3314.0402832 5371.16845703 4.60863256454
1478194776359 lifecam22 3306.18139648 5367.90185547 4.58007526398
1478194776690 lifecam22 3267.84814453 5360.22753906 4.51161146164
1478194776759 lifecam22 3260.81445312 5359.21875 4.50094985962
1478194776826 lifecam22 3253.02954102 5358.16064453 4.48211669922
1478194776897 lifecam22 3245.9362793 5358.06005859 4.46906661987
1478194776966 lifecam22 3237.44750977 5355.92773438 4.45080852509
1478194777242 lifecam22 3208.34594727 5355.29003906 4.40084934235
1478194777302 lifecam22 3199.68139648 5354.81298828 4.38565349579
1478194777362 lifecam22 3192.84130859 5354.90136719 4.37241172791
1478194777437 lifecam22 3184.88720703 5354.56494141 4.3574795723
1478194777503 lifecam22 3176.22045898 5354.61083984 4.33702850342
1478194777755 lifecam22 3144.39355469 5354.98291016 4.27220773697
1478194777834 lifecam22 3136.94604492 5355.67578125 4.26323509216
1478194777906 lifecam22 3128.63793945 5355.67871094 4.24073123932
1478194777966 lifecam22 3122.0378418 5357.95556641 4.23433303833
1478194778033 lifecam22 3114.01586914 5359.17089844 4.2210726738
1478194778239 lifecam22 3093.16503906 5363.49609375 4.18276071548
1478194778300 lifecam22 3085.38452148 5364.55175781 4.1714887619
1478194778360 lifecam22 3078.45458984 5366.25244141 4.15622663498
1478194778436 lifecam22 3070.39501953 5368.07470703 4.13953399658
1478194778500 lifecam22 3061.35253906 5369.68603516 4.12094116211
1478194778829 lifecam22 3024.51367188 5379.80957031 4.04744434357
1478194778896 lifecam22 3016.54052734 5381.96875 4.0253033638
1478194778969 lifecam22 3010.30883789 5384.48339844 4.01272821426
1478194779033 lifecam22 3002.86401367 5386.81689453 3.99636721611
1478194779312 lifecam22 2974.04467773 5399.78417969 3.93905353546
1478194779368 lifecam22 2964.70385742 5402.69433594 3.91708183289
1478194779432 lifecam22 2959.09765625 5406.79296875 3.90891361237
1478194779502 lifecam22 2952.91577148 5408.86962891 3.89788889885
1478194779565 lifecam22 2945.328125 5412.67822266 3.87707924843
1478194779905 lifecam22 2914.2722168 5431.72998047 3.81129312515
1478194779961 lifecam22 2906.04174805 5435.58203125 3.7898311615
1478194780033 lifecam22 2900.06054688 5439.83886719 3.77961587906
1478194780101 lifecam22 2893.60229492 5443.66650391 3.76198029518
1478194780161 lifecam22 2886.76782227 5448.27539062 3.74778223038
1478194780505 lifecam22 2857.34936523 5472.00439453 3.67838740349
1478194780573 lifecam22 2850.57861328 5477.80615234 3.66016578674
1478194780627 lifecam22 2845.34960938 5482.33789062 3.65072441101
1478194780694 lifecam22 2838.65356445 5487.72070312 3.62662124634
1478194780763 lifecam22 2834.03027344 5492.31542969 3.61439847946
1478194781041 lifecam22 2810.15991211 5513.35986328 3.55237579346
1478194781102 lifecam22 2805.43530273 5519.45019531 3.54019975662
1478194781173 lifecam22 2798.7019043 5525.05419922 3.52380752563
1478194781242 lifecam22 2793.93652344 5531.00097656 3.50654888153
1478194781303 lifecam22 2788.27661133 5536.18359375 3.49179267883
1478194781644 lifecam22 2765.45532227 5566.49169922 3.42102909088
1478194781702 lifecam22 2761.2746582 5572.87353516 3.41006183624
1478194781770 lifecam22 2757.26904297 5579.05175781 3.39580774307
1478194781838 lifecam22 2753.12084961 5585.04296875 3.38683176041
1478194781912 lifecam22 2747.26098633 5591.89599609 3.36756896973
1478194782239 lifecam22 2727.9050293 5625.03564453 3.29649209976
1478194782307 lifecam22 2725.74389648 5631.60302734 3.28607845306
1478194782382 lifecam22 2719.50415039 5639.78613281 3.25890159607
1478194782438 lifecam22 2716.73950195 5646.79003906 3.24443292618
1478194782507 lifecam22 2713.31103516 5653.45800781 3.2270617485
1478194782838 lifecam22 2699.18261719 5688.49365234 3.16102409363
