1478194158401 lifecam22 3345.24609375 5376.44580078 4.67081260681
1478194158468 lifecam22 3344.69921875 5375.56298828 4.66624403
1478194158536 lifecam22 3344.69824219 5375.69042969 4.66740846634
1478194158740 lifecam22 3344.87426758 5375.71826172 4.66640043259
1478194158803 lifecam22 3344.85205078 5375.96630859 4.66735601425
1478194158873 lifecam22 3344.71191406 5375.67919922 4.66621351242
1478194158938 lifecam22 3344.7565918 5375.74609375 4.66659212112
1478194159000 lifecam22 3344.99072266 5375.96044922 4.66735315323
1478194159269 lifecam22 3344.82910156 5375.94677734 4.66716337204
1478194159332 lifecam22 3344.80786133 5375.65673828 4.66582918167
1478194159406 lifecam22 3345.03955078 5376.2734375 4.67026376724
1478194159467 lifecam22 3345.17651367 5376.53466797 4.67140579224
1478194159543 lifecam22 3344.55200195 5375.69091797 4.66602563858
1478194159816 lifecam22 3344.87402344 5375.98681641 4.66754579544
1478194159880 lifecam22 3345.56982422 5375.89355469 4.66836500168
1478194159941 lifecam22 3345.35986328 5375.84228516 4.66777896881
1478194160004 lifecam22 3345.81787109 5375.98925781 4.66933727264
1478194160068 lifecam22 3346.06054688 5376.72802734 4.67373514175
1478194160337 lifecam22 3349.38354492 5377.05224609 4.67947721481
1478194160406 lifecam22 3348.7409668 5376.0546875 4.6752409935
1478194160460 lifecam22 3349.82910156 5378.16601562 4.6832985878
1478194160551 lifecam22 3350.75561523 5378.15771484 4.68773460388
1478194160610 lifecam22 3351.45996094 5379.91552734 4.69401311874
1478194160864 lifecam22 3343.08886719 5374.53808594 4.66088676453
1478194160993 lifecam22 3328.10913086 5371.93212891 4.65150117874
1478194161067 lifecam22 3321.33911133 5371.08740234 4.64543294907
1478194161148 lifecam22 3313.37280273 5367.30126953 4.61994886398
1478194161209 lifecam22 3305.80883789 5365.26171875 4.60662794113
1478194161350 lifecam22 3290.34765625 5360.90869141 4.57335519791
1478194161412 lifecam22 3282.79125977 5359.67089844 4.56377315521
1478194161476 lifecam22 3275.33129883 5358.27880859 4.54890298843
1478194161545 lifecam22 3267.73413086 5357.21435547 4.53941679001
1478194161613 lifecam22 3259.60424805 5355.48632812 4.51965427399
1478194161883 lifecam22 3228.32739258 5350.75 4.45685100555
1478194161942 lifecam22 3221.02246094 5350.17382812 4.44210863113
1478194162009 lifecam22 3214.28540039 5349.52587891 4.43014669418
1478194162077 lifecam22 3205.80615234 5348.88476562 4.41663074493
1478194162140 lifecam22 3199.03710938 5349.84179688 4.40503644943
1478194162410 lifecam22 3167.60986328 5348.26611328 4.34243917465
1478194162474 lifecam22 3159.45043945 5348.796875 4.32579517365
1478194162542 lifecam22 3151.42456055 5348.96533203 4.30859088898
1478194162601 lifecam22 3145.17675781 5349.45117188 4.2992606163
1478194162668 lifecam22 3135.47583008 5349.59765625 4.27670907974
1478194162885 lifecam22 3113.69873047 5352.22119141 4.23585748672
1478194162940 lifecam22 3106.42724609 5353.00390625 4.22318124771
1478194163009 lifecam22 3097.76855469 5354.35595703 4.20940923691
1478194163075 lifecam22 3090.6953125 5354.9140625 4.19036340714
1478194163146 lifecam22 3083.17626953 5356.26269531 4.1768951416
1478194163474 lifecam22 3044.83691406 5364.88525391 4.10227537155
1478194163546 lifecam22 3037.16113281 5366.34570312 4.08677768707
1478194163605 lifecam22 3029.6171875 5369.25 4.07473659515
1478194163669 lifecam22 3021.21899414 5370.66796875 4.05139732361
1478194163742 lifecam22 3015.59179688 5372.85351562 4.04541826248
1478194163942 lifecam22 2996.16333008 5380.89111328 4.01653718948
1478194164006 lifecam22 2986.76074219 5384.05322266 3.9858891964
1478194164075 lifecam22 2980.98046875 5386.73925781 3.97796750069
1478194164139 lifecam22 2974.64746094 5389.52685547 3.96953082085
1478194164207 lifecam22 2963.73144531 5392.76464844 3.93756580353
1478194164482 lifecam22 2936.56445312 5405.84863281 3.87714505196
1478194164543 lifecam22 2929.49926758 5410.22607422 3.86506581306
1478194164615 lifecam22 2922.57763672 5413.85546875 3.84462761879
1478194164677 lifecam22 2916.6875 5417.72607422 3.83444738388
1478194164744 lifecam22 2909.29907227 5421.87890625 3.81940674782
1478194164805 lifecam22 2903.86010742 5425.53369141 3.80551695824
1478194164959 lifecam22 2889.82739258 5434.08886719 3.77272248268
1478194165015 lifecam22 2883.93139648 5437.80810547 3.76310014725
1478194165066 lifecam22 2875.46508789 5442.88183594 3.73761177063
1478194165151 lifecam22 2870.34716797 5446.6328125 3.7311809063
1478194165208 lifecam22 2864.99560547 5451.25439453 3.71709060669
1478194165486 lifecam22 2838.74462891 5470.16113281 3.64826774597
1478194165546 lifecam22 2833.32739258 5475.52832031 3.63377285004
1478194165610 lifecam22 2827.58544922 5480.67333984 3.62373065948
1478194165681 lifecam22 2822.41357422 5485.37011719 3.61016273499
1478194165755 lifecam22 2818.05419922 5490.16162109 3.60370159149
1478194166024 lifecam22 2795.16259766 5512.97607422 3.53943061829
1478194166072 lifecam22 2789.81176758 5517.45849609 3.5223326683
1478194166148 lifecam22 2784.96533203 5524.33398438 3.51038837433
1478194166217 lifecam22 2778.70605469 5530.64501953 3.49023294449
1478194166293 lifecam22 2775.30664062 5536.55615234 3.48405408859
1478194166608 lifecam22 2750.95166016 5566.34375 3.40845155716
1478194166687 lifecam22 2745.54614258 5573.19677734 3.38852977753
1478194166748 lifecam22 2742.07495117 5579.24267578 3.37899589539
1478194166813 lifecam22 2736.52490234 5586.48828125 3.36010885239
1478194166890 lifecam22 2732.42993164 5593.40966797 3.34021902084
1478194167079 lifecam22 2721.46850586 5612.95654297 3.30197381973
1478194167167 lifecam22 2718.08618164 5619.99462891 3.29106330872
1478194167214 lifecam22 2714.05859375 5627.12890625 3.27351808548
1478194167273 lifecam22 2709.83081055 5634.09082031 3.25457239151
1478194167349 lifecam22 2707.13720703 5639.83789062 3.24818372726
1478194167621 lifecam22 2694.10058594 5668.85302734 3.18471622467
1478194167683 lifecam22 2692.42822266 5675.41601562 3.17795991898
