1478194289273 lifecam22 3352.53857422 5374.19921875 4.70490646362
1478194289337 lifecam22 3352.72924805 5374.25048828 4.70662879944
1478194289678 lifecam22 3352.53857422 5374.19921875 4.70490646362
1478194289800 lifecam22 3352.53857422 5374.19921875 4.70490646362
1478194289875 lifecam22 3352.53857422 5374.19921875 4.70490646362
1478194289938 lifecam22 3352.53857422 5374.19921875 4.70490646362
1478194290205 lifecam22 3352.66455078 5374.18847656 4.70482635498
1478194290273 lifecam22 3352.66455078 5374.18847656 4.70482635498
1478194290340 lifecam22 3352.66455078 5374.18847656 4.70482635498
1478194290411 lifecam22 3352.66455078 5374.18847656 4.70482635498
1478194290476 lifecam22 3352.66455078 5374.18847656 4.70482635498
1478194290665 lifecam22 3352.66455078 5374.18847656 4.70482635498
1478194290752 lifecam22 3352.66455078 5374.18847656 4.70482635498
1478194290807 lifecam22 3352.66455078 5374.18847656 4.70482635498
1478194290876 lifecam22 3352.66455078 5374.18847656 4.70482635498
1478194290950 lifecam22 3352.66455078 5374.18847656 4.70482635498
1478194291216 lifecam22 3352.53857422 5374.19921875 4.70490646362
1478194291283 lifecam22 3352.35473633 5374.16064453 4.70329141617
1478194291348 lifecam22 3353.46777344 5373.99755859 4.70199632645
1478194291417 lifecam22 3355.75317383 5374.296875 4.69965267181
1478194291479 lifecam22 3353.59008789 5373.66357422 4.69216108322
1478194291739 lifecam22 3353.66308594 5374.50390625 4.70786857605
1478194291810 lifecam22 3353.53662109 5374.51464844 4.70794630051
1478194291876 lifecam22 3351.15039062 5375.3515625 4.71556282043
1478194291930 lifecam22 3338.72973633 5374.25048828 4.70662927628
1478194292003 lifecam22 3332.97265625 5374.58007812 4.71061944962
1478194292289 lifecam22 3304.14208984 5361.90673828 4.62860298157
1478194292337 lifecam22 3295.46484375 5359.39160156 4.61186981201
1478194292410 lifecam22 3287.96337891 5356.74560547 4.59046936035
1478194292482 lifecam22 3280.67163086 5355.18408203 4.57697582245
1478194292546 lifecam22 3271.86450195 5351.90429688 4.55581569672
1478194292877 lifecam22 3233.77441406 5346.17041016 4.48751306534
1478194292940 lifecam22 3227.171875 5346.50927734 4.47993040085
1478194293020 lifecam22 3217.99072266 5344.39208984 4.45763635635
1478194293077 lifecam22 3210.45043945 5343.48193359 4.44348192215
1478194293145 lifecam22 3204.25732422 5342.43994141 4.43332433701
1478194293413 lifecam22 3172.90722656 5341.13574219 4.3726234436
1478194293471 lifecam22 3165.51318359 5340.94628906 4.35792350769
1478194293544 lifecam22 3157.09667969 5341.00488281 4.34281826019
1478194293601 lifecam22 3149.16723633 5340.59033203 4.32465791702
1478194293673 lifecam22 3141.72973633 5341.39501953 4.31017780304
1478194293946 lifecam22 3111.65869141 5343.59082031 4.25489997864
1478194294009 lifecam22 3105.33935547 5345.73193359 4.25001811981
1478194294076 lifecam22 3096.42016602 5345.96728516 4.22715377808
1478194294144 lifecam22 3088.74902344 5347.54003906 4.21225643158
1478194294209 lifecam22 3080.71777344 5347.70410156 4.19584655762
1478194294487 lifecam22 3049.82861328 5354.22460938 4.13817548752
1478194294557 lifecam22 3042.20996094 5355.87939453 4.12124347687
1478194294629 lifecam22 3035.19042969 5357.44335938 4.10862159729
1478194294669 lifecam22 3028.01757812 5359.15722656 4.0913028717
1478194294749 lifecam22 3020.10327148 5361.32373047 4.0759806633
1478194295748 lifecam22 2914.90039062 5410.4296875 3.89112401009
1478194295812 lifecam22 2905.26953125 5410.19433594 3.83393621445
1478194296078 lifecam22 2877.0637207 5427.26123047 3.76474952698
1478194296148 lifecam22 2871.09863281 5430.52539062 3.74901485443
1478194296210 lifecam22 2864.40893555 5435.60253906 3.73337554932
1478194296276 lifecam22 2858.05541992 5440.33300781 3.7237329483
1478194296350 lifecam22 2853.11279297 5445.45117188 3.71172642708
1478194296557 lifecam22 2833.92163086 5459.42041016 3.66443514824
1478194296619 lifecam22 2827.859375 5463.25488281 3.65149688721
1478194296682 lifecam22 2822.32958984 5468.67382812 3.63681936264
1478194296816 lifecam22 2811.54077148 5479.29296875 3.6167807579
1478194297099 lifecam22 2789.26489258 5500.09326172 3.55223035812
1478194297152 lifecam22 2782.33642578 5507.25488281 3.53271150589
1478194297216 lifecam22 2778.05712891 5512.03027344 3.51890468597
1478194297292 lifecam22 2772.80249023 5517.50244141 3.50719594955
1478194297352 lifecam22 2767.03979492 5524.45605469 3.48325443268
1478194297620 lifecam22 2750.0 5547.93701172 3.44210910797
1478194297683 lifecam22 2745.01879883 5554.17480469 3.42299461365
1478194297751 lifecam22 2741.60522461 5559.81591797 3.41285705566
1478194297818 lifecam22 2735.68164062 5566.74462891 3.39003181458
1478194297889 lifecam22 2731.20141602 5573.39648438 3.37208890915
1478194298160 lifecam22 2713.48291016 5600.12841797 3.31029176712
1478194298219 lifecam22 2709.09716797 5606.72021484 3.28966283798
1478194298283 lifecam22 2705.71923828 5613.79589844 3.28144598007
1478194298343 lifecam22 2702.22827148 5620.30957031 3.26765680313
1478194298429 lifecam22 2698.04394531 5626.81689453 3.24910831451
1478194298697 lifecam22 2685.10253906 5656.01123047 3.19055557251
1478194298744 lifecam22 2682.10449219 5663.34082031 3.17047691345
1478194298820 lifecam22 2679.71777344 5670.78417969 3.16204738617
1478194298888 lifecam22 2677.81689453 5678.09277344 3.15318775177
1478194298963 lifecam22 2672.99829102 5685.54296875 3.12078976631
1478194299009 lifecam22 2672.15087891 5690.80957031 3.11740279198
1478194299220 lifecam22 2672.17602539 5692.77294922 3.11456513405
1478194299283 lifecam22 2672.11914062 5692.12255859 3.11549592018
