1477664805286 lifecam22 3366.09765625 4776.94287109 4.69971895218
1477664805351 lifecam22 3366.09765625 4776.94287109 4.69971895218
1477664805416 lifecam22 3366.09765625 4776.94287109 4.69971895218
1477664805489 lifecam22 3366.09765625 4776.94287109 4.69971895218
1477664805550 lifecam22 3366.09765625 4776.94287109 4.69971895218
1477664805615 lifecam22 3366.40112305 4777.52490234 4.70244646072
1477664805682 lifecam22 3366.09765625 4776.94287109 4.69971895218
1477664805757 lifecam22 3366.20654297 4777.19140625 4.70069599152
1477664805817 lifecam22 3366.33666992 4777.4609375 4.7018661499
1477664805881 lifecam22 3367.41430664 4779.52783203 4.71287965775
1477664805948 lifecam22 3368.22998047 4777.13378906 4.68616390228
1477664806017 lifecam22 3369.47802734 4777.64648438 4.69480133057
1477664806084 lifecam22 3367.94165039 4778.30517578 4.70116901398
1477664806150 lifecam22 3369.49829102 4777.78564453 4.69614839554
1477664806216 lifecam22 3366.43261719 4777.83886719 4.70399332047
1477664806285 lifecam22 3367.55395508 4779.52783203 4.71287918091
1477664806348 lifecam22 3367.4140625 4779.52783203 4.71287965775
1477664806417 lifecam22 3360.55395508 4779.52783203 4.71287918091
1477664806483 lifecam22 3353.89135742 4782.30175781 4.7389330864
1477664806551 lifecam22 3350.72705078 4781.86474609 4.73487615585
1477664806625 lifecam22 3341.13598633 4781.12695312 4.72873497009
1477664806692 lifecam22 3337.72900391 4783.05175781 4.74660921097
1477664806750 lifecam22 3332.17260742 4783.29833984 4.75291013718
1477664806890 lifecam22 3321.73217773 4784.53710938 4.77487516403
1477664806951 lifecam22 3314.70141602 4784.62060547 4.77954101562
1477664807021 lifecam22 3307.74291992 4784.13134766 4.77962636948
1477664807088 lifecam22 3303.50341797 4784.22265625 4.78538370132
1477664807152 lifecam22 3296.8828125 4783.84082031 4.78709888458
1477664807218 lifecam22 3291.21435547 4784.35400391 4.80023241043
1477664807293 lifecam22 3285.55493164 4784.47607422 4.80836629868
1477664807359 lifecam22 3279.30810547 4784.26953125 4.81221008301
1477664807418 lifecam22 3273.06494141 4784.54443359 4.81663036346
1477664807484 lifecam22 3266.73803711 4784.85986328 4.82364082336
1477664807553 lifecam22 3262.58813477 4786.07910156 4.83628129959
1477664807617 lifecam22 3256.81567383 4785.72070312 4.84444618225
1477664807685 lifecam22 3251.55932617 4786.09765625 4.85724163055
1477664807760 lifecam22 3245.68969727 4785.50585938 4.85912036896
1477664807820 lifecam22 3239.59765625 4784.45947266 4.86072587967
1477664807886 lifecam22 3234.89257812 4785.54492188 4.86976957321
1477664807961 lifecam22 3228.85083008 4784.11181641 4.88055515289
1477664808022 lifecam22 3223.50024414 4784.46435547 4.88461065292
1477664808085 lifecam22 3216.68945312 4783.11816406 4.88876628876
1477664808153 lifecam22 3211.4831543 4783.12011719 4.89684247971
1477664808221 lifecam22 3205.42822266 4782.70410156 4.90361356735
1477664808287 lifecam22 3200.51757812 4783.20019531 4.91349935532
1477664808354 lifecam22 3194.36694336 4782.84570312 4.91791534424
1477664808422 lifecam22 3189.15112305 4782.44580078 4.9282784462
1477664808487 lifecam22 3183.2109375 4782.58886719 4.93678712845
1477664808554 lifecam22 3178.1315918 4782.44140625 4.94454908371
1477664808630 lifecam22 3171.66333008 4781.62890625 4.95225477219
1477664808687 lifecam22 3165.44995117 4780.45410156 4.95297050476
1477664808753 lifecam22 3158.69726562 4779.95605469 4.95971727371
1477664808821 lifecam22 3154.62084961 4779.79101562 4.97199583054
1477664808896 lifecam22 3148.25146484 4778.52294922 4.97447633743
1477664808955 lifecam22 3142.01977539 4776.49560547 4.97508907318
1477664809021 lifecam22 3137.23583984 4776.42871094 4.98583126068
1477664809095 lifecam22 3130.82568359 4775.64208984 4.99381351471
1477664809155 lifecam22 3124.80712891 4774.05126953 4.99528694153
1477664809222 lifecam22 3118.95849609 4773.48681641 5.00651836395
1477664809297 lifecam22 3113.13012695 4771.35986328 5.0061006546
1477664809355 lifecam22 3107.61132812 4770.55957031 5.01374292374
1477664809422 lifecam22 3102.05395508 4769.41845703 5.02548646927
1477664809495 lifecam22 3097.20458984 4769.17333984 5.03424739838
1477664809557 lifecam22 3091.23974609 4767.29785156 5.03778457642
1477664809621 lifecam22 3086.17626953 4765.33837891 5.0434551239
1477664809689 lifecam22 3080.6965332 4764.33642578 5.05187940598
1477664809764 lifecam22 3074.65356445 4762.88232422 5.0551609993
1477664809823 lifecam22 3069.10400391 4761.66943359 5.06091451645
1477664809894 lifecam22 3063.57910156 4759.92724609 5.06737661362
1477664809957 lifecam22 3058.44238281 4758.99511719 5.07385778427
1477664810022 lifecam22 3052.68481445 4757.03320312 5.08298063278
1477664810090 lifecam22 3047.20141602 4756.94189453 5.09300136566
1477664810162 lifecam22 3041.9543457 4754.59228516 5.09757852554
1477664810223 lifecam22 3036.82202148 4754.29833984 5.10839366913
1477664810289 lifecam22 3030.94604492 4752.42529297 5.11276721954
1477664810363 lifecam22 3026.40356445 4751.34814453 5.12483787537
1477664810424 lifecam22 3019.76342773 4749.48095703 5.13040685654
1477664810491 lifecam22 3015.46777344 4749.07128906 5.14171075821
1477664810557 lifecam22 3009.65991211 4747.60009766 5.14620447159
1477664810624 lifecam22 3004.05493164 4745.27539062 5.14893245697
1477664810690 lifecam22 2997.97094727 4742.43847656 5.1512131691
1477664810757 lifecam22 2992.33203125 4740.36621094 5.15520572662
1477664810831 lifecam22 2986.38378906 4739.86865234 5.16933107376
1477664810890 lifecam22 2981.10766602 4737.49316406 5.17295217514
1477664810956 lifecam22 2975.4128418 4734.98193359 5.17462587357
1477664811024 lifecam22 2969.88183594 4733.51953125 5.18673229218
1477664811093 lifecam22 2964.13818359 4730.35644531 5.18667459488
1477664811159 lifecam22 2958.90283203 4728.12988281 5.19235563278
1477664811225 lifecam22 2953.9621582 4725.07128906 5.19748449326
1477664811299 lifecam22 2949.08349609 4724.86132812 5.21390962601
1477664811359 lifecam22 2943.62548828 4721.36132812 5.21637678146
1477664811426 lifecam22 2937.9230957 4719.65185547 5.2204914093
1477664811498 lifecam22 2933.14599609 4716.93945312 5.22437238693
1477664811559 lifecam22 2927.90405273 4714.06201172 5.23209381104
1477664811625 lifecam22 2922.75048828 4711.84716797 5.23648357391
1477664811700 lifecam22 2917.29443359 4709.87841797 5.24636030197
1477664811762 lifecam22 2912.30078125 4708.86474609 5.25639867783
1477664811826 lifecam22 2906.81689453 4704.96044922 5.26124095917
1477664811898 lifecam22 2901.26635742 4703.77099609 5.27237653732
1477664811962 lifecam22 2896.88012695 4700.38916016 5.2769317627
1477664812026 lifecam22 2891.37597656 4698.63671875 5.28338050842
1477664812094 lifecam22 2886.18408203 4694.68212891 5.28739118576
1477664812167 lifecam22 2880.83496094 4693.29980469 5.29764699936
1477664812226 lifecam22 2875.9206543 4691.00341797 5.30551481247
1477664812291 lifecam22 2870.61621094 4689.82226562 5.32021951675
1477664812361 lifecam22 2865.24121094 4686.63818359 5.32318401337
1477664812426 lifecam22 2861.04833984 4683.26025391 5.32343530655
1477664812493 lifecam22 2855.23071289 4681.50585938 5.33530950546
1477664812560 lifecam22 2850.4519043 4677.52490234 5.33424901962
1477664812628 lifecam22 2844.63745117 4674.27490234 5.33818674088
1477664812694 lifecam22 2840.19628906 4672.86962891 5.35279798508
1477664812761 lifecam22 2834.86230469 4669.27783203 5.35557365417
1477664812828 lifecam22 2829.36401367 4665.59863281 5.36208724976
1477664812894 lifecam22 2825.00952148 4662.71240234 5.36618423462
1477664812961 lifecam22 2820.24707031 4659.05615234 5.37241029739
1477664813030 lifecam22 2814.90234375 4656.42431641 5.38123607635
1477664813094 lifecam22 2810.75268555 4653.32226562 5.38858938217
1477664813161 lifecam22 2806.01000977 4649.87207031 5.3926782608
1477664813235 lifecam22 2801.50195312 4647.3671875 5.40160560608
1477664813302 lifecam22 2795.88623047 4643.45166016 5.40848875046
1477664813367 lifecam22 2791.41577148 4641.4453125 5.41637659073
1477664813502 lifecam22 2781.96679688 4634.33203125 5.42686843872
1477664813561 lifecam22 2777.3828125 4629.39550781 5.42641401291
1477664813629 lifecam22 2772.8684082 4627.37255859 5.43817615509
1477664813703 lifecam22 2767.85449219 4624.06152344 5.44560575485
1477664813763 lifecam22 2763.23095703 4620.88037109 5.45724201202
1477664813828 lifecam22 2758.83422852 4618.28466797 5.46278953552
1477664813904 lifecam22 2754.45214844 4612.88232422 5.46287107468
1477664813962 lifecam22 2748.56591797 4610.87988281 5.47722578049
1477664814029 lifecam22 2745.07006836 4608.24804688 5.48720169067
1477664814102 lifecam22 2740.60620117 4605.66113281 5.50128221512
1477664814141 lifecam20 2683.03076172 4607.67138672 5.52916383743
1477664814165 lifecam22 2680.34985352 4605.34472656 5.53053188324
1477664814210 lifecam20 2678.03735352 4604.78320312 5.53683900833
1477664814229 lifecam22 2675.95361328 4603.54882812 5.54139566422
1477664814275 lifecam20 2674.14086914 4599.16357422 5.52756166458
1477664814296 lifecam22 2671.69335938 4597.92773438 5.53742551804
1477664814341 lifecam20 2670.84106445 4591.50390625 5.50753164291
1477664814366 lifecam22 2668.82641602 4590.14160156 5.50961303711
1477664814409 lifecam20 2665.53857422 4591.36962891 5.53045272827
1477664814431 lifecam22 2663.04101562 4588.38183594 5.52803754807
1477664814473 lifecam20 2660.67675781 4586.328125 5.53006315231
1477664814495 lifecam22 2658.23413086 4584.61425781 5.53490352631
1477664814540 lifecam20 2656.39550781 4582.71679688 5.53680467606
1477664814564 lifecam22 2654.09765625 4580.65234375 5.53715324402
1477664814611 lifecam20 2651.88476562 4578.95410156 5.5424580574
1477664814629 lifecam22 2649.95703125 4577.29003906 5.54545307159
1477664814673 lifecam20 2647.65112305 4575.13525391 5.5476026535
1477664814699 lifecam22 2645.08447266 4572.99951172 5.54985666275
1477664814741 lifecam20 2643.07128906 4571.00683594 5.55314493179
1477664814765 lifecam22 2641.3984375 4569.10742188 5.55853939056
1477664814809 lifecam20 2639.18212891 4567.53662109 5.56295633316
1477664814831 lifecam22 2636.74560547 4565.56054688 5.56568717957
1477664814873 lifecam20 2634.60449219 4563.27099609 5.56715679169
1477664814902 lifecam22 2632.64453125 4561.13769531 5.56967639923
1477664814944 lifecam20 2630.57177734 4558.71582031 5.57160949707
1477664814963 lifecam22 2628.83935547 4555.99072266 5.57110929489
1477664815012 lifecam20 2626.86474609 4553.95996094 5.57337474823
1477664815030 lifecam22 2624.52978516 4552.39257812 5.57956218719
1477664815077 lifecam20 2622.32080078 4549.75878906 5.58052492142
1477664815100 lifecam22 2620.59375 4547.30859375 5.58258056641
1477664815141 lifecam20 2618.60913086 4546.33154297 5.59061193466
1477664815165 lifecam22 2616.38134766 4544.54785156 5.59206295013
1477664815208 lifecam20 2614.26074219 4541.89550781 5.59316730499
1477664815232 lifecam22 2611.95068359 4539.27441406 5.59568500519
1477664815277 lifecam20 2609.61621094 4537.04394531 5.59745931625
1477664815296 lifecam22 2607.51025391 4535.96582031 5.6060051918
1477664815343 lifecam20 2605.42089844 4534.26855469 5.60974168777
1477664815363 lifecam22 2603.49121094 4532.52294922 5.61274194717
1477664815409 lifecam20 2601.44824219 4530.65087891 5.6180062294
1477664815431 lifecam22 2599.26367188 4528.05957031 5.62072134018
1477664815476 lifecam20 2597.28857422 4526.49316406 5.62622833252
1477664815501 lifecam22 2595.17431641 4525.01904297 5.63296556473
1477664815541 lifecam20 2593.12207031 4522.64257812 5.63486242294
1477664815570 lifecam22 2591.5769043 4521.73095703 5.64216470718
1477664815617 lifecam20 2589.38964844 4519.70605469 5.6475276947
1477664815633 lifecam22 2587.11791992 4518.46484375 5.65668535233
1477664815686 lifecam20 2585.05224609 4517.38671875 5.66416740417
1477664815699 lifecam22 2582.93164062 4517.17089844 5.67726278305
1477664815751 lifecam20 2581.01074219 4514.48046875 5.67779159546
1477664815764 lifecam22 2579.24169922 4512.69824219 5.68325996399
1477664815816 lifecam20 2577.16357422 4510.42529297 5.68619155884
1477664815883 lifecam20 2575.36962891 4507.74658203 5.68596601486
1477664815952 lifecam20 2513.13720703 4496.05224609 5.67304229736
1477664816015 lifecam20 2508.43432617 4492.29882812 5.68416118622
1477664816083 lifecam20 2505.85229492 4485.60644531 5.67885446548
1477664816152 lifecam20 2500.90966797 4483.00537109 5.68958568573
1477664816215 lifecam20 2497.51782227 4478.37890625 5.69840908051
1477664816283 lifecam20 2492.66870117 4474.48974609 5.70975017548
1477664816351 lifecam20 2489.65820312 4469.55419922 5.70673751831
1477664816419 lifecam20 2485.6328125 4465.09472656 5.71530485153
1477664816483 lifecam20 2482.03930664 4460.81054688 5.72370815277
1477664816551 lifecam20 2477.90063477 4457.18701172 5.73620605469
1477664816619 lifecam20 2474.77734375 4451.61425781 5.73614835739
1477664816683 lifecam20 2471.35424805 4446.41601562 5.73871850967
1477664816754 lifecam20 2468.62915039 4441.22558594 5.74283218384
1477664816821 lifecam20 2464.83227539 4436.76757812 5.75021696091
1477664816885 lifecam20 2461.77905273 4432.34521484 5.75635290146
1477664816952 lifecam20 2458.89013672 4426.99804688 5.76208639145
1477664817019 lifecam20 2454.57519531 4422.04638672 5.76904439926
1477664817084 lifecam20 2451.73022461 4416.58837891 5.77232646942
1477664817151 lifecam20 2447.86572266 4412.53613281 5.78445148468
1477664817219 lifecam20 2444.51123047 4409.20019531 5.79599666595
1477664817287 lifecam20 2441.11328125 4402.13085938 5.79351234436
1477664817350 lifecam20 2437.69677734 4398.54003906 5.8054933548
1477664817419 lifecam20 2434.76196289 4393.81542969 5.81317424774
1477664817487 lifecam20 2431.5546875 4389.85839844 5.82480287552
1477664817551 lifecam20 2428.43432617 4383.97949219 5.82741260529
1477664817619 lifecam20 2424.60961914 4380.00976562 5.83735132217
1477664817687 lifecam20 2422.40625 4372.79931641 5.83315706253
1477664817753 lifecam20 2418.09057617 4371.2578125 5.85524368286
1477664817821 lifecam20 2415.86181641 4364.99658203 5.85652923584
1477664817889 lifecam20 2412.11767578 4360.50488281 5.86451244354
1477664817958 lifecam20 2409.04589844 4355.17871094 5.87327528
1477664818020 lifecam20 2406.30249023 4349.84619141 5.87654876709
1477664818087 lifecam20 2402.55419922 4346.33398438 5.88940620422
1477664818156 lifecam20 2400.2109375 4341.12255859 5.89732885361
1477664818220 lifecam20 2396.68164062 4335.49316406 5.8998093605
1477664818286 lifecam20 2394.33300781 4330.03808594 5.90044784546
1477664818355 lifecam20 2391.80761719 4324.81933594 5.90863084793
1477664818418 lifecam20 2389.42431641 4320.08789062 5.91619443893
1477664818487 lifecam20 2387.04931641 4314.33837891 5.91622638702
1477664818554 lifecam20 2384.16601562 4309.22265625 5.92229604721
1477664818620 lifecam20 2381.9934082 4304.45068359 5.92941331863
1477664818687 lifecam20 2379.56201172 4297.17333984 5.93004131317
1477664818756 lifecam20 2376.703125 4293.79589844 5.94611978531
1477664818823 lifecam20 2373.83129883 4287.93701172 5.95139503479
1477664818889 lifecam20 2371.63696289 4282.74267578 5.95921945572
1477664818957 lifecam20 2369.42431641 4275.99365234 5.9568157196
1477664819023 lifecam20 2367.01464844 4271.45458984 5.97001171112
1477664819086 lifecam20 2364.12597656 4267.15673828 5.97811412811
1477664819156 lifecam20 2362.68725586 4260.91845703 5.98297023773
1477664819224 lifecam20 2359.26049805 4256.16699219 5.99165248871
1477664819288 lifecam20 2357.22070312 4250.97021484 6.00071811676
1477664819354 lifecam20 2355.23535156 4246.22314453 6.00671339035
1477664819423 lifecam20 2352.99023438 4240.43212891 6.01305818558
1477664819492 lifecam20 2351.43164062 4234.40527344 6.01567363739
1477664819555 lifecam20 2349.43774414 4228.84667969 6.01929140091
1477664819623 lifecam20 2346.82348633 4223.25488281 6.02866363525
1477664819691 lifecam20 2344.11645508 4218.35546875 6.03779888153
1477664819754 lifecam20 2342.68994141 4212.97558594 6.04670906067
1477664819823 lifecam20 2340.13305664 4207.54394531 6.0532336235
1477664819890 lifecam20 2338.41748047 4201.75830078 6.0587849617
1477664819954 lifecam20 2336.80883789 4196.15917969 6.06372213364
1477664820022 lifecam20 2334.86401367 4191.66796875 6.07395076752
1477664820092 lifecam20 2332.09179688 4186.66210938 6.08769416809
1477664820155 lifecam20 2330.89819336 4180.37109375 6.08594512939
1477664820222 lifecam20 2329.86865234 4175.11474609 6.09218358994
1477664820293 lifecam20 2328.02832031 4169.39550781 6.09348249435
1477664820360 lifecam20 2326.30371094 4163.47998047 6.10200357437
1477664820422 lifecam20 2324.44042969 4158.54150391 6.1106095314
1477664820491 lifecam20 2322.99316406 4153.20898438 6.1173491478
1477664820559 lifecam20 2321.54614258 4147.00195312 6.12188100815
1477664820623 lifecam20 2320.30615234 4141.19189453 6.12775373459
1477664820690 lifecam20 2318.21362305 4135.77685547 6.13859605789
1477664820758 lifecam20 2317.18603516 4130.08789062 6.14312601089
1477664820822 lifecam20 2316.59155273 4123.96826172 6.14579868317
1477664820890 lifecam20 2315.15185547 4118.43310547 6.15236520767
1477664820958 lifecam20 2313.81274414 4112.25048828 6.15825557709
1477664821027 lifecam20 2312.26782227 4107.18798828 6.16895771027
1477664821091 lifecam20 2311.04101562 4101.79296875 6.17410945892
1477664821159 lifecam20 2308.91918945 4096.796875 6.18708992004
1477664821226 lifecam20 2308.76953125 4090.55419922 6.18779563904
1477664821292 lifecam20 2307.48754883 4084.52294922 6.19435882568
1477664821360 lifecam20 2306.63037109 4078.68920898 6.19953155518
1477664821428 lifecam20 2305.50390625 4072.85229492 6.20800590515
1477664821490 lifecam20 2303.77954102 4067.75610352 6.22016477585
1477664821559 lifecam20 2303.58325195 4061.68334961 6.22347164154
1477664821627 lifecam20 2301.94091797 4056.375 6.23177146912
1477664821694 lifecam20 2302.47827148 4049.67553711 6.2321600914
1477664821758 lifecam20 2301.34570312 4044.73364258 6.23624658585
1477664821826 lifecam20 2300.48120117 4038.96875 6.24488735199
1477664821894 lifecam20 2298.80200195 4033.75756836 6.25622701645
1477664821958 lifecam20 2298.58374023 4027.01025391 6.25963306427
1477664822025 lifecam20 2297.71777344 4023.60400391 6.27015399933
1477664822094 lifecam20 2298.02880859 4016.54589844 6.26722288132
1477664822159 lifecam20 2299.16210938 4016.34423828 6.25932025909
1477664822226 lifecam20 2299.77270508 4015.99169922 6.25619077682
1477664822294 lifecam20 2299.18115234 4016.32519531 6.25914812088
1477664822359 lifecam20 2299.18115234 4016.32519531 6.25914812088
1477664822426 lifecam20 2299.75415039 4016.01098633 6.2563624382
1477664822496 lifecam20 2299.43945312 4016.19726562 6.25801420212
1477664822564 lifecam20 2298.82885742 4016.54858398 6.26113843918
1477664822628 lifecam20 2299.45825195 4016.17773438 6.2578420639
1477664822693 lifecam20 2300.34570312 4015.67602539 6.25339603424
1477664822762 lifecam20 2299.71655273 4016.04980469 6.25670671463
1477664822827 lifecam20 2300.01245117 4015.8828125 6.25522422791
1477664822895 lifecam20 2300.06884766 4015.82446289 6.25470781326
1477664822963 lifecam20 2299.43945312 4016.19726562 6.25801420212
1477664823027 lifecam20 2299.4206543 4016.21655273 6.25818586349
1477664823094 lifecam20 2300.01245117 4015.8828125 6.25522422791
1477664823163 lifecam20 2299.77270508 4015.99169922 6.25619077682
1477664823229 lifecam20 2300.05004883 4015.84375 6.25488042831
1477664823294 lifecam20 2300.05004883 4015.84375 6.25488042831
