1477665188614 lifecam22 3365.60668945 4779.38427734 4.71151351929
1477665188678 lifecam22 3363.69946289 4778.50976562 4.7031416893
1477665188742 lifecam22 3363.69116211 4778.64941406 4.7044839859
1477665188816 lifecam22 3365.80175781 4779.58837891 4.71345758438
1477665188877 lifecam22 3366.63671875 4779.71044922 4.71461677551
1477665188941 lifecam22 3366.14135742 4779.89501953 4.71637010574
1477665189017 lifecam22 3366.13110352 4779.50683594 4.71268224716
1477665189077 lifecam22 3361.64404297 4779.95458984 4.71693706512
1477665189141 lifecam22 3353.55444336 4779.52832031 4.71288299561
1477665189209 lifecam22 3346.55419922 4779.52783203 4.71288156509
1477665189284 lifecam22 3339.55395508 4779.52734375 4.71288013458
1477665189345 lifecam22 3335.99072266 4781.96826172 4.73376274109
1477665189409 lifecam22 3330.51708984 4783.05175781 4.74286985397
1477665189477 lifecam22 3324.4831543 4783.36035156 4.74822235107
1477665189545 lifecam22 3318.36816406 4783.63232422 4.75480937958
1477665189609 lifecam22 3314.47729492 4784.57666016 4.77257871628
1477665189684 lifecam22 3309.14135742 4784.35253906 4.77594184875
1477665189745 lifecam22 3301.92822266 4783.72460938 4.77754831314
1477665189788 lifecam20 2995.7668457 4160.66308594 6.03709554672
1477665189810 lifecam22 2993.4453125 4161.26123047 6.04284095764
1477665189884 lifecam22 2989.765625 4160.22070312 6.03960752487
1477665189946 lifecam22 3284.37841797 4783.57617188 4.79277324677
1477665190010 lifecam22 3278.66625977 4783.54052734 4.79939556122
1477665190078 lifecam22 3272.99536133 4783.71484375 4.80778503418
1477665190152 lifecam22 3266.57592773 4783.77832031 4.8117890358
1477665190214 lifecam22 3260.70849609 4783.81054688 4.81989955902
1477665190278 lifecam22 3255.8840332 4784.35302734 4.8280787468
1477665190345 lifecam22 3250.81933594 4784.88427734 4.84026670456
1477665190413 lifecam22 3244.12890625 4784.75488281 4.84656667709
1477665190477 lifecam22 3238.72290039 4784.56445312 4.8519692421
1477665190546 lifecam22 3232.8215332 4784.61914062 4.85937595367
1477665190614 lifecam22 3227.79541016 4785.43164062 4.86619472504
1477665190678 lifecam22 3221.92773438 4784.88476562 4.87508583069
1477665190745 lifecam22 3216.32519531 4785.08154297 4.88274908066
1477665190814 lifecam22 3209.5559082 4783.05859375 4.88323163986
1477665190881 lifecam22 3203.58374023 4782.95849609 4.88598012924
1477665190946 lifecam22 3198.03417969 4782.63720703 4.89844226837
1477665191013 lifecam22 3192.54174805 4783.35058594 4.906270504
1477665191081 lifecam22 3187.11962891 4783.17871094 4.91756534576
1477665191146 lifecam22 3182.10327148 4782.93603516 4.92191743851
1477665191221 lifecam22 3176.09692383 4782.31054688 4.92899274826
1477665191281 lifecam22 3170.62890625 4781.91601562 4.93545293808
1477665191345 lifecam22 3163.92382812 4781.06884766 4.94025278091
1477665191419 lifecam22 3158.54492188 4779.77685547 4.94404745102
1477665191484 lifecam22 3152.6472168 4779.14794922 4.95256567001
1477665191551 lifecam22 3147.50976562 4778.40917969 4.95693588257
1477665191613 lifecam22 3141.37744141 4777.03662109 4.96040582657
1477665191687 lifecam22 3134.91088867 4776.15185547 4.96438646317
1477665191752 lifecam22 3129.92602539 4774.75048828 4.97237682343
1477665191816 lifecam22 3123.53491211 4773.76367188 4.9765996933
1477665191884 lifecam22 3117.796875 4772.53027344 4.98331260681
1477665191952 lifecam22 3111.7565918 4771.17431641 4.9898891449
1477665192017 lifecam22 3106.65454102 4770.51660156 5.00005340576
1477665192084 lifecam22 3101.18847656 4769.05712891 4.99995660782
1477665192152 lifecam22 3095.65454102 4768.81933594 5.01482915878
1477665192216 lifecam22 3090.39746094 4768.77734375 5.02588939667
1477665192284 lifecam22 3084.28930664 4766.87109375 5.03124380112
1477665192351 lifecam22 3078.64794922 4766.04101562 5.03726673126
1477665192420 lifecam22 3073.19580078 4764.23388672 5.04103803635
1477665192484 lifecam22 3067.83374023 4763.54541016 5.04851055145
1477665192552 lifecam22 3062.6262207 4762.72021484 5.05778360367
1477665192620 lifecam22 3057.20654297 4760.01660156 5.058801651
1477665192684 lifecam22 3050.44116211 4759.99511719 5.0689535141
1477665192752 lifecam22 3045.203125 4757.70214844 5.07482147217
1477665192820 lifecam22 3040.20947266 4758.48828125 5.08949422836
1477665192884 lifecam22 3033.77563477 4754.83886719 5.08528757095
1477665192952 lifecam22 3029.21948242 4754.50439453 5.09705209732
1477665193020 lifecam22 3023.38696289 4752.40625 5.10182571411
1477665193091 lifecam22 3018.01806641 4751.671875 5.11279726028
1477665193149 lifecam22 3012.43945312 4748.98144531 5.11457777023
1477665193217 lifecam22 3007.32446289 4748.33740234 5.12143325806
1477665193286 lifecam22 3002.32788086 4745.68115234 5.12354898453
1477665193349 lifecam22 2996.18066406 4743.88378906 5.12859964371
1477665193417 lifecam22 2990.91064453 4741.8515625 5.13477468491
1477665193486 lifecam22 2984.75512695 4739.01123047 5.13611841202
1477665193549 lifecam22 2979.26904297 4738.37646484 5.14761400223
1477665193616 lifecam22 2973.89819336 4736.74609375 5.15571069717
1477665193686 lifecam22 2968.70703125 4734.01904297 5.15699100494
1477665193754 lifecam22 2962.85351562 4732.31152344 5.17069530487
1477665193819 lifecam22 2957.59619141 4729.64404297 5.17358732224
1477665193888 lifecam22 2951.66186523 4727.26416016 5.18088769913
1477665193955 lifecam22 2946.89282227 4725.96679688 5.19080591202
1477665194020 lifecam22 2941.6862793 4724.88476562 5.20195817947
1477665194087 lifecam22 2935.66772461 4721.546875 5.20113039017
1477665194156 lifecam22 2930.4362793 4719.87109375 5.20932388306
1477665194220 lifecam22 2925.59521484 4718.10595703 5.22023105621
1477665194288 lifecam22 2920.15771484 4716.07910156 5.22684621811
1477665194355 lifecam22 2914.47119141 4712.75097656 5.22804880142
1477665194420 lifecam22 2909.13989258 4710.67822266 5.23424053192
1477665194487 lifecam22 2904.02514648 4709.10400391 5.24596691132
1477665194556 lifecam22 2898.62597656 4706.23925781 5.24911308289
1477665194623 lifecam22 2893.40844727 4704.86035156 5.26139211655
1477665194688 lifecam22 2888.68676758 4701.94580078 5.26655101776
1477665194755 lifecam22 2882.80444336 4698.92871094 5.26885175705
1477665194824 lifecam22 2878.34765625 4695.97216797 5.27415895462
1477665194888 lifecam22 2872.96386719 4694.08300781 5.28457927704
1477665194956 lifecam22 2868.41674805 4691.40527344 5.28961277008
1477665195023 lifecam22 2863.91918945 4689.18261719 5.29775524139
1477665195088 lifecam22 2858.07739258 4685.55371094 5.30011177063
1477665195155 lifecam22 2853.51074219 4683.50146484 5.30793142319
1477665195223 lifecam22 2847.68725586 4681.25341797 5.31588983536
1477665195291 lifecam22 2842.37182617 4677.97021484 5.31848573685
1477665195353 lifecam22 2837.70068359 4676.18505859 5.3335609436
1477665195420 lifecam22 2832.15429688 4672.85205078 5.33490991592
1477665195488 lifecam22 2827.62133789 4670.36328125 5.34381771088
1477665195552 lifecam22 2822.15673828 4665.9296875 5.34464740753
1477665195620 lifecam22 2817.05566406 4664.04345703 5.35328006744
1477665195688 lifecam22 2812.2800293 4659.35302734 5.35709571838
1477665195752 lifecam22 2807.40405273 4657.11376953 5.36389636993
1477665195826 lifecam22 2802.56201172 4653.828125 5.37011146545
1477665195891 lifecam22 2797.88305664 4650.75195312 5.3755440712
1477665195959 lifecam22 2792.63232422 4648.1953125 5.3870306015
1477665196020 lifecam22 2787.87841797 4644.46191406 5.39115953445
1477665196088 lifecam22 2783.15454102 4641.61425781 5.39610147476
1477665196156 lifecam22 2778.3293457 4638.63525391 5.40357542038
1477665196221 lifecam22 2772.93994141 4636.63769531 5.41719913483
1477665196288 lifecam22 2767.88427734 4633.44287109 5.42613363266
1477665196356 lifecam22 2763.1027832 4628.82861328 5.42332744598
1477665196420 lifecam22 2759.16943359 4627.15869141 5.43777179718
1477665196488 lifecam22 2753.9934082 4622.89355469 5.43959522247
1477665196556 lifecam22 2749.4675293 4619.87011719 5.45111465454
1477665196624 lifecam22 2745.56542969 4616.25488281 5.45298528671
1477665196687 lifecam22 2740.67602539 4611.79443359 5.45391750336
1477665196756 lifecam22 2735.98193359 4608.62695312 5.46866512299
1477665196831 lifecam22 2731.67553711 4604.37988281 5.46530294418
1477665196888 lifecam22 2728.09960938 4600.79150391 5.47144079208
1477665196934 lifecam20 2670.69726562 4603.87646484 5.50475597382
1477665196959 lifecam22 2667.94970703 4603.50683594 5.51582956314
1477665197003 lifecam20 2666.17236328 4599.98730469 5.50569152832
1477665197027 lifecam22 2663.91455078 4597.00732422 5.50417661667
1477665197066 lifecam20 2661.45117188 4595.33203125 5.50567817688
1477665197092 lifecam22 2659.62109375 4595.0546875 5.51411819458
1477665197135 lifecam20 2657.78173828 4590.83886719 5.49751234055
1477665197159 lifecam22 2655.14404297 4588.26953125 5.49882459641
1477665197202 lifecam20 2652.53466797 4587.46044922 5.50691175461
1477665197227 lifecam22 2649.87768555 4585.89160156 5.51088619232
1477665197267 lifecam20 2647.20996094 4584.39453125 5.51734399796
1477665197291 lifecam22 2644.81933594 4582.96777344 5.5230140686
1477665197334 lifecam20 2643.36450195 4582.49707031 5.53242731094
1477665197359 lifecam22 2641.22094727 4580.66699219 5.53514003754
1477665197403 lifecam20 2638.72802734 4577.8984375 5.53390598297
1477665197426 lifecam22 2636.69775391 4575.82958984 5.53414440155
1477665197466 lifecam20 2634.15429688 4573.91503906 5.53945875168
1477665197494 lifecam22 2631.35571289 4571.84375 5.54402828217
1477665197536 lifecam20 2629.33569336 4569.33007812 5.54210090637
1477665197557 lifecam22 2627.36450195 4567.27636719 5.54647493362
1477665197602 lifecam20 2624.92285156 4565.86816406 5.55434560776
1477665197624 lifecam22 2622.88574219 4564.36035156 5.55994129181
1477665197671 lifecam20 2620.81982422 4561.96875 5.5613617897
1477665197692 lifecam22 2618.91894531 4559.74121094 5.5626115799
1477665197734 lifecam20 2617.16699219 4557.00683594 5.5599732399
1477665197756 lifecam22 2615.23779297 4554.1875 5.5580406189
1477665197802 lifecam20 2612.87597656 4552.88867188 5.56514215469
1477665197823 lifecam22 2610.28320312 4551.30224609 5.57161664963
1477665197870 lifecam20 2608.28613281 4549.13476562 5.57417297363
1477665197892 lifecam22 2606.52929688 4547.43359375 5.57909393311
1477665197935 lifecam20 2603.76391602 4545.07226562 5.58106136322
1477665197956 lifecam22 2601.34545898 4542.73828125 5.58218765259
1477665198002 lifecam20 2599.49389648 4540.609375 5.58534049988
1477665198024 lifecam22 2597.26806641 4539.01123047 5.58939981461
1477665198070 lifecam20 2595.08666992 4537.47460938 5.59469938278
1477665198092 lifecam22 2593.08886719 4535.00195312 5.59804201126
1477665198134 lifecam20 2590.81152344 4532.99511719 5.59993982315
1477665198163 lifecam22 2588.64746094 4531.05761719 5.60178565979
1477665198204 lifecam20 2586.77270508 4528.42773438 5.60313129425
1477665198224 lifecam22 2584.97338867 4525.99023438 5.60562133789
1477665198270 lifecam20 2583.30273438 4524.57421875 5.61191606522
1477665198292 lifecam22 2581.38671875 4522.79589844 5.6152305603
1477665198334 lifecam20 2579.25341797 4521.03417969 5.62037658691
1477665198368 lifecam22 2577.27392578 4520.4453125 5.63148164749
1477665198402 lifecam20 2575.08911133 4517.83496094 5.63167190552
1477665198424 lifecam22 2573.29785156 4516.48974609 5.63948297501
1477665198470 lifecam20 2571.46484375 4514.33984375 5.64271450043
1477665198492 lifecam22 2569.63427734 4513.3828125 5.65149450302
1477665198537 lifecam20 2567.92529297 4511.59912109 5.65418243408
1477665198560 lifecam22 2565.99633789 4510.8359375 5.6646232605
1477665198602 lifecam20 2563.47607422 4508.37451172 5.66926574707
1477665198623 lifecam22 2561.66210938 4508.06347656 5.68103599548
1477665198670 lifecam20 2559.98779297 4506.23583984 5.68374490738
1477665198691 lifecam22 2557.70605469 4503.80175781 5.68466711044
1477665198738 lifecam20 2555.84667969 4501.61035156 5.68886041641
1477665198802 lifecam20 2553.40332031 4499.74316406 5.69356060028
1477665198871 lifecam20 2490.86181641 4485.90869141 5.67022657394
1477665198937 lifecam20 2487.4230957 4481.92822266 5.67862653732
1477665199002 lifecam20 2482.72851562 4478.81738281 5.69295978546
1477665199070 lifecam20 2479.89257812 4474.02636719 5.69401741028
1477665199138 lifecam20 2475.35791016 4468.28271484 5.69239282608
1477665199205 lifecam20 2472.00683594 4464.38232422 5.70307397842
1477665199270 lifecam20 2467.62304688 4460.27685547 5.71352863312
1477665199337 lifecam20 2464.22851562 4456.07226562 5.72226047516
1477665199406 lifecam20 2459.88891602 4451.01367188 5.72579479218
1477665199470 lifecam20 2457.11425781 4445.01806641 5.72389125824
1477665199538 lifecam20 2453.07373047 4441.65380859 5.73773336411
1477665199605 lifecam20 2449.86645508 4436.24853516 5.74110269547
1477665199670 lifecam20 2446.23461914 4432.04589844 5.75207519531
1477665199738 lifecam20 2442.33227539 4425.73632812 5.74946737289
1477665199806 lifecam20 2438.60180664 4421.99072266 5.76364660263
1477665199874 lifecam20 2435.04516602 4416.42675781 5.76450920105
1477665199938 lifecam20 2432.27685547 4412.60205078 5.77328252792
1477665200005 lifecam20 2428.75585938 4407.13671875 5.77672433853
1477665200074 lifecam20 2425.28955078 4402.8828125 5.78832578659
1477665200138 lifecam20 2422.15454102 4396.70898438 5.78831005096
1477665200206 lifecam20 2419.06225586 4393.7109375 5.79931354523
1477665200273 lifecam20 2416.06225586 4388.15673828 5.80517625809
1477665200338 lifecam20 2412.3659668 4384.06933594 5.81129074097
1477665200406 lifecam20 2410.43286133 4377.60693359 5.81090164185
1477665200474 lifecam20 2406.9074707 4374.00048828 5.82085561752
1477665200538 lifecam20 2403.78393555 4369.14160156 5.83035326004
1477665200606 lifecam20 2400.44458008 4363.90136719 5.83670139313
1477665200673 lifecam20 2397.66967773 4357.97460938 5.83900213242
1477665200742 lifecam20 2394.29248047 4354.07861328 5.85006570816
1477665200806 lifecam20 2391.13671875 4349.57617188 5.85928964615
1477665200874 lifecam20 2387.9543457 4345.87695312 5.87153720856
1477665200941 lifecam20 2384.33398438 4339.52441406 5.8757147789
1477665201006 lifecam20 2381.42871094 4335.46826172 5.88282680511
1477665201074 lifecam20 2377.90161133 4329.98779297 5.88936805725
1477665201142 lifecam20 2375.21118164 4326.10058594 5.89928388596
1477665201205 lifecam20 2372.39208984 4320.09814453 5.90232181549
1477665201274 lifecam20 2370.42529297 4315.11474609 5.90829992294
1477665201341 lifecam20 2367.41918945 4309.13183594 5.91104745865
1477665201410 lifecam20 2365.16430664 4303.48828125 5.91336536407
1477665201473 lifecam20 2361.91235352 4298.35986328 5.92512750626
1477665201542 lifecam20 2359.74145508 4292.34130859 5.92475318909
1477665201609 lifecam20 2356.65014648 4287.28564453 5.9378361702
1477665201674 lifecam20 2354.79736328 4282.68408203 5.94283866882
1477665201741 lifecam20 2352.64868164 4277.25830078 5.94789075851
1477665201810 lifecam20 2350.18701172 4271.27685547 5.94979524612
1477665201873 lifecam20 2346.94628906 4266.72021484 5.96718358994
1477665201942 lifecam20 2345.50683594 4261.63671875 5.966547966
1477665202009 lifecam20 2343.1015625 4255.0390625 5.97124147415
1477665202074 lifecam20 2341.10058594 4250.10839844 5.97454738617
1477665202141 lifecam20 2338.4909668 4245.26611328 5.98982429504
1477665202210 lifecam20 2336.01074219 4240.09521484 5.99523687363
1477665202277 lifecam20 2334.38623047 4234.14501953 5.996925354
1477665202342 lifecam20 2332.15380859 4229.03564453 6.00582361221
1477665202409 lifecam20 2329.63891602 4223.97998047 6.01434993744
1477665202478 lifecam20 2328.22387695 4219.04248047 6.01896286011
1477665202541 lifecam20 2324.70336914 4213.41162109 6.02918815613
1477665202610 lifecam20 2324.15844727 4207.61181641 6.03332090378
1477665202676 lifecam20 2321.43579102 4202.36914062 6.04051351547
1477665202742 lifecam20 2318.98022461 4197.43359375 6.05116271973
1477665202809 lifecam20 2316.46606445 4192.80078125 6.06291913986
1477665202877 lifecam20 2315.18408203 4186.10644531 6.06392812729
1477665202944 lifecam20 2312.54003906 4181.234375 6.07339096069
1477665203010 lifecam20 2310.93212891 4175.10546875 6.07334280014
1477665203077 lifecam20 2309.80371094 4169.24609375 6.07588815689
1477665203145 lifecam20 2307.81542969 4163.87207031 6.08688735962
1477665203209 lifecam20 2306.03222656 4158.89404297 6.09158182144
1477665203278 lifecam20 2303.15014648 4153.22900391 6.10791063309
1477665203344 lifecam20 2302.65429688 4146.89501953 6.10474872589
1477665203409 lifecam20 2300.82543945 4141.390625 6.11007499695
1477665203477 lifecam20 2300.4909668 4134.8671875 6.11262083054
1477665203545 lifecam20 2298.38134766 4129.89355469 6.12512111664
1477665203609 lifecam20 2297.4597168 4124.14990234 6.1260766983
1477665203679 lifecam20 2296.63525391 4118.66308594 6.13339948654
1477665203745 lifecam20 2294.66772461 4113.67480469 6.14226865768
1477665203813 lifecam20 2294.22607422 4107.22167969 6.14571380615
1477665203877 lifecam20 2292.21362305 4101.23828125 6.15026378632
1477665203946 lifecam20 2292.22094727 4095.57446289 6.15343332291
1477665204012 lifecam20 2290.34765625 4089.91674805 6.16330337524
1477665204077 lifecam20 2288.62646484 4084.05883789 6.17244911194
1477665204145 lifecam20 2287.12402344 4079.38378906 6.18476772308
1477665204213 lifecam20 2285.19775391 4074.69775391 6.19671583176
1477665204277 lifecam20 2284.60375977 4069.06787109 6.2008523941
1477665204346 lifecam20 2283.08813477 4063.39160156 6.21280670166
1477665204413 lifecam20 2282.08056641 4057.87036133 6.22071933746
1477665204482 lifecam20 2281.82373047 4050.97631836 6.22084760666
1477665204545 lifecam20 2280.49291992 4045.95605469 6.22800970078
1477665204614 lifecam20 2277.57885742 4040.85742188 6.24162197113
1477665204681 lifecam20 2277.40087891 4034.52050781 6.24608707428
1477665204746 lifecam20 2275.59521484 4030.07275391 6.25811100006
1477665204813 lifecam20 2282.20581055 4023.17211914 6.22282409668
1477665204882 lifecam20 2279.94775391 4026.02270508 6.23337888718
1477665204945 lifecam20 2281.34399414 4024.95019531 6.228038311
1477665205015 lifecam20 2281.09033203 4025.54199219 6.23072481155
1477665205081 lifecam20 2280.84667969 4025.36474609 6.23036766052
1477665205145 lifecam20 2281.39160156 4024.52954102 6.22460126877
1477665205213 lifecam20 2281.1784668 4025.24291992 6.2282743454
1477665205281 lifecam20 2281.50756836 4025.17016602 6.2277431488
1477665205348 lifecam20 2281.13647461 4025.33203125 6.23016786575
1477665205413 lifecam20 2280.82617188 4025.53930664 6.23183393478
1477665205481 lifecam20 2281.19848633 4024.90087891 6.22658967972
1477665205549 lifecam20 2281.18188477 4025.59057617 6.23116827011
1477665205613 lifecam20 2281.32763672 4025.42333984 6.2297706604
1477665205682 lifecam20 2281.1784668 4025.24291992 6.2282743454
1477665205748 lifecam20 2280.89624023 4025.25561523 6.22830867767
1477665205813 lifecam20 2281.1784668 4025.24291992 6.2282743454
1477665205881 lifecam20 2281.3840332 4024.91235352 6.22772550583
1477665205950 lifecam20 2281.60864258 4024.6027832 6.22521352768
1477665206017 lifecam20 2281.1784668 4025.24291992 6.2282743454
1477665206081 lifecam20 2281.34399414 4024.95019531 6.228038311
1477665206149 lifecam20 2281.09033203 4025.54199219 6.23072481155
