1477660846267 lifecam22 3365.10473633 4769.58203125 4.62549877167
1477660846336 lifecam22 3364.79907227 4769.36279297 4.62318611145
1477660846404 lifecam22 3365.44775391 4769.59863281 4.62853288651
1477660846472 lifecam22 3365.16943359 4769.55566406 4.62531089783
1477660846538 lifecam22 3365.24145508 4769.43847656 4.62680912018
1477660846608 lifecam22 3364.86450195 4769.24707031 4.62468767166
1477660846673 lifecam22 3365.0703125 4769.42333984 4.62530088425
1477660846736 lifecam22 3364.50170898 4768.85107422 4.62089776993
1477660846804 lifecam22 3364.91210938 4769.18408203 4.62432765961
1477660846871 lifecam22 3364.7644043 4769.20410156 4.62299060822
1477660847003 lifecam22 3364.50170898 4768.85107422 4.62089776993
1477660847072 lifecam22 3364.43188477 4768.87841797 4.62108373642
1477660847135 lifecam22 3364.61767578 4769.06445312 4.62296628952
1477660847205 lifecam22 3364.671875 4768.86669922 4.6224064827
1477660847274 lifecam22 3364.43188477 4768.87841797 4.62108373642
1477660847342 lifecam22 3364.53710938 4769.00976562 4.6210975647
1477660847405 lifecam22 3364.43188477 4768.87841797 4.62108373642
1477660847471 lifecam22 3364.94677734 4769.34277344 4.62452173233
1477660847540 lifecam22 3364.54736328 4769.09179688 4.62315130234
1477660847604 lifecam22 3364.53710938 4769.00976562 4.6210975647
1477660847743 lifecam22 3365.11621094 4769.359375 4.62603139877
1477660847804 lifecam22 3364.50170898 4768.85107422 4.62089776993
1477660847873 lifecam22 3364.53710938 4769.00976562 4.6210975647
1477660847939 lifecam22 3364.94677734 4769.34277344 4.62452173233
1477660848007 lifecam22 3364.94677734 4769.34277344 4.62452173233
1477660848139 lifecam22 3365.11621094 4769.359375 4.62603139877
1477660848208 lifecam22 3364.89916992 4769.40625 4.62488365173
1477660848274 lifecam22 3364.79907227 4769.36279297 4.62318611145
1477660848339 lifecam22 3364.96899414 4769.37939453 4.62469625473
1477660848412 lifecam22 3365.23046875 4769.71582031 4.62679767609
1477660848471 lifecam22 3365.16943359 4769.55566406 4.62531089783
1477660848538 lifecam22 3364.79907227 4769.36279297 4.62318611145
1477660848607 lifecam22 3364.93432617 4769.22021484 4.62449979782
1477660848670 lifecam22 3364.96899414 4769.37939453 4.62469625473
1477660848739 lifecam22 3366.28076172 4769.77539062 4.62945365906
1477660848876 lifecam22 3365.7421875 4769.55224609 4.62580776215
1477660848942 lifecam22 3365.01025391 4769.6171875 4.62695121765
1477660849007 lifecam22 3365.62231445 4769.47070312 4.62613534927
1477660849078 lifecam22 3365.91479492 4769.57763672 4.6262011528
1477660849139 lifecam22 3366.20019531 4769.953125 4.62848329544
1477660849207 lifecam22 3367.96069336 4770.64501953 4.63757181168
1477660849274 lifecam22 3370.20776367 4771.97607422 4.64521789551
1477660849338 lifecam22 3368.34667969 4771.18603516 4.63911390305
1477660849407 lifecam22 3367.2265625 4770.42041016 4.63364076614
1477660849474 lifecam22 3368.25756836 4770.86279297 4.63736343384
1477660849607 lifecam22 3356.52978516 4771.30761719 4.64334583282
1477660849675 lifecam22 3349.58129883 4770.00732422 4.64203548431
1477660849746 lifecam22 3344.71313477 4769.43359375 4.6384677887
1477660849808 lifecam22 3336.62841797 4768.88916016 4.63938760757
1477660849875 lifecam22 3330.35180664 4767.7421875 4.63995552063
1477660849943 lifecam22 3324.23144531 4768.08056641 4.64238214493
1477660850005 lifecam22 3316.80786133 4766.91308594 4.6381444931
1477660850074 lifecam22 3310.89575195 4767.15576172 4.64240550995
1477660850142 lifecam22 3303.46240234 4767.25244141 4.64296627045
1477660850210 lifecam22 3298.95507812 4768.45800781 4.65298986435
1477660850342 lifecam22 3284.74682617 4767.15527344 4.64880561829
1477660850414 lifecam22 3278.77050781 4767.03125 4.65226984024
1477660850477 lifecam22 3271.46899414 4766.53271484 4.65137958527
1477660850542 lifecam22 3264.56445312 4766.14257812 4.64921617508
1477660850612 lifecam22 3257.5065918 4765.35058594 4.64721107483
1477660850675 lifecam22 3250.32983398 4764.49804688 4.64547729492
1477660850742 lifecam22 3244.37158203 4764.45849609 4.65432214737
1477660850810 lifecam22 3237.66601562 4764.22998047 4.65357303619
1477660850874 lifecam22 3231.51269531 4763.81054688 4.65652227402
1477660850945 lifecam22 3223.98120117 4763.46435547 4.65422725677
1477660851080 lifecam22 3210.80566406 4763.64257812 4.65737390518
1477660851146 lifecam22 3205.03979492 4762.62353516 4.65394878387
1477660851210 lifecam22 3198.11889648 4762.53710938 4.65713453293
1477660851279 lifecam22 3191.35498047 4761.78857422 4.65711545944
1477660851342 lifecam22 3187.21875 4763.43408203 4.671251297
1477660851411 lifecam22 3179.60571289 4761.64550781 4.6675786972
1477660851478 lifecam22 3174.28979492 4762.79003906 4.67470979691
1477660851543 lifecam22 3166.69189453 4760.16015625 4.66211557388
1477660851611 lifecam22 3159.78417969 4759.16015625 4.66210174561
1477660851678 lifecam22 3153.34472656 4758.16650391 4.66089344025
1477660851814 lifecam22 3139.56347656 4757.59912109 4.65946531296
1477660851878 lifecam22 3132.47485352 4757.51855469 4.65985536575
1477660851947 lifecam22 3125.56494141 4757.48339844 4.66080379486
1477660852011 lifecam22 3118.39160156 4756.94726562 4.6594619751
1477660852078 lifecam22 3111.51123047 4755.99804688 4.65717601776
1477660852147 lifecam22 3104.56347656 4755.76953125 4.65774869919
1477660852208 lifecam22 3097.83642578 4755.47265625 4.65908241272
1477660852278 lifecam22 3091.11108398 4755.38134766 4.662150383
1477660852346 lifecam22 3083.65283203 4754.64111328 4.65926885605
1477660852411 lifecam22 3077.46923828 4753.48388672 4.66146183014
1477660852488 lifecam22 3070.81665039 4752.76367188 4.66497993469
1477660852546 lifecam22 3065.44238281 4752.32226562 4.66499233246
1477660852615 lifecam22 3058.06640625 4750.64160156 4.65870523453
1477660852681 lifecam22 3052.18505859 4751.21191406 4.6644616127
1477660852747 lifecam22 3047.25390625 4752.21533203 4.67600727081
1477660852879 lifecam22 3033.25732422 4751.68798828 4.67503356934
1477660852948 lifecam22 3026.96630859 4750.50341797 4.67951488495
1477660853013 lifecam22 3020.31762695 4750.48876953 4.67955446243
1477660853077 lifecam22 3014.55932617 4750.36474609 4.6836066246
1477660853145 lifecam22 3007.60400391 4749.12304688 4.68293190002
1477660853282 lifecam22 2994.32202148 4747.76367188 4.68577051163
1477660853349 lifecam22 2986.8581543 4746.23974609 4.67527580261
1477660853414 lifecam22 2979.62353516 4745.05224609 4.66890096664
1477660853484 lifecam22 2972.56347656 4743.58496094 4.65987300873
1477660853546 lifecam22 2965.79760742 4743.37988281 4.65954589844
1477660853615 lifecam22 2958.87402344 4742.52539062 4.65923166275
1477660853681 lifecam22 2954.84936523 4743.35009766 4.67066383362
1477660853744 lifecam22 2948.06176758 4742.92333984 4.67805576324
1477660853813 lifecam22 2942.20288086 4742.57275391 4.67904472351
1477660853881 lifecam22 2936.79492188 4742.92431641 4.69270896912
1477660854017 lifecam22 2923.65942383 4743.19970703 4.69898986816
1477660854082 lifecam22 2915.34594727 4740.45654297 4.68690443039
1477660854152 lifecam22 2908.27880859 4740.25146484 4.68631839752
1477660854214 lifecam22 2900.90673828 4739.05517578 4.68079471588
1477660854281 lifecam22 2893.02539062 4736.79248047 4.67417526245
1477660854350 lifecam22 2886.52539062 4736.06884766 4.67779302597
1477660854412 lifecam22 2879.98266602 4735.76855469 4.67851495743
1477660854481 lifecam22 2875.37646484 4736.51806641 4.69845533371
1477660854550 lifecam22 2868.87744141 4736.71875 4.70038461685
1477660854613 lifecam22 2862.2746582 4736.84716797 4.70403051376
1477660854749 lifecam22 2848.81518555 4736.27636719 4.70226240158
1477660854820 lifecam22 2840.00927734 4733.63525391 4.69004201889
1477660854883 lifecam22 2835.34863281 4734.16650391 4.69542741776
1477660854949 lifecam22 2829.80322266 4733.82666016 4.69757032394
1477660855019 lifecam22 2823.31396484 4730.07568359 4.69843101501
1477660855082 lifecam22 2817.04760742 4730.18554688 4.70377206802
1477660855149 lifecam22 2810.79589844 4730.421875 4.71053934097
1477660855217 lifecam22 2803.88916016 4729.93408203 4.70721149445
1477660855280 lifecam22 2795.76635742 4728.265625 4.6997461319
1477660855349 lifecam22 2788.45922852 4727.10302734 4.6929268837
1477660855487 lifecam22 2775.84375 4726.86572266 4.69361448288
1477660855553 lifecam22 2767.89892578 4726.86767578 4.69461107254
1477660855617 lifecam22 2761.94921875 4723.57763672 4.68997526169
1477660855686 lifecam22 2755.98388672 4722.87646484 4.70170307159
1477660855750 lifecam22 2749.55883789 4722.81933594 4.70491886139
1477660855818 lifecam22 2742.88354492 4723.14746094 4.70925235748
1477660855885 lifecam22 2736.4296875 4723.30712891 4.7107758522
1477660855948 lifecam22 2730.46362305 4723.74853516 4.7149810791
1477660856017 lifecam22 2720.88208008 4719.68847656 4.69170713425
1477660856085 lifecam22 2714.53076172 4719.77978516 4.69389915466
1477660856220 lifecam22 2704.91967773 4716.62597656 4.71261930466
1477660856285 lifecam22 2697.9362793 4716.76757812 4.71395111084
1477660856355 lifecam22 2691.15966797 4716.94580078 4.71685171127
1477660856417 lifecam22 2684.38061523 4716.76660156 4.71514987946
1477660856485 lifecam22 2677.53662109 4716.52880859 4.71289157867
1477660856554 lifecam22 2669.60449219 4714.00244141 4.70103883743
1477660856616 lifecam22 2662.30834961 4713.44042969 4.69838047028
1477660856685 lifecam22 2657.2199707 4712.37646484 4.71438837051
1477660856753 lifecam22 2651.23706055 4712.31982422 4.72492980957
1477660856817 lifecam22 2642.9152832 4709.52880859 4.71289253235
1477660856953 lifecam22 2629.93725586 4710.08398438 4.71815872192
1477660857021 lifecam22 2622.31958008 4709.76611328 4.71514892578
1477660857087 lifecam22 2616.74365234 4710.3203125 4.72169971466
1477660857152 lifecam22 2608.86621094 4707.70703125 4.71447992325
1477660857222 lifecam22 2605.78100586 4707.8515625 4.73844385147
1477660857285 lifecam22 2599.72387695 4707.77099609 4.74813890457
1477660857353 lifecam22 2591.98071289 4705.41015625 4.73761081696
1477660857420 lifecam22 2585.98339844 4705.32080078 4.73911046982
1477660857484 lifecam22 2579.45483398 4705.49902344 4.74075937271
1477660857553 lifecam22 2572.609375 4704.85009766 4.73473787308
1477660857691 lifecam22 2559.31567383 4699.66210938 4.72476816177
1477660857757 lifecam22 2553.83325195 4699.08251953 4.73197841644
1477660857823 lifecam22 2545.48730469 4697.04980469 4.72157001495
1477660857890 lifecam22 2537.53637695 4695.52832031 4.71288824081
1477660857952 lifecam22 2531.22729492 4695.95214844 4.71691131592
1477660858024 lifecam22 2524.22729492 4695.95214844 4.71691083908
1477660858088 lifecam22 2517.27758789 4695.63964844 4.71491336823
1477660858152 lifecam22 2510.70849609 4695.78466797 4.72172355652
1477660858221 lifecam22 2505.41723633 4692.02050781 4.73147392273
1477660858290 lifecam22 2498.28198242 4691.91015625 4.73166227341
1477660858423 lifecam22 2483.70849609 4689.51855469 4.72226476669
1477660858490 lifecam22 2477.63378906 4689.85302734 4.7254114151
1477660858558 lifecam22 2471.26464844 4689.49316406 4.73267698288
1477660858620 lifecam22 2466.50732422 4687.43505859 4.747797966
1477660858692 lifecam22 2460.39404297 4686.71679688 4.74822854996
1477660858763 lifecam22 2453.06445312 4684.35546875 4.7335767746
1477660858821 lifecam22 2446.91064453 4683.89160156 4.73284482956
1477660858891 lifecam22 2439.77832031 4683.51025391 4.73156929016
1477660858960 lifecam22 2432.87426758 4683.08447266 4.72896289825
1477660859023 lifecam22 2426.66113281 4683.10839844 4.73794937134
1477660859158 lifecam22 2414.64038086 4680.34960938 4.74988269806
1477660859224 lifecam22 2407.45727539 4679.05517578 4.74429798126
1477660859288 lifecam22 2400.90283203 4678.78857422 4.74287843704
1477660859357 lifecam22 2392.61181641 4677.65185547 4.73801374435
1477660859424 lifecam22 2387.49951172 4676.875 4.74686670303
1477660859558 lifecam22 2373.92236328 4673.16357422 4.74683952332
1477660859627 lifecam22 2366.21582031 4671.5 4.74019193649
1477660859688 lifecam22 2358.88354492 4670.59277344 4.73519849777
1477660859757 lifecam22 2351.9987793 4669.98193359 4.73650360107
1477660859824 lifecam22 2344.95263672 4668.93310547 4.73123311996
1477660859893 lifecam22 2340.17602539 4669.73828125 4.7522277832
1477660859956 lifecam22 2333.73925781 4666.87939453 4.75017404556
1477660860025 lifecam22 2326.5637207 4665.80566406 4.74547529221
1477660860091 lifecam22 2319.1027832 4664.34912109 4.73951673508
1477660860156 lifecam22 2312.20166016 4664.05859375 4.74172735214
1477660860292 lifecam22 2302.58422852 4662.78613281 4.76775598526
1477660860356 lifecam22 2296.03881836 4661.57763672 4.76382541656
1477660860425 lifecam22 2288.45727539 4659.13085938 4.75159740448
1477660860493 lifecam22 2281.58496094 4658.19921875 4.74915599823
1477660860556 lifecam22 2274.44677734 4657.56787109 4.74937438965
1477660860624 lifecam22 2269.03466797 4657.30224609 4.76175642014
1477660860692 lifecam22 2262.48803711 4656.36962891 4.76504659653
1477660860760 lifecam22 2255.55395508 4654.80175781 4.76373529434
1477660860824 lifecam22 2249.83081055 4654.16796875 4.76337528229
1477660860893 lifecam22 2242.61157227 4652.95800781 4.75879955292
1477660861027 lifecam22 2229.72290039 4651.04101562 4.76518535614
1477660861093 lifecam22 2222.92675781 4649.92236328 4.76789426804
1477660861161 lifecam22 2215.71801758 4647.52587891 4.76131486893
1477660861224 lifecam22 2208.12744141 4646.31396484 4.75659322739
1477660861292 lifecam22 2201.65209961 4644.30908203 4.75345516205
1477660861363 lifecam22 2196.45874023 4644.59277344 4.76356744766
1477660861427 lifecam22 2190.63916016 4643.41601562 4.77073287964
1477660861492 lifecam22 2183.12402344 4642.03369141 4.76903438568
1477660861560 lifecam22 2177.15942383 4641.6484375 4.77083492279
1477660861628 lifecam22 2170.03320312 4640.57080078 4.76845836639
1477660861760 lifecam22 2157.27050781 4637.74169922 4.76752471924
1477660861829 lifecam22 2150.67431641 4636.29931641 4.77050590515
1477660861892 lifecam22 2144.29418945 4635.94042969 4.7715215683
1477660861961 lifecam22 2137.32275391 4633.50537109 4.76681947708
1477660862027 lifecam22 2130.94287109 4632.390625 4.76839494705
1477660862094 lifecam22 2124.14746094 4631.25097656 4.77109479904
1477660862161 lifecam22 2117.79541016 4629.92822266 4.77512168884
1477660862228 lifecam22 2111.546875 4627.84277344 4.77011537552
1477660862297 lifecam22 2103.90698242 4626.87695312 4.76886796951
1477660862362 lifecam22 2098.15625 4626.14453125 4.76931190491
1477660862498 lifecam22 2085.1862793 4624.76806641 4.78035783768
1477660862559 lifecam22 2079.45532227 4624.62304688 4.78545570374
1477660862629 lifecam22 2071.4609375 4621.80957031 4.77874326706
1477660862696 lifecam22 2065.90014648 4621.67236328 4.782746315
1477660862758 lifecam22 2059.15673828 4620.55664062 4.7877664566
1477660862836 lifecam22 2052.7043457 4619.75439453 4.79094696045
1477660862896 lifecam22 2046.29296875 4617.97705078 4.78869056702
1477660862964 lifecam22 2039.04956055 4615.74560547 4.78363800049
1477660863028 lifecam22 2031.93041992 4613.78125 4.78121089935
1477660863095 lifecam22 2025.48632812 4612.44091797 4.78034639359
1477660863229 lifecam22 2012.34155273 4609.77685547 4.77972459793
1477660863295 lifecam22 2005.62036133 4609.24023438 4.78145456314
1477660863367 lifecam22 1998.3112793 4606.81835938 4.77653646469
1477660863428 lifecam22 1991.79443359 4606.16650391 4.78059244156
1477660863497 lifecam22 1986.03393555 4605.16601562 4.78688240051
1477660863629 lifecam22 1972.8215332 4602.90966797 4.78424692154
1477660863696 lifecam22 1966.3638916 4601.12011719 4.79050016403
1477660863763 lifecam22 1960.37231445 4600.66894531 4.79416656494
1477660863834 lifecam22 1954.41699219 4599.29736328 4.79627561569
1477660863896 lifecam22 1947.47143555 4597.20458984 4.79259061813
1477660863964 lifecam22 1941.0012207 4595.68310547 4.7913479805
1477660864032 lifecam22 1934.65185547 4593.91015625 4.79104709625
1477660864094 lifecam22 1928.80187988 4593.7109375 4.79975652695
1477660864159 lifecam20 1857.70117188 4589.19970703 4.75496196747
1477660864163 lifecam22 1854.47290039 4588.53613281 4.75515079498
1477660864227 lifecam20 1851.21850586 4588.62988281 4.75731229782
1477660864231 lifecam22 1847.64941406 4587.83496094 4.75419092178
1477660864362 lifecam20 1841.30236816 4588.24804688 4.76239013672
1477660864365 lifecam22 1834.87597656 4586.78710938 4.76493167877
1477660864430 lifecam20 1831.34155273 4586.16992188 4.76419401169
1477660864434 lifecam22 1827.90576172 4585.70800781 4.76449394226
1477660864501 lifecam20 1824.73010254 4585.6015625 4.76591300964
1477660864503 lifecam22 1821.27026367 4584.72070312 4.76467657089
1477660864557 lifecam20 1817.81103516 4584.96484375 4.76714468002
1477660864563 lifecam22 1814.30297852 4584.36132812 4.76650810242
1477660864626 lifecam20 1811.69311523 4585.08496094 4.77613973618
1477660864631 lifecam22 1808.35412598 4584.13378906 4.77856779099
1477660864697 lifecam20 1805.28295898 4584.03125 4.78148841858
1477660864700 lifecam22 1802.13012695 4583.35058594 4.78067159653
1477660864755 lifecam20 1798.95117188 4583.4765625 4.78527784348
1477660864762 lifecam22 1795.33105469 4582.77929688 4.78575897217
1477660864827 lifecam20 1792.50939941 4583.08300781 4.79046916962
1477660864833 lifecam22 1789.18164062 4582.23583984 4.78888702393
1477660864895 lifecam20 1785.6784668 4581.69287109 4.79125928879
1477660864899 lifecam22 1781.97302246 4580.40917969 4.78947782516
1477660864956 lifecam20 1779.03356934 4580.359375 4.79270458221
1477660864963 lifecam22 1776.04602051 4580.17138672 4.79625511169
1477660865095 lifecam20 1768.8527832 4578.87207031 4.79450368881
1477660865099 lifecam22 1762.13500977 4577.90136719 4.79575586319
1477660865169 lifecam20 1758.89135742 4577.35839844 4.79733562469
1477660865171 lifecam22 1755.86352539 4576.63867188 4.79702138901
1477660865226 lifecam20 1752.52832031 4575.79638672 4.79750204086
1477660865232 lifecam22 1749.5715332 4574.99462891 4.80128002167
1477660865294 lifecam20 1746.70947266 4574.79589844 4.80410528183
1477660865298 lifecam22 1743.53027344 4574.37402344 4.80460453033
1477660865367 lifecam20 1740.12976074 4573.38183594 4.80345726013
1477660865370 lifecam22 1737.36535645 4572.75878906 4.80522871017
1477660865424 lifecam20 1733.95739746 4572.02050781 4.80476999283
1477660865440 lifecam22 1730.56982422 4571.140625 4.8035364151
1477660865488 lifecam20 1727.42626953 4570.53613281 4.80438375473
1477660865505 lifecam22 1724.12512207 4569.83056641 4.80183076859
1477660865557 lifecam20 1720.99682617 4569.16601562 4.8044257164
1477660865572 lifecam22 1717.72094727 4567.828125 4.80546522141
1477660865622 lifecam20 1714.82739258 4567.39550781 4.80793905258
1477660865636 lifecam22 1711.62548828 4566.55859375 4.80761575699
1477660865688 lifecam20 1707.67529297 4565.2421875 4.8043422699
1477660865703 lifecam22 1703.95263672 4564.45800781 4.80240106583
1477660865821 lifecam20 1697.25878906 4562.95703125 4.80066394806
1477660865840 lifecam22 1690.83374023 4561.33984375 4.80211257935
1477660865892 lifecam20 1687.75598145 4561.29785156 4.80709981918
1477660865903 lifecam22 1684.25634766 4560.6875 4.80724620819
1477660865957 lifecam20 1680.95629883 4560.1796875 4.80868673325
1477660865972 lifecam22 1677.82714844 4559.8515625 4.80981445312
1477660866025 lifecam20 1674.33178711 4559.37353516 4.81000804901
1477660866038 lifecam22 1671.07885742 4558.94482422 4.81127262115
1477660866090 lifecam20 1667.53344727 4558.48144531 4.81097269058
1477660866104 lifecam22 1664.2800293 4558.29199219 4.81369352341
1477660866156 lifecam20 1660.93334961 4556.99902344 4.81411838531
1477660866170 lifecam22 1657.83251953 4555.60742188 4.81523609161
1477660866226 lifecam20 1654.48449707 4554.89013672 4.81518411636
1477660866240 lifecam22 1651.96203613 4554.49658203 4.81642580032
1477660866289 lifecam20 1648.62060547 4554.08203125 4.81826972961
1477660866305 lifecam22 1645.05541992 4553.62011719 4.81864213943
1477660866358 lifecam20 1641.49023438 4552.93359375 4.81970977783
1477660866373 lifecam22 1638.08251953 4552.06298828 4.82144737244
1477660866426 lifecam20 1634.4855957 4550.54296875 4.81944179535
1477660866439 lifecam22 1631.43688965 4549.24609375 4.81851863861
1477660866496 lifecam20 1627.90673828 4548.46191406 4.81740045547
1477660866508 lifecam22 1624.33227539 4547.45458984 4.8156504631
1477660866556 lifecam20 1620.96704102 4546.53125 4.81619787216
1477660866574 lifecam22 1617.63989258 4545.67480469 4.81526851654
1477660866624 lifecam20 1614.13134766 4544.83300781 4.81376075745
1477660866642 lifecam22 1610.91699219 4544.13671875 4.81471729279
1477660866693 lifecam20 1607.58618164 4542.76953125 4.81172943115
1477660866709 lifecam22 1604.14599609 4541.39160156 4.80953168869
1477660866757 lifecam20 1600.40014648 4540.82324219 4.8093957901
1477660866772 lifecam22 1596.9206543 4540.07910156 4.80953979492
1477660866892 lifecam20 1590.39672852 4539.23242188 4.81439065933
1477660866908 lifecam22 1583.91516113 4538.47216797 4.81657123566
1477660866957 lifecam20 1580.57348633 4537.62207031 4.81357955933
1477660866973 lifecam22 1577.11853027 4536.24902344 4.81072616577
1477660867023 lifecam20 1574.0715332 4535.52246094 4.81394052505
1477660867037 lifecam22 1571.69458008 4535.45410156 4.81965875626
1477660867092 lifecam20 1568.16943359 4534.43505859 4.81936740875
1477660867110 lifecam22 1564.84887695 4533.31835938 4.81911993027
1477660867155 lifecam20 1561.66357422 4533.24707031 4.82111310959
1477660867173 lifecam22 1558.41845703 4533.0546875 4.82160997391
1477660867227 lifecam20 1555.06298828 4532.15917969 4.82220935822
1477660867241 lifecam22 1552.18359375 4531.30664062 4.82585954666
1477660867293 lifecam20 1549.43066406 4530.546875 4.82811260223
1477660867307 lifecam22 1546.48376465 4529.82177734 4.8293762207
1477660867356 lifecam20 1542.84692383 4528.77050781 4.82812738419
1477660867375 lifecam22 1539.18579102 4527.34277344 4.82378816605
1477660867423 lifecam20 1535.91918945 4526.44628906 4.82367658615
1477660867440 lifecam22 1532.7623291 4525.58740234 4.82414770126
1477660867491 lifecam20 1529.46704102 4525.02001953 4.82439947128
1477660867505 lifecam22 1526.36047363 4523.96972656 4.82279586792
1477660867580 lifecam22 1522.96679688 4523.43066406 4.82514381409
1477660867625 lifecam20 1516.08325195 4521.54199219 4.82641124725
1477660867639 lifecam22 1512.44067383 4520.19140625 4.8231306076
1477660867693 lifecam20 1508.79101562 4519.48925781 4.82296705246
1477660867709 lifecam22 1505.03833008 4518.94433594 4.82359552383
1477660867759 lifecam20 1501.72692871 4518.55664062 4.82442760468
1477660867776 lifecam22 1499.20849609 4518.24023438 4.82783794403
1477660867825 lifecam20 1495.66113281 4517.66699219 4.82971048355
1477660867840 lifecam22 1492.13842773 4516.86279297 4.828145504
1477660867894 lifecam20 1488.69104004 4515.49121094 4.82654619217
1477660867959 lifecam20 1485.38232422 4514.95703125 4.82771015167
1477660867974 lifecam22 1478.68701172 4513.13525391 4.82755041122
1477660868023 lifecam20 1474.55334473 4511.953125 4.82499694824
1477660868042 lifecam22 1471.01098633 4510.88867188 4.82547569275
1477660868093 lifecam20 1468.14233398 4510.91748047 4.83122730255
1477660868108 lifecam22 1464.99108887 4510.37304688 4.83315753937
1477660868159 lifecam20 1461.24853516 4508.98632812 4.83000516891
1477660868175 lifecam22 1457.7767334 4508.015625 4.82886505127
1477660868227 lifecam20 1454.53613281 4507.15820312 4.8303103447
1477660868241 lifecam22 1451.19140625 4506.32128906 4.83121776581
1477660868290 lifecam20 1447.53857422 4505.45898438 4.83005619049
1477660868307 lifecam22 1444.31323242 4504.85449219 4.83247184753
1477660868369 lifecam20 1440.94091797 4504.08300781 4.83293819427
1477660868372 lifecam22 1437.97827148 4503.13085938 4.83271026611
1477660868434 lifecam20 1434.39404297 4502.22558594 4.83278369904
1477660868438 lifecam22 1430.77685547 4501.45117188 4.8325510025
1477660868497 lifecam20 1427.51367188 4500.89746094 4.83461523056
1477660868502 lifecam22 1424.1484375 4500.15429688 4.83527946472
1477660868570 lifecam20 1420.4005127 4499.48730469 4.83432912827
1477660868572 lifecam22 1417.07885742 4498.97460938 4.8362903595
1477660868697 lifecam20 1409.96533203 4497.38916016 4.83674573898
1477660868703 lifecam22 1402.96044922 4495.62792969 4.83604669571
1477660868766 lifecam20 1399.76965332 4494.46630859 4.83740091324
1477660868772 lifecam22 1396.95666504 4493.63085938 4.84100627899
1477660868835 lifecam20 1393.51147461 4493.05078125 4.84121894836
1477660868839 lifecam22 1390.09692383 4492.20996094 4.84095859528
1477660868892 lifecam20 1386.62060547 4491.21240234 4.83993721008
1477660868907 lifecam22 1383.48376465 4490.33398438 4.83929920197
1477660868967 lifecam20 1380.29614258 4489.28027344 4.84150457382
1477660868972 lifecam22 1376.70996094 4487.74707031 4.8384718895
1477660869106 lifecam20 1369.44189453 4485.79882812 4.83634328842
1477660869109 lifecam22 1362.89135742 4484.29052734 4.83808660507
1477660869164 lifecam20 1359.96020508 4483.63183594 4.84086179733
1477660869174 lifecam22 1356.66967773 4482.49414062 4.83966112137
1477660869234 lifecam20 1353.12109375 4481.48730469 4.8400015831
1477660869238 lifecam22 1350.12463379 4480.57714844 4.84149694443
1477660869302 lifecam20 1346.51708984 4479.50292969 4.83949995041
1477660869306 lifecam22 1343.29614258 4478.609375 4.83970308304
1477660869365 lifecam20 1340.05480957 4478.24804688 4.8431763649
1477660869370 lifecam22 1337.12597656 4477.94726562 4.84664678574
1477660869436 lifecam20 1333.73706055 4477.38671875 4.84727048874
1477660869441 lifecam22 1330.1159668 4476.31982422 4.84552383423
1477660869502 lifecam20 1326.97705078 4475.66699219 4.84747028351
1477660869506 lifecam22 1323.93603516 4475.09082031 4.84718132019
1477660869561 lifecam20 1320.23486328 4474.05419922 4.84553670883
1477660869573 lifecam22 1317.04321289 4473.14648438 4.84723091125
1477660869620 lifecam20 1313.51806641 4472.27539062 4.84746456146
1477660869640 lifecam22 1310.1796875 4471.57519531 4.84922981262
1477660869705 lifecam20 1306.9119873 4470.70898438 4.84961414337
1477660869709 lifecam22 1303.66796875 4469.62890625 4.84871292114
1477660869831 lifecam20 1296.61108398 4467.71972656 4.84872436523
1477660869837 lifecam22 1290.24487305 4466.04101562 4.85041856766
1477660869902 lifecam20 1287.21459961 4465.23632812 4.85229444504
1477660869906 lifecam22 1283.74377441 4464.07714844 4.85065507889
1477660869974 lifecam20 1280.35546875 4462.91162109 4.85007143021
1477660869977 lifecam22 1277.02880859 4462.17773438 4.85231256485
1477660870027 lifecam20 1273.48046875 4461.27050781 4.85284948349
1477660870045 lifecam22 1270.26416016 4460.01953125 4.85265254974
1477660870095 lifecam20 1266.70629883 4458.62890625 4.84919214249
1477660870109 lifecam22 1263.57958984 4457.34960938 4.84708690643
1477660870165 lifecam20 1260.33789062 4456.65234375 4.84968852997
1477660870179 lifecam22 1257.30529785 4456.18261719 4.85229587555
1477660870227 lifecam20 1253.80224609 4455.21826172 4.85153436661
1477660870246 lifecam22 1249.9597168 4454.06054688 4.849568367
1477660870296 lifecam20 1246.44628906 4453.32910156 4.85119390488
1477660870312 lifecam22 1243.3762207 4452.32324219 4.8515753746
1477660870363 lifecam20 1240.11254883 4451.64355469 4.85151386261
1477660870378 lifecam22 1236.99536133 4451.24804688 4.85324859619
1477660870431 lifecam20 1233.83410645 4450.55664062 4.85441017151
1477660870445 lifecam22 1230.58728027 4449.81347656 4.85472297668
1477660870563 lifecam20 1224.02026367 4448.07910156 4.85544013977
1477660870576 lifecam22 1217.98925781 4446.31005859 4.85671663284
1477660870631 lifecam20 1214.82763672 4445.47167969 4.85805654526
1477660870644 lifecam22 1211.48364258 4444.22851562 4.85597848892
1477660870695 lifecam20 1208.38110352 4443.13964844 4.85719108582
1477660870713 lifecam22 1205.3996582 4442.33886719 4.86088275909
1477660870765 lifecam20 1201.68652344 4441.67382812 4.86116886139
1477660870780 lifecam22 1198.41772461 4441.21484375 4.86228466034
1477660870833 lifecam20 1195.32995605 4439.56835938 4.86017608643
1477660870848 lifecam22 1192.37231445 4438.07714844 4.85911989212
1477660870896 lifecam20 1189.02648926 4437.39550781 4.85942029953
1477660870911 lifecam22 1185.98291016 4436.42285156 4.86006879807
1477660870965 lifecam20 1182.7142334 4435.43554688 4.86184072495
1477660870978 lifecam22 1179.21862793 4434.48632812 4.86263036728
1477660871033 lifecam20 1175.98291016 4433.39453125 4.86174106598
1477660871048 lifecam22 1172.89038086 4432.2890625 4.86053133011
1477660871095 lifecam20 1168.9206543 4431.09375 4.85902690887
1477660871114 lifecam22 1165.39648438 4430.05664062 4.85773801804
1477660871165 lifecam20 1162.34204102 4429.43652344 4.85988807678
1477660871180 lifecam22 1159.4519043 4428.66699219 4.86244344711
1477660871241 lifecam20 1156.36181641 4427.91113281 4.86400079727
1477660871243 lifecam22 1153.3449707 4427.14257812 4.86419868469
1477660871307 lifecam20 1149.52893066 4426.31054688 4.86391687393
1477660871310 lifecam22 1145.80224609 4425.078125 4.86150741577
1477660871368 lifecam20 1142.46972656 4424.41308594 4.86213207245
1477660871373 lifecam22 1139.46191406 4423.71728516 4.86489582062
1477660871440 lifecam20 1136.13208008 4422.16015625 4.86386966705
1477660871443 lifecam22 1133.14672852 4421.02783203 4.86415290833
1477660871508 lifecam20 1129.96289062 4420.50146484 4.86531639099
1477660871513 lifecam22 1126.52026367 4419.81542969 4.86559724808
1477660871642 lifecam20 1119.68017578 4418.07763672 4.86767196655
1477660871645 lifecam22 1113.17944336 4416.03613281 4.8675866127
1477660871707 lifecam20 1109.76611328 4415.09375 4.86908721924
1477660871710 lifecam22 1106.5715332 4414.36962891 4.87142705917
1477660871763 lifecam20 1102.90539551 4413.34472656 4.87063884735
1477660871775 lifecam22 1099.34765625 4412.22363281 4.86947727203
1477660871834 lifecam20 1096.43615723 4410.98193359 4.87074708939
1477660871841 lifecam22 1093.50842285 4410.00976562 4.87326526642
1477660871910 lifecam20 1089.43127441 4408.7421875 4.87147808075
1477660871913 lifecam22 1086.14477539 4407.41357422 4.8709602356
1477660872038 lifecam20 1079.3996582 4405.79101562 4.87168741226
1477660872044 lifecam22 1072.71716309 4403.96484375 4.87046051025
1477660872107 lifecam20 1069.39904785 4403.21386719 4.87209272385
1477660872109 lifecam22 1066.69750977 4402.53613281 4.87456130981
1477660872174 lifecam20 1063.72314453 4401.54541016 4.87381076813
1477660872177 lifecam22 1060.48852539 4400.77783203 4.87506008148
1477660872236 lifecam20 1057.11682129 4399.38476562 4.87483692169
1477660872241 lifecam22 1053.84606934 4398.02539062 4.87301397324
1477660872306 lifecam20 1050.88330078 4397.54101562 4.87466526031
1477660872310 lifecam22 1047.91442871 4396.86621094 4.87553691864
1477660872379 lifecam20 1044.26171875 4395.19384766 4.87286615372
1477660872384 lifecam22 1041.49804688 4393.82128906 4.87342023849
1477660872434 lifecam20 1038.62390137 4393.40527344 4.87568712234
1477660872445 lifecam22 1035.18518066 4392.82080078 4.87684249878
1477660872501 lifecam20 1031.95410156 4391.76269531 4.8776049614
1477660872508 lifecam22 1028.87890625 4390.54248047 4.87736606598
1477660872574 lifecam20 1025.39758301 4389.28710938 4.87635564804
1477660872578 lifecam22 1021.9909668 4387.81835938 4.87501430511
1477660872633 lifecam20 1018.56640625 4386.57714844 4.87327003479
1477660872643 lifecam22 1015.58740234 4385.82421875 4.87431335449
1477660872775 lifecam20 1009.42932129 4383.98388672 4.87745952606
1477660872778 lifecam22 1003.40344238 4381.73486328 4.87775039673
1477660872842 lifecam20 999.756958008 4380.55957031 4.87710952759
1477660872845 lifecam22 996.32043457 4379.63183594 4.87698602676
1477660872902 lifecam20 992.989074707 4378.7890625 4.87636232376
1477660872910 lifecam22 989.834655762 4378.20654297 4.87724924088
1477660872974 lifecam20 986.45892334 4377.57128906 4.8799571991
1477660872977 lifecam22 983.605041504 4376.7578125 4.88386583328
1477660873042 lifecam20 980.151062012 4375.88769531 4.88437986374
1477660873046 lifecam22 976.809570312 4374.87597656 4.88336467743
1477660873171 lifecam20 970.536376953 4373.06835938 4.88550138474
1477660873180 lifecam22 964.037719727 4371.13378906 4.88647317886
1477660873244 lifecam20 960.519348145 4370.14013672 4.88597774506
1477660873245 lifecam22 957.424987793 4368.96923828 4.88562822342
1477660873303 lifecam20 953.864746094 4367.67675781 4.88563299179
1477660873312 lifecam22 950.232543945 4366.60253906 4.88536596298
1477660873374 lifecam20 947.004516602 4365.83300781 4.88701963425
1477660873379 lifecam22 943.740722656 4364.86669922 4.88776874542
1477660873443 lifecam20 940.201538086 4363.52978516 4.8873090744
1477660873446 lifecam22 937.260620117 4361.9921875 4.88499307632
1477660873510 lifecam20 933.976318359 4360.92871094 4.88456010818
1477660873517 lifecam22 930.501708984 4359.86425781 4.88399744034
1477660873570 lifecam20 926.799499512 4358.48144531 4.88426065445
1477660873579 lifecam22 923.687194824 4357.22363281 4.88526630402
1477660873646 lifecam20 920.717895508 4356.16113281 4.88521242142
1477660873648 lifecam22 917.799194336 4354.78271484 4.88409852982
1477660873711 lifecam20 914.412719727 4353.78710938 4.88484573364
1477660873714 lifecam22 911.306274414 4353.13964844 4.88726043701
1477660873771 lifecam20 908.114746094 4352.1171875 4.88754320145
1477660873777 lifecam22 904.849243164 4351.20898438 4.88777446747
1477660873912 lifecam20 897.700256348 4349.48046875 4.88880205154
1477660873915 lifecam22 891.023498535 4347.68261719 4.89096212387
1477660873970 lifecam20 887.873657227 4347.03808594 4.89266395569
1477660873977 lifecam22 884.801147461 4346.22070312 4.89304971695
1477660874037 lifecam20 881.49597168 4344.88671875 4.89349508286
1477660874045 lifecam22 878.505493164 4344.11767578 4.89668607712
1477660874112 lifecam20 875.3125 4343.28613281 4.897585392
1477660874116 lifecam22 872.060791016 4341.55175781 4.89423561096
1477660874168 lifecam20 868.747558594 4340.5390625 4.89481592178
1477660874179 lifecam22 865.336547852 4339.87597656 4.89585113525
1477660874310 lifecam20 858.800292969 4337.48632812 4.89513492584
1477660874313 lifecam22 853.313049316 4335.17773438 4.89643621445
1477660874379 lifecam20 850.156738281 4333.92431641 4.89618873596
1477660874381 lifecam22 846.941772461 4332.67285156 4.89618253708
1477660874441 lifecam20 843.16973877 4331.14453125 4.89436674118
1477660874446 lifecam22 839.75793457 4330.02441406 4.89460849762
1477660874511 lifecam20 836.752807617 4328.82324219 4.89398241043
1477660874514 lifecam22 833.965942383 4327.65136719 4.89377212524
1477660874580 lifecam20 830.353149414 4326.69091797 4.8948302269
1477660874581 lifecam22 826.703491211 4325.50537109 4.89444112778
1477660874647 lifecam20 825.50982666 4325.32421875 4.89586257935
1477660874650 lifecam22 825.375854492 4325.46289062 4.8967962265
1477660874705 lifecam20 826.734741211 4325.72753906 4.89535713196
1477660874713 lifecam22 827.503417969 4325.7421875 4.89471483231
1477660874781 lifecam20 826.424072266 4325.234375 4.89496564865
1477660874784 lifecam22 825.686828613 4325.03710938 4.89493989944
1477660874837 lifecam20 826.293823242 4325.22802734 4.89428329468
1477660874846 lifecam22 826.75 4325.14648438 4.89239215851
1477660874907 lifecam20 826.130187988 4325.12695312 4.89224910736
1477660874913 lifecam22 825.776367188 4325.25292969 4.89387464523
1477660875047 lifecam20 826.171264648 4325.35546875 4.89559841156
1477660875051 lifecam22 826.193481445 4325.35546875 4.89438199997
1477660875106 lifecam20 826.208435059 4325.37011719 4.89390468597
