1477662284708 lifecam22 3371.0456543 4769.46240234 4.65846157074
1477662284774 lifecam22 3371.0456543 4769.46240234 4.65846157074
1477662284843 lifecam22 3371.0456543 4769.46240234 4.65846157074
1477662284910 lifecam22 3371.0456543 4769.46240234 4.65846157074
1477662284973 lifecam22 3371.0456543 4769.46240234 4.65846157074
1477662285044 lifecam22 3371.0456543 4769.46240234 4.65846157074
1477662285107 lifecam22 3371.05981445 4769.34179688 4.65864181519
1477662285238 lifecam22 3370.59277344 4769.21972656 4.65594577789
1477662285309 lifecam22 3370.97680664 4769.14453125 4.65676927567
1477662285372 lifecam22 3371.05981445 4769.34179688 4.65864181519
1477662285440 lifecam22 3371.0456543 4769.46240234 4.65846157074
1477662285507 lifecam22 3370.82397461 4769.12353516 4.65655851364
1477662285573 lifecam22 3371.0456543 4769.46240234 4.65846157074
1477662285641 lifecam22 3371.0456543 4769.46240234 4.65846157074
1477662285710 lifecam22 3371.05981445 4769.34179688 4.65864181519
1477662285775 lifecam22 3371.05981445 4769.34179688 4.65864181519
1477662285842 lifecam22 3370.79541016 4769.27050781 4.65653467178
1477662285910 lifecam22 3371.24829102 4769.51318359 4.65905189514
1477662285978 lifecam22 3371.05981445 4769.34179688 4.65864181519
1477662286112 lifecam22 3370.60717773 4769.09960938 4.65612792969
1477662286179 lifecam22 3371.09838867 4768.97216797 4.65788507462
1477662286244 lifecam22 3371.29858398 4769.29199219 4.65960073471
1477662286308 lifecam22 3371.43408203 4769.26416016 4.66076755524
1477662286375 lifecam22 3371.21386719 4768.92578125 4.65886068344
1477662286441 lifecam22 3371.09936523 4768.703125 4.65676355362
1477662286509 lifecam22 3371.52197266 4769.36230469 4.66038608551
1477662286577 lifecam22 3371.04785156 4768.7734375 4.65862798691
1477662286644 lifecam22 3370.66186523 4768.64648438 4.65550088882
1477662286713 lifecam22 3370.32299805 4768.35400391 4.65261983871
1477662286777 lifecam22 3370.59082031 4768.53125 4.65612125397
1477662286846 lifecam22 3371.00439453 4768.66650391 4.65591049194
1477662286909 lifecam22 3371.14916992 4768.43359375 4.65352773666
1477662286976 lifecam22 3370.89477539 4768.50732422 4.64999961853
1477662287108 lifecam22 3371.06811523 4768.50390625 4.65275812149
1477662287175 lifecam22 3371.03955078 4768.74121094 4.65361022949
1477662287244 lifecam22 3371.00439453 4768.66650391 4.65591049194
1477662287311 lifecam22 3371.29663086 4769.42529297 4.65945148468
1477662287376 lifecam22 3370.97705078 4768.32226562 4.65578842163
1477662287442 lifecam22 3364.92797852 4769.27246094 4.65815734863
1477662287510 lifecam22 3352.39453125 4767.88232422 4.64462423325
1477662287577 lifecam22 3349.92626953 4768.32763672 4.65418481827
1477662287644 lifecam22 3342.66455078 4768.05273438 4.65313386917
1477662287712 lifecam22 3335.27539062 4767.84765625 4.65364217758
1477662287777 lifecam22 3329.20947266 4767.91748047 4.65575027466
1477662287845 lifecam22 3321.92358398 4768.06982422 4.6530957222
1477662287913 lifecam22 3314.76171875 4767.78857422 4.65175104141
1477662287980 lifecam22 3308.24829102 4768.09960938 4.65481710434
1477662288043 lifecam22 3301.29272461 4768.54101562 4.65503978729
1477662288111 lifecam22 3294.77026367 4768.3046875 4.65705156326
1477662288177 lifecam22 3287.78662109 4768.60791016 4.65584802628
1477662288244 lifecam22 3281.05273438 4768.30273438 4.65720510483
1477662288312 lifecam22 3274.76611328 4768.56005859 4.65600538254
1477662288379 lifecam22 3268.44238281 4768.63525391 4.65955305099
1477662288446 lifecam22 3261.46484375 4767.94384766 4.65872859955
1477662288511 lifecam22 3255.82421875 4768.43554688 4.66128778458
1477662288580 lifecam22 3247.55566406 4767.01416016 4.65444993973
1477662288646 lifecam22 3244.99194336 4768.77880859 4.67194843292
1477662288711 lifecam22 3237.17578125 4767.67431641 4.66401195526
1477662288780 lifecam22 3230.5480957 4767.75195312 4.66470384598
1477662288845 lifecam22 3223.69238281 4767.74755859 4.6660323143
1477662288910 lifecam22 3216.55102539 4767.36523438 4.66003417969
1477662288979 lifecam22 3209.48730469 4767.86035156 4.66168165207
1477662289045 lifecam22 3203.9597168 4767.09472656 4.66550970078
1477662289114 lifecam22 3196.91308594 4767.32080078 4.66626644135
1477662289178 lifecam22 3190.1953125 4767.16894531 4.66625928879
1477662289248 lifecam22 3183.89404297 4767.5703125 4.67009496689
1477662289313 lifecam22 3176.22241211 4766.91894531 4.66619443893
1477662289379 lifecam22 3169.5324707 4767.09423828 4.66696453094
1477662289446 lifecam22 3162.61083984 4766.25878906 4.66639566422
1477662289513 lifecam22 3155.62475586 4765.90917969 4.66426801682
1477662289578 lifecam22 3148.90551758 4765.91210938 4.66442155838
1477662289647 lifecam22 3141.62475586 4765.90917969 4.66426801682
1477662289713 lifecam22 3135.24780273 4766.29931641 4.66600179672
1477662289780 lifecam22 3128.36230469 4766.54101562 4.66944169998
1477662289847 lifecam22 3122.19140625 4766.13818359 4.66711473465
1477662289915 lifecam22 3117.68994141 4767.05517578 4.67881774902
1477662289981 lifecam22 3109.6472168 4765.72167969 4.67114543915
1477662290047 lifecam22 3105.45776367 4767.75244141 4.68717384338
1477662290114 lifecam22 3097.30712891 4765.15478516 4.67810916901
1477662290181 lifecam22 3091.34643555 4765.62255859 4.68410587311
1477662290245 lifecam22 3084.04882812 4765.18310547 4.68253946304
1477662290315 lifecam22 3077.58496094 4765.26855469 4.68621635437
1477662290380 lifecam22 3070.61450195 4764.65917969 4.68407487869
1477662290447 lifecam22 3063.52441406 4764.25683594 4.68152999878
1477662290514 lifecam22 3056.38623047 4764.1484375 4.67923069
1477662290582 lifecam22 3050.22680664 4764.28662109 4.68768548965
1477662290648 lifecam22 3043.04296875 4763.57910156 4.68114709854
1477662290714 lifecam22 3036.38696289 4764.01855469 4.68672990799
1477662290782 lifecam22 3029.99121094 4763.41210938 4.6858792305
1477662290848 lifecam22 3024.64648438 4763.26757812 4.68565130234
1477662290914 lifecam22 3018.12402344 4763.18896484 4.68610906601
1477662290983 lifecam22 3014.16870117 4763.86279297 4.69338989258
1477662291048 lifecam22 3007.11279297 4763.80224609 4.6939997673
1477662291115 lifecam22 3000.9465332 4763.33642578 4.69525289536
1477662291178 lifecam22 2993.13745117 4761.79003906 4.68882465363
1477662291249 lifecam22 2986.62475586 4761.86279297 4.69090223312
1477662291316 lifecam22 2979.55761719 4761.65722656 4.69031381607
1477662291382 lifecam22 2972.31958008 4761.31005859 4.68816041946
1477662291446 lifecam22 2965.87524414 4761.83837891 4.69202947617
1477662291517 lifecam22 2958.55761719 4761.65722656 4.69031429291
1477662291578 lifecam22 2951.82983398 4761.65478516 4.69163513184
1477662291650 lifecam22 2944.95898438 4760.11914062 4.68954229355
1477662291778 lifecam22 2931.00634766 4759.87988281 4.68996620178
1477662291850 lifecam22 2925.28466797 4758.22851562 4.70140123367
1477662291908 lifecam22 2918.17919922 4758.26318359 4.7004532814
1477662291984 lifecam22 2911.38500977 4757.59912109 4.6990237236
1477662292050 lifecam22 2906.02124023 4758.29882812 4.70696210861
1477662292117 lifecam22 2899.55273438 4758.14892578 4.70684528351
1477662292186 lifecam22 2893.58300781 4758.28564453 4.70939493179
1477662292252 lifecam22 2887.73193359 4758.72705078 4.71477651596
1477662292317 lifecam22 2880.74536133 4758.62744141 4.71383285522
1477662292377 lifecam22 2873.91503906 4758.52880859 4.71289157867
1477662292451 lifecam22 2866.91503906 4758.52880859 4.71289157867
1477662292520 lifecam22 2859.91479492 4758.52880859 4.712890625
1477662292587 lifecam22 2851.42822266 4755.828125 4.69945478439
1477662292652 lifecam22 2844.9921875 4755.84082031 4.70092391968
1477662292721 lifecam22 2839.16259766 4756.06933594 4.70325994492
1477662292784 lifecam22 2831.69262695 4755.00585938 4.70218086243
1477662292852 lifecam22 2826.76513672 4755.48583984 4.71707630157
1477662292918 lifecam22 2820.18505859 4753.44580078 4.713098526
1477662292986 lifecam22 2813.67871094 4751.94677734 4.71016788483
1477662293053 lifecam22 2807.17236328 4752.04150391 4.71449804306
1477662293118 lifecam22 2800.53735352 4752.03515625 4.7164645195
1477662293187 lifecam22 2793.78442383 4752.19580078 4.71921777725
1477662293253 lifecam22 2786.78442383 4752.19580078 4.71921777725
1477662293319 lifecam22 2780.19091797 4752.43847656 4.72151088715
1477662293386 lifecam22 2773.88061523 4752.66015625 4.72360372543
1477662293452 lifecam22 2767.36865234 4752.53808594 4.72244739532
1477662293519 lifecam22 2760.75756836 4752.63769531 4.72338724136
1477662293585 lifecam22 2754.05151367 4752.77880859 4.72471475601
1477662293653 lifecam22 2746.65185547 4749.16162109 4.70775556564
1477662293720 lifecam22 2741.15405273 4747.68066406 4.71632623672
1477662293785 lifecam22 2734.40991211 4747.25097656 4.71612024307
1477662293854 lifecam22 2726.59472656 4744.33154297 4.70871305466
1477662293920 lifecam22 2719.67163086 4744.41162109 4.71062850952
1477662293986 lifecam22 2712.91503906 4744.52880859 4.71289110184
1477662294053 lifecam22 2705.91503906 4744.52880859 4.71288967133
1477662294119 lifecam22 2698.91503906 4744.52880859 4.71289014816
1477662294185 lifecam22 2691.91503906 4744.52880859 4.71289014816
1477662294254 lifecam22 2686.30566406 4745.20556641 4.71931123734
1477662294320 lifecam22 2679.24755859 4745.14550781 4.71874380112
1477662294388 lifecam22 2673.23681641 4745.70654297 4.72403812408
1477662294453 lifecam22 2667.75292969 4746.37353516 4.73421049118
1477662294521 lifecam22 2662.15136719 4747.08203125 4.74253177643
1477662294588 lifecam22 2654.40698242 4744.21728516 4.73826980591
1477662294652 lifecam22 2647.62280273 4742.46875 4.73949241638
1477662294721 lifecam22 2641.95874023 4742.51318359 4.74922180176
1477662294781 lifecam22 2634.30664062 4741.00439453 4.74216556549
1477662294853 lifecam22 2627.58691406 4740.23193359 4.73828649521
1477662294921 lifecam22 2619.83032227 4740.10498047 4.73710870743
1477662294987 lifecam22 2613.76806641 4740.27050781 4.73864603043
1477662295056 lifecam22 2606.76806641 4740.27099609 4.73864555359
1477662295122 lifecam22 2600.45996094 4740.60302734 4.74172210693
1477662295192 lifecam22 2594.65209961 4740.46044922 4.74300861359
1477662295254 lifecam22 2588.64501953 4740.19238281 4.74931144714
1477662295321 lifecam22 2581.51660156 4740.33984375 4.74572849274
1477662295389 lifecam22 2575.546875 4736.45361328 4.74717330933
1477662295457 lifecam22 2568.42285156 4735.45703125 4.74432420731
1477662295522 lifecam22 2560.73242188 4733.73242188 4.7324090004
1477662295591 lifecam22 2553.21923828 4732.63769531 4.72769117355
1477662295657 lifecam22 2546.51464844 4732.07714844 4.72546815872
1477662295725 lifecam22 2539.53295898 4731.40429688 4.72118663788
1477662295790 lifecam22 2533.26660156 4731.640625 4.7261800766
1477662295859 lifecam22 2526.64526367 4732.11523438 4.73249053955
1477662295925 lifecam22 2520.44287109 4732.13037109 4.7346367836
1477662295988 lifecam22 2515.85913086 4733.11572266 4.75205421448
1477662296057 lifecam22 2509.59130859 4731.95410156 4.76108503342
1477662296124 lifecam22 2503.43139648 4731.13671875 4.76157665253
1477662296189 lifecam22 2496.24072266 4729.77929688 4.7566576004
1477662296258 lifecam22 2489.02294922 4729.09716797 4.75308179855
1477662296323 lifecam22 2482.60742188 4729.03027344 4.75463724136
1477662296392 lifecam22 2475.00097656 4727.98144531 4.75115728378
1477662296457 lifecam22 2468.20532227 4727.20849609 4.75009536743
1477662296526 lifecam22 2461.53710938 4726.80419922 4.75009822845
1477662296592 lifecam22 2456.60791016 4726.63134766 4.76903629303
1477662296656 lifecam22 2449.4152832 4725.27490234 4.7665772438
1477662296725 lifecam22 2442.93017578 4725.50341797 4.76872968674
1477662296792 lifecam22 2435.43066406 4723.81542969 4.76327133179
1477662296857 lifecam22 2428.93920898 4722.98925781 4.75924634933
1477662296926 lifecam22 2422.35180664 4722.42822266 4.75805330276
1477662296991 lifecam22 2415.14379883 4721.51757812 4.75431776047
1477662297059 lifecam22 2408.34594727 4720.04638672 4.74680805206
1477662297125 lifecam22 2402.16796875 4718.98291016 4.75164890289
1477662297191 lifecam22 2396.1965332 4718.83642578 4.75967025757
1477662297257 lifecam22 2389.16455078 4717.16455078 4.75742101669
1477662297324 lifecam22 2383.08032227 4716.69042969 4.76046085358
1477662297394 lifecam22 2375.44213867 4715.42285156 4.75397253036
1477662297459 lifecam22 2369.41699219 4715.2109375 4.75651454926
1477662297524 lifecam22 2363.95654297 4715.85351562 4.76596450806
1477662297593 lifecam22 2356.43603516 4715.00976562 4.76325368881
1477662297658 lifecam22 2350.71728516 4715.6796875 4.77117395401
1477662297727 lifecam22 2344.17260742 4714.96191406 4.77592277527
1477662297792 lifecam22 2337.6809082 4714.12597656 4.77872467041
1477662297859 lifecam22 2330.97973633 4712.89794922 4.77908563614
1477662297925 lifecam22 2323.60351562 4711.7265625 4.77431058884
1477662297992 lifecam22 2316.72802734 4710.99511719 4.77383041382
1477662298061 lifecam22 2309.18798828 4709.36035156 4.77015256882
1477662298128 lifecam22 2303.31884766 4709.09082031 4.77203655243
1477662298192 lifecam22 2296.69580078 4707.5390625 4.77470397949
1477662298262 lifecam22 2290.42651367 4706.92382812 4.77825975418
1477662298327 lifecam22 2283.04492188 4704.95458984 4.77205181122
1477662298394 lifecam22 2276.55444336 4704.49902344 4.77130174637
1477662298460 lifecam22 2269.15991211 4704.18359375 4.77105236053
1477662298527 lifecam22 2262.24291992 4703.40673828 4.77033805847
1477662298593 lifecam22 2255.19287109 4702.96484375 4.77031564713
1477662298661 lifecam22 2249.41040039 4701.82080078 4.77316713333
1477662298730 lifecam22 2244.17895508 4701.72802734 4.7774105072
1477662298798 lifecam22 2237.43701172 4700.57861328 4.77885246277
1477662298860 lifecam22 2231.52954102 4700.41162109 4.78348398209
1477662298931 lifecam22 2225.13500977 4699.26855469 4.78317117691
1477662298994 lifecam22 2217.97753906 4697.27783203 4.77943468094
1477662299059 lifecam22 2212.10522461 4697.25439453 4.78097391129
1477662299128 lifecam22 2205.87817383 4695.71191406 4.78672409058
1477662299195 lifecam22 2199.65478516 4695.59082031 4.78870010376
1477662299260 lifecam22 2192.63500977 4694.890625 4.79176902771
1477662299329 lifecam22 2185.93505859 4694.08154297 4.79000902176
1477662299394 lifecam22 2178.45068359 4692.17626953 4.78330135345
1477662299463 lifecam22 2171.39379883 4691.37695312 4.78332042694
1477662299528 lifecam22 2164.9128418 4691.22412109 4.78533411026
1477662299597 lifecam22 2157.97924805 4690.64892578 4.79073858261
1477662299663 lifecam22 2151.9621582 4689.71679688 4.79217815399
1477662299727 lifecam22 2144.93164062 4688.36230469 4.78959035873
1477662299797 lifecam22 2138.35742188 4687.99755859 4.79175519943
1477662299863 lifecam22 2131.40234375 4687.02050781 4.79250144958
1477662299928 lifecam22 2124.92236328 4685.24414062 4.78802490234
1477662299996 lifecam22 2118.00390625 4684.42138672 4.79116153717
1477662300061 lifecam22 2111.74975586 4683.44628906 4.79553794861
1477662300129 lifecam22 2104.73510742 4682.38232422 4.79299736023
1477662300197 lifecam22 2097.73168945 4681.19287109 4.79159545898
1477662300264 lifecam22 2091.31542969 4680.20410156 4.78878355026
1477662300330 lifecam22 2084.9140625 4679.953125 4.79414224625
1477662300395 lifecam22 2078.37548828 4678.27978516 4.79158830643
1477662300463 lifecam22 2072.01733398 4677.67871094 4.79446220398
1477662300530 lifecam22 2065.82885742 4676.56396484 4.79903554916
1477662300596 lifecam22 2059.5378418 4676.49511719 4.80150842667
1477662300663 lifecam22 2053.17724609 4675.32177734 4.80119991302
1477662300728 lifecam22 2046.23535156 4673.58740234 4.79956293106
1477662300797 lifecam22 2039.24560547 4671.88183594 4.79454088211
1477662300862 lifecam22 2032.85180664 4671.49072266 4.80358219147
1477662300930 lifecam22 2027.1965332 4671.17871094 4.8073759079
1477662300996 lifecam22 2019.86889648 4669.73242188 4.80481767654
1477662301062 lifecam22 2013.78271484 4669.18408203 4.80615282059
1477662301131 lifecam22 2006.68408203 4668.09033203 4.80587863922
1477662301198 lifecam22 1999.67138672 4666.93115234 4.80455112457
1477662301263 lifecam22 1993.25634766 4666.55419922 4.80989789963
1477662301331 lifecam22 1986.77368164 4665.28320312 4.80935430527
1477662301396 lifecam22 1980.6484375 4664.28857422 4.8101477623
1477662301464 lifecam22 1973.46655273 4663.01220703 4.80823707581
1477662301530 lifecam22 1967.17272949 4662.96728516 4.81466817856
1477662301598 lifecam22 1959.66210938 4660.89111328 4.80816078186
1477662301664 lifecam22 1953.04882812 4659.51025391 4.8103260994
1477662301730 lifecam22 1946.41516113 4657.85546875 4.80983448029
1477662301799 lifecam22 1940.0065918 4656.62304688 4.80908823013
1477662301866 lifecam22 1933.37780762 4655.65722656 4.80787754059
1477662301931 lifecam22 1926.63452148 4655.125 4.81194114685
1477662301999 lifecam22 1920.22509766 4654.48535156 4.81521368027
1477662302064 lifecam22 1913.09521484 4652.99169922 4.81456613541
1477662302131 lifecam22 1906.81103516 4652.67333984 4.81805753708
1477662302199 lifecam22 1900.86108398 4651.62109375 4.8200302124
1477662302266 lifecam22 1894.24121094 4650.64599609 4.82027626038
1477662302332 lifecam22 1887.74584961 4649.88818359 4.82047796249
1477662302397 lifecam22 1880.57373047 4647.29101562 4.81997108459
1477662302465 lifecam22 1874.82141113 4646.38964844 4.81958961487
1477662302533 lifecam22 1868.09301758 4645.18359375 4.82073307037
1477662302599 lifecam22 1861.90136719 4644.07421875 4.82224559784
1477662302667 lifecam22 1854.94067383 4641.875 4.81778669357
1477662302732 lifecam22 1847.0369873 4639.85400391 4.81431722641
1477662302800 lifecam22 1841.33081055 4639.98681641 4.82263231277
1477662302866 lifecam22 1835.11291504 4639.25683594 4.82348775864
1477662302934 lifecam22 1828.59155273 4638.98339844 4.8263258934
1477662303000 lifecam22 1821.22790527 4637.59033203 4.82328081131
1477662303065 lifecam22 1814.58361816 4637.03369141 4.82872200012
1477662303133 lifecam22 1808.49133301 4636.60058594 4.83539485931
1477662303201 lifecam22 1802.328125 4634.34423828 4.83372879028
1477662303335 lifecam22 1788.07568359 4632.29296875 4.83018302917
1477662303401 lifecam22 1781.80859375 4630.59375 4.82941150665
1477662303468 lifecam22 1775.19836426 4629.64453125 4.83498859406
1477662303536 lifecam22 1769.43066406 4627.75195312 4.8312087059
1477662303581 lifecam20 1697.57910156 4623.66894531 4.80129814148
1477662303602 lifecam22 1693.88134766 4622.68457031 4.799949646
1477662303669 lifecam22 1690.53833008 4622.44091797 4.801009655
1477662303733 lifecam22 1749.12316895 4624.53076172 4.83338308334
1477662303803 lifecam22 1742.83312988 4624.09228516 4.83997106552
1477662303870 lifecam22 1735.63757324 4623.04882812 4.83859109879
1477662303915 lifecam20 1662.83337402 4619.24023438 4.80354785919
1477662303936 lifecam22 1659.34765625 4618.17529297 4.80230712891
1477662303983 lifecam20 1655.67358398 4617.80566406 4.79774713516
1477662304004 lifecam22 1652.65148926 4617.03515625 4.79621744156
1477662304051 lifecam20 1648.82751465 4616.13476562 4.79342794418
1477662304070 lifecam22 1645.54736328 4615.671875 4.79528951645
1477662304113 lifecam20 1642.13842773 4615.88671875 4.79892253876
1477662304136 lifecam22 1639.00708008 4615.10546875 4.80123233795
1477662304181 lifecam20 1635.91235352 4615.03222656 4.80275201797
1477662304205 lifecam22 1632.83679199 4614.71484375 4.80226373672
1477662304249 lifecam20 1630.10961914 4614.87890625 4.80523204803
1477662304272 lifecam22 1626.92749023 4613.52392578 4.80514097214
1477662304313 lifecam20 1624.34326172 4613.84765625 4.80951070786
1477662304335 lifecam22 1621.2175293 4613.57470703 4.80961418152
1477662304381 lifecam20 1617.11230469 4612.61425781 4.80809211731
1477662304404 lifecam22 1613.15112305 4611.63232422 4.80775690079
1477662304450 lifecam20 1610.54125977 4612.08935547 4.81157302856
1477662304471 lifecam22 1607.77294922 4611.81054688 4.81356716156
1477662304512 lifecam20 1604.63427734 4611.58789062 4.81630992889
1477662304537 lifecam22 1601.82055664 4611.21289062 4.81845283508
1477662304583 lifecam20 1598.14770508 4611.00585938 4.82008266449
1477662304603 lifecam22 1594.90039062 4610.06542969 4.81867361069
1477662304650 lifecam20 1592.07043457 4610.328125 4.82206964493
1477662304671 lifecam22 1588.73095703 4609.98535156 4.82172966003
1477662304713 lifecam20 1585.63879395 4610.23828125 4.82623338699
1477662304734 lifecam22 1582.26928711 4609.71386719 4.82643175125
1477662304782 lifecam20 1578.97033691 4609.58886719 4.82853651047
1477662304803 lifecam22 1575.72131348 4608.94824219 4.83033800125
1477662304849 lifecam20 1572.68457031 4609.47216797 4.83565044403
1477662304870 lifecam22 1569.32128906 4608.80224609 4.83599805832
1477662304917 lifecam20 1566.16015625 4608.49511719 4.83984518051
1477662304936 lifecam22 1562.80444336 4607.59472656 4.83936548233
1477662304984 lifecam20 1559.7755127 4607.72070312 4.84152173996
1477662305003 lifecam22 1556.59692383 4607.17578125 4.8412528038
1477662305051 lifecam20 1553.23193359 4606.52734375 4.84269380569
1477662305069 lifecam22 1549.84069824 4605.5859375 4.84049320221
1477662305121 lifecam20 1545.9206543 4604.52636719 4.83787202835
1477662305138 lifecam22 1542.82543945 4604.19580078 4.84302186966
1477662305183 lifecam20 1539.37280273 4603.66015625 4.84284448624
1477662305203 lifecam22 1535.69091797 4602.79101562 4.84185361862
1477662305252 lifecam20 1532.5769043 4602.31542969 4.84474039078
1477662305271 lifecam22 1529.46362305 4601.37207031 4.84411525726
1477662305318 lifecam20 1526.0234375 4600.51074219 4.84440326691
1477662305337 lifecam22 1522.50366211 4599.73730469 4.8425784111
1477662305381 lifecam20 1519.05737305 4599.14746094 4.84314346313
1477662305403 lifecam22 1516.13208008 4598.82226562 4.8464717865
1477662305449 lifecam20 1511.70361328 4598.09912109 4.84457731247
1477662305471 lifecam22 1508.03369141 4597.70556641 4.84632301331
1477662305518 lifecam20 1504.97143555 4597.41796875 4.84644556046
1477662305539 lifecam22 1501.95715332 4597.06152344 4.84834432602
1477662305586 lifecam20 1498.71276855 4596.94726562 4.85244655609
1477662305606 lifecam22 1495.24804688 4596.42480469 4.85270357132
1477662305650 lifecam20 1492.17285156 4595.47753906 4.85437679291
1477662305672 lifecam22 1488.65966797 4594.38574219 4.85406541824
1477662305717 lifecam20 1485.27661133 4593.82226562 4.85318803787
1477662305738 lifecam22 1482.48168945 4593.27734375 4.85314369202
1477662305785 lifecam20 1478.71032715 4591.984375 4.85093593597
1477662305805 lifecam22 1475.41040039 4591.11767578 4.85186052322
1477662305850 lifecam20 1472.27807617 4591.32714844 4.85563707352
1477662305873 lifecam22 1469.11523438 4590.81738281 4.8545422554
1477662305919 lifecam20 1465.78686523 4589.56884766 4.85436868668
1477662305941 lifecam22 1461.8494873 4588.21728516 4.85225439072
1477662305986 lifecam20 1458.42590332 4587.671875 4.85338687897
1477662306008 lifecam22 1455.09887695 4586.67822266 4.8539018631
1477662306049 lifecam20 1451.7019043 4585.64697266 4.85218763351
1477662306073 lifecam22 1448.8293457 4585.10351562 4.8517241478
1477662306117 lifecam20 1444.80249023 4584.16210938 4.84916114807
1477662306139 lifecam22 1441.17346191 4583.33984375 4.84927845001
1477662306185 lifecam20 1438.20019531 4583.23046875 4.85258436203
1477662306209 lifecam22 1435.50292969 4583.15820312 4.85510063171
1477662306249 lifecam20 1431.79956055 4582.38867188 4.85487127304
1477662306274 lifecam22 1427.57678223 4580.91503906 4.85011291504
1477662306317 lifecam20 1424.27416992 4580.30957031 4.85223960876
1477662306340 lifecam22 1421.23266602 4579.72949219 4.85512638092
1477662306385 lifecam20 1417.32214355 4578.98535156 4.85360383987
1477662306453 lifecam20 1413.86425781 4578.44189453 4.85322523117
1477662306475 lifecam22 1407.19128418 4577.64941406 4.85596227646
1477662306517 lifecam20 1403.66711426 4577.00097656 4.85648155212
1477662306541 lifecam22 1400.24353027 4576.43652344 4.85746669769
1477662306586 lifecam20 1396.93554688 4575.73681641 4.85893917084
1477662306607 lifecam22 1393.85693359 4575.04589844 4.86073303223
1477662306653 lifecam20 1390.52062988 4574.71386719 4.8637342453
1477662306672 lifecam22 1387.22875977 4574.16699219 4.86476612091
1477662306719 lifecam20 1383.42822266 4573.60351562 4.86598730087
1477662306738 lifecam22 1379.90551758 4572.88476562 4.86682367325
1477662306785 lifecam20 1376.44677734 4572.09375 4.86654281616
1477662306806 lifecam22 1373.00622559 4571.32617188 4.86622095108
1477662306854 lifecam20 1369.6184082 4570.57910156 4.86627340317
1477662306872 lifecam22 1366.5871582 4570.17382812 4.86946439743
1477662306916 lifecam20 1362.68286133 4569.25683594 4.87076568604
1477662306941 lifecam22 1358.74072266 4567.88183594 4.8679523468
1477662306987 lifecam20 1355.01049805 4566.62939453 4.86570596695
1477662307006 lifecam22 1351.57299805 4565.48974609 4.86544370651
1477662307052 lifecam20 1348.24267578 4564.89355469 4.86564302444
1477662307076 lifecam22 1344.8260498 4564.24023438 4.86640167236
1477662307121 lifecam20 1341.5916748 4563.25537109 4.86592674255
1477662307142 lifecam22 1338.73876953 4562.52197266 4.86694097519
1477662307189 lifecam20 1334.85742188 4561.54882812 4.86573791504
1477662307209 lifecam22 1331.39379883 4560.70214844 4.86591959
1477662307253 lifecam20 1327.8059082 4560.24121094 4.86571073532
1477662307275 lifecam22 1324.48693848 4559.79199219 4.86532306671
1477662307323 lifecam20 1321.19555664 4558.97949219 4.8647236824
1477662307341 lifecam22 1317.9654541 4558.35253906 4.86548614502
1477662307387 lifecam20 1314.9597168 4557.88476562 4.8683514595
1477662307407 lifecam22 1311.4888916 4556.86328125 4.86720705032
1477662307452 lifecam20 1308.56958008 4556.23535156 4.86987257004
1477662307473 lifecam22 1305.53662109 4555.65478516 4.87226247787
1477662307520 lifecam20 1301.28686523 4554.66308594 4.87059831619
1477662307546 lifecam22 1298.04101562 4553.76269531 4.86935472488
1477662307584 lifecam20 1295.03515625 4553.2265625 4.87046527863
1477662307608 lifecam22 1292.05908203 4552.68701172 4.87170982361
1477662307656 lifecam20 1289.19396973 4552.11621094 4.87370729446
1477662307674 lifecam22 1285.61303711 4550.79638672 4.87241792679
1477662307724 lifecam20 1282.21691895 4550.14257812 4.87169885635
1477662307742 lifecam22 1279.74584961 4549.63671875 4.87263870239
1477662307785 lifecam20 1276.19250488 4548.64355469 4.87403202057
1477662307805 lifecam22 1272.45874023 4547.61132812 4.87229919434
1477662307856 lifecam20 1269.36914062 4546.67089844 4.87135696411
1477662307872 lifecam22 1266.16967773 4545.89550781 4.87306165695
1477662307923 lifecam20 1262.99291992 4545.38525391 4.8745265007
1477662307942 lifecam22 1259.94262695 4544.87109375 4.87414979935
1477662307991 lifecam20 1256.34350586 4543.95605469 4.87326192856
1477662308009 lifecam22 1253.31530762 4543.2109375 4.87670660019
1477662308053 lifecam20 1250.13232422 4542.79541016 4.87966918945
1477662308074 lifecam22 1246.9276123 4542.29638672 4.88094234467
1477662308122 lifecam20 1243.4876709 4541.49023438 4.88087320328
1477662308141 lifecam22 1240.15551758 4540.70703125 4.88032722473
1477662308191 lifecam20 1236.75927734 4540.06835938 4.87966346741
1477662308208 lifecam22 1233.45361328 4539.21679688 4.87811374664
1477662308253 lifecam20 1230.2220459 4538.7421875 4.88027954102
1477662308276 lifecam22 1227.23388672 4538.14941406 4.88315534592
1477662308321 lifecam20 1223.8840332 4537.33691406 4.88466978073
1477662308343 lifecam22 1220.5559082 4536.30078125 4.88389825821
1477662308389 lifecam20 1217.22558594 4535.62988281 4.88398742676
1477662308410 lifecam22 1214.10864258 4535.24560547 4.88606071472
1477662308453 lifecam20 1210.43249512 4533.94140625 4.8844575882
1477662308476 lifecam22 1206.39587402 4532.62988281 4.88110685349
1477662308522 lifecam20 1203.09887695 4532.23828125 4.88304853439
1477662308542 lifecam22 1200.09570312 4531.59375 4.88528203964
1477662308596 lifecam20 1196.31665039 4530.55566406 4.88373756409
1477662308613 lifecam22 1193.30517578 4530.10009766 4.88632631302
1477662308657 lifecam20 1190.05737305 4529.33398438 4.88753223419
1477662308677 lifecam22 1186.61401367 4528.16503906 4.88649511337
1477662308721 lifecam20 1182.93432617 4526.79101562 4.8847413063
1477662308744 lifecam22 1179.09350586 4525.46777344 4.88266324997
1477662308788 lifecam20 1175.9597168 4524.97167969 4.88457345963
1477662308811 lifecam22 1173.09936523 4524.18457031 4.88470935822
1477662308856 lifecam20 1169.4206543 4523.0078125 4.88333320618
1477662308876 lifecam22 1166.69628906 4522.3046875 4.8854637146
1477662308926 lifecam20 1163.31445312 4521.67871094 4.88496589661
1477662308945 lifecam22 1159.94287109 4521.18066406 4.88516950607
1477662308991 lifecam20 1156.59643555 4520.68554688 4.88785076141
1477662309009 lifecam22 1153.17077637 4520.0703125 4.88812541962
1477662309056 lifecam20 1149.85205078 4519.60253906 4.8903837204
1477662309077 lifecam22 1146.31811523 4518.71679688 4.8911242485
1477662309120 lifecam20 1143.12072754 4518.02148438 4.89227962494
1477662309144 lifecam22 1140.40966797 4517.22753906 4.89324426651
1477662309188 lifecam20 1136.88256836 4516.23339844 4.89241456985
1477662309208 lifecam22 1133.92565918 4515.48046875 4.89403390884
1477662309256 lifecam20 1130.58947754 4514.6484375 4.89368247986
1477662309283 lifecam22 1127.43127441 4514.20947266 4.89505243301
1477662309320 lifecam20 1124.07324219 4513.33300781 4.89598989487
1477662309342 lifecam22 1120.59106445 4512.06347656 4.8944067955
1477662309391 lifecam20 1117.22802734 4510.99804688 4.89489507675
1477662309408 lifecam22 1113.83190918 4509.61621094 4.89335250854
1477662309456 lifecam20 1110.49829102 4508.8671875 4.89223337173
1477662309476 lifecam22 1107.33068848 4508.51367188 4.89435529709
1477662309524 lifecam20 1103.70849609 4506.87207031 4.89229154587
1477662309542 lifecam22 1100.20556641 4505.58740234 4.89117574692
1477662309587 lifecam20 1097.4107666 4505.0546875 4.89211177826
1477662309609 lifecam22 1094.83740234 4503.97167969 4.89172887802
1477662309657 lifecam20 1090.8371582 4502.77197266 4.89125728607
1477662309677 lifecam22 1087.13879395 4501.83642578 4.8909945488
1477662309725 lifecam20 1084.32312012 4501.19433594 4.89106798172
1477662309743 lifecam22 1081.07568359 4500.50341797 4.89240217209
1477662309791 lifecam20 1077.4230957 4499.75976562 4.89461421967
1477662309809 lifecam22 1074.20861816 4499.0234375 4.89582061768
1477662309858 lifecam20 1070.52075195 4498.28710938 4.89535808563
1477662309876 lifecam22 1067.72766113 4497.64892578 4.89685964584
1477662309925 lifecam20 1064.53295898 4497.26367188 4.89857053757
1477662309944 lifecam22 1061.37487793 4496.66601562 4.89749383926
1477662309989 lifecam20 1057.96374512 4496.02734375 4.89883708954
1477662310011 lifecam22 1054.56005859 4495.21826172 4.89924287796
1477662310059 lifecam20 1051.31799316 4494.56298828 4.90080690384
1477662310076 lifecam22 1048.37268066 4494.12939453 4.90393638611
1477662310126 lifecam20 1045.21484375 4493.17724609 4.90376424789
1477662310144 lifecam22 1041.96203613 4492.13378906 4.90401124954
1477662310194 lifecam20 1038.48486328 4491.47216797 4.90586948395
1477662310210 lifecam22 1035.06420898 4490.43359375 4.90656614304
1477662310258 lifecam20 1031.91027832 4489.83935547 4.9085187912
1477662310277 lifecam22 1028.58190918 4488.9296875 4.90635061264
1477662310327 lifecam20 1024.96252441 4487.65429688 4.90465641022
1477662310345 lifecam22 1021.85388184 4487.26269531 4.90888214111
1477662310395 lifecam20 1018.23919678 4485.95019531 4.90795326233
1477662310406 lifecam22 1015.04473877 4484.37792969 4.90565633774
1477662310458 lifecam20 1011.8659668 4483.58691406 4.9054017067
1477662310477 lifecam22 1008.4354248 4482.58691406 4.90407848358
1477662310526 lifecam20 1005.10351562 4481.33691406 4.90360021591
1477662310543 lifecam22 1002.08398438 4480.41015625 4.90389728546
1477662310594 lifecam20 998.163330078 4479.453125 4.90434885025
1477662310611 lifecam22 994.790039062 4478.57519531 4.9064912796
1477662310658 lifecam20 991.452270508 4477.75341797 4.90612220764
1477662310679 lifecam22 987.739013672 4476.40185547 4.90199708939
1477662310725 lifecam20 984.462585449 4475.65966797 4.90182638168
1477662310745 lifecam22 981.346557617 4475.13671875 4.90406274796
1477662310792 lifecam20 978.176757812 4474.59765625 4.9061088562
1477662310812 lifecam22 975.065795898 4474.1796875 4.90898227692
1477662310861 lifecam20 971.086181641 4473.11816406 4.90847396851
1477662310874 lifecam22 968.267150879 4472.55078125 4.90994310379
1477662310927 lifecam20 964.909484863 4471.42773438 4.90977716446
1477662310943 lifecam22 961.563659668 4469.75634766 4.90666627884
1477662310995 lifecam20 958.88659668 4469.37792969 4.90773773193
1477662311014 lifecam22 955.867248535 4469.03515625 4.90893888474
1477662311061 lifecam20 952.579467773 4467.74121094 4.9091258049
1477662311081 lifecam22 949.582397461 4466.69140625 4.91127204895
1477662311123 lifecam20 946.325317383 4466.44677734 4.91531610489
1477662311148 lifecam22 943.112915039 4465.67773438 4.91571521759
1477662311192 lifecam20 939.598876953 4464.62109375 4.91360330582
1477662311212 lifecam22 936.477905273 4463.55908203 4.91268968582
1477662311260 lifecam20 933.316345215 4462.32324219 4.91384887695
1477662311279 lifecam22 930.326293945 4461.41113281 4.91639900208
1477662311324 lifecam20 926.846435547 4460.58056641 4.91542816162
1477662311347 lifecam22 923.622009277 4459.52441406 4.91367912292
1477662311393 lifecam20 920.507568359 4458.61914062 4.91600561142
1477662311414 lifecam22 917.149353027 4457.56738281 4.91581678391
1477662311461 lifecam20 914.130859375 4456.72851562 4.91592359543
1477662311482 lifecam22 911.015136719 4455.76367188 4.91602087021
1477662311523 lifecam20 907.306091309 4454.89453125 4.9162311554
1477662311546 lifecam22 904.16027832 4454.34863281 4.9195599556
1477662311595 lifecam20 900.770019531 4453.21386719 4.91817903519
1477662311611 lifecam22 897.515686035 4452.22851562 4.91715335846
1477662311662 lifecam20 893.840698242 4451.59033203 4.91806650162
1477662311683 lifecam22 890.603271484 4450.859375 4.91762447357
1477662311729 lifecam20 887.518554688 4450.20019531 4.92001867294
1477662311750 lifecam22 884.281005859 4449.10449219 4.91988563538
1477662311791 lifecam20 880.806335449 4448.16650391 4.9190530777
1477662311814 lifecam22 877.803405762 4447.63232422 4.92087745667
1477662311859 lifecam20 874.396179199 4446.25537109 4.92058086395
1477662311882 lifecam22 870.815673828 4444.7578125 4.91867780685
1477662311927 lifecam20 867.656494141 4444.31591797 4.9214758873
1477662311949 lifecam22 864.608520508 4443.5546875 4.92328929901
1477662311997 lifecam20 861.312011719 4442.56347656 4.92338371277
1477662312018 lifecam22 858.350708008 4441.62548828 4.92452096939
1477662312063 lifecam20 854.651367188 4440.45849609 4.92282629013
1477662312080 lifecam22 851.341430664 4439.71191406 4.92420816422
1477662312128 lifecam20 847.723083496 4438.43994141 4.92245054245
1477662312147 lifecam22 844.25982666 4437.19238281 4.92141246796
1477662312191 lifecam20 841.188903809 4436.56640625 4.92453289032
1477662312215 lifecam22 837.606933594 4435.39746094 4.92279529572
1477662312259 lifecam20 834.416625977 4434.36621094 4.9233751297
1477662312279 lifecam22 831.861083984 4433.71484375 4.92677164078
1477662312327 lifecam20 828.400634766 4432.77832031 4.92787981033
1477662312355 lifecam22 825.285400391 4432.07617188 4.92944049835
1477662312397 lifecam20 822.011108398 4431.31835938 4.93060827255
1477662312415 lifecam22 818.702453613 4430.04394531 4.92955636978
1477662312462 lifecam20 814.89050293 4429.04492188 4.92829561234
1477662312480 lifecam22 811.727050781 4428.30371094 4.92856502533
1477662312529 lifecam20 811.462036133 4428.11523438 4.92891693115
1477662312547 lifecam22 811.598876953 4428.05712891 4.9293794632
1477662312595 lifecam20 812.54510498 4428.22851562 4.92829275131
1477662312613 lifecam22 812.752319336 4428.02978516 4.92491912842
1477662312660 lifecam20 812.58190918 4428.04199219 4.92583417892
1477662312680 lifecam22 812.634765625 4428.19335938 4.92709922791
1477662312729 lifecam20 812.562133789 4428.16210938 4.92642879486
1477662312747 lifecam22 812.752197266 4428.18652344 4.92695236206
1477662312798 lifecam20 812.693359375 4428.171875 4.92584276199
1477662312815 lifecam22 812.717346191 4428.20703125 4.92546510696
1477662312861 lifecam20 812.797485352 4428.16845703 4.92606592178
1477662312880 lifecam22 812.559204102 4428.07275391 4.92629337311
1477662312930 lifecam20 812.657470703 4428.13867188 4.9272313118
1477662312947 lifecam22 812.707885742 4428.12988281 4.92705774307
1477662312998 lifecam20 812.557861328 4428.14941406 4.92642402649
