1477661645177 lifecam22 3375.53857422 4778.06933594 4.73867797852
1477661645244 lifecam22 3375.68432617 4778.21826172 4.74007749557
1477661645311 lifecam22 3375.53857422 4778.06933594 4.73867797852
1477661645380 lifecam22 3375.63989258 4778.17138672 4.73964500427
1477661645444 lifecam22 3375.32739258 4778.01220703 4.73815965652
1477661645509 lifecam22 3375.69311523 4778.08007812 4.74009513855
1477661645576 lifecam22 3375.09667969 4778.06591797 4.73736667633
1477661645643 lifecam22 3375.30786133 4777.98876953 4.73794126511
1477661645708 lifecam22 3375.41796875 4777.95166016 4.73892402649
1477661645785 lifecam22 3375.29956055 4778.12695312 4.73792409897
1477661645850 lifecam22 3375.14624023 4778.11279297 4.73779773712
1477661645915 lifecam22 3375.18164062 4778.00488281 4.73813533783
1477661645984 lifecam22 3374.67382812 4777.78662109 4.73609018326
1477661646052 lifecam22 3374.84155273 4777.96240234 4.7364153862
1477661646180 lifecam22 3375.20361328 4778.03222656 4.7383852005
1477661646248 lifecam22 3375.33276367 4778.01220703 4.7381567955
1477661646313 lifecam22 3374.73339844 4777.70117188 4.73664045334
1477661646377 lifecam22 3374.43188477 4777.84765625 4.73536920547
1477661646445 lifecam22 3375.46728516 4777.99511719 4.73932027817
1477661646513 lifecam22 3374.77001953 4777.88964844 4.7370891571
1477661646578 lifecam22 3375.46240234 4777.99902344 4.7393579483
1477661646643 lifecam22 3375.04418945 4778.02294922 4.73697185516
1477661646711 lifecam22 3375.21459961 4777.890625 4.73836708069
1477661646777 lifecam22 3375.4453125 4777.97167969 4.73910474777
1477661646914 lifecam22 3375.43701172 4778.109375 4.73908805847
1477661646977 lifecam22 3375.58300781 4778.11621094 4.73911094666
1477661647045 lifecam22 3375.4453125 4777.97167969 4.73910474777
1477661647114 lifecam22 3375.41796875 4777.95166016 4.73892402649
1477661647183 lifecam22 3375.54785156 4777.93505859 4.74009799957
1477661647249 lifecam22 3375.390625 4777.91601562 4.73730182648
1477661647311 lifecam22 3375.46801758 4777.98730469 4.7366271019
1477661647382 lifecam22 3375.86352539 4778.10986328 4.73906755447
1477661647446 lifecam22 3375.87182617 4777.97167969 4.73908424377
1477661647513 lifecam22 3375.50219727 4777.74121094 4.73693370819
1477661647646 lifecam22 3375.72338867 4777.95703125 4.7376332283
1477661647713 lifecam22 3375.74560547 4777.98046875 4.73784923553
1477661647780 lifecam22 3375.984375 4778.2265625 4.73882389069
1477661647849 lifecam22 3376.61572266 4777.52832031 4.73623514175
1477661647911 lifecam22 3375.89257812 4777.38085938 4.73490142822
1477661647986 lifecam22 3376.07006836 4777.5546875 4.73388719559
1477661648048 lifecam22 3376.17773438 4777.52050781 4.73489093781
1477661648114 lifecam22 3376.16455078 4777.36181641 4.73471164703
1477661648179 lifecam22 3378.1640625 4778.10253906 4.7375998497
1477661648249 lifecam22 3377.12231445 4777.61035156 4.73306465149
1477661648381 lifecam22 3373.74731445 4777.45214844 4.73438644409
1477661648449 lifecam22 3375.984375 4778.2265625 4.73882389069
1477661648515 lifecam22 3363.27392578 4773.00146484 4.71135139465
1477661648586 lifecam22 3357.0246582 4773.36962891 4.71935510635
1477661648654 lifecam22 3350.42871094 4770.32128906 4.70400094986
1477661648723 lifecam22 3341.35009766 4769.21191406 4.69749689102
1477661648789 lifecam22 3336.30224609 4769.52050781 4.70050525665
1477661648854 lifecam22 3330.55200195 4769.29492188 4.70257806778
1477661648922 lifecam22 3324.60473633 4769.20117188 4.70952320099
1477661648986 lifecam22 3319.39013672 4768.26416016 4.70842409134
1477661649059 lifecam22 3312.23144531 4766.92236328 4.70449638367
1477661649121 lifecam22 3305.00268555 4765.73583984 4.70243263245
1477661649186 lifecam22 3297.83227539 4765.16015625 4.69950723648
1477661649254 lifecam22 3291.92089844 4765.62353516 4.70561885834
1477661649322 lifecam22 3286.42041016 4766.19140625 4.7165555954
1477661649455 lifecam22 3273.23510742 4766.57958984 4.72283887863
1477661649524 lifecam22 3266.35620117 4766.55957031 4.72265195847
1477661649592 lifecam22 3259.11035156 4766.30859375 4.72168779373
1477661649656 lifecam22 3251.58276367 4765.19970703 4.71689558029
1477661649725 lifecam22 3245.22973633 4763.97949219 4.71522474289
1477661649792 lifecam22 3239.42089844 4763.79248047 4.72824048996
1477661649855 lifecam22 3233.39770508 4763.9921875 4.73140048981
1477661649923 lifecam22 3226.27636719 4763.73974609 4.73304414749
1477661649991 lifecam22 3219.16625977 4760.73828125 4.72271823883
1477661650059 lifecam22 3213.54589844 4760.765625 4.73256587982
1477661650122 lifecam22 3206.70654297 4760.41210938 4.73065376282
1477661650190 lifecam22 3199.6484375 4760.61865234 4.73258161545
1477661650260 lifecam22 3192.55981445 4759.50146484 4.72210550308
1477661650325 lifecam22 3185.49829102 4759.03417969 4.71768569946
1477661650392 lifecam22 3178.30786133 4758.28027344 4.7119178772
1477661650462 lifecam22 3171.98608398 4758.13623047 4.71326780319
1477661650521 lifecam22 3166.16894531 4757.23339844 4.7226934433
1477661650589 lifecam22 3160.14892578 4757.19482422 4.72486114502
1477661650657 lifecam22 3152.87548828 4755.76513672 4.71987771988
1477661650721 lifecam22 3148.375 4755.90917969 4.73684549332
1477661650857 lifecam22 3134.5925293 4753.94287109 4.73448896408
1477661650927 lifecam22 3128.31958008 4753.87744141 4.73499202728
1477661650989 lifecam22 3121.00146484 4753.85693359 4.73479986191
1477661651057 lifecam22 3114.59057617 4754.00048828 4.73613357544
1477661651193 lifecam22 3102.671875 4753.95654297 4.74804639816
1477661651261 lifecam22 3095.90600586 4753.17871094 4.74854230881
1477661651327 lifecam22 3088.12768555 4750.39892578 4.74044561386
1477661651391 lifecam22 3082.14013672 4750.42578125 4.74735355377
1477661651458 lifecam22 3075.57470703 4750.42041016 4.75259923935
1477661651527 lifecam22 3068.56274414 4750.26074219 4.75241422653
1477661651595 lifecam22 3061.19335938 4748.87158203 4.74600172043
1477661651658 lifecam22 3052.87597656 4746.09130859 4.72765016556
1477661651726 lifecam22 3046.29736328 4745.54394531 4.72573232651
1477661651793 lifecam22 3040.02075195 4745.62744141 4.73219060898
1477661651859 lifecam22 3033.5234375 4744.41748047 4.73380041122
1477661651925 lifecam22 3026.02636719 4743.08984375 4.72776794434
1477661651993 lifecam22 3021.51416016 4743.13818359 4.74135637283
1477661652057 lifecam22 3014.96557617 4742.47705078 4.7453327179
1477661652125 lifecam22 3009.3996582 4742.77880859 4.74890899658
1477661652199 lifecam22 2999.10131836 4740.94873047 4.73667526245
1477661652253 lifecam22 2996.47167969 4740.88769531 4.74435710907
1477661652325 lifecam22 2990.24487305 4740.953125 4.74608373642
1477661652393 lifecam22 2983.9621582 4740.87792969 4.75390958786
1477661652461 lifecam22 2977.10229492 4739.99023438 4.75208854675
1477661652592 lifecam22 2963.86279297 4736.73632812 4.75528335571
1477661652660 lifecam22 2956.71484375 4735.70361328 4.74754047394
1477661652724 lifecam22 2949.39306641 4734.51757812 4.74033641815
1477661652792 lifecam22 2942.93432617 4734.36767578 4.74107837677
1477661652860 lifecam22 2936.66333008 4734.62255859 4.74988603592
1477661652922 lifecam22 2930.04321289 4733.93798828 4.74903106689
1477661652993 lifecam22 2923.18554688 4733.35986328 4.74754190445
1477661653061 lifecam22 2916.78198242 4732.05322266 4.75115203857
1477661653129 lifecam22 2910.41381836 4731.00244141 4.75633335114
1477661653188 lifecam22 2903.18115234 4730.17529297 4.75390625
1477661653258 lifecam22 2895.82495117 4729.35644531 4.75034761429
1477661653324 lifecam22 2888.41894531 4728.52441406 4.74667072296
1477661653389 lifecam22 2882.84399414 4727.65185547 4.75338220596
1477661653456 lifecam22 2875.09960938 4726.37109375 4.74863052368
1477661653523 lifecam22 2870.26391602 4726.24267578 4.75766563416
1477661653655 lifecam22 2858.76538086 4725.55224609 4.77300453186
1477661653726 lifecam22 2851.63110352 4725.10546875 4.77153921127
1477661653792 lifecam22 2844.66235352 4724.65283203 4.77110052109
1477661653855 lifecam22 2837.66674805 4723.93115234 4.77068567276
1477661653924 lifecam22 2831.99755859 4722.79638672 4.76927232742
1477661653991 lifecam22 2825.13671875 4722.26367188 4.76896762848
1477661654056 lifecam22 2819.10083008 4721.57177734 4.77365016937
1477661654122 lifecam22 2812.34887695 4718.72705078 4.77013111115
1477661654190 lifecam22 2805.58813477 4718.25634766 4.76826953888
1477661654256 lifecam22 2798.20019531 4716.37548828 4.76005125046
1477661654393 lifecam22 2784.49804688 4714.33154297 4.75873994827
1477661654459 lifecam22 2777.84277344 4713.41845703 4.7578792572
1477661654524 lifecam22 2772.09130859 4713.52490234 4.76656866074
1477661654592 lifecam22 2764.74707031 4711.13232422 4.76370716095
1477661654660 lifecam22 2758.16650391 4710.86376953 4.76357412338
1477661654724 lifecam22 2751.98779297 4710.70703125 4.76727628708
1477661654790 lifecam22 2747.13500977 4711.30126953 4.77925777435
1477661654858 lifecam22 2741.0612793 4711.00488281 4.7833738327
1477661654924 lifecam22 2734.14038086 4709.62841797 4.78083181381
1477661654991 lifecam22 2727.43066406 4709.73632812 4.78687095642
1477661655126 lifecam22 2714.12963867 4706.48339844 4.78617048264
1477661655192 lifecam22 2706.74536133 4705.74169922 4.78679895401
1477661655259 lifecam22 2700.65600586 4704.51416016 4.78483915329
1477661655327 lifecam22 2693.33105469 4703.63330078 4.7829914093
1477661655391 lifecam22 2686.55151367 4703.46582031 4.78922271729
1477661655462 lifecam22 2680.09008789 4702.51855469 4.78896427155
1477661655525 lifecam22 2673.12744141 4701.37255859 4.78959798813
1477661655585 lifecam22 2666.31323242 4699.61328125 4.78553152084
1477661655657 lifecam22 2659.62426758 4697.53417969 4.77780342102
1477661655726 lifecam22 2652.73828125 4696.82519531 4.77610063553
1477661655861 lifecam22 2639.70410156 4694.91894531 4.77880382538
1477661655929 lifecam22 2632.94165039 4694.17919922 4.77817821503
1477661655998 lifecam22 2626.61328125 4691.16601562 4.77551746368
1477661656059 lifecam22 2620.78222656 4691.78320312 4.7835893631
1477661656120 lifecam22 2612.99462891 4690.07226562 4.77876329422
1477661656195 lifecam22 2609.43920898 4691.25195312 4.79433917999
1477661656259 lifecam22 2601.91113281 4690.18212891 4.79514884949
1477661656326 lifecam22 2595.60668945 4689.015625 4.79399967194
1477661656395 lifecam22 2589.16210938 4688.66992188 4.80040550232
1477661656459 lifecam22 2582.72363281 4687.21386719 4.80009078979
1477661656596 lifecam22 2568.30297852 4684.18359375 4.79176568985
1477661656662 lifecam22 2561.62426758 4684.14160156 4.79629564285
1477661656728 lifecam22 2555.24536133 4683.3828125 4.79912996292
1477661656793 lifecam22 2548.48999023 4682.13525391 4.8000459671
1477661656863 lifecam22 2541.75610352 4680.85888672 4.80157089233
1477661656926 lifecam22 2534.94848633 4679.07714844 4.7969956398
1477661656993 lifecam22 2528.11035156 4677.18994141 4.79487228394
1477661657062 lifecam22 2521.51196289 4676.49462891 4.79561567307
1477661657127 lifecam22 2514.84985352 4675.27148438 4.79287290573
1477661657194 lifecam22 2508.56054688 4674.30419922 4.79953956604
1477661657327 lifecam22 2495.38696289 4672.63085938 4.79841661453
1477661657394 lifecam22 2488.76391602 4671.18505859 4.79969024658
1477661657463 lifecam22 2483.34472656 4671.24365234 4.80679273605
1477661657530 lifecam22 2476.17016602 4669.14355469 4.80239152908
1477661657595 lifecam22 2470.98681641 4669.47265625 4.81021881104
1477661657662 lifecam22 2464.12011719 4667.00097656 4.80833482742
1477661657730 lifecam22 2457.54541016 4665.62207031 4.80881404877
1477661657796 lifecam22 2450.15820312 4663.70556641 4.80386257172
1477661657861 lifecam22 2443.93310547 4663.17675781 4.8063249588
1477661657929 lifecam22 2438.6652832 4661.96289062 4.81087732315
1477661658063 lifecam22 2424.65893555 4659.20214844 4.8084321022
1477661658132 lifecam22 2417.79296875 4658.57519531 4.80994319916
1477661658198 lifecam22 2411.36425781 4658.04736328 4.81195783615
1477661658262 lifecam22 2404.78222656 4656.43798828 4.80754995346
1477661658328 lifecam22 2398.07202148 4655.35302734 4.81056213379
1477661658399 lifecam22 2392.12255859 4654.89599609 4.81713581085
1477661658463 lifecam22 2384.41796875 4653.05126953 4.8172545433
1477661658529 lifecam22 2378.14428711 4652.43798828 4.81716918945
1477661658597 lifecam22 2370.95874023 4651.25292969 4.81737136841
1477661658662 lifecam22 2364.4609375 4649.60742188 4.81743240356
1477661658799 lifecam22 2350.76708984 4644.89550781 4.80810165405
1477661658865 lifecam22 2345.06396484 4644.21679688 4.81164073944
1477661658931 lifecam22 2338.14550781 4643.58300781 4.81594896317
1477661658999 lifecam22 2331.640625 4643.19091797 4.81884431839
1477661659066 lifecam22 2324.8503418 4641.39550781 4.81804895401
1477661659130 lifecam22 2319.05615234 4640.77246094 4.82078933716
1477661659197 lifecam22 2312.85083008 4639.359375 4.82432031631
1477661659265 lifecam22 2306.26513672 4638.54931641 4.82609128952
1477661659329 lifecam22 2299.90283203 4638.09814453 4.82855701447
1477661659397 lifecam22 2293.08203125 4634.54931641 4.82352161407
1477661659532 lifecam22 2279.68261719 4631.87060547 4.82155799866
1477661659601 lifecam22 2273.18383789 4630.58837891 4.82243299484
1477661659667 lifecam22 2266.90014648 4629.70556641 4.82575368881
1477661659735 lifecam22 2260.3269043 4627.56640625 4.82255268097
1477661659798 lifecam22 2255.24755859 4627.40087891 4.83068323135
1477661659868 lifecam22 2248.57739258 4626.40722656 4.83205795288
1477661659933 lifecam22 2242.76000977 4625.84179688 4.83311223984
1477661659999 lifecam22 2235.55175781 4624.45507812 4.83482789993
1477661660066 lifecam22 2230.046875 4623.35986328 4.83497524261
1477661660133 lifecam22 2222.99023438 4621.06103516 4.8318605423
1477661660269 lifecam22 2209.47265625 4618.81542969 4.83304834366
1477661660334 lifecam22 2202.28857422 4617.14794922 4.83367681503
1477661660400 lifecam22 2196.44458008 4615.18652344 4.8337059021
1477661660465 lifecam22 2188.92675781 4613.50488281 4.83338451385
1477661660533 lifecam22 2181.48730469 4611.43701172 4.82585668564
1477661660605 lifecam22 2175.2980957 4610.54248047 4.83241462708
1477661660666 lifecam22 2168.91210938 4609.71923828 4.8371758461
1477661660733 lifecam22 2162.14819336 4608.82470703 4.83837842941
1477661660803 lifecam22 2154.69116211 4607.04248047 4.8346247673
1477661660869 lifecam22 2148.46142578 4605.83398438 4.83452129364
1477661661002 lifecam22 2137.07470703 4604.30419922 4.84553909302
1477661661066 lifecam22 2130.64697266 4602.30322266 4.84713029861
1477661661133 lifecam22 2123.71728516 4599.83056641 4.84011983871
1477661661201 lifecam22 2118.16455078 4598.67773438 4.8393034935
1477661661268 lifecam22 2111.61181641 4596.89355469 4.84381341934
1477661661402 lifecam22 2098.13208008 4593.23046875 4.83743667603
1477661661471 lifecam22 2091.34350586 4591.8203125 4.83790779114
1477661661523 lifecam20 2023.21264648 4585.30273438 4.79469299316
1477661661538 lifecam22 2019.74169922 4584.71923828 4.79581785202
1477661661600 lifecam22 2016.73803711 4584.24804688 4.79823446274
1477661661662 lifecam20 2010.49401855 4583.99707031 4.80228567123
1477661661670 lifecam22 2007.48718262 4583.7109375 4.80455589294
1477661661734 lifecam22 2003.72644043 4582.85302734 4.80223369598
1477661661734 lifecam20 2000.40698242 4582.79638672 4.80530834198
1477661661791 lifecam20 1997.203125 4582.90234375 4.80702352524
1477661661800 lifecam22 1994.13354492 4582.37304688 4.80950403214
1477661661859 lifecam20 1990.9576416 4582.46337891 4.81217575073
1477661661868 lifecam22 1987.73498535 4581.65722656 4.81303691864
1477661661931 lifecam20 1984.66308594 4581.74609375 4.81813812256
1477661661934 lifecam22 1981.74755859 4581.50683594 4.82138586044
1477661661994 lifecam20 1978.62695312 4581.3203125 4.82371854782
1477661662001 lifecam22 1975.40966797 4580.74853516 4.82417964935
1477661662127 lifecam20 1968.56347656 4580.18457031 4.8275551796
1477661662136 lifecam22 1961.39892578 4577.94335938 4.82524633408
1477661662197 lifecam20 1958.60620117 4578.26855469 4.83076572418
1477661662204 lifecam22 1955.73742676 4577.57177734 4.83153820038
1477661662263 lifecam20 1952.54589844 4577.52246094 4.8347659111
1477661662269 lifecam22 1949.22045898 4576.58789062 4.83502388
1477661662332 lifecam20 1946.1875 4576.41601562 4.83995389938
1477661662339 lifecam22 1942.83398438 4575.59375 4.83948516846
1477661662400 lifecam20 1939.97338867 4575.69384766 4.84227132797
1477661662403 lifecam22 1936.63476562 4574.69482422 4.84088420868
1477661662457 lifecam20 1932.98132324 4575.02441406 4.84507608414
1477661662468 lifecam22 1929.21948242 4574.15039062 4.84483671188
1477661662527 lifecam20 1926.26245117 4574.17480469 4.84856700897
1477661662536 lifecam22 1923.30322266 4573.84375 4.84953784943
1477661662598 lifecam20 1920.29711914 4573.55566406 4.85280370712
1477661662602 lifecam22 1917.42651367 4573.00537109 4.85450458527
1477661662663 lifecam20 1913.84179688 4571.609375 4.85223674774
1477661662669 lifecam22 1910.03710938 4570.29882812 4.85046291351
1477661662728 lifecam20 1907.15698242 4569.93261719 4.85111379623
1477661662737 lifecam22 1904.33569336 4569.47753906 4.85098457336
1477661662863 lifecam20 1897.78710938 4568.48779297 4.85335159302
1477661662872 lifecam22 1891.3717041 4567.26757812 4.8576002121
1477661662927 lifecam20 1888.16442871 4566.42773438 4.85904073715
1477661662936 lifecam22 1885.23425293 4565.72851562 4.8608174324
1477661662994 lifecam20 1881.76611328 4564.87402344 4.85990571976
1477661663008 lifecam22 1878.49267578 4564.09619141 4.86029958725
1477661663059 lifecam20 1875.17602539 4563.02148438 4.85977458954
1477661663069 lifecam22 1872.00610352 4562.14941406 4.85930395126
1477661663132 lifecam20 1868.56018066 4561.41699219 4.86051225662
1477661663138 lifecam22 1865.31738281 4560.47167969 4.86179733276
1477661663208 lifecam22 1862.08361816 4559.63769531 4.86147403717
1477661663269 lifecam22 1858.61315918 4558.60351562 4.86027383804
1477661663269 lifecam20 1852.03295898 4556.92236328 4.85973024368
1477661663329 lifecam20 1848.35400391 4555.9375 4.85777235031
1477661663339 lifecam22 1845.06640625 4555.23535156 4.85818910599
1477661663398 lifecam20 1841.88964844 4554.91015625 4.86165428162
1477661663408 lifecam22 1838.84375 4554.32861328 4.86348485947
1477661663464 lifecam20 1835.42797852 4553.60742188 4.8632311821
1477661663476 lifecam22 1832.13879395 4552.8046875 4.86198568344
1477661663528 lifecam20 1828.96411133 4552.41210938 4.86463451385
1477661663600 lifecam22 1822.38916016 4550.76660156 4.86554145813
1477661663664 lifecam20 1815.35546875 4548.7265625 4.8621263504
1477661663673 lifecam22 1811.99853516 4547.77050781 4.86055231094
1477661663727 lifecam20 1808.6829834 4546.97363281 4.86291027069
1477661663736 lifecam22 1805.36328125 4546.08789062 4.86439085007
1477661663795 lifecam20 1802.20605469 4545.65917969 4.86694097519
1477661663806 lifecam22 1799.04052734 4545.18945312 4.86849403381
1477661663870 lifecam20 1795.4519043 4544.35693359 4.86838054657
1477661663876 lifecam22 1791.99450684 4543.52246094 4.8678355217
1477661663937 lifecam22 1788.44311523 4542.19091797 4.86555480957
1477661663999 lifecam20 1781.3536377 4539.96337891 4.86235618591
1477661664009 lifecam22 1778.29968262 4539.171875 4.86409091949
1477661664068 lifecam20 1774.87939453 4538.16357422 4.86458778381
1477661664074 lifecam22 1771.76904297 4537.68798828 4.86623382568
1477661664136 lifecam20 1768.62561035 4537.12304688 4.8674030304
1477661664139 lifecam22 1765.34777832 4535.86523438 4.86656522751
1477661664196 lifecam20 1761.81176758 4535.12304688 4.86596488953
1477661664204 lifecam22 1758.4296875 4534.32324219 4.8665356636
1477661664254 lifecam20 1755.54345703 4534.00537109 4.86924028397
1477661664267 lifecam22 1752.58984375 4533.90625 4.87173557281
1477661664335 lifecam20 1748.88586426 4532.93554688 4.87234306335
1477661664343 lifecam22 1745.09399414 4531.74023438 4.87072372437
1477661664398 lifecam20 1741.7175293 4531.07617188 4.86970281601
1477661664405 lifecam22 1738.71118164 4530.53466797 4.87185096741
1477661664468 lifecam20 1735.65246582 4529.70800781 4.87363100052
1477661664474 lifecam22 1732.94238281 4528.86572266 4.87411212921
1477661664535 lifecam20 1729.67163086 4528.00878906 4.87456226349
1477661664542 lifecam22 1726.12280273 4526.96777344 4.87338066101
1477661664599 lifecam20 1722.74365234 4526.31201172 4.87411642075
1477661664605 lifecam22 1719.58898926 4525.87988281 4.87619924545
1477661664734 lifecam20 1712.91845703 4524.21875 4.87722301483
1477661664802 lifecam20 1633.63745117 4525.46044922 4.87140750885
1477661664807 lifecam22 1700.48242188 4519.95947266 4.87489748001
1477661664865 lifecam20 1696.90307617 4518.7109375 4.8722410202
1477661664872 lifecam22 1693.2746582 4517.46777344 4.87124729156
1477661664935 lifecam20 1690.06713867 4516.62792969 4.87118148804
1477661664942 lifecam22 1687.1706543 4515.734375 4.87068653107
1477661664998 lifecam20 1684.03100586 4515.15185547 4.8728351593
1477661665010 lifecam22 1680.86047363 4514.29345703 4.87375354767
1477661665063 lifecam20 1677.24389648 4513.359375 4.87335920334
1477661665132 lifecam20 1673.69799805 4512.85058594 4.87452793121
1477661665143 lifecam22 1667.265625 4511.48095703 4.87723922729
1477661665202 lifecam20 1663.9909668 4510.91650391 4.87753152847
1477661665212 lifecam22 1660.63989258 4510.67041016 4.87916851044
1477661665265 lifecam20 1657.47338867 4509.9140625 4.88308668137
1477661665273 lifecam22 1654.32617188 4508.91210938 4.88406896591
1477661665331 lifecam20 1651.27636719 4508.2109375 4.88581514359
1477661665340 lifecam22 1648.1574707 4507.32910156 4.8866314888
1477661665401 lifecam20 1644.42053223 4506.30908203 4.88318681717
1477661665409 lifecam22 1641.20336914 4505.86132812 4.88578653336
1477661665468 lifecam20 1637.90454102 4504.53076172 4.88478040695
1477661665480 lifecam22 1634.7355957 4503.34179688 4.8839635849
1477661665537 lifecam20 1631.74755859 4502.875 4.88697957993
1477661665543 lifecam22 1628.53088379 4502.20410156 4.88845729828
1477661665603 lifecam20 1624.28491211 4501.25244141 4.88823604584
1477661665609 lifecam22 1620.10498047 4499.5625 4.88304901123
1477661665671 lifecam20 1617.3125 4498.68457031 4.88274002075
1477661665677 lifecam22 1614.55273438 4497.94189453 4.88366508484
1477661665736 lifecam20 1611.08886719 4496.52197266 4.88258314133
1477661665743 lifecam22 1607.80566406 4495.31689453 4.88198900223
1477661665868 lifecam20 1601.06970215 4493.27832031 4.88074970245
1477661665876 lifecam22 1595.12475586 4491.19580078 4.88118028641
1477661665934 lifecam20 1591.47509766 4490.35058594 4.87957239151
1477661665940 lifecam22 1588.05957031 4489.99609375 4.88275194168
1477661665999 lifecam20 1585.05651855 4489.64892578 4.8876209259
1477661666008 lifecam22 1581.96362305 4489.15478516 4.88875865936
1477661666066 lifecam20 1578.86083984 4488.65917969 4.89101934433
1477661666077 lifecam22 1575.4720459 4487.62988281 4.88950204849
1477661666128 lifecam20 1571.72314453 4486.80615234 4.88846731186
1477661666142 lifecam22 1568.22094727 4485.72851562 4.88799905777
1477661666267 lifecam20 1562.12207031 4484.10742188 4.89039087296
1477661666279 lifecam22 1555.89477539 4482.65332031 4.89273309708
1477661666343 lifecam22 1552.97827148 4481.65527344 4.89445829391
1477661666342 lifecam20 1549.69360352 4481.00878906 4.89781951904
1477661666401 lifecam20 1546.25878906 4479.86914062 4.89625740051
1477661666409 lifecam22 1542.97192383 4478.75 4.89586496353
1477661666458 lifecam20 1539.48583984 4477.796875 4.89487743378
1477661666471 lifecam22 1536.6126709 4477.24462891 4.89508676529
1477661666536 lifecam20 1533.50561523 4475.88916016 4.89624881744
1477661666547 lifecam22 1530.10083008 4474.66113281 4.89774179459
1477661666603 lifecam20 1526.73925781 4473.97851562 4.89627170563
1477661666610 lifecam22 1523.7800293 4473.06445312 4.89634943008
1477661666667 lifecam20 1520.35424805 4471.82470703 4.89693784714
1477661666676 lifecam22 1517.08837891 4470.78466797 4.89714002609
1477661666736 lifecam20 1513.61352539 4469.8984375 4.89675807953
1477661666744 lifecam22 1510.29663086 4468.99169922 4.89628410339
1477661666800 lifecam20 1506.68725586 4468.03320312 4.89652299881
1477661666808 lifecam22 1503.5378418 4467.10351562 4.89619445801
1477661666871 lifecam20 1500.18017578 4466.13037109 4.89538431168
1477661666877 lifecam22 1496.90563965 4465.31152344 4.89730072021
1477661667009 lifecam22 1490.23901367 4463.79296875 4.89802360535
1477661667008 lifecam20 1483.70263672 4462.41601562 4.90064668655
1477661667067 lifecam20 1480.05432129 4461.28417969 4.90045833588
1477661667079 lifecam22 1476.80102539 4460.02392578 4.89958715439
1477661667135 lifecam20 1473.47253418 4459.19677734 4.89947414398
1477661667144 lifecam22 1470.03540039 4458.09326172 4.89907407761
1477661667203 lifecam20 1466.53442383 4457.28662109 4.90029859543
1477661667211 lifecam22 1463.18322754 4456.54199219 4.90139961243
1477661667267 lifecam20 1459.85473633 4455.88769531 4.90363693237
1477661667275 lifecam22 1456.63452148 4455.30371094 4.90594577789
1477661667404 lifecam20 1449.43310547 4453.32910156 4.90368127823
1477661667413 lifecam22 1442.42358398 4450.95361328 4.90113449097
1477661667468 lifecam20 1438.95922852 4449.64453125 4.90006685257
1477661667477 lifecam22 1435.66943359 4448.81347656 4.89984464645
1477661667535 lifecam20 1432.25463867 4447.70361328 4.90044260025
1477661667544 lifecam22 1429.30773926 4446.69726562 4.90198612213
1477661667602 lifecam20 1425.67895508 4446.03320312 4.90407514572
1477661667615 lifecam22 1422.06762695 4444.79882812 4.9028878212
1477661667679 lifecam22 1418.91955566 4444.20654297 4.9047036171
1477661667678 lifecam20 1415.92944336 4443.25683594 4.90501022339
1477661667742 lifecam20 1412.06518555 4442.2578125 4.90598583221
1477661667747 lifecam22 1408.32312012 4441.34716797 4.90649747849
1477661667804 lifecam20 1405.02954102 4440.68994141 4.90624141693
1477661667811 lifecam22 1402.3293457 4440.24609375 4.90945577621
1477661667876 lifecam20 1398.97277832 4439.74316406 4.91268157959
1477661667877 lifecam22 1395.49414062 4438.73339844 4.91299962997
1477661667939 lifecam20 1391.86230469 4437.05761719 4.90983867645
1477661667945 lifecam22 1388.81591797 4435.71142578 4.90977621078
1477661668006 lifecam20 1385.77648926 4435.00683594 4.91096353531
1477661668014 lifecam22 1382.73291016 4434.49414062 4.91190862656
1477661668135 lifecam20 1376.00341797 4432.79199219 4.91427373886
1477661668145 lifecam22 1369.32495117 4430.25488281 4.91180753708
1477661668205 lifecam20 1366.08178711 4428.68896484 4.91021823883
1477661668212 lifecam22 1362.96484375 4427.60449219 4.91181707382
1477661668271 lifecam20 1359.83447266 4426.58007812 4.91273880005
1477661668281 lifecam22 1356.43212891 4425.18798828 4.91074848175
1477661668331 lifecam20 1352.74707031 4424.13769531 4.9095158577
1477661668342 lifecam22 1349.60192871 4423.33300781 4.91049575806
1477661668402 lifecam20 1346.17358398 4422.0859375 4.90953445435
1477661668411 lifecam22 1342.86645508 4420.68457031 4.90838432312
1477661668545 lifecam20 1336.12597656 4418.96826172 4.91096591949
1477661668547 lifecam22 1329.52819824 4417.20410156 4.91096687317
1477661668606 lifecam20 1326.60412598 4416.43017578 4.91236877441
1477661668615 lifecam22 1323.7890625 4415.69628906 4.91576290131
1477661668675 lifecam20 1320.2154541 4414.70507812 4.91523885727
1477661668682 lifecam22 1317.56835938 4414.38720703 4.91841650009
1477661668738 lifecam20 1314.47387695 4413.74853516 4.91931152344
1477661668749 lifecam22 1311.1418457 4412.93847656 4.92049884796
1477661668803 lifecam20 1307.62768555 4412.23779297 4.92259597778
1477661668812 lifecam22 1304.15026855 4410.98925781 4.92108011246
1477661668885 lifecam22 1301.3137207 4409.87402344 4.92266368866
1477661668941 lifecam20 1294.92797852 4407.77832031 4.92318534851
1477661668951 lifecam22 1291.77539062 4406.77441406 4.92136335373
1477661669001 lifecam20 1288.38012695 4405.72021484 4.92245912552
1477661669012 lifecam22 1284.82299805 4404.74804688 4.92397022247
1477661669074 lifecam20 1281.16748047 4403.83398438 4.92440462112
1477661669083 lifecam22 1277.87988281 4402.77880859 4.92565584183
1477661669139 lifecam20 1274.58227539 4401.20605469 4.92352581024
1477661669147 lifecam22 1271.33813477 4399.68359375 4.92061328888
1477661669214 lifecam22 1268.05761719 4398.95166016 4.92210626602
1477661669269 lifecam20 1260.95898438 4396.45166016 4.92156648636
1477661669279 lifecam22 1257.8572998 4394.71728516 4.91911554337
1477661669338 lifecam20 1255.0838623 4393.74609375 4.91916942596
1477661669347 lifecam22 1252.08081055 4392.92871094 4.92030191422
1477661669406 lifecam20 1248.34069824 4391.83007812 4.92196559906
1477661669415 lifecam22 1244.66809082 4390.50195312 4.92286586761
1477661669474 lifecam20 1241.29760742 4389.42871094 4.92099475861
1477661669480 lifecam22 1238.17797852 4388.48193359 4.91941213608
1477661669536 lifecam20 1234.88830566 4388.24316406 4.92243003845
1477661669552 lifecam22 1232.00415039 4387.61523438 4.92440080643
1477661669668 lifecam20 1225.60803223 4385.36230469 4.9242310524
1477661669681 lifecam22 1219.20605469 4383.64697266 4.92690134048
1477661669740 lifecam20 1216.02587891 4382.70654297 4.93028831482
1477661669748 lifecam22 1213.06323242 4381.68945312 4.9317150116
1477661669812 lifecam20 1209.36083984 4380.57861328 4.93005752563
1477661669817 lifecam22 1206.07324219 4379.19238281 4.92934608459
1477661669867 lifecam20 1203.25488281 4378.63769531 4.93140268326
1477661669879 lifecam22 1200.15637207 4377.82714844 4.92989635468
1477661669941 lifecam20 1196.80175781 4376.23535156 4.92912101746
1477661669948 lifecam22 1193.66625977 4374.89599609 4.93101644516
1477661670004 lifecam20 1190.70092773 4374.33300781 4.93360233307
1477661670014 lifecam22 1187.57885742 4373.41503906 4.93318033218
1477661670077 lifecam20 1183.78222656 4372.18994141 4.93336868286
1477661670080 lifecam22 1180.72753906 4371.203125 4.93444728851
1477661670141 lifecam20 1177.75512695 4369.65429688 4.93214273453
1477661670148 lifecam22 1174.74609375 4368.07910156 4.93118190765
1477661670206 lifecam20 1171.30761719 4366.92382812 4.93041086197
1477661670218 lifecam22 1168.19226074 4366.171875 4.93088722229
1477661670274 lifecam20 1164.82714844 4364.64990234 4.93084669113
1477661670282 lifecam22 1161.45751953 4362.93505859 4.9293589592
1477661670407 lifecam20 1154.62231445 4361.35693359 4.93204641342
1477661670415 lifecam22 1148.00085449 4359.82177734 4.93490362167
1477661670474 lifecam20 1145.25610352 4359.18359375 4.93473911285
1477661670485 lifecam22 1142.5703125 4358.17431641 4.9339132309
1477661670535 lifecam20 1139.00305176 4356.98095703 4.93510770798
1477661670549 lifecam22 1135.83642578 4356.31054688 4.93877315521
1477661670605 lifecam20 1132.69445801 4355.36181641 4.93926858902
1477661670614 lifecam22 1129.484375 4353.80371094 4.93645763397
1477661670674 lifecam20 1126.36853027 4352.78515625 4.93644857407
1477661670682 lifecam22 1123.19165039 4351.87451172 4.9372177124
1477661670758 lifecam22 1119.85559082 4350.99658203 4.9391951561
1477661670811 lifecam20 1112.81555176 4348.91259766 4.94070625305
1477661670816 lifecam22 1109.80236816 4347.84033203 4.94204425812
1477661670876 lifecam20 1106.33557129 4346.65332031 4.94160318375
1477661670884 lifecam22 1103.19506836 4345.49804688 4.94134616852
1477661670943 lifecam20 1100.10534668 4344.30908203 4.94230270386
1477661670951 lifecam22 1096.9921875 4343.29101562 4.94376087189
1477661671009 lifecam20 1093.39196777 4342.12207031 4.94413280487
1477661671015 lifecam22 1089.92199707 4340.703125 4.94329500198
1477661671074 lifecam20 1086.74682617 4339.21533203 4.9419426918
1477661671145 lifecam20 1083.49304199 4338.078125 4.94216537476
1477661671153 lifecam22 1077.59899902 4335.66503906 4.94204473495
1477661671203 lifecam20 1074.1953125 4334.79296875 4.94289302826
1477661671215 lifecam22 1070.51538086 4333.74609375 4.94243192673
1477661671278 lifecam20 1067.16516113 4332.80957031 4.94429254532
1477661671285 lifecam22 1064.09753418 4331.98339844 4.94561433792
1477661671348 lifecam20 1060.59790039 4330.81152344 4.94440364838
1477661671354 lifecam22 1057.30200195 4329.45507812 4.94430589676
1477661671408 lifecam20 1053.87023926 4328.28076172 4.94357633591
1477661671416 lifecam22 1050.67224121 4326.96582031 4.93976259232
1477661671543 lifecam20 1044.91186523 4324.91552734 4.94056415558
1477661671552 lifecam22 1039.34814453 4323.26367188 4.94759130478
1477661671615 lifecam20 1035.81005859 4321.88964844 4.948387146
1477661671619 lifecam22 1032.70751953 4320.88476562 4.94818782806
1477661671674 lifecam20 1029.64746094 4320.05273438 4.95125436783
1477661671683 lifecam22 1026.47851562 4318.44189453 4.95042991638
1477661671744 lifecam20 1023.34423828 4317.27685547 4.9487528801
1477661671754 lifecam22 1020.65148926 4316.87695312 4.95124769211
1477661671815 lifecam20 1017.17272949 4315.02148438 4.94941329956
1477661671821 lifecam22 1013.68127441 4313.0234375 4.94803524017
1477661671946 lifecam20 1007.15869141 4310.69140625 4.94846153259
1477661671954 lifecam22 1000.76159668 4308.22167969 4.9471616745
1477661672010 lifecam20 997.641113281 4307.43505859 4.94841194153
1477661672019 lifecam22 994.642089844 4306.25244141 4.94794130325
1477661672071 lifecam20 991.127319336 4305.09082031 4.94861412048
1477661672081 lifecam22 988.30847168 4304.46240234 4.95128011703
1477661672142 lifecam20 985.050720215 4303.66308594 4.95267438889
1477661672150 lifecam22 981.800109863 4302.73925781 4.95418977737
1477661672210 lifecam20 978.741943359 4302.01220703 4.95635032654
1477661672218 lifecam22 975.459716797 4301.12744141 4.95571565628
1477661672281 lifecam20 972.063598633 4299.89013672 4.95504713058
1477661672286 lifecam22 968.860229492 4298.79882812 4.95893096924
1477661672348 lifecam20 965.315368652 4297.890625 4.96015930176
1477661672353 lifecam22 962.629577637 4296.875 4.95893526077
1477661672411 lifecam20 959.374511719 4295.38574219 4.95850372314
1477661672419 lifecam22 956.308349609 4294.04980469 4.95790576935
1477661672480 lifecam20 953.296875 4293.00244141 4.95998239517
1477661672487 lifecam22 949.723022461 4291.47851562 4.9582657814
1477661672546 lifecam20 946.170898438 4290.42480469 4.95816802979
1477661672552 lifecam22 943.126342773 4289.55957031 4.95937395096
1477661672678 lifecam20 936.49432373 4287.20019531 4.96126842499
1477661672686 lifecam22 930.266967773 4284.57666016 4.96228456497
1477661672739 lifecam20 927.13659668 4282.94921875 4.96036052704
1477661672749 lifecam22 923.656860352 4281.49804688 4.95810270309
1477661672810 lifecam20 920.177490234 4280.13769531 4.95666408539
1477661672822 lifecam22 917.12701416 4278.92382812 4.9584608078
1477661672878 lifecam20 913.944335938 4277.76953125 4.96035432816
1477661672887 lifecam22 910.513061523 4276.125 4.95986032486
1477661672951 lifecam22 907.171875 4274.93359375 4.95783233643
1477661672949 lifecam20 903.557373047 4273.46875 4.95599126816
1477661673084 lifecam20 897.003417969 4271.77050781 4.95801401138
1477661673087 lifecam22 890.997131348 4270.1015625 4.96159744263
1477661673151 lifecam20 887.552001953 4269.05859375 4.96290445328
1477661673156 lifecam22 884.233886719 4268.16357422 4.9639377594
1477661673212 lifecam20 881.06652832 4266.51953125 4.96307468414
1477661673222 lifecam22 878.399963379 4265.17089844 4.96475172043
1477661673278 lifecam20 875.162231445 4264.19335938 4.96454191208
1477661673286 lifecam22 872.021606445 4263.27636719 4.9636631012
1477661673346 lifecam20 868.983032227 4262.140625 4.96694040298
1477661673356 lifecam22 865.939575195 4260.65332031 4.96741104126
1477661673407 lifecam20 862.78894043 4259.65136719 4.9668097496
1477661673419 lifecam22 859.840698242 4258.75683594 4.96971035004
1477661673478 lifecam20 856.565429688 4257.37402344 4.97129106522
1477661673486 lifecam22 853.235900879 4256.07568359 4.97051048279
1477661673548 lifecam22 852.546508789 4255.59667969 4.97085952759
1477661673606 lifecam20 851.866210938 4255.50292969 4.97104978561
1477661673617 lifecam22 852.677612305 4255.765625 4.96974468231
1477661673678 lifecam20 852.016845703 4255.77636719 4.97266483307
1477661673686 lifecam22 851.19354248 4255.70166016 4.97300863266
1477661673752 lifecam20 851.205566406 4255.30419922 4.9693236351
1477661673765 lifecam22 851.698364258 4255.18652344 4.96888017654
1477661673820 lifecam22 851.45690918 4255.35839844 4.96983194351
1477661673820 lifecam20 851.466308594 4255.52832031 4.97079086304
