1477662939917 lifecam22 3377.78344727 4779.3984375 4.71042346954
1477662939985 lifecam22 3377.78344727 4779.3984375 4.71042346954
1477662940120 lifecam22 3378.51611328 4784.80175781 4.71709442139
1477662940187 lifecam22 3375.95825195 4785.59033203 4.69399404526
1477662940653 lifecam22 3373.28588867 4778.71386719 4.67037677765
1477662940789 lifecam22 3377.53710938 4779.29443359 4.70819234848
1477662940853 lifecam22 3377.78344727 4779.3984375 4.71042346954
1477662940920 lifecam22 3379.22924805 4779.92675781 4.71421909332
1477662940991 lifecam22 3377.53710938 4779.29443359 4.70819234848
1477662941057 lifecam22 3377.78344727 4779.3984375 4.71042346954
1477662941188 lifecam22 3377.78344727 4779.3984375 4.71042346954
1477662941254 lifecam22 3377.53710938 4779.29443359 4.70819234848
1477662941322 lifecam22 3377.53710938 4779.29443359 4.70819234848
1477662941388 lifecam22 3377.31420898 4779.21582031 4.70617818832
1477662941452 lifecam22 3377.11499023 4779.16064453 4.70437765121
1477662941523 lifecam22 3377.48413086 4779.39404297 4.70657300949
1477662941587 lifecam22 3377.78344727 4779.3984375 4.71042346954
1477662941654 lifecam22 3377.53710938 4779.29443359 4.70819234848
1477662941720 lifecam22 3377.78344727 4779.3984375 4.71042346954
1477662941787 lifecam22 3377.31420898 4779.21582031 4.70617818832
1477662941863 lifecam22 3379.16210938 4779.59375 4.70832586288
1477662941924 lifecam22 3379.18237305 4779.00341797 4.70164823532
1477662941988 lifecam22 3377.43701172 4779.08154297 4.70598983765
1477662942055 lifecam22 3375.20043945 4778.28125 4.68361520767
1477662942124 lifecam22 3378.20751953 4778.33789062 4.6791062355
1477662942257 lifecam22 3377.31420898 4779.21582031 4.70617818832
1477662942322 lifecam22 3377.21972656 4779.00390625 4.70420789719
1477662942389 lifecam22 3374.85009766 4780.20898438 4.71685218811
1477662942455 lifecam22 3365.40307617 4780.68261719 4.72381162643
1477662942522 lifecam22 3360.48803711 4781.12695312 4.72798633575
1477662942598 lifecam22 3353.48828125 4781.12744141 4.72798681259
1477662942655 lifecam22 3346.8269043 4781.12695312 4.72798204422
1477662942724 lifecam22 3340.8684082 4781.31591797 4.72975444794
1477662942791 lifecam22 3332.62963867 4781.12841797 4.72799968719
1477662942860 lifecam22 3328.61621094 4781.88769531 4.73508834839
1477662942990 lifecam22 3314.24780273 4780.25488281 4.72718906403
1477662943057 lifecam22 3306.42919922 4777.89355469 4.71702957153
1477662943124 lifecam22 3300.87231445 4777.15478516 4.7308511734
1477662943192 lifecam22 3294.30834961 4777.00537109 4.73457336426
1477662943258 lifecam22 3287.7824707 4776.68554688 4.73924970627
1477662943390 lifecam22 3273.04541016 4774.11328125 4.72785663605
1477662943459 lifecam22 3267.7199707 4774.87792969 4.73499679565
1477662943528 lifecam22 3260.72021484 4774.87792969 4.73499679565
1477662943593 lifecam22 3253.82788086 4774.69433594 4.73328447342
1477662943657 lifecam22 3247.16796875 4774.73535156 4.73366928101
1477662943726 lifecam22 3240.46191406 4774.87890625 4.73501014709
1477662943791 lifecam22 3233.46191406 4774.87890625 4.73500919342
1477662943860 lifecam22 3228.06323242 4774.87109375 4.74313402176
1477662943927 lifecam22 3221.77294922 4774.35888672 4.74237728119
1477662943994 lifecam22 3216.11181641 4771.34667969 4.74927759171
1477662944124 lifecam22 3201.65283203 4770.45263672 4.746342659
1477662944193 lifecam22 3193.08740234 4767.43945312 4.73090982437
1477662944263 lifecam22 3187.42431641 4766.58935547 4.72293376923
1477662944327 lifecam22 3180.23486328 4766.50488281 4.72213459015
1477662944393 lifecam22 3175.36303711 4767.66210938 4.73298788071
1477662944459 lifecam22 3169.19897461 4768.00097656 4.73914003372
1477662944526 lifecam22 3162.75317383 4768.13183594 4.74177598953
1477662944593 lifecam22 3156.18334961 4768.30517578 4.74603462219
1477662944658 lifecam22 3150.45068359 4768.16699219 4.75767374039
1477662944725 lifecam22 3144.28515625 4767.25146484 4.76341533661
1477662944859 lifecam22 3129.37475586 4764.41015625 4.75432109833
1477662944929 lifecam22 3122.61865234 4764.37060547 4.75511884689
1477662944996 lifecam22 3115.56640625 4764.17285156 4.75455284119
1477662945063 lifecam22 3108.59521484 4763.00585938 4.74983978271
1477662945127 lifecam22 3101.60620117 4762.16455078 4.74706840515
1477662945194 lifecam22 3095.10253906 4761.95166016 4.75036096573
1477662945260 lifecam22 3090.16064453 4762.25048828 4.766685009
1477662945326 lifecam22 3083.49951172 4760.97705078 4.76782464981
1477662945393 lifecam22 3076.2512207 4759.36132812 4.76472663879
1477662945459 lifecam22 3069.41821289 4758.93212891 4.76218080521
1477662945595 lifecam22 3055.49780273 4757.49365234 4.75679349899
1477662945663 lifecam22 3048.93286133 4757.06347656 4.75397157669
1477662945729 lifecam22 3041.90649414 4755.07714844 4.74456119537
1477662945798 lifecam22 3036.78637695 4756.24169922 4.75418806076
1477662945861 lifecam22 3031.4543457 4755.89111328 4.76470327377
1477662945996 lifecam22 3019.23364258 4754.22363281 4.77058458328
1477662946063 lifecam22 3012.19970703 4752.87451172 4.76828813553
1477662946128 lifecam22 3005.59643555 4752.26513672 4.7651143074
1477662946194 lifecam22 2998.125 4751.01074219 4.7591381073
1477662946266 lifecam22 2990.58105469 4750.36132812 4.75606060028
1477662946329 lifecam22 2985.18994141 4750.47070312 4.76065444946
1477662946395 lifecam22 2977.69335938 4750.00195312 4.76129961014
1477662946463 lifecam22 2971.76464844 4749.98730469 4.76950597763
1477662946530 lifecam22 2965.73828125 4749.49267578 4.77705526352
1477662946662 lifecam22 2951.8737793 4746.81054688 4.7746796608
1477662946730 lifecam22 2944.92578125 4746.37792969 4.77357292175
1477662946797 lifecam22 2937.83837891 4745.83886719 4.77118635178
1477662946862 lifecam22 2931.10058594 4745.02880859 4.77085399628
1477662946929 lifecam22 2924.30273438 4744.14111328 4.77206373215
1477662947001 lifecam22 2918.4362793 4743.89794922 4.77658843994
1477662947063 lifecam22 2912.81958008 4743.49902344 4.78505134583
1477662947130 lifecam22 2905.95336914 4742.90380859 4.78583145142
1477662947195 lifecam22 2899.60742188 4742.02734375 4.78236913681
1477662947263 lifecam22 2891.3762207 4740.19433594 4.77767848969
1477662947397 lifecam22 2878.65820312 4738.578125 4.77458620071
1477662947465 lifecam22 2872.41552734 4738.4453125 4.77868270874
1477662947531 lifecam22 2866.54394531 4737.72558594 4.78264713287
1477662947667 lifecam22 2854.17944336 4736.85839844 4.79103851318
1477662947744 lifecam22 2846.72192383 4734.14697266 4.78325223923
1477662947800 lifecam22 2839.69140625 4733.25732422 4.7801232338
1477662947870 lifecam22 2832.85449219 4732.08984375 4.77979040146
1477662947938 lifecam22 2826.45288086 4731.25878906 4.77697086334
1477662947985 lifecam20 2352.42285156 3530.68017578 0.00515601225197
1477662948006 lifecam22 2349.34619141 3530.44287109 0.00817257259041
1477662948138 lifecam22 2808.56469727 4730.92626953 4.79288101196
1477662948206 lifecam22 2801.2565918 4730.625 4.79792118073
1477662948270 lifecam22 2795.0090332 4729.54345703 4.79738330841
1477662948408 lifecam22 2781.18310547 4727.09814453 4.79302120209
1477662948471 lifecam22 2775.0690918 4726.86572266 4.79749774933
1477662948540 lifecam22 2768.18920898 4726.12304688 4.79791975021
1477662948607 lifecam22 2762.62060547 4724.74755859 4.79984235764
1477662948675 lifecam22 2754.77905273 4723.13427734 4.79658269882
1477662948737 lifecam22 2747.95581055 4721.38085938 4.79052591324
1477662948808 lifecam22 2740.9831543 4719.76855469 4.7879076004
1477662948874 lifecam22 2734.5012207 4719.45898438 4.78984117508
1477662948941 lifecam22 2728.37939453 4719.44873047 4.79788446426
1477662949010 lifecam22 2721.6574707 4719.16357422 4.80012130737
1477662949076 lifecam22 2715.26098633 4718.49658203 4.80105209351
1477662949147 lifecam22 2708.08813477 4717.01660156 4.80123567581
1477662949206 lifecam22 2701.62084961 4716.95751953 4.80032634735
1477662949266 lifecam22 2694.39672852 4714.85888672 4.79855680466
1477662949335 lifecam22 2687.8684082 4713.92724609 4.8019323349
1477662949403 lifecam22 2682.64550781 4713.8984375 4.80826759338
1477662949534 lifecam22 2670.01245117 4711.53710938 4.80808877945
1477662949602 lifecam22 2662.2890625 4709.66943359 4.80241823196
1477662949671 lifecam22 2656.08666992 4708.62207031 4.80233860016
1477662949733 lifecam22 2650.10742188 4708.30810547 4.80971908569
1477662949801 lifecam22 2642.98950195 4707.13525391 4.80979681015
1477662949934 lifecam22 2630.36303711 4706.30419922 4.8135638237
1477662950002 lifecam22 2623.43334961 4705.609375 4.8134803772
1477662950068 lifecam22 2616.86279297 4703.88964844 4.81230354309
1477662950134 lifecam22 2610.3737793 4702.49560547 4.81299686432
1477662950202 lifecam22 2603.3828125 4702.17480469 4.81472349167
1477662950269 lifecam22 2596.64526367 4700.86621094 4.81574869156
1477662950335 lifecam22 2589.44799805 4699.62548828 4.8128361702
1477662950402 lifecam22 2582.66552734 4698.15527344 4.8090596199
1477662950471 lifecam22 2575.75073242 4696.30371094 4.80612754822
1477662950539 lifecam22 2569.3527832 4695.5546875 4.81283140182
1477662950668 lifecam22 2555.76928711 4694.05029297 4.8149805069
1477662950739 lifecam22 2549.98461914 4693.96533203 4.81793832779
1477662950802 lifecam22 2542.70874023 4693.05566406 4.81703996658
1477662950870 lifecam22 2536.87036133 4691.50195312 4.81966543198
1477662950937 lifecam22 2530.45874023 4691.03320312 4.82228422165
1477662951002 lifecam22 2524.69360352 4689.09521484 4.82320737839
1477662951069 lifecam22 2518.24755859 4689.01464844 4.82807445526
1477662951141 lifecam22 2511.56982422 4687.35205078 4.82481575012
1477662951208 lifecam22 2504.55371094 4685.26464844 4.81921195984
1477662951271 lifecam22 2498.27636719 4684.55371094 4.82350063324
1477662951406 lifecam22 2486.02490234 4682.00390625 4.82569122314
1477662951466 lifecam22 2479.13720703 4681.42431641 4.82738018036
1477662951537 lifecam22 2472.25537109 4680.3671875 4.82723045349
1477662951599 lifecam22 2465.42504883 4679.56689453 4.82738208771
1477662951665 lifecam22 2459.66870117 4679.41845703 4.83379507065
1477662951736 lifecam22 2453.23828125 4678.46826172 4.83612966537
1477662951801 lifecam22 2446.30761719 4676.00683594 4.83162641525
1477662951867 lifecam22 2439.76074219 4675.68310547 4.8356423378
1477662951937 lifecam22 2433.90942383 4674.94726562 4.83748626709
1477662952009 lifecam22 2426.57495117 4673.16015625 4.83474588394
1477662952140 lifecam22 2413.19189453 4670.02734375 4.83302927017
1477662952211 lifecam22 2406.77685547 4668.45556641 4.83391952515
1477662952272 lifecam22 2399.49438477 4667.36816406 4.8331284523
1477662952339 lifecam22 2393.45019531 4666.75830078 4.83895158768
1477662952405 lifecam22 2385.81469727 4664.31445312 4.83187389374
1477662952470 lifecam22 2379.60009766 4664.37402344 4.83662605286
1477662952542 lifecam22 2372.60742188 4662.38037109 4.83608579636
1477662952606 lifecam22 2366.00976562 4661.95996094 4.83651781082
1477662952671 lifecam22 2360.14770508 4661.15771484 4.8400387764
1477662952738 lifecam22 2354.22949219 4660.34228516 4.84722852707
1477662952872 lifecam22 2340.96289062 4656.91601562 4.84407186508
1477662952940 lifecam22 2334.63012695 4655.70507812 4.84210014343
1477662953005 lifecam22 2328.19799805 4655.1640625 4.84572076797
1477662953074 lifecam22 2322.10571289 4653.52832031 4.85038328171
1477662953141 lifecam22 2315.62084961 4652.49902344 4.85116243362
1477662953214 lifecam22 2308.42163086 4650.11572266 4.84518766403
1477662953281 lifecam22 2301.98901367 4648.60058594 4.84332895279
1477662953345 lifecam22 2294.77978516 4647.93603516 4.84694290161
1477662953413 lifecam22 2288.78125 4647.02685547 4.8495092392
1477662953481 lifecam22 2283.13183594 4646.63818359 4.85615205765
1477662953546 lifecam22 2276.39086914 4644.51855469 4.85057973862
1477662953615 lifecam22 2269.67553711 4643.86083984 4.852435112
1477662953680 lifecam22 2262.72387695 4641.76171875 4.85012245178
1477662953748 lifecam22 2256.85839844 4641.29394531 4.85392618179
1477662953812 lifecam22 2249.88256836 4640.93554688 4.86111879349
1477662953949 lifecam22 2236.53393555 4636.46337891 4.85385608673
1477662954013 lifecam22 2230.20751953 4635.22705078 4.85414552689
1477662954082 lifecam22 2223.79345703 4633.81103516 4.85688400269
1477662954149 lifecam22 2217.33959961 4633.09667969 4.85805988312
1477662954213 lifecam22 2210.61450195 4632.09765625 4.86042690277
1477662954285 lifecam22 2203.82226562 4630.84326172 4.85928583145
1477662954351 lifecam22 2196.8293457 4628.83203125 4.85642910004
1477662954418 lifecam22 2191.15551758 4627.61425781 4.86124515533
1477662954481 lifecam22 2185.36572266 4627.29736328 4.86513614655
1477662954550 lifecam22 2178.95043945 4626.05419922 4.86962556839
1477662954609 lifecam22 2171.88671875 4623.67578125 4.86456823349
1477662954674 lifecam22 2165.12719727 4622.61083984 4.86754846573
1477662954740 lifecam22 2158.96972656 4620.72363281 4.86589956284
1477662954808 lifecam22 2152.98608398 4619.56738281 4.86691665649
1477662954874 lifecam22 2146.16210938 4618.06933594 4.8683052063
1477662955010 lifecam22 2132.30126953 4614.65478516 4.86441898346
1477662955079 lifecam22 2126.55541992 4613.76757812 4.86917972565
1477662955146 lifecam22 2120.44042969 4613.81054688 4.87439155579
1477662955210 lifecam22 2113.67016602 4612.12158203 4.87253665924
1477662955278 lifecam22 2107.64550781 4611.09423828 4.8760471344
1477662955342 lifecam22 2100.7980957 4609.01025391 4.87302350998
1477662955408 lifecam22 2094.05737305 4607.53027344 4.87428665161
1477662955476 lifecam22 2087.25219727 4606.34130859 4.87289905548
1477662955541 lifecam22 2080.30737305 4604.75585938 4.87514019012
1477662955609 lifecam22 2074.07592773 4602.83007812 4.87529659271
1477662955745 lifecam22 2061.21069336 4599.63867188 4.87536382675
1477662955812 lifecam22 2054.17236328 4597.97900391 4.87679243088
1477662955880 lifecam22 2047.55493164 4596.45703125 4.87663221359
1477662955932 lifecam20 1979.09448242 4590.11914062 4.82853126526
1477662955948 lifecam22 1976.046875 4590.00195312 4.83095359802
1477662956003 lifecam20 1972.64257812 4590.01025391 4.83451747894
1477662956011 lifecam22 1969.27746582 4589.04296875 4.83375120163
1477662956063 lifecam20 1966.19702148 4589.24658203 4.83753108978
1477662956077 lifecam22 1962.35192871 4588.58007812 4.83739185333
1477662956131 lifecam20 1959.35742188 4588.02832031 4.838763237
1477662956145 lifecam22 1956.59204102 4587.69921875 4.84278583527
1477662956202 lifecam20 1953.34179688 4587.89453125 4.84474086761
1477662956209 lifecam22 1950.19555664 4587.16308594 4.84278011322
1477662956263 lifecam20 1946.60473633 4586.77099609 4.84509181976
1477662956276 lifecam22 1943.22192383 4585.70605469 4.8458776474
1477662956330 lifecam20 1940.37353516 4585.72363281 4.84815073013
1477662956343 lifecam22 1937.38464355 4585.05175781 4.84834766388
1477662956474 lifecam20 1931.58886719 4585.25146484 4.85811519623
1477662956479 lifecam22 1925.46765137 4583.41992188 4.85951566696
1477662956532 lifecam20 1922.00585938 4583.18457031 4.85979366302
1477662956545 lifecam22 1918.7265625 4582.33398438 4.85696029663
1477662956600 lifecam20 1915.59130859 4581.76269531 4.85910415649
1477662956614 lifecam22 1912.11352539 4580.52539062 4.85738325119
1477662956673 lifecam20 1909.3840332 4580.69921875 4.86201763153
1477662956682 lifecam22 1906.42895508 4580.38769531 4.8656668663
1477662956732 lifecam20 1903.33544922 4580.59179688 4.87112760544
1477662956744 lifecam22 1899.94006348 4579.65185547 4.87048339844
1477662956799 lifecam20 1896.90332031 4579.81396484 4.87436103821
1477662956813 lifecam22 1893.60168457 4579.15136719 4.87501144409
1477662956872 lifecam20 1890.59716797 4579.67578125 4.88133049011
1477662956879 lifecam22 1887.30004883 4579.01757812 4.8807964325
1477662956930 lifecam20 1884.0032959 4578.375 4.88142776489
1477662956944 lifecam22 1880.49853516 4577.703125 4.88232803345
1477662956998 lifecam20 1877.32397461 4577.61572266 4.88609027863
1477662957011 lifecam22 1874.32739258 4577.26269531 4.8894443512
1477662957069 lifecam20 1870.69140625 4576.07275391 4.88732290268
1477662957077 lifecam22 1867.38110352 4575.109375 4.88718366623
1477662957201 lifecam20 1860.76928711 4574.02636719 4.88995313644
1477662957212 lifecam22 1853.83447266 4572.55761719 4.89074039459
1477662957272 lifecam20 1850.43469238 4571.88378906 4.89231443405
1477662957281 lifecam22 1847.45996094 4571.16015625 4.89363479614
1477662957341 lifecam20 1843.99707031 4570.41894531 4.89260959625
1477662957349 lifecam22 1841.17553711 4570.18994141 4.89478397369
1477662957400 lifecam20 1837.54614258 4569.13574219 4.89386701584
1477662957412 lifecam22 1833.49780273 4567.70410156 4.89114618301
1477662957466 lifecam20 1830.38696289 4566.91210938 4.89301538467
1477662957483 lifecam22 1827.32043457 4566.171875 4.895570755
1477662957539 lifecam20 1823.65771484 4565.02832031 4.89288568497
1477662957546 lifecam22 1820.35058594 4563.66308594 4.88919734955
1477662957602 lifecam20 1817.1953125 4563.16503906 4.8905248642
1477662957612 lifecam22 1814.33105469 4562.61572266 4.89283657074
1477662957667 lifecam20 1810.65515137 4561.70361328 4.8922495842
1477662957679 lifecam22 1807.0769043 4561.06494141 4.89225482941
1477662957738 lifecam20 1803.86791992 4560.62207031 4.89337730408
1477662957745 lifecam22 1800.48535156 4560.09179688 4.89345407486
1477662957801 lifecam20 1796.80444336 4559.30615234 4.89538097382
1477662957812 lifecam22 1793.40356445 4558.24121094 4.89517593384
1477662957939 lifecam20 1787.01879883 4556.74121094 4.89520406723
1477662957950 lifecam22 1781.0213623 4555.43505859 4.89819049835
1477662958008 lifecam20 1777.78210449 4554.29101562 4.89862585068
1477662958018 lifecam22 1774.50292969 4553.15185547 4.89697408676
1477662958067 lifecam20 1771.29699707 4552.86914062 4.89781141281
1477662958082 lifecam22 1767.97680664 4552.13476562 4.8977432251
1477662958135 lifecam20 1764.4642334 4550.74902344 4.89552259445
1477662958149 lifecam22 1761.20471191 4549.43066406 4.89396810532
1477662958207 lifecam20 1758.21362305 4548.92089844 4.89615488052
1477662958214 lifecam22 1755.22009277 4548.69628906 4.90117311478
1477662958273 lifecam20 1751.80908203 4547.62890625 4.90079212189
1477662958285 lifecam22 1748.66442871 4546.68945312 4.89985895157
1477662958335 lifecam20 1745.63183594 4546.17578125 4.90180444717
1477662958347 lifecam22 1742.4185791 4544.69726562 4.89965772629
1477662958408 lifecam20 1738.73852539 4543.39941406 4.89753007889
1477662958414 lifecam22 1735.76586914 4542.94775391 4.89922094345
1477662958469 lifecam20 1732.52062988 4542.48486328 4.90115737915
1477662958480 lifecam22 1728.75830078 4541.77734375 4.90215921402
1477662958537 lifecam20 1725.48669434 4541.26025391 4.90346908569
1477662958548 lifecam22 1722.30834961 4540.77539062 4.90542125702
1477662958676 lifecam20 1715.51062012 4539.46630859 4.90655755997
1477662958683 lifecam22 1709.2746582 4537.85302734 4.90639925003
1477662958735 lifecam20 1705.68579102 4536.88623047 4.90523099899
1477662958750 lifecam22 1702.45605469 4536.15234375 4.90562152863
1477662958802 lifecam20 1699.05200195 4535.19042969 4.90663957596
1477662958816 lifecam22 1695.86767578 4534.40136719 4.90766954422
1477662958873 lifecam20 1692.82739258 4533.88525391 4.90957069397
1477662958881 lifecam22 1689.77880859 4533.26611328 4.91086339951
1477662958934 lifecam20 1686.15625 4532.015625 4.90917682648
1477662958947 lifecam22 1682.57299805 4530.31396484 4.90633296967
1477662959022 lifecam22 1679.12768555 4529.81689453 4.90682220459
1477662959079 lifecam20 1672.12207031 4528.30126953 4.9076423645
1477662959082 lifecam22 1668.91894531 4527.64453125 4.90938138962
1477662959137 lifecam20 1666.05358887 4526.95166016 4.9115691185
1477662959148 lifecam22 1663.11352539 4525.94042969 4.91259813309
1477662959203 lifecam20 1659.02294922 4524.65039062 4.91065359116
1477662959218 lifecam22 1655.54663086 4523.44873047 4.90941095352
1477662959275 lifecam20 1652.47607422 4522.30078125 4.90891695023
1477662959285 lifecam22 1648.81567383 4520.99316406 4.90663433075
1477662959346 lifecam20 1645.67871094 4519.95214844 4.90725851059
1477662959403 lifecam20 1642.14624023 4519.52929688 4.9090051651
1477662959416 lifecam22 1636.28149414 4518.32519531 4.91268348694
1477662959472 lifecam20 1632.75976562 4517.50488281 4.91142320633
1477662959482 lifecam22 1629.17944336 4516.57128906 4.9102935791
1477662959541 lifecam20 1625.59594727 4515.84277344 4.91115856171
1477662959549 lifecam22 1622.01000977 4514.91113281 4.91140413284
1477662959602 lifecam20 1619.08496094 4514.29101562 4.91254091263
1477662959615 lifecam22 1616.48522949 4513.96728516 4.91554880142
1477662959671 lifecam20 1613.45458984 4512.68847656 4.91505527496
1477662959683 lifecam22 1610.60302734 4511.90869141 4.91721487045
1477662959805 lifecam20 1604.08520508 4510.58886719 4.9197974205
1477662959816 lifecam22 1597.60473633 4508.60693359 4.91734552383
1477662959871 lifecam20 1594.03771973 4507.2421875 4.91601037979
1477662959886 lifecam22 1590.80175781 4505.82177734 4.91605806351
1477662959943 lifecam20 1588.01281738 4505.59082031 4.917491436
1477662959952 lifecam22 1585.16748047 4505.39160156 4.92032146454
1477662960002 lifecam20 1581.4432373 4503.95361328 4.91978263855
1477662960018 lifecam22 1578.08666992 4502.53613281 4.91836738586
1477662960071 lifecam20 1575.36303711 4501.94824219 4.92042016983
1477662960084 lifecam22 1572.36181641 4501.2421875 4.92158460617
1477662960144 lifecam20 1568.77954102 4500.07714844 4.92106389999
1477662960153 lifecam22 1565.58105469 4499.05273438 4.92094755173
1477662960210 lifecam20 1562.21557617 4498.16308594 4.91974639893
1477662960218 lifecam22 1558.57617188 4496.94042969 4.91860866547
1477662960270 lifecam20 1555.25634766 4496.22167969 4.92114114761
1477662960284 lifecam22 1552.09692383 4495.58056641 4.92258358002
1477662960338 lifecam20 1548.8815918 4494.78125 4.92413377762
1477662960352 lifecam22 1545.8684082 4493.65625 4.92325162888
1477662960409 lifecam20 1542.51733398 4493.13427734 4.92368745804
1477662960417 lifecam22 1539.17907715 4492.92041016 4.926217556
1477662960538 lifecam20 1532.31884766 4491.45898438 4.9276175499
1477662960553 lifecam22 1525.7355957 4489.52246094 4.92726421356
1477662960609 lifecam20 1522.20336914 4488.26513672 4.92676687241
1477662960618 lifecam22 1518.73510742 4487.44873047 4.92848730087
1477662960670 lifecam20 1515.44555664 4486.41113281 4.92808818817
1477662960686 lifecam22 1512.71264648 4485.49023438 4.92736530304
1477662960739 lifecam20 1509.20849609 4485.12792969 4.92898035049
1477662960751 lifecam22 1505.60498047 4484.375 4.93139886856
1477662960814 lifecam20 1501.94213867 4483.42089844 4.93297672272
1477662960818 lifecam22 1498.37915039 4482.31591797 4.9319434166
1477662960893 lifecam22 1495.5793457 4481.49316406 4.93378782272
1477662960939 lifecam20 1488.79321289 4479.24707031 4.93265581131
1477662960951 lifecam22 1485.23022461 4478.2109375 4.93304586411
1477662961008 lifecam20 1482.10742188 4477.38476562 4.93524646759
1477662961019 lifecam22 1478.81079102 4475.95703125 4.93315601349
1477662961081 lifecam20 1475.24707031 4474.69628906 4.93168258667
1477662961087 lifecam22 1472.17150879 4473.97167969 4.93274450302
1477662961138 lifecam20 1468.71081543 4472.93603516 4.93153095245
1477662961155 lifecam22 1465.3223877 4471.796875 4.93068313599
1477662961207 lifecam20 1461.76928711 4471.07470703 4.93078613281
1477662961279 lifecam20 1458.35375977 4470.50683594 4.93262434006
1477662961287 lifecam22 1451.48120117 4469.04589844 4.93382406235
1477662961340 lifecam20 1448.0 4468.5625 4.93536663055
1477662961351 lifecam22 1444.89819336 4468.00244141 4.93684101105
1477662961405 lifecam20 1441.58154297 4466.4140625 4.93520355225
1477662961419 lifecam22 1438.84631348 4465.59667969 4.93818664551
1477662961477 lifecam20 1435.46289062 4464.82226562 4.93870258331
1477662961484 lifecam22 1431.99755859 4463.90869141 4.93777179718
1477662961539 lifecam20 1428.70385742 4463.06835938 4.93954944611
1477662961551 lifecam22 1425.3840332 4462.06542969 4.9403014183
1477662961679 lifecam20 1418.41772461 4459.76660156 4.94018602371
1477662961688 lifecam22 1411.99487305 4457.94970703 4.94148635864
1477662961747 lifecam20 1408.71923828 4457.24902344 4.94250392914
1477662961755 lifecam22 1404.91162109 4455.35107422 4.93926334381
1477662961806 lifecam20 1401.63232422 4454.4140625 4.93851947784
1477662961822 lifecam22 1399.03393555 4453.64746094 4.93724918365
1477662961874 lifecam20 1395.11914062 4452.30224609 4.93820095062
1477662961889 lifecam22 1391.35083008 4451.23828125 4.94117689133
1477662961945 lifecam20 1388.66564941 4450.55615234 4.94203710556
1477662961954 lifecam22 1386.06384277 4449.92480469 4.9428024292
1477662962012 lifecam20 1382.22119141 4448.65625 4.94060850143
1477662962022 lifecam22 1378.75622559 4447.609375 4.94031906128
1477662962074 lifecam20 1375.12353516 4446.94238281 4.94176197052
1477662962087 lifecam22 1371.67578125 4445.89208984 4.94223737717
1477662962152 lifecam20 1368.76245117 4445.27880859 4.94478559494
1477662962157 lifecam22 1365.90185547 4444.85546875 4.94765138626
1477662962207 lifecam20 1362.46655273 4443.85986328 4.94725799561
1477662962219 lifecam22 1359.14428711 4442.88183594 4.9471654892
1477662962273 lifecam20 1355.43603516 4442.45605469 4.95005846024
1477662962289 lifecam22 1351.91674805 4441.62304688 4.9515748024
1477662962414 lifecam20 1345.43188477 4439.00097656 4.95000934601
1477662962420 lifecam22 1339.02709961 4436.58740234 4.9483962059
1477662962475 lifecam20 1335.0345459 4435.77880859 4.94846439362
1477662962487 lifecam22 1331.92089844 4434.88818359 4.94921302795
1477662962541 lifecam20 1328.88671875 4433.92382812 4.94961690903
1477662962558 lifecam22 1325.64831543 4433.05859375 4.95075321198
1477662962613 lifecam20 1322.47607422 4431.88330078 4.95130109787
1477662962621 lifecam22 1319.15209961 4430.34472656 4.95020151138
1477662962667 lifecam20 1315.11315918 4428.79980469 4.94746017456
1477662962682 lifecam22 1311.40576172 4427.68652344 4.9467382431
1477662962764 lifecam22 1308.68273926 4427.01757812 4.94918203354
1477662962817 lifecam20 1302.82397461 4425.09570312 4.95107078552
1477662962821 lifecam22 1299.63452148 4423.54150391 4.94943666458
1477662962875 lifecam20 1296.39123535 4422.84863281 4.95119524002
1477662962888 lifecam22 1293.35986328 4422.17626953 4.95261669159
1477662962943 lifecam20 1289.62866211 4421.09326172 4.95184707642
1477662962957 lifecam22 1285.74609375 4419.88671875 4.95033025742
1477662963014 lifecam20 1282.79309082 4419.52734375 4.95297574997
1477662963024 lifecam22 1280.17504883 4418.99023438 4.95443820953
1477662963074 lifecam20 1276.39990234 4417.78613281 4.95435571671
1477662963142 lifecam20 1273.45922852 4416.86669922 4.95509433746
1477662963155 lifecam22 1267.48876953 4415.57568359 4.96012210846
1477662963209 lifecam20 1263.97753906 4414.25292969 4.9594836235
1477662963223 lifecam22 1260.13354492 4412.21435547 4.95532417297
1477662963281 lifecam20 1257.05529785 4411.27441406 4.95619392395
1477662963289 lifecam22 1254.46948242 4410.74511719 4.95976495743
1477662963341 lifecam20 1250.96728516 4409.70019531 4.95882749557
1477662963354 lifecam22 1247.6138916 4408.95654297 4.95904111862
1477662963409 lifecam20 1244.31030273 4407.49316406 4.95839595795
1477662963422 lifecam22 1241.37438965 4405.92285156 4.95763778687
1477662963544 lifecam20 1234.99511719 4404.03320312 4.95859193802
1477662963555 lifecam22 1228.11889648 4401.52734375 4.95601940155
1477662963610 lifecam20 1224.65820312 4400.45117188 4.95763921738
1477662963624 lifecam22 1221.96081543 4399.35644531 4.9586315155
1477662963684 lifecam20 1218.69799805 4398.23486328 4.95908689499
1477662963692 lifecam22 1215.74865723 4397.32177734 4.96023321152
1477662963742 lifecam20 1212.38012695 4396.11035156 4.95920085907
1477662963756 lifecam22 1209.20568848 4394.84423828 4.95862388611
1477662963809 lifecam20 1205.95458984 4394.00146484 4.95835447311
1477662963823 lifecam22 1202.54052734 4393.19628906 4.95860099792
1477662963878 lifecam20 1199.07885742 4392.38378906 4.96097612381
1477662963891 lifecam22 1195.9206543 4391.79199219 4.96427488327
1477662963954 lifecam20 1192.76196289 4391.09375 4.96488666534
1477662963957 lifecam22 1189.51635742 4390.05664062 4.96347427368
1477662964011 lifecam20 1185.46313477 4388.83886719 4.96212673187
1477662964024 lifecam22 1182.04907227 4388.04882812 4.96410799026
1477662964078 lifecam20 1179.43554688 4387.19726562 4.96732711792
1477662964092 lifecam22 1176.29760742 4385.57519531 4.96593284607
1477662964149 lifecam20 1172.71923828 4384.72363281 4.9677324295
1477662964159 lifecam22 1169.34924316 4384.06982422 4.96920919418
1477662964277 lifecam20 1162.70996094 4381.84472656 4.96740150452
1477662964291 lifecam22 1156.78222656 4379.92675781 4.97075653076
1477662964354 lifecam20 1153.34924316 4378.82275391 4.97325897217
1477662964359 lifecam22 1149.33325195 4377.52050781 4.97231531143
1477662964410 lifecam20 1146.28417969 4376.4765625 4.97265911102
1477662964424 lifecam22 1143.65722656 4375.53613281 4.97394895554
1477662964478 lifecam20 1140.11572266 4373.96875 4.9726433754
1477662964491 lifecam22 1136.88598633 4372.48339844 4.97159481049
1477662964549 lifecam20 1133.77905273 4371.37695312 4.97105884552
1477662964556 lifecam22 1130.72167969 4370.11572266 4.97048091888
1477662964622 lifecam20 1126.88427734 4368.74804688 4.96938276291
1477662964630 lifecam22 1123.76806641 4367.54345703 4.9693312645
1477662964677 lifecam20 1120.8026123 4366.64941406 4.97211885452
1477662964691 lifecam22 1117.3984375 4365.70117188 4.97214651108
1477662964747 lifecam20 1114.00793457 4364.91015625 4.97172260284
1477662964759 lifecam22 1110.86547852 4363.87304688 4.97203922272
1477662964821 lifecam20 1107.66369629 4362.83984375 4.97201108932
1477662964826 lifecam22 1104.47363281 4361.72607422 4.97139263153
1477662964878 lifecam20 1100.9666748 4360.33691406 4.97062921524
1477662964892 lifecam22 1097.78649902 4359.02734375 4.96924304962
1477662965022 lifecam20 1091.26159668 4357.10791016 4.97075796127
1477662965027 lifecam22 1084.9621582 4355.05175781 4.97320604324
1477662965077 lifecam20 1081.84191895 4354.20654297 4.97527933121
1477662965090 lifecam22 1079.16931152 4353.66162109 4.97777271271
1477662965145 lifecam20 1075.62255859 4351.76660156 4.97505903244
1477662965158 lifecam22 1072.19628906 4350.3046875 4.97629404068
1477662965216 lifecam20 1069.55847168 4350.45117188 4.98039531708
1477662965224 lifecam22 1066.88012695 4349.70947266 4.98122882843
1477662965278 lifecam20 1063.5012207 4347.83496094 4.97988128662
1477662965290 lifecam22 1060.58459473 4346.61816406 4.97956800461
1477662965416 lifecam20 1053.99035645 4344.55419922 4.98187494278
1477662965427 lifecam22 1047.8338623 4342.453125 4.98347330093
1477662965490 lifecam20 1044.61242676 4341.34277344 4.98250341415
1477662965494 lifecam22 1041.57849121 4340.06347656 4.98288059235
1477662965545 lifecam20 1038.39379883 4339.09472656 4.98420619965
1477662965562 lifecam22 1035.28857422 4338.12988281 4.98453617096
1477662965614 lifecam20 1031.74206543 4336.86328125 4.98390722275
1477662965627 lifecam22 1028.3807373 4335.68701172 4.98276042938
1477662965689 lifecam20 1025.22363281 4334.89599609 4.98372030258
1477662965693 lifecam22 1022.15698242 4333.76855469 4.98461437225
1477662965747 lifecam20 1018.37133789 4332.22851562 4.98340559006
1477662965759 lifecam22 1014.66583252 4331.01171875 4.98311185837
1477662965813 lifecam20 1011.84991455 4330.00439453 4.98363924026
1477662965825 lifecam22 1009.4128418 4329.55175781 4.98642730713
1477662965884 lifecam20 1006.20825195 4328.64355469 4.98871517181
1477662965892 lifecam22 1002.3996582 4326.89160156 4.98622989655
1477662965946 lifecam20 998.592895508 4325.40087891 4.98553705215
1477662965957 lifecam22 995.920227051 4324.13427734 4.98680353165
1477662966014 lifecam20 993.080688477 4323.35888672 4.98721790314
1477662966026 lifecam22 989.712036133 4322.36523438 4.98765850067
1477662966158 lifecam20 982.748413086 4319.63867188 4.98674201965
1477662966162 lifecam22 976.582336426 4317.38574219 4.98723649979
1477662966213 lifecam20 973.380004883 4316.66601562 4.98969841003
1477662966228 lifecam22 970.115478516 4315.56298828 4.99091291428
1477662966281 lifecam20 967.04864502 4314.09863281 4.9912276268
1477662966295 lifecam22 963.9765625 4312.56347656 4.98905944824
1477662966356 lifecam20 960.403076172 4311.10449219 4.98713064194
1477662966361 lifecam22 957.070678711 4309.97558594 4.98934221268
1477662966414 lifecam20 953.89831543 4309.11035156 4.99057102203
1477662966427 lifecam22 951.023071289 4307.9765625 4.98947525024
1477662966496 lifecam22 947.635375977 4307.14453125 4.99189186096
1477662966552 lifecam20 940.825256348 4305.14355469 4.9935760498
1477662966560 lifecam22 937.456054688 4304.04931641 4.99366283417
1477662966614 lifecam20 934.273681641 4303.08935547 4.99521064758
1477662966626 lifecam22 931.441650391 4302.23046875 4.99617862701
1477662966683 lifecam20 928.139282227 4300.74902344 4.99580907822
1477662966694 lifecam22 925.368164062 4299.36816406 4.99743843079
1477662966757 lifecam20 922.063415527 4298.65039062 4.99777984619
1477662966761 lifecam22 918.860046387 4297.74902344 4.99784708023
1477662966814 lifecam20 915.849365234 4296.06298828 4.99776506424
1477662966885 lifecam20 912.88269043 4295.15917969 4.99994468689
1477662966895 lifecam22 906.957336426 4292.50976562 5.00084877014
1477662966949 lifecam20 903.308959961 4291.11523438 4.99907684326
1477662966963 lifecam22 900.0703125 4289.7890625 4.99646139145
1477662967022 lifecam20 896.831054688 4288.50927734 4.99751663208
1477662967028 lifecam22 893.672180176 4287.16796875 4.99870204926
1477662967080 lifecam20 890.689819336 4285.89746094 4.99678230286
1477662967093 lifecam22 888.13659668 4284.86816406 4.99650144577
1477662967148 lifecam20 884.736450195 4283.48339844 4.99819469452
1477662967161 lifecam22 880.889404297 4281.70214844 4.99586343765
1477662967236 lifecam22 878.165649414 4280.88769531 4.99926137924
1477662967283 lifecam20 871.821899414 4278.59570312 4.99992752075
1477662967294 lifecam22 868.850585938 4277.51855469 5.00100374222
1477662967352 lifecam20 865.391540527 4276.37207031 4.99977827072
1477662967362 lifecam22 862.12121582 4275.46435547 4.99974536896
1477662967422 lifecam20 859.138977051 4274.74853516 5.00394821167
1477662967430 lifecam22 856.662902832 4274.0 5.00606822968
1477662967480 lifecam20 856.937744141 4274.24511719 5.00597476959
1477662967497 lifecam22 858.143188477 4274.51220703 5.00407028198
1477662967549 lifecam20 858.312255859 4274.54541016 5.00372076035
1477662967618 lifecam20 858.15802002 4274.453125 5.00403356552
1477662967631 lifecam22 857.684814453 4274.42773438 5.00463581085
1477662967691 lifecam20 857.703918457 4274.45996094 5.00488376617
1477662967696 lifecam22 857.556884766 4274.40625 5.00479125977
1477662967748 lifecam20 857.521240234 4274.25488281 5.00349760056
1477662967762 lifecam22 857.649169922 4274.37304688 5.00420951843
1477662967816 lifecam20 857.637451172 4274.53125 5.00512266159
1477662967830 lifecam22 857.637451172 4274.53125 5.00512266159
1477662967890 lifecam20 857.761169434 4274.375 5.00454711914
1477662967899 lifecam22 857.761169434 4274.375 5.00454711914
1477662968016 lifecam20 857.704956055 4274.57470703 5.00642108917
1477662968032 lifecam22 857.704956055 4274.57470703 5.00642108917
1477662968091 lifecam20 857.684814453 4274.52441406 5.00550270081
1477662968099 lifecam22 857.600463867 4274.55078125 5.00538635254
1477662968150 lifecam20 857.627807617 4274.4140625 5.00466108322
1477662968173 lifecam22 857.591796875 4274.25390625 5.00391244888
1477662968216 lifecam20 857.533325195 4274.34472656 5.00484228134
1477662968240 lifecam22 857.552368164 4274.28027344 5.00422382355
1477662968284 lifecam20 857.58581543 4274.24511719 5.00380420685
1477662968300 lifecam22 857.74609375 4274.38378906 5.00616025925
1477662968349 lifecam20 857.721618652 4274.54589844 5.00688409805
1477662968362 lifecam22 857.542297363 4274.47265625 5.00514698029
1477662968416 lifecam20 857.537231445 4274.35546875 5.00490188599
1477662968432 lifecam22 857.537231445 4274.35546875 5.00490188599
1477662968488 lifecam20 857.477661133 4274.43945312 5.00524568558
1477662968499 lifecam22 857.477661133 4274.43945312 5.00524568558
1477662968558 lifecam20 857.366699219 4274.51025391 5.0045170784
1477662968567 lifecam22 857.366699219 4274.51025391 5.0045170784
1477662968617 lifecam20 857.494873047 4274.28222656 5.00436735153
1477662968632 lifecam22 857.494873047 4274.28222656 5.00436735153
1477662968757 lifecam20 857.542297363 4274.53027344 5.00484657288
1477662968763 lifecam22 857.542297363 4274.53027344 5.00484657288
1477662968816 lifecam20 857.497924805 4274.46386719 5.00488042831
1477662968832 lifecam22 857.523681641 4274.52441406 5.00526762009
1477662968884 lifecam20 857.51171875 4274.41210938 5.0048494339
1477662968899 lifecam22 857.41607666 4274.32568359 5.00441217422
1477662968958 lifecam20 857.487854004 4274.37890625 5.0057682991
1477662968963 lifecam22 857.583496094 4274.46582031 5.00620555878
1477662969020 lifecam20 857.537536621 4274.61328125 5.00501060486
1477662969030 lifecam22 857.547851562 4274.71240234 5.00537157059
1477662969154 lifecam20 857.533081055 4274.63085938 5.00624275208
1477662969165 lifecam22 857.533081055 4274.63085938 5.00624275208
1477662969227 lifecam20 857.490905762 4274.55810547 5.00570821762
