1477662830554 lifecam22 3375.76123047 4775.59619141 4.68648052216
1477662830616 lifecam22 3375.57543945 4775.69677734 4.68604421616
1477662830682 lifecam22 3375.76123047 4775.59619141 4.68648052216
1477662830750 lifecam22 3375.52099609 4775.51416016 4.68439626694
1477662830813 lifecam22 3375.81396484 4775.77783203 4.68812704086
1477662830881 lifecam22 3375.76123047 4775.59619141 4.68648052216
1477662831016 lifecam22 3375.81396484 4775.77783203 4.68812704086
1477662831082 lifecam22 3375.57543945 4775.69677734 4.68604421616
1477662831150 lifecam22 3375.81396484 4775.77783203 4.68812704086
1477662831217 lifecam22 3375.76123047 4775.59619141 4.68648052216
1477662831350 lifecam22 3375.81396484 4775.77783203 4.68812704086
1477662831422 lifecam22 3375.74658203 4776.12451172 4.68868350983
1477662831483 lifecam22 3375.98339844 4776.20410156 4.69076299667
1477662831551 lifecam22 3375.89379883 4775.98339844 4.68999767303
1477662831618 lifecam22 3375.98339844 4776.20410156 4.69076299667
1477662831688 lifecam22 3375.98339844 4776.20410156 4.69076299667
1477662831750 lifecam22 3375.98339844 4776.20410156 4.69076299667
1477662831818 lifecam22 3375.81396484 4775.77783203 4.68812704086
1477662831885 lifecam22 3375.57543945 4775.69677734 4.68604421616
1477662831950 lifecam22 3375.81396484 4775.77783203 4.68812704086
1477662832085 lifecam22 3375.81396484 4775.77783203 4.68812704086
1477662832218 lifecam22 3375.81396484 4775.77783203 4.68812704086
1477662832286 lifecam22 3375.89379883 4775.98339844 4.68999767303
1477662832417 lifecam22 3375.52099609 4775.51416016 4.68439626694
1477662832487 lifecam22 3375.81396484 4775.77783203 4.68812704086
1477662832553 lifecam22 3375.8527832 4775.81738281 4.68724441528
1477662832622 lifecam22 3375.81396484 4775.77783203 4.68812704086
1477662832685 lifecam22 3376.07495117 4775.87939453 4.69040441513
1477662832818 lifecam22 3376.44897461 4776.60107422 4.69838523865
1477662832887 lifecam22 3376.53393555 4776.83154297 4.69914865494
1477662832956 lifecam22 3376.2565918 4776.31152344 4.69436120987
1477662833021 lifecam22 3375.73461914 4775.43896484 4.68505620956
1477662833086 lifecam22 3375.71484375 4775.41210938 4.6894364357
1477662833155 lifecam22 3375.92504883 4775.85888672 4.6936917305
1477662833217 lifecam22 3376.44897461 4776.60107422 4.69838523865
1477662833285 lifecam22 3369.47314453 4776.625 4.69860029221
1477662833353 lifecam22 3359.06542969 4777.19335938 4.70068693161
1477662833419 lifecam22 3355.38769531 4776.39501953 4.69783449173
1477662833553 lifecam22 3339.72241211 4774.37597656 4.6850771904
1477662833621 lifecam22 3333.00146484 4772.58398438 4.68547439575
1477662833684 lifecam22 3325.94799805 4772.83056641 4.68500089645
1477662833756 lifecam22 3318.83300781 4772.44335938 4.68398523331
1477662833820 lifecam22 3312.08251953 4772.79785156 4.6861948967
1477662833885 lifecam22 3305.11572266 4772.11962891 4.6864900589
1477662833957 lifecam22 3299.7878418 4772.125 4.70142936707
1477662834023 lifecam22 3294.61083984 4772.265625 4.70266866684
1477662834088 lifecam22 3288.99682617 4772.23876953 4.70643424988
1477662834152 lifecam22 3282.82861328 4772.60742188 4.71118211746
1477662834221 lifecam22 3276.48193359 4772.58837891 4.71345758438
1477662834289 lifecam22 3269.55419922 4772.52783203 4.71287965775
1477662834352 lifecam22 3262.4140625 4772.52783203 4.71288156509
1477662834420 lifecam22 3254.20605469 4770.19091797 4.70069265366
1477662834486 lifecam22 3247.23803711 4770.50537109 4.70224094391
1477662834620 lifecam22 3233.96508789 4770.12207031 4.70280218124
1477662834691 lifecam22 3226.47998047 4769.77539062 4.70084285736
1477662834756 lifecam22 3221.31689453 4770.21875 4.70651769638
1477662834824 lifecam22 3214.80200195 4770.27539062 4.70715045929
1477662834891 lifecam22 3209.12670898 4769.82177734 4.71420574188
1477662834957 lifecam22 3203.58447266 4769.76318359 4.72006177902
1477662835021 lifecam22 3196.9921875 4766.97460938 4.7195110321
1477662835089 lifecam22 3190.26586914 4767.22216797 4.7219080925
1477662835223 lifecam22 3178.13793945 4767.37939453 4.73034524918
1477662835305 lifecam22 3170.41577148 4767.38378906 4.73038959503
1477662835359 lifecam22 3164.79785156 4767.60253906 4.73243188858
1477662835429 lifecam22 3157.74584961 4767.57910156 4.73221254349
1477662835497 lifecam22 3150.63037109 4766.75830078 4.72452354431
1477662835561 lifecam22 3143.56201172 4767.01806641 4.7269654274
1477662835698 lifecam22 3129.71289062 4766.44921875 4.72161054611
1477662835767 lifecam22 3122.33251953 4764.12158203 4.71239089966
1477662835832 lifecam22 3115.55395508 4761.97412109 4.71288013458
1477662835900 lifecam22 3108.22045898 4762.49609375 4.71229600906
1477662835969 lifecam22 3102.73828125 4760.82373047 4.72370529175
1477662836029 lifecam22 3095.51220703 4760.36279297 4.7216296196
1477662836098 lifecam22 3087.55371094 4758.52734375 4.71288061142
1477662836166 lifecam22 3081.71166992 4759.19433594 4.71920537949
1477662836229 lifecam22 3075.46606445 4759.63964844 4.72340488434
1477662836298 lifecam22 3068.36865234 4759.53759766 4.72244882584
1477662836363 lifecam22 3064.84130859 4761.39990234 4.73984003067
1477662836425 lifecam22 3057.53295898 4761.23583984 4.73832178116
1477662836494 lifecam22 3051.99926758 4761.70068359 4.74262475967
1477662836556 lifecam22 3045.7109375 4761.73388672 4.74429225922
1477662836626 lifecam22 3039.15576172 4761.57714844 4.74816799164
1477662836756 lifecam22 3026.25219727 4757.66259766 4.74864578247
1477662836826 lifecam22 3019.72265625 4757.43164062 4.75390052795
1477662836896 lifecam22 3012.78710938 4756.78125 4.74925899506
1477662836957 lifecam22 3004.90209961 4754.22021484 4.73211812973
1477662837024 lifecam22 2996.8359375 4752.54003906 4.72246646881
1477662837094 lifecam22 2989.82006836 4752.37792969 4.72093963623
1477662837158 lifecam22 2983.57421875 4752.66113281 4.72360754013
1477662837224 lifecam22 2977.31933594 4752.94726562 4.72919845581
1477662837292 lifecam22 2970.85302734 4753.17724609 4.73271989822
1477662837360 lifecam22 2963.80249023 4752.97216797 4.73493289948
1477662837492 lifecam22 2951.37768555 4749.44189453 4.74342727661
1477662837562 lifecam22 2944.43652344 4749.00927734 4.74200487137
1477662837627 lifecam22 2937.44042969 4748.91650391 4.74233675003
1477662837695 lifecam22 2931.39794922 4748.03271484 4.74021100998
1477662837763 lifecam22 2926.47070312 4748.96679688 4.74950361252
1477662837828 lifecam22 2918.79492188 4747.60546875 4.74315261841
1477662837892 lifecam22 2912.67700195 4747.81542969 4.74641609192
1477662837960 lifecam22 2905.77563477 4747.84912109 4.75084590912
1477662838027 lifecam22 2899.95336914 4747.19873047 4.75676822662
1477662838169 lifecam22 2887.28833008 4745.43359375 4.76563930511
1477662838228 lifecam22 2881.16918945 4744.47705078 4.75905656815
1477662838293 lifecam22 2873.48120117 4743.12646484 4.75232410431
1477662838361 lifecam22 2866.68237305 4742.6875 4.74948120117
1477662838431 lifecam22 2859.34667969 4742.08740234 4.74753093719
1477662838561 lifecam22 2845.57080078 4740.94042969 4.74670505524
1477662838629 lifecam22 2838.50292969 4740.41601562 4.74674940109
1477662838696 lifecam22 2833.65258789 4740.25048828 4.76078462601
1477662838760 lifecam22 2826.63085938 4738.81347656 4.76132249832
1477662838830 lifecam22 2820.45996094 4737.65576172 4.75909805298
1477662838901 lifecam22 2812.67041016 4736.22021484 4.75253629684
1477662838960 lifecam22 2805.63256836 4735.87597656 4.75071048737
1477662839028 lifecam22 2799.27197266 4735.75488281 4.75227928162
1477662839096 lifecam22 2793.05224609 4736.04736328 4.75737094879
1477662839162 lifecam22 2787.20532227 4735.79248047 4.75737571716
1477662839296 lifecam22 2775.62817383 4735.79492188 4.77914428711
1477662839362 lifecam22 2768.52758789 4734.01513672 4.77760791779
1477662839430 lifecam22 2762.65332031 4733.62841797 4.7810292244
1477662839498 lifecam22 2755.16967773 4731.88867188 4.77175378799
1477662839564 lifecam22 2747.90478516 4729.76269531 4.76413631439
1477662839636 lifecam22 2740.44042969 4728.34277344 4.7527012825
1477662839695 lifecam22 2733.61230469 4727.41943359 4.75493860245
1477662839763 lifecam22 2728.00170898 4727.21484375 4.76520252228
1477662839828 lifecam22 2721.32714844 4726.61328125 4.76694297791
1477662839896 lifecam22 2715.52929688 4726.49023438 4.77024459839
1477662840031 lifecam22 2701.39892578 4725.19873047 4.76836299896
1477662840100 lifecam22 2694.56884766 4724.80517578 4.76713991165
1477662840165 lifecam22 2687.27661133 4723.59619141 4.76671552658
1477662840233 lifecam22 2680.58789062 4723.06689453 4.7654914856
1477662840295 lifecam22 2674.6809082 4722.68994141 4.77211332321
1477662840366 lifecam22 2667.98022461 4722.01660156 4.77552127838
1477662840431 lifecam22 2661.56469727 4721.33789062 4.78031253815
1477662840496 lifecam22 2653.66259766 4719.28759766 4.77462244034
1477662840563 lifecam22 2647.95043945 4718.80322266 4.77718114853
1477662840631 lifecam22 2641.3503418 4718.21191406 4.77676916122
1477662840764 lifecam22 2627.61401367 4716.7265625 4.77947950363
1477662840832 lifecam22 2621.47387695 4716.27783203 4.78464794159
1477662840900 lifecam22 2614.5925293 4716.12402344 4.78822278976
1477662840967 lifecam22 2608.90820312 4715.26806641 4.7904920578
1477662841032 lifecam22 2601.62133789 4713.18164062 4.78504180908
1477662841101 lifecam22 2595.10009766 4712.24316406 4.7838139534
1477662841165 lifecam22 2588.39086914 4711.9765625 4.78245019913
1477662841231 lifecam22 2582.34204102 4711.27636719 4.79038953781
1477662841299 lifecam22 2576.24609375 4710.04833984 4.7887339592
1477662841363 lifecam22 2569.92724609 4709.19042969 4.78991937637
1477662841435 lifecam22 2562.91064453 4708.33837891 4.78913211823
1477662841499 lifecam22 2556.0378418 4706.50146484 4.78603172302
1477662841565 lifecam22 2548.3737793 4705.36474609 4.78211593628
1477662841631 lifecam22 2543.65527344 4705.77197266 4.79161214828
1477662841700 lifecam22 2536.18920898 4704.37304688 4.79034233093
1477662841834 lifecam22 2523.14501953 4703.36083984 4.79404067993
1477662841903 lifecam22 2517.56396484 4703.12304688 4.80062103271
1477662841969 lifecam22 2509.97387695 4701.30712891 4.79499673843
1477662842032 lifecam22 2503.68896484 4700.35351562 4.79686355591
1477662842100 lifecam22 2496.60717773 4699.28759766 4.79654788971
1477662842168 lifecam22 2490.38891602 4699.02539062 4.79966068268
1477662842231 lifecam22 2483.83422852 4697.62207031 4.80108213425
1477662842299 lifecam22 2477.03222656 4696.63623047 4.80080127716
1477662842366 lifecam22 2469.93359375 4695.41113281 4.79809236526
1477662842433 lifecam22 2463.61083984 4693.65185547 4.79738855362
1477662842568 lifecam22 2451.12084961 4693.19433594 4.80426454544
1477662842638 lifecam22 2444.39379883 4692.01708984 4.80510377884
1477662842703 lifecam22 2437.88256836 4691.06103516 4.80348443985
1477662842769 lifecam22 2430.77783203 4689.18798828 4.801030159
1477662842837 lifecam22 2424.51391602 4688.82226562 4.8013715744
1477662842909 lifecam22 2418.078125 4687.39746094 4.80415153503
1477662842978 lifecam22 2410.88720703 4685.27978516 4.80160617828
1477662843045 lifecam22 2405.36474609 4685.53417969 4.80890130997
1477662843109 lifecam22 2398.17944336 4683.94140625 4.80546760559
1477662843177 lifecam22 2391.90942383 4682.55712891 4.80463027954
1477662843244 lifecam22 2384.84399414 4681.5 4.80448532104
1477662843306 lifecam22 2379.03149414 4680.65527344 4.81024694443
1477662843376 lifecam22 2372.70336914 4680.19482422 4.81358766556
1477662843443 lifecam22 2365.8605957 4679.16650391 4.8147892952
1477662843506 lifecam22 2360.23144531 4679.42724609 4.81819391251
1477662843578 lifecam22 2352.75024414 4678.06689453 4.8157582283
1477662843643 lifecam22 2346.56396484 4677.30322266 4.81885528564
1477662843711 lifecam22 2340.34277344 4676.1328125 4.82312679291
1477662843775 lifecam22 2333.50732422 4675.35595703 4.82520437241
1477662843843 lifecam22 2326.93823242 4674.72021484 4.82715463638
1477662843975 lifecam22 2312.51245117 4670.99902344 4.81854248047
1477662844044 lifecam22 2305.71142578 4669.30175781 4.81852531433
1477662844112 lifecam22 2299.25439453 4667.45947266 4.81390190125
1477662844175 lifecam22 2292.26611328 4665.61425781 4.81347179413
1477662844244 lifecam22 2285.65136719 4664.40380859 4.80942440033
1477662844314 lifecam22 2278.63378906 4664.11279297 4.81279468536
1477662844383 lifecam22 2272.14208984 4663.45117188 4.81266498566
1477662844444 lifecam22 2265.29223633 4662.51318359 4.81727647781
1477662844512 lifecam22 2259.99169922 4661.22900391 4.82269096375
1477662844579 lifecam22 2254.13598633 4661.33691406 4.82837772369
1477662844645 lifecam22 2247.35327148 4659.875 4.82661676407
1477662844710 lifecam22 2241.14648438 4658.91650391 4.82916927338
1477662844780 lifecam22 2235.01757812 4657.85449219 4.82799720764
1477662844845 lifecam22 2228.94360352 4656.16699219 4.83309316635
1477662844915 lifecam22 2222.22949219 4654.57958984 4.83016300201
1477662844982 lifecam22 2215.35058594 4653.28369141 4.82991456985
1477662845041 lifecam22 2208.95288086 4652.19873047 4.82588815689
1477662845111 lifecam22 2201.97680664 4651.04394531 4.82918405533
1477662845178 lifecam22 2195.38232422 4649.97265625 4.83192205429
1477662845246 lifecam22 2189.35620117 4648.921875 4.83115816116
1477662845378 lifecam22 2175.83666992 4647.07275391 4.83291006088
1477662845448 lifecam22 2168.98266602 4645.12939453 4.82802677155
1477662845512 lifecam22 2162.93725586 4644.69091797 4.83613157272
1477662845580 lifecam22 2156.62695312 4644.08349609 4.8401927948
1477662845648 lifecam22 2149.90185547 4642.05664062 4.83699989319
1477662845711 lifecam22 2142.44555664 4640.22509766 4.83295202255
1477662845780 lifecam22 2136.18066406 4639.48974609 4.83398389816
1477662845848 lifecam22 2129.43969727 4638.24707031 4.84074211121
1477662845916 lifecam22 2123.18505859 4636.89355469 4.8402056694
1477662845980 lifecam22 2116.70556641 4635.21630859 4.83973646164
1477662846048 lifecam22 2109.09692383 4634.02539062 4.83770465851
1477662846114 lifecam22 2102.26000977 4633.54589844 4.83796405792
1477662846180 lifecam22 2096.00732422 4632.73046875 4.84525060654
1477662846250 lifecam22 2089.7644043 4631.13427734 4.84756278992
1477662846316 lifecam22 2083.88720703 4630.31396484 4.84773397446
1477662846384 lifecam22 2076.78955078 4627.70556641 4.84264802933
1477662846438 lifecam22 2070.11621094 4626.92138672 4.84164190292
1477662846507 lifecam22 2064.49389648 4625.77587891 4.84853649139
1477662846575 lifecam22 2058.17016602 4624.95947266 4.85211515427
1477662846641 lifecam22 2051.82446289 4622.58740234 4.84724140167
1477662846774 lifecam22 2038.69799805 4620.14501953 4.84855794907
1477662846840 lifecam22 2032.4453125 4619.31347656 4.85151958466
1477662846908 lifecam22 2026.09472656 4618.33349609 4.85467910767
1477662846974 lifecam22 2019.1706543 4617.41601562 4.85537958145
1477662847042 lifecam22 2012.27099609 4615.609375 4.85209131241
1477662847112 lifecam22 2004.91577148 4614.70458984 4.85299396515
1477662847174 lifecam22 1999.07250977 4613.38378906 4.85626459122
1477662847243 lifecam22 1992.65551758 4611.82373047 4.85505485535
1477662847307 lifecam22 1985.84814453 4610.83203125 4.8592338562
1477662847375 lifecam22 1979.14416504 4609.06738281 4.85639047623
1477662847508 lifecam22 1965.9979248 4606.43359375 4.85886335373
1477662847573 lifecam22 1959.55822754 4604.46582031 4.85989332199
1477662847641 lifecam22 1952.54394531 4602.94824219 4.85646486282
1477662847702 lifecam20 1883.1394043 4597.41796875 4.81498527527
1477662847709 lifecam22 1879.93237305 4596.44042969 4.81476736069
1477662847774 lifecam22 1876.52124023 4595.86962891 4.81654930115
1477662847831 lifecam20 1869.55163574 4595.515625 4.81534814835
1477662847844 lifecam22 1866.6541748 4595.29052734 4.8167347908
1477662847901 lifecam20 1863.16894531 4594.98242188 4.81903362274
1477662847909 lifecam22 2561.55786133 5233.32421875 5.19166994095
1477662847962 lifecam20 2557.81616211 5233.52929688 5.19338464737
1477662847973 lifecam22 1852.59228516 4593.87011719 4.82091093063
1477662848030 lifecam20 1849.95214844 4593.78515625 4.82659912109
1477662848041 lifecam22 1846.71020508 4592.84619141 4.82652997971
1477662848098 lifecam20 1843.6385498 4592.2734375 4.82668352127
1477662848109 lifecam22 1840.66015625 4591.78222656 4.82869100571
1477662848231 lifecam20 1834.27685547 4592.2265625 4.83677434921
1477662848243 lifecam22 1827.66540527 4590.71972656 4.83781957626
1477662848299 lifecam20 1824.69213867 4590.68457031 4.84145069122
1477662848312 lifecam22 1821.63208008 4590.31347656 4.84277820587
1477662848377 lifecam20 1818.86425781 4590.66601562 4.84853315353
1477662848379 lifecam22 1815.31481934 4589.64257812 4.84895133972
1477662848430 lifecam20 1812.28918457 4589.30664062 4.85074853897
1477662848445 lifecam22 1809.32299805 4588.25585938 4.84894275665
1477662848500 lifecam20 1805.76049805 4588.2734375 4.8509054184
1477662848511 lifecam22 1802.35058594 4587.671875 4.85155248642
1477662848570 lifecam20 1799.74389648 4588.48828125 4.85937023163
1477662848579 lifecam22 1796.00439453 4587.54492188 4.85877227783
1477662848630 lifecam20 1792.93005371 4586.99023438 4.86034822464
1477662848642 lifecam22 1790.16638184 4586.16259766 4.85934782028
1477662848698 lifecam20 1786.66918945 4586.01269531 4.86236143112
1477662848710 lifecam22 1782.97827148 4585.36914062 4.86262798309
1477662848765 lifecam20 1779.92651367 4584.81494141 4.86208152771
1477662848777 lifecam22 1777.22119141 4584.44433594 4.86343860626
1477662848830 lifecam20 1773.37573242 4583.69726562 4.86318445206
1477662848841 lifecam22 1769.9465332 4583.02001953 4.86447906494
1477662848920 lifecam22 1766.81542969 4582.21777344 4.86327266693
1477662848968 lifecam20 1760.60620117 4581.23535156 4.8668885231
1477662848978 lifecam22 1757.625 4581.22167969 4.87272930145
1477662849032 lifecam20 1753.89892578 4580.64648438 4.87378311157
1477662849043 lifecam22 1750.44799805 4579.49609375 4.8723783493
1477662849099 lifecam20 1747.3190918 4579.09375 4.87258958817
1477662849112 lifecam22 1744.13232422 4578.45214844 4.87214231491
1477662849167 lifecam20 1740.13061523 4577.34619141 4.87132453918
1477662849181 lifecam22 1736.41479492 4576.69238281 4.87112760544
1477662849243 lifecam20 1733.44580078 4575.75683594 4.87167596817
1477662849300 lifecam20 1729.82958984 4575.56298828 4.87372207642
1477662849310 lifecam22 1723.29589844 4573.98632812 4.87534999847
1477662849371 lifecam20 1720.29663086 4573.08837891 4.87584781647
1477662849379 lifecam22 1717.03393555 4571.97753906 4.87398767471
1477662849437 lifecam20 1713.45336914 4570.84472656 4.87310171127
1477662849445 lifecam22 1710.09765625 4569.72607422 4.87270593643
1477662849497 lifecam20 1706.61425781 4569.21777344 4.87256717682
1477662849509 lifecam22 1703.40478516 4568.78027344 4.87389230728
1477662849566 lifecam20 1700.07348633 4567.90136719 4.87396097183
1477662849577 lifecam22 1696.90405273 4567.28320312 4.87528324127
1477662849700 lifecam20 1690.08349609 4566.29589844 4.87751293182
1477662849712 lifecam22 1682.78662109 4564.70214844 4.87618350983
1477662849769 lifecam20 1679.52172852 4563.50195312 4.87483072281
1477662849781 lifecam22 1676.57446289 4562.65136719 4.87665700912
1477662849833 lifecam20 1673.33703613 4562.33398438 4.87778043747
1477662849848 lifecam22 1670.79589844 4562.32324219 4.88098430634
1477662849910 lifecam20 1667.36376953 4561.17333984 4.88033771515
1477662849916 lifecam22 1664.11669922 4559.95898438 4.87921619415
1477662849966 lifecam20 1660.76513672 4559.57617188 4.88184833527
1477662849979 lifecam22 1657.30151367 4558.54931641 4.88065767288
1477662850035 lifecam20 1654.21630859 4557.73925781 4.88057422638
1477662850047 lifecam22 1651.43798828 4557.35058594 4.8830780983
1477662850105 lifecam20 1647.81567383 4555.79833984 4.881960392
1477662850114 lifecam22 1644.51708984 4554.25488281 4.88123083115
1477662850167 lifecam20 1641.37817383 4553.73632812 4.88054418564
1477662850179 lifecam22 1638.20349121 4553.125 4.87962198257
1477662850234 lifecam20 1635.03491211 4552.18359375 4.88114881516
1477662850249 lifecam22 1631.44506836 4550.79882812 4.87810277939
1477662850305 lifecam20 1628.17211914 4550.1015625 4.87759160995
1477662850315 lifecam22 1625.52331543 4549.75292969 4.88092517853
1477662850434 lifecam20 1618.65966797 4548.64306641 4.8829035759
1477662850446 lifecam22 1612.06762695 4547.44335938 4.88448095322
1477662850503 lifecam20 1608.7298584 4546.81738281 4.88533592224
1477662850515 lifecam22 1605.41845703 4546.38671875 4.88622760773
1477662850565 lifecam20 1601.97680664 4545.66259766 4.88633346558
1477662850579 lifecam22 1598.39624023 4544.69140625 4.88667583466
1477662850635 lifecam20 1595.5012207 4544.40087891 4.88922548294
1477662850648 lifecam22 1593.27075195 4544.078125 4.89248800278
1477662850701 lifecam20 1589.70532227 4543.09228516 4.89282131195
1477662850713 lifecam22 1585.91223145 4541.98193359 4.89118003845
1477662850775 lifecam20 1582.3059082 4540.92773438 4.89173221588
1477662850782 lifecam22 1578.84960938 4540.11035156 4.89213609695
1477662850834 lifecam20 1575.36047363 4539.56054688 4.89210700989
1477662850845 lifecam22 1571.98876953 4538.8984375 4.89331579208
1477662850903 lifecam20 1568.87023926 4538.21142578 4.8947262764
1477662850913 lifecam22 1565.81787109 4537.23974609 4.89426851273
1477662850971 lifecam20 1562.37915039 4536.19238281 4.89286661148
1477662850981 lifecam22 1559.23974609 4535.39941406 4.89531326294
1477662851037 lifecam20 1555.02685547 4534.01855469 4.89184093475
1477662851046 lifecam22 1551.64086914 4532.84033203 4.88831663132
1477662851171 lifecam20 1545.63500977 4531.265625 4.89088106155
1477662851184 lifecam22 1539.31494141 4529.25146484 4.89198923111
1477662851235 lifecam20 1535.8223877 4528.29394531 4.89197349548
1477662851247 lifecam22 1532.27868652 4527.54589844 4.89150047302
1477662851301 lifecam20 1528.48364258 4527.03515625 4.89390516281
1477662851316 lifecam22 1525.12011719 4526.546875 4.89541244507
1477662851372 lifecam20 1521.4473877 4525.55078125 4.89272880554
1477662851383 lifecam22 1518.34814453 4524.78125 4.89314031601
1477662851442 lifecam20 1515.29931641 4524.41894531 4.89634370804
1477662851450 lifecam22 1511.65966797 4523.48242188 4.89658689499
1477662851511 lifecam20 1508.40576172 4522.9375 4.89837837219
1477662851520 lifecam22 1505.21972656 4522.12353516 4.89837646484
1477662851571 lifecam20 1501.78686523 4521.44238281 4.89968967438
1477662851581 lifecam22 1498.80737305 4520.94433594 4.90096235275
1477662851644 lifecam20 1495.11645508 4519.62890625 4.89975166321
1477662851650 lifecam22 1491.97241211 4518.50292969 4.90118789673
1477662851706 lifecam20 1489.3137207 4518.18457031 4.90306377411
1477662851714 lifecam22 1486.06689453 4517.64794922 4.90307760239
1477662851774 lifecam20 1482.38085938 4516.3359375 4.90237092972
1477662851783 lifecam22 1478.97436523 4515.32470703 4.90299081802
1477662851901 lifecam20 1472.25976562 4513.78320312 4.90397691727
1477662851914 lifecam22 1466.06164551 4512.12109375 4.90518951416
1477662851969 lifecam20 1462.69726562 4510.81005859 4.90347957611
1477662851981 lifecam22 1458.72314453 4509.12011719 4.89964580536
1477662852038 lifecam20 1455.4395752 4508.26660156 4.89923334122
1477662852052 lifecam22 1452.49560547 4507.71875 4.9006729126
1477662852101 lifecam20 1448.10839844 4506.73535156 4.90018701553
1477662852112 lifecam22 1444.54577637 4506.04003906 4.90191316605
1477662852169 lifecam20 1442.23681641 4505.75537109 4.90307044983
1477662852180 lifecam22 1439.40209961 4504.83398438 4.90161895752
1477662852244 lifecam20 1435.59838867 4504.02441406 4.90356826782
1477662852250 lifecam22 1431.93212891 4503.26855469 4.90431880951
1477662852312 lifecam20 1428.30517578 4502.39746094 4.90360450745
1477662852317 lifecam22 1425.40979004 4501.83886719 4.90487861633
1477662852374 lifecam20 1421.74743652 4501.64013672 4.90823507309
1477662852382 lifecam22 1417.89477539 4501.11132812 4.91031312943
1477662852442 lifecam20 1414.65185547 4499.79296875 4.90946912766
1477662852450 lifecam22 1411.71130371 4499.05859375 4.91208648682
1477662852506 lifecam20 1408.32006836 4498.50341797 4.91247034073
1477662852519 lifecam22 1405.10192871 4497.71435547 4.91271495819
1477662852641 lifecam20 1397.5690918 4495.71875 4.91396856308
1477662852652 lifecam22 1390.7019043 4493.6953125 4.91365814209
1477662852707 lifecam20 1387.76989746 4493.18652344 4.91467380524
1477662852719 lifecam22 1384.53051758 4492.55078125 4.91568994522
1477662852773 lifecam20 1381.04174805 4490.88183594 4.91322755814
1477662852782 lifecam22 1377.66503906 4489.57324219 4.91168165207
1477662852837 lifecam20 1373.71203613 4488.79980469 4.91349124908
1477662852850 lifecam22 1370.64208984 4488.02050781 4.91767644882
1477662852905 lifecam20 1367.56420898 4487.37207031 4.91808843613
1477662852916 lifecam22 1364.26367188 4486.17773438 4.91444730759
1477662853041 lifecam20 1356.81835938 4483.93164062 4.91360187531
1477662853051 lifecam22 1349.84936523 4482.10449219 4.91448545456
1477662853107 lifecam20 1346.59472656 4481.71679688 4.91611146927
1477662853120 lifecam22 1343.45751953 4481.09228516 4.91765069962
1477662853175 lifecam20 1340.29980469 4479.9765625 4.91726827621
1477662853188 lifecam22 1337.10351562 4479.21826172 4.917760849
1477662853240 lifecam20 1333.9173584 4478.56298828 4.91856718063
1477662853251 lifecam22 1330.68493652 4477.56933594 4.91741752625
1477662853305 lifecam20 1327.63769531 4476.45703125 4.91825532913
1477662853319 lifecam22 1324.31054688 4475.07421875 4.91757917404
1477662853374 lifecam20 1321.30310059 4474.65039062 4.92066812515
1477662853386 lifecam22 1318.27563477 4473.86816406 4.92226600647
1477662853437 lifecam20 1314.87792969 4472.85742188 4.92100000381
1477662853451 lifecam22 1311.45166016 4472.03955078 4.92098140717
1477662853505 lifecam20 1307.3996582 4470.0625 4.91640710831
1477662853518 lifecam22 1304.09472656 4468.66357422 4.91558504105
1477662853567 lifecam20 1301.47351074 4468.65820312 4.91986846924
1477662853580 lifecam22 1298.85229492 4468.18701172 4.9223818779
1477662853646 lifecam20 1295.64660645 4467.08007812 4.92327308655
1477662853652 lifecam22 1292.6895752 4466.04785156 4.92340040207
1477662853778 lifecam20 1286.21337891 4464.16162109 4.92298221588
1477662853786 lifecam22 1280.22851562 4462.22265625 4.92288637161
1477662853843 lifecam20 1276.45422363 4461.15527344 4.92307949066
1477662853855 lifecam22 1272.7590332 4460.40625 4.92516899109
1477662853905 lifecam20 1269.89404297 4459.99707031 4.927318573
1477662853920 lifecam22 1267.046875 4459.39648438 4.92744493484
1477662853973 lifecam20 1263.12878418 4458.18603516 4.92684364319
1477662853987 lifecam22 1259.66430664 4457.25878906 4.92905950546
1477662854041 lifecam20 1256.42773438 4456.49609375 4.9287405014
1477662854054 lifecam22 1253.29736328 4455.70556641 4.92828989029
1477662854111 lifecam20 1249.84716797 4455.06933594 4.93004798889
1477662854118 lifecam22 1246.34887695 4453.92285156 4.92819261551
1477662854172 lifecam20 1243.2043457 4453.01660156 4.92940473557
1477662854184 lifecam22 1239.75708008 4451.88427734 4.93026924133
1477662854240 lifecam20 1236.14819336 4450.69824219 4.928358078
1477662854252 lifecam22 1233.35888672 4450.06640625 4.92950105667
1477662854307 lifecam20 1230.15539551 4448.89746094 4.92985963821
1477662854317 lifecam22 1226.82592773 4447.46191406 4.9275188446
1477662854374 lifecam20 1223.19677734 4446.79785156 4.92807674408
1477662854385 lifecam22 1219.45471191 4446.08203125 4.9293756485
1477662854518 lifecam20 1212.82006836 4443.890625 4.92955160141
1477662854523 lifecam22 1206.96923828 4441.77978516 4.93042230606
1477662854573 lifecam20 1203.20275879 4440.68164062 4.93095827103
1477662854588 lifecam22 1199.4128418 4439.33984375 4.92996644974
1477662854643 lifecam20 1196.63720703 4438.68652344 4.93168592453
1477662854654 lifecam22 1193.84204102 4437.78857422 4.93162441254
1477662854708 lifecam20 1190.02441406 4436.07373047 4.92943477631
1477662854721 lifecam22 1186.82250977 4435.06054688 4.93186330795
1477662854773 lifecam20 1183.52929688 4434.59570312 4.93407535553
1477662854785 lifecam22 1180.22973633 4433.99511719 4.93498897552
1477662854847 lifecam20 1176.89086914 4433.27734375 4.93664455414
1477662854857 lifecam22 1173.82739258 4432.57226562 4.93835830688
1477662854910 lifecam20 1169.86987305 4431.57226562 4.93739318848
1477662854922 lifecam22 1166.35546875 4430.41650391 4.93605184555
1477662854978 lifecam20 1163.30615234 4429.49609375 4.93653726578
1477662854986 lifecam22 1160.10595703 4428.37890625 4.93494749069
1477662855045 lifecam20 1156.9621582 4427.34082031 4.93653821945
1477662855053 lifecam22 1153.85058594 4426.38378906 4.93904447556
1477662855112 lifecam20 1150.08178711 4425.43115234 4.93778038025
1477662855122 lifecam22 1147.0501709 4424.57714844 4.93871593475
1477662855241 lifecam20 1141.07983398 4422.71972656 4.94062328339
1477662855253 lifecam22 1134.09619141 4420.11914062 4.93836164474
1477662855308 lifecam20 1130.91894531 4419.203125 4.93866491318
1477662855320 lifecam22 1128.58520508 4418.86425781 4.94268465042
1477662855378 lifecam20 1125.17993164 4417.63378906 4.94468593597
1477662855392 lifecam22 1122.22436523 4416.39648438 4.94472932816
1477662855440 lifecam20 1119.14575195 4415.23681641 4.94207191467
1477662855452 lifecam22 1116.23217773 4414.35595703 4.94265699387
1477662855508 lifecam20 1112.63598633 4413.11035156 4.94293880463
1477662855520 lifecam22 1109.23669434 4412.03955078 4.94430541992
1477662855643 lifecam20 1102.79968262 4410.03222656 4.94417715073
1477662855653 lifecam22 1096.02124023 4407.57958984 4.94023323059
1477662855708 lifecam20 1092.43859863 4406.53613281 4.93995380402
1477662855720 lifecam22 1089.34777832 4405.59375 4.94005775452
1477662855776 lifecam20 1086.08105469 4404.89404297 4.94042396545
1477662855790 lifecam22 1083.37597656 4404.29492188 4.94321203232
1477662855842 lifecam20 1079.97216797 4403.40332031 4.94301462173
1477662855855 lifecam22 1076.53063965 4402.6328125 4.94419050217
1477662855913 lifecam20 1073.29504395 4401.89746094 4.94664669037
1477662855922 lifecam22 1069.71032715 4401.00634766 4.94641017914
1477662855976 lifecam20 1066.47485352 4399.99023438 4.94702339172
1477662855990 lifecam22 1063.75048828 4399.03662109 4.9481678009
1477662856046 lifecam20 1060.59082031 4398.09277344 4.94928121567
1477662856056 lifecam22 1057.68334961 4397.13085938 4.95126628876
1477662856108 lifecam20 1054.41247559 4396.70605469 4.95414733887
1477662856120 lifecam22 1050.95239258 4395.66992188 4.95358324051
1477662856176 lifecam20 1047.16650391 4394.20703125 4.95255327225
1477662856188 lifecam22 1043.3840332 4393.11132812 4.95373916626
1477662856244 lifecam20 1040.21435547 4391.82617188 4.95317602158
1477662856258 lifecam22 1037.84838867 4391.06298828 4.95496940613
1477662856377 lifecam20 1031.03759766 4388.70947266 4.95407819748
1477662856390 lifecam22 1024.72387695 4386.04003906 4.95232200623
1477662856448 lifecam20 1021.5703125 4385.14013672 4.95517063141
1477662856459 lifecam22 1017.96002197 4383.6328125 4.95277738571
1477662856510 lifecam20 1014.65454102 4382.51611328 4.95192813873
1477662856521 lifecam22 1011.59997559 4381.78710938 4.95222377777
1477662856576 lifecam20 1007.95849609 4380.44238281 4.9503903389
1477662856591 lifecam22 1005.00952148 4379.67773438 4.95286941528
1477662856647 lifecam20 1001.09851074 4378.78662109 4.95141410828
1477662856658 lifecam22 997.35559082 4377.37792969 4.94879293442
1477662856718 lifecam20 994.817871094 4376.77148438 4.95354223251
1477662856724 lifecam22 991.560791016 4376.02392578 4.95537233353
1477662856776 lifecam20 988.187011719 4374.50048828 4.95298099518
1477662856787 lifecam22 985.326416016 4373.22753906 4.95402002335
1477662856844 lifecam20 981.922241211 4372.44824219 4.95508003235
1477662856855 lifecam22 979.280029297 4371.76269531 4.95526123047
1477662856912 lifecam20 976.244750977 4370.75439453 4.95914030075
1477662856923 lifecam22 972.929321289 4369.47021484 4.96067428589
1477662856976 lifecam20 969.925415039 4368.95703125 4.96128225327
1477662856988 lifecam22 966.987304688 4368.15429688 4.96149206161
1477662857115 lifecam20 960.444946289 4365.38476562 4.95986175537
1477662857126 lifecam22 954.179443359 4362.88769531 4.95896673203
1477662857177 lifecam20 950.932617188 4362.03320312 4.95970439911
1477662857192 lifecam22 947.943115234 4361.38183594 4.9615483284
1477662857248 lifecam20 944.368408203 4360.07568359 4.96192789078
1477662857258 lifecam22 941.096923828 4358.3125 4.96117973328
1477662857313 lifecam20 938.307922363 4357.62207031 4.96316766739
1477662857324 lifecam22 934.782104492 4356.59375 4.9626531601
1477662857378 lifecam20 931.192565918 4355.25195312 4.9611492157
1477662857390 lifecam22 928.334777832 4354.56933594 4.96412801743
1477662857445 lifecam20 924.635864258 4353.69873047 4.96449756622
1477662857464 lifecam22 921.636962891 4352.94287109 4.96565485001
1477662857512 lifecam20 918.497253418 4351.79980469 4.96667671204
1477662857532 lifecam22 914.973632812 4350.54052734 4.96675539017
1477662857580 lifecam20 911.836547852 4350.06494141 4.96916437149
1477662857600 lifecam22 908.578979492 4349.15625 4.96905469894
1477662857643 lifecam20 905.34588623 4348.09765625 4.96828651428
1477662857663 lifecam22 902.587463379 4347.48925781 4.97025823593
1477662857711 lifecam20 898.953308105 4345.6328125 4.96864748001
1477662857731 lifecam22 895.764404297 4343.9921875 4.96690702438
1477662857785 lifecam20 892.283691406 4343.29101562 4.96846485138
1477662857801 lifecam22 889.251831055 4342.4921875 4.97084379196
1477662857845 lifecam20 886.098632812 4341.28710938 4.96972513199
1477662857866 lifecam22 882.884765625 4339.94433594 4.96744394302
1477662857912 lifecam20 879.498291016 4338.94238281 4.96897506714
1477662857934 lifecam22 875.961425781 4337.64599609 4.96928024292
1477662857981 lifecam20 872.150146484 4336.34667969 4.96952867508
1477662857999 lifecam22 869.175537109 4335.26367188 4.96988725662
1477662858046 lifecam20 866.16394043 4333.95605469 4.9676232338
1477662858064 lifecam22 863.000244141 4332.66015625 4.96657752991
1477662858181 lifecam20 856.47442627 4330.32128906 4.96854734421
1477662858201 lifecam22 849.959472656 4328.00830078 4.97136259079
1477662858248 lifecam20 846.464599609 4326.75927734 4.97176361084
1477662858269 lifecam22 843.32043457 4325.54785156 4.96946573257
1477662858312 lifecam20 840.517822266 4324.92431641 4.97125911713
1477662858332 lifecam22 838.615722656 4324.72412109 4.97453403473
1477662858382 lifecam20 839.314697266 4324.90673828 4.97360181808
1477662858399 lifecam22 840.995483398 4325.22460938 4.97302007675
1477662858448 lifecam20 841.338623047 4325.34228516 4.97280406952
1477662858468 lifecam22 840.595031738 4325.25195312 4.97279405594
1477662858513 lifecam20 840.145874023 4325.26660156 4.97437477112
1477662858533 lifecam22 840.06439209 4325.21484375 4.97491645813
1477662858584 lifecam20 840.244140625 4325.01757812 4.97231674194
1477662858593 lifecam22 840.389160156 4325.00195312 4.97155857086
1477662858648 lifecam20 840.28717041 4325.046875 4.97316932678
1477662858659 lifecam22 840.201782227 4325.08349609 4.97368431091
1477662858712 lifecam20 840.26361084 4325.14746094 4.97311019897
1477662858723 lifecam22 840.100708008 4324.89990234 4.97239017487
1477662858780 lifecam20 840.054077148 4324.91601562 4.97262573242
1477662858791 lifecam22 840.288330078 4325.19140625 4.97343254089
1477662858869 lifecam22 840.224365234 4325.25830078 4.97364854813
1477662858922 lifecam20 840.306152344 4325.21875 4.97362279892
1477662858927 lifecam22 840.032714844 4324.87207031 4.97169971466
1477662858985 lifecam20 839.948303223 4325.12011719 4.973528862
1477662858993 lifecam22 840.285766602 4325.39990234 4.97523593903
1477662859050 lifecam20 840.551208496 4325.54101562 4.97540378571
1477662859062 lifecam22 840.812011719 4325.87988281 4.9772644043
1477662859116 lifecam20 841.143310547 4326.05615234 4.9786400795
1477662859131 lifecam22 841.070739746 4326.01660156 4.97791385651
