1477661356594 lifecam22 3367.89404297 4776.15283203 4.68367767334
1477661356664 lifecam22 3368.25976562 4776.35546875 4.68561935425
1477661356730 lifecam22 3367.89404297 4776.15283203 4.68367767334
1477661356795 lifecam22 3367.82250977 4775.97119141 4.6818189621
1477661356862 lifecam22 3368.30786133 4776.53369141 4.68726444244
1477661356931 lifecam22 3367.89404297 4776.15283203 4.68367767334
1477661357061 lifecam22 3367.71557617 4775.84960938 4.68216276169
1477661357129 lifecam22 3367.89404297 4776.15283203 4.68367767334
1477661357192 lifecam22 3367.93725586 4776.19335938 4.68405675888
1477661357262 lifecam22 3368.25976562 4776.35546875 4.68561935425
1477661357330 lifecam22 3367.87158203 4775.99902344 4.68225765228
1477661357399 lifecam22 3368.125 4776.09326172 4.68448352814
1477661357463 lifecam22 3368.08129883 4776.05273438 4.68410348892
1477661357529 lifecam22 3367.89404297 4776.15283203 4.68367767334
1477661357599 lifecam22 3368.0456543 4776.29150391 4.68372249603
1477661357662 lifecam22 3367.87158203 4775.99902344 4.68225765228
1477661357801 lifecam22 3367.71557617 4775.84960938 4.68216276169
1477661357862 lifecam22 3367.87158203 4775.99902344 4.68225765228
1477661357931 lifecam22 3368.25976562 4776.35546875 4.68561935425
1477661357999 lifecam22 3367.87158203 4775.99902344 4.68225765228
1477661358060 lifecam22 3367.71557617 4775.84960938 4.68216276169
1477661358132 lifecam22 3367.71557617 4775.84960938 4.68216276169
1477661358197 lifecam22 3367.71557617 4775.84960938 4.68216276169
1477661358265 lifecam22 3368.08129883 4776.05273438 4.68410348892
1477661358334 lifecam22 3367.79418945 4775.65283203 4.68292808533
1477661358401 lifecam22 3367.71557617 4775.84960938 4.68216276169
1477661358479 lifecam22 3367.71557617 4775.84960938 4.68216276169
1477661358533 lifecam22 3367.71557617 4775.84960938 4.68216276169
1477661358604 lifecam22 3368.25976562 4776.35546875 4.68561935425
1477661358671 lifecam22 3368.25976562 4776.35546875 4.68561935425
1477661358734 lifecam22 3368.00195312 4776.2734375 4.68333816528
1477661358868 lifecam22 3367.89404297 4776.15283203 4.68367767334
1477661358934 lifecam22 3368.28198242 4776.39892578 4.68580770493
1477661359000 lifecam22 3367.63793945 4776.07373047 4.68139600754
1477661359065 lifecam22 3368.25976562 4776.35546875 4.68561935425
1477661359133 lifecam22 3367.71557617 4775.84960938 4.68216276169
1477661359265 lifecam22 3367.71557617 4775.84960938 4.68216276169
1477661359336 lifecam22 3367.79418945 4775.65283203 4.68292808533
1477661359397 lifecam22 3367.76538086 4776.02832031 4.68380451202
1477661359467 lifecam22 3367.69433594 4775.85546875 4.68197011948
1477661359535 lifecam22 3367.97241211 4775.95556641 4.68444490433
1477661359600 lifecam22 3368.12890625 4776.23876953 4.68577098846
1477661359669 lifecam22 3367.48071289 4775.7890625 4.68006944656
1477661359736 lifecam22 3369.03662109 4776.66992188 4.68866872787
1477661359803 lifecam22 3367.59106445 4775.43701172 4.68345928192
1477661359865 lifecam22 3367.27441406 4776.62646484 4.67796707153
1477661360002 lifecam22 3367.36523438 4777.14111328 4.67744064331
1477661360065 lifecam22 3368.20361328 4777.18945312 4.6952085495
1477661360134 lifecam22 3367.99902344 4776.11230469 4.68589448929
1477661360203 lifecam22 3367.92114258 4776.33447266 4.685131073
1477661360264 lifecam22 3368.37304688 4776.64208984 4.68682384491
1477661360335 lifecam22 3363.79345703 4779.54736328 4.71306800842
1477661360401 lifecam22 3355.74731445 4776.34277344 4.69476175308
1477661360469 lifecam22 3352.96386719 4779.50146484 4.71405696869
1477661360527 lifecam22 3344.5534668 4777.10839844 4.70358753204
1477661360601 lifecam22 3337.72973633 4776.44042969 4.69890928268
1477661360735 lifecam22 3323.73535156 4776.16748047 4.69772577286
1477661360805 lifecam22 3316.86303711 4776.01367188 4.69886922836
1477661360872 lifecam22 3310.5546875 4775.13476562 4.70509386063
1477661360933 lifecam22 3305.5078125 4775.74804688 4.71768665314
1477661361071 lifecam22 3292.84082031 4773.65673828 4.72357082367
1477661361134 lifecam22 3286.14282227 4773.90087891 4.72586250305
1477661361204 lifecam22 3278.85766602 4773.65332031 4.72353553772
1477661361268 lifecam22 3273.37060547 4774.60253906 4.73243045807
1477661361337 lifecam22 3265.58203125 4774.12988281 4.72801351547
1477661361468 lifecam22 3251.53759766 4771.64306641 4.71964979172
1477661361540 lifecam22 3245.87963867 4770.88232422 4.71884489059
1477661361602 lifecam22 3241.41748047 4770.36914062 4.74251079559
1477661361670 lifecam22 3235.01757812 4770.37890625 4.74609708786
1477661361737 lifecam22 3227.43774414 4767.96386719 4.73453521729
1477661361806 lifecam22 3220.21923828 4767.80419922 4.73431015015
1477661361870 lifecam22 3213.7722168 4767.57861328 4.73220729828
1477661361936 lifecam22 3206.65625 4767.60107422 4.73241567612
1477661362004 lifecam22 3199.51123047 4765.77050781 4.71518754959
1477661362069 lifecam22 3192.4140625 4765.52734375 4.71288061142
1477661362204 lifecam22 3179.28515625 4765.63378906 4.71836709976
1477661362268 lifecam22 3173.43579102 4761.89697266 4.72994709015
1477661362338 lifecam22 3169.19628906 4763.35888672 4.74378013611
1477661362406 lifecam22 3162.65112305 4762.85205078 4.74537706375
1477661362471 lifecam22 3154.40869141 4760.65283203 4.73289823532
1477661362538 lifecam22 3148.19116211 4761.16943359 4.73770475388
1477661362604 lifecam22 3141.57202148 4761.27734375 4.73870849609
1477661362672 lifecam22 3134.84130859 4761.39941406 4.73983955383
1477661362737 lifecam22 3128.08837891 4761.50097656 4.74077796936
1477661362805 lifecam22 3122.36767578 4761.63134766 4.74604988098
1477661362939 lifecam22 3110.14526367 4758.37890625 4.76005840302
1477661363007 lifecam22 3103.3581543 4757.81884766 4.75745534897
1477661363074 lifecam22 3096.33740234 4757.43017578 4.75641918182
1477661363135 lifecam22 3088.23681641 4756.47265625 4.75280046463
1477661363205 lifecam22 3081.11547852 4755.50292969 4.74755191803
1477661363272 lifecam22 3074.2019043 4754.34033203 4.74201917648
1477661363338 lifecam22 3067.60742188 4754.3828125 4.7464761734
1477661363405 lifecam22 3062.51367188 4752.33447266 4.74840927124
1477661363472 lifecam22 3055.49707031 4750.22265625 4.74644041061
1477661363541 lifecam22 3049.15844727 4751.04492188 4.7523598671
1477661363673 lifecam22 3034.22338867 4748.19873047 4.73836326599
1477661363741 lifecam22 3028.54760742 4748.65771484 4.74388647079
1477661363804 lifecam22 3022.54833984 4747.40917969 4.74248075485
1477661363874 lifecam22 3016.6784668 4747.81738281 4.74903011322
1477661363942 lifecam22 3012.27294922 4748.31201172 4.76762628555
1477661364003 lifecam22 3005.61669922 4746.2890625 4.76837491989
1477661364074 lifecam22 2998.43261719 4745.11328125 4.76409387589
1477661364140 lifecam22 2990.54833984 4743.23876953 4.75609493256
1477661364210 lifecam22 2983.58349609 4742.99462891 4.75499677658
1477661364273 lifecam22 2976.33740234 4741.66699219 4.74979925156
1477661364412 lifecam22 2965.30493164 4742.24072266 4.77072620392
1477661364473 lifecam22 2958.46679688 4742.18554688 4.77276706696
1477661364542 lifecam22 2951.96020508 4740.82324219 4.77131557465
1477661364610 lifecam22 2945.39404297 4738.33691406 4.76369428635
1477661364670 lifecam22 2938.19848633 4737.96923828 4.76301383972
1477661364740 lifecam22 2930.79467773 4737.06542969 4.75886917114
1477661364809 lifecam22 2923.72045898 4736.20898438 4.75831508636
1477661364875 lifecam22 2917.55273438 4734.83154297 4.76071357727
1477661364940 lifecam22 2910.71655273 4733.31982422 4.76000261307
1477661365007 lifecam22 2904.1887207 4731.68798828 4.76234483719
1477661365141 lifecam22 2891.79321289 4730.76220703 4.76378154755
1477661365208 lifecam22 2883.875 4729.71044922 4.76098442078
1477661365277 lifecam22 2877.81860352 4730.00390625 4.76478290558
1477661365339 lifecam22 2872.20141602 4729.5234375 4.77579832077
1477661365409 lifecam22 2866.44213867 4729.45507812 4.78077125549
1477661365476 lifecam22 2859.97387695 4728.58154297 4.78339767456
1477661365542 lifecam22 2852.67211914 4726.296875 4.77842855453
1477661365609 lifecam22 2846.40063477 4725.88574219 4.77682781219
1477661365675 lifecam22 2839.66455078 4725.00292969 4.78001213074
1477661365745 lifecam22 2833.26660156 4724.07421875 4.77956008911
1477661365875 lifecam22 2819.84399414 4720.90673828 4.77741146088
1477661365946 lifecam22 2813.14111328 4718.33203125 4.76857233047
1477661366009 lifecam22 2806.11743164 4717.69287109 4.7666888237
1477661366076 lifecam22 2799.82592773 4717.50830078 4.77002477646
1477661366143 lifecam22 2794.59863281 4717.51025391 4.77887487411
1477661366276 lifecam22 2781.75683594 4716.41699219 4.78524255753
1477661366343 lifecam22 2774.18652344 4714.60009766 4.7826590538
1477661366411 lifecam22 2768.60375977 4714.0546875 4.78629541397
1477661366479 lifecam22 2760.76611328 4712.16113281 4.7803401947
1477661366614 lifecam22 2748.59521484 4711.98681641 4.79415607452
1477661366675 lifecam22 2741.98876953 4710.65673828 4.79418325424
1477661366744 lifecam22 2734.76269531 4709.27001953 4.79397153854
1477661366811 lifecam22 2728.32446289 4707.98291016 4.79271554947
1477661366874 lifecam22 2721.27368164 4705.72216797 4.78798294067
1477661367013 lifecam22 2708.62841797 4705.36230469 4.79860687256
1477661367079 lifecam22 2701.43530273 4704.859375 4.7991566658
1477661367147 lifecam22 2694.79614258 4703.74707031 4.79758262634
1477661367213 lifecam22 2687.55981445 4701.64941406 4.79442071915
1477661367344 lifecam22 2674.89208984 4699.27441406 4.79430532455
1477661367412 lifecam22 2668.5847168 4697.70117188 4.79487943649
1477661367481 lifecam22 2662.91845703 4697.84033203 4.7980632782
1477661367545 lifecam22 2655.95800781 4695.43164062 4.79501819611
1477661367615 lifecam22 2649.89648438 4694.15283203 4.7941069603
1477661367743 lifecam22 2636.82128906 4692.16113281 4.79978752136
1477661367815 lifecam22 2630.8581543 4691.98876953 4.80509710312
1477661367879 lifecam22 2624.10400391 4691.06201172 4.80647516251
1477661367949 lifecam22 2617.20825195 4690.28662109 4.80549144745
1477661368011 lifecam22 2609.87646484 4689.05517578 4.80173969269
1477661368080 lifecam22 2604.0324707 4687.94238281 4.80926418304
1477661368147 lifecam22 2597.43408203 4686.6171875 4.81031084061
1477661368213 lifecam22 2590.33056641 4685.04492188 4.80696868896
1477661368284 lifecam22 2583.32421875 4684.12890625 4.80609560013
1477661368349 lifecam22 2576.29443359 4683.31054688 4.80638027191
1477661368479 lifecam22 2563.22143555 4680.07763672 4.80994558334
1477661368548 lifecam22 2556.95727539 4678.69824219 4.80980873108
1477661368614 lifecam22 2550.63745117 4677.79248047 4.81095695496
1477661368681 lifecam22 2543.29370117 4676.05761719 4.80678415298
1477661368748 lifecam22 2537.42358398 4676.10351562 4.81368398666
1477661368815 lifecam22 2530.76074219 4674.71386719 4.81544923782
1477661368879 lifecam22 2524.69433594 4674.06494141 4.81970643997
1477661368947 lifecam22 2518.13818359 4672.93408203 4.82137680054
1477661369015 lifecam22 2512.09399414 4671.88623047 4.81690979004
1477661369080 lifecam22 2504.76293945 4669.69677734 4.81713247299
1477661369216 lifecam22 2492.31713867 4667.21826172 4.82033538818
1477661369282 lifecam22 2485.78466797 4665.23291016 4.81563568115
1477661369349 lifecam22 2479.84814453 4664.74902344 4.81911897659
1477661369415 lifecam22 2472.91333008 4662.45849609 4.81883764267
1477661369485 lifecam22 2466.67895508 4660.82373047 4.81654548645
1477661369547 lifecam22 2459.90234375 4659.81640625 4.82037115097
1477661369615 lifecam22 2453.47265625 4659.00537109 4.82196187973
1477661369683 lifecam22 2447.19970703 4658.36376953 4.82313680649
1477661369745 lifecam22 2440.59790039 4657.34033203 4.82575750351
1477661369815 lifecam22 2434.68286133 4656.55322266 4.82982444763
1477661369949 lifecam22 2421.18383789 4653.67871094 4.82792901993
1477661370019 lifecam22 2414.09326172 4653.05224609 4.82964754105
1477661370083 lifecam22 2407.76586914 4651.78320312 4.83564996719
1477661370149 lifecam22 2401.55395508 4650.56640625 4.83929872513
1477661370215 lifecam22 2393.83129883 4647.48730469 4.83000850677
1477661370283 lifecam22 2387.40014648 4646.16503906 4.82803058624
1477661370350 lifecam22 2381.0090332 4644.88769531 4.83143520355
1477661370413 lifecam22 2374.59326172 4643.82519531 4.83548069
1477661370483 lifecam22 2367.79736328 4642.22460938 4.8347902298
1477661370551 lifecam22 2361.65258789 4641.74511719 4.83538913727
1477661370686 lifecam22 2348.65527344 4639.27246094 4.83841371536
1477661370751 lifecam22 2342.32910156 4637.46289062 4.83922672272
1477661370818 lifecam22 2335.50585938 4635.54248047 4.83856678009
1477661370883 lifecam22 2329.515625 4634.76074219 4.83915710449
1477661370950 lifecam22 2322.86743164 4633.453125 4.84153223038
1477661371020 lifecam22 2316.51416016 4632.08300781 4.84442281723
1477661371084 lifecam22 2310.03076172 4630.49560547 4.84371757507
1477661371150 lifecam22 2302.72143555 4627.75390625 4.83930587769
1477661371218 lifecam22 2296.87231445 4626.74365234 4.83848047256
1477661371283 lifecam22 2290.84716797 4625.71289062 4.8463511467
1477661371418 lifecam22 2277.52978516 4623.5234375 4.84826421738
1477661371488 lifecam22 2271.32373047 4622.40429688 4.84796047211
1477661371552 lifecam22 2265.28027344 4621.57714844 4.85010623932
1477661371618 lifecam22 2258.13305664 4619.29003906 4.85042667389
1477661371685 lifecam22 2252.22900391 4618.81103516 4.85550165176
1477661371751 lifecam22 2244.98168945 4615.80859375 4.84957456589
1477661371818 lifecam22 2238.3972168 4614.77832031 4.84700250626
1477661371886 lifecam22 2231.83056641 4613.11572266 4.85110759735
1477661371949 lifecam22 2225.44995117 4611.81494141 4.8515253067
1477661372019 lifecam22 2218.78076172 4609.67822266 4.85168075562
1477661372152 lifecam22 2206.50195312 4606.37207031 4.85378742218
1477661372222 lifecam22 2199.69262695 4605.58935547 4.85460329056
1477661372286 lifecam22 2193.02587891 4604.97070312 4.85677719116
1477661372354 lifecam22 2186.08447266 4603.17041016 4.85623884201
1477661372419 lifecam22 2178.96606445 4601.63183594 4.85307741165
1477661372488 lifecam22 2173.42773438 4600.64648438 4.86162137985
1477661372554 lifecam22 2167.26269531 4599.39208984 4.86601734161
1477661372617 lifecam22 2160.84643555 4597.71044922 4.8619761467
1477661372686 lifecam22 2154.03808594 4595.41699219 4.86064910889
1477661372754 lifecam22 2147.84130859 4594.11816406 4.86285161972
1477661372889 lifecam22 2135.78637695 4590.34765625 4.86229228973
1477661372954 lifecam22 2128.77832031 4589.15869141 4.86442232132
1477661373008 lifecam20 2061.33105469 4582.02050781 4.81695318222
1477661373024 lifecam22 2058.20605469 4580.85839844 4.81647729874
1477661373079 lifecam20 2055.4765625 4581.10253906 4.82132148743
1477661373086 lifecam22 2052.54492188 4580.67285156 4.82265090942
1477661373149 lifecam20 2048.5168457 4580.17675781 4.82173871994
1477661373154 lifecam22 2044.78613281 4579.59228516 4.82204151154
1477661373209 lifecam20 2042.01171875 4579.62011719 4.82503271103
1477661373221 lifecam22 2039.03222656 4579.03515625 4.82486915588
1477661373281 lifecam20 2035.6126709 4579.16503906 4.8279747963
1477661373286 lifecam22 2032.02282715 4578.28613281 4.82953310013
1477661373349 lifecam20 2028.82580566 4577.75976562 4.83009195328
1477661373354 lifecam22 2025.9732666 4577.05859375 4.83111715317
1477661373417 lifecam20 2022.92407227 4577.23535156 4.83639764786
1477661373422 lifecam22 2019.19348145 4576.46630859 4.83624076843
1477661373476 lifecam20 2016.46972656 4577.07519531 4.84379863739
1477661373485 lifecam22 2013.3581543 4576.22998047 4.84380626678
1477661373618 lifecam20 2006.62512207 4575.75976562 4.84686374664
1477661373622 lifecam22 1999.91821289 4574.29931641 4.84822034836
1477661373683 lifecam20 1996.93725586 4574.45556641 4.85563516617
1477661373689 lifecam22 1993.7902832 4573.26513672 4.85633277893
1477661373750 lifecam20 1991.01708984 4573.54980469 4.86202955246
1477661373757 lifecam22 1987.63574219 4572.89453125 4.86131095886
1477661373817 lifecam20 1984.19006348 4572.52050781 4.86285972595
1477661373822 lifecam22 1980.9342041 4571.38574219 4.86362981796
1477661373875 lifecam20 1978.16625977 4571.43994141 4.86794519424
1477661373889 lifecam22 1975.27001953 4570.56054688 4.86779308319
1477661373945 lifecam20 1971.80810547 4570.16455078 4.86949205399
1477661373954 lifecam22 1968.17590332 4569.38916016 4.86951446533
1477661374017 lifecam20 1965.1171875 4568.74316406 4.87123346329
1477661374022 lifecam22 1961.7109375 4568.21484375 4.87242460251
1477661374085 lifecam20 1958.32910156 4567.65136719 4.87292814255
1477661374090 lifecam22 1955.23266602 4567.15332031 4.8743891716
1477661374145 lifecam20 1951.59301758 4566.48974609 4.87426948547
1477661374153 lifecam22 1948.29467773 4565.37060547 4.87256717682
1477661374219 lifecam20 1945.29553223 4564.35449219 4.87488079071
1477661374223 lifecam22 1942.1854248 4563.30566406 4.87480020523
1477661374347 lifecam20 1935.61108398 4561.45898438 4.87138986588
1477661374357 lifecam22 1929.66308594 4560.0234375 4.87453508377
1477661374421 lifecam20 1926.4284668 4559.796875 4.87848377228
1477661374424 lifecam22 1922.82714844 4558.9453125 4.87800931931
1477661374487 lifecam20 1919.52404785 4558.07861328 4.87781906128
1477661374491 lifecam22 1916.38891602 4557.45458984 4.87784862518
1477661374544 lifecam20 1913.19116211 4556.21875 4.8784365654
1477661374556 lifecam22 1910.18164062 4554.99707031 4.87883043289
1477661374614 lifecam20 1907.05322266 4554.51904297 4.87880086899
1477661374622 lifecam22 1904.01025391 4553.83740234 4.87925481796
1477661374697 lifecam22 1900.56665039 4552.77929688 4.87845039368
1477661374755 lifecam20 1893.83166504 4550.77148438 4.87916946411
1477661374759 lifecam22 1890.37060547 4549.60839844 4.87824392319
1477661374812 lifecam20 1886.90405273 4549.10888672 4.87893629074
1477661374821 lifecam22 1883.86547852 4548.63964844 4.88247537613
1477661374885 lifecam20 1880.35522461 4547.66699219 4.88149881363
1477661374889 lifecam22 1877.44311523 4546.95996094 4.88265609741
1477661374953 lifecam20 1874.27832031 4546.52636719 4.88485860825
1477661374958 lifecam22 1870.9543457 4545.99804688 4.88560628891
1477661375015 lifecam20 1867.79101562 4545.39257812 4.88816165924
1477661375087 lifecam20 1864.47119141 4544.29394531 4.8869342804
1477661375091 lifecam22 1858.04675293 4542.71875 4.889128685
1477661375156 lifecam20 1854.31860352 4541.46337891 4.88628530502
1477661375158 lifecam22 1851.23217773 4540.43603516 4.88605642319
1477661375212 lifecam20 1848.17871094 4540.078125 4.89114189148
1477661375226 lifecam22 1844.64453125 4539.28515625 4.89155387878
1477661375280 lifecam20 1841.40307617 4538.57568359 4.89269542694
1477661375291 lifecam22 1838.2409668 4537.90771484 4.89348220825
1477661375357 lifecam20 1834.16577148 4536.55957031 4.89042377472
1477661375361 lifecam22 1830.32910156 4534.90039062 4.88749647141
1477661375480 lifecam20 1823.8840332 4533.48876953 4.89046525955
1477661375491 lifecam22 1817.24719238 4531.95019531 4.89091300964
1477661375555 lifecam20 1813.99487305 4530.65234375 4.89003705978
1477661375558 lifecam22 1811.32653809 4529.73242188 4.89155483246
1477661375623 lifecam20 1807.71191406 4528.54394531 4.89000272751
1477661375626 lifecam22 1804.31103516 4527.39257812 4.89018440247
1477661375686 lifecam20 1801.16064453 4526.90039062 4.89096832275
1477661375691 lifecam22 1798.0144043 4526.32324219 4.89171266556
1477661375755 lifecam20 1794.35327148 4525.52832031 4.89317369461
1477661375759 lifecam22 1790.92285156 4524.94873047 4.89595842361
1477661375818 lifecam20 1787.77392578 4524.65820312 4.89800310135
1477661375828 lifecam22 1784.68005371 4523.87695312 4.8979640007
1477661375885 lifecam20 1781.07910156 4522.91113281 4.89772415161
1477661375892 lifecam22 1777.73266602 4522.23779297 4.89838552475
1477661375957 lifecam20 1774.63574219 4521.38916016 4.8991985321
1477661375959 lifecam22 1771.80688477 4520.40136719 4.89963817596
1477661376021 lifecam20 1768.72363281 4519.62988281 4.90117168427
1477661376025 lifecam22 1765.10375977 4518.89746094 4.90117168427
1477661376080 lifecam20 1761.79125977 4517.70507812 4.90137338638
1477661376093 lifecam22 1758.95703125 4516.02050781 4.90014266968
1477661376222 lifecam20 1752.39746094 4514.47949219 4.90150213242
1477661376225 lifecam22 1746.03637695 4513.20410156 4.90302085876
1477661376293 lifecam20 1742.92651367 4511.76904297 4.90017414093
1477661376297 lifecam22 1740.05297852 4510.61669922 4.90122032166
1477661376349 lifecam20 1736.60229492 4509.46435547 4.89841175079
1477661376358 lifecam22 1733.23754883 4508.14550781 4.89558982849
1477661376420 lifecam20 1729.92504883 4507.18359375 4.89667367935
1477661376425 lifecam22 1726.18322754 4506.03710938 4.89532423019
1477661376489 lifecam20 1723.0168457 4505.16113281 4.89573907852
1477661376494 lifecam22 1720.28527832 4504.44873047 4.89754486084
1477661376623 lifecam20 1713.61987305 4502.86816406 4.89915657043
1477661376629 lifecam22 1707.11865234 4500.78076172 4.89830827713
1477661376690 lifecam20 1703.65698242 4500.16308594 4.90003156662
1477661376694 lifecam22 1700.34960938 4499.86816406 4.90391540527
1477661376756 lifecam22 1697.26074219 4499.23046875 4.90453100204
1477661376819 lifecam20 1690.99487305 4498.06152344 4.90827941895
1477661376825 lifecam22 1687.63671875 4497.36865234 4.90937423706
1477661376889 lifecam20 1683.92773438 4496.09423828 4.9071598053
1477661376893 lifecam22 1680.93603516 4494.54638672 4.90604496002
1477661376954 lifecam20 1677.70861816 4494.0390625 4.90949678421
1477661376962 lifecam22 1674.40942383 4493.78271484 4.91290855408
1477661377021 lifecam20 1671.01928711 4492.7421875 4.91353702545
1477661377026 lifecam22 1668.12133789 4491.875 4.91348314285
1477661377088 lifecam20 1664.72802734 4491.07910156 4.91343688965
1477661377093 lifecam22 1661.19458008 4490.23535156 4.91503715515
1477661377158 lifecam20 1657.69091797 4489.10546875 4.91555404663
1477661377163 lifecam22 1654.265625 4487.68701172 4.91373062134
1477661377216 lifecam20 1650.97521973 4486.46972656 4.91200590134
1477661377224 lifecam22 1648.01123047 4485.40527344 4.91202068329
1477661377276 lifecam20 1644.37182617 4483.93164062 4.9113368988
1477661377357 lifecam20 1641.30786133 4482.89404297 4.91027879715
1477661377361 lifecam22 1634.97631836 4480.35205078 4.91012191772
1477661377418 lifecam20 1631.52075195 4479.26123047 4.91165208817
1477661377425 lifecam22 1628.1875 4478.43652344 4.91268825531
1477661377489 lifecam20 1625.04248047 4477.79394531 4.91308259964
1477661377494 lifecam22 1621.64233398 4476.80322266 4.91206121445
1477661377556 lifecam20 1618.12365723 4476.01269531 4.91274309158
1477661377561 lifecam22 1614.88293457 4475.20019531 4.91361761093
1477661377617 lifecam20 1611.29882812 4474.42382812 4.91522836685
1477661377630 lifecam22 1607.8737793 4473.48828125 4.91639089584
1477661377684 lifecam20 1604.88842773 4472.54394531 4.91504001617
1477661377694 lifecam22 1602.20471191 4471.92822266 4.91603803635
1477661377759 lifecam20 1599.0279541 4470.66992188 4.91643333435
1477661377764 lifecam22 1595.9753418 4469.46777344 4.91579627991
1477661377826 lifecam20 1592.53613281 4468.76074219 4.91770553589
1477661377830 lifecam22 1589.01013184 4467.77001953 4.91845464706
1477661377888 lifecam20 1586.00170898 4467.18896484 4.91890907288
1477661377894 lifecam22 1583.07958984 4466.65527344 4.91918611526
1477661377960 lifecam20 1579.54406738 4464.90917969 4.91799259186
1477661377964 lifecam22 1576.66906738 4463.73046875 4.92132997513
1477661378089 lifecam20 1570.31616211 4461.99316406 4.92275762558
1477661378094 lifecam22 1563.85522461 4459.69628906 4.92056179047
1477661378158 lifecam20 1560.95751953 4458.90234375 4.92119503021
1477661378162 lifecam22 1557.75683594 4457.82373047 4.92087554932
1477661378224 lifecam20 1554.33105469 4456.75 4.92170000076
1477661378229 lifecam22 1551.39990234 4456.078125 4.92321443558
1477661378286 lifecam20 1548.2668457 4455.05957031 4.92325735092
1477661378296 lifecam22 1545.12573242 4453.63330078 4.92350196838
1477661378353 lifecam20 1541.86767578 4453.40820312 4.92715406418
1477661378363 lifecam22 1538.54174805 4453.14355469 4.93021392822
1477661378485 lifecam20 1532.05395508 4451.06445312 4.93014240265
1477661378498 lifecam22 1525.61791992 4449.18945312 4.92996788025
1477661378557 lifecam20 1521.59716797 4448.18212891 4.92955160141
1477661378562 lifecam22 1518.00866699 4446.96826172 4.92910289764
1477661378622 lifecam20 1514.76293945 4445.84179688 4.92863988876
1477661378692 lifecam20 1511.42504883 4444.80273438 4.92928552628
1477661378696 lifecam22 1505.2590332 4443.16308594 4.93172121048
1477661378754 lifecam20 1501.65356445 4442.20703125 4.93315649033
1477661378763 lifecam22 1498.08227539 4440.4921875 4.93097114563
1477661378821 lifecam20 1494.65356445 4439.38574219 4.9300994873
1477661378828 lifecam22 1491.7109375 4438.62792969 4.93109893799
1477661378892 lifecam20 1488.08898926 4437.37890625 4.92869663239
1477661378899 lifecam22 1484.69848633 4436.33007812 4.9287443161
1477661378952 lifecam20 1481.65014648 4435.42382812 4.9318652153
1477661378964 lifecam22 1478.46936035 4434.34375 4.93175792694
1477661379022 lifecam20 1475.11669922 4433.41894531 4.93296051025
1477661379029 lifecam22 1471.81958008 4432.140625 4.93260622025
1477661379092 lifecam20 1468.03942871 4430.52539062 4.92994022369
1477661379097 lifecam22 1464.6829834 4429.28222656 4.93044281006
1477661379149 lifecam20 1461.49414062 4428.27685547 4.93057203293
1477661379220 lifecam20 1458.09313965 4427.50195312 4.93103170395
1477661379228 lifecam22 1451.44824219 4425.58496094 4.93073034286
1477661379292 lifecam20 1448.13916016 4425.28320312 4.93361997604
1477661379296 lifecam22 1445.20507812 4424.88916016 4.93649625778
1477661379363 lifecam20 1441.68762207 4424.03515625 4.93747234344
1477661379366 lifecam22 1438.07897949 4423.15234375 4.93886566162
1477661379425 lifecam20 1434.35583496 4422.25878906 4.9388885498
1477661379432 lifecam22 1431.27038574 4421.53710938 4.9403386116
1477661379492 lifecam20 1428.1887207 4420.21240234 4.94123601913
1477661379496 lifecam22 1425.02832031 4419.03955078 4.94254922867
1477661379559 lifecam20 1421.64233398 4418.09960938 4.94178533554
1477661379573 lifecam22 1418.34399414 4417.20898438 4.94189882278
1477661379618 lifecam20 1414.98803711 4415.9453125 4.94254589081
1477661379636 lifecam22 1411.74755859 4414.44628906 4.94058465958
1477661379687 lifecam20 1408.47009277 4413.22070312 4.93964767456
1477661379703 lifecam22 1405.26318359 4411.72119141 4.93744754791
1477661379753 lifecam20 1402.03442383 4411.31835938 4.94135856628
1477661379768 lifecam22 1398.77539062 4410.78125 4.94404697418
1477661379818 lifecam20 1395.45922852 4408.66992188 4.93985509872
1477661379838 lifecam22 1392.64611816 4407.17675781 4.94035482407
1477661379956 lifecam20 1385.71704102 4405.3203125 4.94336080551
1477661379971 lifecam22 1378.95947266 4402.98095703 4.9424996376
1477661380025 lifecam20 1375.85876465 4401.30859375 4.93853902817
1477661380038 lifecam22 1373.30749512 4400.53271484 4.94020223618
1477661380088 lifecam20 1369.53930664 4399.72998047 4.94218540192
1477661380102 lifecam22 1365.65063477 4398.37988281 4.94099903107
1477661380155 lifecam20 1362.49755859 4397.89160156 4.9445104599
1477661380170 lifecam22 1359.31567383 4397.10400391 4.94630908966
1477661380221 lifecam20 1356.32507324 4396.43359375 4.94824886322
1477661380237 lifecam22 1353.20605469 4395.79101562 4.95014429092
1477661380286 lifecam20 1349.06152344 4394.30273438 4.94787311554
1477661380303 lifecam22 1345.81860352 4393.2109375 4.94883346558
1477661380353 lifecam20 1342.88024902 4392.73730469 4.95124483109
1477661380373 lifecam22 1339.65795898 4391.43212891 4.94943904877
1477661380422 lifecam20 1336.54785156 4390.36083984 4.9518404007
1477661380438 lifecam22 1333.31164551 4389.08984375 4.9517493248
1477661380485 lifecam20 1329.66894531 4387.44628906 4.94872140884
1477661380507 lifecam22 1326.39257812 4386.66650391 4.95004558563
1477661380554 lifecam20 1323.36791992 4385.94873047 4.95223808289
1477661380571 lifecam22 1320.53979492 4385.35644531 4.95599651337
1477661380647 lifecam22 1317.18737793 4383.76464844 4.95479345322
1477661380686 lifecam20 1310.29443359 4381.53125 4.95419025421
1477661380705 lifecam22 1307.26916504 4380.71777344 4.95465898514
1477661380753 lifecam20 1303.85498047 4379.31005859 4.95471096039
1477661380773 lifecam22 1300.3269043 4377.62792969 4.95263195038
1477661380821 lifecam20 1297.38110352 4376.32666016 4.9528002739
1477661380838 lifecam22 1294.81591797 4375.36425781 4.9546713829
1477661380890 lifecam20 1291.36303711 4374.37207031 4.95574188232
1477661380905 lifecam22 1288.0168457 4373.08203125 4.95567560196
1477661380955 lifecam20 1284.74267578 4371.99462891 4.95594358444
1477661381024 lifecam20 1281.28930664 4370.54492188 4.95422649384
1477661381039 lifecam22 1274.60681152 4368.12841797 4.95312929153
1477661381089 lifecam20 1271.24487305 4367.24755859 4.95251750946
1477661381106 lifecam22 1268.21032715 4366.51074219 4.95498085022
1477661381154 lifecam20 1264.71655273 4365.59570312 4.95763731003
1477661381173 lifecam22 1261.09814453 4364.28222656 4.95622730255
1477661381222 lifecam20 1258.15283203 4363.26660156 4.95791387558
1477661381237 lifecam22 1255.23547363 4361.93212891 4.95918893814
1477661381289 lifecam20 1251.7421875 4360.47949219 4.95691871643
1477661381303 lifecam22 1248.77685547 4359.68847656 4.95617008209
1477661381357 lifecam20 1245.84289551 4358.796875 4.95841121674
1477661381372 lifecam22 1242.77709961 4357.49609375 4.95934820175
1477661381421 lifecam20 1239.46911621 4356.89599609 4.96172571182
1477661381440 lifecam22 1236.55175781 4356.32910156 4.96458387375
1477661381492 lifecam20 1232.93017578 4354.71191406 4.96253681183
1477661381506 lifecam22 1230.16101074 4354.17773438 4.96624898911
1477661381559 lifecam20 1227.47192383 4353.38183594 4.96958637238
1477661381574 lifecam22 1224.19030762 4351.18261719 4.96593618393
1477661381623 lifecam20 1221.19433594 4350.57226562 4.96812772751
1477661381637 lifecam22 1218.05493164 4349.81738281 4.9668879509
1477661381757 lifecam20 1211.53344727 4346.76611328 4.96398305893
1477661381770 lifecam22 1205.28015137 4344.30273438 4.96512031555
1477661381821 lifecam20 1201.52563477 4343.12548828 4.96637868881
1477661381836 lifecam22 1198.19226074 4341.61621094 4.96615600586
1477661381889 lifecam20 1194.75732422 4340.34765625 4.96369409561
1477661381907 lifecam22 1191.64233398 4339.54394531 4.96491289139
1477661381958 lifecam20 1188.38671875 4338.33056641 4.9661488533
1477661381971 lifecam22 1185.22583008 4337.17285156 4.96628427505
1477661382021 lifecam20 1182.23217773 4336.40136719 4.96771383286
1477661382038 lifecam22 1179.19311523 4335.28125 4.96758651733
1477661382089 lifecam20 1175.84326172 4334.29101562 4.96796226501
1477661382106 lifecam22 1172.61157227 4333.51904297 4.97006511688
1477661382158 lifecam20 1169.26269531 4331.72509766 4.96842908859
1477661382176 lifecam22 1166.16101074 4329.99951172 4.96691560745
1477661382221 lifecam20 1162.70385742 4329.14941406 4.96731615067
1477661382242 lifecam22 1159.82849121 4328.51025391 4.96982431412
1477661382289 lifecam20 1156.54980469 4327.45068359 4.97209596634
1477661382307 lifecam22 1153.3001709 4326.27148438 4.97288513184
1477661382362 lifecam20 1149.90283203 4325.12207031 4.97267389297
1477661382373 lifecam22 1146.54296875 4323.75390625 4.97208929062
1477661382427 lifecam20 1143.1796875 4322.49707031 4.97159719467
1477661382435 lifecam22 1139.92663574 4321.27050781 4.97091150284
1477661382491 lifecam20 1136.66748047 4320.19482422 4.97294378281
1477661382499 lifecam22 1133.20422363 4318.69433594 4.97226285934
1477661382559 lifecam20 1129.56591797 4317.04296875 4.9711022377
1477661382567 lifecam22 1126.69213867 4315.68310547 4.97309827805
1477661382637 lifecam20 1123.45019531 4314.51074219 4.97262430191
1477661382640 lifecam22 1120.31140137 4313.44628906 4.9713511467
1477661382694 lifecam20 1117.76391602 4312.57714844 4.97592401505
1477661382703 lifecam22 1114.70117188 4311.39599609 4.97747325897
1477661382833 lifecam20 1107.78173828 4309.45800781 4.97717189789
1477661382838 lifecam22 1101.93115234 4307.890625 4.98003053665
1477661382889 lifecam20 1098.35058594 4306.67333984 4.98179149628
1477661382904 lifecam22 1094.70007324 4305.07910156 4.98158168793
1477661382966 lifecam20 1091.76989746 4303.96289062 4.98161888123
1477661382971 lifecam22 1088.80322266 4303.12695312 4.9819521904
1477661383034 lifecam20 1085.57922363 4301.82421875 4.98206663132
1477661383037 lifecam22 1082.70019531 4300.53808594 4.98321008682
1477661383103 lifecam20 1079.46020508 4299.39257812 4.98372936249
1477661383106 lifecam22 1076.29052734 4297.86865234 4.98354148865
1477661383236 lifecam20 1069.9453125 4295.06542969 4.98336696625
1477661383239 lifecam22 1063.73950195 4292.34228516 4.98253488541
1477661383302 lifecam20 1060.72277832 4291.22412109 4.98060894012
1477661383304 lifecam22 1058.15795898 4290.53125 4.98285770416
1477661383363 lifecam20 1054.68139648 4288.68652344 4.98107767105
1477661383369 lifecam22 1051.55737305 4287.00878906 4.97962999344
1477661383426 lifecam20 1048.6328125 4286.24511719 4.98311901093
1477661383436 lifecam22 1044.94897461 4284.44287109 4.98054122925
1477661383501 lifecam20 1041.40258789 4282.72509766 4.9774479866
1477661383504 lifecam22 1038.70214844 4282.08203125 4.98068141937
1477661383561 lifecam20 1035.57702637 4280.91894531 4.98254108429
1477661383571 lifecam22 1032.58227539 4279.44091797 4.98054885864
1477661383628 lifecam20 1029.984375 4279.04003906 4.98472356796
1477661383635 lifecam22 1027.06738281 4278.19970703 4.98637962341
1477661383701 lifecam20 1022.99243164 4276.60546875 4.98416471481
1477661383704 lifecam22 1019.55712891 4275.57226562 4.98601150513
1477661383760 lifecam20 1016.46594238 4274.9140625 4.98837089539
1477661383771 lifecam22 1013.5567627 4274.19140625 4.99075174332
1477661383826 lifecam20 1010.41589355 4273.26855469 4.99356794357
1477661383835 lifecam22 1007.14611816 4272.16503906 4.99315357208
1477661383972 lifecam20 1000.66650391 4269.70214844 4.99364089966
1477661383976 lifecam22 994.466186523 4267.09716797 4.99511671066
1477661384032 lifecam20 990.995727539 4265.79492188 4.99640798569
1477661384037 lifecam22 987.955322266 4264.69042969 4.99816417694
1477661384095 lifecam20 984.331298828 4263.39892578 4.99656057358
1477661384104 lifecam22 981.122314453 4262.10546875 4.99604415894
1477661384165 lifecam20 978.029846191 4260.86425781 4.9969367981
1477661384225 lifecam20 974.723327637 4259.16796875 4.99576854706
1477661384241 lifecam22 968.160949707 4255.95117188 4.99372148514
1477661384303 lifecam20 965.110351562 4254.31347656 4.99278736115
1477661384312 lifecam22 962.334838867 4253.06005859 4.99361801147
1477661384368 lifecam20 959.176025391 4251.78710938 4.99274730682
1477661384372 lifecam22 955.858398438 4250.06933594 4.98931646347
1477661384425 lifecam20 952.530761719 4248.45605469 4.98819208145
1477661384437 lifecam22 949.869873047 4247.5390625 4.99187469482
1477661384494 lifecam20 946.200073242 4246.28613281 4.99223470688
1477661384503 lifecam22 942.956665039 4245.06054688 4.99288129807
1477661384569 lifecam20 939.785644531 4244.26367188 4.99452924728
1477661384575 lifecam22 936.603515625 4243.44921875 4.99658203125
1477661384700 lifecam20 930.04699707 4241.23144531 4.99912261963
1477661384705 lifecam22 923.644042969 4238.73339844 4.99755525589
1477661384764 lifecam20 920.508117676 4237.36035156 4.99759578705
1477661384772 lifecam22 917.759033203 4236.11230469 5.00062942505
1477661384837 lifecam20 914.710144043 4235.2890625 5.00258541107
1477661384840 lifecam22 911.428649902 4234.09863281 5.00201320648
1477661384893 lifecam20 908.246826172 4232.67578125 5.00231266022
1477661384906 lifecam22 905.421569824 4231.5625 5.00326347351
1477661384964 lifecam20 902.145690918 4230.2421875 5.00434970856
1477661384971 lifecam22 898.815734863 4228.90527344 5.00484037399
