1477661093786 lifecam22 3372.51806641 4778.68408203 4.66753339767
1477661093852 lifecam22 3372.46435547 4778.64013672 4.66580486298
1477661093921 lifecam22 3372.46435547 4778.64013672 4.66580486298
1477661094053 lifecam22 3372.46435547 4778.64013672 4.66580486298
1477661094120 lifecam22 3372.46435547 4778.64013672 4.66580486298
1477661094190 lifecam22 3372.46435547 4778.64013672 4.66580486298
1477661094255 lifecam22 3372.46435547 4778.64013672 4.66580486298
1477661094322 lifecam22 3372.46435547 4778.64013672 4.66580486298
1477661094454 lifecam22 3372.58959961 4778.88037109 4.66812324524
1477661094521 lifecam22 3372.5637207 4778.85791016 4.66790246964
1477661094590 lifecam22 3372.5637207 4778.85791016 4.66790246964
1477661094655 lifecam22 3372.46435547 4778.64013672 4.66580486298
1477661094722 lifecam22 3372.41748047 4778.46582031 4.66543483734
1477661094790 lifecam22 3372.46435547 4778.64013672 4.66580486298
1477661094856 lifecam22 3372.41748047 4778.46582031 4.66543483734
1477661094927 lifecam22 3372.46435547 4778.64013672 4.66580486298
1477661094992 lifecam22 3372.46435547 4778.64013672 4.66580486298
1477661095056 lifecam22 3372.24584961 4778.61523438 4.664249897
1477661095191 lifecam22 3372.46435547 4778.64013672 4.66580486298
1477661095257 lifecam22 3372.41748047 4778.46582031 4.66543483734
1477661095324 lifecam22 3372.58959961 4778.88037109 4.66812324524
1477661095390 lifecam22 3372.46435547 4778.64013672 4.66580486298
1477661095456 lifecam22 3372.24584961 4778.61523438 4.664249897
1477661095526 lifecam22 3372.46435547 4778.64013672 4.66580486298
1477661095588 lifecam22 3372.46435547 4778.64013672 4.66580486298
1477661095659 lifecam22 3372.24584961 4778.61523438 4.664249897
1477661095725 lifecam22 3372.58959961 4778.88037109 4.66812324524
1477661095790 lifecam22 3372.58959961 4778.88037109 4.66812324524
1477661095925 lifecam22 3372.46435547 4778.64013672 4.66580486298
1477661095990 lifecam22 3372.46435547 4778.64013672 4.66580486298
1477661096064 lifecam22 3372.58374023 4778.73925781 4.66811132431
1477661096129 lifecam22 3372.41162109 4778.32519531 4.6654253006
1477661096194 lifecam22 3372.58374023 4778.73925781 4.66811132431
1477661096263 lifecam22 3372.68383789 4778.95849609 4.67021274567
1477661096330 lifecam22 3372.58959961 4778.88037109 4.66812324524
1477661096393 lifecam22 3372.64404297 4778.92480469 4.66985797882
1477661096462 lifecam22 3372.41162109 4778.32519531 4.6654253006
1477661096530 lifecam22 3372.41748047 4778.46582031 4.66543483734
1477661096602 lifecam22 3372.55834961 4778.71728516 4.66789102554
1477661096661 lifecam22 3372.41162109 4778.32519531 4.6654253006
1477661096730 lifecam22 3372.51245117 4778.54296875 4.66752147675
1477661096791 lifecam22 3372.58959961 4778.88037109 4.66812324524
1477661096860 lifecam22 3372.53833008 4778.56494141 4.66774368286
1477661096992 lifecam22 3372.91577148 4778.62695312 4.66593074799
1477661097059 lifecam22 3372.81469727 4778.96142578 4.66773366928
1477661097125 lifecam22 3372.67333984 4778.57373047 4.6653008461
1477661097192 lifecam22 3372.40356445 4779.01611328 4.66555690765
1477661097258 lifecam22 3372.79394531 4779.11523438 4.66212749481
1477661097327 lifecam22 3372.27392578 4777.54638672 4.66079950333
1477661097392 lifecam22 3372.3059082 4777.83496094 4.66337776184
1477661097457 lifecam22 3372.10083008 4777.37744141 4.66054487228
1477661097527 lifecam22 3370.09838867 4776.67089844 4.65648460388
1477661097594 lifecam22 3356.37451172 4774.32275391 4.64320850372
1477661097726 lifecam22 3344.89257812 4772.36621094 4.62891626358
1477661097794 lifecam22 3335.64599609 4771.55419922 4.63020133972
1477661097863 lifecam22 3329.22583008 4771.77001953 4.63017177582
1477661097930 lifecam22 3323.58349609 4772.33789062 4.63483524323
1477661097993 lifecam22 3315.57202148 4771.12695312 4.6290769577
1477661098125 lifecam22 3302.29125977 4770.60009766 4.62735795975
1477661098196 lifecam22 3298.21728516 4771.70019531 4.63619327545
1477661098263 lifecam22 3289.73754883 4771.05566406 4.63158226013
1477661098327 lifecam22 3285.11254883 4772.07958984 4.64150285721
1477661098393 lifecam22 3277.85205078 4772.09863281 4.64287900925
1477661098462 lifecam22 3271.71313477 4772.19140625 4.64302492142
1477661098529 lifecam22 3264.97875977 4772.52978516 4.6440577507
1477661098593 lifecam22 3258.31054688 4772.17431641 4.64483070374
1477661098659 lifecam22 3251.32275391 4771.91503906 4.64505147934
1477661098727 lifecam22 3244.32250977 4771.91455078 4.64504814148
1477661098862 lifecam22 3230.7277832 4771.72509766 4.64639091492
1477661098931 lifecam22 3223.84692383 4771.42675781 4.64639377594
1477661098995 lifecam22 3217.76416016 4771.01318359 4.65231084824
1477661099063 lifecam22 3211.97265625 4770.91601562 4.65336704254
1477661099128 lifecam22 3204.68896484 4770.78808594 4.65325260162
1477661099196 lifecam22 3197.3449707 4770.89453125 4.65161466599
1477661099261 lifecam22 3191.25 4771.77246094 4.65647125244
1477661099327 lifecam22 3184.64941406 4771.52783203 4.65816068649
1477661099395 lifecam22 3177.76611328 4771.75732422 4.65910625458
1477661099462 lifecam22 3172.74121094 4771.55273438 4.66218471527
1477661099598 lifecam22 3159.98901367 4771.08447266 4.66093397141
1477661099666 lifecam22 3152.30932617 4769.54052734 4.65647268295
1477661099730 lifecam22 3145.99682617 4769.66455078 4.65792703629
1477661099797 lifecam22 3138.81201172 4768.95996094 4.65532588959
1477661099861 lifecam22 3131.64746094 4767.86474609 4.65179252625
1477661099934 lifecam22 3124.95996094 4767.53271484 4.65022468567
1477661099995 lifecam22 3117.90307617 4767.39404297 4.65256929398
1477661100063 lifecam22 3111.29125977 4767.21875 4.65156936646
1477661100129 lifecam22 3104.28320312 4767.46923828 4.65252542496
1477661100197 lifecam22 3098.0390625 4767.34472656 4.65328931808
1477661100334 lifecam22 3084.86035156 4766.52880859 4.65567159653
1477661100397 lifecam22 3079.09277344 4766.97070312 4.65929412842
1477661100465 lifecam22 3072.33374023 4766.46972656 4.6614356041
1477661100530 lifecam22 3065.81982422 4766.40380859 4.66352415085
1477661100599 lifecam22 3058.53125 4765.79785156 4.6611995697
1477661100665 lifecam22 3053.35644531 4766.23632812 4.66851615906
1477661100731 lifecam22 3044.79467773 4764.90429688 4.66151857376
1477661100799 lifecam22 3040.4284668 4765.74951172 4.6726975441
1477661100865 lifecam22 3033.8815918 4765.02636719 4.67541027069
1477661100933 lifecam22 3026.8125 4765.26855469 4.67353487015
1477661101065 lifecam22 3013.14526367 4764.91845703 4.67547273636
1477661101132 lifecam22 3006.18139648 4764.26953125 4.67071485519
1477661101197 lifecam22 2999.86328125 4764.39892578 4.67731904984
1477661101265 lifecam22 2992.9699707 4764.20605469 4.67569923401
1477661101331 lifecam22 2985.77539062 4763.52490234 4.67185306549
1477661101465 lifecam22 2972.63037109 4762.19287109 4.67189693451
1477661101532 lifecam22 2966.64013672 4760.671875 4.66965341568
1477661101601 lifecam22 2959.89013672 4760.36181641 4.66816425323
1477661101669 lifecam22 2955.38330078 4760.93066406 4.67670536041
1477661101731 lifecam22 2947.44702148 4760.18212891 4.67317247391
1477661101799 lifecam22 2942.2019043 4761.19970703 4.68307161331
1477661101866 lifecam22 2935.15917969 4759.97802734 4.67849111557
1477661101932 lifecam22 2928.63989258 4760.296875 4.68052053452
1477661101999 lifecam22 2921.22973633 4759.53515625 4.67685127258
1477661102065 lifecam22 2914.79199219 4759.37158203 4.67674446106
1477661102198 lifecam22 2900.37329102 4757.54785156 4.67322349548
1477661102270 lifecam22 2893.71557617 4757.46044922 4.67517471313
1477661102333 lifecam22 2886.53271484 4757.15087891 4.67478370667
1477661102399 lifecam22 2880.84399414 4757.15771484 4.68438005447
1477661102468 lifecam22 2875.20483398 4757.47460938 4.69558238983
1477661102533 lifecam22 2867.98266602 4756.64013672 4.69241189957
1477661102599 lifecam22 2860.28662109 4755.38769531 4.68570613861
1477661102668 lifecam22 2853.27514648 4754.86230469 4.68215560913
1477661102735 lifecam22 2846.55004883 4755.24023438 4.6893362999
1477661102801 lifecam22 2840.74365234 4755.61425781 4.69179344177
1477661102932 lifecam22 2826.45825195 4754.29394531 4.68705701828
1477661103001 lifecam22 2822.43139648 4755.05859375 4.69472742081
1477661103070 lifecam22 2815.11157227 4753.64599609 4.68903017044
1477661103135 lifecam22 2808.06103516 4752.09375 4.68600702286
1477661103202 lifecam22 2801.10449219 4751.86132812 4.68639326096
1477661103267 lifecam22 2795.90405273 4751.17626953 4.70247554779
1477661103336 lifecam22 2788.92333984 4751.05615234 4.70138645172
1477661103401 lifecam22 2782.21118164 4751.21435547 4.70524311066
1477661103469 lifecam22 2775.67602539 4750.91503906 4.70574617386
1477661103534 lifecam22 2768.25024414 4749.86669922 4.70138788223
1477661103668 lifecam22 2754.67724609 4748.94384766 4.69828653336
1477661103737 lifecam22 2748.59936523 4749.25537109 4.69866800308
1477661103804 lifecam22 2741.41235352 4748.66503906 4.69846105576
1477661103870 lifecam22 2735.51660156 4748.77246094 4.7009396553
1477661103936 lifecam22 2728.42163086 4747.86181641 4.69340801239
1477661104002 lifecam22 2721.98681641 4748.38720703 4.7036318779
1477661104068 lifecam22 2716.46923828 4747.81982422 4.71587371826
1477661104136 lifecam22 2708.99926758 4744.00146484 4.70158672333
1477661104202 lifecam22 2702.40014648 4744.12060547 4.70398759842
1477661104269 lifecam22 2696.59277344 4744.06933594 4.70850658417
1477661104405 lifecam22 2684.69287109 4744.46142578 4.71224689484
1477661104474 lifecam22 2676.7109375 4742.52783203 4.70210504532
1477661104538 lifecam22 2669.86425781 4742.38769531 4.70211601257
1477661104604 lifecam22 2662.56933594 4741.82568359 4.69946622849
1477661104670 lifecam22 2655.44970703 4741.43798828 4.69839143753
1477661104740 lifecam22 2649.13793945 4740.95800781 4.70458078384
1477661104802 lifecam22 2641.90429688 4737.17675781 4.70247602463
1477661104870 lifecam22 2636.24658203 4740.48779297 4.7146320343
1477661104937 lifecam22 2629.05493164 4737.52880859 4.71289014816
1477661105007 lifecam22 2622.05517578 4737.52880859 4.712890625
1477661105137 lifecam22 2608.05517578 4737.52880859 4.712890625
1477661105205 lifecam22 2600.95483398 4736.84570312 4.71050977707
1477661105270 lifecam22 2592.49975586 4734.62207031 4.69884109497
1477661105337 lifecam22 2586.88232422 4735.1875 4.7068696022
1477661105405 lifecam22 2580.70654297 4734.71923828 4.71436071396
1477661105539 lifecam22 2572.38330078 4735.81738281 4.74585485458
1477661105604 lifecam22 2562.43676758 4732.39355469 4.72937011719
1477661105676 lifecam22 2557.42382812 4732.49560547 4.73143148422
1477661105740 lifecam22 2550.03808594 4732.11279297 4.72785329819
1477661105807 lifecam22 2544.40307617 4732.73535156 4.73367261887
1477661105877 lifecam22 2536.47363281 4732.4140625 4.73067092896
1477661105937 lifecam22 2530.5390625 4732.28808594 4.72949552536
1477661106006 lifecam22 2522.79736328 4728.97558594 4.71901369095
1477661106072 lifecam22 2516.83740234 4728.14257812 4.72279644012
1477661106137 lifecam22 2511.23413086 4727.52636719 4.73856830597
1477661106276 lifecam22 2497.66723633 4726.84619141 4.73455381393
1477661106338 lifecam22 2488.66967773 4725.01123047 4.72690105438
1477661106407 lifecam22 2482.30419922 4724.36230469 4.72079277039
1477661106472 lifecam22 2475.30419922 4724.36230469 4.72079181671
1477661106542 lifecam22 2469.17578125 4724.47216797 4.72325611115
1477661106613 lifecam22 2463.02026367 4724.43945312 4.72672653198
1477661106672 lifecam22 2456.14306641 4720.47167969 4.7258439064
1477661106740 lifecam22 2450.54882812 4720.82958984 4.73490667343
1477661106806 lifecam22 2444.36645508 4719.77490234 4.73660039902
1477661106876 lifecam22 2436.56787109 4718.06787109 4.72743082047
1477661107007 lifecam22 2422.56762695 4716.66601562 4.71419382095
1477661107074 lifecam22 2418.22265625 4717.95410156 4.72777414322
1477661107139 lifecam22 2411.55444336 4718.52929688 4.73588609695
1477661107207 lifecam22 2405.05395508 4718.17431641 4.73393011093
1477661107273 lifecam22 2399.27172852 4716.48144531 4.74528360367
1477661107407 lifecam22 2384.94677734 4713.78613281 4.74110174179
1477661107476 lifecam22 2377.28222656 4712.37011719 4.73499536514
1477661107541 lifecam22 2370.48461914 4712.23486328 4.7353105545
1477661107611 lifecam22 2363.26293945 4711.45751953 4.73107814789
1477661107674 lifecam22 2356.8894043 4711.62890625 4.73823451996
1477661107742 lifecam22 2350.66625977 4711.55126953 4.74499368668
1477661107807 lifecam22 2344.78295898 4708.43554688 4.74861288071
1477661107879 lifecam22 2337.68676758 4707.55615234 4.7476606369
1477661107941 lifecam22 2330.64086914 4707.37988281 4.74719142914
1477661108007 lifecam22 2323.26318359 4706.73583984 4.74574184418
1477661108143 lifecam22 2308.97387695 4705.14599609 4.74001121521
1477661108208 lifecam22 2303.60742188 4705.34960938 4.74691009521
1477661108279 lifecam22 2298.40771484 4705.37646484 4.75253295898
1477661108342 lifecam22 2292.44580078 4703.90673828 4.76023197174
1477661108410 lifecam22 2284.7800293 4701.66015625 4.75441551208
1477661108476 lifecam22 2277.70239258 4700.69580078 4.74815511703
1477661108541 lifecam22 2270.77709961 4699.42578125 4.74507474899
1477661108609 lifecam22 2265.96240234 4698.85058594 4.74280118942
1477661108675 lifecam22 2257.74462891 4698.20458984 4.74466371536
1477661108744 lifecam22 2253.24560547 4697.68603516 4.75469493866
1477661108875 lifecam22 2239.85766602 4695.06201172 4.75551271439
1477661108944 lifecam22 2232.79003906 4694.16162109 4.75196409225
1477661109010 lifecam22 2225.70751953 4693.70410156 4.75010347366
1477661109078 lifecam22 2219.58813477 4693.50537109 4.7527422905
1477661109144 lifecam22 2212.24707031 4692.26464844 4.75080251694
1477661109211 lifecam22 2206.66113281 4692.16552734 4.76132583618
1477661109278 lifecam22 2200.60986328 4691.91845703 4.76847362518
1477661109343 lifecam22 2193.52856445 4690.87109375 4.76844596863
1477661109412 lifecam22 2186.34228516 4689.28222656 4.76462984085
1477661109477 lifecam22 2178.99658203 4688.015625 4.75905275345
1477661109612 lifecam22 2164.87597656 4685.87109375 4.75614118576
1477661109680 lifecam22 2159.1887207 4685.53710938 4.76675081253
1477661109745 lifecam22 2152.4831543 4684.67041016 4.76934623718
1477661109815 lifecam22 2145.96459961 4684.52050781 4.77065420151
1477661109876 lifecam22 2139.28540039 4683.10302734 4.76917505264
1477661109948 lifecam22 2131.95703125 4680.74707031 4.76038503647
1477661110011 lifecam22 2125.74194336 4680.16748047 4.75868606567
1477661110080 lifecam22 2120.6940918 4679.14453125 4.76795005798
1477661110146 lifecam22 2114.1328125 4679.60791016 4.77100515366
1477661110215 lifecam22 2107.60131836 4678.07275391 4.77285146713
1477661110346 lifecam22 2093.79467773 4675.09765625 4.76579284668
1477661110411 lifecam22 2086.41357422 4673.15673828 4.76132583618
1477661110480 lifecam22 2080.30078125 4672.59472656 4.76606893539
1477661110544 lifecam22 2074.03125 4672.05908203 4.77120542526
1477661110612 lifecam22 2067.77368164 4670.95117188 4.7694272995
1477661110744 lifecam22 2054.59741211 4669.90234375 4.77419233322
1477661110816 lifecam22 2047.16113281 4669.40527344 4.77481603622
1477661110880 lifecam22 2040.73022461 4668.30664062 4.77518844604
1477661110949 lifecam22 2034.22802734 4667.64794922 4.77786016464
1477661111014 lifecam22 2027.42993164 4666.24560547 4.77990055084
1477661111087 lifecam22 2020.6784668 4665.67236328 4.78236484528
1477661111154 lifecam22 2013.234375 4663.23779297 4.773624897
1477661111221 lifecam22 2006.95361328 4662.14160156 4.77418756485
1477661111286 lifecam22 1999.1730957 4660.24804688 4.77034378052
1477661111352 lifecam22 1993.28881836 4659.64453125 4.77473783493
1477661111421 lifecam22 1986.82104492 4657.95849609 4.77620506287
1477661111486 lifecam22 1979.87854004 4657.61962891 4.77644109726
1477661111554 lifecam22 1972.90710449 4657.24462891 4.77528238297
1477661111618 lifecam22 1966.25439453 4655.52197266 4.77779769897
1477661111686 lifecam22 1960.19885254 4655.29589844 4.77784872055
1477661111817 lifecam22 1948.81213379 4654.390625 4.79332828522
1477661111886 lifecam22 1942.06213379 4653.12353516 4.78969764709
1477661111954 lifecam22 1935.51220703 4650.52099609 4.78520965576
1477661112020 lifecam22 1928.77246094 4649.83886719 4.78551864624
1477661112088 lifecam22 1922.02539062 4648.26464844 4.78602790833
1477661112158 lifecam22 1915.33435059 4646.85449219 4.7865819931
1477661112226 lifecam22 1909.12194824 4645.93261719 4.78928089142
1477661112287 lifecam22 1902.19384766 4644.79394531 4.78652143478
1477661112354 lifecam22 1895.74829102 4644.00927734 4.7888212204
1477661112422 lifecam22 1888.01184082 4642.61035156 4.78849172592
1477661112487 lifecam22 1881.79431152 4641.63671875 4.78717756271
1477661112555 lifecam22 1875.27648926 4641.39794922 4.79259300232
1477661112623 lifecam22 1868.7277832 4639.97509766 4.79199457169
1477661112685 lifecam22 1861.46191406 4638.53808594 4.79047250748
1477661112754 lifecam22 1854.63049316 4637.06494141 4.79153633118
1477661112824 lifecam22 1848.3494873 4636.38574219 4.79296875
1477661112885 lifecam22 1840.93444824 4634.83251953 4.79269647598
1477661112954 lifecam22 1834.65307617 4633.70849609 4.79279613495
1477661113023 lifecam22 1828.67980957 4632.14111328 4.79196310043
1477661113091 lifecam22 1822.5559082 4631.95556641 4.79969358444
1477661113156 lifecam22 1816.32885742 4629.97753906 4.8001241684
1477661113216 lifecam22 1809.39306641 4629.06445312 4.79864454269
1477661113284 lifecam22 1803.01403809 4628.62744141 4.80207252502
1477661113353 lifecam22 1796.1940918 4627.53222656 4.80271816254
1477661113419 lifecam22 1788.9206543 4626.22216797 4.79804706573
1477661113553 lifecam22 1776.3614502 4623.30029297 4.80072641373
1477661113616 lifecam22 1769.48425293 4621.93896484 4.79941558838
1477661113684 lifecam22 1763.28430176 4620.74023438 4.80278205872
1477661113750 lifecam22 1756.45202637 4619.79736328 4.7997546196
1477661113818 lifecam22 1748.93652344 4617.10009766 4.79745769501
1477661113941 lifecam20 1673.95507812 4613.38867188 4.77071332932
1477661113950 lifecam22 1667.79174805 4612.56933594 4.77424955368
1477661114022 lifecam22 1665.00488281 4612.28125 4.7751531601
1477661114085 lifecam22 1661.50769043 4611.75488281 4.77607727051
1477661114138 lifecam20 1650.02514648 4610.51855469 4.76712799072
1477661114151 lifecam22 1646.91210938 4610.20898438 4.76990652084
1477661114211 lifecam20 1643.92785645 4610.69677734 4.77277517319
1477661114219 lifecam22 1640.47729492 4610.0390625 4.77300310135
1477661114282 lifecam20 1636.90356445 4609.90039062 4.77505970001
1477661114285 lifecam22 1633.9317627 4609.43359375 4.7777428627
1477661114349 lifecam20 1630.94226074 4609.59277344 4.7802605629
1477661114352 lifecam22 1627.89404297 4609.01708984 4.77963972092
1477661114407 lifecam20 1624.60180664 4608.64550781 4.78074741364
1477661114419 lifecam22 1621.02832031 4607.61914062 4.77710962296
1477661114482 lifecam20 1617.37866211 4606.72460938 4.77568101883
1477661114486 lifecam22 1614.16552734 4606.22167969 4.77786397934
1477661114551 lifecam20 1610.81103516 4606.10644531 4.77836847305
1477661114552 lifecam22 1607.47631836 4605.26074219 4.77626752853
1477661114681 lifecam20 1601.61279297 4606.04492188 4.78809022903
1477661114686 lifecam22 1594.80615234 4604.37890625 4.78739643097
1477661114754 lifecam22 1591.49365234 4603.67382812 4.7873711586
1477661114753 lifecam20 1588.01733398 4603.3125 4.78721570969
1477661114810 lifecam20 1585.21435547 4604.02197266 4.79463195801
1477661114819 lifecam22 1581.77282715 4603.27099609 4.79445505142
1477661114881 lifecam20 1579.04040527 4603.94921875 4.80123138428
1477661114887 lifecam22 1575.84472656 4603.08251953 4.80229234695
1477661114953 lifecam22 1572.43408203 4602.57324219 4.80198526382
1477661114950 lifecam20 1569.13391113 4602.57324219 4.80441427231
1477661115007 lifecam20 1565.55969238 4601.8046875 4.8037610054
1477661115020 lifecam22 1562.16308594 4601.31445312 4.80420923233
1477661115079 lifecam20 1559.13208008 4601.20117188 4.80696487427
1477661115085 lifecam22 1555.97192383 4600.89648438 4.80812215805
1477661115150 lifecam20 1552.47631836 4600.46777344 4.8091545105
1477661115151 lifecam22 1549.21557617 4599.90429688 4.80918550491
1477661115219 lifecam20 1546.19140625 4599.27880859 4.80916500092
1477661115219 lifecam22 1543.32202148 4598.87597656 4.813331604
1477661115278 lifecam20 1539.85668945 4598.3203125 4.81305122375
1477661115287 lifecam22 1536.78161621 4597.78613281 4.81403255463
1477661115422 lifecam22 1530.00744629 4596.72949219 4.81443881989
1477661115423 lifecam20 1523.86181641 4596.19824219 4.82157325745
1477661115478 lifecam20 1520.35473633 4595.29492188 4.82173490524
1477661115488 lifecam22 1517.13110352 4594.30029297 4.8232831955
1477661115550 lifecam20 1513.74658203 4593.25439453 4.81980371475
1477661115556 lifecam22 1510.78356934 4592.26757812 4.81885910034
1477661115610 lifecam20 1507.15625 4591.32910156 4.81744146347
1477661115626 lifecam22 1503.7076416 4590.41503906 4.81597805023
1477661115674 lifecam20 1499.97290039 4589.56445312 4.81689786911
1477661115697 lifecam22 1496.01599121 4588.421875 4.81415748596
1477661115767 lifecam22 1493.3170166 4588.00488281 4.81581401825
1477661115810 lifecam20 1486.70776367 4586.81689453 4.81718444824
1477661115826 lifecam22 1483.45703125 4586.29980469 4.81886816025
1477661115878 lifecam20 1479.53759766 4585.13183594 4.81445026398
1477661115894 lifecam22 1475.93225098 4583.90722656 4.81287050247
1477661115943 lifecam20 1472.59155273 4583.59570312 4.81611728668
1477661115962 lifecam22 1469.38183594 4583.09765625 4.81656217575
1477661116012 lifecam20 1466.35546875 4582.63964844 4.81844186783
1477661116026 lifecam22 1463.31274414 4582.48828125 4.820789814
1477661116081 lifecam20 1459.8762207 4582.21484375 4.82264375687
1477661116145 lifecam20 1456.34570312 4581.88867188 4.82475996017
1477661116161 lifecam22 1449.26477051 4580.53222656 4.82489109039
1477661116210 lifecam20 1445.57958984 4579.93945312 4.82448101044
1477661116225 lifecam22 1442.3112793 4579.37597656 4.82563400269
1477661116279 lifecam20 1438.68249512 4578.62792969 4.82360935211
1477661116297 lifecam22 1435.42663574 4578.0390625 4.82377243042
1477661116342 lifecam20 1431.71875 4577.35351562 4.82571601868
1477661116364 lifecam22 1428.10595703 4577.02539062 4.82773351669
1477661116411 lifecam20 1424.87792969 4576.44287109 4.82999944687
1477661116426 lifecam22 1421.82312012 4575.99121094 4.83306503296
1477661116487 lifecam20 1418.15917969 4575.17578125 4.83235359192
1477661116490 lifecam22 1414.40515137 4573.75585938 4.82842874527
1477661116553 lifecam20 1410.56689453 4572.70605469 4.82659387589
1477661116556 lifecam22 1407.02856445 4571.49023438 4.82535648346
1477661116610 lifecam20 1403.65246582 4570.71435547 4.82557725906
1477661116621 lifecam22 1400.42626953 4570.03417969 4.82543706894
1477661116687 lifecam22 1397.17773438 4569.46191406 4.82859134674
1477661116686 lifecam20 1393.46728516 4568.50146484 4.82982540131
1477661116756 lifecam20 1389.82836914 4567.8671875 4.82913637161
1477661116757 lifecam22 1386.37402344 4567.203125 4.82847642899
1477661116885 lifecam20 1378.87426758 4565.921875 4.82692909241
1477661116894 lifecam22 1371.95959473 4564.44677734 4.82677459717
1477661116957 lifecam22 1368.70239258 4563.66699219 4.82656860352
1477661116956 lifecam20 1365.61791992 4563.08691406 4.82885122299
1477661117014 lifecam20 1362.53173828 4562.18066406 4.83137702942
1477661117025 lifecam22 1359.44165039 4561.51318359 4.83337831497
1477661117084 lifecam20 1355.98583984 4560.85449219 4.83272457123
1477661117093 lifecam22 1352.76049805 4560.26074219 4.83447933197
1477661117158 lifecam22 1349.24719238 4559.53417969 4.83286809921
1477661117157 lifecam20 1345.81323242 4559.34082031 4.8332195282
1477661117284 lifecam20 1339.33679199 4557.5625 4.83548355103
1477661117291 lifecam22 1332.71337891 4555.89648438 4.83773803711
1477661117358 lifecam20 1328.953125 4554.74707031 4.83611392975
1477661117359 lifecam22 1325.6484375 4554.07177734 4.83643531799
1477661117422 lifecam20 1322.02954102 4553.16503906 4.83423423767
1477661117425 lifecam22 1319.14440918 4552.09375 4.83365154266
1477661117478 lifecam20 1316.45910645 4551.89111328 4.8375043869
1477661117492 lifecam22 1313.47265625 4551.27246094 4.83719491959
1477661117557 lifecam20 1309.76464844 4550.15722656 4.83812046051
1477661117561 lifecam22 1305.91394043 4549.06445312 4.83766746521
1477661117628 lifecam22 1303.35778809 4548.79638672 4.83903455734
1477661117628 lifecam20 1300.35107422 4548.47412109 4.8411397934
1477661117678 lifecam20 1296.30859375 4547.46679688 4.83781337738
1477661117690 lifecam22 1292.77001953 4546.92675781 4.84058856964
1477661117752 lifecam20 1289.41088867 4546.53027344 4.84066152573
1477661117757 lifecam22 1286.3215332 4545.88476562 4.83952713013
1477661117822 lifecam20 1283.10449219 4545.42480469 4.84212732315
1477661117825 lifecam22 1279.91748047 4544.97167969 4.84440755844
1477661117880 lifecam20 1276.83691406 4544.29248047 4.84705257416
1477661117893 lifecam22 1273.65356445 4543.27441406 4.84842061996
1477661118025 lifecam20 1266.34472656 4541.62890625 4.84695529938
1477661118026 lifecam22 1259.2824707 4539.75488281 4.84349918365
1477661118090 lifecam20 1255.88635254 4538.97167969 4.84349346161
1477661118091 lifecam22 1252.78283691 4538.3984375 4.84512853622
1477661118147 lifecam20 1249.13134766 4537.33203125 4.84474039078
1477661118158 lifecam22 1245.67285156 4536.46777344 4.84465885162
1477661118221 lifecam20 1242.50805664 4535.49951172 4.84412336349
1477661118223 lifecam22 1239.52539062 4534.71582031 4.84477901459
1477661118291 lifecam20 1235.52539062 4533.62841797 4.84327077866
1477661118291 lifecam22 1231.79248047 4532.2890625 4.84059429169
1477661118421 lifecam20 1225.59960938 4530.63183594 4.84380531311
1477661118426 lifecam22 1219.20458984 4528.72119141 4.8449921608
1477661118490 lifecam20 1215.69799805 4528.22851562 4.84429740906
1477661118493 lifecam22 1212.61938477 4527.85205078 4.84482383728
1477661118547 lifecam20 1209.08520508 4527.41894531 4.845703125
1477661118559 lifecam22 1206.09936523 4527.34472656 4.84949111938
1477661118624 lifecam20 1202.95593262 4526.8515625 4.85147047043
1477661118629 lifecam22 1199.03417969 4525.78222656 4.84949398041
1477661118690 lifecam20 1195.6953125 4525.34863281 4.85007143021
1477661118691 lifecam22 1192.59204102 4524.70898438 4.85048389435
1477661118814 lifecam20 1186.23168945 4523.22558594 4.8534617424
1477661118824 lifecam22 1180.38696289 4521.77832031 4.8554353714
1477661118890 lifecam20 1176.48669434 4520.44726562 4.85268545151
1477661118892 lifecam22 1173.27099609 4519.61914062 4.85269975662
1477661118961 lifecam20 1170.29394531 4519.06445312 4.85521268845
1477661118963 lifecam22 1167.08789062 4517.953125 4.85584783554
1477661119018 lifecam20 1163.54492188 4517.1796875 4.85669565201
1477661119027 lifecam22 1160.49780273 4516.64355469 4.85809230804
1477661119087 lifecam20 1157.18896484 4515.47753906 4.8568854332
1477661119094 lifecam22 1153.66772461 4514.13476562 4.85444355011
1477661119159 lifecam22 1150.69006348 4513.50195312 4.85582065582
1477661119159 lifecam20 1147.66040039 4512.40527344 4.85233783722
1477661119214 lifecam20 1144.37768555 4511.55078125 4.85566568375
1477661119226 lifecam22 1141.24487305 4510.48242188 4.85640716553
1477661119289 lifecam20 1137.25305176 4509.31201172 4.85326433182
1477661119296 lifecam22 1133.96166992 4508.33886719 4.85136175156
1477661119361 lifecam22 1130.70117188 4507.73339844 4.85264348984
1477661119360 lifecam20 1127.33605957 4507.04931641 4.85332250595
1477661119416 lifecam20 1124.19543457 4506.70458984 4.85613393784
1477661119427 lifecam22 1120.68884277 4506.0546875 4.858543396
1477661119559 lifecam22 1114.16040039 4504.76171875 4.8586935997
1477661119559 lifecam20 1107.30639648 4503.79589844 4.86244773865
1477661119629 lifecam22 1104.00915527 4502.58984375 4.86024713516
1477661119628 lifecam20 1100.34436035 4501.03271484 4.85522508621
1477661119682 lifecam20 1097.17871094 4500.58203125 4.85764217377
1477661119697 lifecam22 1093.7130127 4500.01660156 4.85876226425
1477661119755 lifecam20 1090.56884766 4499.43115234 4.86173963547
1477661119761 lifecam22 1087.74060059 4498.72998047 4.86440181732
1477661119826 lifecam20 1083.84094238 4497.86328125 4.86358118057
1477661119827 lifecam22 1080.44958496 4496.91308594 4.86222982407
1477661119959 lifecam20 1073.79418945 4495.02148438 4.86169338226
1477661119963 lifecam22 1067.55517578 4493.25585938 4.86274242401
1477661120029 lifecam22 1063.85559082 4492.24316406 4.86216974258
1477661120031 lifecam20 1060.37890625 4491.38476562 4.86369132996
1477661120085 lifecam20 1056.83032227 4490.30908203 4.86344194412
1477661120094 lifecam22 1053.80151367 4489.36230469 4.86448860168
1477661120155 lifecam20 1050.21411133 4488.0625 4.86142778397
1477661120162 lifecam22 1046.69335938 4486.76171875 4.85942935944
1477661120230 lifecam22 1043.97558594 4486.64746094 4.86462211609
1477661120230 lifecam20 1040.77001953 4486.08007812 4.86524391174
1477661120350 lifecam20 1033.62658691 4484.4609375 4.86664056778
1477661120360 lifecam22 1027.0534668 4482.67578125 4.86566781998
1477661120426 lifecam20 1023.75769043 4481.90625 4.86563634872
1477661120428 lifecam22 1020.01501465 4481.34375 4.86662054062
1477661120497 lifecam22 1017.42028809 4480.27148438 4.86803913116
1477661120497 lifecam20 1014.29309082 4479.51416016 4.8696641922
1477661120555 lifecam20 1010.56665039 4478.64794922 4.86920070648
1477661120562 lifecam22 1007.66748047 4477.87109375 4.86849975586
1477661120625 lifecam20 1004.52770996 4476.88183594 4.87076234818
1477661120630 lifecam22 1000.50274658 4475.39111328 4.86731481552
1477661120696 lifecam22 997.257995605 4474.53222656 4.8665137291
1477661120694 lifecam20 994.039001465 4473.87792969 4.86445426941
1477661120751 lifecam20 990.87487793 4473.16210938 4.86792564392
1477661120761 lifecam22 988.24609375 4472.67578125 4.8713760376
1477661120823 lifecam20 984.698730469 4471.36816406 4.87108182907
1477661120830 lifecam22 981.611328125 4470.24755859 4.8711848259
1477661120897 lifecam22 978.607299805 4469.63623047 4.87146139145
1477661120898 lifecam20 975.553771973 4468.95410156 4.87095117569
1477661120955 lifecam20 972.288574219 4467.96582031 4.87001180649
1477661120962 lifecam22 969.02166748 4466.76757812 4.87089443207
1477661121094 lifecam22 962.610107422 4465.52978516 4.87310028076
1477661121094 lifecam20 956.197143555 4464.14160156 4.87633085251
1477661121164 lifecam22 953.030395508 4463.27539062 4.87694168091
1477661121164 lifecam20 949.578369141 4462.42089844 4.87678098679
1477661121221 lifecam20 946.267150879 4461.62402344 4.87793731689
1477661121232 lifecam22 942.827331543 4460.78222656 4.87784671783
1477661121291 lifecam20 939.391845703 4460.11914062 4.87951421738
1477661121296 lifecam22 936.442993164 4459.39257812 4.88079309464
1477661121362 lifecam22 933.133911133 4458.62548828 4.88058567047
1477661121361 lifecam20 929.23828125 4457.68798828 4.87937831879
1477661121491 lifecam20 923.211425781 4455.88769531 4.88070297241
1477661121498 lifecam22 916.853820801 4453.640625 4.87974786758
1477661121565 lifecam22 913.629943848 4453.02734375 4.8829832077
1477661121565 lifecam20 909.823120117 4452.25195312 4.88441181183
1477661121623 lifecam20 906.603271484 4451.31542969 4.8838596344
1477661121629 lifecam22 902.87878418 4450.1875 4.88169384003
1477661121691 lifecam20 899.03515625 4448.98535156 4.87982940674
1477661121697 lifecam22 895.691040039 4447.91650391 4.87963581085
1477661121762 lifecam20 892.283447266 4446.99316406 4.87933254242
1477661121764 lifecam22 889.368896484 4446.16308594 4.88037395477
1477661121822 lifecam20 886.247131348 4445.12890625 4.88289880753
1477661121831 lifecam22 883.357543945 4443.96191406 4.88389635086
1477661121885 lifecam20 879.41229248 4442.50195312 4.87895727158
1477661121898 lifecam22 875.793701172 4441.48632812 4.87694358826
1477661121964 lifecam20 872.810180664 4441.109375 4.88205528259
1477661121966 lifecam22 869.586364746 4440.18457031 4.88291740417
1477661122030 lifecam22 866.235778809 4439.40722656 4.88389253616
1477661122030 lifecam20 862.477722168 4438.54199219 4.8848490715
1477661122085 lifecam20 859.146728516 4437.859375 4.88425016403
1477661122096 lifecam22 856.099304199 4437.42236328 4.8856139183
1477661122231 lifecam20 849.639648438 4435.48632812 4.88456439972
1477661122233 lifecam22 843.623535156 4433.7890625 4.88778352737
1477661122287 lifecam20 840.317443848 4432.91992188 4.89022302628
1477661122299 lifecam22 837.066345215 4431.66796875 4.88931274414
1477661122363 lifecam20 833.452270508 4430.65332031 4.8897395134
1477661122369 lifecam22 830.129394531 4429.7265625 4.88915634155
1477661122429 lifecam20 827.058105469 4428.74023438 4.88714838028
1477661122430 lifecam22 824.15423584 4428.26660156 4.8897061348
1477661122485 lifecam20 821.065917969 4427.54980469 4.8941526413
