1477662686655 lifecam22 3375.86303711 4775.65234375 4.69313955307
1477662686727 lifecam22 3376.11401367 4776.01269531 4.69537878036
1477662686792 lifecam22 3375.86303711 4775.65234375 4.69313955307
1477662686927 lifecam22 3375.75439453 4775.77246094 4.69322299957
1477662686993 lifecam22 3376.11401367 4776.01269531 4.69537878036
1477662687065 lifecam22 3375.75439453 4775.77246094 4.69322299957
1477662687125 lifecam22 3376.11401367 4776.01269531 4.69537878036
1477662687192 lifecam22 3375.88696289 4775.67285156 4.69335317612
1477662687263 lifecam22 3376.11401367 4776.01269531 4.69537878036
1477662687323 lifecam22 3376.11401367 4776.01269531 4.69537878036
1477662687395 lifecam22 3376.11401367 4776.01269531 4.69537878036
1477662687460 lifecam22 3376.11401367 4776.01269531 4.69537878036
1477662687524 lifecam22 3375.86303711 4775.65234375 4.69313955307
1477662687660 lifecam22 3375.63647461 4775.31298828 4.69111776352
1477662687725 lifecam22 3376.07617188 4775.83007812 4.69504070282
1477662687793 lifecam22 3376.11401367 4776.01269531 4.69537878036
1477662687861 lifecam22 3375.86303711 4775.65234375 4.69313955307
1477662687929 lifecam22 3376.11401367 4776.01269531 4.69537878036
1477662687994 lifecam22 3375.86303711 4775.65234375 4.69313955307
1477662688062 lifecam22 3376.11401367 4776.01269531 4.69537878036
1477662688129 lifecam22 3376.11401367 4776.01269531 4.69537878036
1477662688191 lifecam22 3375.86303711 4775.65234375 4.69313955307
1477662688262 lifecam22 3376.11401367 4776.01269531 4.69537878036
1477662688397 lifecam22 3376.11401367 4776.01269531 4.69537878036
1477662688462 lifecam22 3376.44897461 4776.60107422 4.69838523865
1477662688528 lifecam22 3376.44897461 4776.60107422 4.69838523865
1477662688600 lifecam22 3376.53393555 4776.83154297 4.69914865494
1477662688661 lifecam22 3375.74658203 4776.12451172 4.68868350983
1477662688729 lifecam22 3375.96630859 4776.05908203 4.68819665909
1477662688797 lifecam22 3379.27978516 4777.57666016 4.70145606995
1477662688862 lifecam22 3379.27587891 4777.85888672 4.7027387619
1477662688930 lifecam22 3379.45898438 4777.36035156 4.70078277588
1477662688996 lifecam22 3379.95654297 4776.94580078 4.69970846176
1477662689131 lifecam22 3377.76538086 4776.44628906 4.69720363617
1477662689197 lifecam22 3375.9543457 4775.49902344 4.68818712234
1477662689269 lifecam22 3367.88183594 4773.88769531 4.679895401
1477662689328 lifecam22 3357.82080078 4773.58300781 4.6817150116
1477662689396 lifecam22 3353.44506836 4771.98974609 4.67523241043
1477662689467 lifecam22 3346.37963867 4771.50878906 4.67474746704
1477662689527 lifecam22 3339.16455078 4772.48242188 4.68018484116
1477662689597 lifecam22 3332.50854492 4771.33056641 4.67589473724
1477662689669 lifecam22 3325.54858398 4771.22900391 4.67625904083
1477662689733 lifecam22 3319.78955078 4771.16601562 4.68576145172
1477662689810 lifecam22 3316.5144043 4772.30419922 4.70319414139
1477662689869 lifecam22 3309.88476562 4772.25048828 4.70277929306
1477662689938 lifecam22 3303.6652832 4772.18896484 4.70483016968
1477662690002 lifecam22 3296.85595703 4772.24072266 4.70655202866
1477662690068 lifecam22 3290.15625 4772.40087891 4.71049022675
1477662690204 lifecam22 3275.54003906 4771.08642578 4.70496320724
1477662690273 lifecam22 3268.06518555 4770.19335938 4.70068502426
1477662690341 lifecam22 3261.50537109 4770.35498047 4.70223617554
1477662690404 lifecam22 3254.46777344 4769.89794922 4.7006726265
1477662690459 lifecam22 3249.28076172 4770.26220703 4.70178699493
1477662690538 lifecam22 3242.26245117 4769.52685547 4.69909191132
1477662690606 lifecam22 3235.96704102 4769.66357422 4.7004942894
1477662690669 lifecam22 3229.70605469 4770.14550781 4.70498037338
1477662690739 lifecam22 3221.96044922 4769.67089844 4.70182704926
1477662690805 lifecam22 3217.35058594 4770.16894531 4.71200180054
1477662690872 lifecam22 3210.42578125 4770.00390625 4.71602201462
1477662690938 lifecam22 3203.90991211 4766.56005859 4.71578836441
1477662691006 lifecam22 3197.48144531 4765.6640625 4.71030759811
1477662691071 lifecam22 3191.43261719 4765.6328125 4.71138811111
1477662691137 lifecam22 3185.40380859 4765.77050781 4.71519041061
1477662691272 lifecam22 3171.52636719 4765.62841797 4.71384096146
1477662691332 lifecam22 3164.50390625 4765.60839844 4.71364974976
1477662691406 lifecam22 3157.55395508 4765.52783203 4.71288061142
1477662691475 lifecam22 3150.55395508 4765.52783203 4.71288061142
1477662691537 lifecam22 3143.55395508 4765.52783203 4.71288061142
1477662691605 lifecam22 3136.55395508 4765.52783203 4.71288108826
1477662691737 lifecam22 3121.39770508 4762.48046875 4.70242071152
1477662691804 lifecam22 3115.8293457 4761.40136719 4.71538496017
1477662691874 lifecam22 3107.83789062 4758.73925781 4.70760631561
1477662691941 lifecam22 3101.8815918 4758.90185547 4.71277666092
1477662692005 lifecam22 3095.55541992 4759.16845703 4.71775245667
1477662692076 lifecam22 3090.89746094 4760.25976562 4.72922754288
1477662692142 lifecam22 3084.50756836 4760.58886719 4.73230266571
1477662692205 lifecam22 3079.71166992 4761.61914062 4.74187278748
1477662692285 lifecam22 3072.95825195 4761.72021484 4.74280738831
1477662692340 lifecam22 3066.56445312 4761.70605469 4.74267339706
1477662692406 lifecam22 3059.82641602 4761.3828125 4.73968315125
1477662692474 lifecam22 3052.99682617 4761.00537109 4.73618268967
1477662692543 lifecam22 3046.16259766 4760.69042969 4.73324966431
1477662692671 lifecam22 3031.9453125 4756.07275391 4.72284030914
1477662692742 lifecam22 3026.19604492 4755.140625 4.73213720322
1477662692807 lifecam22 3019.25415039 4754.65039062 4.73123073578
1477662692873 lifecam22 3011.1953125 4752.69580078 4.72153806686
1477662692942 lifecam22 3003.78857422 4751.85742188 4.71501874924
1477662693012 lifecam22 2997.84375 4752.80126953 4.72387599945
1477662693074 lifecam22 2990.84375 4752.80126953 4.72387456894
1477662693142 lifecam22 2984.22631836 4752.80908203 4.72499895096
1477662693210 lifecam22 2977.36889648 4752.53759766 4.72244739532
1477662693275 lifecam22 2970.87329102 4752.73876953 4.72575950623
1477662693408 lifecam22 2959.32739258 4751.63330078 4.74160957336
1477662693473 lifecam22 2954.1472168 4751.51220703 4.74920463562
1477662693544 lifecam22 2948.35986328 4750.61865234 4.75714969635
1477662693607 lifecam22 2941.61987305 4750.45849609 4.75685405731
1477662693677 lifecam22 2934.16455078 4749.11962891 4.75078678131
1477662693740 lifecam22 2927.1262207 4748.58203125 4.74707746506
1477662693810 lifecam22 2919.34692383 4747.63134766 4.7419834137
1477662693878 lifecam22 2912.31958008 4746.83056641 4.73455524445
1477662693945 lifecam22 2906.5 4747.21386719 4.73998069763
1477662694007 lifecam22 2899.78540039 4746.95361328 4.74141216278
1477662694077 lifecam22 2893.57617188 4746.90234375 4.74221801758
1477662694143 lifecam22 2888.36694336 4745.4921875 4.75642299652
1477662694208 lifecam22 2881.62792969 4744.46777344 4.75312423706
1477662694277 lifecam22 2873.96679688 4743.04882812 4.75032234192
1477662694344 lifecam22 2867.26489258 4742.68212891 4.74812507629
1477662694410 lifecam22 2859.60229492 4741.76269531 4.74453496933
1477662694475 lifecam22 2852.75390625 4741.20654297 4.74165248871
1477662694546 lifecam22 2845.28051758 4739.77441406 4.7367939949
1477662694610 lifecam22 2838.92797852 4739.98291016 4.74138689041
1477662694675 lifecam22 2833.05908203 4740.13964844 4.74516105652
1477662694750 lifecam22 2827.68359375 4740.04345703 4.76083135605
1477662694810 lifecam22 2820.92138672 4739.15185547 4.76005077362
1477662694875 lifecam22 2813.75512695 4737.97216797 4.75934076309
1477662694946 lifecam22 2807.32763672 4737.38183594 4.75922584534
1477662695012 lifecam22 2801.79248047 4738.27197266 4.76681566238
1477662695146 lifecam22 2788.56201172 4736.88183594 4.76415681839
1477662695214 lifecam22 2781.77734375 4735.43017578 4.76173448563
1477662695276 lifecam22 2776.36962891 4734.74414062 4.76872062683
1477662695347 lifecam22 2769.65454102 4733.94628906 4.76998949051
1477662695415 lifecam22 2762.44458008 4732.06738281 4.7640504837
1477662695471 lifecam22 2755.72167969 4730.58154297 4.75911283493
1477662695542 lifecam22 2748.11523438 4729.52441406 4.75554323196
1477662695607 lifecam22 2741.23266602 4729.04296875 4.753698349
1477662695669 lifecam22 2734.10424805 4728.28662109 4.75309848785
1477662695739 lifecam22 2728.34570312 4728.40966797 4.75633955002
1477662695877 lifecam22 2715.90649414 4727.98193359 4.76900577545
1477662695935 lifecam22 2709.16845703 4727.41552734 4.77108812332
1477662696010 lifecam22 2702.09008789 4726.51904297 4.77021217346
1477662696078 lifecam22 2694.95605469 4725.36865234 4.76838636398
1477662696144 lifecam22 2687.70605469 4724.63574219 4.76573181152
1477662696211 lifecam22 2681.0612793 4723.99755859 4.7666721344
1477662696282 lifecam22 2674.02026367 4722.56640625 4.76399374008
1477662696349 lifecam22 2668.38305664 4722.13378906 4.77268600464
1477662696411 lifecam22 2662.55004883 4721.51953125 4.77883195877
1477662696481 lifecam22 2655.37695312 4720.64550781 4.77668094635
1477662696548 lifecam22 2650.02734375 4721.45458984 4.78583145142
1477662696612 lifecam22 2641.8203125 4719.22119141 4.77813196182
1477662696680 lifecam22 2635.56616211 4718.85644531 4.77822685242
1477662696748 lifecam22 2629.46044922 4718.06982422 4.77841329575
1477662696812 lifecam22 2622.79833984 4717.40429688 4.78212022781
1477662696884 lifecam22 2616.19995117 4716.67529297 4.78260231018
1477662696946 lifecam22 2609.94921875 4715.36914062 4.78473711014
1477662697012 lifecam22 2603.38671875 4714.83935547 4.78447914124
1477662697080 lifecam22 2596.30712891 4712.44384766 4.77717828751
1477662697148 lifecam22 2589.02294922 4711.57568359 4.77322053909
1477662697280 lifecam22 2575.57910156 4709.70068359 4.77433776855
1477662697347 lifecam22 2570.28320312 4709.91699219 4.78362989426
1477662697418 lifecam22 2563.20776367 4709.04638672 4.78406524658
1477662697480 lifecam22 2557.52172852 4708.90429688 4.78845071793
1477662697546 lifecam22 2550.48730469 4708.03222656 4.78750133514
1477662697614 lifecam22 2543.7512207 4707.01318359 4.78749895096
1477662697681 lifecam22 2537.00512695 4706.06884766 4.78629589081
1477662697747 lifecam22 2530.07885742 4705.16308594 4.78920698166
1477662697812 lifecam22 2524.31933594 4705.09326172 4.79409408569
1477662697881 lifecam22 2516.52197266 4703.44140625 4.79062414169
1477662697942 lifecam22 2510.58251953 4702.76171875 4.79490232468
1477662698014 lifecam22 2503.67578125 4701.6953125 4.79485750198
1477662698077 lifecam22 2496.94702148 4699.53564453 4.78823900223
1477662698141 lifecam22 2489.72119141 4698.37548828 4.7889585495
1477662698212 lifecam22 2483.69482422 4698.34667969 4.79430389404
1477662698342 lifecam22 2471.87890625 4697.82373047 4.80204916
1477662698411 lifecam22 2464.35522461 4696.94628906 4.8028883934
1477662698481 lifecam22 2457.97241211 4695.32421875 4.79966640472
1477662698543 lifecam22 2452.02294922 4694.37060547 4.7995557785
1477662698610 lifecam22 2444.64160156 4692.86962891 4.79958963394
1477662698679 lifecam22 2438.20141602 4691.31201172 4.79661798477
1477662698744 lifecam22 2431.55664062 4691.01855469 4.79968690872
1477662698805 lifecam22 2425.24072266 4689.15673828 4.80034208298
1477662698882 lifecam22 2418.90917969 4688.44970703 4.79847478867
1477662698950 lifecam22 2412.21386719 4686.74511719 4.79969644547
1477662699016 lifecam22 2406.02539062 4685.85058594 4.79911851883
1477662699082 lifecam22 2399.02197266 4684.87353516 4.79851388931
1477662699149 lifecam22 2392.88769531 4684.94482422 4.80825901031
1477662699216 lifecam22 2385.90258789 4684.36425781 4.80784463882
1477662699283 lifecam22 2379.36572266 4683.07861328 4.80584764481
1477662699416 lifecam22 2366.98095703 4681.52392578 4.81537103653
1477662699484 lifecam22 2360.73535156 4681.07568359 4.81775903702
1477662699552 lifecam22 2353.26879883 4680.08300781 4.81827545166
1477662699620 lifecam22 2346.69213867 4678.54150391 4.81326150894
1477662699684 lifecam22 2339.69189453 4677.62011719 4.81572675705
1477662699753 lifecam22 2332.48071289 4676.19775391 4.81375551224
1477662699820 lifecam22 2326.31884766 4674.29101562 4.8143029213
1477662699885 lifecam22 2320.05932617 4673.13183594 4.81475543976
1477662699949 lifecam22 2312.73730469 4671.85400391 4.81187725067
1477662700019 lifecam22 2305.7565918 4670.52441406 4.81064319611
1477662700085 lifecam22 2298.99560547 4669.6171875 4.81002521515
1477662700152 lifecam22 2292.7331543 4669.45751953 4.81550359726
1477662700221 lifecam22 2286.08886719 4667.05908203 4.81338071823
1477662700290 lifecam22 2280.18823242 4666.89013672 4.81929254532
1477662700352 lifecam22 2272.97607422 4665.13720703 4.81613111496
1477662700426 lifecam22 2267.11865234 4665.19482422 4.81950330734
1477662700486 lifecam22 2261.38696289 4664.40283203 4.82533168793
1477662700552 lifecam22 2255.37792969 4662.48974609 4.8259973526
1477662700618 lifecam22 2249.44189453 4661.83935547 4.82970762253
1477662700686 lifecam22 2242.49951172 4660.47363281 4.82889223099
1477662700819 lifecam22 2228.82006836 4657.78125 4.82412624359
1477662700888 lifecam22 2222.37353516 4656.64648438 4.8241724968
1477662700957 lifecam22 2215.95751953 4656.01757812 4.83074045181
1477662701020 lifecam22 2209.01904297 4654.65087891 4.82773685455
1477662701089 lifecam22 2202.05444336 4653.65185547 4.82801675797
1477662701155 lifecam22 2195.14868164 4651.44238281 4.82021951675
1477662701219 lifecam22 2188.8737793 4651.01171875 4.82479286194
1477662701288 lifecam22 2182.06420898 4649.78564453 4.82867097855
1477662701354 lifecam22 2176.23779297 4648.85351562 4.83332252502
1477662701420 lifecam22 2169.01855469 4647.00292969 4.8277182579
1477662701488 lifecam22 2162.00292969 4646.125 4.82903528214
1477662701555 lifecam22 2155.45385742 4644.65917969 4.83236598969
1477662701620 lifecam22 2149.9699707 4643.91455078 4.8342590332
1477662701687 lifecam22 2143.5168457 4642.28027344 4.83672237396
1477662701755 lifecam22 2136.5925293 4641.10107422 4.83655452728
1477662701831 lifecam22 2129.77685547 4640.40087891 4.8346953392
1477662701888 lifecam22 2122.59350586 4639.67382812 4.83790159225
1477662701952 lifecam22 2116.6159668 4638.94970703 4.84212207794
1477662702023 lifecam22 2110.35742188 4636.91845703 4.84268569946
1477662702090 lifecam22 2103.83374023 4635.70117188 4.84292030334
1477662702225 lifecam22 2090.60302734 4632.73193359 4.84208679199
1477662702290 lifecam22 2084.21191406 4631.94628906 4.84381198883
1477662702356 lifecam22 2077.85595703 4630.06738281 4.84316015244
1477662702423 lifecam22 2071.30151367 4628.44726562 4.84454679489
1477662702491 lifecam22 2064.53222656 4626.74267578 4.84072303772
1477662702549 lifecam22 2057.37792969 4625.35986328 4.84032964706
1477662702618 lifecam22 2051.62719727 4624.57324219 4.84329938889
1477662702685 lifecam22 2045.54467773 4624.54003906 4.85017108917
1477662702749 lifecam22 2039.56640625 4623.11279297 4.84886550903
1477662702819 lifecam22 2032.21923828 4622.08837891 4.84906816483
1477662702951 lifecam22 2018.71459961 4619.56982422 4.85137033463
1477662703020 lifecam22 2012.70581055 4618.72021484 4.855281353
1477662703086 lifecam22 2005.81079102 4617.77734375 4.85674905777
1477662703148 lifecam22 1998.25634766 4615.31103516 4.85095214844
1477662703217 lifecam22 1992.25805664 4613.73779297 4.85227584839
1477662703286 lifecam22 1985.27001953 4611.74316406 4.8522901535
1477662703351 lifecam22 1979.03662109 4610.95507812 4.85351657867
1477662703419 lifecam22 1972.19360352 4608.328125 4.84896850586
1477662703486 lifecam22 1965.59204102 4607.26416016 4.84851503372
1477662703553 lifecam22 1959.3145752 4606.38867188 4.85286426544
1477662703687 lifecam22 1946.16516113 4604.59375 4.85806894302
1477662703753 lifecam22 1940.1640625 4602.79443359 4.85931539536
1477662703806 lifecam20 1870.51367188 4598.05322266 4.81841850281
1477662703820 lifecam22 1867.21850586 4597.54785156 4.81881046295
1477662703875 lifecam20 1863.58300781 4597.37304688 4.81845760345
1477662703886 lifecam22 1860.57263184 4596.77148438 4.82020664215
1477662703944 lifecam20 1856.95495605 4596.24902344 4.81951665878
1477662703953 lifecam22 1853.69628906 4595.32861328 4.82019138336
1477662704005 lifecam20 1851.14746094 4595.94335938 4.82537412643
1477662704019 lifecam22 1847.94165039 4595.44091797 4.82413959503
1477662704079 lifecam20 1844.24047852 4594.75683594 4.82590484619
1477662704087 lifecam22 1840.45458984 4593.76269531 4.82704353333
1477662704144 lifecam20 1838.1003418 4594.28320312 4.83263015747
1477662704152 lifecam22 1835.13110352 4593.67089844 4.83299875259
1477662704213 lifecam20 1831.2322998 4592.58203125 4.83057594299
1477662704221 lifecam22 1828.04980469 4591.44335938 4.8294968605
1477662704274 lifecam20 1824.89526367 4591.46289062 4.83122634888
1477662704284 lifecam22 1821.69995117 4591.03369141 4.83203125
1477662704412 lifecam20 1815.4597168 4591.55224609 4.84317541122
1477662704421 lifecam22 1808.62573242 4590.32910156 4.84654188156
1477662704476 lifecam20 1805.90576172 4590.44824219 4.85025453568
1477662704488 lifecam22 1803.18322754 4589.92382812 4.84962701797
1477662704541 lifecam20 1799.78027344 4589.53271484 4.8508143425
1477662704554 lifecam22 1796.07824707 4588.60791016 4.84844684601
1477662704612 lifecam20 1792.97143555 4588.91210938 4.85238218307
1477662704621 lifecam22 1790.12036133 4588.625 4.85631370544
1477662704673 lifecam20 1787.26293945 4589.14990234 4.8620929718
1477662704688 lifecam22 1783.80297852 4588.25195312 4.86069488525
1477662704743 lifecam20 1780.44873047 4587.83789062 4.86405658722
1477662704753 lifecam22 1777.31884766 4587.27001953 4.86665916443
1477662704813 lifecam20 1774.10595703 4587.0390625 4.8688287735
1477662704821 lifecam22 1770.74890137 4586.17382812 4.86770153046
1477662704873 lifecam20 1767.29125977 4585.36035156 4.86627721786
1477662704886 lifecam22 1763.87255859 4584.74755859 4.86661911011
1477662704941 lifecam20 1759.99291992 4583.56933594 4.86569404602
1477662704953 lifecam22 1756.30029297 4582.31347656 4.86393547058
1477662705015 lifecam20 1753.32055664 4581.86425781 4.86498832703
1477662705024 lifecam22 1750.46838379 4581.36621094 4.8672246933
1477662705141 lifecam20 1743.49267578 4579.75488281 4.86773204803
1477662705156 lifecam22 1736.89306641 4577.92919922 4.86733198166
1477662705212 lifecam20 1733.88464355 4577.57714844 4.8693318367
1477662705222 lifecam22 1730.53588867 4576.92285156 4.8688993454
1477662705284 lifecam20 1726.74707031 4576.16015625 4.86879396439
1477662705289 lifecam22 1723.48095703 4575.671875 4.87102556229
1477662705341 lifecam20 1720.24902344 4575.30273438 4.87241697311
1477662705352 lifecam22 1716.94091797 4574.9375 4.87354421616
1477662705402 lifecam20 1713.40124512 4574.40429688 4.87430524826
1477662705417 lifecam22 1710.12329102 4574.02734375 4.87689828873
1477662705478 lifecam20 1706.6887207 4572.9375 4.87574958801
1477662705496 lifecam22 1703.07434082 4571.32958984 4.87225484848
1477662705542 lifecam20 1700.05883789 4570.98779297 4.87423563004
1477662705560 lifecam22 1697.02319336 4570.56689453 4.87537813187
1477662705611 lifecam20 1693.77404785 4569.32617188 4.87604045868
1477662705627 lifecam22 1690.69091797 4568.15527344 4.8758430481
1477662705677 lifecam20 1687.54467773 4567.70019531 4.87574195862
1477662705692 lifecam22 1684.83728027 4567.61816406 4.87850284576
1477662705745 lifecam20 1681.11035156 4566.546875 4.87753343582
1477662705760 lifecam22 1677.25036621 4565.16503906 4.87529373169
1477662705884 lifecam20 1670.65234375 4563.54589844 4.87669372559
1477662705892 lifecam22 1664.68530273 4561.86621094 4.87674331665
1477662705948 lifecam20 1661.17468262 4560.73974609 4.8748626709
1477662705957 lifecam22 1657.88391113 4559.66601562 4.8750038147
1477662706009 lifecam20 1654.93896484 4559.49169922 4.8768081665
1477662706023 lifecam22 1652.05932617 4559.18554688 4.87841510773
1477662706080 lifecam20 1648.49621582 4558.00195312 4.87765741348
1477662706090 lifecam22 1644.84301758 4556.90429688 4.87725162506
1477662706149 lifecam20 1641.85620117 4556.54052734 4.87983989716
1477662706157 lifecam22 1638.79931641 4556.03710938 4.88100862503
1477662706226 lifecam22 1635.50854492 4555.64453125 4.88348770142
1477662706278 lifecam20 1628.34936523 4554.57714844 4.88519334793
1477662706289 lifecam22 1625.27319336 4554.04101562 4.88542556763
1477662706350 lifecam20 1621.99267578 4553.36669922 4.88667821884
1477662706359 lifecam22 1618.34106445 4552.46630859 4.88505744934
1477662706410 lifecam20 1615.15673828 4551.58203125 4.88503265381
1477662706425 lifecam22 1612.04406738 4550.34960938 4.8848285675
1477662706477 lifecam20 1608.43994141 4549.31738281 4.8833937645
1477662706491 lifecam22 1605.15283203 4548.58886719 4.88459634781
1477662706547 lifecam20 1602.24377441 4548.2734375 4.88737106323
1477662706616 lifecam20 1598.40698242 4547.25341797 4.88794231415
1477662706624 lifecam22 1591.82983398 4546.01855469 4.8898639679
1477662706678 lifecam20 1588.50024414 4545.49658203 4.89094638824
1477662706688 lifecam22 1585.31225586 4544.81494141 4.89400959015
1477662706745 lifecam20 1582.10498047 4543.56445312 4.89146232605
1477662706755 lifecam22 1579.16601562 4542.203125 4.88892602921
1477662706815 lifecam20 1575.84375 4541.29052734 4.88967037201
1477662706826 lifecam22 1572.640625 4540.61621094 4.89039087296
1477662706877 lifecam20 1569.00244141 4539.56933594 4.88938236237
1477662706891 lifecam22 1565.56665039 4538.65136719 4.8877325058
1477662707018 lifecam20 1558.83129883 4537.19726562 4.88899230957
1477662707028 lifecam22 1552.17041016 4535.35009766 4.8898525238
1477662707078 lifecam20 1549.06225586 4534.94775391 4.89215087891
1477662707094 lifecam22 1545.8782959 4534.43457031 4.89221048355
1477662707144 lifecam20 1541.61132812 4533.27050781 4.88995981216
1477662707158 lifecam22 1538.04907227 4532.29882812 4.89027118683
1477662707223 lifecam20 1534.70532227 4531.48535156 4.88983392715
1477662707227 lifecam22 1531.74169922 4530.65234375 4.89050531387
1477662707288 lifecam20 1529.10302734 4530.19238281 4.89442873001
1477662707293 lifecam22 1525.94677734 4529.58398438 4.89627742767
1477662707418 lifecam20 1519.14697266 4528.15820312 4.89717960358
1477662707425 lifecam22 1512.81494141 4526.77734375 4.8991651535
1477662707486 lifecam20 1509.53051758 4525.89257812 4.90128993988
1477662707495 lifecam22 1506.21362305 4524.5703125 4.89928483963
1477662707545 lifecam20 1503.20568848 4523.94238281 4.89942836761
1477662707557 lifecam22 1500.32739258 4523.34570312 4.90065813065
1477662707613 lifecam20 1496.91308594 4522.60253906 4.90197229385
1477662707626 lifecam22 1493.22216797 4521.71972656 4.90225601196
1477662707687 lifecam20 1489.4041748 4520.49560547 4.90098571777
1477662707695 lifecam22 1486.20043945 4519.66113281 4.9031457901
1477662707750 lifecam20 1482.98632812 4518.30761719 4.90140724182
1477662707760 lifecam22 1480.19970703 4517.06054688 4.89946937561
1477662707812 lifecam20 1476.54077148 4516.07128906 4.89889478683
1477662707823 lifecam22 1472.39672852 4514.93408203 4.89764547348
1477662707886 lifecam20 1469.23486328 4514.40429688 4.897752285
1477662707894 lifecam22 1466.19238281 4514.12402344 4.89953947067
1477662707952 lifecam20 1462.29650879 4513.50195312 4.90060997009
1477662707964 lifecam22 1458.61425781 4512.54785156 4.90146541595
1477662708013 lifecam20 1455.59521484 4512.22167969 4.90325117111
1477662708026 lifecam22 1452.90161133 4511.65234375 4.90408754349
1477662708157 lifecam20 1445.88598633 4509.72753906 4.90353107452
1477662708162 lifecam22 1439.16235352 4508.20507812 4.90341997147
1477662708216 lifecam20 1435.87597656 4507.90820312 4.90683937073
1477662708225 lifecam22 1432.71606445 4507.40820312 4.90966415405
1477662708280 lifecam20 1428.81689453 4506.12597656 4.90811920166
1477662708291 lifecam22 1425.23608398 4504.78271484 4.90744781494
1477662708341 lifecam20 1421.90307617 4504.10693359 4.90762662888
1477662708360 lifecam22 1418.60351562 4503.44140625 4.90804243088
1477662708413 lifecam20 1414.84375 4502.47705078 4.9085149765
1477662708433 lifecam22 1411.17456055 4501.70507812 4.90914773941
1477662708507 lifecam22 1407.92358398 4500.72460938 4.90888643265
1477662708550 lifecam20 1401.04736328 4498.85253906 4.91025161743
1477662708565 lifecam22 1397.62426758 4497.56982422 4.910384655
1477662708612 lifecam20 1394.26342773 4496.49316406 4.90970516205
1477662708633 lifecam22 1390.80273438 4495.29003906 4.90721416473
1477662708682 lifecam20 1386.70532227 4494.0 4.90687465668
1477662708699 lifecam22 1383.90075684 4493.40039062 4.91092061996
1477662708749 lifecam20 1380.47680664 4492.84863281 4.91125440598
1477662708764 lifecam22 1376.91870117 4492.11669922 4.91054391861
1477662708816 lifecam20 1373.96557617 4491.51660156 4.91260099411
1477662708881 lifecam20 1370.39526367 4490.73388672 4.91311740875
1477662708895 lifecam22 1363.64550781 4488.95898438 4.91432619095
1477662708950 lifecam20 1359.64099121 4487.91894531 4.91339159012
1477662708962 lifecam22 1356.37866211 4487.21044922 4.91476202011
1477662709024 lifecam20 1353.45458984 4486.23925781 4.91592311859
1477662709030 lifecam22 1350.61071777 4485.4921875 4.91877269745
1477662709081 lifecam20 1347.58447266 4484.73046875 4.91839838028
1477662709094 lifecam22 1343.95056152 4483.3203125 4.91365337372
1477662709152 lifecam20 1340.54931641 4482.2265625 4.91360139847
1477662709161 lifecam22 1337.88684082 4481.50390625 4.91597032547
1477662709280 lifecam20 1331.3203125 4479.99707031 4.9185051918
1477662709293 lifecam22 1324.66333008 4478.24316406 4.91899776459
1477662709348 lifecam20 1321.14160156 4476.67871094 4.91746759415
1477662709361 lifecam22 1317.58105469 4475.00585938 4.91595220566
1477662709423 lifecam20 1314.91821289 4474.55273438 4.91815423965
1477662709431 lifecam22 1312.27856445 4473.88720703 4.91922569275
1477662709493 lifecam20 1308.63574219 4472.46777344 4.91807699203
1477662709497 lifecam22 1305.28588867 4471.51220703 4.91814470291
1477662709550 lifecam20 1301.91149902 4470.99755859 4.91932153702
1477662709562 lifecam22 1298.46850586 4469.75488281 4.91673851013
1477662709691 lifecam20 1292.09375 4468.36035156 4.92047977448
1477662709698 lifecam22 1286.20654297 4467.33398438 4.92699241638
1477662709748 lifecam20 1282.87426758 4467.03710938 4.92846059799
1477662709762 lifecam22 1279.60717773 4466.39550781 4.92853593826
1477662709817 lifecam20 1276.05371094 4465.01123047 4.92581748962
1477662709829 lifecam22 1272.84448242 4464.09277344 4.92648601532
1477662709888 lifecam20 1269.64526367 4463.18652344 4.92666912079
1477662709899 lifecam22 1266.84069824 4462.66210938 4.92851066589
1477662709948 lifecam20 1263.36083984 4461.63769531 4.93015384674
1477662709962 lifecam22 1259.78515625 4460.12792969 4.92745828629
1477662710023 lifecam20 1256.32788086 4459.5390625 4.92898511887
1477662710035 lifecam22 1252.86694336 4458.89599609 4.93250608444
1477662710093 lifecam20 1249.29711914 4457.72021484 4.93075084686
1477662710099 lifecam22 1246.46435547 4457.04980469 4.93191576004
1477662710151 lifecam20 1243.19897461 4456.23632812 4.93454647064
1477662710162 lifecam22 1239.57861328 4454.80078125 4.93219089508
1477662710217 lifecam20 1236.34155273 4453.6796875 4.93143367767
1477662710229 lifecam22 1233.01293945 4452.23779297 4.92983388901
1477662710286 lifecam20 1229.05737305 4450.64404297 4.92581748962
1477662710299 lifecam22 1225.86193848 4449.79052734 4.9276175499
1477662710416 lifecam20 1219.39282227 4447.875 4.92934465408
1477662710427 lifecam22 1213.24536133 4445.59082031 4.92833805084
1477662710484 lifecam20 1209.80834961 4444.36230469 4.92754030228
1477662710495 lifecam22 1206.25158691 4443.14892578 4.92594337463
1477662710556 lifecam20 1202.61499023 4442.53466797 4.92676973343
1477662710567 lifecam22 1199.53271484 4442.1015625 4.92952394485
1477662710618 lifecam20 1196.40405273 4441.20458984 4.93113946915
1477662710632 lifecam22 1193.61975098 4440.62304688 4.93349075317
1477662710689 lifecam20 1190.3359375 4440.22265625 4.93628358841
1477662710697 lifecam22 1186.86474609 4439.39453125 4.93656730652
1477662710815 lifecam20 1179.85705566 4437.36621094 4.93613004684
1477662710829 lifecam22 1173.76806641 4435.71826172 4.93809318542
1477662710883 lifecam20 1170.50805664 4434.34570312 4.93847846985
1477662710898 lifecam22 1166.84277344 4432.67285156 4.93612289429
1477662710960 lifecam20 1163.57897949 4432.27929688 4.93788480759
1477662710966 lifecam22 1160.859375 4431.71972656 4.94150733948
1477662711024 lifecam20 1157.80554199 4430.38964844 4.94137001038
1477662711032 lifecam22 1154.89086914 4429.80517578 4.94274950027
1477662711088 lifecam20 1151.55859375 4428.43457031 4.9421672821
1477662711096 lifecam22 1147.26196289 4425.84570312 4.93640375137
1477662711171 lifecam22 1144.828125 4425.62597656 4.93957281113
1477662711222 lifecam20 1137.89929199 4423.36279297 4.93730831146
1477662711236 lifecam22 1134.93676758 4422.12158203 4.93751478195
1477662711285 lifecam20 1132.47436523 4421.68408203 4.94181108475
1477662711302 lifecam22 1129.42663574 4420.61425781 4.93972921371
1477662711352 lifecam20 1125.58813477 4419.38964844 4.93795347214
1477662711370 lifecam22 1122.34570312 4418.78271484 4.94148206711
1477662711421 lifecam20 1119.57592773 4418.17578125 4.94401168823
1477662711437 lifecam22 1116.73034668 4417.1796875 4.94387388229
1477662711483 lifecam20 1112.96105957 4415.96972656 4.94280719757
1477662711551 lifecam20 1109.64892578 4415.04638672 4.94239521027
1477662711570 lifecam22 1103.00256348 4413.62451172 4.9446721077
1477662711619 lifecam20 1099.80395508 4412.91357422 4.94572734833
1477662711634 lifecam22 1096.45178223 4411.56005859 4.9438328743
1477662711683 lifecam20 1092.79101562 4410.25146484 4.94425392151
1477662711706 lifecam22 1089.75683594 4409.2265625 4.94601583481
1477662711752 lifecam20 1086.60375977 4408.48144531 4.94677019119
1477662711771 lifecam22 1082.98522949 4407.35839844 4.94632101059
1477662711819 lifecam20 1079.48632812 4406.23876953 4.9462647438
1477662711840 lifecam22 1076.11279297 4405.41601562 4.94530057907
1477662711888 lifecam20 1072.6328125 4404.33642578 4.94509553909
1477662711903 lifecam22 1069.86108398 4403.12695312 4.94681596756
1477662711951 lifecam20 1066.6809082 4402.55664062 4.95014476776
1477662711970 lifecam22 1062.8392334 4401.32421875 4.94901990891
1477662712019 lifecam20 1059.5916748 4400.0703125 4.94792699814
1477662712038 lifecam22 1056.57653809 4398.88769531 4.94701337814
1477662712087 lifecam20 1052.96484375 4397.63769531 4.9471411705
1477662712102 lifecam22 1050.39233398 4396.828125 4.9504032135
1477662712151 lifecam20 1047.48632812 4395.65722656 4.9493303299
1477662712170 lifecam22 1044.52734375 4394.78320312 4.94956350327
1477662712244 lifecam22 1041.3293457 4393.76757812 4.95158052444
1477662712288 lifecam20 1034.53686523 4391.95361328 4.95355892181
1477662712306 lifecam22 1030.98864746 4390.74609375 4.95232105255
1477662712351 lifecam20 1027.453125 4389.84082031 4.95237827301
1477662712371 lifecam22 1024.08227539 4388.77685547 4.95107555389
1477662712419 lifecam20 1020.5222168 4387.54003906 4.95175504684
1477662712441 lifecam22 1017.4855957 4386.79882812 4.9535074234
1477662712489 lifecam20 1014.41143799 4386.09570312 4.9540772438
1477662712506 lifecam22 1011.28833008 4384.93652344 4.95443344116
1477662712556 lifecam20 1008.30786133 4383.86425781 4.95631551743
1477662712621 lifecam20 1004.48400879 4382.28613281 4.953769207
1477662712639 lifecam22 997.845092773 4379.7578125 4.95353221893
1477662712689 lifecam20 994.650024414 4379.26074219 4.9550318718
1477662712706 lifecam22 992.174682617 4378.81347656 4.95638799667
1477662712755 lifecam20 989.212768555 4377.43261719 4.95846843719
1477662712773 lifecam22 985.594848633 4375.8359375 4.95764732361
1477662712819 lifecam20 982.775024414 4375.171875 4.9586853981
1477662712839 lifecam22 980.551269531 4374.65527344 4.96114301682
1477662712890 lifecam20 976.369262695 4373.0234375 4.95766305923
1477662712906 lifecam22 973.023681641 4371.59277344 4.95651960373
1477662712962 lifecam20 970.645141602 4370.68359375 4.95935344696
1477662712974 lifecam22 967.376953125 4369.34570312 4.95894050598
1477662713020 lifecam20 964.100341797 4368.30175781 4.95894289017
1477662713039 lifecam22 961.256347656 4367.85449219 4.96127319336
1477662713089 lifecam20 957.653076172 4366.74902344 4.95994853973
1477662713106 lifecam22 954.336303711 4365.24804688 4.95841217041
1477662713156 lifecam20 951.115234375 4364.38769531 4.9601354599
1477662713170 lifecam22 948.021850586 4363.43457031 4.96097230911
1477662713224 lifecam20 944.58996582 4362.56445312 4.96297836304
1477662713241 lifecam22 941.125671387 4361.66796875 4.96314144135
1477662714097 lifecam20 769.587585449 4341.05761719 4.95595741272
1477662714106 lifecam22 856.168457031 4333.65527344 4.96705436707
1477662714155 lifecam20 853.459228516 4332.09960938 4.9708199501
1477662714166 lifecam22 849.951049805 4330.54296875 4.97001981735
1477662714223 lifecam20 846.709838867 4329.66015625 4.97155380249
1477662714234 lifecam22 843.520202637 4328.65136719 4.97162914276
1477662714295 lifecam20 840.386535645 4327.53222656 4.97218513489
1477662714304 lifecam22 838.24798584 4326.734375 4.9731426239
1477662714356 lifecam20 839.402587891 4326.94384766 4.97182273865
1477662714372 lifecam22 841.317138672 4327.70361328 4.97321844101
1477662714498 lifecam20 841.097961426 4327.52441406 4.97154474258
1477662714506 lifecam22 840.801635742 4327.31494141 4.97096681595
1477662714555 lifecam20 840.953979492 4327.40820312 4.97275400162
1477662714568 lifecam22 840.315979004 4327.12792969 4.97092866898
1477662714623 lifecam20 840.335327148 4327.30273438 4.97085905075
1477662714634 lifecam22 840.665527344 4327.54199219 4.97244691849
1477662714691 lifecam20 840.583251953 4327.42822266 4.9721198082
1477662714702 lifecam22 840.353088379 4327.26220703 4.97095584869
1477662714763 lifecam20 840.413757324 4327.26953125 4.97089195251
1477662714770 lifecam22 840.643920898 4327.43554688 4.97205543518
1477662714823 lifecam20 840.550537109 4327.45800781 4.97193574905
1477662714834 lifecam22 840.37097168 4327.27929688 4.97054004669
1477662714891 lifecam20 840.382202148 4327.29394531 4.97064399719
1477662714901 lifecam22 840.484619141 4327.42285156 4.97124767303
1477662714962 lifecam20 840.588378906 4327.49316406 4.97165489197
1477662714970 lifecam22 840.665527344 4327.54199219 4.97244691849
1477662715024 lifecam20 840.566650391 4327.55761719 4.97228908539
1477662715034 lifecam22 840.387145996 4327.37890625 4.97089385986
