1477660720680 lifecam22 3370.82739258 4770.03222656 4.66304016113
1477660720748 lifecam22 3370.93334961 4770.41064453 4.6626958847
1477660720810 lifecam22 3371.02587891 4770.25097656 4.66471338272
1477660720881 lifecam22 3371.07836914 4770.72705078 4.66629838943
1477660720948 lifecam22 3370.77612305 4769.99121094 4.66136693954
1477660721016 lifecam22 3371.08398438 4770.59179688 4.66639041901
1477660721078 lifecam22 3370.77001953 4769.85009766 4.66135168076
1477660721146 lifecam22 3371.07836914 4770.72705078 4.66629838943
1477660721217 lifecam22 3371.04956055 4770.27392578 4.6649274826
1477660721279 lifecam22 3371.08398438 4770.59179688 4.66639041901
1477660721347 lifecam22 3371.2746582 4770.77880859 4.66689252853
1477660721415 lifecam22 3370.63916016 4769.74707031 4.65905189514
1477660721477 lifecam22 3370.81347656 4770.32617188 4.66393661499
1477660721609 lifecam22 3371.08398438 4770.59179688 4.66639041901
1477660721677 lifecam22 3370.85302734 4769.94287109 4.66095113754
1477660721742 lifecam22 3370.18286133 4769.46386719 4.65614843369
1477660721810 lifecam22 3371.08398438 4770.59179688 4.66639041901
1477660721941 lifecam22 3371.08398438 4770.59179688 4.66639041901
1477660722009 lifecam22 3371.02587891 4770.25097656 4.66471338272
1477660722071 lifecam22 3370.59277344 4769.79443359 4.66072940826
1477660722143 lifecam22 3371.04492188 4770.69482422 4.66599607468
1477660722209 lifecam22 3370.57202148 4769.77490234 4.66053962708
1477660722346 lifecam22 3370.98339844 4770.16308594 4.66301774979
1477660722409 lifecam22 3371.20361328 4770.23291016 4.66383314133
1477660722479 lifecam22 3370.83813477 4770.06396484 4.66077327728
1477660722546 lifecam22 3370.83813477 4770.06396484 4.66077327728
1477660722608 lifecam22 3371.3359375 4770.46875 4.66346788406
1477660722682 lifecam22 3371.29638672 4770.49169922 4.66365909576
1477660722744 lifecam22 3371.41088867 4770.38183594 4.66270637512
1477660722812 lifecam22 3371.19091797 4770.27246094 4.66156482697
1477660722879 lifecam22 3371.29638672 4770.49169922 4.66365909576
1477660722949 lifecam22 3371.79125977 4770.61230469 4.66367530823
1477660723083 lifecam22 3371.67138672 4770.63916016 4.66386222839
1477660723151 lifecam22 3371.19091797 4770.27246094 4.66156482697
1477660723220 lifecam22 3371.19091797 4770.27246094 4.66156482697
1477660723282 lifecam22 3371.40698242 4770.26074219 4.66157865524
1477660723351 lifecam22 3371.6496582 4770.35058594 4.66255664825
1477660723419 lifecam22 3371.40698242 4770.26074219 4.66157865524
1477660723483 lifecam22 3371.40698242 4770.26074219 4.66157865524
1477660723553 lifecam22 3371.40698242 4770.26074219 4.66157865524
1477660723619 lifecam22 3371.69042969 4770.12646484 4.66049909592
1477660723681 lifecam22 3371.65234375 4770.23095703 4.66011095047
1477660723751 lifecam22 3371.95410156 4770.23583984 4.66167354584
1477660723820 lifecam22 3372.15039062 4770.43261719 4.660987854
1477660723886 lifecam22 3372.63476562 4769.14892578 4.65169668198
1477660723950 lifecam22 3371.26196289 4769.58886719 4.65800571442
1477660724018 lifecam22 3371.96728516 4769.45751953 4.65722465515
1477660724153 lifecam22 3359.43847656 4771.18798828 4.66868162155
1477660724220 lifecam22 3353.23217773 4772.51367188 4.67451238632
1477660724288 lifecam22 3350.11279297 4770.98193359 4.67520284653
1477660724352 lifecam22 3339.41796875 4771.03027344 4.67289590836
1477660724418 lifecam22 3336.71289062 4771.54003906 4.68859481812
1477660724490 lifecam22 3329.20776367 4770.47363281 4.68411540985
1477660724556 lifecam22 3323.22705078 4770.09960938 4.69317817688
1477660724619 lifecam22 3316.15429688 4768.95166016 4.68741464615
1477660724687 lifecam22 3309.70947266 4770.04980469 4.69745159149
1477660724755 lifecam22 3303.09741211 4769.94287109 4.69971656799
1477660724820 lifecam22 3295.95776367 4769.39404297 4.69431495667
1477660724887 lifecam22 3288.77563477 4769.46728516 4.69664096832
1477660724958 lifecam22 3281.24609375 4767.68505859 4.68228721619
1477660725019 lifecam22 3273.97338867 4767.16894531 4.67984342575
1477660725087 lifecam22 3267.2722168 4765.68017578 4.67332458496
1477660725162 lifecam22 3260.57446289 4765.92919922 4.67442798615
1477660725217 lifecam22 3253.73681641 4765.13916016 4.6707110405
1477660725287 lifecam22 3247.11083984 4763.30419922 4.66934871674
1477660725355 lifecam22 3242.13598633 4763.41845703 4.67142868042
1477660725422 lifecam22 3235.88012695 4763.37646484 4.68186569214
1477660725557 lifecam22 3226.23779297 4764.47900391 4.70219421387
1477660725626 lifecam22 3219.68579102 4764.92675781 4.7062330246
1477660725687 lifecam22 3212.9230957 4765.30566406 4.70837497711
1477660725755 lifecam22 3206.15966797 4765.12988281 4.71056985855
1477660725822 lifecam22 3199.15966797 4765.12939453 4.71056890488
1477660725885 lifecam22 3191.06542969 4763.19335938 4.70068740845
1477660726022 lifecam22 3176.80249023 4762.51367188 4.69832992554
1477660726089 lifecam22 3169.75756836 4762.33007812 4.69792938232
1477660726154 lifecam22 3161.82836914 4760.83300781 4.6896276474
1477660726224 lifecam22 3154.49560547 4759.29248047 4.68666982651
1477660726294 lifecam22 3149.22070312 4758.16259766 4.702044487
1477660726355 lifecam22 3142.22119141 4758.16259766 4.702044487
1477660726423 lifecam22 3135.92285156 4758.30566406 4.70837545395
1477660726489 lifecam22 3129.13452148 4758.40283203 4.71029615402
1477660726622 lifecam22 3115.4140625 4758.52783203 4.71288061142
1477660726690 lifecam22 3108.41381836 4758.52783203 4.71288013458
1477660726758 lifecam22 3105.54931641 4759.23828125 4.71962213516
1477660726823 lifecam22 3096.94311523 4756.23144531 4.704413414
1477660726891 lifecam22 3092.18725586 4756.64599609 4.70744943619
1477660726961 lifecam22 3086.08813477 4755.50292969 4.7037191391
1477660727023 lifecam22 3079.94580078 4755.24365234 4.70902299881
1477660727089 lifecam22 3072.47485352 4751.40234375 4.70433139801
1477660727160 lifecam22 3065.9230957 4751.30566406 4.70837545395
1477660727224 lifecam22 3059.4140625 4751.52783203 4.71288156509
1477660727293 lifecam22 3052.41381836 4751.52783203 4.71287965775
1477660727361 lifecam22 3045.4140625 4751.52783203 4.71288108826
1477660727427 lifecam22 3038.4140625 4751.52783203 4.71288061142
1477660727489 lifecam22 3031.41381836 4751.52734375 4.71287870407
1477660727557 lifecam22 3024.80004883 4751.70019531 4.7160692215
1477660727634 lifecam22 3017.40087891 4749.421875 4.70684480667
1477660727690 lifecam22 3010.73461914 4749.59033203 4.70842885971
1477660727760 lifecam22 3004.58496094 4748.82519531 4.71606826782
1477660727827 lifecam22 2999.90429688 4748.83007812 4.72904539108
1477660727891 lifecam22 2994.2956543 4748.62451172 4.73931694031
1477660728029 lifecam22 2978.9934082 4745.87158203 4.72559022903
1477660728089 lifecam22 2972.65991211 4745.51025391 4.72218751907
1477660728158 lifecam22 2967.22387695 4745.61132812 4.72313976288
1477660728225 lifecam22 2959.57519531 4745.61132812 4.72313976288
1477660728294 lifecam22 2953.94995117 4746.078125 4.7275261879
1477660728358 lifecam22 2945.73999023 4743.59326172 4.71858167648
1477660728425 lifecam22 2938.90893555 4742.95751953 4.71686410904
1477660728493 lifecam22 2934.86279297 4741.48681641 4.73775720596
1477660728557 lifecam22 2927.87451172 4741.03857422 4.73488235474
1477660728629 lifecam22 2919.34130859 4738.37597656 4.72092056274
1477660728695 lifecam22 2913.01904297 4738.45605469 4.72167444229
1477660728758 lifecam22 2906.63427734 4738.61669922 4.72318887711
1477660728825 lifecam22 2900.00463867 4738.61865234 4.72320890427
1477660728893 lifecam22 2893.53564453 4738.6875 4.72385549545
1477660728961 lifecam22 2887.28613281 4737.04394531 4.72617149353
1477660729092 lifecam22 2877.50878906 4734.97412109 4.74090528488
1477660729161 lifecam22 2868.69042969 4734.91357422 4.74200439453
1477660729227 lifecam22 2861.51025391 4734.71386719 4.74140262604
1477660729296 lifecam22 2853.59936523 4732.82568359 4.73217630386
1477660729361 lifecam22 2846.16894531 4732.03369141 4.72710800171
1477660729425 lifecam22 2841.41918945 4732.58740234 4.7322883606
1477660729493 lifecam22 2835.05786133 4732.11621094 4.7307972908
1477660729562 lifecam22 2828.00048828 4732.26806641 4.73366975784
1477660729630 lifecam22 2822.72558594 4731.17773438 4.74792432785
1477660729694 lifecam22 2815.67578125 4728.31787109 4.74430322647
1477660729762 lifecam22 2808.49316406 4727.75732422 4.74152231216
1477660729829 lifecam22 2800.41186523 4725.73535156 4.73166370392
1477660729893 lifecam22 2793.19067383 4725.41455078 4.7296795845
1477660729961 lifecam22 2787.08496094 4725.7421875 4.73373365402
1477660730029 lifecam22 2780.96411133 4726.02294922 4.73918533325
1477660730097 lifecam22 2773.96459961 4726.05224609 4.74087762833
1477660730161 lifecam22 2768.48510742 4726.44970703 4.75319004059
1477660730229 lifecam22 2763.09912109 4724.24169922 4.76256942749
1477660730290 lifecam22 2756.8137207 4723.72949219 4.75880432129
1477660730357 lifecam22 2749.58862305 4721.8984375 4.7509226799
1477660730490 lifecam22 2735.04101562 4720.02587891 4.74206733704
1477660730557 lifecam22 2728.21313477 4718.91162109 4.74163913727
1477660730623 lifecam22 2722.02954102 4718.97412109 4.74673175812
1477660730688 lifecam22 2715.52539062 4715.15087891 4.74155187607
1477660730755 lifecam22 2708.97119141 4713.75292969 4.73777532578
1477660730892 lifecam22 2694.41699219 4712.57861328 4.73194169998
1477660730959 lifecam22 2689.72070312 4713.41943359 4.74286222458
1477660731024 lifecam22 2682.49511719 4712.65576172 4.74054765701
1477660731092 lifecam22 2676.17504883 4712.71630859 4.74598836899
1477660731157 lifecam22 2670.60522461 4712.55957031 4.75665283203
1477660731223 lifecam22 2664.33007812 4711.43017578 4.76264619827
1477660731292 lifecam22 2657.50756836 4710.61865234 4.76257276535
1477660731357 lifecam22 2650.39599609 4709.68212891 4.75990629196
1477660731423 lifecam22 2642.88525391 4708.11279297 4.75440645218
1477660731491 lifecam22 2635.7409668 4707.50537109 4.75407457352
1477660731623 lifecam22 2623.69824219 4706.23974609 4.76619577408
1477660731693 lifecam22 2617.21044922 4705.20019531 4.76899051666
1477660731760 lifecam22 2609.82080078 4703.6328125 4.76589918137
1477660731824 lifecam22 2603.24829102 4703.80761719 4.76731109619
1477660731891 lifecam22 2595.68725586 4702.70849609 4.76238775253
1477660732024 lifecam22 2582.2043457 4701.04638672 4.76434516907
1477660732090 lifecam22 2576.48461914 4699.92675781 4.77264070511
1477660732161 lifecam22 2570.31420898 4699.66845703 4.77232933044
1477660732226 lifecam22 2563.3371582 4696.63037109 4.76494598389
1477660732292 lifecam22 2557.86669922 4695.98583984 4.76263237
1477660732365 lifecam22 2550.25170898 4694.49658203 4.75724744797
1477660732431 lifecam22 2544.41748047 4693.84179688 4.76309680939
1477660732497 lifecam22 2539.51342773 4693.93701172 4.77263212204
1477660732564 lifecam22 2532.52978516 4693.1328125 4.77621793747
1477660732632 lifecam22 2526.11425781 4692.60644531 4.77587652206
1477660732701 lifecam22 2518.80078125 4690.90576172 4.77361536026
1477660732763 lifecam22 2511.49438477 4690.01513672 4.76923322678
1477660732832 lifecam22 2505.06396484 4689.7109375 4.77169418335
1477660732899 lifecam22 2498.48388672 4688.01757812 4.77383995056
1477660732963 lifecam22 2492.40625 4687.51611328 4.77943229675
1477660733039 lifecam22 2485.67138672 4686.69726562 4.78131628036
1477660733100 lifecam22 2478.77880859 4685.68164062 4.77879428864
1477660733167 lifecam22 2471.12695312 4683.58349609 4.77273893356
1477660733232 lifecam22 2464.3059082 4682.58447266 4.77264261246
1477660733300 lifecam22 2458.37353516 4681.40917969 4.7774810791
1477660733432 lifecam22 2445.09106445 4679.44433594 4.78053760529
1477660733504 lifecam22 2437.95214844 4678.7265625 4.78001785278
1477660733571 lifecam22 2430.84570312 4677.33886719 4.77695894241
1477660733633 lifecam22 2423.72753906 4676.31738281 4.77557373047
1477660733701 lifecam22 2417.74755859 4676.19677734 4.78150701523
1477660733769 lifecam22 2412.80053711 4674.78759766 4.78762578964
1477660733831 lifecam22 2406.89306641 4674.47216797 4.79144906998
1477660733900 lifecam22 2400.30249023 4673.10986328 4.786216259
1477660733967 lifecam22 2393.11132812 4670.83935547 4.78187227249
1477660734036 lifecam22 2387.64648438 4670.68310547 4.78895616531
1477660734101 lifecam22 2381.26123047 4669.71435547 4.7929930687
1477660734170 lifecam22 2374.42163086 4668.14697266 4.79049873352
1477660734236 lifecam22 2367.39990234 4666.49804688 4.78949356079
1477660734300 lifecam22 2360.18603516 4665.27978516 4.78787851334
1477660734369 lifecam22 2353.47143555 4663.60449219 4.78426456451
1477660734499 lifecam22 2340.65039062 4662.5234375 4.79139709473
1477660734568 lifecam22 2333.68994141 4661.82617188 4.79338884354
1477660734636 lifecam22 2326.74658203 4660.00244141 4.78998279572
1477660734698 lifecam22 2319.97998047 4659.67041016 4.7931728363
1477660734770 lifecam22 2313.50390625 4658.1484375 4.7947716713
1477660734839 lifecam22 2307.73217773 4658.17773438 4.80351829529
1477660734904 lifecam22 2300.50195312 4656.68701172 4.80317401886
1477660734968 lifecam22 2295.14990234 4655.83984375 4.80690431595
1477660735036 lifecam22 2287.02319336 4653.39355469 4.79840373993
1477660735104 lifecam22 2280.45703125 4651.17089844 4.79254055023
1477660735169 lifecam22 2274.69287109 4650.38916016 4.80131053925
1477660735235 lifecam22 2267.98632812 4649.38085938 4.80024576187
1477660735303 lifecam22 2262.26147461 4649.14599609 4.80461597443
1477660735366 lifecam22 2255.1340332 4647.80859375 4.80230093002
1477660735435 lifecam22 2248.72338867 4647.02685547 4.80202913284
1477660735509 lifecam22 2242.44750977 4644.90527344 4.8038649559
1477660735570 lifecam22 2236.15576172 4644.39794922 4.8057808876
1477660735636 lifecam22 2229.28442383 4642.41113281 4.80278110504
1477660735703 lifecam22 2222.30712891 4641.75 4.80396461487
1477660735772 lifecam22 2216.67041016 4641.23583984 4.80623722076
1477660735905 lifecam22 2204.50195312 4638.51025391 4.81428813934
1477660735972 lifecam22 2197.22607422 4636.59570312 4.81104040146
1477660736038 lifecam22 2191.32568359 4635.94042969 4.81125020981
1477660736106 lifecam22 2184.26464844 4634.15283203 4.80964183807
1477660736174 lifecam22 2178.14501953 4633.18359375 4.81410360336
1477660736240 lifecam22 2171.45263672 4632.20556641 4.81689977646
1477660736304 lifecam22 2164.74926758 4631.44140625 4.81769657135
1477660736372 lifecam22 2158.45727539 4629.83642578 4.81413221359
1477660736440 lifecam22 2151.11914062 4628.03857422 4.81245565414
1477660736504 lifecam22 2144.36669922 4627.20214844 4.81634283066
1477660736572 lifecam22 2137.75073242 4625.72607422 4.81590414047
1477660736639 lifecam22 2131.32421875 4624.08984375 4.81566333771
1477660736707 lifecam22 2124.28759766 4622.59619141 4.81394529343
1477660736772 lifecam22 2117.20361328 4621.08740234 4.81091499329
1477660736824 lifecam20 2116.1171875 4716.24462891 3.96046161652
1477660736840 lifecam22 2112.84594727 4715.22705078 3.96179127693
1477660736911 lifecam22 2109.72753906 4714.61328125 3.96228790283
1477660736970 lifecam22 2106.27661133 4713.97607422 3.96212744713
1477660737040 lifecam22 2090.44189453 4615.4609375 4.81248664856
1477660737107 lifecam22 2085.04296875 4616.10302734 4.82268381119
1477660737172 lifecam22 2078.52270508 4614.64648438 4.82521057129
1477660737309 lifecam22 2066.09570312 4612.27441406 4.83057451248
1477660737372 lifecam22 2059.23266602 4610.35058594 4.82809782028
1477660737440 lifecam22 2053.00219727 4609.92724609 4.83076572418
1477660737507 lifecam22 2046.28930664 4607.49902344 4.82954597473
1477660737571 lifecam22 2039.89575195 4605.65136719 4.82997465134
1477660737640 lifecam22 2032.91430664 4603.55517578 4.82142305374
1477660737706 lifecam22 2025.96166992 4601.86914062 4.82209396362
1477660737775 lifecam22 2020.28613281 4600.64648438 4.82583999634
1477660737839 lifecam22 2013.13720703 4599.00976562 4.82450866699
1477660737907 lifecam22 2007.70996094 4598.52783203 4.83012771606
1477660737976 lifecam22 2000.73168945 4597.32519531 4.82817697525
1477660738038 lifecam22 1994.33203125 4596.78369141 4.8326382637
1477660738091 lifecam20 1924.88476562 4591.38476562 4.79269790649
1477660738107 lifecam22 1921.75708008 4590.9609375 4.7942943573
1477660738175 lifecam22 1918.62280273 4589.87890625 4.79434776306
1477660738224 lifecam20 1911.83435059 4588.90039062 4.79427099228
1477660738239 lifecam22 1908.53515625 4588.40673828 4.79481744766
1477660738359 lifecam20 1902.00341797 4588.52832031 4.80027532578
1477660738374 lifecam22 1895.43005371 4587.30908203 4.80257368088
1477660738425 lifecam20 1892.1315918 4587.29101562 4.80464220047
1477660738437 lifecam22 1888.5859375 4586.48046875 4.80440187454
1477660738492 lifecam20 1885.69116211 4586.96191406 4.80878925323
1477660738508 lifecam22 1882.62451172 4586.24609375 4.81059455872
1477660738560 lifecam20 1878.96728516 4585.54248047 4.81255578995
1477660738577 lifecam22 1875.0748291 4584.04931641 4.80818319321
1477660738624 lifecam20 1871.88916016 4583.70898438 4.80971670151
1477660738644 lifecam22 1868.79455566 4583.1796875 4.81107711792
1477660738693 lifecam20 1866.13757324 4583.66894531 4.81683015823
1477660738710 lifecam22 1863.04980469 4582.87890625 4.81778621674
1477660738759 lifecam20 1859.5982666 4582.93212891 4.8193602562
1477660738775 lifecam22 1855.92565918 4582.28369141 4.81904792786
1477660738824 lifecam20 1852.76220703 4582.8828125 4.82574129105
1477660738843 lifecam22 1849.71533203 4582.55273438 4.82779121399
1477660738892 lifecam20 1846.33068848 4581.99267578 4.82867288589
1477660738907 lifecam22 1842.42687988 4580.88330078 4.82552289963
1477660738960 lifecam20 1839.29467773 4580.8671875 4.82940387726
1477660738976 lifecam22 1836.2265625 4580.46386719 4.83223962784
1477660739024 lifecam20 1834.10693359 4580.94042969 4.8391456604
1477660739043 lifecam22 1831.13623047 4580.09375 4.83945989609
1477660739091 lifecam20 1827.39758301 4579.35644531 4.83988571167
1477660739102 lifecam22 1824.15661621 4578.5625 4.84100627899
1477660739159 lifecam20 1820.9083252 4577.96679688 4.83977985382
1477660739174 lifecam22 1817.83935547 4577.25 4.83804225922
1477660739227 lifecam20 1815.03833008 4576.60449219 4.84119033813
1477660739242 lifecam22 1811.82714844 4575.70214844 4.84316921234
1477660739291 lifecam20 1808.56616211 4575.19042969 4.84341526031
1477660739310 lifecam22 1805.75830078 4575.02734375 4.84582996368
1477660739365 lifecam20 1802.16552734 4573.8359375 4.84378623962
1477660739376 lifecam22 1798.99511719 4573.06054688 4.8450422287
1477660739427 lifecam20 1795.69177246 4572.32128906 4.84600162506
1477660739441 lifecam22 1792.05053711 4570.93554688 4.84205055237
1477660739492 lifecam20 1788.80688477 4570.421875 4.84262800217
1477660739511 lifecam22 1785.67602539 4569.68994141 4.84212446213
1477660739559 lifecam20 1782.04736328 4568.95507812 4.84331464767
1477660739573 lifecam22 1778.8371582 4568.3515625 4.84727287292
1477660739627 lifecam20 1775.42102051 4567.39990234 4.84526824951
1477660739642 lifecam22 1772.24243164 4566.89160156 4.84477901459
1477660739760 lifecam20 1765.56591797 4565.75097656 4.84581661224
1477660739776 lifecam22 1758.69287109 4564.07519531 4.84384727478
1477660739829 lifecam20 1755.32189941 4563.47998047 4.84592056274
1477660739844 lifecam22 1751.95874023 4562.67578125 4.84656143188
1477660739897 lifecam20 1748.69262695 4561.68164062 4.84643983841
1477660739913 lifecam22 1745.82531738 4561.00634766 4.84876775742
1477660739959 lifecam20 1742.33447266 4560.48535156 4.84912347794
1477660739981 lifecam22 1738.82714844 4559.75 4.84876203537
1477660740027 lifecam20 1735.30419922 4558.68505859 4.84801006317
1477660740045 lifecam22 1732.05163574 4558.0546875 4.84983634949
1477660740095 lifecam20 1728.85546875 4557.53125 4.85060358047
1477660740111 lifecam22 1725.63964844 4556.67578125 4.85088205338
1477660740160 lifecam20 1721.88439941 4556.25683594 4.85271120071
1477660740178 lifecam22 1718.3203125 4555.45507812 4.85244894028
1477660740228 lifecam20 1715.18359375 4554.36621094 4.85277318954
1477660740245 lifecam22 1711.98242188 4553.38085938 4.85266399384
1477660740297 lifecam20 1708.55932617 4552.5546875 4.85285949707
1477660740311 lifecam22 1705.15405273 4551.74755859 4.85261058807
1477660740360 lifecam20 1701.51098633 4550.75585938 4.85142707825
1477660740377 lifecam22 1698.30541992 4550.06298828 4.85374212265
1477660740449 lifecam22 1695.16601562 4548.97167969 4.85128259659
1477660740497 lifecam20 1688.45703125 4547.70507812 4.85356473923
1477660740511 lifecam22 1685.29089355 4547.31933594 4.85602903366
1477660740562 lifecam20 1682.05639648 4546.73779297 4.8576965332
1477660740578 lifecam22 1678.453125 4546.10595703 4.85830688477
1477660740621 lifecam20 1674.87609863 4545.64697266 4.85970449448
1477660740631 lifecam22 1671.64001465 4545.15332031 4.86256217957
1477660740707 lifecam22 1668.79614258 4544.5703125 4.86292934418
1477660740706 lifecam20 1665.35656738 4543.59912109 4.85949134827
1477660740775 lifecam20 1662.33728027 4542.79980469 4.86401176453
1477660740828 lifecam20 1658.99755859 4541.96777344 4.86100625992
1477660740840 lifecam22 1652.61560059 4540.13037109 4.8599486351
1477660740903 lifecam20 1649.13793945 4538.97265625 4.85961532593
1477660740905 lifecam22 1646.03369141 4537.92285156 4.86030626297
1477660740971 lifecam20 1642.91137695 4537.38476562 4.86220884323
1477660740973 lifecam22 1639.78161621 4536.33300781 4.86187028885
1477660741028 lifecam20 1636.54052734 4535.41210938 4.86004781723
1477660741038 lifecam22 1633.45507812 4534.97509766 4.86119127274
1477660741103 lifecam20 1630.1661377 4533.90820312 4.86360931396
1477660741104 lifecam22 1626.94006348 4532.73046875 4.86355209351
1477660741231 lifecam20 1620.11975098 4530.91113281 4.86125612259
1477660741241 lifecam22 1613.37341309 4528.69433594 4.85853004456
1477660741304 lifecam20 1610.38183594 4527.91503906 4.8601398468
1477660741308 lifecam22 1607.22119141 4527.01367188 4.85919857025
1477660741373 lifecam22 1604.18017578 4526.39306641 4.86273908615
1477660741373 lifecam20 1600.49829102 4525.51269531 4.86265563965
1477660741443 lifecam22 1597.06542969 4525.015625 4.86379289627
1477660741441 lifecam20 1593.51098633 4524.50244141 4.86505031586
1477660741497 lifecam20 1590.84753418 4524.0390625 4.8670706749
1477660741507 lifecam22 1588.32910156 4523.6640625 4.86905813217
1477660741641 lifecam22 1581.51538086 4522.00195312 4.86974382401
1477660741642 lifecam20 1574.61193848 4520.55859375 4.87098360062
1477660741700 lifecam20 1571.20556641 4519.92578125 4.87287950516
1477660741708 lifecam22 1568.18847656 4519.44677734 4.87514543533
1477660741772 lifecam20 1565.23400879 4518.69677734 4.87581777573
1477660741774 lifecam22 1561.97045898 4517.66796875 4.87574958801
1477660741843 lifecam22 1558.61291504 4517.04785156 4.87613344193
1477660741842 lifecam20 1555.06005859 4516.4765625 4.87653636932
1477660741895 lifecam20 1551.21777344 4515.39257812 4.87646341324
1477660741907 lifecam22 1547.63928223 4514.29589844 4.87634563446
1477660741974 lifecam22 1544.67749023 4513.42382812 4.87663555145
1477660741972 lifecam20 1541.44348145 4512.28320312 4.87628412247
1477660742037 lifecam20 1538.00085449 4511.34960938 4.8759303093
1477660742042 lifecam22 1534.00756836 4509.90625 4.8720035553
1477660742108 lifecam20 1530.26452637 4508.64941406 4.87079286575
1477660742110 lifecam22 1527.07397461 4507.55371094 4.87104988098
1477660742167 lifecam20 1523.48840332 4506.36621094 4.86964082718
1477660742172 lifecam22 1520.11486816 4505.375 4.87037849426
1477660742243 lifecam22 1517.01208496 4504.55859375 4.87088632584
1477660742243 lifecam20 1513.96826172 4504.06542969 4.87302970886
1477660742367 lifecam20 1507.17700195 4502.796875 4.8738656044
1477660742375 lifecam22 1500.46728516 4501.08691406 4.87106561661
1477660742439 lifecam20 1496.39099121 4499.87402344 4.86893415451
1477660742441 lifecam22 1492.93066406 4499.27246094 4.87063837051
1477660742510 lifecam22 1490.16894531 4498.33935547 4.87352705002
1477660742511 lifecam20 1487.56225586 4497.86230469 4.87850141525
1477660742566 lifecam20 1484.44030762 4497.37402344 4.87794446945
1477660742575 lifecam22 1481.49902344 4497.09179688 4.87862920761
1477660742639 lifecam20 1477.82556152 4495.70117188 4.87894296646
1477660742642 lifecam22 1474.23828125 4494.5 4.880464077
1477660742766 lifecam20 1467.48022461 4492.9765625 4.88170528412
1477660742779 lifecam22 1461.39013672 4491.65039062 4.88452720642
1477660742839 lifecam20 1458.17785645 4490.8203125 4.88552331924
1477660742843 lifecam22 1454.85717773 4489.71582031 4.88418102264
1477660742908 lifecam20 1451.2097168 4488.76171875 4.88260650635
1477660742910 lifecam22 1447.96484375 4488.0 4.88329362869
1477660742977 lifecam22 1444.51367188 4486.71679688 4.88244247437
1477660742976 lifecam20 1440.81896973 4485.53271484 4.88263559341
1477660743035 lifecam20 1437.9609375 4485.04882812 4.88264703751
1477660743044 lifecam22 1434.69519043 4484.18945312 4.88165712357
1477660743177 lifecam22 1428.17712402 4482.46582031 4.88306093216
1477660743177 lifecam20 1421.22753906 4480.80078125 4.88576698303
1477660743237 lifecam20 1417.34460449 4479.83691406 4.88502502441
1477660743243 lifecam22 1414.04931641 4479.20800781 4.88751316071
1477660743308 lifecam22 1410.8605957 4478.76123047 4.88934850693
1477660743308 lifecam20 1407.68896484 4477.96679688 4.89052152634
1477660743377 lifecam22 1404.27062988 4477.23486328 4.89098930359
1477660743376 lifecam20 1400.86682129 4476.77539062 4.89164590836
1477660743438 lifecam20 1397.5604248 4475.55322266 4.89190292358
1477660743443 lifecam22 1394.11938477 4473.81542969 4.88967704773
1477660743502 lifecam20 1390.20910645 4472.84472656 4.88954734802
1477660743512 lifecam22 1386.68066406 4472.17578125 4.88982105255
1477660743578 lifecam20 1383.38574219 4471.37890625 4.89046573639
1477660743579 lifecam22 1380.13415527 4470.4453125 4.89118480682
1477660743644 lifecam22 1376.80847168 4469.65771484 4.89289665222
1477660743644 lifecam20 1373.15600586 4468.515625 4.89179325104
1477660743700 lifecam20 1369.67675781 4467.69677734 4.89405727386
1477660743710 lifecam22 1366.0690918 4466.42773438 4.89231300354
1477660743777 lifecam22 1362.96630859 4465.41503906 4.89160346985
1477660743775 lifecam20 1359.43139648 4464.16455078 4.88828277588
1477660743904 lifecam20 1352.75097656 4462.31787109 4.89101743698
1477660743912 lifecam22 1346.39001465 4460.08886719 4.89132881165
1477660743976 lifecam22 1343.26147461 4459.2265625 4.89172077179
1477660743977 lifecam20 1339.88183594 4458.265625 4.89199924469
1477660744043 lifecam20 1336.43469238 4457.62695312 4.89340639114
1477660744044 lifecam22 1332.81152344 4457.06054688 4.89477300644
1477660744099 lifecam20 1329.43554688 4456.55566406 4.89611101151
1477660744111 lifecam22 1326.42700195 4455.94628906 4.89710617065
1477660744174 lifecam20 1323.01245117 4455.03710938 4.89813280106
1477660744176 lifecam22 1319.61047363 4453.92578125 4.89840984344
1477660744301 lifecam20 1312.97241211 4451.69921875 4.89785242081
1477660744314 lifecam22 1306.99865723 4450.06445312 4.90017414093
1477660744374 lifecam20 1303.60864258 4449.12597656 4.90026521683
1477660744378 lifecam22 1300.43774414 4447.62597656 4.89848041534
1477660744444 lifecam20 1297.44799805 4446.84960938 4.89834785461
1477660744446 lifecam22 1294.16503906 4446.18261719 4.89812660217
1477660744512 lifecam22 1291.11328125 4445.29492188 4.90243196487
1477660744512 lifecam20 1287.46801758 4443.98681641 4.90277051926
1477660744570 lifecam20 1284.43835449 4443.20507812 4.90262556076
1477660744579 lifecam22 1281.5246582 4442.29003906 4.90172863007
1477660744713 lifecam22 1274.98474121 4439.40527344 4.89760971069
1477660744713 lifecam20 1268.77001953 4437.02539062 4.89723110199
1477660744775 lifecam20 1265.16931152 4436.06982422 4.89766931534
1477660744781 lifecam22 1262.02026367 4435.69335938 4.90038013458
1477660744844 lifecam22 1258.76757812 4434.45751953 4.89953422546
1477660744845 lifecam20 1255.49938965 4433.76074219 4.90143966675
1477660744913 lifecam20 1252.65893555 4433.17675781 4.90339660645
1477660744914 lifecam22 1249.75878906 4432.29980469 4.90353965759
1477660744968 lifecam20 1245.6809082 4431.28515625 4.90325593948
1477660744978 lifecam22 1242.11450195 4430.76171875 4.90703105927
1477660745046 lifecam20 1238.89550781 4430.22412109 4.90768671036
1477660745051 lifecam22 1236.10107422 4429.71289062 4.90863466263
1477660745113 lifecam22 1232.78417969 4429.0 4.91041183472
1477660745114 lifecam20 1229.63757324 4428.20410156 4.9120850563
1477660745179 lifecam22 1226.21606445 4426.81982422 4.91109609604
1477660745181 lifecam20 1222.54638672 4425.39355469 4.91077566147
1477660745236 lifecam20 1219.32653809 4424.41894531 4.91042041779
1477660745246 lifecam22 1216.43359375 4423.70898438 4.91374635696
1477660745312 lifecam22 1212.75390625 4422.37695312 4.91160058975
1477660745313 lifecam20 1209.21435547 4421.42773438 4.91194009781
1477660745436 lifecam20 1202.37243652 4419.58789062 4.91291046143
1477660745447 lifecam22 1196.0 4417.70019531 4.91333723068
1477660745511 lifecam22 1192.87561035 4416.56298828 4.91374015808
1477660745512 lifecam20 1189.70019531 4415.24609375 4.91359758377
1477660745578 lifecam20 1185.59423828 4413.85742188 4.91144752502
1477660745580 lifecam22 1182.25268555 4412.44140625 4.90953922272
1477660745638 lifecam20 1179.28759766 4411.59423828 4.91087627411
1477660745647 lifecam22 1176.25317383 4410.41503906 4.91043901443
1477660745711 lifecam22 1173.24194336 4409.65722656 4.91263866425
1477660745712 lifecam20 1170.29492188 4408.64746094 4.91500425339
1477660745836 lifecam20 1163.31738281 4406.67871094 4.9133067131
1477660745849 lifecam22 1156.32080078 4404.71289062 4.91297674179
1477660745904 lifecam20 1152.45483398 4403.79785156 4.91394376755
1477660745916 lifecam22 1149.31091309 4402.97753906 4.91519117355
1477660745979 lifecam22 1145.96777344 4401.7734375 4.91372537613
1477660745981 lifecam20 1142.87536621 4400.95117188 4.91457986832
1477660746047 lifecam22 1140.10791016 4399.93652344 4.91632890701
1477660746048 lifecam20 1136.94726562 4398.69238281 4.9154176712
1477660746103 lifecam20 1133.65783691 4397.99804688 4.91737270355
1477660746115 lifecam22 1130.38476562 4397.10009766 4.91802024841
1477660746250 lifecam22 1124.3416748 4395.08447266 4.92001676559
1477660746249 lifecam20 1118.19836426 4393.11328125 4.92265892029
1477660746305 lifecam20 1114.83129883 4392.34423828 4.92204713821
1477660746318 lifecam22 1111.85339355 4391.65332031 4.92314243317
1477660746379 lifecam20 1108.98034668 4390.35253906 4.92398691177
1477660746381 lifecam22 1106.01867676 4389.03222656 4.92254447937
1477660746450 lifecam22 1102.85205078 4388.12207031 4.92300271988
1477660746450 lifecam20 1099.39868164 4387.15917969 4.92340612411
1477660746507 lifecam20 1096.05249023 4385.89257812 4.92296409607
1477660746514 lifecam22 1092.84655762 4384.57226562 4.9227771759
1477660746590 lifecam22 1089.64538574 4383.45214844 4.92165517807
1477660746648 lifecam22 1086.44934082 4382.28515625 4.92169141769
1477660746648 lifecam20 1079.42956543 4379.89501953 4.9199681282
1477660746714 lifecam20 1076.03027344 4379.10546875 4.92174768448
1477660746715 lifecam22 1072.71850586 4378.27636719 4.92496585846
1477660746774 lifecam20 1069.46960449 4377.22216797 4.92469453812
1477660746782 lifecam22 1066.44873047 4376.34472656 4.92414999008
1477660746847 lifecam22 1062.97399902 4375.39599609 4.92443609238
1477660746847 lifecam20 1059.63427734 4374.71582031 4.92503499985
1477660746971 lifecam20 1053.20117188 4372.38085938 4.92505025864
1477660746983 lifecam22 1047.17700195 4370.21777344 4.92523527145
1477660747049 lifecam22 1043.74389648 4369.05175781 4.92622089386
1477660747049 lifecam20 1040.22460938 4367.89648438 4.92636680603
1477660747114 lifecam20 1036.7064209 4367.01367188 4.92709922791
1477660747115 lifecam22 1034.04833984 4366.53173828 4.93033981323
1477660747173 lifecam20 1030.66723633 4365.61083984 4.93212032318
1477660747182 lifecam22 1026.99023438 4364.13671875 4.92929887772
1477660747231 lifecam20 1024.08666992 4363.07226562 4.93046808243
1477660747240 lifecam22 1020.92895508 4362.05859375 4.93229913712
1477660747372 lifecam20 1014.0791626 4359.87060547 4.93360948563
1477660747386 lifecam22 1007.97320557 4357.45605469 4.93399810791
1477660747441 lifecam20 1004.82519531 4356.20507812 4.93285512924
1477660747452 lifecam22 1000.9954834 4354.67480469 4.92920923233
1477660747516 lifecam22 998.021972656 4353.96289062 4.93170785904
1477660747516 lifecam20 994.25012207 4352.83203125 4.93254756927
1477660747583 lifecam22 991.286987305 4351.96044922 4.93365764618
1477660747583 lifecam20 987.915039062 4350.86621094 4.93254137039
1477660747639 lifecam20 984.898620605 4350.28808594 4.93373346329
1477660747651 lifecam22 981.504089355 4349.08886719 4.93301486969
1477660747784 lifecam20 975.043701172 4346.71679688 4.934217453
1477660747786 lifecam22 969.258544922 4344.72998047 4.93809700012
1477660747840 lifecam20 966.210327148 4343.81005859 4.93695783615
1477660747850 lifecam22 963.060913086 4342.94335938 4.93443489075
1477660747915 lifecam22 960.010375977 4341.89160156 4.9375872612
1477660747915 lifecam20 956.631591797 4340.48046875 4.93776226044
1477660747982 lifecam20 953.426635742 4339.76757812 4.9387087822
1477660747982 lifecam22 950.484375 4338.609375 4.93782329559
1477660748042 lifecam20 946.85345459 4337.33789062 4.93923521042
1477660748050 lifecam22 943.668945312 4336.25048828 4.94020748138
1477660748109 lifecam20 940.539550781 4334.81152344 4.93850564957
1477660748118 lifecam22 937.430358887 4333.14208984 4.935962677
1477660748185 lifecam20 933.93371582 4331.86962891 4.93562936783
1477660748186 lifecam22 930.843261719 4331.28710938 4.93857955933
1477660748251 lifecam22 927.45324707 4329.42773438 4.93509340286
1477660748252 lifecam20 924.003234863 4327.98095703 4.93410253525
1477660748299 lifecam20 921.065307617 4327.109375 4.9337682724
1477660748312 lifecam22 918.259643555 4326.31298828 4.93611955643
1477660748386 lifecam22 915.136962891 4325.53515625 4.93760728836
1477660748386 lifecam20 911.42578125 4324.54199219 4.93994283676
1477660748513 lifecam20 904.474731445 4322.26025391 4.93895339966
1477660748518 lifecam22 897.99609375 4320.48730469 4.94218921661
1477660748582 lifecam20 895.379760742 4320.04101562 4.94610500336
1477660748582 lifecam22 892.243896484 4318.85546875 4.9449057579
1477660748651 lifecam22 888.840576172 4317.70800781 4.94383621216
1477660748651 lifecam20 885.726379395 4317.03222656 4.94650506973
1477660748707 lifecam20 882.188049316 4315.60742188 4.94607830048
1477660748718 lifecam22 879.208984375 4314.4765625 4.94775104523
1477660748783 lifecam20 876.275390625 4313.53515625 4.94953727722
1477660748786 lifecam22 873.405029297 4312.5703125 4.95107507706
1477660748922 lifecam22 866.617919922 4310.2578125 4.95121049881
1477660748923 lifecam20 859.338134766 4307.92382812 4.95120096207
1477660748979 lifecam20 856.243774414 4306.66113281 4.95211982727
1477660748987 lifecam22 853.197387695 4305.17382812 4.9521188736
1477660749052 lifecam22 849.489135742 4303.81738281 4.95015764236
1477660749051 lifecam20 846.241088867 4302.72753906 4.94930505753
1477660749109 lifecam20 842.616394043 4300.89453125 4.9487953186
1477660749124 lifecam22 839.622802734 4299.27294922 4.94773626328
1477660749174 lifecam20 838.010620117 4299.13574219 4.94806289673
1477660749194 lifecam22 837.334106445 4299.49023438 4.95158624649
1477660749248 lifecam20 838.660827637 4299.51171875 4.94978189468
1477660749259 lifecam22 839.810546875 4299.71240234 4.94862794876
1477660749310 lifecam20 838.778198242 4299.31738281 4.94818878174
1477660749324 lifecam22 837.928344727 4298.88671875 4.947722435
1477660749373 lifecam20 838.602905273 4299.49511719 4.95079755783
1477660749391 lifecam22 839.191650391 4299.95410156 4.95261001587
1477660749441 lifecam20 838.669433594 4299.68457031 4.95075654984
1477660749453 lifecam22 838.42956543 4299.41015625 4.94931697845
1477660749512 lifecam20 839.132080078 4299.72460938 4.95123672485
1477660749525 lifecam22 839.230102539 4299.77636719 4.95095729828
1477660749642 lifecam20 838.883666992 4299.47119141 4.9494509697
1477660749661 lifecam22 838.857910156 4299.44628906 4.94981575012
1477660749709 lifecam20 839.016296387 4299.68554688 4.95168972015
1477660749727 lifecam22 839.016296387 4299.68554688 4.95168972015
