1477663396895 lifecam22 3374.67089844 4773.44824219 4.6769490242
1477663396959 lifecam22 3374.42651367 4773.40917969 4.67693567276
1477663397029 lifecam22 3374.13647461 4773.38183594 4.67654085159
1477663397095 lifecam22 3374.42651367 4773.40917969 4.67693567276
1477663397159 lifecam22 3374.64599609 4773.30175781 4.67558097839
1477663397231 lifecam22 3374.4284668 4773.25488281 4.67253255844
1477663397295 lifecam22 3374.67089844 4773.44824219 4.6769490242
1477663397362 lifecam22 3374.49853516 4773.59619141 4.67869710922
1477663397441 lifecam22 3374.42651367 4773.40917969 4.67693567276
1477663397495 lifecam22 3374.67089844 4773.44824219 4.6769490242
1477663397563 lifecam22 3374.47241211 4773.43505859 4.67849397659
1477663397627 lifecam22 3374.47241211 4773.43505859 4.67849397659
1477663397697 lifecam22 3374.42651367 4773.40917969 4.67693567276
1477663397827 lifecam22 3374.71948242 4773.61474609 4.67851495743
1477663397900 lifecam22 3374.49853516 4773.59619141 4.67869710922
1477663397965 lifecam22 3374.49853516 4773.59619141 4.67869710922
1477663398027 lifecam22 3374.49853516 4773.59619141 4.67869710922
1477663398098 lifecam22 3374.42651367 4773.40917969 4.67693567276
1477663398166 lifecam22 3374.42651367 4773.40917969 4.67693567276
1477663398230 lifecam22 3374.71948242 4773.61474609 4.67851495743
1477663398295 lifecam22 3374.67089844 4773.44824219 4.6769490242
1477663398364 lifecam22 3374.40820312 4773.34960938 4.67468738556
1477663398431 lifecam22 3374.67089844 4773.44824219 4.6769490242
1477663398567 lifecam22 3374.22998047 4773.80078125 4.67424440384
1477663398630 lifecam22 3374.73144531 4775.97119141 4.67742824554
1477663398695 lifecam22 3375.66625977 4775.91748047 4.68680906296
1477663398766 lifecam22 3375.17431641 4776.39648438 4.69250869751
1477663398831 lifecam22 3376.07495117 4775.87939453 4.69040441513
1477663398898 lifecam22 3376.15332031 4776.58056641 4.69680213928
1477663398966 lifecam22 3373.34667969 4777.75341797 4.70321989059
1477663399034 lifecam22 3362.0847168 4775.8828125 4.69169569016
1477663399100 lifecam22 3355.32397461 4775.56005859 4.68883657455
1477663399163 lifecam22 3351.32104492 4775.91455078 4.69527053833
1477663399299 lifecam22 3336.98681641 4775.44873047 4.69343233109
1477663399366 lifecam22 3329.69458008 4774.17431641 4.6871881485
1477663399435 lifecam22 3322.4362793 4772.55810547 4.68489646912
1477663399499 lifecam22 3315.43334961 4772.41552734 4.68487358093
1477663399567 lifecam22 3309.10107422 4772.03515625 4.69080543518
1477663399634 lifecam22 3302.7890625 4772.08642578 4.69695138931
1477663399700 lifecam22 3296.34814453 4772.15087891 4.70196723938
1477663399765 lifecam22 3289.34790039 4772.15136719 4.70197105408
1477663399833 lifecam22 3282.34814453 4772.15136719 4.70197105408
1477663399898 lifecam22 3275.49609375 4772.15917969 4.70330429077
1477663399978 lifecam22 3268.92358398 4772.30615234 4.70837879181
1477663400032 lifecam22 3263.61962891 4771.81933594 4.70171689987
1477663400102 lifecam22 3256.28979492 4770.10058594 4.69613409042
1477663400166 lifecam22 3250.96386719 4771.84912109 4.70640039444
1477663400234 lifecam22 3243.37182617 4769.90234375 4.69877004623
1477663400368 lifecam22 3231.37841797 4769.87255859 4.69993877411
1477663400434 lifecam22 3224.66210938 4769.5703125 4.6997961998
1477663400501 lifecam22 3218.81665039 4769.52392578 4.69968318939
1477663400567 lifecam22 3211.71264648 4769.56005859 4.70123004913
1477663400633 lifecam22 3204.75341797 4768.35888672 4.69663381577
1477663400710 lifecam22 3198.09741211 4768.515625 4.69971561432
1477663400768 lifecam22 3190.69262695 4767.60644531 4.69609022141
1477663400835 lifecam22 3184.81079102 4767.89599609 4.70614433289
1477663400901 lifecam22 3177.49560547 4765.15917969 4.70329999924
1477663400971 lifecam22 3170.66503906 4765.18847656 4.70482587814
1477663401103 lifecam22 3157.55395508 4765.52783203 4.71288061142
1477663401167 lifecam22 3150.4140625 4765.52783203 4.71288061142
1477663401235 lifecam22 3143.55395508 4765.52783203 4.71288061142
1477663401302 lifecam22 3136.4140625 4765.52783203 4.71288156509
1477663401367 lifecam22 3129.4140625 4765.52783203 4.71288013458
1477663401438 lifecam22 3122.55395508 4765.52783203 4.71288013458
1477663401501 lifecam22 3114.48632812 4763.61083984 4.70321989059
1477663401567 lifecam22 3108.59936523 4764.515625 4.71031093597
1477663401636 lifecam22 3100.79638672 4763.01171875 4.7030377388
1477663401701 lifecam22 3097.2565918 4764.13232422 4.7215681076
1477663401838 lifecam22 3087.81738281 4763.75390625 4.74804878235
1477663401905 lifecam22 3081.69018555 4763.21484375 4.74325942993
1477663401970 lifecam22 3073.60083008 4760.09619141 4.72769784927
1477663402034 lifecam22 3066.70629883 4759.37988281 4.72095537186
1477663402104 lifecam22 3059.72802734 4758.99316406 4.7172999382
1477663402170 lifecam22 3052.73486328 4758.95947266 4.71698188782
1477663402234 lifecam22 3045.55395508 4758.52783203 4.71287965775
1477663402305 lifecam22 3038.55371094 4758.52783203 4.71287822723
1477663402368 lifecam22 3031.96337891 4758.77001953 4.71518325806
1477663402434 lifecam22 3023.90112305 4756.390625 4.70695781708
1477663402515 lifecam22 3019.43945312 4759.17675781 4.72343969345
1477663402571 lifecam22 3012.76318359 4757.16650391 4.72455692291
1477663402638 lifecam22 3006.10473633 4755.64160156 4.72891521454
1477663402704 lifecam22 3001.45898438 4756.65527344 4.74424552917
1477663402771 lifecam22 2994.49584961 4756.34375 4.74476385117
1477663402903 lifecam22 2980.1796875 4755.31933594 4.74131584167
1477663402972 lifecam22 2974.47705078 4754.58984375 4.74160051346
1477663403037 lifecam22 2967.0090332 4754.23632812 4.73832702637
1477663403102 lifecam22 2961.13696289 4754.69824219 4.74260234833
1477663403173 lifecam22 2954.66381836 4754.84082031 4.74802064896
1477663403243 lifecam22 2947.91845703 4754.65478516 4.74896621704
1477663403306 lifecam22 2941.15063477 4753.54882812 4.74933719635
1477663403371 lifecam22 2934.3984375 4752.14160156 4.75195884705
1477663403438 lifecam22 2928.14794922 4750.11474609 4.74730873108
1477663403506 lifecam22 2921.13452148 4748.70654297 4.74097204208
1477663403638 lifecam22 2907.93164062 4748.24365234 4.73993968964
1477663403704 lifecam22 2899.38452148 4746.58740234 4.73124551773
1477663403769 lifecam22 2893.63208008 4746.55078125 4.73194980621
1477663403838 lifecam22 2887.48022461 4746.82373047 4.73861169815
1477663403906 lifecam22 2880.94091797 4746.69140625 4.74140453339
1477663403972 lifecam22 2875.63647461 4746.02392578 4.75337600708
1477663404038 lifecam22 2869.43676758 4745.17431641 4.75510406494
1477663404106 lifecam22 2862.06884766 4743.62646484 4.75240468979
1477663404172 lifecam22 2854.84741211 4743.09277344 4.75013923645
1477663404237 lifecam22 2849.82983398 4743.51806641 4.7563829422
1477663404315 lifecam22 2842.77270508 4743.34130859 4.75601053238
1477663404374 lifecam22 2835.91186523 4742.73925781 4.75525522232
1477663404440 lifecam22 2829.08398438 4741.93652344 4.75126457214
1477663404508 lifecam22 2822.12084961 4741.56396484 4.75339603424
1477663404573 lifecam22 2815.68725586 4741.39941406 4.75359773636
1477663404641 lifecam22 2809.33813477 4741.52246094 4.76405763626
1477663404708 lifecam22 2803.79248047 4739.39599609 4.76646852493
1477663404776 lifecam22 2797.05053711 4738.63769531 4.76585197449
1477663404841 lifecam22 2789.49804688 4736.51464844 4.75445985794
1477663404910 lifecam22 2781.6706543 4735.09814453 4.74665594101
1477663404975 lifecam22 2775.02099609 4735.30517578 4.74845218658
1477663405046 lifecam22 2768.66943359 4734.85888672 4.7504324913
1477663405106 lifecam22 2761.45629883 4734.86962891 4.75199651718
1477663405174 lifecam22 2754.73657227 4734.36035156 4.75081062317
1477663405239 lifecam22 2749.64111328 4733.68017578 4.76616477966
1477663405307 lifecam22 2743.75683594 4733.87011719 4.76864051819
1477663405440 lifecam22 2729.73999023 4730.97021484 4.76182460785
1477663405505 lifecam22 2722.32373047 4729.76904297 4.75615882874
1477663405575 lifecam22 2715.28027344 4728.29736328 4.75456666946
1477663405641 lifecam22 2710.69287109 4729.33203125 4.76692056656
1477663405710 lifecam22 2702.70361328 4727.18603516 4.76669025421
1477663405775 lifecam22 2699.51513672 4728.55664062 4.78149700165
1477663405842 lifecam22 2691.03271484 4727.1875 4.77688312531
1477663405906 lifecam22 2685.03466797 4726.53027344 4.78041648865
1477663405973 lifecam22 2678.32495117 4726.56591797 4.780605793
1477663406041 lifecam22 2670.94384766 4725.39306641 4.77632951736
1477663406111 lifecam22 2664.97924805 4725.35595703 4.77958631516
1477663406175 lifecam22 2657.26196289 4723.96386719 4.77363491058
1477663406242 lifecam22 2651.13183594 4723.42529297 4.77807617188
1477663406310 lifecam22 2645.0690918 4723.35400391 4.78516197205
1477663406376 lifecam22 2638.10253906 4722.23632812 4.78464746475
1477663406510 lifecam22 2623.64355469 4719.00097656 4.77597904205
1477663406577 lifecam22 2617.16137695 4717.39648438 4.77074670792
1477663406641 lifecam22 2609.90356445 4716.59277344 4.77183008194
1477663406712 lifecam22 2603.41015625 4715.72363281 4.7723903656
1477663406777 lifecam22 2596.546875 4715.22949219 4.77611875534
1477663406842 lifecam22 2590.33935547 4714.65917969 4.7765173912
1477663406910 lifecam22 2583.21923828 4714.18505859 4.77912139893
1477663406975 lifecam22 2576.58544922 4712.24560547 4.77389574051
1477663407043 lifecam22 2570.15942383 4711.61425781 4.77455949783
1477663407111 lifecam22 2563.86132812 4711.19433594 4.77953767776
1477663407245 lifecam22 2552.00610352 4710.56347656 4.79262781143
1477663407310 lifecam22 2546.21020508 4710.04150391 4.797082901
1477663407380 lifecam22 2539.50390625 4709.20166016 4.79523420334
1477663407444 lifecam22 2532.17651367 4707.25048828 4.79093122482
1477663407510 lifecam22 2525.68896484 4705.89160156 4.78705310822
1477663407580 lifecam22 2518.97680664 4705.51953125 4.79071712494
1477663407644 lifecam22 2512.68505859 4704.96191406 4.79166269302
1477663407709 lifecam22 2506.39208984 4704.29394531 4.79489278793
1477663407779 lifecam22 2499.93920898 4703.72412109 4.7979631424
1477663407845 lifecam22 2492.9050293 4702.17773438 4.79227352142
1477663407919 lifecam22 2485.73144531 4700.25341797 4.78790044785
1477663407978 lifecam22 2479.45043945 4700.19921875 4.79152059555
1477663408046 lifecam22 2472.16113281 4699.02050781 4.79202890396
1477663408113 lifecam22 2466.14599609 4698.27099609 4.79395675659
1477663408179 lifecam22 2459.48681641 4697.52929688 4.79645061493
1477663408311 lifecam22 2445.86645508 4695.25488281 4.79740142822
1477663408378 lifecam22 2438.79614258 4693.88183594 4.79568052292
1477663408444 lifecam22 2433.27294922 4692.97607422 4.80080413818
1477663408515 lifecam22 2426.66113281 4692.57177734 4.80161190033
1477663408580 lifecam22 2420.00708008 4692.06347656 4.8051738739
1477663408646 lifecam22 2413.23461914 4691.17529297 4.80546331406
1477663408713 lifecam22 2406.49609375 4690.1015625 4.80319881439
1477663408779 lifecam22 2400.37475586 4688.94189453 4.80642986298
1477663408845 lifecam22 2394.52172852 4687.82763672 4.81056690216
1477663408914 lifecam22 2387.93139648 4687.16943359 4.80854082108
1477663409046 lifecam22 2375.0324707 4684.55908203 4.80662441254
1477663409115 lifecam22 2367.75463867 4682.59716797 4.80354547501
1477663409179 lifecam22 2361.04125977 4681.45751953 4.80283689499
1477663409247 lifecam22 2354.66918945 4680.03857422 4.8060092926
1477663409313 lifecam22 2347.53393555 4679.03808594 4.80543851852
1477663409381 lifecam22 2341.40722656 4678.43457031 4.80743503571
1477663409448 lifecam22 2334.10668945 4677.93408203 4.80790376663
1477663409512 lifecam22 2327.62255859 4677.24560547 4.80868816376
1477663409584 lifecam22 2320.84326172 4676.45263672 4.81064462662
1477663409647 lifecam22 2314.90429688 4675.47216797 4.81569385529
1477663409721 lifecam22 2308.82202148 4675.13232422 4.82317113876
1477663409788 lifecam22 2302.25512695 4673.40917969 4.82082939148
1477663409853 lifecam22 2295.75952148 4672.95996094 4.82211923599
1477663409920 lifecam22 2287.64379883 4671.19384766 4.81648540497
1477663409989 lifecam22 2282.88500977 4670.49121094 4.8250336647
1477663410055 lifecam22 2275.92358398 4668.63525391 4.82460594177
1477663410123 lifecam22 2269.48706055 4667.17871094 4.8247013092
1477663410187 lifecam22 2262.97363281 4665.95703125 4.82262372971
1477663410252 lifecam22 2255.95166016 4664.42675781 4.81807231903
1477663410320 lifecam22 2249.47167969 4664.21240234 4.82416915894
1477663410398 lifecam22 2243.1784668 4663.27441406 4.82450342178
1477663410453 lifecam22 2235.97021484 4661.56640625 4.82211112976
1477663410517 lifecam22 2230.00976562 4660.45507812 4.82619571686
1477663410583 lifecam22 2223.07739258 4659.8046875 4.82490205765
1477663410648 lifecam22 2216.68652344 4658.10742188 4.82322645187
1477663410784 lifecam22 2204.09741211 4656.13085938 4.82883644104
1477663410848 lifecam22 2198.13989258 4654.27392578 4.83033132553
1477663410918 lifecam22 2191.7512207 4653.72119141 4.83056640625
1477663410983 lifecam22 2184.40649414 4652.15234375 4.82949829102
1477663411051 lifecam22 2178.25878906 4651.14697266 4.83033370972
1477663411119 lifecam22 2171.63623047 4649.98144531 4.83345556259
1477663411183 lifecam22 2165.01879883 4648.68603516 4.83424520493
1477663411249 lifecam22 2159.07470703 4648.3125 4.83580493927
1477663411317 lifecam22 2151.97583008 4647.03271484 4.83484601974
1477663411382 lifecam22 2145.33325195 4646.32617188 4.83642101288
1477663411520 lifecam22 2131.984375 4643.00830078 4.83727025986
1477663411585 lifecam22 2125.40356445 4642.16894531 4.83866977692
1477663411652 lifecam22 2118.08984375 4640.42041016 4.83513021469
1477663411718 lifecam22 2111.66162109 4639.484375 4.83848333359
1477663411784 lifecam22 2105.34887695 4638.09375 4.84022378922
1477663411852 lifecam22 2098.81103516 4636.89892578 4.84423017502
1477663411915 lifecam22 2092.35986328 4635.06933594 4.84221982956
1477663411988 lifecam22 2085.4309082 4634.06591797 4.83906555176
1477663412050 lifecam22 2078.95288086 4633.31640625 4.84356880188
1477663412115 lifecam22 2072.76269531 4632.81884766 4.84872817993
1477663412250 lifecam22 2060.06933594 4629.52832031 4.84739732742
1477663412316 lifecam22 2052.89794922 4627.88427734 4.84308624268
1477663412386 lifecam22 2046.22412109 4626.20410156 4.84625911713
1477663412452 lifecam22 2039.85083008 4625.67822266 4.84886026382
1477663412519 lifecam22 2033.80541992 4624.23583984 4.84943199158
1477663412655 lifecam22 2020.9543457 4621.25390625 4.84793424606
1477663412720 lifecam22 2014.30737305 4619.25634766 4.84997797012
1477663412784 lifecam22 2008.05761719 4618.671875 4.85061502457
1477663412853 lifecam22 2001.30175781 4617.54101562 4.85276412964
1477663412922 lifecam22 1994.65161133 4616.29443359 4.85303640366
1477663412986 lifecam22 1987.75537109 4614.80810547 4.85216379166
1477663413056 lifecam22 1982.3605957 4614.92089844 4.86087703705
1477663413120 lifecam22 1975.83374023 4613.96582031 4.86366462708
1477663413186 lifecam22 1969.31481934 4611.80810547 4.86104202271
1477663413320 lifecam22 1955.41149902 4608.27490234 4.85586357117
1477663413388 lifecam22 1949.08508301 4607.66943359 4.86259078979
1477663413452 lifecam22 1942.23950195 4606.57373047 4.86545991898
1477663413509 lifecam20 1872.76635742 4600.21289062 4.82086420059
1477663413520 lifecam22 1869.50488281 4599.06152344 4.81822490692
1477663413573 lifecam20 1865.60302734 4598.85058594 4.81760311127
1477663413589 lifecam22 1861.75427246 4597.66601562 4.81691217422
1477663413652 lifecam22 1858.60180664 4597.01367188 4.81678009033
1477663413708 lifecam20 1851.86669922 4596.46289062 4.81809425354
1477663413719 lifecam22 1848.81640625 4595.84667969 4.81938076019
1477663413774 lifecam20 1845.30493164 4595.77636719 4.81883192062
1477663413789 lifecam22 1841.92346191 4595.26464844 4.8191447258
1477663413841 lifecam20 1838.46130371 4595.19238281 4.82176971436
1477663413857 lifecam22 1834.9407959 4594.57177734 4.8212389946
1477663413908 lifecam20 1831.90722656 4594.91113281 4.8269982338
1477663413920 lifecam22 1828.33520508 4594.27636719 4.82791280746
1477663413990 lifecam20 1825.19824219 4594.24511719 4.83018350601
1477663413994 lifecam22 1822.21313477 4593.38476562 4.83042240143
1477663414040 lifecam20 1819.50500488 4593.2421875 4.83493995667
1477663414054 lifecam22 1816.7722168 4592.65625 4.83674716949
1477663414108 lifecam20 1813.54089355 4592.77832031 4.8399014473
1477663414120 lifecam22 1810.3059082 4592.14160156 4.84148168564
1477663414179 lifecam20 1807.34643555 4592.47460938 4.84585571289
1477663414188 lifecam22 1804.08032227 4592.29296875 4.84623575211
1477663414240 lifecam20 1801.11474609 4592.05957031 4.85062503815
1477663414254 lifecam22 1798.21557617 4591.02978516 4.85404348373
1477663414376 lifecam20 1792.0222168 4591.09472656 4.86147642136
1477663414387 lifecam22 1785.34777832 4589.34033203 4.85870027542
1477663414440 lifecam20 1782.36499023 4589.3046875 4.86235761642
1477663414457 lifecam22 1779.02478027 4588.44140625 4.86192321777
1477663414508 lifecam20 1775.86010742 4588.31835938 4.86500549316
1477663414526 lifecam22 1772.83996582 4587.42773438 4.86612558365
1477663414576 lifecam20 1769.54296875 4586.88964844 4.86632633209
1477663414587 lifecam22 1766.05908203 4586.16992188 4.86550140381
1477663414647 lifecam20 1762.96484375 4586.01806641 4.86820697784
1477663414655 lifecam22 1759.97436523 4585.62792969 4.87027978897
1477663414708 lifecam20 1755.9753418 4584.32714844 4.86815261841
1477663414724 lifecam22 1752.04760742 4583.28955078 4.86578464508
1477663414776 lifecam20 1748.77490234 4583.06445312 4.86686182022
1477663414788 lifecam22 1745.74267578 4582.82128906 4.8688211441
1477663414852 lifecam20 1742.30969238 4582.18359375 4.86959171295
1477663414858 lifecam22 1738.9597168 4581.55712891 4.87150716782
1477663414910 lifecam20 1735.98803711 4580.88378906 4.87196063995
1477663414924 lifecam22 1733.11572266 4579.9140625 4.87136030197
1477663414981 lifecam20 1729.6171875 4579.50585938 4.87319326401
1477663414989 lifecam22 1726.13476562 4578.9140625 4.87399530411
1477663415109 lifecam20 1719.32995605 4577.4921875 4.87420940399
1477663415122 lifecam22 1712.69360352 4576.09082031 4.87500810623
1477663415176 lifecam20 1709.01733398 4575.43652344 4.87604427338
1477663415188 lifecam22 1705.81616211 4574.98339844 4.8784942627
1477663415244 lifecam20 1702.68334961 4574.34765625 4.879966259
1477663415259 lifecam22 1699.65820312 4573.17333984 4.87901163101
1477663415314 lifecam20 1696.17724609 4572.22460938 4.87857818604
1477663415323 lifecam22 1692.72045898 4571.27197266 4.87742900848
1477663415376 lifecam20 1689.16210938 4570.19921875 4.87575674057
1477663415391 lifecam22 1685.99389648 4569.38476562 4.8759431839
1477663415445 lifecam20 1682.41687012 4568.41113281 4.87614917755
1477663415456 lifecam22 1679.24682617 4567.99023438 4.87987995148
1477663415514 lifecam20 1676.125 4567.36914062 4.88006401062
1477663415523 lifecam22 1672.48449707 4566.14746094 4.87538909912
1477663415576 lifecam20 1669.08227539 4565.72558594 4.87729740143
1477663415589 lifecam22 1666.01281738 4565.34033203 4.87970733643
1477663415644 lifecam20 1662.52758789 4564.41796875 4.87913370132
1477663415655 lifecam22 1658.9597168 4563.26660156 4.87734556198
1477663415712 lifecam20 1655.57995605 4562.66699219 4.87780666351
1477663415723 lifecam22 1652.58691406 4562.27441406 4.88047838211
1477663415848 lifecam20 1645.90307617 4560.48632812 4.87992811203
1477663415857 lifecam22 1639.59863281 4558.42089844 4.8780837059
1477663415915 lifecam20 1636.40930176 4557.65429688 4.88072156906
1477663415926 lifecam22 1633.40454102 4557.13574219 4.88393497467
1477663415976 lifecam20 1630.34936523 4556.30664062 4.88405036926
1477663415993 lifecam22 1626.88305664 4555.109375 4.88352203369
1477663416045 lifecam20 1623.74475098 4554.62207031 4.88404941559
1477663416059 lifecam22 1620.44335938 4554.27685547 4.8852558136
1477663416112 lifecam20 1616.46948242 4552.95605469 4.88552188873
1477663416124 lifecam22 1613.06506348 4551.62988281 4.88422966003
1477663416186 lifecam20 1610.56518555 4551.12451172 4.88434553146
1477663416195 lifecam22 1608.49487305 4550.65966797 4.88748979568
1477663416243 lifecam20 1604.97216797 4549.75683594 4.88792943954
1477663416257 lifecam22 1601.41052246 4548.92041016 4.88777923584
1477663416326 lifecam22 1598.20080566 4547.90917969 4.88561296463
1477663416386 lifecam20 1591.51708984 4546.33984375 4.88579702377
1477663416395 lifecam22 1588.15136719 4545.65087891 4.886054039
1477663416446 lifecam20 1584.79956055 4545.13134766 4.8883023262
1477663416461 lifecam22 1581.69750977 4544.55761719 4.89215517044
1477663416517 lifecam20 1578.55810547 4544.29248047 4.89412498474
1477663416580 lifecam20 1574.95446777 4543.41601562 4.89337587357
1477663416594 lifecam22 1568.39086914 4542.40332031 4.89482116699
1477663416644 lifecam20 1565.32824707 4541.78613281 4.89515399933
1477663416661 lifecam22 1562.37524414 4541.0625 4.89499473572
1477663416713 lifecam20 1558.84301758 4540.07519531 4.8954911232
1477663416728 lifecam22 1555.55834961 4539.30078125 4.89763593674
1477663416783 lifecam20 1552.23095703 4538.49560547 4.89775180817
1477663416792 lifecam22 1548.66967773 4536.95361328 4.89389753342
1477663416852 lifecam20 1545.359375 4536.48535156 4.89639616013
1477663416859 lifecam22 1541.61279297 4535.86230469 4.896276474
1477663416921 lifecam20 1537.68981934 4534.6640625 4.8939332962
1477663416929 lifecam22 1534.27978516 4533.86474609 4.89481830597
1477663416980 lifecam20 1530.79711914 4532.63769531 4.89395999908
1477663416990 lifecam22 1527.91259766 4531.68408203 4.8947892189
1477663417052 lifecam20 1524.70458984 4530.95605469 4.89593315125
1477663417060 lifecam22 1521.51599121 4529.87060547 4.89601707458
1477663417113 lifecam20 1518.10839844 4528.83007812 4.89617347717
1477663417126 lifecam22 1514.53076172 4527.95458984 4.89632320404
1477663417183 lifecam20 1511.06591797 4526.99023438 4.89634370804
1477663417192 lifecam22 1507.7364502 4526.078125 4.89680290222
1477663417312 lifecam20 1500.60876465 4524.58300781 4.8966255188
1477663417325 lifecam22 1494.31787109 4522.91992188 4.89753341675
1477663417379 lifecam20 1491.03125 4522.31933594 4.8977189064
1477663417393 lifecam22 1487.51403809 4521.96972656 4.89910840988
1477663417451 lifecam20 1483.73168945 4521.12646484 4.89957809448
1477663417461 lifecam22 1480.26928711 4520.41113281 4.90098142624
1477663417512 lifecam20 1477.39501953 4519.82714844 4.90358448029
1477663417528 lifecam22 1474.88427734 4518.99316406 4.90629053116
1477663417582 lifecam20 1471.48657227 4518.15332031 4.90564346313
1477663417595 lifecam22 1468.1784668 4517.79199219 4.90601968765
1477663417721 lifecam20 1461.46118164 4516.43457031 4.90856218338
1477663417728 lifecam22 1455.00927734 4514.50585938 4.90875720978
1477663417783 lifecam20 1451.59130859 4513.45068359 4.90895366669
1477663417795 lifecam22 1448.25439453 4512.4140625 4.90839195251
1477663417849 lifecam20 1445.04321289 4511.35058594 4.90874767303
1477663417862 lifecam22 1441.38256836 4509.89111328 4.90656375885
1477663417917 lifecam20 1438.00708008 4508.98730469 4.90478563309
1477663417930 lifecam22 1435.2980957 4508.39257812 4.90517807007
1477663417979 lifecam20 1431.37182617 4507.44873047 4.90697002411
1477663418048 lifecam20 1428.47058105 4506.66308594 4.90768384933
1477663418061 lifecam22 1421.73681641 4504.77197266 4.90840959549
1477663418116 lifecam20 1418.11950684 4503.58398438 4.90681219101
1477663418127 lifecam22 1414.70422363 4502.17871094 4.90467071533
1477663418180 lifecam20 1411.20898438 4501.52490234 4.90463733673
1477663418195 lifecam22 1407.88110352 4501.07617188 4.9064707756
1477663418251 lifecam20 1403.98779297 4500.13574219 4.90674448013
1477663418263 lifecam22 1400.79223633 4499.66162109 4.90983390808
1477663418317 lifecam20 1397.85864258 4499.41015625 4.91318225861
1477663418327 lifecam22 1394.4140625 4498.77832031 4.91366195679
1477663418448 lifecam20 1387.20141602 4496.80859375 4.91252756119
1477663418463 lifecam22 1380.70776367 4494.78027344 4.91294431686
1477663418517 lifecam20 1377.49267578 4494.14257812 4.91545057297
1477663418530 lifecam22 1374.20043945 4493.44140625 4.91653585434
1477663418587 lifecam20 1370.82275391 4492.75683594 4.91827964783
1477663418599 lifecam22 1367.15356445 4491.97851562 4.91911840439
1477663418647 lifecam20 1363.63635254 4490.95263672 4.91808700562
1477663418663 lifecam22 1360.26086426 4489.85791016 4.91782331467
1477663418716 lifecam20 1356.65942383 4488.90966797 4.9182267189
1477663418728 lifecam22 1353.6652832 4488.13378906 4.92023515701
1477663418785 lifecam20 1350.4074707 4487.24609375 4.92221832275
1477663418795 lifecam22 1346.63916016 4485.89404297 4.92005681992
1477663418847 lifecam20 1343.35620117 4484.80664062 4.91960096359
1477663418862 lifecam22 1340.02758789 4483.60302734 4.91904163361
1477663418915 lifecam20 1336.42211914 4482.51953125 4.91882896423
1477663418929 lifecam22 1333.6262207 4481.83496094 4.92105102539
1477663418984 lifecam20 1330.48583984 4481.13769531 4.92224407196
1477663418996 lifecam22 1327.42211914 4480.16210938 4.92168903351
1477663419047 lifecam20 1323.91845703 4479.24462891 4.92207384109
1477663419064 lifecam22 1320.38110352 4478.26708984 4.92168855667
1477663419184 lifecam20 1313.40563965 4476.27832031 4.92086935043
1477663419195 lifecam22 1307.07373047 4474.86425781 4.923350811
1477663419258 lifecam20 1303.87927246 4474.40283203 4.92506456375
1477663419264 lifecam22 1300.70861816 4473.26074219 4.92560625076
1477663419315 lifecam20 1297.04907227 4471.67089844 4.92268800735
1477663419329 lifecam22 1294.48217773 4471.08691406 4.92344236374
1477663419383 lifecam20 1291.37976074 4470.33398438 4.92549419403
1477663419394 lifecam22 1287.68579102 4468.77880859 4.92363929749
1477663419451 lifecam20 1284.43359375 4467.66210938 4.92244100571
1477663419465 lifecam22 1281.58044434 4467.17578125 4.9237279892
1477663419517 lifecam20 1278.35339355 4466.36230469 4.92582321167
1477663419531 lifecam22 1274.72436523 4465.00097656 4.92600870132
1477663419583 lifecam20 1271.21191406 4464.203125 4.92560815811
1477663419594 lifecam22 1268.42895508 4463.62597656 4.9280705452
1477663419651 lifecam20 1265.3067627 4462.38330078 4.92850494385
1477663419662 lifecam22 1262.19287109 4461.28417969 4.92721033096
1477663419716 lifecam20 1259.24182129 4460.671875 4.92851686478
1477663419729 lifecam22 1256.24401855 4459.54296875 4.92927360535
1477663419783 lifecam20 1252.45043945 4458.56933594 4.92997741699
1477663419796 lifecam22 1249.35449219 4458.06835938 4.93134784698
1477663419927 lifecam20 1243.08947754 4456.484375 4.93264484406
1477663419933 lifecam22 1236.8972168 4454.84667969 4.93463468552
1477663419984 lifecam20 1232.6262207 4453.54296875 4.93264007568
1477663419998 lifecam22 1229.07104492 4452.72070312 4.93373441696
1477663420056 lifecam20 1226.34216309 4452.15478516 4.93434619904
1477663420064 lifecam22 1223.45776367 4451.33691406 4.93421459198
1477663420121 lifecam20 1219.81958008 4450.50439453 4.93655109406
1477663420132 lifecam22 1216.48779297 4449.62890625 4.93795394897
1477663420184 lifecam20 1213.77636719 4448.67236328 4.93928861618
1477663420196 lifecam22 1210.18969727 4447.10693359 4.93665933609
1477663420251 lifecam20 1206.9453125 4446.49902344 4.93868255615
1477663420263 lifecam22 1203.76318359 4445.59765625 4.93888187408
1477663420319 lifecam20 1199.88427734 4443.94824219 4.93537092209
1477663420330 lifecam22 1196.61706543 4442.65429688 4.93512296677
1477663420383 lifecam20 1193.25537109 4441.69726562 4.93479061127
1477663420396 lifecam22 1189.91113281 4441.03125 4.93690347672
1477663420451 lifecam20 1186.59326172 4440.16015625 4.9385509491
1477663420464 lifecam22 1183.36828613 4438.86328125 4.93655633926
1477663420519 lifecam20 1180.18615723 4437.93652344 4.93848180771
1477663420530 lifecam22 1177.05712891 4437.11914062 4.94022226334
1477663420653 lifecam20 1170.13989258 4434.7890625 4.9386305809
1477663420666 lifecam22 1163.77978516 4432.23095703 4.93551158905
1477663420720 lifecam20 1160.24755859 4430.953125 4.93552207947
1477663420732 lifecam22 1157.1027832 4430.31738281 4.9414806366
1477663420788 lifecam20 1153.62573242 4429.37207031 4.94160890579
1477663420801 lifecam22 1150.33129883 4428.42871094 4.94011306763
1477663420851 lifecam20 1146.97912598 4427.72070312 4.94108772278
1477663420868 lifecam22 1143.87036133 4427.06152344 4.94236421585
1477663420919 lifecam20 1140.30651855 4426.2421875 4.94320106506
1477663420933 lifecam22 1136.97119141 4425.08691406 4.94296598434
1477663420989 lifecam20 1133.66589355 4424.45605469 4.94398498535
1477663421000 lifecam22 1130.6854248 4424.0234375 4.94635057449
1477663421054 lifecam20 1127.61071777 4422.51953125 4.94682741165
1477663421065 lifecam22 1124.55603027 4420.89306641 4.9459900856
1477663421119 lifecam20 1121.7175293 4420.89257812 4.94912147522
1477663421130 lifecam22 1118.34594727 4420.11572266 4.94912624359
1477663421187 lifecam20 1114.83569336 4418.35253906 4.94727039337
1477663421198 lifecam22 1111.95959473 4417.43408203 4.94839191437
1477663421252 lifecam20 1108.75292969 4416.48535156 4.95036649704
1477663421264 lifecam22 1105.01782227 4414.83300781 4.94892024994
1477663421391 lifecam20 1098.33129883 4412.53417969 4.9485039711
1477663421399 lifecam22 1092.52111816 4410.53808594 4.94932842255
1477663421459 lifecam20 1089.32629395 4409.42138672 4.94765949249
1477663421468 lifecam22 1086.51257324 4408.60009766 4.94857549667
1477663421519 lifecam20 1082.6171875 4407.25 4.94793653488
1477663421533 lifecam22 1079.04443359 4405.79980469 4.94560432434
1477663421587 lifecam20 1076.10644531 4404.94970703 4.94578313828
1477663421600 lifecam22 1073.28955078 4404.01757812 4.94728899002
1477663421655 lifecam20 1070.16430664 4403.32519531 4.95000123978
1477663421669 lifecam22 1066.86181641 4402.56152344 4.95122718811
1477663421722 lifecam20 1063.40124512 4401.38476562 4.95071125031
1477663421736 lifecam22 1060.07580566 4400.37988281 4.95077371597
1477663421787 lifecam20 1056.42333984 4399.70703125 4.95089530945
1477663421800 lifecam22 1053.61157227 4399.21582031 4.95268392563
1477663421855 lifecam20 1050.65771484 4398.25439453 4.95529460907
1477663421865 lifecam22 1047.23071289 4397.03710938 4.95520973206
1477663421919 lifecam20 1044.11865234 4396.38671875 4.95649242401
1477663421932 lifecam22 1040.64672852 4394.95214844 4.95571947098
1477663421987 lifecam20 1037.32617188 4393.76171875 4.95507955551
1477663422000 lifecam22 1034.71044922 4393.24267578 4.95713233948
1477663422132 lifecam20 1028.1854248 4391.81542969 4.96173381805
1477663422137 lifecam22 1021.49169922 4390.08740234 4.96393108368
1477663422187 lifecam20 1017.98510742 4388.66796875 4.96222305298
1477663422203 lifecam22 1014.69384766 4387.02783203 4.96010828018
1477663422256 lifecam20 1011.13842773 4385.70019531 4.95939683914
1477663422268 lifecam22 1008.36291504 4385.03320312 4.96353149414
1477663422323 lifecam20 1005.1427002 4383.82714844 4.96304655075
1477663422335 lifecam22 1001.82971191 4382.27099609 4.96075820923
1477663422387 lifecam20 998.469726562 4381.02490234 4.96030426025
1477663422400 lifecam22 995.322875977 4379.90625 4.95990943909
1477663422458 lifecam20 992.120117188 4378.6953125 4.95998477936
1477663422467 lifecam22 989.043212891 4377.19580078 4.9588265419
1477663422522 lifecam20 985.661254883 4376.06835938 4.95894908905
1477663422533 lifecam22 982.465087891 4375.21582031 4.95895195007
1477663422587 lifecam20 978.914367676 4373.97070312 4.9577627182
1477663422600 lifecam22 975.607116699 4373.01074219 4.9586763382
1477663422656 lifecam20 972.425048828 4372.16455078 4.95871400833
1477663422668 lifecam22 969.295043945 4371.375 4.95966291428
1477663422724 lifecam20 966.02746582 4370.67285156 4.96249771118
1477663422734 lifecam22 962.426269531 4369.15185547 4.96058416367
1477663422857 lifecam20 955.983642578 4366.52392578 4.95802783966
1477663422870 lifecam22 950.573974609 4365.19628906 4.96300554276
1477663422926 lifecam20 947.249389648 4364.14648438 4.96505355835
1477663422937 lifecam22 943.597290039 4362.44580078 4.96450138092
1477663422990 lifecam20 940.14666748 4361.6796875 4.96491861343
1477663423004 lifecam22 937.20324707 4360.73828125 4.96462726593
1477663423054 lifecam20 934.071960449 4359.51660156 4.96637582779
1477663423067 lifecam22 931.279724121 4358.62695312 4.96764993668
1477663423122 lifecam20 928.072265625 4357.5703125 4.96843576431
1477663423134 lifecam22 924.953857422 4356.24023438 4.96864461899
1477663423191 lifecam20 921.299133301 4355.11767578 4.96719026566
1477663423202 lifecam22 918.34588623 4354.24707031 4.96727561951
1477663423257 lifecam20 915.309448242 4352.85058594 4.96852302551
1477663423270 lifecam22 911.766601562 4351.24414062 4.96697807312
1477663423318 lifecam20 908.840942383 4350.74951172 4.96973419189
1477663423336 lifecam22 906.120056152 4349.90039062 4.97130870819
1477663423390 lifecam20 902.074279785 4348.40332031 4.96995306015
1477663423402 lifecam22 898.806884766 4347.52490234 4.9722867012
1477663423455 lifecam20 896.012817383 4346.82470703 4.97350978851
1477663423471 lifecam22 892.656860352 4345.41455078 4.97185134888
1477663423595 lifecam20 886.171569824 4343.62695312 4.97406816483
1477663423604 lifecam22 879.736999512 4342.00097656 4.97652435303
1477663423665 lifecam20 876.439025879 4341.44140625 4.98026180267
1477663423672 lifecam22 872.955871582 4340.19091797 4.98005104065
1477663423725 lifecam20 869.250854492 4338.0390625 4.97505235672
1477663423737 lifecam22 866.753173828 4336.99316406 4.97579097748
1477663423790 lifecam20 863.652832031 4336.39648438 4.97841310501
1477663423802 lifecam22 860.372802734 4335.29052734 4.97977590561
1477663423858 lifecam20 857.13659668 4333.86035156 4.97997951508
1477663423870 lifecam22 853.751708984 4332.89746094 4.98042869568
1477663423923 lifecam20 850.228759766 4331.76025391 4.97971534729
1477663423941 lifecam22 846.94543457 4330.44726562 4.97982215881
1477663423990 lifecam20 843.363037109 4329.09570312 4.97880840302
1477663424001 lifecam22 840.356567383 4327.57226562 4.97617197037
1477663424058 lifecam20 839.881958008 4327.44140625 4.97550630569
1477663424069 lifecam22 840.612548828 4327.85253906 4.97663831711
1477663424123 lifecam20 841.108886719 4327.90966797 4.97610807419
1477663424135 lifecam22 840.877563477 4327.74316406 4.97546339035
1477663424192 lifecam20 840.789672852 4327.82226562 4.97788906097
1477663424204 lifecam22 841.238342285 4328.11523438 4.97889757156
1477663424326 lifecam20 841.190795898 4328.00488281 4.97647762299
1477663424338 lifecam22 841.202209473 4327.93896484 4.97641086578
1477663424392 lifecam20 841.302246094 4328.125 4.97886371613
1477663424407 lifecam22 841.052734375 4327.98144531 4.97870397568
1477663424458 lifecam20 841.06640625 4327.90039062 4.97744131088
1477663424471 lifecam22 841.184814453 4328.11230469 4.97851324081
1477663424529 lifecam20 841.062805176 4327.99804688 4.97778511047
1477663424539 lifecam22 841.130737305 4327.92431641 4.97696399689
1477663424595 lifecam20 841.182250977 4328.01171875 4.97761774063
1477663424606 lifecam22 841.112731934 4327.99804688 4.97820425034
1477663424661 lifecam20 841.188964844 4327.86816406 4.97792959213
1477663424672 lifecam22 841.324890137 4327.98925781 4.97815322876
1477663424726 lifecam20 841.25604248 4328.04980469 4.97831535339
1477663424736 lifecam22 841.211303711 4328.06542969 4.97854328156
1477663424791 lifecam20 841.214050293 4328.0703125 4.97857999802
1477663424804 lifecam22 840.930297852 4327.74511719 4.97659540176
1477663424858 lifecam20 840.907653809 4327.80664062 4.97717571259
1477663424872 lifecam22 841.140625 4327.96923828 4.97838115692
1477663424928 lifecam20 841.076965332 4328.02246094 4.9779624939
1477663424940 lifecam22 841.159301758 4328.1484375 4.97834634781
1477663425058 lifecam20 841.172790527 4328.00097656 4.97753286362
1477663425075 lifecam22 840.889099121 4327.83886719 4.97592687607
1477663425127 lifecam20 840.963867188 4327.94482422 4.97618913651
1477663425140 lifecam22 841.008911133 4327.90722656 4.97712182999
1477663425194 lifecam20 840.979248047 4327.96728516 4.9782128334
1477663425206 lifecam22 841.217895508 4328.16699219 4.97888660431
1477663425259 lifecam20 841.26574707 4328.15136719 4.97865009308
1477663425272 lifecam22 841.300292969 4328.19042969 4.97904539108
1477663425328 lifecam20 841.326049805 4328.05175781 4.97776651382
1477663425338 lifecam22 841.30456543 4328.03417969 4.97753810883
1477663425412 lifecam22 841.177734375 4327.92382812 4.97738218307
1477663425460 lifecam20 841.137573242 4327.94921875 4.97769737244
1477663425473 lifecam22 841.14440918 4327.86621094 4.97639751434
1477663425529 lifecam20 841.121337891 4327.9140625 4.97689437866
1477663425538 lifecam22 841.239868164 4328.02148438 4.97811508179
1477663425599 lifecam20 841.256713867 4328.13134766 4.97852563858
1477663425606 lifecam22 841.122253418 4328.09765625 4.97853708267
1477663425658 lifecam20 841.084228516 4328.03320312 4.97805309296
1477663425673 lifecam22 840.953369141 4327.8359375 4.97642278671
1477663425727 lifecam20 841.050354004 4327.91796875 4.97744655609
1477663425796 lifecam20 840.898193359 4327.85058594 4.97718572617
1477663425806 lifecam22 841.071228027 4328.10839844 4.978723526
1477663425865 lifecam20 841.181518555 4328.03466797 4.97887229919
1477663425875 lifecam22 840.987182617 4327.75878906 4.97710561752
1477663425926 lifecam20 840.990722656 4327.83642578 4.97673416138
1477663425942 lifecam22 841.017578125 4327.90283203 4.97774505615
1477663425993 lifecam20 840.999450684 4327.85839844 4.97689008713
1477663426004 lifecam22 841.23223877 4328.18359375 4.97846508026
1477663426061 lifecam20 841.171630859 4328.19628906 4.97920560837
1477663426075 lifecam22 840.862731934 4327.98339844 4.97725582123
1477663426196 lifecam20 840.873046875 4328.07617188 4.97755098343
1477663426206 lifecam22 841.105102539 4328.23925781 4.97874927521
1477663426261 lifecam20 841.123168945 4328.11132812 4.97860527039
1477663426274 lifecam22 841.08996582 4328.06054688 4.97876548767
1477663426325 lifecam20 841.150634766 4328.04785156 4.97802591324
1477663426396 lifecam20 841.142822266 4327.86621094 4.97695016861
1477663426409 lifecam22 841.196594238 4327.86132812 4.97678995132
1477663426464 lifecam20 841.206970215 4327.8828125 4.97748374939
1477663426473 lifecam22 841.144165039 4327.87792969 4.97757577896
1477663426528 lifecam20 841.199951172 4328.05664062 4.97849750519
