1477663150310 lifecam22 3376.93041992 4777.66357422 4.70271205902
1477663150379 lifecam22 3376.6574707 4777.53759766 4.70026111603
1477663150445 lifecam22 3376.93041992 4777.66357422 4.70271205902
1477663150578 lifecam22 3376.00415039 4776.77978516 4.68839645386
1477663150646 lifecam22 3376.45556641 4777.16259766 4.69705438614
1477663150714 lifecam22 3376.7097168 4777.25976562 4.69931936264
1477663150782 lifecam22 3375.99121094 4776.62548828 4.69078111649
1477663150847 lifecam22 3375.86254883 4776.23779297 4.68725299835
1477663150914 lifecam22 3376.38134766 4776.98632812 4.69418859482
1477663150978 lifecam22 3376.38134766 4776.98632812 4.69418859482
1477663151046 lifecam22 3376.38134766 4776.98632812 4.69418859482
1477663151113 lifecam22 3375.77685547 4776.56640625 4.6888961792
1477663151180 lifecam22 3376.06958008 4776.70068359 4.69023323059
1477663151256 lifecam22 3376.14550781 4776.90576172 4.69211053848
1477663151314 lifecam22 3376.34277344 4777.2265625 4.693816185
1477663151380 lifecam22 3375.98852539 4777.03955078 4.68821287155
1477663151446 lifecam22 3375.69238281 4776.80761719 4.68313312531
1477663151513 lifecam22 3377.67333984 4776.37011719 4.68376111984
1477663151645 lifecam22 3379.5246582 4772.55175781 4.66429758072
1477663151716 lifecam22 3376.47119141 4763.99511719 4.61430835724
1477663151785 lifecam22 3375.84863281 4763.77197266 4.60758781433
1477663151849 lifecam22 3375.67651367 4763.20068359 4.60479879379
1477663151915 lifecam22 3372.00024414 4763.76074219 4.608522892
1477663151982 lifecam22 3371.86450195 4763.77685547 4.61105918884
1477663152047 lifecam22 3372.82836914 4763.70166016 4.610871315
1477663152113 lifecam22 3374.52880859 4763.40478516 4.61067295074
1477663152181 lifecam22 3373.01611328 4762.63769531 4.60801839828
1477663152247 lifecam22 3374.27294922 4762.38085938 4.61018943787
1477663152384 lifecam22 3358.89257812 4759.08642578 4.58537054062
1477663152449 lifecam22 3354.27392578 4761.11767578 4.59885311127
1477663152513 lifecam22 3347.5871582 4760.59570312 4.59165287018
1477663152581 lifecam22 3339.5559082 4761.01171875 4.58778905869
1477663152649 lifecam22 3333.25634766 4761.78857422 4.59002017975
1477663152715 lifecam22 3326.78808594 4762.35986328 4.59054327011
1477663152782 lifecam22 3319.62890625 4763.01416016 4.59099292755
1477663152850 lifecam22 3312.59423828 4762.86230469 4.5895652771
1477663152915 lifecam22 3306.01635742 4763.75097656 4.59036588669
1477663152981 lifecam22 3298.82836914 4764.05126953 4.59177350998
1477663153061 lifecam22 3292.74414062 4764.265625 4.59031009674
1477663153118 lifecam22 3285.13208008 4764.09863281 4.58803749084
1477663153183 lifecam22 3278.36230469 4763.87304688 4.58500814438
1477663153251 lifecam22 3271.69580078 4763.89599609 4.5829076767
1477663153320 lifecam22 3265.59545898 4764.80859375 4.587413311
1477663153450 lifecam22 3252.6862793 4765.92919922 4.59020328522
1477663153585 lifecam22 3241.55810547 4767.79492188 4.60246992111
1477663153649 lifecam22 3234.9831543 4768.49804688 4.6030755043
1477663153717 lifecam22 3228.52587891 4769.23974609 4.60615110397
1477663153789 lifecam22 3221.62060547 4769.18212891 4.60449695587
1477663153849 lifecam22 3215.36669922 4769.78662109 4.608253479
1477663153917 lifecam22 3207.72216797 4769.01220703 4.60430049896
1477663153985 lifecam22 3201.46508789 4769.89160156 4.60547208786
1477663154050 lifecam22 3194.42260742 4769.56298828 4.60512590408
1477663154187 lifecam22 3181.01147461 4770.359375 4.60394334793
1477663154251 lifecam22 3174.03955078 4770.38525391 4.60289621353
1477663154317 lifecam22 3168.33227539 4771.45263672 4.6061797142
1477663154385 lifecam22 3160.88110352 4771.71875 4.60420846939
1477663154450 lifecam22 3154.63378906 4772.36035156 4.6067481041
1477663154518 lifecam22 3147.87353516 4772.58984375 4.60669183731
1477663154585 lifecam22 3141.56469727 4773.85302734 4.61510515213
1477663154652 lifecam22 3135.57324219 4774.28564453 4.61620283127
1477663154717 lifecam22 3128.37646484 4775.00927734 4.61782073975
1477663154786 lifecam22 3121.93676758 4774.48242188 4.61457157135
1477663154866 lifecam22 3114.97680664 4775.39355469 4.61782979965
1477663154918 lifecam22 3108.41577148 4775.25927734 4.6179523468
1477663154985 lifecam22 3101.39013672 4775.02099609 4.61447525024
1477663155053 lifecam22 3095.42114258 4775.60107422 4.61698722839
1477663155118 lifecam22 3087.85986328 4775.76513672 4.61676883698
1477663155253 lifecam22 3075.31958008 4777.359375 4.62235307693
1477663155321 lifecam22 3068.42041016 4776.81347656 4.61996412277
1477663155386 lifecam22 3061.8605957 4776.80322266 4.61626148224
1477663155452 lifecam22 3055.24707031 4776.43701172 4.61721897125
1477663155520 lifecam22 3048.80566406 4777.0390625 4.61815881729
1477663155588 lifecam22 3042.13183594 4777.02685547 4.61834812164
1477663155648 lifecam22 3035.85107422 4776.54345703 4.61969614029
1477663155721 lifecam22 3029.99853516 4777.47314453 4.6242184639
1477663155786 lifecam22 3022.44287109 4777.046875 4.62099170685
1477663155852 lifecam22 3016.98828125 4777.64404297 4.62532329559
1477663155989 lifecam22 3003.46826172 4777.77880859 4.62146282196
1477663156053 lifecam22 2997.26367188 4778.91552734 4.62913608551
1477663156121 lifecam22 2991.50390625 4779.73876953 4.63254356384
1477663156188 lifecam22 2983.6184082 4779.52099609 4.62894058228
1477663156252 lifecam22 2977.99414062 4780.14160156 4.63105392456
1477663156320 lifecam22 2970.0703125 4779.59130859 4.62730646133
1477663156390 lifecam22 2964.02294922 4779.67529297 4.63116312027
1477663156456 lifecam22 2956.46948242 4780.22851562 4.629778862
1477663156521 lifecam22 2950.32324219 4780.17333984 4.63033914566
1477663156589 lifecam22 2943.06640625 4780.11669922 4.62927246094
1477663156656 lifecam22 2935.45214844 4779.42382812 4.62772130966
1477663156720 lifecam22 2930.20605469 4779.61767578 4.62967205048
1477663156789 lifecam22 2923.59521484 4780.18457031 4.6341047287
1477663156856 lifecam22 2916.30566406 4780.59472656 4.63373613358
1477663156921 lifecam22 2910.6796875 4781.87158203 4.64019870758
1477663157058 lifecam22 2897.79736328 4782.73779297 4.64644765854
1477663157126 lifecam22 2891.53076172 4782.87939453 4.64927339554
1477663157190 lifecam22 2884.39550781 4782.90576172 4.64812231064
1477663157257 lifecam22 2877.59204102 4782.54150391 4.64113807678
1477663157323 lifecam22 2870.54907227 4781.97509766 4.64365196228
1477663157389 lifecam22 2864.60888672 4781.96826172 4.64052963257
1477663157456 lifecam22 2857.40795898 4781.52294922 4.63770103455
1477663157523 lifecam22 2850.77050781 4781.19628906 4.6374835968
1477663157588 lifecam22 2843.99951172 4780.88769531 4.63585233688
1477663157656 lifecam22 2837.44384766 4781.89648438 4.64059734344
1477663157732 lifecam22 2830.84082031 4781.57519531 4.64034461975
1477663157789 lifecam22 2823.8425293 4782.24267578 4.64031171799
1477663157857 lifecam22 2819.23754883 4782.71386719 4.64741611481
1477663157925 lifecam22 2811.71020508 4782.95166016 4.64662742615
1477663157993 lifecam22 2805.86474609 4783.3203125 4.65128993988
1477663158125 lifecam22 2792.62304688 4783.66699219 4.65529918671
1477663158191 lifecam22 2785.70800781 4784.39794922 4.65576553345
1477663158257 lifecam22 2778.70825195 4784.39794922 4.65576601028
1477663158325 lifecam22 2772.30102539 4784.32666016 4.65901756287
1477663158391 lifecam22 2764.85522461 4783.52490234 4.65529966354
1477663158465 lifecam22 2758.11547852 4783.72314453 4.65480422974
1477663158525 lifecam22 2751.55639648 4782.90917969 4.65268135071
1477663158592 lifecam22 2744.51123047 4783.26904297 4.65331459045
1477663158659 lifecam22 2738.6965332 4784.08251953 4.65877056122
1477663158726 lifecam22 2730.5534668 4783.5859375 4.65490341187
1477663158859 lifecam22 2717.97583008 4783.10205078 4.65394067764
1477663158924 lifecam22 2711.8840332 4784.05615234 4.65915298462
1477663158995 lifecam22 2704.6875 4783.60546875 4.65759849548
1477663159063 lifecam22 2698.39477539 4783.15527344 4.65918731689
1477663159125 lifecam22 2691.76489258 4784.31445312 4.66335105896
1477663159205 lifecam22 2686.75561523 4783.81640625 4.66931152344
1477663159260 lifecam22 2680.17236328 4784.20556641 4.67147445679
1477663159325 lifecam22 2673.21606445 4783.86181641 4.67079496384
1477663159394 lifecam22 2666.47265625 4784.66357422 4.67064809799
1477663159463 lifecam22 2659.53979492 4784.03466797 4.67253112793
1477663159593 lifecam22 2646.30371094 4784.62255859 4.67334127426
1477663159659 lifecam22 2638.98364258 4784.31787109 4.67416191101
1477663159730 lifecam22 2632.41455078 4784.70507812 4.67563724518
1477663159792 lifecam22 2625.34521484 4783.40527344 4.66866397858
1477663159860 lifecam22 2618.93603516 4783.9375 4.68029165268
1477663159941 lifecam22 2611.59375 4783.32128906 4.67085695267
1477663159991 lifecam22 2605.07519531 4784.05810547 4.68026304245
1477663160061 lifecam22 2598.40283203 4783.34619141 4.68072462082
1477663160129 lifecam22 2591.07299805 4782.48339844 4.67399549484
1477663160197 lifecam22 2583.79296875 4781.00244141 4.66512870789
1477663160329 lifecam22 2569.72802734 4780.32128906 4.66232156754
1477663160394 lifecam22 2563.4206543 4780.77880859 4.6645822525
1477663160460 lifecam22 2556.50292969 4781.37011719 4.66663599014
1477663160528 lifecam22 2550.20605469 4781.20214844 4.66657114029
1477663160598 lifecam22 2544.01660156 4781.39941406 4.67221546173
1477663160727 lifecam22 2533.00341797 4782.33300781 4.68395328522
1477663160797 lifecam22 2526.95947266 4782.64111328 4.68698740005
1477663160862 lifecam22 2520.13012695 4781.85058594 4.68424081802
1477663160932 lifecam22 2512.74609375 4780.89013672 4.67962789536
1477663160997 lifecam22 2505.8659668 4780.61962891 4.6796002388
1477663161063 lifecam22 2498.2199707 4778.88037109 4.67511749268
1477663161128 lifecam22 2491.89306641 4778.96533203 4.67355394363
1477663161196 lifecam22 2484.51025391 4778.36230469 4.67136144638
1477663161265 lifecam22 2477.79956055 4778.38769531 4.67174386978
1477663161330 lifecam22 2471.15795898 4778.59130859 4.67382526398
1477663161463 lifecam22 2457.50537109 4779.06152344 4.67579317093
1477663161530 lifecam22 2450.58691406 4778.48730469 4.67433166504
1477663161600 lifecam22 2444.11035156 4778.38867188 4.67765903473
1477663161674 lifecam22 2437.48803711 4778.50195312 4.67726230621
1477663161737 lifecam22 2433.52539062 4778.86621094 4.6924071312
1477663161804 lifecam22 2426.73486328 4778.79785156 4.69547367096
1477663161872 lifecam22 2420.76538086 4778.95751953 4.69945859909
1477663161936 lifecam22 2414.59667969 4779.21044922 4.70421123505
1477663162004 lifecam22 2407.75341797 4779.23779297 4.70562744141
1477663162072 lifecam22 2400.89208984 4778.98828125 4.70688009262
1477663162140 lifecam22 2393.68115234 4778.64697266 4.70497369766
1477663162203 lifecam22 2387.31176758 4779.43164062 4.71068191528
1477663162271 lifecam22 2379.84082031 4778.71630859 4.7064166069
1477663162339 lifecam22 2372.44946289 4777.91015625 4.70414686203
1477663162403 lifecam22 2365.18261719 4777.38525391 4.70174264908
1477663162475 lifecam22 2357.60473633 4776.93798828 4.69994831085
1477663162539 lifecam22 2350.9855957 4776.93115234 4.6999707222
1477663162603 lifecam22 2343.89208984 4776.19140625 4.69660186768
1477663162671 lifecam22 2339.16894531 4776.25439453 4.69677019119
1477663162739 lifecam22 2331.30834961 4773.10888672 4.68387269974
1477663162872 lifecam22 2319.10717773 4772.28173828 4.69317817688
1477663162941 lifecam22 2312.4855957 4772.33105469 4.69744825363
1477663163008 lifecam22 2307.03466797 4772.45947266 4.70369052887
1477663163074 lifecam22 2300.14379883 4772.69677734 4.70829296112
1477663163142 lifecam22 2294.18115234 4772.22021484 4.70408535004
1477663163208 lifecam22 2288.14257812 4772.35693359 4.70896244049
1477663163272 lifecam22 2282.05859375 4772.31298828 4.70973348618
1477663163340 lifecam22 2275.55639648 4772.52978516 4.71290063858
1477663163408 lifecam22 2268.55639648 4772.52978516 4.71290063858
1477663163469 lifecam22 2261.5559082 4772.52978516 4.71289873123
1477663163539 lifecam22 2254.55615234 4772.52978516 4.71289873123
1477663163608 lifecam22 2247.41625977 4772.25830078 4.71162939072
1477663163678 lifecam22 2239.1262207 4769.92822266 4.69997644424
1477663163740 lifecam22 2232.0 4769.54394531 4.69884061813
1477663163807 lifecam22 2225.71289062 4769.25585938 4.70525932312
1477663163933 lifecam22 2211.96069336 4769.08544922 4.70749855042
1477663164001 lifecam22 2205.41650391 4768.84228516 4.71163034439
1477663164069 lifecam22 2198.55566406 4768.19970703 4.71289634705
1477663164137 lifecam22 2191.28613281 4765.52783203 4.70900201797
1477663164196 lifecam22 2184.29711914 4765.99609375 4.71178627014
1477663164268 lifecam22 2178.49975586 4766.34326172 4.72061395645
1477663164336 lifecam22 2171.49951172 4766.34375 4.72061443329
1477663164399 lifecam22 2167.87597656 4767.85449219 4.73477888107
1477663164467 lifecam22 2162.38867188 4767.95410156 4.73570585251
1477663164535 lifecam22 2155.97607422 4768.01025391 4.73622512817
1477663164600 lifecam22 2148.66918945 4766.02294922 4.72253322601
1477663164666 lifecam22 2141.41210938 4764.40869141 4.71633291245
1477663164735 lifecam22 2134.88769531 4763.64697266 4.7215385437
1477663164801 lifecam22 2128.1159668 4763.15771484 4.72222042084
1477663164868 lifecam22 2121.82250977 4762.70458984 4.72070169449
1477663165006 lifecam22 2108.39990234 4761.70556641 4.72496318817
1477663165066 lifecam22 2101.73779297 4760.86523438 4.72924232483
1477663165134 lifecam22 2094.43286133 4760.47265625 4.72784233093
1477663165202 lifecam22 2087.38085938 4760.2265625 4.72599363327
1477663165266 lifecam22 2079.78808594 4759.63867188 4.72339963913
1477663165334 lifecam22 2073.01196289 4759.80957031 4.72404146194
1477663165402 lifecam22 2065.76000977 4759.17236328 4.71899461746
1477663165469 lifecam22 2059.51708984 4759.62841797 4.72603797913
1477663165534 lifecam22 2053.37207031 4759.73974609 4.7309923172
1477663165602 lifecam22 2046.05126953 4757.91992188 4.72641372681
1477663165670 lifecam22 2039.90185547 4757.4921875 4.73303461075
1477663165735 lifecam22 2032.65063477 4755.82910156 4.72623252869
1477663165802 lifecam22 2025.78027344 4755.03320312 4.72884082794
1477663165935 lifecam22 2013.25292969 4754.30273438 4.73362016678
1477663166074 lifecam22 1998.90014648 4753.04052734 4.72717380524
1477663166135 lifecam22 1992.48291016 4753.21533203 4.72881174088
1477663166203 lifecam22 1986.30834961 4753.38964844 4.73532915115
1477663166271 lifecam22 1981.38049316 4754.34814453 4.74449968338
1477663166338 lifecam22 1975.20593262 4753.93457031 4.75171709061
1477663166403 lifecam22 1967.99487305 4751.60205078 4.74373674393
1477663166470 lifecam22 1960.99963379 4749.93994141 4.74393510818
1477663166538 lifecam22 1953.75378418 4748.77294922 4.74042463303
1477663166602 lifecam22 1947.29577637 4748.92578125 4.74276447296
1477663166670 lifecam22 1940.87646484 4748.76904297 4.74226951599
1477663166741 lifecam22 1934.1619873 4748.41601562 4.74208498001
1477663166803 lifecam22 1927.14257812 4747.640625 4.7390203476
1477663166870 lifecam22 1920.16174316 4746.96582031 4.73970651627
1477663166938 lifecam22 1912.90148926 4746.95117188 4.73959970474
1477663167004 lifecam22 1906.20056152 4746.96386719 4.74226236343
1477663167138 lifecam22 1894.48327637 4746.42333984 4.75903987885
1477663167210 lifecam22 1887.32275391 4743.87597656 4.75523138046
1477663167271 lifecam22 1879.82788086 4742.68798828 4.74907875061
1477663167339 lifecam22 1872.87036133 4742.21972656 4.74698829651
1477663167407 lifecam22 1865.47241211 4741.73779297 4.74582576752
1477663167470 lifecam22 1859.53930664 4741.69726562 4.74670124054
1477663167538 lifecam22 1851.74523926 4741.10693359 4.74697160721
1477663167606 lifecam22 1846.2578125 4740.87695312 4.74727153778
1477663167670 lifecam22 1839.7310791 4740.50927734 4.75113010406
1477663167737 lifecam22 1834.05834961 4740.12451172 4.76317596436
1477663167878 lifecam22 1820.96716309 4738.17675781 4.76410102844
1477663167946 lifecam22 1814.53088379 4737.25830078 4.76133346558
1477663168014 lifecam22 1808.12353516 4736.46923828 4.75992584229
1477663168082 lifecam22 1800.58447266 4734.85693359 4.75414276123
1477663168148 lifecam22 1793.89257812 4733.19482422 4.74319458008
1477663168212 lifecam22 1787.10510254 4733.75488281 4.75250053406
1477663168282 lifecam22 1782.03771973 4733.27587891 4.75911664963
1477663168347 lifecam22 1775.16308594 4733.26171875 4.76350164413
1477663168415 lifecam22 1768.49523926 4732.73632812 4.7629737854
1477663168483 lifecam22 1761.76660156 4732.54492188 4.76799297333
1477663168546 lifecam22 1754.26721191 4731.19091797 4.76407623291
1477663168615 lifecam22 1747.63269043 4730.75244141 4.7630443573
1477663168683 lifecam22 1740.11938477 4729.25292969 4.75977134705
1477663168750 lifecam22 1733.45556641 4728.88720703 4.75998258591
1477663168814 lifecam22 1726.30786133 4728.20751953 4.76374578476
1477663168882 lifecam22 1720.07080078 4727.68066406 4.76847553253
1477663168949 lifecam22 1714.19030762 4726.24755859 4.76830625534
1477663169013 lifecam22 1706.84020996 4724.27392578 4.764087677
1477663169081 lifecam22 1700.33544922 4723.67431641 4.76495695114
1477663169149 lifecam22 1692.96289062 4722.89404297 4.76223039627
1477663169215 lifecam22 1686.60559082 4723.06445312 4.76554822922
1477663169280 lifecam22 1679.0546875 4721.828125 4.76128530502
1477663169348 lifecam22 1672.97302246 4721.66015625 4.76716566086
1477663169409 lifecam22 1667.97045898 4721.67382812 4.78023338318
1477663169473 lifecam22 1661.92797852 4721.22558594 4.78357410431
1477663169610 lifecam22 1649.02172852 4718.47363281 4.77851915359
1477663169676 lifecam22 1642.72412109 4718.12744141 4.77860546112
1477663169745 lifecam22 1634.92529297 4716.41601562 4.77174329758
1477663169813 lifecam22 1629.61523438 4716.37939453 4.78279829025
1477663169874 lifecam22 1623.65869141 4715.06445312 4.78053617477
1477663169943 lifecam22 1616.43591309 4714.08935547 4.77925348282
1477663170010 lifecam22 1610.0201416 4713.74951172 4.7800951004
1477663170141 lifecam22 1596.58300781 4712.0859375 4.78136730194
1477663170210 lifecam22 1588.84411621 4710.73681641 4.7772974968
1477663170279 lifecam22 1582.7442627 4710.67675781 4.77965164185
1477663170341 lifecam22 1575.6965332 4709.52978516 4.78471040726
1477663170409 lifecam22 1569.28381348 4708.65087891 4.78623247147
1477663170477 lifecam22 1562.67565918 4708.41015625 4.78815507889
1477663170541 lifecam22 1555.09667969 4707.03759766 4.78443384171
1477663170677 lifecam22 1540.62512207 4704.69189453 4.78262138367
1477663170745 lifecam22 1534.47644043 4704.11474609 4.78869390488
1477663170812 lifecam22 1528.84460449 4703.18847656 4.7930560112
1477663170881 lifecam22 1522.00402832 4702.54248047 4.79169511795
1477663170947 lifecam22 1514.17822266 4701.73828125 4.78763055801
1477663171010 lifecam22 1507.57177734 4701.61621094 4.79116249084
1477663171078 lifecam22 1499.68005371 4700.26513672 4.7893910408
1477663171146 lifecam22 1494.86047363 4698.88525391 4.79323005676
1477663171209 lifecam22 1488.06262207 4698.02001953 4.79310750961
1477663171278 lifecam22 1481.40783691 4697.41308594 4.79752206802
1477663171410 lifecam22 1468.25170898 4695.37011719 4.79553031921
1477663171477 lifecam22 1460.86706543 4693.20751953 4.79599905014
1477663171546 lifecam22 1454.48913574 4692.90917969 4.79892587662
1477663171612 lifecam22 1447.49963379 4691.54003906 4.79912376404
1477663171677 lifecam22 1441.44750977 4690.87255859 4.80065250397
1477663171745 lifecam22 1433.64758301 4689.45849609 4.79864120483
1477663171815 lifecam22 1426.41418457 4688.28369141 4.79464435577
1477663171879 lifecam22 1420.44689941 4688.44824219 4.8012919426
1477663171945 lifecam22 1412.70373535 4687.11279297 4.80049705505
1477663172013 lifecam22 1407.81811523 4687.17773438 4.80886697769
1477663172079 lifecam22 1401.25378418 4686.20898438 4.81181955338
1477663172145 lifecam22 1394.55554199 4685.421875 4.81221342087
1477663172212 lifecam22 1387.81286621 4684.40722656 4.8107790947
1477663172279 lifecam22 1380.50317383 4683.11865234 4.81023979187
1477663172346 lifecam22 1373.43933105 4681.50976562 4.80617761612
1477663172482 lifecam22 1360.43981934 4677.90185547 4.80468225479
1477663172548 lifecam22 1353.25170898 4676.70605469 4.80293989182
1477663172615 lifecam22 1346.49377441 4675.90185547 4.80383634567
1477663172684 lifecam22 1339.72265625 4674.87890625 4.80493164062
1477663172744 lifecam22 1332.02404785 4673.26220703 4.79916334152
1477663172814 lifecam22 1326.21276855 4673.14990234 4.80609989166
1477663172881 lifecam22 1320.96289062 4672.54638672 4.81235980988
1477663172945 lifecam22 1314.88330078 4671.7890625 4.81351661682
1477663173012 lifecam22 1307.73144531 4670.06152344 4.81204366684
1477663173080 lifecam22 1301.92077637 4670.43212891 4.81798839569
1477663173153 lifecam22 1295.67089844 4668.56542969 4.82127428055
1477663173213 lifecam22 1289.58435059 4667.18359375 4.82436609268
1477663173282 lifecam22 1282.84680176 4666.18457031 4.82048463821
1477663173350 lifecam22 1275.64892578 4664.21533203 4.81804704666
1477663173415 lifecam22 1269.55273438 4663.04541016 4.8167719841
1477663173551 lifecam22 1255.88769531 4659.87695312 4.8129234314
1477663173614 lifecam22 1249.16943359 4659.27539062 4.81453895569
1477663173681 lifecam22 1242.83178711 4658.88378906 4.8188123703
1477663173749 lifecam22 1236.44042969 4657.82324219 4.81534767151
1477663173814 lifecam22 1228.51843262 4656.17919922 4.81458091736
1477663173889 lifecam22 1223.29150391 4656.04980469 4.82279682159
1477663173955 lifecam22 1216.47924805 4654.14453125 4.82233476639
1477663174023 lifecam22 1210.11437988 4653.64355469 4.8262796402
1477663174069 lifecam20 1125.59765625 4655.40380859 4.79098272324
1477663174087 lifecam22 1121.97155762 4654.59912109 4.78874921799
1477663174137 lifecam20 1118.27746582 4654.01220703 4.78836011887
1477663174155 lifecam22 1115.12573242 4653.57080078 4.79027605057
1477663174229 lifecam22 1111.87036133 4652.97363281 4.79280853271
1477663174270 lifecam20 1105.83911133 4653.39453125 4.79928970337
1477663174288 lifecam22 1103.03845215 4652.87109375 4.79932785034
1477663174335 lifecam20 1100.10302734 4652.80126953 4.80386209488
1477663174355 lifecam22 1096.63769531 4652.02734375 4.80387926102
1477663174403 lifecam20 1093.32019043 4652.53027344 4.80813932419
1477663174424 lifecam22 1089.30957031 4651.77441406 4.80737113953
1477663174467 lifecam20 1085.99279785 4651.50878906 4.80740213394
1477663174485 lifecam22 1083.43054199 4651.46679688 4.80888319016
1477663174535 lifecam20 1079.94848633 4651.72851562 4.81304168701
1477663174604 lifecam20 1076.62097168 4651.62890625 4.81383657455
1477663174622 lifecam22 1069.32543945 4650.50585938 4.81534671783
1477663174673 lifecam20 1066.80603027 4651.15917969 4.82469558716
1477663174693 lifecam22 1063.99511719 4650.22949219 4.82491350174
1477663174735 lifecam20 1060.76831055 4649.86621094 4.82715368271
1477663174757 lifecam22 1057.09106445 4648.82128906 4.82438707352
1477663174804 lifecam20 1053.69702148 4648.71679688 4.82505130768
1477663174825 lifecam22 1050.57983398 4648.47363281 4.82611465454
1477663174871 lifecam20 1047.19970703 4647.92773438 4.82714557648
1477663174893 lifecam22 1043.75146484 4646.80029297 4.82683324814
1477663174936 lifecam20 1040.17163086 4645.828125 4.82379341125
1477663174955 lifecam22 1037.203125 4645.20507812 4.82408714294
1477663175003 lifecam20 1034.26464844 4644.65039062 4.82769012451
1477663175025 lifecam22 1031.15161133 4643.65332031 4.82643508911
1477663175071 lifecam20 1027.96350098 4643.07617188 4.82903862
1477663175092 lifecam22 1024.4362793 4642.21582031 4.82744264603
1477663175136 lifecam20 1020.77685547 4641.47900391 4.82514715195
1477663175156 lifecam22 1018.31835938 4641.23925781 4.82858896255
1477663175206 lifecam20 1014.59375 4640.53613281 4.82700872421
1477663175272 lifecam20 1011.09881592 4640.40234375 4.82839012146
1477663175294 lifecam22 1005.0032959 4639.70019531 4.8323225975
1477663175340 lifecam20 1001.71276855 4639.27929688 4.83405780792
1477663175358 lifecam22 998.010009766 4638.43994141 4.83249092102
1477663175403 lifecam20 995.018981934 4637.95214844 4.83366966248
1477663175426 lifecam22 991.424316406 4637.49902344 4.83365106583
1477663175473 lifecam20 987.918334961 4637.12011719 4.83617925644
1477663175491 lifecam22 984.494750977 4636.42041016 4.83597230911
1477663175539 lifecam20 980.834594727 4635.56347656 4.83304405212
1477663175561 lifecam22 977.60949707 4635.20263672 4.83550739288
1477663175604 lifecam20 974.233886719 4634.90722656 4.83739852905
1477663175673 lifecam20 970.836547852 4634.26708984 4.83775424957
1477663175691 lifecam22 964.518798828 4633.01660156 4.83907413483
1477663175742 lifecam20 961.340820312 4632.52832031 4.83973836899
1477663175759 lifecam22 958.169677734 4631.83203125 4.83911895752
1477663175805 lifecam20 954.530639648 4630.86181641 4.84018373489
1477663175825 lifecam22 951.024047852 4630.02685547 4.83891820908
1477663175872 lifecam20 947.125 4629.19482422 4.83776521683
1477663175892 lifecam22 944.13684082 4628.68457031 4.84128046036
1477663175941 lifecam20 940.641174316 4627.70654297 4.83829689026
1477663175958 lifecam22 937.098144531 4626.63085938 4.83706760406
1477663176009 lifecam20 933.908325195 4625.91894531 4.83713293076
1477663176020 lifecam22 930.590148926 4625.07617188 4.83651447296
1477663176072 lifecam20 927.609863281 4624.61181641 4.8403468132
1477663176094 lifecam22 924.48034668 4623.84667969 4.83963060379
1477663176139 lifecam20 920.679382324 4622.86621094 4.83866071701
1477663176161 lifecam22 917.351501465 4622.3671875 4.83895301819
1477663176207 lifecam20 913.333984375 4621.88037109 4.83792543411
1477663176228 lifecam22 910.216918945 4621.40429688 4.83930778503
1477663176271 lifecam20 906.790100098 4620.98632812 4.83949804306
1477663176291 lifecam22 903.276245117 4620.61230469 4.84144449234
1477663176343 lifecam20 899.965515137 4620.25048828 4.84203672409
1477663176360 lifecam22 896.913330078 4619.87548828 4.84356307983
1477663176407 lifecam20 893.548217773 4619.17773438 4.84935617447
1477663176430 lifecam22 890.389160156 4617.98681641 4.84900522232
1477663176473 lifecam20 887.388671875 4617.3359375 4.8467297554
1477663176492 lifecam22 883.87310791 4616.83691406 4.84595346451
1477663176539 lifecam20 880.596923828 4616.21289062 4.84586858749
1477663176560 lifecam22 877.692993164 4615.546875 4.84674739838
1477663176607 lifecam20 873.881713867 4614.56054688 4.84516096115
1477663176627 lifecam22 870.605773926 4613.61035156 4.84525537491
1477663176742 lifecam20 864.270019531 4612.50683594 4.85086631775
1477663176758 lifecam22 857.43762207 4610.81054688 4.85115814209
1477663176809 lifecam20 854.544311523 4610.21826172 4.84940242767
1477663176826 lifecam22 851.986816406 4609.99902344 4.85062837601
1477663176875 lifecam20 847.723266602 4608.57666016 4.84747266769
1477663176896 lifecam22 843.805175781 4607.24316406 4.84522819519
1477663176941 lifecam20 840.727539062 4606.87158203 4.84597396851
1477663176962 lifecam22 837.977966309 4606.52099609 4.84879779816
1477663177007 lifecam20 834.34765625 4605.93554688 4.85031032562
1477663177029 lifecam22 830.606323242 4605.07324219 4.84827375412
1477663177076 lifecam20 827.355102539 4604.43652344 4.8505396843
1477663177096 lifecam22 824.299316406 4603.92089844 4.8529958725
1477663177142 lifecam20 820.767822266 4602.80078125 4.8496966362
1477663177159 lifecam22 818.078979492 4602.20507812 4.85052776337
1477663177209 lifecam20 814.03704834 4601.66503906 4.84880495071
1477663177227 lifecam22 810.441589355 4601.359375 4.84990882874
1477663177275 lifecam20 807.433410645 4601.15429688 4.8541097641
1477663177297 lifecam22 804.154785156 4600.33642578 4.85299777985
1477663177339 lifecam20 801.135498047 4599.60253906 4.85398244858
1477663177358 lifecam22 797.985595703 4598.77832031 4.85489416122
1477663177431 lifecam22 796.802368164 4598.91699219 4.85771274567
1477663177477 lifecam20 796.272033691 4598.81933594 4.85797023773
1477663177494 lifecam22 797.472167969 4598.71582031 4.85534906387
1477663177549 lifecam20 796.999755859 4598.99511719 4.85867404938
1477663177554 lifecam22 796.393249512 4599.06445312 4.86014652252
1477663177608 lifecam20 796.829467773 4598.78320312 4.85770177841
1477663177622 lifecam22 797.239257812 4598.84228516 4.85772657394
1477663177679 lifecam20 796.972900391 4599.11523438 4.85989332199
1477663177691 lifecam22 796.858520508 4599.125 4.86065196991
1477663177743 lifecam20 797.188842773 4599.09912109 4.86054611206
1477663177812 lifecam20 796.809448242 4599.12988281 4.85967493057
1477663177824 lifecam22 796.947937012 4599.2265625 4.85983896255
1477663177875 lifecam20 797.122619629 4599.29931641 4.86139774323
1477663177888 lifecam22 797.027099609 4599.25976562 4.86116361618
1477663177943 lifecam20 797.088378906 4599.05615234 4.85971927643
1477663177955 lifecam22 797.183837891 4599.09570312 4.85995388031
1477663178007 lifecam20 797.181518555 4599.27734375 4.86064624786
1477663178019 lifecam22 796.954711914 4599.13378906 4.85963249207
1477663178075 lifecam20 796.863220215 4599.02783203 4.85929918289
1477663178087 lifecam22 797.090026855 4599.171875 4.86031293869
1477663178210 lifecam20 797.122619629 4599.29931641 4.86139774323
1477663178220 lifecam22 796.790039062 4599.10400391 4.86005163193
1477663178277 lifecam20 796.811218262 4598.99121094 4.85900592804
1477663178290 lifecam22 797.137207031 4599.19433594 4.86096572876
1477663178345 lifecam20 797.105224609 4599.22705078 4.86129808426
1477663178359 lifecam22 797.111877441 4599.21923828 4.86068439484
1477663178411 lifecam20 797.162414551 4599.20751953 4.86099863052
1477663178428 lifecam22 796.93560791 4599.06347656 4.85998487473
1477663178475 lifecam20 797.14666748 4599.234375 4.86081647873
1477663178545 lifecam20 796.928222656 4599.05175781 4.85941028595
1477663178556 lifecam22 797.162719727 4599.29589844 4.86130619049
1477663178614 lifecam20 797.238830566 4599.37744141 4.86195802689
1477663178626 lifecam22 797.188110352 4599.21972656 4.86114692688
1477663178675 lifecam20 797.007446289 4599.21289062 4.85968160629
1477663178689 lifecam22 796.823608398 4599.12646484 4.85859632492
1477663178744 lifecam20 796.831359863 4599.07128906 4.85908460617
1477663178756 lifecam22 796.741577148 4599.02929688 4.85882139206
1477663178812 lifecam20 796.782348633 4598.88183594 4.85851335526
1477663178824 lifecam22 796.872131348 4598.92333984 4.8587770462
1477663178945 lifecam20 796.916992188 4599.04296875 4.85933828354
