1477662495098 lifecam22 3371.6706543 4773.98486328 4.68283700943
1477662495167 lifecam22 3371.6706543 4773.98486328 4.68283700943
1477662495233 lifecam22 3371.50390625 4774.11474609 4.68395137787
1477662495368 lifecam22 3371.82861328 4773.87548828 4.68190717697
1477662495436 lifecam22 3371.65429688 4774.12988281 4.68415975571
1477662495500 lifecam22 3371.7121582 4774.44042969 4.68586015701
1477662495569 lifecam22 3371.80444336 4774.54052734 4.68681669235
1477662495637 lifecam22 3371.76196289 4774.19091797 4.68359708786
1477662495701 lifecam22 3371.59228516 4773.90576172 4.68207025528
1477662495768 lifecam22 3371.72900391 4774.04443359 4.68341255188
1477662495836 lifecam22 3371.65405273 4774.38085938 4.68528699875
1477662495902 lifecam22 3371.5234375 4774.13476562 4.68414354324
1477662495966 lifecam22 3371.6875 4774.56591797 4.68699169159
1477662496036 lifecam22 3371.50390625 4774.11474609 4.68395137787
1477662496100 lifecam22 3371.6640625 4774.09130859 4.68263816833
1477662496168 lifecam22 3371.65307617 4773.84130859 4.68150901794
1477662496232 lifecam22 3371.82373047 4774.41601562 4.68568515778
1477662496299 lifecam22 3371.54833984 4774.01025391 4.68301153183
1477662496429 lifecam22 3371.65405273 4774.38085938 4.68528699875
1477662496500 lifecam22 3371.63964844 4774.21582031 4.68377304077
1477662496567 lifecam22 3372.1340332 4774.15625 4.68344640732
1477662496629 lifecam22 3371.95068359 4773.93554688 4.68134021759
1477662496700 lifecam22 3371.69824219 4774.27587891 4.68434715271
1477662496765 lifecam22 3373.44726562 4774.07666016 4.67929935455
1477662496830 lifecam22 3372.51513672 4775.81591797 4.69298362732
1477662496897 lifecam22 3373.53198242 4774.12158203 4.68008184433
1477662496965 lifecam22 3372.87573242 4774.3046875 4.68041753769
1477662497030 lifecam22 3371.53076172 4774.44384766 4.68697452545
1477662497168 lifecam22 3371.68115234 4774.71044922 4.68831062317
1477662497235 lifecam22 3364.26733398 4772.61816406 4.67087888718
1477662497299 lifecam22 3352.57714844 4771.21142578 4.66635036469
1477662497367 lifecam22 3350.05859375 4771.07080078 4.67067337036
1477662497432 lifecam22 3343.00488281 4771.13476562 4.67282485962
1477662497499 lifecam22 3336.25 4770.68310547 4.67256641388
1477662497566 lifecam22 3329.46069336 4770.81347656 4.66984128952
1477662497634 lifecam22 3323.2644043 4770.45947266 4.67624330521
1477662497698 lifecam22 3317.26098633 4770.01806641 4.67488670349
1477662497765 lifecam22 3310.53149414 4770.13183594 4.67605638504
1477662497901 lifecam22 3297.00073242 4768.99462891 4.67695045471
1477662497965 lifecam22 3289.85058594 4769.01464844 4.67834806442
1477662498035 lifecam22 3284.02880859 4769.55126953 4.68222999573
1477662498101 lifecam22 3276.62915039 4769.03955078 4.68006944656
1477662498166 lifecam22 3272.69067383 4770.77246094 4.69126701355
1477662498234 lifecam22 3267.87084961 4771.83154297 4.70384836197
1477662498299 lifecam22 3260.32739258 4770.60058594 4.69655513763
1477662498365 lifecam22 3255.04589844 4772.30712891 4.70959758759
1477662498434 lifecam22 3247.65942383 4771.06347656 4.70477581024
1477662498503 lifecam22 3240.48754883 4770.75097656 4.70322561264
1477662498633 lifecam22 3225.94360352 4769.51074219 4.69833850861
1477662498703 lifecam22 3218.18798828 4768.29589844 4.69158315659
1477662498766 lifecam22 3210.82250977 4767.70556641 4.68832826614
1477662498835 lifecam22 3203.56567383 4766.92626953 4.68604898453
1477662498903 lifecam22 3196.50830078 4766.45751953 4.68553447723
1477662498967 lifecam22 3189.59008789 4766.80664062 4.68626308441
1477662499033 lifecam22 3182.66015625 4766.5859375 4.68688344955
1477662499101 lifecam22 3175.65991211 4766.5859375 4.68688249588
1477662499170 lifecam22 3168.62841797 4765.31054688 4.68660163879
1477662499233 lifecam22 3162.47363281 4765.33007812 4.69412851334
1477662499373 lifecam22 3150.12963867 4765.12597656 4.70432090759
1477662499432 lifecam22 3145.67797852 4765.546875 4.70823764801
1477662499503 lifecam22 3139.75732422 4765.08935547 4.70739889145
1477662499569 lifecam22 3133.46533203 4765.08935547 4.70742750168
1477662499636 lifecam22 3127.58569336 4764.94091797 4.70727539062
1477662499700 lifecam22 3121.92236328 4764.88671875 4.70826435089
1477662499769 lifecam22 3115.55371094 4765.52783203 4.71288013458
1477662499835 lifecam22 3107.6809082 4764.08496094 4.70497131348
1477662499901 lifecam22 3101.55419922 4765.52783203 4.71287965775
1477662499969 lifecam22 3093.09716797 4762.94287109 4.69971895218
1477662500103 lifecam22 3078.94360352 4762.51074219 4.69833993912
1477662500169 lifecam22 3071.89892578 4762.32666016 4.69794034958
1477662500241 lifecam22 3064.96533203 4761.96191406 4.69853591919
1477662500301 lifecam22 3058.55175781 4761.77197266 4.70380592346
1477662500370 lifecam22 3052.29980469 4759.96289062 4.71057415009
1477662500438 lifecam22 3044.49584961 4758.15917969 4.70329999924
1477662500502 lifecam22 3038.06689453 4758.31347656 4.70846319199
1477662500569 lifecam22 3031.55395508 4758.52783203 4.71287918091
1477662500636 lifecam22 3024.55395508 4758.52783203 4.71287918091
1477662500705 lifecam22 3018.91137695 4759.37597656 4.72091817856
1477662500836 lifecam22 3005.52172852 4759.67822266 4.72376918793
1477662500905 lifecam22 2999.58081055 4760.02001953 4.72698450089
1477662500972 lifecam22 2994.99023438 4760.04052734 4.72717189789
1477662501037 lifecam22 2988.49462891 4760.40771484 4.73060941696
1477662501107 lifecam22 2981.96020508 4759.22705078 4.72345113754
1477662501171 lifecam22 2974.20019531 4756.84228516 4.71328783035
1477662501236 lifecam22 2969.3840332 4755.05126953 4.72684288025
1477662501304 lifecam22 2962.42041016 4754.79736328 4.724609375
1477662501372 lifecam22 2954.53759766 4752.03564453 4.71646690369
1477662501436 lifecam22 2947.53735352 4752.03515625 4.7164645195
1477662501575 lifecam22 2933.97143555 4752.29199219 4.71912097931
1477662501639 lifecam22 2927.84375 4752.80126953 4.72387647629
1477662501705 lifecam22 2920.83691406 4752.83544922 4.72419452667
1477662501774 lifecam22 2914.36865234 4752.53808594 4.722448349
1477662501837 lifecam22 2907.54199219 4752.97021484 4.72651767731
1477662501905 lifecam22 2900.66308594 4752.67919922 4.72377729416
1477662501973 lifecam22 2894.10205078 4752.81542969 4.72791004181
1477662502038 lifecam22 2887.33276367 4753.0234375 4.73255634308
1477662502104 lifecam22 2881.44775391 4750.70507812 4.73591709137
1477662502172 lifecam22 2874.60400391 4749.01660156 4.73574590683
1477662502306 lifecam22 2860.96069336 4747.46533203 4.73579359055
1477662502372 lifecam22 2853.21508789 4746.07617188 4.72750902176
1477662502441 lifecam22 2846.21484375 4746.07617188 4.72750806808
1477662502507 lifecam22 2839.24438477 4745.58837891 4.72292375565
1477662502574 lifecam22 2832.30957031 4746.03466797 4.72711610794
1477662502643 lifecam22 2827.71240234 4745.97558594 4.7265663147
1477662502706 lifecam22 2821.53710938 4746.20458984 4.73157978058
1477662502773 lifecam22 2815.04052734 4745.92333984 4.73751735687
1477662502840 lifecam22 2809.24951172 4746.79248047 4.74393177032
1477662502908 lifecam22 2804.14624023 4744.84326172 4.756772995
1477662503040 lifecam22 2790.19018555 4742.27978516 4.74567890167
1477662503108 lifecam22 2782.68457031 4741.43212891 4.74372196198
1477662503175 lifecam22 2776.22167969 4740.80371094 4.74011993408
1477662503240 lifecam22 2768.19238281 4739.8125 4.73438930511
1477662503310 lifecam22 2762.70117188 4740.20800781 4.73957252502
1477662503375 lifecam22 2755.75952148 4740.10986328 4.74110269547
1477662503440 lifecam22 2749.0769043 4740.1484375 4.74274301529
1477662503508 lifecam22 2742.6027832 4740.14306641 4.74757480621
1477662503576 lifecam22 2737.01318359 4738.52441406 4.75805282593
1477662503640 lifecam22 2729.82104492 4737.59375 4.7558889389
1477662503778 lifecam22 2715.29663086 4735.84619141 4.7490696907
1477662503843 lifecam22 2708.03369141 4735.27587891 4.74641418457
1477662503909 lifecam22 2702.10449219 4735.40576172 4.75107860565
1477662503979 lifecam22 2695.58032227 4734.52197266 4.7510509491
1477662504041 lifecam22 2688.18017578 4733.51855469 4.74545669556
1477662504108 lifecam22 2684.26855469 4733.92236328 4.76263904572
1477662504176 lifecam22 2677.74975586 4733.74951172 4.76985931396
1477662504241 lifecam22 2670.49511719 4732.28271484 4.76132774353
1477662504307 lifecam22 2663.14599609 4731.34716797 4.76323747635
1477662504376 lifecam22 2656.75683594 4730.34912109 4.7578291893
1477662504509 lifecam22 2642.81884766 4728.68554688 4.75314235687
1477662504579 lifecam22 2635.62817383 4728.25634766 4.75295066833
1477662504645 lifecam22 2629.51586914 4727.58935547 4.75506782532
1477662504709 lifecam22 2623.73779297 4728.00927734 4.76470851898
1477662504777 lifecam22 2617.83227539 4726.95410156 4.76939439774
1477662504845 lifecam22 2610.87329102 4725.42382812 4.7689499855
1477662504909 lifecam22 2603.47827148 4723.96142578 4.76332998276
1477662504977 lifecam22 2596.18652344 4723.0703125 4.75895404816
1477662505043 lifecam22 2589.74902344 4723.2109375 4.76005887985
1477662505112 lifecam22 2582.87451172 4722.32519531 4.75881958008
1477662505243 lifecam22 2570.69775391 4722.28271484 4.77139616013
1477662505314 lifecam22 2565.421875 4722.64892578 4.78244400024
1477662505379 lifecam22 2559.46313477 4722.32373047 4.78766489029
1477662505444 lifecam22 2552.09863281 4720.49853516 4.78048849106
1477662505514 lifecam22 2545.00097656 4719.64355469 4.780189991
1477662505576 lifecam22 2537.70166016 4718.5703125 4.77554273605
1477662505646 lifecam22 2530.91650391 4716.93115234 4.76968193054
1477662505711 lifecam22 2523.66650391 4716.11523438 4.77096557617
1477662505777 lifecam22 2517.31079102 4714.54785156 4.76845502853
1477662505843 lifecam22 2510.84594727 4713.71923828 4.77273130417
1477662505982 lifecam22 2497.80200195 4712.19287109 4.77382802963
1477662506047 lifecam22 2490.96826172 4712.09423828 4.77528905869
1477662506112 lifecam22 2483.63134766 4711.04003906 4.77063465118
1477662506181 lifecam22 2477.48071289 4710.56347656 4.77392053604
1477662506245 lifecam22 2471.30322266 4710.45263672 4.77845430374
1477662506312 lifecam22 2465.21240234 4709.796875 4.78501033783
1477662506380 lifecam22 2458.71044922 4708.31542969 4.78414678574
1477662506445 lifecam22 2451.67456055 4707.44775391 4.78191757202
1477662506508 lifecam22 2444.36083984 4704.81005859 4.7746386528
1477662506657 lifecam22 2431.88793945 4703.88085938 4.78001928329
1477662506718 lifecam22 2426.10839844 4702.94287109 4.77960062027
1477662506784 lifecam22 2419.96191406 4702.88085938 4.78951501846
1477662506851 lifecam22 2413.20825195 4702.12402344 4.78983831406
1477662506919 lifecam22 2407.14575195 4701.54882812 4.78883218765
1477662507051 lifecam22 2393.02368164 4699.84082031 4.78794527054
1477662507121 lifecam22 2386.20678711 4698.48632812 4.78475189209
1477662507182 lifecam22 2380.01391602 4697.71435547 4.79051113129
1477662507249 lifecam22 2373.93945312 4697.75048828 4.79386091232
1477662507317 lifecam22 2366.29150391 4696.41015625 4.79329538345
1477662507381 lifecam22 2359.4831543 4694.79443359 4.78944826126
1477662507447 lifecam22 2352.96899414 4694.35302734 4.79083538055
1477662507515 lifecam22 2345.84643555 4692.40771484 4.788626194
1477662507579 lifecam22 2339.48876953 4691.80957031 4.79328918457
1477662507649 lifecam22 2331.98388672 4690.70751953 4.79310274124
1477662507778 lifecam22 2319.52978516 4690.11572266 4.79745101929
1477662507847 lifecam22 2312.47680664 4689.09765625 4.79972410202
1477662507915 lifecam22 2305.60131836 4687.13671875 4.79711341858
1477662507982 lifecam22 2299.01904297 4686.54882812 4.79640293121
1477662508048 lifecam22 2292.3503418 4684.78320312 4.7964720726
1477662508115 lifecam22 2286.17407227 4684.7421875 4.80157327652
1477662508185 lifecam22 2280.32910156 4683.46240234 4.80271720886
1477662508248 lifecam22 2274.3112793 4682.25146484 4.80195188522
1477662508315 lifecam22 2267.97216797 4681.59814453 4.80059957504
1477662508383 lifecam22 2261.17651367 4679.71484375 4.80131244659
1477662508516 lifecam22 2248.61767578 4678.34521484 4.8055896759
1477662508585 lifecam22 2242.13867188 4677.86816406 4.80807352066
1477662508718 lifecam22 2228.47387695 4676.01318359 4.80560159683
1477662508786 lifecam22 2222.0559082 4675.31103516 4.80689382553
1477662508853 lifecam22 2214.85498047 4673.34570312 4.80780696869
1477662508915 lifecam22 2208.90820312 4672.93994141 4.80911540985
1477662508985 lifecam22 2201.6159668 4671.36083984 4.80780267715
1477662509050 lifecam22 2194.80566406 4670.28564453 4.80488204956
1477662509114 lifecam22 2187.56347656 4669.12597656 4.80609035492
1477662509253 lifecam22 2174.65722656 4666.42919922 4.81035280228
1477662509316 lifecam22 2168.86645508 4666.09423828 4.81710147858
1477662509385 lifecam22 2162.1262207 4664.92285156 4.81414365768
1477662509451 lifecam22 2154.4152832 4663.78759766 4.81139039993
1477662509520 lifecam22 2148.46533203 4663.72558594 4.81602668762
1477662509584 lifecam22 2141.88574219 4663.00585938 4.81900930405
1477662509651 lifecam22 2135.66308594 4661.62255859 4.82105255127
1477662509719 lifecam22 2130.10131836 4660.86865234 4.82700824738
1477662509782 lifecam22 2123.33789062 4660.13378906 4.82826423645
1477662509853 lifecam22 2116.95776367 4659.03320312 4.82367944717
1477662509981 lifecam22 2103.70654297 4655.88818359 4.82507038116
1477662510047 lifecam22 2096.76611328 4653.98242188 4.82209157944
1477662510121 lifecam22 2089.6809082 4652.61865234 4.82111883163
1477662510190 lifecam22 2083.03173828 4650.79003906 4.81433439255
1477662510261 lifecam22 2076.0949707 4649.6796875 4.81595039368
1477662510322 lifecam22 2069.43847656 4649.13964844 4.82014846802
1477662510394 lifecam22 2063.18579102 4647.96582031 4.82062721252
1477662510458 lifecam22 2056.84399414 4647.28808594 4.82331085205
1477662510523 lifecam22 2050.84228516 4646.5703125 4.82656574249
1477662510591 lifecam22 2044.17602539 4645.66796875 4.82733488083
1477662510659 lifecam22 2036.85693359 4644.88085938 4.82895421982
1477662510725 lifecam22 2030.51196289 4644.11425781 4.83317565918
1477662510791 lifecam22 2024.82763672 4642.68847656 4.83546447754
1477662510859 lifecam22 2018.13427734 4641.98730469 4.83935499191
1477662510926 lifecam22 2010.83789062 4640.10302734 4.8329873085
1477662510991 lifecam22 2003.51831055 4638.68603516 4.83347702026
1477662511061 lifecam22 1997.6105957 4637.58886719 4.83654737473
1477662511127 lifecam22 1990.54907227 4635.58398438 4.83606290817
1477662511189 lifecam22 1984.30957031 4634.59716797 4.83693408966
1477662511261 lifecam22 1977.54467773 4633.51855469 4.83416557312
1477662511335 lifecam22 1970.23681641 4632.32128906 4.83409309387
1477662511394 lifecam22 1964.00878906 4631.50634766 4.83639907837
1477662511460 lifecam22 1957.77050781 4629.95019531 4.8376531601
1477662511526 lifecam22 1951.1418457 4628.91503906 4.8382229805
1477662511593 lifecam22 1945.02258301 4627.50048828 4.83870124817
1477662511728 lifecam22 1932.9173584 4625.91943359 4.84379816055
1477662511794 lifecam22 1926.43017578 4624.18066406 4.84714651108
1477662511859 lifecam22 1919.90490723 4622.61376953 4.8447971344
1477662511928 lifecam22 1912.96899414 4621.203125 4.84471607208
1477662511994 lifecam22 1905.44482422 4619.68994141 4.84077262878
1477662512059 lifecam22 1899.41210938 4618.69873047 4.84598255157
1477662512127 lifecam22 1893.0859375 4617.67089844 4.84729576111
1477662512195 lifecam22 1886.84863281 4617.55615234 4.85131835938
1477662512261 lifecam22 1879.3223877 4614.99609375 4.84498691559
1477662512326 lifecam22 1872.06652832 4613.70898438 4.84589719772
1477662512395 lifecam22 1866.18591309 4612.72216797 4.84965753555
1477662512462 lifecam22 1859.84082031 4611.65429688 4.85333061218
1477662512527 lifecam22 1853.58740234 4610.87207031 4.8544459343
1477662512578 lifecam20 1781.73779297 4605.88085938 4.80929994583
1477662512595 lifecam22 1778.10241699 4604.84716797 4.80805778503
1477662512644 lifecam20 1774.72851562 4604.3203125 4.80920886993
1477662512661 lifecam22 1771.38696289 4603.42480469 4.80749797821
1477662512778 lifecam20 1764.51293945 4602.54980469 4.80649280548
1477662512793 lifecam22 1757.93701172 4601.04833984 4.80777025223
1477662512842 lifecam20 1754.86401367 4602.08984375 4.81493520737
1477662512862 lifecam22 1751.41674805 4600.97753906 4.81395101547
1477662512910 lifecam20 1748.13476562 4600.69726562 4.81533145905
1477662512930 lifecam22 1744.74499512 4600.21386719 4.81483316422
1477662512980 lifecam20 1741.2512207 4600.23828125 4.81806755066
1477662512995 lifecam22 1738.17333984 4600.11962891 4.82098007202
1477662513043 lifecam20 1735.16723633 4600.18066406 4.82312345505
1477662513062 lifecam22 1732.29614258 4599.91699219 4.82650756836
1477662513110 lifecam20 1729.10009766 4599.85644531 4.82968568802
1477662513129 lifecam22 1725.73095703 4599.56347656 4.83099079132
1477662513179 lifecam20 1722.96166992 4599.84326172 4.83693933487
1477662513197 lifecam22 1719.83312988 4598.859375 4.83687210083
1477662513248 lifecam20 1716.62573242 4598.67822266 4.83776664734
1477662513264 lifecam22 1713.14562988 4598.16308594 4.83657217026
1477662513310 lifecam20 1710.20336914 4598.37597656 4.84249591827
1477662513330 lifecam22 1707.09643555 4597.27001953 4.84276771545
1477662513379 lifecam20 1704.15332031 4597.63574219 4.84700202942
1477662513395 lifecam22 1700.94567871 4597.13720703 4.84832668304
1477662513447 lifecam20 1697.93969727 4597.71484375 4.85478878021
1477662513462 lifecam22 1694.52758789 4596.90380859 4.8546628952
1477662513512 lifecam20 1691.47509766 4596.42919922 4.85786628723
1477662513529 lifecam22 1687.67834473 4595.15820312 4.85571289062
1477662513578 lifecam20 1684.22949219 4594.32324219 4.85258340836
1477662513599 lifecam22 1681.22131348 4593.63818359 4.8520450592
1477662513646 lifecam20 1677.96704102 4593.01953125 4.85393238068
1477662513661 lifecam22 1674.62341309 4591.8828125 4.85370016098
1477662513710 lifecam20 1671.62280273 4591.49316406 4.8562297821
1477662513729 lifecam22 1668.93408203 4591.40332031 4.8583574295
1477662513784 lifecam20 1665.11938477 4590.69140625 4.85663127899
1477662513799 lifecam22 1661.45141602 4589.89941406 4.85537719727
1477662513847 lifecam20 1658.16235352 4589.29882812 4.85702991486
1477662513862 lifecam22 1655.03662109 4588.70263672 4.8574924469
1477662513912 lifecam20 1651.77563477 4588.26123047 4.85835266113
1477662513929 lifecam22 1648.91003418 4587.90039062 4.86167287827
1477662513979 lifecam20 1645.62451172 4587.37353516 4.86327123642
1477662513998 lifecam22 1642.13232422 4586.62695312 4.86350727081
1477662514047 lifecam20 1638.73510742 4586.24658203 4.86443424225
1477662514064 lifecam22 1635.64086914 4585.76855469 4.86547422409
1477662514178 lifecam20 1629.02661133 4584.37695312 4.8667216301
1477662514198 lifecam22 1622.58740234 4583.11669922 4.86740875244
1477662514246 lifecam20 1618.89941406 4582.26660156 4.86621189117
1477662514261 lifecam22 1615.70422363 4581.37207031 4.86822319031
1477662514315 lifecam20 1612.38049316 4580.53027344 4.86775255203
1477662514331 lifecam22 1609.13317871 4579.92871094 4.86772346497
1477662514380 lifecam20 1605.71972656 4579.63769531 4.86988544464
1477662514398 lifecam22 1602.09106445 4578.61425781 4.86879777908
1477662514446 lifecam20 1598.92089844 4577.7109375 4.868019104
1477662514465 lifecam22 1595.4621582 4577.03027344 4.86764240265
1477662514514 lifecam20 1591.41455078 4575.50683594 4.86532926559
1477662514533 lifecam22 1588.57373047 4574.58984375 4.86750888824
1477662514578 lifecam20 1585.69995117 4574.36621094 4.87075328827
1477662514598 lifecam22 1582.31518555 4573.60644531 4.86994504929
1477662514646 lifecam20 1579.07678223 4572.82128906 4.87068605423
1477662514667 lifecam22 1575.87280273 4571.87304688 4.87072086334
1477662514716 lifecam20 1571.88659668 4571.04003906 4.86922931671
1477662514730 lifecam22 1568.015625 4570.3984375 4.86900568008
1477662514789 lifecam20 1564.86010742 4569.95214844 4.87000465393
1477662514796 lifecam22 1561.72998047 4569.40332031 4.8707857132
1477662514915 lifecam20 1555.07543945 4568.19287109 4.8725733757
1477662514930 lifecam22 1548.71496582 4566.55957031 4.87160158157
1477662514989 lifecam20 1545.3605957 4565.58691406 4.8702249527
1477662514995 lifecam22 1541.89123535 4564.65429688 4.86837720871
1477662515048 lifecam20 1538.48876953 4564.01074219 4.87101984024
1477662515058 lifecam22 1535.24645996 4563.35058594 4.87551403046
1477662515114 lifecam20 1531.515625 4562.79492188 4.87477207184
1477662515125 lifecam22 1528.98217773 4562.77050781 4.87770843506
1477662515184 lifecam20 1526.02941895 4561.515625 4.87723588943
1477662515193 lifecam22 1523.04187012 4560.27832031 4.87551689148
1477662515247 lifecam20 1519.59118652 4559.85742188 4.87594079971
1477662515257 lifecam22 1516.34765625 4559.31884766 4.87732315063
1477662515314 lifecam20 1512.74194336 4558.5625 4.87857913971
1477662515325 lifecam22 1509.19238281 4557.37011719 4.87538099289
1477662515384 lifecam20 1505.75012207 4556.33984375 4.87591028214
1477662515393 lifecam22 1502.6529541 4555.96582031 4.88036680222
1477662515455 lifecam20 1499.96044922 4555.30078125 4.88135099411
1477662515459 lifecam22 1496.78955078 4554.19433594 4.88004350662
1477662515516 lifecam20 1492.92712402 4553.4140625 4.8786239624
1477662515526 lifecam22 1489.44482422 4552.72802734 4.87869024277
1477662515658 lifecam22 1482.54492188 4551.11621094 4.87906455994
1477662515714 lifecam20 1472.6784668 4549.29101562 4.88280677795
1477662515726 lifecam22 1469.74047852 4548.79736328 4.88438081741
1477662515781 lifecam20 1465.91088867 4548.09179688 4.88490962982
1477662515792 lifecam22 1462.40966797 4547.34570312 4.88549089432
1477662515852 lifecam20 1458.93139648 4546.48046875 4.88361501694
1477662515861 lifecam22 1455.46166992 4545.390625 4.88069486618
1477662515914 lifecam20 1451.77783203 4544.77441406 4.88148736954
1477662515925 lifecam22 1448.77990723 4544.49462891 4.885181427
1477662515982 lifecam20 1445.20007324 4543.546875 4.88445663452
1477662515995 lifecam22 1441.34790039 4542.67480469 4.88359594345
1477662516052 lifecam20 1437.99072266 4542.09863281 4.88516521454
1477662516061 lifecam22 1434.36645508 4541.04882812 4.88361263275
1477662516114 lifecam20 1430.61352539 4540.35742188 4.88348197937
1477662516124 lifecam22 1427.34399414 4539.92480469 4.8853354454
1477662516183 lifecam20 1424.09790039 4538.80859375 4.88549470901
1477662516193 lifecam22 1420.71728516 4537.55273438 4.8854060173
1477662516256 lifecam20 1417.05639648 4536.75195312 4.8866853714
1477662516262 lifecam22 1414.07421875 4536.19921875 4.88963747025
1477662516382 lifecam20 1406.99389648 4534.31738281 4.88891506195
1477662516396 lifecam22 1399.82995605 4532.38867188 4.88795137405
1477662516449 lifecam20 1396.46813965 4531.82373047 4.88874006271
1477662516460 lifecam22 1393.10681152 4530.95019531 4.88846635818
1477662516520 lifecam20 1389.56347656 4530.29980469 4.88872909546
1477662516532 lifecam22 1386.62670898 4530.17724609 4.89258956909
1477662516582 lifecam20 1383.17126465 4529.52978516 4.89490795135
1477662516593 lifecam22 1379.17211914 4528.49414062 4.89314651489
1477662516653 lifecam20 1375.38549805 4527.57910156 4.89157819748
1477662516662 lifecam22 1372.26062012 4526.81103516 4.8924331665
1477662516728 lifecam20 1369.3659668 4526.25683594 4.89615345001
1477662516736 lifecam22 1366.63793945 4525.49462891 4.89836120605
1477662516785 lifecam20 1363.16711426 4524.84179688 4.8962020874
1477662516794 lifecam22 1359.88305664 4523.93066406 4.89547491074
1477662516853 lifecam20 1356.20654297 4522.61474609 4.89642858505
1477662516862 lifecam22 1353.09619141 4522.09667969 4.898416996
1477662516920 lifecam20 1349.78417969 4521.05566406 4.89780759811
1477662516929 lifecam22 1346.33129883 4519.76171875 4.89677047729
1477662516992 lifecam20 1343.14477539 4519.33398438 4.89868068695
1477662516998 lifecam22 1340.23400879 4518.60058594 4.89788627625
1477662517126 lifecam20 1333.89038086 4516.91796875 4.89973402023
1477662517131 lifecam22 1327.16601562 4514.53515625 4.89670324326
1477662517190 lifecam20 1323.47509766 4513.34570312 4.89533424377
1477662517198 lifecam22 1320.30224609 4512.85058594 4.89922046661
1477662517250 lifecam20 1316.49145508 4511.85546875 4.89783668518
1477662517262 lifecam22 1313.12561035 4510.56689453 4.89531421661
1477662517317 lifecam20 1310.05932617 4510.10302734 4.89761686325
1477662517329 lifecam22 1307.10498047 4509.59472656 4.8996591568
1477662517392 lifecam20 1303.81567383 4508.78759766 4.9002366066
1477662517401 lifecam22 1300.20532227 4508.14404297 4.90087413788
1477662517517 lifecam20 1292.98583984 4506.79296875 4.90039968491
1477662517532 lifecam22 1286.90063477 4505.68945312 4.9031624794
1477662517589 lifecam20 1284.27966309 4505.04101562 4.90586042404
1477662517600 lifecam22 1280.77050781 4503.75 4.90418243408
1477662517649 lifecam20 1277.11816406 4502.88378906 4.90419101715
1477662517663 lifecam22 1273.72949219 4502.3046875 4.9067158699
1477662517717 lifecam20 1270.77685547 4501.54296875 4.90801095963
1477662517729 lifecam22 1267.94165039 4500.70068359 4.90942144394
1477662517789 lifecam20 1263.5715332 4499.56152344 4.907310009
1477662517797 lifecam22 1260.44250488 4498.93359375 4.90781211853
1477662517862 lifecam20 1257.55566406 4498.39550781 4.91017484665
1477662517869 lifecam22 1254.16943359 4497.37109375 4.90977621078
1477662517918 lifecam20 1250.72558594 4496.00341797 4.90770721436
1477662517929 lifecam22 1247.55493164 4495.13183594 4.90779733658
1477662517985 lifecam20 1243.72619629 4494.15283203 4.9080247879
1477662517997 lifecam22 1240.39575195 4493.11572266 4.90904331207
1477662518058 lifecam20 1237.09838867 4491.99755859 4.90819358826
1477662518068 lifecam22 1233.66308594 4490.85205078 4.9060292244
1477662518117 lifecam20 1230.47753906 4489.90039062 4.90670871735
1477662518132 lifecam22 1227.31481934 4488.5546875 4.90499162674
1477662518263 lifecam20 1220.3840332 4486.78710938 4.90502166748
1477662518267 lifecam22 1214.20288086 4485.47167969 4.90774869919
1477662518321 lifecam20 1211.04711914 4485.06103516 4.90824460983
1477662518329 lifecam22 1207.72131348 4484.22363281 4.90757417679
1477662518385 lifecam20 1204.1315918 4483.33300781 4.90932321548
1477662518396 lifecam22 1200.63256836 4482.29736328 4.90805387497
1477662518457 lifecam20 1197.68908691 4481.32714844 4.9089679718
1477662518465 lifecam22 1194.90917969 4480.66992188 4.91313743591
1477662518527 lifecam20 1191.72900391 4480.27246094 4.91448116302
1477662518534 lifecam22 1188.70068359 4479.90039062 4.9159913063
1477662518655 lifecam20 1182.25170898 4478.31347656 4.919257164
1477662518667 lifecam22 1175.31018066 4475.9140625 4.91832780838
1477662518725 lifecam20 1171.79614258 4474.80419922 4.91759347916
1477662518737 lifecam22 1168.89257812 4474.25976562 4.91965579987
1477662518785 lifecam20 1165.28100586 4472.88183594 4.91785573959
1477662518799 lifecam22 1162.19091797 4471.59277344 4.91712331772
1477662518853 lifecam20 1159.14599609 4470.93066406 4.91841030121
1477662518864 lifecam22 1155.94873047 4470.08886719 4.9180316925
1477662518930 lifecam20 1152.17199707 4468.93945312 4.91747426987
1477662518934 lifecam22 1149.01123047 4467.97265625 4.91915559769
1477662519056 lifecam20 1142.48803711 4466.09960938 4.91882705688
1477662519065 lifecam22 1136.11865234 4464.32519531 4.91903781891
1477662519130 lifecam20 1132.87402344 4463.47558594 4.91952514648
1477662519135 lifecam22 1129.58618164 4462.2421875 4.91869163513
1477662519185 lifecam20 1126.1340332 4461.75683594 4.92060756683
1477662519200 lifecam22 1123.25170898 4461.48828125 4.92350053787
1477662519256 lifecam20 1120.06860352 4460.67578125 4.92431926727
1477662519266 lifecam22 1116.74658203 4459.74804688 4.92337703705
1477662519325 lifecam20 1113.12487793 4458.92578125 4.92308855057
1477662519334 lifecam22 1109.72460938 4458.02490234 4.92302370071
1477662519393 lifecam20 1106.29199219 4456.70996094 4.92278051376
1477662519402 lifecam22 1103.04626465 4455.44726562 4.92194271088
1477662519453 lifecam20 1100.03881836 4454.83837891 4.92436504364
1477662519466 lifecam22 1096.69665527 4453.859375 4.92467451096
1477662519523 lifecam20 1093.12463379 4452.85693359 4.92476129532
1477662519535 lifecam22 1089.61181641 4452.06152344 4.92577266693
1477662519593 lifecam20 1086.11975098 4451.3671875 4.92623376846
1477662519605 lifecam22 1082.73400879 4450.64990234 4.92733383179
1477662519654 lifecam20 1079.54919434 4449.70361328 4.92841339111
1477662519667 lifecam22 1076.72558594 4448.52832031 4.9287815094
1477662519798 lifecam20 1069.75805664 4446.18847656 4.92691993713
1477662519803 lifecam22 1063.44689941 4444.31445312 4.92686700821
1477662519853 lifecam20 1060.03356934 4443.21923828 4.92695474625
1477662519864 lifecam22 1056.94128418 4441.90136719 4.92760324478
1477662519921 lifecam20 1053.71630859 4440.9609375 4.92904996872
1477662519932 lifecam22 1050.67358398 4440.52392578 4.93148803711
1477662519991 lifecam20 1047.22131348 4439.81542969 4.93243169785
1477662520000 lifecam22 1043.63110352 4438.64648438 4.93114709854
1477662520060 lifecam20 1040.35961914 4437.98632812 4.93053007126
1477662520068 lifecam22 1037.42614746 4437.10595703 4.92989873886
1477662520193 lifecam20 1030.54541016 4434.93701172 4.93018293381
1477662520201 lifecam22 1024.08435059 4433.12744141 4.93151855469
1477662520265 lifecam20 1020.9206543 4432.33349609 4.93263196945
1477662520271 lifecam22 1017.33868408 4431.42041016 4.93288421631
1477662520326 lifecam20 1013.49707031 4430.13037109 4.93253946304
1477662520334 lifecam22 1010.78533936 4428.95117188 4.93414783478
1477662520390 lifecam20 1007.4699707 4428.01513672 4.93293190002
1477662520401 lifecam22 1004.50964355 4427.25 4.93257474899
1477662520460 lifecam20 1001.63690186 4426.15673828 4.93402242661
1477662520469 lifecam22 998.075866699 4425.00488281 4.93498945236
1477662520522 lifecam20 994.807617188 4424.18603516 4.93466901779
1477662520532 lifecam22 991.839477539 4422.89697266 4.9328250885
1477662520589 lifecam20 988.962036133 4421.73144531 4.93334817886
1477662520599 lifecam22 986.100952148 4420.58203125 4.9325633049
1477662520660 lifecam20 982.353027344 4419.14599609 4.93110990524
1477662520668 lifecam22 978.928283691 4418.40332031 4.93325424194
1477662520728 lifecam20 975.924865723 4417.79443359 4.93437147141
1477662520736 lifecam22 972.869628906 4416.74609375 4.93359375
1477662520789 lifecam20 969.309814453 4415.91552734 4.93491363525
1477662520800 lifecam22 966.416809082 4415.20507812 4.93686819077
1477662520933 lifecam20 959.768615723 4413.51074219 4.93829584122
1477662520939 lifecam22 952.856628418 4411.44824219 4.93714523315
1477662520989 lifecam20 949.606506348 4410.93359375 4.93744421005
1477662521004 lifecam22 946.87109375 4410.64794922 4.94103574753
1477662521057 lifecam20 943.431396484 4410.04589844 4.94543361664
1477662521070 lifecam22 940.139648438 4408.96240234 4.94599056244
1477662521128 lifecam20 937.03894043 4407.671875 4.94433307648
1477662521137 lifecam22 933.599487305 4406.69628906 4.94486379623
1477662521190 lifecam20 930.136535645 4405.54248047 4.94427537918
1477662521200 lifecam22 927.400756836 4404.58203125 4.94460487366
1477662521270 lifecam22 923.85760498 4403.47949219 4.94421386719
1477662521330 lifecam20 917.316589355 4401.83398438 4.94710111618
1477662521337 lifecam22 914.272949219 4400.74169922 4.94696331024
1477662521392 lifecam20 910.281616211 4399.16845703 4.94401264191
1477662521401 lifecam22 906.854125977 4398.33886719 4.94511604309
1477662521450 lifecam20 903.630249023 4397.45214844 4.94735813141
1477662521466 lifecam22 900.516113281 4395.95019531 4.94631719589
1477662521527 lifecam20 897.171386719 4394.82910156 4.94691371918
1477662521540 lifecam22 894.031616211 4393.77441406 4.94764852524
1477662521595 lifecam20 890.697814941 4392.48388672 4.94621658325
1477662521656 lifecam20 887.552429199 4391.51464844 4.94656181335
1477662521677 lifecam22 881.251708984 4389.33984375 4.94758081436
1477662521724 lifecam20 877.402160645 4388.24609375 4.94763612747
1477662521743 lifecam22 873.844726562 4387.13085938 4.94661235809
1477662521793 lifecam20 870.778808594 4386.52978516 4.94821882248
1477662521809 lifecam22 867.739440918 4385.828125 4.94869470596
1477662521858 lifecam20 864.167602539 4384.57421875 4.94837713242
1477662521875 lifecam22 860.753356934 4383.53662109 4.94962978363
1477662521924 lifecam20 857.513916016 4382.82275391 4.95080661774
1477662521944 lifecam22 854.300170898 4381.64648438 4.9489197731
1477662521992 lifecam20 851.019042969 4380.39550781 4.94979190826
1477662522008 lifecam22 847.525756836 4379.28710938 4.95174455643
1477662522056 lifecam20 844.119995117 4378.35546875 4.9515838623
1477662522078 lifecam22 841.685913086 4377.6796875 4.95400857925
1477662522124 lifecam20 838.624450684 4376.92626953 4.95628738403
1477662522144 lifecam22 835.952148438 4376.46728516 4.95874738693
1477662522192 lifecam20 832.491699219 4374.83105469 4.9570941925
1477662522207 lifecam22 829.107788086 4373.09814453 4.95500087738
1477662522260 lifecam20 826.736938477 4372.54003906 4.95508098602
1477662522275 lifecam22 824.970397949 4372.15625 4.95401382446
1477662522340 lifecam22 825.882568359 4372.30273438 4.95368242264
1477662522392 lifecam20 826.562255859 4372.22021484 4.95148611069
1477662522411 lifecam22 826.158081055 4372.05371094 4.95138025284
1477662522460 lifecam20 826.809448242 4372.3359375 4.95218372345
1477662522475 lifecam22 827.037353516 4372.42675781 4.95251274109
1477662522524 lifecam20 826.449829102 4372.22070312 4.95178794861
1477662522546 lifecam22 826.172485352 4372.25146484 4.95264339447
1477662522592 lifecam20 826.614379883 4372.41015625 4.95322132111
1477662522614 lifecam22 826.729125977 4372.23144531 4.95139122009
1477662522660 lifecam20 826.411621094 4372.01757812 4.9505610466
1477662522724 lifecam20 826.600769043 4372.12011719 4.95064163208
1477662522746 lifecam22 826.670166016 4372.171875 4.95156621933
1477662522792 lifecam20 826.633789062 4372.20214844 4.95190286636
1477662522812 lifecam22 826.796630859 4372.26953125 4.95155286789
1477662522862 lifecam20 826.733398438 4372.27734375 4.95222330093
1477662522877 lifecam22 826.482543945 4372.33056641 4.95322227478
1477662522926 lifecam20 826.575012207 4372.36572266 4.95288085938
1477662522943 lifecam22 826.512878418 4372.25585938 4.95203351974
1477662522992 lifecam20 826.485229492 4372.19628906 4.95169639587
1477662523013 lifecam22 826.52746582 4372.23242188 4.9519276619
1477662523060 lifecam20 826.710327148 4372.28808594 4.95241069794
1477662523083 lifecam22 826.682312012 4372.28515625 4.95244789124
1477662523128 lifecam20 826.220703125 4372.16894531 4.95180845261
1477662523142 lifecam22 826.264892578 4372.1484375 4.95153522491
1477662523192 lifecam20 826.668273926 4372.26318359 4.95226478577
1477662523211 lifecam22 826.640136719 4372.29882812 4.95324707031
1477662523260 lifecam20 826.51385498 4372.26171875 4.95268249512
1477662523280 lifecam22 826.579711914 4372.20654297 4.9514465332
1477662523327 lifecam20 826.579711914 4372.20654297 4.9514465332
1477662523343 lifecam22 826.440917969 4372.11328125 4.95090675354
1477662523413 lifecam22 826.449584961 4372.32910156 4.95280838013
1477662523460 lifecam20 826.478881836 4372.37207031 4.95313692093
1477662523479 lifecam22 826.612854004 4372.34667969 4.95262813568
1477662523529 lifecam20 826.52532959 4372.30078125 4.95239019394
1477662523544 lifecam22 826.391357422 4372.32666016 4.95289897919
1477662523592 lifecam20 826.361938477 4372.28320312 4.95256948471
1477662523615 lifecam22 826.447631836 4372.33984375 4.95289564133
1477662523660 lifecam20 826.661560059 4372.42285156 4.9536986351
1477662523680 lifecam22 826.582397461 4372.20605469 4.95193910599
1477662523728 lifecam20 826.272460938 4372.05566406 4.95071315765
1477662523797 lifecam20 826.396484375 4372.07128906 4.95061588287
1477662523813 lifecam22 826.386230469 4372.13378906 4.95119810104
1477662523860 lifecam20 826.423950195 4372.19970703 4.95171070099
1477662523881 lifecam22 826.559692383 4372.23535156 4.95174121857
1477662523928 lifecam20 826.642333984 4372.29101562 4.95255994797
1477662523947 lifecam22 826.660461426 4372.34277344 4.95358085632
1477662523999 lifecam20 826.667724609 4372.26953125 4.95291614532
1477662524013 lifecam22 826.561767578 4372.10058594 4.95102882385
1477662524059 lifecam20 826.493896484 4372.14941406 4.95112133026
1477662524079 lifecam22 826.579711914 4372.20654297 4.9514465332
1477662524129 lifecam20 826.579711914 4372.20654297 4.9514465332
1477662524140 lifecam22 826.655883789 4372.25 4.95220279694
1477662524199 lifecam20 826.782165527 4372.28710938 4.95276737213
1477662524207 lifecam22 826.582397461 4372.20605469 4.95193910599
1477662524254 lifecam20 826.456665039 4372.09521484 4.95118904114
1477662524268 lifecam22 826.532165527 4372.21484375 4.95209646225
1477662524328 lifecam20 826.40625 4372.17773438 4.95153045654
1477662524347 lifecam22 826.323974609 4372.11572266 4.95122289658
1477662524395 lifecam20 826.384155273 4372.13964844 4.951795578
