1477663272301 lifecam22 3376.00561523 4778.60546875 4.71143245697
1477663272368 lifecam22 3374.80932617 4777.52392578 4.70405197144
1477663272434 lifecam22 3374.7487793 4777.61035156 4.70481061935
1477663272501 lifecam22 3375.03198242 4778.02539062 4.70599079132
1477663272635 lifecam22 3374.53637695 4777.88867188 4.70598602295
1477663272702 lifecam22 3376.1628418 4777.71484375 4.70336580276
1477663272769 lifecam22 3376.26513672 4777.22607422 4.69891119003
1477663272835 lifecam22 3375.01000977 4777.26513672 4.7004275322
1477663272903 lifecam22 3375.56591797 4776.95849609 4.69911813736
1477663272970 lifecam22 3376.79858398 4777.38623047 4.70152664185
1477663273038 lifecam22 3376.93041992 4777.66357422 4.70271205902
1477663273103 lifecam22 3376.1628418 4777.71484375 4.70336580276
1477663273169 lifecam22 3374.94091797 4777.0546875 4.6998500824
1477663273239 lifecam22 3377.38647461 4778.38769531 4.7068271637
1477663273310 lifecam22 3377.10546875 4778.39013672 4.70681762695
1477663273369 lifecam22 3376.83032227 4778.25488281 4.70402383804
1477663273437 lifecam22 3376.06030273 4778.62841797 4.70591974258
1477663273502 lifecam22 3373.71191406 4778.3984375 4.70651578903
1477663273571 lifecam22 3374.15966797 4779.12988281 4.71057081223
1477663273708 lifecam22 3374.15649414 4778.28710938 4.70690250397
1477663273772 lifecam22 3373.06542969 4777.19335938 4.70068788528
1477663273837 lifecam22 3373.21704102 4777.48388672 4.70205116272
1477663273906 lifecam22 3373.34667969 4777.75341797 4.70321989059
1477663273970 lifecam22 3373.8737793 4778.41894531 4.70671224594
1477663274040 lifecam22 3373.51904297 4778.06494141 4.70477247238
1477663274104 lifecam22 3374.55859375 4779.25097656 4.71172857285
1477663274170 lifecam22 3373.73339844 4778.41992188 4.70670890808
1477663274238 lifecam22 3374.36352539 4779.19384766 4.7111492157
1477663274305 lifecam22 3374.55419922 4779.52783203 4.71288108826
1477663274442 lifecam22 3373.51904297 4778.06494141 4.70477247238
1477663274504 lifecam22 3375.06689453 4777.47558594 4.70235157013
1477663274572 lifecam22 3374.4140625 4779.52783203 4.71288156509
1477663274640 lifecam22 3367.33618164 4779.70947266 4.71461009979
1477663274707 lifecam22 3360.32983398 4781.11035156 4.72782993317
1477663274781 lifecam22 3356.109375 4780.87158203 4.7255859375
1477663274843 lifecam22 3346.66137695 4780.89941406 4.72584724426
1477663274911 lifecam22 3342.48046875 4781.10839844 4.72781038284
1477663274979 lifecam22 3335.23095703 4779.04443359 4.72632694244
1477663275044 lifecam22 3328.7265625 4778.95117188 4.73003005981
1477663275114 lifecam22 3321.83007812 4777.30126953 4.72990751266
1477663275179 lifecam22 3316.1809082 4776.91748047 4.74253416061
1477663275247 lifecam22 3310.39990234 4775.99121094 4.74076747894
1477663275311 lifecam22 3302.35473633 4774.88623047 4.7339758873
1477663275378 lifecam22 3296.17260742 4774.59082031 4.73232460022
1477663275454 lifecam22 3289.46704102 4774.73486328 4.73366785049
1477663275511 lifecam22 3282.45141602 4774.56982422 4.7321267128
1477663275580 lifecam22 3276.71337891 4774.81054688 4.73436784744
1477663275650 lifecam22 3269.58691406 4774.97705078 4.73591852188
1477663275711 lifecam22 3262.85131836 4774.80859375 4.73434972763
1477663275850 lifecam22 3249.53759766 4774.78076172 4.73822927475
1477663275914 lifecam22 3242.89819336 4774.70703125 4.74289941788
1477663275982 lifecam22 3236.90966797 4773.81396484 4.75110626221
1477663276049 lifecam22 3230.15551758 4772.19726562 4.75283002853
1477663276116 lifecam22 3222.65966797 4770.41748047 4.74602413177
1477663276181 lifecam22 3215.3190918 4768.80761719 4.73507261276
1477663276249 lifecam22 3207.03979492 4766.24267578 4.71730709076
1477663276318 lifecam22 3200.21044922 4765.91308594 4.71654319763
1477663276382 lifecam22 3194.77148438 4766.99023438 4.72561359406
1477663276449 lifecam22 3189.50732422 4767.78027344 4.73408842087
1477663276525 lifecam22 3182.76806641 4767.86572266 4.73640775681
1477663276577 lifecam22 3176.88891602 4768.25292969 4.74286651611
1477663276647 lifecam22 3170.34350586 4768.46972656 4.74623584747
1477663276715 lifecam22 3165.44555664 4766.97607422 4.76341152191
1477663276783 lifecam22 3159.10644531 4767.19677734 4.7651424408
1477663276914 lifecam22 3145.84130859 4764.39648438 4.75599241257
1477663276983 lifecam22 3138.6730957 4764.22314453 4.75569248199
1477663277046 lifecam22 3130.23022461 4762.48095703 4.74733924866
1477663277184 lifecam22 3116.55957031 4761.57226562 4.74547863007
1477663277249 lifecam22 3109.65478516 4761.52929688 4.74507665634
1477663277319 lifecam22 3102.9465332 4761.51757812 4.74764537811
1477663277384 lifecam22 3098.52636719 4762.05273438 4.76589870453
1477663277454 lifecam22 3092.17675781 4762.03515625 4.77055263519
1477663277515 lifecam22 3085.60498047 4760.69042969 4.77125167847
1477663277584 lifecam22 3079.25415039 4759.63916016 4.76794481277
1477663277651 lifecam22 3071.25927734 4757.77587891 4.756772995
1477663277715 lifecam22 3065.10888672 4757.54443359 4.75823926926
1477663277786 lifecam22 3057.73461914 4756.51025391 4.75133466721
1477663277853 lifecam22 3051.10546875 4755.78417969 4.75211763382
1477663277923 lifecam22 3044.6237793 4755.07568359 4.7542424202
1477663277982 lifecam22 3039.68774414 4755.24365234 4.76879167557
1477663278053 lifecam22 3033.12329102 4754.54248047 4.77104330063
1477663278112 lifecam22 3026.66845703 4753.38427734 4.76889419556
1477663278178 lifecam22 3019.81616211 4753.40673828 4.76897764206
1477663278311 lifecam22 3005.67138672 4752.03808594 4.7644071579
1477663278377 lifecam22 2998.16088867 4750.67431641 4.76159143448
1477663278444 lifecam22 2992.34521484 4750.62158203 4.76446962357
1477663278513 lifecam22 2985.3762207 4750.26708984 4.76484203339
1477663278580 lifecam22 2980.19604492 4749.25146484 4.77698469162
1477663278653 lifecam22 2973.88354492 4749.11132812 4.77787828445
1477663278711 lifecam22 2966.72631836 4746.85595703 4.77369499207
1477663278776 lifecam22 2960.26074219 4745.79101562 4.76794433594
1477663278845 lifecam22 2953.57592773 4745.08398438 4.76662349701
1477663278910 lifecam22 2947.07739258 4744.29150391 4.76477146149
1477663279045 lifecam22 2933.11376953 4743.30957031 4.76516962051
1477663279112 lifecam22 2928.15991211 4743.49853516 4.77574634552
1477663279180 lifecam22 2921.1105957 4743.46484375 4.77911806107
1477663279247 lifecam22 2915.13085938 4742.20849609 4.78099966049
1477663279311 lifecam22 2908.26000977 4742.11914062 4.78208017349
1477663279383 lifecam22 2900.69165039 4740.01220703 4.77598810196
1477663279443 lifecam22 2894.88696289 4740.26904297 4.78101634979
1477663279513 lifecam22 2886.97753906 4739.25244141 4.77830600739
1477663279579 lifecam22 2880.91430664 4738.60595703 4.78200006485
1477663279643 lifecam22 2875.02441406 4738.23779297 4.79025268555
1477663279780 lifecam22 2861.14428711 4735.95947266 4.78875589371
1477663279847 lifecam22 2854.36157227 4734.70410156 4.78565454483
1477663279914 lifecam22 2846.84570312 4733.73291016 4.78314208984
1477663279979 lifecam22 2840.31201172 4733.34277344 4.7838511467
1477663280048 lifecam22 2833.21142578 4732.42871094 4.78012371063
1477663280114 lifecam22 2827.65087891 4731.91796875 4.78928613663
1477663280182 lifecam22 2822.37988281 4731.63720703 4.79050731659
1477663280247 lifecam22 2815.46337891 4729.90234375 4.78977632523
1477663280312 lifecam22 2809.05029297 4729.36816406 4.78962135315
1477663280380 lifecam22 2802.47705078 4728.38525391 4.79015207291
1477663280453 lifecam22 2796.18212891 4726.33447266 4.7843747139
1477663280515 lifecam22 2789.54370117 4726.28320312 4.78492069244
1477663280581 lifecam22 2783.41821289 4725.94140625 4.79524183273
1477663280646 lifecam22 2777.20068359 4725.04882812 4.79637813568
1477663280715 lifecam22 2770.20996094 4724.20556641 4.79814052582
1477663280846 lifecam22 2756.50634766 4722.93017578 4.79645967484
1477663280917 lifecam22 2749.90771484 4721.78857422 4.79703235626
1477663280981 lifecam22 2743.04931641 4721.33251953 4.79766988754
1477663281050 lifecam22 2736.27734375 4719.84765625 4.79845714569
1477663281115 lifecam22 2729.90039062 4719.38330078 4.80246019363
1477663281191 lifecam22 2723.29516602 4718.97753906 4.80342006683
1477663281253 lifecam22 2716.05566406 4717.61035156 4.80106878281
1477663281321 lifecam22 2708.8996582 4716.43066406 4.79772996902
1477663281389 lifecam22 2702.01049805 4714.80322266 4.79697132111
1477663281456 lifecam22 2695.90087891 4713.83544922 4.8013715744
1477663281524 lifecam22 2688.92871094 4712.89501953 4.80009365082
1477663281591 lifecam22 2683.06103516 4712.56005859 4.80538749695
1477663281652 lifecam22 2676.13061523 4711.39013672 4.80510473251
1477663281721 lifecam22 2670.68530273 4711.74755859 4.8107714653
1477663281789 lifecam22 2663.20166016 4710.55664062 4.80754375458
1477663281920 lifecam22 2651.61767578 4708.79345703 4.81404685974
1477663281990 lifecam22 2644.68579102 4707.52148438 4.81564998627
1477663282058 lifecam22 2638.49536133 4707.4140625 4.81649065018
1477663282120 lifecam22 2631.24145508 4705.41552734 4.8122420311
1477663282190 lifecam22 2624.07495117 4703.30517578 4.80606937408
1477663282261 lifecam22 2617.1730957 4701.81445312 4.80505847931
1477663282323 lifecam22 2610.96801758 4700.99169922 4.80922889709
1477663282390 lifecam22 2604.65551758 4700.44482422 4.81222772598
1477663282458 lifecam22 2597.40063477 4698.67919922 4.80732393265
1477663282521 lifecam22 2591.25610352 4698.11669922 4.80803966522
1477663282591 lifecam22 2584.33496094 4697.62792969 4.8114657402
1477663282657 lifecam22 2578.87207031 4697.82373047 4.81724262238
1477663282727 lifecam22 2572.20117188 4697.12792969 4.82286405563
1477663282789 lifecam22 2565.66723633 4696.42382812 4.82469177246
1477663282860 lifecam22 2560.00488281 4696.14453125 4.8320646286
1477663282929 lifecam22 2552.72387695 4695.17919922 4.82962083817
1477663282988 lifecam22 2545.70654297 4693.62011719 4.82629156113
1477663283056 lifecam22 2539.23413086 4692.91748047 4.83045959473
1477663283125 lifecam22 2532.51782227 4691.87207031 4.83176612854
1477663283187 lifecam22 2525.5625 4689.16992188 4.8279542923
1477663283263 lifecam22 2518.77783203 4687.47314453 4.82190084457
1477663283325 lifecam22 2512.61279297 4686.64111328 4.82343578339
1477663283393 lifecam22 2505.35888672 4685.44726562 4.82281064987
1477663283458 lifecam22 2498.99584961 4684.97753906 4.82536315918
1477663283525 lifecam22 2492.11816406 4682.66357422 4.82284069061
1477663283656 lifecam22 2479.33276367 4681.17919922 4.82624959946
1477663283727 lifecam22 2472.69775391 4680.44287109 4.82746553421
1477663283796 lifecam22 2466.68774414 4680.00585938 4.82898902893
1477663283859 lifecam22 2460.40917969 4677.70068359 4.83005619049
1477663283926 lifecam22 2454.69287109 4677.46484375 4.83513498306
1477663283995 lifecam22 2448.18041992 4675.82226562 4.83547878265
1477663284058 lifecam22 2441.47119141 4674.35253906 4.83300876617
1477663284125 lifecam22 2434.38110352 4672.87207031 4.83063554764
1477663284193 lifecam22 2427.99633789 4671.87597656 4.83556890488
1477663284262 lifecam22 2421.54711914 4671.296875 4.8384642601
1477663284323 lifecam22 2415.421875 4669.96582031 4.83807611465
1477663284387 lifecam22 2408.84716797 4669.24267578 4.83953475952
1477663284456 lifecam22 2401.55688477 4668.43945312 4.83848905563
1477663284519 lifecam22 2395.42797852 4667.44189453 4.84301185608
1477663284586 lifecam22 2388.96533203 4666.73242188 4.84555101395
1477663284718 lifecam22 2375.15283203 4663.54003906 4.84264612198
1477663284790 lifecam22 2368.11669922 4661.76904297 4.83985853195
1477663284857 lifecam22 2362.51245117 4661.15136719 4.8446893692
1477663284925 lifecam22 2355.22338867 4659.88476562 4.84784221649
1477663284987 lifecam22 2348.54077148 4657.39404297 4.84121179581
1477663285054 lifecam22 2341.59960938 4655.97607422 4.84127998352
1477663285122 lifecam22 2335.36987305 4655.50927734 4.84470844269
1477663285190 lifecam22 2328.98339844 4654.90234375 4.84851932526
1477663285253 lifecam22 2322.42016602 4654.36083984 4.85169458389
1477663285321 lifecam22 2316.10107422 4653.55322266 4.85555744171
1477663285393 lifecam22 2309.14013672 4651.03710938 4.85405492783
1477663285454 lifecam22 2302.94140625 4650.50292969 4.85371780396
1477663285523 lifecam22 2296.44921875 4648.37548828 4.85261058807
1477663285588 lifecam22 2289.95898438 4646.84033203 4.8523106575
1477663285658 lifecam22 2284.18164062 4646.2578125 4.85603761673
1477663285792 lifecam22 2271.23754883 4642.05224609 4.84847831726
1477663285855 lifecam22 2264.68066406 4641.26513672 4.85242462158
1477663285923 lifecam22 2257.85986328 4639.33203125 4.84905529022
1477663285991 lifecam22 2251.43115234 4638.54101562 4.85295963287
1477663286055 lifecam22 2244.65820312 4637.29589844 4.85240745544
1477663286122 lifecam22 2238.43530273 4636.44384766 4.8531832695
1477663286189 lifecam22 2231.63500977 4635.43359375 4.85583114624
1477663286254 lifecam22 2226.30175781 4635.20410156 4.86184740067
1477663286323 lifecam22 2219.62866211 4634.16748047 4.86488723755
1477663286389 lifecam22 2213.1315918 4632.95507812 4.86752033234
1477663286467 lifecam22 2205.42285156 4631.31542969 4.86288785934
1477663286524 lifecam22 2199.12451172 4630.44824219 4.86815786362
1477663286588 lifecam22 2193.02661133 4628.07324219 4.86555337906
1477663286657 lifecam22 2186.26196289 4627.38476562 4.87074041367
1477663286726 lifecam22 2179.21899414 4625.20605469 4.86499214172
1477663286857 lifecam22 2165.98852539 4621.44042969 4.86289644241
1477663286925 lifecam22 2159.56030273 4620.91601562 4.86684179306
1477663286993 lifecam22 2152.38916016 4619.45458984 4.86421346664
1477663287059 lifecam22 2146.30249023 4618.17529297 4.86559343338
1477663287125 lifecam22 2139.77099609 4616.50439453 4.86829948425
1477663287192 lifecam22 2133.47338867 4615.07910156 4.86523151398
1477663287256 lifecam22 2126.89135742 4613.30664062 4.86483764648
1477663287322 lifecam22 2121.0949707 4613.4140625 4.87178277969
1477663287399 lifecam22 2114.85327148 4611.86035156 4.87417221069
1477663287462 lifecam22 2108.70996094 4610.49462891 4.87960720062
1477663287537 lifecam22 2101.72216797 4608.59667969 4.87511444092
1477663287597 lifecam22 2095.07324219 4606.79296875 4.87715005875
1477663287667 lifecam22 2088.52319336 4605.50244141 4.87535715103
1477663287732 lifecam22 2081.69824219 4604.2421875 4.87665939331
1477663287796 lifecam22 2076.37939453 4603.31640625 4.88244152069
1477663287930 lifecam22 2061.69213867 4600.16503906 4.87751531601
1477663288001 lifecam22 2055.17041016 4598.68554688 4.87894916534
1477663288063 lifecam22 2049.33764648 4597.63330078 4.88215970993
1477663288134 lifecam22 2042.66210938 4596.77148438 4.88450193405
1477663288180 lifecam20 1974.92993164 4591.23339844 4.84194898605
1477663288202 lifecam22 1971.66491699 4590.08349609 4.84045124054
1477663288247 lifecam20 1967.49475098 4589.6171875 4.83967494965
1477663288264 lifecam22 1963.94030762 4589.03125 4.84096622467
1477663288312 lifecam20 1960.97741699 4588.62548828 4.84355449677
1477663288332 lifecam22 1957.73388672 4588.16308594 4.84496116638
1477663288380 lifecam20 1954.07788086 4587.99462891 4.84491348267
1477663288400 lifecam22 1950.76196289 4586.62304688 4.8421792984
1477663288448 lifecam20 1947.83740234 4586.63769531 4.84701251984
1477663288463 lifecam22 1944.72314453 4585.73583984 4.84754085541
1477663288516 lifecam20 1941.6015625 4585.54980469 4.84978342056
1477663288532 lifecam22 1938.14501953 4584.74902344 4.84841585159
1477663288579 lifecam20 1935.21972656 4584.74560547 4.85267925262
1477663288600 lifecam22 1932.29516602 4583.92724609 4.85446882248
1477663288649 lifecam20 1929.13305664 4584.10058594 4.85772371292
1477663288667 lifecam22 1925.70849609 4583.54980469 4.85897159576
1477663288717 lifecam20 1922.52587891 4583.75634766 4.8620557785
1477663288732 lifecam22 1919.30969238 4583.47753906 4.86259508133
1477663288780 lifecam20 1916.15332031 4583.75585938 4.86891078949
1477663288800 lifecam22 1912.81689453 4582.69921875 4.86859369278
1477663288847 lifecam20 1909.78662109 4582.32128906 4.87001419067
1477663288869 lifecam22 1906.58911133 4581.86328125 4.87260246277
1477663288935 lifecam22 1903.56518555 4580.91601562 4.87149333954
1477663288979 lifecam20 1897.44970703 4580.74121094 4.8789525032
1477663288998 lifecam22 1894.3527832 4580.35449219 4.88242912292
1477663289047 lifecam20 1891.32019043 4580.56982422 4.88736963272
1477663289066 lifecam22 1887.87182617 4579.85253906 4.88476848602
1477663289116 lifecam20 1884.55688477 4579.20410156 4.88701534271
1477663289131 lifecam22 1880.93505859 4577.60644531 4.88673353195
1477663289180 lifecam20 1877.97949219 4576.94873047 4.88523435593
1477663289198 lifecam22 1875.35839844 4576.53662109 4.88806629181
1477663289247 lifecam20 1871.61254883 4575.77441406 4.88867616653
1477663289317 lifecam20 1868.35327148 4574.61816406 4.88705968857
1477663289331 lifecam22 1861.42260742 4572.54150391 4.88384771347
1477663289383 lifecam20 1858.2598877 4571.72265625 4.88554239273
1477663289400 lifecam22 1855.40917969 4570.82421875 4.88579034805
1477663289447 lifecam20 1851.76196289 4570.01367188 4.8843588829
1477663289468 lifecam22 1848.18823242 4569.42529297 4.88630199432
1477663289515 lifecam20 1845.23242188 4569.24316406 4.88842105865
1477663289538 lifecam22 1842.73156738 4569.17578125 4.89150476456
1477663289583 lifecam20 1839.0604248 4568.5625 4.8940243721
1477663289598 lifecam22 1835.19116211 4567.828125 4.89442777634
1477663289648 lifecam20 1832.16210938 4567.37304688 4.89412975311
1477663289669 lifecam22 1829.32641602 4566.71386719 4.8939909935
1477663289716 lifecam20 1825.81665039 4566.36914062 4.89689683914
1477663289782 lifecam20 1822.38232422 4565.46289062 4.89686727524
1477663289800 lifecam22 1815.68261719 4563.89550781 4.89902973175
1477663289847 lifecam20 1812.49768066 4563.34765625 4.90070486069
1477663289867 lifecam22 1809.09265137 4562.85546875 4.90123224258
1477663289915 lifecam20 1805.63671875 4561.63574219 4.90046787262
1477663289937 lifecam22 1802.43530273 4560.47070312 4.89922523499
1477663289984 lifecam20 1799.08508301 4560.29589844 4.90084314346
1477663290000 lifecam22 1795.59655762 4559.71875 4.9024605751
1477663290050 lifecam20 1791.74243164 4558.30566406 4.89815187454
1477663290067 lifecam22 1788.53149414 4557.25976562 4.8975353241
1477663290114 lifecam20 1785.37475586 4556.29394531 4.89914083481
1477663290138 lifecam22 1782.07714844 4555.34667969 4.89864730835
1477663290183 lifecam20 1778.56628418 4554.23925781 4.89800071716
1477663290203 lifecam22 1775.03955078 4553.15722656 4.89819002151
1477663290254 lifecam20 1771.93798828 4552.61621094 4.89948415756
1477663290267 lifecam22 1769.12207031 4551.76660156 4.89935493469
1477663290315 lifecam20 1765.46618652 4550.36474609 4.89754486084
1477663290383 lifecam20 1762.04711914 4550.03125 4.89956855774
1477663290406 lifecam22 1754.87548828 4548.33544922 4.8992805481
1477663290451 lifecam20 1751.62915039 4547.62792969 4.89926433563
1477663290469 lifecam22 1748.63354492 4546.84277344 4.89951944351
1477663290515 lifecam20 1745.33874512 4546.15332031 4.90088558197
1477663290536 lifecam22 1742.17407227 4545.62695312 4.90259027481
1477663290583 lifecam20 1738.36413574 4544.94287109 4.90235567093
1477663290603 lifecam22 1735.04492188 4544.09472656 4.90200138092
1477663290653 lifecam20 1731.84741211 4543.11132812 4.90191650391
1477663290668 lifecam22 1729.16064453 4542.28417969 4.9031496048
1477663290715 lifecam20 1725.81091309 4541.83496094 4.9056687355
1477663290736 lifecam22 1721.81103516 4541.26464844 4.90650033951
1477663290783 lifecam20 1718.90869141 4540.6328125 4.90838050842
1477663290803 lifecam22 1716.44506836 4539.91552734 4.91006088257
1477663290852 lifecam20 1712.74829102 4538.83203125 4.90900325775
1477663290873 lifecam22 1709.33959961 4537.38476562 4.90661716461
1477663290919 lifecam20 1706.0222168 4537.00195312 4.90797948837
1477663290935 lifecam22 1702.74584961 4536.32373047 4.9072971344
1477663290983 lifecam20 1700.06225586 4534.99511719 4.90719652176
1477663291003 lifecam22 1697.4621582 4534.62011719 4.91222858429
1477663291060 lifecam20 1694.14501953 4533.87109375 4.91300725937
1477663291071 lifecam22 1690.97387695 4532.72167969 4.91243839264
1477663291119 lifecam20 1686.79467773 4531.64306641 4.91032457352
1477663291130 lifecam22 1683.14050293 4530.36621094 4.9077501297
1477663291185 lifecam20 1680.73535156 4529.6015625 4.90789699554
1477663291197 lifecam22 1677.67236328 4529.30566406 4.91073131561
1477663291250 lifecam20 1673.8815918 4528.66113281 4.91327428818
1477663291263 lifecam22 1670.45300293 4527.953125 4.91484451294
1477663291319 lifecam20 1667.18261719 4527.02832031 4.91440725327
1477663291329 lifecam22 1664.10473633 4526.046875 4.91400337219
1477663291451 lifecam20 1657.34570312 4525.08007812 4.91633749008
1477663291465 lifecam22 1649.96972656 4523.20605469 4.91480493546
1477663291519 lifecam20 1646.71435547 4521.85449219 4.91350078583
1477663291590 lifecam20 1643.34350586 4520.59277344 4.91262340546
1477663291598 lifecam22 1637.99462891 4519.12304688 4.91685581207
1477663291650 lifecam20 1634.42272949 4518.45703125 4.91666555405
1477663291666 lifecam22 1630.39697266 4517.14306641 4.91369342804
1477663291719 lifecam20 1627.41333008 4516.76660156 4.91676807404
1477663291734 lifecam22 1624.89367676 4516.52001953 4.91849040985
1477663291797 lifecam20 1621.23413086 4515.28027344 4.91635417938
1477663291801 lifecam22 1617.73583984 4514.10986328 4.9162364006
1477663291852 lifecam20 1614.08666992 4512.9296875 4.9167175293
1477663291866 lifecam22 1610.75537109 4511.97412109 4.91752433777
1477663291923 lifecam20 1607.6328125 4511.41796875 4.91821289062
1477663291933 lifecam22 1604.31103516 4510.37060547 4.91708993912
1477663291983 lifecam20 1601.11450195 4509.41992188 4.91858911514
1477663292000 lifecam22 1598.39648438 4508.78515625 4.92113113403
1477663292054 lifecam20 1595.16662598 4507.99755859 4.92183828354
1477663292065 lifecam22 1592.01721191 4506.984375 4.92232608795
1477663292122 lifecam20 1588.33312988 4506.08007812 4.92170906067
1477663292189 lifecam20 1585.10107422 4505.44189453 4.92272043228
1477663292201 lifecam22 1578.37304688 4503.98242188 4.92331266403
1477663292263 lifecam20 1575.09741211 4503.23339844 4.92437505722
1477663292268 lifecam22 1571.69238281 4502.34667969 4.92433786392
1477663292324 lifecam20 1568.34753418 4501.55419922 4.92477035522
1477663292334 lifecam22 1565.01916504 4500.81542969 4.92484664917
1477663292387 lifecam20 1561.55554199 4499.37402344 4.92303228378
1477663292401 lifecam22 1558.10327148 4497.88916016 4.92247438431
1477663292458 lifecam20 1555.15136719 4497.35058594 4.92434072495
1477663292466 lifecam22 1552.27734375 4496.63085938 4.92397546768
1477663292544 lifecam22 1549.35742188 4495.77001953 4.92530345917
1477663292588 lifecam20 1542.60888672 4494.45507812 4.92710399628
1477663292602 lifecam22 1539.65124512 4493.75390625 4.9278883934
1477663292654 lifecam20 1536.15966797 4492.10205078 4.92547035217
1477663292668 lifecam22 1532.44750977 4491.01171875 4.92583990097
1477663292719 lifecam20 1529.46643066 4490.24121094 4.92896652222
1477663292735 lifecam22 1526.78515625 4489.00390625 4.92887496948
1477663292789 lifecam20 1523.25720215 4488.03222656 4.92720794678
1477663292802 lifecam22 1520.0378418 4487.38037109 4.92772245407
1477663292860 lifecam20 1515.90820312 4486.10205078 4.92764186859
1477663292867 lifecam22 1512.04980469 4484.75585938 4.92685985565
1477663292932 lifecam22 1509.38635254 4484.21582031 4.92792654037
1477663292980 lifecam20 1503.23596191 4482.99658203 4.93071269989
1477663292997 lifecam22 1499.69189453 4481.82666016 4.93074798584
1477663293055 lifecam20 1495.89257812 4480.82519531 4.92985916138
1477663293068 lifecam22 1492.61645508 4480.15917969 4.9310708046
1477663293130 lifecam20 1489.35339355 4479.55664062 4.93347835541
1477663293136 lifecam22 1486.47363281 4479.02636719 4.93590307236
1477663293187 lifecam20 1483.42602539 4478.28564453 4.93645000458
1477663293202 lifecam22 1479.78466797 4477.30126953 4.9363899231
1477663293254 lifecam20 1476.43041992 4476.52001953 4.93721628189
1477663293326 lifecam20 1472.59082031 4475.43701172 4.93625020981
1477663293335 lifecam22 1465.82495117 4473.71337891 4.93650054932
1477663293386 lifecam20 1462.62792969 4473.04394531 4.93840265274
1477663293399 lifecam22 1459.62719727 4472.12695312 4.93865203857
1477663293457 lifecam20 1456.28820801 4471.24511719 4.93937301636
1477663293470 lifecam22 1453.1171875 4470.78564453 4.94253873825
1477663293526 lifecam20 1449.546875 4469.92431641 4.94192409515
1477663293533 lifecam22 1445.6875 4468.56982422 4.93941783905
1477663293587 lifecam20 1441.99487305 4467.69433594 4.94078159332
1477663293600 lifecam22 1438.9576416 4467.11328125 4.94363880157
1477663293655 lifecam20 1435.44140625 4465.56542969 4.94093894958
1477663293668 lifecam22 1431.83886719 4463.96582031 4.93748188019
1477663293723 lifecam20 1428.5871582 4463.25146484 4.93874692917
1477663293735 lifecam22 1424.82397461 4461.83691406 4.93663072586
1477663293800 lifecam20 1420.97509766 4460.27050781 4.9345946312
1477663293804 lifecam22 1417.74243164 4459.30273438 4.93528413773
1477663293854 lifecam20 1414.55566406 4458.39355469 4.93666982651
1477663293867 lifecam22 1411.71472168 4457.50146484 4.93798351288
1477663293925 lifecam20 1408.46887207 4456.67675781 4.93842983246
1477663293938 lifecam22 1405.09008789 4455.66796875 4.93731927872
1477663294055 lifecam20 1397.71972656 4454.04589844 4.93885850906
1477663294069 lifecam22 1391.2322998 4452.36621094 4.9405465126
1477663294123 lifecam20 1388.04443359 4451.54492188 4.94098043442
1477663294139 lifecam22 1385.03491211 4450.97705078 4.9445772171
1477663294191 lifecam20 1381.53466797 4449.81933594 4.94452190399
1477663294203 lifecam22 1378.26269531 4448.91455078 4.94399166107
1477663294257 lifecam20 1374.82800293 4448.13183594 4.94516992569
1477663294270 lifecam22 1371.63037109 4447.06835938 4.94625377655
1477663294322 lifecam20 1368.75390625 4446.53417969 4.94903326035
1477663294339 lifecam22 1365.85046387 4446.19824219 4.95226812363
1477663294400 lifecam20 1362.64160156 4444.63964844 4.9512348175
1477663294408 lifecam22 1359.36010742 4443.16210938 4.95038890839
1477663294458 lifecam20 1355.97338867 4442.87109375 4.95243215561
1477663294470 lifecam22 1352.38769531 4441.86328125 4.95253515244
1477663294524 lifecam20 1348.94995117 4440.45898438 4.9522652626
1477663294536 lifecam22 1346.18188477 4439.39404297 4.95290565491
1477663294594 lifecam20 1342.99682617 4438.30371094 4.95220518112
1477663294605 lifecam22 1339.25366211 4436.61816406 4.94832611084
1477663294667 lifecam20 1335.8359375 4435.34863281 4.94650125504
1477663294672 lifecam22 1332.64379883 4434.41992188 4.94699525833
1477663294791 lifecam20 1326.27587891 4432.52050781 4.94922876358
1477663294806 lifecam22 1320.26147461 4430.88037109 4.95203399658
1477663294860 lifecam20 1316.67028809 4429.87353516 4.95044326782
1477663294870 lifecam22 1313.55749512 4428.61035156 4.94799757004
1477663294926 lifecam20 1310.39135742 4428.00927734 4.9495511055
1477663294936 lifecam22 1307.35229492 4427.35449219 4.95158195496
1477663294993 lifecam20 1303.72766113 4426.37744141 4.95216321945
1477663295061 lifecam20 1300.70556641 4425.50830078 4.95303916931
1477663295069 lifecam22 1294.36791992 4423.95410156 4.9559674263
1477663295122 lifecam20 1290.99560547 4423.01269531 4.95601940155
1477663295193 lifecam20 1287.61938477 4422.22851562 4.95854234695
1477663295204 lifecam22 1280.87768555 4420.13476562 4.9578576088
1477663295263 lifecam20 1277.47570801 4419.27636719 4.95796966553
1477663295271 lifecam22 1274.63330078 4418.77783203 4.96130895615
1477663295334 lifecam20 1270.86767578 4417.3671875 4.95928764343
1477663295341 lifecam22 1267.33691406 4416.07324219 4.95949697495
1477663295390 lifecam20 1264.07080078 4414.76953125 4.95906209946
1477663295402 lifecam22 1260.86279297 4413.49951172 4.95795059204
1477663295457 lifecam20 1257.57788086 4412.73242188 4.96073436737
1477663295473 lifecam22 1254.26391602 4411.36914062 4.96018695831
1477663295529 lifecam20 1251.00854492 4409.85546875 4.95700883865
1477663295538 lifecam22 1247.4798584 4408.83105469 4.95685720444
1477663295593 lifecam20 1244.09960938 4407.85351562 4.95800304413
1477663295604 lifecam22 1241.48583984 4406.91503906 4.9594950676
1477663295658 lifecam20 1237.96337891 4406.25634766 4.960313797
1477663295670 lifecam22 1234.44165039 4405.4296875 4.96025085449
1477663295725 lifecam20 1231.20959473 4404.35058594 4.96125411987
1477663295736 lifecam22 1227.93237305 4403.28417969 4.96185159683
1477663295791 lifecam20 1224.28234863 4402.64599609 4.96333551407
1477663295799 lifecam19 1515.50354004 3858.54101562 5.48652791977
1477663295803 lifecam22 1513.23962402 3857.69018555 5.48453187943
1477663295932 lifecam20 1509.09228516 3856.18823242 5.48621082306
1477663295938 lifecam22 1505.33630371 3854.95825195 5.48942232132
1477663295992 lifecam20 1205.08776855 4395.89550781 4.96223258972
1477663296006 lifecam22 1201.82617188 4395.00195312 4.96155357361
1477663296069 lifecam22 1198.49169922 4393.72949219 4.96123552322
1477663296126 lifecam20 1192.43798828 4391.82470703 4.96568441391
1477663296140 lifecam22 1189.23535156 4390.51074219 4.96625518799
1477663296194 lifecam20 1185.62585449 4389.34960938 4.96469497681
1477663296204 lifecam22 1182.34143066 4388.49316406 4.96443557739
1477663296260 lifecam20 1179.38012695 4387.6015625 4.96835708618
1477663296274 lifecam22 1176.5078125 4386.50976562 4.9708943367
1477663296325 lifecam20 1173.57519531 4385.20996094 4.96893358231
1477663296339 lifecam22 1170.28710938 4383.78320312 4.96621274948
1477663296399 lifecam20 1166.12109375 4382.32128906 4.96470594406
1477663296407 lifecam22 1162.93505859 4381.23925781 4.96664905548
1477663296461 lifecam20 1160.12719727 4380.49902344 4.96679639816
1477663296473 lifecam22 1157.04101562 4379.56640625 4.966984272
1477663296530 lifecam20 1153.88037109 4379.16796875 4.97180128098
1477663296540 lifecam22 1150.83251953 4378.61572266 4.9737443924
1477663296594 lifecam20 1147.53308105 4377.62792969 4.97363948822
1477663296660 lifecam20 1144.52905273 4377.09179688 4.97561645508
1477663296673 lifecam22 1138.23730469 4375.34033203 4.97726106644
1477663296726 lifecam20 1134.41870117 4374.0234375 4.97719144821
1477663296740 lifecam22 1131.22338867 4373.0078125 4.97749233246
1477663296797 lifecam20 1127.59814453 4371.83105469 4.97593450546
1477663296809 lifecam22 1124.1887207 4370.74365234 4.97651672363
1477663296866 lifecam20 1121.30639648 4369.68701172 4.97774171829
1477663296873 lifecam22 1118.58203125 4368.71044922 4.97869205475
1477663296925 lifecam20 1115.20581055 4367.48046875 4.97839784622
1477663296938 lifecam22 1111.75341797 4366.14648438 4.97743988037
1477663296994 lifecam20 1108.54833984 4364.98046875 4.97692966461
1477663297008 lifecam22 1105.42138672 4364.00976562 4.97650337219
1477663297061 lifecam20 1101.60644531 4362.98730469 4.9772810936
1477663297076 lifecam22 1098.08178711 4361.46044922 4.97636270523
1477663297126 lifecam20 1095.25891113 4360.33935547 4.97696638107
1477663297141 lifecam22 1092.12011719 4359.05371094 4.9777879715
1477663297197 lifecam20 1088.37036133 4357.6171875 4.97598075867
1477663297207 lifecam22 1084.9810791 4356.43164062 4.97559309006
1477663297262 lifecam20 1081.80749512 4354.91796875 4.97414255142
1477663297273 lifecam22 1079.26318359 4354.13769531 4.97555971146
1477663297394 lifecam20 1072.77075195 4352.25683594 4.97842597961
1477663297406 lifecam22 1066.57543945 4349.87011719 4.97922420502
1477663297464 lifecam20 1063.06774902 4349.07226562 4.97950792313
1477663297473 lifecam22 1059.9395752 4348.25390625 4.97912931442
1477663297534 lifecam20 1056.4342041 4346.89941406 4.97828054428
1477663297542 lifecam22 1053.1809082 4345.98535156 4.9807100296
1477663297594 lifecam20 1049.73510742 4344.921875 4.98063135147
1477663297608 lifecam22 1046.38232422 4343.78857422 4.9797372818
1477663297661 lifecam20 1043.29455566 4343.10253906 4.98315954208
1477663297676 lifecam22 1040.08813477 4341.85791016 4.98443746567
1477663297735 lifecam20 1037.12597656 4340.82666016 4.985206604
1477663297744 lifecam22 1034.47717285 4339.93994141 4.98393058777
1477663297796 lifecam20 1030.64318848 4338.42285156 4.98380184174
1477663297808 lifecam22 1027.30664062 4337.30273438 4.98733377457
1477663297865 lifecam20 1024.42626953 4336.69726562 4.98859214783
1477663297876 lifecam22 1021.29833984 4335.2734375 4.98659467697
1477663297930 lifecam20 1018.34851074 4333.75488281 4.98564338684
1477663297941 lifecam22 1015.28027344 4333.0546875 4.98793315887
1477663297997 lifecam20 1011.57495117 4331.92773438 4.98933792114
1477663298007 lifecam22 1008.60986328 4330.18945312 4.98813915253
1477663298131 lifecam20 1002.43786621 4327.48242188 4.98630571365
1477663298144 lifecam22 995.513183594 4324.60449219 4.98271179199
1477663298194 lifecam20 992.670043945 4323.50390625 4.98176860809
1477663298209 lifecam22 990.361572266 4322.91699219 4.98416471481
1477663298265 lifecam20 986.76953125 4322.08642578 4.98728656769
1477663298276 lifecam22 983.577392578 4320.97363281 4.98777866364
1477663298329 lifecam20 980.275878906 4319.90136719 4.98730611801
1477663298343 lifecam22 977.045166016 4318.68652344 4.98747396469
1477663298397 lifecam20 973.586791992 4317.41650391 4.98692655563
1477663298408 lifecam22 970.631591797 4316.57714844 4.9883928299
1477663298482 lifecam22 967.272583008 4315.5 4.98715877533
1477663298529 lifecam20 960.78515625 4313.69384766 4.98971843719
1477663298546 lifecam22 957.563720703 4312.70166016 4.99167013168
1477663298600 lifecam20 954.213623047 4311.63525391 4.99180746078
1477663298610 lifecam22 951.323669434 4310.56738281 4.99240636826
1477663298662 lifecam20 948.283325195 4309.64794922 4.99478054047
1477663298676 lifecam22 945.120056152 4308.62255859 4.99649047852
1477663298731 lifecam20 941.662597656 4307.65576172 4.99785709381
1477663298743 lifecam22 938.830566406 4306.97265625 5.00011920929
1477663298798 lifecam20 935.152832031 4305.37646484 4.99790620804
1477663298864 lifecam20 931.865844727 4304.234375 4.99884462357
1477663298878 lifecam22 925.046691895 4301.21679688 4.99700832367
1477663298930 lifecam20 921.961181641 4300.29833984 4.99799966812
1477663298946 lifecam22 918.423095703 4299.09814453 4.99768066406
1477663298998 lifecam20 914.872680664 4297.47070312 4.99730014801
1477663299010 lifecam22 912.095214844 4296.328125 4.99729013443
1477663299070 lifecam20 908.871337891 4295.14599609 4.996530056
1477663299076 lifecam22 905.822753906 4293.9765625 4.99701976776
1477663299130 lifecam20 902.458740234 4292.7265625 4.99698400497
1477663299143 lifecam22 899.337402344 4291.35009766 4.99628591537
1477663299268 lifecam20 892.675170898 4289.265625 4.9977145195
1477663299279 lifecam22 885.816650391 4287.13671875 4.99905204773
1477663299329 lifecam20 882.242919922 4285.72363281 4.99894046783
1477663299342 lifecam22 879.259277344 4284.62646484 5.00060606003
1477663299397 lifecam20 875.904663086 4283.72802734 5.00196552277
1477663299413 lifecam22 872.994628906 4282.53613281 5.00322246552
1477663299471 lifecam20 870.190612793 4281.11279297 5.00300693512
1477663299478 lifecam22 867.437316895 4280.14648438 5.00178527832
1477663299529 lifecam20 864.145812988 4279.00830078 5.00165748596
1477663299542 lifecam22 860.877319336 4277.32910156 5.00188684464
1477663299598 lifecam20 857.63684082 4276.40332031 5.00293540955
1477663299617 lifecam22 854.771972656 4276.11230469 5.00614023209
1477663299666 lifecam20 852.200012207 4274.47265625 5.00329208374
1477663299683 lifecam22 851.092895508 4272.87939453 4.9976348877
1477663299730 lifecam20 852.872802734 4273.57666016 4.99817466736
1477663299748 lifecam22 853.738037109 4274.29296875 4.99892520905
1477663299798 lifecam20 852.850585938 4273.6484375 4.99886274338
1477663299815 lifecam22 851.975158691 4273.00390625 4.99822187424
1477663299865 lifecam20 852.444519043 4273.38916016 4.99706125259
1477663299887 lifecam22 852.999633789 4273.625 4.99756383896
1477663299960 lifecam22 852.504882812 4273.39453125 4.99639844894
1477663299998 lifecam20 852.37109375 4273.20214844 4.99597787857
1477663300016 lifecam22 852.575073242 4273.31542969 4.99626493454
1477663300066 lifecam20 852.521606445 4273.29931641 4.99824285507
1477663300084 lifecam22 852.521606445 4273.29931641 4.99824285507
1477663300134 lifecam20 852.620910645 4273.53076172 4.99854946136
1477663300151 lifecam22 852.517822266 4273.40136719 4.99786520004
1477663300197 lifecam20 852.357055664 4273.30761719 4.99743318558
1477663300216 lifecam22 852.305969238 4273.21044922 4.99670028687
1477663300267 lifecam20 852.352783203 4273.28808594 4.99725866318
1477663300333 lifecam20 852.419311523 4273.23095703 4.99713277817
1477663300352 lifecam22 852.56451416 4273.54638672 4.99935150146
1477663300398 lifecam20 852.608947754 4273.54296875 4.99971437454
1477663300415 lifecam22 852.567504883 4273.35839844 4.9981842041
1477663300466 lifecam20 852.570556641 4273.43408203 4.99782085419
1477663300478 lifecam22 852.424865723 4273.328125 4.99745512009
1477663300532 lifecam20 852.319580078 4273.14941406 4.99666261673
1477663300549 lifecam22 852.506713867 4273.44042969 4.99855899811
1477663300602 lifecam20 852.589172363 4273.55078125 4.99884843826
1477663300614 lifecam22 852.494995117 4273.33300781 4.99736261368
