1477662730526 lifecam22 3374.84643555 4776.20800781 4.69214248657
1477662730596 lifecam22 3374.74536133 4775.95605469 4.68982028961
1477662730658 lifecam22 3375.02612305 4776.09814453 4.69117832184
1477662730860 lifecam22 3374.91943359 4775.84472656 4.69022655487
1477662730929 lifecam22 3374.91943359 4775.84472656 4.69022655487
1477662730994 lifecam22 3374.9387207 4776.05126953 4.69036960602
1477662731063 lifecam22 3374.63842773 4775.703125 4.68886899948
1477662731128 lifecam22 3374.91943359 4775.84472656 4.69022655487
1477662731199 lifecam22 3375.02612305 4776.09814453 4.69117832184
1477662731261 lifecam22 3375.15332031 4776.37402344 4.69232034683
1477662731327 lifecam22 3375.15087891 4775.98144531 4.69115018845
1477662731395 lifecam22 3375.02612305 4776.09814453 4.69117832184
1477662731462 lifecam22 3375.15332031 4776.37402344 4.69232034683
1477662731597 lifecam22 3374.82983398 4775.79736328 4.68940162659
1477662731663 lifecam22 3375.02612305 4776.09814453 4.69117832184
1477662731729 lifecam22 3375.45166016 4776.14550781 4.69270706177
1477662731797 lifecam22 3375.56054688 4776.39990234 4.69367837906
1477662731865 lifecam22 3375.02612305 4776.09814453 4.69117832184
1477662731929 lifecam22 3375.22021484 4776.00830078 4.69178009033
1477662731993 lifecam22 3375.15332031 4776.37402344 4.69232034683
1477662732061 lifecam22 3376.03344727 4776.88427734 4.69681453705
1477662732130 lifecam22 3376.03076172 4776.69580078 4.69682025909
1477662732196 lifecam22 3375.41259766 4776.55810547 4.69382286072
1477662732329 lifecam22 3376.58959961 4777.45556641 4.70075321198
1477662732399 lifecam22 3376.93041992 4777.66357422 4.70271205902
1477662732463 lifecam22 3377.33496094 4778.36083984 4.70635986328
1477662732529 lifecam22 3378.05322266 4779.52685547 4.71287107468
1477662732597 lifecam22 3378.23706055 4780.00195312 4.71738195419
1477662732666 lifecam22 3378.05322266 4779.52685547 4.71287107468
1477662732729 lifecam22 3379.2512207 4779.54736328 4.71049213409
1477662732798 lifecam22 3382.58374023 4779.42333984 4.70961046219
1477662732863 lifecam22 3380.41748047 4778.81640625 4.7103433609
1477662732931 lifecam22 3376.93041992 4777.66357422 4.70271205902
1477662733063 lifecam22 3375.40014648 4776.49462891 4.69622755051
1477662733132 lifecam22 3363.89794922 4779.30664062 4.71256113052
1477662733199 lifecam22 3358.71948242 4776.7109375 4.7000746727
1477662733264 lifecam22 3351.75805664 4776.33007812 4.69792938232
1477662733330 lifecam22 3344.8996582 4776.32714844 4.69794225693
1477662733401 lifecam22 3336.97753906 4774.14111328 4.68973493576
1477662733464 lifecam22 3329.29125977 4772.42138672 4.6848526001
1477662733531 lifecam22 3323.19726562 4771.73339844 4.68527650833
1477662733599 lifecam22 3317.71533203 4770.91601562 4.68379735947
1477662733667 lifecam22 3311.49707031 4772.15429688 4.70222663879
1477662733800 lifecam22 3299.02539062 4772.10888672 4.70212459564
1477662733865 lifecam22 3292.17114258 4772.12158203 4.7034368515
1477662733933 lifecam22 3286.27880859 4772.66064453 4.71083593369
1477662733998 lifecam22 3279.87084961 4772.59667969 4.71229314804
1477662734066 lifecam22 3273.29760742 4773.20849609 4.71933603287
1477662734137 lifecam22 3267.56860352 4773.39257812 4.72107744217
1477662734198 lifecam22 3259.62670898 4773.22851562 4.71952724457
1477662734266 lifecam22 3254.07128906 4773.99951172 4.72678756714
1477662734333 lifecam22 3246.04980469 4772.05322266 4.7173242569
1477662734400 lifecam22 3238.85791016 4770.26660156 4.70522165298
1477662734536 lifecam22 3225.68017578 4769.94189453 4.70462417603
1477662734600 lifecam22 3218.83911133 4769.26025391 4.69987773895
1477662734667 lifecam22 3212.1784668 4769.51318359 4.7079410553
1477662734734 lifecam22 3206.00073242 4768.48046875 4.70786190033
1477662734798 lifecam22 3198.66503906 4765.18847656 4.70482730865
1477662734875 lifecam22 3191.74902344 4765.40234375 4.70558738708
1477662734941 lifecam22 3185.55371094 4765.52734375 4.71287918091
1477662735003 lifecam22 3178.41381836 4765.52783203 4.71288108826
1477662735072 lifecam22 3171.41381836 4765.52783203 4.71287965775
1477662735141 lifecam22 3164.4140625 4765.52734375 4.71288013458
1477662735216 lifecam22 3159.94555664 4766.74853516 4.72443294525
1477662735272 lifecam22 3153.67773438 4767.12109375 4.72793006897
1477662735341 lifecam22 3148.60717773 4767.60253906 4.73512125015
1477662735409 lifecam22 3141.00805664 4767.10839844 4.73316526413
1477662735471 lifecam22 3134.04296875 4765.45019531 4.73158025742
1477662735608 lifecam22 3121.40527344 4765.68212891 4.73635625839
1477662735675 lifecam22 3117.01538086 4764.50146484 4.74364376068
1477662735744 lifecam22 3110.1484375 4764.13378906 4.74895715714
1477662735811 lifecam22 3103.15258789 4764.00292969 4.75381946564
1477662735878 lifecam22 3095.95166016 4762.61669922 4.74610853195
1477662735942 lifecam22 3088.00683594 4761.27832031 4.73871898651
1477662736010 lifecam22 3080.80761719 4760.13818359 4.72808933258
1477662736078 lifecam22 3073.78417969 4759.1953125 4.71921682358
1477662736139 lifecam22 3066.7277832 4758.99316406 4.7172999382
1477662736209 lifecam22 3060.17041016 4759.12011719 4.72140979767
1477662736277 lifecam22 3052.984375 4757.72216797 4.71928167343
1477662736342 lifecam22 3046.35864258 4757.23095703 4.72022438049
1477662736410 lifecam22 3040.29663086 4757.56787109 4.72968530655
1477662736477 lifecam22 3034.66992188 4756.98779297 4.74105262756
1477662736546 lifecam22 3027.67529297 4755.29736328 4.73571491241
1477662736617 lifecam22 3020.96166992 4755.30517578 4.73689079285
1477662736677 lifecam22 3016.1550293 4755.52929688 4.74571800232
1477662736745 lifecam22 3010.14453125 4755.67285156 4.74802303314
1477662736809 lifecam22 3003.13720703 4754.69824219 4.742603302
1477662736877 lifecam22 2996.44311523 4754.83398438 4.74660539627
1477662737009 lifecam22 2983.44458008 4753.75341797 4.75502729416
1477662737078 lifecam22 2978.39404297 4752.06396484 4.75272941589
1477662737147 lifecam22 2970.81811523 4750.23876953 4.74823951721
1477662737208 lifecam22 2963.34716797 4749.20849609 4.74418401718
1477662737278 lifecam22 2956.68554688 4749.10449219 4.74329185486
1477662737345 lifecam22 2949.66601562 4748.80322266 4.74172449112
1477662737413 lifecam22 2943.40942383 4748.703125 4.74291658401
1477662737475 lifecam22 2935.90478516 4747.68603516 4.73810243607
1477662737544 lifecam22 2928.44384766 4746.86425781 4.73270606995
1477662737612 lifecam22 2921.99023438 4746.62890625 4.73547172546
1477662737678 lifecam22 2915.53369141 4746.71972656 4.74039363861
1477662737747 lifecam22 2910.30932617 4747.02783203 4.75750923157
1477662737814 lifecam22 2903.72851562 4746.19189453 4.75971508026
1477662737875 lifecam22 2896.56469727 4744.00976562 4.75468873978
1477662737945 lifecam22 2889.17504883 4743.15478516 4.75078868866
1477662738080 lifecam22 2874.68920898 4741.68261719 4.74471664429
1477662738144 lifecam22 2869.41210938 4742.25830078 4.75117254257
1477662738213 lifecam22 2861.49462891 4741.35058594 4.74832773209
1477662738281 lifecam22 2855.89746094 4741.09033203 4.75178575516
1477662738346 lifecam22 2851.29736328 4741.31347656 4.76914978027
1477662738415 lifecam22 2844.71459961 4739.72070312 4.76957654953
1477662738481 lifecam22 2838.60253906 4739.60986328 4.77090072632
1477662738544 lifecam22 2831.33837891 4738.12646484 4.76632165909
1477662738613 lifecam22 2825.12231445 4737.37011719 4.76186800003
1477662738681 lifecam22 2817.64306641 4736.34082031 4.76047325134
1477662738749 lifecam22 2810.67993164 4735.00195312 4.75312662125
1477662738812 lifecam22 2804.10620117 4734.30908203 4.75162315369
1477662738880 lifecam22 2798.38720703 4734.01269531 4.76437091827
1477662738948 lifecam22 2792.26074219 4733.48632812 4.76780128479
1477662739011 lifecam22 2784.88964844 4732.5234375 4.76656484604
1477662739082 lifecam22 2778.52270508 4731.90283203 4.76678371429
1477662739148 lifecam22 2771.44628906 4731.23974609 4.76445627213
1477662739210 lifecam22 2764.94946289 4730.44775391 4.76276302338
1477662739279 lifecam22 2758.30200195 4730.45361328 4.76512765884
1477662739347 lifecam22 2751.76904297 4729.19189453 4.7651758194
1477662739480 lifecam22 2739.53076172 4728.68896484 4.77647352219
1477662739548 lifecam22 2733.37207031 4727.93310547 4.78261375427
1477662739616 lifecam22 2724.89624023 4725.81445312 4.77479314804
1477662739681 lifecam22 2719.16674805 4725.42480469 4.77692461014
1477662739750 lifecam22 2712.22949219 4724.45214844 4.77575683594
1477662739820 lifecam22 2705.234375 4724.13867188 4.7755651474
1477662739879 lifecam22 2699.63769531 4724.19726562 4.78163576126
1477662739949 lifecam22 2693.0534668 4723.88378906 4.78929901123
1477662740017 lifecam22 2686.43383789 4723.13134766 4.7921037674
1477662740078 lifecam22 2680.08032227 4722.67236328 4.79362154007
1477662740148 lifecam22 2673.12866211 4720.35791016 4.78459215164
1477662740216 lifecam22 2665.58276367 4719.26123047 4.78109836578
1477662740288 lifecam22 2658.68359375 4718.11474609 4.77967166901
1477662740350 lifecam22 2652.92211914 4717.7890625 4.78288936615
1477662740416 lifecam22 2645.94873047 4715.58496094 4.78118419647
1477662740490 lifecam22 2639.58276367 4714.43994141 4.77802419662
1477662740546 lifecam22 2632.20507812 4712.55664062 4.7735376358
1477662740616 lifecam22 2624.93896484 4711.58886719 4.77058696747
1477662740684 lifecam22 2619.68847656 4711.75683594 4.77838039398
1477662740747 lifecam22 2612.18334961 4710.89208984 4.77587604523
1477662740883 lifecam22 2600.8112793 4711.24755859 4.79541730881
1477662740955 lifecam22 2594.70800781 4710.91503906 4.79807186127
1477662741017 lifecam22 2587.87744141 4710.06005859 4.79886627197
1477662741085 lifecam22 2580.76538086 4708.97802734 4.79738616943
1477662741152 lifecam22 2574.42944336 4707.95996094 4.79752826691
1477662741215 lifecam22 2566.66625977 4706.66796875 4.79467964172
1477662741284 lifecam22 2560.86132812 4705.99365234 4.80009412766
1477662741352 lifecam22 2554.14892578 4704.67626953 4.79897117615
1477662741414 lifecam22 2547.39038086 4703.01953125 4.79732084274
1477662741484 lifecam22 2540.4230957 4702.05175781 4.79696130753
1477662741553 lifecam22 2533.40185547 4700.13769531 4.79052352905
1477662741614 lifecam22 2526.38574219 4700.23876953 4.79526472092
1477662741684 lifecam22 2520.61865234 4699.35644531 4.79661369324
1477662741753 lifecam22 2513.95751953 4699.60058594 4.80492687225
1477662741821 lifecam22 2507.95483398 4697.57275391 4.80128288269
1477662742020 lifecam22 2487.24072266 4694.01904297 4.79779434204
1477662742082 lifecam22 2481.73461914 4694.00488281 4.807305336
1477662742152 lifecam22 2475.33520508 4691.58789062 4.80365753174
1477662742220 lifecam22 2469.49243164 4691.93261719 4.80846118927
1477662742282 lifecam22 2462.37011719 4689.98876953 4.80554819107
1477662742355 lifecam22 2456.15234375 4689.15673828 4.80605602264
1477662742421 lifecam22 2449.09790039 4687.65673828 4.80683040619
1477662742488 lifecam22 2443.52539062 4687.57958984 4.81192874908
1477662742552 lifecam22 2437.05078125 4687.02441406 4.81463050842
1477662742620 lifecam22 2430.22436523 4686.23681641 4.81540966034
1477662742687 lifecam22 2423.85424805 4685.265625 4.81446743011
1477662742749 lifecam22 2416.66430664 4683.37988281 4.8095498085
1477662742819 lifecam22 2409.93652344 4682.68896484 4.81354665756
1477662742887 lifecam22 2403.69238281 4681.71240234 4.81540822983
1477662742953 lifecam22 2396.95996094 4680.56445312 4.81666851044
1477662743019 lifecam22 2390.45629883 4679.3828125 4.81505155563
1477662743088 lifecam22 2382.60327148 4677.17236328 4.80764627457
1477662743156 lifecam22 2376.2746582 4676.58935547 4.81480884552
1477662743219 lifecam22 2369.52783203 4674.66796875 4.81280326843
1477662743355 lifecam22 2356.35424805 4673.38427734 4.81892108917
1477662743417 lifecam22 2349.68310547 4672.92431641 4.8178319931
1477662743487 lifecam22 2342.42236328 4671.87451172 4.81851959229
1477662743555 lifecam22 2336.08251953 4670.99804688 4.81985473633
1477662743617 lifecam22 2330.17138672 4669.47851562 4.82513570786
1477662743687 lifecam22 2323.08544922 4667.59326172 4.82256174088
1477662743755 lifecam22 2317.08886719 4667.60791016 4.82547998428
1477662743824 lifecam22 2311.01367188 4665.91699219 4.82554721832
1477662743888 lifecam22 2305.02124023 4664.41601562 4.82753992081
1477662743956 lifecam22 2298.63500977 4663.69921875 4.82872200012
1477662744023 lifecam22 2291.66821289 4661.05908203 4.82484865189
1477662744089 lifecam22 2285.6640625 4660.08642578 4.82539224625
1477662744157 lifecam22 2278.57592773 4659.22216797 4.82598733902
1477662744226 lifecam22 2271.34765625 4658.10595703 4.82346725464
1477662744287 lifecam22 2265.4140625 4657.31982422 4.82869195938
1477662744360 lifecam22 2259.57006836 4657.06396484 4.83257961273
1477662744422 lifecam22 2253.36206055 4656.03027344 4.83480834961
1477662744485 lifecam22 2245.85302734 4653.81347656 4.82918024063
1477662744555 lifecam22 2239.86816406 4653.77587891 4.83311414719
1477662744616 lifecam22 2233.08056641 4652.20019531 4.83207559586
1477662744751 lifecam22 2220.25219727 4650.03466797 4.83959388733
1477662744817 lifecam22 2213.58813477 4648.34912109 4.83725738525
1477662744884 lifecam22 2206.26782227 4646.6875 4.83466672897
1477662744949 lifecam22 2200.52319336 4646.12060547 4.83785057068
1477662745016 lifecam22 2193.94360352 4644.28662109 4.84065961838
1477662745087 lifecam22 2186.78100586 4643.21289062 4.84043216705
1477662745149 lifecam22 2180.41992188 4641.89355469 4.83832979202
1477662745216 lifecam22 2173.24438477 4640.83154297 4.83954191208
1477662745284 lifecam22 2166.68139648 4639.85791016 4.83790302277
1477662745351 lifecam22 2160.72827148 4638.50976562 4.84400844574
1477662745484 lifecam22 2147.48266602 4636.37402344 4.8457493782
1477662745550 lifecam22 2141.13085938 4634.3203125 4.84412431717
1477662745618 lifecam22 2135.22509766 4634.15673828 4.84971904755
1477662745687 lifecam22 2129.3737793 4632.88916016 4.85460424423
1477662745752 lifecam22 2122.93310547 4631.93505859 4.85573101044
1477662745824 lifecam22 2115.74853516 4628.90380859 4.8472533226
1477662745883 lifecam22 2108.67285156 4627.234375 4.84347343445
1477662745954 lifecam22 2102.83959961 4626.67529297 4.8509106636
1477662746020 lifecam22 2095.75830078 4625.40625 4.8510222435
1477662746087 lifecam22 2089.95629883 4624.73486328 4.85275745392
1477662746218 lifecam22 2075.53759766 4621.38623047 4.84753227234
1477662746285 lifecam22 2069.44287109 4619.98242188 4.85071516037
1477662746350 lifecam22 2062.9543457 4619.06738281 4.85448741913
1477662746417 lifecam22 2056.62426758 4618.40820312 4.85692024231
1477662746484 lifecam22 2049.03564453 4616.49755859 4.85425138474
1477662746621 lifecam22 2036.49389648 4613.59667969 4.8595495224
1477662746688 lifecam22 2029.79492188 4612.21142578 4.85948228836
1477662746752 lifecam22 2023.94775391 4611.06640625 4.86299514771
1477662746821 lifecam22 2017.02783203 4609.45068359 4.85993862152
1477662746887 lifecam22 2010.23681641 4608.36279297 4.8615436554
1477662746951 lifecam22 2004.09741211 4607.33398438 4.86414241791
1477662747019 lifecam22 1997.01123047 4606.61914062 4.86724090576
1477662747086 lifecam22 1991.50341797 4604.81738281 4.86890029907
1477662747154 lifecam22 1983.86132812 4603.58398438 4.86449623108
1477662747221 lifecam22 1978.12451172 4601.05419922 4.86461162567
1477662747341 lifecam20 1905.49743652 4595.45996094 4.8216919899
1477662747352 lifecam22 1898.98803711 4594.12402344 4.82203722
1477662747413 lifecam20 1895.81591797 4593.80859375 4.82597827911
1477662747422 lifecam22 1892.0345459 4592.46386719 4.82335424423
1477662747479 lifecam20 1889.0012207 4592.00878906 4.82236814499
1477662747490 lifecam22 1886.50646973 4591.74267578 4.82512044907
1477662747541 lifecam20 1883.0090332 4591.70898438 4.82765054703
1477662747554 lifecam22 1879.12646484 4590.36328125 4.8257188797
1477662747608 lifecam20 1875.56713867 4590.12792969 4.8255238533
1477662747620 lifecam22 1872.81665039 4589.72363281 4.82751083374
1477662747680 lifecam20 1869.79882812 4589.80175781 4.83310508728
1477662747687 lifecam22 1866.50073242 4589.21972656 4.83338975906
1477662747739 lifecam20 1863.43774414 4589.49121094 4.83802223206
1477662747754 lifecam22 1859.97888184 4589.0234375 4.839656353
1477662747801 lifecam20 1856.98779297 4588.78759766 4.83985280991
1477662747813 lifecam22 1854.46948242 4588.58300781 4.84316778183
1477662747875 lifecam20 1851.21044922 4589.39746094 4.85089445114
1477662747894 lifecam22 1847.35571289 4588.49804688 4.85027599335
1477662747944 lifecam20 1844.2208252 4588.62109375 4.85356616974
1477662747962 lifecam22 1841.34155273 4588.25146484 4.85408067703
1477662748029 lifecam22 1837.93579102 4587.49121094 4.85531234741
1477662748075 lifecam20 1831.89758301 4587.17675781 4.86352825165
1477662748093 lifecam22 1828.67724609 4586.55859375 4.8657245636
1477662748145 lifecam20 1825.32836914 4586.24316406 4.86707687378
1477662748162 lifecam22 1822.06542969 4585.55175781 4.86743879318
1477662748210 lifecam20 1818.55151367 4585.95019531 4.8730764389
1477662748230 lifecam22 1814.78320312 4584.97607422 4.8717417717
1477662748278 lifecam20 1811.57348633 4584.46533203 4.87375831604
1477662748294 lifecam22 1808.20751953 4583.53515625 4.87295722961
1477662748345 lifecam20 1804.83959961 4582.77099609 4.87190437317
1477662748408 lifecam20 1801.79223633 4582.02441406 4.87285661697
1477662748430 lifecam22 1795.31286621 4579.97558594 4.87196922302
1477662748478 lifecam20 1791.56982422 4578.96582031 4.87177848816
1477662748494 lifecam22 1788.38757324 4578.03710938 4.87216567993
1477662748545 lifecam20 1784.91308594 4577.46289062 4.8727388382
1477662748563 lifecam22 1781.05859375 4576.56542969 4.87092685699
1477662748607 lifecam20 1777.90722656 4575.77539062 4.87122678757
1477662748633 lifecam22 1774.68237305 4575.18066406 4.87293243408
1477662748675 lifecam20 1771.4128418 4575.00048828 4.87436056137
1477662748692 lifecam22 1768.52490234 4574.65087891 4.87539434433
1477662748744 lifecam20 1764.84082031 4574.0703125 4.87639856339
1477662748764 lifecam22 1761.27294922 4573.52148438 4.87840509415
1477662748811 lifecam20 1757.99755859 4572.86474609 4.87932491302
1477662748830 lifecam22 1755.05908203 4572.03320312 4.87911748886
1477662748875 lifecam20 1751.37231445 4570.87255859 4.87721061707
1477662748892 lifecam22 1747.91650391 4569.95996094 4.87683916092
1477662748945 lifecam20 1745.49389648 4569.46582031 4.88004732132
1477662748958 lifecam22 1743.09436035 4569.21875 4.88386106491
1477662749013 lifecam20 1739.64978027 4568.76806641 4.88425350189
1477662749029 lifecam22 1736.5012207 4568.32617188 4.8859796524
1477662749105 lifecam22 1733.25708008 4567.30175781 4.88596439362
1477662749151 lifecam20 1726.95874023 4565.67871094 4.88790369034
1477662749157 lifecam22 1723.58764648 4564.37988281 4.88601541519
1477662749213 lifecam20 1720.22143555 4563.44042969 4.88507843018
1477662749229 lifecam22 1717.03222656 4562.86279297 4.88570022583
1477662749278 lifecam20 1713.30517578 4561.74902344 4.88421869278
1477662749297 lifecam22 1710.00732422 4560.78173828 4.88435459137
1477662749345 lifecam20 1706.92211914 4560.23144531 4.8855175972
1477662749360 lifecam22 1703.25024414 4559.11035156 4.88305521011
1477662749413 lifecam20 1699.90795898 4558.16113281 4.88252639771
1477662749481 lifecam20 1696.74780273 4557.75195312 4.8852930069
1477662749498 lifecam22 1690.74194336 4556.44824219 4.88876676559
1477662749544 lifecam20 1687.19067383 4555.63964844 4.88864517212
1477662749560 lifecam22 1683.7286377 4554.89941406 4.88822364807
1477662749611 lifecam20 1680.33227539 4554.37109375 4.88765382767
1477662749632 lifecam22 1677.25292969 4553.86523438 4.88843917847
1477662749679 lifecam20 1673.73522949 4553.31933594 4.8907122612
1477662749698 lifecam22 1669.90026855 4552.67578125 4.89175796509
1477662749743 lifecam20 1666.80480957 4551.71630859 4.89288854599
1477662749766 lifecam22 1663.9699707 4550.52539062 4.89245462418
1477662749816 lifecam20 1660.57800293 4549.67871094 4.89167690277
1477662749831 lifecam22 1657.50415039 4549.11230469 4.89289426804
1477662749879 lifecam20 1653.58618164 4547.93554688 4.89052772522
1477662749897 lifecam22 1650.22827148 4547.0625 4.89020967484
1477662749943 lifecam20 1647.22143555 4546.6171875 4.89206838608
1477662749965 lifecam22 1643.89135742 4545.796875 4.89293146133
1477662750012 lifecam20 1640.58728027 4545.02539062 4.89605283737
1477662750029 lifecam22 1637.45141602 4543.95507812 4.89649820328
1477662750082 lifecam20 1633.83569336 4542.90478516 4.89415597916
1477662750091 lifecam22 1630.46020508 4542.21728516 4.89403438568
1477662750216 lifecam20 1624.16918945 4540.43701172 4.89444065094
1477662750227 lifecam22 1617.88598633 4538.49902344 4.89435338974
1477662750286 lifecam20 1614.28137207 4537.50488281 4.89424991608
1477662750292 lifecam22 1611.03942871 4536.4765625 4.89478731155
1477662750354 lifecam20 1607.3515625 4535.921875 4.89595842361
1477662750360 lifecam22 1603.96044922 4535.59423828 4.89848423004
1477662750412 lifecam20 1600.69482422 4535.09375 4.89828777313
1477662750428 lifecam22 1597.50146484 4534.43457031 4.8974199295
1477662750486 lifecam20 1593.8515625 4532.98535156 4.89587259293
1477662750492 lifecam22 1590.50390625 4531.88378906 4.89563035965
1477662750569 lifecam22 1587.41015625 4530.91601562 4.89445543289
1477662750611 lifecam20 1581.06323242 4529.69433594 4.89743280411
1477662750625 lifecam22 1577.96459961 4528.94824219 4.89885807037
1477662750681 lifecam20 1574.68969727 4528.36669922 4.90150165558
1477662750692 lifecam22 1571.32666016 4527.55371094 4.90381145477
1477662750754 lifecam20 1568.43457031 4526.6328125 4.90240621567
1477662750762 lifecam22 1565.74316406 4526.12646484 4.9038310051
1477662750813 lifecam20 1562.19091797 4524.99414062 4.9047369957
1477662750827 lifecam22 1558.56835938 4523.41113281 4.90241622925
1477662750880 lifecam20 1555.34008789 4522.86328125 4.90210676193
1477662750949 lifecam20 1551.69958496 4521.4296875 4.90130233765
1477662750959 lifecam22 1545.53979492 4519.93945312 4.90170001984
1477662751018 lifecam20 1542.80456543 4519.38769531 4.90417289734
1477662751026 lifecam22 1539.91442871 4518.43554688 4.90586519241
1477662751079 lifecam20 1536.21459961 4517.28417969 4.90459680557
1477662751093 lifecam22 1532.8067627 4516.22753906 4.90394210815
1477662751149 lifecam20 1528.79443359 4515.36425781 4.90284919739
1477662751158 lifecam22 1525.2956543 4514.77539062 4.90314292908
1477662751220 lifecam20 1522.23535156 4514.12402344 4.9048333168
1477662751226 lifecam22 1519.58300781 4513.7421875 4.90880250931
1477662751352 lifecam20 1513.16833496 4512.66259766 4.91185474396
1477662751361 lifecam22 1505.80847168 4510.49365234 4.90832567215
1477662751418 lifecam20 1501.87084961 4509.59570312 4.90741157532
1477662751430 lifecam22 1498.74511719 4509.09277344 4.90970802307
1477662751479 lifecam20 1495.63085938 4508.14257812 4.91041660309
1477662751494 lifecam22 1492.72302246 4507.75683594 4.91414451599
1477662751550 lifecam20 1489.63244629 4507.30175781 4.91699075699
1477662751560 lifecam22 1486.34692383 4506.50341797 4.91727113724
1477662751617 lifecam20 1482.34326172 4505.16113281 4.91577529907
1477662751626 lifecam22 1478.79467773 4503.66894531 4.91257190704
1477662751701 lifecam22 1475.55737305 4503.05273438 4.91494750977
1477662751749 lifecam20 1468.83862305 4501.53466797 4.91551351547
1477662751760 lifecam22 1465.4128418 4500.640625 4.91517972946
1477662751816 lifecam20 1462.23681641 4499.75976562 4.91651391983
1477662751826 lifecam22 1459.19604492 4498.71386719 4.91734981537
1477662751884 lifecam20 1455.09008789 4497.47705078 4.91586494446
1477662751894 lifecam22 1451.13671875 4496.1484375 4.91441917419
1477662751947 lifecam20 1447.76147461 4495.3203125 4.91444301605
1477662751960 lifecam22 1444.32568359 4494.22851562 4.91191864014
1477662752020 lifecam20 1441.22705078 4493.04150391 4.91191577911
1477662752085 lifecam20 1437.53979492 4492.22167969 4.91172218323
1477662752094 lifecam22 1430.5559082 4490.28320312 4.91170024872
1477662752147 lifecam20 1426.79650879 4489.39941406 4.91085767746
1477662752161 lifecam22 1423.8885498 4488.84570312 4.91267538071
1477662752219 lifecam20 1420.48535156 4488.23339844 4.91415834427
1477662752229 lifecam22 1417.46557617 4487.79833984 4.91680860519
1477662752284 lifecam20 1414.43115234 4487.35644531 4.92073297501
1477662752293 lifecam22 1411.0291748 4486.56347656 4.92081451416
1477662752347 lifecam20 1407.12011719 4485.08886719 4.91881418228
1477662752360 lifecam22 1404.03564453 4483.82617188 4.92011499405
1477662752489 lifecam20 1397.83813477 4482.62695312 4.92412757874
1477662752494 lifecam22 1391.43066406 4480.98193359 4.92527723312
1477662752557 lifecam20 1387.83349609 4479.88232422 4.92348623276
1477662752564 lifecam22 1384.55737305 4479.0234375 4.92437028885
1477662752616 lifecam20 1380.91894531 4477.96826172 4.92392873764
1477662752631 lifecam22 1377.92749023 4477.61328125 4.92709589005
1477662752686 lifecam20 1374.82763672 4476.29589844 4.92820310593
1477662752698 lifecam22 1371.21691895 4474.32714844 4.9245672226
1477662752756 lifecam20 1368.10351562 4473.72900391 4.92549514771
1477662752764 lifecam22 1365.34082031 4473.26464844 4.927921772
1477662752815 lifecam20 1361.62646484 4471.82226562 4.92580604553
1477662752829 lifecam22 1357.68530273 4470.29394531 4.92415952682
1477662752890 lifecam20 1354.4621582 4469.45605469 4.924700737
1477662752896 lifecam22 1351.72741699 4468.80273438 4.92642211914
1477662752953 lifecam20 1348.2565918 4467.93359375 4.9289150238
1477662752963 lifecam22 1345.01953125 4466.94433594 4.9290189743
1477662753015 lifecam20 1341.48181152 4465.83544922 4.92643928528
1477662753029 lifecam22 1337.96435547 4464.81396484 4.92684173584
1477662753084 lifecam20 1334.83007812 4464.06591797 4.92721319199
1477662753095 lifecam22 1331.71484375 4463.35498047 4.92630147934
1477662753215 lifecam20 1325.52709961 4462.32324219 4.93214988708
1477662753230 lifecam22 1318.76220703 4460.16650391 4.93174314499
1477662753283 lifecam20 1315.24719238 4459.00097656 4.9303984642
1477662753300 lifecam22 1312.13330078 4458.22363281 4.93115234375
1477662753352 lifecam20 1308.64916992 4457.46582031 4.93246650696
1477662753365 lifecam22 1305.86901855 4456.65332031 4.93471956253
1477662753421 lifecam20 1302.3026123 4455.65820312 4.93403148651
1477662753484 lifecam20 1298.96972656 4454.70214844 4.93491125107
1477662753497 lifecam22 1292.21362305 4453.00390625 4.93530654907
1477662753557 lifecam20 1288.99487305 4452.02294922 4.93625831604
1477662753563 lifecam22 1286.3190918 4451.34912109 4.93999004364
1477662753622 lifecam20 1282.85961914 4450.32617188 4.94109344482
1477662753629 lifecam22 1278.83825684 4448.52734375 4.93605232239
1477662753683 lifecam20 1275.74511719 4447.23339844 4.93503856659
1477662753697 lifecam22 1273.13012695 4446.56103516 4.93790149689
1477662753752 lifecam20 1269.27893066 4445.48681641 4.9375872612
1477662753769 lifecam22 1265.92236328 4444.43994141 4.93802070618
1477662753821 lifecam20 1262.89257812 4443.39550781 4.9380812645
1477662753837 lifecam22 1259.82556152 4442.22460938 4.93618535995
1477662753884 lifecam20 1256.33789062 4441.58496094 4.93802070618
1477662753953 lifecam20 1253.08105469 4440.92675781 4.93925094604
1477662753967 lifecam22 1246.37426758 4439.50878906 4.94334888458
1477662754024 lifecam20 1242.64794922 4438.24902344 4.94113826752
1477662754032 lifecam22 1239.6048584 4437.01757812 4.94039487839
1477662754088 lifecam20 1236.71386719 4436.29296875 4.94306898117
1477662754099 lifecam22 1233.02172852 4435.11328125 4.94195652008
1477662754151 lifecam20 1229.36193848 4433.859375 4.94179582596
1477662754164 lifecam22 1226.15270996 4432.88964844 4.94131278992
1477662754221 lifecam20 1223.25195312 4432.11328125 4.94283771515
1477662754229 lifecam22 1220.77929688 4430.88134766 4.94341564178
1477662754353 lifecam20 1213.35974121 4427.88867188 4.9387717247
1477662754364 lifecam22 1207.40258789 4426.22363281 4.94093990326
1477662754426 lifecam20 1204.32177734 4425.39599609 4.94300794601
1477662754431 lifecam22 1200.59692383 4423.89111328 4.94228935242
1477662754496 lifecam20 1197.77990723 4423.00878906 4.94227266312
1477662754501 lifecam22 1195.14379883 4422.40136719 4.94417619705
1477662754552 lifecam20 1191.24108887 4420.83007812 4.94281816483
1477662754620 lifecam20 1188.1887207 4420.35546875 4.94535970688
1477662754634 lifecam22 1182.0222168 4418.13378906 4.94542074203
1477662754698 lifecam20 1179.18139648 4417.41357422 4.94739627838
1477662754700 lifecam22 1175.51245117 4416.25390625 4.94648647308
1477662754762 lifecam20 1171.67651367 4415.40478516 4.94793701172
1477662754766 lifecam22 1168.28930664 4414.68701172 4.95010948181
1477662754819 lifecam20 1165.5144043 4413.90820312 4.95083093643
1477662754833 lifecam22 1162.40136719 4412.95654297 4.95135164261
1477662754889 lifecam20 1159.11181641 4412.36328125 4.95415019989
1477662754898 lifecam22 1156.12683105 4411.83203125 4.95632982254
1477662754957 lifecam20 1152.5378418 4410.70263672 4.95433664322
1477662754965 lifecam22 1149.13842773 4409.92578125 4.95682859421
1477662755018 lifecam20 1145.7734375 4408.60449219 4.95652484894
1477662755089 lifecam20 1142.62768555 4407.671875 4.95750761032
1477662755099 lifecam22 1136.81762695 4405.37695312 4.95675182343
1477662755157 lifecam20 1133.24951172 4404.56445312 4.95861768723
1477662755167 lifecam22 1129.73596191 4403.52490234 4.95823812485
1477662755218 lifecam20 1126.38391113 4402.31884766 4.9567322731
1477662755234 lifecam22 1123.24707031 4401.09570312 4.95585727692
1477662755289 lifecam20 1119.74731445 4399.70947266 4.95519447327
1477662755297 lifecam22 1116.61486816 4398.49414062 4.95643854141
1477662755361 lifecam20 1113.47851562 4397.39550781 4.95642709732
1477662755366 lifecam22 1110.04187012 4395.99023438 4.95314645767
1477662755444 lifecam22 1107.06542969 4394.82421875 4.95448160172
1477662755488 lifecam20 1100.15893555 4392.30908203 4.95305633545
1477662755500 lifecam22 1096.87023926 4391.38818359 4.95387268066
1477662755562 lifecam20 1093.71984863 4390.4765625 4.95613527298
1477662755568 lifecam22 1090.28344727 4389.15917969 4.95490980148
1477662755631 lifecam20 1086.66918945 4387.90820312 4.95359373093
1477662755637 lifecam22 1083.28015137 4386.69287109 4.9540772438
1477662755688 lifecam20 1080.04467773 4386.60595703 4.9573431015
1477662755701 lifecam22 1077.08813477 4386.43945312 4.95986938477
1477662755756 lifecam20 1073.66442871 4385.08496094 4.9605050087
1477662755827 lifecam20 1070.48400879 4384.25048828 4.9607257843
1477662755838 lifecam22 1064.00720215 4382.22998047 4.96297454834
1477662755887 lifecam20 1060.89904785 4381.37451172 4.96534061432
1477662755901 lifecam22 1058.26464844 4380.4140625 4.96644687653
1477662755958 lifecam20 1054.98193359 4379.02246094 4.9667057991
1477662755965 lifecam22 1051.93737793 4377.79589844 4.96645450592
1477662756030 lifecam20 1048.71057129 4376.88867188 4.96533632278
1477662756034 lifecam22 1045.68261719 4376.13574219 4.96630764008
1477662756087 lifecam20 1042.29089355 4374.55371094 4.96491241455
1477662756099 lifecam22 1039.0892334 4372.81445312 4.96296262741
1477662756225 lifecam20 1032.78356934 4370.84521484 4.96562767029
1477662756233 lifecam22 1026.7611084 4368.87011719 4.96726083755
1477662756292 lifecam20 1023.24951172 4367.36279297 4.96476364136
1477662756302 lifecam22 1020.06506348 4366.05664062 4.96544027328
1477662756354 lifecam20 1017.5135498 4365.37158203 4.96878862381
1477662756367 lifecam22 1014.94580078 4364.4453125 4.96903610229
1477662756424 lifecam20 1011.32971191 4363.29199219 4.96832609177
1477662756433 lifecam22 1007.2232666 4361.88232422 4.96663808823
1477662756493 lifecam20 1003.35327148 4360.25634766 4.96421480179
1477662756501 lifecam22 1001.15917969 4359.56933594 4.96739292145
1477662756629 lifecam20 995.229614258 4358.29785156 4.97220849991
1477662756634 lifecam22 988.459106445 4356.26660156 4.9707531929
1477662756694 lifecam20 984.706542969 4354.90966797 4.96900033951
1477662756702 lifecam22 981.599121094 4353.73339844 4.97034978867
1477662756754 lifecam20 978.448730469 4352.67871094 4.97114515305
1477662756768 lifecam22 975.42590332 4351.62792969 4.97192764282
1477662756824 lifecam20 972.069458008 4350.62890625 4.97210884094
1477662756835 lifecam22 968.899536133 4349.77929688 4.97286272049
1477662756893 lifecam20 965.755737305 4348.91796875 4.97430181503
1477662756900 lifecam22 962.531311035 4347.69482422 4.97438240051
1477662756955 lifecam20 959.187255859 4346.69433594 4.97659397125
1477662756967 lifecam22 956.190795898 4345.82617188 4.97748565674
1477662757022 lifecam20 952.547363281 4344.67382812 4.97629213333
1477662757035 lifecam22 948.749023438 4343.64257812 4.97885799408
1477662757093 lifecam20 945.697753906 4342.52832031 4.98101186752
1477662757100 lifecam22 942.970214844 4341.18261719 4.980509758
1477662757160 lifecam20 939.804321289 4340.10595703 4.98107147217
1477662757168 lifecam22 936.124145508 4338.50927734 4.9796257019
1477662757222 lifecam20 932.494262695 4336.88867188 4.9775056839
1477662757235 lifecam22 929.448974609 4335.84277344 4.97757863998
1477662757365 lifecam20 922.911437988 4333.625 4.97810983658
1477662757370 lifecam22 916.846008301 4331.32177734 4.97830247879
1477662757423 lifecam20 913.352844238 4330.29443359 4.97872066498
1477662757437 lifecam22 910.139892578 4329.40576172 4.97938585281
1477662757495 lifecam20 906.757080078 4328.45898438 4.98062562943
1477662757504 lifecam22 903.439086914 4327.17089844 4.97998380661
1477662757565 lifecam20 900.389404297 4326.13085938 4.97985219955
1477662757571 lifecam22 897.248840332 4325.08007812 4.97992706299
1477662757622 lifecam20 893.645751953 4323.5703125 4.98054981232
1477662757637 lifecam22 890.605712891 4322.15771484 4.98129653931
1477662757691 lifecam20 887.700927734 4321.46533203 4.98169898987
1477662757704 lifecam22 884.927185059 4320.8046875 4.98329734802
1477662757751 lifecam20 881.489685059 4319.07910156 4.98248147964
1477662757767 lifecam22 877.959411621 4317.64550781 4.9827337265
1477662757825 lifecam20 874.706726074 4316.7265625 4.98366546631
1477662757843 lifecam22 871.879333496 4315.50195312 4.98494005203
1477662757889 lifecam20 868.791625977 4314.26806641 4.98505163193
1477662757911 lifecam22 866.032348633 4313.27441406 4.9839720726
1477662757957 lifecam20 862.988647461 4312.27734375 4.98704099655
1477662757974 lifecam22 859.755249023 4310.94287109 4.98789215088
1477662758048 lifecam22 856.738525391 4309.68261719 4.98739242554
1477662758091 lifecam20 849.975830078 4307.30761719 4.98802757263
1477662758111 lifecam22 846.655639648 4305.99414062 4.98767995834
1477662758160 lifecam20 845.51361084 4305.79101562 4.98726081848
1477662758175 lifecam22 846.106323242 4306.734375 4.99136590958
1477662758228 lifecam20 847.674072266 4307.07763672 4.9920592308
1477662758243 lifecam22 847.881835938 4306.85107422 4.99019527435
1477662758291 lifecam20 846.99407959 4306.67773438 4.98965120316
1477662758310 lifecam22 846.854125977 4306.81445312 4.99172067642
1477662758359 lifecam20 847.349731445 4306.79980469 4.99098110199
1477662758426 lifecam20 847.03338623 4306.77001953 4.99194955826
1477662758447 lifecam22 847.158691406 4306.77392578 4.99167394638
1477662758489 lifecam20 847.348510742 4306.88085938 4.99167490005
1477662758513 lifecam22 847.28918457 4306.7890625 4.99092531204
1477662758558 lifecam20 847.265441895 4306.83154297 4.99083375931
1477662758579 lifecam22 847.40435791 4306.76855469 4.99056434631
1477662758626 lifecam20 847.18371582 4306.68847656 4.99035787582
1477662758644 lifecam22 847.068664551 4306.78613281 4.99030971527
1477662758695 lifecam20 847.313049316 4306.82421875 4.99060773849
1477662758711 lifecam22 847.438964844 4306.83398438 4.99103069305
1477662758761 lifecam20 847.331054688 4306.59375 4.99074077606
1477662758784 lifecam22 847.241333008 4306.48046875 4.98999786377
1477662758825 lifecam20 847.323486328 4306.51171875 4.98953151703
1477662758842 lifecam22 847.420349121 4306.56152344 4.99084711075
1477662758893 lifecam20 847.240722656 4306.61816406 4.99071502686
1477662758914 lifecam22 847.125244141 4306.59472656 4.98964214325
1477662758957 lifecam20 847.181030273 4306.51367188 4.98931741714
1477662758979 lifecam22 847.278442383 4306.49267578 4.98944330215
1477662759027 lifecam20 847.239685059 4306.60742188 4.99003219604
1477662759042 lifecam22 847.215698242 4306.76123047 4.99090957642
1477662759159 lifecam20 847.380371094 4306.92285156 4.99144124985
1477662759179 lifecam22 847.336730957 4306.87011719 4.99057388306
1477662759229 lifecam20 847.320800781 4306.67773438 4.98994493484
1477662759246 lifecam22 847.451904297 4306.68066406 4.99075555801
1477662759294 lifecam20 847.584533691 4306.80175781 4.99151659012
1477662759310 lifecam22 847.531982422 4306.8046875 4.99107170105
1477662759362 lifecam20 847.28125 4306.68847656 4.99061393738
