1477661431110 lifecam22 3371.33813477 4778.19482422 4.68527650833
1477661431177 lifecam22 3371.45214844 4778.58398438 4.68628311157
1477661431242 lifecam22 3371.58007812 4778.56835938 4.68742036819
1477661431379 lifecam22 3371.33813477 4778.19482422 4.68527650833
1477661431445 lifecam22 3371.45214844 4778.58398438 4.68628311157
1477661431513 lifecam22 3371.45214844 4778.58398438 4.68628311157
1477661431577 lifecam22 3371.21020508 4778.21142578 4.68414020538
1477661431646 lifecam22 3371.43017578 4778.42041016 4.68476772308
1477661431711 lifecam22 3371.71459961 4778.97802734 4.68861579895
1477661431776 lifecam22 3371.47363281 4778.60546875 4.68647766113
1477661431845 lifecam22 3371.45214844 4778.58398438 4.68628311157
1477661431910 lifecam22 3371.45214844 4778.58398438 4.68628311157
1477661431978 lifecam22 3371.45214844 4778.58398438 4.68628311157
1477661432115 lifecam22 3371.45214844 4778.58398438 4.68628311157
1477661432184 lifecam22 3371.5847168 4778.55615234 4.68746137619
1477661432246 lifecam22 3371.43017578 4778.42041016 4.68476772308
1477661432314 lifecam22 3371.43017578 4778.42041016 4.68476772308
1477661432378 lifecam22 3371.45214844 4778.58398438 4.68628311157
1477661432448 lifecam22 3371.45214844 4778.58398438 4.68628311157
1477661432512 lifecam22 3371.45214844 4778.58398438 4.68628311157
1477661432580 lifecam22 3371.21020508 4778.21142578 4.68414020538
1477661432648 lifecam22 3371.43017578 4778.42041016 4.68476772308
1477661432715 lifecam22 3371.27294922 4777.84716797 4.68205738068
1477661432847 lifecam22 3371.21020508 4778.21142578 4.68414020538
1477661432914 lifecam22 3371.42749023 4777.98242188 4.68474960327
1477661432981 lifecam22 3371.5847168 4778.55615234 4.68746137619
1477661433045 lifecam22 3371.30249023 4778.01416016 4.68096399307
1477661433112 lifecam22 3371.51733398 4778.20751953 4.68423032761
1477661433189 lifecam22 3371.71240234 4778.56103516 4.68594694138
1477661433248 lifecam22 3371.42724609 4778.00097656 4.68210077286
1477661433315 lifecam22 3371.38696289 4778.23681641 4.6830573082
1477661433385 lifecam22 3371.31518555 4777.6171875 4.67847967148
1477661433448 lifecam22 3371.69042969 4778.38183594 4.68445158005
1477661433582 lifecam22 3371.84692383 4778.95019531 4.68979024887
1477661433649 lifecam22 3371.69238281 4778.81591797 4.68709754944
1477661433713 lifecam22 3371.38745117 4778.23681641 4.68305873871
1477661433780 lifecam22 3371.57958984 4778.28955078 4.68214464188
1477661433848 lifecam22 3371.21630859 4777.79199219 4.67886543274
1477661433980 lifecam22 3371.49658203 4778.2109375 4.68137598038
1477661434050 lifecam22 3371.44799805 4778.02050781 4.6822924614
1477661434116 lifecam22 3371.67163086 4778.79589844 4.68690681458
1477661434184 lifecam22 3371.6484375 4778.63378906 4.68538427353
1477661434250 lifecam22 3371.48022461 4778.46826172 4.68253278732
1477661434314 lifecam22 3371.49658203 4778.2109375 4.68137598038
1477661434381 lifecam22 3371.1418457 4777.30273438 4.67429113388
1477661434449 lifecam22 3371.16113281 4777.31201172 4.67447280884
1477661434518 lifecam22 3371.33691406 4777.77636719 4.67600393295
1477661434584 lifecam22 3371.20361328 4778.07568359 4.67735481262
1477661434716 lifecam22 3371.38330078 4777.82861328 4.67774248123
1477661434785 lifecam22 3371.06982422 4778.5234375 4.68571662903
1477661434852 lifecam22 3371.39892578 4777.70556641 4.67659807205
1477661434917 lifecam22 3366.15209961 4775.24316406 4.66111421585
1477661434983 lifecam22 3356.16113281 4772.66357422 4.65071249008
1477661435051 lifecam22 3350.93823242 4774.48925781 4.65896177292
1477661435116 lifecam22 3344.40087891 4775.20068359 4.66166162491
1477661435184 lifecam22 3337.77416992 4774.82226562 4.66631317139
1477661435249 lifecam22 3331.58422852 4774.13769531 4.66969776154
1477661435316 lifecam22 3324.89111328 4774.55175781 4.67352485657
1477661435452 lifecam22 3311.55322266 4774.75585938 4.67730569839
1477661435519 lifecam22 3304.82836914 4774.58105469 4.6781167984
1477661435585 lifecam22 3298.20092773 4773.75439453 4.6718173027
1477661435651 lifecam22 3290.89477539 4772.92041016 4.67005109787
1477661435718 lifecam22 3284.28759766 4773.26074219 4.67215394974
1477661435786 lifecam22 3279.07617188 4773.51757812 4.67919063568
1477661435849 lifecam22 3271.77636719 4773.38916016 4.67786502838
1477661435917 lifecam22 3266.40209961 4774.19580078 4.68583393097
1477661435983 lifecam22 3259.40209961 4774.19580078 4.68583583832
1477661436052 lifecam22 3252.1862793 4773.59228516 4.68392467499
1477661436187 lifecam22 3238.35253906 4771.77392578 4.68271207809
1477661436254 lifecam22 3231.08813477 4771.71386719 4.67647743225
1477661436318 lifecam22 3224.35229492 4770.47119141 4.67387914658
1477661436387 lifecam22 3217.41186523 4769.66503906 4.6679019928
1477661436452 lifecam22 3210.984375 4769.67041016 4.67114686966
1477661436524 lifecam22 3205.36425781 4769.86816406 4.68215370178
1477661436586 lifecam22 3198.96191406 4768.72314453 4.67693948746
1477661436657 lifecam22 3192.15869141 4768.49804688 4.67748498917
1477661436724 lifecam22 3186.92553711 4768.63134766 4.68048429489
1477661436792 lifecam22 3181.59692383 4769.18798828 4.68850183487
1477661436927 lifecam22 3170.19189453 4771.28808594 4.70403003693
1477661436994 lifecam22 3162.95605469 4769.9453125 4.69970607758
1477661437059 lifecam22 3155.86865234 4769.71875 4.69892072678
1477661437127 lifecam22 3148.80273438 4769.51367188 4.69832849503
1477661437195 lifecam22 3141.75805664 4769.32958984 4.69792747498
1477661437263 lifecam22 3134.49902344 4768.96728516 4.69561052322
1477661437326 lifecam22 3126.44995117 4766.67382812 4.68626308441
1477661437394 lifecam22 3119.72143555 4765.10791016 4.68867301941
1477661437461 lifecam22 3112.84716797 4764.95019531 4.68979120255
1477661437526 lifecam22 3107.53857422 4765.19921875 4.70490598679
1477661437594 lifecam22 3100.53857422 4765.19970703 4.70490646362
1477661437724 lifecam22 3087.15600586 4765.40087891 4.71048736572
1477661437792 lifecam22 3080.41381836 4765.52734375 4.71287965775
1477661437861 lifecam22 3073.41381836 4765.52734375 4.71287918091
1477661437924 lifecam22 3066.4140625 4765.52783203 4.71288108826
1477661437988 lifecam22 3060.5715332 4766.19384766 4.71920156479
1477661438054 lifecam22 3052.51806641 4763.27587891 4.70304298401
1477661438122 lifecam22 3047.93017578 4764.04345703 4.70808649063
1477661438190 lifecam22 3042.37036133 4762.35791016 4.69938468933
1477661438322 lifecam22 3029.69897461 4758.21679688 4.70117330551
1477661438389 lifecam22 3022.95727539 4757.92626953 4.70230436325
1477661438457 lifecam22 3017.03076172 4758.41113281 4.71057367325
1477661438521 lifecam22 3010.03564453 4758.52783203 4.71288251877
1477661438588 lifecam22 3003.41381836 4758.52783203 4.71288061142
1477661438662 lifecam22 2996.4140625 4758.52783203 4.71288156509
1477661438722 lifecam22 2989.4140625 4758.52783203 4.71288013458
1477661438792 lifecam22 2982.4140625 4758.52783203 4.71287965775
1477661438855 lifecam22 2975.80053711 4758.74951172 4.71499109268
1477661438923 lifecam22 2968.82299805 4758.77001953 4.71518325806
1477661439055 lifecam22 2954.92529297 4756.89697266 4.71290779114
1477661439125 lifecam22 2948.42480469 4755.51025391 4.7188205719
1477661439192 lifecam22 2942.99853516 4755.390625 4.7291302681
1477661439260 lifecam22 2935.52172852 4752.67822266 4.72376918793
1477661439324 lifecam22 2928.97680664 4752.83837891 4.72527885437
1477661439456 lifecam22 2915.81787109 4753.09765625 4.72771072388
1477661439525 lifecam22 2908.95678711 4753.09667969 4.72769880295
1477661439592 lifecam22 2901.80322266 4752.18603516 4.71912622452
1477661439659 lifecam22 2895.15185547 4751.62792969 4.71383142471
1477661439724 lifecam22 2889.51171875 4752.30712891 4.72027587891
1477661439791 lifecam22 2883.29296875 4750.41113281 4.72454786301
1477661439858 lifecam22 2876.9675293 4749.95605469 4.72754716873
1477661439925 lifecam22 2871.36035156 4748.28076172 4.73956298828
1477661439994 lifecam22 2864.65356445 4747.30810547 4.73375272751
1477661440058 lifecam22 2856.15551758 4745.85839844 4.72546720505
1477661440191 lifecam22 2843.78051758 4746.04101562 4.72718191147
1477661440258 lifecam22 2837.13085938 4746.04394531 4.72720718384
1477661440326 lifecam22 2830.73779297 4746.34667969 4.73004102707
1477661440392 lifecam22 2823.77246094 4746.37841797 4.73174953461
1477661440459 lifecam22 2818.49707031 4746.88867188 4.74019908905
1477661440529 lifecam22 2813.02246094 4744.83837891 4.74968099594
1477661440591 lifecam22 2806.03173828 4742.85253906 4.74669122696
1477661440659 lifecam22 2798.60717773 4742.08935547 4.74244022369
1477661440726 lifecam22 2791.52734375 4741.75097656 4.74289083481
1477661440794 lifecam22 2783.61743164 4739.84375 4.73234939575
1477661440925 lifecam22 2769.77758789 4738.84326172 4.72688627243
1477661440992 lifecam22 2762.91235352 4737.89160156 4.72330284119
1477661441060 lifecam22 2756.7644043 4736.69970703 4.72985267639
1477661441124 lifecam22 2750.43432617 4735.76904297 4.73605918884
1477661441187 lifecam22 2744.61743164 4736.47949219 4.74450969696
1477661441260 lifecam22 2738.04248047 4735.64404297 4.74467611313
1477661441327 lifecam22 2732.03173828 4735.36523438 4.74697685242
1477661441392 lifecam22 2725.60961914 4735.30517578 4.74742746353
1477661441458 lifecam22 2717.74511719 4733.29589844 4.73780870438
1477661441526 lifecam22 2711.66381836 4733.88134766 4.74349546432
1477661441663 lifecam22 2700.45874023 4733.83154297 4.7676448822
1477661441729 lifecam22 2694.06567383 4732.53759766 4.76791667938
1477661441793 lifecam22 2686.61938477 4730.92333984 4.76314306259
1477661441861 lifecam22 2679.27075195 4728.83251953 4.75156593323
1477661441927 lifecam22 2672.45947266 4728.90234375 4.75330448151
1477661441995 lifecam22 2665.4597168 4727.46533203 4.74784517288
1477661442055 lifecam22 2658.27294922 4727.15869141 4.74838113785
1477661442126 lifecam22 2651.55712891 4726.40478516 4.74727773666
1477661442194 lifecam22 2645.92431641 4726.46142578 4.75813245773
1477661442260 lifecam22 2639.60986328 4725.57177734 4.76270484924
1477661442394 lifecam22 2625.66503906 4723.32177734 4.75693845749
1477661442460 lifecam22 2618.83105469 4723.32617188 4.75944280624
1477661442529 lifecam22 2613.04931641 4723.67138672 4.76661062241
1477661442594 lifecam22 2605.69921875 4721.77978516 4.76072025299
1477661442662 lifecam22 2600.12475586 4721.33984375 4.77117967606
1477661442729 lifecam22 2593.45507812 4719.38867188 4.76391553879
1477661442795 lifecam22 2586.92871094 4717.87158203 4.76499128342
1477661442862 lifecam22 2579.70898438 4717.25195312 4.76292896271
1477661442928 lifecam22 2572.74755859 4716.86230469 4.76055812836
1477661442995 lifecam22 2565.61474609 4715.64208984 4.75767946243
1477661443129 lifecam22 2553.60961914 4714.58691406 4.7678399086
1477661443197 lifecam22 2547.2668457 4714.30126953 4.77240800858
1477661443262 lifecam22 2540.48022461 4712.92480469 4.77055883408
1477661443331 lifecam22 2533.21240234 4711.42724609 4.76931524277
1477661443399 lifecam22 2527.47729492 4711.44921875 4.77168512344
1477661443464 lifecam22 2519.93652344 4710.48876953 4.76963853836
1477661443531 lifecam22 2513.37817383 4709.30517578 4.7719244957
1477661443595 lifecam22 2507.45898438 4708.45214844 4.77566194534
1477661443661 lifecam22 2500.69604492 4707.46240234 4.77844381332
1477661443730 lifecam22 2494.95068359 4707.07958984 4.78062677383
1477661443865 lifecam22 2481.78808594 4705.14501953 4.77564716339
1477661443933 lifecam22 2474.73583984 4704.39111328 4.77794218063
1477661444000 lifecam22 2468.94458008 4704.06787109 4.78297185898
1477661444065 lifecam22 2462.94189453 4702.99755859 4.78612327576
1477661444132 lifecam22 2456.11157227 4701.60986328 4.7836728096
1477661444199 lifecam22 2449.29785156 4700.66455078 4.78206396103
1477661444263 lifecam22 2441.45410156 4698.10351562 4.77438402176
1477661444330 lifecam22 2434.85498047 4697.66015625 4.77653026581
1477661444398 lifecam22 2428.54223633 4696.64697266 4.77801847458
1477661444464 lifecam22 2421.96386719 4695.58154297 4.78114652634
1477661444600 lifecam22 2409.11303711 4693.88085938 4.78398656845
1477661444667 lifecam22 2402.09130859 4693.18164062 4.7846198082
1477661444734 lifecam22 2395.04785156 4692.20800781 4.78330183029
1477661444799 lifecam22 2388.44628906 4691.875 4.78552913666
1477661444864 lifecam22 2382.19897461 4690.15185547 4.78824949265
1477661444932 lifecam22 2375.79248047 4690.56591797 4.79399013519
1477661444998 lifecam22 2368.79882812 4688.67724609 4.79009866714
1477661445066 lifecam22 2361.64819336 4686.76904297 4.78582382202
1477661445132 lifecam22 2355.37963867 4686.35009766 4.7893576622
1477661445198 lifecam22 2349.07788086 4684.58691406 4.79247426987
1477661445336 lifecam22 2336.65136719 4682.68994141 4.79552507401
1477661445409 lifecam22 2330.38916016 4680.94775391 4.7899646759
1477661445474 lifecam22 2323.44262695 4680.73193359 4.79389810562
1477661445541 lifecam22 2316.95214844 4679.55517578 4.79504919052
1477661445609 lifecam22 2311.29248047 4679.39013672 4.80085229874
1477661445666 lifecam22 2304.41210938 4678.1015625 4.80215597153
1477661445733 lifecam22 2298.18188477 4677.33056641 4.80164432526
1477661445799 lifecam22 2291.32739258 4676.4921875 4.80355215073
1477661445865 lifecam22 2284.53369141 4675.16992188 4.80216836929
1477661445933 lifecam22 2277.4465332 4673.55224609 4.80039644241
1477661446069 lifecam22 2264.13549805 4671.24755859 4.80345392227
1477661446136 lifecam22 2257.41674805 4670.26464844 4.80375480652
1477661446203 lifecam22 2250.45263672 4668.48095703 4.80049800873
1477661446269 lifecam22 2244.24755859 4667.15771484 4.80440092087
1477661446335 lifecam22 2237.92871094 4665.8515625 4.80602836609
1477661446401 lifecam22 2231.68603516 4665.89111328 4.81166267395
1477661446466 lifecam22 2224.72265625 4664.78369141 4.80973386765
1477661446533 lifecam22 2217.9621582 4664.17382812 4.81112527847
1477661446601 lifecam22 2211.67797852 4662.82226562 4.81112384796
1477661446668 lifecam22 2205.82324219 4661.91162109 4.81291341782
1477661446802 lifecam22 2192.57202148 4659.078125 4.812084198
1477661446867 lifecam22 2186.35864258 4657.72119141 4.81341362
1477661446938 lifecam22 2179.65136719 4655.71582031 4.8080201149
1477661447002 lifecam22 2173.2043457 4654.90722656 4.81134939194
1477661447067 lifecam22 2166.60424805 4653.06884766 4.81271028519
1477661447139 lifecam22 2160.34692383 4652.20996094 4.81469631195
1477661447201 lifecam22 2153.49804688 4651.38232422 4.81397676468
1477661447269 lifecam22 2146.21118164 4649.85205078 4.81156349182
1477661447335 lifecam22 2139.875 4649.71728516 4.81796312332
1477661447400 lifecam22 2134.87084961 4649.13232422 4.82604312897
1477661447538 lifecam22 2120.90844727 4646.07666016 4.82415103912
1477661447606 lifecam22 2114.31860352 4645.00976562 4.82465839386
1477661447671 lifecam22 2107.93823242 4643.98291016 4.82903766632
1477661447736 lifecam22 2101.56005859 4642.66894531 4.83066272736
1477661447803 lifecam22 2094.43994141 4641.19775391 4.83034801483
1477661447871 lifecam22 2087.66650391 4639.27441406 4.82550859451
1477661447938 lifecam22 2080.7175293 4637.90039062 4.82475042343
1477661448002 lifecam22 2073.7121582 4636.34814453 4.82586812973
1477661448069 lifecam22 2068.16357422 4635.94628906 4.83376550674
1477661448137 lifecam22 2060.70361328 4634.05224609 4.83009719849
1477661448273 lifecam22 2047.48925781 4632.55126953 4.83119487762
1477661448340 lifecam22 2040.28710938 4630.93017578 4.82823228836
1477661448405 lifecam22 2035.36035156 4629.77880859 4.83510255814
1477661448472 lifecam22 2028.31982422 4627.63769531 4.83291101456
1477661448539 lifecam22 2022.17919922 4627.07421875 4.831782341
1477661448606 lifecam22 2015.47265625 4624.92480469 4.83134126663
1477661448670 lifecam22 2010.875 4624.40917969 4.83904981613
1477661448736 lifecam22 2003.37524414 4622.45605469 4.83696079254
1477661448804 lifecam22 1996.7722168 4620.70214844 4.83711290359
1477661448873 lifecam22 1989.95898438 4619.18652344 4.83373832703
1477661449008 lifecam22 1977.13476562 4617.61083984 4.84190559387
1477661449073 lifecam22 1970.3815918 4616.17089844 4.8425989151
1477661449139 lifecam22 1963.87475586 4614.83105469 4.84287643433
1477661449206 lifecam22 1956.32824707 4613.53564453 4.83908128738
1477661449271 lifecam22 1950.49475098 4612.12207031 4.84250640869
1477661449339 lifecam22 1944.18579102 4612.00976562 4.85129785538
1477661449404 lifecam22 1937.56860352 4610.11767578 4.84981203079
1477661449470 lifecam22 1931.02868652 4608.29980469 4.84645366669
1477661449539 lifecam22 1923.20275879 4606.97705078 4.84462594986
1477661449604 lifecam22 1918.18432617 4605.73828125 4.85323953629
1477661449729 lifecam20 1844.20019531 4600.17089844 4.80947160721
1477661449741 lifecam22 1837.39196777 4598.32177734 4.80749082565
1477661449796 lifecam20 1833.97729492 4597.41796875 4.8068022728
1477661449810 lifecam22 1830.49951172 4596.15039062 4.80355501175
1477661449871 lifecam20 1827.15063477 4596.16894531 4.80552721024
1477661449874 lifecam22 1823.86181641 4595.76367188 4.80694103241
1477661449927 lifecam20 1820.40185547 4595.47460938 4.80738830566
1477661449939 lifecam22 1817.2677002 4594.87890625 4.80939245224
1477661449997 lifecam20 1813.74023438 4595.05566406 4.81073760986
1477661450007 lifecam22 1810.34619141 4594.53027344 4.81105518341
1477661450070 lifecam20 1807.06408691 4594.49902344 4.81324338913
1477661450074 lifecam22 1803.62695312 4593.66601562 4.81209659576
1477661450127 lifecam20 1801.05224609 4594.18164062 4.82041311264
1477661450138 lifecam22 1798.11413574 4593.42675781 4.82172966003
1477661450195 lifecam20 1794.72802734 4592.84130859 4.82195472717
1477661450205 lifecam22 1791.46411133 4592.36621094 4.82346153259
1477661450272 lifecam22 1788.48291016 4591.69921875 4.8249335289
1477661450270 lifecam20 1785.53771973 4591.84570312 4.829246521
1477661450338 lifecam20 1782.55493164 4592.20800781 4.83561754227
1477661450340 lifecam22 1778.82739258 4591.140625 4.83479881287
1477661450468 lifecam20 1773.01708984 4591.70800781 4.8462433815
1477661450475 lifecam22 1766.85205078 4590.30078125 4.84927225113
1477661450542 lifecam20 1763.6661377 4589.97167969 4.84986972809
1477661450543 lifecam22 1760.50268555 4589.30859375 4.84922599792
1477661450595 lifecam20 1757.23193359 4588.92578125 4.85087394714
1477661450610 lifecam22 1754.10388184 4588.19726562 4.85065126419
1477661450667 lifecam20 1750.9465332 4587.62402344 4.85262870789
1477661450676 lifecam22 1747.25939941 4586.53515625 4.85070896149
1477661450740 lifecam20 1743.93261719 4586.36816406 4.85353088379
1477661450742 lifecam22 1741.21777344 4586.19921875 4.858086586
1477661450799 lifecam20 1737.99145508 4585.50488281 4.85816144943
1477661450808 lifecam22 1735.00073242 4584.72265625 4.85936498642
1477661450869 lifecam20 1731.72070312 4584.07421875 4.85936784744
1477661450876 lifecam22 1728.38623047 4583.65429688 4.85958528519
1477661450939 lifecam20 1724.6159668 4582.93212891 4.85871315002
1477661450940 lifecam22 1721.09216309 4581.99023438 4.85701465607
1477661451008 lifecam22 1717.89990234 4581.17871094 4.85677289963
1477661451007 lifecam20 1714.83203125 4580.65429688 4.85785150528
1477661451063 lifecam20 1711.74682617 4580.1328125 4.86111497879
1477661451074 lifecam22 1708.55908203 4579.4375 4.86241149902
1477661451208 lifecam20 1701.60009766 4577.62158203 4.85992860794
1477661451211 lifecam22 1694.84472656 4576.01464844 4.85972976685
1477661451265 lifecam20 1690.92041016 4575.19238281 4.85975694656
1477661451277 lifecam22 1687.19799805 4574.20361328 4.85771465302
1477661451331 lifecam20 1683.89746094 4573.23730469 4.85831880569
1477661451343 lifecam22 1681.0612793 4572.61621094 4.86213541031
1477661451406 lifecam20 1677.59558105 4572.17285156 4.86367416382
1477661451408 lifecam22 1673.89086914 4571.18359375 4.86241054535
1477661451462 lifecam20 1671.09753418 4570.265625 4.86290168762
1477661451475 lifecam22 1668.01611328 4569.22998047 4.86165380478
1477661451609 lifecam20 1660.99121094 4567.48681641 4.86070203781
1477661451611 lifecam22 1654.71655273 4566.234375 4.86459302902
1477661451663 lifecam20 1651.2154541 4565.82617188 4.86711883545
1477661451678 lifecam22 1647.65551758 4564.95605469 4.86621618271
1477661451733 lifecam20 1644.5300293 4564.92675781 4.86826896667
1477661451744 lifecam22 1641.25708008 4564.55761719 4.86922836304
1477661451802 lifecam20 1637.53466797 4563.44677734 4.86895227432
1477661451809 lifecam22 1634.43566895 4562.91601562 4.87084341049
1477661451877 lifecam22 1631.53979492 4562.0 4.87412977219
1477661451876 lifecam20 1628.56176758 4561.35742188 4.87760829926
1477661451949 lifecam22 1625.52307129 4560.78222656 4.8768825531
1477661451999 lifecam20 1619.07641602 4558.68359375 4.87442302704
1477661452012 lifecam22 1615.67224121 4557.08300781 4.87111949921
1477661452076 lifecam20 1612.21569824 4556.46972656 4.87056541443
1477661452079 lifecam22 1609.10595703 4556.09277344 4.87242507935
1477661452134 lifecam20 1605.80322266 4555.09667969 4.87248182297
1477661452146 lifecam22 1602.55310059 4554.04541016 4.87248516083
1477661452204 lifecam20 1599.08984375 4552.89550781 4.87158155441
1477661452212 lifecam22 1595.96362305 4551.61914062 4.87005996704
1477661452334 lifecam20 1589.53051758 4549.93261719 4.87124443054
1477661452343 lifecam22 1583.04455566 4548.23242188 4.87275934219
1477661452398 lifecam20 1580.08874512 4547.69677734 4.87376403809
1477661452412 lifecam22 1577.18530273 4546.98828125 4.87327528
1477661452478 lifecam20 1573.43286133 4545.92626953 4.87158823013
1477661452479 lifecam22 1569.85583496 4544.79345703 4.8692855835
1477661452543 lifecam20 1566.52990723 4544.22949219 4.87019443512
1477661452544 lifecam22 1563.18554688 4543.66992188 4.87114286423
1477661452601 lifecam20 1560.09130859 4543.22851562 4.87400388718
1477661452613 lifecam22 1557.37939453 4542.88183594 4.878262043
1477661452743 lifecam20 1550.46533203 4541.859375 4.88024759293
1477661452745 lifecam22 1544.08508301 4540.84765625 4.88216257095
1477661452801 lifecam20 1540.63818359 4539.45507812 4.88041067123
1477661452811 lifecam22 1537.17651367 4538.23535156 4.87968540192
1477661452867 lifecam20 1533.85534668 4537.76074219 4.88190507889
1477661452878 lifecam22 1530.58447266 4537.09960938 4.8848028183
1477661452941 lifecam20 1527.20935059 4536.49121094 4.88729906082
1477661452944 lifecam22 1523.55175781 4535.51464844 4.88624572754
1477661452999 lifecam20 1519.81958008 4534.24902344 4.88346481323
1477661453010 lifecam22 1516.95300293 4533.66015625 4.88522386551
1477661453142 lifecam20 1510.01660156 4531.75585938 4.88518428802
1477661453144 lifecam22 1503.06640625 4529.4609375 4.8844742775
1477661453199 lifecam20 1499.82189941 4528.47167969 4.88531446457
1477661453211 lifecam22 1496.64624023 4527.58105469 4.88548183441
1477661453270 lifecam20 1493.08337402 4526.52197266 4.88402032852
1477661453279 lifecam22 1489.82592773 4525.40820312 4.8825917244
1477661453338 lifecam20 1486.53515625 4524.67822266 4.8841791153
1477661453343 lifecam22 1483.16748047 4523.92480469 4.88437271118
1477661453410 lifecam20 1479.39404297 4522.9296875 4.88289213181
1477661453413 lifecam22 1475.79638672 4521.83203125 4.88233327866
1477661453469 lifecam20 1472.19458008 4521.21240234 4.88276433945
1477661453483 lifecam22 1468.94775391 4520.81152344 4.8844203949
1477661453539 lifecam20 1465.58825684 4520.07421875 4.88555669785
1477661453548 lifecam22 1462.10839844 4519.06298828 4.88486003876
1477661453612 lifecam22 1459.10949707 4518.53515625 4.88695812225
1477661453613 lifecam20 1455.89355469 4518.12207031 4.88911247253
1477661453669 lifecam20 1452.49511719 4516.98339844 4.88856887817
1477661453679 lifecam22 1449.46105957 4516.06005859 4.88935422897
1477661453736 lifecam20 1446.25830078 4515.39648438 4.89177274704
1477661453746 lifecam22 1442.67993164 4514.33789062 4.89044141769
1477661453870 lifecam20 1435.8260498 4512.69091797 4.89112901688
1477661453879 lifecam22 1429.47998047 4511.26757812 4.89421415329
1477661453934 lifecam20 1426.4432373 4510.77050781 4.89612388611
1477661453946 lifecam22 1423.45922852 4509.94628906 4.89620685577
1477661454009 lifecam20 1419.67272949 4508.97753906 4.89551925659
1477661454014 lifecam22 1416.15698242 4508.27392578 4.89605331421
1477661454080 lifecam20 1412.81689453 4506.89160156 4.89577054977
1477661454081 lifecam22 1409.67236328 4505.72949219 4.89762592316
1477661454135 lifecam20 1406.26635742 4505.04003906 4.89785289764
1477661454147 lifecam22 1403.11975098 4503.95849609 4.89665365219
1477661454263 lifecam20 1396.16223145 4502.11425781 4.89676809311
1477661454276 lifecam22 1389.47058105 4500.45703125 4.89622783661
1477661454340 lifecam20 1385.75390625 4499.40087891 4.89690351486
1477661454347 lifecam22 1382.21813965 4498.63525391 4.89991044998
1477661454397 lifecam20 1378.96618652 4498.22363281 4.90069913864
1477661454409 lifecam22 1375.71386719 4497.38867188 4.9014134407
1477661454480 lifecam22 1372.42358398 4496.44238281 4.9005355835
1477661454479 lifecam20 1369.0703125 4495.68798828 4.90288591385
1477661454534 lifecam20 1365.54064941 4494.47314453 4.90163373947
1477661454545 lifecam22 1362.16809082 4493.45019531 4.9022026062
1477661454608 lifecam20 1358.66491699 4492.66455078 4.90228748322
1477661454615 lifecam22 1355.55224609 4491.92773438 4.90310811996
1477661454679 lifecam22 1351.96057129 4490.44921875 4.89980697632
1477661454679 lifecam20 1348.64233398 4489.50390625 4.90026712418
1477661454735 lifecam20 1345.19116211 4488.7734375 4.90234327316
1477661454745 lifecam22 1341.87585449 4487.99316406 4.90387010574
1477661454802 lifecam20 1338.26708984 4486.93847656 4.90323448181
1477661454814 lifecam22 1335.22729492 4486.4453125 4.90620136261
1477661454874 lifecam20 1332.1463623 4485.67773438 4.90785455704
1477661454881 lifecam22 1328.99157715 4484.73925781 4.9080748558
1477661455005 lifecam20 1322.20092773 4482.62207031 4.90667295456
1477661455018 lifecam22 1315.77807617 4480.54492188 4.90766096115
1477661455075 lifecam20 1312.08068848 4479.23925781 4.90812397003
1477661455084 lifecam22 1308.92016602 4478.31640625 4.90938949585
1477661455146 lifecam20 1305.48095703 4477.58447266 4.90975046158
1477661455149 lifecam22 1302.23596191 4476.81298828 4.90964794159
1477661455203 lifecam20 1298.94335938 4476.10742188 4.91062641144
1477661455214 lifecam22 1295.48681641 4474.99804688 4.9089679718
1477661455270 lifecam20 1292.04150391 4474.07910156 4.9092965126
1477661455284 lifecam22 1288.66699219 4473.34033203 4.9114780426
1477661455356 lifecam22 1286.01977539 4472.60351562 4.91293525696
1477661455408 lifecam20 1279.83666992 4470.71972656 4.91387939453
1477661455414 lifecam22 1276.52282715 4469.12597656 4.91098499298
1477661455474 lifecam20 1273.13671875 4468.27539062 4.91085004807
1477661455482 lifecam22 1269.72509766 4467.49023438 4.91171836853
1477661455542 lifecam20 1266.5324707 4466.93017578 4.91504192352
1477661455547 lifecam22 1263.73461914 4466.47265625 4.91676473618
1477661455615 lifecam20 1260.31408691 4464.64746094 4.91287755966
1477661455616 lifecam22 1257.27807617 4462.99414062 4.91214990616
1477661455675 lifecam20 1254.12744141 4462.57910156 4.91400575638
1477661455741 lifecam20 1250.59228516 4460.9453125 4.91303920746
1477661455751 lifecam22 1244.37011719 4459.23828125 4.91520929337
1477661455815 lifecam22 1241.06958008 4458.14453125 4.91458129883
1477661455814 lifecam20 1238.11206055 4457.37792969 4.91487979889
1477661455870 lifecam20 1234.68322754 4456.19970703 4.91387605667
1477661455882 lifecam22 1231.4921875 4454.95556641 4.91267156601
1477661455938 lifecam20 1228.11962891 4454.04394531 4.9135093689
1477661455949 lifecam22 1224.6463623 4453.11962891 4.91423511505
1477661456015 lifecam20 1221.41015625 4452.26367188 4.9164853096
1477661456015 lifecam22 1218.84191895 4451.5390625 4.91845750809
1477661456141 lifecam20 1212.07299805 4449.97314453 4.91805648804
1477661456151 lifecam22 1205.52294922 4448.35205078 4.91841316223
1477661456212 lifecam20 1202.05395508 4447.35742188 4.91918420792
1477661456214 lifecam22 1198.68017578 4446.59082031 4.92096948624
1477661456283 lifecam22 1195.65576172 4445.69921875 4.92279863358
1477661456283 lifecam20 1192.68554688 4445.40136719 4.92743968964
1477661456340 lifecam20 1188.9909668 4443.86865234 4.92424440384
1477661456351 lifecam22 1186.14477539 4443.30566406 4.92815876007
1477661456406 lifecam20 1182.94287109 4442.58105469 4.93086528778
1477661456418 lifecam22 1179.44934082 4441.20263672 4.92750549316
1477661456481 lifecam20 1176.16540527 4440.66796875 4.93004369736
1477661456486 lifecam22 1172.94628906 4439.92285156 4.93088722229
1477661456538 lifecam20 1169.26855469 4438.60888672 4.92917823792
1477661456549 lifecam22 1166.14331055 4437.32714844 4.92897844315
1477661456609 lifecam20 1162.89599609 4435.88964844 4.92824745178
1477661456621 lifecam22 1159.33227539 4434.45410156 4.92628145218
1477661456683 lifecam20 1155.67932129 4433.38330078 4.92659711838
1477661456685 lifecam22 1152.36279297 4432.09667969 4.92782878876
1477661456738 lifecam20 1148.97290039 4430.73144531 4.92702054977
1477661456752 lifecam22 1145.7845459 4429.44580078 4.92501354218
1477661456879 lifecam20 1139.26525879 4427.19726562 4.92478609085
1477661456883 lifecam22 1132.90332031 4425.10449219 4.92439079285
1477661456940 lifecam20 1129.45678711 4424.29492188 4.92450761795
1477661456949 lifecam22 1126.48693848 4423.79980469 4.92762994766
1477661457007 lifecam20 1122.97058105 4423.08007812 4.92855978012
1477661457021 lifecam22 1119.57910156 4422.39160156 4.93142032623
1477661457077 lifecam20 1116.39318848 4421.80273438 4.93402147293
1477661457082 lifecam22 1113.23217773 4420.80273438 4.93213367462
1477661457149 lifecam20 1109.96447754 4419.48095703 4.93179655075
1477661457150 lifecam22 1106.7434082 4418.11035156 4.9335694313
1477661457274 lifecam20 1100.43103027 4416.33984375 4.93720245361
1477661457287 lifecam22 1094.3873291 4414.84326172 4.93936252594
1477661457354 lifecam22 1091.32751465 4413.61865234 4.93857049942
1477661457353 lifecam20 1088.38098145 4413.03710938 4.93938446045
1477661457406 lifecam20 1084.72924805 4411.85644531 4.93930196762
1477661457416 lifecam22 1081.55651855 4410.9140625 4.93965053558
1477661457479 lifecam20 1078.59301758 4409.42089844 4.93877124786
1477661457487 lifecam22 1075.70727539 4408.0078125 4.93915081024
1477661457550 lifecam20 1072.56811523 4406.95507812 4.93882656097
1477661457553 lifecam22 1069.15588379 4405.64160156 4.93597126007
1477661457610 lifecam20 1065.42810059 4404.50390625 4.93538045883
1477661457619 lifecam22 1062.18127441 4403.40185547 4.93739461899
1477661457674 lifecam20 1059.22558594 4402.37060547 4.93824720383
1477661457686 lifecam22 1056.56616211 4401.48730469 4.9387345314
1477661457747 lifecam20 1053.11889648 4400.27832031 4.93840122223
1477661457753 lifecam22 1049.83679199 4399.12011719 4.93709230423
1477661457821 lifecam22 1046.85546875 4398.20800781 4.93959569931
1477661457820 lifecam20 1043.27880859 4396.93408203 4.93756008148
1477661457879 lifecam20 1039.98718262 4396.38916016 4.94019889832
1477661457887 lifecam22 1037.16674805 4396.20703125 4.94454860687
1477661458018 lifecam20 1030.65991211 4394.3125 4.94549512863
1477661458020 lifecam22 1023.91186523 4391.88476562 4.94383859634
1477661458075 lifecam20 1020.77648926 4390.89941406 4.94605588913
1477661458085 lifecam22 1017.74743652 4389.73046875 4.94655752182
1477661458142 lifecam20 1014.5760498 4388.53125 4.94589614868
1477661458153 lifecam22 1011.36547852 4387.44042969 4.9458861351
1477661458202 lifecam20 1007.57263184 4386.39501953 4.94649791718
1477661458219 lifecam22 1003.9833374 4384.92871094 4.94374752045
1477661458273 lifecam20 1000.52648926 4383.73779297 4.94325351715
1477661458284 lifecam22 997.094360352 4382.75 4.94448184967
1477661458348 lifecam20 993.863098145 4381.84570312 4.9454908371
1477661458362 lifecam22 990.920227051 4381.01953125 4.94769859314
1477661458416 lifecam20 987.470031738 4379.64941406 4.94629240036
1477661458422 lifecam22 984.26965332 4378.01464844 4.94293689728
1477661458480 lifecam20 981.222351074 4376.86035156 4.9446182251
1477661458487 lifecam22 978.468444824 4376.26611328 4.94861698151
1477661458548 lifecam20 975.420776367 4375.33984375 4.95005702972
1477661458555 lifecam22 972.022583008 4374.02880859 4.94875097275
1477661458610 lifecam20 968.699462891 4373.05371094 4.94763183594
1477661458620 lifecam22 965.392944336 4371.92382812 4.94829034805
1477661458744 lifecam20 958.299194336 4370.03710938 4.95073699951
1477661458757 lifecam22 952.290771484 4368.68701172 4.95397186279
1477661458815 lifecam20 949.090087891 4367.35400391 4.95329046249
1477661458822 lifecam22 945.520263672 4366.19433594 4.95473146439
1477661458886 lifecam20 941.988830566 4365.33789062 4.95526695251
1477661458887 lifecam22 939.193359375 4363.93066406 4.95400619507
1477661458946 lifecam20 936.252258301 4362.70898438 4.95562314987
1477661458954 lifecam22 932.930297852 4361.33886719 4.95426702499
1477661459009 lifecam20 929.565063477 4360.17578125 4.95463132858
1477661459082 lifecam20 926.389160156 4359.12109375 4.95356893539
1477661459142 lifecam20 829.386108398 4361.81201172 4.95016813278
1477661459157 lifecam22 914.075683594 4354.47607422 4.95559883118
1477661459214 lifecam20 911.100646973 4353.63818359 4.95655298233
1477661459223 lifecam22 907.859802246 4352.19433594 4.9557762146
1477661459281 lifecam20 904.277709961 4350.45947266 4.95291996002
1477661459288 lifecam22 901.239257812 4349.44482422 4.95299243927
1477661459354 lifecam20 897.987609863 4348.40722656 4.95622682571
1477661459355 lifecam22 894.647155762 4346.97460938 4.95702075958
1477661459409 lifecam20 891.555175781 4345.8828125 4.9558095932
1477661459420 lifecam22 888.825317383 4345.25488281 4.95794057846
1477661459496 lifecam22 885.4375 4344.078125 4.95709180832
1477661459555 lifecam22 882.301025391 4343.421875 4.95975351334
1477661459555 lifecam20 875.914794922 4341.82421875 4.96355056763
1477661459615 lifecam20 872.092651367 4340.4375 4.96274471283
1477661459622 lifecam22 868.809020996 4338.92285156 4.96157217026
1477661459677 lifecam20 865.608276367 4338.17626953 4.96357393265
1477661459690 lifecam22 862.5234375 4337.44482422 4.96387577057
1477661459754 lifecam20 859.427612305 4336.42089844 4.96504735947
1477661459754 lifecam22 856.333068848 4335.61181641 4.96754312515
1477661459812 lifecam20 852.651428223 4334.31640625 4.96686601639
