1477660552544 lifecam22 3371.50439453 4771.40429688 4.65939950943
1477660552682 lifecam22 3371.50439453 4771.40429688 4.65939950943
1477660552748 lifecam22 3371.58520508 4771.53417969 4.6606426239
1477660552817 lifecam22 3371.50439453 4771.40429688 4.65939950943
1477660552883 lifecam22 3371.59521484 4771.61181641 4.66015100479
1477660552946 lifecam22 3371.59521484 4771.61181641 4.66015100479
1477660553013 lifecam22 3371.54150391 4771.44677734 4.65859603882
1477660553085 lifecam22 3371.50439453 4771.40429688 4.65939950943
1477660553148 lifecam22 3371.50439453 4771.40429688 4.65939950943
1477660553214 lifecam22 3371.59521484 4771.61181641 4.66015100479
1477660553281 lifecam22 3371.44897461 4771.23876953 4.65784215927
1477660553417 lifecam22 3371.29443359 4771.34521484 4.65751504898
1477660553482 lifecam22 3371.58520508 4771.53417969 4.6606426239
1477660553551 lifecam22 3371.50439453 4771.40429688 4.65939950943
1477660553614 lifecam22 3371.50439453 4771.40429688 4.65939950943
1477660553682 lifecam22 3371.59521484 4771.61181641 4.66015100479
1477660553815 lifecam22 3371.58520508 4771.53417969 4.6606426239
1477660553883 lifecam22 3371.59521484 4771.61181641 4.66015100479
1477660553949 lifecam22 3371.58520508 4771.53417969 4.6606426239
1477660554018 lifecam22 3371.67529297 4771.7421875 4.66139268875
1477660554080 lifecam22 3371.58520508 4771.53417969 4.6606426239
1477660554151 lifecam22 3371.58520508 4771.53417969 4.6606426239
1477660554218 lifecam22 3371.82421875 4771.62255859 4.66160058975
1477660554280 lifecam22 3371.58520508 4771.53417969 4.6606426239
1477660554349 lifecam22 3371.44897461 4771.23876953 4.65784215927
1477660554421 lifecam22 3371.82421875 4771.62255859 4.66160058975
1477660554553 lifecam22 3371.50439453 4771.40429688 4.65939950943
1477660554620 lifecam22 3371.58520508 4771.53417969 4.6606426239
1477660554690 lifecam22 3371.58520508 4771.53417969 4.6606426239
1477660554759 lifecam22 3371.50439453 4771.40429688 4.65939950943
1477660554825 lifecam22 3371.67529297 4771.7421875 4.66139268875
1477660554890 lifecam22 3371.68823242 4771.32666016 4.65879678726
1477660554951 lifecam22 3371.44897461 4771.23876953 4.65784215927
1477660555021 lifecam22 3371.7355957 4771.48339844 4.66147756577
1477660555091 lifecam22 3371.50439453 4771.40429688 4.65939950943
1477660555152 lifecam22 3371.78027344 4771.53466797 4.6595492363
1477660555225 lifecam22 3371.7434082 4771.4921875 4.66035604477
1477660555285 lifecam22 3371.92163086 4771.40771484 4.66087627411
1477660555353 lifecam22 3371.44897461 4771.23876953 4.65784215927
1477660555420 lifecam22 3371.68823242 4771.32666016 4.65879678726
1477660555478 lifecam22 3372.01367188 4771.61621094 4.66163110733
1477660555618 lifecam22 3371.71704102 4771.48730469 4.65899610519
1477660555686 lifecam22 3371.95019531 4771.56787109 4.66107320786
1477660555753 lifecam22 3371.92163086 4771.40771484 4.66087627411
1477660555816 lifecam22 3371.92163086 4771.40771484 4.66087627411
1477660555886 lifecam22 3371.92163086 4771.40771484 4.66087627411
1477660556016 lifecam22 3371.92163086 4771.40771484 4.66087627411
1477660556088 lifecam22 3371.98095703 4771.50341797 4.66180276871
1477660556153 lifecam22 3371.92163086 4771.40771484 4.66087627411
1477660556221 lifecam22 3372.140625 4771.43164062 4.66240024567
1477660556286 lifecam22 3371.92163086 4771.40771484 4.66087627411
1477660556425 lifecam22 3371.99291992 4771.96142578 4.66110229492
1477660556489 lifecam22 3372.2265625 4772.04296875 4.66318368912
1477660556556 lifecam22 3372.11279297 4771.81640625 4.66223812103
1477660556626 lifecam22 3371.92163086 4771.40771484 4.66087627411
1477660556693 lifecam22 3372.04223633 4771.77636719 4.66182756424
1477660556758 lifecam22 3372.06640625 4771.78027344 4.66318464279
1477660556824 lifecam22 3358.04370117 4768.58935547 4.64214992523
1477660556891 lifecam22 3350.83618164 4766.61572266 4.63455343246
1477660556956 lifecam22 3348.80371094 4769.28173828 4.65068054199
1477660557092 lifecam22 3334.65332031 4768.83789062 4.65806770325
1477660557155 lifecam22 3328.84838867 4768.37695312 4.6558265686
1477660557227 lifecam22 3321.66235352 4767.48779297 4.65571451187
1477660557295 lifecam22 3314.95483398 4767.05517578 4.65456914902
1477660557359 lifecam22 3307.8581543 4766.51123047 4.65267419815
1477660557424 lifecam22 3300.97094727 4765.83007812 4.65158987045
1477660557492 lifecam22 3293.72460938 4765.62890625 4.6494641304
1477660557561 lifecam22 3286.86621094 4765.47998047 4.64963722229
1477660557622 lifecam22 3280.03710938 4764.98144531 4.65135860443
1477660557694 lifecam22 3273.77954102 4765.06738281 4.65557575226
1477660557762 lifecam22 3267.16601562 4764.6484375 4.65832090378
1477660557826 lifecam22 3260.4230957 4764.87890625 4.66059064865
1477660557896 lifecam22 3254.16577148 4764.13574219 4.6579451561
1477660557965 lifecam22 3247.59448242 4763.90087891 4.65948390961
1477660558025 lifecam22 3240.92114258 4763.96923828 4.66161346436
1477660558160 lifecam22 3226.62548828 4762.59033203 4.65926837921
1477660558228 lifecam22 3220.23461914 4762.44189453 4.66099739075
1477660558292 lifecam22 3214.98095703 4762.71777344 4.66975545883
1477660558362 lifecam22 3208.296875 4762.85009766 4.6711435318
1477660558427 lifecam22 3201.93237305 4762.99658203 4.67531919479
1477660558491 lifecam22 3196.0847168 4763.53857422 4.68292808533
1477660558564 lifecam22 3189.35009766 4763.46826172 4.68414020538
1477660558631 lifecam22 3182.68334961 4761.16845703 4.67620849609
1477660558691 lifecam22 3175.33862305 4760.60058594 4.6718506813
1477660558760 lifecam22 3168.51391602 4759.93457031 4.67080354691
1477660558830 lifecam22 3161.0703125 4758.32226562 4.66522264481
1477660558891 lifecam22 3154.03613281 4757.99169922 4.66089487076
1477660558962 lifecam22 3147.50878906 4756.34863281 4.65836286545
1477660559030 lifecam22 3141.00537109 4756.29638672 4.65816688538
1477660559095 lifecam22 3134.16772461 4755.75634766 4.6598777771
1477660559166 lifecam22 3127.94482422 4755.10449219 4.65697336197
1477660559228 lifecam22 3122.26074219 4755.01269531 4.66067647934
1477660559294 lifecam22 3115.15917969 4755.09814453 4.66401672363
1477660559359 lifecam22 3108.37890625 4755.49560547 4.66752481461
1477660559428 lifecam22 3104.23046875 4755.89550781 4.68469333649
1477660559562 lifecam22 3091.67285156 4755.35351562 4.6903796196
1477660559629 lifecam22 3084.62475586 4754.86279297 4.6909031868
1477660559699 lifecam22 3077.61791992 4754.45117188 4.68970823288
1477660559765 lifecam22 3070.16381836 4753.28125 4.68454933167
1477660559828 lifecam22 3062.63842773 4751.46923828 4.67994308472
1477660559899 lifecam22 3055.98046875 4751.25585938 4.68192434311
1477660559964 lifecam22 3049.66699219 4751.06835938 4.68694400787
1477660560027 lifecam22 3043.26977539 4750.92089844 4.69230985641
1477660560097 lifecam22 3036.57421875 4750.80761719 4.69380044937
1477660560164 lifecam22 3030.49560547 4751.15869141 4.7032995224
1477660560230 lifecam22 3023.42895508 4750.99414062 4.70142650604
1477660560299 lifecam22 3016.73974609 4750.64794922 4.70161819458
1477660560364 lifecam22 3009.49902344 4749.58154297 4.69831705093
1477660560426 lifecam22 3001.96704102 4748.40771484 4.6911611557
1477660560498 lifecam22 2996.10839844 4747.6484375 4.69069576263
1477660560570 lifecam22 2992.17822266 4747.94384766 4.69415140152
1477660560631 lifecam22 2984.57958984 4745.46972656 4.68165588379
1477660560695 lifecam22 2977.96777344 4743.26318359 4.67753458023
1477660560765 lifecam22 2972.51538086 4743.38037109 4.6892375946
1477660560830 lifecam22 2966.35009766 4743.484375 4.69692134857
1477660560964 lifecam22 2953.25024414 4743.79003906 4.70467472076
1477660561035 lifecam22 2946.67724609 4743.78564453 4.70612478256
1477660561097 lifecam22 2939.85253906 4743.39746094 4.70652198792
1477660561163 lifecam22 2931.27832031 4741.24658203 4.69452953339
1477660561234 lifecam22 2924.94384766 4741.51123047 4.69834089279
1477660561300 lifecam22 2916.84423828 4739.44140625 4.68852186203
1477660561363 lifecam22 2909.58276367 4737.96142578 4.68619728088
1477660561433 lifecam22 2904.17626953 4737.14208984 4.70042657852
1477660561498 lifecam22 2897.66479492 4737.18847656 4.70482587814
1477660561565 lifecam22 2891.30029297 4737.40966797 4.71057510376
1477660561633 lifecam22 2884.55395508 4737.52783203 4.71287918091
1477660561702 lifecam22 2878.7121582 4738.19433594 4.71920633316
1477660561764 lifecam22 2873.48681641 4735.44238281 4.7027425766
1477660561831 lifecam22 2864.453125 4735.17333984 4.70353507996
1477660561900 lifecam22 2857.49609375 4734.83105469 4.70167922974
1477660561978 lifecam22 2850.7644043 4734.81103516 4.70276784897
1477660562032 lifecam22 2845.86181641 4734.08691406 4.71620225906
1477660562101 lifecam22 2838.97827148 4732.46240234 4.71219348907
1477660562167 lifecam22 2831.55883789 4730.33691406 4.70838785172
1477660562230 lifecam22 2825.15185547 4730.62792969 4.71383428574
1477660562370 lifecam22 2813.54321289 4731.07080078 4.71803712845
1477660562432 lifecam22 2806.87573242 4729.85107422 4.71208333969
1477660562498 lifecam22 2799.23657227 4727.81201172 4.70521640778
1477660562569 lifecam22 2793.76245117 4726.09765625 4.71477890015
1477660562632 lifecam22 2788.40649414 4726.55273438 4.7252907753
1477660562697 lifecam22 2781.06176758 4724.5859375 4.72184181213
1477660562762 lifecam22 2774.36865234 4724.53808594 4.722448349
1477660562829 lifecam22 2768.05151367 4724.77880859 4.72471570969
1477660562888 lifecam22 2760.55200195 4724.57763672 4.72282361984
1477660562962 lifecam22 2754.95922852 4725.09912109 4.72772121429
1477660563097 lifecam22 2740.15209961 4722.21240234 4.71487092972
1477660563163 lifecam22 2734.74633789 4719.91503906 4.72811222076
1477660563232 lifecam22 2728.25390625 4719.36132812 4.73023271561
1477660563298 lifecam22 2719.99584961 4716.72705078 4.71477603912
1477660563366 lifecam22 2713.05517578 4716.52929688 4.71289110184
1477660563440 lifecam22 2706.05493164 4716.52929688 4.71289110184
1477660563497 lifecam22 2699.05517578 4716.52929688 4.71289157867
1477660563564 lifecam22 2692.1418457 4714.74121094 4.71367788315
1477660563630 lifecam22 2684.63183594 4713.25878906 4.70904636383
1477660563701 lifecam22 2678.87011719 4712.72021484 4.72032594681
1477660563832 lifecam22 2664.92626953 4711.85400391 4.72560310364
1477660563897 lifecam22 2658.77197266 4710.70556641 4.72299051285
1477660563962 lifecam22 2654.72949219 4712.08349609 4.73690795898
1477660564030 lifecam22 2647.64160156 4712.00878906 4.73621273041
1477660564099 lifecam22 2641.9140625 4712.41503906 4.74683141708
1477660564226 lifecam22 2630.37451172 4708.68554688 4.75685930252
1477660564298 lifecam22 2623.82592773 4707.69335938 4.75134420395
1477660564365 lifecam22 2615.46289062 4705.08447266 4.73691654205
1477660564434 lifecam22 2608.39624023 4704.73925781 4.73370313644
1477660564498 lifecam22 2601.71557617 4704.00488281 4.72954797745
1477660564568 lifecam22 2595.21069336 4703.93017578 4.73152065277
1477660564630 lifecam22 2588.25146484 4701.95507812 4.72694969177
1477660564698 lifecam22 2581.88623047 4699.28955078 4.73385381699
1477660564766 lifecam22 2574.78295898 4698.90722656 4.73288440704
1477660564830 lifecam22 2567.60961914 4698.33691406 4.72989702225
1477660564969 lifecam22 2553.70336914 4697.4921875 4.73115730286
1477660565034 lifecam22 2547.45751953 4696.93212891 4.73402118683
1477660565099 lifecam22 2542.15551758 4695.92822266 4.74946689606
1477660565166 lifecam22 2534.87792969 4693.92724609 4.74465560913
1477660565233 lifecam22 2527.43896484 4692.3671875 4.73670578003
1477660565301 lifecam22 2519.71337891 4691.15527344 4.7312040329
1477660565367 lifecam22 2512.61132812 4690.52978516 4.72856664658
1477660565433 lifecam22 2506.26245117 4690.39794922 4.73363018036
1477660565498 lifecam22 2500.49829102 4690.6171875 4.7437171936
1477660565567 lifecam22 2496.98120117 4691.42431641 4.76788377762
1477660565705 lifecam22 2483.04345703 4688.79785156 4.76222896576
1477660565767 lifecam22 2476.42138672 4687.30810547 4.75743484497
1477660565834 lifecam22 2469.14526367 4685.90917969 4.75374794006
1477660565901 lifecam22 2462.85107422 4685.1796875 4.75497055054
1477660565966 lifecam22 2457.88232422 4683.07177734 4.76043796539
1477660566044 lifecam22 2450.82226562 4681.43652344 4.75674581528
1477660566101 lifecam22 2443.11206055 4679.35107422 4.74571275711
1477660566166 lifecam22 2436.89672852 4679.06982422 4.74570512772
1477660566236 lifecam22 2429.21606445 4677.76220703 4.74292039871
1477660566302 lifecam22 2423.54101562 4677.81054688 4.75004863739
1477660566436 lifecam22 2411.265625 4676.26855469 4.76274394989
1477660566502 lifecam22 2405.48120117 4675.60595703 4.76588153839
1477660566568 lifecam22 2397.34692383 4673.96337891 4.75861406326
1477660566634 lifecam22 2391.34106445 4673.59277344 4.76386547089
1477660566701 lifecam22 2385.62329102 4673.30126953 4.77000570297
1477660566834 lifecam22 2371.65185547 4669.59472656 4.77203178406
1477660566904 lifecam22 2364.2265625 4668.09765625 4.76480388641
1477660566974 lifecam22 2357.77636719 4666.67382812 4.76292514801
1477660567042 lifecam22 2351.26318359 4666.27978516 4.76733016968
1477660567108 lifecam22 2344.52636719 4665.91455078 4.77529621124
1477660567174 lifecam22 2338.40258789 4664.70703125 4.77558469772
1477660567243 lifecam22 2331.99755859 4665.13574219 4.78167152405
1477660567309 lifecam22 2324.55737305 4663.01171875 4.77651882172
1477660567374 lifecam22 2318.06347656 4662.17138672 4.774954319
1477660567444 lifecam22 2310.88330078 4660.61572266 4.76985216141
1477660567506 lifecam22 2304.921875 4659.24511719 4.77858400345
1477660567571 lifecam22 2299.03295898 4658.45605469 4.77771854401
1477660567637 lifecam22 2291.13427734 4654.85791016 4.76521110535
1477660567701 lifecam22 2285.47290039 4654.40966797 4.76989507675
1477660567771 lifecam22 2279.29736328 4653.46972656 4.77199459076
1477660567908 lifecam22 2268.20703125 4652.34082031 4.7863612175
1477660567970 lifecam22 2261.10302734 4650.15332031 4.78259515762
1477660568041 lifecam22 2253.92822266 4649.07666016 4.77740812302
1477660568105 lifecam22 2246.96899414 4648.24267578 4.77847290039
1477660568173 lifecam22 2241.36157227 4648.06445312 4.7869310379
1477660568304 lifecam22 2228.05224609 4645.17675781 4.78734397888
1477660568371 lifecam22 2221.27954102 4644.00927734 4.78583240509
1477660568440 lifecam22 2214.17431641 4641.92236328 4.78129959106
1477660568504 lifecam22 2207.27636719 4641.68896484 4.7909116745
1477660568571 lifecam22 2200.62548828 4640.67333984 4.7932715416
1477660568638 lifecam22 2194.35498047 4639.27490234 4.79078960419
1477660568705 lifecam22 2187.61035156 4636.88720703 4.78706693649
1477660568772 lifecam22 2180.49560547 4635.54394531 4.7841758728
1477660568838 lifecam22 2173.76098633 4634.42822266 4.78804445267
1477660568911 lifecam22 2167.04101562 4633.56835938 4.78785276413
1477660569044 lifecam22 2153.67919922 4631.61181641 4.78969192505
1477660569111 lifecam22 2148.34423828 4631.04296875 4.79065561295
1477660569175 lifecam22 2141.69335938 4628.88134766 4.79283189774
1477660569244 lifecam22 2136.20825195 4628.11328125 4.79909038544
1477660569312 lifecam22 2129.88720703 4627.58007812 4.80098962784
1477660569378 lifecam22 2122.45703125 4625.17285156 4.79576635361
1477660569446 lifecam22 2116.30102539 4624.21191406 4.79729270935
1477660569509 lifecam22 2110.29882812 4622.3671875 4.80093431473
1477660569580 lifecam22 2103.29150391 4621.42333984 4.80162858963
1477660569645 lifecam22 2097.09008789 4619.81103516 4.79858541489
1477660569711 lifecam22 2090.24243164 4618.27685547 4.79668998718
1477660569779 lifecam22 2084.10986328 4617.43798828 4.80319356918
1477660569844 lifecam22 2076.57275391 4616.21142578 4.80271816254
1477660569910 lifecam22 2069.74072266 4615.31640625 4.80223798752
1477660569981 lifecam22 2063.57397461 4613.33935547 4.80103969574
1477660570048 lifecam22 2056.60595703 4611.43408203 4.79618644714
1477660570110 lifecam22 2050.08764648 4610.84082031 4.80587816238
1477660570177 lifecam22 2043.63061523 4609.61181641 4.80832481384
1477660570245 lifecam22 2037.02416992 4607.80419922 4.80538082123
1477660570312 lifecam22 2029.88110352 4606.45703125 4.80370283127
1477660570444 lifecam22 2017.57128906 4603.40332031 4.80831670761
1477660570514 lifecam22 2010.73217773 4601.90722656 4.80838108063
1477660570580 lifecam22 2004.43212891 4600.64599609 4.80669403076
1477660570645 lifecam22 1997.58398438 4600.21191406 4.80967617035
1477660570714 lifecam22 1990.70507812 4598.75244141 4.81071996689
1477660570778 lifecam22 1983.953125 4597.08251953 4.81008958817
1477660570845 lifecam22 1977.94384766 4596.15478516 4.8121676445
1477660570915 lifecam22 1972.17053223 4595.13330078 4.8168296814
1477660570981 lifecam22 1965.69885254 4594.14990234 4.81603956223
1477660571033 lifecam20 1896.15454102 4589.55175781 4.77767372131
1477660571046 lifecam22 1892.99316406 4588.43945312 4.77744913101
1477660571100 lifecam20 1889.59057617 4588.26611328 4.7778544426
1477660571114 lifecam22 1886.18566895 4587.52148438 4.77916622162
1477660571163 lifecam20 1882.57080078 4586.93505859 4.77861022949
1477660571180 lifecam22 1879.27185059 4586.484375 4.77952671051
1477660571233 lifecam20 1876.11730957 4586.36425781 4.78198051453
1477660571248 lifecam22 1872.64306641 4584.95898438 4.77982330322
1477660571302 lifecam20 1869.6237793 4584.87597656 4.78243541718
1477660571317 lifecam22 1866.47094727 4584.34619141 4.78328847885
1477660571363 lifecam20 1863.64477539 4584.73730469 4.78873348236
1477660571378 lifecam22 1860.10961914 4583.28955078 4.78632593155
1477660571451 lifecam22 1857.31494141 4583.02441406 4.78855657578
1477660571499 lifecam20 1851.07287598 4582.73535156 4.7929930687
1477660571513 lifecam22 1847.61071777 4581.78417969 4.7917804718
1477660571570 lifecam20 1844.59191895 4581.9609375 4.79621315002
1477660571581 lifecam22 1841.62182617 4581.734375 4.79810762405
1477660571632 lifecam20 1838.37963867 4581.47802734 4.80054330826
1477660571648 lifecam22 1835.05810547 4581.15185547 4.80316877365
1477660571699 lifecam20 1832.00170898 4581.39941406 4.80791759491
1477660571714 lifecam22 1828.78674316 4580.38964844 4.80814409256
1477660571772 lifecam20 1825.68835449 4580.57128906 4.8127617836
1477660571833 lifecam20 1822.45776367 4580.37548828 4.81422615051
1477660571849 lifecam22 1816.19018555 4579.42773438 4.81689834595
1477660571900 lifecam20 1813.12597656 4579.37939453 4.82240724564
1477660571913 lifecam22 1809.81896973 4578.62841797 4.82390451431
1477660571970 lifecam20 1806.40161133 4578.41650391 4.82775688171
1477660571981 lifecam22 1802.76843262 4577.67675781 4.82738304138
1477660572032 lifecam20 1799.33544922 4576.66992188 4.82585334778
1477660572050 lifecam22 1795.92700195 4575.62597656 4.82484483719
1477660572099 lifecam20 1792.40270996 4574.80761719 4.82426548004
1477660572117 lifecam22 1789.21313477 4574.29296875 4.82640218735
1477660572168 lifecam20 1785.73144531 4573.09765625 4.82483768463
1477660572180 lifecam22 1782.03137207 4571.90966797 4.82298564911
1477660572236 lifecam20 1778.75244141 4571.21289062 4.82451057434
1477660572250 lifecam22 1775.79272461 4569.98632812 4.82302856445
1477660572299 lifecam20 1772.44921875 4569.29199219 4.82309246063
1477660572316 lifecam22 1768.89819336 4568.44335938 4.82169866562
1477660572369 lifecam20 1765.60351562 4568.08203125 4.82130050659
1477660572384 lifecam22 1762.52514648 4567.82910156 4.82242488861
1477660572439 lifecam20 1758.49633789 4566.59570312 4.82088947296
1477660572450 lifecam22 1755.33764648 4565.90478516 4.82381010056
1477660572524 lifecam22 1751.90881348 4565.57275391 4.82541275024
1477660572569 lifecam20 1745.57543945 4564.65234375 4.82934093475
1477660572582 lifecam22 1742.42871094 4563.61572266 4.82893705368
1477660572640 lifecam22 1739.07617188 4562.59667969 4.82666492462
1477660572707 lifecam20 1732.27612305 4561.29492188 4.82561731339
1477660572713 lifecam22 1728.65771484 4560.97460938 4.82631254196
1477660572776 lifecam20 1725.4901123 4559.83154297 4.82634973526
1477660572776 lifecam22 1722.76733398 4558.84423828 4.8293967247
1477660572844 lifecam22 1719.7421875 4558.43603516 4.83024549484
1477660572908 lifecam20 1713.2565918 4557.10107422 4.83388948441
1477660572913 lifecam22 1709.88891602 4555.85595703 4.83229446411
1477660572976 lifecam22 1707.01428223 4555.10644531 4.83372497559
1477660572976 lifecam20 1703.58764648 4554.27734375 4.83171272278
1477660573040 lifecam20 1700.27453613 4553.47021484 4.8314538002
1477660573044 lifecam22 1696.96105957 4552.60644531 4.8307557106
1477660573111 lifecam22 1693.63208008 4551.67578125 4.83054685593
1477660573111 lifecam20 1690.11206055 4550.40820312 4.83017778397
1477660573175 lifecam20 1687.27709961 4550.13671875 4.83229494095
1477660573181 lifecam22 1684.23754883 4549.15136719 4.83109426498
1477660573311 lifecam22 1677.4230957 4548.15039062 4.83407068253
1477660573311 lifecam20 1670.21899414 4547.07373047 4.83604383469
1477660573371 lifecam20 1667.0255127 4546.29833984 4.83648681641
1477660573382 lifecam22 1663.97021484 4545.79150391 4.83886528015
1477660573444 lifecam20 1660.48754883 4544.6953125 4.83849859238
1477660573447 lifecam22 1657.16040039 4543.62988281 4.83811044693
1477660573513 lifecam20 1653.56958008 4543.15576172 4.84065389633
1477660573513 lifecam22 1650.34790039 4542.41015625 4.83987855911
1477660573572 lifecam20 1647.29418945 4541.46972656 4.839158535
1477660573581 lifecam22 1644.18579102 4540.52929688 4.84156131744
1477660573713 lifecam20 1637.34924316 4538.3515625 4.84085702896
1477660573715 lifecam22 1630.55578613 4536.31738281 4.83859539032
1477660573782 lifecam22 1627.04858398 4535.5 4.83898639679
1477660573783 lifecam20 1623.23144531 4534.80712891 4.8384180069
1477660573842 lifecam20 1619.86230469 4534.04101562 4.84009456635
1477660573846 lifecam22 1616.43725586 4533.01074219 4.83930253983
1477660573909 lifecam20 1613.61706543 4532.37402344 4.83997154236
1477660573912 lifecam22 1611.1940918 4532.01953125 4.84352064133
1477660573980 lifecam20 1607.03747559 4530.59472656 4.84226942062
1477660573980 lifecam22 1602.87023926 4528.97558594 4.83846473694
1477660574040 lifecam20 1600.24926758 4528.4765625 4.8385424614
1477660574049 lifecam22 1597.72033691 4527.95019531 4.83950424194
1477660574109 lifecam20 1594.47827148 4527.33300781 4.84183549881
1477660574112 lifecam22 1591.29736328 4526.90625 4.84570932388
1477660574180 lifecam22 1587.88952637 4526.11035156 4.84550952911
1477660574181 lifecam20 1584.29785156 4525.58398438 4.84584712982
1477660574243 lifecam20 1580.98120117 4525.07519531 4.84849452972
1477660574248 lifecam22 1577.34606934 4524.55566406 4.84846830368
1477660574308 lifecam20 1573.66137695 4523.60546875 4.84724140167
1477660574312 lifecam22 1570.62670898 4522.734375 4.84946203232
1477660574444 lifecam20 1563.94482422 4521.05078125 4.8488535881
1477660574448 lifecam22 1557.63769531 4519.69921875 4.84975147247
1477660574510 lifecam20 1554.75952148 4518.984375 4.85222911835
1477660574513 lifecam22 1552.02954102 4518.1796875 4.85353946686
1477660574564 lifecam20 1548.60717773 4517.35253906 4.85325193405
1477660574573 lifecam22 1545.18139648 4516.55664062 4.85394477844
1477660574650 lifecam22 1542.19067383 4514.87939453 4.85170459747
1477660574650 lifecam20 1538.91918945 4513.64746094 4.85212087631
1477660574706 lifecam20 1535.66186523 4513.06591797 4.85143566132
1477660574716 lifecam22 1532.37683105 4512.38476562 4.84959173203
1477660574850 lifecam22 1525.54003906 4510.41113281 4.85094404221
1477660574850 lifecam20 1518.64477539 4508.32421875 4.85081291199
1477660574906 lifecam20 1515.69848633 4507.30175781 4.85049247742
1477660574915 lifecam22 1512.95776367 4506.33642578 4.84992408752
1477660574980 lifecam22 1508.84399414 4505.32177734 4.84922361374
1477660574980 lifecam20 1505.24291992 4504.76757812 4.85194206238
1477660575047 lifecam20 1501.84985352 4503.94433594 4.85164451599
1477660575047 lifecam22 1499.23205566 4503.66748047 4.85405397415
1477660575106 lifecam20 1495.95178223 4502.95947266 4.85513973236
1477660575115 lifecam22 1492.62011719 4501.93164062 4.85531759262
1477660575175 lifecam20 1488.765625 4501.25585938 4.85551214218
1477660575181 lifecam22 1485.27270508 4500.453125 4.85597658157
1477660575247 lifecam20 1482.18530273 4499.82421875 4.85680675507
1477660575251 lifecam22 1479.10498047 4499.16210938 4.85778236389
1477660575320 lifecam22 1475.87866211 4498.43847656 4.860019207
1477660575320 lifecam20 1472.46362305 4497.47412109 4.86178016663
1477660575374 lifecam20 1469.28881836 4496.68359375 4.86291456223
1477660575382 lifecam22 1466.18005371 4495.84277344 4.86433458328
1477660575434 lifecam20 1462.40246582 4494.97363281 4.86442947388
1477660575441 lifecam22 1458.95275879 4494.14013672 4.86422634125
1477660575576 lifecam20 1451.83764648 4492.46484375 4.86510229111
1477660575583 lifecam22 1444.99645996 4490.8984375 4.86832904816
1477660575647 lifecam20 1441.73828125 4489.93457031 4.86912059784
1477660575650 lifecam22 1438.56054688 4488.75683594 4.86754846573
1477660575717 lifecam22 1435.13525391 4488.02734375 4.86767101288
1477660575718 lifecam20 1431.54248047 4487.13183594 4.8661904335
1477660575779 lifecam20 1427.98901367 4486.11230469 4.86742019653
1477660575784 lifecam22 1424.56835938 4484.921875 4.86731290817
1477660575844 lifecam20 1421.21679688 4484.11865234 4.86756515503
1477660575849 lifecam22 1418.28649902 4483.43554688 4.86964464188
1477660575976 lifecam20 1410.74316406 4481.61035156 4.86910581589
1477660575986 lifecam22 1403.34838867 4479.79882812 4.86742782593
1477660576048 lifecam22 1400.32287598 4479.18896484 4.87030696869
1477660576049 lifecam20 1396.828125 4478.27636719 4.87014913559
1477660576114 lifecam20 1393.75036621 4477.64941406 4.87115001678
1477660576117 lifecam22 1390.49780273 4476.74511719 4.8699889183
1477660576183 lifecam22 1387.24194336 4475.20507812 4.86806154251
1477660576183 lifecam20 1383.8503418 4474.16308594 4.86935663223
1477660576239 lifecam20 1380.5949707 4473.43945312 4.86740636826
1477660576258 lifecam22 1377.2800293 4472.66894531 4.86675167084
1477660576309 lifecam20 1373.92089844 4471.76171875 4.86932659149
1477660576322 lifecam22 1371.04394531 4471.09082031 4.87387418747
1477660576375 lifecam20 1367.91906738 4470.19726562 4.8752822876
1477660576391 lifecam22 1364.59204102 4469.12988281 4.87256574631
1477660576440 lifecam20 1361.09533691 4468.29589844 4.87193775177
1477660576456 lifecam22 1357.99194336 4467.64404297 4.87315225601
1477660576507 lifecam20 1354.57226562 4466.35351562 4.87391853333
1477660576522 lifecam22 1350.92810059 4464.9453125 4.87558221817
1477660576576 lifecam20 1347.77868652 4464.24072266 4.87664079666
1477660576589 lifecam22 1344.90209961 4463.51171875 4.87689161301
1477660576706 lifecam20 1337.97802734 4461.28320312 4.87500095367
1477660576722 lifecam22 1331.41479492 4458.99804688 4.87352228165
1477660576775 lifecam20 1327.81298828 4458.05078125 4.87363815308
1477660576789 lifecam22 1324.93896484 4457.56005859 4.87679624557
1477660576845 lifecam20 1321.81091309 4456.79785156 4.87846326828
1477660576856 lifecam22 1318.61047363 4456.14550781 4.87947130203
1477660576908 lifecam20 1315.36206055 4455.33398438 4.87898635864
1477660576923 lifecam22 1311.95043945 4454.04736328 4.87614107132
1477660576975 lifecam20 1308.20751953 4453.12939453 4.87664937973
1477660576993 lifecam22 1304.82470703 4452.01513672 4.8773560524
1477660577044 lifecam20 1301.58227539 4450.84179688 4.87661504745
1477660577056 lifecam22 1298.40307617 4449.94628906 4.87808179855
1477660577107 lifecam20 1295.0859375 4448.90820312 4.87839984894
1477660577122 lifecam22 1292.15917969 4448.21826172 4.8790512085
1477660577175 lifecam20 1288.75073242 4447.24609375 4.87987565994
1477660577192 lifecam22 1285.2512207 4446.18554688 4.88122034073
1477660577244 lifecam20 1281.8996582 4445.47167969 4.88245153427
1477660577259 lifecam22 1278.36413574 4444.31835938 4.88168382645
1477660577308 lifecam20 1274.47485352 4442.88378906 4.88012695312
1477660577323 lifecam22 1271.11328125 4441.72900391 4.87889242172
1477660577393 lifecam22 1268.06518555 4441.01708984 4.88277959824
1477660577443 lifecam20 1261.40258789 4439.30371094 4.88575077057
1477660577456 lifecam22 1258.77954102 4438.41601562 4.88571405411
1477660577506 lifecam20 1255.81860352 4437.39355469 4.8855471611
1477660577522 lifecam22 1252.44116211 4436.12207031 4.88489294052
1477660577576 lifecam20 1248.6315918 4435.13085938 4.88487005234
1477660577590 lifecam22 1245.09594727 4434.16015625 4.88322114944
1477660577644 lifecam20 1241.9822998 4433.63525391 4.8851146698
1477660577657 lifecam22 1239.09204102 4432.734375 4.88661289215
1477660577714 lifecam20 1235.85021973 4431.61865234 4.88793325424
1477660577774 lifecam20 1231.96374512 4430.7734375 4.88501214981
1477660577793 lifecam22 1225.09240723 4429.06738281 4.88410186768
1477660577842 lifecam20 1222.19873047 4428.53710938 4.88875198364
1477660577857 lifecam22 1219.33862305 4428.09375 4.89221429825
1477660577911 lifecam20 1215.94458008 4426.90625 4.89156150818
1477660577924 lifecam22 1212.94458008 4425.52734375 4.89207220078
1477660577974 lifecam20 1209.9519043 4424.96777344 4.89318037033
1477660577993 lifecam22 1206.6015625 4424.109375 4.89186906815
1477660578043 lifecam20 1203.24926758 4422.3359375 4.88929224014
1477660578058 lifecam22 1199.96386719 4421.1328125 4.89131641388
1477660578111 lifecam20 1196.89221191 4420.78613281 4.89493513107
1477660578126 lifecam22 1194.08496094 4419.90576172 4.8954501152
1477660578176 lifecam20 1190.79003906 4418.48046875 4.8950381279
1477660578190 lifecam22 1187.16357422 4417.04589844 4.89305305481
1477660578242 lifecam20 1183.87426758 4415.89648438 4.8920173645
1477660578257 lifecam22 1180.45874023 4414.45898438 4.89047241211
1477660578309 lifecam20 1177.16894531 4413.44384766 4.89026594162
1477660578328 lifecam22 1174.80029297 4412.92871094 4.89330291748
1477660578379 lifecam20 1171.08642578 4411.6171875 4.89180469513
1477660578391 lifecam22 1167.81225586 4410.19726562 4.88994026184
1477660578466 lifecam22 1164.87036133 4409.36816406 4.89047908783
1477660578513 lifecam20 1158.81066895 4407.23632812 4.89104747772
1477660578525 lifecam22 1155.60961914 4406.09375 4.89097309113
1477660578582 lifecam20 1151.76306152 4405.50683594 4.8913640976
1477660578593 lifecam22 1148.31689453 4404.94042969 4.89336967468
1477660578643 lifecam20 1144.92993164 4404.13085938 4.89532899857
1477660578658 lifecam22 1141.61486816 4403.21435547 4.89613771439
1477660578713 lifecam20 1138.5078125 4402.53369141 4.89890003204
1477660578724 lifecam22 1135.49145508 4401.60839844 4.89980840683
1477660578778 lifecam20 1132.22033691 4400.65820312 4.90036582947
1477660578843 lifecam20 1128.54858398 4399.3203125 4.89948940277
1477660578860 lifecam22 1122.07641602 4397.13476562 4.89958906174
1477660578910 lifecam20 1119.06005859 4396.37109375 4.90106582642
1477660578927 lifecam22 1115.96508789 4395.57470703 4.90330839157
1477660578979 lifecam20 1112.26489258 4394.38964844 4.90283536911
1477660578993 lifecam22 1109.13012695 4393.57421875 4.9039273262
1477660579048 lifecam20 1105.61450195 4392.41552734 4.90418434143
1477660579061 lifecam22 1101.57666016 4390.703125 4.90204143524
1477660579112 lifecam20 1098.47131348 4389.56445312 4.90268850327
1477660579126 lifecam22 1095.5065918 4388.77734375 4.9059548378
1477660579182 lifecam20 1091.98681641 4387.3515625 4.90333557129
1477660579194 lifecam22 1089.12255859 4386.36621094 4.90284109116
1477660579249 lifecam20 1086.10644531 4385.43017578 4.9049706459
1477660579262 lifecam22 1083.08483887 4383.74023438 4.90183782578
1477660579310 lifecam20 1079.58618164 4382.71044922 4.90102338791
1477660579328 lifecam22 1076.58581543 4382.04785156 4.9029250145
1477660579380 lifecam20 1073.10632324 4380.88037109 4.90294790268
1477660579393 lifecam22 1069.8873291 4380.09960938 4.9053273201
1477660579449 lifecam20 1066.89233398 4379.45556641 4.90762615204
1477660579460 lifecam22 1063.45556641 4378.14941406 4.90598344803
1477660579577 lifecam20 1056.41235352 4376.24609375 4.90681838989
1477660579592 lifecam22 1050.0423584 4374.49072266 4.90829563141
1477660579646 lifecam20 1046.87817383 4373.79394531 4.90890216827
1477660579660 lifecam22 1043.92333984 4372.96386719 4.9096364975
1477660579709 lifecam20 1040.45336914 4371.6171875 4.9100022316
1477660579725 lifecam22 1036.91015625 4370.39453125 4.90913534164
1477660579779 lifecam20 1033.59887695 4369.30078125 4.9095697403
1477660579792 lifecam22 1031.03649902 4368.13916016 4.91164398193
1477660579848 lifecam20 1028.08398438 4367.49072266 4.91335773468
1477660579861 lifecam22 1024.76831055 4366.91699219 4.91454172134
1477660579916 lifecam20 1021.44189453 4365.40234375 4.91363477707
1477660579929 lifecam22 1017.82226562 4363.67480469 4.91221284866
1477660579978 lifecam20 1014.8807373 4362.94873047 4.91359043121
1477660579994 lifecam22 1012.54064941 4361.8828125 4.91347312927
1477660580045 lifecam20 1009.05157471 4360.38476562 4.91272926331
1477660580063 lifecam22 1006.027771 4359.52636719 4.91399431229
1477660580117 lifecam20 1002.63500977 4358.14013672 4.91177129745
1477660580130 lifecam22 999.225463867 4356.56689453 4.91011857986
1477660580180 lifecam20 996.346313477 4355.67871094 4.91174554825
1477660580194 lifecam22 993.600646973 4354.80175781 4.91192388535
1477660580268 lifecam22 990.229553223 4353.69042969 4.91334247589
1477660580315 lifecam20 983.853637695 4351.93945312 4.91427135468
1477660580328 lifecam22 981.213500977 4351.60498047 4.91689682007
1477660580377 lifecam20 977.461791992 4350.37402344 4.91837406158
1477660580394 lifecam22 973.792358398 4348.61816406 4.91671562195
1477660580445 lifecam20 970.54675293 4347.7734375 4.91725301743
1477660580461 lifecam22 967.524902344 4347.32714844 4.91932249069
1477660580514 lifecam20 963.989257812 4345.85253906 4.91749334335
1477660580530 lifecam22 960.401489258 4344.34179688 4.91555786133
1477660580585 lifecam20 957.416564941 4343.30664062 4.91693687439
1477660580648 lifecam20 953.906616211 4341.96240234 4.91506242752
1477660580661 lifecam22 948.05090332 4339.75683594 4.91639661789
1477660580713 lifecam20 944.718994141 4338.98046875 4.91827917099
1477660580727 lifecam22 940.721557617 4337.56591797 4.91730690002
1477660580783 lifecam20 937.411132812 4336.40234375 4.91849279404
1477660580794 lifecam22 934.729736328 4335.46582031 4.92002725601
1477660580846 lifecam20 931.28503418 4334.22314453 4.92010354996
1477660580861 lifecam22 928.014526367 4333.12597656 4.92008924484
1477660580914 lifecam20 924.504516602 4332.09082031 4.92111349106
1477660580927 lifecam22 921.426269531 4330.96142578 4.9224023819
1477660580982 lifecam20 918.04888916 4329.78369141 4.92245578766
1477660580998 lifecam22 914.827636719 4328.73535156 4.92408227921
1477660581039 lifecam20 911.829650879 4327.73925781 4.92568588257
1477660581053 lifecam22 908.96673584 4326.40283203 4.92365121841
1477660581119 lifecam20 905.575317383 4325.53515625 4.92459011078
1477660581122 lifecam22 902.330200195 4324.640625 4.92637300491
1477660581187 lifecam20 898.731201172 4323.27832031 4.92385292053
1477660581191 lifecam22 895.510009766 4322.46289062 4.92593860626
1477660581250 lifecam20 892.04901123 4321.51269531 4.92822027206
1477660581261 lifecam22 888.547180176 4320.41015625 4.92724370956
1477660581392 lifecam20 881.842285156 4318.328125 4.92681789398
1477660581394 lifecam22 875.723510742 4316.73535156 4.92945146561
1477660581460 lifecam22 872.003967285 4314.82226562 4.92751121521
1477660581461 lifecam20 868.835144043 4313.48876953 4.9298081398
1477660581519 lifecam20 865.161865234 4312.43652344 4.92840194702
1477660581527 lifecam22 862.548339844 4311.39355469 4.92926073074
1477660581591 lifecam20 859.865478516 4310.27392578 4.93217945099
1477660581591 lifecam22 856.964233398 4309.40820312 4.93378067017
1477660581656 lifecam20 854.069824219 4308.30908203 4.93324565887
1477660581658 lifecam22 851.353393555 4306.92578125 4.93384027481
1477660581791 lifecam20 848.704467773 4311.76757812 4.96636676788
1477660581793 lifecam22 846.994995117 4317.79003906 5.00150537491
1477660581860 lifecam20 847.31262207 4318.57519531 5.00466489792
1477660581862 lifecam22 847.423339844 4317.96142578 5.00263834
1477660581922 lifecam20 847.237854004 4317.90820312 5.00211238861
1477660581926 lifecam22 847.028564453 4318.21191406 5.00295734406
1477660581989 lifecam20 846.938598633 4318.03613281 5.00301122665
1477660581992 lifecam22 846.935302734 4318.15429688 5.00405836105
1477660582058 lifecam20 846.933105469 4317.79980469 5.00256204605
1477660582059 lifecam22 846.959350586 4317.34179688 4.99965763092
1477660582130 lifecam22 846.897094727 4317.61035156 5.00114822388
1477660582129 lifecam20 846.884033203 4318.0625 5.00269126892
1477660582187 lifecam20 847.00378418 4318.17578125 5.0033955574
1477660582197 lifecam22 847.277954102 4318.5546875 5.00538110733
1477660582259 lifecam20 847.428222656 4318.7109375 5.005838871
1477660582261 lifecam22 847.428222656 4318.7109375 5.005838871
1477660582327 lifecam20 847.428222656 4318.7109375 5.005838871
1477660582326 lifecam22 847.450073242 4318.65625 5.00530529022
1477660582390 lifecam20 847.095092773 4318.42089844 5.00362110138
1477660582394 lifecam22 847.073181152 4318.47460938 5.00415420532
1477660582523 lifecam20 847.286743164 4318.64306641 5.00524234772
1477660582527 lifecam22 847.286743164 4318.64306641 5.00524234772
1477660582585 lifecam20 847.439086914 4318.71972656 5.00591087341
1477660582593 lifecam22 847.439086914 4318.71972656 5.00591087341
1477660582655 lifecam20 847.435913086 4318.56054688 5.00549507141
1477660582659 lifecam22 847.401855469 4318.37353516 5.00410413742
1477660582729 lifecam22 847.431274414 4318.68066406 5.00655794144
1477660582729 lifecam20 847.274719238 4318.77148438 5.00673770905
1477660582785 lifecam20 847.113220215 4318.66503906 5.00530338287
1477660582792 lifecam22 847.057128906 4318.23095703 5.00227880478
1477660582924 lifecam20 847.153808594 4318.31835938 5.00370597839
1477660582926 lifecam22 847.210388184 4318.75488281 5.00675153732
1477660582993 lifecam22 847.2109375 4318.45166016 5.00456666946
1477660582993 lifecam20 847.479736328 4318.61621094 5.00536203384
1477660583053 lifecam20 847.386352539 4318.48730469 5.0049405098
1477660583060 lifecam22 847.389953613 4318.66796875 5.00604200363
1477660583130 lifecam20 847.316650391 4318.70605469 5.00606250763
1477660583129 lifecam22 847.194030762 4318.578125 5.00525569916
1477660583195 lifecam22 847.301147461 4318.59277344 5.00510787964
1477660583195 lifecam20 847.326416016 4318.54980469 5.00466823578
1477660583274 lifecam22 847.34185791 4318.66210938 5.00562238693
