1478190716027 lifecam22 3351.06518555 5382.04199219 4.71776437759
1478190716093 lifecam22 3351.33056641 5382.29882812 4.72019195557
1478190716155 lifecam22 3351.88891602 5382.55761719 4.72263383865
1478190716231 lifecam22 3352.36669922 5383.14257812 4.72813463211
1478190716503 lifecam22 3353.31616211 5383.54541016 4.73189687729
1478190716560 lifecam22 3353.17456055 5383.54394531 4.73188209534
1478190716622 lifecam22 3353.09570312 5383.4296875 4.73081731796
1478190716695 lifecam22 3353.11816406 5383.45019531 4.73101091385
1478190716754 lifecam22 3353.32348633 5383.51123047 4.7315788269
1478190717027 lifecam22 3352.07128906 5382.99902344 4.72678518295
1478190717102 lifecam22 3351.84619141 5382.80517578 4.72496032715
1478190717162 lifecam22 3351.9230957 5383.03222656 4.72709512711
1478190717226 lifecam22 3351.84619141 5382.80517578 4.72496032715
1478190717294 lifecam22 3351.84619141 5382.80517578 4.72496032715
1478190717561 lifecam22 3351.8659668 5382.82568359 4.72515583038
1478190717689 lifecam22 3351.74804688 5382.55664062 4.7226266861
1478190717761 lifecam22 3351.87084961 5382.54492188 4.72513151169
1478190717834 lifecam22 3351.62817383 5382.72412109 4.72528076172
1478190717976 lifecam22 3350.90893555 5382.28271484 4.7213716507
1478190718028 lifecam22 3351.44775391 5382.76611328 4.7286324501
1478190718098 lifecam22 3351.19750977 5383.14697266 4.73458528519
1478190718161 lifecam22 3351.54150391 5383.21240234 4.73518610001
1478190718232 lifecam22 3351.34912109 5383.17724609 4.73349094391
1478190718489 lifecam22 3351.41918945 5382.93896484 4.73533296585
1478190718565 lifecam22 3351.57470703 5382.74316406 4.73344898224
1478190718623 lifecam22 3351.15380859 5382.68017578 4.73287057877
1478190718702 lifecam22 3352.52783203 5381.92529297 4.72766160965
1478190718756 lifecam22 3353.00146484 5382.58447266 4.72834825516
1478190719033 lifecam22 3353.60473633 5382.84179688 4.72530889511
1478190719098 lifecam22 3353.41503906 5382.57519531 4.7308921814
1478190719161 lifecam22 3350.55810547 5383.22265625 4.73267889023
1478190719232 lifecam22 3352.96411133 5382.72460938 4.73192453384
1478190719300 lifecam22 3346.51147461 5381.06494141 4.71249675751
1478190719562 lifecam22 3315.56787109 5375.08544922 4.6906747818
1478190719627 lifecam22 3309.15893555 5374.15429688 4.69256830215
1478190719699 lifecam22 3301.96508789 5374.10546875 4.69084119797
1478190719766 lifecam22 3295.53173828 5374.12060547 4.69590091705
1478190719828 lifecam22 3287.58105469 5372.20019531 4.67405605316
1478190720164 lifecam22 3254.81738281 5367.79638672 4.65430545807
1478190720241 lifecam22 3247.06054688 5366.58544922 4.64878034592
1478190720297 lifecam22 3240.70019531 5365.76416016 4.64027452469
1478190720367 lifecam22 3233.43969727 5365.43994141 4.63699626923
1478190720435 lifecam22 3226.83496094 5365.26416016 4.63433790207
1478190720703 lifecam22 3197.97363281 5361.42089844 4.61008930206
1478190720759 lifecam22 3192.5144043 5361.98046875 4.61299848557
1478190720842 lifecam22 3184.81445312 5359.78320312 4.59958219528
1478190720900 lifecam22 3179.04052734 5360.92773438 4.60233926773
1478190720969 lifecam22 3172.10083008 5360.10302734 4.59743070602
1478190721232 lifecam22 3144.15258789 5358.60253906 4.57502889633
1478190721300 lifecam22 3136.28686523 5358.36816406 4.57006120682
1478190721367 lifecam22 3130.15625 5358.15673828 4.56803369522
1478190721431 lifecam22 3122.59228516 5358.89453125 4.56354856491
1478190721501 lifecam22 3115.90722656 5357.78125 4.55839681625
1478190721703 lifecam22 3095.59399414 5357.82324219 4.54334306717
1478190721773 lifecam22 3088.29125977 5358.35107422 4.53873920441
1478190721835 lifecam22 3081.38574219 5358.68261719 4.53526353836
1478190721899 lifecam22 3074.87451172 5359.06738281 4.53287601471
1478190721967 lifecam22 3067.00732422 5358.68505859 4.52244472504
1478190722235 lifecam22 3039.3046875 5359.11376953 4.50057792664
1478190722312 lifecam22 3032.89770508 5359.62207031 4.5012717247
1478190722374 lifecam22 3026.13720703 5360.24609375 4.49829959869
1478190722433 lifecam22 3018.08740234 5360.51513672 4.48687791824
1478190722504 lifecam22 3011.76757812 5360.53125 4.48554086685
1478190722710 lifecam22 2990.5871582 5361.8828125 4.46961975098
1478190722771 lifecam22 2985.10693359 5362.54638672 4.46800756454
1478190722837 lifecam22 2978.05419922 5363.21484375 4.46347570419
1478190722904 lifecam22 2970.7421875 5362.73144531 4.45334148407
1478190722969 lifecam22 2963.67700195 5364.41455078 4.4451713562
1478190723241 lifecam22 2935.9230957 5366.81591797 4.42868614197
1478190723309 lifecam22 2929.42358398 5368.09912109 4.42495250702
1478190723370 lifecam22 2923.46289062 5368.65283203 4.42218828201
1478190723432 lifecam22 2916.77954102 5370.16113281 4.4207816124
1478190723511 lifecam22 2908.63525391 5370.36572266 4.41204547882
1478190723775 lifecam22 2881.03613281 5375.75048828 4.39927768707
1478190723847 lifecam22 2873.16430664 5376.15917969 4.38428020477
1478190723898 lifecam22 2866.18847656 5376.84619141 4.37853956223
1478190723974 lifecam22 2858.89379883 5377.71679688 4.36989355087
1478190724041 lifecam22 2852.14257812 5378.17041016 4.36821269989
1478190724232 lifecam22 2831.53930664 5381.94140625 4.35513067245
1478190724306 lifecam22 2824.42553711 5383.8046875 4.34802341461
1478190724381 lifecam22 2818.20068359 5385.72705078 4.34480476379
1478190724436 lifecam22 2811.26074219 5387.25097656 4.33907938004
1478190724500 lifecam22 2805.85229492 5388.70507812 4.34088468552
1478190724774 lifecam22 2778.23510742 5394.29785156 4.32141542435
1478190724841 lifecam22 2771.59667969 5396.27636719 4.31491422653
1478190724907 lifecam22 2763.69116211 5396.79785156 4.30047988892
1478190724973 lifecam22 2758.20043945 5399.28271484 4.30308866501
1478190725045 lifecam22 2750.36767578 5400.27441406 4.29300260544
1478190725377 lifecam22 2718.19458008 5410.21826172 4.27523374557
1478190725442 lifecam22 2710.71020508 5411.88964844 4.26541662216
1478190725513 lifecam22 2704.14941406 5413.64355469 4.26108264923
1478190725575 lifecam22 2698.61010742 5415.59960938 4.26391887665
1478190725643 lifecam22 2690.98754883 5417.78857422 4.25604581833
1478190725846 lifecam22 2670.27294922 5424.16210938 4.23644018173
1478190725904 lifecam22 2663.39819336 5425.74023438 4.23295688629
1478190725977 lifecam22 2656.8984375 5428.05566406 4.23027896881
1478190726048 lifecam22 2649.51806641 5430.02685547 4.21982002258
1478190726114 lifecam22 2643.7668457 5431.8984375 4.21748971939
1478190726378 lifecam22 2617.87182617 5442.29150391 4.19996833801
1478190726441 lifecam22 2611.69628906 5444.2578125 4.19996547699
1478190726508 lifecam22 2605.13549805 5447.10888672 4.19529485703
1478190726580 lifecam22 2597.734375 5449.00585938 4.18501329422
1478190726648 lifecam22 2591.7902832 5451.4765625 4.18632507324
1478190726852 lifecam22 2572.70166016 5458.48291016 4.16756343842
1478190726904 lifecam22 2565.27392578 5461.24609375 4.15950489044
1478190726980 lifecam22 2558.62133789 5463.51074219 4.1535525322
1478190727105 lifecam22 2544.9909668 5469.08398438 4.13971281052
1478190727374 lifecam22 2518.48754883 5481.00195312 4.12190246582
1478190727446 lifecam22 2511.75537109 5483.62939453 4.11527252197
1478190727513 lifecam22 2505.34912109 5486.78417969 4.11014842987
1478190727574 lifecam22 2500.45605469 5489.52148438 4.11370992661
1478190727644 lifecam22 2492.56713867 5492.45556641 4.10423898697
1478190727786 lifecam22 2481.10205078 5498.54589844 4.10058689117
1478190727848 lifecam22 2475.33837891 5502.24755859 4.09994029999
1478190727913 lifecam22 2468.21801758 5505.24414062 4.08989477158
1478190727983 lifecam22 2462.07617188 5508.21923828 4.08531951904
1478190728315 lifecam22 2430.37670898 5524.17919922 4.05754375458
1478190728372 lifecam22 2425.4206543 5527.90234375 4.0556268692
1478190728450 lifecam22 2418.73046875 5531.30322266 4.05048179626
1478190728515 lifecam22 2412.60839844 5533.76855469 4.04305458069
1478190728578 lifecam22 2407.77661133 5538.28710938 4.04792404175
1478190728842 lifecam22 2382.27197266 5551.60449219 4.01626777649
1478190728910 lifecam22 2378.37695312 5554.95410156 4.02365875244
1478190728980 lifecam22 2370.38964844 5558.45410156 4.01221036911
1478190729052 lifecam22 2363.8815918 5561.85498047 4.00118732452
1478190729108 lifecam22 2358.78417969 5565.31396484 3.99939370155
1478190729311 lifecam22 2339.55908203 5576.484375 3.98212742805
1478190729448 lifecam22 2328.46313477 5583.61621094 3.97362685204
1478190729510 lifecam22 2322.24975586 5587.76611328 3.97777819633
1478190729582 lifecam22 2315.87060547 5591.42285156 3.96304154396
1478190729652 lifecam22 2309.92797852 5595.93017578 3.95974516869
1478190729851 lifecam22 2292.32519531 5606.72900391 3.93969345093
1478190729918 lifecam22 2287.18261719 5611.73876953 3.93398928642
1478190729982 lifecam22 2279.24072266 5615.37988281 3.92151427269
1478190730050 lifecam22 2275.1550293 5619.38525391 3.92223286629
1478190730123 lifecam22 2270.60839844 5624.33349609 3.92501521111
1478190730387 lifecam22 2248.65820312 5640.03222656 3.91095280647
1478190730448 lifecam22 2241.98339844 5645.07080078 3.90207409859
1478190730514 lifecam22 2236.83666992 5648.80712891 3.8963739872
1478190730586 lifecam22 2231.17260742 5652.82226562 3.88825082779
1478190730648 lifecam22 2225.30224609 5658.39501953 3.88042712212
1478190730919 lifecam22 2200.97314453 5676.05029297 3.84737706184
1478190730985 lifecam22 2196.20117188 5679.33691406 3.84756660461
1478190731044 lifecam22 2190.7902832 5683.54882812 3.8448035717
1478190731119 lifecam22 2184.66308594 5688.98681641 3.83570671082
1478190731193 lifecam22 2180.32739258 5692.75 3.83783459663
1478190731459 lifecam22 2159.28027344 5711.45410156 3.82020807266
1478190731517 lifecam22 2154.06689453 5716.38720703 3.81353640556
1478190731584 lifecam22 2149.8112793 5720.60400391 3.81692099571
1478190731651 lifecam22 2145.3671875 5725.42773438 3.81331682205
1478190731713 lifecam22 2139.13208008 5729.78125 3.80460000038
1478190731991 lifecam22 2119.24316406 5749.63574219 3.78449630737
1478190732058 lifecam22 2113.51757812 5753.77636719 3.77887058258
1478190732121 lifecam22 2109.41235352 5759.45898438 3.77394270897
1478190732185 lifecam22 2103.66650391 5764.52001953 3.76689052582
1478190732253 lifecam22 2098.79321289 5769.27246094 3.76134729385
1478190732523 lifecam22 2079.07861328 5788.08447266 3.74112200737
1478190732589 lifecam22 2075.03637695 5793.56689453 3.74097585678
1478190732653 lifecam22 2068.9230957 5798.65429688 3.72938275337
1478190732727 lifecam22 2065.19702148 5803.49169922 3.73070144653
1478190732788 lifecam22 2057.91845703 5809.33496094 3.71250653267
1478190733058 lifecam22 2039.2791748 5829.22509766 3.6980881691
1478190733119 lifecam22 2035.40612793 5834.55615234 3.69547986984
1478190733189 lifecam22 2030.69470215 5839.64306641 3.68822288513
1478190733249 lifecam22 2025.53894043 5845.38330078 3.68129205704
1478190733596 lifecam22 2005.1595459 5871.40722656 3.67062473297
1478190733659 lifecam22 2000.69763184 5877.45507812 3.66282629967
1478190733720 lifecam22 1995.66467285 5882.51904297 3.65491461754
1478190733789 lifecam22 1990.91711426 5887.78808594 3.6481115818
1478190733863 lifecam22 1986.95251465 5893.48730469 3.6438794136
1478190734127 lifecam22 1970.90344238 5916.14648438 3.63026428223
1478190734189 lifecam22 1966.75317383 5922.18652344 3.6240477562
1478190734256 lifecam22 1961.44360352 5927.08154297 3.61652231216
1478190734326 lifecam22 1958.2175293 5932.95800781 3.6165099144
1478190734387 lifecam22 1953.40637207 5938.59814453 3.60335731506
1478190734657 lifecam22 1935.36364746 5960.33935547 3.57961750031
1478190734719 lifecam22 1931.15905762 5966.68603516 3.57382678986
1478190734793 lifecam22 1926.30432129 5972.64648438 3.56465816498
1478190734859 lifecam22 1923.41955566 5978.1015625 3.5641875267
1478190734927 lifecam22 1919.69714355 5984.34619141 3.55922222137
1478190735197 lifecam22 1919.76135254 5990.83740234 3.57750606537
1478190735260 lifecam22 1919.77270508 5990.31933594 3.57548570633
1478190735324 lifecam22 1919.8470459 5990.50634766 3.5768828392
1478190735389 lifecam22 1919.40979004 5990.65673828 3.57377481461
1478190735457 lifecam22 1919.41931152 5990.4453125 3.57298660278
1478190735795 lifecam22 1919.6270752 5990.67480469 3.57570028305
1478190735860 lifecam22 1920.05407715 5990.40332031 3.57858800888
1478190735922 lifecam22 1919.6270752 5990.67480469 3.57570028305
1478190735999 lifecam22 1919.41687012 5990.65234375 3.57381629944
1478190736059 lifecam22 1919.6340332 5990.36181641 3.57447433472
1478190736326 lifecam22 1919.9276123 5990.45361328 3.57735109329
1478190736389 lifecam22 1920.05224609 5990.20507812 3.57775831223
1478190736461 lifecam22 1920.24780273 5990.32958984 3.57956600189
1478190736533 lifecam22 1919.2220459 5990.73046875 3.57247257233
1478190736592 lifecam22 1919.40979004 5990.65673828 3.57377481461
1478190736863 lifecam22 1920.05859375 5990.52685547 3.57876396179
1478190736927 lifecam22 1919.45080566 5990.64794922 3.57408666611
