1478190195751 lifecam22 3349.43530273 5374.46435547 4.70669555664
1478190195957 lifecam22 3348.72802734 5374.66699219 4.70584201813
1478190196024 lifecam22 3348.39648438 5374.65625 4.70703172684
1478190196096 lifecam22 3348.99560547 5374.93554688 4.71118307114
1478190196154 lifecam22 3347.87890625 5374.72900391 4.70765256882
1478190196220 lifecam22 3349.00878906 5375.32373047 4.71493768692
1478190196556 lifecam22 3347.98925781 5375.63037109 4.71771478653
1478190196624 lifecam22 3348.18603516 5375.52734375 4.71813869476
1478190196688 lifecam22 3348.2890625 5375.76171875 4.71762990952
1478190196759 lifecam22 3347.98925781 5375.63037109 4.71771478653
1478190196822 lifecam22 3348.5715332 5375.75097656 4.71895599365
1478190197091 lifecam22 3347.57861328 5375.51904297 4.71385478973
1478190197156 lifecam22 3348.09838867 5375.71630859 4.71719026566
1478190197221 lifecam22 3347.79174805 5375.44091797 4.71454143524
1478190197297 lifecam22 3348.3449707 5375.81835938 4.7195725441
1478190197353 lifecam22 3348.86035156 5376.05029297 4.72181940079
1478190197629 lifecam22 3348.53515625 5375.73046875 4.71873664856
1478190197696 lifecam22 3348.0065918 5375.640625 4.71645927429
1478190197751 lifecam22 3347.82617188 5375.62109375 4.71623659134
1478190197827 lifecam22 3347.79663086 5375.54638672 4.71454429626
1478190197889 lifecam22 3348.06103516 5375.68261719 4.71684551239
1478190198106 lifecam22 3348.50976562 5375.84277344 4.72117328644
1478190198163 lifecam22 3348.14477539 5375.64208984 4.71648693085
1478190198227 lifecam22 3348.05371094 5375.69824219 4.71701145172
1478190198290 lifecam22 3348.1328125 5375.6171875 4.71759080887
1478190198359 lifecam22 3347.76831055 5375.56347656 4.71429347992
1478190198692 lifecam22 3348.21948242 5375.85498047 4.71856355667
1478190198760 lifecam22 3348.06396484 5375.69775391 4.71840429306
1478190198827 lifecam22 3348.18920898 5375.67333984 4.71953439713
1478190198895 lifecam22 3348.83520508 5375.96826172 4.72341394424
1478190198960 lifecam22 3351.75488281 5376.10449219 4.7277765274
1478190199168 lifecam22 3350.63500977 5374.85791016 4.70417118073
1478190199232 lifecam22 3351.33007812 5374.48486328 4.70715284348
1478190199294 lifecam22 3350.59228516 5373.83105469 4.69671821594
1478190199362 lifecam22 3349.65844727 5373.99511719 4.69546127319
1478190199421 lifecam22 3346.40966797 5373.36669922 4.68319606781
1478190199698 lifecam22 3332.55444336 5374.52783203 4.71288251877
1478190199763 lifecam22 3332.3684082 5374.99414062 4.71730995178
1478190199828 lifecam22 3325.55444336 5374.52783203 4.71288013458
1478190199895 lifecam22 3316.82226562 5371.47851562 4.69724845886
1478190199967 lifecam22 3309.4074707 5370.65039062 4.69353580475
1478190200229 lifecam22 3279.83569336 5365.28466797 4.66118955612
1478190200295 lifecam22 3272.86791992 5364.55712891 4.65697956085
1478190200355 lifecam22 3266.28027344 5363.44921875 4.65314674377
1478190200424 lifecam22 3260.54248047 5364.17773438 4.65543937683
1478190200491 lifecam22 3253.74829102 5363.68505859 4.65505361557
1478190200699 lifecam22 3232.5300293 5359.93994141 4.62931203842
1478190200766 lifecam22 3226.50439453 5361.40527344 4.63582324982
1478190200825 lifecam22 3219.3737793 5360.65673828 4.63016700745
1478190200900 lifecam22 3212.02563477 5360.48339844 4.62347507477
1478190200966 lifecam22 3204.75097656 5360.51464844 4.61710929871
1478190201308 lifecam22 3169.53466797 5356.87158203 4.58581638336
1478190201365 lifecam22 3163.3269043 5357.34472656 4.58686208725
1478190201420 lifecam22 3156.08007812 5356.91552734 4.58121442795
1478190201494 lifecam22 3149.15942383 5356.67382812 4.57446241379
1478190201562 lifecam22 3141.82470703 5355.68652344 4.5687994957
1478190201839 lifecam22 3114.2277832 5356.18359375 4.55153179169
1478190201889 lifecam22 3107.28417969 5355.25097656 4.54330778122
1478190201961 lifecam22 3100.57739258 5355.86914062 4.53633213043
1478190202027 lifecam22 3094.00268555 5356.13476562 4.53569030762
1478190202089 lifecam22 3086.71777344 5355.83007812 4.52844190598
1478190202366 lifecam22 3058.57958984 5356.86669922 4.50630664825
1478190202429 lifecam22 3052.42016602 5357.97363281 4.50776863098
1478190202491 lifecam22 3045.0715332 5358.12060547 4.5005736351
1478190202564 lifecam22 3038.10693359 5358.02490234 4.49717092514
1478190202628 lifecam22 3032.16601562 5358.80615234 4.49630069733
1478190202895 lifecam22 3004.01928711 5360.96337891 4.47206687927
1478190202959 lifecam22 2995.95214844 5360.99121094 4.46390914917
1478190203032 lifecam22 2990.3515625 5362.04492188 4.46515703201
1478190203096 lifecam22 2983.52148438 5361.70605469 4.45854902267
1478190203371 lifecam22 2954.97363281 5364.93115234 4.43541049957
1478190203428 lifecam22 2948.24951172 5365.97460938 4.43346118927
1478190203505 lifecam22 2941.62402344 5367.88037109 4.43287277222
1478190203562 lifecam22 2934.72558594 5368.04345703 4.42281007767
1478190203626 lifecam22 2927.8203125 5368.92138672 4.42179822922
1478190203830 lifecam22 2907.18139648 5371.14111328 4.40100860596
1478190203900 lifecam22 2900.10839844 5372.23193359 4.39995479584
1478190203978 lifecam22 2893.46435547 5372.89892578 4.3925743103
1478190204032 lifecam22 2885.94140625 5374.48974609 4.38876819611
1478190204108 lifecam22 2878.46435547 5374.58789062 4.37541627884
1478190204371 lifecam22 2851.88208008 5380.76904297 4.36345148087
1478190204430 lifecam22 2845.23461914 5382.23681641 4.3580904007
1478190204499 lifecam22 2838.47436523 5384.15722656 4.3559756279
1478190204570 lifecam22 2831.38549805 5384.97998047 4.35056400299
1478190204630 lifecam22 2824.20410156 5386.40625 4.34329986572
1478190204902 lifecam22 2796.96240234 5392.84570312 4.32422018051
1478190204968 lifecam22 2789.66723633 5393.30078125 4.31703662872
1478190205034 lifecam22 2782.99853516 5395.58154297 4.31089639664
1478190205100 lifecam22 2775.37963867 5396.55957031 4.30669403076
1478190205163 lifecam22 2768.30810547 5397.82958984 4.29895734787
1478190205378 lifecam22 2749.87182617 5404.62207031 4.28784990311
1478190205441 lifecam22 2742.72875977 5405.921875 4.2836766243
1478190205495 lifecam22 2737.43139648 5408.14111328 4.28514862061
1478190205565 lifecam22 2732.16503906 5410.36474609 4.28515291214
1478190205627 lifecam22 2723.96630859 5411.54492188 4.27870559692
1478190205907 lifecam22 2696.65527344 5420.31787109 4.25386667252
1478190205975 lifecam22 2689.57666016 5421.53369141 4.24082136154
1478190206043 lifecam22 2683.49902344 5423.35205078 4.23601579666
1478190206100 lifecam22 2677.15039062 5425.70410156 4.2325053215
1478190206170 lifecam22 2670.39916992 5427.55224609 4.22772312164
1478190206438 lifecam22 2643.87133789 5437.16943359 4.20642089844
1478190206506 lifecam22 2636.62548828 5439.04931641 4.20468139648
1478190206565 lifecam22 2629.73022461 5441.69677734 4.19542217255
1478190206641 lifecam22 2623.7565918 5443.97314453 4.19841718674
1478190206705 lifecam22 2616.15234375 5446.91845703 4.19110679626
1478190206978 lifecam22 2590.23974609 5456.07421875 4.17056417465
1478190207032 lifecam22 2584.5847168 5458.77246094 4.17022562027
1478190207106 lifecam22 2578.18896484 5461.74902344 4.16489219666
1478190207165 lifecam22 2571.3815918 5464.05371094 4.15929603577
1478190207238 lifecam22 2564.81713867 5467.42138672 4.15060329437
1478190207439 lifecam22 2546.04882812 5476.54980469 4.14239549637
1478190207507 lifecam22 2539.26000977 5478.91113281 4.13751745224
1478190207576 lifecam22 2533.21508789 5481.33496094 4.13079595566
1478190207640 lifecam22 2526.75195312 5484.77783203 4.12791061401
1478190207705 lifecam22 2520.38769531 5486.93212891 4.12238788605
1478190207982 lifecam22 2495.18676758 5498.75 4.10148382187
1478190208042 lifecam22 2488.20507812 5502.56445312 4.09498357773
1478190208104 lifecam22 2481.90380859 5505.57763672 4.09106731415
1478190208174 lifecam22 2475.05810547 5509.0625 4.08244848251
1478190208237 lifecam22 2468.97973633 5511.81005859 4.07702732086
1478190208506 lifecam22 2443.24316406 5524.86474609 4.05639123917
1478190208579 lifecam22 2437.04321289 5528.00634766 4.05518102646
1478190208643 lifecam22 2431.34106445 5531.70556641 4.05098009109
1478190208707 lifecam22 2426.30151367 5535.86035156 4.05448389053
1478190208771 lifecam22 2419.75537109 5539.01367188 4.04123830795
1478190209054 lifecam22 2395.87304688 5552.43847656 4.02584695816
1478190209117 lifecam22 2390.92163086 5556.56835938 4.02314758301
1478190209171 lifecam22 2382.48535156 5560.16552734 4.00987815857
1478190209254 lifecam22 2377.45043945 5563.23242188 4.00715351105
1478190209308 lifecam22 2371.33129883 5567.97753906 3.99949884415
1478190209510 lifecam22 2353.26367188 5577.91162109 3.98270201683
1478190209567 lifecam22 2348.60595703 5582.14013672 3.98674035072
1478190209640 lifecam22 2342.98535156 5585.61523438 3.98593306541
1478190209708 lifecam22 2337.41088867 5589.49755859 3.97759366035
1478190209767 lifecam22 2331.88452148 5593.28515625 3.97232866287
1478190210046 lifecam22 2304.61279297 5609.47900391 3.93213796616
1478190210110 lifecam22 2298.87011719 5613.49609375 3.92915821075
1478190210169 lifecam22 2292.52856445 5616.83740234 3.91865754128
1478190210238 lifecam22 2287.30151367 5621.10644531 3.91732764244
1478190210301 lifecam22 2282.3527832 5625.79296875 3.91962361336
1478190210580 lifecam22 2260.79541016 5642.21826172 3.90621209145
1478190210639 lifecam22 2255.08300781 5646.38085938 3.89792990685
1478190210702 lifecam22 2248.60205078 5651.26220703 3.89049291611
1478190210774 lifecam22 2243.65478516 5655.4140625 3.88718891144
1478190210837 lifecam22 2239.28588867 5659.80371094 3.88547682762
1478190211108 lifecam22 2216.37524414 5677.36279297 3.86030220985
1478190211175 lifecam22 2212.37133789 5681.96972656 3.85959553719
1478190211249 lifecam22 2206.50439453 5686.81835938 3.85497975349
1478190211312 lifecam22 2201.12011719 5691.55908203 3.84903335571
1478190211368 lifecam22 2196.18237305 5695.63964844 3.84836125374
1478190211577 lifecam22 2180.22021484 5708.62207031 3.83390831947
1478190211645 lifecam22 2173.33569336 5713.54443359 3.82060575485
1478190211715 lifecam22 2168.07861328 5717.89013672 3.81505227089
1478190211779 lifecam22 2162.86035156 5722.60449219 3.8099796772
1478190211845 lifecam22 2156.68505859 5727.82910156 3.7992811203
1478190212121 lifecam22 2136.02124023 5746.34228516 3.7868514061
1478190212179 lifecam22 2131.49365234 5751.54248047 3.777135849
1478190212253 lifecam22 2127.23828125 5756.44042969 3.77826070786
1478190212326 lifecam22 2122.89135742 5761.35009766 3.77857041359
1478190212379 lifecam22 2118.33984375 5766.11376953 3.77477765083
1478190212644 lifecam22 2099.3984375 5786.23730469 3.75639843941
1478190212717 lifecam22 2094.49145508 5791.44628906 3.75131821632
1478190212784 lifecam22 2088.8815918 5795.93164062 3.74282097816
1478190212849 lifecam22 2083.98266602 5801.13427734 3.73570871353
1478190212911 lifecam22 2079.08935547 5806.42675781 3.73055028915
1478190213182 lifecam22 2060.74731445 5827.36816406 3.7117164135
1478190213247 lifecam22 2056.23291016 5832.72070312 3.7045814991
1478190213313 lifecam22 2051.41381836 5837.63134766 3.69961762428
1478190213383 lifecam22 2046.64880371 5843.16503906 3.69526100159
1478190213447 lifecam22 2041.82971191 5847.98974609 3.69064545631
1478190213656 lifecam22 2027.40344238 5863.73974609 3.67692255974
1478190213729 lifecam22 2023.1229248 5869.22021484 3.67031598091
1478190213778 lifecam22 2017.61462402 5874.89794922 3.66190338135
1478190213849 lifecam22 2013.66271973 5879.98486328 3.65857052803
1478190213916 lifecam22 2009.11315918 5885.23779297 3.65445232391
1478190214308 lifecam22 1984.36022949 5917.95898438 3.62972688675
1478190214376 lifecam22 1981.31506348 5923.43164062 3.62761354446
1478190214451 lifecam22 1977.12939453 5929.95556641 3.62368154526
1478190214512 lifecam22 1972.72607422 5935.66601562 3.61730718613
1478190214651 lifecam22 1964.91088867 5946.52050781 3.61204338074
1478190214716 lifecam22 1960.9798584 5952.65869141 3.59997463226
1478190214784 lifecam22 1954.953125 5958.38232422 3.58761739731
1478190214845 lifecam22 1951.95202637 5963.78662109 3.58846473694
1478190214916 lifecam22 1948.46398926 5969.79931641 3.58516168594
1478190215194 lifecam22 1932.60791016 5993.43212891 3.56165885925
1478190215260 lifecam22 1928.71643066 5998.95068359 3.55461645126
1478190215308 lifecam22 1926.05859375 6004.98876953 3.56273889542
1478190215379 lifecam22 1926.65380859 6005.07177734 3.56278181076
1478190215448 lifecam22 1927.28637695 6003.72705078 3.56309556961
1478190215714 lifecam22 1927.15673828 6004.02978516 3.56289863586
1478190215776 lifecam22 1926.7019043 6004.31835938 3.56300449371
1478190215847 lifecam22 1927.34301758 6003.94970703 3.5629901886
1478190215915 lifecam22 1927.23522949 6003.67480469 3.56499052048
1478190215981 lifecam22 1927.3470459 6004.07177734 3.56467199326
1478190216188 lifecam22 1927.67907715 6003.81835938 3.5680642128
1478190216262 lifecam22 1927.16503906 6004.12207031 3.56490039825
1478190216327 lifecam22 1926.88330078 6004.1875 3.56279802322
1478190216384 lifecam22 1926.88525391 6004.02880859 3.56340312958
1478190216459 lifecam22 1927.47827148 6003.828125 3.56515455246
1478190216719 lifecam22 1927.32214355 6004.03125 3.56573629379
1478190216788 lifecam22 1927.17700195 6003.80322266 3.56499528885
1478190216857 lifecam22 1927.45202637 6004.10888672 3.56607055664
1478190216977 lifecam22 1927.16503906 6004.12207031 3.56490039825
1478190217188 lifecam22 1926.70898438 6004.16992188 3.5597319603
1478190217259 lifecam22 1927.5090332 6003.68359375 3.56596851349
1478190217310 lifecam22 1927.22058105 6003.99609375 3.56492853165
1478190217386 lifecam22 1927.13500977 6004.13964844 3.56471252441
1478190217458 lifecam22 1927.06225586 6004.06445312 3.56380653381
