1478186129041 lifecam22 3346.4921875 5376.671875 4.69045829773
1478186129382 lifecam22 3345.93310547 5376.84228516 4.69051980972
1478186129446 lifecam22 3345.1184082 5376.32373047 4.68662977219
1478186129510 lifecam22 3345.01855469 5376.7265625 4.68905878067
1478186129577 lifecam22 3344.64990234 5376.67236328 4.68829011917
1478186129643 lifecam22 3345.03857422 5377.03710938 4.69059705734
1478186129920 lifecam22 3344.14282227 5376.43066406 4.68445968628
1478186129980 lifecam22 3344.14282227 5376.43066406 4.68445968628
1478186130045 lifecam22 3344.10986328 5376.26757812 4.68418741226
1478186130120 lifecam22 3343.95166016 5376.00097656 4.68284749985
1478186130177 lifecam22 3344.14282227 5376.43066406 4.68445968628
1478186130448 lifecam22 3344.14282227 5376.43066406 4.68445968628
1478186130512 lifecam22 3343.98022461 5376.26904297 4.68290185928
1478186130571 lifecam22 3344.50561523 5376.77099609 4.68773984909
1478186130648 lifecam22 3344.20483398 5376.23779297 4.68390512466
1478186130713 lifecam22 3344.05200195 5376.34912109 4.68485307693
1478186130982 lifecam22 3343.98486328 5376.1640625 4.68312072754
1478186131106 lifecam22 3344.14282227 5376.43066406 4.68445968628
1478186131178 lifecam22 3344.10009766 5376.13574219 4.68291473389
1478186131249 lifecam22 3343.98486328 5376.1640625 4.68312072754
1478186131449 lifecam22 3343.95166016 5376.00097656 4.68284749985
1478186131512 lifecam22 3344.10986328 5376.26757812 4.68418741226
1478186131585 lifecam22 3344.48950195 5376.85595703 4.68974494934
1478186131646 lifecam22 3344.06030273 5376.38330078 4.68666982651
1478186131708 lifecam22 3344.48242188 5376.93164062 4.69068574905
1478186131990 lifecam22 3344.17480469 5376.65576172 4.6904501915
1478186132048 lifecam22 3343.87426758 5376.50048828 4.68889522552
1478186132115 lifecam22 3343.83447266 5376.74267578 4.68854999542
1478186132181 lifecam22 3344.39282227 5376.72998047 4.69123506546
1478186132251 lifecam22 3344.30664062 5376.78808594 4.6904873848
1478186132578 lifecam22 3344.94726562 5376.80371094 4.69216585159
1478186132648 lifecam22 3346.02734375 5377.64697266 4.6941742897
1478186132702 lifecam22 3345.33911133 5378.77880859 4.70083522797
1478186132780 lifecam22 3350.52954102 5378.76220703 4.70023584366
1478186132851 lifecam22 3351.42089844 5378.52197266 4.69830226898
1478186133120 lifecam22 3347.83276367 5375.79736328 4.6829957962
1478186133180 lifecam22 3336.82714844 5376.17138672 4.68960857391
1478186133248 lifecam22 3331.04516602 5376.44677734 4.69924736023
1478186133316 lifecam22 3322.8828125 5374.01464844 4.69010734558
1478186133386 lifecam22 3316.51025391 5373.26025391 4.69141483307
1478186133662 lifecam22 3289.05395508 5368.80615234 4.66312122345
1478186133714 lifecam22 3283.00170898 5368.15966797 4.663189888
1478186133780 lifecam22 3275.79956055 5366.9140625 4.66047239304
1478186133853 lifecam22 3271.33325195 5367.89941406 4.66684055328
1478186133921 lifecam22 3263.09960938 5366.46337891 4.65803956985
1478186134186 lifecam22 3235.70288086 5365.05810547 4.63781929016
1478186134249 lifecam22 3228.48022461 5364.01416016 4.63348245621
1478186134319 lifecam22 3221.83178711 5364.3671875 4.63207530975
1478186134377 lifecam22 3213.87304688 5361.96289062 4.61490345001
1478186134453 lifecam22 3206.31518555 5361.375 4.6099729538
1478186134719 lifecam22 3179.05004883 5359.76513672 4.59027099609
1478186134786 lifecam22 3172.68505859 5358.890625 4.58013916016
1478186134852 lifecam22 3165.60571289 5359.27099609 4.57701635361
1478186134925 lifecam22 3158.31054688 5358.56835938 4.57144260406
1478186134990 lifecam22 3151.30151367 5358.45458984 4.56812047958
1478186135258 lifecam22 3122.76928711 5357.55371094 4.54632472992
1478186135315 lifecam22 3115.6027832 5357.1328125 4.53961229324
1478186135396 lifecam22 3109.20654297 5357.08935547 4.53757619858
1478186135453 lifecam22 3102.18896484 5357.60009766 4.53439331055
1478186135792 lifecam22 3067.2722168 5358.45605469 4.50898790359
1478186135855 lifecam22 3062.07373047 5358.85107422 4.5099105835
1478186135920 lifecam22 3055.47558594 5359.89794922 4.50992441177
1478186135993 lifecam22 3047.61523438 5359.67089844 4.50198078156
1478186136043 lifecam22 3040.91088867 5361.56347656 4.49980592728
1478186136322 lifecam22 3013.48217773 5362.11914062 4.47761726379
1478186136388 lifecam22 3006.5690918 5363.48144531 4.47311592102
1478186136455 lifecam22 2999.08422852 5363.00341797 4.46369886398
1478186136582 lifecam22 2985.35522461 5363.83544922 4.44879722595
1478186136853 lifecam22 2956.52978516 5366.25878906 4.42562437057
1478186136918 lifecam22 2950.32714844 5367.65625 4.42420434952
1478186136987 lifecam22 2943.33105469 5367.82324219 4.41814470291
1478186137065 lifecam22 2935.86865234 5368.74511719 4.41460800171
1478186137130 lifecam22 2930.03613281 5369.76953125 4.41024494171
1478186137459 lifecam22 2896.43603516 5376.00390625 4.39675235748
1478186137523 lifecam22 2888.62915039 5376.0703125 4.38984727859
1478186137586 lifecam22 2881.66479492 5377.71289062 4.37961339951
1478186137654 lifecam22 2874.82275391 5378.37695312 4.37464332581
1478186137926 lifecam22 2847.09936523 5384.11767578 4.3580622673
1478186137989 lifecam22 2839.90332031 5385.52929688 4.35072422028
1478186138050 lifecam22 2833.9909668 5387.19824219 4.34821748734
1478186138119 lifecam22 2827.03808594 5389.14892578 4.34060716629
1478186138192 lifecam22 2820.25097656 5389.8515625 4.33820915222
1478186138522 lifecam22 2786.05224609 5396.91650391 4.30963563919
1478186138593 lifecam22 2778.49829102 5399.26708984 4.30426073074
1478186138649 lifecam22 2771.57055664 5400.50244141 4.29425191879
1478186138733 lifecam22 2764.87695312 5402.15722656 4.29034423828
1478186138783 lifecam22 2758.82592773 5403.57421875 4.28841924667
1478186139125 lifecam22 2724.93017578 5413.25390625 4.26251316071
1478186139188 lifecam22 2717.75585938 5414.24121094 4.25323867798
1478186139265 lifecam22 2712.51464844 5417.11376953 4.25728225708
1478186139324 lifecam22 2707.01464844 5419.84765625 4.25871992111
1478186139395 lifecam22 2698.56420898 5420.73046875 4.24797153473
1478186139729 lifecam22 2666.19897461 5431.53466797 4.22512245178
1478186139790 lifecam22 2660.99438477 5434.86914062 4.22097349167
1478186139852 lifecam22 2653.75341797 5437.328125 4.22130203247
1478186139917 lifecam22 2648.08349609 5440.47802734 4.21901273727
1478186139995 lifecam22 2640.11132812 5442.375 4.20827484131
1478186140393 lifecam22 2599.79443359 5456.40673828 4.17399358749
1478186140461 lifecam22 2592.41235352 5458.34570312 4.16299438477
1478186140539 lifecam22 2586.15429688 5460.140625 4.15531826019
1478186140602 lifecam22 2579.40161133 5462.92578125 4.15601205826
1478186140665 lifecam22 2573.30810547 5466.30078125 4.14903593063
1478186140937 lifecam22 2547.40356445 5477.1640625 4.1347618103
1478186140995 lifecam22 2540.95996094 5480.83642578 4.12721204758
1478186141058 lifecam22 2534.1394043 5483.25292969 4.12239265442
1478186141131 lifecam22 2528.28173828 5486.02099609 4.11959505081
1478186141199 lifecam22 2522.41699219 5489.22167969 4.11782693863
1478186141465 lifecam22 2497.51928711 5502.03710938 4.10321092606
1478186141521 lifecam22 2490.140625 5505.32910156 4.08966064453
1478186141603 lifecam22 2484.35449219 5507.7109375 4.08988237381
1478186141660 lifecam22 2478.54125977 5511.43359375 4.08613777161
1478186141728 lifecam22 2471.40039062 5514.63183594 4.07691287994
1478186142060 lifecam22 2440.27294922 5531.53613281 4.05034160614
1478186142132 lifecam22 2433.27099609 5535.13769531 4.04159069061
1478186142196 lifecam22 2427.18457031 5537.74072266 4.03602600098
1478186142261 lifecam22 2421.07836914 5541.46337891 4.03440284729
1478186142332 lifecam22 2415.64013672 5544.27294922 4.03073358536
1478186142603 lifecam22 2391.41601562 5558.71826172 4.01312255859
1478186142670 lifecam22 2384.49169922 5562.10986328 4.0016245842
1478186142727 lifecam22 2379.39428711 5565.83105469 3.99709534645
1478186142800 lifecam22 2373.59936523 5569.2890625 3.99774909019
1478186142864 lifecam22 2368.34985352 5573.64355469 3.99345517159
1478186143135 lifecam22 2345.89038086 5588.11328125 3.98223423958
1478186143192 lifecam22 2340.50537109 5592.35351562 3.97736525536
1478186143267 lifecam22 2332.67871094 5596.26611328 3.96693730354
1478186143335 lifecam22 2328.37329102 5599.36962891 3.96442389488
1478186143398 lifecam22 2319.74975586 5604.10644531 3.94691562653
1478186143661 lifecam22 2296.21533203 5620.70458984 3.91867184639
1478186143796 lifecam22 2284.4621582 5630.10693359 3.90689253807
1478186143871 lifecam22 2281.57641602 5634.19726562 3.91664862633
1478186143928 lifecam22 2275.13696289 5637.67675781 3.90392661095
1478186144191 lifecam22 2251.45605469 5654.57324219 3.88585829735
1478186144266 lifecam22 2247.08837891 5657.89648438 3.88615512848
1478186144333 lifecam22 2240.12695312 5662.71142578 3.87643623352
1478186144402 lifecam22 2234.99975586 5666.96728516 3.86764740944
1478186144472 lifecam22 2229.39355469 5671.8203125 3.86226058006
1478186144738 lifecam22 2209.05859375 5689.49853516 3.84818267822
1478186144802 lifecam22 2203.09179688 5694.25927734 3.84157824516
1478186144873 lifecam22 2198.02490234 5698.83105469 3.8393471241
1478186144936 lifecam22 2193.73339844 5703.7578125 3.83856582642
1478186145001 lifecam22 2186.5 5707.32861328 3.82617020607
1478186145406 lifecam22 2156.25244141 5736.31542969 3.79678010941
1478186145464 lifecam22 2150.97729492 5740.77148438 3.79311966896
1478186145534 lifecam22 2146.17944336 5745.14550781 3.78552961349
1478186145598 lifecam22 2140.56835938 5750.18896484 3.7797794342
1478186145671 lifecam22 2135.07397461 5755.50976562 3.77455925941
1478186145877 lifecam22 2119.56958008 5770.6171875 3.75681757927
1478186145929 lifecam22 2115.31738281 5775.43408203 3.75412678719
1478186146011 lifecam22 2110.07348633 5780.18505859 3.75145435333
1478186146070 lifecam22 2105.27319336 5784.82519531 3.74749469757
1478186146138 lifecam22 2100.96972656 5790.42578125 3.74224901199
1478186146465 lifecam22 2077.56689453 5814.84033203 3.71808671951
1478186146530 lifecam22 2071.77319336 5820.85449219 3.70787453651
1478186146604 lifecam22 2068.0949707 5825.22167969 3.70631027222
1478186146665 lifecam22 2062.51489258 5831.5625 3.69973826408
1478186146735 lifecam22 2059.38549805 5835.30908203 3.70146942139
1478186146941 lifecam22 2044.36804199 5852.140625 3.67960810661
1478186146999 lifecam22 2041.24621582 5857.27099609 3.681671381
1478186147071 lifecam22 2036.30651855 5862.39892578 3.67638158798
1478186147139 lifecam22 2031.61437988 5868.20898438 3.66712594032
1478186147198 lifecam22 2027.62414551 5873.27246094 3.66528129578
1478186147530 lifecam22 2004.26525879 5900.57226562 3.63704586029
1478186147607 lifecam22 2000.53820801 5906.47070312 3.63522815704
1478186147670 lifecam22 1997.56384277 5911.77880859 3.63436174393
1478186147729 lifecam22 1991.37097168 5917.546875 3.62043905258
1478186147806 lifecam22 1987.59729004 5923.97949219 3.61802625656
1478186148008 lifecam22 1975.63793945 5939.76318359 3.60217618942
1478186148075 lifecam22 1972.20251465 5945.6171875 3.60436916351
1478186148141 lifecam22 1969.42883301 5951.00439453 3.60288763046
1478186148208 lifecam22 1962.82226562 5957.58642578 3.58881378174
1478186148272 lifecam22 1959.58630371 5962.48681641 3.5867805481
1478186148547 lifecam22 1943.39001465 5985.95166016 3.56239080429
1478186148606 lifecam22 1940.55187988 5991.54052734 3.55995988846
1478186148673 lifecam22 1936.77282715 5997.66015625 3.55608224869
1478186148738 lifecam22 1932.50598145 6003.38476562 3.55022335052
1478186148810 lifecam22 1929.22521973 6009.12988281 3.54667377472
1478186149141 lifecam22 1932.4140625 6010.48535156 3.56780862808
1478186149209 lifecam22 1932.26745605 6010.43457031 3.56636810303
1478186149272 lifecam22 1932.2232666 6010.55859375 3.56647491455
1478186149339 lifecam22 1932.64538574 6010.35302734 3.56939792633
1478186149539 lifecam22 1932.0871582 6010.73046875 3.56716823578
1478186149601 lifecam22 1932.26745605 6010.43457031 3.56636810303
1478186149684 lifecam22 1932.1574707 6010.58691406 3.56602573395
1478186149738 lifecam22 1932.1574707 6010.58691406 3.56602573395
1478186149809 lifecam22 1932.2232666 6010.55859375 3.56647491455
1478186150148 lifecam22 1932.2232666 6010.55859375 3.56647491455
1478186150210 lifecam22 1931.98120117 6010.76806641 3.56523132324
1478186150282 lifecam22 1932.2232666 6010.55859375 3.56647491455
1478186150342 lifecam22 1932.2401123 6010.45458984 3.5673995018
1478186150410 lifecam22 1932.47241211 6010.46386719 3.5682182312
1478186150678 lifecam22 1932.26745605 6010.43457031 3.56636810303
1478186150739 lifecam22 1932.2232666 6010.55859375 3.56647491455
1478186150812 lifecam22 1932.2232666 6010.55859375 3.56647491455
1478186150879 lifecam22 1932.42858887 6010.58740234 3.56832695007
1478186150944 lifecam22 1932.26745605 6010.43457031 3.56636810303
1478186151214 lifecam22 1931.99169922 6010.54931641 3.56565570831
1478186151279 lifecam22 1931.96276855 6010.67138672 3.56594848633
1478186151340 lifecam22 1932.23071289 6010.29541016 3.56683921814
1478186151402 lifecam22 1932.2232666 6010.55859375 3.56647491455
1478186151469 lifecam22 1932.5300293 6010.23095703 3.56780338287
1478186151737 lifecam22 1932.2232666 6010.55859375 3.56647491455
1478186151813 lifecam22 1932.03552246 6010.42578125 3.56554746628
1478186151866 lifecam22 1932.26745605 6010.43457031 3.56636810303
