1478185939492 lifecam22 3351.9909668 5379.96191406 4.71063089371
1478185939537 lifecam22 3351.76245117 5379.74853516 4.70857572556
1478185939612 lifecam22 3351.41503906 5379.34863281 4.70507335663
1478185939947 lifecam22 3351.88647461 5379.72949219 4.70701646805
1478185940023 lifecam22 3351.69018555 5379.53125 4.70649051666
1478185940086 lifecam22 3351.85498047 5379.39990234 4.70667934418
1478185940153 lifecam22 3351.98339844 5379.94873047 4.7091588974
1478185940215 lifecam22 3351.98339844 5379.94873047 4.7091588974
1478185940490 lifecam22 3351.8515625 5379.68310547 4.70797681808
1478185940545 lifecam22 3351.88134766 5379.70654297 4.70820617676
1478185940612 lifecam22 3351.56738281 5379.41113281 4.70662403107
1478185940683 lifecam22 3351.80200195 5379.50585938 4.70623445511
1478185940746 lifecam22 3351.41943359 5379.05859375 4.70505332947
1478185941087 lifecam22 3351.75 5379.57226562 4.70701503754
1478185941155 lifecam22 3351.9375 5379.76416016 4.70871686935
1478185941224 lifecam22 3351.55786133 5379.53808594 4.70655632019
1478185941283 lifecam22 3351.77441406 5379.75439453 4.7072725296
1478185941359 lifecam22 3351.69165039 5379.22216797 4.70484638214
1478185941612 lifecam22 3352.15283203 5379.84033203 4.70815896988
1478185941693 lifecam22 3351.56738281 5379.41113281 4.70662403107
1478185941755 lifecam22 3351.95776367 5379.64257812 4.70763301849
1478185941823 lifecam22 3351.9765625 5379.66162109 4.7078037262
1478185941890 lifecam22 3351.74731445 5379.6640625 4.7068271637
1478185942163 lifecam22 3351.62866211 5379.31103516 4.70589160919
1478185942222 lifecam22 3352.02954102 5379.85986328 4.7097158432
1478185942285 lifecam22 3351.93457031 5379.90478516 4.71011924744
1478185942352 lifecam22 3351.9765625 5379.66210938 4.7078037262
1478185942418 lifecam22 3352.01098633 5379.70019531 4.70811986923
1478185942692 lifecam22 3351.75 5379.57226562 4.70701503754
1478185942756 lifecam22 3351.96459961 5379.9296875 4.70899009705
1478185942831 lifecam22 3351.72314453 5379.26513672 4.70548582077
1478185942884 lifecam22 3351.93334961 5380.1875 4.7114405632
1478185942958 lifecam22 3351.61987305 5379.02246094 4.70452785492
1478185943296 lifecam22 3351.5949707 5379.51855469 4.70809030533
1478185943348 lifecam22 3351.75 5379.57226562 4.70701503754
1478185943416 lifecam22 3351.61425781 5379.59570312 4.70706653595
1478185943489 lifecam22 3351.62866211 5379.31103516 4.70589160919
1478185943544 lifecam22 3352.15283203 5379.84033203 4.70815896988
1478185943751 lifecam22 3351.70922852 5379.83398438 4.70798110962
1478185943813 lifecam22 3351.52563477 5379.06884766 4.70493364334
1478185943893 lifecam22 3351.97802734 5379.62011719 4.70734071732
1478185943949 lifecam22 3351.88134766 5379.70654297 4.70820617676
1478185944027 lifecam22 3351.39819336 5379.23828125 4.70509195328
1478185944292 lifecam22 3352.07910156 5379.90429688 4.70875644684
1478185944359 lifecam22 3351.76245117 5379.74853516 4.70857572556
1478185944425 lifecam22 3351.54882812 5379.39208984 4.70645332336
1478185944493 lifecam22 3351.55786133 5379.53808594 4.70655632019
1478185944550 lifecam22 3351.50390625 5379.48095703 4.70606851578
1478185944824 lifecam22 3351.9765625 5379.66210938 4.7078037262
1478185944888 lifecam22 3351.76000977 5379.4453125 4.70708274841
1478185944966 lifecam22 3351.98339844 5379.94873047 4.7091588974
1478185945024 lifecam22 3352.07910156 5379.90429688 4.70875644684
1478185945093 lifecam22 3352.23608398 5379.77783203 4.70898389816
1478185945427 lifecam22 3352.08398438 5379.77587891 4.70894575119
1478185945497 lifecam22 3351.88134766 5379.70654297 4.70820617676
1478185945566 lifecam22 3351.92993164 5378.93066406 4.70213985443
1478185945622 lifecam22 3352.22070312 5379.37451172 4.70082712173
1478185945695 lifecam22 3352.07202148 5378.24121094 4.69716739655
1478185945961 lifecam22 3350.72705078 5374.140625 4.68748140335
1478185946022 lifecam22 3350.27880859 5374.70556641 4.68350696564
1478185946097 lifecam22 3350.51733398 5374.35693359 4.68562078476
1478185946164 lifecam22 3343.6237793 5374.31982422 4.68656110764
1478185946220 lifecam22 3329.16235352 5371.60888672 4.66579771042
1478185946494 lifecam22 3307.32421875 5369.72265625 4.66143846512
1478185946561 lifecam22 3300.10083008 5368.88134766 4.65470695496
1478185946621 lifecam22 3292.75512695 5368.20068359 4.65068340302
1478185946692 lifecam22 3285.57788086 5366.20263672 4.64159297943
1478185946760 lifecam22 3278.53735352 5366.17138672 4.6381778717
1478185947029 lifecam22 3251.07250977 5362.93945312 4.61546087265
1478185947091 lifecam22 3245.13037109 5364.04931641 4.61790084839
1478185947218 lifecam22 3231.49829102 5362.76904297 4.61077737808
1478185947285 lifecam22 3223.69848633 5361.59423828 4.59855937958
1478185947560 lifecam22 3196.78930664 5360.50439453 4.58231210709
1478185947629 lifecam22 3189.06494141 5359.76806641 4.57312393188
1478185947686 lifecam22 3182.1628418 5359.59521484 4.56926107407
1478185947758 lifecam22 3174.88500977 5358.5625 4.56060743332
1478185947829 lifecam22 3168.37719727 5358.43505859 4.55627012253
1478185948091 lifecam22 3140.78051758 5359.06103516 4.54598474503
1478185948161 lifecam22 3132.64428711 5359.93847656 4.5359992981
1478185948228 lifecam22 3125.38476562 5358.76416016 4.52969837189
1478185948295 lifecam22 3119.53125 5359.26318359 4.52363157272
1478185948359 lifecam22 3112.78833008 5358.93212891 4.52122926712
1478185948627 lifecam22 3084.84765625 5359.63378906 4.49853944778
1478185948700 lifecam22 3076.96728516 5359.21533203 4.48812437057
1478185948765 lifecam22 3070.76318359 5360.46191406 4.49057245255
1478185948839 lifecam22 3063.5402832 5360.89599609 4.48230791092
1478185948896 lifecam22 3057.19213867 5360.75927734 4.4799246788
1478185949227 lifecam22 3022.73828125 5363.73730469 4.45473051071
1478185949297 lifecam22 3015.88330078 5364.72509766 4.45478534698
1478185949365 lifecam22 3008.32006836 5365.49804688 4.44734525681
1478185949428 lifecam22 3000.94116211 5365.72802734 4.44133901596
1478185949501 lifecam22 2995.08129883 5366.72363281 4.4353890419
1478185949757 lifecam22 2967.33398438 5369.10009766 4.4182844162
1478185949838 lifecam22 2960.11816406 5370.54394531 4.41247320175
1478185949897 lifecam22 2952.0769043 5371.74121094 4.40358066559
1478185949966 lifecam22 2945.55566406 5372.53076172 4.40028858185
1478185950040 lifecam22 2938.96679688 5374.16650391 4.3961186409
1478185950290 lifecam22 2912.67553711 5377.55273438 4.37780046463
1478185950366 lifecam22 2905.62231445 5379.71875 4.3774561882
1478185950432 lifecam22 2897.16088867 5379.88427734 4.36393737793
1478185950500 lifecam22 2891.62841797 5381.78027344 4.36384391785
1478185950551 lifecam22 2884.88671875 5382.68847656 4.36099386215
1478185950839 lifecam22 2857.13305664 5387.63330078 4.33570051193
1478185950907 lifecam22 2848.72363281 5389.51025391 4.32652282715
1478185950967 lifecam22 2843.41088867 5391.54101562 4.32882642746
1478185951028 lifecam22 2835.97851562 5393.47265625 4.32703447342
1478185951095 lifecam22 2829.97827148 5393.95605469 4.3167591095
1478185951375 lifecam22 2802.85717773 5401.18115234 4.30171871185
1478185951447 lifecam22 2795.13891602 5402.54150391 4.29224348068
1478185951502 lifecam22 2788.82397461 5404.45410156 4.29009199142
1478185951561 lifecam22 2781.54077148 5405.53320312 4.2802271843
1478185951621 lifecam22 2774.77441406 5406.79785156 4.27299642563
1478185951688 lifecam22 2769.12329102 5409.66796875 4.27482891083
1478185951904 lifecam22 2748.85571289 5416.25976562 4.26140928268
1478185951966 lifecam22 2742.92871094 5418.16113281 4.25816059113
1478185952035 lifecam22 2736.02685547 5420.00537109 4.25295305252
1478185952103 lifecam22 2729.35131836 5421.99951172 4.24940252304
1478185952169 lifecam22 2722.8347168 5425.07421875 4.24730968475
1478185952440 lifecam22 2697.52001953 5433.07226562 4.22594833374
1478185952501 lifecam22 2689.48071289 5435.14453125 4.21528959274
1478185952573 lifecam22 2682.88916016 5437.60302734 4.21044588089
1478185952629 lifecam22 2676.72509766 5439.01269531 4.20165967941
1478185952702 lifecam22 2669.00512695 5441.64550781 4.19228887558
1478185953037 lifecam22 2636.07958984 5453.74755859 4.16998291016
1478185953159 lifecam22 2622.84545898 5458.57373047 4.16113805771
1478185953235 lifecam22 2616.03662109 5461.89453125 4.15774488449
1478185953305 lifecam22 2610.59204102 5463.80664062 4.15951251984
1478185953499 lifecam22 2591.21972656 5471.70898438 4.14104795456
1478185953569 lifecam22 2585.07226562 5474.91992188 4.1363568306
1478185953642 lifecam22 2578.14916992 5477.67529297 4.12998867035
1478185953696 lifecam22 2572.17407227 5480.15039062 4.12924051285
1478185953774 lifecam22 2565.42456055 5483.41357422 4.12373685837
1478185954106 lifecam22 2532.43945312 5499.90478516 4.09362602234
1478185954176 lifecam22 2526.11328125 5502.35205078 4.09180593491
1478185954238 lifecam22 2521.81420898 5505.86523438 4.09336805344
1478185954305 lifecam22 2514.53198242 5508.05126953 4.08390474319
1478185954383 lifecam22 2508.39306641 5511.56494141 4.07663583755
1478185954632 lifecam22 2482.1496582 5524.92236328 4.05026674271
1478185954696 lifecam22 2475.3684082 5527.40234375 4.04775047302
1478185954767 lifecam22 2469.52124023 5530.91308594 4.04294061661
1478185954843 lifecam22 2462.86254883 5534.29248047 4.03555059433
1478185954901 lifecam22 2458.6484375 5537.55712891 4.04142713547
1478185955171 lifecam22 2431.76098633 5552.17822266 4.01427507401
1478185955243 lifecam22 2427.76147461 5555.78759766 4.01826763153
1478185955306 lifecam22 2422.06811523 5559.48291016 4.00934886932
1478185955377 lifecam22 2414.73388672 5562.42382812 4.00075483322
1478185955440 lifecam22 2410.03393555 5566.96289062 3.99812364578
1478185955705 lifecam22 2387.50854492 5581.75390625 3.98708367348
1478185955782 lifecam22 2381.39624023 5586.17919922 3.9799413681
1478185955842 lifecam22 2375.51489258 5590.96533203 3.97924542427
1478185955907 lifecam22 2370.92773438 5592.85302734 3.9722571373
1478185955975 lifecam22 2362.73217773 5597.5 3.9558775425
1478185956246 lifecam22 2339.29101562 5612.2265625 3.93127775192
1478185956303 lifecam22 2332.38378906 5616.76123047 3.92393422127
1478185956375 lifecam22 2326.80810547 5619.4765625 3.92053365707
1478185956446 lifecam22 2322.17285156 5624.72460938 3.92363715172
1478185956510 lifecam22 2314.38867188 5629.00439453 3.90613484383
1478185956718 lifecam22 2297.96435547 5642.26416016 3.89449501038
1478185956783 lifecam22 2292.27758789 5645.97216797 3.88595056534
1478185956844 lifecam22 2286.49291992 5651.07080078 3.87934422493
1478185956905 lifecam22 2281.74780273 5654.80126953 3.88299798965
1478185956975 lifecam22 2277.17041016 5659.72070312 3.87923073769
1478185957310 lifecam22 2251.49707031 5681.00244141 3.86197924614
1478185957372 lifecam22 2242.48730469 5686.68945312 3.84542107582
1478185957438 lifecam22 2238.11083984 5690.52441406 3.84183359146
1478185957510 lifecam22 2234.05859375 5694.23339844 3.84092450142
1478185957566 lifecam22 2226.07885742 5699.89990234 3.82744121552
1478185957851 lifecam22 2208.63720703 5718.15283203 3.82030248642
1478185957901 lifecam22 2201.96289062 5724.07519531 3.80821228027
1478185957982 lifecam22 2197.88842773 5727.44921875 3.80644702911
1478185958046 lifecam22 2191.29711914 5732.78466797 3.79893541336
1478185958114 lifecam22 2187.33618164 5736.48730469 3.79648208618
1478185958390 lifecam22 2165.08813477 5756.19042969 3.76953911781
1478185958445 lifecam22 2159.76318359 5760.81835938 3.76409912109
1478185958502 lifecam22 2155.92333984 5765.49462891 3.76138067245
1478185958582 lifecam22 2149.33398438 5770.67919922 3.75372314453
1478185958640 lifecam22 2144.59936523 5776.31103516 3.75011515617
1478185958919 lifecam22 2126.25756836 5795.94384766 3.73642873764
1478185958972 lifecam22 2121.44970703 5800.29638672 3.72680640221
1478185959057 lifecam22 2116.60327148 5806.90380859 3.72304105759
1478185959111 lifecam22 2112.79101562 5810.68164062 3.72300291061
1478185959172 lifecam22 2108.98193359 5816.50195312 3.72170686722
1478185959455 lifecam22 2089.77734375 5837.00048828 3.69735503197
1478185959517 lifecam22 2085.28198242 5843.05322266 3.69358992577
1478185959570 lifecam22 2080.7746582 5848.12890625 3.68713974953
1478185959639 lifecam22 2076.60961914 5853.2890625 3.68117499352
1478185959709 lifecam22 2071.74389648 5859.23339844 3.67711782455
1478185959983 lifecam22 2053.74975586 5880.63037109 3.65495705605
1478185960044 lifecam22 2049.06567383 5885.65722656 3.65211105347
1478185960112 lifecam22 2044.56506348 5891.67578125 3.64736866951
1478185960179 lifecam22 2040.57751465 5896.58691406 3.64265179634
1478185960249 lifecam22 2034.87219238 5902.10986328 3.63013935089
1478185960588 lifecam22 2015.6932373 5929.37451172 3.6138958931
1478185960647 lifecam22 2009.43395996 5935.63476562 3.59902954102
1478185960705 lifecam22 2008.58972168 5941.39013672 3.60905122757
1478185960778 lifecam22 2003.12854004 5947.08056641 3.59849786758
1478185960850 lifecam22 1999.83044434 5952.73632812 3.59518289566
1478185961111 lifecam22 1983.7130127 5975.41015625 3.57833576202
1478185961174 lifecam22 1980.2857666 5981.12304688 3.57448863983
1478185961252 lifecam22 1977.13806152 5986.98779297 3.57333040237
1478185961317 lifecam22 1972.27734375 5992.86621094 3.56106519699
1478185961381 lifecam22 1968.45458984 5998.98388672 3.55695819855
1478185961654 lifecam22 1953.50134277 6022.52441406 3.53433990479
1478185961722 lifecam22 1949.93896484 6029.80029297 3.53078746796
1478185961780 lifecam22 1946.51501465 6035.15771484 3.5272064209
1478185961854 lifecam22 1943.34216309 6040.18554688 3.52759981155
1478185961919 lifecam22 1944.6986084 6040.92675781 3.53566789627
1478185962185 lifecam22 1945.41442871 6039.39599609 3.53595733643
1478185962247 lifecam22 1945.1986084 6040.38476562 3.53492879868
1478185962318 lifecam22 1945.44970703 6039.82226562 3.53508806229
1478185962386 lifecam22 1945.71276855 6039.88232422 3.53630256653
1478185962448 lifecam22 1946.02026367 6039.99169922 3.53930187225
1478185962718 lifecam22 1945.54077148 6039.88427734 3.53608083725
1478185962790 lifecam22 1945.67199707 6039.85546875 3.54006958008
1478185962838 lifecam22 1945.76843262 6039.890625 3.53820419312
1478185962919 lifecam22 1945.63024902 6039.72314453 3.53386354446
1478185962990 lifecam22 1945.89611816 6040.43945312 3.53851985931
1478185963254 lifecam22 1945.49853516 6039.32421875 3.53549909592
1478185963318 lifecam22 1945.42004395 6039.71240234 3.53320455551
1478185963388 lifecam22 1946.07446289 6039.75097656 3.5406498909
1478185963449 lifecam22 1945.69189453 6039.34863281 3.5359826088
1478185963520 lifecam22 1945.94396973 6039.93701172 3.54020929337
