This is pdfTeX, Version 3.1415926-2.5-1.40.14 (TeX Live 2013/Debian) (format=pdflatex 2016.8.20)  30 OCT 2016 13:13
entering extended mode
 restricted \write18 enabled.
 %&-line parsing enabled.
**SEEHomework_Chaitany_Hebbal_Jose_Mayoral_311016.tex
(./SEEHomework_Chaitany_Hebbal_Jose_Mayoral_311016.tex
LaTeX2e <2011/06/27>
Babel <3.9h> and hyphenation patterns for 4 languages loaded.
(/usr/share/texlive/texmf-dist/tex/latex/koma-script/scrartcl.cls
Document Class: scrartcl 2013/12/19 v3.12 KOMA-Script document class (article)
(/usr/share/texlive/texmf-dist/tex/latex/koma-script/scrkbase.sty
Package: scrkbase 2013/12/19 v3.12 KOMA-Script package (KOMA-Script-dependent b
asics and keyval usage)

(/usr/share/texlive/texmf-dist/tex/latex/koma-script/scrbase.sty
Package: scrbase 2013/12/19 v3.12 KOMA-Script package (KOMA-Script-independent 
basics and keyval usage)

(/usr/share/texlive/texmf-dist/tex/latex/graphics/keyval.sty
Package: keyval 1999/03/16 v1.13 key=value parser (DPC)
\KV@toks@=\toks14
)
(/usr/share/texlive/texmf-dist/tex/latex/koma-script/scrlfile.sty
Package: scrlfile 2013/12/19 v3.12 KOMA-Script package (loading files)

Package scrlfile, 2013/12/19 v3.12 KOMA-Script package (loading files)
                  Copyright (C) Markus Kohm

))) (/usr/share/texlive/texmf-dist/tex/latex/koma-script/tocbasic.sty
Package: tocbasic 2013/12/19 v3.12 KOMA-Script package (handling toc-files)
)
Package tocbasic Info: omitting babel extension for `toc'
(tocbasic)             because of feature `nobabel' available
(tocbasic)             for `toc' on input line 115.
Package tocbasic Info: omitting babel extension for `lof'
(tocbasic)             because of feature `nobabel' available
(tocbasic)             for `lof' on input line 116.
Package tocbasic Info: omitting babel extension for `lot'
(tocbasic)             because of feature `nobabel' available
(tocbasic)             for `lot' on input line 117.
Package scrartcl Info: You've used standard option `10pt'.
(scrartcl)             This is correct!
(scrartcl)             Internally I'm using `fontsize=10pt'.
(scrartcl)             If you'd like to set the option with \KOMAoptions,
(scrartcl)             you'd have to use `fontsize=10pt' there
(scrartcl)             instead of `10pt', too.
Class scrartcl Info: File `scrsize10pt.clo' used to setup font sizes on input l
ine 1531.

(/usr/share/texlive/texmf-dist/tex/latex/koma-script/scrsize10pt.clo
File: scrsize10pt.clo 2013/12/19 v3.12 KOMA-Script font size class option (10pt
)
)
(/usr/share/texlive/texmf-dist/tex/latex/koma-script/typearea.sty
Package: typearea 2013/12/19 v3.12 KOMA-Script package (type area)

Package typearea, 2013/12/19 v3.12 KOMA-Script package (type area)
                  Copyright (C) Frank Neukam, 1992-1994
                  Copyright (C) Markus Kohm, 1994-

\ta@bcor=\skip41
\ta@div=\count79
\ta@hblk=\skip42
\ta@vblk=\skip43
\ta@temp=\skip44
\footheight=\skip45
Package typearea Info: These are the values describing the layout:
(typearea)             DIV  = 8
(typearea)             BCOR = 0.0pt
(typearea)             \paperwidth      = 597.50793pt
(typearea)              \textwidth      = 373.44246pt
(typearea)              DIV departure   = -4%
(typearea)              \evensidemargin = 39.76274pt
(typearea)              \oddsidemargin  = 39.76274pt
(typearea)             \paperheight     = 845.04694pt
(typearea)              \textheight     = 538.0pt
(typearea)              \topmargin      = 0.36087pt
(typearea)              \headheight     = 15.0pt
(typearea)              \headsep        = 18.0pt
(typearea)              \topskip        = 10.0pt
(typearea)              \footskip       = 42.0pt
(typearea)              \baselineskip   = 12.0pt
(typearea)              on input line 1330.
)
\c@part=\count80
\c@section=\count81
\c@subsection=\count82
\c@subsubsection=\count83
\c@paragraph=\count84
\c@subparagraph=\count85
\abovecaptionskip=\skip46
\belowcaptionskip=\skip47
\c@pti@nb@sid@b@x=\box26
\c@figure=\count86
\c@table=\count87
\bibindent=\dimen102
) (/usr/share/texlive/texmf-dist/tex/latex/graphics/graphicx.sty
Package: graphicx 1999/02/16 v1.0f Enhanced LaTeX Graphics (DPC,SPQR)

(/usr/share/texlive/texmf-dist/tex/latex/graphics/graphics.sty
Package: graphics 2009/02/05 v1.0o Standard LaTeX Graphics (DPC,SPQR)

(/usr/share/texlive/texmf-dist/tex/latex/graphics/trig.sty
Package: trig 1999/03/16 v1.09 sin cos tan (DPC)
)
(/usr/share/texlive/texmf-dist/tex/latex/latexconfig/graphics.cfg
File: graphics.cfg 2010/04/23 v1.9 graphics configuration of TeX Live
)
Package graphics Info: Driver file: pdftex.def on input line 91.

(/usr/share/texlive/texmf-dist/tex/latex/pdftex-def/pdftex.def
File: pdftex.def 2011/05/27 v0.06d Graphics/color for pdfTeX

(/usr/share/texlive/texmf-dist/tex/generic/oberdiek/infwarerr.sty
Package: infwarerr 2010/04/08 v1.3 Providing info/warning/error messages (HO)
)
(/usr/share/texlive/texmf-dist/tex/generic/oberdiek/ltxcmds.sty
Package: ltxcmds 2011/11/09 v1.22 LaTeX kernel commands for general use (HO)
)
\Gread@gobject=\count88
))
\Gin@req@height=\dimen103
\Gin@req@width=\dimen104
)
(/usr/share/texlive/texmf-dist/tex/latex/caption/subcaption.sty
Package: subcaption 2013/02/03 v1.1-62 Sub-captions (AR)

(/usr/share/texlive/texmf-dist/tex/latex/caption/caption.sty
Package: caption 2013/05/02 v3.3-89 Customizing captions (AR)

(/usr/share/texlive/texmf-dist/tex/latex/caption/caption3.sty
Package: caption3 2013/05/02 v1.6-88 caption3 kernel (AR)
Package caption3 Info: TeX engine: e-TeX on input line 57.
\captionmargin=\dimen105
\captionmargin@=\dimen106
\captionwidth=\dimen107
\caption@tempdima=\dimen108
\caption@indent=\dimen109
\caption@parindent=\dimen110
\caption@hangindent=\dimen111
)
Package caption Info: KOMA-Script document class.
\c@ContinuedFloat=\count89
)
\c@subfigure=\count90
\c@subtable=\count91
)
(/usr/share/texlive/texmf-dist/tex/latex/float/float.sty
Package: float 2001/11/08 v1.3d Float enhancements (AL)
\c@float@type=\count92
\float@exts=\toks15
\float@box=\box27
\@float@everytoks=\toks16
\@floatcapt=\box28
)
(/usr/share/texlive/texmf-dist/tex/latex/hyperref/nameref.sty
Package: nameref 2012/10/27 v2.43 Cross-referencing by name of section

(/usr/share/texlive/texmf-dist/tex/latex/oberdiek/refcount.sty
Package: refcount 2011/10/16 v3.4 Data extraction from label references (HO)
)
(/usr/share/texlive/texmf-dist/tex/generic/oberdiek/gettitlestring.sty
Package: gettitlestring 2010/12/03 v1.4 Cleanup title references (HO)

(/usr/share/texlive/texmf-dist/tex/latex/oberdiek/kvoptions.sty
Package: kvoptions 2011/06/30 v3.11 Key value format for package options (HO)

(/usr/share/texlive/texmf-dist/tex/generic/oberdiek/kvsetkeys.sty
Package: kvsetkeys 2012/04/25 v1.16 Key value parser (HO)

(/usr/share/texlive/texmf-dist/tex/generic/oberdiek/etexcmds.sty
Package: etexcmds 2011/02/16 v1.5 Avoid name clashes with e-TeX commands (HO)

(/usr/share/texlive/texmf-dist/tex/generic/oberdiek/ifluatex.sty
Package: ifluatex 2010/03/01 v1.3 Provides the ifluatex switch (HO)
Package ifluatex Info: LuaTeX not detected.
)
Package etexcmds Info: Could not find \expanded.
(etexcmds)             That can mean that you are not using pdfTeX 1.50 or
(etexcmds)             that some package has redefined \expanded.
(etexcmds)             In the latter case, load this package earlier.
))))
\c@section@level=\count93
LaTeX Info: Redefining \ref on input line 353.
LaTeX Info: Redefining \pageref on input line 353.
)
(/usr/share/texlive/texmf-dist/tex/latex/graphics/color.sty
Package: color 2005/11/14 v1.0j Standard LaTeX Color (DPC)

(/usr/share/texlive/texmf-dist/tex/latex/latexconfig/color.cfg
File: color.cfg 2007/01/18 v1.5 color configuration of teTeX/TeXLive
)
Package color Info: Driver file: pdftex.def on input line 130.
)
(/usr/share/texlive/texmf-dist/tex/latex/soul/soul.sty
Package: soul 2003/11/17 v2.4 letterspacing/underlining (mf)
\SOUL@word=\toks17
\SOUL@lasttoken=\toks18
\SOUL@cmds=\toks19
\SOUL@buffer=\toks20
\SOUL@token=\toks21
\SOUL@spaceskip=\skip48
\SOUL@ttwidth=\dimen112
\SOUL@uldp=\dimen113
\SOUL@ulht=\dimen114
)
(build/SEEHomework_Chaitany_Hebbal_Jose_Mayoral_311016.aux)
\openout1 = `SEEHomework_Chaitany_Hebbal_Jose_Mayoral_311016.aux'.

LaTeX Font Info:    Checking defaults for OML/cmm/m/it on input line 14.
LaTeX Font Info:    ... okay on input line 14.
LaTeX Font Info:    Checking defaults for T1/cmr/m/n on input line 14.
LaTeX Font Info:    ... okay on input line 14.
LaTeX Font Info:    Checking defaults for OT1/cmr/m/n on input line 14.
LaTeX Font Info:    ... okay on input line 14.
LaTeX Font Info:    Checking defaults for OMS/cmsy/m/n on input line 14.
LaTeX Font Info:    ... okay on input line 14.
LaTeX Font Info:    Checking defaults for OMX/cmex/m/n on input line 14.
LaTeX Font Info:    ... okay on input line 14.
LaTeX Font Info:    Checking defaults for U/cmr/m/n on input line 14.
LaTeX Font Info:    ... okay on input line 14.

(/usr/share/texlive/texmf-dist/tex/context/base/supp-pdf.mkii
[Loading MPS to PDF converter (version 2006.09.02).]
\scratchcounter=\count94
\scratchdimen=\dimen115
\scratchbox=\box29
\nofMPsegments=\count95
\nofMParguments=\count96
\everyMPshowfont=\toks22
\MPscratchCnt=\count97
\MPscratchDim=\dimen116
\MPnumerator=\count98
\makeMPintoPDFobject=\count99
\everyMPtoPDFconversion=\toks23
) (/usr/share/texlive/texmf-dist/tex/generic/oberdiek/pdftexcmds.sty
Package: pdftexcmds 2011/11/29 v0.20 Utility functions of pdfTeX for LuaTeX (HO
)

(/usr/share/texlive/texmf-dist/tex/generic/oberdiek/ifpdf.sty
Package: ifpdf 2011/01/30 v2.3 Provides the ifpdf switch (HO)
Package ifpdf Info: pdfTeX in PDF mode is detected.
)
Package pdftexcmds Info: LuaTeX not detected.
Package pdftexcmds Info: \pdf@primitive is available.
Package pdftexcmds Info: \pdf@ifprimitive is available.
Package pdftexcmds Info: \pdfdraftmode found.
)
(/usr/share/texlive/texmf-dist/tex/latex/oberdiek/epstopdf-base.sty
Package: epstopdf-base 2010/02/09 v2.5 Base part for package epstopdf

(/usr/share/texlive/texmf-dist/tex/latex/oberdiek/grfext.sty
Package: grfext 2010/08/19 v1.1 Manage graphics extensions (HO)

(/usr/share/texlive/texmf-dist/tex/generic/oberdiek/kvdefinekeys.sty
Package: kvdefinekeys 2011/04/07 v1.3 Define keys (HO)
))
Package grfext Info: Graphics extension search list:
(grfext)             [.png,.pdf,.jpg,.mps,.jpeg,.jbig2,.jb2,.PNG,.PDF,.JPG,.JPE
G,.JBIG2,.JB2,.eps]
(grfext)             \AppendGraphicsExtensions on input line 452.

(/usr/share/texlive/texmf-dist/tex/latex/latexconfig/epstopdf-sys.cfg
File: epstopdf-sys.cfg 2010/07/13 v1.3 Configuration of (r)epstopdf for TeX Liv
e
))
Package caption Info: Begin \AtBeginDocument code.
Package caption Info: float package is loaded.
Package caption Info: End \AtBeginDocument code.
LaTeX Font Info:    External font `cmex10' loaded for size
(Font)              <14.4> on input line 16.
LaTeX Font Info:    External font `cmex10' loaded for size
(Font)              <7> on input line 16.

<images/robot_1.jpg, id=1, 4175.6pt x 2344.76pt>
File: images/robot_1.jpg Graphic file (type jpg)
 <use images/robot_1.jpg>
Package pdftex.def Info: images/robot_1.jpg used on input line 62.
(pdftex.def)             Requested size: 182.98885pt x 102.75473pt.

<images/robot_2.jpg, id=2, 4175.6pt x 2344.76pt>
File: images/robot_2.jpg Graphic file (type jpg)
 <use images/robot_2.jpg>
Package pdftex.def Info: images/robot_2.jpg used on input line 63.
(pdftex.def)             Requested size: 182.98885pt x 102.75473pt.

[1




{/var/lib/texmf/fonts/map/pdftex/updmap/pdftex.map}]
LaTeX Font Info:    External font `cmex10' loaded for size
(Font)              <5> on input line 67.

Underfull \hbox (badness 10000) in paragraph at lines 75--76

 []

<images/exp1.jpg, id=13, 1061.9675pt x 796.9775pt>
File: images/exp1.jpg Graphic file (type jpg)
 <use images/exp1.jpg>
Package pdftex.def Info: images/exp1.jpg used on input line 81.
(pdftex.def)             Requested size: 266.2986pt x 278.94629pt.


LaTeX Warning: `!h' float specifier changed to `!ht'.

LaTeX Font Info:    Try loading font information for OMS+cmr on input line 87.
(/usr/share/texlive/texmf-dist/tex/latex/base/omscmr.fd
File: omscmr.fd 1999/05/25 v2.5h Standard LaTeX font definitions
)
LaTeX Font Info:    Font shape `OMS/cmr/m/n' in size <10> not available
(Font)              Font shape `OMS/cmsy/m/n' tried instead on input line 87.
 [2 <./images/robot_1.jpg> <./images/robot_2.jpg>] <images/marker_1.jpg, id=20,
 1284.8pt x 722.7pt>
File: images/marker_1.jpg Graphic file (type jpg)

<use images/marker_1.jpg>
Package pdftex.def Info: images/marker_1.jpg used on input line 116.
(pdftex.def)             Requested size: 182.98885pt x 102.93068pt.
 <images/marker_2.jpg, id=21, 1284.8pt x 722.7pt>
File: images/marker_2.jpg Graphic file (type jpg)

<use images/marker_2.jpg>
Package pdftex.def Info: images/marker_2.jpg used on input line 117.
(pdftex.def)             Requested size: 182.98885pt x 102.93068pt.


LaTeX Warning: `!h' float specifier changed to `!ht'.

[3 <./images/exp1.jpg>] <images/measurements.jpg, id=26, 1284.8pt x 722.7pt>
File: images/measurements.jpg Graphic file (type jpg)

<use images/measurements.jpg>
Package pdftex.def Info: images/measurements.jpg used on input line 138.
(pdftex.def)             Requested size: 313.16397pt x 108.40263pt.
 <images/print.jpg, id=28, 1284.8pt x 722.7pt>
File: images/print.jpg Graphic file (type jpg)

<use images/print.jpg>
Package pdftex.def Info: images/print.jpg used on input line 147.
(pdftex.def)             Requested size: 261.98047pt x 216.81166pt.


LaTeX Warning: `!h' float specifier changed to `!ht'.

[4 <./images/measurements.jpg> <./images/marker_1.jpg> <./images/marker_2.jpg>]
[5 <./images/print.jpg>]
Underfull \hbox (badness 10000) in paragraph at lines 180--181

 []


Underfull \hbox (badness 10000) in paragraph at lines 186--187

 []

<images/exp2.jpg, id=39, 1061.9675pt x 796.9775pt>
File: images/exp2.jpg Graphic file (type jpg)
 <use images/exp2.jpg>
Package pdftex.def Info: images/exp2.jpg used on input line 200.
(pdftex.def)             Requested size: 301.43047pt x 278.94629pt.


LaTeX Warning: `!h' float specifier changed to `!ht'.

[6] [7 <./images/exp2.jpg>]
<images/settings2.jpg, id=47, 4175.6pt x 2344.76pt>
File: images/settings2.jpg Graphic file (type jpg)
 <use images/settings2.jpg>
Package pdftex.def Info: images/settings2.jpg used on input line 225.
(pdftex.def)             Requested size: 397.50824pt x 234.48973pt.

Overfull \hbox (24.06578pt too wide) in paragraph at lines 225--226
 [][] 
 []

<images/settings3.jpg, id=48, 4175.6pt x 2344.76pt>
File: images/settings3.jpg Graphic file (type jpg)
 <use images/settings3.jpg>
Package pdftex.def Info: images/settings3.jpg used on input line 234.
(pdftex.def)             Requested size: 397.50824pt x 234.48973pt.

Overfull \hbox (24.06578pt too wide) in paragraph at lines 234--235
 [][] 
 []


LaTeX Warning: `!h' float specifier changed to `!ht'.

<images/settings4.jpg, id=49, 4175.6pt x 2344.76pt>
File: images/settings4.jpg Graphic file (type jpg)
 <use images/settings4.jpg>
Package pdftex.def Info: images/settings4.jpg used on input line 243.
(pdftex.def)             Requested size: 347.31767pt x 179.2801pt.


LaTeX Warning: `!h' float specifier changed to `!ht'.


LaTeX Warning: `!h' float specifier changed to `!ht'.


Underfull \hbox (badness 10000) in paragraph at lines 281--282

 []

[8 <./images/settings2.jpg>] [9 <./images/settings4.jpg> <./images/settings3.jp
g>]
Underfull \hbox (badness 10000) in paragraph at lines 291--292

 []


Underfull \hbox (badness 10000) in paragraph at lines 294--295

 []

<images/robot_pose_new_modified.png, id=61, 1175.1102pt x 615.7404pt>
File: images/robot_pose_new_modified.png Graphic file (type png)

<use images/robot_pose_new_modified.png>
Package pdftex.def Info: images/robot_pose_new_modified.png used on input line 
300.
(pdftex.def)             Requested size: -1987.91617pt x 431.01534pt.
 [10]
<images/pca_straight_linear_data.png, id=67, 578.16pt x 433.62pt>
File: images/pca_straight_linear_data.png Graphic file (type png)

<use images/pca_straight_linear_data.png>
Package pdftex.def Info: images/pca_straight_linear_data.png used on input line
 315.
(pdftex.def)             Requested size: 182.98885pt x 137.23944pt.

<images/pca_straight_angular_data.png, id=68, 578.16pt x 433.62pt>
File: images/pca_straight_angular_data.png Graphic file (type png)

<use images/pca_straight_angular_data.png>
Package pdftex.def Info: images/pca_straight_angular_data.png used on input lin
e 316.
(pdftex.def)             Requested size: 182.98885pt x 137.23944pt.
 [11 <./images/robot_pose_new_modified.png>] <images/pca_slight_right_linear_da
ta.png, id=73, 578.16pt x 433.62pt>
File: images/pca_slight_right_linear_data.png Graphic file (type png)

<use images/pca_slight_right_linear_data.png>
Package pdftex.def Info: images/pca_slight_right_linear_data.png used on input 
line 323.
(pdftex.def)             Requested size: 182.98885pt x 137.23944pt.

<images/pca_slight_right_angular_data.png, id=74, 578.16pt x 433.62pt>
File: images/pca_slight_right_angular_data.png Graphic file (type png)

<use images/pca_slight_right_angular_data.png>
Package pdftex.def Info: images/pca_slight_right_angular_data.png used on input
 line 324.
(pdftex.def)             Requested size: 182.98885pt x 137.23944pt.

<images/pca_slight_left_linear_data.png, id=75, 578.16pt x 433.62pt>
File: images/pca_slight_left_linear_data.png Graphic file (type png)

<use images/pca_slight_left_linear_data.png>
Package pdftex.def Info: images/pca_slight_left_linear_data.png used on input l
ine 331.
(pdftex.def)             Requested size: 182.98885pt x 137.23944pt.

<images/pca_slight_left_angular_data.png, id=76, 578.16pt x 433.62pt>
File: images/pca_slight_left_angular_data.png Graphic file (type png)

<use images/pca_slight_left_angular_data.png>
Package pdftex.def Info: images/pca_slight_left_angular_data.png used on input 
line 332.
(pdftex.def)             Requested size: 182.98885pt x 137.23944pt.

<images/pca_steep_right_linear_data.png, id=77, 578.16pt x 433.62pt>
File: images/pca_steep_right_linear_data.png Graphic file (type png)

<use images/pca_steep_right_linear_data.png>
Package pdftex.def Info: images/pca_steep_right_linear_data.png used on input l
ine 339.
(pdftex.def)             Requested size: 182.98885pt x 137.23944pt.

<images/pca_steep_right_angular_data.png, id=78, 578.16pt x 433.62pt>
File: images/pca_steep_right_angular_data.png Graphic file (type png)

<use images/pca_steep_right_angular_data.png>
Package pdftex.def Info: images/pca_steep_right_angular_data.png used on input 
line 340.
(pdftex.def)             Requested size: 182.98885pt x 137.23944pt.
 [12 <./images/pca_straight_linear_data.png> <./images/pca_straight_angular_dat
a.png> <./images/pca_slight_right_linear_data.png> <./images/pca_slight_right_a
ngular_data.png> <./images/pca_slight_left_linear_data.png> <./images/pca_sligh
t_left_angular_data.png>]
<images/pca_steep_left_linear_data.png, id=88, 578.16pt x 433.62pt>
File: images/pca_steep_left_linear_data.png Graphic file (type png)

<use images/pca_steep_left_linear_data.png>
Package pdftex.def Info: images/pca_steep_left_linear_data.png used on input li
ne 347.
(pdftex.def)             Requested size: 182.98885pt x 137.23944pt.

<images/pca_steep_left_angular_data.png, id=89, 578.16pt x 433.62pt>
File: images/pca_steep_left_angular_data.png Graphic file (type png)

<use images/pca_steep_left_angular_data.png>
Package pdftex.def Info: images/pca_steep_left_angular_data.png used on input l
ine 348.
(pdftex.def)             Requested size: 182.98885pt x 137.23944pt.
 [13 <./images/pca_steep_right_linear_data.png> <./images/pca_steep_right_angul
ar_data.png> <./images/pca_steep_left_linear_data.png> <./images/pca_steep_left
_angular_data.png>]
(build/SEEHomework_Chaitany_Hebbal_Jose_Mayoral_311016.aux) ) 
Here is how much of TeX's memory you used:
 4391 strings out of 494985
 73041 string characters out of 6180356
 175785 words of memory out of 5000000
 7546 multiletter control sequences out of 15000+600000
 7594 words of font info for 27 fonts, out of 8000000 for 9000
 36 hyphenation exceptions out of 8191
 54i,9n,52p,423b,321s stack positions out of 5000i,500n,10000p,200000b,80000s
</usr/share/texliv
e/texmf-dist/fonts/type1/public/amsfonts/cm/cmbx10.pfb></usr/share/texlive/texm
f-dist/fonts/type1/public/amsfonts/cm/cmex10.pfb></usr/share/texlive/texmf-dist
/fonts/type1/public/amsfonts/cm/cmmi10.pfb></usr/share/texlive/texmf-dist/fonts
/type1/public/amsfonts/cm/cmmi7.pfb></usr/share/texlive/texmf-dist/fonts/type1/
public/amsfonts/cm/cmr10.pfb></usr/share/texlive/texmf-dist/fonts/type1/public/
amsfonts/cm/cmr12.pfb></usr/share/texlive/texmf-dist/fonts/type1/public/amsfont
s/cm/cmr7.pfb></usr/share/texlive/texmf-dist/fonts/type1/public/amsfonts/cm/cmr
9.pfb></usr/share/texlive/texmf-dist/fonts/type1/public/amsfonts/cm/cmssbx10.pf
b></usr/share/texlive/texmf-dist/fonts/type1/public/amsfonts/cm/cmsy10.pfb></us
r/share/texlive/texmf-dist/fonts/type1/public/amsfonts/cm/cmsy7.pfb></usr/share
/texlive/texmf-dist/fonts/type1/public/amsfonts/cm/cmti10.pfb>
Output written on build/SEEHomework_Chaitany_Hebbal_Jose_Mayoral_311016.pdf (13
 pages, 12157218 bytes).
PDF statistics:
 137 PDF objects out of 1000 (max. 8388607)
 72 compressed objects within 1 object stream
 0 named destinations out of 1000 (max. 500000)
 135 words of extra memory for PDF output out of 10000 (max. 10000000)

