1478878766293 lifecam22 3192.03295898 5859.234375 4.60364294052
1478878766427 lifecam22 3191.44873047 5859.02246094 4.59991264343
1478878766487 lifecam22 3191.47949219 5859.33007812 4.60400295258
1478878766559 lifecam22 3191.50683594 5859.56640625 4.6051735878
1478878766628 lifecam22 3192.26538086 5859.28857422 4.60440397263
1478878766696 lifecam22 3192.42407227 5859.00830078 4.60331964493
1478878766831 lifecam22 3192.4140625 5859.12792969 4.603120327
1478878766887 lifecam22 3192.6015625 5858.74365234 4.60112476349
1478878766955 lifecam22 3192.6315918 5859.03222656 4.6025094986
1478878767025 lifecam22 3191.92138672 5859.18652344 4.60308265686
1478878767094 lifecam22 3192.6171875 5858.89257812 4.60249662399
1478878767289 lifecam22 3192.6315918 5859.03222656 4.6025094986
1478878767363 lifecam22 3192.56274414 5858.86425781 4.60090398788
1478878767428 lifecam22 3192.56274414 5858.86425781 4.60090398788
1478878767495 lifecam22 3192.6315918 5859.03222656 4.6025094986
1478878767562 lifecam22 3193.06982422 5858.85888672 4.60144424438
1478878767691 lifecam22 3192.91381836 5858.89160156 4.59887456894
1478878767762 lifecam22 3192.30810547 5858.68505859 4.59628582001
1478878767828 lifecam22 3192.91577148 5858.98046875 4.60121250153
1478878767891 lifecam22 3192.6171875 5858.89257812 4.60249662399
1478878767961 lifecam22 3191.35205078 5859.31982422 4.60399055481
1478878768036 lifecam22 3192.15429688 5859.1640625 4.60352373123
1478878768099 lifecam22 3190.17236328 5860.48632812 4.61046361923
1478878768157 lifecam22 3182.04321289 5863.56689453 4.63106584549
1478878768222 lifecam22 3179.27099609 5864.3671875 4.63950538635
1478878768294 lifecam22 3173.4597168 5865.60449219 4.64367771149
1478878768431 lifecam22 3168.04785156 5872.23779297 4.6873960495
1478878768496 lifecam22 3162.69311523 5874.28222656 4.70074319839
1478878768562 lifecam22 3156.546875 5874.62158203 4.70376253128
1478878768629 lifecam22 3153.15185547 5876.62841797 4.72426939011
1478878768703 lifecam22 3148.68798828 5878.29638672 4.74089288712
1478878768824 lifecam22 3140.51953125 5884.17529297 4.78304052353
1478878768901 lifecam22 3136.20751953 5887.14892578 4.80820941925
1478878768964 lifecam22 3131.41552734 5887.8203125 4.81288385391
1478878769030 lifecam22 3127.8059082 5890.86621094 4.84317302704
1478878769096 lifecam22 3124.67236328 5892.90966797 4.86041641235
1478878769233 lifecam22 3114.19262695 5894.62646484 4.88294744492
1478878769298 lifecam22 3109.58862305 5896.90283203 4.90792989731
1478878769365 lifecam22 3105.66430664 5898.05761719 4.92002487183
1478878769432 lifecam22 3101.01733398 5898.57373047 4.9348897934
1478878769496 lifecam22 3095.86328125 5900.96240234 4.95750522614
1478878769632 lifecam22 3087.30078125 5901.74072266 4.9830622673
1478878769702 lifecam22 3082.63378906 5902.94482422 5.00060176849
1478878769758 lifecam22 3078.85498047 5904.52929688 5.02329015732
1478878769827 lifecam22 3073.66503906 5904.85302734 5.03590917587
1478878769893 lifecam22 3069.48681641 5904.20654297 5.0445022583
1478878770033 lifecam22 3060.41235352 5906.32714844 5.08027744293
1478878770100 lifecam22 3055.05053711 5906.36962891 5.0945854187
1478878770154 lifecam22 3050.89599609 5907.37792969 5.11293840408
1478878770233 lifecam22 3046.21508789 5906.90429688 5.12706279755
1478878770299 lifecam22 3041.63647461 5910.00830078 5.15898942947
1478878770436 lifecam22 3032.09448242 5909.52978516 5.18503856659
1478878770501 lifecam22 3027.53491211 5909.30517578 5.19806194305
1478878770568 lifecam22 3023.25097656 5909.74658203 5.21808004379
1478878770633 lifecam22 3018.13818359 5909.078125 5.23004674911
1478878770692 lifecam22 3013.35986328 5910.55126953 5.25590705872
1478878770830 lifecam22 3003.89038086 5909.33105469 5.2846159935
1478878770903 lifecam22 2999.49560547 5907.33447266 5.29411506653
1478878770968 lifecam22 2995.4609375 5907.66748047 5.31420040131
1478878771035 lifecam22 2990.13037109 5907.03320312 5.32738447189
1478878771103 lifecam22 2984.92822266 5905.29443359 5.34288454056
1478878771172 lifecam22 2980.18945312 5905.97949219 5.3634314537
1478878771236 lifecam22 2975.29492188 5904.18701172 5.38015937805
1478878771303 lifecam22 2971.25146484 5905.1640625 5.40044355392
1478878771372 lifecam22 2966.54272461 5903.02197266 5.41514778137
1478878771436 lifecam22 2961.51269531 5903.2109375 5.43627595901
1478878771576 lifecam22 2952.21728516 5900.53417969 5.4698009491
1478878771637 lifecam22 2949.14428711 5900.00878906 5.48665857315
1478878771698 lifecam22 2943.57275391 5897.08251953 5.49872684479
1478878771762 lifecam22 2940.39233398 5897.18994141 5.51972007751
1478878771833 lifecam22 2935.44287109 5896.43603516 5.54587173462
1478878772030 lifecam22 2921.29516602 5892.25683594 5.59429931641
1478878772097 lifecam22 2918.34301758 5888.24072266 5.59914541245
1478878772166 lifecam22 2912.99511719 5888.02294922 5.62602138519
1478878772236 lifecam22 2909.0637207 5886.10791016 5.63872337341
1478878772296 lifecam22 2904.38354492 5883.21435547 5.65114831924
1478878772431 lifecam22 2895.58227539 5879.77929688 5.69094419479
1478878772497 lifecam22 2890.91430664 5878.42089844 5.710293293
1478878772561 lifecam22 2887.67407227 5876.36425781 5.7288775444
1478878772631 lifecam22 2883.08886719 5874.08349609 5.74617195129
1478878772696 lifecam22 2878.67602539 5871.59960938 5.76274824142
1478878772777 lifecam22 2874.92773438 5868.54833984 5.773832798
1478878772840 lifecam22 2870.3894043 5865.85693359 5.79137897491
1478878772911 lifecam22 2866.44946289 5864.02929688 5.81223678589
1478878772966 lifecam22 2862.546875 5860.37695312 5.82418632507
1478878773039 lifecam22 2858.68261719 5857.88378906 5.84371709824
1478878773171 lifecam22 2851.375 5851.14794922 5.87025642395
1478878773238 lifecam22 2847.34814453 5849.25488281 5.88755559921
1478878773367 lifecam22 2840.84790039 5843.68847656 5.9209356308
1478878773429 lifecam22 2836.37426758 5840.30175781 5.94117975235
1478878773568 lifecam22 2829.93115234 5833.67724609 5.96936368942
1478878773630 lifecam22 2826.82958984 5828.54833984 5.98510742188
1478878773711 lifecam22 2822.62084961 5827.16503906 6.00719070435
1478878773775 lifecam22 2819.30151367 5823.13671875 6.02301645279
1478878773835 lifecam22 2815.61962891 5820.76806641 6.04402351379
1478878773973 lifecam22 2809.71386719 5813.18212891 6.07354688644
1478878774042 lifecam22 2806.83422852 5809.02197266 6.09025001526
1478878774105 lifecam22 2802.78076172 5806.35693359 6.11086368561
1478878774174 lifecam22 2800.50634766 5802.69677734 6.12614965439
1478878774241 lifecam22 2797.39477539 5797.90722656 6.14193296432
1478878774374 lifecam22 2792.87792969 5789.52929688 6.16739368439
1478878774440 lifecam22 2788.99414062 5786.60498047 6.189204216
1478878774505 lifecam22 1345.71850586 5536.94091797 1.67793667316
1478878774571 lifecam22 2784.7019043 5778.12548828 6.21720409393
1478878774641 lifecam22 2782.81933594 5772.33398438 6.22649097443
1478878774709 lifecam22 2778.07910156 5772.53417969 6.26223468781
1478878774765 lifecam22 2778.10888672 5765.44482422 6.26021003723
1478878774843 lifecam22 2775.08374023 5760.18261719 6.2745513916
1478878774910 lifecam22 2771.20288086 5759.77734375 0.0366249717772
1478878774976 lifecam22 2768.359375 5754.87890625 0.056289140135
1478878775111 lifecam22 2764.70068359 5746.34326172 0.0837561413646
1478878775171 lifecam22 2763.9934082 5741.48388672 0.0891118645668
1478878775243 lifecam22 2763.23974609 5735.41455078 0.0954386740923
1478878775311 lifecam22 2763.54638672 5735.17578125 0.0954231619835
1478878775375 lifecam22 2764.61914062 5735.15429688 0.0868707373738
1478878775505 lifecam22 2764.12329102 5735.30712891 0.0899636149406
1478878775573 lifecam22 2764.09057617 5734.96240234 0.0905690863729
1478878775641 lifecam22 2764.53198242 5734.94580078 0.087786488235
1478878775708 lifecam22 2764.53198242 5734.94580078 0.087786488235
1478878775768 lifecam22 2763.80639648 5735.17236328 0.0916995480657
1478878775907 lifecam22 2764.03979492 5735.11035156 0.0909326672554
1478878775977 lifecam22 2764.16625977 5735.13183594 0.0897751450539
1478878776040 lifecam22 2764.03979492 5735.11035156 0.0909326672554
1478878776107 lifecam22 2764.21557617 5734.98876953 0.0894184857607
1478878776175 lifecam22 2764.16625977 5735.13183594 0.0897751450539
1478878776309 lifecam22 2764.53198242 5734.94580078 0.087786488235
