1478878688301 lifecam22 3189.10766602 5858.49658203 4.59434270859
1478878688368 lifecam22 3188.85424805 5858.10595703 4.59428358078
1478878688439 lifecam22 3189.08398438 5857.81835938 4.59326601028
1478878688505 lifecam22 3189.49536133 5858.46337891 4.59593343735
1478878688570 lifecam22 3189.54907227 5858.25292969 4.5953168869
1478878688705 lifecam22 3190.96923828 5857.67382812 4.59352302551
1478878688775 lifecam22 3189.02075195 5857.64355469 4.59026527405
1478878688842 lifecam22 3189.65893555 5857.640625 4.59106063843
1478878688909 lifecam22 3190.94897461 5857.66113281 4.59221363068
1478878688974 lifecam22 3190.50244141 5857.7578125 4.59369516373
1478878689178 lifecam22 3190.45556641 5857.8359375 4.59314489365
1478878689239 lifecam22 3190.94897461 5857.66113281 4.59221363068
1478878689298 lifecam22 3190.96923828 5857.67382812 4.59352302551
1478878689373 lifecam22 3191.10058594 5858.02832031 4.59447288513
1478878689439 lifecam22 3190.64794922 5857.46777344 4.58972024918
1478878689579 lifecam22 3190.71850586 5858.71240234 4.59626817703
1478878689642 lifecam22 3190.39941406 5858.76416016 4.5935587883
1478878689709 lifecam22 3191.3046875 5858.63232422 4.59499788284
1478878689779 lifecam22 3191.61914062 5858.88623047 4.5988817215
1478878689842 lifecam22 3191.41162109 5858.71191406 4.59464025497
1478878690044 lifecam22 3189.03125 5858.51123047 4.59321737289
1478878690106 lifecam22 3188.51098633 5859.98242188 4.60393762589
1478878690174 lifecam22 3179.50439453 5860.36328125 4.60389471054
1478878690241 lifecam22 3177.78100586 5865.55810547 4.63344812393
1478878690307 lifecam22 3172.19677734 5865.94580078 4.63483810425
1478878690449 lifecam22 3163.21777344 5869.65673828 4.6608338356
1478878690505 lifecam22 3161.80737305 5873.82714844 4.69417476654
1478878690577 lifecam22 3156.32421875 5874.62890625 4.70175600052
1478878690642 lifecam22 3149.47485352 5874.63964844 4.70311594009
1478878690708 lifecam22 3147.19775391 5877.37939453 4.72867059708
1478878690908 lifecam22 3134.49755859 5884.94238281 4.78340625763
1478878690979 lifecam22 3129.41748047 5886.29199219 4.79250621796
1478878691042 lifecam22 3124.36450195 5887.75390625 4.80797338486
1478878691110 lifecam22 3120.08740234 5890.29394531 4.83124446869
1478878691174 lifecam22 3117.77124023 5893.06787109 4.85660648346
1478878691316 lifecam22 3107.95043945 5896.45703125 4.88574934006
1478878691375 lifecam22 3103.1730957 5897.00292969 4.90280866623
1478878691441 lifecam22 3099.3190918 5899.39550781 4.92211484909
1478878691510 lifecam22 3093.99511719 5899.31298828 4.93137454987
1478878691576 lifecam22 3088.85498047 5900.44775391 4.94789218903
1478878691781 lifecam22 3076.61010742 5903.79199219 4.99829959869
1478878691843 lifecam22 3071.20678711 5903.91699219 5.01211977005
1478878691903 lifecam22 3066.43505859 5905.96191406 5.03713274002
1478878691978 lifecam22 3062.25146484 5905.65332031 5.0442404747
1478878692041 lifecam22 3057.35400391 5907.42089844 5.06435823441
1478878692174 lifecam22 3047.63647461 5908.24804688 5.09540510178
1478878692301 lifecam22 3038.62573242 5908.59716797 5.12652635574
1478878692378 lifecam22 3035.23339844 5909.83544922 5.14561414719
1478878692441 lifecam22 3030.13378906 5908.40527344 5.15419626236
1478878692649 lifecam22 3016.21899414 5910.54785156 5.21264123917
1478878692713 lifecam22 3011.64892578 5910.64404297 5.2314157486
1478878692783 lifecam22 3006.72949219 5909.55224609 5.2411942482
1478878692842 lifecam22 3002.04760742 5910.29882812 5.26296186447
1478878692908 lifecam22 2997.05102539 5909.76660156 5.27789926529
1478878693112 lifecam22 2983.36499023 5907.43603516 5.32130241394
1478878693176 lifecam22 2978.54443359 5907.32910156 5.34282684326
1478878693246 lifecam22 2973.55175781 5907.12890625 5.36106538773
1478878693314 lifecam22 2968.72705078 5904.68310547 5.37271595001
1478878693380 lifecam22 2963.81176758 5905.63232422 5.39450025558
1478878693513 lifecam22 2955.02587891 5903.80908203 5.42970705032
1478878693579 lifecam22 2950.32080078 5902.01025391 5.44372797012
1478878693645 lifecam22 2945.69335938 5900.55908203 5.4579949379
1478878693706 lifecam22 2938.12084961 5898.64111328 5.48390340805
1478878693781 lifecam22 2936.49194336 5899.00244141 5.49774169922
1478878693986 lifecam22 2922.78149414 5895.87646484 5.55711603165
1478878694047 lifecam22 2919.36352539 5895.51220703 5.57757472992
1478878694113 lifecam22 2913.93701172 5893.52050781 5.59765625
1478878694182 lifecam22 2911.07128906 5890.54003906 5.6016459465
1478878694249 lifecam22 2905.95849609 5887.91113281 5.61545133591
1478878694449 lifecam22 2893.33813477 5882.10839844 5.66144418716
1478878694515 lifecam22 2889.43164062 5880.45263672 5.68421936035
1478878694582 lifecam22 2884.36254883 5879.79492188 5.70548868179
1478878694647 lifecam22 2880.82885742 5876.73632812 5.72107410431
1478878694716 lifecam22 2875.86132812 5874.28759766 5.73528051376
1478878694852 lifecam22 2868.58789062 5869.5390625 5.77096939087
1478878694911 lifecam22 2863.74365234 5868.46777344 5.79602766037
1478878694982 lifecam22 2859.97753906 5864.67822266 5.80439138412
1478878695049 lifecam22 2855.5 5862.22363281 5.8231306076
1478878695115 lifecam22 2851.7121582 5859.3828125 5.83741760254
1478878695380 lifecam22 2837.00805664 5847.36523438 5.90170240402
1478878695441 lifecam22 2831.99731445 5844.77929688 5.92303562164
1478878695515 lifecam22 2829.12548828 5841.10888672 5.9381570816
1478878695581 lifecam22 2824.828125 5838.18310547 5.95738887787
1478878695721 lifecam22 2818.9909668 5830.93652344 5.98574876785
1478878695789 lifecam22 2814.62548828 5828.41259766 6.00331926346
1478878695852 lifecam22 2813.03027344 5823.88525391 6.01708364487
1478878695918 lifecam22 2808.46875 5821.62988281 6.03673839569
1478878695985 lifecam22 2806.51000977 5816.88525391 6.04576969147
1478878696188 lifecam22 2796.69995117 5807.16650391 6.10401248932
1478878696244 lifecam22 2793.31518555 5803.78613281 6.11880254745
1478878696308 lifecam22 2790.75537109 5799.79541016 6.13706636429
1478878696383 lifecam22 2786.8059082 5796.40087891 6.15845108032
1478878696449 lifecam22 2784.82592773 5791.82958984 6.16957139969
1478878696586 lifecam22 2779.05517578 5784.08789062 6.20625019073
1478878696652 lifecam22 2776.91650391 5778.93066406 6.21695232391
1478878696720 lifecam22 2773.26831055 5777.54003906 6.24597072601
1478878696787 lifecam22 2771.02172852 5772.10791016 6.25845956802
1478878696852 lifecam22 2770.49023438 5765.39208984 6.26098680496
1478878697055 lifecam22 2762.03417969 5754.62841797 0.0305816587061
1478878697119 lifecam22 2758.56542969 5751.55859375 0.0585420764983
1478878697179 lifecam22 2756.26538086 5747.86132812 0.0815634131432
1478878697251 lifecam22 2755.33105469 5742.47021484 0.0879969000816
1478878697318 lifecam22 2755.47729492 5742.24853516 0.0907955765724
1478878697455 lifecam22 2755.41650391 5742.02880859 0.0875849127769
1478878697520 lifecam22 2755.32128906 5742.62353516 0.0893831923604
1478878697586 lifecam22 2755.30664062 5742.79638672 0.0893979668617
1478878697655 lifecam22 2755.34643555 5742.58203125 0.0889843255281
1478878697718 lifecam22 2755.27490234 5742.66845703 0.0898253470659
1478878697912 lifecam22 2755.32128906 5742.62353516 0.0893831923604
