1478878860303 lifecam22 3189.36645508 5856.02050781 4.57851696014
1478878860376 lifecam22 3191.49316406 5856.5234375 4.58889722824
1478878860439 lifecam22 3191.31518555 5855.61279297 4.58434295654
1478878860509 lifecam22 3191.10253906 5855.59667969 4.58380699158
1478878860575 lifecam22 3191.51757812 5856.03417969 4.58584690094
1478878860627 lifecam22 3191.93798828 5856.20947266 4.5880818367
1478878860836 lifecam22 3191.70263672 5856.16503906 4.58735895157
1478878860909 lifecam22 3192.15771484 5856.38916016 4.58986520767
1478878860971 lifecam22 3191.51342773 5856.13916016 4.58561944962
1478878861039 lifecam22 3191.84155273 5856.00048828 4.5874209404
1478878861106 lifecam22 3191.62109375 5855.72705078 4.5857219696
1478878861242 lifecam22 3191.26953125 5856.10791016 4.58349180222
1478878861307 lifecam22 3191.58642578 5856.08642578 4.58374786377
1478878861373 lifecam22 3192.62353516 5856.97558594 4.58833742142
1478878861442 lifecam22 3191.83740234 5856.78662109 4.58407115936
1478878861506 lifecam22 3192.13354492 5856.58789062 4.58315849304
1478878861650 lifecam22 3191.5300293 5855.24169922 4.5803103447
1478878861708 lifecam22 3191.12329102 5856.26269531 4.58496999741
1478878861777 lifecam22 3191.07885742 5855.5703125 4.58361911774
1478878861841 lifecam22 3187.05908203 5857.8828125 4.59253406525
1478878861909 lifecam22 3179.25390625 5859.6796875 4.60238265991
1478878862039 lifecam22 3172.89501953 5864.12451172 4.63382387161
1478878862108 lifecam22 3166.05175781 5865.10107422 4.64238262177
1478878862174 lifecam22 3165.15014648 5867.98242188 4.66529083252
1478878862235 lifecam22 3161.1706543 5872.09912109 4.68714570999
1478878862303 lifecam22 3156.21557617 5874.27294922 4.70077800751
1478878862435 lifecam22 3146.25683594 5877.57324219 4.72644042969
1478878862501 lifecam22 3143.16333008 5879.34521484 4.74532556534
1478878862568 lifecam22 3138.86083984 5883.3828125 4.76918458939
1478878862633 lifecam22 3134.17895508 5884.93066406 4.78305673599
1478878862704 lifecam22 3130.52319336 5886.59082031 4.79758405685
1478878862837 lifecam22 3122.09448242 5889.37060547 4.8329911232
1478878862907 lifecam22 3117.39526367 5892.265625 4.85232925415
1478878862978 lifecam22 3112.4621582 5891.52441406 4.85679864883
1478878863041 lifecam22 3107.86206055 5894.72509766 4.87915468216
1478878863109 lifecam22 3104.03417969 5895.21875 4.89676094055
1478878863241 lifecam22 3094.64111328 5898.11279297 4.92609500885
1478878863311 lifecam22 3089.69897461 5898.47119141 4.94042682648
1478878863377 lifecam22 3086.00561523 5901.52441406 4.96559762955
1478878863499 lifecam22 3076.8449707 5903.41015625 4.99798488617
1478878863570 lifecam22 3072.02978516 5904.24462891 5.01385402679
1478878863644 lifecam22 3067.64379883 5905.14257812 5.03189516068
1478878863698 lifecam22 3063.16088867 5906.15966797 5.04807090759
1478878863765 lifecam22 3058.77709961 5906.77441406 5.06618118286
1478878863841 lifecam22 3053.58032227 5906.31738281 5.07844877243
1478878863914 lifecam22 3048.90185547 5906.59423828 5.09209299088
1478878864042 lifecam22 3040.03466797 5907.59521484 5.12618732452
1478878864101 lifecam22 3035.13183594 5909.09130859 5.14458227158
1478878864177 lifecam22 3030.34423828 5907.82910156 5.15754795074
1478878864237 lifecam22 3025.60058594 5910.19042969 5.18294525146
1478878864310 lifecam22 3021.01489258 5908.58984375 5.19258546829
1478878864385 lifecam22 3017.02490234 5909.49267578 5.21193313599
1478878864448 lifecam22 3011.53027344 5908.99853516 5.22425031662
1478878864512 lifecam22 3007.04956055 5909.11523438 5.24413490295
1478878864578 lifecam22 3003.00244141 5909.73681641 5.26219940186
1478878864647 lifecam22 2998.16845703 5907.86474609 5.27744436264
1478878864849 lifecam22 2984.08374023 5906.92724609 5.32221698761
1478878864911 lifecam22 2979.4309082 5906.35400391 5.34311199188
1478878864979 lifecam22 2974.22607422 5905.83447266 5.35726499557
1478878865045 lifecam22 2969.29736328 5905.22949219 5.37731552124
1478878865112 lifecam22 2965.23535156 5904.046875 5.38961076736
1478878865251 lifecam22 2955.73974609 5902.75683594 5.42743253708
1478878865316 lifecam22 2951.17529297 5903.00341797 5.45331096649
1478878865380 lifecam22 2947.15673828 5900.95019531 5.4672036171
1478878865447 lifecam22 2941.45751953 5901.14111328 5.48959445953
1478878865513 lifecam22 2938.06518555 5898.70263672 5.49853467941
1478878865713 lifecam22 2925.06298828 5894.51513672 5.5522236824
1478878865777 lifecam22 2920.03564453 5894.29980469 5.5744805336
1478878865849 lifecam22 2915.48071289 5891.68115234 5.58625364304
1478878865914 lifecam22 2910.25097656 5890.06201172 5.60199737549
1478878865981 lifecam22 2905.92114258 5889.34716797 5.62754249573
1478878866117 lifecam22 2897.24633789 5883.91552734 5.65075111389
1478878866182 lifecam22 2892.93945312 5883.24658203 5.66841459274
1478878866242 lifecam22 2889.47485352 5880.48730469 5.68691062927
1478878866307 lifecam22 2884.53198242 5879.77832031 5.70965003967
1478878866371 lifecam22 2881.76123047 5875.86083984 5.7179069519
1478878866582 lifecam22 2869.44995117 5868.05224609 5.76376676559
1478878866648 lifecam22 2864.67529297 5865.87597656 5.78139257431
1478878866775 lifecam22 2856.74389648 5860.85253906 5.81351280212
1478878866852 lifecam22 2853.95361328 5856.44335938 5.82350254059
1478878866989 lifecam22 2845.32617188 5852.37890625 5.86513996124
1478878867053 lifecam22 2841.40600586 5848.53417969 5.88147449493
1478878867119 lifecam22 2837.59326172 5846.82617188 5.90005874634
1478878867180 lifecam22 2833.26855469 5844.13330078 5.92191410065
1478878867242 lifecam22 2829.66845703 5840.02490234 5.93418741226
1478878867451 lifecam22 2820.31201172 5830.74951172 5.98479700089
1478878867517 lifecam22 2815.7277832 5827.71386719 6.00101089478
1478878867650 lifecam22 2808.79760742 5820.97265625 6.03766727448
1478878867710 lifecam22 2805.26708984 5817.34179688 6.05571699142
1478878867916 lifecam22 2796.6394043 5806.89990234 6.10531330109
1478878867984 lifecam22 2793.20019531 5803.21533203 6.12420511246
1478878868050 lifecam22 2789.61523438 5800.52929688 6.14451932907
1478878868117 lifecam22 2787.58691406 5796.13232422 6.15801429749
1478878868318 lifecam22 2778.95214844 5784.35888672 6.20744895935
1478878868384 lifecam22 2778.21728516 5778.36914062 6.21123886108
1478878868452 lifecam22 2774.07202148 5776.64697266 6.23965549469
1478878868518 lifecam22 2771.02172852 5772.10791016 6.25845956802
1478878868585 lifecam22 2771.07397461 5765.21826172 6.25944185257
1478878868723 lifecam22 2764.52148438 5758.77392578 0.0158824380487
1478878868789 lifecam22 2763.04101562 5754.43701172 0.0376887954772
1478878868862 lifecam22 2760.29418945 5749.87646484 0.0450947955251
1478878868922 lifecam22 2758.21655273 5746.68408203 0.0748369172215
1478878868984 lifecam22 2756.81469727 5742.14599609 0.0838649868965
1478878869186 lifecam22 2759.47338867 5742.48828125 0.0669813677669
1478878869253 lifecam22 2759.69360352 5742.21337891 0.0678079724312
1478878869384 lifecam22 2759.69262695 5742.57568359 0.0676172450185
1478878869443 lifecam22 2759.3449707 5742.62548828 0.0694988518953
1478878869590 lifecam22 2759.60620117 5742.50927734 0.0670787766576
1478878869641 lifecam22 2759.75561523 5742.66455078 0.0683675333858
1478878869725 lifecam22 2759.63012695 5742.125 0.0670548081398
1478878869785 lifecam22 2759.47338867 5742.48828125 0.0669813677669
1478878869848 lifecam22 2759.63012695 5742.125 0.0670548081398
