1478878835533 lifecam22 3192.49438477 5859.68457031 4.6149559021
1478878835674 lifecam22 3193.23852539 5858.58984375 4.60834884644
1478878835733 lifecam22 3192.86645508 5859.08251953 4.61237430573
1478878835802 lifecam22 3192.79370117 5859.015625 4.61169528961
1478878835868 lifecam22 3192.86645508 5859.08251953 4.61237430573
1478878835937 lifecam22 3192.96850586 5859.28369141 4.61312961578
1478878836068 lifecam22 3193.19458008 5858.54443359 4.60788869858
1478878836137 lifecam22 3193.23852539 5858.58984375 4.60834884644
1478878836203 lifecam22 3193.0222168 5858.68798828 4.60501337051
1478878836269 lifecam22 3192.85644531 5858.66845703 4.60989904404
1478878836338 lifecam22 3192.46411133 5859.27099609 4.61121320724
1478878836471 lifecam22 3192.86352539 5858.69042969 4.60884094238
1478878836536 lifecam22 3192.88085938 5859.22460938 4.61241197586
1478878836602 lifecam22 3192.95776367 5858.91601562 4.60562181473
1478878836671 lifecam22 3192.94677734 5859.25976562 4.61025857925
1478878836738 lifecam22 3192.98510742 5859.01025391 4.6094417572
1478878836872 lifecam22 3192.95776367 5858.91601562 4.60562181473
1478878836928 lifecam22 3193.43579102 5858.50048828 4.60121870041
1478878837003 lifecam22 3193.86523438 5858.44482422 4.59974908829
1478878837069 lifecam22 3191.68603516 5858.76708984 4.6085934639
1478878837127 lifecam22 3191.76928711 5858.8671875 4.60923480988
1478878837276 lifecam22 3191.17236328 5859.76904297 4.61554813385
1478878837334 lifecam22 3180.89111328 5860.89697266 4.61717033386
1478878837404 lifecam22 3179.62744141 5864.08398438 4.64110994339
1478878837467 lifecam22 3173.61523438 5864.73828125 4.64593458176
1478878837532 lifecam22 3166.46923828 5866.49609375 4.65299320221
1478878837686 lifecam22 3163.12792969 5873.68310547 4.69999599457
1478878837730 lifecam22 3157.29638672 5874.90576172 4.7105383873
1478878837804 lifecam22 3152.31616211 5876.38037109 4.72567272186
1478878837875 lifecam22 3148.81982422 5878.36279297 4.74412488937
1478878837939 lifecam22 3144.47802734 5880.69873047 4.76398944855
1478878838140 lifecam22 3132.82226562 5887.95800781 4.82633686066
1478878838201 lifecam22 3127.71142578 5889.12353516 4.8377737999
1478878838267 lifecam22 3123.82763672 5890.94677734 4.85625648499
1478878838340 lifecam22 3119.57617188 5893.27246094 4.87545156479
1478878838400 lifecam22 3114.76538086 5894.61230469 4.89735746384
1478878838543 lifecam22 3105.74584961 5896.07519531 4.92031574249
1478878838603 lifecam22 3101.53125 5897.33496094 4.93577718735
1478878838676 lifecam22 3096.10791016 5897.71679688 4.95022392273
1478878838731 lifecam22 3091.91210938 5899.31982422 4.96938896179
1478878838798 lifecam22 3087.11645508 5899.81005859 4.97932195663
1478878838942 lifecam22 3079.01660156 5902.85400391 5.0211725235
1478878839011 lifecam22 3073.01660156 5902.72558594 5.02880907059
1478878839071 lifecam22 3070.09716797 5904.32226562 5.05413579941
1478878839135 lifecam22 3065.07226562 5904.65966797 5.06931591034
1478878839206 lifecam22 3060.11450195 5906.23388672 5.08674478531
1478878839337 lifecam22 3051.16186523 5907.015625 5.12037324905
1478878839407 lifecam22 3046.24511719 5907.50683594 5.13920450211
1478878839471 lifecam22 3041.16796875 5906.42333984 5.14696311951
1478878839538 lifecam22 3037.50317383 5908.12353516 5.16966485977
1478878839606 lifecam22 3031.90234375 5905.90722656 5.17545175552
1478878839732 lifecam22 3022.07006836 5907.09179688 5.21253442764
1478878839813 lifecam22 3018.15600586 5907.30029297 5.23265075684
1478878839875 lifecam22 3012.48583984 5907.06201172 5.2475399971
1478878839938 lifecam22 3009.3269043 5907.14160156 5.26320123672
1478878840000 lifecam22 3004.13427734 5907.04345703 5.28493881226
1478878840136 lifecam22 2995.06054688 5905.91748047 5.31351613998
1478878840198 lifecam22 2989.26269531 5905.18359375 5.33133554459
1478878840267 lifecam22 2986.19677734 5904.91992188 5.3478717804
1478878840338 lifecam22 2980.54711914 5903.38916016 5.3617310524
1478878840401 lifecam22 2976.43847656 5904.09619141 5.38276386261
1478878840546 lifecam22 2966.98925781 5903.09033203 5.4220662117
1478878840608 lifecam22 2962.828125 5900.20019531 5.43078279495
1478878840680 lifecam22 2954.80444336 5895.81591797 5.43322086334
1478878840746 lifecam22 2953.44433594 5898.59472656 5.46315574646
1478878840807 lifecam22 2948.46923828 5899.58984375 5.496945858
1478878840948 lifecam22 2939.2331543 5895.85302734 5.52704286575
1478878841073 lifecam22 2930.20361328 5893.15185547 5.55874300003
1478878841136 lifecam22 2925.64135742 5891.30615234 5.57401943207
1478878841208 lifecam22 2922.07373047 5890.65820312 5.59560346603
1478878841346 lifecam22 2913.72802734 5887.23291016 5.62743425369
1478878841410 lifecam22 2907.90673828 5885.33056641 5.64771795273
1478878841478 lifecam22 2904.13061523 5882.90820312 5.66372060776
1478878841538 lifecam22 2899.69848633 5881.55078125 5.68060302734
1478878841610 lifecam22 2894.93408203 5878.29052734 5.69214582443
1478878841684 lifecam22 2891.14355469 5876.41699219 5.71079921722
1478878841733 lifecam22 2886.62597656 5874.92675781 5.73122262955
1478878841804 lifecam22 2883.45214844 5872.34570312 5.74413299561
1478878841876 lifecam22 2879.28686523 5869.01513672 5.75887012482
1478878841934 lifecam22 2875.38378906 5866.68017578 5.77586269379
1478878842001 lifecam22 2871.61816406 5863.82666016 5.79085636139
1478878842140 lifecam22 2863.91577148 5858.76416016 5.82149648666
1478878842212 lifecam22 2860.36132812 5854.30615234 5.82980537415
1478878842276 lifecam22 2855.54785156 5852.77734375 5.85648441315
1478878842343 lifecam22 2852.80175781 5848.76953125 5.86229085922
1478878842409 lifecam22 2848.15869141 5845.79101562 5.88482046127
1478878842480 lifecam22 2844.96557617 5843.87060547 5.90100240707
1478878842539 lifecam22 2840.60107422 5840.99023438 5.92810249329
1478878842611 lifecam22 2837.25732422 5837.89599609 5.93891191483
1478878842681 lifecam22 2833.87060547 5834.80615234 5.95928239822
1478878842749 lifecam22 2828.79760742 5832.29492188 5.98219347
1478878842812 lifecam22 2825.80908203 5828.37548828 5.99580955505
1478878842948 lifecam22 2818.62133789 5822.52246094 6.03192472458
1478878843015 lifecam22 2816.36889648 5818.02294922 6.04391098022
1478878843080 lifecam22 2812.6965332 5815.63964844 6.06364822388
1478878843145 lifecam22 2810.29638672 5810.66552734 6.073595047
1478878843210 lifecam22 2805.40991211 5807.75878906 6.09708547592
1478878843349 lifecam22 2799.25634766 5800.28417969 6.13340091705
1478878843416 lifecam22 2797.82568359 5796.47363281 6.1415104866
1478878843477 lifecam22 2794.54272461 5792.29394531 6.15902614594
1478878843548 lifecam22 2792.015625 5789.04248047 6.17471599579
1478878843614 lifecam22 2789.35083008 5784.22802734 6.18757581711
1478878843684 lifecam22 2786.45410156 5780.92382812 6.20666122437
1478878843816 lifecam22 2781.91455078 5772.05419922 6.23848962784
1478878843883 lifecam22 2779.34057617 5768.53466797 6.25659370422
1478878843946 lifecam22 2776.67211914 5765.86279297 0.000115338953037
1478878844014 lifecam22 2776.54223633 5760.52050781 0.00580126373097
1478878844079 lifecam22 2772.10253906 5755.76513672 0.0326073803008
1478878844209 lifecam22 2767.27392578 5748.57617188 0.0698475241661
1478878844281 lifecam22 2766.50048828 5742.42822266 0.0751161128283
1478878844345 lifecam22 2763.93066406 5738.35546875 0.0930432751775
1478878844413 lifecam22 2762.43261719 5733.95507812 0.103646345437
1478878844480 lifecam22 2763.73364258 5733.13574219 0.0975466445088
1478878844607 lifecam22 2763.66943359 5733.29443359 0.0966708138585
1478878844686 lifecam22 2763.79394531 5733.69775391 0.0953048989177
1478878844739 lifecam22 2763.81396484 5733.57763672 0.0965722203255
1478878844810 lifecam22 2763.73510742 5733.61621094 0.0958845019341
1478878844883 lifecam22 2763.73510742 5733.61621094 0.0958845019341
1478878845022 lifecam22 2763.88085938 5733.69921875 0.0959019064903
1478878845075 lifecam22 2763.58789062 5733.80029297 0.0971010476351
1478878845149 lifecam22 2763.73510742 5733.61621094 0.0958845019341
1478878845213 lifecam22 2763.48461914 5734.01611328 0.0978997349739
1478878845280 lifecam22 2763.88085938 5733.69921875 0.0959019064903
1478878845353 lifecam22 2763.93774414 5733.78417969 0.0953460261226
1478878845413 lifecam22 2763.88085938 5733.69921875 0.0959019064903
1478878845481 lifecam22 2763.88085938 5733.69921875 0.0959019064903
1478878845616 lifecam22 2763.58789062 5733.80029297 0.0971010476351
1478878845688 lifecam22 2764.02856445 5733.51513672 0.0946859717369
