1478878662602 lifecam22 3190.15209961 5856.35742188 4.587641716
1478878662663 lifecam22 3189.47045898 5856.10449219 4.58445167542
1478878662724 lifecam22 3189.45532227 5856.85498047 4.58998680115
1478878662799 lifecam22 3189.4050293 5856.68457031 4.5884475708
1478878662866 lifecam22 3189.24804688 5856.82519531 4.5894446373
1478878663058 lifecam22 3190.18554688 5856.37304688 4.58669471741
1478878663132 lifecam22 3190.60400391 5856.95117188 4.59113454819
1478878663265 lifecam22 3189.58959961 5856.69873047 4.5875082016
1478878663470 lifecam22 3190.67822266 5856.62695312 4.58953952789
1478878663600 lifecam22 3190.01611328 5856.77539062 4.58876800537
1478878663673 lifecam22 3190.6730957 5857.12939453 4.59030294418
1478878663872 lifecam22 3190.87011719 5857.12304688 4.5881986618
1478878663939 lifecam22 3189.65600586 5856.84960938 4.58380270004
1478878664067 lifecam22 3188.52661133 5856.68261719 4.58978366852
1478878664132 lifecam22 3189.41113281 5857.58935547 4.591588974
1478878664327 lifecam22 3187.11425781 5858.11572266 4.59701347351
1478878664401 lifecam22 3178.57543945 5860.54443359 4.61400747299
1478878664467 lifecam22 3177.78417969 5863.4921875 4.63288116455
1478878664526 lifecam22 3172.76660156 5865.27832031 4.64601898193
1478878664595 lifecam22 3166.7956543 5868.33007812 4.66359186172
1478878664796 lifecam22 3156.22021484 5876.04199219 4.71662759781
1478878664869 lifecam22 3149.78637695 5875.29785156 4.70997571945
1478878664936 lifecam22 3144.85986328 5876.79931641 4.72648048401
1478878665000 lifecam22 3142.91772461 5880.08837891 4.75318145752
1478878665068 lifecam22 3137.12451172 5880.69921875 4.75842237473
1478878665203 lifecam22 3129.41455078 5885.7109375 4.79601812363
1478878665263 lifecam22 3123.86694336 5887.31152344 4.81130170822
1478878665336 lifecam22 3120.49023438 5888.49707031 4.8318104744
1478878665401 lifecam22 3115.16015625 5890.30712891 4.85106134415
1478878665469 lifecam22 3111.0625 5892.3359375 4.8637752533
1478878665598 lifecam22 3102.91308594 5895.5859375 4.90300607681
1478878665677 lifecam22 3098.98632812 5896.85009766 4.92034578323
1478878665742 lifecam22 3093.65405273 5898.06054688 4.93350553513
1478878665799 lifecam22 3089.43481445 5900.06933594 4.95773839951
1478878665874 lifecam22 3083.93310547 5900.04980469 4.96765804291
1478878666063 lifecam22 3071.51464844 5903.65527344 5.02065515518
1478878666130 lifecam22 3066.07714844 5903.04101562 5.03130483627
1478878666197 lifecam22 3062.14794922 5904.62060547 5.05016708374
1478878666265 lifecam22 3056.98388672 5904.86767578 5.06640386581
1478878666331 lifecam22 3052.63183594 5906.66845703 5.08575534821
1478878666535 lifecam22 3038.75830078 5907.99560547 5.1372795105
1478878666606 lifecam22 3034.76733398 5908.60742188 5.15518903732
1478878666677 lifecam22 3029.67016602 5908.37255859 5.16715335846
1478878666736 lifecam22 3024.71582031 5907.75195312 5.17788362503
1478878666808 lifecam22 3019.68725586 5908.32177734 5.19617795944
1478878667007 lifecam22 3006.5859375 5909.64013672 5.25581502914
1478878667073 lifecam22 3001.72070312 5907.79394531 5.26189851761
1478878667139 lifecam22 2996.7421875 5908.48388672 5.28685379028
1478878667204 lifecam22 2991.72851562 5907.14404297 5.29630422592
1478878667265 lifecam22 2987.65942383 5907.7265625 5.32141160965
1478878667404 lifecam22 2978.41455078 5905.03857422 5.34229469299
1478878667473 lifecam22 2973.05419922 5904.07324219 5.36033439636
1478878667605 lifecam22 2964.23144531 5903.64599609 5.40048027039
1478878667678 lifecam22 2959.52148438 5903.55175781 5.42156887054
1478878667809 lifecam22 2949.578125 5900.96777344 5.45340061188
1478878667875 lifecam22 2945.79833984 5898.72998047 5.46322727203
1478878668006 lifecam22 2936.59521484 5897.38378906 5.50334215164
1478878668071 lifecam22 2932.52197266 5894.76806641 5.51624441147
1478878668270 lifecam22 2918.65600586 5892.04492188 5.57698345184
1478878668340 lifecam22 2914.42504883 5891.36523438 5.59516239166
1478878668402 lifecam22 2909.671875 5889.25390625 5.61845350266
1478878668475 lifecam22 2906.77783203 5886.79394531 5.62573766708
1478878668540 lifecam22 2900.97924805 5883.97558594 5.63890314102
1478878668732 lifecam22 2889.43310547 5877.78808594 5.68835496902
1478878668874 lifecam22 2880.97192383 5873.62890625 5.72080802917
1478878668942 lifecam22 2877.15527344 5872.49853516 5.74318981171
1478878669206 lifecam22 2860.27246094 5862.31835938 5.80874300003
1478878669271 lifecam22 2855.88818359 5860.28222656 5.82797861099
1478878669342 lifecam22 2852.42260742 5855.83544922 5.83815670013
1478878669408 lifecam22 2847.78637695 5854.54199219 5.86203956604
1478878669467 lifecam22 2844.73413086 5850.10449219 5.86978340149
1478878669603 lifecam22 2838.02563477 5843.72314453 5.89869260788
1478878669682 lifecam22 2834.4465332 5842.10742188 5.92486333847
1478878669745 lifecam22 2829.90795898 5837.76025391 5.93726062775
1478878669812 lifecam22 2826.78759766 5834.88916016 5.9548125267
1478878669880 lifecam22 2822.27392578 5831.95849609 5.97691774368
1478878670068 lifecam22 2811.80639648 5822.35791016 6.02666187286
1478878670136 lifecam22 2810.39135742 5816.93994141 6.03321647644
1478878670209 lifecam22 2806.25927734 5814.28320312 6.05505132675
1478878670276 lifecam22 2803.71508789 5810.77050781 6.07129144669
1478878670335 lifecam22 2800.82666016 5807.2109375 6.08816051483
1478878670470 lifecam22 2795.66894531 5799.75830078 6.11791563034
1478878670544 lifecam22 2791.82006836 5796.27832031 6.13408851624
1478878670605 lifecam22 2789.74560547 5791.6171875 6.14767026901
1478878670684 lifecam22 2786.26025391 5788.80175781 6.16856241226
1478878670748 lifecam22 2784.36303711 5783.375 6.17739009857
1478878670942 lifecam22 2776.25292969 5771.95703125 6.23151779175
1478878671011 lifecam22 2774.76000977 5767.52001953 6.24563646317
1478878671077 lifecam22 2769.82104492 5766.41259766 6.28234863281
1478878671144 lifecam22 2769.70776367 5760.37939453 0.00426406087354
1478878671212 lifecam22 2765.93701172 5755.44873047 0.0274843592197
1478878671410 lifecam22 2760.24707031 5742.81347656 0.0693803429604
1478878671477 lifecam22 2759.02539062 5738.26269531 0.0804279595613
1478878671547 lifecam22 2758.86376953 5738.47851562 0.0803398489952
1478878671611 lifecam22 2759.28369141 5739.45996094 0.0784224867821
1478878671685 lifecam22 2759.01416016 5738.80810547 0.0815778449178
1478878671820 lifecam22 2759.19067383 5739.02685547 0.0798667222261
1478878671879 lifecam22 2759.06005859 5739.17822266 0.0809732154012
1478878671942 lifecam22 2758.91455078 5739.43359375 0.0821592137218
1478878672015 lifecam22 2759.06005859 5739.17822266 0.0809732154012
1478878672071 lifecam22 2759.19067383 5739.02685547 0.0798667222261
1478878672276 lifecam22 2759.015625 5739.35888672 0.0812830328941
1478878672348 lifecam22 2759.015625 5739.35888672 0.0812830328941
1478878672413 lifecam22 2758.86987305 5739.61425781 0.0824683457613
1478878672477 lifecam22 2759.3359375 5738.77099609 0.0786811709404
1478878672540 lifecam22 2758.86987305 5739.61425781 0.0824683457613
