1478878985158 lifecam22 3190.41064453 5860.31933594 4.60626935959
1478878985365 lifecam22 3190.00561523 5859.61767578 4.59938526154
1478878985433 lifecam22 3190.29516602 5860.03662109 4.60483789444
1478878985501 lifecam22 3190.24194336 5860.03515625 4.60346078873
1478878985566 lifecam22 3189.42675781 5859.68701172 4.59801054001
1478878985633 lifecam22 3190.18164062 5860.11914062 4.60286188126
1478878985771 lifecam22 3190.35571289 5860.32568359 4.60625982285
1478878985838 lifecam22 3189.50634766 5859.67041016 4.59795475006
1478878985905 lifecam22 3190.41674805 5860.2421875 4.60686063766
1478878985968 lifecam22 3189.82568359 5859.59912109 4.59899520874
1478878986031 lifecam22 3190.00561523 5859.61767578 4.59938526154
1478878986236 lifecam22 3190.56298828 5859.76953125 4.60271501541
1478878986300 lifecam22 3190.91650391 5859.87060547 4.60182285309
1478878986370 lifecam22 3190.95629883 5859.81591797 4.5997877121
1478878986435 lifecam22 3191.53027344 5860.38964844 4.60041475296
1478878986502 lifecam22 3191.97460938 5859.56933594 4.59882116318
1478878986641 lifecam22 3189.86425781 5861.26708984 4.60794687271
1478878986701 lifecam22 3190.89672852 5860.66357422 4.61033058167
1478878986768 lifecam22 3190.83398438 5860.56298828 4.60644340515
1478878986837 lifecam22 3192.79443359 5861.35449219 4.62033510208
1478878986899 lifecam22 3189.16894531 5864.70507812 4.63552093506
1478878987099 lifecam22 3176.09130859 5872.72705078 4.690721035
1478878987167 lifecam22 3170.32373047 5874.62890625 4.70175361633
1478878987238 lifecam22 3166.52514648 5876.42382812 4.71981668472
1478878987302 lifecam22 3162.55175781 5877.81982422 4.73156738281
1478878987368 lifecam22 3157.69702148 5879.16699219 4.74622249603
1478878987501 lifecam22 3149.83569336 5884.56689453 4.78427362442
1478878987568 lifecam22 3145.6472168 5886.88916016 4.80007505417
1478878987635 lifecam22 3140.5378418 5887.55761719 4.80983877182
1478878987709 lifecam22 3137.6706543 5891.1328125 4.84167146683
1478878987771 lifecam22 3132.47509766 5891.63867188 4.85092449188
1478878987910 lifecam22 3123.53173828 5895.12402344 4.88065385818
1478878987968 lifecam22 3120.1965332 5896.51757812 4.90174865723
1478878988037 lifecam22 3114.75268555 5898.15869141 4.91741991043
1478878988097 lifecam22 3109.48291016 5898.75439453 4.92798185349
1478878988165 lifecam22 3105.54931641 5901.26123047 4.95319271088
1478878988373 lifecam22 3091.15014648 5904.06005859 4.99885702133
1478878988436 lifecam22 3086.82836914 5904.78564453 5.01223897934
1478878988505 lifecam22 3082.20703125 5905.06982422 5.02996969223
1478878988570 lifecam22 3077.84765625 5906.21484375 5.04796648026
1478878988632 lifecam22 3073.49243164 5905.38330078 5.05878257751
1478878988839 lifecam22 3059.00170898 5905.90087891 5.10190439224
1478878988910 lifecam22 3055.00634766 5906.64648438 5.11766958237
1478878988971 lifecam22 3049.91650391 5906.12792969 5.13202095032
1478878989031 lifecam22 3044.40283203 5906.49316406 5.14756822586
1478878989099 lifecam22 3041.37939453 5906.93017578 5.17011737823
1478878989243 lifecam22 3032.01782227 5908.25292969 5.20451545715
1478878989303 lifecam22 3026.6472168 5907.43701172 5.22081565857
1478878989372 lifecam22 3022.34082031 5909.78515625 5.24638366699
1478878989437 lifecam22 3017.70849609 5907.69042969 5.25768709183
1478878989499 lifecam22 3012.84985352 5909.25683594 5.27866601944
1478878989710 lifecam22 2999.16479492 5907.58007812 5.32535648346
1478878989767 lifecam22 2994.34716797 5906.96044922 5.34400892258
1478878989843 lifecam22 2989.72607422 5906.06542969 5.357817173
1478878989905 lifecam22 2984.93847656 5905.03027344 5.37365484238
1478878989972 lifecam22 2979.53369141 5904.37890625 5.39038562775
1478878990179 lifecam22 2966.5612793 5902.29541016 5.44347238541
1478878990243 lifecam22 2960.83666992 5900.6328125 5.45995044708
1478878990308 lifecam22 2956.83178711 5898.88818359 5.47392988205
1478878990373 lifecam22 2952.3918457 5897.99658203 5.49062013626
1478878990440 lifecam22 2948.10717773 5898.74511719 5.52061080933
1478878990578 lifecam22 2939.76367188 5896.10253906 5.55552053452
1478878990642 lifecam22 2935.65136719 5893.13867188 5.56573677063
1478878990711 lifecam22 2930.68066406 5892.70703125 5.58663702011
1478878990778 lifecam22 2925.66723633 5889.47265625 5.59520101547
1478878990838 lifecam22 2921.76098633 5888.95068359 5.62191915512
1478878991042 lifecam22 2908.85107422 5881.94384766 5.66591787338
1478878991108 lifecam22 2904.57788086 5880.15429688 5.6806268692
1478878991241 lifecam22 2895.91333008 5875.97607422 5.71724462509
1478878991306 lifecam22 2891.87109375 5872.91357422 5.72780418396
1478878991445 lifecam22 2883.71337891 5868.96337891 5.76396942139
1478878991501 lifecam22 2880.86401367 5865.76660156 5.77634620667
1478878991568 lifecam22 2875.70654297 5862.75048828 5.79307556152
1478878991642 lifecam22 2872.02099609 5860.00732422 5.80842590332
1478878991712 lifecam22 2867.63696289 5856.91943359 5.82801961899
1478878991906 lifecam22 2855.47802734 5850.80859375 5.88631057739
1478878991976 lifecam22 2852.31005859 5846.62597656 5.89717102051
1478878992043 lifecam22 2848.40039062 5843.33740234 5.91149330139
1478878992109 lifecam22 2845.07983398 5840.66748047 5.92834854126
1478878992176 lifecam22 2841.578125 5837.82763672 5.94650173187
1478878992312 lifecam22 2834.92871094 5830.63574219 5.97672271729
1478878992378 lifecam22 2831.49462891 5828.06884766 5.99714374542
1478878992444 lifecam22 2828.2331543 5823.48681641 6.00706529617
1478878992507 lifecam22 2824.80273438 5820.45996094 6.02675962448
1478878992575 lifecam22 2821.79003906 5816.28955078 6.04130601883
1478878992784 lifecam22 2810.72363281 5807.51464844 6.10443496704
1478878992844 lifecam22 2809.12255859 5802.89697266 6.11066389084
1478878992910 lifecam22 2804.89038086 5800.14355469 6.13774204254
1478878992978 lifecam22 2801.54931641 5796.125 6.15411329269
1478878993043 lifecam22 2799.43066406 5791.28613281 6.16842746735
1478878993172 lifecam22 2793.00610352 5784.44482422 6.20703697205
1478878993244 lifecam22 2791.74755859 5779.67578125 6.21529054642
1478878993311 lifecam22 2787.35424805 5777.79394531 6.2468495369
1478878993378 lifecam22 2785.07421875 5772.21826172 6.25944137573
1478878993439 lifecam22 2784.88793945 5765.85595703 6.26146554947
1478878993585 lifecam22 2778.45581055 5758.79833984 0.015182797797
1478878993647 lifecam22 2776.59448242 5753.92431641 0.0240023788065
1478878993713 lifecam22 2775.47387695 5748.57373047 0.036837644875
1478878993782 lifecam22 2771.76904297 5747.47851562 0.0757783055305
1478878993851 lifecam22 2770.19604492 5741.74121094 0.0830210968852
1478878994051 lifecam22 2767.81420898 5728.10107422 0.111204564571
1478878994113 lifecam22 2772.18261719 5727.79980469 0.0846292376518
1478878994181 lifecam22 2770.94873047 5727.94433594 0.0918597579002
1478878994247 lifecam22 2771.03955078 5728.11035156 0.0909339860082
1478878994307 lifecam22 2770.82055664 5727.95019531 0.0930995419621
1478878994514 lifecam22 2770.82055664 5727.95019531 0.0930995419621
1478878994581 lifecam22 2771.08569336 5727.83105469 0.0906973481178
1478878994647 lifecam22 2771.09057617 5727.96240234 0.0905706211925
1478878994718 lifecam22 2771.05102539 5727.99023438 0.0909060835838
1478878994785 lifecam22 2771.08569336 5727.83105469 0.0906973481178
1478878994982 lifecam22 2771.08569336 5727.83105469 0.0906973481178
1478878995046 lifecam22 2770.82055664 5727.95019531 0.0930995419621
