1478878421620 lifecam22 3187.61621094 5857.65576172 4.57698011398
1478878421757 lifecam22 3187.67529297 5857.81152344 4.57848119736
1478878421822 lifecam22 3187.87207031 5857.84228516 4.57903623581
1478878421888 lifecam22 3187.93115234 5857.99902344 4.58054208755
1478878421960 lifecam22 3188.09082031 5857.9921875 4.5807094574
1478878422026 lifecam22 3188.03149414 5857.8359375 4.57920598984
1478878422159 lifecam22 3188.19189453 5858.39648438 4.58200645447
1478878422219 lifecam22 3188.03149414 5857.8359375 4.57920598984
1478878422290 lifecam22 3188.13647461 5858.02685547 4.58108568192
1478878422360 lifecam22 3188.7199707 5858.15332031 4.58303451538
1478878422426 lifecam22 3188.09082031 5857.9921875 4.5807094574
1478878422565 lifecam22 3188.23681641 5857.86376953 4.57974767685
1478878422628 lifecam22 3187.93115234 5857.99902344 4.58054208755
1478878422699 lifecam22 3189.97973633 5858.12841797 4.5845913887
1478878422762 lifecam22 3189.06005859 5857.92089844 4.58141756058
1478878422828 lifecam22 3190.13525391 5857.87792969 4.58255147934
1478878422959 lifecam22 3190.171875 5858.01953125 4.58388137817
1478878423093 lifecam22 3189.49902344 5858.07763672 4.58345556259
1478878423158 lifecam22 3190.03540039 5858.53027344 4.58571004868
1478878423218 lifecam22 3190.34716797 5858.07714844 4.58186721802
1478878423367 lifecam22 3187.28051758 5858.13769531 4.58087444305
1478878423429 lifecam22 3188.13012695 5857.85009766 4.57947397232
1478878423494 lifecam22 3186.34375 5858.03173828 4.57858419418
1478878423561 lifecam22 3177.94946289 5859.70214844 4.59218168259
1478878423626 lifecam22 3173.95874023 5864.21044922 4.61266279221
1478878423830 lifecam22 3160.03100586 5870.48486328 4.64448976517
1478878423896 lifecam22 3160.89990234 5874.65722656 4.68016195297
1478878423957 lifecam22 3155.11328125 5874.89648438 4.69091558456
1478878424024 lifecam22 3147.91625977 5875.60693359 4.68916511536
1478878424091 lifecam22 3146.43798828 5880.35205078 4.73142671585
1478878424232 lifecam22 3137.6394043 5884.69238281 4.75774002075
1478878424286 lifecam22 3132.8034668 5886.04638672 4.77213144302
1478878424354 lifecam22 3129.61914062 5887.66113281 4.78753423691
1478878424429 lifecam22 3123.58691406 5888.45117188 4.8008389473
1478878424493 lifecam22 3119.69799805 5891.46142578 4.82108640671
1478878424631 lifecam22 3110.37475586 5894.21777344 4.8502702713
1478878424688 lifecam22 3106.51806641 5895.96777344 4.87529945374
1478878424762 lifecam22 3102.00195312 5897.140625 4.88651037216
1478878424831 lifecam22 3097.29956055 5898.33691406 4.90162420273
1478878424899 lifecam22 3092.37109375 5900.22753906 4.92195892334
1478878425032 lifecam22 3083.40844727 5903.02392578 4.9549665451
1478878425099 lifecam22 3079.07788086 5902.93066406 4.96537733078
1478878425164 lifecam22 3074.71801758 5903.18505859 4.98000240326
1478878425231 lifecam22 3070.07202148 5904.37451172 4.99666833878
1478878425300 lifecam22 3065.80737305 5904.54541016 5.01284074783
1478878425367 lifecam22 3061.00341797 5906.29931641 5.02976322174
1478878425420 lifecam22 3055.99780273 5905.64697266 5.04422473907
1478878425488 lifecam22 3052.06420898 5908.68701172 5.06770896912
1478878425558 lifecam22 3046.89233398 5908.21191406 5.08123779297
1478878425625 lifecam22 3042.88964844 5908.5625 5.09898042679
1478878425771 lifecam22 3033.55688477 5909.77783203 5.13113880157
1478878425825 lifecam22 3028.8046875 5909.21142578 5.14388275146
1478878425893 lifecam22 3024.82983398 5910.76220703 5.16839838028
1478878425961 lifecam22 3019.71728516 5909.79199219 5.17936992645
1478878426026 lifecam22 3015.45288086 5910.52880859 5.19752454758
1478878426236 lifecam22 3001.2722168 5910.00146484 5.24331474304
1478878426300 lifecam22 2996.1887207 5910.21826172 5.26727485657
1478878426356 lifecam22 2991.52661133 5910.30566406 5.28177022934
1478878426433 lifecam22 2986.51855469 5910.24365234 5.30292892456
1478878426497 lifecam22 2981.92211914 5909.09667969 5.31583690643
1478878426568 lifecam22 2977.53344727 5908.63427734 5.32985639572
1478878426636 lifecam22 2972.6484375 5907.65234375 5.3502368927
1478878426702 lifecam22 2967.87719727 5908.62060547 5.37325668335
1478878426766 lifecam22 2963.38330078 5906.97167969 5.38140439987
1478878426834 lifecam22 2956.05151367 5902.77246094 5.3918132782
1478878426975 lifecam22 2950.0715332 5902.89355469 5.42771100998
1478878427035 lifecam22 2945.29443359 5903.13916016 5.45277261734
1478878427096 lifecam22 2940.47875977 5900.88427734 5.46423006058
1478878427165 lifecam22 2935.20874023 5901.41064453 5.49277973175
1478878427232 lifecam22 2930.89794922 5899.07226562 5.5049905777
1478878427436 lifecam22 2917.62866211 5895.99462891 5.56574869156
1478878427502 lifecam22 2913.95996094 5893.00830078 5.56924438477
1478878427568 lifecam22 2909.16772461 5890.42871094 5.58114147186
1478878427632 lifecam22 2905.06982422 5890.17333984 5.60915708542
1478878427704 lifecam22 2901.10595703 5886.40673828 5.61789608002
1478878427777 lifecam22 2897.08935547 5885.57861328 5.63278865814
1478878427837 lifecam22 2893.76098633 5882.94238281 5.65171527863
1478878427898 lifecam22 2888.2800293 5881.69238281 5.66995573044
1478878427973 lifecam22 2884.74804688 5879.6015625 5.68827486038
1478878428026 lifecam22 2880.23779297 5877.82519531 5.70499038696
1478878428236 lifecam22 2867.60595703 5871.17089844 5.75799417496
1478878428300 lifecam22 2862.98779297 5868.59716797 5.77880573273
1478878428361 lifecam22 2859.30639648 5865.98291016 5.79353809357
1478878428432 lifecam22 2855.01123047 5864.56884766 5.8176612854
1478878428500 lifecam22 2851.41772461 5860.41992188 5.82530260086
1478878428628 lifecam22 2843.87231445 5855.00341797 5.85347223282
1478878428704 lifecam22 2840.96289062 5851.85791016 5.87235832214
1478878428768 lifecam22 2836.68774414 5849.13623047 5.88818407059
1478878428834 lifecam22 2832.6809082 5846.28173828 5.90571451187
1478878429102 lifecam22 2817.7043457 5833.85253906 5.97454309464
1478878429166 lifecam22 2814.73925781 5829.77050781 5.99049043655
1478878429230 lifecam22 2811.44702148 5826.84423828 6.00708770752
1478878429304 lifecam22 2807.31176758 5822.93603516 6.02463245392
1478878429439 lifecam22 2802.28417969 5815.30126953 6.05169677734
1478878429506 lifecam22 2798.94482422 5812.00634766 6.06930112839
1478878429570 lifecam22 2796.3527832 5808.88085938 6.08663225174
1478878429637 lifecam22 2792.88867188 5804.81494141 6.10194540024
1478878429708 lifecam22 2790.11474609 5801.15966797 6.11694669724
1478878429900 lifecam22 2781.91088867 5789.63671875 6.1671667099
1478878429973 lifecam22 2779.12060547 5784.25927734 6.17691516876
1478878430039 lifecam22 2777.1887207 5782.06494141 6.19896459579
1478878430104 lifecam22 2772.83959961 5777.96582031 6.22180891037
1478878430172 lifecam22 2771.1171875 5773.23388672 6.23245096207
1478878430240 lifecam22 2769.4453125 5768.08935547 6.24581718445
1478878430309 lifecam22 2765.64428711 5766.62158203 6.27072715759
1478878430365 lifecam22 2763.47290039 5760.91308594 0.000481192255393
1478878430436 lifecam22 2761.83789062 5757.11474609 0.0159228481352
1478878430498 lifecam22 2760.08227539 5752.93554688 0.0310344155878
1478878430697 lifecam22 2753.73510742 5739.70898438 0.0755737423897
1478878430767 lifecam22 2754.16162109 5741.73339844 0.0698041319847
1478878430833 lifecam22 2754.8034668 5741.21240234 0.0672767832875
1478878430905 lifecam22 2754.49487305 5741.30419922 0.0683520436287
1478878430966 lifecam22 2754.49487305 5741.30419922 0.0683520436287
1478878431106 lifecam22 2754.5769043 5740.87158203 0.0677657723427
1478878431172 lifecam22 2754.49487305 5741.30419922 0.0683520436287
1478878431241 lifecam22 2754.71826172 5741.24511719 0.0676354765892
1478878431304 lifecam22 2754.49487305 5741.30419922 0.0683520436287
1478878431372 lifecam22 2754.49487305 5741.30419922 0.0683520436287
1478878431440 lifecam22 2754.49487305 5741.30419922 0.0683520436287
1478878431507 lifecam22 2754.49487305 5741.30419922 0.0683520436287
1478878431572 lifecam22 2754.57983398 5741.27197266 0.0679931044579
1478878431640 lifecam22 2754.49487305 5741.30419922 0.0683520436287
