1478878346774 lifecam22 1910.91430664 3016.63232422 3.46671009064
1478878346844 lifecam22 1911.27587891 3016.82617188 3.46829748154
1478878346908 lifecam22 3182.57958984 5856.04003906 4.56817007065
1478878346981 lifecam22 3182.58984375 5855.80761719 4.56737136841
1478878347037 lifecam22 3182.48266602 5855.60498047 4.56664896011
1478878347103 lifecam22 3182.53491211 5855.51367188 4.5659198761
1478878347177 lifecam22 3182.61645508 5855.43457031 4.56669712067
1478878347243 lifecam22 3182.53491211 5855.51367188 4.5659198761
1478878347446 lifecam22 3183.07714844 5853.26757812 4.55168056488
1478878347511 lifecam22 3183.42089844 5854.26025391 4.55981016159
1478878347576 lifecam22 3183.35253906 5854.08886719 4.55682134628
1478878347645 lifecam22 3183.22167969 5854.13085938 4.55832338333
1478878347711 lifecam22 3183.14013672 5854.18603516 4.55734014511
1478878348112 lifecam22 3186.23168945 5854.60205078 4.5560760498
1478878348248 lifecam22 3182.69433594 5854.61230469 4.5568113327
1478878348312 lifecam22 3183.54394531 5854.65917969 4.55708789825
1478878348372 lifecam22 3183.10717773 5854.76367188 4.56011343002
1478878348444 lifecam22 3183.03833008 5854.57958984 4.55848360062
1478878348509 lifecam22 3182.88842773 5854.73144531 4.55824708939
1478878348702 lifecam22 3182.97802734 5854.69580078 4.55783081055
1478878348779 lifecam22 3183.46069336 5855.01757812 4.56167125702
1478878348844 lifecam22 3182.97802734 5854.69580078 4.55783081055
1478878348911 lifecam22 3183.47167969 5854.78466797 4.56089639664
1478878348978 lifecam22 3183.6418457 5854.6953125 4.56037139893
1478878349176 lifecam22 3182.49755859 5855.8828125 4.57002401352
1478878349243 lifecam19 2055.89111328 3087.49169922 3.41342520714
1478878349510 lifecam22 3181.27514648 5856.44384766 4.55854654312
1478878349577 lifecam22 3190.02026367 5855.21728516 4.56157159805
1478878349646 lifecam22 3189.66723633 5856.35302734 4.56861305237
1478878349703 lifecam22 3188.44848633 5854.22460938 4.56526470184
1478878349919 lifecam22 3183.27270508 5855.89404297 4.56815767288
1478878349975 lifecam22 3174.35546875 5857.69677734 4.57840633392
1478878350046 lifecam22 3172.3046875 5860.48974609 4.5946598053
1478878350113 lifecam22 3168.35058594 5863.11132812 4.61051607132
1478878350182 lifecam22 3163.36621094 5866.46435547 4.63055849075
1478878350382 lifecam22 3152.93432617 5872.8671875 4.67531728745
1478878350449 lifecam22 3147.85327148 5874.53564453 4.68860197067
1478878350515 lifecam22 3141.61401367 5875.07763672 4.69538784027
1478878350579 lifecam22 3137.35986328 5877.21240234 4.71304321289
1478878350646 lifecam22 3134.70898438 5881.70849609 4.74155473709
1478878350782 lifecam22 3125.19091797 5885.73730469 4.76720714569
1478878350849 lifecam22 3122.11645508 5887.64697266 4.78767585754
1478878350913 lifecam22 3117.09130859 5889.27734375 4.80534267426
1478878350977 lifecam22 3112.66870117 5891.32373047 4.8198466301
1478878351040 lifecam22 3108.62426758 5892.65380859 4.83650875092
1478878351249 lifecam22 3095.22460938 5896.41064453 4.88359594345
1478878351318 lifecam22 3090.23413086 5897.53369141 4.89952993393
1478878351383 lifecam22 3085.21142578 5899.00439453 4.91498327255
1478878351443 lifecam22 3081.0534668 5899.68212891 4.92989063263
1478878351507 lifecam22 3076.21459961 5901.43945312 4.94862937927
1478878351649 lifecam22 3067.49755859 5902.90673828 4.97763776779
1478878351718 lifecam22 3063.06201172 5902.91210938 4.99019622803
1478878351782 lifecam22 3058.47290039 5904.65869141 5.01381635666
1478878351847 lifecam22 3054.32666016 5905.22314453 5.02669239044
1478878351916 lifecam22 3048.53540039 5905.46679688 5.04389238358
1478878352116 lifecam22 3035.60961914 5907.72753906 5.09147405624
1478878352184 lifecam22 3031.19604492 5907.73583984 5.10887289047
1478878352249 lifecam22 3026.58203125 5908.8515625 5.12966442108
1478878352316 lifecam22 3021.65234375 5909.13769531 5.14239215851
1478878352372 lifecam22 3017.05322266 5909.70654297 5.16396951675
1478878352459 lifecam22 3012.17285156 5909.97802734 5.17540407181
1478878352520 lifecam22 3007.35913086 5910.09472656 5.19581604004
1478878352582 lifecam22 3002.66381836 5910.81933594 5.21812820435
1478878352652 lifecam22 2997.43164062 5908.83740234 5.22169303894
1478878352716 lifecam22 2992.96337891 5909.6015625 5.2449631691
1478878352920 lifecam22 2979.70996094 5907.7578125 5.29041290283
1478878352985 lifecam22 2974.99804688 5908.24072266 5.3080830574
1478878353052 lifecam22 2970.30004883 5907.11328125 5.32459306717
1478878353117 lifecam22 2965.61645508 5907.06933594 5.34476470947
1478878353183 lifecam22 2960.61743164 5906.22753906 5.36052036285
1478878353257 lifecam22 2955.88012695 5904.72021484 5.37294769287
1478878353312 lifecam22 2947.62060547 5898.61376953 5.36976146698
1478878353386 lifecam22 2944.18896484 5898.38330078 5.38680791855
1478878353445 lifecam22 2940.13891602 5897.83789062 5.40617752075
1478878353516 lifecam22 2937.2878418 5901.65234375 5.44563341141
1478878353712 lifecam22 2924.36889648 5898.28613281 5.49629974365
1478878353791 lifecam22 2920.42456055 5897.66308594 5.52017831802
1478878353851 lifecam22 2916.05493164 5893.71630859 5.52450656891
1478878353919 lifecam22 2911.57202148 5894.48388672 5.55268621445
1478878353979 lifecam22 2906.85302734 5892.58398438 5.56778430939
1478878354123 lifecam22 2898.14550781 5888.52832031 5.59716796875
1478878354184 lifecam22 2893.13964844 5887.04101562 5.61814403534
1478878354256 lifecam22 2889.30395508 5884.88134766 5.63020706177
1478878354381 lifecam22 2880.36230469 5880.65966797 5.66810894012
1478878354458 lifecam22 2876.57885742 5878.42919922 5.68070411682
1478878354586 lifecam22 2868.56518555 5875.30859375 5.71983146667
1478878354657 lifecam22 2864.74658203 5872.29443359 5.73260116577
1478878354922 lifecam22 2848.6796875 5863.20019531 5.80226516724
1478878355056 lifecam22 2839.92675781 5856.98095703 5.83272600174
1478878355123 lifecam22 2836.60571289 5853.27490234 5.84584712982
1478878355180 lifecam22 2833.07275391 5850.91162109 5.86351251602
1478878355323 lifecam22 2825.75634766 5845.48144531 5.89962434769
1478878355382 lifecam22 2821.42871094 5842.87792969 5.91926431656
1478878355449 lifecam22 2817.61645508 5839.16210938 5.93426084518
1478878355520 lifecam22 2814.67260742 5836.41796875 5.95081996918
1478878355589 lifecam22 2810.66210938 5832.79443359 5.96658658981
1478878355714 lifecam22 2803.85253906 5826.50048828 6.00053501129
1478878355787 lifecam22 2801.23486328 5822.03613281 6.01014900208
1478878355992 lifecam22 2790.93725586 5811.63330078 6.06402730942
1478878356117 lifecam22 2784.98535156 5804.56738281 6.09756755829
1478878356191 lifecam22 2781.81079102 5800.89111328 6.11434030533
1478878356259 lifecam22 2779.10717773 5796.25341797 6.12683200836
1478878356322 lifecam22 2776.36206055 5793.41845703 6.14589929581
1478878356389 lifecam22 2774.16308594 5788.70410156 6.16071224213
1478878356519 lifecam22 2769.2019043 5780.21972656 6.18823051453
1478878356586 lifecam22 2765.20288086 5777.76757812 6.2134976387
1478878356661 lifecam22 2764.84912109 5771.80517578 6.21782016754
1478878356714 lifecam22 2762.0 5766.87841797 6.23386287689
1478878356786 lifecam22 2757.22363281 5766.84130859 6.27270555496
1478878356920 lifecam22 2755.15771484 5756.60058594 0.0103966640308
1478878356987 lifecam22 2753.33764648 5752.84033203 0.0286899246275
1478878357054 lifecam22 2749.20068359 5748.90283203 0.0505817569792
1478878357122 lifecam22 2749.11328125 5747.84082031 0.0517534576356
1478878357190 lifecam22 2750.50073242 5748.50927734 0.0418043769896
1478878357261 lifecam22 2750.10253906 5748.23779297 0.0454418100417
1478878357329 lifecam22 2750.46362305 5748.25634766 0.0422044470906
1478878357390 lifecam22 2750.38964844 5747.89648438 0.0429615415633
1478878357460 lifecam22 2750.27270508 5748.15087891 0.0439425110817
1478878357526 lifecam22 2750.27270508 5748.15087891 0.0439425110817
1478878357660 lifecam22 2750.45043945 5748.12597656 0.043632928282
1478878357722 lifecam22 2750.27270508 5748.15087891 0.0439425110817
1478878357795 lifecam22 2750.27270508 5748.15087891 0.0439425110817
1478878357861 lifecam22 2750.27270508 5748.15087891 0.0439425110817
1478878357925 lifecam22 2750.27270508 5748.15087891 0.0439425110817
1478878358057 lifecam22 2750.27270508 5748.15087891 0.0439425110817
1478878358118 lifecam22 2750.27270508 5748.15087891 0.0439425110817
