1478878633015 lifecam22 3193.140625 5859.03710938 4.60441303253
1478878633155 lifecam22 3193.04492188 5859.09960938 4.60624790192
1478878633220 lifecam22 3192.82714844 5858.82373047 4.5993180275
1478878633283 lifecam22 3193.36254883 5858.83447266 4.60283279419
1478878633351 lifecam22 3193.32958984 5858.80224609 4.60369110107
1478878633420 lifecam22 3193.44799805 5859.15283203 4.60581731796
1478878633491 lifecam22 3193.39257812 5859.12402344 4.60422229767
1478878633559 lifecam22 3193.20898438 5858.32226562 4.60189390182
1478878633620 lifecam22 3193.38354492 5858.31884766 4.60069799423
1478878633693 lifecam22 3193.48803711 5858.26123047 4.60167551041
1478878633756 lifecam22 3193.49267578 5858.78515625 4.60537052155
1478878633956 lifecam22 3193.21679688 5858.45068359 4.6005115509
1478878634023 lifecam22 3193.19091797 5858.16650391 4.60012102127
1478878634087 lifecam22 3193.36254883 5858.83447266 4.60283279419
1478878634156 lifecam22 3193.32910156 5858.67333984 4.60402154922
1478878634224 lifecam22 3193.54492188 5858.80419922 4.60560321808
1478878634357 lifecam22 3193.28076172 5859.39404297 4.60537576675
1478878634411 lifecam22 3194.39233398 5859.10888672 4.60126924515
1478878634479 lifecam22 3193.83789062 5859.36523438 4.59894371033
1478878634548 lifecam22 3194.13354492 5859.18994141 4.60026502609
1478878634615 lifecam22 3192.67724609 5859.32226562 4.60267400742
1478878634757 lifecam22 3192.90942383 5858.33642578 4.59911346436
1478878634821 lifecam22 3192.80371094 5858.91357422 4.60163259506
1478878634888 lifecam22 3192.35571289 5859.06103516 4.60658502579
1478878634954 lifecam22 3181.41455078 5859.60058594 4.60582685471
1478878635023 lifecam22 3178.09204102 5862.15234375 4.6236577034
1478878635154 lifecam22 3169.49829102 5865.98193359 4.64797306061
1478878635222 lifecam22 3167.52026367 5869.99365234 4.67682027817
1478878635288 lifecam22 3161.9621582 5872.47705078 4.6895699501
1478878635355 lifecam22 3155.80249023 5874.63720703 4.70172595978
1478878635417 lifecam22 3152.52294922 5876.70800781 4.72109889984
1478878635492 lifecam22 3148.80517578 5877.82128906 4.73286724091
1478878635556 lifecam22 3143.28125 5878.58447266 4.73978614807
1478878635622 lifecam22 3140.04882812 5881.47070312 4.76477622986
1478878635682 lifecam22 3136.78588867 5885.28955078 4.78807544708
1478878635761 lifecam22 3132.02319336 5886.51367188 4.8005194664
1478878635956 lifecam22 3118.02636719 5890.31054688 4.84456157684
1478878636024 lifecam22 3113.94140625 5891.93945312 4.85804891586
1478878636089 lifecam22 3108.77880859 5892.73828125 4.86904191971
1478878636148 lifecam22 3104.87207031 5894.74560547 4.88937854767
1478878636287 lifecam22 3095.65917969 5897.57226562 4.9236664772
1478878636351 lifecam22 3091.24633789 5899.12695312 4.93770027161
1478878636417 lifecam22 3086.72143555 5899.9921875 4.95835828781
1478878636484 lifecam22 3082.32348633 5901.05371094 4.97387695312
1478878636558 lifecam22 3077.39477539 5903.26025391 4.99635601044
1478878636689 lifecam22 3068.59765625 5905.30957031 5.02932405472
1478878636750 lifecam22 3063.9309082 5904.94970703 5.03979444504
1478878636824 lifecam22 3058.88989258 5905.37158203 5.05916595459
1478878636891 lifecam22 3054.58056641 5905.90820312 5.07134866714
1478878636959 lifecam22 3050.28686523 5905.89111328 5.08672380447
1478878637092 lifecam22 3041.29541016 5908.55029297 5.13040304184
1478878637160 lifecam22 3035.86914062 5908.54003906 5.14175319672
1478878637226 lifecam22 3031.14672852 5908.7109375 5.15697908401
1478878637290 lifecam22 3026.98876953 5908.89990234 5.17380857468
1478878637359 lifecam22 3022.10595703 5908.79931641 5.18890953064
1478878637495 lifecam22 3013.13842773 5909.42236328 5.22085857391
1478878637560 lifecam22 3008.89453125 5910.18066406 5.2421374321
1478878637627 lifecam22 3004.04785156 5908.81738281 5.2536907196
1478878637696 lifecam22 2998.87133789 5908.50244141 5.27182817459
1478878637762 lifecam22 2994.49194336 5907.95703125 5.28600597382
1478878637896 lifecam22 2984.22216797 5907.53222656 5.32442331314
1478878637965 lifecam22 2980.15698242 5905.92333984 5.33731079102
1478878638031 lifecam22 2974.31738281 5907.40087891 5.36421251297
1478878638094 lifecam22 2970.7421875 5905.34375 5.37428426743
1478878638158 lifecam22 2963.12158203 5899.44726562 5.36949920654
1478878638291 lifecam22 2957.12890625 5901.45410156 5.41983938217
1478878638359 lifecam22 2951.88012695 5903.15429688 5.44860553741
1478878638425 lifecam22 2947.34301758 5899.09912109 5.45027637482
1478878638495 lifecam22 2939.58935547 5896.5234375 5.47590589523
1478878638757 lifecam22 2924.30786133 5895.70117188 5.55504465103
1478878638831 lifecam22 2920.77832031 5893.16259766 5.5652551651
1478878638889 lifecam22 2915.57275391 5892.11914062 5.58417654037
1478878638961 lifecam22 2910.72583008 5890.78564453 5.605032444
1478878639027 lifecam22 2907.66357422 5886.73193359 5.60949277878
1478878639227 lifecam22 2894.25439453 5883.30175781 5.67582035065
1478878639296 lifecam22 2890.78857422 5881.18603516 5.68584251404
1478878639356 lifecam22 2886.68017578 5877.52783203 5.69501209259
1478878639424 lifecam22 2882.47045898 5876.88232422 5.71790075302
1478878639489 lifecam22 2879.44970703 5871.99072266 5.72092533112
1478878639629 lifecam22 2870.28540039 5869.03125 5.76501464844
1478878639695 lifecam22 2866.05664062 5866.86572266 5.78412103653
1478878639767 lifecam22 2861.21801758 5863.92431641 5.79954910278
1478878640097 lifecam22 2841.19580078 5850.93896484 5.88896846771
1478878640226 lifecam22 2834.29956055 5843.76416016 5.91846752167
1478878640295 lifecam22 2830.83544922 5840.55615234 5.92802667618
1478878640361 lifecam22 2827.51733398 5836.45117188 5.94648551941
1478878640496 lifecam22 2821.41137695 5829.54052734 5.97410917282
1478878640702 lifecam22 2810.53027344 5819.10253906 6.02701377869
1478878640769 lifecam22 2807.67041016 5816.02246094 6.04171562195
1478878640963 lifecam22 2798.28320312 5804.95751953 6.09368467331
1478878641030 lifecam22 2794.82885742 5802.72412109 6.11394071579
1478878641098 lifecam22 2793.21850586 5797.58496094 6.12375211716
1478878641164 lifecam22 2788.23779297 5795.48095703 6.15149641037
1478878641230 lifecam22 2786.99145508 5791.04150391 6.16315460205
1478878641359 lifecam22 2780.09155273 5784.01416016 6.20358371735
1478878641430 lifecam22 2778.65771484 5778.19287109 6.21231985092
1478878641497 lifecam22 2775.06152344 5776.07128906 6.23563241959
1478878641565 lifecam22 2772.96850586 5771.65039062 6.25316953659
1478878641632 lifecam22 2771.05908203 5765.38134766 6.25965738297
1478878641774 lifecam22 2765.18310547 5759.81542969 0.0239234603941
1478878641834 lifecam22 2763.54272461 5755.10205078 0.0358576253057
1478878641902 lifecam22 2762.33886719 5749.76953125 0.0502290166914
1478878641961 lifecam22 2758.02294922 5747.41748047 0.0762346461415
1478878642032 lifecam22 2756.94995117 5742.21044922 0.0852895453572
1478878642237 lifecam22 2757.38842773 5740.70507812 0.0845070555806
1478878642301 lifecam22 2757.37329102 5741.25927734 0.0829598233104
1478878642366 lifecam22 2757.41137695 5740.93554688 0.0814852043986
1478878642433 lifecam22 2756.94189453 5741.50341797 0.0855134278536
1478878642502 lifecam22 2757.36621094 5741.40673828 0.0842738673091
1478878642641 lifecam22 2757.1628418 5741.30322266 0.0835356116295
1478878642699 lifecam22 2757.30371094 5741.31591797 0.0835223942995
1478878642767 lifecam22 2757.44482422 5741.20947266 0.0836753249168
1478878642834 lifecam22 2757.59814453 5740.90966797 0.0810989737511
1478878642900 lifecam22 2757.30371094 5741.31591797 0.0835223942995
1478878642965 lifecam22 2757.43603516 5741.35009766 0.0837118029594
1478878643105 lifecam22 2756.88012695 5741.29443359 0.084928818047
1478878643171 lifecam22 2757.30371094 5741.31591797 0.0835223942995
1478878643234 lifecam22 2757.59204102 5741.07470703 0.0823484063148
1478878643301 lifecam22 2757.23095703 5741.26318359 0.0843432545662
