1478878493065 lifecam22 3192.49829102 5861.97607422 4.59778213501
1478878493130 lifecam22 3192.17260742 5861.33349609 4.59280967712
1478878493194 lifecam22 3192.05908203 5861.15087891 4.59097862244
1478878493338 lifecam22 3192.01806641 5860.70703125 4.58950090408
1478878493394 lifecam22 3192.10986328 5860.52490234 4.58910799026
1478878493459 lifecam22 3192.27197266 5860.37646484 4.59067821503
1478878493527 lifecam22 3192.27661133 5860.39892578 4.59088993073
1478878493595 lifecam22 3192.12548828 5860.37451172 4.5932135582
1478878493798 lifecam22 3190.47412109 5859.36328125 4.58331108093
1478878493865 lifecam22 3190.95019531 5859.59130859 4.58605718613
1478878493930 lifecam22 3192.08447266 5861.15576172 4.5936999321
1478878493994 lifecam22 3191.36352539 5860.60351562 4.58881092072
1478878494058 lifecam22 3191.61035156 5860.23095703 4.5901389122
1478878494203 lifecam22 3191.69995117 5860.46435547 4.59072828293
1478878494262 lifecam22 3191.09106445 5859.79980469 4.58831548691
1478878494332 lifecam22 3191.84985352 5860.27441406 4.5908613205
1478878494457 lifecam22 3191.65405273 5860.00683594 4.58955144882
1478878494526 lifecam22 3191.39111328 5860.18164062 4.5882525444
1478878494609 lifecam22 3191.55566406 5860.25244141 4.58604097366
1478878494664 lifecam22 3191.82861328 5860.03613281 4.587266922
1478878494729 lifecam22 3191.72705078 5860.08056641 4.5863366127
1478878494797 lifecam22 3191.35302734 5860.40478516 4.58772230148
1478878494870 lifecam22 3192.20092773 5859.99072266 4.58197212219
1478878494931 lifecam22 3192.74658203 5860.11767578 4.58522129059
1478878495069 lifecam22 3192.06494141 5860.31201172 4.5769162178
1478878495135 lifecam22 3193.40478516 5859.71923828 4.57351541519
1478878495204 lifecam22 3193.38964844 5859.70410156 4.58238506317
1478878495270 lifecam22 3193.61889648 5859.22949219 4.58232593536
1478878495337 lifecam22 3192.47143555 5858.66455078 4.57930850983
1478878495535 lifecam22 3192.47412109 5858.92138672 4.57908153534
1478878495605 lifecam22 3193.50512695 5859.66943359 4.57445192337
1478878495673 lifecam22 3193.47143555 5859.51318359 4.58205080032
1478878495737 lifecam22 3190.86083984 5860.45263672 4.58850574493
1478878495795 lifecam22 3192.67456055 5859.77636719 4.58738136292
1478878495942 lifecam22 3184.62792969 5866.03857422 4.62563705444
1478878496006 lifecam22 3180.85668945 5868.11279297 4.63447952271
1478878496071 lifecam22 3180.77197266 5872.27978516 4.66659641266
1478878496132 lifecam22 3174.80175781 5873.51269531 4.67929506302
1478878496204 lifecam22 3168.50952148 5875.11914062 4.68555402756
1478878496405 lifecam22 3159.22973633 5885.10888672 4.75904083252
1478878496465 lifecam22 3152.38525391 5885.40039062 4.76048183441
1478878496530 lifecam22 3149.01635742 5886.79736328 4.77468729019
1478878496596 lifecam22 3144.53686523 5887.74609375 4.78228378296
1478878496667 lifecam22 3139.10620117 5889.26464844 4.80018663406
1478878496808 lifecam22 3130.47827148 5893.52490234 4.83616733551
1478878496875 lifecam22 3126.16772461 5894.81884766 4.84776544571
1478878496936 lifecam22 3122.38793945 5896.43603516 4.86862182617
1478878496998 lifecam22 3116.98388672 5897.43554688 4.88281917572
1478878497069 lifecam22 3112.81835938 5898.84765625 4.89565896988
1478878497272 lifecam22 3099.45092773 5903.34033203 4.95366573334
1478878497341 lifecam22 3094.65942383 5904.76171875 4.97189855576
1478878497408 lifecam22 3089.40649414 5904.51318359 4.98336839676
1478878497472 lifecam22 3085.3894043 5906.02832031 5.00570774078
1478878497532 lifecam22 3080.91650391 5906.11914062 5.01490211487
1478878497671 lifecam22 3072.13061523 5907.84423828 5.04761123657
1478878497737 lifecam22 3067.32543945 5908.16601562 5.0683889389
1478878497803 lifecam22 3063.62841797 5908.82958984 5.07899475098
1478878497871 lifecam22 3059.05004883 5908.20947266 5.09529352188
1478878497936 lifecam22 3053.67724609 5909.19335938 5.11120843887
1478878498138 lifecam22 3039.8737793 5909.86230469 5.15967082977
1478878498203 lifecam22 3034.59179688 5910.77246094 5.18544912338
1478878498274 lifecam22 3030.35131836 5910.58496094 5.19581651688
1478878498338 lifecam22 3026.35693359 5910.35205078 5.21232461929
1478878498404 lifecam22 3020.62963867 5911.6953125 5.23198318481
1478878498546 lifecam22 3011.53027344 5910.92382812 5.26557636261
1478878498611 lifecam22 3007.11279297 5911.43457031 5.28499174118
1478878498670 lifecam22 3002.37695312 5910.43945312 5.29990816116
1478878498738 lifecam22 2997.97314453 5910.44384766 5.31897687912
1478878498807 lifecam22 2992.86474609 5909.22558594 5.33362817764
1478878499010 lifecam22 2978.64941406 5907.87646484 5.38651514053
1478878499069 lifecam22 2974.36401367 5907.49560547 5.40481281281
1478878499137 lifecam22 2969.00292969 5905.41943359 5.41728162766
1478878499204 lifecam22 2964.75756836 5903.92431641 5.43215751648
1478878499271 lifecam22 2959.98022461 5904.53466797 5.4569439888
1478878499399 lifecam22 2951.50341797 5901.30175781 5.48818635941
1478878499469 lifecam22 2947.21801758 5901.03222656 5.50908708572
1478878499602 lifecam22 2938.5090332 5895.78466797 5.53024721146
1478878499674 lifecam22 2934.08959961 5894.81982422 5.55191659927
1478878499870 lifecam22 2921.27124023 5891.40429688 5.61088991165
1478878499946 lifecam22 2916.43359375 5888.54443359 5.62324953079
1478878500015 lifecam22 2911.51806641 5887.25292969 5.64200019836
1478878500080 lifecam22 2908.40722656 5884.28955078 5.65498638153
1478878500280 lifecam22 2895.02832031 5878.22607422 5.70657253265
1478878500343 lifecam22 2890.88232422 5877.57324219 5.73160839081
1478878500473 lifecam22 2883.13842773 5872.27392578 5.76099729538
1478878500549 lifecam22 2879.13720703 5869.61669922 5.7788310051
1478878500691 lifecam22 2870.20092773 5866.07666016 5.81988143921
1478878500748 lifecam22 2866.81201172 5861.92871094 5.83129549026
1478878500815 lifecam22 2861.74462891 5861.21435547 5.8578619957
1478878501150 lifecam22 2844.60839844 5844.17675781 5.92952394485
1478878501216 lifecam22 2840.15209961 5841.14892578 5.94603157043
1478878501280 lifecam22 2837.74047852 5837.71289062 5.95856571198
1478878501414 lifecam22 2831.13891602 5831.20166016 5.98959159851
1478878501548 lifecam22 2824.39599609 5823.42773438 6.02021551132
1478878501617 lifecam22 2820.82226562 5820.73535156 6.04367494583
1478878501689 lifecam22 2817.04638672 5816.86816406 6.05780649185
1478878501739 lifecam22 2814.50463867 5812.97119141 6.07527589798
1478878501809 lifecam22 2811.29882812 5810.13476562 6.09294843674
1478878501882 lifecam22 2808.53637695 5806.23583984 6.10949850082
1478878501952 lifecam22 2805.44482422 5801.91113281 6.12335729599
1478878502018 lifecam22 2802.26000977 5798.30322266 6.14203691483
1478878502086 lifecam22 2799.70581055 5794.31738281 6.15805912018
1478878502150 lifecam22 2796.56958008 5791.16650391 6.17629432678
1478878502355 lifecam22 2790.64770508 5778.08642578 6.21757745743
1478878502417 lifecam22 2786.96972656 5774.02294922 6.23808240891
1478878502486 lifecam22 2785.01977539 5772.00097656 6.25745344162
1478878502553 lifecam22 2780.41845703 5766.58447266 6.27325057983
1478878502618 lifecam22 2780.24536133 5759.76367188 6.27343463898
1478878502688 lifecam22 2775.69287109 5757.54248047 0.024158898741
1478878502755 lifecam22 2773.86328125 5753.3046875 0.0366870798171
1478878502817 lifecam22 2772.86669922 5749.24414062 0.0615307800472
1478878502882 lifecam22 2769.3293457 5745.20556641 0.0861565470695
1478878502944 lifecam22 2768.55908203 5741.61669922 0.0991442799568
1478878503087 lifecam22 2767.76000977 5734.22509766 0.111046373844
1478878503152 lifecam22 2768.78930664 5735.55078125 0.103088326752
1478878503220 lifecam22 2769.22070312 5734.03125 0.102833330631
1478878503282 lifecam22 2768.76977539 5735.02441406 0.103632867336
1478878503350 lifecam22 2768.70703125 5734.70849609 0.104423701763
1478878503484 lifecam22 2768.67504883 5734.86669922 0.104597151279
1478878503552 lifecam22 2768.65136719 5734.62304688 0.104983150959
1478878503618 lifecam22 2768.61914062 5734.78125 0.105155996978
1478878503687 lifecam22 2768.70703125 5734.70849609 0.104423701763
1478878503753 lifecam22 2768.65136719 5734.62304688 0.104983150959
1478878503890 lifecam22 2768.70703125 5734.70849609 0.104423701763
1478878503954 lifecam22 2768.61914062 5734.78125 0.105155996978
1478878504023 lifecam22 2768.65136719 5734.62304688 0.104983150959
1478878504083 lifecam22 2768.65136719 5734.62304688 0.104983150959
1478878504153 lifecam22 2768.65136719 5734.62304688 0.104983150959
1478878504287 lifecam22 2768.65136719 5734.62304688 0.104983150959
1478878504351 lifecam22 2768.65136719 5734.62304688 0.104983150959
