1478878554836 lifecam22 3188.81005859 5857.58105469 4.5766787529
1478878555699 lifecam22 3190.58886719 5858.52978516 4.58389234543
1478878555769 lifecam22 3190.04174805 5857.94140625 4.58299446106
1478878555831 lifecam22 3189.29931641 5857.56347656 4.57853555679
1478878555897 lifecam22 3188.40820312 5857.11572266 4.57577514648
1478878555958 lifecam22 3184.67431641 5857.60107422 4.57606649399
1478878556100 lifecam22 3174.20678711 5862.46337891 4.60700130463
1478878556163 lifecam22 3169.94726562 5864.77441406 4.62232637405
1478878556234 lifecam22 3164.16015625 5868.29492188 4.6359667778
1478878556297 lifecam22 3162.02172852 5869.90332031 4.64831113815
1478878556365 lifecam22 3159.57373047 5873.54638672 4.67326641083
1478878556506 lifecam22 3148.08911133 5875.64599609 4.69070243835
1478878556564 lifecam22 3144.69824219 5879.33105469 4.71764850616
1478878556630 lifecam22 3142.97949219 5883.52441406 4.75230646133
1478878556706 lifecam22 3136.91772461 5884.81298828 4.75778388977
1478878556770 lifecam22 3131.76928711 5885.32324219 4.76632022858
1478878556974 lifecam22 3119.30444336 5891.47363281 4.81933355331
1478878557034 lifecam22 3115.1184082 5893.65332031 4.83950471878
1478878557101 lifecam22 3109.90649414 5895.63232422 4.85573196411
1478878557168 lifecam22 3106.2043457 5895.95166016 4.8674325943
1478878557234 lifecam22 3101.45117188 5897.41699219 4.88723611832
1478878557432 lifecam22 3088.41308594 5901.67724609 4.93712615967
1478878557499 lifecam22 3084.40380859 5902.23193359 4.95099306107
1478878557563 lifecam22 3079.98657227 5905.359375 4.96457719803
1478878557630 lifecam22 3075.4284668 5908.56933594 4.98418951035
1478878557697 lifecam22 3070.56762695 5910.2109375 5.00118875504
1478878557840 lifecam22 3062.22021484 5911.36474609 5.04655313492
1478878557900 lifecam22 3057.27539062 5908.97167969 5.06149673462
1478878557971 lifecam22 3052.86181641 5908.96728516 5.0764837265
1478878558036 lifecam22 3048.0222168 5909.45654297 5.08905124664
1478878558103 lifecam22 3044.12988281 5910.18066406 5.11101675034
1478878558307 lifecam22 3030.12890625 5912.70507812 5.16082334518
1478878558373 lifecam22 3025.24707031 5911.82470703 5.17186307907
1478878558432 lifecam22 3021.02050781 5912.86035156 5.19524717331
1478878558501 lifecam22 3015.89770508 5912.30810547 5.20730781555
1478878558566 lifecam22 3011.20556641 5912.73242188 5.22570705414
1478878558704 lifecam22 3000.97290039 5911.81640625 5.25750112534
1478878558764 lifecam22 2996.30224609 5913.48144531 5.28230381012
1478878558832 lifecam22 2991.56445312 5912.37744141 5.29609775543
1478878558899 lifecam22 2987.45263672 5912.91748047 5.31506729126
1478878558963 lifecam22 2982.30981445 5911.32519531 5.32594060898
1478878559110 lifecam22 2973.23144531 5909.36474609 5.35725784302
1478878559171 lifecam22 2967.19287109 5908.10888672 5.37426567078
1478878559240 lifecam22 2964.02832031 5907.73535156 5.39008903503
1478878559304 lifecam22 2959.24560547 5906.34033203 5.40605068207
1478878559371 lifecam22 2954.90820312 5905.19433594 5.41805696487
1478878559440 lifecam22 2950.04345703 5902.33691406 5.42861127853
1478878559506 lifecam22 2945.80175781 5903.41259766 5.44918012619
1478878559572 lifecam22 2937.31201172 5897.02783203 5.46255254745
1478878559641 lifecam22 2935.58154297 5900.21875 5.48943662643
1478878559704 lifecam22 2932.17919922 5901.69433594 5.52052879333
1478878559906 lifecam22 2918.38476562 5895.92724609 5.56531143188
1478878559972 lifecam22 2913.92553711 5893.67431641 5.57449531555
1478878560038 lifecam22 2909.24511719 5892.25976562 5.59495210648
1478878560106 lifecam22 2904.73339844 5892.27490234 5.6217751503
1478878560173 lifecam22 2900.95556641 5890.55322266 5.63807582855
1478878560308 lifecam22 2892.59692383 5886.72802734 5.66968202591
1478878560439 lifecam22 2883.48706055 5882.01464844 5.70174837112
1478878560505 lifecam22 2879.04785156 5878.80712891 5.71772289276
1478878560568 lifecam22 2874.90429688 5878.12158203 5.74001598358
1478878560697 lifecam22 2866.41845703 5873.19726562 5.77216482162
1478878560775 lifecam22 2862.94213867 5870.72753906 5.78779220581
1478878560908 lifecam22 2855.26098633 5866.14453125 5.82108306885
1478878560973 lifecam22 2852.12939453 5861.02539062 5.82631206512
1478878561099 lifecam22 2844.49243164 5856.15722656 5.86267662048
1478878561179 lifecam22 2839.89379883 5852.98925781 5.88038921356
1478878561242 lifecam22 2836.67822266 5849.78955078 5.89314413071
1478878561309 lifecam22 2832.37060547 5846.81982422 5.91298484802
1478878561376 lifecam22 2828.92163086 5844.29541016 5.92947864532
1478878561643 lifecam22 2815.84057617 5829.54101562 5.99064397812
1478878561708 lifecam22 2811.2956543 5827.12011719 6.0115685463
1478878561778 lifecam22 2808.5378418 5823.36328125 6.02720022202
1478878561907 lifecam22 2801.69677734 5817.29736328 6.06165122986
1478878561973 lifecam22 2799.66748047 5813.13330078 6.07652044296
1478878562046 lifecam22 2795.97851562 5809.05419922 6.08987283707
1478878562115 lifecam22 2793.50439453 5805.27148438 6.10794115067
1478878562176 lifecam22 2789.35375977 5801.75585938 6.1311211586
1478878562311 lifecam22 2783.32373047 5794.35791016 6.16385364532
1478878562378 lifecam22 2780.78344727 5790.91699219 6.18125295639
1478878562446 lifecam22 2779.11962891 5785.5234375 6.1903181076
1478878562514 lifecam22 2775.84057617 5783.14111328 6.21220207214
1478878562577 lifecam22 2772.46582031 5778.11865234 6.2277970314
1478878562718 lifecam22 2769.45410156 5769.62255859 6.25163030624
1478878562777 lifecam22 2766.74682617 5766.43164062 6.26902151108
1478878562843 lifecam22 2765.58422852 5760.13183594 6.27532339096
1478878562902 lifecam22 2761.48388672 5756.94873047 0.0192317422479
1478878562971 lifecam22 2760.38525391 5752.66845703 0.0294359363616
1478878563038 lifecam22 2758.53393555 5747.27294922 0.0452994778752
1478878563112 lifecam22 2755.62768555 5743.86669922 0.0709050297737
1478878563179 lifecam22 2756.85791016 5743.07080078 0.0681905299425
1478878563242 lifecam22 2756.54516602 5743.81640625 0.0651922821999
1478878563312 lifecam22 2756.29345703 5743.88720703 0.070535607636
1478878563377 lifecam22 2756.51000977 5744.22314453 0.0708184838295
1478878563512 lifecam22 2756.46044922 5743.89013672 0.069028198719
1478878563580 lifecam22 2756.39233398 5744.12158203 0.0695342421532
1478878563647 lifecam22 2756.43066406 5744.11035156 0.0702834799886
1478878563708 lifecam22 2756.58862305 5743.65283203 0.0668411850929
1478878563780 lifecam22 2756.70532227 5743.78027344 0.0668689608574
1478878563922 lifecam22 2756.66821289 5743.41162109 0.0646619200706
1478878563977 lifecam22 2756.58081055 5743.60839844 0.0649275258183
1478878564046 lifecam22 2756.45043945 5743.72216797 0.0664970427752
1478878564114 lifecam22 2756.5078125 5743.85107422 0.0686401724815
1478878564181 lifecam22 2756.41772461 5744.05273438 0.0689138919115
1478878564312 lifecam22 2756.42333984 5744.27636719 0.0703266263008
1478878564378 lifecam22 2756.44287109 5743.71582031 0.0677257329226
