1478878740385 lifecam22 3190.64331055 5857.35107422 4.57985925674
1478878740449 lifecam22 3189.98266602 5857.50244141 4.58027887344
1478878740518 lifecam22 3190.87133789 5857.94335938 4.58572006226
1478878740651 lifecam22 3189.4855957 5856.98974609 4.57755947113
1478878740715 lifecam22 3188.14306641 5855.80273438 4.5687494278
1478878740780 lifecam22 3188.30102539 5855.66503906 4.56898546219
1478878740847 lifecam22 3188.37817383 5855.47070312 4.56738233566
1478878740917 lifecam22 3188.37231445 5855.71777344 4.56833553314
1478878741051 lifecam22 3190.41186523 5858.81494141 4.58901500702
1478878741120 lifecam22 3190.84375 5859.19482422 4.59419679642
1478878741187 lifecam22 3191.30395508 5859.04345703 4.59094572067
1478878741251 lifecam22 3191.95703125 5859.20898438 4.5928850174
1478878741319 lifecam22 3191.73706055 5859.02001953 4.592212677
1478878741456 lifecam22 3194.09545898 5859.77978516 4.59564781189
1478878741527 lifecam22 3193.26245117 5859.29541016 4.59422397614
1478878741591 lifecam22 3190.76928711 5858.87353516 4.59380578995
1478878741658 lifecam22 3191.24389648 5858.90478516 4.59053468704
1478878741854 lifecam22 3181.18969727 5863.60302734 4.62137126923
1478878741925 lifecam22 3179.72729492 5865.13183594 4.63704156876
1478878741986 lifecam22 3173.1484375 5865.91015625 4.64202785492
1478878742055 lifecam22 3168.14038086 5868.80761719 4.65443325043
1478878742121 lifecam22 3168.56567383 5872.74316406 4.69065761566
1478878742258 lifecam22 3156.4753418 5874.63964844 4.70311594009
1478878742324 lifecam22 3151.24243164 5875.57128906 4.71314382553
1478878742385 lifecam22 3149.34667969 5879.10253906 4.74309873581
1478878742454 lifecam22 3144.80834961 5881.39746094 4.75996398926
1478878742522 lifecam22 3140.55029297 5884.90380859 4.78058719635
1478878742657 lifecam22 3131.2800293 5887.98291016 4.81187391281
1478878742721 lifecam22 3127.37670898 5890.20019531 4.82902908325
1478878742791 lifecam22 3123.9609375 5893.15380859 4.85952281952
1478878742860 lifecam22 3119.33569336 5894.55908203 4.87135362625
1478878742923 lifecam22 3113.51245117 5894.35644531 4.87738418579
1478878743062 lifecam22 3105.96875 5897.26269531 4.91503810883
1478878743123 lifecam22 3100.52783203 5898.97216797 4.93037748337
1478878743193 lifecam22 3096.57885742 5900.45703125 4.95118713379
1478878743261 lifecam22 3091.30834961 5902.32226562 4.97266721725
1478878743322 lifecam22 3087.21411133 5903.03857422 4.98568916321
1478878743400 lifecam22 3082.39672852 5903.73632812 4.99921894073
1478878743461 lifecam22 3077.8815918 5904.9609375 5.01698541641
1478878743522 lifecam22 3073.53466797 5905.07080078 5.03296375275
1478878743583 lifecam22 3068.93530273 5906.38867188 5.04854869843
1478878743663 lifecam22 3065.0859375 5906.79199219 5.06444406509
1478878743797 lifecam22 3055.25976562 5907.40625 5.09452629089
1478878743851 lifecam22 3050.86352539 5908.21923828 5.11217784882
1478878743927 lifecam22 3046.33911133 5907.64013672 5.12006664276
1478878743984 lifecam22 3042.5690918 5908.59130859 5.14187192917
1478878744060 lifecam22 3036.40307617 5908.73876953 5.1596570015
1478878744259 lifecam22 3023.22460938 5910.68847656 5.21571302414
1478878744330 lifecam22 3018.46826172 5909.37353516 5.22492647171
1478878744395 lifecam22 3013.1809082 5908.99169922 5.24164581299
1478878744458 lifecam22 3008.70947266 5909.73876953 5.26416540146
1478878744529 lifecam22 3003.93823242 5908.47412109 5.27518558502
1478878744667 lifecam22 2995.01318359 5908.08398438 5.30944633484
1478878744725 lifecam22 2990.09423828 5907.36328125 5.32340431213
1478878744795 lifecam22 2985.39086914 5907.27099609 5.34200763702
1478878744855 lifecam22 2980.31518555 5905.44287109 5.35638475418
1478878744926 lifecam22 2975.43554688 5905.86621094 5.3787021637
1478878745000 lifecam22 2971.28466797 5903.78857422 5.39018774033
1478878745061 lifecam22 2966.10864258 5904.26367188 5.41122150421
1478878745127 lifecam22 2962.36230469 5903.51416016 5.42718935013
1478878745195 lifecam22 2956.95263672 5902.21728516 5.44484138489
1478878745262 lifecam22 2953.41918945 5901.87939453 5.46514034271
1478878745462 lifecam22 2938.98193359 5898.70019531 5.52140569687
1478878745529 lifecam22 2934.88037109 5897.52636719 5.53709983826
1478878745664 lifecam22 2926.50805664 5894.6484375 5.57528877258
1478878745726 lifecam22 2922.82958984 5890.35595703 5.57904243469
1478878745856 lifecam22 2914.00610352 5887.64990234 5.61408185959
1478878745921 lifecam22 2908.90820312 5887.14208984 5.6387591362
1478878745991 lifecam22 2904.46166992 5884.40478516 5.65062475204
1478878746056 lifecam22 2900.09057617 5881.86962891 5.66337919235
1478878746129 lifecam22 2895.6003418 5880.40966797 5.6863617897
1478878746266 lifecam22 2887.07983398 5876.38769531 5.72161483765
1478878746329 lifecam22 2882.81640625 5874.13867188 5.7361831665
1478878746395 lifecam22 2878.71923828 5872.19482422 5.75946092606
1478878746456 lifecam22 2875.05517578 5869.28125 5.7682094574
1478878746523 lifecam22 2870.61523438 5866.54296875 5.78342866898
1478878746659 lifecam22 2861.73779297 5862.54931641 5.82651185989
1478878746721 lifecam22 2858.21606445 5858.26318359 5.83645343781
1478878746803 lifecam22 2853.92895508 5856.41503906 5.85821485519
1478878746865 lifecam22 2850.37182617 5853.35253906 5.87007331848
1478878746930 lifecam22 2846.90283203 5849.76123047 5.88790512085
1478878747059 lifecam22 2840.34570312 5844.10791016 5.91969442368
1478878747129 lifecam22 2835.91259766 5840.58544922 5.93682193756
1478878747197 lifecam22 2832.81835938 5838.03613281 5.95238780975
1478878747263 lifecam22 2830.12988281 5833.47412109 5.96464061737
1478878747329 lifecam22 2825.22924805 5832.36816406 5.99135351181
1478878747462 lifecam22 2819.44311523 5824.67822266 6.01653814316
1478878747534 lifecam22 2816.80200195 5819.5390625 6.02812099457
1478878747601 lifecam22 2812.98535156 5816.78515625 6.04658174515
1478878747669 lifecam22 2810.2668457 5813.28662109 6.06229639053
1478878747736 lifecam22 2806.24755859 5810.69335938 6.08785009384
1478878747859 lifecam22 2800.09814453 5803.01611328 6.12074041367
1478878747929 lifecam22 2796.54052734 5800.14404297 6.14492797852
1478878747997 lifecam22 2793.18457031 5795.94140625 6.15992689133
1478878748066 lifecam22 2790.65478516 5791.84472656 6.17457675934
1478878748132 lifecam22 2787.86523438 5788.60253906 6.19467306137
1478878748206 lifecam22 2785.56567383 5784.00390625 6.20690011978
1478878748257 lifecam22 2784.70410156 5778.66015625 6.21356487274
1478878748334 lifecam22 2779.87988281 5777.640625 6.24682664871
1478878748400 lifecam22 2778.00170898 5771.97802734 6.25730705261
1478878748464 lifecam22 2776.39599609 5764.84179688 6.25609874725
1478878748609 lifecam22 2769.8359375 5758.91845703 0.0191364921629
1478878748662 lifecam22 2767.64257812 5754.17626953 0.0323212817311
1478878748727 lifecam22 2766.59155273 5749.10058594 0.0447480119765
1478878748794 lifecam22 2763.49804688 5747.35839844 0.0795840620995
1478878748860 lifecam22 2761.73266602 5742.08740234 0.0905198454857
1478878749067 lifecam22 2761.65063477 5738.77197266 0.0963205695152
1478878749132 lifecam22 2762.859375 5736.2890625 0.0893498212099
1478878749200 lifecam22 2762.52075195 5738.06738281 0.0943308547139
1478878749265 lifecam22 2762.44995117 5737.21679688 0.0927811264992
1478878749333 lifecam22 2762.21069336 5737.90771484 0.0944607928395
1478878749467 lifecam22 2762.55224609 5737.38183594 0.0945329144597
1478878749525 lifecam22 2762.35620117 5737.79785156 0.094684779644
1478878749593 lifecam22 2762.53198242 5737.24707031 0.0933528617024
1478878749672 lifecam22 2762.15112305 5737.70458984 0.096612393856
1478878749734 lifecam22 2762.39331055 5737.37792969 0.0946503281593
