1478878578665 lifecam22 3192.99316406 5860.52783203 4.60083770752
1478878578734 lifecam22 3193.55078125 5861.33691406 4.60622596741
1478878578805 lifecam22 3193.36157227 5861.32177734 4.60718393326
1478878578870 lifecam22 3193.33349609 5861.56298828 4.60676336288
1478878578928 lifecam22 3194.35424805 5861.99023438 4.61318349838
1478878579063 lifecam22 3196.01171875 5863.15576172 4.62714242935
1478878579136 lifecam22 3195.68286133 5863.01611328 4.62551832199
1478878579201 lifecam22 3195.49072266 5862.74169922 4.62399101257
1478878579269 lifecam22 3194.93505859 5862.30273438 4.62070083618
1478878579335 lifecam22 3194.19726562 5861.86132812 4.61702156067
1478878579409 lifecam22 3193.97729492 5861.28808594 4.61546611786
1478878579463 lifecam22 3194.33203125 5861.84277344 4.61963796616
1478878579535 lifecam22 3194.36743164 5862.00195312 4.61984872818
1478878579603 lifecam22 3194.28271484 5861.40478516 4.61687707901
1478878579675 lifecam22 3194.41796875 5861.76953125 4.61641120911
1478878579864 lifecam22 3193.37353516 5860.95605469 4.6063914299
1478878579934 lifecam22 3192.59472656 5861.37988281 4.6042265892
1478878580005 lifecam22 3193.17724609 5860.51416016 4.59984970093
1478878580067 lifecam22 3193.03271484 5860.9375 4.60203075409
1478878580141 lifecam22 3193.24169922 5860.86279297 4.6079044342
1478878580272 lifecam22 3194.10888672 5861.0078125 4.61303567886
1478878580339 lifecam22 3193.3347168 5861.43701172 4.61761617661
1478878580400 lifecam22 3188.2578125 5860.67773438 4.61013269424
1478878580469 lifecam22 3179.76025391 5862.59472656 4.62105751038
1478878580536 lifecam22 3179.27758789 5865.51074219 4.64137506485
1478878580677 lifecam22 3168.19799805 5871.41796875 4.67779445648
1478878580738 lifecam22 3168.69873047 5874.42431641 4.70245504379
1478878580809 lifecam22 3162.94506836 5875.63476562 4.70817947388
1478878580873 lifecam22 3156.45751953 5875.79492188 4.70850896835
1478878580936 lifecam22 3151.96826172 5876.81152344 4.72270917892
1478878581134 lifecam22 3138.85668945 5884.41992188 4.77925491333
1478878581208 lifecam22 3134.84838867 5886.77392578 4.79859209061
1478878581274 lifecam22 3130.41625977 5888.06347656 4.81178808212
1478878581340 lifecam22 3125.54833984 5889.53564453 4.82076072693
1478878581404 lifecam22 3122.07543945 5891.77685547 4.85147619247
1478878581537 lifecam22 3112.42431641 5894.18652344 4.8757390976
1478878581605 lifecam22 3109.02270508 5896.25488281 4.89908456802
1478878581679 lifecam22 3104.11694336 5896.7265625 4.91285896301
1478878581741 lifecam22 3099.29492188 5897.50146484 4.92435121536
1478878581810 lifecam22 3094.00048828 5898.72607422 4.94139528275
1478878581935 lifecam22 3085.86962891 5901.39208984 4.97554731369
1478878582011 lifecam22 3080.6027832 5902.64648438 4.99392414093
1478878582074 lifecam22 3076.5168457 5903.13623047 5.00795507431
1478878582135 lifecam22 3072.21020508 5904.59228516 5.02921724319
1478878582200 lifecam22 3067.81054688 5906.14453125 5.0465631485
1478878582339 lifecam22 3057.86865234 5906.43212891 5.07597732544
1478878582406 lifecam22 3054.82495117 5907.90966797 5.09823703766
1478878582473 lifecam22 3049.42211914 5908.06103516 5.11486101151
1478878582542 lifecam22 3045.18457031 5909.25634766 5.13321828842
1478878582609 lifecam22 3039.57910156 5907.51074219 5.13935565948
1478878582736 lifecam22 3029.99707031 5907.90185547 5.17109966278
1478878582812 lifecam22 3026.58642578 5909.24951172 5.1932311058
1478878582876 lifecam22 3021.01806641 5910.59130859 5.21771860123
1478878582945 lifecam22 3017.23852539 5909.58544922 5.22786426544
1478878583006 lifecam22 3011.41015625 5909.44140625 5.24458789825
1478878583144 lifecam22 3002.24487305 5908.625 5.27469825745
1478878583206 lifecam22 2997.41479492 5909.04833984 5.29413223267
1478878583267 lifecam22 2992.83325195 5908.18505859 5.31019735336
1478878583331 lifecam22 2988.56323242 5907.31835938 5.32168292999
1478878583407 lifecam22 2983.70629883 5906.68945312 5.33900356293
1478878583546 lifecam22 2974.19042969 5904.62304688 5.368663311
1478878583609 lifecam22 2970.14379883 5903.34667969 5.383228302
1478878583679 lifecam22 2965.17236328 5903.49853516 5.40499067307
1478878583741 lifecam22 2960.52685547 5902.60693359 5.42426156998
1478878583804 lifecam22 2954.19726562 5896.70849609 5.4215593338
1478878583941 lifecam22 2947.12036133 5898.45898438 5.47199201584
1478878584012 lifecam22 2942.22753906 5897.97949219 5.4895362854
1478878584080 lifecam22 2934.86743164 5893.97265625 5.51191949844
1478878584147 lifecam22 2931.79150391 5896.01318359 5.53096008301
1478878584208 lifecam22 2928.48291016 5894.00537109 5.54377746582
1478878584282 lifecam22 2923.70019531 5893.10839844 5.56537485123
1478878584341 lifecam22 2919.98803711 5893.75537109 5.59539365768
1478878584411 lifecam22 2915.81518555 5889.92431641 5.60205602646
1478878584479 lifecam22 2911.71972656 5888.40820312 5.615275383
1478878584536 lifecam22 2907.24511719 5885.43261719 5.62575769424
1478878584684 lifecam22 2898.55322266 5881.60107422 5.66370725632
1478878584809 lifecam22 2889.80541992 5878.34472656 5.70304822922
1478878584868 lifecam22 2885.18188477 5876.23291016 5.72304058075
1478878584942 lifecam22 2882.17358398 5873.00341797 5.7320432663
1478878585078 lifecam22 2873.125 5869.20507812 5.77002429962
1478878585145 lifecam22 2869.26025391 5867.59179688 5.79040050507
1478878585214 lifecam22 2865.26660156 5864.375 5.80021095276
1478878585277 lifecam22 2861.07666016 5862.15527344 5.81742286682
1478878585346 lifecam22 2857.44750977 5858.44824219 5.83433389664
1478878585478 lifecam22 2849.80200195 5853.39013672 5.86835861206
1478878585543 lifecam22 2846.43823242 5849.13769531 5.87539768219
1478878585609 lifecam22 2841.95922852 5847.38085938 5.89890861511
1478878585668 lifecam22 2838.43969727 5843.77587891 5.91393375397
1478878585738 lifecam22 2834.53051758 5840.88623047 5.93510580063
1478878585878 lifecam22 2828.15161133 5833.59326172 5.96502113342
1478878585949 lifecam22 2824.01489258 5831.58789062 5.98355340958
1478878586014 lifecam22 2820.58813477 5826.98583984 5.99769258499
1478878586080 lifecam22 2817.86401367 5823.59570312 6.01151657104
1478878586147 lifecam22 2815.07250977 5819.54736328 6.02446889877
1478878586283 lifecam22 2808.75390625 5813.41992188 6.0598282814
1478878586348 lifecam22 2805.07006836 5809.07763672 6.07978630066
1478878586413 lifecam22 2801.77929688 5806.18310547 6.10019922256
1478878586480 lifecam22 2798.63818359 5801.46777344 6.11615180969
1478878586549 lifecam22 2794.89599609 5798.76660156 6.13588237762
1478878586620 lifecam22 2792.80908203 5794.20703125 6.14897298813
1478878586687 lifecam22 2789.3137207 5791.42724609 6.1682510376
1478878586748 lifecam22 2786.90234375 5787.76904297 6.18951320648
1478878586813 lifecam22 2783.92041016 5783.3515625 6.20146274567
1478878586882 lifecam22 2782.81518555 5778.47167969 6.21108007431
1478878587022 lifecam22 2776.62402344 5771.28417969 6.24993562698
1478878587085 lifecam22 2775.75488281 5764.91992188 6.25678920746
1478878587143 lifecam22 2772.08227539 5762.68945312 6.28173398972
1478878587219 lifecam22 2769.30126953 5758.97363281 0.0186741966754
1478878587420 lifecam22 2763.29125977 5744.55175781 0.0573301948607
1478878587482 lifecam22 2761.20776367 5740.70214844 0.0740485787392
1478878587550 lifecam22 2759.99780273 5736.11816406 0.0928532555699
1478878587618 lifecam22 2759.68310547 5736.77539062 0.0948527529836
1478878587684 lifecam22 2759.30322266 5738.34716797 0.0972054749727
1478878587815 lifecam22 2759.37963867 5737.90185547 0.0981428027153
1478878587882 lifecam22 2759.97216797 5737.29052734 0.093224465847
1478878587948 lifecam22 2759.61499023 5737.58398438 0.096188724041
1478878588013 lifecam22 2759.56738281 5737.88183594 0.0964051038027
1478878588082 lifecam22 2759.37963867 5737.90185547 0.0981428027153
1478878588216 lifecam22 2759.52954102 5737.81787109 0.0983585640788
1478878588280 lifecam22 2759.49853516 5737.70947266 0.0974175333977
1478878588348 lifecam22 2759.52954102 5737.81787109 0.0983585640788
1478878588415 lifecam22 2759.52954102 5737.81787109 0.0983585640788
