1478879168711 lifecam22 3192.17749023 5858.35693359 4.58800792694
1478879168781 lifecam22 3192.12695312 5858.44628906 4.58874130249
1478879168856 lifecam22 3192.12695312 5858.44628906 4.58874130249
1478879168913 lifecam22 3192.17749023 5858.35693359 4.58800792694
1478879169052 lifecam22 3192.12695312 5858.44628906 4.58874130249
1478879169118 lifecam22 3192.16674805 5858.60498047 4.588950634
1478879169187 lifecam22 3192.12695312 5858.44628906 4.58874130249
1478879169253 lifecam22 3192.12695312 5858.44628906 4.58874130249
1478879169315 lifecam22 3192.12695312 5858.44628906 4.58874130249
1478879169454 lifecam22 3192.42480469 5858.55126953 4.59007978439
1478879169519 lifecam22 3192.43603516 5858.44091797 4.58910799026
1478879169586 lifecam22 3192.68579102 5858.47216797 4.58708047867
1478879169653 lifecam22 3192.54467773 5858.49072266 4.58180952072
1478879169713 lifecam22 3192.5690918 5858.1171875 4.57848310471
1478879169854 lifecam22 3191.98217773 5858.72998047 4.58605003357
1478879169917 lifecam22 3191.65625 5857.74804688 4.58480978012
1478879169980 lifecam22 3192.13818359 5858.33642578 4.58777093887
1478879170051 lifecam22 3192.0625 5858.00732422 4.58739566803
1478879170120 lifecam22 3191.57080078 5858.53222656 4.58876848221
1478879170248 lifecam22 3179.58886719 5862.00585938 4.60988855362
1478879170322 lifecam22 3176.07006836 5865.07763672 4.62929964066
1478879170387 lifecam22 3172.26708984 5867.51757812 4.65390491486
1478879170452 lifecam22 3166.99829102 5870.94970703 4.66312980652
1478879170521 lifecam22 3162.16015625 5870.73242188 4.66565656662
1478879170653 lifecam22 3156.07617188 5875.640625 4.7023525238
1478879170723 lifecam22 3149.65136719 5877.00976562 4.71679067612
1478879170789 lifecam22 3147.52319336 5882.3828125 4.75249481201
1478879170858 lifecam22 3143.80932617 5885.47167969 4.77574682236
1478879170924 lifecam22 3138.80126953 5887.24365234 4.79087209702
1478879171059 lifecam22 3129.50146484 5890.40380859 4.8155708313
1478879171126 lifecam22 3125.43676758 5891.48291016 4.83076381683
1478879171188 lifecam22 3120.85668945 5893.22412109 4.84694576263
1478879171258 lifecam22 3116.8059082 5895.4453125 4.87049770355
1478879171324 lifecam22 3110.62036133 5895.14501953 4.87323999405
1478879171456 lifecam22 3101.64624023 5897.77197266 4.90727996826
1478879171524 lifecam22 3098.75512695 5899.46240234 4.92368125916
1478879171592 lifecam22 3093.03442383 5899.48046875 4.93724775314
1478879171653 lifecam22 3088.54272461 5901.64990234 4.95640563965
1478879171721 lifecam22 3084.23730469 5902.17919922 4.97435283661
1478879171798 lifecam22 3078.80810547 5903.55566406 4.98830461502
1478879171859 lifecam22 3075.5715332 5904.91210938 5.00637054443
1478879171928 lifecam22 3070.46337891 5905.01660156 5.0235748291
1478879171989 lifecam22 3065.93286133 5906.13427734 5.03828763962
1478879172050 lifecam22 3060.76391602 5906.16162109 5.05328130722
1478879172255 lifecam22 3048.32177734 5907.17871094 5.09831476212
1478879172324 lifecam22 3044.02734375 5909.28222656 5.12108850479
1478879172382 lifecam22 3039.06323242 5907.33251953 5.12861204147
1478879172458 lifecam22 3033.22363281 5908.25439453 5.14949941635
1478879172521 lifecam22 3029.72875977 5908.73291016 5.16605567932
1478879172659 lifecam22 3020.2175293 5909.66699219 5.20456886292
1478879172727 lifecam22 3014.75317383 5909.12792969 5.21451950073
1478879172791 lifecam22 3010.70068359 5909.36376953 5.23284482956
1478879172860 lifecam22 3005.90600586 5909.95117188 5.25454378128
1478879172918 lifecam22 3001.3059082 5910.34912109 5.27203607559
1478879173061 lifecam22 2991.5847168 5908.85546875 5.30270910263
1478879173128 lifecam22 2987.34765625 5910.23828125 5.32625102997
1478879173193 lifecam22 2981.91357422 5909.16455078 5.34112501144
1478879173261 lifecam22 2978.21069336 5908.15136719 5.35505628586
1478879173328 lifecam22 2973.24951172 5907.87744141 5.375852108
1478879173454 lifecam22 2963.66479492 5906.25244141 5.40738010406
1478879173525 lifecam22 2958.48364258 5904.55664062 5.42178487778
1478879173592 lifecam22 2954.15063477 5903.88525391 5.43907356262
1478879173662 lifecam22 2949.71875 5902.20410156 5.45484495163
1478879173724 lifecam22 2945.15576172 5900.97314453 5.47091293335
1478879173859 lifecam22 2936.20654297 5897.31884766 5.50126409531
1478879173925 lifecam22 2932.38525391 5898.66259766 5.52965259552
1478879173982 lifecam22 2927.83691406 5895.85302734 5.54615402222
1478879174058 lifecam22 2924.25146484 5894.54589844 5.55730724335
1478879174120 lifecam22 2919.30761719 5891.99511719 5.57382535934
1478879174258 lifecam22 2910.61572266 5888.24755859 5.60497999191
1478879174326 lifecam22 2905.43701172 5886.90283203 5.6264295578
1478879174395 lifecam22 2901.46118164 5885.47753906 5.6412320137
1478879174459 lifecam22 2896.3515625 5882.88720703 5.65871334076
1478879174526 lifecam22 2892.95410156 5881.85888672 5.677754879
1478879174669 lifecam22 2884.49365234 5876.80712891 5.7088804245
1478879174722 lifecam22 2880.12036133 5875.62451172 5.72966241837
1478879174796 lifecam22 2875.8996582 5873.07763672 5.74360561371
1478879174864 lifecam22 2872.06201172 5870.28710938 5.75899267197
1478879174930 lifecam22 2868.00292969 5867.62646484 5.77473831177
1478879175060 lifecam22 2860.09985352 5862.140625 5.80666923523
1478879175128 lifecam22 2855.83691406 5860.29052734 5.82579660416
1478879175194 lifecam22 2851.80859375 5858.19189453 5.8466463089
1478879175260 lifecam22 2847.77441406 5854.28564453 5.85989952087
1478879175328 lifecam22 2843.90136719 5851.92333984 5.8759636879
1478879175400 lifecam22 2839.49511719 5848.95263672 5.89593219757
1478879175456 lifecam22 2836.14306641 5846.75097656 5.91362857819
1478879175528 lifecam22 2833.06713867 5842.83837891 5.92723083496
1478879175595 lifecam22 2828.49389648 5840.40576172 5.9492354393
1478879175667 lifecam22 2825.33935547 5836.71386719 5.96105861664
1478879175791 lifecam22 2819.66503906 5829.89648438 5.98907327652
1478879175858 lifecam22 2816.01904297 5826.26464844 6.00513982773
1478879175920 lifecam22 2812.36987305 5822.79248047 6.02135515213
1478879175994 lifecam22 2810.3371582 5818.46386719 6.03129673004
1478879176061 lifecam22 2805.83325195 5816.15039062 6.06000995636
1478879176195 lifecam22 2800.74487305 5807.33642578 6.08255767822
1478879176255 lifecam22 2796.94726562 5804.44335938 6.1021900177
1478879176324 lifecam22 2794.40722656 5800.22265625 6.11782503128
1478879176396 lifecam22 2791.1340332 5796.91210938 6.13668489456
1478879176461 lifecam22 2788.34179688 5793.41357422 6.15335607529
1478879176536 lifecam22 2784.91748047 5789.1328125 6.17299032211
1478879176596 lifecam22 2782.54711914 5785.20703125 6.18405485153
1478879176666 lifecam22 2780.05639648 5781.25244141 6.2027592659
1478879176729 lifecam22 2778.08447266 5777.10986328 6.21425819397
1478879176796 lifecam22 2777.02246094 5771.90625 6.2226934433
1478879176998 lifecam22 2769.83325195 5759.20751953 6.2696685791
1478879177064 lifecam22 2766.63745117 5755.82275391 0.0163134969771
1478879177130 lifecam22 2762.22558594 5754.56884766 0.0539756454527
1478879177198 lifecam22 2761.34082031 5749.15527344 0.0593282617629
1478879177264 lifecam22 2761.02709961 5742.63818359 0.0623986162245
1478879177400 lifecam22 2762.58422852 5742.85107422 0.0519458688796
1478879177454 lifecam22 2762.19140625 5742.48730469 0.0540227368474
1478879177524 lifecam22 2762.8659668 5742.46826172 0.050911013037
1478879177598 lifecam22 2762.50927734 5742.6484375 0.0527276434004
1478879177670 lifecam22 2762.17822266 5742.80566406 0.0543263591826
1478879177800 lifecam22 2762.50927734 5742.6484375 0.0527276434004
1478879177867 lifecam22 2762.54663086 5742.58349609 0.0521209836006
1478879177931 lifecam22 2762.50927734 5742.6484375 0.0527276434004
1478879177999 lifecam22 2762.50927734 5742.6484375 0.0527276434004
1478879178060 lifecam22 2762.42871094 5742.58691406 0.0535058416426
