1478878376693 lifecam22 3192.67260742 5857.82421875 4.59356403351
1478878376758 lifecam22 3192.39526367 5857.74511719 4.59373569489
1478878376826 lifecam22 3192.76855469 5858.13085938 4.59545516968
1478878376954 lifecam22 3192.5378418 5857.59960938 4.59017944336
1478878377021 lifecam22 3192.61743164 5857.65185547 4.58964729309
1478878377090 lifecam22 3192.51074219 5857.70605469 4.5911026001
1478878377155 lifecam22 3192.38671875 5857.49658203 4.59147644043
1478878377222 lifecam22 3192.5378418 5857.59960938 4.59017944336
1478878377357 lifecam22 3193.06567383 5857.87304688 4.58834886551
1478878377421 lifecam22 3193.45507812 5858.38867188 4.58542966843
1478878377480 lifecam22 3192.70458984 5857.96923828 4.58761262894
1478878377548 lifecam22 3191.99829102 5857.47363281 4.584420681
1478878377613 lifecam22 3192.02001953 5857.49267578 4.58947229385
1478878377752 lifecam22 3191.38525391 5857.00097656 4.58433866501
1478878377828 lifecam22 3183.41625977 5856.51806641 4.58228445053
1478878377888 lifecam22 3175.23461914 5859.42138672 4.59149599075
1478878378023 lifecam22 3170.55175781 5863.82666016 4.62700605392
1478878378160 lifecam22 3160.37011719 5866.62255859 4.64592409134
1478878378220 lifecam22 3159.83618164 5871.64648438 4.6801276207
1478878378280 lifecam22 3155.54199219 5874.27294922 4.69938421249
1478878378349 lifecam22 3149.00146484 5875.13427734 4.70249271393
1478878378423 lifecam22 3143.86865234 5875.93994141 4.71009206772
1478878378560 lifecam22 3137.05664062 5882.64355469 4.75734567642
1478878378614 lifecam22 3132.41650391 5885.49707031 4.77859354019
1478878378685 lifecam22 3128.40722656 5887.91894531 4.79964208603
1478878378763 lifecam22 3124.49194336 5888.90722656 4.8102812767
1478878378829 lifecam22 3118.92895508 5889.76074219 4.82251214981
1478878379032 lifecam22 3106.12304688 5894.88232422 4.87369394302
1478878379090 lifecam22 3101.46630859 5895.87841797 4.88742256165
1478878379154 lifecam22 3096.59228516 5897.58837891 4.90756225586
1478878379223 lifecam22 3093.13842773 5898.96826172 4.92579936981
1478878379285 lifecam22 3086.75732422 5898.0703125 4.93091440201
1478878379425 lifecam22 3079.03515625 5900.63134766 4.96526479721
1478878379487 lifecam22 3074.52661133 5903.43701172 4.99129152298
1478878379559 lifecam22 3069.4609375 5903.37207031 5.00227880478
1478878379681 lifecam22 3060.69091797 5905.50830078 5.03480672836
1478878379762 lifecam22 3056.02807617 5905.37353516 5.05554866791
1478878379828 lifecam22 3052.23291016 5906.51513672 5.07266139984
1478878379883 lifecam22 3046.51489258 5906.04736328 5.08131885529
1478878379953 lifecam22 3042.52319336 5907.4609375 5.10245513916
1478878380025 lifecam22 3037.57592773 5907.99560547 5.12360906601
1478878380164 lifecam22 3029.25170898 5909.04541016 5.15214538574
1478878380226 lifecam22 3023.88525391 5908.66210938 5.16850185394
1478878380292 lifecam22 3019.75756836 5909.73339844 5.19002580643
1478878380354 lifecam22 3014.44458008 5909.25878906 5.20367336273
1478878380427 lifecam22 3009.83544922 5909.56103516 5.22016334534
1478878380564 lifecam22 3000.32910156 5909.92138672 5.26001644135
1478878380627 lifecam22 2996.79614258 5907.74316406 5.26481103897
1478878380700 lifecam22 2990.8203125 5907.62939453 5.28085660934
1478878380750 lifecam22 2987.71240234 5907.52539062 5.29746246338
1478878380830 lifecam22 2982.09155273 5906.37304688 5.31229400635
1478878380956 lifecam22 2972.42822266 5906.71386719 5.35737848282
1478878381022 lifecam22 2964.46484375 5900.39648438 5.347032547
1478878381087 lifecam22 2959.98999023 5901.31005859 5.37292432785
1478878381161 lifecam22 2958.32519531 5903.24121094 5.39952468872
1478878381228 lifecam22 2953.41674805 5903.67480469 5.41870737076
1478878381363 lifecam22 2944.83007812 5901.53662109 5.45310544968
1478878381429 lifecam22 2937.05761719 5894.21679688 5.44662666321
1478878381496 lifecam22 2935.46508789 5899.15429688 5.49283504486
1478878381563 lifecam22 2930.97167969 5897.74804688 5.50928020477
1478878381627 lifecam22 2926.92041016 5898.65087891 5.53433799744
1478878381765 lifecam22 2917.58959961 5894.48974609 5.56233215332
1478878381831 lifecam22 2912.43408203 5892.27099609 5.57903146744
1478878381899 lifecam22 2908.56225586 5890.32519531 5.59078025818
1478878381966 lifecam22 2904.11572266 5888.95654297 5.61323738098
1478878382226 lifecam22 2887.49072266 5880.71142578 5.67587184906
1478878382295 lifecam22 2883.09228516 5878.91357422 5.69689416885
1478878382364 lifecam22 2879.61206055 5876.10791016 5.70633125305
1478878382431 lifecam22 2875.0 5873.90332031 5.72640371323
1478878382495 lifecam22 2871.54492188 5871.65869141 5.74002122879
1478878382702 lifecam22 2859.01513672 5864.23144531 5.79202604294
1478878382763 lifecam22 2854.20068359 5860.97460938 5.80843639374
1478878382830 lifecam22 2851.60424805 5858.63037109 5.82265520096
1478878383028 lifecam22 2839.72949219 5850.74462891 5.87721347809
1478878383099 lifecam22 2835.07592773 5847.64013672 5.89468860626
1478878383163 lifecam22 2831.53344727 5844.59521484 5.90928792953
1478878383222 lifecam22 2827.82763672 5842.34228516 5.92793798447
1478878383296 lifecam22 2823.83935547 5839.54882812 5.94982385635
1478878383432 lifecam22 2817.390625 5832.81542969 5.98298835754
1478878383502 lifecam22 2813.84082031 5829.30371094 5.99810791016
1478878383563 lifecam22 2810.20068359 5825.02880859 6.01186084747
1478878383632 lifecam22 2806.24658203 5823.23779297 6.03643798828
1478878383706 lifecam22 2803.57202148 5818.05908203 6.04406785965
1478878383837 lifecam22 2797.44116211 5811.42480469 6.07454252243
1478878383903 lifecam22 2794.65698242 5806.99609375 6.08965301514
1478878383966 lifecam22 2791.2512207 5803.17236328 6.10546064377
1478878384030 lifecam22 2789.16918945 5799.79589844 6.12000894547
1478878384092 lifecam22 2786.26098633 5796.10839844 6.13947916031
1478878384228 lifecam22 2780.94946289 5788.08691406 6.17154598236
1478878384292 lifecam22 2778.61791992 5783.61669922 6.17804145813
1478878384359 lifecam22 2776.55029297 5778.61962891 6.19540166855
1478878384431 lifecam22 2771.89331055 5776.49755859 6.2208442688
1478878384500 lifecam22 2769.64672852 5772.70410156 6.24547433853
1478878384573 lifecam22 2767.16992188 5768.12451172 6.26038694382
1478878384629 lifecam22 2763.19677734 5765.84716797 0.00763756455854
1478878384705 lifecam22 2761.14282227 5761.25976562 0.022410813719
1478878384772 lifecam22 2761.17089844 5754.77636719 0.0221474822611
1478878384836 lifecam22 2757.59521484 5751.7421875 0.0482631362975
1478878385033 lifecam22 2755.4453125 5743.29736328 0.0600110925734
1478878385102 lifecam22 2756.56542969 5743.26855469 0.053987685591
1478878385168 lifecam22 2755.4453125 5743.29736328 0.0600110925734
1478878385228 lifecam22 2756.33300781 5742.92236328 0.0548657849431
1478878385294 lifecam22 2756.03833008 5743.17382812 0.0573992170393
1478878385434 lifecam22 2755.18676758 5743.79589844 0.0621584095061
1478878385505 lifecam22 2756.57080078 5742.38867188 0.0523986294866
1478878385568 lifecam22 2756.33300781 5742.92236328 0.0548657849431
1478878385636 lifecam22 2755.52807617 5743.36035156 0.0592444576323
