1478879232820 lifecam22 3191.87133789 5855.93554688 4.61354923248
1478879232881 lifecam22 3191.96289062 5855.83007812 4.6138086319
1478879233015 lifecam22 3192.35473633 5855.38720703 4.61169672012
1478879233086 lifecam22 3192.84692383 5855.63916016 4.61202764511
1478879233151 lifecam22 3191.95068359 5855.73095703 4.61322259903
1478879233217 lifecam22 3192.20800781 5855.49658203 4.6115398407
1478879233277 lifecam22 3192.48266602 5855.17578125 4.60898065567
1478879233357 lifecam22 3192.77319336 5855.94677734 4.61470556259
1478879233421 lifecam22 3191.48950195 5855.87207031 4.61269187927
1478879233486 lifecam22 3191.86572266 5855.98486328 4.61287403107
1478879233551 lifecam22 3192.14990234 5855.73242188 4.61332941055
1478879233618 lifecam22 3191.99633789 5855.09960938 4.60868549347
1478879233747 lifecam22 3192.58203125 5855.24755859 4.60979270935
1478879233821 lifecam22 3192.59643555 5856.07568359 4.612180233
1478879233888 lifecam22 3194.46362305 5855.66503906 4.60176324844
1478879233956 lifecam22 3194.21386719 5855.98046875 4.60327672958
1478879234023 lifecam22 3192.95092773 5856.58691406 4.60960626602
1478879234148 lifecam22 3193.7109375 5855.60449219 4.61061906815
1478879234210 lifecam22 3192.72998047 5854.08496094 4.59936618805
1478879234285 lifecam22 3183.56323242 5855.74462891 4.6103310585
1478879234353 lifecam22 3179.25439453 5859.14697266 4.62672901154
1478879234421 lifecam22 3177.79760742 5861.56884766 4.6458568573
1478879234561 lifecam22 3168.27490234 5867.71777344 4.68347501755
1478879234615 lifecam22 3162.17651367 5868.12597656 4.69148111343
1478879234677 lifecam22 3159.82104492 5872.68701172 4.72381067276
1478879234747 lifecam22 3156.85742188 5874.69824219 4.74260282516
1478879234812 lifecam22 3152.24682617 5878.16552734 4.76102781296
1478879235015 lifecam22 3138.90893555 5881.87988281 4.79940605164
1478879235079 lifecam22 3134.76806641 5883.83251953 4.81565856934
1478879235151 lifecam22 3129.86474609 5885.94726562 4.83118581772
1478879235220 lifecam22 3124.80078125 5886.86425781 4.84190654755
1478879235288 lifecam22 3120.94042969 5888.83691406 4.86404418945
1478879235420 lifecam22 3111.5144043 5891.74560547 4.89082622528
1478879235488 lifecam22 3106.41845703 5891.80224609 4.90505075455
1478879235552 lifecam22 3101.984375 5894.18212891 4.92591810226
1478879235620 lifecam22 3097.94799805 5894.14794922 4.9405207634
1478879235692 lifecam22 3093.33251953 5896.19238281 4.95939731598
1478879235825 lifecam22 3084.4050293 5897.33154297 4.98918390274
1478879235892 lifecam22 3080.29077148 5898.42236328 5.00263690948
1478879235960 lifecam22 3075.43920898 5898.86328125 5.02033853531
1478879236023 lifecam22 3071.20581055 5900.78222656 5.04064083099
1478879236228 lifecam22 3057.53686523 5902.63037109 5.09017133713
1478879236291 lifecam22 3052.53515625 5902.66015625 5.10740709305
1478879236356 lifecam22 3047.31054688 5903.10351562 5.11787080765
1478879236422 lifecam22 3042.75219727 5902.30224609 5.13437175751
1478879236490 lifecam22 3038.92236328 5905.03076172 5.16139364243
1478879236622 lifecam22 3029.68847656 5905.59863281 5.19565725327
1478879236692 lifecam22 3024.95947266 5904.92578125 5.21132135391
1478879236760 lifecam22 3020.30322266 5904.75097656 5.22231817245
1478879236826 lifecam22 3016.07958984 5905.00048828 5.24418067932
1478879236893 lifecam22 3010.72802734 5904.67529297 5.2538022995
1478879237094 lifecam22 2996.41430664 5903.87353516 5.30806446075
1478879237161 lifecam22 2991.72851562 5904.63525391 5.33072662354
1478879237224 lifecam22 2986.70727539 5903.56982422 5.3469376564
1478879237290 lifecam22 2982.07080078 5902.703125 5.3629360199
1478879237349 lifecam22 2977.90698242 5902.15625 5.37585830688
1478879237497 lifecam22 2968.70605469 5900.10595703 5.40877199173
1478879237556 lifecam22 2963.93066406 5899.79248047 5.43083572388
1478879237627 lifecam22 2956.89086914 5890.79101562 5.409116745
1478879237699 lifecam22 2954.77587891 5895.57470703 5.45216417313
1478879237753 lifecam22 2950.29541016 5895.23193359 5.47351884842
1478879237895 lifecam22 2937.56054688 5890.84179688 5.51506948471
1478879237962 lifecam22 2936.60449219 5890.68164062 5.51748800278
1478879238028 lifecam22 2931.15576172 5890.33837891 5.54550457001
1478879238092 lifecam22 2927.03076172 5887.84863281 5.55153226852
1478879238153 lifecam22 2924.20410156 5886.84082031 5.58019447327
1478879238291 lifecam22 2914.46142578 5884.00195312 5.61530685425
1478879238357 lifecam22 2909.50195312 5882.35253906 5.63573884964
1478879238420 lifecam22 2905.2512207 5880.94384766 5.65386676788
1478879238484 lifecam22 2901.76708984 5876.84228516 5.65810489655
1478879238559 lifecam22 2897.59838867 5876.28027344 5.68020009995
1478879238688 lifecam22 2890.02319336 5870.06835938 5.7031121254
1478879238760 lifecam22 2885.19946289 5870.15087891 5.73423337936
1478879238826 lifecam22 2880.66503906 5866.11425781 5.7422375679
1478879238895 lifecam22 2876.78710938 5864.69238281 5.76172447205
1478879238961 lifecam22 2871.76342773 5862.24658203 5.78374242783
1478879239027 lifecam22 2869.04077148 5859.40869141 5.79528808594
1478879239094 lifecam22 2864.6003418 5857.04199219 5.81298589706
1478879239155 lifecam22 2860.64208984 5854.08251953 5.82666158676
1478879239220 lifecam22 2856.578125 5852.30419922 5.84989213943
1478879239284 lifecam22 2852.4387207 5849.05566406 5.86240100861
1478879239432 lifecam22 2844.47631836 5843.42089844 5.89816236496
1478879239492 lifecam22 2842.01586914 5840.71533203 5.91676664352
1478879239559 lifecam22 2837.90258789 5836.93408203 5.93156099319
1478879239626 lifecam22 2833.97338867 5833.47216797 5.94371938705
1478879239695 lifecam22 2830.66918945 5830.46533203 5.96436262131
1478879239833 lifecam22 2823.93798828 5823.57617188 5.99343061447
1478879239898 lifecam22 2820.02612305 5821.00195312 6.01496458054
1478879239962 lifecam22 2817.64038086 5816.71240234 6.0255446434
1478879240029 lifecam22 2813.92895508 5813.59277344 6.04637479782
1478879240095 lifecam22 2810.90820312 5809.39306641 6.05996227264
1478879240227 lifecam22 2805.1940918 5801.74316406 6.09026956558
1478879240296 lifecam22 2802.32055664 5798.50683594 6.10532569885
1478879240358 lifecam22 2799.5637207 5794.86865234 6.12382507324
1478879240422 lifecam22 2796.73779297 5790.19873047 6.13761615753
1478879240487 lifecam22 2793.08813477 5787.52490234 6.15775442123
1478879240567 lifecam22 2790.72070312 5782.61523438 6.1737165451
1478879240631 lifecam22 2787.02441406 5779.18017578 6.19193983078
1478879240699 lifecam22 2785.74536133 5774.41308594 6.20436668396
1478879240762 lifecam22 2782.56420898 5771.10205078 6.22248363495
1478879240831 lifecam22 2780.26196289 5766.43945312 6.23643684387
1478879240968 lifecam22 2775.58398438 5758.59912109 6.26158332825
1478879241032 lifecam22 2774.05053711 5752.95068359 6.2750658989
1478879241093 lifecam22 2770.46484375 5751.54980469 0.0198674816638
1478879241157 lifecam22 2767.81738281 5746.99951172 0.0425564683974
1478879241230 lifecam22 2766.77001953 5742.3046875 0.0576253533363
1478879241371 lifecam22 2761.77636719 5734.06445312 0.0989534184337
1478879241425 lifecam22 2764.49121094 5728.85644531 0.0866529494524
1478879241496 lifecam22 2765.25073242 5731.70556641 0.0815858319402
1478879241556 lifecam22 2766.63037109 5728.94775391 0.0722094327211
1478879241632 lifecam22 2765.68676758 5730.64257812 0.079064309597
1478879241824 lifecam22 2765.81054688 5729.80957031 0.078193500638
1478879241895 lifecam22 2765.81054688 5729.80957031 0.078193500638
1478879241964 lifecam22 2766.07470703 5729.72460938 0.0772249102592
1478879242033 lifecam22 2765.9909668 5729.65820312 0.0766056329012
1478879242099 lifecam22 2766.0012207 5729.92480469 0.0777941346169
1478879242171 lifecam22 2766.25537109 5729.57373047 0.075636215508
1478879242226 lifecam22 2765.81054688 5729.80957031 0.078193500638
