1478878443925 lifecam22 3188.04541016 5857.24951172 4.56633758545
1478878443989 lifecam22 3186.51147461 5855.03662109 4.55543804169
1478878444056 lifecam22 3185.81030273 5855.83203125 4.55878734589
1478878444117 lifecam22 3186.53930664 5856.21337891 4.56106138229
1478878444266 lifecam22 3189.29663086 5856.13769531 4.57204723358
1478878444324 lifecam22 3186.18188477 5856.25683594 4.5620970726
1478878444396 lifecam22 3186.6340332 5856.5234375 4.56393289566
1478878444451 lifecam22 3186.26928711 5856.27001953 4.56235599518
1478878444520 lifecam22 3186.26928711 5856.27001953 4.56235599518
1478878444716 lifecam22 3186.84692383 5856.42089844 4.56462860107
1478878444797 lifecam22 3187.54931641 5856.63623047 4.56400251389
1478878444856 lifecam22 3186.81152344 5856.27392578 4.56324529648
1478878444928 lifecam22 3186.64233398 5856.64160156 4.56134128571
1478878444992 lifecam22 3186.43261719 5856.37451172 4.5597949028
1478878445068 lifecam22 3186.0222168 5856.69238281 4.56087636948
1478878445136 lifecam22 3185.97607422 5856.48144531 4.56251335144
1478878445194 lifecam22 3185.07006836 5856.21533203 4.55865764618
1478878445260 lifecam22 3186.11254883 5856.44580078 4.56249713898
1478878445321 lifecam22 3186.62304688 5857.23583984 4.5590338707
1478878445396 lifecam22 3186.39208984 5857.48144531 4.55954456329
1478878445463 lifecam22 3185.95678711 5857.53320312 4.55810785294
1478878445531 lifecam22 3186.69335938 5857.19580078 4.55878734589
1478878445599 lifecam22 3187.26098633 5855.28125 4.55665254593
1478878445663 lifecam22 3185.91699219 5856.41845703 4.5608048439
1478878445730 lifecam22 3185.37963867 5856.27978516 4.5587105751
1478878445923 lifecam22 3173.34301758 5861.40722656 4.58666133881
1478878445996 lifecam22 3169.87060547 5863.14550781 4.59766435623
1478878446061 lifecam22 3164.82861328 5866.32324219 4.6183962822
1478878446125 lifecam22 3162.18359375 5869.12548828 4.63445806503
1478878446196 lifecam22 3158.63818359 5871.29882812 4.65314865112
1478878446266 lifecam22 3153.0690918 5873.66308594 4.66723537445
1478878446330 lifecam22 3146.93432617 5873.39160156 4.66340351105
1478878446398 lifecam22 3144.70141602 5876.87402344 4.69190311432
1478878446463 lifecam22 3141.51416016 5879.64892578 4.70986700058
1478878446529 lifecam22 3137.00073242 5882.79492188 4.72417640686
1478878446675 lifecam22 3127.55200195 5886.58300781 4.75813436508
1478878446729 lifecam22 3123.41821289 5888.23779297 4.77917671204
1478878446793 lifecam22 3119.56152344 5890.65087891 4.79710483551
1478878446865 lifecam22 3115.89331055 5892.625 4.82290172577
1478878446931 lifecam22 3110.62036133 5894.14404297 4.83414936066
1478878447127 lifecam22 3097.14501953 5898.4140625 4.87566661835
1478878447199 lifecam22 3092.02124023 5898.79931641 4.89237165451
1478878447265 lifecam22 3088.21679688 5900.57275391 4.9061870575
1478878447333 lifecam22 3083.79736328 5901.35205078 4.91935968399
1478878447400 lifecam22 3079.78295898 5903.12841797 4.94393587112
1478878447532 lifecam22 3069.44091797 5904.37744141 4.97440195084
1478878447600 lifecam22 3064.77685547 5905.88769531 4.98827600479
1478878447665 lifecam22 3060.79003906 5907.45361328 5.01215791702
1478878447735 lifecam22 3055.65991211 5907.60742188 5.0211391449
1478878447799 lifecam22 3050.99145508 5907.89550781 5.0370798111
1478878447932 lifecam22 3043.47314453 5909.93212891 5.0717663765
1478878448004 lifecam22 3038.37353516 5911.02587891 5.09463071823
1478878448063 lifecam22 3034.19189453 5910.43652344 5.10338401794
1478878448133 lifecam22 3029.11279297 5911.80712891 5.12639522552
1478878448191 lifecam22 3025.01831055 5911.45605469 5.13753604889
1478878448335 lifecam22 3014.94433594 5911.01171875 5.16631603241
1478878448399 lifecam22 3010.41723633 5911.47460938 5.18608951569
1478878448465 lifecam22 3005.45532227 5912.49511719 5.20345687866
1478878448533 lifecam22 3001.32250977 5912.68603516 5.22545623779
1478878448593 lifecam22 2996.953125 5911.98925781 5.2388548851
1478878448675 lifecam22 2991.32470703 5912.97607422 5.25957202911
1478878448737 lifecam22 2987.24267578 5912.09423828 5.27487516403
1478878448797 lifecam22 2981.7043457 5912.95507812 5.29747486115
1478878448871 lifecam22 2976.9152832 5910.74511719 5.30606889725
1478878448934 lifecam22 2972.74389648 5911.09472656 5.32535743713
1478878449132 lifecam22 2958.625 5908.68652344 5.37213087082
1478878449197 lifecam22 2951.53833008 5905.48388672 5.38388967514
1478878449261 lifecam22 2946.71704102 5902.18310547 5.38519144058
1478878449334 lifecam22 2943.83129883 5906.7421875 5.4289393425
1478878449399 lifecam22 2939.46679688 5904.56103516 5.43999528885
1478878449539 lifecam22 2930.90576172 5904.76464844 5.48602771759
1478878449599 lifecam22 2927.30053711 5900.68359375 5.48868989944
1478878449663 lifecam22 2922.26074219 5899.62011719 5.505610466
1478878449728 lifecam22 2918.38330078 5898.94677734 5.53044128418
1478878449800 lifecam22 2914.52246094 5898.19287109 5.55195474625
1478878449875 lifecam22 2909.61181641 5895.96142578 5.56467676163
1478878449940 lifecam22 2905.26611328 5893.26513672 5.57756757736
1478878449998 lifecam22 2901.11987305 5892.08203125 5.59153699875
1478878450070 lifecam22 2896.00170898 5890.69628906 5.61409187317
1478878450134 lifecam22 2892.0012207 5888.37890625 5.62946462631
1478878450272 lifecam22 2882.9440918 5884.96826172 5.66375637054
1478878450328 lifecam22 2879.45678711 5882.38085938 5.67658615112
1478878450398 lifecam22 2874.56616211 5881.046875 5.69922590256
1478878450536 lifecam22 2865.73779297 5877.140625 5.73862600327
1478878450807 lifecam22 2850.78857422 5866.68798828 5.79818153381
1478878450870 lifecam22 2846.60766602 5863.79443359 5.81211614609
1478878450936 lifecam22 2842.8449707 5861.89550781 5.83332777023
1478878451074 lifecam22 2834.58325195 5856.38671875 5.86853027344
1478878451136 lifecam22 2830.44458008 5852.19384766 5.88001728058
1478878451197 lifecam22 2826.87255859 5849.88476562 5.89974737167
1478878451273 lifecam22 2822.92016602 5847.15576172 5.91738557816
1478878451336 lifecam22 2819.97436523 5843.92382812 5.93248558044
1478878451542 lifecam22 2809.74365234 5833.59765625 5.98175573349
1478878451604 lifecam22 2806.30053711 5830.70458984 6.0000333786
1478878451666 lifecam22 2803.21972656 5826.43652344 6.00944805145
1478878451741 lifecam22 2800.03173828 5823.00488281 6.02592134476
1478878451806 lifecam22 2797.32519531 5819.19140625 6.04100036621
1478878451945 lifecam22 2790.53710938 5811.953125 6.07350111008
1478878452007 lifecam22 2786.87158203 5808.10742188 6.09491729736
1478878452064 lifecam22 2784.87988281 5804.63916016 6.10511016846
1478878452141 lifecam22 2781.88061523 5800.40771484 6.12385702133
1478878452205 lifecam22 2779.22729492 5796.53710938 6.13654184341
1478878452342 lifecam22 2772.74438477 5789.26123047 6.17834424973
1478878452408 lifecam22 2771.7722168 5784.45214844 6.18429517746
1478878452470 lifecam22 2767.22875977 5781.73828125 6.21003437042
1478878452537 lifecam22 2765.22729492 5777.93701172 6.22468423843
1478878452605 lifecam22 2763.21679688 5773.08984375 6.23811149597
1478878452746 lifecam22 2754.77587891 5767.74804688 0.0165011342615
1478878452811 lifecam22 2754.16796875 5761.51367188 0.0221790708601
1478878452875 lifecam22 2753.06811523 5756.78271484 0.0323680080473
1478878452941 lifecam22 2748.53076172 5753.97167969 0.0609919466078
1478878453009 lifecam22 2752.35522461 5749.12841797 0.0362387336791
1478878453208 lifecam22 2751.58984375 5752.02734375 0.0447172559798
1478878453276 lifecam22 2752.80664062 5750.16259766 0.0347719825804
1478878453333 lifecam22 2752.53515625 5750.69873047 0.0372650064528
1478878453405 lifecam22 2752.71728516 5750.38427734 0.035591904074
1478878453469 lifecam22 2752.64941406 5750.31396484 0.0362139344215
1478878453614 lifecam22 2752.71728516 5750.38427734 0.035591904074
1478878453677 lifecam22 2752.73925781 5750.09228516 0.0353929437697
1478878453741 lifecam22 2752.64941406 5750.58642578 0.0362147726119
1478878453811 lifecam22 2752.64941406 5750.31396484 0.0362139344215
1478878453868 lifecam22 2752.64941406 5750.58642578 0.0362147726119
