1478190334573 lifecam22 3345.73242188 5375.72167969 4.70263957977
1478190334634 lifecam22 3344.97021484 5375.56445312 4.69844198227
1478190334704 lifecam22 3345.57421875 5375.70458984 4.70245790482
1478190334770 lifecam22 3344.75805664 5375.11523438 4.69792795181
1478190335044 lifecam22 3345.83959961 5375.81835938 4.70361328125
1478190335100 lifecam22 3345.08325195 5375.26513672 4.69941997528
1478190335177 lifecam22 3345.5144043 5375.50585938 4.70332098007
1478190335237 lifecam22 3345.34887695 5375.37792969 4.70057678223
1478190335303 lifecam22 3345.20996094 5375.51757812 4.7005739212
1478190335645 lifecam22 3345.79980469 5375.64160156 4.70323944092
1478190335699 lifecam22 3345.50097656 5375.49316406 4.70053434372
1478190335774 lifecam22 3345.71459961 5375.56396484 4.70246171951
1478190335839 lifecam22 3345.37036133 5375.39697266 4.70077085495
1478190335902 lifecam22 3345.73242188 5375.72167969 4.70263957977
1478190336174 lifecam22 3345.10253906 5375.42236328 4.6996011734
1478190336242 lifecam22 3345.22949219 5375.67480469 4.70075511932
1478190336312 lifecam22 3345.86181641 5375.83789062 4.7038025856
1478190336371 lifecam22 3345.08325195 5375.26513672 4.69941997528
1478190336438 lifecam22 3345.38208008 5375.53125 4.70070457458
1478190336768 lifecam22 3345.20703125 5375.40185547 4.70056962967
1478190336832 lifecam22 3345.43530273 5375.75195312 4.70407772064
1478190336907 lifecam22 3345.83081055 5375.81787109 4.70477724075
1478190336968 lifecam22 3346.11914062 5375.95166016 4.70742988586
1478190337040 lifecam22 3345.53100586 5375.82958984 4.70494270325
1478190337373 lifecam22 3347.59008789 5376.78320312 4.71435022354
1478190337439 lifecam22 3349.06713867 5378.18261719 4.72019195557
1478190337502 lifecam22 3349.46899414 5379.66210938 4.72585773468
1478190337571 lifecam22 3349.81811523 5379.87597656 4.72659873962
1478190337642 lifecam22 3350.69140625 5380.59960938 4.72820615768
1478190337976 lifecam22 3340.92651367 5379.12792969 4.73426055908
1478190338044 lifecam22 3333.04321289 5377.44580078 4.73772859573
1478190338104 lifecam22 3325.55444336 5374.52783203 4.71288013458
1478190338175 lifecam22 3318.55444336 5374.52783203 4.71288156509
1478190338241 lifecam22 3311.55444336 5374.52783203 4.71288061142
1478190338513 lifecam22 3280.31665039 5367.10058594 4.66713857651
1478190338642 lifecam22 3272.02148438 5367.01220703 4.67789936066
1478190338712 lifecam22 3264.86962891 5365.94384766 4.67704677582
1478190338779 lifecam22 3258.7043457 5366.45117188 4.68180561066
1478190339108 lifecam22 3222.86816406 5363.01367188 4.65332889557
1478190339170 lifecam22 3215.77368164 5361.11279297 4.64082098007
1478190339242 lifecam22 3208.33276367 5360.20214844 4.63735771179
1478190339310 lifecam22 3202.32617188 5360.17773438 4.63490390778
1478190339371 lifecam22 3194.66186523 5359.50488281 4.62803030014
1478190339646 lifecam22 3167.80322266 5358.00341797 4.6119389534
1478190339712 lifecam22 3160.35107422 5356.61035156 4.6001458168
1478190339778 lifecam22 3152.41357422 5355.8125 4.58733034134
1478190339846 lifecam22 3145.53588867 5355.5390625 4.58232450485
1478190339916 lifecam22 3137.99438477 5354.77734375 4.57466220856
1478190340248 lifecam22 3103.74731445 5353.88134766 4.55822849274
1478190340309 lifecam22 3097.38134766 5354.34130859 4.55700206757
1478190340379 lifecam22 3090.81469727 5355.15820312 4.55333518982
1478190340449 lifecam22 3084.15673828 5355.43554688 4.55273962021
1478190340514 lifecam22 3078.06616211 5356.42724609 4.55106449127
1478190340849 lifecam22 3042.56494141 5356.29443359 4.51930618286
1478190340916 lifecam22 3035.328125 5356.35986328 4.51707601547
1478190340976 lifecam22 3029.38598633 5357.40527344 4.51499319077
1478190341041 lifecam22 3021.52172852 5357.48144531 4.50589370728
1478190341117 lifecam22 3014.18774414 5357.12646484 4.49587154388
1478190341376 lifecam22 2987.46459961 5358.88183594 4.47783994675
1478190341442 lifecam22 2979.31542969 5359.17236328 4.46760463715
1478190341513 lifecam22 2972.63208008 5359.14599609 4.46357345581
1478190341581 lifecam22 2966.17041016 5360.23486328 4.46072387695
1478190341645 lifecam22 2958.96118164 5360.12939453 4.45247173309
1478190341910 lifecam22 2930.58813477 5362.98291016 4.43206548691
1478190341986 lifecam22 2923.82983398 5363.45117188 4.43064022064
1478190342042 lifecam22 2918.29980469 5365.49853516 4.43469572067
1478190342114 lifecam22 2910.23876953 5365.44335938 4.42423248291
1478190342184 lifecam22 2903.93798828 5366.94433594 4.42010784149
1478190342386 lifecam22 2883.78710938 5370.75195312 4.41291332245
1478190342442 lifecam22 2876.07446289 5371.15771484 4.40213441849
1478190342511 lifecam22 2869.3503418 5371.86523438 4.39501190186
1478190342577 lifecam22 2862.81396484 5373.08837891 4.39038181305
1478190342647 lifecam22 2855.92602539 5373.79394531 4.38927364349
1478190342851 lifecam22 2835.24487305 5378.99951172 4.37384271622
1478190342918 lifecam22 2828.79882812 5380.94726562 4.37127780914
1478190342978 lifecam22 2821.88183594 5381.12060547 4.36683607101
1478190343050 lifecam22 2815.04125977 5382.78320312 4.36112880707
1478190343120 lifecam22 2808.59912109 5384.56933594 4.35772657394
1478190343377 lifecam22 2780.41894531 5389.34375 4.33342027664
1478190343439 lifecam22 2772.44775391 5390.56201172 4.32161331177
1478190343511 lifecam22 2765.44091797 5391.83056641 4.31574869156
1478190343579 lifecam22 2758.51489258 5392.92236328 4.30459403992
1478190343649 lifecam22 2751.58569336 5394.61914062 4.30670452118
1478190343867 lifecam22 2732.15991211 5399.52441406 4.29164361954
1478190343912 lifecam22 2725.65673828 5402.09912109 4.29011821747
1478190343990 lifecam22 2719.57275391 5403.94921875 4.28856134415
1478190344050 lifecam22 2712.67041016 5405.28125 4.28225278854
1478190344114 lifecam22 2705.89501953 5407.56835938 4.27617406845
1478190344440 lifecam22 2673.67895508 5418.55078125 4.25742340088
1478190344508 lifecam22 2665.14892578 5418.94873047 4.24290752411
1478190344582 lifecam22 2659.41625977 5422.14404297 4.24277019501
1478190344644 lifecam22 2652.99194336 5424.24609375 4.24290561676
1478190344854 lifecam22 2633.56176758 5431.18945312 4.2270283699
1478190344910 lifecam22 2628.2800293 5433.58056641 4.22848367691
1478190344984 lifecam22 2620.59472656 5435.81005859 4.22077798843
1478190345048 lifecam22 2613.45263672 5437.63427734 4.21272945404
1478190345111 lifecam22 2607.04858398 5439.37695312 4.20738840103
1478190345328 lifecam22 2585.7722168 5446.31689453 4.18584489822
1478190345382 lifecam22 2578.89770508 5447.74511719 4.17907190323
1478190345452 lifecam22 2572.71655273 5451.31201172 4.1767039299
1478190345523 lifecam22 2564.90771484 5453.36279297 4.16929340363
1478190345586 lifecam22 2558.75708008 5456.21533203 4.16243171692
1478190345652 lifecam22 2553.60571289 5459.56103516 4.16427183151
1478190345858 lifecam22 2533.32348633 5467.80908203 4.14858961105
1478190345923 lifecam22 2528.57177734 5470.46337891 4.14942359924
1478190345986 lifecam22 2520.77539062 5473.69189453 4.14210224152
1478190346050 lifecam22 2515.60375977 5476.38720703 4.1429476738
1478190346127 lifecam22 2508.57202148 5479.08642578 4.13663291931
1478190346386 lifecam22 2482.66235352 5490.53271484 4.11283540726
1478190346449 lifecam22 2477.19677734 5494.12695312 4.11222076416
1478190346515 lifecam22 2470.17456055 5497.07421875 4.10429096222
1478190346588 lifecam22 2463.10644531 5499.81347656 4.0940117836
1478190346650 lifecam22 2458.19995117 5503.21777344 4.09549236298
1478190346864 lifecam22 2437.86108398 5513.20166016 4.0756020546
1478190346924 lifecam22 2432.14526367 5516.87695312 4.0754365921
1478190346986 lifecam22 2425.46264648 5519.71630859 4.06415367126
1478190347062 lifecam22 2420.16259766 5522.73828125 4.06745910645
1478190347125 lifecam22 2413.32397461 5525.77929688 4.05844831467
1478190347393 lifecam22 2388.93798828 5538.97509766 4.03891897202
1478190347453 lifecam22 2382.97705078 5542.51171875 4.03312492371
1478190347520 lifecam22 2376.69677734 5545.984375 4.02484607697
1478190347579 lifecam22 2370.92822266 5549.06982422 4.02681922913
1478190347654 lifecam22 2365.19995117 5553.25878906 4.01793813705
1478190347856 lifecam22 2348.32666016 5564.08398438 4.01317358017
1478190347919 lifecam22 2340.79736328 5567.58447266 3.99962520599
1478190347997 lifecam22 2335.52099609 5570.75390625 3.99509119987
1478190348051 lifecam22 2329.046875 5575.06103516 3.99424552917
1478190348129 lifecam22 2325.72290039 5578.90820312 3.99882817268
1478190348384 lifecam22 2301.43847656 5594.24902344 3.97221493721
1478190348455 lifecam22 2293.99194336 5598.0546875 3.95963430405
1478190348524 lifecam22 2288.10961914 5601.96533203 3.95184445381
1478190348594 lifecam22 2281.41381836 5606.63916016 3.94208216667
1478190348653 lifecam22 2275.77050781 5610.89599609 3.93775773048
1478190348925 lifecam22 2252.91894531 5626.54199219 3.92152667046
1478190348991 lifecam22 2247.10571289 5630.14306641 3.91802740097
1478190349053 lifecam22 2241.49902344 5634.57373047 3.91799330711
1478190349128 lifecam22 2234.76611328 5638.00097656 3.90370202065
1478190349191 lifecam22 2230.47070312 5642.17773438 3.90208268166
1478190349456 lifecam22 2207.46142578 5660.08007812 3.87704873085
1478190349527 lifecam22 2203.17260742 5664.67724609 3.88030338287
1478190349596 lifecam22 2196.98779297 5669.46972656 3.87318921089
1478190349658 lifecam22 2192.09106445 5673.44091797 3.87000203133
1478190349721 lifecam22 2187.44677734 5678.17578125 3.86742305756
1478190349930 lifecam22 2171.40087891 5691.12744141 3.85103297234
1478190349991 lifecam22 2164.60400391 5696.35742188 3.84035158157
1478190350060 lifecam22 2160.90356445 5700.60107422 3.84385848045
1478190350124 lifecam22 2155.78955078 5705.35253906 3.83863806725
1478190350193 lifecam22 2150.03881836 5710.47314453 3.83269524574
1478190350524 lifecam22 2121.49121094 5733.47753906 3.79607534409
1478190350594 lifecam22 2117.68481445 5738.20556641 3.79685735703
1478190350666 lifecam22 2112.04248047 5743.05126953 3.79150772095
1478190350727 lifecam22 2107.74438477 5747.98583984 3.78856015205
1478190350793 lifecam22 2103.13452148 5752.54785156 3.78685617447
1478190351062 lifecam22 2083.26977539 5772.24462891 3.7658162117
1478190351131 lifecam22 2078.20556641 5776.59765625 3.76248192787
1478190351189 lifecam22 2073.12451172 5781.56445312 3.75533390045
1478190351256 lifecam22 2068.03369141 5786.89990234 3.74767541885
1478190351324 lifecam22 2062.47143555 5791.66113281 3.74172258377
1478190351532 lifecam22 2048.36865234 5806.70507812 3.72495222092
1478190351595 lifecam22 2044.6361084 5812.09912109 3.72777843475
1478190351658 lifecam22 2039.00061035 5817.50488281 3.71671032906
1478190351732 lifecam22 2035.80847168 5822.52539062 3.7189283371
1478190351798 lifecam22 2030.56286621 5827.91699219 3.71192455292
1478190352061 lifecam22 2012.53747559 5849.10791016 3.69585394859
1478190352133 lifecam22 2008.1529541 5854.36767578 3.6915435791
1478190352192 lifecam22 2003.3338623 5859.36767578 3.68562293053
1478190352265 lifecam22 1998.58483887 5864.97509766 3.67777061462
1478190352335 lifecam22 1993.04187012 5870.24658203 3.67148351669
1478190352590 lifecam22 1975.65588379 5891.92333984 3.65253138542
1478190352663 lifecam22 1970.66186523 5898.44482422 3.64449572563
1478190352726 lifecam22 1965.90209961 5904.25634766 3.63334512711
1478190352789 lifecam22 1962.10620117 5908.78076172 3.63337612152
1478190352867 lifecam22 1958.03356934 5914.50097656 3.62934160233
1478190353069 lifecam22 1945.41418457 5930.46826172 3.61714792252
1478190353133 lifecam22 1942.5814209 5936.11132812 3.61568307877
1478190353203 lifecam22 1937.46350098 5941.42431641 3.608045578
1478190353263 lifecam22 1933.17822266 5947.94482422 3.59810876846
1478190353332 lifecam22 1929.27575684 5953.23486328 3.59545278549
1478190353531 lifecam22 1916.98608398 5970.07226562 3.58276414871
1478190353593 lifecam22 1913.39709473 5976.38134766 3.57843399048
1478190353665 lifecam22 1915.79089355 5979.43359375 3.59731864929
1478190353735 lifecam22 1916.76147461 5977.17089844 3.5982131958
1478190353799 lifecam22 1916.48876953 5979.05810547 3.59896755219
1478190353999 lifecam22 1916.95544434 5977.72460938 3.59975194931
1478190354067 lifecam22 1916.55334473 5977.76269531 3.59653139114
1478190354131 lifecam22 1916.90844727 5977.75439453 3.60075855255
1478190354202 lifecam22 1916.47814941 5977.78710938 3.5972867012
1478190354267 lifecam22 1916.84643555 5977.76464844 3.59774446487
1478190354474 lifecam22 1916.56835938 5977.75292969 3.59667539597
1478190354531 lifecam22 1916.55334473 5977.76269531 3.59653139114
1478190354606 lifecam22 1916.56604004 5977.64794922 3.59741783142
1478190354668 lifecam22 1916.73486328 5977.51318359 3.59947729111
1478190354729 lifecam22 1916.70214844 5977.72949219 3.59768486023
1478190354999 lifecam22 1916.61767578 5977.93359375 3.59658384323
1478190355070 lifecam22 1916.70495605 5977.79394531 3.59671401978
1478190355135 lifecam22 1916.55334473 5977.76269531 3.59653139114
1478190355211 lifecam22 1916.77661133 5977.90869141 3.59780025482
1478190355262 lifecam22 1916.52612305 5977.86962891 3.5954914093
