1478186563112 lifecam22 3344.37548828 5377.64990234 4.69336175919
1478186563183 lifecam22 3343.89794922 5377.18017578 4.69024610519
1478186563253 lifecam22 3343.98461914 5377.00976562 4.68988275528
1478186563314 lifecam22 3343.984375 5377.00976562 4.68988180161
1478186563575 lifecam22 3344.09179688 5377.484375 4.69197177887
1478186563651 lifecam22 3343.94555664 5377.24755859 4.69066810608
1478186563714 lifecam22 3343.984375 5377.00976562 4.68988180161
1478186563775 lifecam22 3344.15625 5377.29638672 4.6914100647
1478186563845 lifecam22 3343.72631836 5376.89453125 4.68871593475
1478186564118 lifecam22 3344.37792969 5377.6484375 4.69336414337
1478186564184 lifecam22 3344.15625 5377.29638672 4.69141054153
1478186564247 lifecam22 3344.20410156 5377.36279297 4.69183397293
1478186564325 lifecam22 3344.20410156 5377.36279297 4.69183397293
1478186564385 lifecam22 3344.1171875 5377.53320312 4.69219732285
1478186564653 lifecam22 3344.1171875 5377.53320312 4.69219732285
1478186564710 lifecam22 3344.13891602 5377.55224609 4.69239187241
1478186564784 lifecam22 3343.89794922 5377.18017578 4.69024610519
1478186564850 lifecam22 3343.72631836 5376.89453125 4.68871593475
1478186564923 lifecam22 3343.94555664 5377.24755859 4.69066810608
1478186565253 lifecam22 3343.72631836 5376.89453125 4.68871593475
1478186565316 lifecam22 3344.11108398 5377.11230469 4.69100475311
1478186565381 lifecam22 3343.89819336 5377.18017578 4.69024515152
1478186565453 lifecam22 3343.68066406 5376.71044922 4.68830919266
1478186565516 lifecam22 3343.68066406 5376.71044922 4.68830919266
1478186565783 lifecam22 3344.11108398 5377.11230469 4.69100475311
1478186565845 lifecam22 3343.68066406 5376.71044922 4.68830919266
1478186565925 lifecam22 3344.15478516 5377.14941406 4.69139194489
1478186565991 lifecam22 3343.93896484 5376.82568359 4.68947553635
1478186566052 lifecam22 3343.68066406 5376.71044922 4.68830919266
1478186566256 lifecam22 3345.03759766 5377.98144531 4.69697713852
1478186566320 lifecam22 3349.46826172 5380.15527344 4.71412277222
1478186566385 lifecam22 3348.06591797 5380.43505859 4.71499681473
1478186566459 lifecam22 3347.19287109 5380.44238281 4.7123632431
1478186566520 lifecam22 3349.33911133 5381.68359375 4.72137594223
1478186566788 lifecam22 3337.86547852 5378.05273438 4.69772672653
1478186566854 lifecam22 3330.45776367 5374.12109375 4.69398355484
1478186566924 lifecam22 3323.06323242 5374.45458984 4.69052457809
1478186566991 lifecam22 3315.60961914 5374.30859375 4.68767499924
1478186567057 lifecam22 3310.36938477 5374.16992188 4.70337963104
1478186567391 lifecam22 3278.79589844 5369.1953125 4.67183160782
1478186567463 lifecam22 3271.31323242 5369.13183594 4.66962194443
1478186567523 lifecam22 3264.29614258 5368.00683594 4.66417694092
1478186567585 lifecam22 3256.27319336 5367.61474609 4.65490531921
1478186567935 lifecam22 3221.72436523 5364.16455078 4.62872505188
1478186567995 lifecam22 3214.3269043 5362.24804688 4.61565113068
1478186568061 lifecam22 3207.59960938 5361.45068359 4.60960626602
1478186568126 lifecam22 3199.84765625 5360.29736328 4.60330343246
1478186568188 lifecam22 3193.21289062 5359.76318359 4.59872770309
1478186568531 lifecam22 3159.53393555 5358.48535156 4.57869911194
1478186568592 lifecam22 3151.75195312 5357.92578125 4.57498025894
1478186568645 lifecam22 3145.44824219 5358.51513672 4.57140922546
1478186568726 lifecam22 3138.26586914 5357.73339844 4.5669169426
1478186568791 lifecam22 3132.36962891 5357.95068359 4.56078624725
1478186569045 lifecam22 3104.68969727 5357.828125 4.54594516754
1478186569124 lifecam22 3098.40356445 5358.71240234 4.54498672485
1478186569183 lifecam22 3090.44091797 5358.41845703 4.53331422806
1478186569257 lifecam22 3083.80541992 5358.07666016 4.52955913544
1478186569324 lifecam22 3076.08105469 5358.08007812 4.52062702179
1478186569525 lifecam22 3056.51074219 5359.95654297 4.51344823837
1478186569582 lifecam22 3049.37084961 5360.35107422 4.50905036926
1478186569663 lifecam22 3041.65380859 5360.37158203 4.50163078308
1478186569728 lifecam22 3034.04223633 5360.14746094 4.49040126801
1478186569790 lifecam22 3027.50244141 5359.92431641 4.48674440384
1478186570131 lifecam22 2991.69995117 5361.27539062 4.4570479393
1478186570189 lifecam22 2984.90014648 5362.01464844 4.4502325058
1478186570261 lifecam22 2978.9519043 5362.5 4.44707393646
1478186570332 lifecam22 2972.75 5363.60205078 4.448595047
1478186570389 lifecam22 2965.19995117 5364.32714844 4.44067811966
1478186570668 lifecam22 2939.19873047 5368.17333984 4.4296412468
1478186570736 lifecam22 2931.86279297 5368.90527344 4.42620849609
1478186570784 lifecam22 2925.45239258 5369.6015625 4.42328166962
1478186570853 lifecam22 2918.234375 5370.94873047 4.412753582
1478186570931 lifecam22 2911.15698242 5371.55761719 4.4102935791
1478186571200 lifecam22 2882.6472168 5375.21728516 4.38147878647
1478186571254 lifecam22 2875.56982422 5376.93652344 4.38106250763
1478186571326 lifecam22 2868.56542969 5377.52148438 4.375685215
1478186571399 lifecam22 2862.33105469 5378.7734375 4.37146949768
1478186571462 lifecam22 2854.33666992 5380.23974609 4.36318922043
1478186571727 lifecam22 2826.68237305 5385.45458984 4.34251928329
1478186571794 lifecam22 2819.88378906 5385.94921875 4.34039640427
1478186571863 lifecam22 2814.19482422 5388.57324219 4.3407459259
1478186571936 lifecam22 2806.41333008 5389.71191406 4.32882452011
1478186571996 lifecam22 2799.40161133 5390.48632812 4.3237080574
1478186572271 lifecam22 2773.26831055 5396.72460938 4.30607795715
1478186572323 lifecam22 2766.04321289 5398.41748047 4.30189037323
1478186572402 lifecam22 2760.29541016 5401.12792969 4.29919815063
1478186572464 lifecam22 2752.52001953 5402.078125 4.2902173996
1478186572527 lifecam22 2746.19897461 5404.51269531 4.28744983673
1478186572797 lifecam22 2719.96557617 5411.46826172 4.27079963684
1478186572855 lifecam22 2713.13867188 5413.41503906 4.26237630844
1478186572931 lifecam22 2707.58691406 5416.38037109 4.26677799225
1478186572997 lifecam22 2699.38842773 5417.58105469 4.25049066544
1478186573065 lifecam22 2693.15429688 5419.25195312 4.24691534042
1478186573402 lifecam22 2658.65356445 5430.43164062 4.21971654892
1478186573467 lifecam22 2652.49951172 5432.62207031 4.21411275864
1478186573545 lifecam22 2646.20898438 5434.53466797 4.21009874344
1478186573590 lifecam22 2640.13061523 5437.36181641 4.2106719017
1478186573661 lifecam22 2633.52172852 5439.09033203 4.21134710312
1478186573926 lifecam22 2606.79199219 5448.93115234 4.18429899216
1478186574061 lifecam22 2593.32226562 5453.48486328 4.17495250702
1478186574134 lifecam22 2587.36132812 5455.71630859 4.17160081863
1478186574210 lifecam22 2579.14916992 5457.73388672 4.15762615204
1478186574398 lifecam22 2562.93823242 5466.53857422 4.15697431564
1478186574471 lifecam22 2554.26611328 5469.36621094 4.14534282684
1478186574531 lifecam22 2548.65820312 5472.03613281 4.1428771019
1478186574602 lifecam22 2540.92626953 5474.85839844 4.13559246063
1478186574668 lifecam22 2534.59912109 5477.65478516 4.12724971771
1478186574935 lifecam22 2509.96337891 5489.4609375 4.11656475067
1478186574997 lifecam22 2502.51196289 5492.92333984 4.10613012314
1478186575067 lifecam22 2496.30541992 5495.55664062 4.10704660416
1478186575135 lifecam22 2489.33862305 5497.93066406 4.09409713745
1478186575199 lifecam22 2481.81616211 5501.02832031 4.08606243134
1478186575538 lifecam22 2451.68212891 5517.15722656 4.06701660156
1478186575591 lifecam22 2445.29711914 5521.55029297 4.06027078629
1478186575667 lifecam22 2440.39746094 5523.93847656 4.06578779221
1478186575735 lifecam22 2433.921875 5527.46679688 4.05907344818
1478186575799 lifecam22 2427.72998047 5531.08056641 4.04935407639
1478186576012 lifecam22 2409.50561523 5541.70117188 4.03672361374
1478186576069 lifecam22 2403.2590332 5543.70214844 4.02865695953
1478186576124 lifecam22 2397.31030273 5547.98681641 4.02510547638
1478186576195 lifecam22 2391.8671875 5550.94580078 4.01978254318
1478186576275 lifecam22 2386.26269531 5555.35253906 4.01817703247
1478186576603 lifecam22 2355.28735352 5572.81884766 3.98688149452
1478186576663 lifecam22 2349.01879883 5576.39160156 3.9818713665
1478186576733 lifecam22 2342.76806641 5580.09716797 3.9765021801
1478186576800 lifecam22 2336.07519531 5583.64941406 3.96566414833
1478186576870 lifecam22 2331.13476562 5587.81884766 3.96475291252
1478186577072 lifecam22 2312.62548828 5598.20410156 3.95112729073
1478186577137 lifecam22 2308.1862793 5602.58935547 3.95137000084
1478186577198 lifecam22 2300.93676758 5607.93457031 3.94002175331
1478186577272 lifecam22 2296.43481445 5611.16113281 3.94256591797
1478186577340 lifecam22 2291.20678711 5616.09667969 3.93517971039
1478186577599 lifecam22 2266.63623047 5632.640625 3.90632820129
1478186577663 lifecam22 2261.8190918 5637.30712891 3.89981150627
1478186577747 lifecam22 2254.55273438 5640.19677734 3.89319014549
1478186577814 lifecam22 2249.29541016 5644.85205078 3.88784956932
1478186577878 lifecam22 2243.34765625 5648.85253906 3.87966561317
1478186578204 lifecam22 2217.52905273 5671.21435547 3.86172890663
1478186578271 lifecam22 2211.88671875 5675.42480469 3.85786581039
1478186578331 lifecam22 2205.83203125 5680.24414062 3.84916853905
1478186578414 lifecam22 2200.90527344 5684.54833984 3.84614491463
1478186578478 lifecam22 2195.49609375 5689.06591797 3.84621095657
1478186578745 lifecam22 2173.64111328 5706.75927734 3.82427406311
1478186578805 lifecam22 2168.47900391 5711.42138672 3.82240056992
1478186578877 lifecam22 2163.33374023 5716.22265625 3.81404066086
1478186578942 lifecam22 2157.27392578 5720.76416016 3.81029605865
1478186579010 lifecam22 2152.46679688 5725.40136719 3.80289340019
1478186579282 lifecam22 2132.39428711 5744.92285156 3.78456664085
1478186579339 lifecam22 2128.45996094 5749.27880859 3.78382635117
1478186579405 lifecam22 2123.54614258 5754.80224609 3.78130793571
1478186579543 lifecam22 2112.82666016 5764.06542969 3.76583743095
1478186579750 lifecam22 2099.37988281 5779.07128906 3.75516414642
1478186579804 lifecam22 2092.86450195 5784.03515625 3.7466108799
1478186579868 lifecam22 2088.90942383 5789.35693359 3.74302768707
1478186579936 lifecam22 2082.36108398 5794.34130859 3.72870111465
1478186580008 lifecam22 2078.41040039 5799.12158203 3.72871208191
1478186580346 lifecam22 2052.84326172 5824.45849609 3.69299459457
1478186580407 lifecam22 2048.55761719 5830.69824219 3.69387435913
1478186580464 lifecam22 2044.7713623 5834.73144531 3.69779729843
1478186580538 lifecam22 2040.17175293 5840.24951172 3.69002151489
1478186580603 lifecam22 2035.83190918 5845.27148438 3.6874833107
1478186580885 lifecam22 2017.80700684 5866.90576172 3.6649324894
1478186580941 lifecam22 2013.46228027 5872.20263672 3.66174793243
1478186581009 lifecam22 2008.70739746 5877.05615234 3.6574151516
1478186581076 lifecam22 2005.99841309 5882.61669922 3.65960502625
1478186581137 lifecam22 1999.94177246 5888.77441406 3.64709997177
1478186581472 lifecam22 1980.50439453 5916.40429688 3.63103532791
1478186581540 lifecam22 1975.24963379 5921.65820312 3.62279367447
1478186581611 lifecam22 1971.61706543 5927.30761719 3.61860656738
1478186581675 lifecam22 1967.75109863 5932.62353516 3.61308574677
1478186581744 lifecam22 1961.98669434 5938.52880859 3.59761667252
1478186582017 lifecam22 1946.14221191 5961.05908203 3.5845451355
1478186582074 lifecam22 1940.74462891 5967.97363281 3.57086277008
1478186582137 lifecam22 1936.63842773 5973.66992188 3.56427955627
1478186582212 lifecam22 1932.74499512 5979.6328125 3.56233739853
1478186582273 lifecam22 1928.80090332 5985.26074219 3.55647706985
1478186582675 lifecam22 1922.81359863 5999.86425781 3.56870985031
1478186582743 lifecam22 1922.82263184 5999.72021484 3.56986188889
1478186582824 lifecam22 1922.98010254 5999.67480469 3.57095527649
1478186582880 lifecam22 1922.98010254 5999.67480469 3.57095527649
1478186582952 lifecam22 1923.03808594 5999.75244141 3.57174301147
1478186583280 lifecam22 1923.00415039 5999.76757812 3.57151651382
1478186583348 lifecam22 1923.11730957 5999.71777344 3.57111597061
1478186583405 lifecam22 1923.2623291 5999.56835938 3.57420539856
1478186583479 lifecam22 1922.87182617 5999.94140625 3.56949949265
1478186583548 lifecam22 1922.98010254 5999.67480469 3.57095527649
1478186583820 lifecam22 1922.79907227 5999.92919922 3.56922578812
1478186583876 lifecam22 1923.03808594 5999.75244141 3.57174301147
1478186583941 lifecam22 1923.03771973 5999.65332031 3.57139015198
1478186584019 lifecam22 1923.28186035 5999.4765625 3.57394647598
1478186584085 lifecam22 1923.06030273 5999.55029297 3.57357978821
1478186584415 lifecam22 1923.14501953 5999.71533203 3.57372903824
1478186584481 lifecam22 1923.24414062 5999.56982422 3.5728597641
1478186584551 lifecam22 1922.82263184 5999.72021484 3.56986188889
1478186584610 lifecam22 1923.06213379 5999.84521484 3.57230472565
1478186584680 lifecam22 1923.20031738 5999.58691406 3.57254362106
1478186584951 lifecam22 1922.98010254 5999.67480469 3.57095527649
1478186585018 lifecam22 1923.12121582 5999.62207031 3.57316827774
1478186585085 lifecam22 1923.0871582 5999.63720703 3.57294225693
1478186585145 lifecam22 1923.17358398 5999.51464844 3.5719575882
