1478186260578 lifecam22 3345.19555664 5379.21533203 4.70185852051
1478186260653 lifecam22 3345.30566406 5379.49414062 4.70284891129
1478186260708 lifecam22 3345.17700195 5379.36572266 4.70169067383
1478186261045 lifecam22 3345.6496582 5380.2578125 4.70595216751
1478186261116 lifecam22 3345.73681641 5380.06494141 4.70556497574
1478186261175 lifecam22 3345.71728516 5380.04492188 4.70537233353
1478186261241 lifecam22 3345.49951172 5379.96777344 4.70459794998
1478186261312 lifecam22 3346.1940918 5380.79003906 4.70831012726
1478186261649 lifecam22 3345.7265625 5379.95410156 4.70279598236
1478186261716 lifecam22 3345.46728516 5379.84082031 4.70297861099
1478186261788 lifecam22 3345.35083008 5379.45703125 4.69929790497
1478186261853 lifecam22 3345.36083984 5379.60742188 4.70203304291
1478186261919 lifecam22 3345.78491211 5380.00976562 4.7033290863
1478186262247 lifecam22 3345.52563477 5379.89111328 4.70215702057
1478186262306 lifecam22 3345.36083984 5379.60742188 4.70203304291
1478186262381 lifecam22 3345.45678711 5379.83886719 4.70019769669
1478186262452 lifecam22 3345.48779297 5379.85644531 4.70183324814
1478186262514 lifecam22 3345.78491211 5380.00976562 4.7033290863
1478186262853 lifecam22 3345.69165039 5378.72900391 4.69494199753
1478186262923 lifecam22 3346.23364258 5379.48632812 4.69838476181
1478186262982 lifecam22 3346.99536133 5379.25341797 4.69623756409
1478186263054 lifecam22 3347.00317383 5380.47265625 4.70413637161
1478186263121 lifecam22 3346.68457031 5379.58056641 4.69695806503
1478186263385 lifecam22 3346.24926758 5377.51025391 4.68808412552
1478186263453 lifecam22 3348.96606445 5377.52294922 4.69108057022
1478186263521 lifecam22 3351.65307617 5379.30957031 4.70164394379
1478186263579 lifecam22 3350.92431641 5377.81884766 4.69385623932
1478186263660 lifecam22 3352.52392578 5380.59423828 4.70824289322
1478186263919 lifecam22 3345.57495117 5376.63720703 4.68115282059
1478186263990 lifecam22 3349.04492188 5378.16308594 4.69486618042
1478186264051 lifecam22 3343.70825195 5377.49609375 4.69192838669
1478186264109 lifecam22 3330.50561523 5375.81542969 4.67666339874
1478186264178 lifecam22 3325.0625 5379.1875 4.6997461319
1478186264457 lifecam22 3300.31933594 5373.69921875 4.67437791824
1478186264513 lifecam22 3292.83374023 5372.66259766 4.66614294052
1478186264578 lifecam22 3286.10791016 5371.3984375 4.65623521805
1478186264655 lifecam22 3277.46606445 5367.85791016 4.63918876648
1478186264720 lifecam22 3270.67138672 5367.77587891 4.63859653473
1478186265056 lifecam22 3236.47143555 5364.86279297 4.61526584625
1478186265119 lifecam22 3230.08276367 5364.23339844 4.61012363434
1478186265252 lifecam22 3216.30908203 5364.09082031 4.60450649261
1478186265326 lifecam22 3209.18701172 5362.97314453 4.59421777725
1478186265590 lifecam22 3181.27661133 5362.41650391 4.57731151581
1478186265651 lifecam22 3174.51635742 5361.82226562 4.57113456726
1478186265727 lifecam22 3168.88208008 5362.30664062 4.57369661331
1478186265791 lifecam22 3161.61157227 5362.02978516 4.566593647
1478186265855 lifecam22 3154.08154297 5361.38037109 4.55738973618
1478186266123 lifecam22 3125.84960938 5361.40185547 4.53569412231
1478186266192 lifecam22 3118.86938477 5361.07910156 4.52768230438
1478186266253 lifecam22 3111.1105957 5361.35107422 4.52327346802
1478186266325 lifecam22 3104.67260742 5361.82128906 4.52084827423
1478186266390 lifecam22 3098.22998047 5362.45458984 4.52013254166
1478186266593 lifecam22 3076.92041016 5363.08056641 4.50562286377
1478186266653 lifecam22 3069.921875 5363.12890625 4.49936342239
1478186266718 lifecam22 3062.74633789 5362.94873047 4.49205446243
1478186266785 lifecam22 3056.15307617 5364.17285156 4.49121904373
1478186266863 lifecam22 3049.24121094 5363.92919922 4.48535823822
1478186267126 lifecam22 3021.65576172 5365.80712891 4.45812940598
1478186267186 lifecam22 3013.80322266 5365.83740234 4.45634508133
1478186267263 lifecam22 3008.09350586 5366.99462891 4.45337533951
1478186267331 lifecam22 3000.04321289 5367.10058594 4.44228172302
1478186267392 lifecam22 2993.81884766 5368.46044922 4.43983078003
1478186267596 lifecam22 2973.95556641 5371.49316406 4.42982769012
1478186267650 lifecam22 2967.53149414 5372.1484375 4.42814159393
1478186267722 lifecam22 2961.75097656 5373.40429688 4.42568922043
1478186267789 lifecam22 2954.08959961 5374.79345703 4.4208612442
1478186267855 lifecam22 2947.36474609 5376.00683594 4.41879272461
1478186268119 lifecam22 2917.86206055 5377.72119141 4.38615846634
1478186268196 lifecam22 2912.10766602 5379.26611328 4.38679504395
1478186268266 lifecam22 2905.28808594 5381.34619141 4.38399839401
1478186268328 lifecam22 2896.65234375 5382.29980469 4.37279319763
1478186268389 lifecam22 2890.70751953 5383.41308594 4.3731880188
1478186268597 lifecam22 2869.2644043 5386.90527344 4.35167884827
1478186268663 lifecam22 2864.13061523 5388.71484375 4.35476779938
1478186268736 lifecam22 2855.77124023 5389.78027344 4.34479570389
1478186268801 lifecam22 2849.86743164 5391.96533203 4.34412956238
1478186268865 lifecam22 2842.75292969 5392.38964844 4.33498382568
1478186269132 lifecam22 2816.28662109 5398.88232422 4.31770896912
1478186269204 lifecam22 2809.58422852 5401.09619141 4.31501817703
1478186269264 lifecam22 2802.78613281 5402.11279297 4.30857133865
1478186269329 lifecam22 2795.76220703 5404.71826172 4.3039059639
1478186269396 lifecam22 2788.22631836 5405.77392578 4.29468679428
1478186269729 lifecam22 2754.96972656 5414.60742188 4.26955366135
1478186269787 lifecam22 2747.72290039 5416.94091797 4.26447534561
1478186269863 lifecam22 2742.18701172 5419.50634766 4.26418590546
1478186269934 lifecam22 2734.29541016 5420.48632812 4.2538819313
1478186269998 lifecam22 2728.1862793 5422.40820312 4.24920606613
1478186270205 lifecam22 2707.18530273 5428.91455078 4.2321600914
1478186270258 lifecam22 2702.07324219 5431.59033203 4.23834657669
1478186270327 lifecam22 2696.15039062 5434.43115234 4.23681926727
1478186270394 lifecam22 2689.5144043 5436.39599609 4.22655916214
1478186270449 lifecam22 2682.81689453 5438.20019531 4.22538328171
1478186270741 lifecam22 2655.73657227 5447.29638672 4.2003068924
1478186270792 lifecam22 2649.07861328 5449.56494141 4.1948018074
1478186270867 lifecam22 2644.09838867 5451.91015625 4.19400835037
1478186270937 lifecam22 2635.69482422 5454.40185547 4.18156766891
1478186271000 lifecam22 2630.24267578 5456.16113281 4.17790746689
1478186271270 lifecam22 2605.19848633 5467.6640625 4.16453552246
1478186271335 lifecam22 2597.72216797 5469.89941406 4.15705156326
1478186271390 lifecam22 2591.74316406 5472.9765625 4.15440034866
1478186271464 lifecam22 2584.95239258 5475.07128906 4.14882898331
1478186271527 lifecam22 2578.06152344 5478.26123047 4.14699697495
1478186271736 lifecam22 2558.0703125 5486.95507812 4.12718009949
1478186271789 lifecam22 2552.44970703 5489.10595703 4.12546443939
1478186271865 lifecam22 2544.60131836 5492.43994141 4.11310863495
1478186271929 lifecam22 2538.49267578 5495.18603516 4.11303853989
1478186271998 lifecam22 2532.13647461 5497.75927734 4.10487699509
1478186272263 lifecam22 2507.0793457 5511.78173828 4.09052324295
1478186272331 lifecam22 2501.39111328 5514.46728516 4.08707094193
1478186272397 lifecam22 2494.64770508 5517.96728516 4.0772600174
1478186272467 lifecam22 2488.01904297 5520.84130859 4.07460021973
1478186272526 lifecam22 2483.25341797 5523.78515625 4.07403469086
1478186272806 lifecam22 2457.14526367 5536.96630859 4.04799604416
1478186272863 lifecam22 2452.38647461 5540.79980469 4.0488820076
1478186272931 lifecam22 2445.86523438 5544.04394531 4.04384422302
1478186272996 lifecam22 2438.85058594 5547.77685547 4.03039455414
1478186273066 lifecam22 2433.35229492 5551.26074219 4.03006792068
1478186273337 lifecam22 2408.93286133 5565.95556641 4.00805664062
1478186273405 lifecam22 2401.56665039 5569.03564453 3.99932527542
1478186273476 lifecam22 2396.83349609 5572.99804688 4.00007534027
1478186273534 lifecam22 2390.01342773 5575.74511719 3.99349331856
1478186273603 lifecam22 2384.88671875 5580.36474609 3.98852038383
1478186273805 lifecam22 2368.68041992 5591.63574219 3.98420262337
1478186273867 lifecam22 2359.40966797 5594.74267578 3.96143651009
1478186273939 lifecam22 2354.78320312 5598.52246094 3.95550847054
1478186273996 lifecam22 2349.53759766 5603.1328125 3.96403717995
1478186274075 lifecam22 2344.11865234 5607.61914062 3.95390534401
1478186274340 lifecam22 2321.87841797 5622.60400391 3.93949007988
1478186274398 lifecam22 2320.10693359 5626.03027344 3.95659422874
1478186274468 lifecam22 2308.68603516 5631.8671875 3.92690873146
1478186274535 lifecam22 2305.1640625 5635.29492188 3.92736935616
1478186274604 lifecam22 2299.79077148 5638.82324219 3.9173271656
1478186274878 lifecam22 2274.88378906 5657.06201172 3.8865571022
1478186274932 lifecam22 2270.02001953 5661.02441406 3.88502907753
1478186275002 lifecam22 2263.81030273 5664.88574219 3.8737821579
1478186275066 lifecam22 2257.92993164 5669.58300781 3.8686580658
1478186275134 lifecam22 2253.59350586 5673.77050781 3.86999702454
1478186275402 lifecam22 2230.74609375 5691.54931641 3.84912085533
1478186275476 lifecam22 2224.89038086 5696.59814453 3.84227991104
1478186275532 lifecam22 2220.06787109 5701.07421875 3.84129190445
1478186275600 lifecam22 2214.93969727 5705.59179688 3.83789038658
1478186275677 lifecam22 2210.02880859 5710.02636719 3.83124399185
1478186275876 lifecam22 2194.34667969 5723.76171875 3.81771183014
1478186275934 lifecam22 2188.81640625 5727.94921875 3.80826663971
1478186276009 lifecam22 2184.23461914 5733.55224609 3.80903077126
1478186276072 lifecam22 2178.86791992 5737.65576172 3.80430054665
1478186276140 lifecam22 2175.53955078 5743.0859375 3.80532765388
1478186276403 lifecam22 2153.69628906 5762.15332031 3.77854371071
1478186276466 lifecam22 2149.15283203 5767.55615234 3.77480506897
1478186276545 lifecam22 2144.74633789 5771.75146484 3.77211761475
1478186276609 lifecam22 2139.38500977 5777.37597656 3.76455616951
1478186276672 lifecam22 2133.171875 5781.78369141 3.75424480438
1478186276934 lifecam22 2113.41479492 5801.66455078 3.73459243774
1478186277007 lifecam22 2108.79296875 5807.28125 3.72728061676
1478186277076 lifecam22 2103.68383789 5812.39697266 3.72365832329
1478186277145 lifecam22 2098.82373047 5817.60009766 3.71671843529
1478186277208 lifecam22 2094.33569336 5822.18847656 3.71483397484
1478186277419 lifecam22 2080.21826172 5838.43261719 3.70314741135
1478186277480 lifecam22 2076.74047852 5842.86181641 3.70046854019
1478186277608 lifecam22 2067.20019531 5853.45605469 3.69010734558
1478186277669 lifecam22 2063.36914062 5859.00390625 3.6860294342
1478186277745 lifecam22 2058.29956055 5864.77587891 3.68067622185
1478186278005 lifecam22 2042.5111084 5886.13232422 3.66726160049
1478186278074 lifecam22 2037.18591309 5891.62890625 3.65969562531
1478186278147 lifecam22 2033.80944824 5896.87255859 3.6580080986
1478186278209 lifecam22 2028.46862793 5902.98730469 3.64788150787
1478186278279 lifecam22 2025.29968262 5908.02734375 3.64657211304
1478186278608 lifecam22 2002.44836426 5935.59130859 3.61756038666
1478186278681 lifecam22 1998.84387207 5941.47753906 3.61284589767
1478186278743 lifecam22 1992.1229248 5947.52929688 3.5942773819
1478186278809 lifecam22 1989.19592285 5952.64892578 3.59446191788
1478186278872 lifecam22 1984.0135498 5958.95507812 3.58477401733
1478186279212 lifecam22 1967.29248047 5986.79736328 3.57764577866
1478186279271 lifecam22 1962.43212891 5992.86669922 3.57121181488
1478186279347 lifecam22 1959.83996582 5998.3984375 3.57032203674
1478186279411 lifecam22 1954.7010498 6004.41162109 3.5583024025
1478186279474 lifecam22 1951.6583252 6009.90136719 3.56078004837
1478186279738 lifecam22 1935.90356445 6034.06298828 3.53437423706
1478186279816 lifecam22 1940.40185547 6034.83837891 3.56132650375
1478186279873 lifecam22 1939.8059082 6033.51660156 3.55732488632
1478186279938 lifecam22 1940.75537109 6033.96240234 3.55977582932
1478186280010 lifecam22 1940.3026123 6033.62109375 3.55831098557
1478186280280 lifecam22 1940.08288574 6033.60107422 3.55764913559
1478186280343 lifecam22 1940.3026123 6033.62109375 3.55831098557
1478186280411 lifecam22 1940.3026123 6033.62109375 3.55831098557
1478186280483 lifecam22 1940.08288574 6033.60107422 3.55764913559
1478186280543 lifecam22 1940.14953613 6033.88330078 3.55681085587
1478186280818 lifecam22 1940.59741211 6033.63085938 3.56071233749
1478186280872 lifecam22 1940.3026123 6033.62109375 3.55831098557
1478186280937 lifecam22 1940.26000977 6033.74609375 3.55842161179
1478186281012 lifecam22 1940.3026123 6033.62109375 3.55831098557
1478186281067 lifecam22 1940.08288574 6033.60107422 3.55764913559
1478186281357 lifecam22 1940.04077148 6033.72558594 3.55776071548
1478186281414 lifecam22 1940.71252441 6033.57373047 3.56028556824
1478186281481 lifecam22 1940.26000977 6033.74609375 3.55842161179
1478186281556 lifecam22 1940.45153809 6033.67822266 3.55973958969
1478186281614 lifecam22 1940.3026123 6033.62109375 3.55831098557
1478186281880 lifecam22 1940.26000977 6033.74609375 3.55842161179
1478186281949 lifecam22 1939.81628418 6033.95166016 3.5566239357
1478186282017 lifecam22 1940.04077148 6033.72558594 3.55776071548
1478186282085 lifecam22 1940.26000977 6033.74609375 3.55842161179
1478186282146 lifecam22 1940.25073242 6033.85693359 3.55875825882
1478186282415 lifecam22 1940.26000977 6033.74609375 3.55842161179
1478186282484 lifecam22 1940.66931152 6033.69873047 3.56039476395
1478186282551 lifecam22 1940.04077148 6033.72558594 3.55776071548
1478186282614 lifecam22 1940.08288574 6033.60107422 3.55764913559
1478186282682 lifecam22 1940.08288574 6033.60107422 3.55764913559
1478186282877 lifecam22 1940.26000977 6033.74609375 3.55842161179
1478186282944 lifecam22 1940.26000977 6033.74609375 3.55842161179
1478186283017 lifecam22 1940.26000977 6033.74609375 3.55842161179
1478186283080 lifecam22 1940.3026123 6033.62109375 3.55831098557
1478186283150 lifecam22 1940.68383789 6033.73828125 3.56066799164
