1478186057397 lifecam22 3351.35717773 5383.25634766 4.7291970253
1478186057465 lifecam22 3351.02148438 5382.77734375 4.72470474243
1478186057536 lifecam22 3351.18652344 5383.08496094 4.72759199142
1478186057590 lifecam22 3350.36791992 5383.04003906 4.72716903687
1478186057656 lifecam22 3350.56811523 5383.69580078 4.73330116272
1478186058004 lifecam22 3350.14013672 5382.74267578 4.72437763214
1478186058067 lifecam22 3349.52685547 5382.40478516 4.71974420547
1478186058131 lifecam22 3350.46557617 5383.171875 4.72840595245
1478186058199 lifecam22 3350.18505859 5383.02832031 4.72557449341
1478186058260 lifecam22 3349.95043945 5382.81347656 4.72250509262
1478186058597 lifecam22 3350.77099609 5383.37353516 4.73029327393
1478186058662 lifecam22 3350.48461914 5382.80175781 4.72493362427
1478186058725 lifecam22 3350.25341797 5382.82128906 4.72512054443
1478186058794 lifecam22 3350.22265625 5382.79394531 4.72339963913
1478186058862 lifecam22 3350.46557617 5383.171875 4.72840595245
1478186059201 lifecam22 3350.65161133 5383.33935547 4.72848272324
1478186059261 lifecam22 3350.48461914 5382.92431641 4.72462654114
1478186059331 lifecam22 3350.39477539 5383.21044922 4.72877073288
1478186059395 lifecam22 3351.19189453 5383.35302734 4.73010158539
1478186059472 lifecam22 3350.26220703 5382.83935547 4.72382688522
1478186059797 lifecam22 3350.69506836 5383.64550781 4.73283338547
1478186059866 lifecam22 3350.76391602 5383.60644531 4.73246955872
1478186059933 lifecam22 3350.92138672 5383.64404297 4.73281860352
1478186059999 lifecam22 3350.56933594 5383.39794922 4.73052167892
1478186060068 lifecam22 3350.69506836 5383.64550781 4.73283338547
1478186060411 lifecam22 3353.66845703 5382.40869141 4.72122859955
1478186060463 lifecam22 3352.4777832 5382.0546875 4.71788835526
1478186060534 lifecam22 3352.95166016 5381.83105469 4.71576166153
1478186060604 lifecam22 3352.89648438 5382.03417969 4.71768665314
1478186060665 lifecam22 3352.64428711 5381.93261719 4.71672677994
1478186060941 lifecam22 3353.55395508 5381.52734375 4.71288061142
1478186061007 lifecam22 3353.50415039 5381.60888672 4.71365070343
1478186061067 lifecam22 3353.55395508 5381.52734375 4.71288061142
1478186061140 lifecam22 3353.55395508 5381.52734375 4.71288061142
1478186061205 lifecam22 3353.55395508 5381.52734375 4.71288061142
1478186061547 lifecam22 3343.21386719 5380.25390625 4.70209264755
1478186061602 lifecam22 3330.9387207 5378.84960938 4.6995472908
1478186061669 lifecam22 3328.39331055 5375.79492188 4.68211698532
1478186061742 lifecam22 3319.22119141 5374.56152344 4.6707239151
1478186061816 lifecam22 3309.34985352 5372.35058594 4.65754985809
1478186062138 lifecam22 3279.17504883 5372.55322266 4.67273283005
1478186062199 lifecam22 3271.29736328 5370.26953125 4.65700292587
1478186062271 lifecam22 3265.01391602 5369.58447266 4.65237283707
1478186062332 lifecam22 3257.68457031 5368.41162109 4.64370775223
1478186062402 lifecam22 3250.44238281 5367.15087891 4.63835382462
1478186062675 lifecam22 3222.86889648 5365.06982422 4.61484336853
1478186062732 lifecam22 3216.09423828 5364.99755859 4.61200857162
1478186062811 lifecam22 3209.37353516 5365.46630859 4.61032104492
1478186062876 lifecam22 3202.63989258 5364.78662109 4.60828065872
1478186062929 lifecam22 3195.86108398 5364.95605469 4.60561132431
1478186063194 lifecam22 3167.20336914 5362.87109375 4.5786690712
1478186063267 lifecam22 3160.06030273 5362.25976562 4.57431554794
1478186063343 lifecam22 3152.50415039 5362.06542969 4.5666975975
1478186063406 lifecam22 3145.98779297 5360.25390625 4.55682563782
1478186063467 lifecam22 3138.30688477 5360.60595703 4.54870319366
1478186063803 lifecam22 3104.88256836 5361.06982422 4.53399372101
1478186063873 lifecam22 3096.82080078 5360.62109375 4.5228805542
1478186063939 lifecam22 3090.62353516 5361.01269531 4.52025175095
1478186064013 lifecam22 3084.42358398 5361.46044922 4.51890802383
1478186064071 lifecam22 3077.25463867 5361.58496094 4.51597356796
1478186064409 lifecam22 3043.00537109 5363.68945312 4.49266624451
1478186064476 lifecam22 3035.51831055 5364.03662109 4.48548746109
1478186064530 lifecam22 3028.51220703 5365.09912109 4.48189544678
1478186064605 lifecam22 3021.48388672 5364.74707031 4.4758939743
1478186064674 lifecam22 3014.46899414 5366.421875 4.4728140831
1478186064939 lifecam22 2986.86254883 5368.12011719 4.44960069656
1478186065013 lifecam22 2980.08691406 5368.85742188 4.44293498993
1478186065080 lifecam22 2972.7824707 5368.92626953 4.436378479
1478186065142 lifecam22 2965.88867188 5369.96289062 4.43287229538
1478186065212 lifecam22 2958.69604492 5370.12158203 4.42620182037
1478186065550 lifecam22 2923.64355469 5374.23095703 4.39931917191
1478186065600 lifecam22 2918.19482422 5375.6875 4.40154743195
1478186065674 lifecam22 2911.58569336 5377.08740234 4.39842796326
1478186065742 lifecam22 2904.02685547 5377.66259766 4.38998031616
1478186065809 lifecam22 2897.52905273 5379.27978516 4.38879203796
1478186066149 lifecam22 2863.41186523 5385.27929688 4.36678600311
1478186066213 lifecam22 2857.0168457 5387.3046875 4.3640127182
1478186066284 lifecam22 2849.5715332 5387.96289062 4.35558605194
1478186066348 lifecam22 2843.58618164 5389.79736328 4.35251569748
1478186066409 lifecam22 2836.1184082 5390.88476562 4.34974813461
1478186066748 lifecam22 2801.99023438 5399.48632812 4.32062482834
1478186066813 lifecam22 2793.2668457 5400.44042969 4.31111526489
1478186066881 lifecam22 2786.87036133 5401.58789062 4.29987764359
1478186066949 lifecam22 2780.10229492 5403.25097656 4.2963347435
1478186067002 lifecam22 2774.34399414 5404.84912109 4.29994440079
1478186067348 lifecam22 2739.94848633 5413.71923828 4.26646089554
1478186067408 lifecam22 2734.66186523 5415.82373047 4.26755809784
1478186067489 lifecam22 2726.5390625 5417.17626953 4.25789833069
1478186067553 lifecam22 2721.14672852 5419.86083984 4.25893163681
1478186067607 lifecam22 2715.53710938 5422.29345703 4.25917482376
1478186067879 lifecam22 2688.4284668 5431.15283203 4.23965072632
1478186067949 lifecam22 2681.29223633 5433.15380859 4.23222160339
1478186068007 lifecam22 2675.4519043 5434.07568359 4.22344589233
1478186068079 lifecam22 2669.5949707 5438.04199219 4.22879076004
1478186068149 lifecam22 2662.61376953 5439.94873047 4.22525453568
1478186068480 lifecam22 2628.13769531 5450.51171875 4.18490314484
1478186068542 lifecam22 2621.89794922 5453.61865234 4.1861243248
1478186068627 lifecam22 2615.6940918 5456.10253906 4.18095111847
1478186068678 lifecam22 2608.52612305 5459.07177734 4.17778491974
1478186068745 lifecam22 2601.93798828 5461.54296875 4.16926336288
1478186069010 lifecam22 2574.62695312 5471.79736328 4.14618682861
1478186069088 lifecam22 2569.90380859 5474.03808594 4.14705181122
1478186069145 lifecam22 2563.72558594 5477.56347656 4.14737129211
1478186069221 lifecam22 2555.80078125 5479.50878906 4.1358423233
1478186069291 lifecam22 2550.79589844 5483.36865234 4.1346373558
1478186069551 lifecam22 2524.19897461 5494.65087891 4.1120634079
1478186069608 lifecam22 2518.41137695 5497.80908203 4.10994052887
1478186069679 lifecam22 2511.72631836 5500.86865234 4.10652685165
1478186069750 lifecam22 2505.32543945 5503.88867188 4.09538269043
1478186069813 lifecam22 2500.1784668 5507.47412109 4.09904336929
1478186070082 lifecam22 2473.13891602 5520.00488281 4.06964683533
1478186070146 lifecam22 2467.62231445 5523.55029297 4.06918668747
1478186070213 lifecam22 2461.21850586 5526.09423828 4.0591506958
1478186070282 lifecam22 2455.79296875 5530.04980469 4.06183862686
1478186070350 lifecam22 2448.36376953 5533.14501953 4.04839706421
1478186070613 lifecam22 2424.27685547 5547.61572266 4.03396034241
1478186070686 lifecam22 2417.93457031 5550.67480469 4.02737617493
1478186070749 lifecam22 2411.35351562 5554.22460938 4.02241802216
1478186070829 lifecam22 2406.53588867 5557.28222656 4.02136516571
1478186070878 lifecam22 2400.51660156 5561.71484375 4.01764154434
1478186071157 lifecam22 2376.90576172 5575.18994141 3.99509119987
1478186071221 lifecam22 2369.71069336 5579.19824219 3.98523569107
1478186071286 lifecam22 2365.14208984 5582.48242188 3.98571157455
1478186071356 lifecam22 2359.87548828 5587.09570312 3.98309969902
1478186071419 lifecam22 2351.51708984 5589.81396484 3.96763348579
1478186071691 lifecam22 2328.31811523 5606.92724609 3.94387149811
1478186071754 lifecam22 2324.27148438 5610.84814453 3.94735836983
1478186071824 lifecam22 2320.08520508 5613.69091797 3.94833230972
1478186071889 lifecam22 2311.05395508 5618.66113281 3.93693113327
1478186071953 lifecam22 2307.51123047 5622.01953125 3.93785429001
1478186072219 lifecam22 2282.87158203 5638.69824219 3.90554881096
1478186072285 lifecam22 2275.79492188 5643.81982422 3.89526414871
1478186072355 lifecam22 2271.38623047 5647.46337891 3.89397644997
1478186072418 lifecam22 2264.39428711 5652.32128906 3.88618016243
1478186072489 lifecam22 2259.17431641 5656.61230469 3.8772084713
1478186072748 lifecam22 2238.62036133 5673.61376953 3.87044739723
1478186072824 lifecam22 2233.12841797 5678.19091797 3.86189818382
1478186072886 lifecam22 2228.43603516 5682.73730469 3.86184382439
1478186072949 lifecam22 2222.72314453 5686.60839844 3.85481905937
1478186073022 lifecam22 2217.87915039 5691.91992188 3.85322022438
1478186073293 lifecam22 2195.859375 5709.29101562 3.82940411568
1478186073350 lifecam22 2190.45385742 5713.98925781 3.81897854805
1478186073423 lifecam22 2184.77294922 5719.14941406 3.81632518768
1478186073488 lifecam22 2180.22119141 5723.73046875 3.81470489502
1478186073554 lifecam22 2175.63330078 5728.73046875 3.80880308151
1478186073751 lifecam22 2159.29052734 5742.46679688 3.79178118706
1478186073824 lifecam22 2153.52612305 5747.66552734 3.79017829895
1478186073890 lifecam22 2148.65771484 5752.44921875 3.7811923027
1478186073953 lifecam22 2143.2109375 5757.24462891 3.77758574486
1478186074025 lifecam22 2139.18969727 5762.13623047 3.77334284782
1478186074420 lifecam22 2109.15942383 5792.42773438 3.74231481552
1478186074488 lifecam22 2105.26049805 5797.27148438 3.74411535263
1478186074555 lifecam22 2101.32592773 5802.2578125 3.73799657822
1478186074619 lifecam22 2095.52246094 5807.72802734 3.73179221153
1478186074698 lifecam22 2091.34936523 5812.55615234 3.72598075867
1478186074889 lifecam22 2076.70996094 5828.24804688 3.71074056625
1478186074961 lifecam22 2071.36206055 5833.17871094 3.70360851288
1478186075027 lifecam22 2066.3840332 5838.71240234 3.69158482552
1478186075085 lifecam22 2063.02050781 5843.43847656 3.6928563118
1478186075156 lifecam22 2057.69604492 5848.59667969 3.68701696396
1478186075493 lifecam22 2035.81311035 5875.40185547 3.66441917419
1478186075562 lifecam22 2030.5814209 5881.25488281 3.65801811218
1478186075633 lifecam22 2026.35021973 5887.12646484 3.6533229351
1478186075693 lifecam22 2021.10046387 5892.05126953 3.64961647987
1478186075752 lifecam22 2016.8314209 5897.84521484 3.64007472992
1478186076031 lifecam22 2000.62121582 5919.6328125 3.62671947479
1478186076095 lifecam22 1997.38391113 5925.15966797 3.62250232697
1478186076152 lifecam22 1991.54064941 5930.56298828 3.616314888
1478186076228 lifecam22 1988.0579834 5936.41113281 3.6083779335
1478186076284 lifecam22 1985.48547363 5941.86523438 3.61489534378
1478186076628 lifecam22 1965.65673828 5970.8828125 3.58772993088
1478186076695 lifecam22 1961.19274902 5976.02490234 3.579185009
1478186076756 lifecam22 1957.21691895 5982.03271484 3.57429504395
1478186076822 lifecam22 1952.89172363 5988.48681641 3.56884717941
1478186076894 lifecam22 1949.0447998 5993.74169922 3.56443691254
1478186077157 lifecam22 1932.63146973 6017.82519531 3.53563642502
1478186077224 lifecam22 1933.46801758 6021.09375 3.54868984222
1478186077290 lifecam22 1933.95739746 6019.54638672 3.54769849777
1478186077357 lifecam22 1934.55212402 6020.11279297 3.54986381531
1478186077425 lifecam22 1933.71362305 6020.07958984 3.54626274109
1478186077694 lifecam22 1933.67602539 6019.98779297 3.54691505432
1478186077774 lifecam22 1933.71362305 6020.07958984 3.54626274109
1478186077835 lifecam22 1933.48535156 6020.26660156 3.54500007629
1478186077901 lifecam22 1933.91137695 6019.76806641 3.54680681229
1478186077964 lifecam22 1933.71362305 6020.07958984 3.54626274109
1478186078241 lifecam22 1933.96105957 6020.05224609 3.54719352722
1478186078295 lifecam22 1933.71362305 6020.07958984 3.54626274109
1478186078355 lifecam22 1933.91137695 6019.76806641 3.54680681229
1478186078422 lifecam22 1934.01635742 6020.04833984 3.54764986038
