1478190593172 lifecam22 3350.61108398 5376.30322266 4.72963619232
1478190593242 lifecam22 3349.88745117 5375.95410156 4.72636222839
1478190593310 lifecam22 3350.63525391 5376.18652344 4.72854471207
1478190593573 lifecam22 3350.1105957 5376.10107422 4.72774410248
1478190593640 lifecam22 3350.26293945 5375.96386719 4.72645664215
1478190593708 lifecam22 3349.78662109 5375.92578125 4.72609758377
1478190593766 lifecam22 3349.890625 5375.7421875 4.7243719101
1478190593840 lifecam22 3350.04394531 5376.11816406 4.72790431976
1478190594162 lifecam22 3350.18212891 5376.09619141 4.72769737244
1478190594240 lifecam22 3350.44604492 5376.14013672 4.7281088829
1478190594305 lifecam22 3350.1105957 5376.10107422 4.72774410248
1478190594384 lifecam22 3349.76953125 5376.05224609 4.72728443146
1478190594441 lifecam22 3350.40478516 5376.24365234 4.72907829285
1478190594705 lifecam22 3349.60961914 5375.80908203 4.72500371933
1478190594772 lifecam22 3350.08032227 5375.92822266 4.72611856461
1478190594836 lifecam22 3350.06811523 5375.99609375 4.72675848007
1478190594902 lifecam22 3350.21557617 5375.91748047 4.72601938248
1478190594978 lifecam22 3349.87475586 5375.44238281 4.72154760361
1478190595245 lifecam22 3351.55688477 5375.80371094 4.72494935989
1478190595307 lifecam22 3353.01855469 5376.18115234 4.72848987579
1478190595370 lifecam22 3351.93676758 5375.63525391 4.71479034424
1478190595446 lifecam22 3352.44042969 5374.50585938 4.70399045944
1478190595511 lifecam22 3352.26220703 5375.62841797 4.70119714737
1478190595779 lifecam22 3353.72949219 5376.82763672 4.7345290184
1478190595843 lifecam22 3353.65625 5376.60107422 4.73241615295
1478190595910 lifecam22 3353.58740234 5376.82568359 4.73451185226
1478190595979 lifecam22 3346.55419922 5374.52783203 4.71288013458
1478190596044 lifecam22 3339.28320312 5376.6171875 4.73256778717
1478190596316 lifecam22 3309.1887207 5370.29638672 4.69158363342
1478190596373 lifecam22 3301.53271484 5368.14160156 4.67354488373
1478190596431 lifecam22 3294.15332031 5366.69433594 4.6696138382
1478190596505 lifecam22 3287.72631836 5366.43896484 4.66618013382
1478190596574 lifecam22 3282.21142578 5365.03076172 4.66254138947
1478190596785 lifecam22 3264.61401367 5365.69775391 4.67590618134
1478190596838 lifecam22 3258.14550781 5365.41455078 4.67571735382
1478190596910 lifecam22 3249.56518555 5362.76171875 4.65407085419
1478190596972 lifecam22 3242.16845703 5362.28613281 4.64929485321
1478190597043 lifecam22 3234.91357422 5360.19628906 4.63916826248
1478190597244 lifecam22 3214.94042969 5358.95166016 4.63181829453
1478190597308 lifecam22 3207.14648438 5358.09277344 4.62540626526
1478190597383 lifecam22 3200.97607422 5357.7421875 4.61728000641
1478190597437 lifecam22 3194.09545898 5357.66015625 4.61662483215
1478190597506 lifecam22 3187.33935547 5357.44482422 4.61091947556
1478190597779 lifecam22 3159.06835938 5355.53662109 4.58964014053
1478190597844 lifecam22 3152.27514648 5355.83007812 4.58618783951
1478190597912 lifecam22 3144.81274414 5355.14599609 4.5750451088
1478190597971 lifecam22 3137.8581543 5354.08056641 4.56790494919
1478190598041 lifecam22 3131.55566406 5355.10107422 4.56788682938
1478190598256 lifecam22 3109.77661133 5354.31445312 4.54768943787
1478190598312 lifecam22 3103.62280273 5354.31982422 4.54637145996
1478190598373 lifecam22 3096.18237305 5354.53222656 4.53752660751
1478190598448 lifecam22 3088.97924805 5354.61328125 4.5330119133
1478190598519 lifecam22 3082.06274414 5354.91503906 4.53069829941
1478190598784 lifecam22 3054.22265625 5354.96630859 4.51072740555
1478190598852 lifecam22 3048.22631836 5355.62207031 4.51231575012
1478190598910 lifecam22 3041.17871094 5355.83496094 4.5044836998
1478190598980 lifecam22 3033.30541992 5355.88183594 4.49779891968
1478190599044 lifecam22 3028.0012207 5356.76464844 4.49853610992
1478190599385 lifecam22 2992.94262695 5359.39794922 4.47260522842
1478190599450 lifecam22 2986.19677734 5360.24511719 4.47065448761
1478190599514 lifecam22 2979.30541992 5360.89257812 4.46510601044
1478190599577 lifecam22 2972.50439453 5361.5390625 4.4570441246
1478190599650 lifecam22 2965.02441406 5362.04833984 4.4521780014
1478190599983 lifecam22 2931.17871094 5365.24658203 4.42681932449
1478190600046 lifecam22 2922.68994141 5366.34033203 4.41602277756
1478190600107 lifecam22 2916.90380859 5366.98779297 4.41341543198
1478190600180 lifecam22 2910.03076172 5367.95849609 4.40944433212
1478190600248 lifecam22 2902.89501953 5368.94091797 4.40352869034
1478190600448 lifecam22 2881.66796875 5372.13574219 4.38843679428
1478190600515 lifecam22 2874.43823242 5373.29101562 4.38223266602
1478190600576 lifecam22 2866.80029297 5373.86669922 4.37370920181
1478190600652 lifecam22 2860.92041016 5375.55859375 4.37418413162
1478190600714 lifecam22 2853.78808594 5376.47070312 4.37141895294
1478190600984 lifecam22 2826.9206543 5382.34521484 4.35099220276
1478190601046 lifecam22 2820.97900391 5383.22753906 4.35226678848
1478190601118 lifecam22 2813.53393555 5385.21875 4.34380340576
1478190601181 lifecam22 2806.16577148 5386.10400391 4.33743619919
1478190601248 lifecam22 2799.72802734 5387.80517578 4.33062171936
1478190601519 lifecam22 2772.35375977 5394.36523438 4.3104224205
1478190601586 lifecam22 2766.38891602 5396.74853516 4.31047344208
1478190601659 lifecam22 2759.87451172 5398.53515625 4.30845451355
1478190601719 lifecam22 2753.14208984 5399.58886719 4.30431461334
1478190601784 lifecam22 2746.32543945 5401.69873047 4.29740762711
1478190602046 lifecam22 2718.45043945 5407.82714844 4.2659239769
1478190602117 lifecam22 2712.85839844 5410.69433594 4.26948976517
1478190602182 lifecam22 2704.5222168 5411.92382812 4.25990867615
1478190602248 lifecam22 2697.50561523 5414.00390625 4.25439596176
1478190602312 lifecam22 2691.86303711 5415.98925781 4.24848270416
1478190602524 lifecam22 2671.80224609 5421.52685547 4.23567819595
1478190602582 lifecam22 2665.54125977 5424.08203125 4.23258924484
1478190602656 lifecam22 2659.62744141 5427.10449219 4.22979784012
1478190602720 lifecam22 2652.56079102 5428.63623047 4.22339200974
1478190602781 lifecam22 2646.04077148 5431.52197266 4.21739625931
1478190603055 lifecam22 2619.09716797 5440.77148438 4.1998705864
1478190603116 lifecam22 2612.80444336 5443.25634766 4.19447183609
1478190603186 lifecam22 2606.36279297 5445.91259766 4.1940703392
1478190603244 lifecam22 2599.30151367 5448.12890625 4.18680095673
1478190603314 lifecam22 2593.29077148 5451.30419922 4.18172645569
1478190603524 lifecam22 2574.53320312 5459.18212891 4.1723484993
1478190603592 lifecam22 2566.57788086 5461.09765625 4.15837430954
1478190603648 lifecam22 2560.74633789 5463.7578125 4.15625667572
1478190603777 lifecam22 2547.68139648 5469.54785156 4.14906787872
1478190603990 lifecam22 2527.33374023 5477.76074219 4.12874031067
1478190604066 lifecam22 2520.26757812 5480.29150391 4.1207909584
1478190604122 lifecam22 2513.47021484 5483.23681641 4.11752939224
1478190604186 lifecam22 2506.91088867 5486.10888672 4.10870885849
1478190604257 lifecam22 2500.85693359 5489.07568359 4.10844135284
1478190604522 lifecam22 2477.58886719 5501.73095703 4.09387779236
1478190604593 lifecam22 2470.66992188 5504.61425781 4.09424877167
1478190604664 lifecam22 2464.74829102 5508.14013672 4.08606052399
1478190604721 lifecam22 2459.78320312 5511.49316406 4.09186697006
1478190604793 lifecam22 2451.70507812 5514.46386719 4.07419013977
1478190605114 lifecam22 2421.27587891 5530.58300781 4.04979419708
1478190605180 lifecam22 2416.02709961 5535.00488281 4.04982089996
1478190605255 lifecam22 2410.05834961 5538.40087891 4.04837179184
1478190605320 lifecam22 2404.48217773 5541.94042969 4.04056549072
1478190605523 lifecam22 2384.54614258 5552.65917969 4.02215194702
1478190605585 lifecam22 2378.55786133 5555.70214844 4.01288986206
1478190605651 lifecam22 2372.49536133 5559.43359375 4.01105737686
1478190605725 lifecam22 2365.57104492 5563.42333984 3.998711586
1478190605790 lifecam22 2359.91040039 5565.75732422 3.99884438515
1478190606059 lifecam22 2335.27563477 5579.98681641 3.97355055809
1478190606119 lifecam22 2329.11328125 5584.08984375 3.9659845829
1478190606200 lifecam22 2324.50463867 5588.32714844 3.96815109253
1478190606264 lifecam22 2319.50024414 5592.84033203 3.96925640106
1478190606322 lifecam22 2314.55688477 5596.60742188 3.96806693077
1478190606523 lifecam22 2294.96801758 5608.06152344 3.94235038757
1478190606591 lifecam22 2293.02514648 5611.97705078 3.95725083351
1478190606654 lifecam22 2284.44970703 5617.265625 3.93778061867
1478190606721 lifecam22 2280.06835938 5621.88720703 3.93999934196
1478190606789 lifecam22 2272.75756836 5624.81933594 3.92146205902
1478190607065 lifecam22 2250.93212891 5642.07666016 3.90272545815
1478190607128 lifecam22 2245.61865234 5646.73095703 3.90141630173
1478190607190 lifecam22 2239.66723633 5651.04394531 3.89421916008
1478190607264 lifecam22 2234.43725586 5655.05712891 3.889991045
1478190607329 lifecam22 2227.26416016 5659.64599609 3.87654280663
1478190607594 lifecam22 2205.47070312 5676.62060547 3.86165595055
1478190607660 lifecam22 2199.46557617 5680.83691406 3.85575842857
1478190607729 lifecam22 2193.43334961 5685.19238281 3.84670257568
1478190607796 lifecam22 2189.5234375 5689.26416016 3.84958362579
1478190607852 lifecam22 2182.23632812 5694.21240234 3.83631181717
1478190608065 lifecam22 2167.63818359 5707.89208984 3.82663059235
1478190608123 lifecam22 2163.50073242 5712.25488281 3.8274307251
1478190608199 lifecam22 2156.95214844 5717.63330078 3.81378221512
1478190608256 lifecam22 2152.44750977 5722.17333984 3.81080722809
1478190608330 lifecam22 2147.8046875 5726.73583984 3.81233882904
1478190608591 lifecam22 2128.23754883 5746.28125 3.7944278717
1478190608661 lifecam22 2123.09399414 5750.92578125 3.78802323341
1478190608730 lifecam22 2118.23364258 5755.99414062 3.78429985046
1478190608795 lifecam22 2111.61206055 5760.67822266 3.76991057396
1478190608861 lifecam22 2107.1730957 5765.26074219 3.76807880402
1478190609134 lifecam22 2087.81225586 5785.90429688 3.74885225296
1478190609193 lifecam22 2082.68457031 5790.87304688 3.74189639091
1478190609256 lifecam22 2077.3046875 5796.21923828 3.73709821701
1478190609332 lifecam22 2072.5402832 5800.50146484 3.73102879524
1478190609398 lifecam22 2067.05126953 5806.51464844 3.72663784027
1478190609599 lifecam22 2053.81982422 5820.76953125 3.7155520916
1478190609661 lifecam22 2048.40454102 5826.83105469 3.70492959023
1478190609739 lifecam22 2043.79992676 5831.11816406 3.70445752144
1478190609798 lifecam22 2040.14733887 5836.50439453 3.69975566864
1478190609863 lifecam22 2034.14611816 5841.54833984 3.69065403938
1478190610125 lifecam22 2018.03234863 5862.82275391 3.67693090439
1478190610206 lifecam22 2012.53942871 5868.16015625 3.67245340347
1478190610260 lifecam22 2009.33239746 5873.68261719 3.66848635674
1478190610330 lifecam22 2003.73278809 5879.51708984 3.66158366203
1478190610398 lifecam22 1999.99401855 5884.46533203 3.65815353394
1478190610601 lifecam22 1987.35681152 5901.49804688 3.64656448364
1478190610662 lifecam22 1984.16687012 5906.63720703 3.64355278015
1478190610726 lifecam22 1979.54431152 5911.97021484 3.63637256622
1478190610798 lifecam22 1973.70996094 5918.22021484 3.62441253662
1478190610865 lifecam22 1969.23266602 5923.77978516 3.6168551445
1478190611134 lifecam22 1953.45361328 5946.796875 3.60400104523
1478190611198 lifecam22 1947.28173828 5952.64697266 3.58941650391
1478190611263 lifecam22 1943.67932129 5958.78808594 3.58727693558
1478190611332 lifecam22 1941.18859863 5963.99072266 3.58775138855
1478190611396 lifecam22 1935.16711426 5969.79638672 3.57522201538
1478190611593 lifecam22 1925.35437012 5986.41503906 3.57251358032
1478190611661 lifecam22 1922.77893066 5991.20898438 3.57332992554
1478190611737 lifecam22 1923.84436035 5992.85986328 3.57901954651
1478190611804 lifecam22 1924.40368652 5990.24072266 3.58177947998
1478190611866 lifecam22 1924.01013184 5991.56494141 3.58008670807
1478190612133 lifecam22 1923.90478516 5991.47753906 3.57636976242
1478190612195 lifecam22 1923.92797852 5991.17480469 3.58038425446
1478190612261 lifecam22 1923.68066406 5991.37353516 3.57780742645
1478190612323 lifecam22 1924.02929688 5991.32128906 3.57813215256
1478190612395 lifecam22 1924.03686523 5991.34814453 3.579433918
1478190612607 lifecam22 1924.39416504 5991.00048828 3.58104801178
1478190612664 lifecam22 1924.28820801 5991.14453125 3.58069705963
1478190612738 lifecam22 1923.79455566 5991.32910156 3.5786485672
1478190612806 lifecam22 1924.12866211 5991.3203125 3.58130025864
1478190612869 lifecam22 1924.13806152 5991.41455078 3.57926034927
1478190613138 lifecam22 1924.3548584 5991.31396484 3.57948923111
1478190613200 lifecam22 1924.28967285 5991.63769531 3.57904434204
1478190613266 lifecam22 1924.27575684 5991.35302734 3.5802154541
1478190613337 lifecam22 1924.07580566 5991.33740234 3.57968711853
1478190613393 lifecam22 1924.36767578 5991.40478516 3.5800037384
1478190613673 lifecam22 1923.96728516 5991.14648438 3.57940483093
