1478190366223 lifecam22 3346.34545898 5373.29541016 4.68697690964
1478190366286 lifecam22 3346.38183594 5373.45751953 4.68971586227
1478190366555 lifecam22 3344.84765625 5373.12451172 4.68481826782
1478190366623 lifecam22 3344.55908203 5373.15625 4.68622207642
1478190366684 lifecam22 3344.55908203 5373.15625 4.68622207642
1478190366751 lifecam22 3344.69775391 5373.70751953 4.69172811508
1478190366819 lifecam22 3344.60449219 5374.203125 4.69528198242
1478190367095 lifecam22 3344.60449219 5374.203125 4.69528198242
1478190367151 lifecam22 3344.4621582 5374.16113281 4.69527721405
1478190367220 lifecam22 3344.58935547 5374.3203125 4.69641542435
1478190367287 lifecam22 3344.58935547 5374.3203125 4.69641542435
1478190367358 lifecam22 3344.60449219 5374.203125 4.69528198242
1478190367690 lifecam22 3344.15893555 5374.15478516 4.69256734848
1478190367750 lifecam22 3344.85131836 5374.29443359 4.69624948502
1478190367827 lifecam22 3344.58935547 5374.3203125 4.69641542435
1478190367899 lifecam22 3344.47802734 5374.04248047 4.69414377213
1478190367955 lifecam22 3344.42236328 5374.16699219 4.69492053986
1478190368289 lifecam22 3344.39038086 5374.10693359 4.69335651398
1478190368353 lifecam22 3345.03662109 5373.93896484 4.6928486824
1478190368419 lifecam22 3345.13110352 5374.05029297 4.69228696823
1478190368486 lifecam22 3345.54858398 5373.76220703 4.68965148926
1478190368558 lifecam22 3345.27099609 5373.51318359 4.68327569962
1478190368763 lifecam22 3350.35083008 5376.65673828 4.69955062866
1478190368820 lifecam22 3351.36865234 5377.23193359 4.70992422104
1478190368889 lifecam22 3350.8684082 5376.49804688 4.7028222084
1478190368957 lifecam22 3344.37402344 5374.22558594 4.69448852539
1478190369025 lifecam22 3347.36523438 5375.42626953 4.704164505
1478190369359 lifecam22 3325.55444336 5374.52783203 4.71288013458
1478190369426 lifecam22 3318.55444336 5374.52783203 4.71288156509
1478190369489 lifecam22 3311.55444336 5374.52783203 4.71288061142
1478190369557 lifecam22 3304.55419922 5374.52734375 4.71287965775
1478190369623 lifecam22 3295.23413086 5370.48046875 4.69198846817
1478190369893 lifecam22 3266.99951172 5365.04345703 4.65563678741
1478190369957 lifecam22 3260.36523438 5365.48632812 4.65620565414
1478190370025 lifecam22 3255.10229492 5365.95214844 4.66156339645
1478190370091 lifecam22 3248.76171875 5365.70898438 4.66480064392
1478190370160 lifecam22 3241.91162109 5365.80859375 4.66155862808
1478190370426 lifecam22 3213.64355469 5360.48291016 4.63497018814
1478190370490 lifecam22 3206.74536133 5361.16845703 4.63078832626
1478190370558 lifecam22 3199.37719727 5358.95996094 4.61854219437
1478190370625 lifecam22 3192.92895508 5358.984375 4.60801935196
1478190370693 lifecam22 3185.58544922 5358.36181641 4.60291242599
1478190371029 lifecam22 3150.58984375 5357.60498047 4.58197832108
1478190371094 lifecam22 3143.97265625 5356.90136719 4.57462120056
1478190371154 lifecam22 3136.65234375 5356.81103516 4.57081794739
1478190371224 lifecam22 3130.12548828 5356.85839844 4.56921434402
1478190371286 lifecam22 3123.06176758 5356.69824219 4.56762123108
1478190371499 lifecam22 3101.61914062 5356.41064453 4.54839897156
1478190371559 lifecam22 3094.40844727 5355.80029297 4.54242277145
1478190371627 lifecam22 3087.47705078 5355.87646484 4.53533649445
1478190371691 lifecam22 3081.13183594 5356.06835938 4.53431749344
1478190371756 lifecam22 3074.29003906 5355.81201172 4.52979755402
1478190372037 lifecam22 3046.66088867 5357.93554688 4.50989246368
1478190372100 lifecam22 3040.16015625 5358.12597656 4.50872564316
1478190372162 lifecam22 3033.68505859 5358.8046875 4.50715875626
1478190372229 lifecam22 3025.71069336 5358.81884766 4.49611663818
1478190372299 lifecam22 3020.1550293 5358.96240234 4.49687957764
1478190372500 lifecam22 2999.21337891 5360.00976562 4.47869110107
1478190372562 lifecam22 2992.34033203 5361.14208984 4.47588300705
1478190372628 lifecam22 2985.01879883 5361.19824219 4.4662103653
1478190372695 lifecam22 2977.93994141 5361.72509766 4.45922851562
1478190372764 lifecam22 2971.37695312 5362.72998047 4.45859622955
1478190372828 lifecam22 2963.72753906 5362.92431641 4.44785070419
1478190373028 lifecam22 2942.72021484 5365.10595703 4.43225193024
1478190373089 lifecam22 2935.63061523 5366.07470703 4.43027973175
1478190373169 lifecam22 2928.93920898 5366.01904297 4.4229850769
1478190373235 lifecam22 2923.01318359 5367.77636719 4.42437410355
1478190373291 lifecam22 2915.30200195 5367.921875 4.41622114182
1478190373569 lifecam22 2887.78564453 5373.07958984 4.39709615707
1478190373633 lifecam22 2880.92919922 5373.26220703 4.39403247833
1478190373694 lifecam22 2873.16552734 5374.30126953 4.3836774826
1478190373764 lifecam22 2865.44018555 5375.82763672 4.37651920319
1478190373830 lifecam22 2860.15576172 5377.05712891 4.37971353531
1478190374101 lifecam22 2833.29956055 5383.03564453 4.36314058304
1478190374166 lifecam22 2826.11157227 5384.05175781 4.35431575775
1478190374231 lifecam22 2819.52783203 5385.82080078 4.35124826431
1478190374297 lifecam22 2812.89526367 5386.87597656 4.34970235825
1478190374357 lifecam22 2806.53564453 5388.10546875 4.34468841553
1478190374574 lifecam22 2784.60107422 5392.47460938 4.3200674057
1478190374636 lifecam22 2777.82397461 5393.24169922 4.31439065933
1478190374705 lifecam22 2770.56542969 5394.83642578 4.30661392212
1478190374773 lifecam22 2763.90087891 5396.77587891 4.30109357834
1478190374829 lifecam22 2757.13305664 5398.44482422 4.2996969223
1478190375160 lifecam22 2724.06103516 5407.39501953 4.28009319305
1478190375228 lifecam22 2718.3737793 5409.89160156 4.27874946594
1478190375293 lifecam22 2711.57885742 5411.80566406 4.27548789978
1478190375372 lifecam22 2704.65722656 5413.84570312 4.26492118835
1478190375425 lifecam22 2699.04785156 5415.86474609 4.266518116
1478190375634 lifecam22 2679.55761719 5422.43457031 4.25448083878
1478190375698 lifecam22 2669.74902344 5423.62353516 4.2344493866
1478190375761 lifecam22 2663.76464844 5426.54150391 4.2325553894
1478190375834 lifecam22 2657.57470703 5428.59179688 4.23384046555
1478190375893 lifecam22 2652.17578125 5431.80859375 4.23214769363
1478190376234 lifecam22 2618.73046875 5442.52294922 4.20343017578
1478190376305 lifecam22 2612.32495117 5444.62792969 4.19955873489
1478190376366 lifecam22 2605.29882812 5447.04199219 4.19289922714
1478190376425 lifecam22 2597.9675293 5448.99121094 4.18223190308
1478190376510 lifecam22 2592.0378418 5452.03076172 4.18337965012
1478190376705 lifecam22 2572.61132812 5458.83447266 4.17153358459
1478190376771 lifecam22 2564.31054688 5461.41064453 4.15591192245
1478190376835 lifecam22 2557.54907227 5463.80029297 4.15186834335
1478190376901 lifecam22 2551.21264648 5467.25244141 4.14974498749
1478190376973 lifecam22 2546.10131836 5470.09423828 4.14696550369
1478190377173 lifecam22 2527.02661133 5478.69628906 4.13861274719
1478190377239 lifecam22 2520.61791992 5482.24707031 4.13104057312
1478190377301 lifecam22 2513.09643555 5484.62744141 4.12154722214
1478190377365 lifecam22 2507.53857422 5488.37548828 4.12388372421
1478190377443 lifecam22 2501.93212891 5491.08544922 4.11866474152
1478190377705 lifecam22 2476.1105957 5503.48681641 4.09814691544
1478190377767 lifecam22 2470.61450195 5506.41113281 4.0961523056
1478190377833 lifecam22 2463.8046875 5510.15625 4.09065818787
1478190377901 lifecam22 2458.67822266 5512.58789062 4.08668422699
1478190377972 lifecam22 2451.67431641 5516.28564453 4.0790848732
1478190378241 lifecam22 2426.12231445 5528.72705078 4.05889892578
1478190378304 lifecam22 2418.68823242 5532.28271484 4.04374504089
1478190378365 lifecam22 2411.91040039 5534.79492188 4.03423261642
1478190378431 lifecam22 2405.41674805 5538.49804688 4.03052711487
1478190378503 lifecam22 2400.64648438 5541.49023438 4.03212499619
1478190378776 lifecam22 2377.19848633 5556.39990234 4.01593828201
1478190378839 lifecam22 2371.43652344 5560.23486328 4.01244068146
1478190378906 lifecam22 2365.50537109 5563.38476562 4.01038169861
1478190378971 lifecam22 2359.97314453 5567.015625 4.00572252274
1478190379033 lifecam22 2354.91601562 5571.44189453 4.00913047791
1478190379302 lifecam22 2331.03100586 5586.02685547 3.98579621315
1478190379371 lifecam22 2323.45068359 5589.64355469 3.9722802639
1478190379432 lifecam22 2318.27954102 5593.35839844 3.96897292137
1478190379513 lifecam22 2313.73291016 5597.03369141 3.96575808525
1478190379570 lifecam22 2307.37084961 5600.6953125 3.96725082397
1478190379775 lifecam22 2288.53369141 5614.26708984 3.94069218636
1478190379838 lifecam22 2283.42358398 5618.57568359 3.93762373924
1478190379901 lifecam22 2277.67016602 5621.375 3.92893743515
1478190379976 lifecam22 2272.01831055 5626.52734375 3.92795300484
1478190380047 lifecam22 2263.90893555 5630.50585938 3.90909361839
1478190380244 lifecam22 2247.97875977 5643.17333984 3.90291285515
1478190380306 lifecam22 2240.34790039 5645.88769531 3.88768172264
1478190380368 lifecam22 2237.24145508 5650.28662109 3.88886857033
1478190380441 lifecam22 2229.546875 5654.98193359 3.88077187538
1478190380508 lifecam22 2225.16918945 5659.65283203 3.87641358376
1478190380784 lifecam22 2202.92871094 5677.60009766 3.85826992989
1478190380844 lifecam22 2198.34985352 5681.41796875 3.85379052162
1478190380911 lifecam22 2193.14746094 5686.22363281 3.85231804848
1478190380973 lifecam22 2187.57836914 5690.46240234 3.84555363655
1478190381040 lifecam22 2183.18359375 5695.34423828 3.84867572784
1478190381240 lifecam22 2168.00366211 5709.19189453 3.83472323418
1478190381308 lifecam22 2163.33764648 5713.23291016 3.83395314217
1478190381431 lifecam22 2152.07543945 5722.66503906 3.81581401825
1478190381506 lifecam22 2146.57373047 5727.74267578 3.80999302864
1478190381713 lifecam22 2130.59765625 5742.5078125 3.79114103317
1478190381777 lifecam22 2125.64794922 5747.22558594 3.79175662994
1478190381899 lifecam22 2114.83154297 5756.55078125 3.77715802193
1478190381976 lifecam22 2108.95874023 5761.54785156 3.76812934875
1478190382177 lifecam22 2095.02490234 5776.1015625 3.76059389114
1478190382246 lifecam22 2089.84130859 5780.7109375 3.75390529633
1478190382308 lifecam22 2085.4152832 5785.88574219 3.7488155365
1478190382372 lifecam22 2080.88598633 5790.93603516 3.74377465248
1478190382445 lifecam22 2075.87133789 5795.98583984 3.7383389473
1478190382648 lifecam22 2061.61987305 5811.42822266 3.72823405266
1478190382713 lifecam22 2058.15942383 5816.60839844 3.72612643242
1478190382773 lifecam22 2052.97045898 5821.78955078 3.71926736832
1478190382843 lifecam22 2048.12353516 5826.41845703 3.71417880058
1478190382908 lifecam22 2043.88806152 5832.13818359 3.70940470695
1478190383181 lifecam22 2025.83996582 5853.06591797 3.69081664085
1478190383245 lifecam22 2021.47351074 5858.1796875 3.68770837784
1478190383309 lifecam22 2015.42883301 5864.21289062 3.67461419106
1478190383368 lifecam22 2011.69592285 5868.79101562 3.67109489441
1478190383446 lifecam22 2007.23474121 5874.29785156 3.6702580452
1478190383707 lifecam22 1988.77233887 5897.36376953 3.64556479454
1478190383777 lifecam22 1984.48083496 5902.66308594 3.63958740234
1478190383841 lifecam22 1979.45446777 5907.47900391 3.6342010498
1478190383914 lifecam22 1976.2722168 5913.20117188 3.63405513763
1478190383982 lifecam22 1972.3416748 5918.66699219 3.63057136536
1478190384172 lifecam22 1959.51550293 5934.76757812 3.61764383316
1478190384243 lifecam22 1954.93994141 5940.99853516 3.60583209991
1478190384316 lifecam22 1950.46069336 5946.99560547 3.59985256195
1478190384375 lifecam22 1947.92114258 5951.37646484 3.60376739502
1478190384442 lifecam22 1944.22619629 5957.99072266 3.60031270981
1478190384722 lifecam22 1928.05908203 5981.03857422 3.57710075378
1478190384774 lifecam22 1925.35119629 5986.80566406 3.57680368423
1478190384853 lifecam22 1920.3380127 5992.27832031 3.56708049774
1478190384910 lifecam22 1922.91223145 5992.83251953 3.58220624924
1478190384977 lifecam22 1923.81481934 5991.25341797 3.58339262009
1478190385250 lifecam22 1923.18041992 5992.21630859 3.58195972443
1478190385314 lifecam22 1923.18041992 5992.21630859 3.58195972443
1478190385371 lifecam22 1922.88830566 5992.42285156 3.58033227921
1478190385453 lifecam22 1923.26916504 5992.08105469 3.5821557045
1478190385510 lifecam22 1923.52880859 5991.99169922 3.583984375
1478190385783 lifecam22 1922.88830566 5992.42285156 3.58033227921
1478190385846 lifecam22 1923.18041992 5992.21630859 3.58195972443
1478190385912 lifecam22 1923.43310547 5992.20703125 3.58405780792
1478190385977 lifecam22 1922.88830566 5992.42285156 3.58033227921
1478190386043 lifecam22 1923.52880859 5991.99169922 3.583984375
1478190386248 lifecam22 1923.18041992 5992.21630859 3.58195972443
1478190386306 lifecam22 1923.18041992 5992.21630859 3.58195972443
1478190386388 lifecam22 1923.18041992 5992.21630859 3.58195972443
1478190386457 lifecam22 1923.18041992 5992.21630859 3.58195972443
1478190386509 lifecam22 1922.88830566 5992.42285156 3.58033227921
1478190386779 lifecam22 1922.88830566 5992.42285156 3.58033227921
1478190386845 lifecam22 1923.22949219 5992.27783203 3.58262491226
1478190386912 lifecam22 1922.88830566 5992.42285156 3.58033227921
1478190386978 lifecam22 1923.18041992 5992.21630859 3.58195972443
1478190387052 lifecam22 1923.43310547 5992.20703125 3.58405780792
1478190387256 lifecam22 1923.26916504 5992.08105469 3.5821557045
1478190387324 lifecam22 1923.32666016 5992.05078125 3.58252191544
1478190387378 lifecam22 1923.18041992 5992.21630859 3.58195972443
1478190387449 lifecam22 1923.18041992 5992.21630859 3.58195972443
1478190387524 lifecam22 1923.18041992 5992.21630859 3.58195972443
1478190387774 lifecam22 1923.43310547 5992.20703125 3.58405780792
1478190387847 lifecam22 1923.18041992 5992.21630859 3.58195972443
1478190387920 lifecam22 1923.52880859 5991.99169922 3.583984375
1478190387983 lifecam22 1922.97717285 5992.28710938 3.5805273056
1478190388051 lifecam22 1923.08166504 5992.06103516 3.58048868179
