1478186331296 lifecam22 3346.65258789 5381.62890625 4.71384334564
1478186331354 lifecam22 3346.41381836 5381.52783203 4.71288108826
1478186331417 lifecam22 3346.265625 5381.23730469 4.71153402328
1478186331490 lifecam22 3346.41381836 5381.52783203 4.71288108826
1478186331824 lifecam22 3346.41381836 5381.52783203 4.71288108826
1478186331896 lifecam22 3346.67285156 5381.64941406 4.71403551102
1478186331953 lifecam22 3346.265625 5381.23730469 4.71153402328
1478186332022 lifecam22 3346.41381836 5381.52783203 4.71288108826
1478186332097 lifecam22 3346.41381836 5381.52783203 4.71288108826
1478186332426 lifecam22 3346.41381836 5381.52783203 4.71288108826
1478186332490 lifecam22 3346.67285156 5381.64941406 4.71403551102
1478186332552 lifecam22 3346.41381836 5381.52783203 4.71288108826
1478186332629 lifecam22 3346.41381836 5381.52783203 4.71288108826
1478186332696 lifecam22 3346.41381836 5381.52783203 4.71288108826
1478186332747 lifecam22 3346.41381836 5381.52783203 4.71288108826
1478186333023 lifecam22 3346.41381836 5381.52783203 4.71288108826
1478186333092 lifecam22 3346.265625 5381.23730469 4.71153402328
1478186333162 lifecam22 3346.41381836 5381.52783203 4.71288108826
1478186333228 lifecam22 3346.41381836 5381.52783203 4.71288108826
1478186333285 lifecam22 3346.265625 5381.23730469 4.71153402328
1478186333621 lifecam22 3346.41381836 5381.52783203 4.71288108826
1478186333695 lifecam22 3346.265625 5381.23730469 4.71153402328
1478186333762 lifecam22 3346.265625 5381.23730469 4.71153402328
1478186333821 lifecam22 3345.90405273 5380.59179688 4.70825433731
1478186333891 lifecam22 3345.64648438 5380.05322266 4.70592498779
1478186334227 lifecam22 3345.13793945 5379.92919922 4.70475149155
1478186334295 lifecam22 3344.80664062 5378.68994141 4.69836521149
1478186334357 lifecam22 3345.15161133 5379.27929688 4.70146369934
1478186334430 lifecam22 3345.06445312 5379.05273438 4.70068073273
1478186334488 lifecam22 3345.28076172 5379.40771484 4.70262527466
1478186334834 lifecam22 3345.52319336 5378.609375 4.6915307045
1478186334892 lifecam22 3345.07299805 5375.95458984 4.67520809174
1478186334961 lifecam22 3343.77539062 5377.70068359 4.69252490997
1478186335026 lifecam22 3344.20288086 5376.62988281 4.68650484085
1478186335092 lifecam22 3337.15917969 5377.68994141 4.69256877899
1478186335493 lifecam22 3295.29833984 5371.66113281 4.65774393082
1478186335562 lifecam22 3288.42993164 5370.96777344 4.65488481522
1478186335618 lifecam22 3281.31713867 5368.77441406 4.6454205513
1478186335698 lifecam22 3273.00756836 5367.95068359 4.63787412643
1478186335764 lifecam22 3266.01831055 5366.17626953 4.62372541428
1478186336097 lifecam22 3233.0715332 5364.52099609 4.61440134048
1478186336171 lifecam22 3226.12231445 5363.87158203 4.60975837708
1478186336231 lifecam22 3219.61132812 5363.75048828 4.60912322998
1478186336290 lifecam22 3212.85668945 5363.69970703 4.60340595245
1478186336360 lifecam22 3206.09741211 5362.50878906 4.59705638885
1478186336623 lifecam22 3177.55664062 5362.31835938 4.57772636414
1478186336692 lifecam22 3170.76708984 5360.86230469 4.56719636917
1478186336760 lifecam22 3164.20996094 5361.24414062 4.56320762634
1478186336832 lifecam22 3157.13134766 5360.97460938 4.56079387665
1478186336896 lifecam22 3150.65673828 5361.94775391 4.55994796753
1478186337300 lifecam22 3107.71972656 5361.38720703 4.52324676514
1478186337361 lifecam22 3101.84326172 5362.26904297 4.52436256409
1478186337433 lifecam22 3094.06713867 5361.64404297 4.5153670311
1478186337500 lifecam22 3086.96557617 5361.92089844 4.50753736496
1478186337565 lifecam22 3079.34741211 5361.21435547 4.49850988388
1478186337767 lifecam22 3058.69799805 5362.80664062 4.48680973053
1478186337828 lifecam22 3052.48510742 5362.67236328 4.482213974
1478186337897 lifecam22 3044.02050781 5363.19873047 4.47735118866
1478186337970 lifecam22 3038.42700195 5363.83105469 4.47094631195
1478186338027 lifecam22 3031.68212891 5364.44775391 4.46950769424
1478186338306 lifecam22 3004.70288086 5367.20996094 4.45434331894
1478186338370 lifecam22 2997.61743164 5368.42431641 4.45087003708
1478186338425 lifecam22 2991.21362305 5369.43212891 4.44701051712
1478186338492 lifecam22 2984.11157227 5369.33105469 4.43955373764
1478186338571 lifecam22 2976.87915039 5370.02880859 4.43472719193
1478186338834 lifecam22 2950.28564453 5374.57568359 4.41705179214
1478186338900 lifecam22 2942.40820312 5374.97363281 4.40632390976
1478186338968 lifecam22 2935.63818359 5376.75878906 4.40152311325
1478186339038 lifecam22 2928.08007812 5376.98583984 4.39527416229
1478186339100 lifecam22 2922.40014648 5378.74609375 4.39729785919
1478186339368 lifecam22 2893.55908203 5382.11083984 4.37168645859
1478186339434 lifecam22 2886.97412109 5383.46630859 4.36996507645
1478186339511 lifecam22 2879.77880859 5384.44824219 4.36044931412
1478186339562 lifecam22 2872.25488281 5385.14013672 4.35314035416
1478186339629 lifecam22 2865.72802734 5386.15234375 4.35045194626
1478186339912 lifecam22 2838.42895508 5392.41357422 4.33037137985
1478186339967 lifecam22 2832.3034668 5394.54248047 4.3299202919
1478186340041 lifecam22 2825.64086914 5395.93798828 4.32079982758
1478186340108 lifecam22 2819.50610352 5397.66162109 4.32456159592
1478186340172 lifecam22 2812.94018555 5399.31347656 4.32029247284
1478186340441 lifecam22 2785.20947266 5406.11425781 4.29492807388
1478186340502 lifecam22 2779.72558594 5408.50537109 4.29605150223
1478186340574 lifecam22 2771.99389648 5409.73095703 4.28665781021
1478186340631 lifecam22 2765.99414062 5411.74804688 4.28225183487
1478186340702 lifecam22 2759.17285156 5413.77880859 4.2782740593
1478186340964 lifecam22 2730.53076172 5421.28955078 4.24967575073
1478186341041 lifecam22 2724.03637695 5424.33740234 4.24622869492
1478186341102 lifecam22 2715.97387695 5425.11572266 4.23446273804
1478186341171 lifecam22 2710.48461914 5427.33837891 4.23750019073
1478186341236 lifecam22 2704.9699707 5430.04882812 4.23507738113
1478186341500 lifecam22 2680.03369141 5438.37646484 4.22432136536
1478186341580 lifecam22 2672.31738281 5440.14355469 4.21052360535
1478186341632 lifecam22 2665.21606445 5442.92431641 4.20518302917
1478186341712 lifecam22 2659.22485352 5445.40966797 4.2037062645
1478186341775 lifecam22 2652.38623047 5447.90039062 4.1960144043
1478186341975 lifecam22 2632.6628418 5454.94482422 4.18025636673
1478186342038 lifecam22 2626.99121094 5458.07128906 4.18136405945
1478186342103 lifecam22 2620.01318359 5460.08154297 4.17190027237
1478186342176 lifecam22 2613.77709961 5462.66064453 4.16949415207
1478186342238 lifecam22 2607.53540039 5465.36035156 4.16563081741
1478186342507 lifecam22 2581.61621094 5476.75976562 4.15076732635
1478186342575 lifecam22 2574.74658203 5479.13916016 4.13948059082
1478186342637 lifecam22 2568.29418945 5481.42041016 4.13292121887
1478186342706 lifecam22 2561.07104492 5485.77929688 4.12980699539
1478186342774 lifecam22 2555.05078125 5487.87060547 4.12405776978
1478186342980 lifecam22 2534.90307617 5497.22851562 4.10961818695
1478186343046 lifecam22 2528.26953125 5500.02001953 4.10124206543
1478186343112 lifecam22 2523.05957031 5502.97216797 4.10422229767
1478186343176 lifecam22 2515.93115234 5505.8515625 4.0958609581
1478186343242 lifecam22 2510.53393555 5509.30908203 4.09385585785
1478186343510 lifecam22 2484.69970703 5521.18310547 4.06978368759
1478186343577 lifecam22 2478.47973633 5525.02636719 4.06008434296
1478186343644 lifecam22 2471.47045898 5527.92724609 4.05623102188
1478186343707 lifecam22 2466.95483398 5531.49560547 4.05572128296
1478186343777 lifecam22 2459.9050293 5534.87939453 4.05067920685
1478186344048 lifecam22 2436.95703125 5549.12939453 4.03381443024
1478186344109 lifecam22 2431.06225586 5553.28515625 4.03650426865
1478186344173 lifecam22 2425.85522461 5556.32910156 4.03037691116
1478186344243 lifecam22 2418.2487793 5560.11230469 4.01964616776
1478186344311 lifecam22 2413.58569336 5563.66503906 4.02107572556
1478186344571 lifecam22 2387.10546875 5577.65283203 3.99023842812
1478186344642 lifecam22 2380.32836914 5581.68310547 3.97774076462
1478186344715 lifecam22 2375.31982422 5585.66308594 3.97745728493
1478186344780 lifecam22 2369.39941406 5589.90673828 3.97312760353
1478186344837 lifecam22 2364.54125977 5593.28369141 3.97667574883
1478186345046 lifecam22 2347.32055664 5605.32617188 3.95700240135
1478186345106 lifecam22 2342.6574707 5608.75390625 3.95681428909
1478186345184 lifecam22 2334.31762695 5613.02148438 3.94534301758
1478186345253 lifecam22 2328.24438477 5616.71923828 3.932087183
1478186345312 lifecam22 2326.15405273 5619.92431641 3.9511988163
1478186345574 lifecam22 2298.45410156 5637.06738281 3.90198254585
1478186345646 lifecam22 2295.16381836 5641.09228516 3.90877985954
1478186345712 lifecam22 2290.43847656 5645.33300781 3.907964468
1478186345770 lifecam22 2283.38305664 5650.65234375 3.8933660984
1478186345842 lifecam22 2278.35571289 5654.71630859 3.89421486855
1478186346044 lifecam22 2261.65014648 5667.61279297 3.87559342384
1478186346112 lifecam22 2256.26049805 5671.8515625 3.87176609039
1478186346169 lifecam22 2250.97167969 5676.23535156 3.86664891243
1478186346244 lifecam22 2245.78930664 5680.87548828 3.86532711983
1478186346312 lifecam22 2240.42285156 5685.08935547 3.86078000069
1478186346581 lifecam22 2216.87280273 5702.85009766 3.83404970169
1478186346649 lifecam22 2211.43920898 5708.64892578 3.8271727562
1478186346707 lifecam22 2206.45410156 5713.03466797 3.82502150536
1478186346785 lifecam22 2201.78222656 5717.58300781 3.81830787659
1478186346843 lifecam22 2196.31958008 5722.7265625 3.81412911415
1478186347116 lifecam22 2177.35742188 5740.57519531 3.80287361145
1478186347179 lifecam22 2171.05688477 5745.49267578 3.79216170311
1478186347248 lifecam22 2165.53442383 5749.76806641 3.7865626812
1478186347318 lifecam22 2160.76171875 5754.74658203 3.77914571762
1478186347385 lifecam22 2155.44384766 5760.69189453 3.77257871628
1478186347651 lifecam22 2136.1574707 5779.7734375 3.7540910244
1478186347716 lifecam22 2131.63476562 5784.58691406 3.74938845634
1478186347779 lifecam22 2126.87670898 5790.09130859 3.7479391098
1478186347850 lifecam22 2121.84350586 5794.76074219 3.74153208733
1478186347912 lifecam22 2116.02758789 5799.88427734 3.73285365105
1478186348113 lifecam22 2101.61450195 5815.86865234 3.71817803383
1478186348177 lifecam22 2097.69140625 5820.82226562 3.71678209305
1478186348249 lifecam22 2092.20898438 5825.64013672 3.71069025993
1478186348315 lifecam22 2088.54492188 5830.79052734 3.70924472809
1478186348377 lifecam22 2083.31518555 5835.78369141 3.70157432556
1478186348658 lifecam22 2065.27514648 5857.11669922 3.68082404137
1478186348721 lifecam22 2062.52148438 5862.65576172 3.68393468857
1478186348782 lifecam22 2056.2097168 5867.83740234 3.67329835892
1478186348849 lifecam22 2053.46459961 5873.29882812 3.67389082909
1478186348915 lifecam22 2048.03027344 5878.98095703 3.66789865494
1478186349129 lifecam22 2034.0892334 5894.28076172 3.65012693405
1478186349188 lifecam22 2031.6739502 5900.84326172 3.64919757843
1478186349237 lifecam22 2026.0357666 5905.57617188 3.6401014328
1478186349314 lifecam22 2022.67077637 5911.51367188 3.63845157623
1478186349387 lifecam22 2016.42321777 5917.20458984 3.62357521057
1478186349653 lifecam22 2000.81433105 5939.01708984 3.60345411301
1478186349719 lifecam22 1996.8170166 5945.05126953 3.60216331482
1478186349780 lifecam22 1991.53918457 5951.11376953 3.5936498642
1478186349850 lifecam22 1986.88806152 5957.01757812 3.58712005615
1478186349911 lifecam22 1984.17883301 5962.38818359 3.58720159531
1478186350183 lifecam22 1968.71569824 5985.6015625 3.57185649872
1478186350259 lifecam22 1964.47509766 5991.15966797 3.56511116028
1478186350326 lifecam22 1961.14306641 5996.81201172 3.56382417679
1478186350389 lifecam22 1956.58691406 6003.10351562 3.55016708374
1478186350454 lifecam22 1952.56359863 6008.41748047 3.54883384705
1478186350720 lifecam22 1939.37023926 6032.84960938 3.53196048737
1478186350777 lifecam22 1939.77490234 6035.87597656 3.54313182831
1478186350849 lifecam22 1940.89855957 6033.33203125 3.54640817642
1478186350930 lifecam22 1941.46386719 6034.62597656 3.55193328857
1478186350990 lifecam22 1940.97839355 6033.83935547 3.54841899872
1478186351191 lifecam22 1940.91687012 6034.02148438 3.54743623734
1478186351255 lifecam22 1941.29736328 6034.07958984 3.5508723259
1478186351332 lifecam22 1940.75598145 6034.16113281 3.54692173004
1478186351389 lifecam22 1941.05273438 6034.03808594 3.54769897461
1478186351453 lifecam22 1941.04187012 6034.078125 3.54870128632
1478186351787 lifecam22 1940.73852539 6033.95019531 3.54600286484
1478186351857 lifecam22 1940.43835449 6034.28027344 3.54465007782
1478186351933 lifecam22 1941.09130859 6034.3359375 3.54913949966
1478186351992 lifecam22 1940.78222656 6034.01416016 3.54738473892
1478186352058 lifecam22 1940.87121582 6033.99365234 3.54807186127
1478186352262 lifecam22 1940.91687012 6034.02148438 3.54743623734
1478186352319 lifecam22 1941.21655273 6034.37304688 3.54984235764
1478186352392 lifecam22 1940.89538574 6034.35888672 3.54847621918
1478186352462 lifecam22 1941.04418945 6033.81152344 3.5488781929
1478186352520 lifecam22 1940.67504883 6034.16845703 3.54703712463
1478186352788 lifecam22 1940.79724121 6034.23828125 3.54625415802
1478186352855 lifecam22 1940.80358887 6034.05810547 3.54660892487
1478186352927 lifecam22 1941.00695801 6034.36425781 3.54979610443
1478186352990 lifecam22 1940.82165527 6034.13623047 3.54608726501
1478186353053 lifecam22 1940.73583984 6034.15625 3.54542779922
1478186353331 lifecam22 1941.0793457 6034.13427734 3.55037069321
1478186353391 lifecam22 1940.97033691 6034.04345703 3.54910230637
1478186353458 lifecam22 1941.11767578 6034.0078125 3.54943799973
1478186353537 lifecam22 1940.76623535 6034.18408203 3.54547214508
