1478190299848 lifecam22 3346.31811523 5375.546875 4.68899440765
1478190299919 lifecam22 3346.49511719 5375.42724609 4.68918466568
1478190299983 lifecam22 3346.66723633 5375.20410156 4.68836069107
1478190300251 lifecam22 3345.89306641 5374.74853516 4.68382978439
1478190300315 lifecam22 3345.60253906 5375.15283203 4.68628740311
1478190300381 lifecam22 3346.41918945 5375.64648438 4.6912112236
1478190300451 lifecam22 3346.13208008 5375.52148438 4.68994426727
1478190300517 lifecam22 3346.13208008 5375.52148438 4.68994426727
1478190300719 lifecam22 3345.68017578 5376.24316406 4.69487953186
1478190300784 lifecam22 3344.76049805 5375.50927734 4.68892431259
1478190300862 lifecam22 3344.51538086 5375.97998047 4.69323825836
1478190300920 lifecam22 3344.6862793 5376.41015625 4.69609642029
1478190300987 lifecam22 3344.6862793 5376.41015625 4.69609642029
1478190301252 lifecam22 3344.25170898 5376.00732422 4.69339847565
1478190301317 lifecam22 3344.25170898 5376.00732422 4.69339847565
1478190301398 lifecam22 3344.51318359 5376.12109375 4.69455289841
1478190301449 lifecam22 3344.25170898 5376.00732422 4.69339847565
1478190301519 lifecam22 3344.23193359 5376.12744141 4.6932182312
1478190301791 lifecam22 3344.6862793 5376.41015625 4.69609642029
1478190301863 lifecam22 3344.75488281 5376.21582031 4.69551992416
1478190301918 lifecam22 3344.51318359 5376.12109375 4.69455289841
1478190301984 lifecam22 3344.75488281 5376.21582031 4.69551992416
1478190302051 lifecam22 3344.51318359 5376.12109375 4.69455289841
1478190302382 lifecam22 3344.68676758 5376.15039062 4.6960978508
1478190302446 lifecam22 3344.68676758 5376.15039062 4.6960978508
1478190302525 lifecam22 3344.88208008 5376.20166016 4.69783687592
1478190302581 lifecam22 3345.05517578 5376.49169922 4.69938564301
1478190302649 lifecam22 3344.88208008 5376.20166016 4.69783687592
1478190302856 lifecam22 3350.27075195 5377.58935547 4.70979833603
1478190302918 lifecam22 3351.75219727 5379.10205078 4.71118021011
1478190302985 lifecam22 3353.89428711 5382.56884766 4.72534704208
1478190303057 lifecam22 3353.53076172 5379.21875 4.71890163422
1478190303121 lifecam22 3353.74243164 5380.99707031 4.72718477249
1478190303392 lifecam22 3336.8059082 5376.45849609 4.6999130249
1478190303452 lifecam22 3330.30102539 5374.15087891 4.69258546829
1478190303522 lifecam22 3323.24780273 5374.09033203 4.69335842133
1478190303591 lifecam22 3317.19042969 5374.10498047 4.70055150986
1478190303649 lifecam22 3310.8840332 5374.32714844 4.70807170868
1478190303921 lifecam22 3280.38305664 5367.30566406 4.66273832321
1478190303987 lifecam22 3274.49414062 5366.95849609 4.66131830215
1478190304052 lifecam22 3269.24536133 5367.11181641 4.6611495018
1478190304121 lifecam22 3262.69775391 5367.09082031 4.66384220123
1478190304185 lifecam22 3257.05078125 5367.71582031 4.66796541214
1478190304398 lifecam22 3236.01879883 5365.28857422 4.64897727966
1478190304459 lifecam22 3228.73950195 5364.70019531 4.64451360703
1478190304525 lifecam22 3221.57495117 5364.04736328 4.6370215416
1478190304594 lifecam22 3214.37475586 5364.25732422 4.63378763199
1478190304654 lifecam22 3207.34643555 5363.06640625 4.62567901611
1478190304928 lifecam22 3179.78100586 5360.61572266 4.60175085068
1478190304991 lifecam22 3172.14868164 5359.75244141 4.59568119049
1478190305054 lifecam22 3165.73999023 5359.42285156 4.58884000778
1478190305130 lifecam22 3158.2175293 5358.05859375 4.57921028137
1478190305189 lifecam22 3151.22216797 5358.82275391 4.57999992371
1478190305462 lifecam22 3123.30981445 5357.54345703 4.55937337875
1478190305532 lifecam22 3115.88842773 5356.73974609 4.55148744583
1478190305597 lifecam22 3109.05615234 5357.33154297 4.54843091965
1478190305657 lifecam22 3102.90722656 5357.328125 4.54587125778
1478190305719 lifecam22 3095.83911133 5357.99609375 4.5441327095
1478190305931 lifecam22 3075.89477539 5358.84570312 4.53279781342
1478190306002 lifecam22 3068.31079102 5358.57177734 4.52540445328
1478190306061 lifecam22 3061.20581055 5358.98046875 4.51673650742
1478190306131 lifecam22 3054.14746094 5359.02978516 4.51075601578
1478190306194 lifecam22 3047.65307617 5358.89160156 4.50789785385
1478190306459 lifecam22 3020.03051758 5361.43310547 4.48954200745
1478190306530 lifecam22 3013.72167969 5361.88623047 4.48726701736
1478190306583 lifecam22 3006.45410156 5362.95996094 4.48519086838
1478190306653 lifecam22 2999.88085938 5362.95703125 4.47658920288
1478190306723 lifecam22 2992.85839844 5363.33642578 4.47039937973
1478190306922 lifecam22 2971.30908203 5364.62109375 4.45406723022
1478190306999 lifecam22 2964.74755859 5365.22167969 4.44637298584
1478190307061 lifecam22 2957.18969727 5365.15478516 4.44030332565
1478190307135 lifecam22 2950.17016602 5366.03564453 4.43385314941
1478190307199 lifecam22 2942.4921875 5366.15576172 4.42671585083
1478190307453 lifecam22 2914.69677734 5369.58691406 4.40094995499
1478190307529 lifecam22 2908.49438477 5371.16748047 4.40233230591
1478190307594 lifecam22 2902.75219727 5372.6875 4.40416908264
1478190307668 lifecam22 2895.44702148 5373.78222656 4.4023270607
1478190307727 lifecam22 2888.41137695 5374.26074219 4.39142513275
1478190307997 lifecam22 2861.19702148 5380.18847656 4.38120222092
1478190308061 lifecam22 2854.63427734 5380.49267578 4.37281703949
1478190308128 lifecam22 2847.65722656 5382.35888672 4.367872715
1478190308190 lifecam22 2840.57275391 5383.56982422 4.36363601685
1478190308266 lifecam22 2833.30712891 5384.55908203 4.35440206528
1478190308531 lifecam22 2806.30419922 5390.71826172 4.33273363113
1478190308599 lifecam22 2799.45898438 5392.51220703 4.32988262177
1478190308657 lifecam22 2792.15209961 5393.82666016 4.32246875763
1478190308736 lifecam22 2784.39990234 5395.34472656 4.31301832199
1478190308800 lifecam22 2778.25268555 5396.81347656 4.31183481216
1478190309005 lifecam22 2757.81665039 5401.50976562 4.2935090065
1478190309071 lifecam22 2750.29345703 5402.42041016 4.28766679764
1478190309134 lifecam22 2746.08227539 5404.98974609 4.29462575912
1478190309203 lifecam22 2738.04956055 5406.62060547 4.28262615204
1478190309271 lifecam22 2731.49609375 5408.05175781 4.27954626083
1478190309533 lifecam22 2705.8359375 5416.63476562 4.26296234131
1478190309599 lifecam22 2697.94628906 5418.38378906 4.25471258163
1478190309657 lifecam22 2693.09228516 5420.30712891 4.2571105957
1478190309725 lifecam22 2685.56079102 5422.75244141 4.25149917603
1478190309797 lifecam22 2680.41137695 5425.41992188 4.25022649765
1478190310073 lifecam22 2652.76757812 5434.31152344 4.22520256042
1478190310128 lifecam22 2646.17944336 5436.3046875 4.21987199783
1478190310200 lifecam22 2639.4230957 5438.17285156 4.21050977707
1478190310272 lifecam22 2633.23535156 5440.91503906 4.21298313141
1478190310327 lifecam22 2625.87695312 5443.66015625 4.20504808426
1478190310664 lifecam22 2591.14355469 5454.90820312 4.1706776619
1478190310733 lifecam22 2585.1784668 5456.74169922 4.16773271561
1478190310793 lifecam22 2578.94824219 5460.05957031 4.16842126846
1478190310865 lifecam22 2572.62866211 5462.49462891 4.16107606888
1478190311069 lifecam22 2552.48657227 5471.04394531 4.14485120773
1478190311133 lifecam22 2546.78100586 5473.09912109 4.14257717133
1478190311204 lifecam22 2540.90429688 5476.43896484 4.13879823685
1478190311265 lifecam22 2532.69433594 5479.16210938 4.12775993347
1478190311336 lifecam22 2527.32080078 5482.48828125 4.12619400024
1478190311664 lifecam22 2496.29980469 5497.36425781 4.1079993248
1478190311733 lifecam22 2490.28759766 5500.65429688 4.10343885422
1478190311797 lifecam22 2483.85644531 5503.98339844 4.10108327866
1478190311860 lifecam22 2477.03051758 5507.48144531 4.09121990204
1478190311930 lifecam22 2471.89379883 5510.04736328 4.08996915817
1478190312266 lifecam22 2439.21069336 5525.80322266 4.06107330322
1478190312327 lifecam22 2433.41479492 5529.21972656 4.05966234207
1478190312405 lifecam22 2426.50976562 5533.22851562 4.04802799225
1478190312462 lifecam22 2420.25610352 5535.95751953 4.04479265213
1478190312535 lifecam22 2414.30810547 5539.33203125 4.03830814362
1478190312870 lifecam22 2385.46313477 5557.16552734 4.02394008636
1478190312939 lifecam22 2377.89355469 5560.34375 4.0078830719
1478190313000 lifecam22 2372.1965332 5564.07324219 4.00649881363
1478190313071 lifecam22 2365.9597168 5567.08496094 3.99670577049
1478190313139 lifecam22 2360.81958008 5571.64355469 4.00323152542
1478190313402 lifecam22 2337.61376953 5586.76367188 3.98155283928
1478190313468 lifecam22 2331.67211914 5589.84570312 3.97433447838
1478190313533 lifecam22 2325.39233398 5593.83105469 3.96838974953
1478190313605 lifecam22 2321.42700195 5597.92675781 3.97213983536
1478190313669 lifecam22 2314.86499023 5602.17333984 3.96418976784
1478190314010 lifecam22 2283.27270508 5621.46386719 3.92152714729
1478190314063 lifecam22 2278.85205078 5626.63134766 3.92753720284
1478190314136 lifecam22 2270.48461914 5630.60986328 3.90692329407
1478190314202 lifecam22 2265.62060547 5634.86914062 3.90468406677
1478190314265 lifecam22 2261.96972656 5638.6875 3.90952825546
1478190314609 lifecam22 2233.10913086 5660.33740234 3.87998747826
1478190314668 lifecam22 2227.90136719 5664.37207031 3.87935471535
1478190314730 lifecam22 2221.96679688 5668.80517578 3.87046670914
1478190314797 lifecam22 2217.74536133 5673.5625 3.87308645248
1478190314862 lifecam22 2211.51977539 5677.15625 3.86480879784
1478190315076 lifecam22 2194.75561523 5691.02734375 3.84523677826
1478190315139 lifecam22 2189.89868164 5695.43554688 3.84610295296
1478190315210 lifecam22 2184.47314453 5699.85351562 3.83946585655
1478190315268 lifecam22 2179.30322266 5704.77832031 3.83452415466
1478190315343 lifecam22 2174.71508789 5709.14111328 3.83441638947
1478190315674 lifecam22 2148.80859375 5733.09863281 3.80838489532
1478190315697 lifecam22 2142.93359375 5738.47216797 3.80052185059
1478190315800 lifecam22 2138.90942383 5742.90625 3.79822039604
1478190315868 lifecam22 2132.87255859 5747.54394531 3.79097533226
1478190315936 lifecam22 2126.74243164 5752.35546875 3.78158855438
1478190316206 lifecam22 2106.72509766 5771.69189453 3.76100182533
1478190316267 lifecam22 2102.31469727 5777.38769531 3.75619220734
1478190316341 lifecam22 2097.61987305 5781.89746094 3.75130820274
1478190316411 lifecam22 2092.8046875 5786.88134766 3.74855256081
1478190316477 lifecam22 2088.38232422 5791.62988281 3.74366092682
1478190316736 lifecam22 2069.5390625 5811.74072266 3.7305533886
1478190316803 lifecam22 2065.01171875 5816.57861328 3.72445893288
1478190316876 lifecam22 2059.76831055 5822.00683594 3.71629357338
1478190316934 lifecam22 2055.36889648 5827.08544922 3.71412491798
1478190317002 lifecam22 2051.39038086 5832.44677734 3.70632195473
1478190317277 lifecam22 2032.46569824 5854.02929688 3.68566346169
1478190317338 lifecam22 2027.13659668 5859.08007812 3.68035435677
1478190317407 lifecam22 2023.11535645 5864.03662109 3.67564296722
1478190317468 lifecam22 2018.23913574 5869.57373047 3.67101383209
1478190317540 lifecam22 2013.69592285 5875.11035156 3.66670370102
1478190317875 lifecam22 1990.95446777 5902.77734375 3.63888978958
1478190317944 lifecam22 1987.28942871 5907.91162109 3.63906621933
1478190318013 lifecam22 1983.47570801 5913.11816406 3.63045167923
1478190318074 lifecam22 1979.69458008 5918.97949219 3.6291847229
1478190318136 lifecam22 1976.74645996 5924.31738281 3.62931632996
1478190318412 lifecam22 1957.89123535 5947.45117188 3.59915447235
1478190318479 lifecam22 1954.35803223 5953.43115234 3.59484243393
1478190318539 lifecam22 1950.80163574 5959.05224609 3.59327936172
1478190318610 lifecam22 1945.93334961 5964.29785156 3.58933115005
1478190318676 lifecam22 1943.77966309 5970.11621094 3.5891327858
1478190318947 lifecam22 1926.81433105 5992.86669922 3.56002616882
1478190319020 lifecam22 1923.74121094 5998.72900391 3.56103563309
1478190319080 lifecam22 1925.71948242 6000.87109375 3.57887649536
1478190319139 lifecam22 1926.68139648 5998.12939453 3.57607936859
1478190319207 lifecam22 1926.09692383 5999.90576172 3.57815504074
1478190319542 lifecam22 1926.30505371 5999.31640625 3.57752418518
1478190319609 lifecam22 1926.51477051 5999.12792969 3.57853555679
1478190319684 lifecam22 1926.51477051 5999.12792969 3.57853555679
1478190319746 lifecam22 1926.51477051 5999.12792969 3.57853555679
1478190319812 lifecam22 1926.51477051 5999.12792969 3.57853555679
1478190320081 lifecam22 1926.56530762 5999.21191406 3.57930517197
1478190320139 lifecam22 1926.45568848 5999.1484375 3.57811832428
1478190320266 lifecam22 1926.45568848 5999.1484375 3.57811832428
1478190320347 lifecam22 1926.32568359 5999.20068359 3.57722902298
1478190320546 lifecam22 1926.51477051 5999.12792969 3.57853555679
1478190320604 lifecam22 1926.51477051 5999.12792969 3.57853555679
1478190320674 lifecam22 1926.4050293 5999.06445312 3.57734918594
1478190320746 lifecam22 1926.51477051 5999.12792969 3.57853555679
1478190320809 lifecam22 1926.43554688 5999.26367188 3.5784163475
1478190321150 lifecam22 1926.51477051 5999.12792969 3.57853555679
1478190321212 lifecam22 1926.45568848 5999.1484375 3.57811832428
1478190321285 lifecam22 1926.56530762 5999.21191406 3.57930517197
1478190321342 lifecam22 1926.4050293 5999.06445312 3.57734918594
1478190321404 lifecam22 1926.51477051 5999.12792969 3.57853555679
1478190321685 lifecam22 1926.48608398 5999.34765625 3.57918453217
1478190321751 lifecam22 1926.4050293 5999.06445312 3.57734918594
1478190321813 lifecam22 1926.10876465 5999.47900391 3.57651996613
1478190321883 lifecam22 1926.48608398 5999.34765625 3.57918453217
1478190321949 lifecam22 1926.58410645 5999.10400391 3.57902622223
1478190322290 lifecam22 1926.30505371 5999.31640625 3.57752418518
1478190322344 lifecam22 1926.51477051 5999.12792969 3.57853555679
1478190322414 lifecam22 1926.30505371 5999.31640625 3.57752418518
1478190322480 lifecam22 1926.51477051 5999.12792969 3.57853555679
1478190322548 lifecam22 1926.51477051 5999.12792969 3.57853555679
1478190322758 lifecam22 1926.51477051 5999.12792969 3.57853555679
1478190322813 lifecam22 1926.32568359 5999.20068359 3.57722902298
1478190322885 lifecam22 1926.51477051 5999.12792969 3.57853555679
1478190322951 lifecam22 1926.51477051 5999.12792969 3.57853555679
1478190323015 lifecam22 1926.43615723 5999.26513672 3.57702207565
