1477666001487 lifecam22 3360.55395508 4779.52783203 4.71287918091
1477666001545 lifecam22 3360.55395508 4779.52783203 4.71287918091
1477666001613 lifecam22 3360.55395508 4779.52783203 4.71287918091
1477666001681 lifecam22 3360.55395508 4779.52783203 4.71287918091
1477666001745 lifecam22 3360.55395508 4779.52783203 4.71287918091
1477666001881 lifecam22 3360.55395508 4779.52783203 4.71287918091
1477666001949 lifecam22 3360.55395508 4779.52783203 4.71287918091
1477666002014 lifecam22 3360.55395508 4779.52783203 4.71287918091
1477666002083 lifecam22 3360.55395508 4779.52783203 4.71287918091
1477666002152 lifecam22 3360.55395508 4779.52783203 4.71287918091
1477666002212 lifecam22 3360.55395508 4779.52783203 4.71287918091
1477666002282 lifecam22 3360.55395508 4779.52783203 4.71287918091
1477666002349 lifecam22 3360.55395508 4779.52783203 4.71287918091
1477666002413 lifecam22 3360.55395508 4779.52783203 4.71287918091
1477666002483 lifecam22 3360.55395508 4779.52783203 4.71287918091
1477666002551 lifecam22 3360.55395508 4779.52783203 4.71287918091
1477666002613 lifecam22 3360.55395508 4779.52783203 4.71287918091
1477666002681 lifecam22 3360.55395508 4779.52783203 4.71287918091
1477666002750 lifecam22 3360.55395508 4779.52783203 4.71287918091
1477666002818 lifecam22 3360.55395508 4779.52783203 4.71287918091
1477666002947 lifecam22 3360.55395508 4779.52783203 4.71287918091
1477666003016 lifecam22 3360.55395508 4779.52783203 4.71287918091
1477666003081 lifecam22 3360.55395508 4779.52783203 4.71287918091
1477666003150 lifecam22 3360.55395508 4779.52783203 4.71287918091
1477666003218 lifecam22 3360.55395508 4779.52783203 4.71287918091
1477666003279 lifecam22 3360.55395508 4779.52783203 4.71287918091
1477666003350 lifecam22 3360.55395508 4779.52783203 4.71287918091
1477666003418 lifecam22 3360.44873047 4779.81103516 4.71557378769
1477666003486 lifecam22 3346.55419922 4779.52783203 4.71288156509
1477666003550 lifecam22 3339.55419922 4779.52783203 4.71288108826
1477666003622 lifecam22 3339.3347168 4782.33398438 4.73923158646
1477666003687 lifecam22 3328.85351562 4781.36083984 4.73017549515
1477666003750 lifecam22 3325.42724609 4782.70849609 4.7426981926
1477666003817 lifecam22 3318.91577148 4782.48193359 4.74060344696
1477666003885 lifecam22 3312.30175781 4782.60888672 4.7444767952
1477666004015 lifecam22 3299.71166992 4782.58007812 4.75174331665
1477666004083 lifecam22 3294.96459961 4782.21142578 4.76043701172
1477666004146 lifecam22 3289.80834961 4782.94628906 4.76916694641
1477666004218 lifecam22 3284.17358398 4783.01757812 4.77301073074
1477666004285 lifecam22 3278.02709961 4783.203125 4.77686023712
1477666004355 lifecam22 3271.98388672 4783.32080078 4.78390073776
1477666004416 lifecam22 3265.94897461 4782.6796875 4.78907775879
1477666004485 lifecam22 3260.19335938 4783.44726562 4.79698324203
1477666004553 lifecam22 3255.68969727 4784.00048828 4.8066740036
1477666004617 lifecam22 3249.46850586 4784.85009766 4.81769227982
1477666004685 lifecam22 3244.13037109 4785.02148438 4.82690286636
1477666004753 lifecam22 3237.90454102 4784.40283203 4.82955884933
1477666004813 lifecam22 3231.90405273 4784.40039062 4.83731555939
1477666004885 lifecam22 3226.58691406 4785.28076172 4.84693098068
1477666004952 lifecam22 3219.9765625 4784.26855469 4.84951925278
1477666005021 lifecam22 3215.48046875 4785.89550781 4.86156368256
1477666005083 lifecam22 3209.3984375 4784.98974609 4.87015771866
1477666005151 lifecam22 3203.77880859 4784.04150391 4.8698797226
1477666005223 lifecam22 3197.27441406 4783.57128906 4.87375688553
1477666005282 lifecam22 3191.42944336 4782.39599609 4.87635850906
1477666005359 lifecam22 3185.96362305 4783.78076172 4.88997173309
1477666005420 lifecam22 3180.63037109 4783.58251953 4.89705753326
1477666005481 lifecam22 3174.62207031 4783.79736328 4.90519142151
1477666005553 lifecam22 3169.09765625 4783.05126953 4.91093969345
1477666005620 lifecam22 3162.93774414 4782.86230469 4.91627931595
1477666005755 lifecam22 3151.35449219 4781.48535156 4.92807245255
1477666005821 lifecam22 3145.29980469 4780.67529297 4.93597984314
1477666005889 lifecam22 3140.07983398 4779.77587891 4.94102525711
1477666005951 lifecam22 3134.33178711 4778.79345703 4.94705581665
1477666006021 lifecam22 3128.45458984 4777.53662109 4.9491944313
1477666006089 lifecam22 3122.99072266 4776.97705078 4.95827198029
1477666006152 lifecam22 3116.52368164 4776.12646484 4.96720170975
1477666006220 lifecam22 3110.34423828 4774.77734375 4.97028064728
1477666006288 lifecam22 3104.61914062 4773.76855469 4.97733640671
1477666006349 lifecam22 3099.4753418 4773.21142578 4.98648738861
1477666006410 lifecam22 3094.83862305 4772.76757812 4.99621295929
1477666006487 lifecam22 3088.54638672 4770.91894531 4.99750471115
1477666006556 lifecam22 3082.28735352 4769.81005859 5.00102376938
1477666006618 lifecam22 3076.78027344 4768.30078125 5.01027536392
1477666006682 lifecam22 3071.66064453 4767.96679688 5.02023410797
1477666006818 lifecam22 3059.98925781 4766.06103516 5.03207826614
1477666006882 lifecam22 3054.7746582 4764.328125 5.03814315796
1477666006956 lifecam22 3050.03417969 4765.01367188 5.04773855209
1477666007020 lifecam22 3044.16479492 4761.86035156 5.05136632919
1477666007090 lifecam22 3038.30273438 4761.98095703 5.06223630905
1477666007156 lifecam22 3032.15283203 4760.43359375 5.06812143326
1477666007225 lifecam22 3026.40527344 4759.21630859 5.07333803177
1477666007289 lifecam22 3021.46166992 4758.67871094 5.08375072479
1477666007356 lifecam22 3016.44042969 4757.13818359 5.08991241455
1477666007424 lifecam22 3010.63330078 4755.08935547 5.09388017654
1477666007481 lifecam22 3005.02001953 4752.67138672 5.09414291382
1477666007556 lifecam22 2999.60839844 4752.28417969 5.10644102097
1477666007623 lifecam22 2993.82446289 4750.27148438 5.11046361923
1477666007684 lifecam22 2988.69824219 4748.66503906 5.11752033234
1477666007754 lifecam22 2982.6953125 4746.8828125 5.1237039566
1477666007829 lifecam22 2977.52612305 4744.99560547 5.12916231155
1477666007887 lifecam22 2971.21289062 4742.72412109 5.13330936432
1477666007955 lifecam22 2966.58862305 4741.19433594 5.14163541794
1477666008023 lifecam22 2960.44238281 4739.09765625 5.148873806
1477666008091 lifecam22 2955.30981445 4737.59472656 5.15776062012
1477666008224 lifecam22 2944.26025391 4733.77197266 5.17072248459
1477666008292 lifecam22 2938.67797852 4730.89355469 5.17090797424
1477666008358 lifecam22 2932.75341797 4728.85205078 5.17821264267
1477666008426 lifecam22 2927.30224609 4727.95263672 5.1900062561
1477666008494 lifecam22 2922.33056641 4725.9453125 5.19860124588
1477666008556 lifecam22 2917.13134766 4724.8515625 5.21091175079
1477666008622 lifecam22 2912.05615234 4722.80224609 5.21927881241
1477666008691 lifecam22 2906.82324219 4719.83398438 5.21823167801
1477666008759 lifecam22 2901.06323242 4716.81640625 5.22306394577
1477666008822 lifecam22 2895.93237305 4714.30712891 5.22678804398
1477666008892 lifecam22 2890.19702148 4713.05761719 5.23847723007
1477666008960 lifecam22 2884.76269531 4710.35058594 5.24806880951
1477666009023 lifecam22 2879.34619141 4708.40673828 5.25300598145
1477666009092 lifecam22 2874.42675781 4705.25195312 5.2570939064
1477666009161 lifecam22 2869.87475586 4704.07177734 5.2645740509
1477666009230 lifecam22 2864.13525391 4701.29345703 5.27560138702
1477666009290 lifecam22 2858.39990234 4697.88037109 5.27625513077
1477666009358 lifecam22 2854.1184082 4695.71582031 5.28102016449
1477666009427 lifecam22 2849.32958984 4693.92724609 5.29093170166
1477666009490 lifecam22 2844.17456055 4691.36669922 5.29645872116
1477666009628 lifecam22 2833.40209961 4685.08007812 5.30476427078
1477666009692 lifecam22 2829.01171875 4681.91650391 5.30824947357
1477666009761 lifecam22 2823.10864258 4680.64648438 5.32381820679
1477666009828 lifecam22 2817.98706055 4675.77148438 5.32000160217
1477666009889 lifecam22 2813.20239258 4674.03662109 5.33050203323
1477666009959 lifecam22 2807.75952148 4670.17871094 5.33536291122
1477666010027 lifecam22 2802.94140625 4667.6015625 5.34325695038
1477666010088 lifecam22 2798.18847656 4664.55322266 5.34940052032
1477666010159 lifecam22 2792.85302734 4661.64746094 5.3556394577
1477666010227 lifecam22 2787.48242188 4659.19726562 5.36792755127
1477666010297 lifecam22 2782.80664062 4655.1640625 5.3674826622
1477666010358 lifecam22 2777.77734375 4653.6328125 5.38214969635
1477666010427 lifecam22 2772.92138672 4650.22998047 5.38732051849
1477666010496 lifecam22 2767.890625 4647.66357422 5.39439868927
1477666010558 lifecam22 2763.41577148 4643.62402344 5.39790630341
1477666010635 lifecam22 2758.05029297 4640.79882812 5.40666341782
1477666010694 lifecam22 2752.61230469 4638.20898438 5.41428518295
1477666010757 lifecam22 2748.08203125 4635.04394531 5.41857147217
1477666010827 lifecam22 2743.21899414 4632.91162109 5.43151187897
1477666010896 lifecam22 2739.15307617 4628.33203125 5.432554245
1477666011025 lifecam22 2729.45556641 4621.13427734 5.4432220459
1477666011096 lifecam22 2724.8527832 4617.86816406 5.44933652878
1477666011165 lifecam22 2720.03100586 4616.52880859 5.46967887878
1477666011226 lifecam22 2716.33789062 4613.06591797 5.47056484222
1477666011296 lifecam22 2711.02758789 4606.70751953 5.46166086197
1477666011363 lifecam22 2706.07885742 4604.76269531 5.48088645935
1477666011406 lifecam20 2649.38085938 4608.65087891 5.51538991928
1477666011424 lifecam22 2647.62451172 4606.52246094 5.51396179199
1477666011470 lifecam20 2644.59960938 4603.24707031 5.50995969772
1477666011495 lifecam22 2641.98486328 4602.54394531 5.5230050087
1477666011533 lifecam20 2640.95483398 4596.96972656 5.49303627014
1477666011556 lifecam22 2638.61694336 4593.70507812 5.48822832108
1477666011606 lifecam20 2636.08398438 4593.55371094 5.50133895874
1477666011631 lifecam22 2634.06787109 4592.38378906 5.50738954544
1477666011696 lifecam22 2631.28320312 4592.28613281 5.52240419388
1477666011739 lifecam20 2626.97045898 4588.09960938 5.52345705032
1477666011762 lifecam22 2625.24829102 4585.55859375 5.52128267288
1477666011807 lifecam20 2622.37890625 4583.94873047 5.52722883224
1477666011830 lifecam22 2619.58154297 4582.51757812 5.53223085403
1477666011871 lifecam20 2618.36083984 4580.4765625 5.53877210617
1477666011893 lifecam22 2616.27636719 4577.47314453 5.53659772873
1477666011940 lifecam20 2613.86132812 4576.59619141 5.54388666153
1477666011962 lifecam22 2611.54833984 4575.37304688 5.55099058151
1477666012014 lifecam20 2609.07128906 4572.70019531 5.55125808716
1477666012037 lifecam22 2606.84179688 4570.42089844 5.55407571793
1477666012070 lifecam20 2604.5222168 4568.58935547 5.5570526123
1477666012094 lifecam22 2602.51928711 4565.92773438 5.55704689026
1477666012139 lifecam20 2600.23876953 4563.37841797 5.55686903
1477666012162 lifecam22 2598.44897461 4562.05908203 5.56207036972
1477666012208 lifecam20 2596.52563477 4560.32128906 5.56473207474
1477666012230 lifecam22 2594.09570312 4558.55664062 5.5689868927
1477666012276 lifecam20 2592.03662109 4557.11865234 5.57553863525
1477666012292 lifecam22 2589.68310547 4554.85742188 5.57711029053
1477666012338 lifecam20 2587.31787109 4552.1015625 5.5769405365
1477666012408 lifecam20 2584.73681641 4550.51269531 5.58397912979
1477666012432 lifecam22 2580.27368164 4547.1015625 5.59272956848
1477666012475 lifecam20 2578.20703125 4545.44921875 5.59720849991
1477666012501 lifecam22 2576.10888672 4543.1640625 5.60116767883
1477666012539 lifecam20 2574.01220703 4540.76953125 5.60036897659
1477666012561 lifecam22 2571.9206543 4538.8046875 5.60176181793
1477666012607 lifecam20 2570.03369141 4537.13330078 5.60856437683
1477666012632 lifecam22 2568.13769531 4534.65234375 5.61000442505
1477666012674 lifecam20 2565.578125 4533.30175781 5.61647224426
1477666012698 lifecam22 2563.90625 4531.49804688 5.61960506439
1477666012742 lifecam20 2562.19433594 4528.3125 5.61738586426
1477666012761 lifecam22 2559.68896484 4526.78173828 5.62508487701
1477666012806 lifecam20 2557.85742188 4524.3046875 5.625477314
1477666012831 lifecam22 2556.32275391 4521.71875 5.62624883652
1477666012875 lifecam20 2554.26464844 4520.58740234 5.6332526207
1477666012898 lifecam22 2551.78198242 4519.06738281 5.63877868652
1477666012942 lifecam20 2550.12744141 4516.52441406 5.64113235474
1477666012961 lifecam22 2548.97314453 4513.77539062 5.64073324203
1477666013008 lifecam20 2546.46704102 4511.50292969 5.64242744446
1477666013030 lifecam22 2544.12402344 4510.63671875 5.65241956711
1477666013108 lifecam22 2542.75439453 4509.51660156 5.65930891037
1477666013143 lifecam20 2539.17089844 4505.62695312 5.66531229019
1477666013165 lifecam22 2536.91772461 4505.66992188 5.67931079865
1477666013206 lifecam20 2534.89257812 4503.41113281 5.68408584595
1477666013274 lifecam20 2532.6328125 4501.86035156 5.68952512741
1477666013299 lifecam22 2528.83178711 4500.74121094 5.71179103851
1477666013343 lifecam20 2526.90478516 4498.1328125 5.71122121811
1477666013360 lifecam22 2524.41015625 4497.6953125 5.72503519058
1477666013408 lifecam20 2521.91845703 4495.546875 5.72990989685
1477666013475 lifecam20 2520.51953125 4493.37988281 5.73119544983
1477666013541 lifecam20 2457.44995117 4477.68554688 5.69665908813
1477666013606 lifecam20 2453.85253906 4472.61132812 5.7042927742
1477666013674 lifecam20 2449.60766602 4468.50537109 5.71010446548
1477666013742 lifecam20 2445.34008789 4463.37011719 5.7171049118
1477666013810 lifecam20 2442.29296875 4458.77294922 5.7189950943
1477666013874 lifecam20 2438.5847168 4453.59619141 5.72055768967
1477666013944 lifecam20 2435.16430664 4449.11083984 5.73027229309
1477666014011 lifecam20 2431.21118164 4443.48632812 5.7341003418
1477666014074 lifecam20 2428.10327148 4439.52441406 5.7445731163
1477666014210 lifecam20 2419.91699219 4430.76318359 5.75913286209
1477666014275 lifecam20 2416.32373047 4426.87207031 5.77295732498
1477666014341 lifecam20 2413.00439453 4421.3125 5.7720708847
1477666014410 lifecam20 2410.30712891 4416.27832031 5.77834272385
1477666014480 lifecam20 2406.9855957 4411.15771484 5.77929258347
1477666014542 lifecam20 2403.16308594 4407.08886719 5.79767036438
1477666014610 lifecam20 2399.77856445 4402.90332031 5.8042807579
1477666014677 lifecam20 2397.29077148 4396.73144531 5.80143451691
1477666014741 lifecam20 2394.04760742 4392.04150391 5.80539131165
1477666014810 lifecam20 2391.11157227 4386.70263672 5.80978345871
1477666014878 lifecam20 2387.95068359 4382.23632812 5.8150472641
1477666014942 lifecam20 2384.54516602 4377.56054688 5.83141040802
1477666015009 lifecam20 2380.74169922 4373.47265625 5.83841705322
1477666015078 lifecam20 2377.25610352 4368.43212891 5.84270381927
1477666015145 lifecam20 2373.72070312 4363.61669922 5.85357666016
1477666015213 lifecam20 2370.59375 4358.67431641 5.85943508148
1477666015278 lifecam20 2368.1809082 4353.88037109 5.86286306381
1477666015345 lifecam20 2364.73461914 4349.42578125 5.87097263336
1477666015410 lifecam20 2361.55664062 4343.59179688 5.8766951561
1477666015478 lifecam20 2358.52807617 4339.14648438 5.88768291473
1477666015611 lifecam20 2352.56152344 4328.55615234 5.89670467377
1477666015677 lifecam20 2350.43701172 4323.07080078 5.89919281006
1477666015745 lifecam20 2347.70410156 4317.53369141 5.90637254715
1477666015810 lifecam20 2345.58764648 4311.71044922 5.90779972076
1477666015878 lifecam20 2341.89672852 4306.33398438 5.91749668121
1477666015945 lifecam20 2338.40307617 4303.08935547 5.93603754044
1477666016013 lifecam20 2336.8046875 4296.60449219 5.93320608139
1477666016077 lifecam20 2333.23217773 4291.24853516 5.94007205963
1477666016145 lifecam20 2331.47900391 4286.8828125 5.94694662094
1477666016213 lifecam20 2328.57617188 4281.65820312 5.95762109756
1477666016278 lifecam20 2326.33447266 4275.38720703 5.95936155319
1477666016345 lifecam20 2324.32666016 4270.55224609 5.96741056442
1477666016413 lifecam20 2321.41186523 4265.05712891 5.97467756271
1477666016478 lifecam20 2320.26733398 4259.20458984 5.9767127037
1477666016546 lifecam20 2317.13598633 4254.91113281 5.98444795609
1477666016614 lifecam20 2316.13378906 4249.15087891 5.98635625839
1477666016683 lifecam20 2313.10498047 4243.68261719 5.99099254608
1477666016745 lifecam20 2311.1315918 4238.26367188 6.00391101837
1477666016814 lifecam20 2308.17382812 4233.43115234 6.0115904808
1477666016881 lifecam20 2306.7019043 4227.04345703 6.01280403137
1477666016953 lifecam20 2303.66796875 4222.12158203 6.02220487595
1477666017014 lifecam20 2301.88696289 4216.05029297 6.02558469772
1477666017082 lifecam20 2299.20874023 4212.04296875 6.04005050659
1477666017145 lifecam20 2297.22924805 4206.70410156 6.04871225357
1477666017213 lifecam20 2294.88745117 4201.53759766 6.05541706085
1477666017346 lifecam20 2290.50219727 4190.63671875 6.06611347198
1477666017414 lifecam20 2288.36157227 4184.85742188 6.07400655746
1477666017481 lifecam20 2286.71166992 4180.13330078 6.08421802521
1477666017549 lifecam20 2284.94921875 4174.13623047 6.08665084839
1477666017613 lifecam20 2283.67675781 4168.15673828 6.09126996994
1477666017681 lifecam20 2281.51074219 4162.25830078 6.097635746
1477666017749 lifecam20 2279.70336914 4156.61132812 6.10646009445
1477666017813 lifecam20 2278.40185547 4149.78369141 6.10749530792
1477666017881 lifecam20 2277.50610352 4144.95019531 6.11319732666
1477666017949 lifecam20 2275.9465332 4138.72705078 6.11918115616
1477666018014 lifecam20 2274.64331055 4133.06298828 6.12465572357
1477666018081 lifecam20 2273.40405273 4127.37353516 6.13097190857
1477666018149 lifecam20 2271.56469727 4122.17529297 6.13914585114
1477666018217 lifecam20 2271.06152344 4116.73095703 6.14190196991
1477666018282 lifecam20 2268.83935547 4111.24462891 6.14925956726
1477666018352 lifecam20 2268.07495117 4105.43945312 6.15687227249
1477666018418 lifecam20 2265.88232422 4099.89111328 6.16468381882
1477666018481 lifecam20 2265.1550293 4094.03149414 6.16757631302
1477666018549 lifecam20 2263.97241211 4088.74902344 6.17667341232
1477666018617 lifecam20 2261.59985352 4083.73193359 6.18991279602
1477666018749 lifecam20 2259.31860352 4072.28271484 6.20465803146
1477666018817 lifecam20 2259.24658203 4066.27929688 6.20880508423
1477666018882 lifecam20 2257.89038086 4059.99194336 6.21333551407
1477666018950 lifecam20 2256.70996094 4054.29370117 6.22075080872
1477666019017 lifecam20 2254.71020508 4049.73022461 6.23415327072
1477666019085 lifecam20 2253.27880859 4043.97363281 6.24267578125
1477666019149 lifecam20 2257.29931641 4038.94458008 6.21627664566
