1477665650333 lifecam22 3360.55395508 4779.52783203 4.71287918091
1477665650401 lifecam22 3360.55395508 4779.52783203 4.71287918091
1477665650464 lifecam22 3360.55395508 4779.52783203 4.71287918091
1477665650532 lifecam22 3360.55395508 4779.52783203 4.71287918091
1477665650601 lifecam22 3360.55395508 4779.52783203 4.71287918091
1477665650669 lifecam22 3360.55395508 4779.52783203 4.71287918091
1477665650731 lifecam22 3360.55395508 4779.52783203 4.71287918091
1477665650801 lifecam22 3360.55395508 4779.52783203 4.71287918091
1477665650869 lifecam22 3360.55395508 4779.52783203 4.71287918091
1477665650932 lifecam22 3360.55395508 4779.52783203 4.71287918091
1477665651001 lifecam22 3360.55395508 4779.52783203 4.71287918091
1477665651069 lifecam22 3360.55395508 4779.52783203 4.71287918091
1477665651131 lifecam22 3360.55395508 4779.52783203 4.71287918091
1477665651201 lifecam22 3360.55395508 4779.52783203 4.71287918091
1477665651270 lifecam22 3360.55395508 4779.52783203 4.71287918091
1477665651337 lifecam22 3360.55395508 4779.52783203 4.71287918091
1477665651400 lifecam22 3360.55395508 4779.52783203 4.71287918091
1477665651536 lifecam22 3360.55395508 4779.52783203 4.71287918091
1477665651600 lifecam22 3360.55395508 4779.52783203 4.71287918091
1477665651669 lifecam22 3360.55395508 4779.52783203 4.71287918091
1477665651737 lifecam22 3360.55395508 4779.52783203 4.71287918091
1477665651800 lifecam22 3360.55395508 4779.52783203 4.71287918091
1477665651869 lifecam22 3360.55395508 4779.52783203 4.71287918091
1477665651937 lifecam22 3360.55395508 4779.52783203 4.71287918091
1477665652000 lifecam22 3360.55395508 4779.52783203 4.71287918091
1477665652067 lifecam22 3360.34277344 4779.59277344 4.71096134186
1477665652137 lifecam22 3360.55395508 4779.52783203 4.71287918091
1477665652204 lifecam22 3360.55395508 4779.52783203 4.71287918091
1477665652271 lifecam22 3360.55395508 4779.52783203 4.71287918091
1477665652337 lifecam22 3360.55395508 4779.52783203 4.71287918091
1477665652405 lifecam22 3360.55395508 4779.52783203 4.71287918091
1477665652468 lifecam22 3354.04052734 4780.24316406 4.71731185913
1477665652537 lifecam22 3347.76293945 4785.40625 4.75628662109
1477665652605 lifecam22 3343.28759766 4783.25195312 4.73913812637
1477665652667 lifecam22 3336.74145508 4786.40576172 4.76089954376
1477665652736 lifecam22 3331.19677734 4786.24951172 4.7615237236
1477665652805 lifecam22 3326.08789062 4785.88330078 4.76417303085
1477665652873 lifecam22 3319.52148438 4786.3359375 4.77470016479
1477665652935 lifecam22 3313.67944336 4786.63427734 4.78161239624
1477665653004 lifecam22 3307.63574219 4786.38671875 4.78390169144
1477665653072 lifecam22 3301.39550781 4786.73974609 4.79435253143
1477665653135 lifecam22 3295.95043945 4786.95605469 4.79819345474
1477665653204 lifecam22 3289.80297852 4787.05859375 4.80759477615
1477665653273 lifecam22 3285.32714844 4787.95654297 4.82029771805
1477665653335 lifecam22 3279.1171875 4787.57470703 4.82350635529
1477665653403 lifecam22 3273.02954102 4786.921875 4.82810735703
1477665653473 lifecam22 3266.60571289 4787.46630859 4.83252191544
1477665653541 lifecam22 3260.41870117 4786.70605469 4.83814764023
1477665653603 lifecam22 3255.59643555 4787.90332031 4.85039138794
1477665653672 lifecam22 3249.6875 4787.48535156 4.8568649292
1477665653740 lifecam22 3244.97021484 4787.64746094 4.86307811737
1477665653803 lifecam22 3237.91845703 4786.68554688 4.86676216125
1477665653872 lifecam22 3232.71655273 4786.29785156 4.87099027634
1477665653940 lifecam22 3227.19482422 4786.15234375 4.88083982468
1477665654003 lifecam22 3222.42724609 4786.14111328 4.89018917084
1477665654072 lifecam22 3215.85327148 4784.61865234 4.88892316818
1477665654140 lifecam22 3210.00439453 4784.89990234 4.89869880676
1477665654203 lifecam22 3204.78320312 4783.72509766 4.9033703804
1477665654271 lifecam22 3198.51635742 4784.17089844 4.9127907753
1477665654340 lifecam22 3192.93115234 4783.69482422 4.9193315506
1477665654408 lifecam22 3186.91748047 4782.74267578 4.92526388168
1477665654471 lifecam22 3181.48339844 4783.50585938 4.93711900711
1477665654540 lifecam22 3176.12719727 4782.95068359 4.94302606583
1477665654608 lifecam22 3170.83520508 4782.60791016 4.95353841782
1477665654671 lifecam22 3164.62109375 4782.13134766 4.95815420151
1477665654740 lifecam22 3158.65966797 4781.63623047 4.96787595749
1477665654808 lifecam22 3152.42114258 4780.33496094 4.97096967697
1477665654871 lifecam22 3146.52856445 4779.63769531 4.97631311417
1477665654939 lifecam22 3141.38330078 4778.70410156 4.98240613937
1477665655008 lifecam22 3135.75341797 4777.03662109 4.98778009415
1477665655076 lifecam22 3129.15942383 4775.28369141 4.98914861679
1477665655139 lifecam22 3123.31274414 4773.49853516 4.99424219131
1477665655208 lifecam22 3118.06030273 4773.18408203 5.00346231461
1477665655276 lifecam22 3111.96508789 4771.94677734 5.00965118408
1477665655338 lifecam22 3105.85839844 4770.72509766 5.01413154602
1477665655408 lifecam22 3100.53979492 4770.08740234 5.02430915833
1477665655476 lifecam22 3095.0690918 4768.56640625 5.03093957901
1477665655538 lifecam22 3089.95629883 4767.89697266 5.03915596008
1477665655607 lifecam22 3084.80737305 4765.88476562 5.04596471786
1477665655676 lifecam22 3078.80200195 4766.0 5.05694389343
1477665655744 lifecam22 3073.57080078 4763.90087891 5.06223869324
1477665655806 lifecam22 3068.14331055 4763.1328125 5.06913518906
1477665655876 lifecam22 3062.54516602 4761.23144531 5.07305335999
1477665655944 lifecam22 3057.03466797 4759.50048828 5.07874202728
1477665656006 lifecam22 3050.79077148 4757.62744141 5.08157396317
1477665656076 lifecam22 3045.89404297 4755.16210938 5.08463907242
1477665656144 lifecam22 3040.17871094 4754.73291016 5.09454441071
1477665656206 lifecam22 3035.84790039 4753.27587891 5.10276508331
1477665656276 lifecam22 3030.00537109 4752.97558594 5.11419010162
1477665656344 lifecam22 3023.78491211 4751.02148438 5.12067985535
1477665656412 lifecam22 3018.6953125 4749.17724609 5.1253080368
1477665656474 lifecam22 3012.85498047 4747.45849609 5.13267040253
1477665656544 lifecam22 3007.10595703 4746.57910156 5.1395740509
1477665656612 lifecam22 3002.09472656 4744.66210938 5.14987802505
1477665656674 lifecam22 2996.64892578 4743.87011719 5.15758275986
1477665656744 lifecam22 2990.64306641 4740.00732422 5.15252923965
1477665656811 lifecam22 2985.49633789 4739.77392578 5.16698694229
1477665656874 lifecam22 2979.55639648 4737.20214844 5.16966342926
1477665656944 lifecam22 2974.52172852 4734.890625 5.17755889893
1477665657012 lifecam22 2968.67871094 4733.05078125 5.18403959274
1477665657074 lifecam22 2963.08691406 4730.28076172 5.1934876442
1477665657142 lifecam22 2957.34326172 4727.90625 5.19591712952
1477665657212 lifecam22 2952.0612793 4725.33837891 5.20029067993
1477665657280 lifecam22 2947.14941406 4723.15234375 5.2023897171
1477665657342 lifecam22 2941.97900391 4721.35546875 5.21294403076
1477665657411 lifecam22 2935.99511719 4718.61474609 5.21888542175
1477665657479 lifecam22 2931.42041016 4716.73925781 5.22804641724
1477665657542 lifecam22 2925.89892578 4714.22998047 5.23532438278
1477665657612 lifecam22 2921.67895508 4712.27441406 5.2394657135
1477665657679 lifecam22 2915.74438477 4708.04492188 5.23704862595
1477665657742 lifecam22 2910.58300781 4706.69824219 5.24783945084
1477665657811 lifecam22 2905.34863281 4703.75976562 5.25582122803
1477665657879 lifecam22 2899.57470703 4702.09033203 5.26340055466
1477665657948 lifecam22 2894.35083008 4699.74365234 5.27385663986
1477665658010 lifecam22 2890.23291016 4698.31445312 5.2848982811
1477665658079 lifecam22 2884.74072266 4696.89746094 5.2976937294
1477665658147 lifecam22 2879.64038086 4693.19287109 5.29876422882
1477665658210 lifecam22 2874.1730957 4690.88476562 5.304708004
1477665658280 lifecam22 2869.57714844 4688.26855469 5.31283664703
1477665658347 lifecam22 2863.81469727 4686.66699219 5.32542133331
1477665658410 lifecam22 2858.64233398 4683.51074219 5.32767295837
1477665658479 lifecam22 2853.51611328 4680.70214844 5.33300018311
1477665658547 lifecam22 2848.9152832 4677.68115234 5.34049463272
1477665658615 lifecam22 2843.80249023 4674.42333984 5.34306764603
1477665658677 lifecam22 2839.12524414 4670.73046875 5.3437461853
1477665658747 lifecam22 2833.5222168 4669.29638672 5.36078691483
1477665658815 lifecam22 2828.1574707 4665.05517578 5.35795450211
1477665658878 lifecam22 2823.015625 4662.25097656 5.3673787117
1477665658947 lifecam22 2818.1237793 4659.19140625 5.37347602844
1477665659015 lifecam22 2813.34033203 4654.25146484 5.37319564819
1477665659077 lifecam22 2808.82910156 4652.74658203 5.38685512543
1477665659147 lifecam22 2804.25195312 4649.26708984 5.39305591583
1477665659215 lifecam22 2799.1081543 4646.47314453 5.40184640884
1477665659278 lifecam22 2794.25366211 4644.11572266 5.40979862213
1477665659345 lifecam22 2789.98388672 4639.10400391 5.40624952316
1477665659415 lifecam22 2784.26855469 4636.703125 5.41938447952
1477665659483 lifecam22 2780.66821289 4632.87402344 5.42059183121
1477665659545 lifecam22 2775.10473633 4630.41552734 5.43393564224
1477665659615 lifecam22 2771.20825195 4626.97705078 5.4378862381
1477665659683 lifecam22 2766.00415039 4624.10595703 5.44556045532
1477665659745 lifecam22 2761.17382812 4620.18945312 5.45337867737
1477665659815 lifecam22 2756.79956055 4616.99902344 5.45496606827
1477665659883 lifecam22 2751.31298828 4613.953125 5.47286128998
1477665659946 lifecam22 2747.94995117 4611.42675781 5.47674560547
1477665660015 lifecam22 2742.51098633 4606.59326172 5.48478031158
1477665660083 lifecam22 2737.64550781 4602.93554688 5.49204587936
1477665660126 lifecam20 2680.44482422 4605.55273438 5.52063179016
1477665660151 lifecam22 2678.57104492 4603.74121094 5.51983356476
1477665660214 lifecam22 2676.49023438 4602.52636719 5.52876615524
1477665660284 lifecam22 2723.74633789 4596.72070312 5.53147697449
1477665660326 lifecam20 2667.88183594 4594.74511719 5.52158594131
1477665660351 lifecam22 2665.61035156 4592.50732422 5.52132368088
1477665660394 lifecam20 2663.09375 4590.31445312 5.52395248413
1477665660413 lifecam22 2660.77734375 4588.23339844 5.52585220337
1477665660462 lifecam20 2658.67919922 4586.42431641 5.52663707733
1477665660483 lifecam22 2656.62597656 4585.02636719 5.53201961517
1477665660526 lifecam20 2654.1015625 4584.14404297 5.54257249832
1477665660551 lifecam22 2651.55566406 4582.34765625 5.54801464081
1477665660595 lifecam20 2649.22705078 4580.22460938 5.55060720444
1477665660615 lifecam22 2647.05761719 4577.12646484 5.54475641251
1477665660662 lifecam20 2644.74560547 4575.46289062 5.55092430115
1477665660682 lifecam22 2642.53613281 4574.00683594 5.55659866333
1477665660726 lifecam20 2640.79980469 4571.57568359 5.55734872818
1477665660751 lifecam22 2638.66796875 4569.07568359 5.5581278801
1477665660794 lifecam20 2636.7644043 4566.91503906 5.55825328827
1477665660819 lifecam22 2634.89013672 4565.45898438 5.56597805023
1477665660862 lifecam20 2632.71435547 4562.92089844 5.56555175781
1477665660881 lifecam22 2630.76782227 4560.37792969 5.56761598587
1477665660927 lifecam20 2628.34179688 4558.50488281 5.57562732697
1477665660951 lifecam22 2626.36572266 4556.15722656 5.5762834549
1477665660993 lifecam20 2624.43164062 4553.66308594 5.57596540451
1477665661019 lifecam22 2622.14794922 4551.68603516 5.57817029953
1477665661062 lifecam20 2620.42871094 4550.16503906 5.58408403397
1477665661081 lifecam22 2618.62841797 4547.60058594 5.58540821075
1477665661129 lifecam20 2616.30126953 4545.23535156 5.58529663086
1477665661151 lifecam22 2613.92089844 4543.98828125 5.59245204926
1477665661194 lifecam20 2611.89501953 4541.88476562 5.59603118896
1477665661219 lifecam22 2610.20654297 4539.71972656 5.59867334366
1477665661263 lifecam20 2607.91210938 4538.29589844 5.60262918472
1477665661282 lifecam22 2605.73510742 4536.50878906 5.60742521286
1477665661329 lifecam20 2603.67163086 4533.79492188 5.61059427261
1477665661350 lifecam22 2601.43847656 4531.52880859 5.61133098602
1477665661393 lifecam20 2599.12573242 4530.09423828 5.61746692657
1477665661419 lifecam22 2597.19287109 4528.28271484 5.62262821198
1477665661461 lifecam20 2595.43896484 4525.82617188 5.62289428711
1477665661481 lifecam22 2593.05541992 4523.64550781 5.62701225281
1477665661529 lifecam20 2590.52587891 4521.99316406 5.63352394104
1477665661551 lifecam22 2588.39453125 4521.43505859 5.64486694336
1477665661596 lifecam20 2586.23999023 4519.08740234 5.64728403091
1477665661611 lifecam22 2584.50634766 4518.57958984 5.65657567978
1477665661661 lifecam20 2582.77929688 4516.88232422 5.66099977493
1477665661687 lifecam22 2581.18310547 4515.24804688 5.66745090485
1477665661729 lifecam20 2578.99243164 4513.30761719 5.67185258865
1477665661749 lifecam22 2576.67138672 4512.31347656 5.68171930313
1477665661793 lifecam20 2575.11523438 4509.88671875 5.68244123459
1477665661861 lifecam20 2572.45507812 4508.21240234 5.69045162201
1477665661932 lifecam20 2510.12841797 4495.85351562 5.67205572128
1477665661997 lifecam20 2506.0625 4493.10888672 5.68625497818
1477665662061 lifecam20 2502.95800781 4487.49072266 5.68421173096
1477665662129 lifecam20 2498.86499023 4483.46777344 5.69211435318
1477665662197 lifecam20 2495.04736328 4478.28125 5.6951379776
1477665662265 lifecam20 2490.30737305 4475.7421875 5.71299743652
1477665662329 lifecam20 2486.21533203 4470.04443359 5.71268129349
1477665662397 lifecam20 2482.87939453 4466.12304688 5.71759557724
1477665662461 lifecam20 2478.62036133 4461.58105469 5.72558403015
1477665662529 lifecam20 2475.81494141 4456.53125 5.72993469238
1477665662597 lifecam20 2471.84692383 4451.53027344 5.73641872406
1477665662665 lifecam20 2468.30761719 4447.27148438 5.74402427673
1477665662729 lifecam20 2464.98193359 4441.68164062 5.74618816376
1477665662797 lifecam20 2461.62646484 4436.37255859 5.75064611435
1477665662865 lifecam20 2458.82373047 4432.45019531 5.75990390778
1477665662929 lifecam20 2455.4543457 4426.66796875 5.76214361191
1477665662998 lifecam20 2452.3425293 4422.31005859 5.76995706558
1477665663065 lifecam20 2448.453125 4416.84375 5.77087545395
1477665663129 lifecam20 2445.13305664 4412.78076172 5.78286790848
1477665663197 lifecam20 2441.35473633 4408.06689453 5.78809738159
1477665663265 lifecam20 2438.59643555 4403.54931641 5.79864501953
1477665663330 lifecam20 2435.22851562 4398.63476562 5.79988384247
1477665663398 lifecam20 2432.14257812 4393.37988281 5.81122207642
1477665663465 lifecam20 2427.39086914 4390.70605469 5.82610082626
1477665663533 lifecam20 2425.00634766 4383.9375 5.82558774948
1477665663597 lifecam20 2421.4831543 4380.44921875 5.83345031738
1477665663665 lifecam20 2418.02587891 4375.08154297 5.84358644485
1477665663733 lifecam20 2415.18115234 4370.41748047 5.85239553452
1477665663797 lifecam20 2411.79150391 4365.35058594 5.85745096207
1477665663865 lifecam20 2409.81054688 4360.11425781 5.8592004776
1477665663933 lifecam20 2406.7902832 4355.10498047 5.86546754837
1477665663997 lifecam20 2403.41894531 4349.39697266 5.87069702148
1477665664065 lifecam20 2399.34301758 4344.96533203 5.88197565079
1477665664133 lifecam20 2396.32250977 4339.59179688 5.8859539032
1477665664201 lifecam20 2393.35546875 4334.99462891 5.89308023453
1477665664265 lifecam20 2390.81982422 4330.91699219 5.90328121185
1477665664333 lifecam20 2387.5859375 4325.12744141 5.90689468384
1477665664401 lifecam20 2385.44873047 4320.20751953 5.9135222435
1477665664465 lifecam20 2382.59741211 4315.79882812 5.92260694504
1477665664533 lifecam20 2379.77099609 4309.93652344 5.92515325546
1477665664601 lifecam20 2377.3203125 4304.89648438 5.93211174011
1477665664665 lifecam20 2374.73925781 4299.32324219 5.93725728989
1477665664732 lifecam20 2373.0168457 4293.55224609 5.94375181198
1477665664801 lifecam20 2370.20214844 4287.50732422 5.94503116608
1477665664865 lifecam20 2368.06787109 4281.68310547 5.95032215118
1477665664933 lifecam20 2365.38916016 4276.93408203 5.96096277237
1477665665001 lifecam20 2363.16210938 4271.42871094 5.96758508682
1477665665069 lifecam20 2360.60302734 4265.99707031 5.97227478027
1477665665133 lifecam20 2358.23632812 4261.61328125 5.9809885025
1477665665201 lifecam20 2356.32861328 4255.96044922 5.98523044586
1477665665268 lifecam20 2353.55859375 4251.171875 5.99771881104
1477665665333 lifecam20 2350.98950195 4245.56884766 6.0058465004
1477665665400 lifecam20 2348.43652344 4240.14746094 6.01149988174
1477665665469 lifecam20 2346.7277832 4235.07519531 6.0163025856
1477665665532 lifecam20 2343.93359375 4229.58398438 6.02266550064
1477665665601 lifecam20 2342.73999023 4223.48193359 6.02791213989
1477665665668 lifecam20 2340.12182617 4219.22363281 6.03832674026
1477665665736 lifecam20 2338.16235352 4211.98486328 6.03901529312
1477665665800 lifecam20 2335.94995117 4207.85205078 6.04984521866
1477665665868 lifecam20 2333.2902832 4201.92138672 6.05577945709
1477665665936 lifecam20 2331.51416016 4196.52832031 6.06407356262
1477665666000 lifecam20 2328.80957031 4192.35253906 6.0751490593
1477665666068 lifecam20 2327.38330078 4187.17480469 6.08365678787
1477665666136 lifecam20 2325.59814453 4181.74072266 6.08862495422
1477665666200 lifecam20 2323.71240234 4175.57958984 6.09339809418
1477665666269 lifecam20 2321.546875 4170.17578125 6.10150957108
1477665666336 lifecam20 2320.75830078 4164.13623047 6.10377311707
1477665666404 lifecam20 2319.65356445 4158.55664062 6.10577487946
1477665666468 lifecam20 2318.3359375 4152.08056641 6.10978412628
1477665666536 lifecam20 2316.18286133 4147.12011719 6.11983108521
1477665666605 lifecam20 2315.04907227 4140.85742188 6.12248420715
1477665666668 lifecam20 2313.5559082 4134.92431641 6.12949323654
1477665666736 lifecam20 2312.60058594 4129.47119141 6.13167953491
1477665666805 lifecam20 2311.35180664 4123.41113281 6.13943338394
1477665666868 lifecam20 2309.13720703 4118.70410156 6.15159034729
1477665666937 lifecam20 2308.72485352 4112.10253906 6.15235996246
1477665667004 lifecam20 2306.34936523 4107.61083984 6.16653442383
1477665667068 lifecam20 2305.45019531 4101.77539062 6.17253398895
1477665667136 lifecam20 2303.52270508 4096.27685547 6.18177366257
1477665667204 lifecam20 2301.546875 4091.3112793 6.19516563416
1477665667273 lifecam20 2301.03979492 4085.25097656 6.19747781754
1477665667336 lifecam20 2299.80493164 4079.26635742 6.2037320137
1477665667404 lifecam20 2299.37060547 4072.9987793 6.20546627045
1477665667472 lifecam20 2297.91577148 4067.0769043 6.20869016647
1477665667536 lifecam20 2297.13354492 4060.40209961 6.21225786209
1477665667605 lifecam20 2294.61645508 4056.69775391 6.22926616669
1477665667672 lifecam20 2293.89233398 4050.05957031 6.235476017
1477665667736 lifecam20 2292.51904297 4045.34521484 6.24358701706
1477665667804 lifecam20 2292.27734375 4039.03125 6.24750852585
1477665667872 lifecam20 2291.24389648 4032.99731445 6.25391054153
1477665667940 lifecam20 2290.80419922 4026.75732422 6.25854349136
1477665668004 lifecam20 2290.84985352 4023.56274414 6.26854276657
1477665668072 lifecam20 2289.65405273 4015.94628906 6.27537679672
1477665668140 lifecam20 2291.70678711 4010.18017578 6.2630982399
1477665668204 lifecam20 2294.11865234 4009.51147461 6.24742460251
1477665668272 lifecam20 2294.05712891 4009.59228516 6.25071716309
1477665668340 lifecam20 2293.81787109 4009.97460938 6.24910306931
1477665668404 lifecam20 2293.70605469 4009.26464844 6.24752855301
1477665668472 lifecam20 2293.90258789 4009.69555664 6.24961185455
1477665668540 lifecam20 2293.98608398 4009.66186523 6.25010251999
1477665668604 lifecam20 2293.76000977 4009.48193359 6.24959421158
1477665668672 lifecam20 2293.76000977 4009.48193359 6.24959421158
1477665668740 lifecam20 2293.88745117 4009.62524414 6.24972867966
1477665668808 lifecam20 2293.83837891 4009.53930664 6.2501578331
1477665668872 lifecam20 2293.83837891 4009.53930664 6.2501578331
1477665668940 lifecam20 2293.85351562 4009.61474609 6.25004434586
1477665669008 lifecam20 2293.83837891 4009.53930664 6.2501578331
1477665669072 lifecam20 2293.83837891 4009.53930664 6.2501578331
1477665669140 lifecam20 2293.88745117 4009.62524414 6.24972867966
