1477666163993 lifecam22 3357.34619141 4778.73388672 4.70529270172
1477666164057 lifecam22 3357.49047852 4778.77636719 4.70570087433
1477666164124 lifecam22 3357.8449707 4778.98046875 4.70765733719
1477666164191 lifecam22 3357.21948242 4778.50488281 4.70309352875
1477666164259 lifecam22 3357.46533203 4779.02099609 4.70804405212
1477666164334 lifecam22 3357.8112793 4779.40478516 4.71171092987
1477666164390 lifecam22 3357.09960938 4779.24072266 4.71014356613
1477666164458 lifecam22 3358.72265625 4779.12792969 4.70906925201
1477666164526 lifecam22 3358.66015625 4779.18164062 4.70958185196
1477666164590 lifecam22 3358.48632812 4779.32324219 4.71093225479
1477666164727 lifecam22 3358.15991211 4779.05957031 4.70841646194
1477666164793 lifecam22 3358.50024414 4779.37695312 4.71144485474
1477666164863 lifecam22 3360.13256836 4779.26513672 4.71037912369
1477666164925 lifecam22 3360.48144531 4779.58837891 4.71345567703
1477666164987 lifecam22 3359.1940918 4779.34326172 4.71112537384
1477666165055 lifecam22 3359.85375977 4779.52734375 4.7128777504
1477666165127 lifecam22 3360.45361328 4779.68945312 4.71441841125
1477666165193 lifecam22 3360.55395508 4779.52783203 4.71287918091
1477666165259 lifecam22 3360.55395508 4779.52783203 4.71287918091
1477666165327 lifecam22 3360.55395508 4779.52783203 4.71287918091
1477666165395 lifecam22 3360.55395508 4779.52783203 4.71287918091
1477666165458 lifecam22 3360.55395508 4779.52783203 4.71287918091
1477666165526 lifecam22 3360.06616211 4778.75244141 4.70845079422
1477666165592 lifecam22 3360.06616211 4778.75244141 4.70845079422
1477666165659 lifecam22 3360.06616211 4778.75244141 4.70845079422
1477666165795 lifecam22 3346.55419922 4779.52783203 4.71288156509
1477666165861 lifecam22 3339.55419922 4779.52783203 4.71288108826
1477666165927 lifecam22 3332.55444336 4779.52783203 4.71288204193
1477666165995 lifecam22 3325.55444336 4779.52783203 4.71288204193
1477666166063 lifecam22 3320.640625 4780.67333984 4.72538566589
1477666166129 lifecam22 3316.31933594 4782.1015625 4.74006080627
1477666166197 lifecam22 3310.7590332 4782.68212891 4.74810600281
1477666166260 lifecam22 3305.30224609 4783.24462891 4.7568898201
1477666166326 lifecam22 3299.29638672 4783.08984375 4.76573848724
1477666166394 lifecam22 3293.06347656 4783.13232422 4.76708126068
1477666166461 lifecam22 3286.91162109 4783.43701172 4.7713637352
1477666166529 lifecam22 3281.50708008 4784.4140625 4.78155612946
1477666166595 lifecam22 3276.2253418 4784.88818359 4.78989362717
1477666166662 lifecam22 3271.14624023 4785.21289062 4.7971701622
1477666166728 lifecam22 3265.31225586 4785.49414062 4.80540513992
1477666166803 lifecam22 3259.4128418 4784.52636719 4.80722951889
1477666166862 lifecam22 3253.0690918 4784.83544922 4.8101978302
1477666166929 lifecam22 3248.58447266 4784.81005859 4.82212400436
1477666166995 lifecam22 3242.34692383 4785.74365234 4.83025074005
1477666167063 lifecam22 3237.05249023 4784.71728516 4.83193922043
1477666167196 lifecam22 3225.01318359 4784.65087891 4.84329175949
1477666167265 lifecam22 3218.74853516 4784.546875 4.84991931915
1477666167332 lifecam22 3212.50732422 4784.68115234 4.85556173325
1477666167397 lifecam22 3207.08569336 4784.12158203 4.86382961273
1477666167464 lifecam22 3202.14038086 4784.52636719 4.87528133392
1477666167530 lifecam22 3195.42944336 4783.04394531 4.87431764603
1477666167596 lifecam22 3189.33496094 4782.96923828 4.88378143311
1477666167662 lifecam22 3183.64746094 4782.57373047 4.89145946503
1477666167730 lifecam22 3178.26538086 4782.97412109 4.90058040619
1477666167797 lifecam22 3172.81591797 4782.93652344 4.90804862976
1477666167865 lifecam22 3167.31420898 4782.14599609 4.91115283966
1477666167930 lifecam22 3161.16430664 4781.62841797 4.91991996765
1477666168001 lifecam22 3155.84545898 4781.4453125 4.9276008606
1477666168066 lifecam22 3149.86206055 4780.18798828 4.930996418
1477666168132 lifecam22 3143.48242188 4779.00146484 4.9334359169
1477666168263 lifecam22 3131.54174805 4778.85205078 4.95387601852
1477666168330 lifecam22 3126.9831543 4779.23535156 4.96058082581
1477666168399 lifecam22 3120.67822266 4777.48925781 4.96678590775
1477666168463 lifecam22 3115.67089844 4776.71435547 4.97485923767
1477666168531 lifecam22 3109.19848633 4775.94140625 4.98162412643
1477666168602 lifecam22 3104.13208008 4774.11230469 4.98543262482
1477666168667 lifecam22 3098.20825195 4772.98046875 4.98878955841
1477666168730 lifecam22 3093.03442383 4771.96630859 4.9935541153
1477666168799 lifecam22 3087.32397461 4771.52392578 5.00734043121
1477666168867 lifecam22 3082.11767578 4770.49267578 5.00899028778
1477666168932 lifecam22 3076.49658203 4769.66210938 5.01930856705
1477666168998 lifecam22 3070.65332031 4768.34716797 5.02366447449
1477666169066 lifecam22 3064.93017578 4767.6484375 5.03087377548
1477666169132 lifecam22 3058.79516602 4766.05761719 5.03636026382
1477666169197 lifecam22 3053.07446289 4765.74560547 5.04407119751
1477666169274 lifecam22 3047.69482422 4762.84277344 5.04611349106
1477666169331 lifecam22 3042.48852539 4762.90478516 5.0590338707
1477666169398 lifecam22 3036.50830078 4760.01025391 5.05569982529
1477666169466 lifecam22 3030.66625977 4759.34326172 5.06824207306
1477666169534 lifecam22 3025.70043945 4758.57617188 5.0788602829
1477666169668 lifecam22 3014.02416992 4754.58935547 5.08632898331
1477666169736 lifecam22 3008.4753418 4753.43554688 5.09180498123
1477666169803 lifecam22 3002.75952148 4751.79101562 5.09684753418
1477666169867 lifecam22 2996.81469727 4750.62304688 5.10642576218
1477666169934 lifecam22 2991.69018555 4748.77246094 5.11062860489
1477666170001 lifecam22 2986.47167969 4747.83300781 5.11950492859
1477666170067 lifecam22 2980.4440918 4746.28125 5.12825202942
1477666170133 lifecam22 2975.63134766 4744.94726562 5.13342523575
1477666170201 lifecam22 2970.01831055 4742.29150391 5.1419043541
1477666170334 lifecam22 2959.15576172 4737.35351562 5.14967918396
1477666170403 lifecam22 2953.87280273 4737.75976562 5.16558361053
1477666170468 lifecam22 2948.05859375 4733.84619141 5.16247606277
1477666170534 lifecam22 2942.69140625 4732.8203125 5.17222642899
1477666170602 lifecam22 2937.22094727 4730.63818359 5.1746301651
1477666170733 lifecam22 2926.65234375 4728.03662109 5.19996500015
1477666170801 lifecam22 2921.35668945 4725.90478516 5.20682287216
1477666170869 lifecam22 2915.55566406 4723.85449219 5.21137189865
1477666170935 lifecam22 2909.93530273 4721.47021484 5.21539020538
1477666171003 lifecam22 2905.17431641 4719.58056641 5.2242307663
1477666171072 lifecam22 2900.06518555 4716.32324219 5.22448539734
1477666171136 lifecam22 2894.13818359 4714.16455078 5.23397159576
1477666171202 lifecam22 2888.90771484 4711.65917969 5.23700380325
1477666171270 lifecam22 2883.86206055 4709.95703125 5.24914503098
1477666171336 lifecam22 2878.0390625 4707.28271484 5.25660896301
1477666171402 lifecam22 2873.04760742 4704.16943359 5.25834178925
1477666171472 lifecam22 2868.62475586 4701.80517578 5.26516914368
1477666171535 lifecam22 2863.25317383 4698.76855469 5.26923942566
1477666171601 lifecam22 2856.94091797 4696.51855469 5.2765455246
1477666171670 lifecam22 2852.04589844 4694.11474609 5.28598022461
1477666171802 lifecam22 2841.65234375 4689.73193359 5.30070734024
1477666171870 lifecam22 2836.78637695 4686.33300781 5.30107355118
1477666171937 lifecam22 2831.37646484 4683.61230469 5.31433916092
1477666172004 lifecam22 2827.09277344 4680.78369141 5.31608438492
1477666172071 lifecam22 2821.5402832 4677.39648438 5.31850099564
1477666172139 lifecam22 2816.53588867 4675.28613281 5.3316283226
1477666172204 lifecam22 2812.14990234 4672.60351562 5.33655643463
1477666172270 lifecam22 2806.95166016 4669.97167969 5.34613847733
1477666172339 lifecam22 2802.29077148 4667.50390625 5.35121393204
1477666172406 lifecam22 2796.58618164 4663.07617188 5.35432195663
1477666172469 lifecam22 2791.66210938 4661.20996094 5.36171674728
1477666172537 lifecam22 2786.62304688 4658.00097656 5.36892652512
1477666172605 lifecam22 2781.70092773 4655.55371094 5.37601661682
1477666172671 lifecam22 2776.45678711 4652.06396484 5.38103103638
1477666172737 lifecam22 2771.80834961 4650.67480469 5.39591169357
1477666172805 lifecam22 2767.41894531 4648.20751953 5.40320587158
1477666172871 lifecam22 2761.69628906 4642.93701172 5.40166521072
1477666172937 lifecam22 2756.91845703 4640.98583984 5.41379356384
1477666173005 lifecam22 2752.23095703 4638.07519531 5.41939210892
1477666173073 lifecam22 2747.44750977 4635.91699219 5.43416595459
1477666173139 lifecam22 2742.02050781 4630.52050781 5.42864465714
1477666173206 lifecam22 2737.46118164 4626.60351562 5.43202829361
1477666173274 lifecam22 2733.03930664 4623.09277344 5.44008159637
1477666173339 lifecam22 2728.37817383 4619.27734375 5.44191503525
1477666173406 lifecam22 2723.30859375 4615.39648438 5.44678258896
1477666173541 lifecam22 2713.00366211 4610.86621094 5.47577524185
1477666173606 lifecam22 2709.53637695 4606.44873047 5.4732336998
1477666173674 lifecam22 2705.26611328 4602.67480469 5.47282648087
1477666173723 lifecam20 2647.76977539 4604.11621094 5.50133943558
1477666173740 lifecam22 2645.02441406 4601.98632812 5.50965452194
1477666173791 lifecam20 2644.09350586 4597.15625 5.48034572601
1477666173805 lifecam22 2642.28027344 4595.24365234 5.47944831848
1477666173856 lifecam20 2640.05224609 4594.20556641 5.49168205261
1477666173873 lifecam22 2638.04785156 4594.01855469 5.50575876236
1477666173926 lifecam20 2635.5612793 4592.02539062 5.50249958038
1477666173941 lifecam22 2633.18896484 4589.96875 5.50580692291
1477666173991 lifecam20 2631.41723633 4588.39355469 5.51429796219
1477666174006 lifecam22 2629.34277344 4585.32421875 5.50791072845
1477666174055 lifecam20 2626.27807617 4583.9921875 5.51390171051
1477666174073 lifecam22 2624.0390625 4582.02685547 5.51632022858
1477666174123 lifecam20 2622.51757812 4580.93896484 5.52250289917
1477666174141 lifecam22 2619.84814453 4580.49023438 5.53410387039
1477666174197 lifecam20 2617.80371094 4577.97900391 5.53563690186
1477666174209 lifecam22 2616.22485352 4575.38525391 5.53501224518
1477666174255 lifecam20 2613.19677734 4574.26660156 5.54266214371
1477666174272 lifecam22 2610.18652344 4573.1171875 5.55015850067
1477666174324 lifecam20 2608.31738281 4570.59912109 5.54912376404
1477666174342 lifecam22 2606.67138672 4568.58398438 5.55401420593
1477666174392 lifecam20 2604.10009766 4567.09375 5.55870008469
1477666174408 lifecam22 2601.45996094 4565.55126953 5.56436109543
1477666174460 lifecam20 2599.26416016 4563.81445312 5.56946229935
1477666174474 lifecam22 2597.39208984 4561.36914062 5.56773948669
1477666174594 lifecam20 2593.11181641 4556.671875 5.56980848312
1477666174608 lifecam22 2588.50097656 4553.01416016 5.5784277916
1477666174660 lifecam20 2586.30566406 4551.92480469 5.58566474915
1477666174674 lifecam22 2584.23583984 4550.49121094 5.59119844437
1477666174723 lifecam20 2582.12084961 4548.1171875 5.59210538864
1477666174743 lifecam22 2579.94628906 4546.12402344 5.59394931793
1477666174791 lifecam20 2577.43798828 4544.40136719 5.59838294983
1477666174811 lifecam22 2575.00512695 4542.07421875 5.60071992874
1477666174860 lifecam20 2573.14599609 4540.08007812 5.60322618484
1477666174877 lifecam22 2571.35400391 4538.26513672 5.60630989075
1477666174925 lifecam20 2569.34814453 4535.99609375 5.60718154907
1477666174942 lifecam22 2567.34667969 4533.45605469 5.60800170898
1477666174993 lifecam20 2565.07275391 4531.13525391 5.61247158051
1477666175008 lifecam22 2562.95117188 4528.83398438 5.61697912216
1477666175059 lifecam20 2561.03710938 4526.72363281 5.61876058578
1477666175075 lifecam22 2559.24853516 4525.02050781 5.62193727493
1477666175123 lifecam20 2556.69042969 4522.95703125 5.62668466568
1477666175141 lifecam22 2554.32910156 4520.8671875 5.62988567352
1477666175191 lifecam20 2552.51708984 4517.92871094 5.62940788269
1477666175209 lifecam22 2550.49731445 4515.23974609 5.63025760651
1477666175264 lifecam20 2548.43798828 4513.61425781 5.63387060165
1477666175275 lifecam22 2546.35595703 4512.14746094 5.6407995224
1477666175328 lifecam20 2544.39550781 4509.85351562 5.64415454865
1477666175341 lifecam22 2542.78808594 4508.87744141 5.65359115601
1477666175391 lifecam20 2540.66992188 4506.84667969 5.65742683411
1477666175408 lifecam22 2538.80908203 4507.33691406 5.67465591431
1477666175461 lifecam20 2537.02392578 4505.63867188 5.68133831024
1477666175476 lifecam22 2535.13232422 4503.35449219 5.68265342712
1477666175529 lifecam20 2533.36230469 4501.16503906 5.684653759
1477666175543 lifecam22 2531.37597656 4501.99316406 5.70163440704
1477666175660 lifecam20 2527.3359375 4497.6796875 5.70815992355
1477666175727 lifecam20 2465.21240234 4482.85009766 5.67907190323
1477666175791 lifecam20 2461.15820312 4477.50927734 5.68243551254
1477666175862 lifecam20 2457.98095703 4474.65820312 5.69178771973
1477666175877 lifecam22 2511.37402344 4472.66503906 5.67908716202
1477666175927 lifecam20 2509.29882812 4469.45117188 5.67919874191
1477666175997 lifecam20 2507.22802734 4468.39160156 5.68733263016
1477666176059 lifecam20 2446.06201172 4459.42626953 5.70837450027
1477666176127 lifecam20 2441.89013672 4457.07617188 5.72141218185
1477666176195 lifecam20 2437.55029297 4451.91113281 5.72783994675
1477666176258 lifecam20 2434.57202148 4447.29541016 5.73307323456
1477666176396 lifecam20 2427.10742188 4439.33935547 5.75406265259
1477666176460 lifecam20 2422.5234375 4434.71484375 5.76090955734
1477666176526 lifecam20 2419.45703125 4429.66748047 5.76343297958
1477666176596 lifecam20 2415.52905273 4425.35253906 5.77508449554
1477666176659 lifecam20 2412.02099609 4420.85742188 5.78069591522
1477666176729 lifecam20 2408.74951172 4416.29101562 5.78719472885
1477666176794 lifecam20 2406.22802734 4411.57958984 5.78841972351
1477666176862 lifecam20 2401.79101562 4405.96826172 5.79365253448
1477666176927 lifecam20 2398.70361328 4400.62158203 5.80118465424
1477666176995 lifecam20 2394.19799805 4395.56494141 5.80725336075
1477666177064 lifecam20 2391.64892578 4389.92480469 5.8079533577
1477666177129 lifecam20 2389.69140625 4384.60302734 5.80834150314
1477666177197 lifecam20 2385.70800781 4380.04150391 5.82017803192
1477666177263 lifecam20 2383.45800781 4375.32910156 5.8310546875
1477666177328 lifecam20 2379.49487305 4370.50097656 5.83807897568
1477666177462 lifecam20 2374.06396484 4359.50830078 5.8423371315
1477666177533 lifecam20 2370.2434082 4355.84716797 5.85458040237
1477666177595 lifecam20 2367.90820312 4351.21386719 5.86375570297
1477666177663 lifecam20 2363.97509766 4346.13427734 5.86879253387
1477666177732 lifecam20 2361.72509766 4340.97851562 5.87685585022
1477666177796 lifecam20 2358.66040039 4336.01318359 5.88410377502
1477666177862 lifecam20 2355.83691406 4331.19677734 5.88837957382
1477666177930 lifecam20 2352.03320312 4326.43115234 5.89848613739
1477666177994 lifecam20 2349.34008789 4321.14355469 5.90652561188
1477666178062 lifecam20 2346.4675293 4317.73095703 5.91704559326
1477666178132 lifecam20 2343.93286133 4311.25292969 5.92119312286
1477666178200 lifecam20 2340.88330078 4306.17626953 5.9269080162
1477666178263 lifecam20 2337.94726562 4301.06054688 5.93718957901
1477666178331 lifecam20 2335.92138672 4295.86914062 5.93938970566
1477666178399 lifecam20 2332.71166992 4290.79345703 5.94553947449
1477666178469 lifecam20 2331.55200195 4284.43994141 5.945291996
1477666178532 lifecam20 2327.79174805 4279.80859375 5.95762968063
1477666178600 lifecam20 2326.08178711 4274.56542969 5.96003055573
1477666178662 lifecam20 2322.44433594 4269.41015625 5.97014665604
1477666178731 lifecam20 2319.78686523 4264.25830078 5.97857427597
1477666178862 lifecam20 2315.08325195 4253.0078125 5.98855781555
1477666178930 lifecam20 2313.08349609 4248.02832031 5.99748897552
1477666178998 lifecam20 2311.26318359 4241.59277344 5.99744033813
1477666179066 lifecam20 2308.88916016 4235.91503906 6.00675439835
1477666179130 lifecam20 2307.81201172 4231.30712891 6.01180315018
1477666179199 lifecam20 2305.296875 4225.38378906 6.01800870895
1477666179266 lifecam20 2304.5703125 4219.86230469 6.01702737808
1477666179331 lifecam20 2302.49511719 4213.94335938 6.0213432312
1477666179399 lifecam20 2299.66455078 4209.10449219 6.03403949738
1477666179467 lifecam20 2298.24682617 4203.01367188 6.03647947311
1477666179531 lifecam20 2294.74731445 4199.06689453 6.05343389511
1477666179600 lifecam20 2292.87646484 4193.55419922 6.06121921539
1477666179669 lifecam20 2290.88378906 4187.50390625 6.06473112106
1477666179735 lifecam20 2288.46582031 4182.52880859 6.07461547852
1477666179800 lifecam20 2286.82202148 4176.63134766 6.08166599274
1477666179936 lifecam20 2283.49755859 4166.01123047 6.09301996231
1477666179998 lifecam20 2280.36230469 4161.22070312 6.10538053513
1477666180066 lifecam20 2279.18286133 4154.74755859 6.11200141907
1477666180134 lifecam20 2278.10717773 4148.87255859 6.11218118668
1477666180199 lifecam20 2277.03417969 4143.24658203 6.11555624008
1477666180266 lifecam20 2275.0847168 4138.140625 6.12482786179
1477666180334 lifecam20 2273.35986328 4132.67236328 6.13338136673
1477666180398 lifecam20 2271.69873047 4127.28369141 6.13963413239
1477666180466 lifecam20 2270.10742188 4121.34765625 6.14494609833
1477666180534 lifecam20 2267.47729492 4115.85693359 6.15429735184
1477666180603 lifecam20 2266.40185547 4109.80908203 6.15768575668
1477666180667 lifecam20 2265.19897461 4104.35546875 6.16407966614
1477666180735 lifecam20 2264.18432617 4098.47802734 6.17215776443
1477666180804 lifecam20 2263.50317383 4092.73828125 6.1720957756
1477666180866 lifecam20 2262.76806641 4086.64306641 6.17852067947
1477666180943 lifecam20 2261.64794922 4081.51660156 6.18716335297
1477666181002 lifecam20 2260.8425293 4075.89599609 6.19205331802
1477666181067 lifecam20 2260.08007812 4069.40136719 6.19716787338
1477666181136 lifecam20 2259.79345703 4064.11083984 6.20028400421
1477666181204 lifecam20 2258.63867188 4058.35791016 6.208943367
1477666181334 lifecam20 2257.36962891 4044.94262695 6.21096420288
1477666181402 lifecam20 2255.14086914 4040.69335938 6.22751235962
1477666181470 lifecam20 2257.56958008 4035.80395508 6.21499824524
1477666181533 lifecam20 2258.14355469 4036.89648438 6.20676279068
1477666181601 lifecam20 2258.1027832 4036.5144043 6.21323108673
1477666181670 lifecam20 2258.40893555 4036.72998047 6.2079334259
1477666181734 lifecam20 2258.01953125 4036.29833984 6.20873785019
1477666181802 lifecam20 2258.17822266 4036.40673828 6.20980739594
1477666181869 lifecam20 2258.25439453 4036.76000977 6.20938682556
1477666181935 lifecam20 2258.37011719 4036.47998047 6.20808887482
1477666182002 lifecam20 2258.02246094 4036.44335938 6.21005105972
