1477665935650 lifecam22 3359.65966797 4778.06347656 4.70477867126
1477665935710 lifecam22 3359.85253906 4778.39697266 4.70651960373
1477665935776 lifecam22 3359.65966797 4778.06347656 4.70477867126
1477665935842 lifecam22 3359.65966797 4778.06347656 4.70477867126
1477665935910 lifecam22 3359.65966797 4778.06347656 4.70477867126
1477665936041 lifecam22 3359.48754883 4777.75146484 4.70322656631
1477665936112 lifecam22 3359.48754883 4777.75146484 4.70322656631
1477665936179 lifecam22 3359.65966797 4778.06347656 4.70477867126
1477665936244 lifecam22 3359.65966797 4778.06347656 4.70477867126
1477665936306 lifecam22 3359.65966797 4778.06347656 4.70477867126
1477665936378 lifecam22 3359.65966797 4778.06347656 4.70477867126
1477665936445 lifecam22 3359.65966797 4778.06347656 4.70477867126
1477665936512 lifecam22 3359.48754883 4777.75146484 4.70322656631
1477665936579 lifecam22 3359.11206055 4777.50683594 4.70092248917
1477665936646 lifecam22 3356.64794922 4774.97509766 4.68362951279
1477665936717 lifecam22 3357.98364258 4776.8203125 4.69441890717
1477665936779 lifecam22 3359.48754883 4777.75146484 4.70322656631
1477665936845 lifecam22 3353.49487305 4772.53955078 4.66619777679
1477665936910 lifecam22 3358.57446289 4776.31591797 4.69502925873
1477665936978 lifecam22 3359.85253906 4778.39697266 4.70651960373
1477665937112 lifecam22 3339.55419922 4779.52783203 4.71288108826
1477665937179 lifecam22 3339.56347656 4779.67626953 4.71429300308
1477665937246 lifecam22 3332.61108398 4782.60449219 4.7417345047
1477665937311 lifecam22 3326.28271484 4780.70800781 4.72690248489
1477665937449 lifecam22 3313.6484375 4780.01611328 4.73331737518
1477665937513 lifecam22 3308.14624023 4780.86523438 4.74319934845
1477665937577 lifecam22 3304.15307617 4782.0 4.75916528702
1477665937646 lifecam22 3298.01757812 4782.49121094 4.76474428177
1477665937714 lifecam22 3291.54125977 4782.33300781 4.76685285568
1477665937778 lifecam22 3285.76269531 4782.78955078 4.77051305771
1477665937850 lifecam22 3279.00415039 4782.54296875 4.77325439453
1477665937915 lifecam22 3274.01464844 4783.51367188 4.78133678436
1477665937981 lifecam22 3267.80395508 4783.24609375 4.79288578033
1477665938048 lifecam22 3262.14428711 4783.41699219 4.80167913437
1477665938124 lifecam22 3256.97436523 4783.77490234 4.80988836288
1477665938180 lifecam22 3250.89892578 4783.11376953 4.81378507614
1477665938246 lifecam22 3244.40649414 4782.81933594 4.81721782684
1477665938315 lifecam22 3238.5168457 4782.13720703 4.82314634323
1477665938382 lifecam22 3233.06933594 4783.24707031 4.83342218399
1477665938450 lifecam22 3228.04223633 4783.66259766 4.84291410446
1477665938512 lifecam22 3222.36962891 4783.64453125 4.85032939911
1477665938581 lifecam22 3215.45068359 4782.55664062 4.85088348389
1477665938647 lifecam22 3210.15185547 4782.89941406 4.86266756058
1477665938716 lifecam22 3204.51025391 4782.37939453 4.8664431572
1477665938784 lifecam22 3198.67626953 4782.21435547 4.87153244019
1477665938849 lifecam22 3193.2109375 4783.51123047 4.88385725021
1477665938915 lifecam22 3187.37988281 4782.56689453 4.89186763763
1477665938983 lifecam22 3181.90844727 4783.02978516 4.89884519577
1477665939050 lifecam22 3176.16650391 4781.75244141 4.90462827682
1477665939113 lifecam22 3170.30444336 4781.36523438 4.90984201431
1477665939182 lifecam22 3164.35961914 4781.51464844 4.92240858078
1477665939248 lifecam22 3159.72460938 4779.72119141 4.9237704277
1477665939316 lifecam22 3153.29296875 4779.62841797 4.9309258461
1477665939381 lifecam22 3148.15283203 4778.56103516 4.93357086182
1477665939450 lifecam22 3142.04418945 4778.20898438 4.94330120087
1477665939520 lifecam22 3136.76879883 4778.45605469 4.9503030777
1477665939581 lifecam22 3130.75366211 4777.81054688 4.96011734009
1477665939651 lifecam22 3124.81347656 4776.51953125 4.9628739357
1477665939717 lifecam22 3119.21875 4775.640625 4.96957015991
1477665939780 lifecam22 3112.3984375 4773.62939453 4.96956777573
1477665939917 lifecam22 3101.56616211 4771.93115234 4.9868979454
1477665939984 lifecam22 3095.83154297 4771.79785156 4.99567222595
1477665940049 lifecam22 3089.77124023 4769.25878906 4.99556827545
1477665940117 lifecam22 3083.94360352 4768.33251953 5.00526380539
1477665940183 lifecam22 3078.66894531 4767.57568359 5.01438856125
1477665940252 lifecam22 3072.75219727 4765.96386719 5.01784944534
1477665940316 lifecam22 3068.06347656 4765.86328125 5.02788352966
1477665940384 lifecam22 3062.36132812 4764.43164062 5.03183794022
1477665940448 lifecam22 3056.0925293 4762.51269531 5.03476428986
1477665940517 lifecam22 3050.77416992 4762.24707031 5.04681444168
1477665940584 lifecam22 3045.19458008 4760.74169922 5.05506706238
1477665940651 lifecam22 3039.02636719 4759.81542969 5.06106710434
1477665940718 lifecam22 3033.75878906 4758.62548828 5.06823825836
1477665940785 lifecam22 3028.91357422 4757.06347656 5.07182788849
1477665940851 lifecam22 3023.01708984 4754.53027344 5.0775384903
1477665940921 lifecam22 3017.92724609 4754.62060547 5.0854549408
1477665940986 lifecam22 3012.20898438 4751.68310547 5.08998584747
1477665941053 lifecam22 3006.89916992 4751.83154297 5.10266065598
1477665941115 lifecam22 3001.73168945 4748.51953125 5.10351371765
1477665941183 lifecam22 2995.56201172 4747.59179688 5.11127376556
1477665941258 lifecam22 2990.60498047 4745.52294922 5.11523199081
1477665941317 lifecam22 2984.97143555 4743.95898438 5.12294435501
1477665941385 lifecam22 2979.34130859 4743.43115234 5.1341586113
1477665941452 lifecam22 2973.8972168 4740.94287109 5.1357460022
1477665941520 lifecam22 2968.046875 4739.22998047 5.14309740067
1477665941654 lifecam22 2957.11035156 4735.38378906 5.15714550018
1477665941712 lifecam22 2951.87353516 4733.24121094 5.16407012939
1477665941784 lifecam22 2946.08789062 4731.875 5.17311620712
1477665941855 lifecam22 2940.83300781 4729.22167969 5.17568397522
1477665941920 lifecam22 2934.95166016 4728.69628906 5.18809175491
1477665941984 lifecam22 2928.9074707 4725.24853516 5.18644952774
1477665942053 lifecam22 2924.49707031 4723.59179688 5.19710540771
1477665942120 lifecam22 2919.32299805 4721.39550781 5.20324897766
1477665942187 lifecam22 2913.99853516 4718.17578125 5.20781230927
1477665942254 lifecam22 2907.6652832 4717.36865234 5.21900367737
1477665942318 lifecam22 2902.6237793 4713.91455078 5.22272872925
1477665942388 lifecam22 2897.29370117 4713.45800781 5.23481035233
1477665942453 lifecam22 2891.70727539 4709.79443359 5.23624992371
1477665942521 lifecam22 2886.64990234 4707.25732422 5.24058055878
1477665942587 lifecam22 2881.26855469 4704.62109375 5.24922037125
1477665942719 lifecam22 2871.27807617 4701.18554688 5.26638174057
1477665942855 lifecam22 2861.93823242 4695.80712891 5.27633237839
1477665942920 lifecam22 2856.12695312 4691.89160156 5.27546691895
1477665942989 lifecam22 2851.37451172 4690.31298828 5.28762054443
1477665943055 lifecam22 2845.70288086 4686.65869141 5.29361963272
1477665943116 lifecam22 2841.29785156 4685.07324219 5.3008055687
1477665943190 lifecam22 2836.05273438 4681.79101562 5.30430555344
1477665943256 lifecam22 2830.63476562 4680.69873047 5.31889200211
1477665943321 lifecam22 2824.94262695 4676.703125 5.32218980789
1477665943389 lifecam22 2820.58862305 4675.89257812 5.33753728867
1477665943457 lifecam22 2815.20410156 4672.0078125 5.33579778671
1477665943523 lifecam22 2809.60424805 4669.53857422 5.34765815735
1477665943588 lifecam22 2804.75341797 4667.50048828 5.35639190674
1477665943656 lifecam22 2800.09155273 4664.49462891 5.36072635651
1477665943725 lifecam22 2794.6652832 4660.78369141 5.364112854
1477665943787 lifecam22 2790.1940918 4657.42529297 5.36901378632
1477665943856 lifecam22 2784.54785156 4653.27050781 5.37200164795
1477665943924 lifecam22 2780.62109375 4650.69580078 5.38051891327
1477665943988 lifecam22 2775.42749023 4647.63427734 5.38893413544
1477665944127 lifecam22 2765.06347656 4640.21826172 5.39486932755
1477665944187 lifecam22 2759.95825195 4637.8359375 5.4058380127
1477665944255 lifecam22 2755.77050781 4635.04394531 5.41432762146
1477665944326 lifecam22 2751.35595703 4631.99902344 5.4163403511
1477665944394 lifecam22 2746.50854492 4628.65087891 5.4307012558
1477665944457 lifecam22 2741.03149414 4624.54345703 5.43128347397
1477665944526 lifecam22 2737.51123047 4620.47460938 5.43270349503
1477665944592 lifecam22 2732.41772461 4618.85351562 5.44763612747
1477665944654 lifecam22 2727.4543457 4615.47167969 5.45418930054
1477665944723 lifecam22 2723.45898438 4612.20019531 5.46473312378
1477665944793 lifecam22 2718.16503906 4606.98828125 5.45744609833
1477665944855 lifecam22 2713.55151367 4603.58837891 5.46944475174
1477665944902 lifecam20 2656.21801758 4608.38476562 5.51112699509
1477665944923 lifecam22 2654.05322266 4606.94189453 5.51455497742
1477665944970 lifecam20 2652.33422852 4604.07128906 5.50899744034
1477665944992 lifecam22 2650.45532227 4601.95507812 5.50871133804
1477665945038 lifecam20 2648.90087891 4596.58837891 5.4812374115
1477665945059 lifecam22 2645.84375 4594.74414062 5.48813390732
1477665945102 lifecam20 2643.46679688 4592.72558594 5.48917484283
1477665945125 lifecam22 2641.77246094 4591.25878906 5.49444627762
1477665945169 lifecam20 2639.20068359 4590.33007812 5.50428533554
1477665945192 lifecam22 2636.35302734 4590.6640625 5.51813411713
1477665945236 lifecam20 2634.27929688 4589.27148438 5.52232551575
1477665945260 lifecam22 2632.06054688 4588.26513672 5.53016519547
1477665945300 lifecam20 2629.48583984 4586.23144531 5.53155899048
1477665945323 lifecam22 2627.48730469 4583.86962891 5.53069067001
1477665945368 lifecam20 2624.93945312 4581.875 5.5326333046
1477665945392 lifecam22 2622.15136719 4579.71337891 5.53613901138
1477665945444 lifecam20 2620.01708984 4577.91357422 5.54001140594
1477665945458 lifecam22 2617.94604492 4575.57666016 5.53861618042
1477665945500 lifecam20 2615.86523438 4574.17919922 5.54622983932
1477665945522 lifecam22 2613.91845703 4572.56445312 5.549721241
1477665945569 lifecam20 2612.04907227 4570.83398438 5.55283403397
1477665945593 lifecam22 2609.58789062 4568.89453125 5.55603218079
1477665945638 lifecam20 2607.10766602 4566.01171875 5.55578041077
1477665945651 lifecam22 2604.76147461 4563.8515625 5.55933904648
1477665945704 lifecam20 2602.58935547 4562.44384766 5.56413650513
1477665945726 lifecam22 2600.85888672 4559.65234375 5.56272697449
1477665945838 lifecam20 2596.16650391 4554.484375 5.56327199936
1477665945860 lifecam22 2592.00634766 4550.89648438 5.57318162918
1477665945905 lifecam20 2589.73974609 4549.453125 5.57875442505
1477665945927 lifecam22 2587.1484375 4547.75195312 5.58400249481
1477665945968 lifecam20 2585.32763672 4546.44189453 5.59304857254
1477665945992 lifecam22 2582.97021484 4543.63769531 5.59130144119
1477665946038 lifecam20 2580.80761719 4540.51611328 5.58783197403
1477665946059 lifecam22 2579.36474609 4538.91064453 5.59227514267
1477665946106 lifecam20 2577.29980469 4537.52148438 5.60012531281
1477665946127 lifecam22 2575.10546875 4534.96484375 5.6026673317
1477665946170 lifecam20 2573.29760742 4532.70605469 5.60191202164
1477665946191 lifecam22 2571.2265625 4531.29394531 5.60950088501
1477665946237 lifecam20 2569.15234375 4529.11816406 5.61351490021
1477665946262 lifecam22 2567.47167969 4526.62890625 5.61280822754
1477665946304 lifecam20 2565.27539062 4524.55273438 5.61540794373
1477665946328 lifecam22 2563.07470703 4522.47314453 5.6210641861
1477665946368 lifecam20 2561.59667969 4520.22167969 5.62358474731
1477665946391 lifecam22 2559.7109375 4518.13769531 5.62401008606
1477665946436 lifecam20 2557.13574219 4516.4140625 5.63198947906
1477665946459 lifecam22 2555.58569336 4514.29492188 5.63448381424
1477665946506 lifecam20 2554.17285156 4511.47607422 5.63073253632
1477665946527 lifecam22 2551.81469727 4510.95507812 5.64221334457
1477665946572 lifecam20 2549.53491211 4509.51757812 5.64936494827
1477665946594 lifecam22 2547.85766602 4508.57568359 5.66072511673
1477665946636 lifecam20 2545.4387207 4506.36035156 5.66267728806
1477665946704 lifecam20 2543.65307617 4504.26855469 5.6685590744
1477665946727 lifecam22 2539.3515625 4503.29882812 5.69068622589
1477665946772 lifecam20 2537.19140625 4501.47607422 5.69396686554
1477665946904 lifecam20 2472.53198242 4487.26611328 5.68009710312
1477665946972 lifecam20 2468.22680664 4482.40869141 5.68713617325
1477665947037 lifecam20 2464.71582031 4477.43896484 5.68965244293
1477665947106 lifecam20 2460.11645508 4473.87890625 5.70225906372
1477665947172 lifecam20 2456.76367188 4468.71337891 5.70261001587
1477665947240 lifecam20 2452.59814453 4465.25488281 5.71394968033
1477665947304 lifecam20 2448.45849609 4460.16699219 5.71600580215
1477665947374 lifecam20 2444.89355469 4455.90771484 5.72621011734
1477665947442 lifecam20 2441.99438477 4450.92041016 5.72598695755
1477665947506 lifecam20 2437.94555664 4447.32519531 5.73933601379
1477665947641 lifecam20 2429.5793457 4438.73925781 5.75714015961
1477665947705 lifecam20 2426.22509766 4432.35888672 5.75490236282
1477665947772 lifecam20 2423.14941406 4428.29785156 5.76468801498
1477665947842 lifecam20 2420.21362305 4422.24023438 5.76319599152
1477665947904 lifecam20 2417.60644531 4415.91455078 5.7629275322
1477665947971 lifecam20 2413.109375 4411.37744141 5.77456188202
1477665948041 lifecam20 2410.75073242 4407.3046875 5.78228902817
1477665948110 lifecam20 2407.37158203 4402.19970703 5.78366994858
1477665948174 lifecam20 2404.25854492 4397.83691406 5.79195928574
1477665948242 lifecam20 2400.72851562 4392.19921875 5.79839611053
1477665948310 lifecam20 2396.46118164 4389.15820312 5.81489229202
1477665948371 lifecam20 2393.82348633 4384.87695312 5.82322025299
1477665948441 lifecam20 2390.44750977 4378.99804688 5.82355880737
1477665948509 lifecam20 2387.09838867 4374.66845703 5.83216094971
1477665948572 lifecam20 2383.78369141 4369.55761719 5.83934926987
1477665948640 lifecam20 2380.76635742 4365.04101562 5.84916973114
1477665948708 lifecam20 2378.41870117 4359.97509766 5.85009527206
1477665948776 lifecam20 2375.37988281 4354.30664062 5.85804843903
1477665948839 lifecam20 2371.71923828 4349.41357422 5.86443805695
1477665948908 lifecam20 2368.55273438 4344.53515625 5.87519025803
1477665948979 lifecam20 2365.67382812 4340.31005859 5.88251924515
1477665949040 lifecam20 2362.3737793 4334.68994141 5.88436841965
1477665949109 lifecam20 2359.90380859 4329.44677734 5.89193201065
1477665949177 lifecam20 2356.31787109 4324.59814453 5.90140295029
1477665949240 lifecam20 2353.79663086 4319.45996094 5.90382385254
1477665949376 lifecam20 2347.15991211 4309.65380859 5.91955137253
1477665949440 lifecam20 2344.35302734 4304.72412109 5.92952442169
1477665949508 lifecam20 2341.83813477 4298.71728516 5.9338722229
1477665949577 lifecam20 2339.95166016 4293.24804688 5.93352556229
1477665949644 lifecam20 2337.90283203 4287.80712891 5.94002962112
1477665949707 lifecam20 2335.08911133 4282.94433594 5.9505033493
1477665949775 lifecam20 2333.63525391 4276.37792969 5.94793081284
1477665949843 lifecam20 2331.02954102 4271.39892578 5.95800209045
1477665949907 lifecam20 2329.38183594 4265.96777344 5.9609541893
1477665949975 lifecam20 2327.15161133 4260.52636719 5.96473503113
1477665950043 lifecam20 2324.23022461 4255.79882812 5.97584104538
1477665950108 lifecam20 2322.52075195 4249.16845703 5.97686481476
1477665950176 lifecam20 2318.90234375 4245.17041016 5.99118900299
1477665950244 lifecam20 2316.91015625 4239.8125 6.00045013428
1477665950311 lifecam20 2314.11083984 4234.49121094 6.00616693497
1477665950376 lifecam20 2312.71069336 4228.15039062 6.00910139084
1477665950443 lifecam20 2310.61547852 4222.66894531 6.01533651352
1477665950511 lifecam20 2307.35742188 4218.52978516 6.02798223495
1477665950575 lifecam20 2305.92504883 4213.35205078 6.03738498688
1477665950643 lifecam20 2302.56762695 4208.76318359 6.04663276672
1477665950714 lifecam20 2301.0625 4202.48925781 6.05114173889
1477665950775 lifecam20 2298.57543945 4197.20996094 6.05707359314
1477665950845 lifecam20 2297.59594727 4191.19726562 6.06139945984
1477665950913 lifecam20 2294.56469727 4187.45068359 6.07485246658
1477665950980 lifecam20 2293.16503906 4181.18798828 6.08057451248
1477665951113 lifecam20 2289.19238281 4169.13671875 6.09064340591
1477665951180 lifecam20 2287.12744141 4163.76757812 6.09386396408
1477665951244 lifecam20 2285.17675781 4158.36425781 6.10069227219
1477665951312 lifecam20 2284.30249023 4152.56835938 6.10562467575
1477665951380 lifecam20 2282.265625 4147.20849609 6.11612558365
1477665951443 lifecam20 2280.99243164 4141.97509766 6.11931419373
1477665951511 lifecam20 2279.6887207 4135.69824219 6.12371826172
1477665951579 lifecam20 2278.32470703 4130.39599609 6.12984800339
1477665951643 lifecam20 2277.65991211 4124.11669922 6.13066387177
1477665951711 lifecam20 2275.50854492 4118.91601562 6.14421272278
1477665951779 lifecam20 2275.90185547 4112.16845703 6.13957023621
1477665951847 lifecam20 2273.73461914 4106.77099609 6.1506857872
1477665951912 lifecam20 2273.23583984 4100.88476562 6.15549468994
1477665951975 lifecam20 2271.37719727 4095.02807617 6.16378164291
1477665952047 lifecam20 2269.63720703 4090.12939453 6.17604923248
1477665952112 lifecam20 2268.79736328 4084.16064453 6.17719364166
1477665952180 lifecam20 2267.3125 4078.66015625 6.18773460388
1477665952248 lifecam20 2265.98413086 4072.94946289 6.19534778595
1477665952311 lifecam20 2264.93334961 4067.33764648 6.20677518845
1477665952379 lifecam20 2263.07788086 4062.11816406 6.21011543274
1477665952448 lifecam20 2261.22436523 4057.01293945 6.22110319138
