1477666319843 lifecam22 3357.49511719 4778.65869141 4.69331741333
1477666319907 lifecam22 3358.90869141 4779.69433594 4.69802570343
1477666319972 lifecam22 3358.93115234 4779.85644531 4.69822740555
1477666320042 lifecam22 3358.93115234 4779.85644531 4.69822740555
1477666320108 lifecam22 3358.90869141 4779.69433594 4.69802570343
1477666320179 lifecam22 3359.13964844 4779.64404297 4.70010089874
1477666320239 lifecam22 3358.90869141 4779.69433594 4.69802570343
1477666320307 lifecam22 3358.90869141 4779.69433594 4.69802570343
1477666320440 lifecam22 3359.03491211 4779.67919922 4.69915866852
1477666320571 lifecam22 3359.03491211 4779.67919922 4.69915866852
1477666320639 lifecam22 3358.90869141 4779.69433594 4.69802570343
1477666320708 lifecam22 3358.90869141 4779.69433594 4.69802570343
1477666320777 lifecam22 3359.01245117 4779.51708984 4.6989569664
1477666320841 lifecam22 3359.34741211 4779.15087891 4.70196771622
1477666320911 lifecam22 3359.34741211 4779.15087891 4.70196771622
1477666320979 lifecam22 3357.58666992 4778.19140625 4.69155931473
1477666321040 lifecam22 3357.67504883 4779.07763672 4.68815994263
1477666321109 lifecam22 3358.90722656 4779.55322266 4.69801330566
1477666321176 lifecam22 3359.66479492 4779.18847656 4.70482683182
1477666321242 lifecam22 3359.22290039 4779.44628906 4.70084524155
1477666321307 lifecam22 3352.78344727 4777.25537109 4.68067598343
1477666321378 lifecam22 3344.76220703 4778.63134766 4.70190763474
1477666321443 lifecam22 3339.55419922 4779.52783203 4.71288108826
1477666321508 lifecam22 3332.41430664 4779.52783203 4.71288251877
1477666321578 lifecam22 3325.55444336 4779.52783203 4.71288204193
1477666321645 lifecam22 3318.77832031 4779.72949219 4.71480035782
1477666321706 lifecam22 3313.3659668 4780.58251953 4.7228679657
1477666321775 lifecam22 3309.71411133 4782.27929688 4.73872613907
1477666321843 lifecam22 3303.99951172 4782.70068359 4.74262571335
1477666321978 lifecam22 3291.93530273 4783.47021484 4.74596595764
1477666322039 lifecam22 3285.38647461 4783.37548828 4.74779510498
1477666322109 lifecam22 3278.94580078 4783.41552734 4.75011110306
1477666322175 lifecam22 3273.57763672 4784.70703125 4.76260280609
1477666322245 lifecam22 3268.17822266 4785.74462891 4.77529382706
1477666322313 lifecam22 3263.18554688 4786.80957031 4.78811788559
1477666322375 lifecam22 3257.30712891 4786.88476562 4.79444694519
1477666322444 lifecam22 3250.64941406 4785.47509766 4.791431427
1477666322512 lifecam22 3244.80004883 4785.86621094 4.79611492157
1477666322575 lifecam22 3238.55126953 4785.48291016 4.80257225037
1477666322644 lifecam22 3233.18139648 4785.13378906 4.81064510345
1477666322714 lifecam22 3229.16625977 4786.45849609 4.82310342789
1477666322778 lifecam22 3222.65649414 4785.20703125 4.82378530502
1477666322842 lifecam22 3216.83642578 4786.13916016 4.83004617691
1477666322912 lifecam22 3210.31762695 4784.61572266 4.83106803894
1477666322988 lifecam22 3204.37402344 4785.30371094 4.84082221985
1477666323043 lifecam22 3199.12207031 4785.26953125 4.84836053848
1477666323112 lifecam22 3194.23706055 4786.07080078 4.86080980301
1477666323182 lifecam22 3187.33081055 4785.18701172 4.86303424835
1477666323243 lifecam22 3182.06201172 4784.51855469 4.86739397049
1477666323382 lifecam22 3171.17236328 4784.32714844 4.88219499588
1477666323445 lifecam22 3164.95117188 4784.86425781 4.89486885071
1477666323513 lifecam22 3159.52856445 4784.34667969 4.9031291008
1477666323580 lifecam22 3153.79858398 4784.79589844 4.91261529922
1477666323645 lifecam22 3147.87304688 4784.12792969 4.91737031937
1477666323711 lifecam22 3142.33691406 4784.41357422 4.92640972137
1477666323781 lifecam22 3136.14038086 4783.25097656 4.9295759201
1477666323849 lifecam22 3130.30566406 4782.51660156 4.93349695206
1477666323911 lifecam22 3124.36157227 4782.38916016 4.94237804413
1477666323982 lifecam22 3118.50048828 4781.66308594 4.94767141342
1477666324055 lifecam22 3112.43481445 4780.92919922 4.9528503418
1477666324114 lifecam22 3107.26586914 4780.41503906 4.96139478683
1477666324182 lifecam22 3101.90673828 4779.66162109 4.96837711334
1477666324250 lifecam22 3095.64550781 4778.35302734 4.9716758728
1477666324313 lifecam22 3089.12329102 4776.72949219 4.97548437119
1477666324446 lifecam22 3078.08227539 4774.32568359 4.98826360703
1477666324517 lifecam22 3073.49536133 4772.97412109 4.99748039246
1477666324578 lifecam22 3067.50927734 4772.06054688 5.00016927719
1477666324649 lifecam22 3061.26733398 4769.41064453 4.99950361252
1477666324718 lifecam22 3055.10400391 4768.51855469 5.00381708145
1477666324779 lifecam22 3050.38574219 4768.32519531 5.01885175705
1477666324848 lifecam22 3044.22094727 4766.53466797 5.02200746536
1477666324916 lifecam22 3038.60253906 4765.56982422 5.02862644196
1477666324980 lifecam22 3033.64013672 4764.49609375 5.03873443604
1477666325047 lifecam22 3027.78955078 4764.11328125 5.04348134995
1477666325115 lifecam22 3023.28100586 4762.09375 5.0517783165
1477666325185 lifecam22 3017.23144531 4761.47119141 5.05886030197
1477666325246 lifecam22 3011.18359375 4760.87255859 5.07059955597
1477666325316 lifecam22 3006.45019531 4760.03710938 5.0810713768
1477666325384 lifecam22 3000.21972656 4759.30615234 5.0899553299
1477666325514 lifecam22 2989.37060547 4754.9453125 5.09351968765
1477666325584 lifecam22 2983.55688477 4753.15820312 5.09992313385
1477666325647 lifecam22 2977.90844727 4752.125 5.10626220703
1477666325714 lifecam22 2971.53979492 4749.86181641 5.11278057098
1477666325778 lifecam22 2966.82373047 4749.65527344 5.12141227722
1477666325851 lifecam22 2960.77026367 4748.70654297 5.1335978508
1477666325914 lifecam22 2955.61181641 4746.70947266 5.13697814941
1477666325985 lifecam22 2949.71118164 4744.54638672 5.14522027969
1477666326051 lifecam22 2944.78173828 4742.9140625 5.15140342712
1477666326116 lifecam22 2938.95239258 4741.16357422 5.15935993195
1477666326183 lifecam22 2934.0703125 4738.68164062 5.16222667694
1477666326250 lifecam22 2928.46826172 4735.859375 5.16607618332
1477666326315 lifecam22 2923.23632812 4733.39892578 5.16794967651
1477666326385 lifecam22 2917.46679688 4731.38232422 5.17580842972
1477666326454 lifecam22 2911.34643555 4728.17724609 5.17425966263
1477666326519 lifecam22 2906.67260742 4726.81445312 5.18816709518
1477666326581 lifecam22 2901.18017578 4723.72265625 5.18856334686
1477666326650 lifecam22 2894.9519043 4721.16113281 5.19682264328
1477666326718 lifecam22 2890.77001953 4721.11474609 5.2105588913
1477666326784 lifecam22 2885.21655273 4718.55078125 5.21549034119
1477666326919 lifecam22 2874.16894531 4714.04833984 5.23069143295
1477666326982 lifecam22 2869.08349609 4713.00048828 5.24113035202
1477666327052 lifecam22 2863.76904297 4710.19580078 5.2504734993
1477666327120 lifecam22 2858.23950195 4708.7421875 5.25869512558
1477666327186 lifecam22 2853.39331055 4705.80859375 5.26136016846
1477666327250 lifecam22 2848.984375 4703.99511719 5.26852750778
1477666327320 lifecam22 2842.22631836 4700.05175781 5.27142858505
1477666327385 lifecam22 2838.35058594 4698.36962891 5.28342199326
1477666327449 lifecam22 2831.75024414 4695.76513672 5.28841924667
1477666327519 lifecam22 2826.41967773 4692.91601562 5.29269981384
1477666327587 lifecam22 2821.66455078 4691.30175781 5.29962396622
1477666327650 lifecam22 2816.86474609 4687.62451172 5.3029961586
1477666327721 lifecam22 2811.78759766 4686.64404297 5.31592655182
1477666327787 lifecam22 2806.27587891 4683.33203125 5.31954097748
1477666327853 lifecam22 2801.0168457 4680.32910156 5.32694387436
1477666327926 lifecam22 2796.95776367 4677.62304688 5.33043193817
1477666327987 lifecam22 2791.64306641 4675.42041016 5.34167194366
1477666328052 lifecam22 2786.45703125 4671.12841797 5.34082555771
1477666328117 lifecam22 2781.42431641 4668.54394531 5.34786367416
1477666328186 lifecam22 2776.45947266 4664.39355469 5.34823226929
1477666328318 lifecam22 2766.17114258 4658.95361328 5.3652472496
1477666328388 lifecam22 2761.64428711 4655.6328125 5.37187147141
1477666328456 lifecam22 2756.47167969 4652.40771484 5.3787612915
1477666328518 lifecam22 2752.00512695 4649.22265625 5.38452291489
1477666328588 lifecam22 2746.69775391 4646.44433594 5.3951883316
1477666328655 lifecam22 2742.7175293 4643.75732422 5.39977836609
1477666328720 lifecam22 2737.17749023 4639.99169922 5.40897893906
1477666328785 lifecam22 2731.81884766 4635.99072266 5.41082334518
1477666328854 lifecam22 2727.69262695 4633.63964844 5.41867828369
1477666328922 lifecam22 2722.70141602 4631.55957031 5.43168210983
1477666328984 lifecam22 2717.8269043 4626.49902344 5.42918109894
1477666329055 lifecam22 2713.06079102 4624.58398438 5.43943834305
1477666329123 lifecam22 2708.73901367 4620.22509766 5.43896341324
1477666329254 lifecam22 2698.19360352 4616.05712891 5.46905660629
1477666329387 lifecam22 2688.52832031 4607.65673828 5.47798347473
1477666329453 lifecam22 2685.26196289 4604.96826172 5.48112154007
1477666329499 lifecam20 2627.35009766 4607.66992188 5.51232814789
1477666329521 lifecam22 2624.82519531 4606.36816406 5.52325487137
1477666329587 lifecam22 2622.46875 4603.62060547 5.52201890945
1477666329630 lifecam20 2618.578125 4597.30908203 5.50422859192
1477666329652 lifecam22 2616.44238281 4595.22998047 5.50469398499
1477666329698 lifecam20 2614.76782227 4593.98632812 5.50796461105
1477666329722 lifecam22 2612.93969727 4593.36035156 5.51836824417
1477666329766 lifecam20 2610.38476562 4589.77832031 5.51105594635
1477666329791 lifecam22 2608.22753906 4587.80078125 5.5120139122
1477666329830 lifecam20 2606.33764648 4587.33398438 5.52077913284
1477666329854 lifecam22 2603.75732422 4585.83007812 5.52458810806
1477666329900 lifecam20 2601.25585938 4582.9609375 5.52473497391
1477666329924 lifecam22 2599.13037109 4580.16650391 5.52463817596
1477666329968 lifecam20 2596.88989258 4579.14160156 5.53078317642
1477666329993 lifecam22 2594.40039062 4577.54101562 5.53310537338
1477666330034 lifecam20 2592.13769531 4575.65527344 5.54027414322
1477666330055 lifecam22 2590.06835938 4574.12939453 5.54529333115
1477666330098 lifecam20 2588.0078125 4572.35498047 5.54832935333
1477666330122 lifecam22 2585.515625 4569.81689453 5.55062866211
1477666330166 lifecam20 2583.42700195 4567.57128906 5.55250024796
1477666330190 lifecam22 2581.25463867 4565.63330078 5.5571436882
1477666330234 lifecam20 2578.71679688 4563.12744141 5.55844163895
1477666330256 lifecam22 2576.81982422 4561.53515625 5.56346797943
1477666330298 lifecam20 2574.79785156 4559.41894531 5.56526565552
1477666330320 lifecam22 2572.69921875 4557.11816406 5.56585502625
1477666330370 lifecam20 2570.76513672 4555.62011719 5.57268428802
1477666330387 lifecam22 2568.35888672 4553.37939453 5.57496929169
1477666330434 lifecam20 2566.17700195 4550.9296875 5.57538509369
1477666330458 lifecam22 2564.20019531 4549.19335938 5.58092260361
1477666330498 lifecam20 2561.58056641 4547.02197266 5.58302640915
1477666330523 lifecam22 2559.33422852 4545.55664062 5.58868694305
1477666330566 lifecam20 2557.51660156 4544.36914062 5.5971121788
1477666330588 lifecam22 2555.47216797 4541.74414062 5.59763813019
1477666330635 lifecam20 2553.15429688 4539.43701172 5.59702301025
1477666330661 lifecam22 2551.10302734 4537.66992188 5.60147285461
1477666330768 lifecam20 2546.91210938 4533.38378906 5.60841369629
1477666330790 lifecam22 2543.17919922 4529.20800781 5.61335515976
1477666330836 lifecam20 2541.21679688 4527.18652344 5.61620187759
1477666330857 lifecam22 2539.0 4525.7421875 5.62297773361
1477666330904 lifecam20 2537.10009766 4524.22167969 5.62894821167
1477666330922 lifecam22 2534.81884766 4522.00537109 5.63156080246
1477666330966 lifecam20 2532.25 4518.984375 5.63084888458
1477666330990 lifecam22 2530.04394531 4516.54785156 5.63161802292
1477666331035 lifecam20 2528.0390625 4515.09277344 5.63663005829
1477666331056 lifecam22 2525.79443359 4513.27929688 5.64257478714
1477666331102 lifecam20 2523.66748047 4510.87207031 5.64593935013
1477666331125 lifecam22 2521.71533203 4508.85351562 5.64921379089
1477666331167 lifecam20 2519.71289062 4506.90625 5.65349578857
1477666331191 lifecam22 2518.08496094 4505.97363281 5.66251993179
1477666331235 lifecam20 2516.19287109 4503.71875 5.66409301758
1477666331259 lifecam22 2514.17382812 4502.99316406 5.67416191101
1477666331302 lifecam20 2512.75463867 4500.76025391 5.6765089035
1477666331326 lifecam22 2510.97680664 4500.21484375 5.69023513794
1477666331366 lifecam20 2508.49902344 4498.69824219 5.69620752335
1477666331503 lifecam20 2442.94287109 4486.64941406 5.69267845154
1477666331571 lifecam20 2439.96313477 4479.24902344 5.68483829498
1477666331634 lifecam20 2435.89404297 4475.86865234 5.69226455688
1477666331702 lifecam20 2432.09887695 4471.54833984 5.6971039772
1477666331770 lifecam20 2427.99975586 4468.46240234 5.71400022507
1477666331834 lifecam20 2424.1706543 4462.81152344 5.71431684494
1477666331903 lifecam20 2420.40356445 4457.31933594 5.71676445007
1477666331971 lifecam20 2416.11694336 4454.03369141 5.72784900665
1477666332035 lifecam20 2413.02734375 4449.68359375 5.73844718933
1477666332102 lifecam20 2408.97924805 4444.59814453 5.74336957932
1477666332171 lifecam20 2406.0012207 4439.45849609 5.74499988556
1477666332239 lifecam20 2402.80664062 4433.15234375 5.7459731102
1477666332303 lifecam20 2398.89599609 4428.68212891 5.75398540497
1477666332372 lifecam20 2394.8684082 4424.22607422 5.76565408707
1477666332438 lifecam20 2392.0859375 4419.56201172 5.76702213287
1477666332570 lifecam20 2384.72167969 4411.49804688 5.78690910339
1477666332638 lifecam20 2381.91113281 4405.62207031 5.79207658768
1477666332703 lifecam20 2378.1184082 4402.21777344 5.80164766312
1477666332770 lifecam20 2374.13598633 4395.72167969 5.8065700531
1477666332842 lifecam20 2369.76806641 4390.90527344 5.81257152557
1477666332903 lifecam20 2366.93041992 4386.99023438 5.82047796249
1477666332972 lifecam20 2364.36767578 4382.828125 5.82669687271
1477666333038 lifecam20 2360.71508789 4378.52685547 5.83581352234
1477666333105 lifecam20 2358.03100586 4373.87158203 5.84720802307
1477666333170 lifecam20 2355.18212891 4368.06640625 5.84761238098
1477666333237 lifecam20 2352.03540039 4362.9765625 5.85307455063
1477666333305 lifecam20 2349.60742188 4356.92089844 5.85200548172
1477666333369 lifecam20 2346.14135742 4352.15625 5.86332511902
1477666333437 lifecam20 2343.19165039 4347.93310547 5.86834144592
1477666333505 lifecam20 2340.1003418 4342.45556641 5.87471961975
1477666333571 lifecam20 2337.1315918 4337.36523438 5.88080310822
1477666333638 lifecam20 2334.15649414 4332.55371094 5.88868188858
1477666333706 lifecam20 2330.72216797 4327.84033203 5.89838457108
1477666333773 lifecam20 2328.30664062 4321.64599609 5.90093612671
1477666333837 lifecam20 2325.5480957 4317.20703125 5.90927696228
1477666333908 lifecam20 2323.0456543 4311.74902344 5.91207075119
1477666333973 lifecam20 2319.81567383 4306.43652344 5.923350811
1477666334037 lifecam20 2316.74121094 4300.95263672 5.9285068512
1477666334105 lifecam20 2314.71362305 4295.65283203 5.93576574326
1477666334166 lifecam20 2312.29736328 4290.49316406 5.93964624405
1477666334240 lifecam20 2309.32348633 4285.07470703 5.94750452042
1477666334305 lifecam20 2307.21777344 4279.70263672 5.953373909
1477666334376 lifecam20 2304.83154297 4274.69921875 5.96018028259
1477666334439 lifecam20 2302.51025391 4269.43017578 5.96470451355
1477666334507 lifecam20 2299.56274414 4263.96191406 5.97228240967
1477666334643 lifecam20 2294.63427734 4252.72802734 5.98278331757
1477666334705 lifecam20 2292.52929688 4247.56005859 5.99349308014
1477666334773 lifecam20 2289.76318359 4242.47119141 6.00064373016
1477666334841 lifecam20 2288.38867188 4236.58935547 6.00409698486
1477666334906 lifecam20 2285.31420898 4233.13183594 6.01698684692
1477666334973 lifecam20 2283.92822266 4226.83105469 6.01754379272
1477666335041 lifecam20 2281.75830078 4221.43896484 6.02497816086
1477666335105 lifecam20 2279.39404297 4216.19726562 6.03272247314
1477666335173 lifecam20 2278.00048828 4210.21337891 6.03759670258
1477666335241 lifecam20 2275.95751953 4204.69482422 6.04177093506
1477666335309 lifecam20 2273.9753418 4199.50683594 6.04845571518
1477666335374 lifecam20 2270.93359375 4194.17822266 6.05829381943
1477666335441 lifecam20 2269.50756836 4188.4765625 6.06134319305
1477666335510 lifecam20 2267.42797852 4182.56640625 6.06835842133
1477666335573 lifecam20 2265.72363281 4177.82128906 6.0747294426
1477666335642 lifecam20 2263.69238281 4172.96923828 6.08597517014
1477666335709 lifecam20 2261.89770508 4167.21728516 6.0901927948
1477666335772 lifecam20 2259.64282227 4162.10009766 6.10024499893
1477666335841 lifecam20 2257.87231445 4155.25585938 6.10320806503
1477666335909 lifecam20 2256.7800293 4149.62597656 6.10638856888
1477666335980 lifecam20 2254.9375 4143.21289062 6.11139202118
1477666336042 lifecam20 2254.04931641 4138.49316406 6.11956262589
1477666336110 lifecam20 2251.90698242 4132.27441406 6.12570810318
1477666336177 lifecam20 2251.41357422 4125.95751953 6.12867164612
1477666336241 lifecam20 2249.32666016 4120.82373047 6.13684892654
1477666336377 lifecam20 2245.93505859 4109.60302734 6.15266799927
1477666336441 lifecam20 2244.4543457 4103.40380859 6.15822887421
1477666336509 lifecam20 2243.88793945 4098.30126953 6.16401672363
1477666336577 lifecam20 2242.96044922 4092.45458984 6.16750049591
1477666336640 lifecam20 2241.15942383 4086.73950195 6.17648172379
1477666336709 lifecam20 2239.92163086 4082.32104492 6.18679714203
1477666336776 lifecam20 2239.13232422 4075.9609375 6.19097089767
1477666336844 lifecam20 2237.48681641 4071.15209961 6.20016670227
1477666336908 lifecam20 2237.12036133 4064.44482422 6.20260858536
1477666336976 lifecam20 2236.19677734 4058.68188477 6.20593500137
1477666337045 lifecam20 2240.69873047 4051.90844727 6.17817592621
1477666337110 lifecam20 2239.45166016 4055.5925293 6.18789815903
1477666337177 lifecam20 2240.45849609 4053.81396484 6.18239784241
1477666337246 lifecam20 2240.38061523 4054.20532227 6.18216466904
1477666337309 lifecam20 2239.95727539 4054.24414062 6.18497800827
1477666337378 lifecam20 2240.21362305 4054.51000977 6.1840929985
1477666337446 lifecam20 2240.04150391 4054.35791016 6.18570041656
1477666337514 lifecam20 2240.00170898 4054.47900391 6.18480587006
