1477664931747 lifecam22 3365.90112305 4778.75244141 4.70695257187
1477664931820 lifecam22 3366.55200195 4779.10351562 4.70883226395
1477664931885 lifecam22 3366.3034668 4779.01074219 4.70794868469
1477664931946 lifecam22 3366.92236328 4778.88623047 4.70826339722
1477664932012 lifecam22 3366.34863281 4778.92236328 4.70709943771
1477664932087 lifecam22 3366.92236328 4778.88623047 4.70826339722
1477664932145 lifecam22 3366.62304688 4778.74560547 4.70691823959
1477664932213 lifecam22 3366.27172852 4778.13671875 4.70403432846
1477664932286 lifecam22 3367.0871582 4778.77392578 4.70864295959
1477664932345 lifecam22 3367.25610352 4779.38623047 4.71153211594
1477664932412 lifecam22 3366.78271484 4778.62646484 4.70723581314
1477664932486 lifecam22 3366.01318359 4778.70898438 4.70652580261
1477664932554 lifecam22 3365.59082031 4778.87646484 4.70809555054
1477664932613 lifecam22 3366.47949219 4779.16357422 4.70940637589
1477664932679 lifecam22 3366.08105469 4779.18261719 4.70958995819
1477664932811 lifecam22 3363.36181641 4778.06933594 4.69889450073
1477664932882 lifecam22 3367.55395508 4779.52783203 4.71287918091
1477664932949 lifecam22 3367.55395508 4779.52783203 4.71287918091
1477664933014 lifecam22 3367.40380859 4779.77050781 4.71518945694
1477664933080 lifecam22 3367.50415039 4779.60839844 4.71364879608
1477664933147 lifecam22 3367.39892578 4779.89257812 4.7163476944
1477664933224 lifecam22 3359.95288086 4779.99560547 4.71732473373
1477664933282 lifecam22 3346.55419922 4779.52783203 4.71288156509
1477664933352 lifecam22 3346.55395508 4779.52734375 4.71287918091
1477664933421 lifecam22 3340.04858398 4782.25683594 4.73851776123
1477664933480 lifecam22 3333.27709961 4782.27246094 4.74139022827
1477664933547 lifecam22 3326.9453125 4780.69042969 4.73223495483
1477664933620 lifecam22 3320.88989258 4781.81787109 4.75018453598
1477664933682 lifecam22 3315.109375 4781.39160156 4.75642776489
1477664933748 lifecam22 3309.1730957 4781.90869141 4.75981855392
1477664933822 lifecam22 3304.17919922 4781.44482422 4.76936149597
1477664933881 lifecam22 3299.00170898 4783.75585938 4.7820353508
1477664933950 lifecam22 3291.98852539 4782.83056641 4.78277873993
1477664934020 lifecam22 3285.5546875 4783.01220703 4.78420209885
1477664934091 lifecam22 3279.70068359 4783.27783203 4.79365825653
1477664934147 lifecam22 3274.69824219 4783.72314453 4.8030166626
1477664934215 lifecam22 3270.55249023 4785.10742188 4.81881570816
1477664934288 lifecam22 3265.046875 4784.21679688 4.81562852859
1477664934349 lifecam22 3260.56298828 4784.76806641 4.82359266281
1477664934415 lifecam22 3251.83789062 4784.01171875 4.82726430893
1477664934489 lifecam22 3245.84814453 4784.61230469 4.83799171448
1477664934549 lifecam22 3240.14453125 4784.57763672 4.84329223633
1477664934616 lifecam22 3235.07983398 4785.27001953 4.85132884979
1477664934688 lifecam22 3229.12255859 4784.30908203 4.85663938522
1477664934759 lifecam22 3223.44873047 4784.37597656 4.86189508438
1477664934817 lifecam22 3217.06567383 4784.81835938 4.87022781372
1477664934889 lifecam22 3211.66796875 4783.58349609 4.87383937836
1477664934959 lifecam22 3205.90771484 4783.65869141 4.88192510605
1477664935017 lifecam22 3200.63671875 4782.79833984 4.8824596405
1477664935084 lifecam22 3194.33935547 4782.19580078 4.88842439651
1477664935157 lifecam22 3189.37158203 4781.56884766 4.89666557312
1477664935217 lifecam22 3183.23779297 4781.23193359 4.90245580673
1477664935285 lifecam22 3176.63769531 4780.20654297 4.90580797195
1477664935358 lifecam22 3170.8581543 4780.00830078 4.91501617432
1477664935426 lifecam22 3165.06152344 4779.41162109 4.92172288895
1477664935485 lifecam22 3160.11157227 4778.60742188 4.92869949341
1477664935557 lifecam22 3154.06787109 4778.05761719 4.93851995468
1477664935625 lifecam22 3148.55175781 4778.18652344 4.94636392593
1477664935684 lifecam22 3142.57983398 4777.30761719 4.95365381241
1477664935752 lifecam22 3137.07958984 4776.64111328 4.96172571182
1477664935825 lifecam22 3130.92871094 4775.80322266 4.96626758575
1477664935885 lifecam22 3124.82495117 4774.47167969 4.97047233582
1477664935951 lifecam22 3119.49584961 4774.49462891 4.9776802063
1477664936024 lifecam22 3113.70727539 4772.84130859 4.98150920868
1477664936085 lifecam22 3108.79663086 4772.71826172 4.99336862564
1477664936151 lifecam22 3102.78637695 4771.92285156 5.0022187233
1477664936225 lifecam22 3096.47070312 4770.08447266 5.00205802917
1477664936292 lifecam22 3091.37695312 4770.95996094 5.02048063278
1477664936353 lifecam22 3085.95019531 4769.59472656 5.02882003784
1477664936424 lifecam22 3080.44970703 4767.78076172 5.03028869629
1477664936492 lifecam22 3074.44213867 4766.09863281 5.03334569931
1477664936551 lifecam22 3069.52172852 4765.56347656 5.04017925262
1477664936620 lifecam22 3063.83691406 4763.73730469 5.0463924408
1477664936692 lifecam22 3058.67773438 4764.01953125 5.05865097046
1477664936753 lifecam22 3052.45703125 4760.86376953 5.05805253983
1477664936820 lifecam22 3047.82763672 4760.29394531 5.06468772888
1477664936894 lifecam22 3042.22241211 4758.70751953 5.07315635681
1477664936959 lifecam22 3036.734375 4757.44238281 5.07765769958
1477664937021 lifecam22 3030.38256836 4755.11962891 5.07811498642
1477664937091 lifecam22 3025.47460938 4754.11376953 5.08896684647
1477664937163 lifecam22 3019.40380859 4752.55175781 5.09347820282
1477664937221 lifecam22 3013.96679688 4750.19287109 5.09894132614
1477664937287 lifecam22 3008.04541016 4749.58056641 5.10885286331
1477664937359 lifecam22 3002.58666992 4746.52099609 5.11136102676
1477664937421 lifecam22 2996.76782227 4744.69921875 5.11784553528
1477664937487 lifecam22 2990.86669922 4743.98632812 5.12853956223
1477664937560 lifecam22 2985.05371094 4742.25146484 5.13630771637
1477664937628 lifecam22 2980.8215332 4740.62597656 5.14134120941
1477664937689 lifecam22 2975.0078125 4738.54541016 5.14502334595
1477664937762 lifecam22 2969.54980469 4736.55517578 5.15298080444
1477664937828 lifecam22 2964.03686523 4734.71533203 5.16104125977
1477664937888 lifecam22 2958.51220703 4733.35351562 5.16773366928
1477664937955 lifecam22 2953.08935547 4730.74755859 5.17259216309
1477664938029 lifecam22 2946.97216797 4729.64746094 5.17945194244
1477664938088 lifecam22 2941.81689453 4727.84570312 5.19183301926
1477664938155 lifecam22 2937.21166992 4725.60253906 5.1984910965
1477664938229 lifecam22 2931.48876953 4724.27001953 5.20601844788
1477664938287 lifecam22 2926.98510742 4721.12353516 5.20818519592
1477664938355 lifecam22 2921.11083984 4719.95019531 5.22448635101
1477664938429 lifecam22 2915.83886719 4716.99609375 5.22503805161
1477664938497 lifecam22 2910.61181641 4714.35986328 5.22731208801
1477664938556 lifecam22 2905.44091797 4711.23535156 5.2310795784
1477664938628 lifecam22 2900.14257812 4708.93701172 5.2372341156
1477664938695 lifecam22 2894.59301758 4706.77392578 5.2429151535
1477664938757 lifecam22 2890.3894043 4705.92089844 5.25752401352
1477664938823 lifecam22 2884.05566406 4702.86425781 5.26159381866
1477664938896 lifecam22 2879.01318359 4700.87695312 5.2694568634
1477664938955 lifecam22 2873.96533203 4696.80517578 5.26846933365
1477664939023 lifecam22 2868.81689453 4695.56005859 5.27906894684
1477664939095 lifecam22 2863.88232422 4691.72509766 5.28065633774
1477664939164 lifecam22 2858.55004883 4689.40234375 5.29026317596
1477664939224 lifecam22 2853.19702148 4686.61474609 5.29826879501
1477664939297 lifecam22 2848.00170898 4683.29833984 5.30032444
1477664939363 lifecam22 2842.93603516 4681.26660156 5.31030845642
1477664939423 lifecam22 2837.91455078 4678.49707031 5.31980657578
1477664939488 lifecam22 2833.57177734 4676.37890625 5.3251991272
1477664939559 lifecam22 2827.59472656 4673.31347656 5.33200740814
1477664939622 lifecam22 2822.39501953 4669.89257812 5.33592033386
1477664939689 lifecam22 2817.17797852 4667.73828125 5.34672641754
1477664939759 lifecam22 2812.37207031 4663.76708984 5.34752559662
1477664939823 lifecam22 2807.29614258 4662.54638672 5.35888624191
1477664939956 lifecam22 2797.60449219 4656.45849609 5.37016296387
1477664940033 lifecam22 2792.72094727 4652.17236328 5.37528896332
1477664940091 lifecam22 2788.28198242 4650.80322266 5.3875875473
1477664940159 lifecam22 2783.06323242 4646.61914062 5.39223718643
1477664940230 lifecam22 2778.70922852 4643.93408203 5.39858865738
1477664940296 lifecam22 2774.32568359 4640.26953125 5.40090847015
1477664940363 lifecam22 2769.76367188 4636.39941406 5.40265035629
1477664940432 lifecam22 2763.97216797 4634.41357422 5.41561317444
1477664940491 lifecam22 2759.84399414 4630.70410156 5.42075490952
1477664940557 lifecam22 2754.25732422 4628.00439453 5.43224620819
1477664940628 lifecam22 2749.88623047 4625.13867188 5.43730592728
1477664940699 lifecam22 2744.9855957 4621.07275391 5.44306612015
1477664940758 lifecam22 2740.1184082 4618.14746094 5.45163440704
1477664940825 lifecam22 2735.41381836 4614.83935547 5.46213340759
1477664940956 lifecam22 2726.79443359 4607.27685547 5.4660115242
1477664941026 lifecam22 2720.95678711 4603.89892578 5.47861051559
1477664941071 lifecam20 2666.69677734 4594.20019531 5.43004989624
1477664941094 lifecam22 2664.90576172 4592.42871094 5.43190908432
1477664941138 lifecam20 2660.07495117 4602.08496094 5.50735282898
1477664941158 lifecam22 2657.92211914 4601.78662109 5.52135181427
1477664941206 lifecam20 2656.03955078 4598.56542969 5.51254606247
1477664941225 lifecam22 2653.48828125 4595.55566406 5.51032400131
1477664941271 lifecam20 2652.17016602 4591.63574219 5.49509620667
1477664941293 lifecam22 2650.02685547 4589.65625 5.49666929245
1477664941339 lifecam20 2648.15087891 4587.83398438 5.50241279602
1477664941363 lifecam22 2646.13183594 4586.41113281 5.50595331192
1477664941406 lifecam20 2642.76904297 4586.203125 5.51677846909
1477664941428 lifecam22 2639.7578125 4584.18652344 5.52107381821
1477664941470 lifecam20 2637.89697266 4583.00634766 5.52954959869
1477664941499 lifecam22 2636.01171875 4580.49707031 5.5266418457
1477664941538 lifecam20 2632.97021484 4577.75195312 5.52324485779
1477664941567 lifecam22 2630.26806641 4576.67480469 5.53169965744
1477664941605 lifecam20 2628.6875 4575.08886719 5.53643846512
1477664941626 lifecam22 2626.52294922 4572.83349609 5.53591489792
1477664941671 lifecam20 2624.23413086 4570.67724609 5.53718948364
1477664941693 lifecam22 2622.40722656 4569.33203125 5.54620027542
1477664941739 lifecam20 2620.10986328 4567.48828125 5.55004453659
1477664941760 lifecam22 2617.93261719 4565.81542969 5.55351352692
1477664941807 lifecam20 2615.84814453 4563.86132812 5.55767726898
1477664941825 lifecam22 2613.99804688 4561.65087891 5.55991458893
1477664941873 lifecam20 2611.74755859 4559.7421875 5.56260824203
1477664941892 lifecam22 2609.5234375 4557.87597656 5.56604623795
1477664941941 lifecam20 2607.78369141 4555.81933594 5.56839847565
1477664941962 lifecam22 2605.31616211 4552.5625 5.56613540649
1477664942006 lifecam20 2603.17529297 4551.06640625 5.57088565826
1477664942024 lifecam22 2601.79589844 4550.58105469 5.57957792282
1477664942074 lifecam20 2599.4934082 4548.00683594 5.58153247833
1477664942093 lifecam22 2596.87841797 4545.56152344 5.58560371399
1477664942139 lifecam20 2595.02246094 4543.80566406 5.58889484406
1477664942160 lifecam22 2593.41015625 4541.73535156 5.58990287781
1477664942207 lifecam20 2591.31933594 4539.69824219 5.59445238113
1477664942230 lifecam22 2588.87670898 4537.50048828 5.59774541855
1477664942273 lifecam20 2586.5390625 4535.16796875 5.5989522934
1477664942295 lifecam22 2584.41577148 4533.3515625 5.60343313217
1477664942337 lifecam20 2582.27392578 4531.44042969 5.60652065277
1477664942369 lifecam22 2580.29394531 4529.35986328 5.60880661011
1477664942405 lifecam20 2578.00097656 4527.83496094 5.61454296112
1477664942435 lifecam22 2576.21679688 4525.98144531 5.61778020859
1477664942474 lifecam20 2574.3449707 4523.23193359 5.61961221695
1477664942495 lifecam22 2572.10546875 4520.94238281 5.62184333801
1477664942544 lifecam20 2570.23022461 4519.56347656 5.62516975403
1477664942559 lifecam22 2568.41894531 4518.22607422 5.632188797
1477664942606 lifecam20 2566.52416992 4515.75 5.6336145401
1477664942635 lifecam22 2564.51318359 4515.29296875 5.6437458992
1477664942676 lifecam20 2562.12744141 4513.31396484 5.64880847931
1477664942742 lifecam20 2559.95703125 4512.0 5.65633010864
1477664942760 lifecam22 2555.85449219 4509.27539062 5.67238712311
1477664942807 lifecam20 2554.11547852 4506.51074219 5.67171192169
1477664942876 lifecam20 2551.85400391 4504.08056641 5.67407274246
1477664942943 lifecam20 2488.93481445 4493.26611328 5.66488218307
1477664943007 lifecam20 2485.40014648 4488.55859375 5.66849327087
1477664943075 lifecam20 2480.92895508 4484.67822266 5.68193721771
1477664943144 lifecam20 2477.71777344 4478.20214844 5.67769670486
1477664943207 lifecam20 2473.79956055 4474.59521484 5.68668413162
1477664943276 lifecam20 2469.40429688 4469.77978516 5.69245672226
1477664943344 lifecam20 2465.56958008 4465.80273438 5.70303630829
1477664943411 lifecam20 2462.0925293 4461.68359375 5.71411895752
1477664943475 lifecam20 2458.40673828 4457.72900391 5.71719026566
1477664943544 lifecam20 2455.45239258 4452.12988281 5.71744394302
1477664943610 lifecam20 2451.04736328 4448.10205078 5.72747850418
1477664943675 lifecam20 2448.36254883 4443.66259766 5.73682260513
1477664943743 lifecam20 2444.01635742 4439.43945312 5.74482727051
1477664943812 lifecam20 2441.44946289 4434.17089844 5.74608612061
1477664943874 lifecam20 2438.22729492 4428.00048828 5.74385452271
1477664943944 lifecam20 2434.46875 4425.32080078 5.75990533829
1477664944012 lifecam20 2431.55859375 4419.90869141 5.76620006561
1477664944078 lifecam20 2426.84716797 4414.91552734 5.77023458481
1477664944141 lifecam20 2424.38134766 4409.72412109 5.77468681335
1477664944211 lifecam20 2419.41040039 4405.36816406 5.78725624084
1477664944278 lifecam20 2416.36254883 4400.66845703 5.79474306107
1477664944344 lifecam20 2413.18481445 4395.6796875 5.79680585861
1477664944409 lifecam20 2409.76757812 4392.86376953 5.81481313705
1477664944478 lifecam20 2406.89794922 4389.17626953 5.82548713684
1477664944541 lifecam20 2403.44970703 4383.140625 5.82678890228
1477664944611 lifecam20 2399.34204102 4379.02490234 5.8390045166
1477664944678 lifecam20 2397.44189453 4371.71435547 5.83115673065
1477664944746 lifecam20 2394.38500977 4367.03027344 5.83843898773
1477664944809 lifecam20 2390.87207031 4362.13818359 5.8463511467
1477664944878 lifecam20 2388.88574219 4356.08154297 5.84483194351
1477664944946 lifecam20 2384.64208984 4351.73535156 5.85447406769
1477664945012 lifecam20 2381.80151367 4346.98046875 5.86812829971
1477664945078 lifecam20 2378.90136719 4340.98730469 5.86715602875
1477664945146 lifecam20 2375.92651367 4336.52392578 5.87564277649
1477664945211 lifecam20 2373.4753418 4331.71240234 5.88520717621
1477664945279 lifecam20 2370.31860352 4326.57519531 5.89097833633
1477664945345 lifecam20 2367.625 4321.546875 5.89672994614
1477664945411 lifecam20 2365.55664062 4316.91601562 5.90430784225
1477664945478 lifecam20 2362.18701172 4310.26123047 5.9055147171
1477664945546 lifecam20 2359.84912109 4306.18359375 5.91504383087
1477664945613 lifecam20 2357.34594727 4300.61328125 5.92321968079
1477664945680 lifecam20 2355.1887207 4294.90380859 5.92347431183
1477664945746 lifecam20 2352.89526367 4290.10058594 5.93321704865
1477664945814 lifecam20 2349.31616211 4285.18457031 5.93940639496
1477664945879 lifecam20 2347.06689453 4279.88378906 5.94914770126
1477664945947 lifecam20 2344.25927734 4275.64746094 5.96127128601
1477664946013 lifecam20 2341.72485352 4269.67382812 5.96402454376
1477664946079 lifecam20 2339.80200195 4263.74951172 5.96731615067
1477664946145 lifecam20 2337.03491211 4259.60791016 5.97867774963
1477664946214 lifecam20 2334.82910156 4253.45800781 5.98546028137
1477664946281 lifecam20 2331.77099609 4248.5703125 5.99059534073
1477664946346 lifecam20 2330.09814453 4242.69140625 5.99715995789
1477664946414 lifecam20 2327.3659668 4238.32714844 6.00437927246
1477664946483 lifecam20 2324.81347656 4233.5390625 6.01485681534
1477664946546 lifecam20 2323.43408203 4226.97558594 6.01439666748
1477664946615 lifecam20 2321.58374023 4221.8515625 6.0207157135
1477664946682 lifecam20 2318.22607422 4216.77050781 6.03170251846
1477664946746 lifecam20 2316.5 4210.42578125 6.03360795975
1477664946813 lifecam20 2314.08496094 4205.42578125 6.04313087463
1477664946882 lifecam20 2311.75097656 4200.08105469 6.0546412468
1477664946946 lifecam20 2310.69165039 4194.51416016 6.05714941025
1477664947014 lifecam20 2309.0378418 4187.61035156 6.05685758591
1477664947082 lifecam20 2308.18896484 4181.68408203 6.06204605103
1477664947150 lifecam20 2305.88037109 4176.44921875 6.06778383255
1477664947215 lifecam20 2304.48901367 4171.55126953 6.07755327225
1477664947283 lifecam20 2303.21240234 4166.21435547 6.08391141891
1477664947350 lifecam20 2301.38793945 4160.08789062 6.0827255249
1477664947414 lifecam20 2300.62036133 4154.51611328 6.08904838562
1477664947482 lifecam20 2298.1809082 4149.06542969 6.09902524948
1477664947550 lifecam20 2296.78076172 4143.67138672 6.11107349396
1477664947614 lifecam20 2295.11523438 4138.36035156 6.11370515823
1477664947683 lifecam20 2293.45776367 4132.57373047 6.12056016922
1477664947750 lifecam20 2291.66210938 4126.68066406 6.12963247299
1477664947818 lifecam20 2290.14111328 4121.30810547 6.13686466217
1477664947882 lifecam20 2289.1315918 4116.68115234 6.14165592194
1477664947950 lifecam20 2287.10180664 4110.14453125 6.15104675293
1477664948017 lifecam20 2285.46630859 4105.54101562 6.15932750702
1477664948083 lifecam20 2284.48632812 4098.95458984 6.16593074799
1477664948150 lifecam20 2283.39135742 4094.36987305 6.1718454361
1477664948218 lifecam20 2280.99072266 4089.21313477 6.18330955505
1477664948282 lifecam20 2280.96020508 4083.00512695 6.18551206589
1477664948350 lifecam20 2279.25830078 4077.79980469 6.1954665184
1477664948417 lifecam20 2278.64892578 4071.69775391 6.19823503494
1477664948482 lifecam20 2277.41894531 4065.22167969 6.20151948929
1477664948549 lifecam20 2276.23608398 4059.99682617 6.21249914169
1477664948618 lifecam20 2275.08764648 4053.46166992 6.21716976166
1477664948685 lifecam20 2274.79443359 4048.08374023 6.22228717804
1477664948751 lifecam20 2273.40405273 4042.45410156 6.22812414169
1477664948817 lifecam20 2273.29614258 4035.93530273 6.23314571381
1477664948885 lifecam20 2274.91430664 4029.93994141 6.22405195236
1477664948950 lifecam20 2276.99121094 4029.57202148 6.21421194077
1477664949018 lifecam20 2276.58911133 4029.46044922 6.21540260315
1477664949084 lifecam20 2276.39697266 4029.42138672 6.21606111526
1477664949150 lifecam20 2276.69946289 4029.21069336 6.21549844742
1477664949217 lifecam20 2276.71435547 4029.89575195 6.21589994431
1477664949285 lifecam20 2276.3425293 4029.34155273 6.21649694443
1477664949352 lifecam20 2276.65112305 4029.81005859 6.21511745453
1477664949417 lifecam20 2276.69946289 4029.21069336 6.21549844742
1477664949487 lifecam20 2276.53393555 4029.38134766 6.21584177017
1477664949555 lifecam20 2276.53393555 4029.38134766 6.21584177017
1477664949618 lifecam20 2276.63500977 4029.12597656 6.21471881866
1477664949686 lifecam20 2276.69946289 4029.21069336 6.21549844742
1477664949753 lifecam20 2276.63500977 4029.12597656 6.21471881866
1477664949818 lifecam20 2276.63500977 4029.12597656 6.21471881866
1477664949884 lifecam20 2276.65283203 4029.54589844 6.21618461609
1477664949953 lifecam20 2276.59814453 4029.46655273 6.2166223526
1477664950021 lifecam20 2276.63500977 4029.12597656 6.21471881866
1477664950087 lifecam20 2276.63500977 4029.12597656 6.21471881866
1477664950154 lifecam20 2276.63500977 4029.12597656 6.21471881866
1477664950222 lifecam20 2276.59814453 4029.46655273 6.2166223526
1477664950287 lifecam20 2276.53393555 4029.38134766 6.21584177017
1477664950354 lifecam20 2276.69946289 4029.21069336 6.21549844742
1477664950421 lifecam20 2276.63500977 4029.12597656 6.21471881866
1477664950486 lifecam20 2276.69946289 4029.21069336 6.21549844742
1477664950553 lifecam20 2276.69946289 4029.21069336 6.21549844742
1477664950622 lifecam20 2276.59814453 4029.46655273 6.2166223526
1477664950686 lifecam20 2276.59814453 4029.46655273 6.2166223526
1477664950754 lifecam20 2276.69946289 4029.21069336 6.21549844742
1477664950821 lifecam20 2276.53393555 4029.38134766 6.21584177017
1477664950889 lifecam20 2276.68969727 4029.20507812 6.21428108215
1477664950954 lifecam20 2276.63500977 4029.12597656 6.21471881866
