1478876609345 lifecam22 3191.61035156 5858.80615234 4.59127473831
1478876609409 lifecam22 3191.90136719 5859.03808594 4.59372758865
1478876609474 lifecam22 3191.61035156 5858.80615234 4.59127473831
1478876609607 lifecam22 3191.61035156 5858.80615234 4.59127473831
1478876609675 lifecam22 3191.27709961 5858.21875 4.58724021912
1478876609738 lifecam22 3191.08276367 5858.31738281 4.58785057068
1478876609805 lifecam22 3191.83959961 5858.74462891 4.59102869034
1478876609870 lifecam22 3191.83959961 5858.74462891 4.59102869034
1478876610007 lifecam22 3192.00048828 5859.26464844 4.59199857712
1478876610077 lifecam22 3191.83959961 5858.74462891 4.59102869034
1478876610145 lifecam22 3191.56445312 5858.65722656 4.58987808228
1478876610212 lifecam22 3191.87915039 5858.90332031 4.59124040604
1478876610275 lifecam22 3192.11621094 5858.68359375 4.59084844589
1478876610416 lifecam22 3191.57080078 5858.53222656 4.58876848221
1478876610480 lifecam22 3192.15551758 5858.84179688 4.59105825424
1478876610546 lifecam22 3191.9909668 5858.96044922 4.58567905426
1478876610615 lifecam22 3193.84179688 5859.41015625 4.58650779724
1478876610684 lifecam22 3193.16772461 5858.69482422 4.58405828476
1478876610816 lifecam22 3193.03125 5858.98828125 4.59089708328
1478876610884 lifecam22 3192.33544922 5858.45166016 4.587703228
1478876610954 lifecam22 3190.65258789 5858.92333984 4.59153223038
1478876611013 lifecam22 3179.32446289 5859.64208984 4.59073925018
1478876611080 lifecam22 3174.94726562 5860.77490234 4.59792900085
1478876611214 lifecam22 3163.94702148 5863.76025391 4.61612319946
1478876611280 lifecam22 3158.28710938 5863.86181641 4.6146697998
1478876611347 lifecam22 3152.27368164 5865.01953125 4.61895513535
1478876611412 lifecam22 3146.54541016 5864.96240234 4.62627744675
1478876611473 lifecam22 3142.04101562 5867.27392578 4.63965797424
1478876611608 lifecam22 3130.76879883 5870.46972656 4.65581512451
1478876611684 lifecam22 3124.37133789 5870.70410156 4.66213083267
1478876611751 lifecam22 3117.98657227 5872.25683594 4.66675710678
1478876611813 lifecam22 3111.33666992 5872.32958984 4.6697678566
1478876611880 lifecam22 3106.32763672 5872.66455078 4.67833089828
1478876612081 lifecam22 3092.49609375 5876.31982422 4.71298885345
1478876612151 lifecam22 3086.63916016 5875.28320312 4.70867919922
1478876612218 lifecam22 3079.58105469 5875.07666016 4.70679950714
1478876612281 lifecam22 3072.58154297 5875.07714844 4.70680236816
1478876612349 lifecam22 3069.09204102 5876.56738281 4.72370386124
1478876612422 lifecam22 3062.72583008 5876.96240234 4.72566318512
1478876612484 lifecam22 3057.98242188 5877.85546875 4.73819208145
1478876612549 lifecam22 3051.38452148 5877.97021484 4.73926210403
1478876612615 lifecam22 3044.71899414 5878.22216797 4.74282503128
1478876612688 lifecam22 3038.69238281 5878.56298828 4.7475438118
1478876612886 lifecam22 3021.92089844 5878.859375 4.7715883255
1478876612950 lifecam22 3017.08007812 5880.05419922 4.78162002563
1478876613012 lifecam22 3011.23730469 5879.97070312 4.79048919678
1478876613085 lifecam22 3005.8984375 5879.71582031 4.79373836517
1478876613148 lifecam22 2999.4621582 5878.77685547 4.79600811005
1478876613286 lifecam22 2988.48535156 5878.88427734 4.80860376358
1478876613336 lifecam22 2982.3684082 5878.71337891 4.815346241
1478876613409 lifecam22 2977.18115234 5879.99560547 4.83059549332
1478876613481 lifecam22 2970.52514648 5879.44628906 4.83167791367
1478876613553 lifecam22 2964.96142578 5879.94970703 4.83850860596
1478876613689 lifecam22 2953.86645508 5880.04003906 4.85490131378
1478876613753 lifecam22 2948.39453125 5878.22509766 4.85951042175
1478876613821 lifecam22 2942.85888672 5879.5859375 4.87019968033
1478876613885 lifecam22 2936.16357422 5876.72314453 4.86420583725
1478876613945 lifecam22 2930.11914062 5876.98486328 4.8746752739
1478876614083 lifecam22 2919.6171875 5875.4140625 4.88828754425
1478876614150 lifecam22 2913.21020508 5875.51513672 4.88978910446
1478876614218 lifecam22 2907.47705078 5874.42138672 4.89821529388
1478876614283 lifecam22 2901.52783203 5874.91162109 4.90730571747
1478876614355 lifecam22 2896.35131836 5874.36816406 4.91417503357
1478876614489 lifecam22 2884.46484375 5873.31054688 4.93304347992
1478876614551 lifecam22 2879.51538086 5872.62304688 4.93832445145
1478876614613 lifecam22 2872.95239258 5871.43212891 4.93891382217
1478876614681 lifecam22 2867.73120117 5871.31689453 4.95126819611
1478876614754 lifecam22 2862.72241211 5870.390625 4.95603275299
1478876614948 lifecam22 2845.24658203 5866.16015625 4.96908473969
1478876615020 lifecam22 2839.43212891 5865.12841797 4.97238826752
1478876615081 lifecam22 2833.70410156 5863.66796875 4.97975349426
1478876615151 lifecam22 2828.64404297 5864.00439453 4.99078941345
1478876615217 lifecam22 2821.88110352 5861.93945312 4.99349880219
1478876615290 lifecam22 2817.31591797 5861.85742188 5.00587081909
1478876615352 lifecam22 2811.38769531 5861.15527344 5.01481962204
1478876615421 lifecam22 2804.96679688 5858.30712891 5.01146507263
1478876615486 lifecam22 2800.18798828 5858.27929688 5.02322483063
1478876615549 lifecam22 2794.82666016 5857.24462891 5.03723287582
1478876615687 lifecam22 2783.79980469 5854.14208984 5.04465150833
1478876615753 lifecam22 2778.00415039 5852.2265625 5.04954862595
1478876615821 lifecam22 2772.7421875 5850.81347656 5.05547475815
1478876615886 lifecam22 2767.60253906 5849.58251953 5.06531238556
1478876615954 lifecam22 2761.6965332 5847.78662109 5.06951189041
1478876616086 lifecam22 2750.22973633 5844.76367188 5.08127403259
1478876616154 lifecam22 2744.8203125 5843.44921875 5.09088373184
1478876616215 lifecam22 2739.15893555 5842.51660156 5.10033988953
1478876616281 lifecam22 2733.80810547 5840.66894531 5.10651683807
1478876616351 lifecam22 2728.66479492 5838.94726562 5.10922622681
1478876616490 lifecam22 2716.99267578 5835.90332031 5.12757492065
1478876616557 lifecam22 2712.71118164 5835.31835938 5.13693571091
1478876616621 lifecam22 2706.88183594 5832.21875 5.13784217834
1478876616694 lifecam22 2702.26538086 5830.85644531 5.14941310883
1478876616757 lifecam22 2695.56396484 5827.41748047 5.15129184723
1478876616886 lifecam22 2684.55957031 5823.51660156 5.16582727432
1478876616950 lifecam22 2678.29711914 5821.68310547 5.16844081879
1478876617023 lifecam22 2674.42626953 5819.78564453 5.17544269562
1478876617084 lifecam22 2667.9597168 5818.22070312 5.18484830856
1478876617153 lifecam22 2662.04638672 5814.43798828 5.18823385239
1478876617294 lifecam22 2651.72875977 5810.95263672 5.20623731613
1478876617356 lifecam22 2647.32836914 5808.3515625 5.20761680603
1478876617422 lifecam22 2641.42871094 5806.45214844 5.21682882309
1478876617490 lifecam22 2637.6706543 5803.1640625 5.22055196762
1478876617553 lifecam22 2630.56933594 5801.62597656 5.23370361328
1478876617696 lifecam22 2620.42675781 5796.59130859 5.24229049683
1478876617756 lifecam22 2614.73583984 5792.73876953 5.24596786499
1478876617828 lifecam22 2610.59448242 5792.53710938 5.2603187561
1478876617894 lifecam22 2604.84033203 5789.06054688 5.26659536362
1478876617962 lifecam22 2599.89648438 5785.88378906 5.27134561539
1478876618093 lifecam22 2589.85375977 5781.6328125 5.28755426407
1478876618161 lifecam22 2585.47338867 5780.59667969 5.30072689056
1478876618223 lifecam22 2580.64648438 5776.51464844 5.3012881279
1478876618291 lifecam22 2575.31030273 5775.81787109 5.31657743454
1478876618359 lifecam22 2570.22216797 5770.68359375 5.31278896332
1478876618497 lifecam22 2560.31982422 5764.85986328 5.32325315475
1478876618561 lifecam22 2554.81811523 5761.12353516 5.32794141769
1478876618626 lifecam22 2549.82226562 5758.84472656 5.33718109131
1478876618695 lifecam22 2544.77026367 5754.95605469 5.3409204483
1478876618760 lifecam22 2538.97875977 5753.08496094 5.35333299637
1478876618960 lifecam22 2525.28637695 5742.35009766 5.36647033691
1478876619026 lifecam22 2520.34619141 5740.94628906 5.37734222412
1478876619086 lifecam22 2515.65771484 5737.21191406 5.38608455658
1478876619157 lifecam22 2510.96655273 5733.6171875 5.38585472107
1478876619224 lifecam22 2506.6784668 5729.51660156 5.39188480377
1478876619366 lifecam22 2497.59692383 5723.78173828 5.40610551834
1478876619424 lifecam22 2492.21289062 5720.36279297 5.41517782211
1478876619493 lifecam22 2487.80444336 5717.65136719 5.42305898666
1478876619558 lifecam22 2483.13085938 5714.16894531 5.42938089371
1478876619620 lifecam22 2477.80834961 5710.22949219 5.43227720261
1478876619824 lifecam22 2464.07983398 5700.27294922 5.45758724213
1478876619897 lifecam22 2459.99658203 5699.54345703 5.47921085358
1478876619964 lifecam22 2455.51733398 5694.78710938 5.47818088531
1478876620028 lifecam22 2451.04614258 5691.74609375 5.48840618134
1478876620233 lifecam22 2437.76635742 5679.87597656 5.50066232681
1478876620293 lifecam22 2433.41967773 5676.34521484 5.51523351669
1478876620358 lifecam22 2430.04858398 5673.30273438 5.52287149429
1478876620425 lifecam22 2424.59326172 5668.61474609 5.52780056
1478876620490 lifecam22 2420.62060547 5664.42285156 5.5266046524
1478876620627 lifecam22 2410.74365234 5655.87548828 5.53601121902
1478876620700 lifecam22 2406.62792969 5652.52050781 5.54376506805
1478876620767 lifecam22 2403.52099609 5649.34326172 5.55708122253
1478876620827 lifecam22 2398.74926758 5647.48291016 5.5720539093
1478876620894 lifecam22 2394.86010742 5640.19580078 5.56618976593
1478876621026 lifecam22 2387.11791992 5633.14746094 5.58020448685
1478876621094 lifecam22 2383.22509766 5629.99853516 5.59003305435
1478876621164 lifecam22 2378.52954102 5625.16699219 5.59824705124
1478876621230 lifecam22 2374.70068359 5622.10693359 5.60898256302
1478876621293 lifecam22 2369.83349609 5618.16113281 5.61692285538
1478876621497 lifecam22 2358.75073242 5605.49609375 5.63137531281
1478876621565 lifecam22 2354.13330078 5601.07275391 5.63894748688
1478876621629 lifecam22 2350.84301758 5596.83105469 5.65011119843
1478876621701 lifecam22 2346.24121094 5592.76123047 5.65565538406
1478876621760 lifecam22 2342.82617188 5587.55957031 5.65960454941
1478876621900 lifecam22 2335.64208984 5578.86083984 5.67098283768
1478876621962 lifecam22 2332.10693359 5574.39648438 5.67765665054
1478876622030 lifecam22 2328.7487793 5571.34179688 5.68735170364
1478876622098 lifecam22 2324.77832031 5565.40185547 5.68981122971
1478876622159 lifecam22 2320.45996094 5562.39257812 5.70204925537
1478876622294 lifecam22 2312.73999023 5554.01708984 5.7165389061
1478876622366 lifecam22 2308.96313477 5548.59423828 5.72375392914
1478876622430 lifecam22 2305.56933594 5543.87890625 5.72904539108
1478876622496 lifecam22 2302.7253418 5539.21533203 5.73552131653
1478876622564 lifecam22 2298.82910156 5535.12451172 5.74720668793
1478876622706 lifecam22 2292.62719727 5524.55712891 5.74959421158
1478876622759 lifecam22 2290.33105469 5519.09960938 5.75049877167
1478876622830 lifecam22 2287.10473633 5513.54345703 5.75483465195
1478876622903 lifecam22 2284.11523438 5509.19335938 5.75781726837
1478876622972 lifecam22 2281.02075195 5503.53320312 5.76484060287
1478876623099 lifecam22 2274.0078125 5494.62109375 5.78532981873
1478876623164 lifecam22 2269.96972656 5490.45458984 5.79343986511
1478876623228 lifecam22 2267.28955078 5485.51513672 5.80008459091
1478876623295 lifecam22 2264.06469727 5481.52880859 5.81072616577
1478876623362 lifecam22 2260.88989258 5476.17773438 5.81632804871
1478876623501 lifecam22 2256.12988281 5465.68359375 5.81811475754
1478876623567 lifecam22 2257.40771484 5467.51367188 5.81517314911
1478876623632 lifecam22 2257.23071289 5466.44580078 5.81245422363
1478876623699 lifecam22 2257.18115234 5467.20117188 5.81560277939
1478876623763 lifecam22 2257.12670898 5466.80175781 5.81599569321
1478876623963 lifecam22 2257.45800781 5466.40283203 5.81173753738
1478876624035 lifecam22 2257.37304688 5466.33496094 5.81210803986
1478876624101 lifecam22 2257.58666992 5466.69482422 5.8143119812
1478876624165 lifecam22 2257.45800781 5466.40283203 5.81173753738
1478876624233 lifecam22 2257.23071289 5466.44580078 5.81245422363
