1478875985301 lifecam22 3190.61547852 5857.453125 4.57968997955
1478875985436 lifecam22 3190.87133789 5857.65039062 4.58175086975
1478875985505 lifecam22 3190.74047852 5857.42578125 4.58080387115
1478875985576 lifecam22 3190.87133789 5857.65039062 4.58175086975
1478875985641 lifecam22 3190.34130859 5857.52734375 4.57863044739
1478875985700 lifecam22 3190.77416992 5857.70507812 4.58085441589
1478875985908 lifecam22 3190.76806641 5857.64794922 4.57559204102
1478875985969 lifecam22 3190.93432617 5857.27197266 4.57624864578
1478875986043 lifecam22 3190.66137695 5857.18945312 4.57509708405
1478875986109 lifecam22 3190.93432617 5857.27197266 4.57624864578
1478875986171 lifecam22 3190.66845703 5857.31982422 4.57628202438
1478875986310 lifecam22 3190.66137695 5857.18945312 4.57509708405
1478875986370 lifecam22 3190.93432617 5857.27197266 4.57624864578
1478875986439 lifecam22 3191.06762695 5857.49609375 4.57719612122
1478875986502 lifecam22 3190.79492188 5857.41308594 4.57604551315
1478875986570 lifecam22 3191.17333984 5857.95410156 4.57768821716
1478875986783 lifecam22 3190.18115234 5857.27587891 4.57747030258
1478875986845 lifecam22 3188.85302734 5856.84375 4.57399368286
1478875986902 lifecam22 3189.96630859 5857.26318359 4.5756149292
1478875986977 lifecam22 3189.48999023 5857.58105469 4.57904243469
1478875987045 lifecam22 3186.1887207 5858.17041016 4.58354234695
1478875987246 lifecam22 3168.27539062 5863.18212891 4.61106920242
1478875987313 lifecam22 3161.95874023 5863.84277344 4.61538076401
1478875987379 lifecam22 3157.54736328 5864.99853516 4.62417316437
1478875987445 lifecam22 3151.17456055 5866.3046875 4.62685489655
1478875987514 lifecam22 3145.19213867 5866.60888672 4.63180303574
1478875987714 lifecam22 3130.29760742 5871.0234375 4.66353845596
1478875987779 lifecam22 3124.8371582 5871.69970703 4.67328548431
1478875987845 lifecam22 3119.12133789 5872.93945312 4.68211317062
1478875987905 lifecam22 3112.44433594 5873.49072266 4.6849732399
1478875987974 lifecam22 3106.35327148 5874.57421875 4.6930565834
1478875988181 lifecam22 3088.67480469 5875.92871094 4.71272516251
1478875988239 lifecam22 3084.93994141 5877.71240234 4.73048305511
1478875988308 lifecam22 3078.58544922 5877.80664062 4.73269128799
1478875988373 lifecam22 3072.43652344 5876.38964844 4.7209982872
1478875988436 lifecam22 3065.71044922 5876.54589844 4.72245836258
1478875988644 lifecam22 3049.55737305 5878.25195312 4.74483346939
1478875988707 lifecam22 3044.31567383 5879.73681641 4.76223468781
1478875988774 lifecam22 3039.00830078 5879.09814453 4.76538705826
1478875988842 lifecam22 3032.36669922 5879.18212891 4.76859617233
1478875988906 lifecam22 3025.79248047 5878.72119141 4.76701688766
1478875989041 lifecam22 3015.98852539 5880.23974609 4.79399347305
1478875989115 lifecam22 3009.49755859 5880.31738281 4.79796504974
1478875989182 lifecam22 3004.64746094 5880.37792969 4.80468416214
1478875989249 lifecam22 2998.00415039 5879.5546875 4.80544805527
1478875989316 lifecam22 2992.83203125 5879.5859375 4.81270694733
1478875989516 lifecam22 2976.05908203 5879.09423828 4.83372926712
1478875989578 lifecam22 2969.14746094 5877.80908203 4.83611440659
1478875989650 lifecam22 2963.65087891 5879.44335938 4.85276651382
1478875989717 lifecam22 2957.23706055 5877.44189453 4.85281276703
1478875989778 lifecam22 2952.23046875 5879.14892578 4.86418485641
1478875989975 lifecam22 2935.97436523 5878.00927734 4.88715362549
1478875990041 lifecam22 2930.11206055 5876.86474609 4.88947248459
1478875990108 lifecam22 2923.44384766 5876.37744141 4.89392328262
1478875990178 lifecam22 2918.76367188 5875.87548828 4.90141105652
1478875990242 lifecam22 2912.05419922 5874.85546875 4.90983438492
1478875990448 lifecam22 2895.60620117 5873.43554688 4.93009757996
1478875990511 lifecam22 2890.30297852 5872.39208984 4.9347858429
1478875990578 lifecam22 2884.09033203 5872.42529297 4.94230985641
1478875990641 lifecam22 2877.83862305 5870.83398438 4.94589996338
1478875990711 lifecam22 2872.59619141 5870.2265625 4.95759248734
1478875990918 lifecam22 2855.58837891 5868.52246094 4.97851705551
1478875990977 lifecam22 2850.6550293 5867.88476562 4.98470687866
1478875991045 lifecam22 2844.24023438 5864.87304688 4.98318481445
1478875991108 lifecam22 2838.38110352 5864.23388672 4.98947572708
1478875991184 lifecam22 2832.75390625 5862.46240234 4.99362373352
1478875991381 lifecam22 2816.97363281 5859.87158203 5.01598930359
1478875991446 lifecam22 2810.79589844 5858.62597656 5.02285766602
1478875991511 lifecam22 2805.86352539 5858.80664062 5.03913259506
1478875991576 lifecam22 2799.08325195 5856.3515625 5.04004526138
1478875991645 lifecam22 2794.07568359 5855.05566406 5.04755115509
1478875991855 lifecam22 2777.52294922 5851.50683594 5.06970453262
1478875991921 lifecam22 2771.91015625 5847.19384766 5.0643324852
1478875991975 lifecam22 2766.76025391 5848.59179688 5.08337783813
1478875992051 lifecam22 2761.21166992 5844.2421875 5.07877016068
1478875992114 lifecam22 2756.07226562 5843.97949219 5.09012556076
1478875992313 lifecam22 2738.703125 5839.17285156 5.11228132248
1478875992383 lifecam22 2733.64282227 5837.66064453 5.11873865128
1478875992443 lifecam22 2729.3527832 5838.04638672 5.1346039772
1478875992513 lifecam22 2723.25292969 5835.79296875 5.14126968384
1478875992581 lifecam22 2717.44311523 5832.80273438 5.13836431503
1478875992786 lifecam22 2701.04760742 5828.67089844 5.16990804672
1478875992849 lifecam22 2695.39208984 5825.42675781 5.17183256149
1478875992921 lifecam22 2689.83520508 5822.85742188 5.17521190643
1478875992986 lifecam22 2684.3215332 5819.8828125 5.17772722244
1478875993048 lifecam22 2679.10205078 5818.65283203 5.18287420273
1478875993255 lifecam22 2662.21850586 5810.89697266 5.20324897766
1478875993312 lifecam22 2657.61743164 5809.21191406 5.20846128464
1478875993386 lifecam22 2652.26806641 5807.12646484 5.22406864166
1478875993453 lifecam22 2647.08154297 5804.74121094 5.22603559494
1478875993520 lifecam22 2640.60620117 5801.77685547 5.23249387741
1478875993712 lifecam22 2626.09814453 5793.26318359 5.24667406082
1478875993785 lifecam22 2621.29760742 5791.31054688 5.25645399094
1478875993855 lifecam22 2616.23120117 5789.0234375 5.26344633102
1478875993920 lifecam22 2611.67016602 5787.52001953 5.27439308167
1478875993983 lifecam22 2606.3581543 5784.00585938 5.27986621857
1478875994184 lifecam22 2590.16015625 5776.71972656 5.30460500717
1478875994248 lifecam22 2586.01220703 5773.86669922 5.30729961395
1478875994317 lifecam22 2580.78930664 5771.37744141 5.31848907471
1478875994381 lifecam22 2575.56298828 5769.56103516 5.33027267456
1478875994451 lifecam22 2570.40087891 5766.65234375 5.33671998978
1478875994648 lifecam22 2555.90722656 5756.75244141 5.34845399857
1478875994720 lifecam22 2552.15551758 5754.11230469 5.35614538193
1478875994784 lifecam22 2545.75244141 5749.55371094 5.35687112808
1478875994857 lifecam22 2541.26147461 5747.89208984 5.37151861191
1478875994923 lifecam22 2536.85668945 5744.83447266 5.37732172012
1478875995123 lifecam22 2521.6105957 5735.55517578 5.39877033234
1478875995188 lifecam22 2517.16308594 5730.81103516 5.39956378937
1478875995251 lifecam22 2512.08544922 5728.38378906 5.41067934036
1478875995314 lifecam22 2507.89282227 5724.33203125 5.41578531265
1478875995386 lifecam22 2503.26196289 5720.38769531 5.41739559174
1478875995530 lifecam22 2494.60205078 5713.97607422 5.43249320984
1478875995592 lifecam22 2489.18701172 5711.66894531 5.44268465042
1478875995664 lifecam22 2485.43701172 5707.78125 5.45025348663
1478875995728 lifecam22 2480.29785156 5704.78222656 5.45554113388
1478875995791 lifecam22 2476.46386719 5700.85693359 5.4635925293
1478875996058 lifecam22 2458.57666016 5686.12011719 5.49131727219
1478875996123 lifecam22 2453.16162109 5683.51074219 5.50506305695
1478875996183 lifecam22 2448.96166992 5680.68164062 5.51423454285
1478875996251 lifecam22 2444.36303711 5677.97070312 5.52151679993
1478875996320 lifecam22 2439.54223633 5674.48828125 5.53061246872
1478875996462 lifecam22 2431.65380859 5667.60302734 5.54739570618
1478875996521 lifecam22 2427.82519531 5662.16894531 5.54882574081
1478875996584 lifecam22 2422.58862305 5658.95361328 5.55780410767
1478875996652 lifecam22 2418.35766602 5655.32470703 5.56403064728
1478875996720 lifecam22 2413.52612305 5651.83837891 5.57432365417
1478875996923 lifecam22 2401.58520508 5638.08349609 5.58508300781
1478875996991 lifecam22 2397.64599609 5634.10644531 5.59481620789
1478875997056 lifecam22 2393.97949219 5630.44335938 5.59671640396
1478875997127 lifecam22 2390.23999023 5624.81396484 5.6032743454
1478875997188 lifecam22 2386.75708008 5620.2109375 5.60051202774
1478875997463 lifecam22 2369.87670898 5604.47705078 5.63740730286
1478875997526 lifecam22 2365.93188477 5600.37792969 5.64377498627
1478875997588 lifecam22 2362.58691406 5596.52929688 5.65351772308
1478875997657 lifecam22 2358.40991211 5591.56005859 5.65471839905
1478875997729 lifecam22 2354.81274414 5587.03271484 5.6630320549
1478875997867 lifecam22 2347.33422852 5578.53320312 5.67754030228
1478875997925 lifecam22 2342.90136719 5576.1796875 5.69644403458
1478875997989 lifecam22 2339.63525391 5570.69287109 5.69749689102
1478875998057 lifecam22 2336.00390625 5566.32226562 5.70331382751
1478875998119 lifecam22 2333.12011719 5561.20898438 5.70498228073
1478875998389 lifecam22 2318.55932617 5542.43212891 5.72944784164
1478875998457 lifecam22 2314.62939453 5538.24902344 5.73907756805
1478875998525 lifecam22 2311.27539062 5533.74755859 5.74402189255
1478875998587 lifecam22 2307.90356445 5530.52734375 5.76036119461
1478875998664 lifecam22 2304.48144531 5523.96582031 5.7575340271
1478875998859 lifecam22 2294.52734375 5510.35986328 5.78094148636
1478875998923 lifecam22 2292.16723633 5505.60986328 5.79105854034
1478875998993 lifecam22 2288.52050781 5501.07373047 5.79293251038
1478875999058 lifecam22 2287.17797852 5495.55273438 5.79366445541
1478875999124 lifecam22 2282.66943359 5490.66601562 5.79968118668
1478875999267 lifecam22 2276.09814453 5481.55078125 5.82131814957
1478875999334 lifecam22 2273.5625 5475.75537109 5.82643985748
1478875999398 lifecam22 2270.42675781 5470.92333984 5.83092546463
1478875999465 lifecam22 2267.83300781 5464.87109375 5.83172225952
1478875999529 lifecam22 2265.03930664 5461.46044922 5.84230184555
1478875999722 lifecam22 2265.88793945 5456.63085938 5.82933425903
1478875999803 lifecam22 2265.93652344 5457.16308594 5.82758569717
1478875999858 lifecam22 2265.66796875 5457.79248047 5.83367872238
1478875999927 lifecam22 2265.93139648 5456.86621094 5.82636737823
1478875999998 lifecam22 2266.1418457 5457.19042969 5.82975196838
1478876000199 lifecam22 2266.05126953 5457.10205078 5.82872581482
1478876000262 lifecam22 2266.43212891 5457.52246094 5.8274307251
1478876000323 lifecam22 2266.24829102 5457.77978516 5.82885026932
1478876000391 lifecam22 2265.82128906 5457.16992188 5.82722234726
1478876000459 lifecam22 2266.11230469 5456.60839844 5.8249464035
1478876000663 lifecam22 2265.94873047 5457.70751953 5.82849550247
1478876000732 lifecam22 2266.39624023 5457.34033203 5.82582473755
1478876000796 lifecam22 2266.39624023 5457.34033203 5.82582473755
