1478875951714 lifecam22 3185.74560547 5857.62597656 4.56251001358
1478875951796 lifecam22 3185.79272461 5857.79101562 4.56407546997
1478875951860 lifecam22 3185.95410156 5857.65039062 4.56305265427
1478875951922 lifecam22 3185.76757812 5857.38427734 4.5617108345
1478875952060 lifecam22 3185.74560547 5857.62597656 4.56251001358
1478875952121 lifecam22 3185.90600586 5857.48535156 4.56148481369
1478875952190 lifecam22 3185.74560547 5857.62597656 4.56251001358
1478875952259 lifecam22 3185.74560547 5857.62597656 4.56251001358
1478875952318 lifecam22 3185.55883789 5857.36035156 4.56116676331
1478875952393 lifecam22 3185.40136719 5857.23876953 4.55982923508
1478875952453 lifecam22 3185.61035156 5857.65087891 4.56252622604
1478875952524 lifecam22 3185.2956543 5857.67822266 4.56228256226
1478875952580 lifecam22 3185.89355469 5857.59667969 4.56385755539
1478875952651 lifecam22 3185.53662109 5857.21386719 4.55981397629
1478875952791 lifecam22 3185.55883789 5857.36035156 4.56116676331
1478875952864 lifecam22 3185.74536133 5857.23779297 4.56035709381
1478875952927 lifecam22 3187.37646484 5857.67138672 4.56544589996
1478875952994 lifecam22 3187.76074219 5857.42138672 4.56515741348
1478875953049 lifecam22 3187.57617188 5857.4140625 4.56480455399
1478875953258 lifecam22 3186.07836914 5857.34082031 4.56180667877
1478875953317 lifecam22 3185.68408203 5857.18408203 4.56116199493
1478875953386 lifecam22 3186.76586914 5857.91748047 4.5680680275
1478875953449 lifecam22 3179.35864258 5857.79199219 4.56510877609
1478875953516 lifecam22 3171.87744141 5860.10253906 4.57641172409
1478875953717 lifecam22 3156.72192383 5865.10449219 4.60667467117
1478875953785 lifecam22 3150.98681641 5865.70996094 4.60627841949
1478875953858 lifecam22 3144.67895508 5867.25976562 4.61502504349
1478875953920 lifecam22 3140.65600586 5869.25683594 4.62742376328
1478875953987 lifecam22 3136.08911133 5870.90917969 4.64351034164
1478875954124 lifecam22 3123.89038086 5872.68896484 4.65357017517
1478875954192 lifecam22 3116.84960938 5873.36132812 4.65631103516
1478875954263 lifecam22 3110.46484375 5872.43066406 4.64729595184
1478875954328 lifecam22 3103.75317383 5872.40722656 4.64727973938
1478875954384 lifecam22 3101.05908203 5873.80078125 4.66152048111
1478875954460 lifecam22 3093.91601562 5874.06640625 4.66502189636
1478875954528 lifecam22 3088.77783203 5874.82568359 4.67013311386
1478875954583 lifecam22 3083.10375977 5875.46435547 4.67787694931
1478875954655 lifecam22 3076.94433594 5876.44384766 4.68055057526
1478875954724 lifecam22 3070.42016602 5876.15136719 4.68475627899
1478875954863 lifecam22 3057.60327148 5878.15722656 4.69529104233
1478875954924 lifecam22 3054.13769531 5879.46289062 4.7202911377
1478875954993 lifecam22 3049.26049805 5880.92773438 4.73546075821
1478875955051 lifecam22 3043.59228516 5880.58935547 4.73758220673
1478875955123 lifecam22 3037.32275391 5881.64306641 4.74209308624
1478875955257 lifecam22 3025.52783203 5881.09521484 4.7475643158
1478875955334 lifecam22 3018.96850586 5879.41845703 4.74730682373
1478875955384 lifecam22 3015.44482422 5881.61572266 4.76706933975
1478875955452 lifecam22 3009.45019531 5881.96777344 4.77162122726
1478875955520 lifecam22 3004.5168457 5883.31542969 4.78420352936
1478875955660 lifecam22 2992.85913086 5882.72021484 4.7936425209
1478875955721 lifecam22 2987.35620117 5883.17578125 4.80067253113
1478875955795 lifecam22 2981.90332031 5883.67333984 4.81300735474
1478875955864 lifecam22 2976.13476562 5884.62695312 4.8210811615
1478875955926 lifecam22 2970.74780273 5884.54443359 4.82635068893
1478875956056 lifecam22 2957.5690918 5882.24511719 4.82469129562
1478875956125 lifecam22 2953.04199219 5882.77441406 4.84308815002
1478875956189 lifecam22 2947.23730469 5882.91503906 4.84841012955
1478875956255 lifecam22 2940.76367188 5882.46435547 4.85153865814
1478875956319 lifecam22 2935.15478516 5882.88232422 4.85793733597
1478875956460 lifecam22 2922.88256836 5882.26269531 4.87540340424
1478875956531 lifecam22 2917.1965332 5880.94238281 4.87677955627
1478875956587 lifecam22 2911.79931641 5881.09326172 4.88385915756
1478875956659 lifecam22 2905.87060547 5880.13085938 4.89396715164
1478875956726 lifecam22 2901.16113281 5879.94482422 4.89914274216
1478875956866 lifecam22 2889.03344727 5877.49804688 4.90332365036
1478875956926 lifecam22 2882.26123047 5875.87304688 4.91176795959
1478875956986 lifecam22 2877.34912109 5876.16015625 4.92116069794
1478875957058 lifecam22 2871.92333984 5875.33398438 4.92437696457
1478875957125 lifecam22 2866.29956055 5874.78027344 4.9341840744
1478875957265 lifecam22 2855.19335938 5873.76123047 4.94734430313
1478875957327 lifecam22 2848.36743164 5873.44677734 4.95548963547
1478875957393 lifecam22 2844.00927734 5871.32373047 4.9574432373
1478875957455 lifecam22 2838.26513672 5872.87792969 4.97546386719
1478875957523 lifecam22 2832.05786133 5870.50976562 4.97927808762
1478875957600 lifecam22 2826.90039062 5870.44042969 4.98852825165
1478875957665 lifecam22 2821.42333984 5868.72802734 4.98760223389
1478875957726 lifecam22 2815.70581055 5867.93408203 4.99744987488
1478875957800 lifecam22 2810.5859375 5866.77197266 5.00219917297
1478875957862 lifecam22 2804.96679688 5865.13378906 5.00659370422
1478875958000 lifecam22 2792.83886719 5862.52441406 5.01676845551
1478875958066 lifecam22 2786.93725586 5862.88964844 5.03173208237
1478875958132 lifecam22 2781.77880859 5862.00830078 5.03978252411
1478875958192 lifecam22 2776.56982422 5860.92138672 5.04456710815
1478875958260 lifecam22 2770.50488281 5858.828125 5.05240106583
1478875958397 lifecam22 2759.26220703 5855.22021484 5.05961942673
1478875958470 lifecam22 2753.77734375 5852.64111328 5.06226205826
1478875958527 lifecam22 2748.29956055 5852.76464844 5.07538509369
1478875958594 lifecam22 2742.7265625 5849.04492188 5.07312488556
1478875958661 lifecam22 2737.60351562 5848.86328125 5.08441352844
1478875958802 lifecam22 2726.45825195 5844.1015625 5.0886888504
1478875958863 lifecam22 2720.70019531 5843.57861328 5.10382986069
1478875958929 lifecam22 2716.23046875 5842.80126953 5.11441373825
1478875958990 lifecam22 2708.90917969 5840.60107422 5.11944055557
1478875959057 lifecam22 2705.26464844 5839.515625 5.12912607193
1478875959270 lifecam22 2687.90600586 5833.38085938 5.14616918564
1478875959390 lifecam22 2675.51513672 5828.99023438 5.15691566467
1478875959458 lifecam22 2671.69775391 5826.71240234 5.16327428818
1478875959525 lifecam22 2666.36938477 5826.23974609 5.17859888077
1478875959660 lifecam22 2654.99755859 5821.43017578 5.19255495071
1478875959726 lifecam22 2649.77978516 5819.18505859 5.19627475739
1478875959799 lifecam22 2644.69555664 5816.95507812 5.20049715042
1478875959859 lifecam22 2639.37768555 5816.36035156 5.21461200714
1478875959937 lifecam22 2633.20947266 5812.61816406 5.21875810623
1478875960071 lifecam22 2623.14135742 5807.671875 5.22721290588
1478875960133 lifecam22 2617.42456055 5804.76367188 5.23144006729
1478875960204 lifecam22 2613.20458984 5802.41748047 5.24139165878
1478875960264 lifecam22 2607.48925781 5800.10742188 5.24831533432
1478875960328 lifecam22 2603.1875 5797.56787109 5.25517559052
1478875960466 lifecam22 2592.82348633 5791.11035156 5.25852489471
1478875960528 lifecam22 2587.46923828 5788.54052734 5.26733827591
1478875960593 lifecam22 2582.58007812 5786.17822266 5.2724852562
1478875960663 lifecam22 2577.99926758 5784.11035156 5.28478288651
1478875960730 lifecam22 2571.61572266 5781.57373047 5.29607963562
1478875960934 lifecam22 2557.0625 5773.00341797 5.31165647507
1478875960995 lifecam22 2552.72509766 5770.3984375 5.32100391388
1478875961072 lifecam22 2546.8515625 5767.25244141 5.32477426529
1478875961135 lifecam22 2542.21240234 5764.63623047 5.33634757996
1478875961196 lifecam22 2537.30273438 5761.56689453 5.33902597427
1478875961332 lifecam22 2527.36450195 5755.25439453 5.35255289078
1478875961393 lifecam22 2523.04638672 5751.71289062 5.35809326172
1478875961462 lifecam22 2517.55786133 5749.56689453 5.36795711517
1478875961528 lifecam22 2513.13452148 5746.43994141 5.37344932556
1478875961593 lifecam22 2507.23779297 5744.06005859 5.38393163681
1478875961731 lifecam22 2498.48608398 5739.13720703 5.40444755554
1478875961806 lifecam22 2493.37158203 5735.5859375 5.40666532516
1478875961872 lifecam22 2488.50366211 5730.89257812 5.40839910507
1478875961933 lifecam22 2483.74194336 5727.453125 5.41510391235
1478875962004 lifecam22 2479.84545898 5724.40234375 5.42024469376
1478875962139 lifecam22 2470.39257812 5717.37792969 5.43189144135
1478875962206 lifecam22 2466.18017578 5711.94873047 5.42946815491
1478875962270 lifecam22 2461.55932617 5709.33300781 5.44009494781
1478875962332 lifecam22 2456.54199219 5706.37255859 5.45001077652
1478875962398 lifecam22 2451.40014648 5703.02587891 5.45871257782
1478875962539 lifecam22 2442.42260742 5695.57080078 5.47310447693
1478875962606 lifecam22 2438.55053711 5691.94921875 5.47783136368
1478875962676 lifecam22 2434.66064453 5690.0546875 5.49147510529
1478875962733 lifecam22 2429.98242188 5685.00341797 5.49400901794
1478875962802 lifecam22 2424.90698242 5680.63427734 5.49497890472
1478875962933 lifecam22 2416.2644043 5676.56591797 5.53141403198
1478875962997 lifecam22 2413.06713867 5670.65820312 5.52421712875
1478875963069 lifecam22 2408.47485352 5666.88818359 5.5312628746
1478875963130 lifecam22 2403.51245117 5662.63818359 5.53360700607
1478875963198 lifecam22 2399.04418945 5658.21435547 5.53820896149
1478875963342 lifecam22 2390.88500977 5652.72607422 5.56642246246
1478875963403 lifecam22 2385.62939453 5649.65185547 5.57817554474
1478875963474 lifecam22 2381.89086914 5643.28466797 5.57152080536
1478875963537 lifecam22 2377.63769531 5641.23876953 5.58742618561
1478875963602 lifecam22 2374.51782227 5635.36474609 5.58116197586
1478875963736 lifecam22 2366.33081055 5629.33886719 5.6060552597
1478875963809 lifecam22 2361.64599609 5624.61816406 5.6126742363
1478875963875 lifecam22 2358.04760742 5620.71533203 5.61241817474
1478875963935 lifecam22 2354.06982422 5615.55175781 5.61557912827
1478875964008 lifecam22 2350.31152344 5613.14794922 5.63093709946
1478875964140 lifecam22 2342.27270508 5603.47070312 5.63697195053
1478875964207 lifecam22 2338.16333008 5598.53955078 5.64750528336
1478875964266 lifecam22 2334.33056641 5595.00683594 5.65613985062
1478875964333 lifecam22 2329.98657227 5591.14697266 5.66722774506
1478875964400 lifecam22 2327.54492188 5585.58447266 5.66709661484
1478875964469 lifecam22 2322.75390625 5581.78173828 5.67666482925
1478875964540 lifecam22 2319.43798828 5576.79101562 5.68047428131
1478875964606 lifecam22 2315.43603516 5572.65771484 5.68933391571
1478875964668 lifecam22 2312.27539062 5567.26855469 5.69012880325
1478875964734 lifecam22 2308.61987305 5563.94238281 5.70163202286
1478875964875 lifecam22 2301.32739258 5555.53613281 5.71903800964
1478875964940 lifecam22 2298.42773438 5548.56494141 5.71589946747
1478875965011 lifecam22 2294.80126953 5546.29541016 5.72634410858
1478875965078 lifecam22 2290.7800293 5540.67333984 5.73766040802
1478875965133 lifecam22 2287.37548828 5537.63085938 5.74724435806
1478875965202 lifecam22 2283.75708008 5530.74902344 5.74218606949
1478875965275 lifecam22 2281.16748047 5526.43945312 5.75206375122
1478875965345 lifecam22 2276.93334961 5522.11914062 5.76533460617
1478875965410 lifecam22 2273.91918945 5517.58154297 5.77028846741
1478875965472 lifecam22 2271.05126953 5512.90429688 5.77347183228
1478875965537 lifecam22 2267.12744141 5509.75195312 5.78697872162
1478875965681 lifecam22 2261.36010742 5499.24072266 5.79781198502
1478875965737 lifecam22 2258.56542969 5494.70507812 5.80350065231
1478875965805 lifecam22 2255.49951172 5489.58105469 5.81057357788
1478875965871 lifecam22 2252.05712891 5484.84472656 5.81509923935
1478875965940 lifecam22 2249.81469727 5478.1328125 5.80827045441
1478875966007 lifecam22 2252.41186523 5476.82128906 5.79075479507
1478875966069 lifecam22 2251.22583008 5477.80126953 5.79821157455
1478875966145 lifecam22 2251.27319336 5477.30371094 5.79681777954
1478875966213 lifecam22 2251.62133789 5476.86523438 5.79469919205
1478875966269 lifecam22 2251.29296875 5477.56689453 5.79783821106
1478875966419 lifecam22 2251.54785156 5477.35253906 5.79491472244
1478875966473 lifecam22 2251.15917969 5477.70703125 5.79954862595
1478875966537 lifecam22 2251.27319336 5477.30371094 5.79681777954
1478875966609 lifecam22 2251.63793945 5476.79638672 5.79304027557
1478875966678 lifecam22 2251.42895508 5477.46240234 5.79753684998
1478875966737 lifecam22 2251.46557617 5477.29736328 5.7965092659
1478875966817 lifecam22 2251.50341797 5476.94482422 5.79597377777
1478875966881 lifecam22 2251.38305664 5477.8671875 5.79960489273
1478875966948 lifecam22 2251.71875 5476.86132812 5.79403924942
1478875967013 lifecam22 2251.46557617 5477.29736328 5.7965092659
