1478876916221 lifecam22 3189.88037109 5860.07373047 4.59441804886
1478876916288 lifecam22 3190.69604492 5859.86376953 4.59367179871
1478876916351 lifecam22 3190.28955078 5860.109375 4.59388589859
1478876916419 lifecam22 3191.24536133 5859.65429688 4.59134197235
1478876916562 lifecam22 3191.05761719 5859.74462891 4.59309148788
1478876916619 lifecam22 3191.51123047 5859.99169922 4.59713077545
1478876916694 lifecam22 3190.21923828 5859.68457031 4.58998584747
1478876916757 lifecam22 3189.79003906 5859.79052734 4.59315490723
1478876916815 lifecam22 3189.97509766 5860.03222656 4.59420681
1478876917025 lifecam22 3191.24536133 5859.65429688 4.59134197235
1478876917091 lifecam22 3190.93432617 5859.65283203 4.59223890305
1478876917155 lifecam22 3190.69213867 5859.51318359 4.58912324905
1478876917218 lifecam22 3191.59277344 5859.66894531 4.59434509277
1478876917287 lifecam22 3190.70751953 5859.90478516 4.59535312653
1478876917493 lifecam22 3191.58959961 5859.328125 4.5870718956
1478876917564 lifecam22 3191.80834961 5858.99511719 4.58432292938
1478876917624 lifecam22 3191.41333008 5859.34130859 4.5855178833
1478876917755 lifecam22 3191.50927734 5859.2109375 4.59152841568
1478876917951 lifecam22 3172.88842773 5861.86621094 4.59741020203
1478876918023 lifecam22 3169.90380859 5861.50292969 4.59679985046
1478876918090 lifecam22 3163.53735352 5864.34912109 4.61219930649
1478876918155 lifecam22 3157.19604492 5864.55859375 4.61254930496
1478876918223 lifecam22 3153.10864258 5865.51318359 4.61970329285
1478876918361 lifecam22 3142.38183594 5866.75 4.634349823
1478876918418 lifecam22 3135.9831543 5869.38037109 4.64478588104
1478876918491 lifecam22 3130.20361328 5868.04785156 4.64255571365
1478876918553 lifecam22 3124.04296875 5870.62988281 4.65124845505
1478876918623 lifecam22 3117.32080078 5870.58251953 4.65129089355
1478876918831 lifecam22 3103.41235352 5875.57519531 4.69301223755
1478876918891 lifecam22 3098.42919922 5876.34326172 4.70282888412
1478876918958 lifecam22 3092.26855469 5876.20947266 4.70487642288
1478876919023 lifecam22 3086.03662109 5876.14892578 4.70685529709
1478876919091 lifecam22 3079.15771484 5875.74658203 4.70451688766
1478876919294 lifecam22 3061.19116211 5876.48291016 4.71996641159
1478876919358 lifecam22 3054.08276367 5876.61132812 4.72223901749
1478876919425 lifecam22 3050.55151367 5877.97265625 4.73496675491
1478876919485 lifecam22 3044.09667969 5878.07666016 4.73710346222
1478876919558 lifecam22 3037.93676758 5878.71826172 4.74490261078
1478876919694 lifecam22 3027.11401367 5879.765625 4.76872110367
1478876919763 lifecam22 3021.66674805 5880.30761719 4.77578735352
1478876919824 lifecam22 3016.12451172 5879.91357422 4.77564239502
1478876919894 lifecam22 3010.23950195 5880.59765625 4.78364562988
1478876919960 lifecam22 3005.15771484 5880.74365234 4.79341745377
1478876920154 lifecam22 2988.55932617 5880.94970703 4.81411600113
1478876920228 lifecam22 2982.09472656 5879.83251953 4.81428909302
1478876920293 lifecam22 2977.16918945 5880.62548828 4.82882165909
1478876920359 lifecam22 2971.44335938 5880.15283203 4.83224630356
1478876920428 lifecam22 2966.08764648 5880.34863281 4.84267234802
1478876920632 lifecam22 2948.87695312 5881.01806641 4.86651182175
1478876920689 lifecam22 2942.08984375 5879.12451172 4.86557435989
1478876920756 lifecam22 2936.63769531 5879.73193359 4.87522268295
1478876920829 lifecam22 2929.97338867 5879.203125 4.87945270538
1478876920894 lifecam22 2925.06518555 5879.62255859 4.8918967247
1478876921034 lifecam22 2913.66186523 5878.04248047 4.89929246902
1478876921088 lifecam22 2907.92724609 5877.25732422 4.90422201157
1478876921162 lifecam22 2903.07958984 5877.11572266 4.9187412262
1478876921227 lifecam22 2896.88525391 5876.45068359 4.92178678513
1478876921293 lifecam22 2890.17578125 5875.13427734 4.92644929886
1478876921497 lifecam22 2872.73706055 5872.55078125 4.94097471237
1478876921562 lifecam22 2867.42407227 5871.56445312 4.95117950439
1478876921624 lifecam22 2862.98193359 5870.60888672 4.95749378204
1478876921701 lifecam22 2856.83251953 5870.29394531 4.96541881561
1478876921768 lifecam22 2850.65551758 5867.32714844 4.96487855911
1478876921964 lifecam22 2834.50927734 5865.96337891 4.9890127182
1478876922030 lifecam22 2829.44848633 5864.18359375 4.99059391022
1478876922092 lifecam22 2823.59521484 5864.30029297 5.0057182312
1478876922162 lifecam22 2817.39648438 5863.22460938 5.01495265961
1478876922223 lifecam22 2811.96484375 5861.84814453 5.01716279984
1478876922362 lifecam22 2800.92333984 5859.22509766 5.03368091583
1478876922428 lifecam22 2795.21020508 5857.12841797 5.03282928467
1478876922492 lifecam22 2790.08422852 5857.24560547 5.04786729813
1478876922562 lifecam22 2784.81787109 5855.92871094 5.0509519577
1478876922629 lifecam22 2777.83227539 5854.69970703 5.0616312027
1478876922766 lifecam22 2767.31567383 5851.36376953 5.07180643082
1478876922831 lifecam22 2762.07373047 5849.87304688 5.07766389847
1478876922899 lifecam22 2756.89428711 5848.45703125 5.08244180679
1478876922965 lifecam22 2750.06982422 5845.71826172 5.08489227295
1478876923025 lifecam22 2745.53320312 5845.55712891 5.09903335571
1478876923231 lifecam22 2729.01489258 5839.95703125 5.11676168442
1478876923299 lifecam22 2724.1081543 5839.40917969 5.12763547897
1478876923360 lifecam22 2717.55688477 5836.16796875 5.13024663925
1478876923424 lifecam22 2712.41235352 5834.88818359 5.13555669785
1478876923699 lifecam22 2691.07519531 5827.7890625 5.17163324356
1478876923766 lifecam22 2684.72558594 5824.40820312 5.16964578629
1478876923831 lifecam22 2680.03710938 5822.65478516 5.17640972137
1478876923898 lifecam22 2673.79980469 5820.01318359 5.17600154877
1478876923964 lifecam22 2669.91723633 5817.8515625 5.18753528595
1478876924100 lifecam22 2658.08520508 5812.96923828 5.19909143448
1478876924162 lifecam22 2653.51196289 5813.27246094 5.21690893173
1478876924224 lifecam22 2647.13183594 5808.99804688 5.21612262726
1478876924296 lifecam22 2642.7253418 5808.15283203 5.23224258423
1478876924361 lifecam22 2636.76513672 5805.84863281 5.2370262146
1478876924566 lifecam22 2620.96777344 5798.06738281 5.25619792938
1478876924636 lifecam22 2616.16943359 5795.95214844 5.26336812973
1478876924704 lifecam22 2612.2043457 5793.99804688 5.27394628525
1478876924771 lifecam22 2605.77612305 5789.90039062 5.27368736267
1478876924834 lifecam22 2600.50585938 5787.77636719 5.28214502335
1478876924972 lifecam22 2589.79980469 5781.94970703 5.29030704498
1478876925035 lifecam22 2586.12280273 5779.89599609 5.30258989334
1478876925101 lifecam22 2579.78149414 5776.42675781 5.30489587784
1478876925164 lifecam22 2575.32495117 5773.24267578 5.31296396255
1478876925233 lifecam22 2570.42578125 5770.44580078 5.31492757797
1478876925437 lifecam22 2556.04345703 5760.58154297 5.33293104172
1478876925503 lifecam22 2551.85620117 5758.33447266 5.34408473969
1478876925563 lifecam22 2545.65820312 5753.28271484 5.34277200699
1478876925626 lifecam22 2541.79931641 5752.01611328 5.35594463348
1478876925695 lifecam22 2536.29370117 5749.47998047 5.36399316788
1478876925857 lifecam22 2526.28686523 5743.54736328 5.37715435028
1478876925901 lifecam22 2521.72265625 5740.43701172 5.38904714584
1478876925969 lifecam22 2517.07373047 5738.49267578 5.39769077301
1478876926033 lifecam22 2512.82617188 5733.92529297 5.39851093292
1478876926097 lifecam22 2506.99560547 5731.08740234 5.40916872025
1478876926304 lifecam22 2493.44116211 5721.30029297 5.42669248581
1478876926371 lifecam22 2488.89624023 5716.2734375 5.42586708069
1478876926437 lifecam22 2483.98876953 5715.19824219 5.44545602798
1478876926500 lifecam22 2479.53149414 5709.75 5.43938732147
1478876926575 lifecam22 2474.69750977 5707.80224609 5.45508670807
1478876926764 lifecam22 2460.61523438 5699.10791016 5.48418807983
1478876926830 lifecam22 2456.07348633 5694.94677734 5.48806762695
1478876926906 lifecam22 2451.54858398 5691.24707031 5.49610280991
1478876926962 lifecam22 2447.04956055 5688.72167969 5.51115131378
1478876927172 lifecam22 2434.11621094 5676.87890625 5.51990175247
1478876927238 lifecam22 2431.43261719 5669.56933594 5.51185274124
1478876927303 lifecam22 2424.92797852 5668.9375 5.53464317322
1478876927367 lifecam22 2422.81005859 5663.41308594 5.53723096848
1478876927438 lifecam22 2417.69824219 5662.80908203 5.55577707291
1478876927638 lifecam22 2404.640625 5648.66894531 5.56468343735
1478876927709 lifecam22 2401.359375 5645.06054688 5.57411909103
1478876927776 lifecam22 2396.41430664 5642.04394531 5.58437681198
1478876927832 lifecam22 2391.99584961 5637.67529297 5.5928068161
1478876927904 lifecam22 2387.59008789 5633.24902344 5.59744358063
1478876928106 lifecam22 2376.83007812 5619.87207031 5.61369657516
1478876928171 lifecam22 2371.91748047 5617.56787109 5.62773942947
1478876928237 lifecam22 2368.15600586 5612.24951172 5.62877702713
1478876928305 lifecam22 2363.4777832 5609.0390625 5.6406879425
1478876928370 lifecam22 2359.79760742 5604.67089844 5.64576292038
1478876928507 lifecam22 2351.79418945 5597.20214844 5.66209125519
1478876928575 lifecam22 2348.17895508 5591.19189453 5.66334295273
1478876928639 lifecam22 2344.59619141 5586.28417969 5.6641087532
1478876928709 lifecam22 2341.05200195 5583.65966797 5.68018388748
1478876928777 lifecam22 2337.55395508 5578.84277344 5.68322563171
1478876928970 lifecam22 2326.58203125 5564.05273438 5.69777965546
1478876929033 lifecam22 2323.9387207 5558.54492188 5.69798469543
1478876929103 lifecam22 2319.72143555 5555.14746094 5.71218824387
1478876929173 lifecam22 2316.54101562 5549.97460938 5.71547746658
1478876929240 lifecam22 2312.26171875 5546.39599609 5.72584724426
1478876929445 lifecam22 2302.87890625 5530.98925781 5.74352884293
1478876929508 lifecam22 2298.66210938 5527.6796875 5.75719165802
1478876929571 lifecam22 2295.35424805 5523.7734375 5.76598167419
1478876929642 lifecam22 2291.89160156 5519.34375 5.77372074127
1478876929705 lifecam22 2288.88134766 5513.3515625 5.77154302597
1478876929907 lifecam22 2279.27197266 5499.81298828 5.7983288765
1478876929977 lifecam22 2276.43725586 5495.01757812 5.80335998535
1478876930039 lifecam22 2273.29980469 5490.00097656 5.80876922607
1478876930106 lifecam22 2269.25854492 5485.35009766 5.81991243362
1478876930174 lifecam22 2266.66723633 5479.92578125 5.82128047943
1478876930309 lifecam22 2260.42260742 5470.70703125 5.83679866791
1478876930374 lifecam22 2257.40307617 5465.25341797 5.84195566177
1478876930439 lifecam22 2259.74829102 5458.51123047 5.81494665146
1478876930506 lifecam22 2259.69360352 5463.03662109 5.82668781281
1478876930574 lifecam22 2259.00512695 5461.54638672 5.82740354538
1478876930709 lifecam22 2258.94897461 5461.68066406 5.82693433762
1478876930775 lifecam22 2259.4543457 5461.765625 5.82602834702
1478876930844 lifecam22 2259.03881836 5461.796875 5.82818984985
1478876930907 lifecam22 2259.49023438 5461.38037109 5.82413005829
1478876930978 lifecam22 2259.23999023 5461.52294922 5.82674074173
1478876931178 lifecam22 2259.03881836 5461.796875 5.82818984985
1478876931244 lifecam22 2259.03881836 5461.796875 5.82818984985
1478876931306 lifecam22 2259.11767578 5461.85595703 5.82780456543
1478876931376 lifecam22 2259.15014648 5461.40625 5.82548332214
1478876931442 lifecam22 2259.29663086 5461.64746094 5.826795578
