1478875916198 lifecam22 3185.05175781 5855.62207031 4.54181003571
1478875916333 lifecam22 3184.76098633 5854.58691406 4.5357170105
1478875916403 lifecam22 3185.29174805 5854.67822266 4.53882980347
1478875916463 lifecam22 3184.546875 5854.69384766 4.53501081467
1478875916528 lifecam22 3185.19970703 5854.35986328 4.53571224213
1478875916595 lifecam22 3185.40087891 5854.50439453 4.53738021851
1478875916728 lifecam22 3185.43041992 5854.65039062 4.53750896454
1478875916808 lifecam22 3185.31713867 5854.44921875 4.53550291061
1478875916864 lifecam22 3185.44116211 5854.40429688 4.53665494919
1478875916922 lifecam22 3184.6394043 5854.50830078 4.5333275795
1478875917002 lifecam22 3185.12109375 5854.45947266 4.53646564484
1478875917130 lifecam22 3185.50390625 5854.46923828 4.53857898712
1478875917201 lifecam22 3184.93041992 5854.43066406 4.53455972672
1478875917260 lifecam22 3185.81567383 5855.38330078 4.54111146927
1478875917329 lifecam22 3185.45678711 5854.4140625 4.53666877747
1478875917402 lifecam22 3185.55981445 5854.84326172 4.53833198547
1478875917539 lifecam22 3185.58251953 5855.22753906 4.53925418854
1478875917664 lifecam22 3185.77758789 5854.76953125 4.53917884827
1478875917733 lifecam22 3185.2878418 5854.07910156 4.53073978424
1478875917807 lifecam22 3186.41357422 5854.56738281 4.5347442627
1478875917933 lifecam22 3189.63256836 5855.34667969 4.54269218445
1478875918007 lifecam22 3189.08496094 5855.359375 4.54311513901
1478875918069 lifecam22 3187.12646484 5855.16943359 4.54013538361
1478875918136 lifecam22 3187.29272461 5855.03710938 4.54053544998
1478875918196 lifecam22 3184.71166992 5854.77685547 4.539914608
1478875918333 lifecam22 3169.07519531 5857.03076172 4.54463577271
1478875918398 lifecam22 3164.921875 5857.32666016 4.54872894287
1478875918469 lifecam22 3158.59106445 5859.34375 4.55812692642
1478875918538 lifecam22 3153.22631836 5860.23828125 4.56132555008
1478875918607 lifecam22 3148.48486328 5862.67333984 4.57499980927
1478875918735 lifecam22 3136.71191406 5864.99365234 4.58724927902
1478875918802 lifecam22 3130.03393555 5866.86328125 4.59276294708
1478875918867 lifecam22 3124.57958984 5867.41015625 4.59939956665
1478875918929 lifecam22 3119.96972656 5869.38476562 4.60875511169
1478875918997 lifecam22 3113.4453125 5869.37646484 4.61053228378
1478875919134 lifecam22 3102.26391602 5872.29736328 4.62658786774
1478875919203 lifecam22 3096.85375977 5873.22998047 4.63226556778
1478875919263 lifecam22 3090.04541016 5873.62109375 4.63596773148
1478875919336 lifecam22 3086.609375 5874.88671875 4.64926671982
1478875919404 lifecam22 3080.37744141 5875.30810547 4.65213727951
1478875919670 lifecam22 3056.80957031 5880.47607422 4.68357181549
1478875919735 lifecam22 3050.86889648 5881.63671875 4.69635868073
1478875919797 lifecam22 3047.48754883 5882.79248047 4.70881843567
1478875919876 lifecam22 3041.31518555 5883.36767578 4.71414279938
1478875919936 lifecam22 3036.82226562 5883.35302734 4.71816492081
1478875919998 lifecam22 3029.86572266 5883.17822266 4.71660232544
1478875920065 lifecam22 3023.22021484 5882.63867188 4.71181344986
1478875920139 lifecam22 3017.4230957 5882.90917969 4.71695804596
1478875920267 lifecam22 3006.03051758 5883.84667969 4.73004198074
1478875920338 lifecam22 3001.69335938 5884.76464844 4.73994588852
1478875920408 lifecam22 2996.3034668 5885.12109375 4.75370788574
1478875920466 lifecam22 2989.57275391 5884.85205078 4.75699853897
1478875920533 lifecam22 2983.58032227 5885.00585938 4.75810146332
1478875920668 lifecam22 2973.29956055 5886.36181641 4.78370714188
1478875920732 lifecam22 2966.18774414 5886.33447266 4.78600168228
1478875920811 lifecam22 2961.05419922 5886.125 4.79315280914
1478875920877 lifecam22 2955.31030273 5886.84423828 4.79536914825
1478875920939 lifecam22 2949.25390625 5885.94726562 4.80223655701
1478875921072 lifecam22 2938.72192383 5886.28808594 4.82164287567
1478875921143 lifecam22 2932.81616211 5886.85058594 4.82978248596
1478875921205 lifecam22 2925.55566406 5885.14746094 4.82415962219
1478875921272 lifecam22 2920.66723633 5885.77587891 4.83534383774
1478875921335 lifecam22 2914.30151367 5885.03662109 4.84125375748
1478875921474 lifecam22 2902.68920898 5885.02148438 4.85559463501
1478875921538 lifecam22 2897.54980469 5884.52246094 4.86283588409
1478875921608 lifecam22 2891.85595703 5884.75195312 4.86871957779
1478875921675 lifecam22 2886.2890625 5883.93847656 4.8774523735
1478875921739 lifecam22 2880.0612793 5884.30957031 4.88578128815
1478875921881 lifecam22 2868.36181641 5881.98144531 4.89125728607
1478875921939 lifecam22 2863.75317383 5881.96826172 4.9005408287
1478875922000 lifecam22 2857.59399414 5880.62109375 4.90631532669
1478875922068 lifecam22 2852.20166016 5880.00634766 4.90844249725
1478875922141 lifecam22 2846.33105469 5878.04638672 4.91548490524
1478875922276 lifecam22 2834.25024414 5877.18164062 4.92513132095
1478875922346 lifecam22 2829.18652344 5877.87255859 4.93622875214
1478875922404 lifecam22 2822.62231445 5876.546875 4.94365119934
1478875922467 lifecam22 2817.78857422 5876.10742188 4.95373487473
1478875922536 lifecam22 2812.12890625 5875.85253906 4.96140193939
1478875922671 lifecam22 2800.98413086 5874.16894531 4.97491025925
1478875922736 lifecam22 2795.125 5873.24511719 4.97914552689
1478875922803 lifecam22 2788.83300781 5872.08349609 4.98554372787
1478875922874 lifecam22 2783.72192383 5870.23681641 4.98908996582
1478875922940 lifecam22 2777.90112305 5869.83544922 4.99435806274
1478875923010 lifecam22 2772.98608398 5867.18652344 5.00100851059
1478875923073 lifecam22 2767.08544922 5868.04052734 5.01197242737
1478875923144 lifecam22 2760.50097656 5865.56640625 5.01425886154
1478875923209 lifecam22 2755.46069336 5866.47216797 5.0297870636
1478875923272 lifecam22 2749.07446289 5864.12890625 5.03280448914
1478875923541 lifecam22 2728.05517578 5859.05615234 5.05842590332
1478875923610 lifecam22 2722.29492188 5857.58300781 5.06729507446
1478875923682 lifecam22 2716.4777832 5854.71728516 5.06609678268
1478875923738 lifecam22 2710.79638672 5853.35546875 5.07312965393
1478875923813 lifecam22 2705.73657227 5851.87890625 5.07898235321
1478875923945 lifecam22 2693.73876953 5848.75927734 5.09252023697
1478875924007 lifecam22 2688.25976562 5847.49707031 5.09923410416
1478875924078 lifecam22 2683.16943359 5845.81787109 5.1079454422
1478875924141 lifecam22 2677.27441406 5844.75439453 5.11711502075
1478875924202 lifecam22 2672.29174805 5842.23828125 5.12080764771
1478875924272 lifecam22 2666.73535156 5841.44287109 5.1293888092
1478875924341 lifecam22 2660.65551758 5837.609375 5.13164424896
1478875924404 lifecam22 2655.25341797 5837.73095703 5.14443588257
1478875924471 lifecam22 2648.43920898 5833.61865234 5.14382886887
1478875924540 lifecam22 2644.64160156 5833.2109375 5.15831756592
1478875924676 lifecam22 2633.30566406 5827.578125 5.16445016861
1478875924750 lifecam22 2628.10058594 5825.24462891 5.17148208618
1478875924809 lifecam22 2623.2512207 5824.56152344 5.18292427063
1478875924873 lifecam22 2617.65527344 5823.33398438 5.19337081909
1478875924947 lifecam22 2612.46875 5820.41162109 5.19561719894
1478875925079 lifecam22 2601.86938477 5815.14208984 5.21027898788
1478875925141 lifecam22 2595.98291016 5813.66601562 5.2210111618
1478875925207 lifecam22 2590.80126953 5810.25634766 5.21886301041
1478875925274 lifecam22 2585.8269043 5808.15478516 5.22996282578
1478875925340 lifecam22 2580.67700195 5806.07177734 5.23532342911
1478875925479 lifecam22 2570.15771484 5800.97558594 5.24820566177
1478875925537 lifecam22 2565.77148438 5797.21289062 5.24758863449
1478875925611 lifecam22 2559.96484375 5796.21972656 5.26348876953
1478875925681 lifecam22 2555.17871094 5792.12255859 5.26197862625
1478875925739 lifecam22 2550.45605469 5790.78271484 5.27482557297
1478875925882 lifecam22 2539.74829102 5785.55322266 5.2898774147
1478875925949 lifecam22 2534.49731445 5782.61083984 5.29559183121
1478875926078 lifecam22 2524.83691406 5776.47119141 5.30398607254
1478875926147 lifecam22 2518.90576172 5773.24658203 5.30900907516
1478875926284 lifecam22 2509.96899414 5768.41894531 5.32657718658
1478875926350 lifecam22 2505.28588867 5765.25732422 5.32671642303
1478875926413 lifecam22 2499.62817383 5761.77734375 5.33885574341
1478875926482 lifecam22 2494.86669922 5758.85595703 5.33955955505
1478875926548 lifecam22 2489.95605469 5755.76123047 5.34958076477
1478875926688 lifecam22 2479.68041992 5750.69482422 5.36644124985
1478875926745 lifecam22 2475.33276367 5747.69628906 5.37540388107
1478875926818 lifecam22 2469.65625 5743.58251953 5.3778834343
1478875926882 lifecam22 2465.63183594 5740.89111328 5.38543224335
1478875926952 lifecam22 2460.44018555 5737.02880859 5.38681840897
1478875927149 lifecam22 2446.72949219 5725.56005859 5.40233039856
1478875927217 lifecam22 2442.90966797 5724.13134766 5.41340970993
1478875927281 lifecam22 2437.43359375 5720.46972656 5.42202663422
1478875927351 lifecam22 2432.54833984 5717.56787109 5.42958545685
1478875927415 lifecam22 2428.42529297 5715.45410156 5.44122648239
1478875927551 lifecam22 2418.27734375 5708.42724609 5.4554772377
1478875927618 lifecam22 2413.88549805 5704.54248047 5.45973682404
1478875927689 lifecam22 2408.64306641 5702.23291016 5.47126102448
1478875927753 lifecam22 2404.390625 5698.41650391 5.4785785675
1478875927818 lifecam22 2400.13232422 5694.96289062 5.48248434067
1478875928022 lifecam22 2386.58203125 5686.85644531 5.52827310562
1478875928087 lifecam22 2382.69311523 5681.57128906 5.52123594284
1478875928149 lifecam22 2378.18896484 5676.96386719 5.51950597763
1478875928217 lifecam22 2373.91796875 5672.68066406 5.52410316467
1478875928284 lifecam22 2369.0625 5669.40283203 5.53586196899
1478875928418 lifecam22 2360.62353516 5661.77685547 5.54754161835
1478875928487 lifecam22 2356.37963867 5658.43603516 5.56399154663
1478875928551 lifecam22 2352.28857422 5652.94287109 5.56142663956
1478875928618 lifecam22 2348.23022461 5648.00537109 5.56096744537
1478875928690 lifecam22 2344.33276367 5646.83105469 5.57924938202
1478875928888 lifecam22 2331.98071289 5633.48876953 5.59427499771
1478875928955 lifecam22 2329.05224609 5630.52246094 5.6053943634
1478875929019 lifecam22 2323.96679688 5625.32958984 5.60563516617
1478875929083 lifecam22 2320.60571289 5619.99023438 5.612159729
1478875929151 lifecam22 2316.74072266 5616.72900391 5.62093257904
1478875929351 lifecam22 2304.41186523 5604.05517578 5.64024162292
1478875929415 lifecam22 2300.44433594 5600.47851562 5.64871788025
1478875929479 lifecam22 2296.67163086 5594.59667969 5.64548921585
1478875929551 lifecam22 2292.63012695 5592.07421875 5.66368484497
1478875929620 lifecam22 2288.81933594 5585.55566406 5.65853071213
1478875929749 lifecam22 2281.19921875 5579.1796875 5.68443202972
1478875929816 lifecam22 2277.42138672 5573.75 5.68503427505
1478875929886 lifecam22 2274.08178711 5570.19042969 5.69766569138
1478875929954 lifecam22 2270.62963867 5564.40039062 5.6966791153
1478875930155 lifecam22 2259.98730469 5550.53857422 5.71587181091
1478875930224 lifecam22 2255.8527832 5545.89111328 5.72130155563
1478875930291 lifecam22 2252.36157227 5541.1015625 5.72944021225
1478875930355 lifecam22 2249.19067383 5537.11962891 5.73553562164
1478875930416 lifecam22 2246.69604492 5530.28857422 5.73522949219
1478875930560 lifecam22 2240.17114258 5522.39208984 5.75414848328
1478875930614 lifecam22 2236.50537109 5518.28857422 5.7634973526
1478875930694 lifecam22 2233.60888672 5512.19384766 5.76325798035
1478875930748 lifecam22 2231.10058594 5507.4140625 5.76032352448
1478875930816 lifecam22 2233.53808594 5504.83837891 5.74268198013
1478875931023 lifecam22 2232.95532227 5505.50488281 5.74895572662
1478875931088 lifecam22 2233.51269531 5504.84716797 5.74291610718
1478875931158 lifecam22 2232.95263672 5505.55273438 5.74809265137
1478875931225 lifecam22 2232.95263672 5505.55273438 5.74809265137
1478875931283 lifecam22 2233.04760742 5505.16455078 5.74548578262
1478875931418 lifecam22 2232.83642578 5505.99804688 5.74978876114
1478875931485 lifecam22 2232.95947266 5505.51806641 5.74661064148
