1478875734450 lifecam22 3184.80566406 5856.21337891 4.55579471588
1478875734518 lifecam22 3184.28735352 5856.25195312 4.55122327805
1478875734578 lifecam22 3184.49047852 5856.73681641 4.55748033524
1478875734715 lifecam22 3184.79296875 5856.21679688 4.55176019669
1478875734788 lifecam22 3185.12548828 5856.81445312 4.55781745911
1478875734852 lifecam22 3184.56982422 5856.56054688 4.55583047867
1478875734919 lifecam22 3185.03271484 5856.48193359 4.55871248245
1478875734986 lifecam22 3184.96313477 5856.56640625 4.55799818039
1478875735123 lifecam22 3185.24121094 5856.38427734 4.55933713913
1478875735182 lifecam22 3185.32421875 5856.31884766 4.55631303787
1478875735250 lifecam22 3185.42236328 5856.26416016 4.55468559265
1478875735320 lifecam22 3185.44628906 5856.27441406 4.55748558044
1478875735387 lifecam22 3185.20849609 5856.22900391 4.55539941788
1478875735517 lifecam22 3185.26879883 5856.28222656 4.55459833145
1478875735584 lifecam22 3185.30419922 5856.18847656 4.55373811722
1478875735650 lifecam22 3185.15429688 5856.21826172 4.55238962173
1478875735714 lifecam22 3186.57592773 5856.28222656 4.55333948135
1478875735786 lifecam22 3187.36035156 5855.63623047 4.55232429504
1478875735920 lifecam22 3186.38012695 5856.32470703 4.55666399002
1478875735989 lifecam22 3184.72143555 5855.26953125 4.55098724365
1478875736054 lifecam22 3177.52441406 5855.02832031 4.54596185684
1478875736182 lifecam22 3164.23022461 5855.73144531 4.54600095749
1478875736323 lifecam22 3152.05932617 5859.54443359 4.56552410126
1478875736386 lifecam22 3149.10766602 5861.58837891 4.58013057709
1478875736451 lifecam22 3142.59472656 5863.63476562 4.58769083023
1478875736517 lifecam22 3137.14501953 5864.63623047 4.59167146683
1478875736587 lifecam22 3131.39941406 5866.18310547 4.59996986389
1478875736716 lifecam22 3120.61206055 5868.84570312 4.6172118187
1478875736783 lifecam22 3114.8190918 5869.46435547 4.62255764008
1478875736849 lifecam22 3108.5949707 5870.60644531 4.62779903412
1478875736914 lifecam22 3103.03198242 5870.83349609 4.63415718079
1478875736989 lifecam22 3096.80786133 5871.98828125 4.63796472549
1478875737127 lifecam22 3087.56103516 5874.65966797 4.6591591835
1478875737186 lifecam22 3081.99926758 5874.97607422 4.66385746002
1478875737253 lifecam22 3076.25 5876.11035156 4.67225837708
1478875737318 lifecam22 3070.06567383 5877.90820312 4.6804432869
1478875737385 lifecam22 3063.90649414 5879.33544922 4.68780136108
1478875737520 lifecam22 3050.24194336 5879.99511719 4.6920633316
1478875737587 lifecam22 3047.13085938 5882.1484375 4.70869016647
1478875737653 lifecam22 3040.87280273 5883.51953125 4.7219877243
1478875737719 lifecam22 3037.33984375 5884.50878906 4.73110198975
1478875737785 lifecam22 3029.73242188 5882.39355469 4.72007036209
1478875737860 lifecam22 3023.73364258 5882.45654297 4.71717309952
1478875737926 lifecam22 3016.15795898 5880.15576172 4.71209287643
1478875737989 lifecam22 3012.67651367 5881.52978516 4.73226165771
1478875738051 lifecam22 3007.45849609 5881.83837891 4.74021673203
1478875738125 lifecam22 3001.82128906 5881.96044922 4.74501895905
1478875738261 lifecam22 2988.95776367 5881.55810547 4.74984359741
1478875738320 lifecam22 2983.93041992 5885.02294922 4.76775217056
1478875738392 lifecam22 2977.89916992 5882.33154297 4.76900243759
1478875738456 lifecam22 2972.62988281 5883.97265625 4.78046131134
1478875738520 lifecam22 2966.6574707 5884.27148438 4.78822994232
1478875738720 lifecam22 2949.53564453 5884.97509766 4.80712842941
1478875738788 lifecam22 2944.83544922 5885.76025391 4.82511377335
1478875738856 lifecam22 2938.56616211 5885.18408203 4.82686948776
1478875738921 lifecam22 2933.27026367 5885.375 4.83400917053
1478875738990 lifecam22 2926.74267578 5883.47900391 4.83198881149
1478875739134 lifecam22 2914.19897461 5883.43017578 4.84616851807
1478875739182 lifecam22 2908.29492188 5884.27001953 4.85522890091
1478875739260 lifecam22 2902.88452148 5883.77099609 4.85963726044
1478875739319 lifecam22 2897.640625 5883.52880859 4.86825180054
1478875739386 lifecam22 2892.48583984 5883.58740234 4.87990617752
1478875739591 lifecam22 2874.0324707 5880.63623047 4.89007902145
1478875739652 lifecam22 2869.13745117 5879.98535156 4.89609241486
1478875739723 lifecam22 2863.46899414 5879.13085938 4.90147161484
1478875739789 lifecam22 2858.32006836 5877.94677734 4.90514945984
1478875739855 lifecam22 2851.52441406 5877.64404297 4.91459941864
1478875740052 lifecam22 2834.90600586 5876.29833984 4.93820381165
1478875740123 lifecam22 2829.24169922 5875.90039062 4.94822406769
1478875740189 lifecam22 2823.65087891 5874.57519531 4.94922780991
1478875740257 lifecam22 2817.72216797 5874.11865234 4.96032714844
1478875740325 lifecam22 2812.97436523 5872.48486328 4.96554088593
1478875740461 lifecam22 2801.00927734 5871.11669922 4.97812652588
1478875740520 lifecam22 2796.34155273 5871.52783203 4.99085664749
1478875740593 lifecam22 2790.58447266 5869.81201172 4.99339723587
1478875740660 lifecam22 2784.85693359 5868.51904297 4.99769163132
1478875740722 lifecam22 2778.1418457 5866.20996094 4.99831151962
1478875740924 lifecam22 2762.59985352 5863.95458984 5.02748680115
1478875740986 lifecam22 2755.95678711 5862.99316406 5.0332198143
1478875741057 lifecam22 2749.9909668 5860.67089844 5.03607320786
1478875741122 lifecam22 2745.3359375 5860.89746094 5.04900693893
1478875741191 lifecam22 2739.80541992 5859.16796875 5.05660676956
1478875741329 lifecam22 2728.36889648 5855.14697266 5.0626540184
1478875741387 lifecam22 2723.33740234 5854.92285156 5.07382297516
1478875741458 lifecam22 2717.9362793 5853.04101562 5.07678890228
1478875741524 lifecam22 2711.51245117 5850.60302734 5.07981300354
1478875741590 lifecam22 2706.57055664 5849.27392578 5.085750103
1478875741789 lifecam22 2688.82006836 5843.33056641 5.10391664505
1478875741855 lifecam22 2684.10302734 5842.78027344 5.11704921722
1478875741925 lifecam22 2678.78125 5840.70800781 5.11941719055
1478875741986 lifecam22 2673.05126953 5838.37792969 5.12605190277
1478875742055 lifecam22 2666.28979492 5836.38574219 5.13368988037
1478875742263 lifecam22 2650.54272461 5831.0390625 5.15502643585
1478875742325 lifecam22 2644.38964844 5829.30859375 5.16232776642
1478875742392 lifecam22 2640.69091797 5826.97900391 5.17132520676
1478875742457 lifecam22 2634.16162109 5824.93212891 5.17587423325
1478875742524 lifecam22 2629.67114258 5822.93505859 5.18645048141
1478875742665 lifecam22 2618.37670898 5818.03173828 5.20070123672
1478875742724 lifecam22 2613.39501953 5818.18115234 5.21755552292
1478875742797 lifecam22 2607.11767578 5813.47753906 5.21058559418
1478875742863 lifecam22 2603.65185547 5811.93212891 5.22018671036
1478875742926 lifecam22 2597.87792969 5810.48486328 5.23293781281
1478875743122 lifecam22 2582.89233398 5803.69628906 5.25139760971
1478875743197 lifecam22 2577.34179688 5799.52880859 5.25221681595
1478875743260 lifecam22 2571.83105469 5797.20361328 5.25849580765
1478875743326 lifecam22 2567.23901367 5793.91015625 5.26192855835
1478875743393 lifecam22 2561.62060547 5790.74414062 5.26328229904
1478875743538 lifecam22 2551.95117188 5786.765625 5.28530740738
1478875743595 lifecam22 2546.83984375 5784.18457031 5.29239463806
1478875743666 lifecam22 2541.57055664 5781.80615234 5.30260133743
1478875743725 lifecam22 2536.68383789 5777.87304688 5.30525970459
1478875743796 lifecam22 2531.56225586 5774.89257812 5.30978631973
1478875743993 lifecam22 2516.04370117 5766.16699219 5.3285908699
1478875744065 lifecam22 2511.6640625 5763.33935547 5.33540916443
1478875744131 lifecam22 2506.53491211 5760.15039062 5.34109020233
1478875744195 lifecam22 2502.01855469 5756.13378906 5.34529972076
1478875744261 lifecam22 2497.00756836 5754.43457031 5.35614395142
1478875744401 lifecam22 2487.20751953 5749.43652344 5.37456941605
1478875744461 lifecam22 2481.9074707 5745.87646484 5.38047266006
1478875744528 lifecam22 2476.96044922 5743.91748047 5.39199495316
1478875744597 lifecam22 2472.49731445 5738.37304688 5.38963747025
1478875744670 lifecam22 2467.14257812 5736.71972656 5.40347385406
1478875744865 lifecam22 2453.61035156 5726.23242188 5.42076826096
1478875744932 lifecam22 2449.84204102 5722.48925781 5.42422103882
1478875745000 lifecam22 2445.05761719 5718.88916016 5.42456293106
1478875745064 lifecam22 2440.87475586 5715.81396484 5.43849563599
1478875745128 lifecam22 2435.40258789 5712.97949219 5.44462251663
1478875745206 lifecam22 2430.0847168 5709.59667969 5.45784044266
1478875745269 lifecam22 2427.05053711 5706.92236328 5.46208429337
1478875745333 lifecam22 2420.87548828 5702.25537109 5.46474790573
1478875745401 lifecam22 2417.38793945 5699.52441406 5.47904682159
1478875745468 lifecam22 2413.58129883 5695.46728516 5.47715902328
1478875745667 lifecam22 2399.23022461 5685.09423828 5.50907468796
1478875745736 lifecam22 2394.67407227 5680.84375 5.50631809235
1478875745797 lifecam22 2390.69360352 5676.62158203 5.51652431488
1478875745872 lifecam22 2386.49780273 5673.515625 5.52237272263
1478875745936 lifecam22 2382.44921875 5667.82373047 5.52344942093
1478875746068 lifecam22 2373.12939453 5659.78417969 5.53381299973
1478875746131 lifecam22 2368.60522461 5657.43798828 5.54848098755
1478875746196 lifecam22 2364.04589844 5654.89746094 5.55694246292
1478875746272 lifecam22 2360.47241211 5650.85351562 5.56628131866
1478875746331 lifecam22 2356.32055664 5648.62158203 5.58071088791
1478875746470 lifecam22 2348.10253906 5639.03173828 5.5889415741
1478875746537 lifecam22 2343.04345703 5633.80126953 5.59197664261
1478875746599 lifecam22 2340.17626953 5630.75878906 5.60054445267
1478875746669 lifecam22 2336.80712891 5625.81738281 5.60227060318
1478875746732 lifecam22 2332.26318359 5622.26855469 5.61207723618
1478875746866 lifecam22 2324.6315918 5614.01660156 5.63048458099
1478875746937 lifecam22 2320.90014648 5609.58935547 5.62875652313
1478875746997 lifecam22 2316.10742188 5605.80273438 5.63897514343
1478875747068 lifecam22 2312.43261719 5602.64990234 5.65542411804
1478875747135 lifecam22 2308.69580078 5596.91455078 5.65299606323
1478875747266 lifecam22 2301.03442383 5589.33007812 5.67135620117
1478875747341 lifecam22 2297.66650391 5583.77929688 5.67284631729
1478875747407 lifecam22 2292.74609375 5579.93554688 5.68139362335
1478875747472 lifecam22 2289.6628418 5575.25488281 5.68951320648
1478875747538 lifecam22 2285.94335938 5571.19580078 5.69536352158
1478875747668 lifecam22 2279.58789062 5561.99462891 5.70315933228
1478875747733 lifecam22 2275.62109375 5555.31347656 5.70359945297
1478875747807 lifecam22 2272.17749023 5551.39208984 5.71234035492
1478875747871 lifecam22 2268.55639648 5547.27099609 5.72130680084
1478875747940 lifecam22 2264.43994141 5543.41357422 5.73241424561
1478875748073 lifecam22 2258.21704102 5533.97314453 5.74555969238
1478875748136 lifecam22 2254.82397461 5528.93017578 5.75086736679
1478875748200 lifecam22 2251.91845703 5524.61914062 5.75974750519
1478875748265 lifecam22 2247.58740234 5519.51757812 5.76547193527
1478875748336 lifecam22 2245.66650391 5514.06445312 5.76643133163
1478875748470 lifecam22 2240.45239258 5505.03222656 5.77963829041
1478875748538 lifecam22 2236.02929688 5499.73046875 5.78444242477
1478875748611 lifecam22 2236.27661133 5494.77587891 5.77331113815
1478875748673 lifecam22 2237.71606445 5497.42675781 5.77387666702
1478875748734 lifecam22 2236.67944336 5495.89404297 5.77538394928
1478875748817 lifecam22 2237.38037109 5497.1875 5.77531433105
1478875748872 lifecam22 2236.77001953 5496.71240234 5.77894687653
1478875748941 lifecam22 2236.91088867 5497.01611328 5.77806854248
1478875749006 lifecam22 2236.76977539 5496.67333984 5.7787694931
1478875749070 lifecam22 2236.90917969 5497.06689453 5.7795124054
1478875749136 lifecam22 2236.85742188 5496.33544922 5.7753534317
1478875749211 lifecam22 2236.875 5496.81787109 5.77743339539
1478875749269 lifecam22 2236.9140625 5496.57226562 5.77720785141
1478875749339 lifecam22 2236.85742188 5496.33544922 5.7753534317
1478875749400 lifecam22 2236.87402344 5496.61474609 5.7777056694
