1478875888223 lifecam22 3185.04418945 5856.13330078 4.56168889999
1478875888289 lifecam22 3185.171875 5856.70996094 4.5646944046
1478875888353 lifecam22 3185.38232422 5856.40185547 4.56355190277
1478875888420 lifecam22 3185.75732422 5856.32275391 4.562022686
1478875888487 lifecam22 3185.75146484 5856.296875 4.56317710876
1478875888626 lifecam22 3185.29370117 5856.42041016 4.56358242035
1478875888694 lifecam22 3185.82519531 5856.27783203 4.5631146431
1478875888759 lifecam22 3185.48242188 5856.33154297 4.56307268143
1478875888823 lifecam22 3185.91699219 5856.35253906 4.56524753571
1478875888893 lifecam22 3186.29125977 5856.41845703 4.56376218796
1478875889094 lifecam22 3187.33959961 5856.28173828 4.56678771973
1478875889158 lifecam22 3184.40869141 5858.06640625 4.57697916031
1478875889225 lifecam22 3186.72412109 5856.24121094 4.56281423569
1478875889289 lifecam22 3187.28442383 5856.36962891 4.56619977951
1478875889357 lifecam22 3187.4675293 5856.48730469 4.56749200821
1478875889557 lifecam22 3187.28710938 5856.49804688 4.56337213516
1478875889627 lifecam22 3185.71484375 5859.54248047 4.58957862854
1478875889692 lifecam22 3188.20947266 5857.640625 4.56890249252
1478875889759 lifecam22 3186.56811523 5857.07470703 4.5601811409
1478875889829 lifecam22 3188.68505859 5857.71044922 4.57035923004
1478875890022 lifecam22 3188.23461914 5857.40869141 4.57067012787
1478875890085 lifecam22 3185.97729492 5857.65478516 4.56822490692
1478875890153 lifecam22 3174.99926758 5859.31298828 4.57872581482
1478875890219 lifecam22 3170.76831055 5859.57958984 4.58575677872
1478875890429 lifecam22 3154.17797852 5863.91455078 4.60430574417
1478875890494 lifecam22 3148.48608398 5864.984375 4.60696935654
1478875890562 lifecam22 3143.08300781 5866.00048828 4.61476898193
1478875890618 lifecam22 3136.97753906 5867.32421875 4.62018299103
1478875890691 lifecam22 3130.44482422 5866.99609375 4.62029647827
1478875890825 lifecam22 3121.24438477 5870.24804688 4.64310312271
1478875890897 lifecam22 3116.30981445 5872.22363281 4.65641784668
1478875890952 lifecam22 3109.72924805 5872.95410156 4.66084575653
1478875891026 lifecam22 3103.42797852 5873.24755859 4.66293382645
1478875891092 lifecam22 3097.14257812 5874.09521484 4.67014074326
1478875891221 lifecam22 3083.12475586 5874.25 4.66913890839
1478875891291 lifecam22 3076.79516602 5874.27832031 4.67236089706
1478875891356 lifecam22 3073.76098633 5875.96875 4.6869597435
1478875891420 lifecam22 3069.33251953 5876.53271484 4.70001316071
1478875891487 lifecam22 3062.66723633 5876.69580078 4.69768333435
1478875891621 lifecam22 3051.5324707 5877.75390625 4.71749782562
1478875891694 lifecam22 3044.81103516 5877.24658203 4.7141699791
1478875891760 lifecam22 3040.16723633 5879.28271484 4.72869920731
1478875891830 lifecam22 3033.75488281 5879.15478516 4.73245048523
1478875891894 lifecam22 3029.37451172 5880.08984375 4.74395227432
1478875892024 lifecam22 3017.43896484 5880.02783203 4.75395107269
1478875892098 lifecam22 3010.99804688 5879.90332031 4.7554769516
1478875892158 lifecam22 3005.2434082 5880.64257812 4.76715040207
1478875892223 lifecam22 3000.68139648 5880.89599609 4.77581596375
1478875892288 lifecam22 2995.6706543 5881.32763672 4.78422451019
1478875892423 lifecam22 2984.41381836 5881.32177734 4.79708051682
1478875892491 lifecam22 2978.41674805 5882.21777344 4.80372333527
1478875892555 lifecam22 2973.20922852 5882.20019531 4.80964231491
1478875892621 lifecam22 2966.60107422 5882.203125 4.81822156906
1478875892692 lifecam22 2961.64404297 5882.57910156 4.82555961609
1478875892836 lifecam22 2949.61376953 5882.18457031 4.83854103088
1478875892899 lifecam22 2943.07397461 5882.02246094 4.8473777771
1478875892953 lifecam22 2938.07763672 5881.90234375 4.85265874863
1478875893022 lifecam22 2931.78222656 5881.48876953 4.85698127747
1478875893090 lifecam22 2926.4855957 5881.74121094 4.8671631813
1478875893155 lifecam22 2921.00976562 5881.07177734 4.87407684326
1478875893235 lifecam22 2915.3112793 5880.39648438 4.87601613998
1478875893302 lifecam22 2909.17480469 5879.76855469 4.88042640686
1478875893362 lifecam22 2902.8425293 5879.06103516 4.88852071762
1478875893425 lifecam22 2896.63769531 5878.30712891 4.89529752731
1478875893499 lifecam22 2891.56542969 5877.03320312 4.90065097809
1478875893691 lifecam22 2874.66796875 5877.21240234 4.92543077469
1478875893760 lifecam22 2868.16210938 5874.46044922 4.92467403412
1478875893832 lifecam22 2863.65112305 5875.15380859 4.9405169487
1478875893892 lifecam22 2857.46166992 5874.38769531 4.9471449852
1478875893958 lifecam22 2852.02978516 5872.71875 4.94525671005
1478875894094 lifecam22 2842.26147461 5871.25048828 4.96479129791
1478875894162 lifecam22 2835.44262695 5870.67138672 4.96964836121
1478875894228 lifecam22 2829.82763672 5868.99609375 4.97533845901
1478875894292 lifecam22 2824.83789062 5869.27783203 4.9864025116
1478875894358 lifecam22 2818.35083008 5867.86230469 4.99050760269
1478875894501 lifecam22 2807.64257812 5866.28759766 5.0042257309
1478875894568 lifecam22 2802.31469727 5865.46044922 5.01625967026
1478875894629 lifecam22 2796.72802734 5863.99511719 5.01766777039
1478875894696 lifecam22 2790.10620117 5862.50439453 5.02495956421
1478875894759 lifecam22 2784.67919922 5861.71386719 5.03184127808
1478875894963 lifecam22 2767.7265625 5856.44921875 5.04706478119
1478875895032 lifecam22 2762.89306641 5855.84326172 5.05510473251
1478875895102 lifecam22 2756.21142578 5852.99902344 5.05597877502
1478875895163 lifecam22 2751.65795898 5851.76953125 5.06196546555
1478875895231 lifecam22 2744.92016602 5850.26416016 5.07291412354
1478875895363 lifecam22 2734.96313477 5848.00439453 5.08852243423
1478875895436 lifecam22 2730.15380859 5846.37890625 5.09747457504
1478875895503 lifecam22 2723.30786133 5844.73291016 5.10619163513
1478875895563 lifecam22 2718.08911133 5842.84033203 5.10834884644
1478875895628 lifecam22 2712.34594727 5841.57373047 5.11338806152
1478875895831 lifecam22 2696.07250977 5835.453125 5.13311433792
1478875895904 lifecam22 2690.83203125 5833.64501953 5.13835573196
1478875895967 lifecam22 2686.60546875 5832.33007812 5.15111160278
1478875896027 lifecam22 2680.38720703 5829.63916016 5.15372276306
1478875896095 lifecam22 2674.31176758 5827.53271484 5.1591296196
1478875896235 lifecam22 2664.17944336 5825.33789062 5.18032836914
1478875896301 lifecam22 2659.24365234 5823.43310547 5.1931681633
1478875896363 lifecam22 2653.6159668 5821.03027344 5.19525814056
1478875896431 lifecam22 2647.5703125 5818.44335938 5.20049333572
1478875896493 lifecam22 2641.83935547 5815.86962891 5.2034239769
1478875896696 lifecam22 2625.42431641 5808.75634766 5.22616100311
1478875896770 lifecam22 2620.51904297 5805.44091797 5.22563838959
1478875896840 lifecam22 2616.06274414 5803.82910156 5.23554992676
1478875896900 lifecam22 2611.07910156 5800.96826172 5.24276733398
1478875896968 lifecam22 2605.38330078 5798.40576172 5.24826860428
1478875897102 lifecam22 2594.94677734 5794.15527344 5.26340436935
1478875897165 lifecam22 2589.43920898 5790.6484375 5.26945209503
1478875897228 lifecam22 2585.02050781 5788.52392578 5.27315616608
1478875897303 lifecam22 2579.62426758 5786.35253906 5.28719091415
1478875897367 lifecam22 2574.66918945 5782.75048828 5.2882938385
1478875897443 lifecam22 2569.57617188 5780.61767578 5.29972219467
1478875897501 lifecam22 2565.11401367 5776.70605469 5.30241155624
1478875897570 lifecam22 2560.12158203 5774.88818359 5.30948638916
1478875897629 lifecam22 2554.98022461 5771.51269531 5.31648874283
1478875897700 lifecam22 2550.30078125 5767.90185547 5.31749629974
1478875897910 lifecam22 2535.69848633 5759.13525391 5.33911752701
1478875897977 lifecam22 2530.26123047 5758.12792969 5.35508441925
1478875898039 lifecam22 2524.85107422 5753.88916016 5.35714530945
1478875898106 lifecam22 2520.03686523 5750.10791016 5.36075496674
1478875898165 lifecam22 2516.1328125 5748.76708984 5.37198066711
1478875898305 lifecam22 2505.41430664 5743.53466797 5.39012765884
1478875898373 lifecam22 2500.53344727 5738.69091797 5.39150238037
1478875898434 lifecam22 2495.45898438 5736.22314453 5.40049695969
1478875898498 lifecam22 2491.32421875 5732.93945312 5.40880346298
1478875898567 lifecam22 2487.12280273 5730.06347656 5.41535997391
1478875898648 lifecam22 2481.8215332 5726.02539062 5.41811752319
1478875898699 lifecam22 2477.55639648 5722.70507812 5.42467594147
1478875898776 lifecam22 2472.58032227 5718.16796875 5.42479133606
1478875898838 lifecam22 2468.24975586 5715.58837891 5.43679666519
1478875898906 lifecam22 2463.14453125 5712.62597656 5.44502019882
1478875898967 lifecam22 2458.52685547 5709.05224609 5.45592689514
1478875899048 lifecam22 2454.43261719 5705.56054688 5.45443296432
1478875899101 lifecam22 2449.73217773 5701.31835938 5.46461629868
1478875899167 lifecam22 2445.26391602 5698.95263672 5.47710323334
1478875899232 lifecam22 2441.27001953 5694.0 5.47517681122
1478875899300 lifecam22 2436.83496094 5691.77197266 5.48858356476
1478875899506 lifecam22 2423.67724609 5679.63964844 5.4996509552
1478875899575 lifecam22 2419.74780273 5676.49951172 5.51817083359
1478875899634 lifecam22 2415.03222656 5674.20117188 5.5318646431
1478875899701 lifecam22 2410.38842773 5668.28662109 5.52709197998
1478875899776 lifecam22 2405.38085938 5666.28857422 5.54418897629
1478875899914 lifecam22 2397.70996094 5658.74804688 5.55761146545
1478875899979 lifecam22 2392.8215332 5654.64892578 5.56495523453
1478875900041 lifecam22 2388.83300781 5649.96728516 5.56573200226
1478875900107 lifecam22 2384.47436523 5647.56494141 5.58317422867
1478875900173 lifecam22 2380.68603516 5642.36181641 5.57826662064
1478875900305 lifecam22 2372.80175781 5634.80273438 5.59387302399
1478875900375 lifecam22 2368.39916992 5630.87158203 5.60217237473
1478875900438 lifecam22 2364.51782227 5626.27880859 5.60586547852
1478875900501 lifecam22 2359.87158203 5622.98095703 5.61473178864
1478875900568 lifecam22 2355.52880859 5619.12988281 5.62233066559
1478875900716 lifecam22 2348.01489258 5609.85107422 5.6318230629
1478875900771 lifecam22 2343.81152344 5604.94042969 5.63651704788
1478875900840 lifecam22 2340.17431641 5602.25 5.65377759933
1478875900908 lifecam22 2336.66162109 5596.59912109 5.65156126022
1478875900974 lifecam22 2332.60351562 5592.28417969 5.65805625916
1478875901176 lifecam22 2322.125 5578.72119141 5.6781039238
1478875901244 lifecam22 2319.22705078 5574.38574219 5.6833357811
1478875901301 lifecam22 2315.04907227 5569.31689453 5.68760538101
1478875901371 lifecam22 2311.17480469 5564.93408203 5.6947350502
1478875901436 lifecam22 2306.94287109 5561.27246094 5.70508480072
1478875901579 lifecam22 2300.18359375 5551.49902344 5.71427583694
1478875901641 lifecam22 2297.45092773 5546.58935547 5.71911907196
1478875901704 lifecam22 2292.71166992 5543.03320312 5.73415803909
1478875901771 lifecam22 2290.10253906 5537.66015625 5.73779153824
1478875901838 lifecam22 2285.79223633 5534.96728516 5.7549905777
1478875901974 lifecam22 2279.30273438 5525.37646484 5.76692485809
1478875902038 lifecam22 2276.37011719 5520.15527344 5.7675280571
1478875902104 lifecam22 2272.75195312 5514.72802734 5.77339076996
1478875902171 lifecam22 2269.93701172 5510.55908203 5.77920246124
1478875902235 lifecam22 2266.29150391 5506.33642578 5.78691720963
1478875902379 lifecam22 2259.53198242 5496.71191406 5.80269670486
1478875902439 lifecam22 2256.43725586 5492.00244141 5.81077528
1478875902513 lifecam22 2253.7487793 5486.36523438 5.81266927719
1478875902574 lifecam22 2250.52490234 5481.67236328 5.81734752655
1478875902638 lifecam22 2251.01489258 5474.30371094 5.80339002609
1478875902783 lifecam22 2252.28955078 5475.734375 5.80217695236
1478875902840 lifecam22 2251.82836914 5475.36572266 5.79755783081
1478875902906 lifecam22 2251.90185547 5475.61083984 5.7997469902
1478875902979 lifecam22 2252.00366211 5476.11230469 5.80493783951
1478875903045 lifecam22 2252.04907227 5475.46923828 5.79920101166
