1478876136872 lifecam22 3189.96337891 5858.70654297 4.58234786987
1478876136942 lifecam22 3189.91699219 5858.55810547 4.58095312119
1478876137011 lifecam22 3190.35498047 5858.72412109 4.58294868469
1478876137077 lifecam22 3190.30053711 5858.81982422 4.58238601685
1478876137275 lifecam22 3190.99316406 5858.953125 4.58598566055
1478876137347 lifecam22 3191.02026367 5858.97949219 4.58484220505
1478876137408 lifecam22 3191.0480957 5858.85742188 4.5865483284
1478876137477 lifecam22 3190.83374023 5858.84228516 4.58469057083
1478876137548 lifecam22 3191.40454102 5858.69824219 4.5867857933
1478876137690 lifecam22 3191.02026367 5858.97949219 4.58484220505
1478876137748 lifecam22 3190.79638672 5858.78857422 4.58558320999
1478876137814 lifecam22 3191.57250977 5859.19775391 4.58588600159
1478876137878 lifecam22 3190.68579102 5859.11279297 4.58432722092
1478876137947 lifecam22 3191.74536133 5858.93896484 4.58495950699
1478876138150 lifecam22 3191.45214844 5858.21728516 4.58389520645
1478876138209 lifecam22 3191.63793945 5859.14306641 4.58276319504
1478876138281 lifecam22 3192.22094727 5859.26220703 4.58407688141
1478876138346 lifecam22 3192.91235352 5858.61767578 4.57823991776
1478876138412 lifecam22 3192.08300781 5858.92822266 4.58217144012
1478876138613 lifecam22 3192.27490234 5858.57958984 4.58174610138
1478876138685 lifecam22 3184.23681641 5859.69873047 4.58365392685
1478876138748 lifecam22 3176.76391602 5860.48779297 4.58731079102
1478876138878 lifecam22 3165.45556641 5862.81298828 4.5980219841
1478876139017 lifecam22 3154.9440918 5865.52148438 4.61420440674
1478876139080 lifecam22 3149.01733398 5866.95800781 4.62170886993
1478876139144 lifecam22 3143.27734375 5867.84667969 4.62827110291
1478876139212 lifecam22 3136.79614258 5868.85009766 4.63265895844
1478876139280 lifecam22 3131.44604492 5870.10205078 4.6389093399
1478876139418 lifecam22 3123.01611328 5872.81933594 4.66195631027
1478876139479 lifecam22 3116.96118164 5872.96777344 4.66654825211
1478876139547 lifecam22 3111.78955078 5874.84814453 4.67918872833
1478876139611 lifecam22 3104.8815918 5874.53125 4.67999649048
1478876139682 lifecam22 3098.14282227 5874.88964844 4.68230581284
1478876139883 lifecam22 3078.86816406 5876.05908203 4.69316101074
1478876139948 lifecam22 3074.35107422 5876.60058594 4.70991802216
1478876140017 lifecam22 3070.39379883 5878.75048828 4.72836971283
1478876140082 lifecam22 3063.76269531 5878.296875 4.72812891006
1478876140150 lifecam22 3058.34692383 5878.94628906 4.73422861099
1478876140352 lifecam22 3039.68261719 5877.96240234 4.73928928375
1478876140416 lifecam22 3035.66650391 5878.43945312 4.74482774734
1478876140477 lifecam22 3030.88427734 5878.94775391 4.76170396805
1478876140542 lifecam22 3024.59130859 5879.77685547 4.76375055313
1478876140614 lifecam22 3018.36694336 5879.71972656 4.76571416855
1478876140822 lifecam22 3002.49023438 5881.36376953 4.79988479614
1478876140881 lifecam22 2996.90795898 5881.64794922 4.80298471451
1478876140950 lifecam22 2991.15942383 5880.85107422 4.80809926987
1478876141014 lifecam22 2984.64111328 5881.58691406 4.81575536728
1478876141084 lifecam22 2978.37817383 5881.11328125 4.81793212891
1478876141222 lifecam22 2968.99975586 5881.9140625 4.84380817413
1478876141286 lifecam22 2963.18774414 5882.23291016 4.85125684738
1478876141351 lifecam22 2956.64672852 5881.36230469 4.85142707825
1478876141415 lifecam22 2951.03662109 5880.90380859 4.85960769653
1478876141483 lifecam22 2944.14233398 5880.22802734 4.86495018005
1478876141681 lifecam22 2927.68286133 5880.24023438 4.88752126694
1478876141753 lifecam22 2922.12841797 5879.42138672 4.89447784424
1478876141815 lifecam22 2915.67871094 5878.05566406 4.89280462265
1478876141882 lifecam22 2909.74365234 5876.953125 4.89624786377
1478876141954 lifecam22 2904.34155273 5877.421875 4.90884780884
1478876142146 lifecam22 2886.86669922 5873.296875 4.91756105423
1478876142219 lifecam22 2882.36621094 5873.47753906 4.93049621582
1478876142285 lifecam22 2876.22631836 5872.83349609 4.93876791
1478876142352 lifecam22 2870.35375977 5871.17919922 4.93660736084
1478876142418 lifecam22 2863.62670898 5870.85058594 4.95222997665
1478876142556 lifecam22 2852.87280273 5869.54785156 4.96625995636
1478876142622 lifecam22 2847.92724609 5869.12353516 4.97510147095
1478876142693 lifecam22 2842.80859375 5868.07226562 4.98069858551
1478876142749 lifecam22 2835.92016602 5866.08105469 4.98015022278
1478876142812 lifecam22 2831.06689453 5866.46582031 4.99456310272
1478876143081 lifecam22 2809.07983398 5861.85351562 5.02066898346
1478876143151 lifecam22 2803.27783203 5860.17480469 5.02419805527
1478876143219 lifecam22 2797.3996582 5858.734375 5.02857780457
1478876143286 lifecam22 2791.4609375 5858.39892578 5.03891181946
1478876143350 lifecam22 2785.79907227 5856.98535156 5.04363298416
1478876143487 lifecam22 2774.96728516 5854.98486328 5.0642375946
1478876143554 lifecam22 2769.62451172 5852.92578125 5.06710147858
1478876143618 lifecam22 2763.94946289 5851.54492188 5.07628250122
1478876143692 lifecam22 2757.89013672 5849.328125 5.07526493073
1478876143757 lifecam22 2752.50732422 5848.04345703 5.08860254288
1478876143959 lifecam22 2736.20825195 5841.58105469 5.09835386276
1478876144023 lifecam22 2730.92651367 5839.87060547 5.10287952423
1478876144079 lifecam22 2725.0012207 5837.01855469 5.10766029358
1478876144152 lifecam22 2719.60424805 5837.04296875 5.11862325668
1478876144222 lifecam22 2714.20678711 5834.03710938 5.12475252151
1478876144359 lifecam22 2703.48242188 5830.13427734 5.13862419128
1478876144424 lifecam22 2698.78662109 5831.41943359 5.15843057632
1478876144489 lifecam22 2693.21533203 5829.17675781 5.16678237915
1478876144557 lifecam22 2687.54370117 5826.7890625 5.1668305397
1478876144621 lifecam22 2681.65625 5825.85253906 5.18063879013
1478876144824 lifecam22 2666.01391602 5818.35595703 5.19724369049
1478876144883 lifecam22 2659.89916992 5815.80029297 5.20030498505
1478876144953 lifecam22 2655.00244141 5811.81591797 5.20173358917
1478876145016 lifecam22 2649.68969727 5811.68359375 5.21657752991
1478876145089 lifecam22 2644.18701172 5808.77929688 5.22406673431
1478876145228 lifecam22 2633.34545898 5804.43066406 5.23814535141
1478876145292 lifecam22 2628.18579102 5802.25683594 5.24325370789
1478876145356 lifecam22 2622.85131836 5799.54003906 5.24949169159
1478876145421 lifecam22 2617.82641602 5796.61328125 5.25718164444
1478876145490 lifecam22 2613.45092773 5794.82958984 5.26583194733
1478876145692 lifecam22 2597.64355469 5785.98388672 5.27822446823
1478876145755 lifecam22 2593.77685547 5782.99511719 5.28664827347
1478876145825 lifecam22 2587.98242188 5780.20117188 5.29026556015
1478876145891 lifecam22 2582.72363281 5777.26904297 5.29863977432
1478876145956 lifecam22 2577.46582031 5774.87451172 5.30655384064
1478876146092 lifecam22 2567.93212891 5769.28515625 5.31755113602
1478876146158 lifecam22 2562.58227539 5765.81054688 5.32553958893
1478876146221 lifecam22 2557.73022461 5763.45410156 5.33220005035
1478876146291 lifecam22 2553.203125 5759.10351562 5.33743906021
1478876146358 lifecam22 2547.98095703 5758.99902344 5.35504055023
1478876146494 lifecam22 2538.38012695 5752.09033203 5.36389303207
1478876146558 lifecam22 2533.85498047 5748.10253906 5.3658080101
1478876146623 lifecam22 2528.67578125 5745.02392578 5.37119865417
1478876146695 lifecam22 2524.02050781 5741.21826172 5.37463712692
1478876146759 lifecam22 2519.13623047 5739.08837891 5.3890581131
1478876146953 lifecam22 2503.81689453 5729.89501953 5.41560220718
1478876147025 lifecam22 2500.01611328 5726.52783203 5.41897392273
1478876147090 lifecam22 2494.51708984 5724.26611328 5.43334579468
1478876147159 lifecam22 2491.10229492 5721.57519531 5.43811798096
1478876147295 lifecam22 2481.60083008 5713.12939453 5.4442782402
1478876147359 lifecam22 2477.06542969 5709.09326172 5.45058393478
1478876147426 lifecam22 2472.39990234 5704.26855469 5.44553279877
1478876147492 lifecam22 2468.38769531 5701.04345703 5.45644664764
1478876147559 lifecam22 2463.72998047 5698.61132812 5.46447324753
1478876147705 lifecam22 2453.90698242 5692.11425781 5.48381757736
1478876147758 lifecam22 2449.68212891 5689.08740234 5.49531936646
1478876147825 lifecam22 2444.89355469 5687.73583984 5.5201830864
1478876147896 lifecam22 2440.38427734 5682.68115234 5.51635551453
1478876147964 lifecam22 2436.83764648 5679.34960938 5.5202960968
1478876148161 lifecam22 2422.80737305 5666.42724609 5.53419828415
1478876148223 lifecam22 2419.31835938 5665.51464844 5.56063127518
1478876148295 lifecam22 2414.9074707 5659.59570312 5.55653238297
1478876148359 lifecam22 2411.60595703 5654.38916016 5.55683851242
1478876148425 lifecam22 2407.18164062 5651.75195312 5.56649971008
1478876148563 lifecam22 2398.16186523 5643.5 5.5788693428
1478876148620 lifecam22 2393.8605957 5638.81054688 5.58621549606
1478876148691 lifecam22 2389.50024414 5636.125 5.60045719147
1478876148765 lifecam22 2385.85375977 5631.54248047 5.59820127487
1478876148830 lifecam22 2382.17944336 5626.71191406 5.60250425339
1478876148967 lifecam22 2374.28979492 5619.10107422 5.62220811844
1478876149032 lifecam22 2370.31420898 5614.13183594 5.62188720703
1478876149091 lifecam22 2365.78540039 5610.18798828 5.62988996506
1478876149159 lifecam22 2362.95776367 5606.70898438 5.64086961746
1478876149224 lifecam22 2358.74487305 5601.86181641 5.64537191391
1478876149362 lifecam22 2351.5168457 5592.52783203 5.65384817123
1478876149429 lifecam22 2347.06274414 5589.70996094 5.66569900513
1478876149495 lifecam22 2342.53100586 5585.71044922 5.67703104019
1478876149561 lifecam22 2339.47998047 5580.24658203 5.67779779434
1478876149629 lifecam22 2335.25585938 5577.22949219 5.69030952454
1478876149762 lifecam22 2328.30029297 5567.38525391 5.70026016235
1478876149831 lifecam22 2324.5 5561.77636719 5.70333909988
1478876149897 lifecam22 2321.90283203 5557.42236328 5.70833063126
1478876149960 lifecam22 2317.60620117 5553.15136719 5.71778011322
1478876150028 lifecam22 2314.96777344 5548.25048828 5.72419214249
1478876150168 lifecam22 2308.23876953 5539.34082031 5.73628473282
1478876150224 lifecam22 2304.32568359 5533.06738281 5.73677682877
1478876150296 lifecam22 2300.69335938 5530.60302734 5.75887107849
1478876150357 lifecam22 2296.50439453 5525.76074219 5.76200866699
1478876150423 lifecam22 2294.07739258 5520.64648438 5.76623106003
1478876150571 lifecam22 2287.26318359 5510.84765625 5.7780623436
1478876150630 lifecam22 2283.70483398 5506.83349609 5.78976249695
1478876150697 lifecam22 2280.29760742 5502.43212891 5.79756641388
1478876150767 lifecam22 2278.28295898 5496.70263672 5.79742860794
1478876150825 lifecam22 2274.99316406 5492.47363281 5.80610704422
1478876151033 lifecam22 2266.9855957 5477.50878906 5.82373476028
1478876151099 lifecam22 2262.44335938 5472.60498047 5.83006906509
1478876151164 lifecam22 2260.69848633 5467.31347656 5.83171844482
1478876151232 lifecam22 2262.00268555 5465.84619141 5.82694625854
1478876151296 lifecam22 2261.94946289 5467.36474609 5.8255147934
1478876151435 lifecam22 2262.18823242 5466.22509766 5.82024145126
1478876151497 lifecam22 2261.50927734 5466.35888672 5.82628154755
1478876151564 lifecam22 2262.12768555 5466.09667969 5.82272434235
1478876151631 lifecam22 2261.78759766 5466.19189453 5.82332611084
1478876151702 lifecam22 2261.76489258 5466.22460938 5.82365036011
1478876151774 lifecam22 2261.97265625 5466.26757812 5.82344722748
1478876151829 lifecam22 2261.78759766 5466.19189453 5.82332611084
1478876151901 lifecam22 2261.80688477 5466.43603516 5.82548761368
1478876151969 lifecam22 2262.03833008 5466.44189453 5.82373571396
1478876152039 lifecam22 2261.94946289 5465.98730469 5.82242536545
1478876152233 lifecam22 2261.76489258 5466.22460938 5.82365036011
