1478190120897 lifecam22 3347.53076172 5374.95458984 4.71693372726
1478190121240 lifecam22 3346.94140625 5374.61962891 4.71375083923
1478190121306 lifecam22 3346.91748047 5374.59619141 4.71353387833
1478190121367 lifecam22 3347.24291992 5374.76855469 4.71516942978
1478190121442 lifecam22 3347.07543945 5374.60791016 4.71364212036
1478190121513 lifecam22 3346.8215332 5374.50488281 4.71266126633
1478190121771 lifecam22 3347.21899414 5374.74560547 4.71495199203
1478190121836 lifecam22 3347.08911133 5374.48193359 4.71244192123
1478190121910 lifecam22 3347.12329102 5374.65380859 4.71407842636
1478190121973 lifecam22 3346.67456055 5374.50732422 4.71268701553
1478190122036 lifecam22 3347.53076172 5374.95458984 4.71693372726
1478190122315 lifecam22 3346.8215332 5374.50488281 4.71266174316
1478190122376 lifecam22 3347.37695312 5374.75732422 4.71506309509
1478190122436 lifecam22 3346.8215332 5374.50488281 4.71266126633
1478190122504 lifecam22 3346.68798828 5374.51611328 4.71277093887
1478190122583 lifecam22 3346.98925781 5374.66503906 4.71418714523
1478190122840 lifecam22 3347.24291992 5374.76855469 4.71516942978
1478190122904 lifecam22 3347.15258789 5374.70996094 4.71461629868
1478190122980 lifecam22 3347.35668945 5374.45849609 4.71222162247
1478190123041 lifecam22 3347.51245117 5374.79199219 4.71539068222
1478190123101 lifecam22 3348.09326172 5375.0078125 4.71744203568
1478190123446 lifecam22 3347.3112793 5374.87304688 4.71615934372
1478190123507 lifecam22 3347.3112793 5374.87304688 4.71615934372
1478190123574 lifecam22 3347.25317383 5374.66992188 4.71423101425
1478190123650 lifecam22 3347.7121582 5374.85302734 4.71597290039
1478190123704 lifecam22 3347.4934082 5374.62890625 4.71384429932
1478190124041 lifecam22 3347.80029297 5374.48632812 4.71248626709
1478190124108 lifecam22 3348.59863281 5374.95361328 4.71692419052
1478190124172 lifecam22 3347.74072266 5374.42529297 4.71190547943
1478190124247 lifecam22 3347.47363281 5374.60888672 4.7136516571
1478190124309 lifecam22 3347.53076172 5374.95458984 4.71693372726
1478190124582 lifecam22 3347.39111328 5374.63085938 4.71386146545
1478190124642 lifecam22 3347.25415039 5374.52734375 4.7128777504
1478190124709 lifecam22 3347.04125977 5374.43603516 4.71200561523
1478190124778 lifecam22 3347.34301758 5374.58496094 4.71342468262
1478190124835 lifecam22 3347.4934082 5374.62890625 4.71384477615
1478190125181 lifecam22 3349.51904297 5374.60986328 4.70409631729
1478190125245 lifecam22 3348.67919922 5374.30712891 4.70231342316
1478190125308 lifecam22 3349.95361328 5374.359375 4.70051717758
1478190125372 lifecam22 3349.36181641 5374.80224609 4.69426727295
1478190125445 lifecam22 3350.49487305 5374.49609375 4.69817256927
1478190125778 lifecam22 3350.01635742 5375.64892578 4.72349500656
1478190125842 lifecam22 3346.55419922 5374.52783203 4.71288013458
1478190125906 lifecam22 3332.55444336 5374.52783203 4.71288251877
1478190125980 lifecam22 3327.76831055 5375.68408203 4.72382545471
1478190126039 lifecam22 3325.55444336 5374.52783203 4.71288013458
1478190126383 lifecam22 3287.30664062 5368.14355469 4.67706489563
1478190126443 lifecam22 3279.80810547 5366.92285156 4.66636943817
1478190126517 lifecam22 3272.97729492 5364.74169922 4.66273021698
1478190126581 lifecam22 3266.77490234 5364.85009766 4.65622425079
1478190126639 lifecam22 3260.52880859 5364.32666016 4.65948867798
1478190126983 lifecam22 3226.859375 5361.56933594 4.6376581192
1478190127040 lifecam22 3219.68432617 5360.37353516 4.63170003891
1478190127113 lifecam22 3212.12963867 5359.65380859 4.62460231781
1478190127176 lifecam22 3205.39233398 5359.41455078 4.62237405777
1478190127249 lifecam22 3198.02636719 5358.93798828 4.61494493484
1478190127589 lifecam22 3163.28588867 5356.87597656 4.59008741379
1478190127644 lifecam22 3156.82080078 5356.76708984 4.59124708176
1478190127716 lifecam22 3150.14038086 5356.38085938 4.58193206787
1478190127782 lifecam22 3142.94702148 5355.99511719 4.57277727127
1478190127854 lifecam22 3135.71191406 5355.33740234 4.56776285172
1478190128182 lifecam22 3100.55688477 5356.17041016 4.54442977905
1478190128250 lifecam22 3094.38232422 5356.40722656 4.54128932953
1478190128319 lifecam22 3086.98925781 5356.24072266 4.5366435051
1478190128444 lifecam22 3074.27734375 5356.89111328 4.53054857254
1478190128718 lifecam22 3046.03759766 5356.83398438 4.50387477875
1478190128777 lifecam22 3039.43115234 5357.65185547 4.50056123734
1478190128851 lifecam22 3031.64770508 5357.2890625 4.48913145065
1478190128916 lifecam22 3024.33374023 5357.80957031 4.48516750336
1478190128984 lifecam22 3017.41210938 5358.20898438 4.48146820068
1478190129319 lifecam22 2982.68994141 5360.90332031 4.4611325264
1478190129382 lifecam22 2976.87451172 5361.31884766 4.45989847183
1478190129444 lifecam22 2969.68994141 5362.74072266 4.45504140854
1478190129518 lifecam22 2962.42773438 5363.66894531 4.44864034653
1478190129587 lifecam22 2955.62475586 5364.03515625 4.44054079056
1478190129921 lifecam22 2920.65966797 5368.31542969 4.41841745377
1478190129977 lifecam22 2914.90917969 5369.81787109 4.41416454315
1478190130049 lifecam22 2907.04858398 5370.22558594 4.40619325638
1478190130111 lifecam22 2900.42089844 5371.60400391 4.40184354782
1478190130180 lifecam22 2893.58300781 5372.1484375 4.39567089081
1478190130458 lifecam22 2866.37646484 5377.13232422 4.37931346893
1478190130518 lifecam22 2858.890625 5378.15673828 4.37125349045
1478190130586 lifecam22 2852.03076172 5379.21679688 4.36396217346
1478190130650 lifecam22 2844.25585938 5380.15136719 4.35861253738
1478190130714 lifecam22 2838.17089844 5381.49902344 4.35380506516
1478190130991 lifecam22 2809.60668945 5386.98291016 4.33236217499
1478190131051 lifecam22 2802.56762695 5388.30126953 4.32757282257
1478190131118 lifecam22 2795.61938477 5389.515625 4.32432889938
1478190131180 lifecam22 2790.27001953 5391.33544922 4.32416009903
1478190131254 lifecam22 2783.63110352 5393.36425781 4.31915616989
1478190131597 lifecam22 2749.77001953 5402.78271484 4.29343557358
1478190131654 lifecam22 2742.13623047 5403.50976562 4.2822637558
1478190131715 lifecam22 2735.96264648 5405.51171875 4.27848386765
1478190131785 lifecam22 2729.27514648 5407.20800781 4.27778863907
1478190131849 lifecam22 2725.12402344 5410.05224609 4.28354215622
1478190132122 lifecam22 2695.94604492 5418.05029297 4.25404930115
1478190132255 lifecam22 2683.15332031 5421.95410156 4.24126195908
1478190132315 lifecam22 2677.484375 5424.13964844 4.23836135864
1478190132383 lifecam22 2670.35620117 5425.93701172 4.23310184479
1478190132661 lifecam22 2642.66552734 5434.2734375 4.20821714401
1478190132721 lifecam22 2635.1809082 5436.32177734 4.19793796539
1478190132790 lifecam22 2629.16210938 5438.08154297 4.19890213013
1478190132855 lifecam22 2622.17651367 5440.83544922 4.19097948074
1478190132931 lifecam22 2615.93896484 5443.30566406 4.19306468964
1478190132985 lifecam22 2610.04223633 5445.60253906 4.19094848633
1478190133257 lifecam22 2584.05419922 5456.68164062 4.17287826538
1478190133322 lifecam22 2578.15722656 5459.41552734 4.1702375412
1478190133390 lifecam22 2573.0690918 5462.8203125 4.16967153549
1478190133453 lifecam22 2564.50537109 5464.96826172 4.15720033646
1478190133522 lifecam22 2558.91381836 5468.28564453 4.15648126602
1478190133791 lifecam22 2533.94287109 5479.14208984 4.14030313492
1478190133856 lifecam22 2527.24267578 5482.42382812 4.13601303101
1478190133929 lifecam22 2519.16137695 5484.93017578 4.12032699585
1478190133994 lifecam22 2513.61132812 5488.51757812 4.12010002136
1478190134062 lifecam22 2506.73779297 5490.90673828 4.11198854446
1478190134331 lifecam22 2480.90039062 5502.66699219 4.09342718124
1478190134393 lifecam22 2474.22924805 5505.91162109 4.08615112305
1478190134462 lifecam22 2468.1550293 5508.96630859 4.08076858521
1478190134522 lifecam22 2460.48706055 5511.78320312 4.07252120972
1478190134592 lifecam22 2455.68481445 5515.30957031 4.07126665115
1478190134866 lifecam22 2430.96337891 5528.86035156 4.0542178154
1478190134925 lifecam22 2426.02124023 5532.05664062 4.0523276329
1478190134990 lifecam22 2420.20581055 5535.25585938 4.04855155945
1478190135058 lifecam22 2412.82910156 5538.56640625 4.03834962845
1478190135131 lifecam22 2406.85473633 5542.63574219 4.03531122208
1478190135460 lifecam22 2378.24804688 5560.64404297 4.01754570007
1478190135532 lifecam22 2370.96484375 5563.17773438 4.00474500656
1478190135595 lifecam22 2365.80126953 5567.12939453 3.999822855
1478190135665 lifecam22 2358.76757812 5571.40869141 3.99552750587
1478190135729 lifecam22 2353.25292969 5574.91259766 3.98805308342
1478190135998 lifecam22 2329.88745117 5589.91845703 3.97024965286
1478190136059 lifecam22 2324.01977539 5594.11083984 3.96518111229
1478190136125 lifecam22 2319.53173828 5598.35888672 3.97007083893
1478190136199 lifecam22 2310.77954102 5602.05761719 3.95166516304
1478190136265 lifecam22 2306.32495117 5605.03808594 3.95412325859
1478190136530 lifecam22 2280.64038086 5621.07763672 3.91616892815
1478190136598 lifecam22 2274.765625 5626.33935547 3.91226363182
1478190136669 lifecam22 2270.67456055 5630.015625 3.91215157509
1478190136728 lifecam22 2265.42553711 5634.22363281 3.91047883034
1478190136997 lifecam22 2243.24047852 5652.24902344 3.89097189903
1478190137060 lifecam22 2237.01196289 5655.99755859 3.88539147377
1478190137192 lifecam22 2225.91748047 5664.99804688 3.87366461754
1478190137261 lifecam22 2221.6550293 5669.50683594 3.87533187866
1478190137335 lifecam22 2217.54833984 5674.05224609 3.87478852272
1478190137531 lifecam22 2200.11352539 5686.51904297 3.85253334045
1478190137593 lifecam22 2194.16308594 5691.35888672 3.84810757637
1478190137659 lifecam22 2188.82519531 5695.84765625 3.84344530106
1478190137733 lifecam22 2182.39794922 5700.62890625 3.8319196701
1478190137796 lifecam22 2178.34472656 5705.30664062 3.83513689041
1478190138076 lifecam22 2155.26489258 5723.78369141 3.8100233078
1478190138129 lifecam22 2150.57446289 5728.35742188 3.80384039879
1478190138199 lifecam22 2145.67651367 5732.29638672 3.80221509933
1478190138270 lifecam22 2141.01171875 5737.41259766 3.79751801491
1478190138338 lifecam22 2135.73144531 5742.61230469 3.7902867794
1478190138670 lifecam22 2111.4621582 5767.29931641 3.76665496826
1478190138727 lifecam22 2106.61547852 5771.59082031 3.76703810692
1478190138805 lifecam22 2101.77197266 5776.64697266 3.76033687592
1478190138866 lifecam22 2096.27563477 5782.07226562 3.75353336334
1478190138933 lifecam22 2091.33349609 5786.49755859 3.74739956856
1478190139200 lifecam22 2072.9609375 5807.10791016 3.73098635674
1478190139265 lifecam22 2069.14404297 5812.51611328 3.72668504715
1478190139342 lifecam22 2064.0690918 5817.42382812 3.71984171867
1478190139396 lifecam22 2058.99682617 5822.79638672 3.7143061161
1478190139464 lifecam22 2054.10107422 5827.7734375 3.71019673347
1478190139739 lifecam22 2035.07849121 5849.11425781 3.68672227859
1478190139799 lifecam22 2029.8013916 5854.38525391 3.68198060989
1478190139867 lifecam22 2025.98815918 5859.93359375 3.67772006989
1478190139938 lifecam22 2020.43786621 5864.58105469 3.67404675484
1478190140005 lifecam22 2016.85754395 5870.23632812 3.67253828049
1478190140333 lifecam22 1995.29504395 5897.43310547 3.64307641983
1478190140409 lifecam22 1990.79333496 5902.42529297 3.64209008217
1478190140464 lifecam22 1986.61633301 5908.05761719 3.63517045975
1478190140531 lifecam22 1983.12878418 5913.43798828 3.63126325607
1478190140599 lifecam22 1977.86413574 5919.36572266 3.62556314468
1478190140868 lifecam22 1962.8770752 5942.59521484 3.60846090317
1478190140930 lifecam22 1957.10351562 5947.66455078 3.59692144394
1478190140997 lifecam22 1954.3572998 5953.33349609 3.59965705872
1478190141071 lifecam22 1950.63208008 5959.52099609 3.59276199341
1478190141135 lifecam22 1947.29418945 5965.06787109 3.59216213226
1478190141339 lifecam22 1934.27075195 5982.38671875 3.57460308075
1478190141405 lifecam22 1928.96008301 5988.34326172 3.56041002274
1478190141464 lifecam22 1924.87011719 5994.19921875 3.55474233627
1478190141543 lifecam22 1922.45568848 5999.56640625 3.55894994736
1478190141595 lifecam22 1922.73925781 6002.37646484 3.56556367874
1478190141938 lifecam22 1925.36743164 5999.5390625 3.57395505905
1478190142005 lifecam22 1924.66345215 6000.18359375 3.57041311264
1478190142074 lifecam22 1925.51965332 5999.62402344 3.5734372139
1478190142142 lifecam22 1924.8626709 5999.98583984 3.57032966614
1478190142199 lifecam22 1925.76306152 5999.71386719 3.57586860657
1478190142476 lifecam22 1925.96618652 5999.54492188 3.57690525055
1478190142538 lifecam22 1925.27502441 5999.77978516 3.57311248779
1478190142604 lifecam22 1925.27502441 5999.77978516 3.57311248779
1478190142670 lifecam22 1925.69775391 5999.74023438 3.5754237175
1478190142737 lifecam22 1926.22021484 5999.4375 3.57978439331
1478190143141 lifecam22 1924.86901855 6000.08740234 3.57074785233
1478190143208 lifecam22 1925.28918457 6000.01269531 3.57305765152
1478190143276 lifecam22 1925.67236328 5999.64453125 3.57595825195
1478190143339 lifecam22 1925.24328613 5999.92382812 3.57230710983
1478190143403 lifecam22 1925.35498047 5999.98535156 3.57350730896
1478190143671 lifecam22 1926.0949707 5999.26416016 3.5780005455
1478190143741 lifecam22 1925.3223877 5999.79199219 3.57347154617
1478190143805 lifecam22 1925.90515137 5999.43408203 3.57708072662
1478190143877 lifecam22 1925.42114258 5999.95800781 3.57395792007
1478190143943 lifecam22 1924.88317871 5999.97802734 3.57042217255
1478190144275 lifecam22 1925.3873291 5999.87402344 3.57431030273
1478190144332 lifecam22 1925.7166748 5999.62451172 3.57511711121
1478190144407 lifecam22 1925.65148926 5999.65136719 3.57467126846
1478190144477 lifecam22 1925.82824707 5999.59716797 3.57709741592
1478190144543 lifecam22 1925.5123291 5999.37548828 3.57452583313
1478190144880 lifecam22 1926.07653809 5999.60839844 3.57809305191
1478190144940 lifecam22 1925.34069824 6000.09521484 3.57383203506
1478190145006 lifecam22 1925.55737305 5999.81689453 3.57454061508
1478190145068 lifecam22 1925.46716309 5999.92431641 3.57536077499
1478190145139 lifecam22 1925.73217773 5999.59082031 3.57625007629
1478190145407 lifecam22 1925.54846191 5999.78759766 3.57548809052
1478190145475 lifecam22 1925.34069824 6000.09521484 3.57383203506
1478190145540 lifecam22 1925.7130127 5999.65820312 3.57621192932
1478190145604 lifecam22 1925.98010254 5999.43554688 3.57657909393
1478190145673 lifecam22 1924.88647461 5999.96777344 3.57191753387
1478190145942 lifecam22 1925.22875977 6000.03369141 3.5726313591
1478190146002 lifecam22 1925.6373291 5999.76123047 3.57499599457
1478190146080 lifecam22 1925.17749023 5999.95117188 3.57185745239
1478190146142 lifecam22 1924.86901855 6000.08740234 3.57074785233
1478190146202 lifecam22 1925.74890137 5999.82373047 3.57619380951
