1478190403476 lifecam22 3351.84887695 5377.67333984 4.71315050125
1478190403545 lifecam22 3351.86694336 5377.97167969 4.71469831467
1478190403614 lifecam22 3352.18066406 5378.27832031 4.71639823914
1478190403817 lifecam22 3351.86694336 5377.97167969 4.71469831467
1478190403936 lifecam22 3351.64770508 5377.89111328 4.71264648438
1478190404011 lifecam22 3351.64770508 5377.89111328 4.71264648438
1478190404068 lifecam22 3351.64770508 5377.89111328 4.71264648438
1478190404277 lifecam22 3351.35693359 5377.328125 4.70979785919
1478190404345 lifecam22 3351.51269531 5377.61914062 4.71131849289
1478190404411 lifecam22 3351.4921875 5377.60009766 4.71112442017
1478190404475 lifecam22 3351.71362305 5377.40039062 4.71182012558
1478190404539 lifecam22 3351.29882812 5377.65966797 4.71287250519
1478190404812 lifecam22 3351.05029297 5378.19873047 4.71719169617
1478190404882 lifecam22 3350.64575195 5378.07666016 4.71475028992
1478190404950 lifecam22 3350.72802734 5378.296875 4.7155752182
1478190405010 lifecam22 3350.29663086 5377.81787109 4.71265077591
1478190405082 lifecam22 3350.62963867 5378.20605469 4.7159280777
1478190405411 lifecam22 3350.78540039 5377.93261719 4.71348237991
1478190405485 lifecam22 3350.9753418 5378.55029297 4.71916294098
1478190405546 lifecam22 3350.86547852 5378.4375 4.71690893173
1478190405619 lifecam22 3350.78027344 5378.07519531 4.71595954895
1478190405893 lifecam22 3350.8972168 5378.04638672 4.71573591232
1478190406006 lifecam22 3351.10791016 5378.40185547 4.71901607513
1478190406080 lifecam22 3350.9519043 5377.890625 4.71490001678
1478190406150 lifecam22 3350.84228516 5378.15625 4.71645593643
1478190406356 lifecam22 3351.40405273 5377.63818359 4.71396350861
1478190406407 lifecam22 3352.03295898 5376.96533203 4.70631313324
1478190406480 lifecam22 3351.88989258 5376.69287109 4.70496988297
1478190406551 lifecam22 3352.97607422 5379.47900391 4.71869945526
1478190406613 lifecam22 3353.3918457 5380.515625 4.7152929306
1478190406886 lifecam22 3351.69067383 5379.19287109 4.72204828262
1478190406942 lifecam22 3351.08154297 5377.35498047 4.70836353302
1478190407009 lifecam22 3342.75463867 5375.66259766 4.700070858
1478190407082 lifecam22 3330.14453125 5375.51708984 4.69244003296
1478190407147 lifecam22 3330.3894043 5374.08642578 4.69337368011
1478190407409 lifecam22 3300.14624023 5370.64355469 4.67582130432
1478190407491 lifecam22 3292.59936523 5368.95800781 4.67105340958
1478190407552 lifecam22 3285.31445312 5367.45117188 4.65664815903
1478190407614 lifecam22 3278.06787109 5366.73144531 4.65228462219
1478190407690 lifecam22 3271.11279297 5366.26416016 4.65050125122
1478190407878 lifecam22 3250.58105469 5365.40673828 4.64179372787
1478190407952 lifecam22 3244.47729492 5364.87548828 4.63583755493
1478190408014 lifecam22 3236.57324219 5363.89550781 4.62704658508
1478190408078 lifecam22 3229.68432617 5362.43896484 4.61472320557
1478190408145 lifecam22 3222.81884766 5362.20361328 4.6110959053
1478190408354 lifecam22 3201.46240234 5359.95019531 4.59475374222
1478190408415 lifecam22 3195.04492188 5359.890625 4.59096384048
1478190408482 lifecam22 3187.42431641 5359.21142578 4.58373594284
1478190408551 lifecam22 3181.37939453 5359.28710938 4.58449268341
1478190408612 lifecam22 3175.36914062 5360.16308594 4.58457994461
1478190408953 lifecam22 3140.63110352 5359.19873047 4.55850696564
1478190409018 lifecam22 3133.63818359 5358.82470703 4.55371046066
1478190409083 lifecam22 3125.63598633 5359.10400391 4.54710245132
1478190409149 lifecam22 3119.34448242 5358.81591797 4.54430007935
1478190409219 lifecam22 3111.52319336 5358.72753906 4.53675889969
1478190409563 lifecam22 3077.05786133 5359.20068359 4.51297092438
1478190409619 lifecam22 3070.56958008 5360.67285156 4.51290130615
1478190409689 lifecam22 3063.46411133 5360.63720703 4.50433158875
1478190409750 lifecam22 3056.46728516 5360.56884766 4.49934148788
1478190409823 lifecam22 3049.57714844 5361.70507812 4.49251747131
1478190410162 lifecam22 3015.20239258 5363.18554688 4.4671869278
1478190410214 lifecam22 3008.18164062 5363.87255859 4.46573114395
1478190410295 lifecam22 3001.03417969 5363.98535156 4.45533370972
1478190410351 lifecam22 2994.12109375 5365.80322266 4.45385169983
1478190410421 lifecam22 2987.32519531 5365.58447266 4.44843864441
1478190410750 lifecam22 2953.53540039 5369.83398438 4.42542457581
1478190410822 lifecam22 2946.97070312 5370.98486328 4.42244720459
1478190410892 lifecam22 2938.42456055 5371.46582031 4.41191482544
1478190410954 lifecam22 2932.3137207 5372.90234375 4.41185426712
1478190411028 lifecam22 2924.55810547 5373.66943359 4.4031662941
1478190411358 lifecam22 2890.74243164 5378.65039062 4.38111925125
1478190411417 lifecam22 2883.41967773 5379.94921875 4.37649440765
1478190411490 lifecam22 2876.66137695 5381.33056641 4.36604642868
1478190411561 lifecam22 2869.98706055 5383.14208984 4.36604642868
1478190411622 lifecam22 2862.76855469 5384.10791016 4.3593173027
1478190411954 lifecam22 2828.80224609 5390.57373047 4.33450555801
1478190412029 lifecam22 2822.15917969 5392.79931641 4.33212757111
1478190412085 lifecam22 2815.55175781 5393.7109375 4.3242764473
1478190412158 lifecam22 2809.14208984 5395.98681641 4.3231253624
1478190412225 lifecam22 2801.99633789 5396.89794922 4.31513786316
1478190412493 lifecam22 2775.34277344 5404.73876953 4.29958200455
1478190412549 lifecam22 2768.19433594 5405.61328125 4.29021596909
1478190412630 lifecam22 2761.44018555 5407.5234375 4.28520298004
1478190412691 lifecam22 2754.92871094 5409.52539062 4.28448581696
1478190412755 lifecam22 2748.00244141 5410.98779297 4.27647781372
1478190413087 lifecam22 2714.69848633 5421.39697266 4.25325584412
1478190413156 lifecam22 2707.59130859 5422.2421875 4.24646854401
1478190413231 lifecam22 2700.97998047 5424.66113281 4.23519468307
1478190413301 lifecam22 2695.01074219 5426.25537109 4.23678588867
1478190413360 lifecam22 2688.25878906 5429.05957031 4.2273774147
1478190413699 lifecam22 2655.31152344 5441.42675781 4.20817041397
1478190413760 lifecam22 2648.75170898 5443.70117188 4.20473575592
1478190413822 lifecam22 2642.87402344 5445.38476562 4.20190668106
1478190413891 lifecam22 2636.06103516 5448.14550781 4.1966252327
1478190413954 lifecam22 2629.52124023 5450.65722656 4.19396591187
1478190414224 lifecam22 2603.17553711 5460.47167969 4.16819572449
1478190414296 lifecam22 2595.31274414 5462.39160156 4.15839719772
1478190414360 lifecam22 2589.84277344 5465.50439453 4.15783643723
1478190414418 lifecam22 2582.02075195 5467.8203125 4.14486408234
1478190414497 lifecam22 2576.74780273 5471.18261719 4.15065002441
1478190414700 lifecam22 2556.07177734 5478.51611328 4.13333320618
1478190414753 lifecam22 2550.61352539 5481.83691406 4.13161611557
1478190414831 lifecam22 2543.51855469 5484.9296875 4.12309741974
1478190414896 lifecam22 2538.2980957 5488.625 4.12365722656
1478190414968 lifecam22 2532.56738281 5491.96337891 4.12354564667
1478190415231 lifecam22 2505.61376953 5503.57568359 4.09404230118
1478190415295 lifecam22 2499.45019531 5506.48291016 4.08963012695
1478190415357 lifecam22 2493.12426758 5509.37548828 4.08606958389
1478190415420 lifecam22 2487.66381836 5513.32958984 4.0834608078
1478190415495 lifecam22 2481.64770508 5516.30078125 4.08049869537
1478190415756 lifecam22 2457.13183594 5529.85888672 4.06252574921
1478190415828 lifecam22 2450.68408203 5532.91601562 4.05519628525
1478190415899 lifecam22 2445.31860352 5536.30566406 4.05563497543
1478190415956 lifecam22 2437.46411133 5539.69726562 4.04031610489
1478190416024 lifecam22 2432.0847168 5542.63183594 4.03463315964
1478190416295 lifecam22 2405.87988281 5556.34960938 4.00948762894
1478190416369 lifecam22 2399.37670898 5560.64453125 4.003054142
1478190416422 lifecam22 2393.88354492 5564.32324219 4.00090551376
1478190416494 lifecam22 2388.23291016 5567.21777344 3.99994325638
1478190416565 lifecam22 2383.9152832 5570.90869141 4.00474309921
1478190416772 lifecam22 2366.1965332 5582.50732422 3.98489141464
1478190416824 lifecam22 2359.98291016 5586.68408203 3.97651314735
1478190416898 lifecam22 2354.61865234 5590.56982422 3.97961235046
1478190416958 lifecam22 2348.71484375 5594.13232422 3.97100090981
1478190417032 lifecam22 2342.05419922 5597.64550781 3.96138882637
1478190417297 lifecam22 2321.10620117 5613.78125 3.95131325722
1478190417365 lifecam22 2312.23120117 5618.0859375 3.93289494514
1478190417423 lifecam22 2307.86523438 5622.57714844 3.93419623375
1478190417502 lifecam22 2303.32470703 5626.31542969 3.93015313148
1478190417561 lifecam22 2296.58374023 5630.37988281 3.92739057541
1478190417773 lifecam22 2277.80078125 5642.91992188 3.89823031425
1478190417827 lifecam22 2273.53027344 5647.47851562 3.90133500099
1478190417905 lifecam22 2268.16748047 5651.61572266 3.89712309837
1478190417965 lifecam22 2261.72216797 5655.5625 3.88379645348
1478190418026 lifecam22 2254.69750977 5660.86376953 3.87498497963
1478190418301 lifecam22 2234.4831543 5677.12548828 3.86820673943
1478190418363 lifecam22 2228.64575195 5682.14013672 3.85989308357
1478190418425 lifecam22 2223.20922852 5686.41894531 3.85693025589
1478190418494 lifecam22 2218.66259766 5691.26269531 3.85207176208
1478190418565 lifecam22 2211.7409668 5695.1484375 3.84391999245
1478190418771 lifecam22 2196.52880859 5709.2890625 3.83166623116
1478190418826 lifecam22 2192.8190918 5714.38818359 3.82930898666
1478190418906 lifecam22 2186.31225586 5718.70898438 3.82193660736
1478190418966 lifecam22 2181.43774414 5723.34082031 3.81335258484
1478190419031 lifecam22 2176.72729492 5728.01611328 3.8152141571
1478190419297 lifecam22 2155.72680664 5747.25341797 3.79098653793
1478190419369 lifecam22 2151.83911133 5752.02636719 3.78787088394
1478190419431 lifecam22 2145.76538086 5757.30371094 3.77951622009
1478190419494 lifecam22 2140.72070312 5761.73193359 3.7765007019
1478190419567 lifecam22 2136.14575195 5766.38476562 3.77170419693
1478190419776 lifecam22 2119.625 5781.50390625 3.75080871582
1478190419838 lifecam22 2114.96337891 5786.60791016 3.74742603302
1478190419905 lifecam22 2109.45996094 5791.71533203 3.73953008652
1478190419969 lifecam22 2104.66918945 5796.41113281 3.73785233498
1478190420028 lifecam22 2099.92260742 5801.1796875 3.73238945007
1478190420307 lifecam22 2082.11791992 5821.87255859 3.71362018585
1478190420367 lifecam22 2077.00634766 5827.19042969 3.70641374588
1478190420433 lifecam22 2073.40209961 5832.41259766 3.70892190933
1478190420506 lifecam22 2068.29907227 5837.54296875 3.70193910599
1478190420567 lifecam22 2064.70068359 5842.61474609 3.70230865479
1478190420777 lifecam22 2049.91381836 5858.97412109 3.68299841881
1478190420835 lifecam22 2045.90881348 5864.08007812 3.67715525627
1478190420907 lifecam22 2041.4354248 5869.42431641 3.67281246185
1478190420976 lifecam22 2036.63342285 5874.50976562 3.66692972183
1478190421033 lifecam22 2032.41174316 5880.56982422 3.6632335186
1478190421302 lifecam22 2015.10461426 5903.0 3.64096593857
1478190421371 lifecam22 2010.41442871 5908.71240234 3.63404226303
1478190421435 lifecam22 2006.47399902 5913.90039062 3.62987756729
1478190421506 lifecam22 2001.40466309 5919.38525391 3.62202596664
1478190421568 lifecam22 1997.27282715 5924.68457031 3.61700391769
1478190421781 lifecam22 1984.86120605 5941.21240234 3.6094751358
1478190421835 lifecam22 1979.75500488 5946.73144531 3.60087203979
1478190421896 lifecam22 1977.4876709 5952.46386719 3.59825658798
1478190421968 lifecam22 1972.14074707 5958.15087891 3.58854103088
1478190422038 lifecam22 1968.6940918 5964.35839844 3.58510112762
1478190422316 lifecam22 1953.28039551 5987.14990234 3.57091903687
1478190422370 lifecam22 1949.71337891 5993.14306641 3.5630645752
1478190422436 lifecam22 1945.81835938 5998.93652344 3.5621752739
1478190422513 lifecam22 1941.88012695 6004.15771484 3.55604171753
1478190422578 lifecam22 1938.86706543 6010.68652344 3.5549454689
1478190422837 lifecam22 1938.42224121 6018.6171875 3.5651049614
1478190422903 lifecam22 1939.0793457 6017.54589844 3.57054328918
1478190422974 lifecam22 1938.48388672 6017.87646484 3.56684494019
1478190423046 lifecam22 1938.67041016 6017.79638672 3.56666469574
1478190423109 lifecam22 1938.99475098 6017.75683594 3.56833028793
1478190423373 lifecam22 1938.89135742 6017.796875 3.5700674057
1478190423438 lifecam22 1938.18798828 6018.07958984 3.56510305405
1478190423501 lifecam22 1938.82458496 6017.64355469 3.56602811813
1478190423575 lifecam22 1938.92736816 6017.79785156 3.56905031204
1478190423644 lifecam22 1938.85302734 6018.01806641 3.56944179535
1478190423846 lifecam22 1939.36206055 6017.62792969 3.5722694397
1478190423903 lifecam22 1938.62231445 6017.50488281 3.56897974014
1478190423976 lifecam22 1938.43200684 6017.77587891 3.56857299805
1478190424044 lifecam22 1938.78173828 6017.43945312 3.57036828995
1478190424106 lifecam22 1938.67687988 6017.58007812 3.56870079041
1478190424172 lifecam22 1938.99316406 6017.56640625 3.56729459763
1478190424372 lifecam22 1938.77880859 6017.52978516 3.5680680275
1478190424435 lifecam22 1938.51599121 6017.64404297 3.56863498688
