1478190268607 lifecam22 3349.47680664 5374.38720703 4.70600891113
1478190268808 lifecam22 3350.04833984 5374.64990234 4.70861291885
1478190268870 lifecam22 3349.69116211 5374.71044922 4.70779418945
1478190268936 lifecam22 3349.66943359 5374.69091797 4.70760059357
1478190268998 lifecam22 3349.7590332 5374.38232422 4.70600795746
1478190269066 lifecam22 3349.59838867 5374.87646484 4.70935678482
1478190269333 lifecam22 3350.05322266 5374.60253906 4.706823349
1478190269396 lifecam22 3349.14819336 5374.35888672 4.70302057266
1478190269460 lifecam22 3349.72021484 5374.61425781 4.70822954178
1478190269538 lifecam22 3349.59985352 5374.88232422 4.71075868607
1478190269598 lifecam22 3349.72021484 5374.61425781 4.70822954178
1478190269808 lifecam22 3349.59350586 5374.75195312 4.70816850662
1478190269870 lifecam22 3349.97436523 5374.95800781 4.71152877808
1478190269942 lifecam22 3349.81030273 5374.80908203 4.71007394791
1478190270003 lifecam22 3349.74658203 5374.71826172 4.70922040939
1478190270079 lifecam22 3349.3125 5374.24658203 4.70464611053
1478190270400 lifecam22 3349.74047852 5374.50634766 4.70585203171
1478190270473 lifecam22 3349.14990234 5374.35791016 4.70433187485
1478190270533 lifecam22 3349.80395508 5374.67724609 4.70750808716
1478190270603 lifecam22 3349.97875977 5374.79492188 4.70998287201
1478190270667 lifecam22 3349.78271484 5374.79052734 4.70856380463
1478190270876 lifecam22 3349.76660156 5374.90136719 4.71096038818
1478190270936 lifecam22 3349.82666016 5374.41259766 4.70632600784
1478190271006 lifecam22 3350.09838867 5374.82373047 4.71160030365
1478190271076 lifecam22 3349.30395508 5374.57568359 4.70775365829
1478190271145 lifecam22 3349.56518555 5374.59130859 4.70794677734
1478190271404 lifecam22 3350.1862793 5374.76660156 4.7110619545
1478190271470 lifecam22 3350.18920898 5374.39794922 4.70616340637
1478190271544 lifecam22 3350.07910156 5374.41992188 4.70368623734
1478190271599 lifecam22 3349.60620117 5374.22851562 4.70172739029
1478190271667 lifecam22 3349.7434082 5374.07861328 4.69511413574
1478190271876 lifecam22 3351.515625 5374.22167969 4.69450283051
1478190271935 lifecam22 3351.68530273 5374.39746094 4.69602632523
1478190271999 lifecam22 3351.71435547 5374.84033203 4.70705318451
1478190272071 lifecam22 3348.86157227 5374.49462891 4.70555114746
1478190272134 lifecam22 3350.96777344 5374.52734375 4.70490789413
1478190272412 lifecam22 3324.38134766 5373.02441406 4.70227050781
1478190272474 lifecam22 3315.37988281 5369.39794922 4.68560361862
1478190272539 lifecam22 3308.58837891 5369.26855469 4.68513822556
1478190272605 lifecam22 3300.88964844 5367.38867188 4.66944885254
1478190272676 lifecam22 3293.62792969 5366.79833984 4.66502571106
1478190272936 lifecam22 3266.90380859 5365.24365234 4.65494537354
1478190273010 lifecam22 3260.68945312 5364.61865234 4.65313911438
1478190273086 lifecam22 3253.15942383 5364.40625 4.64350271225
1478190273130 lifecam22 3246.4465332 5363.61083984 4.64146900177
1478190273210 lifecam22 3239.88330078 5362.98144531 4.63189649582
1478190273471 lifecam22 3210.43408203 5359.29248047 4.60157489777
1478190273546 lifecam22 3203.71679688 5358.75830078 4.5943312645
1478190273612 lifecam22 3196.48925781 5358.73681641 4.59111595154
1478190273680 lifecam22 3189.99536133 5359.11035156 4.58886051178
1478190273742 lifecam22 3183.5715332 5359.30371094 4.58996343613
1478190274006 lifecam22 3156.05444336 5358.01660156 4.57147455215
1478190274081 lifecam22 3148.48242188 5356.70947266 4.56085109711
1478190274138 lifecam22 3141.45996094 5357.15917969 4.55491018295
1478190274211 lifecam22 3134.72973633 5356.22167969 4.55107688904
1478190274280 lifecam22 3127.5222168 5356.83349609 4.54573631287
1478190274472 lifecam22 3106.46655273 5356.09814453 4.5274310112
1478190274539 lifecam22 3100.02563477 5356.87060547 4.52876186371
1478190274605 lifecam22 3093.40795898 5357.46679688 4.5232629776
1478190274673 lifecam22 3085.84204102 5357.58837891 4.51757526398
1478190274746 lifecam22 3079.73876953 5358.67822266 4.51630878448
1478190275017 lifecam22 3050.47583008 5359.60498047 4.49266052246
1478190275086 lifecam22 3045.05737305 5360.20654297 4.49418544769
1478190275140 lifecam22 3037.83325195 5360.88916016 4.48758840561
1478190275217 lifecam22 3030.69067383 5360.44677734 4.47818994522
1478190275281 lifecam22 3024.53466797 5361.85742188 4.47597551346
1478190275344 lifecam22 3016.89794922 5361.53808594 4.46900081635
1478190275617 lifecam22 2989.1862793 5364.92871094 4.44894742966
1478190275680 lifecam22 2982.66333008 5365.30175781 4.44579267502
1478190275739 lifecam22 2975.20385742 5365.73876953 4.43811798096
1478190275805 lifecam22 2968.24462891 5366.25390625 4.43068122864
1478190275874 lifecam22 2960.64404297 5366.87353516 4.42390108109
1478190276148 lifecam22 2934.24072266 5370.0078125 4.41114330292
1478190276213 lifecam22 2925.90893555 5370.29296875 4.39652395248
1478190276275 lifecam22 2919.77856445 5372.14306641 4.39648866653
1478190276355 lifecam22 2913.46459961 5373.85888672 4.39611005783
1478190276409 lifecam22 2905.99462891 5374.0 4.38810539246
1478190276622 lifecam22 2886.30883789 5378.84960938 4.38223457336
1478190276686 lifecam22 2877.91699219 5379.09423828 4.36683416367
1478190276738 lifecam22 2870.89086914 5380.18896484 4.36085414886
1478190276815 lifecam22 2866.58740234 5382.109375 4.36749267578
1478190276873 lifecam22 2857.86181641 5382.83105469 4.35507488251
1478190277148 lifecam22 2831.27783203 5389.80371094 4.34009361267
1478190277216 lifecam22 2824.53930664 5391.06005859 4.33311271667
1478190277281 lifecam22 2817.75463867 5392.42431641 4.32648897171
1478190277357 lifecam22 2811.24365234 5393.96777344 4.32611846924
1478190277544 lifecam22 2789.58764648 5398.85351562 4.30286407471
1478190277610 lifecam22 2782.54663086 5400.44726562 4.29672861099
1478190277685 lifecam22 2776.31298828 5402.63916016 4.29457807541
1478190277739 lifecam22 2770.08642578 5403.89746094 4.29510688782
1478190277814 lifecam22 2761.64868164 5405.37988281 4.28185606003
1478190278089 lifecam22 2735.86621094 5412.61865234 4.26362466812
1478190278145 lifecam22 2729.55639648 5414.88183594 4.25809192657
1478190278220 lifecam22 2723.04711914 5416.69335938 4.255027771
1478190278287 lifecam22 2716.38769531 5418.41162109 4.25428390503
1478190278356 lifecam22 2710.80371094 5420.98291016 4.25375366211
1478190278554 lifecam22 2689.8046875 5428.12304688 4.23494625092
1478190278614 lifecam22 2683.40112305 5429.72363281 4.22646379471
1478190278743 lifecam22 2671.43261719 5435.03369141 4.22520065308
1478190278812 lifecam22 2664.28393555 5437.16796875 4.21649026871
1478190279081 lifecam22 2638.19677734 5446.97070312 4.19991636276
1478190279150 lifecam22 2631.02685547 5448.64355469 4.18852186203
1478190279225 lifecam22 2623.3059082 5450.52246094 4.17877483368
1478190279279 lifecam22 2617.82275391 5453.27197266 4.17865514755
1478190279362 lifecam22 2609.96679688 5455.61865234 4.1673874855
1478190279545 lifecam22 2591.66992188 5463.94726562 4.16050624847
1478190279618 lifecam22 2585.00463867 5466.13037109 4.15810585022
1478190279683 lifecam22 2577.53662109 5468.76513672 4.14564466476
1478190279745 lifecam22 2570.88037109 5472.10449219 4.14003372192
1478190279819 lifecam22 2565.02587891 5474.48388672 4.13889169693
1478190280091 lifecam22 2540.95336914 5486.23828125 4.12474584579
1478190280156 lifecam22 2533.55664062 5489.23339844 4.12122344971
1478190280213 lifecam22 2527.21777344 5492.01318359 4.10909938812
1478190280284 lifecam22 2519.97192383 5494.90869141 4.10372591019
1478190280363 lifecam22 2514.30883789 5497.90527344 4.09912490845
1478190280617 lifecam22 2489.26831055 5511.11962891 4.08308458328
1478190280681 lifecam22 2483.99316406 5514.31201172 4.08297157288
1478190280753 lifecam22 2477.02172852 5517.6875 4.07303285599
1478190280829 lifecam22 2470.72558594 5520.36279297 4.06633377075
1478190280877 lifecam22 2465.17041016 5524.21728516 4.06803131104
1478190281170 lifecam22 2439.32275391 5537.35107422 4.04366588593
1478190281214 lifecam22 2432.54882812 5540.77685547 4.03467178345
1478190281284 lifecam22 2426.3269043 5544.11181641 4.02970123291
1478190281359 lifecam22 2420.18847656 5547.91162109 4.02749729156
1478190281413 lifecam22 2414.70825195 5551.5390625 4.02292823792
1478190281692 lifecam22 2391.19604492 5565.74462891 4.00590658188
1478190281761 lifecam22 2384.89477539 5569.04980469 3.99870562553
1478190281828 lifecam22 2379.3046875 5573.36669922 3.99515414238
1478190281891 lifecam22 2373.2277832 5576.32128906 3.98865294456
1478190281955 lifecam22 2367.55761719 5581.03076172 3.98438382149
1478190282223 lifecam22 2343.86962891 5595.83203125 3.96301293373
1478190282300 lifecam22 2338.29370117 5600.11816406 3.95925855637
1478190282353 lifecam22 2332.5456543 5603.63769531 3.95549154282
1478190282415 lifecam22 2328.06396484 5608.02587891 3.95483660698
1478190282488 lifecam22 2320.93017578 5611.70996094 3.94466304779
1478190282756 lifecam22 2298.06762695 5628.11767578 3.92552399635
1478190282818 lifecam22 2291.76806641 5632.25927734 3.91425466537
1478190282893 lifecam22 2284.44873047 5637.12402344 3.90484118462
1478190282958 lifecam22 2280.06713867 5641.18798828 3.90201640129
1478190283023 lifecam22 2275.21875 5644.96386719 3.90445494652
1478190283282 lifecam22 2251.62231445 5662.81591797 3.87303757668
1478190283363 lifecam22 2246.42578125 5666.93505859 3.87605643272
1478190283419 lifecam22 2242.20727539 5671.4140625 3.87338042259
1478190283480 lifecam22 2236.44555664 5676.12011719 3.87061619759
1478190283553 lifecam22 2231.00341797 5679.87744141 3.86243700981
1478190283756 lifecam22 2215.69946289 5693.45361328 3.8548746109
1478190283829 lifecam22 2209.4440918 5697.76660156 3.84606003761
1478190283883 lifecam22 2203.24951172 5702.27587891 3.83665132523
1478190284015 lifecam22 2193.02392578 5711.64746094 3.82447814941
1478190284230 lifecam22 2177.48657227 5725.20996094 3.80977272987
1478190284298 lifecam22 2172.53320312 5730.22412109 3.80448961258
1478190284370 lifecam22 2166.26049805 5735.04101562 3.79453039169
1478190284415 lifecam22 2162.07592773 5739.79980469 3.79473543167
1478190284490 lifecam22 2157.77319336 5744.55566406 3.79228615761
1478190284759 lifecam22 2136.09375 5764.56005859 3.77022147179
1478190284832 lifecam22 2131.7199707 5769.68310547 3.76795101166
1478190284899 lifecam22 2125.94995117 5773.84472656 3.75950884819
1478190284958 lifecam22 2121.94921875 5778.89013672 3.75554704666
1478190285024 lifecam22 2115.95117188 5784.20507812 3.74830555916
1478190285232 lifecam22 2102.01586914 5799.27880859 3.73601818085
1478190285290 lifecam22 2097.93164062 5804.76123047 3.73244714737
1478190285357 lifecam22 2093.38671875 5809.93554688 3.72751331329
1478190285421 lifecam22 2087.94482422 5814.81591797 3.72282218933
1478190285504 lifecam22 2084.41625977 5819.93310547 3.71932554245
1478190285768 lifecam22 2066.24438477 5839.5234375 3.70338368416
1478190285821 lifecam22 2061.05761719 5845.89746094 3.69347310066
1478190285891 lifecam22 2056.56640625 5850.69140625 3.69218754768
1478190285965 lifecam22 2051.86157227 5856.60449219 3.68447399139
1478190286029 lifecam22 2047.1463623 5861.00683594 3.67742967606
1478190286303 lifecam22 2028.35852051 5883.70947266 3.65753340721
1478190286358 lifecam22 2024.64025879 5889.50976562 3.65247583389
1478190286422 lifecam22 2019.17687988 5894.69921875 3.64608955383
1478190286499 lifecam22 2015.26037598 5899.97558594 3.64140319824
1478190286557 lifecam22 2010.75793457 5905.51074219 3.63232088089
1478190286833 lifecam22 1996.44543457 5927.32080078 3.62558698654
1478190286891 lifecam22 1991.45373535 5932.64355469 3.61824989319
1478190286962 lifecam22 1986.55407715 5938.19140625 3.61048841476
1478190287026 lifecam22 1983.29138184 5943.96142578 3.60865211487
1478190287094 lifecam22 1976.84313965 5950.16357422 3.59514951706
1478190287358 lifecam22 1963.78808594 5973.80859375 3.58414554596
1478190287432 lifecam22 1957.82556152 5979.22167969 3.574426651
1478190287493 lifecam22 1954.89904785 5984.72558594 3.57021045685
1478190287561 lifecam22 1950.8717041 5990.54296875 3.56954669952
1478190287630 lifecam22 1948.609375 5995.82275391 3.57259225845
1478190287837 lifecam22 1936.07226562 6013.52587891 3.54946565628
1478190287955 lifecam22 1934.56140137 6020.66162109 3.55821847916
1478190288026 lifecam22 1934.49230957 6018.72509766 3.55730009079
1478190288098 lifecam22 1933.84960938 6020.31982422 3.55540895462
1478190288300 lifecam22 1934.08764648 6019.71875 3.55380153656
1478190288367 lifecam22 1934.22973633 6019.56103516 3.55572748184
1478190288430 lifecam22 1933.97351074 6019.45605469 3.55569171906
1478190288492 lifecam22 1933.8927002 6019.58544922 3.55424451828
1478190288560 lifecam22 1933.63952637 6020.12841797 3.54980278015
1478190288829 lifecam22 1934.01513672 6019.76660156 3.55310535431
1478190288893 lifecam22 1933.8927002 6019.58544922 3.55424451828
1478190288967 lifecam22 1934.08764648 6019.71875 3.55380153656
1478190289031 lifecam22 1933.74938965 6019.74414062 3.55230903625
