1478186528069 lifecam22 3346.41381836 5381.52783203 4.71288108826
1478186528336 lifecam22 3345.36743164 5379.63427734 4.70340824127
1478186528386 lifecam22 3345.36743164 5379.63427734 4.70340824127
1478186528465 lifecam22 3345.0859375 5379.07421875 4.70087480545
1478186528534 lifecam22 3345.11645508 5379.90820312 4.7045583725
1478186528591 lifecam22 3345.28149414 5379.54882812 4.7026348114
1478186528922 lifecam22 3345.51855469 5379.92480469 4.70476865768
1478186528998 lifecam22 3344.95654297 5378.94628906 4.69971179962
1478186529056 lifecam22 3344.54443359 5378.15136719 4.6960144043
1478186529129 lifecam22 3344.6105957 5378.35693359 4.69660806656
1478186529199 lifecam22 3344.3737793 5378.01367188 4.69448947906
1478186529542 lifecam22 3346.39868164 5381.23095703 4.71153354645
1478186529594 lifecam22 3344.3737793 5378.01367188 4.69448947906
1478186529657 lifecam22 3344.6105957 5378.35693359 4.69660806656
1478186529725 lifecam22 3343.56298828 5376.33398438 4.68331861496
1478186529796 lifecam22 3345.92578125 5380.75390625 4.70844936371
1478186530061 lifecam22 3331.05249023 5379.84423828 4.70397901535
1478186530124 lifecam22 3323.80297852 5378.27148438 4.69717216492
1478186530200 lifecam22 3315.52734375 5374.13476562 4.68589401245
1478186530277 lifecam22 3308.57788086 5373.95166016 4.68638277054
1478186530335 lifecam22 3304.21875 5371.83056641 4.6692609787
1478186530670 lifecam22 3271.25976562 5370.796875 4.66963291168
1478186530735 lifecam22 3263.80297852 5369.71923828 4.65779590607
1478186530802 lifecam22 3255.72314453 5367.36083984 4.64166164398
1478186530865 lifecam22 3248.91894531 5366.85302734 4.63710594177
1478186530935 lifecam22 3242.41894531 5366.90917969 4.63804626465
1478186531268 lifecam22 3207.60498047 5364.18554688 4.61700582504
1478186531325 lifecam22 3201.41137695 5363.68212891 4.61302232742
1478186531402 lifecam22 3193.70458984 5361.359375 4.60065984726
1478186531471 lifecam22 3187.66918945 5362.92382812 4.60455513
1478186531532 lifecam22 3179.89501953 5360.734375 4.59108066559
1478186531812 lifecam22 3151.72558594 5359.78125 4.56905841827
1478186531865 lifecam22 3144.31982422 5359.75146484 4.56300878525
1478186531937 lifecam22 3138.42138672 5359.80224609 4.56495666504
1478186531998 lifecam22 3131.43920898 5360.48730469 4.55941534042
1478186532065 lifecam22 3124.06958008 5359.6640625 4.55379486084
1478186532337 lifecam22 3098.67480469 5361.47216797 4.54648542404
1478186532408 lifecam22 3090.05517578 5360.60839844 4.53589344025
1478186532469 lifecam22 3083.76879883 5360.64599609 4.53120422363
1478186532530 lifecam22 3076.57177734 5360.66552734 4.52078199387
1478186532598 lifecam22 3069.89819336 5360.37451172 4.5160574913
1478186532879 lifecam22 3041.62451172 5361.54785156 4.49482297897
1478186532940 lifecam22 3034.05957031 5362.04541016 4.49032783508
1478186533008 lifecam22 3027.63574219 5362.61328125 4.48883867264
1478186533072 lifecam22 3020.50585938 5362.52978516 4.47993469238
1478186533141 lifecam22 3013.85058594 5363.15673828 4.48155069351
1478186533397 lifecam22 2986.45043945 5365.44775391 4.45965719223
1478186533465 lifecam22 2978.91479492 5364.85986328 4.45002031326
1478186533539 lifecam22 2972.64428711 5366.85107422 4.44937467575
1478186533607 lifecam22 2964.94238281 5366.53076172 4.43923568726
1478186533672 lifecam22 2959.40429688 5368.06347656 4.43782663345
1478186533869 lifecam22 2936.94848633 5370.16259766 4.41761779785
1478186533935 lifecam22 2930.46801758 5370.44482422 4.41342020035
1478186534009 lifecam22 2924.42382812 5371.77978516 4.41254806519
1478186534074 lifecam22 2917.68286133 5373.51171875 4.4119052887
1478186534138 lifecam22 2910.98681641 5373.34277344 4.40387535095
1478186534409 lifecam22 2882.73510742 5377.93115234 4.38239479065
1478186534475 lifecam22 2876.10620117 5379.41113281 4.38141536713
1478186534530 lifecam22 2868.13232422 5380.96582031 4.37297058105
1478186534608 lifecam22 2862.24047852 5381.81494141 4.3716545105
1478186534675 lifecam22 2854.43994141 5382.65966797 4.36360788345
1478186534939 lifecam22 2827.72729492 5388.53125 4.34972715378
1478186535008 lifecam22 2819.84448242 5390.20947266 4.34122896194
1478186535072 lifecam22 2813.1496582 5390.95996094 4.33132886887
1478186535133 lifecam22 2806.23217773 5392.30175781 4.32753753662
1478186535209 lifecam22 2800.68408203 5394.19677734 4.33003377914
1478186535533 lifecam22 2765.90869141 5401.63134766 4.29630804062
1478186535603 lifecam22 2759.95898438 5403.74658203 4.29587316513
1478186535670 lifecam22 2752.58227539 5404.74316406 4.28452920914
1478186535739 lifecam22 2747.00439453 5407.36523438 4.28375148773
1478186535794 lifecam22 2739.76782227 5409.39208984 4.28090000153
1478186536078 lifecam22 2714.10302734 5416.85791016 4.26315450668
1478186536137 lifecam22 2708.00561523 5419.36474609 4.26513290405
1478186536212 lifecam22 2701.04711914 5421.78662109 4.26103782654
1478186536268 lifecam22 2692.75439453 5422.65673828 4.24453878403
1478186536331 lifecam22 2686.53833008 5425.35449219 4.24356079102
1478186536679 lifecam22 2651.80053711 5435.12939453 4.21050739288
1478186536737 lifecam22 2646.79711914 5438.55712891 4.21403026581
1478186536802 lifecam22 2639.05883789 5441.09179688 4.20299816132
1478186536874 lifecam22 2633.09326172 5443.18066406 4.20165967941
1478186536937 lifecam22 2627.12768555 5445.89990234 4.19819784164
1478186537139 lifecam22 2607.5234375 5452.52929688 4.18817329407
1478186537205 lifecam22 2599.984375 5454.88037109 4.1793217659
1478186537277 lifecam22 2594.76147461 5457.01611328 4.17616605759
1478186537342 lifecam22 2586.71240234 5459.38623047 4.16747760773
1478186537407 lifecam22 2580.84643555 5462.05810547 4.15876817703
1478186537679 lifecam22 2555.1574707 5473.0234375 4.14295721054
1478186537736 lifecam22 2548.21533203 5476.17089844 4.13627958298
1478186537810 lifecam22 2541.88549805 5479.53369141 4.13433456421
1478186537881 lifecam22 2534.76318359 5482.11425781 4.12719917297
1478186537945 lifecam22 2529.81738281 5485.34277344 4.13118171692
1478186538270 lifecam22 2496.06933594 5499.54882812 4.10077238083
1478186538350 lifecam22 2489.65039062 5502.45068359 4.09555339813
1478186538411 lifecam22 2482.36621094 5505.32519531 4.08300542831
1478186538479 lifecam22 2478.2253418 5508.89208984 4.08947992325
1478186538550 lifecam22 2470.59277344 5511.69482422 4.0800909996
1478186538748 lifecam22 2453.18310547 5521.8359375 4.07089233398
1478186538810 lifecam22 2447.34301758 5525.82568359 4.06406641006
1478186538881 lifecam22 2441.42675781 5528.78271484 4.06752300262
1478186538946 lifecam22 2434.97167969 5531.84179688 4.05641746521
1478186539017 lifecam22 2427.74609375 5535.80517578 4.04619503021
1478186539293 lifecam22 2405.96142578 5549.18554688 4.03567028046
1478186539344 lifecam22 2397.73828125 5551.83300781 4.01828193665
1478186539416 lifecam22 2392.2644043 5556.43359375 4.01988363266
1478186539547 lifecam22 2379.26000977 5562.96044922 4.0028796196
1478186539884 lifecam22 2350.63623047 5581.49365234 3.98362565041
1478186539950 lifecam22 2342.45532227 5584.68798828 3.97102427483
1478186540010 lifecam22 2338.16186523 5589.08496094 3.97353625298
1478186540088 lifecam22 2332.79003906 5592.54394531 3.97391867638
1478186540145 lifecam22 2326.1484375 5596.8515625 3.96095013618
1478186540419 lifecam22 2303.31689453 5611.56396484 3.94449138641
1478186540478 lifecam22 2296.16601562 5616.53515625 3.927973032
1478186540550 lifecam22 2289.13598633 5620.54736328 3.91917014122
1478186540613 lifecam22 2285.0090332 5624.28662109 3.91469931602
1478186540678 lifecam22 2277.53491211 5630.09033203 3.90520501137
1478186540893 lifecam22 2261.13916016 5642.38183594 3.88911390305
1478186540958 lifecam22 2256.7902832 5645.55957031 3.89681863785
1478186541023 lifecam22 2252.43603516 5650.09472656 3.89632868767
1478186541086 lifecam22 2245.62084961 5654.6953125 3.88534140587
1478186541146 lifecam22 2240.9128418 5658.69482422 3.88676333427
1478186541418 lifecam22 2218.24511719 5676.07275391 3.86129164696
1478186541485 lifecam22 2212.67041016 5681.05273438 3.8529856205
1478186541545 lifecam22 2207.19091797 5684.56787109 3.84750723839
1478186541614 lifecam22 2201.12255859 5689.97216797 3.8417236805
1478186541685 lifecam22 2196.25292969 5693.76318359 3.83855175972
1478186541890 lifecam22 2179.96411133 5707.28417969 3.82665109634
1478186541943 lifecam22 2173.5378418 5711.89941406 3.81477451324
1478186542022 lifecam22 2169.06494141 5716.74023438 3.81774759293
1478186542077 lifecam22 2164.8125 5721.5546875 3.81645917892
1478186542157 lifecam22 2159.49047852 5726.18310547 3.81231713295
1478186542484 lifecam22 2134.79370117 5749.33300781 3.78926587105
1478186542551 lifecam22 2129.70385742 5754.9609375 3.78293895721
1478186542619 lifecam22 2124.46606445 5759.5859375 3.7790248394
1478186542683 lifecam22 2120.10498047 5764.94921875 3.77372193336
1478186542751 lifecam22 2114.9699707 5770.68066406 3.76890659332
1478186543022 lifecam22 2094.95556641 5789.34814453 3.74553108215
1478186543079 lifecam22 2089.39794922 5794.88330078 3.73535037041
1478186543147 lifecam22 2085.51953125 5799.16552734 3.73581218719
1478186543222 lifecam22 2080.23974609 5804.86035156 3.72881770134
1478186543280 lifecam22 2075.15307617 5810.03173828 3.72253370285
1478186543555 lifecam22 2055.60791016 5830.85302734 3.69783735275
1478186543618 lifecam22 2050.94848633 5835.66992188 3.69811916351
1478186543695 lifecam22 2047.40856934 5840.84521484 3.69839787483
1478186543749 lifecam22 2042.71862793 5845.71630859 3.69261407852
1478186543827 lifecam22 2036.78527832 5851.31298828 3.68295526505
1478186544089 lifecam22 2020.31213379 5872.82714844 3.67016220093
1478186544155 lifecam22 2015.47839355 5877.75341797 3.66411375999
1478186544217 lifecam22 2012.12121582 5883.11914062 3.66231966019
1478186544290 lifecam22 2007.19055176 5888.72216797 3.65486884117
1478186544355 lifecam22 2002.37878418 5894.07128906 3.6520178318
1478186544622 lifecam22 1986.09387207 5916.56005859 3.62923765182
1478186544688 lifecam22 1981.94641113 5922.18408203 3.62388372421
1478186544756 lifecam22 1978.61987305 5927.68359375 3.62173986435
1478186544828 lifecam22 1974.36499023 5933.16845703 3.61638259888
1478186544884 lifecam22 1969.28491211 5939.25341797 3.60899734497
1478186545151 lifecam22 1953.1607666 5961.12109375 3.59211301804
1478186545227 lifecam22 1946.68603516 5967.61572266 3.5748257637
1478186545286 lifecam22 1942.81811523 5973.52783203 3.57120990753
1478186545350 lifecam22 1939.21337891 5979.07714844 3.57035160065
1478186545424 lifecam22 1934.37451172 5984.91259766 3.55936431885
1478186545692 lifecam22 1923.28771973 6007.01318359 3.56224727631
1478186545763 lifecam22 1925.85095215 6005.92626953 3.57379436493
1478186545826 lifecam22 1926.18286133 6006.02929688 3.57558012009
1478186545889 lifecam22 1925.22216797 6005.66357422 3.56957578659
1478186545953 lifecam22 1925.70263672 6006.06542969 3.57269668579
1478186546222 lifecam22 1926.04370117 6005.66748047 3.57400941849
1478186546297 lifecam22 1925.72180176 6005.69677734 3.57248449326
1478186546357 lifecam22 1925.0916748 6005.86962891 3.56927013397
1478186546421 lifecam22 1925.50256348 6005.90625 3.57180261612
1478186546701 lifecam22 1925.91235352 6005.58300781 3.57297897339
1478186546758 lifecam22 1925.37158203 6005.81396484 3.57140159607
1478186546826 lifecam22 1926.04370117 6005.66748047 3.57400941849
1478186546896 lifecam22 1925.22216797 6005.66357422 3.56957578659
1478186546956 lifecam22 1925.69384766 6005.78417969 3.57292795181
1478186547165 lifecam22 1925.3885498 6005.86035156 3.57142829895
1478186547222 lifecam22 1925.41345215 6005.83886719 3.57079935074
1478186547287 lifecam22 1926.27905273 6005.46777344 3.57549190521
1478186547358 lifecam22 1925.91235352 6005.58300781 3.57297897339
1478186547425 lifecam22 1926.0612793 6005.73535156 3.57480144501
1478186547694 lifecam22 1925.54455566 6005.6328125 3.57110261917
1478186547759 lifecam22 1925.55700684 6005.83740234 3.57199335098
1478186547832 lifecam22 1925.70263672 6006.06542969 3.57269668579
1478186547895 lifecam22 1924.78210449 6006.09375 3.56884431839
1478186547958 lifecam22 1925.92468262 6005.70751953 3.57194662094
1478186548218 lifecam22 1925.75402832 6005.87890625 3.57395792007
1478186548292 lifecam22 1925.91235352 6005.87304688 3.57370710373
1478186548352 lifecam22 1925.49194336 6005.71875 3.57099533081
1478186548423 lifecam22 1926.14770508 6005.89550781 3.57476472855
1478186548493 lifecam22 1926.02600098 6005.88720703 3.57471752167
1478186548701 lifecam22 1926.04370117 6005.66748047 3.57400941849
1478186548761 lifecam22 1925.50256348 6005.90625 3.57180261612
1478186548817 lifecam22 1925.72180176 6005.5625 3.57231140137
