1478186020938 lifecam22 3346.94580078 5379.06689453 4.69851779938
1478186021017 lifecam22 3346.36474609 5378.18994141 4.69123935699
1478186021077 lifecam22 3347.51220703 5379.25976562 4.70075654984
1478186021138 lifecam22 3347.35717773 5379.02636719 4.70065593719
1478186021412 lifecam22 3346.66650391 5378.03759766 4.6956319809
1478186021472 lifecam22 3346.84204102 5378.07568359 4.69603157043
1478186021543 lifecam22 3346.51147461 5377.77050781 4.69431114197
1478186021603 lifecam22 3346.60791016 5377.72558594 4.69393968582
1478186021671 lifecam22 3346.53100586 5377.79101562 4.69450426102
1478186021950 lifecam22 3347.17553711 5378.28076172 4.69797611237
1478186022012 lifecam22 3346.76513672 5378.14111328 4.6965970993
1478186022083 lifecam22 3346.60791016 5377.72558594 4.69393968582
1478186022153 lifecam22 3346.88354492 5378.26611328 4.6977558136
1478186022213 lifecam22 3346.60791016 5377.72558594 4.69393968582
1478186022486 lifecam22 3346.74536133 5378.12060547 4.69640398026
1478186022544 lifecam22 3347.00073242 5378.49072266 4.69869375229
1478186022602 lifecam22 3346.55029297 5378.06152344 4.69581413269
1478186022672 lifecam22 3346.57324219 5378.37939453 4.69867706299
1478186022745 lifecam22 3346.96362305 5378.59814453 4.69964647293
1478186023085 lifecam22 3346.84765625 5378.62207031 4.69982719421
1478186023141 lifecam22 3346.60791016 5377.72558594 4.69393968582
1478186023211 lifecam22 3346.62426758 5378.15673828 4.69560670853
1478186023281 lifecam22 3347.03417969 5378.23339844 4.69639968872
1478186023342 lifecam22 3347.1484375 5377.53027344 4.69223690033
1478186023613 lifecam22 3346.0625 5376.94580078 4.6903090477
1478186023674 lifecam22 3346.49365234 5377.10009766 4.6918926239
1478186023751 lifecam22 3337.17871094 5376.53808594 4.6893529892
1478186023813 lifecam22 3329.94897461 5374.21142578 4.6882724762
1478186023877 lifecam22 3324.14746094 5371.77978516 4.66830635071
1478186024154 lifecam22 3296.52929688 5371.08691406 4.66445922852
1478186024218 lifecam22 3289.42163086 5369.57666016 4.659678936
1478186024278 lifecam22 3282.88500977 5369.29833984 4.65909910202
1478186024344 lifecam22 3276.80444336 5368.37207031 4.65889501572
1478186024416 lifecam22 3270.08227539 5367.81884766 4.65660095215
1478186024682 lifecam22 3242.59326172 5365.74658203 4.63515710831
1478186024745 lifecam22 3235.74487305 5365.27148438 4.63344049454
1478186024821 lifecam22 3228.671875 5365.26953125 4.62740039825
1478186024878 lifecam22 3221.49389648 5364.33740234 4.61832904816
1478186024949 lifecam22 3215.17431641 5363.54199219 4.6138958931
1478186025214 lifecam22 3186.85498047 5362.31054688 4.59422445297
1478186025284 lifecam22 3179.74047852 5361.76953125 4.58889102936
1478186025353 lifecam22 3172.24243164 5361.06494141 4.57509183884
1478186025416 lifecam22 3164.89208984 5360.20556641 4.57056093216
1478186025483 lifecam22 3157.45507812 5359.828125 4.56379556656
1478186025690 lifecam22 3136.3449707 5359.38769531 4.54838562012
1478186025757 lifecam22 3129.33813477 5358.33007812 4.54370355606
1478186025808 lifecam22 3123.59179688 5358.93505859 4.54112386703
1478186025889 lifecam22 3115.65673828 5358.77636719 4.53311824799
1478186025944 lifecam22 3109.42651367 5358.93505859 4.5321855545
1478186026234 lifecam22 3081.76416016 5360.12792969 4.51120662689
1478186026290 lifecam22 3074.48120117 5360.05908203 4.51002502441
1478186026348 lifecam22 3068.80249023 5360.88037109 4.50856304169
1478186026421 lifecam22 3060.89160156 5360.84667969 4.49949407578
1478186026482 lifecam22 3054.30395508 5361.14160156 4.49662160873
1478186026891 lifecam22 3013.3059082 5365.10205078 4.46857833862
1478186026941 lifecam22 3006.15600586 5364.39160156 4.45815896988
1478186027019 lifecam22 2999.87109375 5365.94091797 4.46003007889
1478186027070 lifecam22 2991.83081055 5366.17675781 4.44923686981
1478186027158 lifecam22 2984.72192383 5367.54931641 4.44406557083
1478186027486 lifecam22 2949.09399414 5369.76318359 4.41270160675
1478186027551 lifecam22 2943.30444336 5370.74609375 4.41198015213
1478186027614 lifecam22 2936.95336914 5371.95019531 4.41188573837
1478186027686 lifecam22 2929.41430664 5372.87548828 4.40457963943
1478186027753 lifecam22 2923.64697266 5374.23486328 4.40347719193
1478186028083 lifecam22 2887.6574707 5379.36230469 4.37081193924
1478186028149 lifecam22 2880.92675781 5380.32568359 4.36727190018
1478186028208 lifecam22 2875.47412109 5382.59716797 4.37168216705
1478186028292 lifecam22 2867.80004883 5383.55615234 4.35995960236
1478186028350 lifecam22 2861.58325195 5384.78515625 4.35875988007
1478186028688 lifecam22 2827.8894043 5392.47460938 4.33521795273
1478186028751 lifecam22 2819.98901367 5393.7578125 4.32776784897
1478186028822 lifecam22 2813.43334961 5395.02978516 4.32058429718
1478186028885 lifecam22 2805.06982422 5396.68505859 4.31184911728
1478186028951 lifecam22 2798.81591797 5397.74121094 4.31058979034
1478186029286 lifecam22 2765.40527344 5406.83789062 4.28605127335
1478186029352 lifecam22 2758.20092773 5408.68164062 4.28128528595
1478186029421 lifecam22 2752.94628906 5411.16894531 4.28472566605
1478186029490 lifecam22 2745.58496094 5412.53710938 4.27630233765
1478186029552 lifecam22 2739.96801758 5414.31640625 4.27170801163
1478186029895 lifecam22 2704.98706055 5423.76074219 4.2400560379
1478186029952 lifecam22 2699.78149414 5425.90380859 4.2412648201
1478186030020 lifecam22 2692.96777344 5428.60693359 4.23441886902
1478186030088 lifecam22 2687.20581055 5431.63964844 4.23239612579
1478186030155 lifecam22 2680.05786133 5433.08642578 4.22845458984
1478186030490 lifecam22 2647.48095703 5445.23828125 4.20787715912
1478186030561 lifecam22 2640.23657227 5447.44726562 4.19832229614
1478186030615 lifecam22 2633.6184082 5449.36621094 4.18752622604
1478186030692 lifecam22 2626.06494141 5451.98388672 4.1810297966
1478186030753 lifecam22 2619.39575195 5454.16503906 4.17607831955
1478186031029 lifecam22 2592.31420898 5464.15966797 4.1539645195
1478186031081 lifecam22 2586.84033203 5467.69970703 4.15429401398
1478186031162 lifecam22 2580.81616211 5470.49316406 4.15227985382
1478186031222 lifecam22 2574.5793457 5472.84277344 4.14853334427
1478186031281 lifecam22 2568.31567383 5475.82519531 4.14089202881
1478186031628 lifecam22 2535.56762695 5489.51806641 4.11318969727
1478186031690 lifecam22 2528.18017578 5492.98242188 4.10529518127
1478186031763 lifecam22 2523.33984375 5495.71289062 4.10866260529
1478186031829 lifecam22 2516.60083008 5499.56201172 4.10270309448
1478186031895 lifecam22 2510.39819336 5502.07470703 4.09727668762
1478186032162 lifecam22 2485.88378906 5514.89208984 4.07813262939
1478186032224 lifecam22 2478.97631836 5518.50537109 4.07268571854
1478186032296 lifecam22 2472.64379883 5521.54736328 4.06821155548
1478186032350 lifecam22 2464.95678711 5524.87695312 4.05796813965
1478186032421 lifecam22 2460.25585938 5527.96728516 4.05864715576
1478186032696 lifecam22 2436.04614258 5541.41992188 4.04074621201
1478186032760 lifecam22 2428.52807617 5544.41699219 4.02933216095
1478186032819 lifecam22 2423.26464844 5548.17675781 4.02677345276
1478186032900 lifecam22 2416.13525391 5552.4921875 4.01625299454
1478186032964 lifecam22 2411.55224609 5555.47558594 4.02371835709
1478186033239 lifecam22 2387.48144531 5570.33203125 3.99903178215
1478186033291 lifecam22 2381.53466797 5574.52490234 3.99476742744
1478186033359 lifecam22 2377.14331055 5578.97021484 3.99592900276
1478186033428 lifecam22 2370.2890625 5581.34228516 3.99016904831
1478186033491 lifecam22 2364.83081055 5585.98291016 3.98777413368
1478186033770 lifecam22 2340.31738281 5600.28417969 3.96085762978
1478186033829 lifecam22 2332.45947266 5604.55712891 3.93886780739
1478186033889 lifecam22 2329.11425781 5608.04785156 3.94491052628
1478186034025 lifecam22 2315.70117188 5617.70214844 3.92704820633
1478186034295 lifecam22 2293.69311523 5632.22412109 3.91733813286
1478186034360 lifecam22 2286.72802734 5637.25976562 3.90101504326
1478186034435 lifecam22 2281.38378906 5641.43505859 3.90255832672
1478186034497 lifecam22 2276.92578125 5645.51513672 3.89992284775
1478186034562 lifecam22 2270.19287109 5650.36181641 3.8904800415
1478186034831 lifecam22 2248.9921875 5667.63037109 3.87281537056
1478186034896 lifecam22 2245.00097656 5672.10302734 3.87456321716
1478186034965 lifecam22 2237.79980469 5677.33398438 3.86115479469
1478186035026 lifecam22 2234.0715332 5681.63378906 3.86392807961
1478186035098 lifecam22 2226.88720703 5686.57958984 3.85044384003
1478186035426 lifecam22 2201.90942383 5707.99511719 3.83259248734
1478186035492 lifecam22 2195.32226562 5712.29931641 3.8202931881
1478186035565 lifecam22 2190.27001953 5717.25488281 3.81750583649
1478186035632 lifecam22 2184.56542969 5721.88476562 3.81259870529
1478186035692 lifecam22 2179.60522461 5726.65673828 3.80376172066
1478186035963 lifecam22 2159.64746094 5746.26513672 3.79015421867
1478186036029 lifecam22 2153.67480469 5750.85986328 3.77967500687
1478186036095 lifecam22 2148.85717773 5755.62402344 3.77885293961
1478186036228 lifecam22 2138.50610352 5765.44824219 3.7675113678
1478186036504 lifecam22 2119.3605957 5784.86816406 3.7522315979
1478186036567 lifecam22 2115.17285156 5790.11914062 3.74683713913
1478186036630 lifecam22 2108.77514648 5795.94433594 3.73466038704
1478186036702 lifecam22 2104.99951172 5800.33837891 3.73150730133
1478186036762 lifecam22 2100.17382812 5805.71972656 3.72695493698
1478186037036 lifecam22 2082.43457031 5826.63964844 3.71217417717
1478186037100 lifecam22 2077.50561523 5832.18554688 3.7034869194
1478186037169 lifecam22 2072.51806641 5836.96142578 3.69937944412
1478186037229 lifecam22 2068.86401367 5842.59619141 3.69830513
1478186037297 lifecam22 2063.8815918 5847.23681641 3.69422864914
1478186037634 lifecam22 2040.31652832 5874.25195312 3.66048169136
1478186037696 lifecam22 2035.10754395 5879.34570312 3.6567902565
1478186037757 lifecam22 2031.01721191 5885.4921875 3.64987134933
1478186037831 lifecam22 2026.75598145 5890.56347656 3.64623689651
1478186037889 lifecam22 2021.79455566 5896.34375 3.63882923126
1478186038235 lifecam22 2001.61120605 5923.87939453 3.6202173233
1478186038297 lifecam22 1998.44494629 5929.27832031 3.61892271042
1478186038360 lifecam22 1993.00476074 5934.80224609 3.61084604263
1478186038438 lifecam22 1990.01477051 5940.53466797 3.60595941544
1478186038501 lifecam22 1986.45153809 5946.27392578 3.60665464401
1478186038915 lifecam22 1963.00097656 5980.66796875 3.57503652573
1478186038969 lifecam22 1959.02258301 5986.93310547 3.57074403763
1478186039033 lifecam22 1953.98034668 5992.80615234 3.5600233078
1478186039101 lifecam22 1950.74963379 5998.87890625 3.55552148819
1478186039164 lifecam22 1946.57446289 6004.765625 3.55226230621
1478186039381 lifecam22 1934.9005127 6022.01855469 3.53413295746
1478186039434 lifecam22 1935.82983398 6024.79296875 3.547062397
1478186039505 lifecam22 1936.29296875 6022.63623047 3.54372787476
1478186039562 lifecam22 1936.00769043 6023.64648438 3.54564332962
1478186039626 lifecam22 1936.22973633 6023.46533203 3.54401826859
1478186040039 lifecam22 1935.92285156 6023.50634766 3.54255151749
1478186040099 lifecam22 1936.37756348 6023.68505859 3.54631090164
1478186040173 lifecam22 1936.1965332 6023.54296875 3.54425191879
1478186040240 lifecam22 1937.1348877 6023.02734375 3.54931497574
1478186040303 lifecam22 1937.484375 6022.97314453 3.55109405518
1478186040644 lifecam22 1937.38134766 6022.70751953 3.55259132385
1478186040708 lifecam22 1937.32116699 6022.62890625 3.55179834366
1478186040772 lifecam22 1937.36767578 6022.92333984 3.55109214783
1478186040838 lifecam22 1937.60473633 6023.0390625 3.55234289169
1478186040914 lifecam22 1937.59545898 6022.97851562 3.55282878876
1478186041187 lifecam22 1937.63122559 6022.81542969 3.55271911621
1478186041238 lifecam22 1937.17749023 6023.00878906 3.54963874817
1478186041309 lifecam22 1937.13781738 6023.04248047 3.55056285858
1478186041371 lifecam22 1937.43359375 6022.93261719 3.55125379562
