1478186404667 lifecam22 3347.77148438 5379.71582031 4.70717287064
1478186404931 lifecam22 3346.93774414 5378.44287109 4.69947433472
1478186405006 lifecam22 3346.41699219 5377.71289062 4.69622325897
1478186405070 lifecam22 3347.51049805 5379.17089844 4.70484161377
1478186405143 lifecam22 3346.52880859 5377.94384766 4.69716024399
1478186405209 lifecam22 3346.37915039 5377.81787109 4.69585561752
1478186405477 lifecam22 3346.65039062 5377.45556641 4.6988325119
1478186405531 lifecam22 3345.84082031 5377.75097656 4.69735479355
1478186405609 lifecam22 3346.18383789 5377.90771484 4.69659137726
1478186405661 lifecam22 3346.20874023 5378.03466797 4.69758558273
1478186405740 lifecam22 3347.19311523 5379.51025391 4.7063794136
1478186406075 lifecam22 3344.37597656 5377.64697266 4.69336223602
1478186406140 lifecam22 3344.80419922 5378.02587891 4.69602441788
1478186406206 lifecam22 3344.58276367 5377.55615234 4.69408416748
1478186406279 lifecam22 3345.06420898 5378.17041016 4.69722366333
1478186406339 lifecam22 3344.91479492 5377.90234375 4.69589090347
1478186406615 lifecam22 3345.31103516 5378.84912109 4.70055627823
1478186406669 lifecam22 3345.22387695 5378.36328125 4.69864368439
1478186406733 lifecam22 3345.35058594 5378.88867188 4.70094156265
1478186406805 lifecam22 3345.140625 5378.55957031 4.69902896881
1478186406879 lifecam22 3345.47802734 5378.71484375 4.70090913773
1478186407212 lifecam22 3344.43408203 5377.43359375 4.6927690506
1478186407278 lifecam22 3344.11108398 5377.11230469 4.69100475311
1478186407343 lifecam22 3344.35009766 5377.60205078 4.69313335419
1478186407408 lifecam22 3344.15625 5377.29638672 4.6914100647
1478186407487 lifecam22 3344.41113281 5377.26806641 4.69255590439
1478186407678 lifecam22 3344.45654297 5377.05712891 4.69181537628
1478186407747 lifecam22 3344.54272461 5376.99951172 4.69256496429
1478186407808 lifecam22 3345.24853516 5377.38623047 4.69639205933
1478186407871 lifecam22 3347.86767578 5379.91796875 4.71035003662
1478186407944 lifecam22 3350.04248047 5381.54003906 4.71431589127
1478186408210 lifecam22 3345.94799805 5380.21777344 4.70746707916
1478186408275 lifecam22 3350.41992188 5380.86523438 4.72059965134
1478186408348 lifecam22 3345.53369141 5378.69628906 4.70140171051
1478186408403 lifecam22 3336.37719727 5376.12060547 4.68897676468
1478186408483 lifecam22 3329.17871094 5374.13818359 4.68721437454
1478186408744 lifecam22 3302.56030273 5371.17626953 4.66371774673
1478186408806 lifecam22 3295.43652344 5371.03222656 4.66525506973
1478186408880 lifecam22 3290.35058594 5371.38525391 4.66769742966
1478186408945 lifecam22 3282.82885742 5370.61376953 4.66291952133
1478186409014 lifecam22 3275.74267578 5368.31494141 4.65511894226
1478186409282 lifecam22 3247.25488281 5365.0625 4.63359546661
1478186409343 lifecam22 3240.86499023 5364.79248047 4.63149404526
1478186409410 lifecam22 3234.05175781 5364.18505859 4.62862014771
1478186409475 lifecam22 3228.14135742 5364.76025391 4.62874794006
1478186409540 lifecam22 3219.92675781 5363.05664062 4.61866521835
1478186409810 lifecam22 3193.99853516 5362.32861328 4.60615730286
1478186409883 lifecam22 3186.22631836 5361.25 4.59799861908
1478186409940 lifecam22 3179.59277344 5361.96289062 4.59704399109
1478186410009 lifecam22 3172.65917969 5361.18115234 4.58736038208
1478186410082 lifecam22 3164.89038086 5360.64990234 4.58380794525
1478186410284 lifecam22 3144.22265625 5359.78613281 4.5645403862
1478186410346 lifecam22 3136.86889648 5359.81103516 4.56018877029
1478186410420 lifecam22 3129.68652344 5359.24316406 4.5502448082
1478186410482 lifecam22 3123.69458008 5359.11181641 4.54802894592
1478186410548 lifecam22 3116.04199219 5358.66845703 4.53788423538
1478186410809 lifecam22 3088.02075195 5359.52929688 4.51832008362
1478186410881 lifecam22 3081.5847168 5359.81103516 4.51693964005
1478186410953 lifecam22 3073.80224609 5359.97851562 4.50918722153
1478186411014 lifecam22 3066.90673828 5359.94921875 4.50652360916
1478186411082 lifecam22 3060.67358398 5360.15869141 4.50404834747
1478186411340 lifecam22 3033.14355469 5361.91455078 4.48367929459
1478186411416 lifecam22 3026.27783203 5362.50878906 4.48420906067
1478186411483 lifecam22 3019.34033203 5362.63671875 4.47883796692
1478186411543 lifecam22 3012.21240234 5363.52392578 4.46997594833
1478186411605 lifecam22 3005.31567383 5363.375 4.46761322021
1478186411939 lifecam22 2971.45336914 5367.54980469 4.44476890564
1478186412017 lifecam22 2964.76977539 5368.94287109 4.44034290314
1478186412085 lifecam22 2957.109375 5369.48242188 4.4343996048
1478186412146 lifecam22 2951.80297852 5370.08203125 4.43248462677
1478186412486 lifecam22 2916.59936523 5374.35351562 4.40159225464
1478186412549 lifecam22 2908.97753906 5374.96679688 4.39707136154
1478186412608 lifecam22 2901.61865234 5375.91064453 4.38667297363
1478186412686 lifecam22 2894.11303711 5376.54394531 4.38254022598
1478186412753 lifecam22 2887.29003906 5377.97509766 4.37510871887
1478186413020 lifecam22 2860.51806641 5382.74169922 4.36281347275
1478186413086 lifecam22 2853.60913086 5383.87939453 4.35690546036
1478186413153 lifecam22 2845.76831055 5385.19287109 4.34893655777
1478186413214 lifecam22 2839.75512695 5387.20507812 4.34836864471
1478186413280 lifecam22 2833.18945312 5388.68457031 4.34790086746
1478186413614 lifecam22 2798.88793945 5396.31005859 4.32094764709
1478186413687 lifecam22 2792.44775391 5397.59179688 4.31587553024
1478186413748 lifecam22 2785.78515625 5400.30126953 4.31162261963
1478186413819 lifecam22 2779.73144531 5401.96533203 4.30918359756
1478186413881 lifecam22 2773.26391602 5403.94775391 4.30282592773
1478186414154 lifecam22 2746.21557617 5411.25048828 4.28394794464
1478186414218 lifecam22 2738.59692383 5412.53125 4.2715754509
1478186414279 lifecam22 2732.37109375 5414.21875 4.26970005035
1478186414352 lifecam22 2726.16601562 5415.83837891 4.2642583847
1478186414408 lifecam22 2718.28442383 5417.32470703 4.25394439697
1478186414757 lifecam22 2684.99487305 5427.49267578 4.23174762726
1478186414819 lifecam22 2677.92724609 5429.89550781 4.22707653046
1478186414881 lifecam22 2671.28076172 5432.04980469 4.22343444824
1478186414952 lifecam22 2664.80517578 5434.93017578 4.21796989441
1478186415010 lifecam22 2657.45581055 5436.37646484 4.20836114883
1478186415295 lifecam22 2634.01098633 5447.16894531 4.20559453964
1478186415357 lifecam22 2627.11816406 5448.59375 4.19755268097
1478186415415 lifecam22 2620.74755859 5451.14404297 4.1894493103
1478186415482 lifecam22 2612.77783203 5453.86083984 4.18442630768
1478186415554 lifecam22 2607.20654297 5455.82714844 4.17834949493
1478186415822 lifecam22 2580.29760742 5467.0390625 4.15901184082
1478186415887 lifecam22 2574.67944336 5470.11132812 4.15729188919
1478186415958 lifecam22 2568.984375 5472.72167969 4.15322256088
1478186416021 lifecam22 2560.77270508 5474.99853516 4.14175224304
1478186416089 lifecam22 2555.50756836 5478.21728516 4.14488124847
1478186416144 lifecam22 2547.37988281 5480.74365234 4.13082885742
1478186416428 lifecam22 2520.72045898 5492.18945312 4.10942697525
1478186416489 lifecam22 2514.66870117 5494.77246094 4.10432100296
1478186416553 lifecam22 2507.86450195 5497.35302734 4.09829378128
1478186416620 lifecam22 2502.78051758 5500.94238281 4.09815692902
1478186416683 lifecam22 2495.73535156 5504.35253906 4.09157323837
1478186417026 lifecam22 2465.25390625 5519.98925781 4.07227706909
1478186417082 lifecam22 2460.18530273 5523.33056641 4.07555770874
1478186417155 lifecam22 2453.55126953 5527.20458984 4.06464147568
1478186417222 lifecam22 2448.5234375 5530.50439453 4.07144546509
1478186417289 lifecam22 2441.28613281 5533.21386719 4.05420255661
1478186417558 lifecam22 2416.91455078 5547.37988281 4.03830909729
1478186417621 lifecam22 2411.95458984 5551.26806641 4.03489732742
1478186417691 lifecam22 2404.35742188 5554.73583984 4.02312660217
1478186417817 lifecam22 2392.41479492 5562.62402344 4.01354455948
1478186418094 lifecam22 2367.65551758 5575.9609375 3.98935723305
1478186418152 lifecam22 2361.96826172 5579.61767578 3.98495531082
1478186418230 lifecam22 2355.55517578 5583.97753906 3.98307538033
1478186418288 lifecam22 2349.83837891 5586.83789062 3.97602653503
1478186418359 lifecam22 2342.91894531 5590.375 3.96277785301
1478186418694 lifecam22 2315.78588867 5610.01464844 3.94743180275
1478186418756 lifecam22 2308.33032227 5614.84765625 3.94196605682
1478186418831 lifecam22 2303.61401367 5618.76513672 3.93476700783
1478186418887 lifecam22 2298.984375 5621.78027344 3.93612265587
1478186418955 lifecam22 2291.05810547 5627.56445312 3.92172646523
1478186419297 lifecam22 2264.57006836 5648.19433594 3.89977192879
1478186419353 lifecam22 2258.38037109 5652.82177734 3.89018177986
1478186419422 lifecam22 2252.1315918 5656.69335938 3.87916779518
1478186419495 lifecam22 2247.44116211 5660.66455078 3.88086724281
1478186419554 lifecam22 2241.27075195 5665.64746094 3.87360095978
1478186419825 lifecam22 2219.8347168 5683.65576172 3.8594648838
1478186419896 lifecam22 2214.42260742 5687.94433594 3.85250329971
1478186419962 lifecam22 2208.09667969 5691.92578125 3.84882378578
1478186420034 lifecam22 2204.15673828 5696.6875 3.84787130356
1478186420092 lifecam22 2197.70019531 5700.62841797 3.83997416496
1478186420428 lifecam22 2170.859375 5724.28955078 3.80860066414
1478186420492 lifecam22 2164.76098633 5728.67285156 3.79928541183
1478186420554 lifecam22 2161.19384766 5733.44677734 3.79963135719
1478186420634 lifecam22 2155.41674805 5738.27734375 3.79809308052
1478186420692 lifecam22 2151.30419922 5742.48388672 3.79490947723
1478186420887 lifecam22 2136.7043457 5756.90380859 3.78162717819
1478186420953 lifecam22 2130.53857422 5762.4765625 3.77376508713
1478186421028 lifecam22 2127.09741211 5767.49707031 3.77628016472
1478186421094 lifecam22 2123.15112305 5771.91943359 3.77453827858
1478186421157 lifecam22 2117.28833008 5777.24658203 3.76522827148
1478186421497 lifecam22 2091.14990234 5802.73144531 3.73168826103
1478186421566 lifecam22 2086.80883789 5807.77441406 3.72977757454
1478186421623 lifecam22 2082.15454102 5813.07373047 3.72186589241
1478186421700 lifecam22 2077.78588867 5817.95166016 3.72156429291
1478186421763 lifecam22 2072.64599609 5823.47314453 3.71110892296
1478186422034 lifecam22 2054.62402344 5843.16210938 3.69799661636
1478186422091 lifecam22 2050.62744141 5848.64697266 3.69302392006
1478186422163 lifecam22 2044.53796387 5853.72607422 3.68660354614
1478186422227 lifecam22 2041.15612793 5859.05664062 3.68266439438
1478186422301 lifecam22 2036.11560059 5864.73291016 3.6782848835
1478186422639 lifecam22 2013.96887207 5892.11376953 3.65090417862
1478186422698 lifecam22 2011.07116699 5896.26660156 3.65370297432
1478186422772 lifecam22 2006.68347168 5902.83886719 3.64657783508
1478186422828 lifecam22 2001.49157715 5907.69580078 3.64340853691
1478186422891 lifecam22 1997.53942871 5913.32861328 3.63855934143
1478186423163 lifecam22 1981.42102051 5936.06005859 3.6202378273
1478186423230 lifecam22 1975.68835449 5942.24902344 3.60560083389
1478186423297 lifecam22 1971.26977539 5947.67333984 3.59744358063
1478186423353 lifecam22 1967.53979492 5953.16113281 3.59627246857
1478186423428 lifecam22 1963.3157959 5958.99023438 3.58953619003
1478186423696 lifecam22 1947.42907715 5982.51367188 3.57293510437
1478186423765 lifecam22 1943.3046875 5988.35205078 3.56423854828
1478186423834 lifecam22 1940.56811523 5994.03466797 3.56584215164
1478186423899 lifecam22 1936.15820312 5999.42089844 3.56094551086
1478186423966 lifecam22 1933.03857422 6005.12792969 3.559009552
1478186424301 lifecam22 1929.61425781 6012.390625 3.55754375458
1478186424371 lifecam22 1929.29370117 6012.90576172 3.55930709839
1478186424435 lifecam22 1929.38269043 6012.27587891 3.55766630173
1478186424500 lifecam22 1929.12634277 6012.60400391 3.55673980713
1478186424570 lifecam22 1929.61425781 6012.390625 3.55754375458
1478186424837 lifecam22 1929.61303711 6012.18212891 3.55996704102
1478186424901 lifecam22 1929.38269043 6012.27587891 3.55766630173
1478186424960 lifecam22 1929.8302002 6011.96582031 3.56028175354
1478186425031 lifecam22 1929.90246582 6012.04882812 3.55869102478
1478186425100 lifecam22 1929.35595703 6012.60205078 3.55867958069
1478186425500 lifecam22 1930.29162598 6012.08984375 3.56291341782
1478186425562 lifecam22 1929.59533691 6012.31445312 3.55839967728
1478186425647 lifecam22 1929.40625 6012.70996094 3.55699491501
1478186425715 lifecam22 1929.50231934 6012.35693359 3.557762146
1478186425902 lifecam22 1929.77880859 6012.19873047 3.56072854996
1478186425965 lifecam22 1929.11340332 6012.63623047 3.55544471741
1478186426042 lifecam22 1930.11987305 6012.06347656 3.5605840683
1478186426099 lifecam22 1929.30419922 6012.53759766 3.55745315552
1478186426167 lifecam22 1929.85217285 6011.95507812 3.56170415878
1478186426445 lifecam22 1929.62341309 6012.28125 3.55720710754
1478186426502 lifecam22 1929.90307617 6012.35498047 3.56115818024
1478186426569 lifecam22 1929.62341309 6012.28125 3.55720710754
1478186426633 lifecam22 1929.58374023 6012.1953125 3.5578494072
1478186426976 lifecam22 1929.38269043 6012.27587891 3.55766630173
1478186427037 lifecam22 1929.61425781 6012.390625 3.55754375458
1478186427103 lifecam22 1929.27233887 6012.66308594 3.5568985939
1478186427178 lifecam22 1929.51660156 6012.32275391 3.55776262283
1478186427234 lifecam22 1929.38269043 6012.27587891 3.55766630173
1478186427438 lifecam22 1930.10498047 6012.38330078 3.56245470047
1478186427502 lifecam22 1929.51660156 6012.32275391 3.55776262283
1478186427566 lifecam22 1929.48034668 6012.34375 3.55744743347
1478186427635 lifecam22 1929.54309082 6012.30664062 3.55914306641
1478186427706 lifecam22 1929.66210938 6012.04296875 3.5591506958
1478186427910 lifecam22 1929.47888184 6012.23339844 3.55839443207
1478186427978 lifecam22 1929.54589844 6012.22851562 3.55756664276
1478186428042 lifecam22 1929.97290039 6012.23095703 3.56198978424
1478186428105 lifecam22 1929.61425781 6012.390625 3.55754375458
1478186428168 lifecam22 1929.56591797 6012.74169922 3.55846786499
1478186428503 lifecam22 1929.96411133 6012.33398438 3.56157493591
1478186428567 lifecam22 1929.24768066 6012.68212891 3.55554199219
