1478186092651 lifecam22 3348.41308594 5381.85449219 4.71598386765
1478186092716 lifecam22 3347.91015625 5382.05712891 4.71790647507
1478186093052 lifecam22 3347.43115234 5381.85253906 4.71596765518
1478186093127 lifecam22 3347.49316406 5381.62939453 4.71384477615
1478186093184 lifecam22 3347.19360352 5381.18212891 4.70958518982
1478186093252 lifecam22 3346.91162109 5381.75048828 4.71499872208
1478186093317 lifecam22 3346.91162109 5381.75048828 4.71499872208
1478186093648 lifecam22 3346.65258789 5381.62890625 4.71384334564
1478186093716 lifecam22 3346.91162109 5381.75048828 4.71499872208
1478186093783 lifecam22 3346.91162109 5381.75048828 4.71499872208
1478186093862 lifecam22 3346.41381836 5381.52783203 4.71288108826
1478186093916 lifecam22 3346.91162109 5381.75048828 4.71499872208
1478186094184 lifecam22 3346.91162109 5381.75048828 4.71499872208
1478186094251 lifecam22 3346.67285156 5381.64941406 4.71403551102
1478186094326 lifecam22 3346.91162109 5381.75048828 4.71499872208
1478186094397 lifecam22 3346.41381836 5381.52783203 4.71288108826
1478186094461 lifecam22 3346.91162109 5381.75048828 4.71499872208
1478186094730 lifecam22 3346.65258789 5381.62890625 4.71384334564
1478186094784 lifecam22 3346.91162109 5381.75048828 4.71499872208
1478186094860 lifecam22 3346.91162109 5381.75048828 4.71499872208
1478186094927 lifecam22 3346.91162109 5381.75048828 4.71499872208
1478186094994 lifecam22 3346.91162109 5381.75048828 4.71499872208
1478186095262 lifecam22 3348.01416016 5382.27880859 4.72000312805
1478186095315 lifecam22 3347.0612793 5381.64990234 4.71404075623
1478186095384 lifecam22 3347.42504883 5381.80371094 4.71550416946
1478186095455 lifecam22 3348.53320312 5382.20068359 4.71926593781
1478186095522 lifecam22 3348.49829102 5380.80908203 4.70601606369
1478186095792 lifecam22 3347.48120117 5380.42480469 4.70232534409
1478186095855 lifecam22 3349.63842773 5381.06103516 4.70842790604
1478186095928 lifecam22 3351.82666016 5381.37451172 4.71142196655
1478186095985 lifecam22 3352.30883789 5381.55664062 4.71315479279
1478186096052 lifecam22 3352.95703125 5381.72949219 4.71479940414
1478186096335 lifecam22 3346.95385742 5381.42773438 4.7119269371
1478186096390 lifecam22 3346.41381836 5381.52783203 4.71288108826
1478186096452 lifecam22 3346.59692383 5381.03369141 4.7081656456
1478186096525 lifecam22 3339.4140625 5381.52783203 4.71287965775
1478186096584 lifecam22 3332.03540039 5381.52832031 4.71288347244
1478186096932 lifecam22 3295.78027344 5371.97802734 4.65966796875
1478186096991 lifecam22 3292.10864258 5373.22851562 4.67440462112
1478186097048 lifecam22 3284.37890625 5372.24658203 4.672498703
1478186097121 lifecam22 3278.99121094 5373.52441406 4.67973899841
1478186097390 lifecam22 3249.53027344 5367.25634766 4.64130401611
1478186097456 lifecam22 3242.49584961 5367.10351562 4.63731575012
1478186097529 lifecam22 3235.44116211 5366.54199219 4.63333320618
1478186097593 lifecam22 3229.06958008 5366.50878906 4.6343126297
1478186097654 lifecam22 3221.62207031 5366.37744141 4.62722396851
1478186097928 lifecam22 3195.14379883 5364.42236328 4.60934257507
1478186097997 lifecam22 3187.92993164 5364.77734375 4.60845088959
1478186098062 lifecam22 3181.72827148 5363.90429688 4.60204219818
1478186098131 lifecam22 3173.85864258 5363.85986328 4.59302949905
1478186098190 lifecam22 3166.77441406 5362.37011719 4.58284473419
1478186098539 lifecam22 3130.3503418 5360.42871094 4.54933357239
1478186098592 lifecam22 3123.56152344 5359.23046875 4.54262542725
1478186098653 lifecam22 3117.31616211 5360.14111328 4.54447174072
1478186098724 lifecam22 3109.32446289 5360.16455078 4.53943586349
1478186098798 lifecam22 3102.89550781 5360.26904297 4.53738498688
1478186099127 lifecam22 3070.09936523 5361.89892578 4.52236127853
1478186099198 lifecam22 3063.66943359 5362.47851562 4.51565504074
1478186099265 lifecam22 3056.16674805 5362.25683594 4.51310396194
1478186099328 lifecam22 3049.35766602 5362.8828125 4.5060300827
1478186099394 lifecam22 3041.75341797 5362.91552734 4.49709558487
1478186099663 lifecam22 3014.40234375 5365.96582031 4.48320245743
1478186099727 lifecam22 3007.09326172 5366.203125 4.47409582138
1478186099801 lifecam22 3000.49658203 5366.60205078 4.46962118149
1478186099865 lifecam22 2993.34692383 5366.42529297 4.46183300018
1478186099934 lifecam22 2986.05517578 5367.49072266 4.46071338654
1478186100334 lifecam22 2943.77075195 5370.63720703 4.42200899124
1478186100397 lifecam22 2937.89990234 5371.17919922 4.41882133484
1478186100471 lifecam22 2930.83374023 5371.98876953 4.41400909424
1478186100535 lifecam22 2923.52734375 5372.92919922 4.40850830078
1478186100593 lifecam22 2916.85498047 5374.22900391 4.40654802322
1478186100868 lifecam22 2888.84667969 5378.140625 4.38548088074
1478186100929 lifecam22 2882.15283203 5379.484375 4.37910413742
1478186101001 lifecam22 2875.40136719 5380.50292969 4.3772649765
1478186101064 lifecam22 2868.43139648 5382.83544922 4.37449836731
1478186101135 lifecam22 2862.25805664 5383.25097656 4.3723487854
1478186101404 lifecam22 2836.10546875 5389.86572266 4.35965538025
1478186101466 lifecam22 2828.24926758 5390.4140625 4.34682655334
1478186101533 lifecam22 2821.32324219 5392.91503906 4.3427863121
1478186101599 lifecam22 2814.2121582 5394.04443359 4.33492231369
1478186101664 lifecam22 2807.37939453 5395.61328125 4.32994031906
1478186101931 lifecam22 2779.12963867 5401.00537109 4.30399560928
1478186102004 lifecam22 2772.47290039 5402.26904297 4.3002820015
1478186102069 lifecam22 2765.98144531 5403.84277344 4.29712057114
1478186102137 lifecam22 2759.05175781 5405.59130859 4.28822422028
1478186102203 lifecam22 2751.39038086 5407.02490234 4.28195571899
1478186102468 lifecam22 2724.98608398 5414.31591797 4.25982952118
1478186102533 lifecam22 2719.08935547 5417.04736328 4.26282739639
1478186102602 lifecam22 2714.50830078 5419.72802734 4.26724910736
1478186102672 lifecam22 2705.78198242 5420.80761719 4.25514936447
1478186102743 lifecam22 2700.38208008 5422.77636719 4.25058937073
1478186103006 lifecam22 2673.12475586 5431.703125 4.23263406754
1478186103067 lifecam22 2667.62646484 5433.90283203 4.22709321976
1478186103138 lifecam22 2659.95532227 5436.4765625 4.21909999847
1478186103211 lifecam22 2653.45214844 5438.21777344 4.21501588821
1478186103267 lifecam22 2647.09741211 5440.76269531 4.21341705322
1478186103543 lifecam22 2620.15966797 5450.22998047 4.18666267395
1478186103603 lifecam22 2613.3527832 5453.6328125 4.18778133392
1478186103664 lifecam22 2606.41015625 5455.00732422 4.17757749557
1478186103740 lifecam22 2600.25488281 5457.66210938 4.17860412598
1478186103808 lifecam22 2594.06958008 5460.27685547 4.1743721962
1478186104066 lifecam22 2567.48291016 5470.26757812 4.15494728088
1478186104141 lifecam22 2561.41357422 5473.16308594 4.14899921417
1478186104204 lifecam22 2554.66040039 5475.13671875 4.14094877243
1478186104270 lifecam22 2548.65551758 5478.63476562 4.13670969009
1478186104349 lifecam22 2540.72973633 5480.98291016 4.12581920624
1478186104604 lifecam22 2516.7512207 5493.87548828 4.11898040771
1478186104668 lifecam22 2510.07128906 5496.34228516 4.11237335205
1478186104734 lifecam22 2503.13647461 5499.36572266 4.10523605347
1478186104805 lifecam22 2498.16723633 5503.02832031 4.10538578033
1478186104877 lifecam22 2491.01269531 5505.55419922 4.09511899948
1478186104935 lifecam22 2486.16113281 5509.62792969 4.09874725342
1478186105142 lifecam22 2466.02709961 5518.70019531 4.07318782806
1478186105204 lifecam22 2459.45996094 5522.04345703 4.07093763351
1478186105279 lifecam22 2453.67016602 5525.08398438 4.06827306747
1478186105404 lifecam22 2440.14648438 5532.40185547 4.05485296249
1478186105679 lifecam22 2416.01635742 5545.61816406 4.03483533859
1478186105735 lifecam22 2409.06933594 5548.26123047 4.02621221542
1478186105802 lifecam22 2402.84716797 5552.80371094 4.01661062241
1478186105877 lifecam22 2398.37036133 5556.05419922 4.02376842499
1478186105942 lifecam22 2392.68676758 5559.29150391 4.0223493576
1478186106206 lifecam22 2368.47485352 5573.91015625 3.99852776527
1478186106278 lifecam22 2362.52905273 5576.94873047 3.99089193344
1478186106341 lifecam22 2356.43530273 5581.31884766 3.98445105553
1478186106409 lifecam22 2350.06079102 5584.90039062 3.98281955719
1478186106471 lifecam22 2345.66259766 5588.55126953 3.9823319912
1478186106753 lifecam22 2321.69091797 5604.22265625 3.96121263504
1478186106802 lifecam22 2315.95581055 5608.4609375 3.95125722885
1478186106879 lifecam22 2312.92285156 5612.31835938 3.96249699593
1478186106940 lifecam22 2302.37939453 5617.66357422 3.93022894859
1478186107014 lifecam22 2296.66577148 5620.66357422 3.92596149445
1478186107276 lifecam22 2272.99316406 5636.65380859 3.90273737907
1478186107343 lifecam22 2267.74072266 5641.35498047 3.90148901939
1478186107465 lifecam22 2257.64672852 5649.67871094 3.90032935143
1478186107546 lifecam22 2252.6184082 5653.83203125 3.89396691322
1478186107598 lifecam22 2248.0859375 5658.43164062 3.89842700958
1478186107879 lifecam22 2225.04223633 5675.86523438 3.86718964577
1478186107944 lifecam22 2218.8815918 5680.30908203 3.86322164536
1478186108009 lifecam22 2214.18652344 5685.00878906 3.8525018692
1478186108079 lifecam22 2207.56201172 5689.06787109 3.8471736908
1478186108145 lifecam22 2202.40283203 5693.38916016 3.84247040749
1478186108475 lifecam22 2176.86254883 5716.78027344 3.82394599915
1478186108546 lifecam22 2171.89672852 5721.18310547 3.81967926025
1478186108603 lifecam22 2166.203125 5725.93798828 3.8112783432
1478186108679 lifecam22 2162.09545898 5730.71533203 3.81432056427
1478186108743 lifecam22 2156.48999023 5735.57177734 3.80854511261
1478186109019 lifecam22 2134.90087891 5754.41796875 3.78041172028
1478186109081 lifecam22 2130.50439453 5759.46191406 3.77727365494
1478186109146 lifecam22 2122.99414062 5764.30029297 3.76364970207
1478186109208 lifecam22 2119.70898438 5769.70214844 3.76568460464
1478186109280 lifecam22 2114.60253906 5774.70458984 3.76072978973
1478186109617 lifecam22 2090.87036133 5799.54150391 3.73865246773
1478186109676 lifecam22 2086.57006836 5804.80664062 3.73461818695
1478186109740 lifecam22 2081.79858398 5809.31494141 3.72577643394
1478186109813 lifecam22 2077.2824707 5814.53662109 3.72981309891
1478186109885 lifecam22 2071.13598633 5819.50585938 3.71187591553
1478186110151 lifecam22 2053.49975586 5840.40087891 3.69890546799
1478186110213 lifecam22 2048.70874023 5845.83642578 3.69156122208
1478186110350 lifecam22 2040.75695801 5856.47851562 3.68697428703
1478186110408 lifecam22 2035.20959473 5861.88330078 3.67545318604
1478186110613 lifecam22 2021.6854248 5877.70458984 3.66347289085
1478186110681 lifecam22 2017.56652832 5883.36523438 3.66036224365
1478186110749 lifecam22 2013.14562988 5888.66064453 3.6575357914
1478186110816 lifecam22 2007.82751465 5894.38378906 3.64583611488
1478186110892 lifecam22 2003.39050293 5900.13427734 3.64122772217
1478186111151 lifecam22 1986.77355957 5922.0234375 3.62474489212
1478186111214 lifecam22 1982.47839355 5928.15234375 3.62381458282
1478186111278 lifecam22 1978.77429199 5933.61669922 3.61314249039
1478186111349 lifecam22 1976.17236328 5939.11816406 3.61923742294
1478186111416 lifecam22 1972.12402344 5944.36669922 3.61045503616
1478186111686 lifecam22 1953.87060547 5966.71923828 3.58492231369
1478186111751 lifecam22 1950.49401855 5973.4609375 3.57881450653
1478186111818 lifecam22 1946.36523438 5978.89257812 3.57599878311
1478186111884 lifecam22 1941.72644043 5984.59814453 3.56414365768
1478186111950 lifecam22 1938.75134277 5990.17089844 3.56352138519
1478186112287 lifecam22 1928.72338867 6009.77832031 3.56211328506
1478186112351 lifecam22 1929.28051758 6009.97412109 3.56641578674
1478186112414 lifecam22 1929.07470703 6010.23779297 3.56617259979
1478186112489 lifecam22 1928.94836426 6010.1875 3.56491661072
1478186112549 lifecam22 1929.10266113 6010.07324219 3.5664525032
1478186112823 lifecam22 1928.85534668 6010.50097656 3.56402111053
1478186112882 lifecam22 1928.74597168 6010.33984375 3.56498098373
1478186112957 lifecam22 1929.21923828 6010.23144531 3.56556510925
1478186113022 lifecam22 1928.88232422 6010.23828125 3.56391048431
1478186113081 lifecam22 1928.72937012 6010.55712891 3.56514024734
1478186113301 lifecam22 1928.94946289 6010.13525391 3.5640873909
1478186113354 lifecam22 1928.88232422 6010.23828125 3.56391048431
1478186113423 lifecam22 1928.88232422 6010.23828125 3.56391048431
1478186113485 lifecam22 1929.13452148 6010.13476562 3.564494133
1478186113551 lifecam22 1929.13452148 6010.13476562 3.564494133
1478186113825 lifecam22 1929.14343262 6010.23388672 3.56494283676
1478186113880 lifecam22 1929.3638916 6010.0703125 3.56748628616
1478186113954 lifecam22 1929.21020508 6010.13183594 3.56511688232
1478186114020 lifecam22 1928.95812988 6010.234375 3.56453371048
1478186114091 lifecam22 1929.12438965 6010.17333984 3.56701660156
1478186114420 lifecam22 1929.21020508 6010.13183594 3.56511688232
1478186114492 lifecam22 1929.28894043 6010.07275391 3.56686449051
1478186114544 lifecam22 1929.02050781 6010.07861328 3.56577777863
1478186114625 lifecam22 1929.14343262 6010.23388672 3.56494283676
1478186114898 lifecam22 1928.5723877 6010.72998047 3.56314897537
1478186114958 lifecam22 1928.97216797 6010.234375 3.56465291977
1478186115018 lifecam22 1929.0189209 6009.97802734 3.56538248062
1478186115094 lifecam22 1928.87353516 6010.13867188 3.56346321106
1478186115160 lifecam22 1929.09423828 6009.97460938 3.56600522995
1478186115489 lifecam22 1929.3638916 6010.0703125 3.56748628616
1478186115556 lifecam22 1928.83227539 6010.23730469 3.56531572342
1478186115613 lifecam22 1928.58996582 6010.29980469 3.56221055984
1478186115693 lifecam22 1928.95593262 6010.19824219 3.56323575974
