1478190075037 lifecam22 3349.84643555 5376.55957031 4.71779155731
1478190075098 lifecam22 3350.09155273 5376.78564453 4.71872091293
1478190075161 lifecam22 3349.53930664 5376.41845703 4.71376180649
1478190075237 lifecam22 3349.32495117 5376.34423828 4.71431875229
1478190075301 lifecam22 3349.62231445 5376.21240234 4.71571588516
1478190075567 lifecam22 3349.91796875 5376.33886719 4.7144536972
1478190075624 lifecam22 3349.41455078 5376.15283203 4.71380376816
1478190075707 lifecam22 3349.33544922 5376.20898438 4.71431398392
1478190075761 lifecam22 3349.90087891 5376.32519531 4.71560668945
1478190075829 lifecam22 3350.09399414 5376.65722656 4.7162322998
1478190076097 lifecam22 3350.35864258 5376.3046875 4.71810626984
1478190076164 lifecam22 3349.38232422 5376.52392578 4.71866893768
1478190076229 lifecam22 3349.19140625 5376.19824219 4.71679210663
1478190076301 lifecam22 3349.91503906 5376.46972656 4.7195763588
1478190076369 lifecam22 3348.88354492 5376.0625 4.71407318115
1478190076643 lifecam22 3350.32250977 5376.46728516 4.71552753448
1478190076697 lifecam22 3350.35400391 5376.34082031 4.71456480026
1478190076771 lifecam22 3350.30322266 5376.70263672 4.70905351639
1478190076834 lifecam22 3350.41723633 5375.89697266 4.71288824081
1478190076903 lifecam22 3350.97851562 5375.96142578 4.71364879608
1478190077170 lifecam22 3351.28637695 5375.86083984 4.71006727219
1478190077231 lifecam22 3351.43383789 5375.56298828 4.70994615555
1478190077295 lifecam22 3351.59619141 5377.29199219 4.71185112
1478190077366 lifecam22 3351.59619141 5377.29199219 4.71185112
1478190077429 lifecam22 3351.33422852 5376.52294922 4.70707273483
1478190077767 lifecam22 3344.27001953 5374.34326172 4.6981344223
1478190077845 lifecam22 3330.70751953 5373.87890625 4.6949505806
1478190077904 lifecam22 3331.03930664 5374.11376953 4.69919395447
1478190077965 lifecam22 3323.95581055 5374.01416016 4.69844245911
1478190078035 lifecam22 3316.47631836 5373.76220703 4.69539356232
1478190078308 lifecam22 3285.93115234 5367.81640625 4.65846586227
1478190078368 lifecam22 3279.01831055 5366.96972656 4.65600967407
1478190078429 lifecam22 3271.81933594 5366.08007812 4.6485247612
1478190078505 lifecam22 3265.90209961 5366.02099609 4.64462566376
1478190078570 lifecam22 3258.76269531 5365.74755859 4.64464712143
1478190078844 lifecam22 3231.68701172 5363.04833984 4.61966514587
1478190078897 lifecam22 3224.32470703 5362.13623047 4.61337947845
1478190078970 lifecam22 3217.57641602 5361.70898438 4.61089324951
1478190079045 lifecam22 3210.2578125 5361.06591797 4.60348701477
1478190079098 lifecam22 3202.83032227 5360.10595703 4.5953245163
1478190079377 lifecam22 3175.96020508 5358.84814453 4.58372020721
1478190079432 lifecam22 3168.78955078 5357.81982422 4.58063936234
1478190079505 lifecam22 3163.20361328 5359.28857422 4.58405923843
1478190079579 lifecam22 3156.04638672 5359.56835938 4.57563447952
1478190079638 lifecam22 3148.65307617 5359.43994141 4.56867408752
1478190079915 lifecam22 3121.16772461 5358.81445312 4.54776144028
1478190079975 lifecam22 3113.66943359 5358.11230469 4.54067754745
1478190080035 lifecam22 3107.1418457 5358.82470703 4.53675603867
1478190080104 lifecam22 3098.98486328 5358.48730469 4.52586984634
1478190080170 lifecam22 3092.74169922 5358.71289062 4.52122735977
1478190080508 lifecam22 3057.71704102 5360.68212891 4.49962902069
1478190080574 lifecam22 3051.19067383 5361.27001953 4.49233818054
1478190080637 lifecam22 3044.64013672 5361.12451172 4.49067687988
1478190080716 lifecam22 3036.93579102 5361.01757812 4.48043584824
1478190080770 lifecam22 3029.91894531 5361.97021484 4.47578954697
1478190081038 lifecam22 3002.00097656 5363.38330078 4.45476913452
1478190081102 lifecam22 2994.54760742 5363.81152344 4.44985675812
1478190081175 lifecam22 2986.95092773 5363.59619141 4.44255685806
1478190081245 lifecam22 2981.64038086 5365.46923828 4.44418764114
1478190081306 lifecam22 2974.61401367 5365.76611328 4.43680715561
1478190081575 lifecam22 2948.26757812 5371.35009766 4.42496824265
1478190081642 lifecam22 2940.55981445 5371.30908203 4.42042684555
1478190081704 lifecam22 2934.19580078 5372.41552734 4.41193580627
1478190081775 lifecam22 2926.7355957 5372.86035156 4.40270996094
1478190081838 lifecam22 2919.35522461 5373.11474609 4.39359426498
1478190082118 lifecam22 2893.48339844 5379.55712891 4.38958501816
1478190082171 lifecam22 2885.8684082 5380.30371094 4.38076257706
1478190082247 lifecam22 2878.07397461 5381.22851562 4.37061834335
1478190082308 lifecam22 2872.61523438 5382.80761719 4.36900997162
1478190082371 lifecam22 2864.66479492 5383.62402344 4.35994291306
1478190082651 lifecam22 2836.80541992 5388.58251953 4.33817577362
1478190082704 lifecam22 2828.48876953 5389.90966797 4.32650852203
1478190082782 lifecam22 2822.77392578 5391.32519531 4.32644033432
1478190082843 lifecam22 2815.47143555 5392.17626953 4.31973075867
1478190082912 lifecam22 2808.5390625 5393.9921875 4.3152794838
1478190083314 lifecam22 2770.85913086 5406.11328125 4.30054521561
1478190083376 lifecam22 2761.92944336 5406.74267578 4.28481340408
1478190083444 lifecam22 2756.28735352 5409.28662109 4.2825255394
1478190083513 lifecam22 2749.82543945 5411.67480469 4.28364562988
1478190083572 lifecam22 2743.13598633 5412.56738281 4.27451562881
1478190083852 lifecam22 2716.56640625 5420.49462891 4.25074148178
1478190083906 lifecam22 2708.63647461 5422.50878906 4.24187898636
1478190083979 lifecam22 2701.85107422 5425.39941406 4.23687553406
1478190084041 lifecam22 2695.77416992 5427.42089844 4.23367166519
1478190084114 lifecam22 2690.47265625 5430.03759766 4.23583841324
1478190084444 lifecam22 2656.06713867 5439.88085938 4.20432710648
1478190084514 lifecam22 2648.89013672 5442.44384766 4.19539737701
1478190084584 lifecam22 2642.07006836 5444.01611328 4.19111776352
1478190084650 lifecam22 2635.35253906 5447.36572266 4.18562698364
1478190084712 lifecam22 2629.14306641 5448.546875 4.18405532837
1478190085118 lifecam22 2592.2590332 5464.64501953 4.16417503357
1478190085183 lifecam22 2584.98510742 5467.58105469 4.15500831604
1478190085244 lifecam22 2578.38916016 5470.43603516 4.15204620361
1478190085318 lifecam22 2571.9284668 5473.81738281 4.14741706848
1478190085380 lifecam22 2564.59960938 5476.67871094 4.13866567612
1478190085580 lifecam22 2546.57104492 5485.33398438 4.12671518326
1478190085649 lifecam22 2539.73291016 5487.95214844 4.12025642395
1478190085722 lifecam22 2532.76123047 5491.22998047 4.11475324631
1478190085781 lifecam22 2526.62890625 5493.75390625 4.11007833481
1478190085854 lifecam22 2519.57128906 5497.51953125 4.1027507782
1478190086050 lifecam22 2501.58496094 5506.74121094 4.0914440155
1478190086111 lifecam22 2494.54833984 5510.09521484 4.08447265625
1478190086245 lifecam22 2481.15722656 5516.03271484 4.07181787491
1478190086314 lifecam22 2475.63232422 5518.80126953 4.0719370842
1478190086517 lifecam22 2455.72509766 5528.26904297 4.0485329628
1478190086576 lifecam22 2449.71704102 5531.83447266 4.04257917404
1478190086646 lifecam22 2444.49536133 5534.69335938 4.04351949692
1478190086718 lifecam22 2438.69311523 5539.51660156 4.04010629654
1478190086775 lifecam22 2432.0246582 5542.06445312 4.03242349625
1478190086983 lifecam22 2415.5925293 5553.70214844 4.02791404724
1478190087044 lifecam22 2410.14624023 5556.86328125 4.02241277695
1478190087119 lifecam22 2402.19750977 5560.58496094 4.01179361343
1478190087187 lifecam22 2398.26318359 5564.66259766 4.01756811142
1478190087246 lifecam22 2390.8605957 5568.06103516 4.00304698944
1478190087448 lifecam22 2374.79321289 5579.52587891 4.00031614304
1478190087516 lifecam22 2368.33642578 5582.97070312 3.98739862442
1478190087582 lifecam22 2361.63793945 5586.90869141 3.97497057915
1478190087652 lifecam22 2356.47753906 5590.15234375 3.97163844109
1478190087715 lifecam22 2349.79589844 5594.17871094 3.96645522118
1478190087981 lifecam22 2324.171875 5610.58251953 3.93493580818
1478190088053 lifecam22 2320.23291016 5614.74804688 3.93971323967
1478190088111 lifecam22 2311.90356445 5618.31835938 3.92447376251
1478190088193 lifecam22 2306.16845703 5622.48730469 3.91634964943
1478190088254 lifecam22 2302.47167969 5626.64111328 3.92186641693
1478190088457 lifecam22 2284.81958008 5638.28076172 3.90721869469
1478190088521 lifecam22 2279.67626953 5642.13134766 3.89948487282
1478190088584 lifecam22 2273.15161133 5647.36328125 3.89101099968
1478190088649 lifecam22 2268.5402832 5651.78857422 3.8918299675
1478190088722 lifecam22 2264.67895508 5655.78027344 3.8941257
1478190088981 lifecam22 2241.12719727 5673.46630859 3.8686170578
1478190089053 lifecam22 2235.8918457 5678.78222656 3.85747170448
1478190089122 lifecam22 2231.49853516 5682.32324219 3.85778212547
1478190089182 lifecam22 2225.08886719 5687.56689453 3.85086989403
1478190089256 lifecam22 2220.92602539 5692.41601562 3.85212016106
1478190089455 lifecam22 2205.23144531 5705.80615234 3.836332798
1478190089525 lifecam22 2198.88330078 5710.83447266 3.82774376869
1478190089592 lifecam22 2193.18676758 5714.61962891 3.82049536705
1478190089650 lifecam22 2187.35058594 5719.55859375 3.81477212906
1478190089719 lifecam22 2181.65673828 5724.51904297 3.80861163139
1478190089995 lifecam22 2161.26464844 5743.20751953 3.79290151596
1478190090052 lifecam22 2156.50878906 5748.21386719 3.78685379028
1478190090118 lifecam22 2151.54882812 5752.62939453 3.77855014801
1478190090190 lifecam22 2146.65234375 5757.71533203 3.77849388123
1478190090258 lifecam22 2141.84936523 5762.58935547 3.7700150013
1478190090523 lifecam22 2121.0012207 5782.48535156 3.7492787838
1478190090591 lifecam22 2116.94580078 5787.60205078 3.74201822281
1478190090658 lifecam22 2111.79418945 5792.20849609 3.7388279438
1478190090720 lifecam22 2106.93212891 5797.27197266 3.7305791378
1478190090790 lifecam22 2103.25561523 5802.93457031 3.73286104202
1478190091059 lifecam22 2085.99853516 5822.84277344 3.72013759613
1478190091124 lifecam22 2080.07519531 5828.97949219 3.70804905891
1478190091185 lifecam22 2076.25244141 5833.82958984 3.7068374157
1478190091257 lifecam22 2071.02539062 5839.87060547 3.70151734352
1478190091319 lifecam22 2066.625 5844.41259766 3.69447302818
1478190091533 lifecam22 2051.23876953 5860.34228516 3.67086529732
1478190091597 lifecam22 2046.10144043 5865.74121094 3.66689515114
1478190091666 lifecam22 2041.68566895 5871.27539062 3.66209793091
1478190091729 lifecam22 2036.46569824 5876.59521484 3.65621423721
1478190091791 lifecam22 2033.30456543 5882.19042969 3.65579128265
1478190091853 lifecam22 2029.5723877 5888.18652344 3.65438318253
1478190092126 lifecam22 2013.07873535 5909.96875 3.63261556625
1478190092187 lifecam22 2008.7401123 5915.68261719 3.62857484818
1478190092258 lifecam22 2004.22644043 5920.49316406 3.62346029282
1478190092333 lifecam22 2000.2130127 5926.25976562 3.61657857895
1478190092385 lifecam22 1996.02282715 5931.61621094 3.61520290375
1478190092672 lifecam22 1981.31738281 5954.12060547 3.59996175766
1478190092724 lifecam22 1975.12268066 5960.22949219 3.58769464493
1478190092786 lifecam22 1970.91784668 5966.375 3.58009290695
1478190092856 lifecam22 1968.06835938 5972.12451172 3.57880210876
1478190092919 lifecam22 1964.46984863 5978.16992188 3.57574272156
1478190093190 lifecam22 1948.93688965 6001.64355469 3.55374002457
1478190093262 lifecam22 1945.32043457 6007.49414062 3.55092191696
1478190093325 lifecam22 1940.59899902 6013.34228516 3.54126691818
1478190093389 lifecam22 1936.93432617 6019.25976562 3.53906154633
1478190093466 lifecam22 1935.79724121 6023.56298828 3.54417085648
1478190093737 lifecam22 1936.96179199 6022.26855469 3.54583358765
1478190093799 lifecam22 1936.73474121 6022.27197266 3.5463385582
1478190093861 lifecam22 1936.85864258 6022.31982422 3.54637098312
1478190093927 lifecam22 1937.00634766 6022.27294922 3.54595708847
1478190094005 lifecam22 1937.16235352 6022.30957031 3.54762220383
1478190094210 lifecam22 1936.93505859 6022.38720703 3.54605340958
1478190094257 lifecam22 1937.23449707 6022.16894531 3.54772424698
1478190094323 lifecam22 1937.23449707 6022.16894531 3.54772424698
1478190094394 lifecam22 1937.15783691 6022.10205078 3.54804039001
1478190094461 lifecam22 1936.57019043 6022.23925781 3.54465150833
1478190094801 lifecam22 1937.2890625 6022.35400391 3.54765176773
1478190094862 lifecam22 1936.76672363 6022.36132812 3.5457034111
1478190094921 lifecam22 1937.39538574 6022.19873047 3.54805803299
1478190094995 lifecam22 1936.88525391 6022.20117188 3.54615116119
1478190095062 lifecam22 1936.97949219 6022.39111328 3.54617738724
1478190095337 lifecam22 1937.23449707 6022.16894531 3.54772424698
1478190095391 lifecam22 1937.31616211 6022.23583984 3.54743146896
