1478185721138 lifecam22 3353.88183594 5382.2265625 4.7182674408
1478185721425 lifecam22 3354.33520508 5382.40625 4.72120523453
1478185721475 lifecam22 3353.95288086 5382.16357422 4.71768045425
1478185721551 lifecam22 3353.92407227 5382.01220703 4.71502494812
1478185721602 lifecam22 3354.16113281 5382.23876953 4.71715545654
1478185721673 lifecam22 3353.3215332 5381.57226562 4.70564937592
1478185721879 lifecam22 3354.66040039 5382.79394531 4.7156920433
1478185721942 lifecam22 3355.40039062 5383.17089844 4.72044706345
1478185722005 lifecam22 3355.16015625 5383.13623047 4.72384548187
1478185722072 lifecam22 3355.33300781 5382.61523438 4.7217707634
1478185722203 lifecam22 3348.09033203 5382.09863281 4.71829795837
1478185722415 lifecam22 3324.49584961 5379.89355469 4.70330238342
1478185722477 lifecam22 3317.22070312 5379.37451172 4.70082902908
1478185722547 lifecam22 3309.43188477 5377.99609375 4.6913228035
1478185722604 lifecam22 3301.72973633 5376.31152344 4.68032455444
1478185722678 lifecam22 3293.87963867 5374.63427734 4.67458248138
1478185722945 lifecam22 3268.55151367 5371.83349609 4.65855026245
1478185723011 lifecam22 3261.8972168 5371.37158203 4.65526533127
1478185723077 lifecam22 3254.8515625 5370.66113281 4.64953565598
1478185723147 lifecam22 3247.79858398 5370.09375 4.64545297623
1478185723210 lifecam22 3240.45849609 5368.89697266 4.63415622711
1478185723477 lifecam22 3212.20141602 5366.29345703 4.61778831482
1478185723552 lifecam22 3205.78198242 5364.72021484 4.61014890671
1478185723603 lifecam22 3198.109375 5363.75 4.60339355469
1478185723680 lifecam22 3192.18041992 5363.60400391 4.59818553925
1478185723747 lifecam22 3184.65869141 5362.68359375 4.59292221069
1478185724015 lifecam22 3157.1015625 5362.13232422 4.5726685524
1478185724083 lifecam22 3149.69091797 5361.24023438 4.56608629227
1478185724133 lifecam22 3143.00610352 5361.67041016 4.56395101547
1478185724213 lifecam22 3136.10546875 5362.08154297 4.56433725357
1478185724287 lifecam22 3129.43188477 5361.11035156 4.55840492249
1478185724338 lifecam22 3122.58691406 5361.40429688 4.55194759369
1478185724541 lifecam22 3102.17211914 5361.79394531 4.53812885284
1478185724607 lifecam22 3095.40161133 5361.36669922 4.53459358215
1478185724684 lifecam22 3088.77978516 5362.20117188 4.53290891647
1478185724748 lifecam22 3081.05688477 5361.10595703 4.51741075516
1478185724809 lifecam22 3074.22021484 5361.65429688 4.51635503769
1478185725088 lifecam22 3045.68676758 5362.92333984 4.49636125565
1478185725148 lifecam22 3038.60644531 5363.38330078 4.4937620163
1478185725219 lifecam22 3031.99047852 5363.18994141 4.48671150208
1478185725283 lifecam22 3025.41064453 5363.44726562 4.48351335526
1478185725342 lifecam22 3017.77783203 5363.41455078 4.47548866272
1478185725620 lifecam22 2989.97949219 5365.08886719 4.45548915863
1478185725671 lifecam22 2983.88574219 5366.53466797 4.45535421371
1478185725742 lifecam22 2977.66113281 5366.93408203 4.44859075546
1478185725812 lifecam22 2969.74438477 5367.60888672 4.44179058075
1478185725882 lifecam22 2963.42358398 5368.45654297 4.43705892563
1478185726218 lifecam22 2928.35571289 5373.04443359 4.41475534439
1478185726274 lifecam22 2922.0324707 5373.72607422 4.41075325012
1478185726349 lifecam22 2915.00292969 5374.13574219 4.40290546417
1478185726417 lifecam22 2907.72558594 5375.30664062 4.39732170105
1478185726481 lifecam22 2901.24243164 5376.94091797 4.39590358734
1478185726815 lifecam22 2864.49511719 5381.56298828 4.36363267899
1478185726888 lifecam22 2858.63598633 5383.71435547 4.36541843414
1478185726946 lifecam22 2851.37939453 5384.50732422 4.35798406601
1478185727016 lifecam22 2844.60375977 5386.23193359 4.35438156128
1478185727088 lifecam22 2837.59204102 5387.41650391 4.34647703171
1478185727354 lifecam22 2811.23266602 5393.25537109 4.3360657692
1478185727420 lifecam22 2804.50146484 5394.36962891 4.32611846924
1478185727483 lifecam22 2797.13378906 5396.01416016 4.31813955307
1478185727550 lifecam22 2791.42456055 5397.60498047 4.31747245789
1478185727619 lifecam22 2784.11962891 5399.99609375 4.31497859955
1478185727890 lifecam22 2756.87670898 5405.49121094 4.28695583344
1478185727958 lifecam22 2750.81176758 5407.67480469 4.28256654739
1478185728018 lifecam22 2744.19555664 5409.73388672 4.28339290619
1478185728084 lifecam22 2738.60595703 5412.3203125 4.28174209595
1478185728152 lifecam22 2729.96020508 5413.40917969 4.27251434326
1478185728494 lifecam22 2696.90795898 5423.65527344 4.24276304245
1478185728556 lifecam22 2689.45214844 5424.96923828 4.23645830154
1478185728618 lifecam22 2683.49951172 5426.92675781 4.23251104355
1478185728680 lifecam22 2677.33520508 5428.83837891 4.23111200333
1478185728764 lifecam22 2669.9855957 5431.78466797 4.2266793251
1478185729028 lifecam22 2643.38647461 5440.72314453 4.20738792419
1478185729098 lifecam22 2637.95825195 5443.04003906 4.20571422577
1478185729151 lifecam22 2631.3684082 5446.08056641 4.20729398727
1478185729223 lifecam22 2623.99169922 5447.56396484 4.19546318054
1478185729288 lifecam22 2618.39575195 5450.71972656 4.19316911697
1478185729566 lifecam22 2590.94628906 5459.91601562 4.16753911972
1478185729622 lifecam22 2584.35229492 5462.88818359 4.16373205185
1478185729690 lifecam22 2577.20166016 5465.47460938 4.15626049042
1478185729759 lifecam22 2571.57299805 5467.70117188 4.15020179749
1478185729823 lifecam22 2565.87353516 5471.35791016 4.15413856506
1478185730096 lifecam22 2539.35375977 5482.92041016 4.13084173203
1478185730160 lifecam22 2532.30419922 5485.04541016 4.12283611298
1478185730228 lifecam22 2527.09057617 5488.43359375 4.12730026245
1478185730294 lifecam22 2520.12939453 5491.41064453 4.12095069885
1478185730362 lifecam22 2512.26123047 5494.33691406 4.10608053207
1478185730628 lifecam22 2487.02124023 5506.33935547 4.0905456543
1478185730690 lifecam22 2480.93798828 5508.95263672 4.0867972374
1478185730753 lifecam22 2474.00805664 5512.37695312 4.07694959641
1478185730828 lifecam22 2468.34570312 5515.95849609 4.0757188797
1478185730900 lifecam22 2462.06518555 5519.63720703 4.07287406921
1478185731152 lifecam22 2438.90258789 5533.09472656 4.05850553513
1478185731225 lifecam22 2432.06298828 5536.05273438 4.05321836472
1478185731299 lifecam22 2425.87109375 5539.20117188 4.04534578323
1478185731352 lifecam22 2420.56420898 5542.62304688 4.04239320755
1478185731415 lifecam22 2413.42260742 5545.20556641 4.02917718887
1478185731706 lifecam22 2389.16821289 5559.78417969 4.01118659973
1478185731758 lifecam22 2384.84667969 5564.04443359 4.01480197906
1478185731832 lifecam22 2377.38208008 5567.44677734 3.99924206734
1478185731894 lifecam22 2371.37524414 5571.73242188 3.99853730202
1478185731958 lifecam22 2366.9777832 5574.85595703 3.99767017365
1478185732295 lifecam22 2336.20996094 5593.40234375 3.97479939461
1478185732362 lifecam22 2328.68896484 5597.16845703 3.95661854744
1478185732434 lifecam22 2322.97851562 5601.70703125 3.95537114143
1478185732499 lifecam22 2319.80322266 5605.46191406 3.96562623978
1478185732552 lifecam22 2310.49682617 5610.10351562 3.93607401848
1478185732769 lifecam22 2293.72583008 5621.37988281 3.92421460152
1478185732823 lifecam22 2290.25195312 5626.39746094 3.92774987221
1478185732896 lifecam22 2285.5324707 5629.96972656 3.92886948586
1478185732956 lifecam22 2276.46801758 5633.50537109 3.91029477119
1478185733037 lifecam22 2271.42138672 5638.5 3.90577864647
1478185733356 lifecam22 2245.90942383 5659.88671875 3.89366793633
1478185733431 lifecam22 2237.85595703 5664.19287109 3.8770198822
1478185733499 lifecam22 2233.81079102 5668.07617188 3.87328672409
1478185733562 lifecam22 2228.46386719 5672.484375 3.86759781837
1478185733617 lifecam22 2221.27587891 5677.75732422 3.85654902458
1478185733902 lifecam22 2199.91992188 5695.02099609 3.836186409
1478185733955 lifecam22 2193.71386719 5700.06982422 3.83145236969
1478185734022 lifecam22 2188.02539062 5704.49707031 3.82304096222
1478185734097 lifecam22 2183.95532227 5708.25097656 3.82522296906
1478185734163 lifecam22 2177.82202148 5713.46289062 3.81761860847
1478185734432 lifecam22 2159.09741211 5731.72705078 3.80766582489
1478185734489 lifecam22 2152.34033203 5736.32763672 3.7969250679
1478185734562 lifecam22 2147.97900391 5741.95605469 3.79064941406
1478185734622 lifecam22 2142.98681641 5746.23144531 3.78968453407
1478185734685 lifecam22 2138.88037109 5751.48095703 3.78531122208
1478185735027 lifecam22 2115.05883789 5776.28027344 3.76473140717
1478185735100 lifecam22 2108.34985352 5781.63574219 3.75144457817
1478185735171 lifecam22 2104.52026367 5786.11914062 3.753023386
1478185735234 lifecam22 2100.56640625 5791.06884766 3.75345039368
1478185735302 lifecam22 2094.60375977 5796.45947266 3.74081659317
1478185735565 lifecam22 2074.47924805 5817.21923828 3.71378660202
1478185735631 lifecam22 2069.828125 5821.17675781 3.70958685875
1478185735698 lifecam22 2064.27587891 5827.30078125 3.70365571976
1478185735773 lifecam22 2060.31079102 5831.88330078 3.69757866859
1478185735822 lifecam22 2055.59765625 5837.50732422 3.69461870193
1478185736106 lifecam22 2037.88415527 5858.27929688 3.6816110611
1478185736168 lifecam22 2033.27160645 5863.76904297 3.67718744278
1478185736233 lifecam22 2029.58117676 5869.22314453 3.67348957062
1478185736315 lifecam22 2025.76159668 5874.02392578 3.66987729073
1478185736363 lifecam22 2021.34387207 5879.86279297 3.66517353058
1478185736638 lifecam22 2004.11047363 5901.8515625 3.64529871941
1478185736690 lifecam22 1999.19592285 5907.24707031 3.63906049728
1478185736770 lifecam22 1995.0255127 5912.97119141 3.62991046906
1478185736835 lifecam22 1990.97766113 5918.66064453 3.62604856491
1478185736889 lifecam22 1987.90515137 5923.83837891 3.62363529205
1478185737224 lifecam22 1966.40820312 5952.69335938 3.60008859634
1478185737302 lifecam22 1962.7479248 5957.83691406 3.59711456299
1478185737374 lifecam22 1958.1072998 5964.44335938 3.58797454834
1478185737443 lifecam22 1952.79956055 5970.09814453 3.57498073578
1478185737503 lifecam22 1948.44433594 5975.88720703 3.57149505615
1478185737713 lifecam22 1936.63806152 5992.50195312 3.55682897568
1478185737776 lifecam22 1934.1965332 5998.39648438 3.55898523331
1478185737826 lifecam22 1930.06347656 6004.51171875 3.55181980133
1478185737898 lifecam22 1926.13012695 6010.52392578 3.54756975174
1478185737968 lifecam22 1928.44384766 6011.12939453 3.56404781342
1478185738308 lifecam22 1928.94287109 6009.75146484 3.56133937836
1478185738367 lifecam22 1928.84680176 6009.49755859 3.56077098846
